416
388
411
256
NIE
91
125
200
660
601
748
497
773
868
928
91
872
297
776
979
65
476
824
319
13
438
NIE
872
730
846
209
489
563
473
68
517
564
55
175
533
656
820
961
218
497
609
160
323
143
353
690
670
788
516
398
950
205
689
182
722
605
369
431
454
127
924
240
472
438
442
993
117
75
218
20
495
364
893
669
105
817
252
60
NIE
173
565
953
779
243
NIE
207
359
983
932
635
253
820
318
42
67
686
286
687
62
249
172
720
944
865
150
673
732
702
979
176
865
907
759
68
327
548
426
470
815
329
197
70
37
239
115
86
13
453
137
838
864
565
772
342
584
498
238
66
775
100
505
89
880
425
288
NIE
542
411
972
86
156
135
821
709
903
677
234
874
325
969
1000
133
386
451
233
262
875
389
865
814
289
198
208
455
462
124
9
221
851
893
715
177
918
903
81
26
NIE
794
928
399
401
163
7
722
751
993
835
139
536
929
480
NIE
454
337
222
642
773
13
399
561
268
157
838
697
373
792
447
864
630
279
