2
NIE
1
4
2
2
2
NIE
3
2
4
NIE
1
NIE
3
NIE
2
2
NIE
2
4
1
2
9
2
2
2
2
2
2
2
2
NIE
2
1
2
NIE
2
4
1
2
2
1
2
2
1
2
2
2
4
2
1
NIE
9
9
2
2
1
2
NIE
NIE
2
3
NIE
2
2
NIE
NIE
7
2
1
2
2
NIE
4
2
4
2
2
NIE
2
2
NIE
2
2
NIE
NIE
NIE
NIE
2
2
NIE
2
4
7
2
NIE
2
2
4
2
1
1
2
4
4
NIE
NIE
2
3
1
9
7
4
NIE
1
2
2
2
2
2
2
2
NIE
2
NIE
2
2
NIE
NIE
2
4
2
NIE
NIE
10
6
7
2
2
NIE
2
2
8
NIE
NIE
1
2
2
2
2
3
1
2
2
1
2
NIE
2
4
NIE
2
9
2
2
9
2
NIE
2
2
2
NIE
NIE
2
NIE
7
NIE
10
2
2
9
2
NIE
NIE
2
2
10
2
2
4
NIE
2
NIE
2
2
2
10
2
3
2
2
2
4
2
2
1
NIE
2
NIE
2
7
NIE
2
NIE
NIE
2
NIE
2
7
NIE
2
1
NIE
2
1
3
2
2
2
1
NIE
2
2
7
NIE
4
NIE
1
4
2
4
4
1
9
3
10
10
4
2
NIE
2
4
1
2
2
1
10
2
NIE
1
NIE
2
2
NIE
2
4
2
NIE
2
NIE
2
4
2
2
2
10
4
2
NIE
2
2
4
3
1
2
4
1
NIE
4
2
2
2
2
7
4
4
2
2
2
NIE
2
10
2
NIE
2
2
NIE
1
2
2
2
NIE
2
10
1
2
4
2
4
2
2
2
NIE
NIE
1
NIE
NIE
2
2
2
2
4
2
