6545
834
2426
736
582
3916
1215
153
6880
2943
4720
4249
2344
6508
4545
102
1968
1226
2808
1436
6001
669
402
3692
9391
4366
4564
4156
7741
2647
3201
5660
40
847
6366
1757
2816
4129
7050
2850
1516
7576
9165
7925
6715
2485
5747
1028
2042
1496
5250
7420
3681
6430
471
9948
7934
6624
9066
7390
4557
5116
5787
3637
4053
1387
7909
1801
2408
4034
1642
812
5651
10214
2264
1423
104
626
4633
556
1228
2875
4398
6907
349
867
1774
6312
7718
4875
4382
2529
4009
5881
2292
1049
2881
6495
429
6252
6819
5732
945
7789
8950
4922
6696
2438
1994
3830
8542
5682
7473
3798
1879
1413
2294
3173
5163
1251
3356
3259
2612
6410
7909
5055
3491
4961
3334
4030
7121
4921
1146
9460
174
480
6239
1669
1749
5795
4114
4736
6417
385
4550
6586
3773
9253
2341
2893
9866
5871
4863
5850
4924
6067
3824
25
6655
6
576
4657
7224
2490
1980
6089
2838
5463
756
7798
479
2624
5702
2951
4932
3227
2325
5987
5380
4823
5092
1937
580
562
3269
5865
1031
7116
10456
2460
771
297
6935
5231
5271
721
8618
1765
2967
8474
520
2306
2433
1092
2496
3152
3554
7798
4261
6185
208
3136
7809
963
4987
4182
8780
5525
5135
267
1234
1817
1501
3055
634
11284
2548
2241
5003
1925
2660
616
2253
7027
3813
595
4351
7198
7450
313
402
3946
3456
7044
1798
3921
5413
4399
8555
7086
4920
4154
4157
3274
4551
3270
760
6801
326
6123
1756
298
1370
2205
1430
1806
2936
5288
4223
498
7227
2436
6970
1154
770
2912
8216
4770
308
1876
2124
6557
7054
296
2161
5791
8543
1429
1324
6946
3637
7379
6912
1795
2013
6655
2864
1620
6417
4994
8430
2948
7435
5486
637
6009
3271
8015
272
9360
2451
853
5465
6171
6043
3366
3309
3216
1267
2505
1449
1882
6469
7931
3995
3594
424
6532
6230
911
8331
1758
3799
1024
669
7076
5182
2020
620
5000
5926
113
6115
313
5402
640
4609
7544
1823
416
589
3515
2309
825
5573
5840
1143
261
4237
2594
1688
7339
7106
2446
7814
4601
3997
532
4166
9031
3720
1467
1541
4028
231
8306
452
2294
10
5636
5053
1624
3932
5162
1617
133
2807
496
2129
1941
561
7018
1624
137
4515
7396
7226
223
8358
1217
8083
7924
7516
3698
416
4919
1776
623
1696
9665
9014
8228
5364
4647
5781
558
4588
2081
762
2661
5430
6478
1115
582
1718
5217
497
716
5341
6780
9756
353
4815
130
3045
573
7227
3293
3125
3685
7376
1831
6501
5692
7203
7164
2122
6531
5646
6471
486
2993
3174
1908
4060
8352
177
8780
1447
1959
2343
4951
385
4149
905
4934
1585
7692
326
2496
2238
3496
5103
6982
8399
1261
3779
5589
5285
1287
6346
4724
6782
8374
5639
4479
354
4072
5896
5701
6601
261
5774
1742
1602
2343
1205
766
1199
2465
