3
3
2
9
8
1
1
1
2
8
2
2
2
3
2
NIE
3
1
1
1
1
8
1
1
8
2
2
2
8
1
2
2
1
2
1
2
1
3
1
2
8
2
1
1
1
2
1
3
1
1
2
2
2
2
1
2
1
2
3
NIE
2
1
2
8
1
2
1
2
2
1
9
1
2
2
1
1
2
1
2
1
1
2
1
2
8
1
NIE
2
3
2
2
1
2
2
1
1
2
2
1
8
1
3
2
2
2
2
NIE
2
1
2
1
1
2
1
1
1
9
2
1
1
1
1
2
2
1
1
1
2
1
1
2
2
1
NIE
1
2
2
2
1
3
1
1
2
1
1
1
2
1
3
1
2
1
2
1
1
1
1
1
2
NIE
2
1
2
2
NIE
1
3
1
2
2
1
1
1
2
1
1
2
2
1
1
1
2
2
2
NIE
3
1
2
1
2
2
1
1
2
3
2
2
1
2
2
2
1
8
2
2
3
2
1
2
1
1
1
1
NIE
2
2
1
3
2
11
2
2
8
3
3
1
1
2
2
2
1
2
1
NIE
1
1
2
2
2
1
2
1
1
1
1
1
3
2
NIE
2
2
2
1
2
1
NIE
1
2
2
2
2
NIE
2
3
1
1
8
2
1
1
9
1
1
2
1
1
1
8
1
9
2
2
NIE
2
2
2
2
2
1
1
2
2
2
2
2
2
3
2
1
1
1
2
1
1
1
1
2
1
2
1
1
1
1
3
3
8
1
1
1
3
2
1
2
1
2
1
2
1
2
3
2
2
1
