687
24
NIE
NIE
960
858
142
380
NIE
544
301
NIE
483
848
190
NIE
385
NIE
896
NIE
407
784
195
168
953
168
NIE
NIE
NIE
NIE
NIE
660
211
561
337
839
NIE
NIE
NIE
NIE
195
848
156
284
NIE
NIE
NIE
549
657
517
357
156
713
848
837
125
599
921
NIE
703
615
NIE
NIE
903
986
878
413
692
839
282
167
194
413
NIE
NIE
NIE
266
71
328
701
197
393
701
NIE
332
851
766
NIE
NIE
69
125
982
NIE
NIE
863
917
NIE
376
NIE
407
504
694
20
NIE
NIE
819
234
296
NIE
NIE
641
847
863
878
759
947
960
NIE
NIE
664
334
306
561
NIE
NIE
839
324
NIE
NIE
NIE
NIE
NIE
731
NIE
NIE
NIE
598
989
609
110
224
NIE
282
495
NIE
143
672
NIE
NIE
NIE
NIE
871
197
152
NIE
710
578
NIE
NIE
172
759
NIE
39
315
708
NIE
863
168
982
827
14
366
NIE
NIE
NIE
NIE
3
575
NIE
422
NIE
293
NIE
NIE
760
236
647
847
NIE
145
694
736
224
NIE
791
434
NIE
801
NIE
407
NIE
750
612
NIE
221
622
952
NIE
NIE
NIE
440
375
468
995
221
207
548
NIE
586
403
827
NIE
301
927
83
197
724
119
NIE
414
NIE
983
901
NIE
NIE
940
83
586
37
NIE
887
22
126
598
NIE
933
574
NIE
503
126
548
NIE
770
NIE
931
220
NIE
NIE
3
NIE
112
56
694
NIE
770
724
NIE
150
NIE
555
964
539
165
NIE
NIE
143
NIE
669
806
873
NIE
551
28
688
422
56
NIE
NIE
873
90
995
NIE
586
370
273
63
NIE
NIE
NIE
146
785
643
969
931
85
657
873
909
NIE
NIE
NIE
NIE
966
NIE
NIE
995
NIE
NIE
NIE
713
NIE
273
438
NIE
634
NIE
561
NIE
308
417
369
NIE
NIE
323
700
805
124
598
856
820
NIE
503
39
615
323
816
156
661
789
NIE
569
983
NIE
846
626
707
NIE
774
NIE
365
136
399
NIE
NIE
748
995
205
723
67
938
826
966
NIE
839
923
258
NIE
NIE
NIE
207
282
NIE
362
300
NIE
973
10
114
NIE
NIE
129
133
794
229
NIE
700
NIE
815
39
647
458
NIE
NIE
NIE
NIE
NIE
836
755
988
56
67
NIE
273
917
729
NIE
739
363
700
276
NIE
265
305
NIE
550
646
103
387
811
NIE
736
344
NIE
NIE
895
252
478
879
778
NIE
101
883
41
547
696
938
NIE
NIE
54
NIE
NIE
NIE
980
473
450
153
183
470
NIE
723
516
140
895
806
122
NIE
NIE
744
NIE
50
878
624
938
NIE
379
80
NIE
620
702
524
NIE
772
NIE
NIE
NIE
NIE
443
796
NIE
461
65
871
NIE
262
NIE
318
524
482
NIE
103
569
687
NIE
NIE
21
NIE
634
NIE
24
NIE
945
NIE
NIE
739
NIE
214
NIE
NIE
NIE
NIE
914
53
NIE
NIE
NIE
NIE
NIE
538
NIE
NIE
387
NIE
521
205
628
389
162
512
431
34
43
101
NIE
NIE
NIE
NIE
NIE
839
925
NIE
992
276
544
720
978
236
970
338
381
NIE
966
502
498
476
NIE
785
NIE
420
NIE
959
325
770
846
410
NIE
NIE
NIE
523
711
NIE
NIE
168
NIE
285
361
410
943
573
544
938
320
555
NIE
473
NIE
NIE
NIE
NIE
450
NIE
NIE
NIE
101
470
NIE
NIE
636
393
732
258
371
814
436
NIE
557
459
NIE
NIE
426
829
NIE
NIE
581
197
NIE
168
209
NIE
124
930
NIE
209
657
466
611
NIE
324
198
783
111
732
NIE
NIE
101
832
NIE
807
127
995
NIE
557
563
998
340
NIE
636
747
972
NIE
202
NIE
524
621
NIE
NIE
NIE
NIE
NIE
NIE
119
880
NIE
531
NIE
144
432
182
391
440
521
820
624
568
NIE
NIE
820
NIE
NIE
492
376
NIE
101
510
228
NIE
NIE
176
478
528
NIE
750
982
NIE
NIE
254
348
294
939
710
398
621
577
345
NIE
896
NIE
282
847
294
739
NIE
NIE
374
NIE
142
NIE
683
142
803
158
700
478
NIE
691
998
NIE
748
534
44
803
450
766
258
NIE
653
912
379
NIE
296
721
