16794
10278
13759
5347
5372
16289
5102
15217
301
14938
14604
8132
9641
3991
5443
5323
12505
16644
9879
13870
13864
2828
4093
17652
13258
6750
13307
18335
10976
7543
6799
16576
19308
16329
861
13977
4550
5549
11135
8379
8464
7542
13884
11947
518
14302
12848
13364
12784
14712
9460
3109
16164
19491
2232
19286
3856
9101
15467
5756
819
5416
2436
4317
13472
15871
9143
4067
12188
18904
8063
4818
8836
8609
14169
15624
13916
3268
17991
3624
16381
16245
11611
20002
9600
5885
1860
14130
12841
4583
13317
9495
9480
9770
5607
7886
6005
11771
17221
13988
13039
20530
9732
17697
18598
1780
8987
3416
14480
10418
20782
12199
4179
6990
9667
20898
7134
18381
13547
17586
19274
11553
7973
16618
12420
11571
4350
20757
20206
9462
9401
17558
16015
8499
6548
7844
9027
8356
2219
16763
13788
3865
10938
2008
13505
18199
10476
7258
5973
12449
7617
20800
11350
3044
4147
11957
12014
8699
10463
4528
15264
18443
5537
8016
18453
4959
8659
10837
17594
14587
8122
16358
7551
11484
5974
16339
9998
3530
8976
8458
9113
3289
13722
3084
14605
13269
11091
10222
14128
12368
7757
14328
2207
13050
18694
21287
16244
17187
2804
16454
2154
6120
18786
16346
17356
2399
10946
10524
13728
6665
17466
9254
22011
15696
7923
2860
15839
14964
22182
13121
2824
15372
20918
7395
18168
5173
19313
13997
9102
8883
9690
11056
4518
15112
16367
12094
5666
5063
18784
12331
8124
6164
17078
8405
18114
4294
10444
20207
14311
15489
16200
14805
13677
7701
5972
6991
5248
6689
13184
5617
10552
16529
5680
21554
19030
6192
20225
7354
10493
9266
14488
10684
18469
3146
19041
15860
15654
15497
7484
4545
18001
14074
22155
20301
17204
18480
11419
8161
17701
12074
16389
14854
10303
10487
6664
3972
15989
22071
20402
18186
19153
21087
12806
18998
6067
6175
7826
21781
3256
6145
5656
11662
13800
10476
4325
7146
6044
5825
6008
15668
9448
20769
13461
6332
12919
7041
17723
15528
5763
3680
7136
13869
10791
19669
23302
7797
18975
22685
3558
13044
3621
17990
19465
5349
14653
9367
23361
22087
19824
16167
22261
11914
16344
6110
4828
8633
13173
19850
8406
13944
8330
20655
13468
16316
12555
18112
7981
12033
14445
7646
23579
11989
7514
21772
21417
8133
7532
10080
9410
7987
21456
12347
8196
16009
19858
17978
8534
5406
16370
14363
19228
4224
15526
14515
5884
18185
18720
7065
12406
11767
21233
19873
21934
13578
8613
20511
4318
19999
15189
14091
13245
22788
7094
8598
10729
20792
11049
21692
14723
11587
14843
11109
7487
18987
18667
18007
17799
12413
17245
5968
15422
8462
12159
4393
6966
12227
15595
6607
13922
22615
16239
22320
8716
18714
17990
13790
23714
12609
24320
19820
23152
23709
16856
14430
14400
6138
10746
10494
20934
8839
6242
20822
18744
21202
23906
24224
23302
5950
15262
13839
8406
8034
20798
10983
8488
24180
19929
16779
13566
15448
16484
5924
15633
5835
16757
6523
12157
16847
21783
5936
7690
22329
14527
8202
24050
15244
19374
16320
19168
22599
20254
15892
24618
16550
22056
19167
7860
22035
16833
12034
10263
16805
21547
16805
10729
8721
15891
24375
8796
16073
19318
22927
22314
8140
22866
24097
23164
14484
7445
17760
7821
6316
20105
9095
5596
9463
13167
8505
13682
17732
9440
15284
20201
22319
9611
11466
21035
20049
21564
22302
19647
6758
15913
14510
22461
14688
24391
15996
11792
10219
13446
21314
23455
16521
23700
9037
18743
19154
13259
16445
24082
23044
23612
9622
8777
24228
18958
14631
16946
24643
16759
11062
18002
18648
15465
17420
22219
9117
19428
6050
17688
15007
21105
8535
22929
11902
16284
12442
10389
13803
13019
11687
24623
14099
12769
22688
14014
12153
8142
17278
16981
8074
13161
12034
13577
18130
16772
9915
18969
6437
24846
8118
13814
21183
8513
13821
15845
20498
15299
18248
8659
8769
11589
7453
9276
21240
22423
21663
14636
20835
11393
14316
19827
15636
9980
14116
15748
14596
19888
18752
8035
16625
7593
14213
25994
26549
9168
10282
10533
9868
7228
7110
7350
14142
14670
16957
15341
13262
24522
15142
9662
20778
16109
12899
13940
8826
14124
26355
20294
25691
23041
8969
23335
12126
8575
7480
10109
11147
7568
16354
12985
18711
14292
11713
25399
14935
10276
20193
11859
14324
8590
25641
11970
11895
17195
26640
24742
26915
25501
14025
7156
8107
8665
10376
8817
7916
20503
10350
24898
9368
25572
13097
10308
18666
8107
18216
20459
14000
20032
19125
12699
20113
15306
17572
16525
15861
25875
23978
27110
9887
17323
7674
27403
19585
22615
19861
7959
26691
12993
18949
26968
8063
21133
9870
19665
23970
11823
21608
17319
8154
20861
27271
10023
10843
21922
23388
23850
13418
10880
12229
21602
21412
12254
20982
24138
9477
23938
15657
16919
16302
14440
22808
8080
24666
17067
15727
17568
22556
24050
26163
12857
11866
8474
17524
27324
9657
8450
27427
11960
21255
17422
12688
21806
8736
8363
19940
20242
25327
20280
17933
26406
23872
27015
21852
14858
9798
11394
17383
28181
10642
24819
13563
20619
27738
14728
9056
9709
10840
13781
27892
13878
13626
23756
14565
17984
15312
19597
23048
15664
22833
16158
22243
11860
15257
20673
8874
11874
15978
11350
26166
21148
18160
21925
18522
24625
22508
23738
20408
15668
17836
18789
23932
25949
25588
23373
16332
18139
11769
13679
23282
16596
17017
13408
22082
11314
23773
16891
22851
26427
18296
24899
22759
25005
15059
11067
28523
22190
15453
15158
23883
26076
15196
18043
11104
21719
17432
24351
21680
15582
25614
23885
25671
22733
15888
21636
28402
20850
20983
11719
23643
17520
16054
11736
19699
21373
15301
18030
17428
24007
26450
23920
9727
18520
16587
13806
10875
10194
29072
23751
25065
12016
27121
26317
27975
13673
21939
9376
27633
24035
28247
21075
11004
23710
17838
28794
13006
12607
18111
14914
22262
24654
21849
27573
28006
28420
23210
18643
23103
11553
10504
16963
9648
10455
16061
27065
19699
29070
18811
29642
15327
12465
17603
20373
17595
25297
17245
28159
22481
11509
26848
10654
25638
22396
19283
24077
29326
12239
14951
24707
12905
22077
19790
19450
28008
22331
24535
21104
26420
13232
18999
11231
24424
22330
21406
17559
13493
23795
16838
27891
28559
18922
16410
23624
10830
24240
23157
10489
14877
19331
20180
13647
19749
22108
12194
25440
29184
28009
18776
22729
24802
18472
16878
26881
13657
11593
20795
21587
16230
27191
30284
18151
19349
23217
22097
25929
19358
25925
24331
26600
22828
21884
29391
20649
19744
25210
28168
29621
11738
15678
19754
12208
22265
11526
13875
21025
17877
11575
11041
14652
23928
16739
22038
25872
25272
22178
13178
25874
19159
22448
14559
23956
16823
27935
26890
17670
28687
25231
17071
27061
13529
29974
20698
20994
15912
27857
16945
23199
12436
18595
18369
30259
15853
27971
22968
29846
23519
13038
17939
15924
26925
13480
12152
23763
11278
16915
22804
12941
20426
18755
18546
28139
27999
20277
13507
11606
16672
22248
16997
31254
15865
29124
22146
19434
25291
14812
21127
20532
27037
13244
23093
21777
24578
24648
29013
23881
28343
23088
26307
16765
17098
24695
24859
24634
23103
15588
13087
22277
26340
30773
29140
17761
30309
17832
26475
13832
17321
17387
26292
20763
25837
13215
17778
12321
21448
30463
28905
23019
30816
21856
28400
21515
21232
26368
29772
30934
15560
15391
12082
12530
22369
29589
18105
19279
17681
16495
22050
18636
29113
16883
15660
15121
27633
30802
19412
20033
20064
15897
24984
22155
28889
29930
23911
28472
25388
14999
16148
22709
12786
14926
27955
20083
25985
17430
16518
29063
16775
24761
19224
29144
22133
12580
29502
16476
23347
20406
21968
18677
24537
23479
23947
27082
17103
27340
30078
18084
25684
21461
29991
17803
18773
15171
31208
27278
22912
15313
20690
22861
20511
13261
30507
30954
15407
23985
20054
18291
30562
30206
27462
23295
15039
17683
27795
15812
15739
28470
22523
16202
32552
16184
31098
17923
16777
25894
31536
17914
24765
15310
13577
26127
25568
30492
21450
24350
21097
14078
29148
13475
25346
31656
16860
24399
15579
19279
30888
14111
19873
25804
32131
18351
21141
14473
15403
29445
30265
31351
32308
30109
15290
31055
16772
16832
17413
16150
15617
29552
31335
18994
15400
27834
18713
26607
21958
25037
31402
27661
17967
21764
17919
28773
14314
15891
16515
28480
13471
22765
21070
26325
22822
29378
32153
16753
22005
30652
31129
24241
17514
24580
23801
22562
17600
19324
17758
22894
19670
15628
15263
30584
27839
27751
22929
32820
31524
18898
28134
26927
32254
25981
18937
28858
19721
21359
27718
19518
16884
16392
19210
31166
21315
31298
14803
29646
28724
21606
22188
32876
21984
18533
29464
29257
28475
25106
22515
22909
26626
22487
26661
20293
28060
28118
29389
17276
33817
27392
30903
26727
14868
16973
33812
33429
34040
31858
21575
21514
26013
17815
27017
28387
17760
20930
26089
15803
27948
24504
33122
32142
32577
32324
19325
20402
33822
32914
15922
21719
26550
17042
28784
33986
31790
33905
24278
19394
16800
30775
26608
32835
18198
29820
28586
28082
32352
21435
31342
24391
27172
33132
22945
22119
21888
22209
19531
31130
32799
15096
27668
28509
15728
32974
29273
34215
26913
34432
28731
25278
15056
26130
15904
17860
20439
15526
34510
16256
34495
28593
21914
29303
18273
17661
21458
15059
21773
27981
29437
16222
34738
30128
34682
19480
25508
31434
22680
23200
29005
24597
25065
33189
15990
32703
19942
16515
26883
29002
27812
31702
16208
21500
33216
26553
28067
16914
24582
21887
22997
27846
19210
28260
20654
25571
25960
23140
30336
34690
26459
27829
34878
32067
29558
21968
33305
21576
17193
33239
31598
30481
23347
18748
19725
26628
24132
33802
26939
17038
34097
26323
31494
17773
16677
24847
23360
31639
20931
29245
22474
27806
33156
18688
26026
28414
35532
32825
28030
23900
28016
31106
30295
19941
18134
32250
19067
31370
26127
28325
19760
21246
26925
25551
20018
31039
20952
16171
31807
30829
35105
23243
28365
23227
26213
34302
19656
29174
28694
19456
27364
22284
25542
35977
19131
16670
33428
17407
24419
32436
30354
29825
20825
19699
30455
16795
25897
29305
31155
24806
20046
29868
32246
19881
18031
17536
32599
16650
34333
27371
18680
27296
31172
33370
33199
22460
16660
18978
20712
20938
16943
24886
32295
21359
32569
33977
17960
29675
22411
36548
26297
32795
32617
17277
18326
17453
19517
19646
26269
26597
34211
19383
22217
22914
25023
34203
36430
30644
31011
20750
28995
18562
20818
17508
36732
17532
22873
27857
25667
24176
27021
34684
29411
23650
29815
18482
27630
31236
19715
30108
30353
23708
18451
31840
28010
31287
26780
20733
26006
25324
35825
19967
21795
33807
17172
23806
23686
37166
34438
27146
18513
19542
23256
32341
35141
23607
20174
36755
36120
34678
32083
20175
35353
21636
34348
26414
34250
26659
19399
24299
18442
24441
35285
28961
24383
27876
17550
32591
26082
18862
31257
26935
25377
33673
28161
20276
27619
32731
34417
23244
32182
21055
20721
35199
21710
18442
27317
35057
21844
37101
30133
30602
26395
20205
32020
29926
21724
20181
24446
34214
31862
28037
29773
28432
19330
20988
35483
30378
30579
29275
26517
34601
21324
34990
35842
26092
28406
36397
35845
26455
23977
37284
31844
18425
18909
19350
21737
20549
32174
22026
26321
31237
37105
29301
21741
18439
24318
31798
29654
35510
27432
22118
31677
18808
30586
25746
24721
36203
20399
27713
19253
31928
35897
31852
33382
25424
26956
19124
35825
35269
31938
37824
32626
25078
31036
33030
30565
35128
33699
19333
30936
31561
31849
20498
35156
20050
28163
18980
37214
27219
33912
36435
21184
34091
36356
29540
34834
24172
34521
29331
27518
34009
19906
24788
26463
23321
20257
31056
22738
28724
37873
32685
25955
33107
38349
34917
23426
19297
37967
22904
32462
32437
26626
21630
22923
25810
19071
22785
33074
36018
27473
29050
23349
23142
33852
23770
30943
26368
37680
31398
38640
31935
35575
31164
29674
33355
23441
25008
24338
25145
23382
30693
35292
22301
29134
23104
34523
21677
37841
34685
25347
32448
24151
29310
24271
22878
23163
38956
31001
25367
27024
20457
28841
35519
36798
29591
32309
24824
39420
33397
22584
35435
39231
34732
21275
30903
20573
33236
37777
35932
37246
20674
22881
32940
36241
21882
31233
29090
22155
21812
22019
27943
34751
34509
27997
38483
24584
34141
23692
30616
35929
31726
36507
23892
33463
33528
22089
33535
20180
33542
27569
24552
24408
28896
29818
36848
21757
20287
22595
34821
39193
37600
30824
39146
26498
22096
31672
35225
39054
24744
29265
26149
29539
28507
24409
31106
35920
22784
23510
27651
27207
29037
28239
26225
22913
30931
28645
39763
32152
24418
39178
36597
38484
26860
27048
38059
30662
32007
34701
28891
22216
39894
38810
33324
37962
39430
24915
25279
39033
29326
34312
30676
21986
37239
22859
37618
33143
20908
25765
28475
25151
23378
21698
37716
30683
31936
31695
27554
38005
32727
28204
35084
31706
40370
29442
22217
34232
37451
34198
22745
25358
24421
24111
21147
24798
35076
31251
40221
34676
26031
32393
32865
34166
23753
34095
27151
27907
30443
36934
38238
33260
34250
37463
29420
25401
23280
25086
21861
26110
36826
34698
41082
34999
21533
24656
40257
25906
21969
38273
37328
34372
35288
39204
40127
22861
39230
28131
32583
35536
22129
33297
26025
29516
34153
22488
28096
24106
29263
39370
25162
38501
26282
38910
27460
33016
36616
22334
38181
28654
36412
29454
30051
31647
40648
30883
37051
36548
41576
39380
26281
39756
33006
31080
23676
26843
35983
41482
37011
21987
38343
38078
33299
36265
33279
33843
34633
41422
31092
27509
22050
33627
40711
22062
30631
40927
22416
31275
26101
34716
34590
31650
36837
26148
29585
23514
22811
32094
23392
39340
32644
36014
32371
32637
38896
36636
25159
37255
23674
22681
24044
28775
27838
41722
37073
40687
25695
33217
28656
24586
34252
26668
28171
23376
38963
40792
31854
33711
32149
26731
32649
35277
23141
29772
35422
33515
31787
23016
31745
24142
31258
36174
23616
41026
24127
23698
26439
32111
30326
29770
33016
30266
33112
32987
40568
23360
25960
32589
24752
25631
23489
37602
39058
37307
34565
25449
30764
31517
32497
38298
26035
30027
26357
25680
36457
29632
23208
25501
41639
23088
32843
31312
35483
40220
24731
29835
39774
29984
40464
39147
27928
32409
42297
30446
27193
26901
32283
27021
28047
31980
32216
32105
42208
26670
28534
40179
24734
41036
33558
37426
37987
40500
35028
28453
24099
42816
42997
41028
39961
34024
30529
30498
42606
37168
28675
37638
31499
35276
38210
39926
40725
34464
35963
38016
37438
25048
35415
39502
28555
33398
31540
28009
36180
39778
35140
37738
30905
37824
29813
25188
36864
41212
30622
37917
34456
24509
24937
32604
36062
42522
34367
32093
26047
35713
28165
43120
43060
28220
28095
30575
42259
29832
36446
36795
26294
43094
40780
29703
31768
39805
33154
40425
27226
31740
25439
25539
27100
30761
25043
28990
37765
37214
40637
39683
32155
37807
30624
25849
31906
26615
39160
31933
25486
32545
27071
25443
36195
39699
27213
30318
31379
43079
39387
38968
30556
26025
24366
31094
30537
27385
29057
41175
37578
39261
32076
34427
33813
27111
32408
34122
35643
31600
28622
34772
43934
33007
41126
27428
39335
27617
27789
25516
35306
39547
30614
26062
37507
44200
26332
29458
29756
27439
42522
29044
43974
32438
29698
44094
39436
38633
29698
33684
41530
32386
40777
42116
32066
41515
41256
29567
41394
32397
28788
34292
40143
30422
37408
43080
41159
26549
35099
39633
40638
32430
29124
41958
30491
39735
33292
26402
34690
27366
29169
25021
30421
31203
34549
32703
39409
25944
33200
26177
40256
27662
45014
43166
33344
41267
36726
39848
37973
35453
44217
36766
31857
27521
30791
28883
28360
39532
26981
37054
28096
30485
33902
30252
44447
37596
28832
27199
39239
43290
38009
37407
30455
40777
43209
25866
33725
34561
36200
37652
44040
34430
28257
37096
44889
41763
39569
39532
38429
29162
44236
41717
42321
33349
44862
32932
30407
39687
38601
43118
33846
40949
40010
33050
28286
32652
38963
44868
29207
43175
29091
39805
37732
35315
37802
42350
35741
30707
34571
33852
37488
39346
28062
38349
35181
28532
26320
43034
36593
29148
41901
35160
40536
45010
31647
43412
32842
43458
38443
33902
34712
35512
37072
31346
30958
26770
36783
42975
29992
41352
43016
40050
37991
30536
34670
34237
32098
33178
29972
32277
46152
31534
39062
31512
34607
26834
30506
35745
37678
27535
33476
42645
29587
43912
33147
38268
39997
42539
33296
38978
43651
34618
38971
36989
27805
26517
28645
30674
33511
42636
28659
33433
31488
30262
44309
39952
38065
31517
29422
34778
33973
39912
34095
33830
33379
43931
44746
41255
29379
35210
43573
43388
26958
28736
43814
32204
37377
38617
33794
36404
38118
30473
39970
27985
40829
46159
30918
31718
32121
29157
31871
37797
40871
31734
34154
41303
39907
38635
40273
28289
43875
46607
45878
35036
31728
32331
35467
39137
29120
33312
28098
41003
43180
39826
32319
44512
37011
39079
46251
27674
30210
28374
39482
29625
45842
42480
45723
45174
31139
30733
42930
36834
38308
43604
41181
33261
31571
46523
45845
42446
37094
47013
27765
44439
40138
44264
29368
32392
46222
41274
41627
34377
37986
34216
31807
40393
32486
45924
29138
35870
44090
30827
42504
31207
29336
32563
46677
46269
43407
37933
39840
30486
39012
31593
35563
36978
30481
35215
43989
34362
33302
35847
31004
32297
44364
45818
47027
41057
36163
28085
29752
29454
33491
38137
35435
40042
45818
35338
30109
31238
34799
42449
45753
31486
36307
46728
30373
34331
34930
47634
31950
43728
33346
41120
34454
36473
46464
40289
41491
39688
42947
37888
30688
40629
31450
28472
41373
28546
35104
42997
29406
34786
37676
39169
39681
39816
40741
41779
44828
39420
32303
34834
33928
44134
40863
30420
46780
32434
46708
33619
39119
46893
38993
45612
41683
31834
30500
31840
29641
45491
33569
33790
37856
46467
32244
42255
34955
32951
44926
40213
40877
35055
42482
42993
38531
43331
36293
44554
46847
46710
36211
34897
32136
31671
39190
40768
29712
35352
30250
45622
43592
35440
30558
46006
48410
46347
34103
41646
40190
37294
47027
45697
45942
48250
46130
47144
44982
48729
39168
41574
47168
35652
42010
35195
39185
39794
31899
32958
47586
29405
35792
44769
36630
39098
47187
38362
40762
38866
48433
29614
40256
38445
36572
32991
38855
41716
36970
48860
48555
39636
33660
42730
49186
45121
36440
41779
35938
45828
34720
37142
44913
29951
40123
40315
30972
31447
37979
41367
46871
40165
43934
45299
42361
46378
44179
34627
47635
40616
47102
45411
32072
44813
43071
31691
36916
31227
36964
34512
41545
41751
31819
48608
34707
46349
44008
32710
33088
32680
31327
45868
33299
36636
43012
39351
39075
42859
NIE
39829
43787
46117
NIE
37480
36354
33924
30770
41465
NIE
48658
30866
48736
43476
39433
NIE
46117
30434
40164
43214
41435
42237
39512
37138
49020
31785
36943
40574
37756
38048
49136
36239
31433
NIE
40210
42257
35103
34396
40030
47460
47235
41483
32479
47828
36955
35574
35300
35040
46940
39016
41296
46026
35706
34483
39196
38922
31733
46523
35510
44860
35989
47506
44183
48992
37420
32923
39245
45171
48801
45393
40571
43123
41906
36905
41480
40894
34513
38040
33597
34724
32145
41769
41583
NIE
48349
40039
31162
31884
49356
37720
48301
37455
NIE
37176
NIE
42274
34492
36976
33252
35264
36759
47212
37784
42880
41861
34738
31645
35493
NIE
38292
NIE
40654
34371
NIE
49269
48824
NIE
35793
38704
39251
44824
46089
37055
NIE
36587
43974
NIE
34819
45166
32543
46662
44928
44103
37833
33045
40205
36404
NIE
48532
49202
46570
41876
48126
NIE
46887
36432
32014
37330
38383
33435
35044
35285
48437
43846
36065
46791
46352
NIE
NIE
48549
39482
39122
49175
48758
NIE
33529
41976
35914
33693
47097
46798
43657
40810
48321
49091
36603
33420
45021
45179
40943
NIE
39700
38085
38784
34167
44126
38458
38896
37881
37401
37076
47619
43693
34016
45585
36486
44901
48127
34548
42470
40382
40609
40848
44750
36609
44141
44108
38799
37087
43708
43557
43833
36786
43239
37708
40849
42055
37387
38596
36657
NIE
48416
38966
39717
NIE
49210
48291
45760
45857
36799
48025
35932
34033
NIE
35023
45446
NIE
47680
43761
36778
35353
39535
41423
48878
35121
37665
40977
41330
NIE
49379
46163
42197
NIE
33955
44421
42439
45261
46345
46207
38553
42370
NIE
39528
41063
40009
36546
37514
NIE
36237
40908
38014
34233
49329
NIE
33792
37674
34632
34181
32813
48040
44275
34648
35780
47368
41138
41574
NIE
NIE
41526
NIE
41245
34952
35210
41266
33764
44374
42132
35174
36735
38931
45515
46505
44552
45791
41723
33232
36289
45250
35134
49226
NIE
NIE
46637
NIE
43619
NIE
47674
41528
40127
38460
44016
36789
45915
44868
40838
41335
41328
48799
46728
35734
38198
40360
40435
43039
40520
39325
49076
46620
34845
42086
47185
43175
NIE
NIE
45826
39525
NIE
37392
45751
46651
NIE
38800
NIE
45915
34248
49266
41003
39720
45717
NIE
44210
47720
49319
NIE
43275
44270
48154
34490
49319
42916
38610
35705
39196
35870
40933
NIE
39712
34028
44766
NIE
37416
45902
42138
35722
NIE
47673
39299
47336
35661
40520
NIE
44045
37014
NIE
35857
48206
NIE
47502
46855
38385
NIE
37952
45674
39522
34596
39014
46825
48845
45803
45510
NIE
35651
36751
NIE
48665
NIE
35054
43384
48490
NIE
39875
NIE
46922
42879
NIE
NIE
38857
40100
39459
NIE
39235
36873
44954
NIE
43122
NIE
44278
45132
34423
46242
34713
45492
49256
NIE
NIE
NIE
38289
NIE
43009
36197
40275
35292
46832
NIE
39047
49074
40243
40080
39875
NIE
39380
37374
42743
36487
44987
37502
37987
NIE
39891
44231
38311
43481
48634
42218
46980
NIE
49163
NIE
41070
NIE
NIE
NIE
45824
49085
39473
36168
42560
46527
48738
43796
NIE
NIE
45800
37585
NIE
48887
37108
37146
35509
47930
NIE
39814
NIE
40060
NIE
NIE
48219
48423
42417
41195
NIE
41498
NIE
NIE
35209
NIE
37213
49407
38869
NIE
48893
38723
NIE
45614
42532
48607
38815
48293
45483
48307
41736
NIE
NIE
NIE
40031
45536
49278
47530
48411
40276
41749
48892
NIE
NIE
NIE
NIE
NIE
47801
35985
44215
NIE
39897
NIE
39734
NIE
39484
NIE
35822
46669
42408
44209
41641
39639
48504
43135
42467
NIE
47950
48451
41321
49384
44669
38961
36014
NIE
42821
NIE
41873
NIE
36963
37484
44338
41640
44157
NIE
43754
NIE
NIE
45222
38874
44226
NIE
NIE
NIE
NIE
40780
42261
43445
NIE
46425
40503
42972
43976
37139
NIE
38285
NIE
NIE
38636
40469
42049
38908
40076
48945
47257
NIE
47174
NIE
NIE
NIE
NIE
41575
NIE
NIE
NIE
39165
48778
NIE
48284
NIE
43209
46184
46585
46217
48904
NIE
NIE
NIE
38512
43256
48790
39603
NIE
37813
NIE
NIE
NIE
40192
38563
46251
NIE
38239
48675
45912
36724
NIE
43330
48851
NIE
NIE
48558
49128
NIE
NIE
NIE
NIE
47133
NIE
NIE
43463
NIE
NIE
43171
41357
48382
38698
41607
46054
44486
41590
NIE
NIE
NIE
38851
44994
39795
43869
44008
NIE
NIE
NIE
44552
NIE
46741
NIE
42720
37028
NIE
43734
NIE
NIE
42375
NIE
NIE
NIE
43153
48250
47852
NIE
45583
47710
37581
40844
48185
44521
37712
38545
40144
44537
43949
NIE
NIE
39493
NIE
39181
46310
41833
NIE
NIE
NIE
48954
41990
NIE
42245
NIE
39410
NIE
43038
44272
NIE
47450
NIE
46028
41386
45496
NIE
47946
40898
42672
48746
NIE
NIE
41853
NIE
46523
39390
NIE
NIE
NIE
NIE
NIE
41477
45283
47043
47873
42999
NIE
40796
42751
42298
39976
42177
40150
47662
44578
48817
40855
NIE
NIE
47152
46560
46445
39995
42634
47309
NIE
NIE
NIE
NIE
41023
48662
40898
NIE
45948
NIE
NIE
42447
49145
NIE
NIE
49089
NIE
NIE
48494
41895
45317
38796
45761
41461
38941
NIE
39480
48190
NIE
NIE
40253
43036
NIE
NIE
40530
41621
NIE
47476
39418
NIE
NIE
48149
NIE
NIE
NIE
NIE
44096
NIE
NIE
NIE
46076
38379
41754
44278
41105
43508
44623
NIE
43498
NIE
NIE
NIE
45747
NIE
47261
NIE
NIE
40723
NIE
NIE
42106
47481
NIE
39104
NIE
NIE
39245
NIE
NIE
39003
44352
49146
46818
41023
40578
NIE
NIE
NIE
43864
NIE
NIE
NIE
41385
43940
NIE
42496
38889
41574
NIE
NIE
46477
42327
45188
NIE
NIE
39298
NIE
42054
42415
NIE
43921
NIE
NIE
NIE
NIE
NIE
NIE
NIE
46845
44046
NIE
43166
NIE
41867
46199
41251
40254
NIE
NIE
NIE
48233
47640
48667
40900
NIE
41465
43028
48854
47048
NIE
48540
39722
NIE
49267
NIE
NIE
NIE
NIE
NIE
NIE
47245
NIE
NIE
40678
47778
39972
NIE
NIE
41967
NIE
44953
NIE
NIE
NIE
40639
47901
44809
45791
44604
NIE
42815
41361
41601
NIE
NIE
39872
45266
NIE
39681
NIE
NIE
46916
NIE
NIE
45455
45450
NIE
46637
NIE
NIE
40195
NIE
NIE
NIE
NIE
44865
NIE
NIE
46245
46414
NIE
NIE
NIE
40368
44667
NIE
NIE
49028
NIE
44937
NIE
41370
NIE
43291
48775
NIE
NIE
45103
NIE
NIE
48428
NIE
NIE
NIE
NIE
41127
47667
NIE
NIE
NIE
NIE
NIE
NIE
NIE
49360
42943
NIE
NIE
NIE
NIE
44726
NIE
NIE
NIE
NIE
45637
41611
NIE
NIE
NIE
NIE
NIE
NIE
46807
NIE
NIE
NIE
49084
NIE
NIE
NIE
NIE
45919
44252
NIE
48196
46661
44922
40845
NIE
NIE
NIE
NIE
NIE
NIE
NIE
46864
46069
47009
NIE
NIE
NIE
NIE
NIE
NIE
NIE
42751
NIE
NIE
41172
NIE
NIE
NIE
42241
NIE
47080
46153
NIE
NIE
45390
NIE
NIE
43695
NIE
41440
NIE
43017
NIE
43159
NIE
49252
48788
NIE
47419
44212
NIE
42402
NIE
44789
NIE
NIE
46399
NIE
NIE
41896
46454
43165
48550
NIE
NIE
NIE
NIE
NIE
NIE
NIE
NIE
43352
NIE
NIE
NIE
NIE
44051
42805
42362
NIE
47951
NIE
46340
NIE
45738
NIE
NIE
NIE
NIE
NIE
42232
NIE
NIE
NIE
NIE
NIE
46316
49151
NIE
NIE
NIE
47133
49238
NIE
NIE
49334
NIE
49376
43614
NIE
45589
43172
42140
43058
NIE
47180
NIE
44182
43113
45971
NIE
47591
41884
NIE
42401
NIE
47385
NIE
NIE
NIE
NIE
NIE
NIE
NIE
NIE
NIE
46078
42449
46856
43103
46636
NIE
NIE
NIE
43420
NIE
42595
NIE
NIE
48687
NIE
NIE
43613
NIE
NIE
49077
NIE
49305
48913
42608
NIE
NIE
49371
47692
NIE
NIE
NIE
48865
48355
48525
NIE
NIE
45785
NIE
NIE
NIE
NIE
45908
NIE
NIE
NIE
NIE
NIE
NIE
49234
46978
NIE
42913
NIE
NIE
NIE
NIE
NIE
42627
NIE
48988
45316
NIE
NIE
NIE
42756
NIE
NIE
NIE
45795
49014
NIE
45306
NIE
44430
NIE
NIE
48700
NIE
NIE
NIE
44083
44909
45096
NIE
44806
NIE
42834
48729
NIE
45114
NIE
48881
NIE
48106
NIE
NIE
NIE
NIE
NIE
NIE
48878
NIE
NIE
NIE
46872
NIE
NIE
NIE
NIE
NIE
NIE
NIE
NIE
NIE
43185
43359
NIE
48326
48101
NIE
NIE
NIE
NIE
NIE
NIE
46710
NIE
NIE
NIE
NIE
NIE
49337
NIE
NIE
43200
NIE
NIE
NIE
NIE
NIE
NIE
NIE
45319
NIE
48548
NIE
NIE
NIE
NIE
NIE
NIE
NIE
NIE
NIE
48493
NIE
43956
NIE
NIE
NIE
NIE
47282
NIE
46752
NIE
NIE
NIE
NIE
NIE
NIE
NIE
NIE
47166
NIE
NIE
NIE
NIE
45433
NIE
NIE
NIE
NIE
NIE
NIE
47237
NIE
NIE
48768
46306
NIE
NIE
NIE
44382
NIE
NIE
NIE
NIE
45849
NIE
NIE
NIE
NIE
NIE
48370
NIE
46928
NIE
44531
NIE
NIE
NIE
NIE
NIE
NIE
NIE
NIE
46104
NIE
NIE
NIE
NIE
45478
NIE
47277
NIE
45221
45416
NIE
NIE
NIE
NIE
NIE
48555
NIE
NIE
NIE
NIE
46746
NIE
NIE
NIE
NIE
NIE
NIE
46890
46247
NIE
NIE
NIE
NIE
NIE
49373
NIE
NIE
46733
47857
49094
NIE
NIE
NIE
NIE
NIE
NIE
NIE
45300
47190
NIE
NIE
47509
48846
NIE
45850
NIE
NIE
NIE
NIE
NIE
46887
45561
NIE
NIE
45106
NIE
NIE
48273
NIE
49029
48996
NIE
NIE
NIE
48866
NIE
NIE
NIE
NIE
NIE
NIE
NIE
NIE
NIE
48131
NIE
48337
NIE
NIE
NIE
NIE
NIE
NIE
NIE
46005
NIE
NIE
NIE
NIE
NIE
47425
47324
NIE
NIE
48891
NIE
NIE
NIE
NIE
NIE
NIE
NIE
NIE
48887
NIE
NIE
NIE
48271
NIE
NIE
NIE
NIE
47076
47166
NIE
NIE
NIE
47023
NIE
NIE
NIE
NIE
49220
NIE
NIE
NIE
NIE
NIE
49016
NIE
NIE
NIE
NIE
NIE
NIE
NIE
NIE
NIE
NIE
NIE
NIE
NIE
NIE
NIE
NIE
NIE
NIE
46520
NIE
47133
NIE
NIE
NIE
NIE
NIE
NIE
NIE
NIE
NIE
46361
NIE
NIE
NIE
NIE
NIE
NIE
47457
NIE
NIE
NIE
NIE
48956
NIE
NIE
NIE
47762
NIE
NIE
NIE
NIE
NIE
NIE
NIE
48136
NIE
NIE
NIE
48122
NIE
NIE
NIE
NIE
46987
48674
46477
NIE
NIE
NIE
NIE
NIE
NIE
NIE
NIE
48384
NIE
NIE
NIE
47269
NIE
49366
NIE
NIE
NIE
NIE
NIE
NIE
NIE
NIE
NIE
NIE
NIE
NIE
NIE
NIE
NIE
NIE
47607
NIE
NIE
NIE
NIE
47942
NIE
NIE
NIE
NIE
NIE
NIE
NIE
NIE
NIE
NIE
NIE
NIE
NIE
NIE
NIE
NIE
NIE
49141
NIE
NIE
NIE
NIE
NIE
NIE
NIE
NIE
NIE
NIE
NIE
NIE
NIE
47736
47712
48258
NIE
NIE
NIE
NIE
NIE
NIE
NIE
NIE
NIE
NIE
NIE
NIE
NIE
NIE
NIE
NIE
NIE
NIE
NIE
NIE
NIE
NIE
NIE
NIE
NIE
NIE
48019
48932
NIE
NIE
NIE
NIE
48211
NIE
NIE
49169
NIE
NIE
NIE
NIE
NIE
NIE
48422
NIE
NIE
NIE
NIE
NIE
NIE
48357
NIE
NIE
NIE
NIE
NIE
NIE
NIE
NIE
NIE
NIE
48893
NIE
NIE
NIE
NIE
NIE
NIE
NIE
NIE
NIE
NIE
NIE
NIE
NIE
NIE
NIE
NIE
NIE
NIE
NIE
NIE
NIE
NIE
NIE
NIE
NIE
NIE
NIE
NIE
NIE
NIE
48981
NIE
NIE
NIE
NIE
NIE
NIE
47950
NIE
NIE
NIE
NIE
NIE
NIE
NIE
NIE
NIE
NIE
NIE
NIE
NIE
NIE
48938
NIE
48310
48130
NIE
NIE
NIE
NIE
NIE
NIE
NIE
NIE
NIE
NIE
NIE
NIE
NIE
NIE
NIE
NIE
NIE
NIE
NIE
NIE
NIE
NIE
NIE
NIE
48366
NIE
NIE
NIE
NIE
NIE
NIE
NIE
NIE
NIE
NIE
NIE
NIE
NIE
NIE
NIE
NIE
NIE
NIE
NIE
NIE
NIE
NIE
NIE
NIE
NIE
NIE
49011
NIE
NIE
NIE
NIE
NIE
NIE
NIE
NIE
NIE
NIE
NIE
NIE
NIE
NIE
NIE
NIE
NIE
NIE
NIE
NIE
NIE
NIE
NIE
NIE
NIE
NIE
49388
NIE
NIE
NIE
NIE
NIE
NIE
NIE
NIE
NIE
NIE
NIE
NIE
NIE
NIE
NIE
NIE
NIE
NIE
NIE
NIE
NIE
NIE
NIE
NIE
NIE
NIE
NIE
NIE
NIE
NIE
NIE
NIE
NIE
NIE
NIE
NIE
NIE
NIE
NIE
NIE
NIE
NIE
NIE
NIE
NIE
NIE
NIE
NIE
NIE
NIE
NIE
NIE
NIE
NIE
NIE
NIE
NIE
NIE
NIE
NIE
NIE
NIE
NIE
NIE
NIE
NIE
NIE
NIE
NIE
NIE
NIE
NIE
NIE
NIE
NIE
NIE
NIE
NIE
NIE
NIE
NIE
NIE
NIE
NIE
NIE
NIE
NIE
NIE
NIE
NIE
NIE
NIE
NIE
NIE
NIE
NIE
NIE
NIE
NIE
NIE
NIE
NIE
NIE
NIE
NIE
NIE
NIE
NIE
NIE
NIE
NIE
NIE
NIE
NIE
NIE
NIE
NIE
NIE
NIE
NIE
NIE
NIE
NIE
NIE
NIE
NIE
