458
NIE
285
NIE
419
NIE
328
541
66
806
151
369
9
13
388
432
806
120
231
NIE
646
85
644
NIE
694
947
328
NIE
508
979
701
166
482
NIE
416
295
9
357
690
385
NIE
NIE
NIE
NIE
344
326
620
NIE
NIE
NIE
628
673
NIE
474
145
360
349
NIE
227
NIE
889
774
669
270
34
124
295
NIE
374
131
310
NIE
570
562
64
640
NIE
670
227
295
NIE
123
NIE
227
689
274
227
NIE
NIE
85
512
249
NIE
791
NIE
601
611
926
NIE
NIE
NIE
NIE
NIE
NIE
NIE
NIE
NIE
NIE
NIE
NIE
NIE
NIE
NIE
NIE
NIE
NIE
NIE
NIE
NIE
NIE
NIE
NIE
NIE
NIE
NIE
NIE
NIE
NIE
NIE
NIE
NIE
NIE
NIE
NIE
NIE
NIE
NIE
NIE
NIE
NIE
NIE
NIE
