24537
3436
7975
44381
5991
43837
NIE
15579
10027
26923
23019
15048
13498
16620
38960
17473
19186
49053
3915
15048
14239
45195
31036
NIE
NIE
37122
35982
39301
NIE
NIE
31738
4060
8235
10685
31360
NIE
29535
40026
12951
NIE
36655
2913
49455
10627
18504
34954
43472
44095
43378
9451
38664
13231
2323
39039
34851
4209
49030
43714
5410
1693
27535
7866
NIE
38217
21914
38284
69
46973
49100
33802
48091
36843
45729
1907
40529
40071
24111
39628
28726
33918
15460
34728
22670
1631
20205
35549
2796
674
34181
14840
2994
33581
3537
25087
39495
11294
45938
37339
45465
NIE
NIE
14567
35589
21366
9927
40411
NIE
26803
3280
29734
32790
11618
NIE
NIE
13253
14104
17405
3155
15188
47111
14111
22089
16662
46203
14057
25568
22132
6233
26453
48914
23717
30882
47924
18776
30657
20717
12378
5871
13765
36349
356
35051
26460
5290
29529
48998
41758
47954
NIE
NIE
33979
46726
15802
8505
49467
25485
49152
2751
2395
9198
3587
2004
30513
16004
NIE
NIE
24055
3478
5760
40946
1891
6171
39110
6806
18152
40012
46135
20961
48022
13057
303
8235
43329
3086
21299
674
5474
44849
NIE
46135
16166
26076
NIE
43786
9227
32218
13110
37235
15802
NIE
30889
8975
38664
20301
24014
24021
18891
28103
11878
31471
28342
48329
NIE
256
NIE
2430
34372
5883
45162
11593
39881
10076
37854
27118
23678
19150
34108
6560
36727
16184
12037
8863
11307
7515
41718
25452
NIE
27362
49798
25239
34598
36643
46203
9793
34636
38090
28342
3955
NIE
10794
NIE
30583
49702
4479
32370
38269
3350
18367
7725
49780
13816
2424
12365
41013
23661
13244
12772
36401
6497
24392
21210
33076
8004
14670
7160
40152
23975
45977
41382
31604
NIE
36601
31109
19801
45416
49886
26257
9234
40789
36927
14795
28172
13432
24176
NIE
12974
45283
25445
42940
9677
42008
33398
NIE
2962
32664
22670
11415
2796
2796
8324
26298
NIE
14719
14586
14852
27986
36833
20933
10685
4874
NIE
42599
12875
47594
37562
NIE
49053
30316
23898
34486
2330
40615
36833
42011
30223
2796
3458
10612
NIE
14769
14385
46514
NIE
11649
42362
44956
27944
22579
42456
23753
37854
33113
NIE
42790
24650
16769
515
18534
34959
NIE
39070
33019
38950
NIE
39168
16535
22209
30939
11452
42524
674
39999
18940
8004
NIE
9667
NIE
24810
42196
47963
10076
16969
23019
11679
48584
17762
4643
35696
9188
42905
32925
32188
18697
44210
20061
26257
49190
35146
45269
29403
48564
17048
16662
30911
14333
33454
20630
8374
33092
32269
13953
31462
1851
30018
1996
45564
1605
19476
47728
38269
28536
30073
32712
24301
42810
32081
37915
39505
20345
43329
42196
33705
NIE
42196
42658
27362
17512
39752
32218
31161
1605
39572
13392
NIE
23959
98
49053
9574
10106
25614
29765
6469
NIE
8004
39653
NIE
29934
11878
25886
46374
11824
10939
42874
34396
8823
5410
273
19127
3374
42598
34439
NIE
109
10572
43948
34569
45878
18064
16576
NIE
35560
31604
46881
31355
28511
4910
8649
20896
16264
16810
49408
7814
12957
NIE
39457
49382
NIE
8807
8004
30899
NIE
11307
17571
43066
NIE
NIE
18661
124
3261
6786
NIE
30286
24315
5642
11593
6905
29983
46584
28912
NIE
NIE
30882
259
27036
5454
35389
49309
31355
28788
23872
13478
16083
44293
47371
26374
NIE
26233
11758
12646
15004
26242
1605
46203
17900
26685
27674
42011
1301
NIE
20896
NIE
26441
9451
32287
7713
NIE
25639
32752
619
NIE
NIE
24111
30244
27217
38110
NIE
NIE
10234
49681
17245
5664
40869
NIE
48878
6308
NIE
39505
42925
29206
9835
45253
1684
42634
44856
46316
NIE
17571
10685
40661
6039
49229
29194
31220
21345
25639
24021
NIE
NIE
34636
16316
NIE
48564
33467
46818
48689
3640
29324
34617
16995
10435
39802
37279
13433
5352
6696
16535
41568
49622
33913
35152
43585
3778
7563
41893
41191
3201
41915
43837
47036
24038
1944
20931
14104
41532
24438
NIE
23931
38866
29067
28536
15422
45740
48180
NIE
18412
NIE
47620
18877
3316
6943
314
8724
30783
13639
7777
11332
24253
40518
21064
9081
NIE
35021
14960
31276
2195
NIE
34214
29712
23646
27240
2475
27161
8421
37436
15174
6344
26738
16184
39154
21314
26170
14104
1009
4148
12690
15453
48468
34715
7320
47924
7090
48884
33398
18534
19434
17571
2306
23059
12837
6599
34236
45529
3988
38827
43412
40083
21314
44204
16833
21855
34569
5462
28252
21396
27261
21396
4856
9424
NIE
44007
48065
2741
5921
14993
NIE
42011
46589
15074
27494
2154
29168
21290
3129
46111
12957
17222
21916
17812
31604
34461
29627
NIE
36210
43578
45854
28037
42060
41035
39457
NIE
17245
37235
4897
31161
10521
46867
NIE
8175
7317
47395
40621
27780
36812
44229
43459
23898
31919
30897
20349
NIE
25044
37284
34962
27146
25980
8724
42874
26130
6320
12255
45309
49050
42456
42810
15145
45121
36575
25755
16821
7370
23943
27388
10378
38925
29061
NIE
41382
38238
11034
36459
NIE
7496
4413
45121
33918
32669
45878
39012
NIE
32547
49952
4544
24681
21729
14622
43412
25755
4165
26257
NIE
19594
1788
26537
9267
25696
3419
25204
3911
NIE
1754
1108
43937
45740
NIE
10846
16612
12558
43743
36924
25146
47230
36246
46203
22740
40537
29366
10712
47277
NIE
33066
38231
27995
NIE
12107
31533
34976
30209
27388
32453
49053
997
5426
4672
17222
11758
43525
37382
25305
14485
27697
40599
38269
43650
4672
5245
25639
43381
37218
11593
33297
20103
28117
48309
22287
38902
35953
27118
27995
27663
10586
NIE
27217
12690
21772
37156
1219
49560
29997
NIE
45416
3946
4309
22740
48038
29408
10846
NIE
30129
38614
6520
6599
38614
38461
13313
48724
13408
1356
13995
14977
12342
34537
5793
33696
44385
25941
8058
43206
41035
17324
30073
11388
36999
38367
24810
26417
9719
29822
1215
21028
31764
20732
6870
22610
6776
36106
25500
NIE
3667
49872
12997
26197
10647
4232
10839
NIE
33932
47367
NIE
31764
49030
6667
41791
NIE
7179
21660
6010
12539
NIE
30209
6328
2554
356
8523
29206
15662
7725
32252
13093
34461
11593
14493
28252
22283
23407
15703
14097
40537
515
NIE
47005
8374
22089
29668
14097
38554
29009
NIE
43469
35218
37914
46085
41191
33728
NIE
NIE
45121
14415
1921
34271
29529
7090
49030
20757
18848
14213
1059
6756
9318
46900
41765
37207
NIE
15174
15145
37446
23834
37783
6943
19262
9875
27570
38027
48957
27234
44142
NIE
45860
16166
49867
41191
17940
18940
28453
564
36053
NIE
41271
NIE
39215
42646
47536
44536
NIE
15615
37873
18812
33364
32110
38902
47695
16019
30476
39402
NIE
49877
19970
36621
10181
43980
34928
5732
26616
38844
38404
27401
NIE
33467
17697
6254
36751
NIE
10627
38649
28675
10595
36091
3504
2751
30706
35780
20814
NIE
4174
48660
28624
NIE
40661
25614
13899
17193
38950
41791
35132
765
9318
825
28467
48571
29067
16427
NIE
27933
29712
37657
22670
10061
2095
27642
28568
39752
25044
20344
8614
2055
33535
32974
23059
25967
48411
13290
41875
8337
3631
38762
45529
21569
35643
38762
7496
31851
16851
34271
47788
11226
29194
8916
36708
NIE
14851
24713
6459
32119
32746
25847
22513
13392
NIE
13093
13971
23005
790
40961
43805
48884
28252
17452
13028
36150
8861
3027
42187
NIE
26942
22670
35043
NIE
35389
NIE
23624
15174
14952
6520
26505
6171
9945
34856
NIE
18661
48957
41098
8058
32471
49798
30969
38151
48743
12911
NIE
8058
14493
47877
20021
14235
12222
24014
35445
1754
3807
48502
10612
21461
49942
19223
6499
16866
37258
2610
NIE
4118
47111
15406
6039
6171
47620
48411
28184
4011
NIE
31177
8116
3261
NIE
NIE
37061
46499
NIE
46952
5778
30969
41250
35095
18571
23753
1059
27727
1079
18958
31360
NIE
42658
2870
42308
42148
13318
42000
34486
35506
2330
20570
39963
13208
7696
28416
21461
28586
44227
NIE
712
42905
890
23523
38610
48411
32245
6123
47213
12991
25057
44810
48633
4331
25557
33910
1289
17888
NIE
44953
13408
10846
45114
18562
35594
37511
8968
4114
8874
7122
36430
314
26041
8004
32820
9318
46355
9318
32945
13590
14622
30418
49585
28660
26373
29245
17132
38269
35735
NIE
26876
34486
31265
48615
19165
28536
21953
7320
NIE
37930
790
47413
31764
34461
42187
NIE
NIE
NIE
29295
3125
NIE
45400
23094
NIE
16956
7958
37650
39577
6829
12957
18110
21607
4309
20490
24713
19447
12142
26836
NIE
28033
15256
35594
45766
44503
15132
27933
1563
213
16316
18855
45541
12582
NIE
35921
6289
26453
11758
33535
5921
30081
36575
7696
4809
18935
30018
16316
30053
12957
14622
5070
11878
32517
21230
48584
14719
12341
26196
1019
37930
39988
43743
28225
NIE
45562
198
7027
14009
34569
30002
42116
15170
11878
2184
22131
26685
NIE
45562
17812
12690
34759
16956
47845
29849
37760
16166
35132
47918
35706
45121
38315
17762
7365
30244
27494
39475
35132
22871
24962
41382
37657
33784
2330
29268
26750
12558
20763
24188
21230
45400
30643
34271
13221
40083
20896
10484
18410
24450
10201
29983
22613
38367
32188
7892
16730
28077
3280
29017
26116
20663
31964
NIE
1684
46924
1301
28401
3911
37468
45400
29108
44721
42967
4413
NIE
32797
26329
NIE
24645
NIE
49100
19145
26505
14521
34014
NIE
14877
30495
9628
6279
6099
15170
4265
30476
44227
6878
36843
NIE
24561
14719
42049
31919
23891
1924
47685
37468
46602
34004
14009
38151
2415
46135
49172
48495
10484
34999
19223
NIE
NIE
32797
22238
15977
8173
48043
24392
36548
24369
3606
213
3379
31134
NIE
12445
34630
26934
9793
NIE
NIE
38762
6289
25797
47152
38844
NIE
1277
48495
9773
12340
1858
2870
14164
24111
13121
19021
24810
25204
1684
9852
31021
24450
2936
13313
6766
8975
29655
14877
33467
43157
NIE
4809
44527
33321
314
38975
19914
33514
6610
26974
24774
28252
1577
48180
44527
34343
13552
15599
40821
30077
41098
2637
25146
31964
14622
38279
17571
29934
13353
30418
7234
42412
44593
11146
15886
7402
37468
6396
37388
932
24261
27240
45005
25941
17762
16408
NIE
22487
43545
12954
28865
36374
22885
1227
NIE
24702
8058
19947
11368
26556
11837
10982
9904
4949
400
43251
1094
38992
31389
15120
34881
37258
14719
11941
15834
16594
32610
33750
28621
32820
5952
18751
16866
6610
8604
26556
11197
14096
12646
42277
400
25024
2610
NIE
21742
22778
15390
29324
41827
24873
25941
NIE
46900
NIE
25081
3728
6123
46313
16535
42821
2189
7892
NIE
8251
23523
17697
6289
36899
43459
33467
32156
23898
15834
9628
24645
23646
13673
32669
12997
22631
42658
12222
5020
41532
45150
27663
45541
63
21742
44593
NIE
25081
29816
NIE
33873
28834
17648
44732
NIE
NIE
47430
4949
21683
NIE
40821
18598
NIE
19012
49742
22631
12646
40821
14622
NIE
19569
47213
44810
9852
16749
14859
3608
NIE
26556
24947
49152
42255
37218
31594
37505
30939
NIE
NIE
NIE
26338
8173
15758
38649
47213
38804
37582
953
31851
674
23995
17571
25797
16166
25472
16535
20021
NIE
24369
43578
NIE
41382
NIE
19223
43714
NIE
15673
2265
6983
12646
46543
23753
40476
14333
8667
21194
7582
40567
2665
40083
30729
3728
7582
19757
14859
19040
3512
29609
NIE
31894
4723
24229
1563
22513
35328
29295
7613
33932
45541
34302
37090
20813
33116
6714
9719
27570
42730
11345
NIE
10722
34715
19165
49408
19947
16166
33728
43545
NIE
23324
36221
29481
29455
41827
790
21623
NIE
7892
23834
4413
37562
1684
46717
NIE
36892
18558
18224
36999
47788
36833
38315
20663
9451
37930
NIE
35218
16408
16083
30513
24014
49309
15442
36575
43029
42255
23324
7345
43350
10558
49790
48689
3751
40105
37930
34461
NIE
48851
36171
40521
23646
47012
48131
42148
34302
38090
19741
3143
18751
12889
30729
22131
37623
626
17179
25886
30476
19527
49576
44190
32218
47119
16379
6007
11097
14275
10032
44007
11469
NIE
37873
29934
7469
NIE
19127
39180
15170
47213
12954
11778
10915
18812
11873
49363
20874
14218
45970
45121
35108
48169
17400
18023
22631
45400
NIE
25865
41982
24261
21062
4413
31681
12646
4696
36708
NIE
NIE
18711
36892
6714
31250
45878
17697
33853
43923
5866
39505
29816
38110
38315
NIE
7443
20977
1301
10122
21062
41982
19303
22513
8393
48082
7713
NIE
24315
40961
8975
46106
10845
45970
30244
39577
38649
22513
NIE
39607
NIE
12107
4109
38027
16250
31059
28591
8352
39752
4011
45460
7866
NIE
19947
7598
NIE
48169
26836
32081
16316
44406
20732
46408
1600
NIE
30244
3655
29295
31964
29849
49838
10710
40049
21230
NIE
2213
44313
39134
29627
9198
43923
11837
38649
NIE
3248
NIE
20183
16427
44874
28401
23753
NIE
36643
48038
12107
18903
NIE
NIE
8724
31265
34759
12107
36430
NIE
6776
48022
40537
43545
24188
33630
4532
8724
13218
16514
26556
7171
35755
17157
35108
17352
16250
47685
20787
16535
27849
9047
NIE
48495
5020
890
712
47012
11028
49309
23436
12889
NIE
NIE
20425
NIE
30850
35780
48082
46936
36374
9047
43923
28154
42000
24696
45076
37930
32536
15170
33535
15788
NIE
12889
26003
18510
19527
12222
12445
27494
21396
9695
28392
43772
39402
24111
19833
14859
11585
48367
48953
17984
14719
31964
NIE
41481
13248
49266
37541
NIE
18562
21987
10039
NIE
45476
44691
8057
28634
33535
34138
49576
49487
NIE
NIE
16166
17305
314
49309
12991
22809
6279
38394
23472
43561
21301
10249
33278
45541
47152
27888
15579
35755
8393
28591
45970
37575
35780
18554
17076
26697
5141
12646
12974
NIE
46280
27663
24014
23523
32471
6838
47515
46990
40105
17697
25161
2242
25072
42646
13715
47213
23472
29668
3552
16535
25295
8352
7774
20813
8861
7320
4809
41349
16056
33344
5260
44084
31681
41791
8057
22631
1525
9526
34108
NIE
NIE
25865
21062
26917
46813
24188
40105
4385
48689
37258
34439
45970
1478
29627
6712
21545
24450
NIE
24778
2095
NIE
16250
18181
12445
507
6007
19572
28833
17664
13590
1782
25044
10982
27415
30296
37783
40105
27240
37987
17747
18023
27561
4109
41190
27086
30686
35108
32346
49449
4804
19634
42658
583
790
11501
712
NIE
18341
33225
41532
4696
17888
NIE
23257
48953
46305
49576
33873
NIE
6063
39402
43313
29563
16316
4174
5933
42658
NIE
31471
43923
37468
NIE
13639
15964
5866
7171
7892
48953
3227
42821
17940
NIE
9081
25797
42456
10122
23523
25024
47430
26434
10611
47119
34715
21449
37873
43113
24188
30244
NIE
NIE
12445
16602
3436
22460
7320
15758
27888
15263
26547
6488
34236
7024
9300
35556
26519
37122
27086
40816
16851
25865
28480
33225
5866
2976
32610
15550
38304
6123
42905
28710
14719
16151
10611
3436
44295
38709
33696
42924
34516
NIE
11097
6203
49576
25405
42456
38762
1227
18625
31964
NIE
39215
32252
39505
38410
9094
33138
35523
19527
41967
30476
256
7873
43081
33225
8505
40641
31471
564
47430
NIE
40105
30783
45529
27036
1019
44909
30909
44593
8057
9227
12445
26697
26145
30296
NIE
43029
44084
30638
23381
27036
41791
48246
25865
38304
21887
44691
860
21683
40105
36693
44084
10717
40083
15720
27086
18554
13313
NIE
NIE
34625
31265
5988
21449
28401
21429
23355
42412
14275
12991
48615
NIE
42270
18986
24161
15453
43772
10421
48169
24161
14719
314
21062
46748
5952
35981
44151
22238
17235
NIE
23131
47748
3889
42456
14275
39317
7853
14521
40451
7320
20474
35218
36693
14719
36018
31389
30802
45343
40083
30296
21449
674
17005
46983
10421
30296
6610
42241
13313
14040
16166
19634
28643
12448
21062
1944
NIE
11249
17983
213
49790
42978
44486
43472
26324
29408
32906
11872
41665
18084
44274
23019
NIE
45928
41982
28249
28833
3271
25797
16151
21967
NIE
3436
9451
30909
27362
28833
43472
27362
44527
21742
NIE
34407
20892
NIE
42456
18181
38355
12303
2637
22442
38674
7469
13995
14719
35632
9188
32297
8173
17366
29040
NIE
NIE
9300
31059
2741
14275
36693
6431
29408
12448
47193
18682
48082
11194
39688
26865
12107
NIE
45970
391
30244
NIE
7171
6838
11275
18084
NIE
22631
29832
26750
27294
39162
47685
45265
5474
47748
21742
45174
932
30909
NIE
NIE
32245
36374
860
19947
13423
NIE
9267
27933
NIE
3946
NIE
44909
NIE
9800
46808
14719
NIE
98
27036
9451
18682
34924
15048
28710
8723
17900
13995
NIE
6697
15627
NIE
39402
34073
NIE
32563
7171
23646
2330
43279
40961
39402
NIE
6279
41665
44683
NIE
19527
24645
47783
12085
30777
21967
33092
37258
2330
1600
995
19381
98
33627
19527
47193
44593
28535
28710
11941
48615
39970
20892
30244
42078
3552
12739
19753
22347
36655
3655
35780
8004
43206
25191
38355
NIE
11477
29627
41190
36171
42362
16535
3006
38090
15820
35108
49309
20021
16056
32297
15604
4330
NIE
24645
14993
777
34488
32369
20732
22274
2741
16427
NIE
24804
2330
47783
45878
30909
13423
13879
9852
27294
36575
48488
36892
32563
14181
46183
24111
26917
17544
32110
16039
6279
NIE
NIE
23005
41875
20874
31389
21204
41967
NIE
15550
NIE
47783
19223
NIE
NIE
15902
11721
28249
20425
4522
21449
15902
12974
40447
47363
39359
NIE
44993
20512
36018
30899
42078
37381
41967
7844
6488
19947
42307
NIE
6123
1563
4330
10396
4184
31703
NIE
34488
NIE
44442
16726
36892
14385
34924
9089
63
31893
NIE
47363
12107
36999
11475
16505
NIE
8393
35780
32477
4767
27294
NIE
11941
7598
48169
NIE
37689
12991
46808
29905
41047
45791
41875
31389
NIE
11941
15550
31878
20930
17747
30638
NIE
10122
7892
36655
42456
34924
34458
27240
14040
26003
44422
33174
44274
NIE
45970
NIE
29408
18751
2741
18812
21625
13657
2741
26400
9609
3143
37468
19462
17747
10392
33360
NIE
36106
5012
NIE
24772
2583
5092
18174
36643
7469
NIE
40105
35506
36430
42078
7171
39110
21120
5722
41367
28392
37149
7024
19947
48870
33174
5141
24055
18986
16427
1478
33174
28392
46407
45529
25073
17544
2108
45529
42658
14040
35594
33091
37742
1858
46305
30296
NIE
1382
36106
30638
47106
32797
37589
34924
5141
18554
29563
37930
44874
NIE
10845
28249
NIE
27794
NIE
9089
49942
43472
23898
20930
7970
NIE
40451
16662
33873
19947
28643
24772
49681
5496
37987
2264
7892
435
34208
49790
307
2244
6123
14040
40803
40105
12739
15902
NIE
43923
46748
1301
47850
48724
9451
18490
23131
14849
3728
NIE
14586
22274
11243
47685
10797
36374
13879
42307
17940
40803
7469
NIE
14275
3608
35780
2992
6441
22969
NIE
28643
25073
46936
42769
23987
8297
45469
16624
22613
5988
NIE
42978
43472
5988
14993
46808
NIE
39675
34208
17130
22131
NIE
8927
42353
9451
39402
43472
NIE
36906
36430
24561
NIE
25073
17536
44807
4879
14719
4696
36430
26917
47614
40106
NIE
2264
1215
2264
39675
14719
24561
NIE
24055
15902
37589
5500
42456
18084
NIE
NIE
2264
35632
NIE
NIE
35780
29563
21545
37258
38304
25295
22793
45970
27642
22793
NIE
11243
6838
29700
43279
17130
21742
NIE
27642
4665
20397
48724
15902
19462
7835
22969
NIE
10106
1858
12646
NIE
40105
38992
41915
20557
34757
36430
46936
48082
1108
19527
27294
12991
14586
17895
NIE
17235
24804
4265
9451
NIE
6441
23257
42362
17895
29976
27527
5020
19223
13399
22513
38515
25647
33174
20557
46936
5020
8927
47106
NIE
26134
NIE
4522
33019
26400
39215
18554
43279
28634
37589
40105
18812
33484
21429
63
46572
NIE
42187
NIE
12739
34208
41915
19891
37518
18812
17235
4052
42866
NIE
11679
34073
40789
10392
41667
24111
25464
40621
18084
34073
45096
23646
20892
40451
NIE
11243
27873
39675
32563
NIE
35654
37742
16662
23794
46481
44647
36830
NIE
30602
6123
16166
25647
11649
12107
44527
19527
12646
20021
2741
41047
49502
13575
5988
14275
15673
10845
23898
32297
NIE
NIE
43772
5020
20021
11577
10421
19223
27086
47850
36053
NIE
NIE
28634
34208
47850
3006
12448
12316
46102
45970
48382
20924
21278
38762
NIE
1356
48724
40789
21545
3143
6203
40563
22131
NIE
24083
22969
28634
21545
1907
35632
46115
10611
7402
7892
48652
44227
22131
NIE
36655
31703
42307
49228
29976
46882
NIE
14719
9226
11577
38233
33747
435
435
28085
98
7469
30602
12991
NIE
31487
39675
28634
11941
1215
6123
4696
22020
13832
NIE
36655
21351
18623
8173
16602
7469
40721
37930
32188
44874
NIE
NIE
37258
34924
42307
25647
NIE
22631
41349
3919
33174
3728
39675
2264
1858
8861
13248
4522
26003
NIE
4372
27527
21545
2264
29976
49559
435
33174
36279
41349
38233
22020
49228
415
2189
48851
16166
14849
38640
20902
16166
12991
9226
18812
34924
36830
3728
20021
NIE
3919
40105
12511
18812
33174
NIE
7024
22969
11243
1438
9226
32110
27873
37987
41235
8861
19833
32223
32563
3728
24561
27451
22631
11243
14719
36655
25865
9226
38515
39675
41520
17005
8861
28392
36053
24561
31389
44486
24772
26400
21351
6441
25073
24399
NIE
38992
44151
33853
45529
17697
20021
46748
NIE
19741
30209
15875
36279
24804
22020
45529
30209
16166
18084
1438
22131
41047
27527
6441
3728
NIE
37069
14719
14275
33853
38920
5141
47363
NIE
10845
22631
5020
2264
33853
9226
32369
48488
20021
46882
13093
38304
20557
43691
27873
33853
31878
26003
7469
38066
32906
18812
NIE
NIE
27527
6441
29168
11243
NIE
18640
47850
2108
31471
3857
49170
6279
48082
29168
19165
22131
30209
20021
48804
37575
34271
11194
33853
35086
5020
23685
43472
48488
38992
12511
21351
5496
26242
36655
22131
12991
21742
45469
3261
46481
10797
NIE
8723
37069
38992
8049
49559
6441
8723
28085
2583
25464
32346
NIE
26519
NIE
47642
19527
NIE
1438
415
33174
23312
16166
47106
48082
3919
28624
36279
46305
30909
15875
33853
6441
14275
2264
46305
47850
NIE
42255
27527
44486
40789
48804
2264
24804
11194
2108
3512
7262
16842
17366
49790
NIE
29696
34535
45766
37257
24561
16166
5644
1907
14586
38950
NIE
28085
9226
9208
31703
8441
40049
36279
41047
38804
24450
48082
30909
48804
12511
7262
14586
17005
17130
39290
37117
26750
2583
30909
20021
12511
44274
5988
47642
14275
4522
6441
6203
28392
45150
16862
NIE
30602
17305
NIE
47106
7024
8441
25647
30602
NIE
40694
41520
6838
36279
41047
28085
43772
34208
17005
21984
3919
33747
4804
11721
34208
24297
28624
34535
20812
38304
38066
11194
2929
NIE
42362
31471
28624
34535
8915
2741
45469
NIE
2264
8393
38640
40105
16662
32547
256
21984
44486
47106
48615
23872
21061
28624
5496
32245
34458
34757
47106
21984
32110
6776
28624
NIE
4385
NIE
7469
35632
34208
NIE
32346
35247
16662
NIE
18623
26358
10303
NIE
28085
7262
27086
3919
40942
12739
32563
23312
30602
20425
27086
31059
3572
NIE
47106
14586
2583
18623
16842
18812
19833
32110
35632
13304
4804
4803
41667
12107
9226
43113
10488
39970
11194
21351
NIE
35632
NIE
2731
20557
6123
35632
39215
2583
33853
19741
11194
33020
34757
13783
46481
13304
29168
NIE
23872
NIE
31660
25647
21278
NIE
27527
34757
48652
23312
26519
19741
12739
33853
9226
18490
16530
15673
41235
NIE
45766
NIE
39665
46572
NIE
2583
6441
10182
27294
14586
27780
NIE
24297
38950
21984
32110
48615
44486
29168
3132
22631
35632
43037
14586
3919
NIE
30909
49170
24804
29605
37987
43037
33126
32563
28624
13575
35632
NIE
18013
7892
NIE
24561
33019
5933
40942
30909
33853
11194
48652
28624
18812
35086
NIE
34757
30602
45970
45096
33126
35086
35632
17366
26242
25647
15875
42658
24804
28392
35632
12892
32346
38640
7024
30602
43279
16166
10488
28085
11194
45469
46305
9178
16962
46102
47642
49748
16166
NIE
32563
7024
13304
NIE
31878
NIE
15875
25647
NIE
46152
23686
29384
NIE
NIE
2478
198
33126
17400
29696
25073
38066
48652
17305
198
44151
17005
14586
3006
47642
NIE
37541
11721
17940
37541
NIE
1079
12511
13468
NIE
34757
17400
3132
21351
NIE
28624
34488
26519
NIE
11194
39186
NIE
41667
48022
22063
10488
35632
32563
5998
17366
46152
31878
NIE
NIE
28392
24450
7469
23257
NIE
198
10797
12511
42255
49309
46152
NIE
44227
NIE
9226
1079
7024
21006
5988
38304
45469
11194
7892
40447
40563
14586
24111
35632
27086
6441
26242
47106
32563
16166
38304
46572
18013
NIE
4385
22613
20892
41520
39186
41235
14586
45766
28624
9226
NIE
41667
34488
22969
13304
46791
40447
34757
48847
26519
34488
20557
5722
22063
5987
6838
15550
31471
3767
14275
23872
35632
10488
25472
16918
20021
16166
44898
13304
8441
49391
11721
34488
22969
49309
17895
198
35594
14586
15550
23872
31389
37257
21351
9897
4107
198
39970
42658
22063
3572
22969
8441
23872
43472
32110
39186
19817
35632
44486
NIE
43037
35632
48652
25647
NIE
7024
18774
3132
35632
18013
26242
10380
42658
29696
198
25073
4385
25647
198
22613
6392
11941
198
11194
NIE
40901
23646
26519
NIE
38304
38950
11721
28085
33126
198
15875
7262
19462
22969
35632
2108
12316
20021
6203
22063
21204
28085
23347
41271
15550
41667
38340
35632
7262
25647
20425
2108
28085
10845
18490
30171
NIE
35632
17480
42658
11194
41667
43157
10488
46932
8441
38304
24297
37514
6203
16166
NIE
26519
5141
26519
42658
39186
198
27294
32110
46748
16166
28624
18013
12511
NIE
37987
35594
40789
13657
21351
6203
24297
NIE
30171
11721
33126
42270
33853
4107
17480
10303
35632
NIE
13657
33853
9226
17480
4107
40901
28624
37518
1079
17480
NIE
6121
198
29696
14586
23872
NIE
NIE
7262
43279
47642
4804
32969
NIE
19527
20425
NIE
NIE
41667
44486
40105
48652
48652
11194
30171
NIE
23523
15875
NIE
26519
12892
NIE
35632
36030
10488
NIE
10845
7892
29696
46152
8441
40105
49790
13964
2976
46481
2731
14586
4107
19527
10303
41667
46305
20021
20021
198
14044
46305
30602
40447
2583
29384
34488
5988
11941
48022
1781
23646
35632
14275
23523
41520
20892
7469
23347
NIE
2731
28624
1079
43037
8441
35632
3351
NIE
6121
42658
29605
1079
26519
35632
NIE
18013
28085
48022
17678
17130
43037
24561
6203
5722
28624
NIE
4804
NIE
39186
198
44486
20557
10303
21545
11941
35086
NIE
46473
3572
16662
21351
9897
46936
17785
49309
9724
13166
3572
25387
26519
23956
4024
35086
27780
40447
36363
NIE
6121
28624
33126
NIE
18812
1079
NIE
13964
47106
30171
19527
43472
2108
7892
43472
36829
6203
25086
27086
44807
NIE
8965
38657
38657
13478
25254
36477
7284
33853
4107
15875
23347
41667
NIE
42041
1079
32563
19579
32745
24450
9724
45454
19256
12039
3006
48203
25254
24036
NIE
2108
43037
6915
13635
2108
3132
9897
25086
34271
14745
33019
26265
35325
20
NIE
35632
24965
27086
7024
30171
13038
31477
2731
5141
46572
32723
8441
6291
49642
38657
17052
9724
33167
18576
20
6587
38585
35325
28769
16291
16662
14883
10787
NIE
31883
42686
NIE
8590
4625
26136
11206
4385
16662
28164
40447
21840
20812
8494
26411
NIE
8761
17162
48542
42687
35478
35478
5644
3658
46102
17836
8572
34695
27311
2731
49559
48217
21593
NIE
35156
41520
NIE
20191
7350
20578
20100
11054
NIE
45229
47220
34695
46305
9412
39619
28769
14909
707
20040
20664
2508
30253
43689
38950
44336
43224
15396
18013
21745
NIE
36272
9036
20664
47804
33038
6838
19155
14768
30087
42871
8049
28455
39454
30159
32437
14331
38819
29030
25789
2508
36272
6420
39146
8293
39758
20191
13166
18812
26519
46317
34271
32245
34416
23257
9544
47769
49391
32589
26835
3301
34208
NIE
2438
13964
1314
NIE
39454
27311
45522
13189
17979
37260
NIE
NIE
NIE
18244
48652
22609
3798
22338
45522
27149
8351
49699
16389
8293
34770
NIE
26094
47769
46317
NIE
34530
36831
10895
6310
9953
34128
22667
16865
16056
44793
25729
NIE
27662
17162
32437
7681
48799
23465
47282
NIE
359
49279
32437
11054
27966
43542
NIE
15448
2342
7141
34770
46481
NIE
7724
21540
45522
18920
10106
41542
48965
43231
15150
17130
7724
28164
30684
3409
14768
21540
6068
17836
33953
45412
21583
1324
10686
NIE
NIE
13478
17865
38178
23347
10243
35480
42467
43312
10243
41366
16744
26835
26667
18244
22840
21910
16662
42639
NIE
25837
NIE
42363
1079
32745
45124
6310
45229
21752
25201
18244
33272
44645
NIE
9253
NIE
NIE
6526
25258
42128
3345
17779
33272
8221
38657
24111
NIE
1324
26590
14827
23570
38819
47387
14546
3512
43312
29190
31703
NIE
26411
43037
NIE
6373
4542
27966
24515
24619
29263
542
35894
14465
14768
13613
NIE
NIE
28085
22686
45970
625
30888
39550
36715
18035
NIE
12105
26061
34389
31918
2243
42363
22651
17305
16525
16849
35086
2348
NIE
25120
19982
5376
27087
15673
26353
27087
34271
17756
46791
46265
13761
32612
8811
12289
36336
19257
47896
46881
48400
38178
33247
38716
15243
5770
42411
11635
1993
9006
3055
13011
28470
28867
30722
8441
29563
9664
30450
40066
7147
10517
23068
9544
49333
27732
33547
28565
1735
24111
26208
31233
45229
16064
39410
NIE
6620
29486
49333
37518
NIE
12026
677
NIE
10787
NIE
49524
29518
23638
5933
NIE
39223
31477
46209
17678
37921
1759
7741
30841
10175
NIE
8816
17467
21319
NIE
33376
44608
14909
49287
17100
33747
30352
36615
18380
35921
22319
21984
18955
36551
24457
34066
34416
48450
48289
45276
44592
10247
24111
27247
23347
NIE
4062
10430
NIE
17162
5378
30754
49704
NIE
19585
26253
28470
37227
15673
25073
16161
NIE
16918
47107
47016
18554
7714
30030
23303
44231
1294
16166
6422
21082
21390
41033
12254
21771
46115
4625
36192
27882
47282
13141
24898
28381
32302
33878
32437
3735
14097
NIE
49457
16781
47830
29901
18740
34782
21785
1378
12610
28565
32170
3301
34894
5203
7242
41610
37301
9412
4193
23816
4963
NIE
8547
16104
23004
1402
14700
41668
19038
NIE
12455
NIE
40456
12480
21638
40850
24872
46546
20884
NIE
31265
6244
12659
6685
5404
20775
46305
43991
43047
33997
35978
32950
36535
38950
41260
26368
31495
32373
46689
18584
17297
NIE
NIE
31336
37526
22061
44201
20144
2153
5300
22514
31424
49704
42337
19155
13600
37921
NIE
38950
18584
27336
20871
2779
19173
5473
12016
46843
32368
32110
47642
1960
10697
6362
31445
NIE
10175
NIE
37615
34030
32658
47922
17162
45814
25724
31757
44071
32011
NIE
48939
37048
18568
36300
43608
9160
7262
44716
23146
32710
19365
24558
12185
30723
42978
43370
NIE
544
47611
12127
31918
NIE
15605
30754
17179
NIE
38278
20969
NIE
NIE
22159
16785
19120
29563
42363
28470
20045
10658
30602
33997
30215
33854
NIE
26817
31723
37123
48104
NIE
41619
40812
7469
10598
NIE
40066
44748
37186
8302
22169
13335
25254
13068
20738
NIE
17052
33886
45959
37940
6540
3059
NIE
7208
NIE
35853
39801
9273
22736
12412
9160
20826
83
31704
33805
9330
19910
39283
34539
46040
21712
25258
48594
1014
47779
NIE
34861
5933
NIE
38674
5864
45167
31614
18231
NIE
35343
45959
17632
20100
15557
11698
47460
49195
20504
21194
47861
23888
7408
3233
30842
16425
34602
37091
35222
32245
11943
18244
20603
45469
4034
9556
18089
43047
34406
15804
39758
25061
NIE
10236
32634
16291
4696
18055
1692
4818
43501
NIE
49642
17332
19628
23488
19628
NIE
32634
44111
19244
4238
32700
10912
16008
22364
42430
36336
2153
6652
10430
9806
47460
25737
5882
45353
30493
47321
24660
NIE
49115
5688
41855
29675
6540
43341
21887
7448
29610
37353
3798
45218
30822
42374
45715
39619
1762
47205
30159
36551
15904
35335
28470
40172
NIE
34703
28225
40494
40396
26724
23586
37747
4682
19982
40040
24793
30159
8718
49088
40178
8238
18570
14039
18146
12501
13964
13890
41818
46976
13600
33576
2112
40876
47642
4280
32404
33485
2883
30207
26061
25216
31968
NIE
46024
30861
26990
NIE
49885
28018
45913
41702
10175
24575
4972
2828
48400
49869
8411
2991
35563
48594
NIE
48041
6310
10257
39153
NIE
41656
NIE
27311
28455
40543
42519
40313
43094
7415
36953
25965
25254
NIE
38869
6137
13071
561
26724
24640
NIE
17385
35693
36878
5568
11807
20568
8967
29675
26536
40324
38891
31281
13100
45680
17645
9729
41953
NIE
NIE
NIE
45987
2174
24716
38507
29618
33086
18392
21116
15260
11472
32547
5524
39619
9590
1616
41206
8356
912
1148
12291
37385
11328
25920
12540
37722
45024
NIE
38145
23409
45506
38363
3959
34118
44949
23769
34389
16979
24883
4675
21921
47251
16878
6322
NIE
33652
31397
7888
40759
43754
32819
30300
3755
45167
40236
8917
27573
38137
36642
NIE
5524
31889
22621
47607
40901
6878
32591
38509
39199
23915
NIE
48217
4647
7353
NIE
15746
40002
3345
49885
33359
21662
49541
25254
1025
46340
NIE
48646
8199
33121
2852
15311
NIE
32518
3496
6339
9235
46949
1922
9412
NIE
32700
11825
4729
46071
43176
28338
NIE
32215
NIE
NIE
20045
28510
45087
11926
37186
18134
3496
19173
38013
28151
65
NIE
24114
37082
43619
38765
25455
6104
46748
33255
6816
46791
34155
1858
3572
26375
21226
37771
35365
5978
NIE
6526
6104
559
7963
14215
NIE
39989
NIE
12293
3538
12659
29059
43683
29128
7369
3816
NIE
559
2474
16425
5736
46501
38242
8552
49504
11138
10257
6742
NIE
4018
38739
43420
32354
NIE
NIE
34275
12254
4789
4880
11
16602
7381
13761
23915
2567
44949
8557
9874
43803
19173
3256
35317
9089
11490
23176
21639
19001
47702
12671
1378
3438
16166
4564
16322
4995
24916
6925
37936
43338
4564
NIE
NIE
10393
19436
12441
18514
NIE
44413
302
31358
255
14770
NIE
29696
9729
47031
36846
39568
4636
4816
6035
32727
9319
1663
405
21675
14019
4012
43631
NIE
NIE
38940
29206
2706
22758
14039
4933
31291
12336
24135
33010
15356
NIE
13726
6204
4681
32696
16752
NIE
14181
11490
NIE
NIE
35720
36274
9354
38017
45482
1553
34676
21902
13554
6121
32851
15814
14945
42873
33010
18520
22193
12330
31788
10668
1917
41523
1510
39880
35325
35838
6089
20225
30647
2915
8718
35131
48132
35962
2174
9597
21184
24407
28270
8996
19231
23214
34617
9597
3569
2628
NIE
16990
3084
11994
34963
23414
29223
2811
8643
21136
43590
3945
33374
5796
15324
15888
45957
6491
17284
44346
4829
19495
33576
29532
NIE
22489
8562
13361
15628
42382
17472
42337
48211
12516
NIE
25262
24266
10975
NIE
45073
43057
39595
18393
11532
45797
36454
10845
31530
32869
13202
34234
7572
35623
13479
NIE
30058
24849
41529
23030
761
24965
25536
NIE
25216
9764
39006
31103
38017
347
47101
48717
14538
19910
30273
42534
43284
19065
47242
NIE
13374
25700
38950
44737
39020
25679
31716
2818
36477
48292
14632
5107
30238
12005
22587
24536
20864
33232
46025
32642
43072
29319
17136
20130
4402
24293
7355
19436
9544
25748
6503
10168
42873
9609
5598
46078
33312
31818
44482
2247
NIE
40576
20252
20130
19001
23956
34961
42282
48811
45273
41025
7004
27033
13246
38485
31590
18708
39006
34226
15613
23411
NIE
647
32969
31607
4202
NIE
21150
17348
37301
36363
255
21255
19828
6816
38891
3495
9742
27109
32998
47342
9556
45454
20045
20155
8369
5933
4215
29142
NIE
629
45797
49822
22063
48223
NIE
7556
28363
13890
44363
42512
26142
9899
14504
45146
19879
2050
34568
9463
21865
34973
NIE
3191
23176
16088
6620
40178
1873
33652
18290
25679
11814
20130
48831
2571
46373
3139
27703
47205
13908
43356
49158
16221
8888
30703
39092
39605
11344
35487
47220
4981
7208
35174
1907
38969
6772
13429
43800
28743
34741
NIE
14524
12127
16752
45454
49970
38206
43374
44635
21834
NIE
35988
33255
NIE
46885
29814
44757
9443
23530
9363
49645
11116
9899
26973
14751
39831
NIE
20384
8461
24396
41491
20620
17990
36874
NIE
6276
20367
8643
21807
NIE
17791
743
21467
47080
34237
33438
NIE
39411
12639
31265
31458
8467
7950
25596
42005
13908
18977
40505
21988
45635
44640
NIE
18822
NIE
31293
13723
39320
45635
49294
2203
2203
14920
18862
21860
6102
NIE
18607
9874
30115
48066
5404
33967
20835
7702
21152
NIE
1329
28816
46057
32314
44059
22402
8112
19846
24444
45702
25428
32248
25714
9695
17445
7998
30562
23836
21734
37312
41839
11858
NIE
15230
48400
176
28878
NIE
43810
39422
10227
45147
18691
1715
47846
23033
33904
NIE
NIE
34722
38134
NIE
NIE
38356
6189
8379
7466
44679
24416
41574
NIE
6179
33685
27311
44101
31035
NIE
1383
6102
29037
44278
36390
14472
31151
12105
20471
18001
13205
6844
792
647
NIE
NIE
18003
NIE
16735
NIE
NIE
27372
13705
26631
8604
35705
47571
18911
15459
30014
29657
13682
NIE
22785
29746
40467
12634
5695
14831
NIE
12412
10948
35630
40257
12556
36615
46236
38067
35005
46245
15796
30463
3587
NIE
30636
16494
49504
37771
29265
29657
39997
NIE
25019
39710
12014
22172
43993
43126
23257
31987
37790
44529
33464
13534
2198
6816
7147
27804
48738
28213
4062
19755
43927
3631
13975
4729
19409
35437
12480
2658
4694
32329
13243
3782
29901
37079
28383
11821
35246
16241
21968
27885
47735
572
45098
37691
14413
44757
16171
49938
19244
17307
49707
40812
28096
14289
15459
47632
16272
10150
25202
7492
17622
49394
23866
11595
36869
NIE
NIE
43341
22878
27089
28325
26370
1407
48071
36111
48261
22609
33443
27400
30949
19695
NIE
39223
5520
24361
16902
19409
NIE
30367
40482
5688
31549
7210
28988
13339
25632
35086
NIE
11753
23333
42245
3805
27935
16798
40105
12263
27505
42504
34319
NIE
14845
33546
31940
42314
37822
38092
384
45184
41379
38454
NIE
38399
48261
34036
5275
42850
NIE
34041
35131
42977
30527
17807
NIE
4681
20574
18045
16735
6162
4857
42800
5645
954
35200
25488
24281
8521
25818
9940
28624
10652
28902
NIE
NIE
NIE
39204
23176
NIE
39449
48975
47047
45588
37859
6679
32190
47710
33625
8594
46007
47815
NIE
14163
14395
6416
46811
49432
33287
37973
11331
19268
11714
8816
37303
NIE
48897
30414
5348
47293
44369
46007
16513
43608
26183
17990
16578
35545
10134
7569
40733
11460
23866
673
35909
31273
44175
36033
45098
46861
32905
16911
25759
25270
7963
47007
18069
26612
41535
43517
11953
23594
8140
40396
35230
11967
19732
41833
16282
41614
NIE
30822
10610
10678
40929
27518
36772
31300
42764
38168
3278
47864
NIE
19309
NIE
20455
NIE
36991
14269
32263
40065
5598
31953
3245
687
41172
31407
NIE
26919
24407
6021
14003
8328
39497
NIE
29500
26142
46949
5530
30922
24793
1524
592
34450
39106
26095
1896
18399
2018
45844
NIE
NIE
12586
13254
7612
21828
34066
40696
29548
5524
2615
14139
30918
12336
NIE
3805
43472
NIE
2973
39571
17953
41028
27527
NIE
44612
23717
35070
11662
1719
35600
NIE
1764
49748
34896
1435
10750
NIE
33547
7644
45001
9086
37704
32608
41157
39961
26061
5337
5676
NIE
18798
42075
21872
442
805
6097
NIE
18222
37146
29657
41069
36144
9179
5985
39240
43420
19900
46381
28779
NIE
41877
22364
22503
NIE
1789
12005
39619
6378
8787
41784
8209
7530
37743
5316
40
21968
3424
32431
26653
49092
3739
12570
12047
26844
32961
4647
NIE
26222
29746
NIE
23303
16209
47586
31498
38895
15582
35585
49630
954
19611
28624
NIE
4954
40920
46691
9266
44464
36804
NIE
18605
13603
46365
30292
32914
5726
7060
23190
11814
17944
8718
NIE
NIE
32645
3267
3621
16868
18237
2254
19120
16404
27656
28543
48265
9117
35747
40923
5058
15523
9289
28213
31458
11935
41690
625
NIE
27475
19611
38181
113
19680
35222
27518
17320
33636
44554
47235
29955
45009
717
6951
34298
19611
14868
40014
22686
47056
10851
36513
31213
7381
596
30463
27235
38549
19656
49673
3290
10179
20845
8810
NIE
26533
23654
10840
41908
43768
45287
43701
44440
21852
7995
16483
31861
21448
19834
22975
29639
37665
37809
30000
44055
37312
25001
35230
28494
28012
4499
16053
21266
41735
28872
35585
14365
16179
22012
42054
34621
2926
43221
3602
41656
47205
34238
24618
20058
37048
4972
35466
NIE
41087
23033
44134
49231
17729
22169
6481
NIE
31246
45935
NIE
41330
23611
24329
6021
36822
42520
5613
36368
7644
41259
21278
47349
36579
44273
35630
3267
47934
NIE
16774
49887
19450
3224
7644
46104
23673
34973
6208
7931
NIE
NIE
38721
47720
49158
17220
29795
35060
36178
25809
41598
41044
39477
24036
21041
33007
40955
43159
27010
11614
21425
29059
31254
NIE
17262
13166
49306
44912
41206
1553
4729
9089
32388
29901
11476
49738
14413
13756
43340
17576
5200
11076
24036
48751
9961
8875
1510
19628
NIE
7771
17448
45551
NIE
NIE
42681
NIE
13062
NIE
25561
26779
39797
NIE
39644
48363
NIE
16788
33622
39540
43150
36676
41325
28204
28136
31627
18440
NIE
16696
3993
34708
29575
34459
37874
NIE
3993
49719
17843
NIE
21219
36736
35779
31555
NIE
34368
30356
41206
29229
2355
36716
26382
47028
43772
5530
7945
39409
21291
40850
48875
39521
29183
48234
32096
29847
35939
17058
18094
9493
32792
41830
25513
NIE
27152
43594
20637
32114
4326
32690
46163
35868
25343
35645
NIE
20680
47394
48338
NIE
3734
28106
46104
8369
22785
43934
37041
40850
31701
43423
22995
20574
NIE
38399
17395
17133
25196
45229
NIE
34508
NIE
34844
17126
19563
NIE
28454
13614
19543
11904
6959
46669
22055
44713
22259
36998
35636
48217
9158
26826
8842
30824
47815
8889
28825
6210
7651
18992
22693
36372
26151
16834
22198
9025
37350
NIE
32357
25656
28340
44440
48702
32889
19236
37615
7962
25994
21204
34101
30687
NIE
44055
11617
35547
16552
47850
44426
47512
2608
NIE
17100
17986
6710
49125
27059
20177
31666
4883
26578
36169
45335
993
4230
49610
NIE
25180
17035
10151
26867
NIE
36139
NIE
NIE
17647
18504
21304
3381
10991
27307
22736
12166
2684
30080
35054
3734
19313
9902
6162
28673
7571
47157
33805
17927
35964
32914
11509
34466
21447
35314
31800
34906
56
45362
14310
30032
17568
19968
NIE
43451
24111
11213
36219
42719
36953
8081
18631
33385
40041
10209
45147
48241
35818
46957
39411
12330
7915
4398
20257
27089
39758
1922
7198
15286
46451
30305
28283
39703
37803
39383
40716
6294
8850
NIE
NIE
22012
29970
5590
28155
21423
18059
29141
31246
12768
10604
NIE
42710
11393
22544
22259
34335
167
7861
NIE
NIE
11099
38576
27902
36544
47116
48371
41561
13181
NIE
37489
47516
6620
35594
20257
18693
NIE
NIE
35428
26689
42235
21851
NIE
30590
48987
36632
31003
42075
10058
21736
37729
NIE
21023
12744
2178
17249
1265
44374
1606
11442
12020
NIE
NIE
7229
5530
18149
21005
47286
15049
39241
26668
15628
3518
27895
19811
45380
35928
38267
1129
11825
10478
NIE
31920
41491
13038
2645
40516
28740
34088
20155
12197
49964
11753
1839
48987
2370
10478
13349
34121
48071
28473
334
40516
46124
29838
25679
6652
43432
12288
NIE
40467
20655
27050
NIE
34080
NIE
28839
4699
14629
32207
35779
NIE
49146
1970
27511
48028
25729
44658
22272
27247
40105
42887
24553
18979
46044
8090
8972
11884
28276
16752
29054
29347
46540
17632
24334
3239
NIE
46610
24119
11177
29650
37756
35636
690
40191
27109
47970
NIE
36384
26826
41908
32336
8930
17783
544
40770
27260
18854
NIE
427
46185
7942
15024
NIE
25336
7198
46912
40089
5481
31590
12216
43689
4389
NIE
11998
48361
28473
12407
44213
6687
NIE
36791
34563
30324
34221
20415
7761
5853
35690
NIE
36390
30585
26818
8710
30766
30794
32935
29467
20277
NIE
33064
43490
26689
10585
16026
42815
49028
24771
23093
43013
16369
31064
39619
37929
28940
NIE
1711
30629
NIE
24639
NIE
13203
26472
NIE
30754
38335
12687
13657
23651
4968
28988
41852
36178
4002
9503
48927
46908
17953
45809
20776
37865
1408
22454
26208
NIE
27033
20496
24376
22394
31160
894
44919
42773
NIE
9270
NIE
37116
26371
12309
39674
40575
5132
NIE
12656
37443
8475
27858
15853
9573
897
30739
8992
2687
12441
35276
47470
46216
2842
28882
24570
22856
NIE
NIE
42242
36062
1057
15230
NIE
29267
37773
40046
13072
26551
47150
40194
16232
47324
20277
4299
NIE
33399
19550
47349
17290
39106
23140
37822
13839
41784
NIE
10235
16353
44261
13207
28170
NIE
15673
29339
32169
37398
2830
36219
5351
49183
35690
27014
4126
42211
25001
NIE
20991
35027
39008
38459
14181
41404
NIE
NIE
30866
NIE
11303
13257
45981
37969
49719
8268
6496
9545
19344
NIE
25623
16547
30176
15384
29928
40589
NIE
45623
37146
NIE
29686
31733
45120
24407
15477
42054
20761
43284
NIE
47096
NIE
13803
11662
49162
4215
1553
NIE
44209
37385
42683
35720
44064
NIE
10055
32906
677
9334
44663
40543
40554
NIE
19067
24317
9577
12048
15164
NIE
12813
44460
21063
18166
31388
18979
9775
23516
32263
22625
21634
14176
26428
34389
31662
NIE
39914
10477
33021
8400
3757
28114
40374
9512
26700
9125
12752
29267
26975
29528
10885
30431
48217
44720
9045
32507
42101
5342
30856
272
1876
NIE
25903
12185
10144
41182
21284
NIE
4567
NIE
13952
16288
11804
36997
48137
23962
45895
2157
47643
44526
27808
46741
45551
35751
3054
36281
6619
24152
38092
575
34172
33999
39020
22556
37809
14845
36111
27959
8643
24937
25693
32531
38004
NIE
42797
22527
45573
3387
23621
24493
4063
20257
NIE
28018
27049
32749
34834
3591
48222
12401
34664
22575
38512
42623
NIE
37526
28592
21598
21834
NIE
NIE
42365
28537
18634
3947
30393
23022
49315
NIE
43569
21634
22568
NIE
31323
42377
16536
31035
30243
49146
745
409
38013
13268
23873
44533
29663
26069
NIE
16377
10608
5546
40990
35195
23353
33879
17783
44231
4381
24771
15040
NIE
NIE
43765
NIE
25766
10189
37005
NIE
NIE
36723
16853
4195
29141
29161
28354
NIE
37209
49380
47281
32044
6509
49189
29329
38004
1481
23083
4347
14085
44297
5848
32995
16255
5254
14800
10633
27946
40332
30826
43099
40281
3931
44879
33475
39499
49695
12249
8096
78
NIE
44737
32427
32364
27606
43879
43374
47993
42314
29054
11664
NIE
24809
42943
29197
18485
1298
43960
NIE
15787
3788
5978
10082
10552
47500
9408
3317
587
34615
29828
NIE
14006
39338
13913
27712
8170
44535
7124
26708
NIE
8675
21158
NIE
17737
7526
33134
31590
35370
5751
26275
2325
682
19368
29993
4126
35563
22904
33798
34265
11424
36290
34437
19715
12151
NIE
44726
45808
27712
17427
33167
NIE
13847
10633
41895
725
41903
45862
19190
44231
47571
6137
25748
8069
29248
19834
22378
NIE
NIE
6927
5688
7944
17183
245
24149
44146
10803
12900
NIE
38181
48635
42265
10682
49412
8447
40812
45015
38559
17446
21619
20077
NIE
49470
18089
5378
37343
16232
10577
30637
13397
39721
14204
NIE
33064
48320
20871
17446
4063
20089
NIE
33655
41313
46148
4762
10757
16426
16467
24266
48152
48041
41152
28395
42673
35868
39224
29149
10447
30960
46483
21582
33603
10764
5230
16949
12798
33455
10037
46217
10037
24345
2574
21934
31920
38728
13826
3409
NIE
36413
11209
11963
30293
46124
22416
17635
17733
46328
14517
38924
31439
1698
36044
41668
32553
44998
36541
9514
43150
NIE
11986
22780
11510
7305
32492
41728
40693
27434
33073
39052
47357
33352
38618
16142
20909
21812
22245
23777
8330
1252
29015
18955
42334
27400
23051
12032
30941
35858
13086
21536
37007
36307
20701
3721
9173
3972
39560
41172
18149
36567
38950
41018
39345
28134
43934
39499
19521
44426
29758
8998
31145
28099
1779
7730
16547
4939
8027
21080
16834
32947
41547
NIE
NIE
12316
12193
10497
3326
5383
42150
21595
46647
7950
17962
40587
27900
NIE
27902
NIE
45323
49572
22443
NIE
20382
20569
9668
NIE
30905
29559
25135
32477
25984
NIE
42211
2437
26164
41465
21672
28867
4242
NIE
4906
NIE
9409
6751
6772
44869
21555
NIE
16395
3048
1544
25995
39355
9241
2050
39825
1896
42900
19502
45334
NIE
27489
20072
28677
12520
851
NIE
9199
44921
6839
27914
NIE
7242
27226
35647
NIE
18173
38465
42707
26069
39462
4850
16255
15851
34278
36504
NIE
2682
29464
47441
13508
1151
17073
11134
12070
30144
4428
1425
24461
10808
43252
33100
23433
27111
32780
13485
32407
NIE
NIE
44743
16800
40443
NIE
41352
35864
2145
33466
15033
38800
17359
46294
NIE
29047
21612
21251
19677
9093
23443
29808
13819
20233
14738
8942
44782
46469
NIE
48706
7730
1072
49132
24721
3535
NIE
37417
6481
NIE
36385
27182
19564
35136
NIE
43334
35459
17124
5862
NIE
37326
NIE
16466
46286
14232
29855
15922
40194
24987
48793
40842
NIE
26137
35418
16470
5767
13142
17454
2157
28446
12948
11915
2094
38469
21798
18768
45857
8079
42346
43596
NIE
34182
27153
13787
35361
394
9398
49711
10826
1544
41212
17374
23847
15287
8836
NIE
25259
1245
9045
29833
31813
21158
32984
47433
27726
40751
29650
39171
36247
14628
48794
40065
22515
36130
34196
6970
46702
35123
33805
27755
21448
26531
45157
4366
19495
32859
31174
NIE
28700
4339
11913
18305
8460
15233
19439
13396
32665
44178
11354
18416
20742
4116
19782
22378
49110
22503
19628
16450
48705
18025
15769
40147
16094
29698
31648
44391
6367
NIE
811
36595
4064
49572
1663
31368
48855
35903
11078
49327
39145
28988
11195
NIE
7289
45903
22138
6810
25313
48526
21005
44921
10144
323
32802
33012
NIE
8553
33576
13074
38553
3959
12813
46899
24085
8579
25799
NIE
1044
8507
22886
10985
14408
22903
28597
31494
NIE
NIE
12503
4778
28789
44794
37228
36978
49704
9809
NIE
26585
37132
26680
394
NIE
16921
46510
25026
27622
35127
11014
28209
37646
27769
3050
36523
NIE
4770
NIE
NIE
38111
15268
47357
48855
12536
14991
44834
25907
NIE
32004
9775
401
NIE
38348
NIE
12549
19147
29312
40524
46501
28002
41193
40329
49969
43818
43129
16005
27360
43602
26061
45184
10506
39364
10633
36051
17412
36626
17424
1937
19560
NIE
40543
27747
33281
12506
13018
7448
183
9086
42671
31769
47016
4387
15515
44949
5550
5513
38526
48107
8998
31835
28426
48241
10895
40206
27220
40136
NIE
13243
18044
17264
32656
29793
15873
13203
38770
23652
13159
43360
18792
13581
48915
4604
28822
24691
31224
1151
15538
NIE
2735
23564
40393
9241
20369
27382
23955
7041
43669
24886
8494
24828
46928
NIE
25619
9132
15103
44047
34284
43496
33421
NIE
NIE
48649
NIE
25349
9416
327
27764
43451
NIE
12233
3543
33933
16462
13481
10110
25300
NIE
41858
22524
NIE
9517
35977
11814
17561
38258
27683
8834
16914
15538
NIE
41304
46713
47242
48550
44748
16506
45581
3676
44519
35874
2443
NIE
10215
29519
18698
43528
24216
13018
33764
49404
1340
NIE
19811
42683
NIE
29603
47566
1087
22102
23433
NIE
49494
23143
3349
16949
47647
22087
46268
14551
42423
24056
31144
33167
46400
31418
5580
41611
16944
31668
26922
8396
24457
17485
42889
18308
32588
38682
31336
13922
1848
15423
44535
7482
33634
12036
8483
18596
41828
42998
8594
3951
45480
19867
22758
NIE
39967
17022
49374
34713
22163
49689
5216
26604
36176
26161
9769
17041
25918
17385
7601
47993
13979
576
NIE
3113
26044
21617
NIE
NIE
2181
NIE
46350
35874
34172
15696
4485
15024
NIE
NIE
10975
39150
30974
NIE
11103
33986
10765
NIE
39824
35864
32004
40775
41064
37362
25486
42941
5861
38408
45876
43941
576
14490
38837
38026
4480
5737
4752
48026
46660
25789
37929
33892
32770
23802
24750
23642
20857
22273
NIE
13391
28825
18274
374
29273
45972
6992
NIE
32460
NIE
NIE
45585
26605
20323
19862
46168
48343
44796
42510
48179
44157
21653
16207
26096
15672
40812
18854
11827
14093
22812
320
45615
20171
38739
NIE
12757
48815
892
2571
29559
3519
32645
NIE
38718
9760
39435
NIE
35234
5181
14408
25313
18960
23594
18858
28981
27881
45081
35060
8766
18723
NIE
29255
5897
48029
209
11274
32238
14865
5149
45296
48466
16440
21276
5885
29488
31145
14085
1072
5506
11543
33302
21682
16949
530
10946
11472
2508
41470
20033
NIE
1351
16997
NIE
18113
10644
24582
26172
36
30690
19746
19451
5801
19118
30920
30507
3499
41989
29433
17209
2067
12938
471
44937
43829
31996
18702
33081
41458
4427
14248
21746
18422
15387
23176
18100
43554
NIE
36728
16964
35204
44833
16672
47949
17200
38985
40177
33524
25037
2991
36372
7089
49093
32133
32593
31020
33617
25566
653
200
15002
7401
41662
26407
20068
29183
33407
47571
NIE
24416
1340
17262
14976
34653
37034
38730
30072
19405
34817
6670
18356
18430
2778
16796
9487
1042
27136
36723
NIE
19533
38428
12813
21251
44138
NIE
4291
16382
46007
47025
3390
48793
27834
14176
14517
44911
26689
49225
32257
44906
7255
1941
40222
NIE
27400
NIE
19407
NIE
23473
16877
1348
48491
30065
31891
19379
38440
29057
35370
16929
23380
11512
11813
32137
27348
41981
37144
34676
19336
15717
13074
25795
43120
45068
18397
6322
9037
1470
13316
29915
34012
10254
29521
6194
16530
29302
10687
30428
48788
20403
11764
36615
35949
NIE
33883
16021
15377
36776
6860
41929
42096
36579
10168
20759
23275
28633
39229
29921
NIE
5897
24423
42102
19757
27962
41570
NIE
NIE
16196
32259
37974
9991
29792
41240
8325
28301
45464
44889
44071
18614
31115
5889
41628
46172
NIE
24740
15952
11359
6913
14204
29959
48010
43907
19451
45474
8210
18744
30020
3798
32741
45472
18926
3123
31763
22535
25837
25750
18461
38522
3396
18155
25333
15366
35299
1204
NIE
15366
23495
11925
8607
37063
47704
23529
39315
9577
39090
NIE
34225
19517
NIE
28958
17551
31937
7294
26161
394
6796
NIE
47601
9256
11925
41917
40177
17006
49638
36603
19306
9493
14701
28998
15926
10360
1713
15321
47869
46434
29042
35178
34849
23219
49189
34041
19362
12441
36437
12451
5636
3549
32431
46378
41056
39240
NIE
5368
26496
48207
21389
6765
46331
16005
16174
33399
6178
7663
32193
43273
29248
11930
13749
15741
8842
25050
5969
NIE
38701
NIE
32551
16142
39172
3029
37264
21329
17311
13760
31962
11719
37112
18591
NIE
4037
1499
36786
1321
18385
24891
48753
39716
36921
17371
30758
7103
1368
25841
22236
20524
11738
36572
NIE
40201
24407
20557
44886
NIE
40426
9008
47747
1477
49078
8316
2940
22221
39986
41279
13021
NIE
22396
46311
29722
NIE
20573
NIE
49432
29035
NIE
45457
19421
18173
6189
13140
11215
10216
26673
45330
37326
21063
11512
10117
6932
35080
16970
48363
48008
34825
33851
33671
29528
NIE
48681
39831
32888
38071
13469
18219
45803
NIE
29676
25128
5158
30556
49784
12243
21668
26359
45828
2654
737
7593
33792
28443
22418
38599
35428
NIE
20723
40252
NIE
48722
45853
4867
24878
39348
23836
33792
20629
32636
40094
18874
2454
48841
26136
6710
32929
45678
13831
1950
22036
22332
42770
42957
NIE
44687
47132
30816
23811
24721
1954
32642
NIE
31852
21362
29969
42253
24091
41064
38559
32308
48891
33141
14930
45003
35060
44169
27425
803
47506
3872
41730
24743
24220
830
43172
5915
31989
20866
9643
13272
27610
33253
46153
14535
46438
NIE
9679
46092
39914
15234
NIE
NIE
8028
22803
25573
19078
40426
30784
12265
35502
21911
10909
31242
29559
30930
13194
8710
1271
8584
22600
12681
29284
4408
40332
12988
24329
13352
23400
27216
15134
46258
3312
33623
NIE
2667
24398
44795
15250
43702
37171
46779
38826
5383
2710
13567
41842
44172
35719
49386
9636
49039
17713
16469
26631
31673
38169
24726
33949
42140
26386
30147
49791
45857
NIE
NIE
25202
NIE
46096
13664
45525
16253
5548
29667
27664
38195
47525
27999
NIE
17169
NIE
25851
16978
8787
18556
8289
33201
24091
12313
42384
19831
13442
20220
13003
22269
7318
47433
33632
5042
36898
5701
8866
35586
43250
28233
14269
34355
45528
34417
NIE
40423
NIE
49616
26995
NIE
2608
11222
8684
12596
39538
8441
46975
33044
44606
16105
292
31311
6162
42326
18135
29967
49910
19927
12063
3917
10196
16025
41649
35025
45941
5400
25508
45390
11801
23268
12269
49823
1651
20518
12588
37216
7267
45778
42955
NIE
46406
13989
12165
42181
14899
10317
24465
43139
11607
20701
1280
37240
836
5997
33766
8575
16758
17029
49885
46122
8739
16877
20582
47029
2660
6883
18456
22912
18070
NIE
16658
48046
24485
1943
16443
8165
49947
41611
3195
35660
6318
NIE
NIE
NIE
42406
7571
NIE
35627
35391
13524
4749
47386
47066
3142
23065
5074
46847
1310
6324
6822
27696
31135
6751
13594
31592
42785
18096
36108
NIE
23033
40975
14930
17114
39845
NIE
27353
43383
16414
28019
10845
46566
28882
47797
NIE
NIE
18733
42606
37923
48256
NIE
19625
16706
38320
6511
8608
19768
36184
18678
37998
16053
16191
30176
27340
22040
41728
48887
26784
46071
41470
8820
26833
6682
22096
24701
1398
46687
44655
34467
21371
22368
19451
19799
36633
35179
16412
3344
28995
48864
18350
30508
39952
35325
3775
20923
36083
NIE
10379
33536
30668
12845
28802
30486
40343
7372
48603
33151
14147
14230
9676
8674
NIE
NIE
32094
28832
21984
42587
26199
44237
36906
23628
26457
636
49809
28523
14686
46164
36968
48222
5268
20409
1596
12285
5811
32642
1926
1651
48388
18869
37127
4120
30542
38900
8447
22277
27484
14089
20842
29465
5077
4194
44226
40757
NIE
31695
21027
20005
12715
25477
8023
10233
NIE
27013
15546
45705
49795
14490
42252
28003
18215
40393
45129
12076
160
45945
23224
23628
25631
37055
49532
48403
43266
31538
NIE
384
38381
42917
34944
38480
33353
48929
49137
4898
11835
17855
45915
21278
41401
25937
NIE
NIE
48029
21866
NIE
29528
24216
NIE
34438
36895
30486
15492
32705
NIE
43739
23938
8128
24739
31242
31175
5506
10242
12639
41592
11925
2375
37800
8898
26274
13790
11305
35452
38236
33883
34622
23795
29049
25245
41234
9624
37349
11768
31107
39650
27193
17327
46645
27487
42673
18109
40764
7523
NIE
22577
19981
41269
29661
14066
18955
2772
12808
44011
39302
13101
NIE
12164
4327
33562
47920
29885
13595
19270
37718
37329
NIE
15210
13696
24767
3294
8390
46527
41653
37720
15750
31132
3277
38498
30509
36587
37728
12379
29272
NIE
48546
8191
12434
12239
NIE
13038
45109
6683
4461
6097
2905
36108
21336
23700
46539
32958
48526
33035
11981
41585
32835
32137
3875
12240
16898
10216
27681
24426
31716
40837
38831
10166
46071
32386
23224
34616
43215
38865
30999
7159
43042
37535
16527
47247
32593
17317
41217
41074
11896
47737
28398
33623
NIE
43348
14444
3334
NIE
NIE
19980
33597
4842
16726
7242
21242
3459
22628
25608
30621
25588
42858
26082
42410
5099
4726
24568
36709
47533
38623
25298
10634
NIE
13658
18558
36283
43198
14263
43610
2453
45727
22535
22995
22418
21715
39986
29196
12490
12043
29189
6410
10808
41674
32477
NIE
29416
28147
1576
28503
34554
6817
NIE
45031
1226
18532
23051
19983
10115
45172
29722
9918
13092
2012
37993
24086
4180
43563
43597
20373
7783
19584
49436
9447
21929
18756
17759
45671
17760
14468
9432
6023
414
44213
NIE
30879
NIE
48837
40142
44939
40435
18709
16770
NIE
48366
12032
24487
45109
NIE
25885
43856
36523
26736
39930
49315
22724
25636
49848
27606
8879
10344
26370
12132
31880
47085
6006
40091
13004
33362
35428
4382
18709
16617
18724
46328
4428
NIE
35602
27795
22324
30936
18933
48613
11396
35187
32117
1417
43739
4079
27108
32294
31163
29857
NIE
2952
14560
NIE
21801
1707
40024
47547
29402
40696
35867
10437
45402
NIE
31323
NIE
NIE
49450
2818
44766
48265
13895
NIE
24544
34791
NIE
NIE
26516
6372
49126
48177
8346
NIE
6813
15297
NIE
28610
31363
31728
16132
42911
NIE
45201
3586
45811
8537
5327
26274
4097
NIE
40934
6603
49678
9627
43305
49279
31227
25905
17225
NIE
1295
NIE
40466
46056
49476
45001
NIE
7304
2498
43877
15457
7753
10547
17699
19892
NIE
22847
22454
40718
12239
14941
45636
14
NIE
38955
30494
20620
9092
43148
15735
25088
3586
46334
NIE
47284
32241
253
26258
23782
20679
39214
35668
19412
19880
9754
45348
42101
NIE
48317
42971
NIE
40112
24661
39878
28725
13197
16836
NIE
4450
NIE
29192
41018
39789
32668
NIE
24881
37070
28147
39825
41196
NIE
45855
36486
48064
NIE
24528
4428
27634
23456
2675
38952
NIE
29127
27891
47725
25700
5120
5863
31391
37305
29821
27484
42651
32801
44419
14505
21473
38049
48434
2485
NIE
30424
14505
3364
2828
NIE
2940
8206
43215
47998
38249
38288
19556
NIE
26784
1683
8967
31213
NIE
35538
27152
47131
599
17121
555
41632
25545
21167
19130
15163
44566
5044
30796
43144
22595
18355
10668
NIE
16898
28408
28475
NIE
47143
31487
16467
36829
42263
2680
23425
45332
17279
17770
NIE
38521
28809
12710
16284
27610
21661
NIE
33166
44547
20972
32570
30666
1829
13615
154
3549
2640
42516
48304
30968
NIE
18582
NIE
47271
3183
23567
48481
37492
3370
41530
20824
21063
39524
33688
35495
11449
38396
35924
2745
11226
21518
32419
29517
29597
3764
7792
4967
5638
922
2720
48296
13412
43892
231
4860
NIE
NIE
NIE
NIE
43012
31995
31553
11865
26930
3006
48519
20679
6146
41423
7265
42268
14492
NIE
7999
47188
47132
NIE
NIE
NIE
6041
11248
35949
48722
35038
34900
306
17119
32423
36648
41217
32275
49729
13871
37249
4775
9975
33478
8433
5591
43051
13081
20946
43537
49198
10944
34470
26464
26790
2879
47592
46770
43402
36168
NIE
46252
39634
NIE
33849
NIE
41475
15440
13129
43082
NIE
14896
24724
4543
46710
34133
NIE
29859
41212
23250
NIE
43255
25775
20542
23319
3583
48960
40501
12831
23988
21781
1921
22368
7301
12568
30675
14848
25323
19174
21572
20694
45868
7625
5581
30457
40192
9850
11157
16178
1193
28452
31080
19482
38907
16465
6165
37333
45890
24190
38714
NIE
9638
40293
46954
10527
486
47271
47263
12282
49500
3022
11978
22975
12947
NIE
30105
40887
3066
26198
16686
41385
3117
11295
NIE
39513
38102
10774
47816
17114
30138
41606
42320
22959
39424
12961
42365
19495
7662
12847
43544
22338
NIE
14006
1777
3509
48142
35339
35361
35797
7516
43784
45639
28275
5783
45896
33474
1219
NIE
48983
44023
31688
18147
41672
21484
31448
18861
44694
43120
12287
45390
5850
1226
NIE
28052
39093
27316
34369
40340
41039
29211
35478
48944
43996
39372
NIE
11681
1040
6286
26868
39460
24727
38761
31569
2635
7112
34029
11396
12573
23845
34133
33762
48423
41307
3901
NIE
37022
7053
35004
32452
34092
NIE
14669
47028
NIE
NIE
48098
18198
12076
20651
41419
27642
NIE
41587
NIE
43465
23895
32495
10527
33981
NIE
3057
27786
68
14476
25858
29177
27708
21530
46928
NIE
49791
13154
18125
6155
NIE
26431
49299
7331
11844
46594
16622
11248
9869
20911
1226
46197
32931
37830
48051
3245
41892
21750
13684
18309
39334
13120
21772
40391
15702
46590
2943
12520
34162
8427
19482
11978
45897
37415
21484
42221
8933
35316
28902
22501
21171
45833
19691
11453
42983
NIE
20790
NIE
48195
4078
45155
NIE
17473
NIE
11594
49140
24078
41413
25059
NIE
40906
154
3328
7110
NIE
7533
NIE
48307
14649
36176
16645
36953
20489
38182
21164
48808
2092
NIE
32240
28737
22221
10838
22418
41809
28711
6428
22758
26511
799
4271
30127
4868
1745
33837
44321
46168
4175
48894
43349
46542
8334
606
38620
6183
45135
7877
24301
28863
11295
22160
21966
14818
NIE
11391
7775
47920
6566
31483
19374
14321
35736
37133
47062
33944
1169
15115
30336
37315
NIE
17804
36275
5452
10415
27466
48950
32296
33241
24524
13947
34929
12901
20193
NIE
48453
43705
42582
29073
14311
20476
34707
32157
10634
45104
26799
NIE
42193
37964
41375
49658
39659
28774
33353
19222
45766
3178
40752
NIE
16449
14679
8020
2702
14330
48098
5528
8207
17947
49659
45241
25559
2329
42909
49213
49972
NIE
43131
4093
299
26850
NIE
29956
28532
45585
12086
28532
13252
NIE
49810
42719
NIE
31091
2409
493
23799
45010
25160
29418
37802
41227
16392
45095
34536
38774
13581
49039
2824
23729
15954
42777
29117
14281
35939
49481
13129
43465
26520
39522
19923
34563
35152
17000
5067
20078
24780
10902
18276
5386
17095
21389
3011
15649
4222
48681
33222
21129
23365
33461
NIE
19918
16819
32938
45853
32026
NIE
24320
33342
16140
5205
47322
25278
19599
23107
23799
10242
NIE
5039
23960
23003
5603
NIE
22975
37719
45203
NIE
35093
14565
20463
31202
27134
35435
16721
16848
334
17338
16723
45464
12746
10330
30926
6243
34952
49691
2710
39513
18992
45877
23448
14625
NIE
21532
33448
29374
3340
20163
35925
10973
3004
21859
5341
NIE
22085
9896
37347
NIE
20242
27216
24867
7423
11024
NIE
28395
1641
10621
15702
23761
18557
NIE
30786
32146
11484
5324
39241
7553
18048
2545
13317
7882
3499
13744
17851
25415
4864
46289
21806
19759
33210
33884
17857
18550
40845
4428
14666
34311
15304
8030
13120
1034
12814
41668
34758
36093
32348
15172
39560
4770
NIE
14709
45992
NIE
13038
NIE
36252
22454
18823
33327
11642
23310
NIE
35016
40718
2871
6386
39777
20433
17351
12117
47884
4362
33047
21409
20706
18558
20793
13972
41592
NIE
18574
46366
20688
49748
27657
24142
5213
19143
24336
25471
23038
42071
13010
47695
NIE
18143
20229
8800
46782
47956
29208
23204
9458
9079
32681
18368
27597
26605
NIE
27924
31538
22764
41564
8856
13054
NIE
NIE
12599
41672
4631
22051
4121
47762
29083
8427
20557
20434
21484
7019
NIE
5684
24871
43708
14348
3061
27858
46611
49396
5187
17703
NIE
43284
26009
2990
18177
37261
10587
32098
43947
27106
24489
1703
NIE
17868
1249
8504
44787
30036
10438
22508
8580
25765
15296
2053
6275
41615
30528
3545
27396
58
17887
38302
518
29180
15291
17127
23289
34176
47420
28296
NIE
6656
5029
24757
28509
35917
48585
24190
14633
14438
NIE
48824
21100
2114
35448
23147
13083
24162
3273
NIE
49279
29146
36083
NIE
42936
4414
14161
29949
11078
44970
27820
34654
44419
35398
20069
21093
29253
35344
32348
NIE
34155
14492
31360
32089
30623
43771
35448
38976
47890
30526
399
27668
27960
49520
39239
38974
26710
29055
41641
41628
3768
44434
33093
23336
NIE
47466
NIE
19523
5481
45503
12461
24930
4617
23771
30136
38430
23584
39583
39674
30601
1388
9571
40945
21762
7599
NIE
3676
38943
NIE
25746
35370
29043
5591
NIE
29992
39370
49665
24903
12329
13767
46445
24336
45445
43556
78
23080
1287
23552
11780
48818
18707
26082
10077
23918
4315
NIE
10162
7217
2163
49525
6595
30398
9301
47476
44496
15515
36129
4199
39050
18137
35189
45388
33890
41797
NIE
NIE
11287
19257
11801
23497
26612
29029
20741
8949
2102
4090
12784
39400
7462
43007
26948
45606
44745
46042
14758
4066
4152
40878
8373
24304
45826
NIE
46700
46696
32665
892
NIE
40590
43451
3683
NIE
3440
20776
7034
6162
31311
22195
14157
601
43179
42667
28870
36288
40427
36078
19201
28439
11157
44064
27813
18595
34507
9008
42614
46846
NIE
27497
2862
14560
19410
25976
20689
15435
NIE
35562
34285
30161
27158
8606
15782
47508
28403
25141
40955
40331
36489
14075
35652
10659
NIE
NIE
45669
3828
3277
20424
12242
NIE
10773
27931
12495
7053
41175
29315
5854
37514
14253
43167
1990
49719
3676
17273
39300
25194
10575
30576
44714
5629
NIE
30935
21893
17409
35427
39472
44461
13679
22327
5307
32607
16109
24439
23921
49335
30758
44135
5059
49150
33691
47467
29891
29452
24735
NIE
12699
37683
6641
14577
41681
38723
23220
NIE
19050
43198
21782
38587
6
44286
7560
21886
26007
NIE
12965
22960
40567
12670
32322
48281
11845
46611
40207
12022
36912
28445
36315
NIE
36801
6733
NIE
31499
46004
24653
NIE
7306
25368
NIE
5739
35574
42517
19612
35954
10587
49265
NIE
8951
9314
41999
48022
48098
49643
33894
35917
23353
1704
42380
3702
30782
19603
NIE
44932
37635
3709
15646
1583
7533
43694
15110
14112
1263
49739
NIE
23177
21142
23078
24707
11819
41867
43242
25768
34489
24895
24733
40501
13044
28343
46715
NIE
44542
41519
27599
20396
682
28251
4674
NIE
32098
15078
1808
35825
30303
38811
22523
17391
39138
33055
14673
NIE
24032
9987
49273
27436
36145
3098
1995
41262
48098
7923
47480
26760
25237
2421
915
4868
16209
22355
33137
38338
28579
38707
16567
48440
3990
26307
12648
3031
47571
NIE
35487
5850
9403
18292
6822
15213
10499
40651
NIE
NIE
20366
44789
11464
9765
19001
7219
49935
33892
8940
29912
13628
12573
4307
34822
40967
NIE
22911
15771
39608
43383
48159
43979
40868
23913
41195
23074
NIE
10715
27881
26436
43462
15358
19132
27457
36438
39356
16736
17328
6319
47010
2417
41296
15925
49965
49815
11366
31138
31384
42319
NIE
48688
26522
8249
28698
NIE
36233
24739
6321
9083
NIE
23724
690
35931
43345
NIE
28015
7136
10507
1628
38447
38848
23590
24771
45717
32845
21023
9855
35204
24984
NIE
3719
NIE
42252
49551
33898
19482
38867
43310
29372
21566
8346
NIE
43243
3464
26337
30814
40987
2116
36388
20110
28631
NIE
24792
40473
20354
32356
12514
23247
2927
21835
24130
NIE
13913
17075
29510
46256
33137
1893
24130
38246
25160
10740
24277
38642
21273
3282
45714
11985
32271
33523
25221
39676
10677
36476
NIE
7638
43130
41245
36725
40064
28614
24024
44370
41597
NIE
NIE
47385
47392
33231
29424
NIE
20661
27943
8682
29214
34756
31117
21740
35660
46130
37955
NIE
18892
47246
5565
40088
30958
6708
19845
46180
20025
17906
NIE
32796
8696
22427
37590
28486
1275
49042
23277
31126
7533
26514
5194
11156
38756
36588
45100
25221
15580
46149
21382
NIE
11023
NIE
3884
10096
966
33727
16811
37506
15830
34788
45767
26887
2137
11258
26762
12998
6082
16864
31525
15856
17977
38093
46459
46675
46488
29034
30732
14167
23573
44286
11875
6792
28185
515
34768
3649
44924
11947
23984
39032
34531
35786
48002
34890
15459
34212
49844
27763
8367
44967
6627
26907
22003
48460
41935
34423
4905
11549
30311
10527
30414
32281
19285
1718
48079
22991
43389
42488
NIE
48667
28395
18737
31852
32805
28307
12308
36569
13442
NIE
4917
16806
7112
NIE
34043
NIE
4880
30422
7506
36957
44932
3459
5754
17857
7243
15885
4816
8174
16291
34587
19904
10579
3612
NIE
31717
38414
38448
1576
27518
40204
22709
23846
41042
37262
36819
8537
42582
32909
NIE
NIE
47410
31864
43829
13233
NIE
47217
22607
22942
6281
34265
NIE
31740
33022
47746
5202
45382
NIE
690
47833
9891
24701
20190
20388
28609
28212
45883
9182
11205
2142
2673
11925
NIE
NIE
10196
NIE
14225
45827
11531
12590
25457
45970
NIE
44854
38361
10259
31750
38783
2348
38513
36823
31984
48879
39878
20790
32005
21431
10405
20188
46334
30974
11983
41942
10516
10117
NIE
45277
19673
15167
33883
41378
637
2579
22429
31917
15275
2180
30873
27958
16320
11293
13569
39084
15949
3089
41004
23419
46322
35910
43883
26297
NIE
8850
10962
44508
35948
27572
41276
5607
21963
36748
7557
41335
26331
4908
2562
28404
27522
24767
47187
3053
35709
5127
25847
1393
36467
34616
NIE
16898
33269
NIE
NIE
31227
31820
27093
14446
37329
10642
NIE
35144
48882
41389
44871
16688
16199
47510
NIE
9810
19417
25311
NIE
27279
39738
38962
4709
20338
NIE
38835
8898
33487
45969
2455
3188
16812
23286
18467
24116
41663
13442
NIE
4210
10858
9539
5089
44682
1385
38642
7626
NIE
8851
9204
NIE
22141
42494
13355
16942
36567
37550
NIE
27394
NIE
12152
46990
28269
25003
29779
19713
49437
23224
31525
37176
41346
20848
27274
10813
37302
32122
21820
44429
34217
19154
22171
11011
48811
36544
21623
4227
46356
4547
9093
37566
5605
25306
16172
46926
NIE
18823
43266
20651
35379
24737
NIE
714
42058
30443
NIE
21734
NIE
17671
2166
9077
19928
5811
36678
34585
5639
14557
1187
45524
13845
18083
47978
20027
1601
12980
16511
21008
8581
8730
5903
42698
12372
30642
39093
15304
28322
18489
11516
32574
30078
42400
28504
8960
21978
24878
19812
NIE
26495
29216
NIE
NIE
45602
43573
19232
27271
49334
11710
8692
42340
7882
27290
31117
11654
13680
42025
NIE
41671
47780
19977
18349
5034
43234
42563
11656
26230
10275
NIE
32934
714
31028
30836
11033
1138
36176
32660
NIE
11589
23174
45945
38423
10264
23695
1757
11326
31194
32082
37565
19511
24747
4156
47839
NIE
26940
NIE
19262
NIE
43460
36083
17808
4794
24100
17749
9053
24146
28318
43799
1046
25012
NIE
31831
12549
11185
38080
26450
NIE
47385
19909
12200
7625
3316
29355
44989
30017
5417
35917
NIE
29510
5122
34733
28373
13274
37756
25968
39705
28303
NIE
NIE
32176
46457
49185
10300
33955
4334
17621
19424
25118
48639
18532
3902
13572
41096
42128
11036
43924
47378
19297
NIE
16440
12777
34583
40965
16316
14706
28453
41200
30155
17781
28241
39149
49340
12628
38513
4041
26868
3167
33473
27023
4948
24057
30994
11032
18605
44666
28005
25406
26489
33559
805
NIE
47323
14922
3733
24356
15780
39041
410
37951
10204
49305
34767
33896
46367
560
17447
21929
14443
41888
41257
39510
9959
24533
49155
41760
43586
40411
14573
NIE
46857
38235
16577
38342
43246
10831
40728
NIE
30829
14577
49569
42832
42870
NIE
36670
5001
NIE
16497
37871
3887
8635
NIE
2555
42101
22894
1278
20470
33847
23159
7689
7680
9342
23172
35917
20802
11866
10369
43352
12826
39212
14178
NIE
7377
4061
NIE
36988
42891
NIE
4463
41116
26880
403
42905
34131
13000
34089
2925
3137
48899
35127
19928
NIE
NIE
17801
19504
32590
35355
4274
8644
26485
NIE
45721
48812
38615
8964
19956
191
14764
17759
32649
3995
48299
18586
23960
45198
8466
29433
17353
14590
6702
47795
34113
15687
7200
44091
45143
16250
4908
26907
16537
38733
21678
6498
48285
15547
3023
31919
11711
41658
23607
3778
46734
21806
NIE
545
4718
23774
NIE
30917
NIE
NIE
25991
6832
9889
38621
1925
NIE
35135
38513
39769
NIE
7557
20333
23098
24949
13137
39301
43294
10305
21567
NIE
NIE
36651
14825
41564
NIE
26535
8346
7792
32660
5144
3103
25284
28452
34144
11947
39511
28688
4600
27051
22274
15284
41424
48433
25085
20820
7849
5089
39558
5235
1156
19837
11334
15644
32531
29552
31370
33527
12159
6308
3373
13012
41819
46161
30625
18027
42694
4232
NIE
37629
10212
25572
2805
6752
12346
30104
26660
NIE
13470
NIE
46278
32172
17568
29495
14389
14577
33733
13251
41983
15357
31702
13713
34019
45905
12774
34910
2616
24907
41465
2570
38883
NIE
15160
3668
7574
38194
20607
NIE
12341
45410
NIE
20802
39929
24489
9755
25551
29365
36250
25163
14498
23025
39725
NIE
26766
32648
23227
41253
8159
15043
14276
NIE
15607
49579
NIE
29024
21836
33323
7074
39427
25656
43755
28481
15334
25834
6137
30453
48974
45471
16836
16982
22923
8526
14230
46000
5560
19431
19364
23010
45552
6167
9525
46568
49013
27832
9868
29306
43234
36106
NIE
21521
17987
22807
7211
16480
11790
47054
824
39931
26967
NIE
10267
5333
36138
22824
10522
37216
15418
43562
41907
34563
43243
38806
40282
26161
26851
37662
7467
48457
46211
42128
7804
47574
24196
18950
35067
49326
2448
16495
13612
31278
22544
21643
25879
31505
19960
24905
49193
17838
23415
10789
13206
NIE
43352
15646
48967
40941
41848
11431
22942
16050
49544
9531
14944
36724
NIE
37547
NIE
45452
44585
44063
35691
15859
38556
29678
4945
5136
24483
8005
29992
1755
2887
29104
48996
25746
264
46457
385
1404
49792
31599
3966
23793
38815
48177
10028
42447
20936
11783
35255
44821
39329
6431
NIE
33323
NIE
25496
NIE
20240
45004
NIE
22986
40907
NIE
38350
48046
8011
29002
22056
20850
7871
36321
44905
37203
25979
2089
18043
30942
5988
NIE
22816
45670
44148
44471
13840
40682
NIE
25503
16493
6200
49000
35761
NIE
2512
41969
36453
13807
42266
29372
11361
37971
35179
36996
41312
596
12533
34019
34033
22198
37865
30015
10341
44975
15340
17338
15179
25839
6107
13476
48449
36005
11064
49756
6506
18777
29657
34623
47625
20948
37369
17776
38442
39217
13455
9553
NIE
36138
43661
14498
4222
5433
26484
NIE
NIE
17131
12520
4434
12896
44605
48022
35110
3688
37291
49207
13492
49127
21979
35128
29525
2061
23018
9754
39496
17371
36402
9650
38190
3990
34689
32549
49191
21189
25849
NIE
45503
NIE
12929
27178
26092
20183
20194
35813
NIE
20173
16083
43880
12341
3478
48291
24971
34998
24284
45652
15713
35482
28072
13020
NIE
37327
22933
11561
796
1629
40595
869
12807
36258
28670
27576
37752
30420
48121
4249
39419
37768
35686
23643
NIE
1618
2365
16192
9349
22370
21220
20011
39628
21799
7499
519
29194
11876
44143
42806
14655
35848
49650
9575
20035
21834
2175
5224
18459
20587
NIE
7941
42628
22135
22256
785
46167
12699
34613
1337
13294
6925
24819
7552
14273
19915
NIE
40175
11695
18492
7327
30873
35931
1816
24681
22007
1828
30158
37948
NIE
22320
16260
41905
12144
11985
19840
2786
44229
27102
21977
32751
NIE
NIE
6735
37104
6610
23162
30546
29988
34308
46441
47680
NIE
1536
NIE
33642
21210
34573
43424
33396
37667
45596
47273
14285
42109
2646
35757
43007
18856
4655
21336
43270
19907
3220
33808
30028
NIE
29137
41020
540
4537
36897
26738
26924
1277
26837
14283
11239
32957
844
26382
3737
23590
10429
28882
18981
35991
32755
13651
11845
890
38172
45461
40311
6363
2921
22795
37675
26666
39307
44207
21897
15861
48404
17626
44491
20190
43599
45578
14758
20414
33380
14908
NIE
12869
42951
48882
9080
26124
30557
41951
20066
11023
49536
32964
4079
NIE
10009
9505
11108
13028
32210
4395
5818
48509
4758
NIE
22397
23072
NIE
10551
26028
3265
7495
9788
30625
36988
5595
18370
3243
NIE
46963
25036
1142
33340
NIE
49149
7719
37789
25456
40969
36475
6827
24739
41449
21227
37685
33859
37406
32888
15906
47331
14153
29673
29649
25755
44549
14949
17279
21348
49309
12495
NIE
49099
49589
14637
4073
18981
39260
34916
28373
1030
3802
2417
38308
37210
8620
44286
3096
27806
11906
38215
7911
35384
39788
19361
27974
NIE
2917
17642
31050
7047
20706
5322
44708
17090
24759
14789
48861
43401
14664
12023
8759
22194
27136
45811
20931
37438
42828
19547
7154
5127
49189
NIE
27078
10054
12544
NIE
43138
41605
8825
30646
32072
8324
41822
33192
44644
2468
35016
22185
NIE
46535
26380
2917
26579
7367
12651
NIE
39041
32393
40270
43983
38763
48805
2642
7493
10890
39736
40999
16045
39912
2552
49235
15523
11104
1722
9144
40357
36871
17932
26837
9316
27969
35912
40007
NIE
43978
9551
15731
13170
34312
27243
48931
NIE
34483
24265
14301
38126
NIE
21432
NIE
2690
38380
34462
NIE
14664
9922
32152
20974
44066
43519
12851
14403
31825
7419
NIE
38593
49042
40641
11036
46796
14333
46671
22882
NIE
6127
16002
17801
44171
15529
18986
4015
44082
NIE
8595
39993
2103
6960
45989
35964
44126
47246
696
31264
39041
39015
5307
13832
12097
6047
18122
7586
7830
45138
NIE
22885
NIE
24643
14971
38119
48107
5819
28462
20995
39883
3354
39056
2769
4179
13093
16861
49882
NIE
25872
2885
37622
23795
39082
31254
13638
19229
33667
49451
33288
49917
15571
49441
18111
31776
29775
NIE
41247
46277
28179
3386
15847
41979
NIE
38784
29017
26785
10929
40627
48863
44028
8330
2792
14208
17091
36853
26358
41626
19157
5272
NIE
47292
46751
37941
15782
15784
48893
29880
11951
47473
17465
17930
3926
39609
49626
7657
5022
49655
40821
26688
NIE
23315
1988
29224
28274
1277
26583
3522
26715
14604
1660
4725
39061
2023
42443
12037
24573
18442
44056
11444
7411
5492
35226
11155
11852
47173
47079
3444
1517
37845
21035
43169
15186
27506
NIE
45593
NIE
NIE
10518
8560
47841
22997
34243
5661
41257
46251
31203
6764
3065
39231
24645
NIE
22982
44951
18766
30191
32784
48022
9238
9340
23261
3566
29960
8784
17901
48500
19006
NIE
4274
17706
28928
14576
32036
41594
17693
NIE
29959
34094
3911
NIE
23725
5274
29091
5418
9399
10083
16568
49362
34569
48449
43540
10148
1318
45652
28362
39674
17947
NIE
37860
47494
6293
28102
23361
1954
24142
11693
44211
9847
11665
38337
22727
4388
12774
37914
38551
7928
32335
32882
47335
3308
47526
44647
28780
36561
38109
17173
10234
6313
34731
35782
25517
32321
11040
5762
27291
NIE
48351
NIE
36719
27981
36267
19634
NIE
5997
8525
46835
29717
24875
4463
3777
NIE
NIE
4114
34352
38605
24902
6909
38838
37848
36947
9975
17793
3891
NIE
30084
34132
17564
35967
6555
42852
NIE
49278
47656
31081
18598
38329
10052
NIE
21741
27357
26617
27710
15837
16957
33696
18441
21971
42053
47400
NIE
21690
10564
NIE
NIE
15268
32809
47705
11750
NIE
42654
44911
NIE
NIE
36884
37526
29796
11774
48961
19051
27944
9318
30326
NIE
21654
40676
9588
NIE
37193
32268
8635
NIE
21354
18970
32682
804
5500
25616
32122
NIE
12285
NIE
10901
24431
20677
45640
38063
11748
NIE
46879
34565
30170
NIE
30005
NIE
24851
35122
15363
NIE
48173
36055
33078
42165
20739
16756
11644
NIE
35750
18727
44282
28514
1128
23800
34041
20205
49763
32273
29520
NIE
20452
NIE
4747
25320
NIE
47602
31307
7011
4922
29354
22613
NIE
26978
32172
29651
27839
22278
34680
49234
38192
31817
27386
10794
3265
15558
30529
31599
11149
16642
47332
34468
11497
43007
7365
48396
20390
7349
29535
NIE
42098
38798
33929
NIE
2989
44902
23934
8353
28840
4674
22351
3108
16736
14865
37714
7417
39050
12575
24469
20161
13683
46106
2616
35146
NIE
24340
26050
29717
NIE
38295
37436
30125
47936
16066
25582
26021
18074
48291
43283
13883
NIE
41713
18404
20696
30100
45733
15086
44538
19341
40464
47863
NIE
35016
40752
1903
42494
NIE
31776
23268
16485
NIE
16890
42069
33673
41474
36884
NIE
36934
NIE
163
1647
47652
18459
32062
44
28053
18174
36320
9932
37714
4956
26230
28087
4992
30479
17991
44360
NIE
44220
12176
1760
NIE
17550
38541
583
39731
5533
48232
17640
25166
NIE
2650
19169
15978
30557
15842
2814
17752
20597
38208
45945
34875
29799
40836
456
47170
27601
10540
39548
23661
15960
23350
6095
40274
37862
13882
7072
39788
36495
8264
29245
29906
NIE
17642
16775
18404
3327
1585
24021
30772
32697
NIE
10121
12552
44399
7797
30873
1395
7987
29927
7765
20828
NIE
42909
29262
33876
3161
NIE
40105
678
27232
39388
9746
17411
15728
11149
32119
17338
21670
13007
9041
17901
22054
40207
34550
39301
NIE
3023
18235
25291
27283
28999
29756
37909
13125
13629
48620
5290
39427
31930
3302
6260
23691
37164
35266
41599
1921
24098
22824
34043
31119
35312
13732
10699
26759
12746
11351
2429
41988
15241
14466
13326
48437
14097
12903
17915
45164
26091
8853
41954
49948
46404
21616
2592
48481
16300
15737
10968
23131
48365
7045
25783
47526
38458
9442
43230
16192
10292
12071
48879
12590
10980
19691
23745
16117
33380
49191
NIE
5067
49130
26584
27231
26606
17152
42176
37049
5586
23678
12042
NIE
NIE
6171
22824
2704
38476
23295
48359
18873
47304
8008
45430
35489
NIE
41098
22560
NIE
6330
37979
49024
NIE
1801
2184
5173
3688
32784
16947
7786
24918
14450
4210
5888
48311
19753
48036
42135
46474
34286
9442
34954
45286
4819
25353
41070
40446
15918
32058
NIE
23501
26236
NIE
18673
34688
NIE
38505
22482
7139
23900
31374
12593
14772
7675
6061
33441
46260
21581
2822
16574
40737
45560
32491
5778
NIE
44294
47397
37241
48683
19892
27893
6457
11096
40016
17558
9820
947
48589
24379
7935
22441
NIE
12103
NIE
NIE
25295
4296
42165
38725
30191
7569
24590
36116
15271
34738
29011
17699
29533
NIE
42678
40383
22191
30961
15511
4218
33263
14064
33761
25640
19376
15564
15330
11334
NIE
NIE
31537
38692
31905
12300
17663
11728
49000
35148
27863
29912
36239
1566
28460
12701
17473
30054
8048
49290
NIE
29988
NIE
NIE
32538
4217
15446
29338
9009
2519
26098
22695
NIE
46223
8285
17642
30201
3558
3401
1496
16837
46937
27291
2889
14322
NIE
13778
46284
38692
28380
7867
9035
24648
3089
19383
2642
45457
43787
32132
31708
13035
14088
22830
1597
655
2131
41835
35130
20654
25554
40942
28708
38780
40872
48415
46118
206
43525
19682
8964
2671
49485
22225
47860
NIE
48836
37513
46065
24807
42106
18666
46471
4988
785
31018
44345
41252
NIE
47856
49713
20549
22325
24554
44211
45787
1147
49431
16468
11432
42547
38250
17117
40186
15792
37777
39541
38123
17947
33522
28955
39238
20936
31261
18218
11878
NIE
20825
46014
NIE
2575
43714
14208
19082
26715
5333
7072
29345
NIE
NIE
36328
42494
13767
30592
34096
44005
20457
5039
5269
35589
31169
37939
17898
33304
43064
8386
39505
9615
333
23231
17359
28716
18269
18710
19928
39367
41191
6466
NIE
25765
5942
14996
5356
6856
35889
3819
23546
23666
22822
33673
45892
15303
22607
25367
34789
46964
NIE
NIE
42845
17920
1897
28462
36541
NIE
377
8307
30398
333
NIE
5544
24224
14291
12810
3813
6717
27422
32990
2978
43113
37971
1172
38217
12866
35796
39439
5359
2707
1347
40548
5059
40911
20404
14607
41699
41128
NIE
43936
4662
8354
40858
30018
NIE
22519
47980
25690
20552
6865
5807
19291
22847
NIE
24392
12215
NIE
37813
48991
2938
34271
24200
20767
25616
37889
13471
47577
22743
13178
19203
44745
NIE
3253
47831
40385
20095
6865
34490
48696
13122
15633
43413
4938
12896
35780
15883
NIE
12420
41639
10901
21197
42573
27767
29700
15120
37558
20536
43710
26483
32311
22225
28288
NIE
33196
45327
13796
45578
NIE
29810
6073
18203
3601
28708
11055
40339
NIE
32669
NIE
40247
2172
657
13043
38217
22830
6243
4870
40113
22586
NIE
23151
8771
35575
42292
44732
39181
4557
41582
27909
21963
34706
38002
27873
10512
41974
8253
26945
NIE
1373
16523
28297
48679
35780
15209
6085
25457
NIE
17125
17034
26084
16510
37019
9632
1756
20597
19319
23110
26338
NIE
11077
35015
48621
25322
18297
7030
9640
13161
27362
12527
46790
4237
129
47449
18445
44585
13197
18916
18354
5005
38351
2994
NIE
40698
33755
25405
593
NIE
40028
32630
18297
46432
9719
47652
20095
25122
13666
17931
1833
5768
1597
6129
39625
1693
42811
37454
12842
13116
39365
37893
48691
35241
NIE
2519
29873
15595
43483
47795
2114
34329
33750
38607
18697
19943
33527
46643
832
17991
8625
13926
12658
40497
41905
42656
36060
25191
13130
21491
44021
837
46667
38063
NIE
36606
19356
24768
2616
46935
NIE
11418
26018
35161
44369
41969
46307
37847
1442
26292
40386
1591
8138
13907
16652
41783
43352
2175
9452
11375
36116
30858
20012
24480
7384
8745
46806
4815
30686
30341
21775
4687
41059
3108
17621
12270
19981
NIE
12102
18525
47277
31941
36709
20614
28343
13379
48395
6254
47064
4265
29510
16435
31718
NIE
47033
38165
47668
4385
12746
2380
NIE
49937
25464
2077
10973
42978
17678
17084
22464
16851
17767
16430
44594
32610
44021
39705
14724
194
2743
3644
39628
48633
24076
NIE
42390
NIE
8286
34588
13490
NIE
41890
14305
16151
39743
18273
16168
15200
48991
NIE
20230
8105
34559
12215
14801
18756
NIE
43572
39548
16313
29082
46396
9227
33617
14848
7866
4674
47133
28039
23350
25151
33738
12559
4237
4420
45705
36584
25652
63
13728
2379
NIE
31243
20379
NIE
17055
NIE
46829
27452
35259
48183
49357
2761
30408
35259
220
13527
34271
34490
24244
42851
39535
23391
23295
40298
11618
35634
46374
48874
24375
43438
40518
43076
12286
10298
30657
17117
13716
881
28554
35527
6190
19691
41144
11159
48737
41144
43625
38519
20918
81
10631
48388
22846
37675
NIE
26078
39700
38361
38019
NIE
38938
43345
30351
27991
47465
32345
42469
26460
49705
7292
21077
39202
38438
44412
13696
38554
NIE
25081
25578
43335
26978
3052
NIE
4823
NIE
6564
5902
20944
22467
9198
46944
NIE
25568
22185
20095
22892
11125
40946
49748
33003
31162
25839
NIE
5254
31552
5847
48899
6368
22629
1075
40627
NIE
22067
8464
36522
33863
NIE
NIE
13595
NIE
45065
39210
6192
31764
27667
44182
5584
46495
32664
7172
NIE
42925
1124
27727
12332
39373
21018
31452
21938
7397
4177
14919
29145
40661
29750
18031
4529
33304
18776
35504
30209
3204
1438
NIE
43032
11563
25166
13256
26798
13728
49615
41086
16344
45201
NIE
NIE
5413
32916
11732
11077
14919
5020
3978
4541
23702
29
NIE
5356
14160
49842
3842
30905
NIE
34053
5806
40206
40619
46099
24713
42053
21170
22311
8884
25616
7009
NIE
17489
18932
NIE
14206
19262
21207
44056
1640
19179
40429
41394
39056
14177
38724
32281
41297
4737
33877
47499
2642
38544
11049
28123
28938
6396
9459
30931
31063
17305
NIE
47312
26715
42394
NIE
48176
41481
49024
40905
38652
9094
20582
NIE
NIE
16184
49583
31374
32370
1874
40295
48918
31863
16738
5649
45348
33124
45882
36296
35780
25557
27813
10543
25802
23712
43272
43438
5239
1363
18873
2950
NIE
32199
49467
25565
33561
32915
NIE
10686
32370
36258
19201
17803
5163
43009
33678
17835
38186
19857
17530
24369
NIE
24561
45269
33647
48299
1671
45841
39186
35519
39305
5596
12826
14691
47378
36184
NIE
19323
19597
3728
32538
47731
28481
28961
338
36380
14790
11758
6963
21151
44611
29357
21692
20934
31976
NIE
13977
31081
11596
17188
26515
20306
45786
11682
20255
14866
38558
8731
16731
13056
16835
14771
3089
48898
16203
20535
49918
24733
25156
48836
49182
14384
41965
747
NIE
5954
NIE
NIE
48567
46014
21977
NIE
14676
45121
NIE
32240
35887
42580
20824
7599
15620
45616
19727
11149
2359
34258
43310
26309
42792
NIE
38529
32010
21987
18639
NIE
22740
7804
18904
17819
37816
34875
17078
21917
8411
9144
46764
9504
32870
45185
NIE
13039
11531
46186
46259
37687
9574
20562
48974
18229
24815
39748
37432
NIE
16395
10122
17920
NIE
37093
46534
22799
NIE
NIE
20665
30114
16011
28168
7177
45296
14467
43997
12131
25868
47135
28472
15223
16289
19000
6622
40621
10032
32430
27575
NIE
46954
29184
14074
17235
37131
8105
34985
48007
36841
25864
41752
12013
3955
49061
2245
17153
40421
41723
48432
6722
14280
6622
14267
44491
11443
37768
15400
33484
44095
35523
29510
41750
13357
16851
45661
1225
32189
45612
13145
28938
16969
NIE
42205
29164
41596
NIE
34258
9712
22277
5355
14525
28061
8960
10111
NIE
5984
NIE
NIE
NIE
NIE
19575
2172
42165
17291
29040
13799
44905
39367
507
46705
24138
5118
38953
NIE
22974
14071
29662
40534
34636
1189
26352
49316
22123
49120
28184
17453
17201
44303
49448
31098
27725
36305
21409
NIE
33609
NIE
39988
18420
11291
11732
2213
33440
33855
26810
14512
27187
24217
42434
35617
34801
316
34926
22274
29499
41795
38958
43801
45372
29351
12152
27102
13606
16217
25853
34428
3988
41968
46886
7760
40308
31329
41265
7117
14801
1555
3744
22881
10498
2288
14514
NIE
NIE
42769
46210
9011
39535
4201
9977
22380
8292
12077
38400
12691
450
27252
23251
9144
11184
16316
35374
16376
4809
33832
14481
5943
39760
38844
NIE
49981
39290
39963
NIE
48044
17443
18143
29823
27088
13936
24504
33492
38254
9569
7958
18064
6192
34738
11693
20092
22619
1891
21177
3199
31153
22467
43039
22166
35470
30891
21569
22003
48197
NIE
30114
20070
8105
13173
NIE
35662
49952
49743
15281
30635
19056
33592
7283
7427
10713
14275
32682
1403
15410
8484
4932
48696
21826
47480
15979
25699
46259
36799
39361
18873
8432
32941
41158
44897
41315
34777
31764
20828
18945
32252
37768
10727
16972
40361
7470
16645
17890
16277
2184
36505
31887
NIE
29481
29723
10415
7478
46363
41323
20757
36594
45674
42145
48263
44333
26772
NIE
17664
47878
29245
2097
38259
39760
40518
NIE
29923
30992
15471
37539
10409
33840
18438
31450
19727
3432
20886
NIE
5431
5118
31303
14375
48197
30820
24128
43015
37893
29510
22586
38639
30899
20740
25325
18404
45301
4338
10557
2004
42015
NIE
26298
28511
NIE
NIE
46259
2688
203
36324
13822
8702
27613
45678
3977
NIE
38677
27064
20345
39354
14423
47108
46448
36289
43947
23583
1290
19224
38580
NIE
41582
1504
6448
10784
26257
25754
22586
9883
32824
30689
21816
29679
43174
24810
23861
49127
NIE
36176
18501
220
19218
NIE
25876
17823
15879
3283
38129
30396
5328
15548
48176
44313
30340
NIE
8592
NIE
6246
44897
4703
15252
15346
15147
1850
46590
21463
20536
15875
37432
10083
36974
46448
2468
16395
31579
6415
NIE
9188
NIE
40728
18793
15023
2118
48619
35243
33834
38123
42394
5307
989
NIE
NIE
10304
9989
17598
NIE
6536
41862
36643
29119
34598
14385
49820
NIE
26570
NIE
12885
6233
25690
10039
25092
NIE
18426
8463
5540
32321
49944
14063
34078
48870
30539
37035
4866
4128
45179
13722
NIE
38789
NIE
46762
38911
11007
14425
44303
22301
NIE
29983
14889
42740
47513
15112
879
28924
14450
17861
29939
7760
41707
12632
NIE
NIE
18659
34596
24598
16738
NIE
21664
41086
33552
20189
13498
NIE
NIE
37834
28870
23391
38690
NIE
41047
15086
26763
29904
NIE
11315
12842
5994
6396
NIE
40772
46495
NIE
27698
NIE
42319
37098
15936
24057
7384
46429
9889
26907
7283
6260
20757
NIE
9204
9246
31134
35457
46325
3807
14771
20184
13851
28212
3625
38208
9911
20965
3578
17078
26400
19691
40621
30638
35665
21977
6732
28835
36992
43100
48367
NIE
11531
35831
25619
25351
39091
7981
33947
28218
13093
36892
29286
12566
20601
4684
22375
9635
9445
3973
43963
43735
45005
24803
11924
19901
14029
6576
35832
20684
26129
16006
46746
47348
NIE
45450
32907
34122
39018
26696
NIE
36547
39105
22612
37623
NIE
NIE
33131
2118
507
39770
NIE
30350
47335
46259
15132
23559
46917
31442
4354
18462
NIE
3610
21403
NIE
5215
29062
25191
44792
46572
19853
13498
12002
46454
45230
3610
8919
5205
18099
19746
6236
37689
26083
43055
2539
18534
4372
11294
7640
35506
27854
44163
37853
29510
5251
29892
18534
42851
1019
NIE
NIE
48851
16083
29818
47437
46567
43290
39215
11138
NIE
NIE
22096
32206
17005
30539
32471
47308
9746
24930
28870
1043
32981
28103
48621
12582
30958
16718
29687
17278
23059
28675
2855
19956
44874
36090
39849
21377
17093
31462
3250
19297
44137
49232
9598
44774
46604
35672
17008
38021
38742
8419
NIE
38007
45401
9078
3478
47490
187
46086
NIE
4098
23295
11837
5784
712
32799
1315
44195
11496
42138
10679
45878
46186
30706
NIE
45729
47378
17678
NIE
18344
18661
6289
35895
NIE
NIE
48082
14322
28201
38724
17383
25876
NIE
26057
23591
34193
48962
23154
15903
40905
7505
11582
17138
39325
33855
NIE
39516
43320
32211
14013
27428
15141
49207
11636
40926
44084
27064
NIE
9267
27072
2285
40221
20503
36184
26429
15617
42113
44936
44552
27040
NIE
24474
46203
NIE
10374
29324
36927
NIE
43632
2089
16264
32722
33966
33465
9889
43758
44865
43381
43183
13638
45026
37947
16599
NIE
36621
9047
41760
4618
33104
34021
28670
12819
507
11496
44727
47565
49985
32379
10521
21624
4751
38128
39572
43632
40174
2032
45642
13778
39475
26832
38511
3617
41657
22375
17313
36422
34830
35617
8956
NIE
NIE
4782
22287
18661
NIE
42456
5845
37268
7179
23628
15120
46846
29674
35680
38619
23341
49193
15555
26309
13920
7172
40926
10586
38701
26887
2074
15965
3880
24280
13200
NIE
19894
43980
41599
21837
39174
6889
48365
24633
28184
43758
36166
6667
48502
2758
25756
11690
35389
34154
42125
45769
20944
35539
9646
5806
26174
NIE
31265
34004
28324
16387
13737
28509
36501
8378
7148
10602
43883
35479
NIE
14149
34842
35170
NIE
20470
35933
NIE
46099
5486
16473
44246
38670
43343
136
2379
28331
16897
15179
15579
11226
22781
5486
32349
8570
6829
21200
1803
37016
46746
11298
42090
47395
605
NIE
11675
27570
29011
26249
12060
23290
16265
25719
21248
40421
20522
36591
NIE
18051
31022
25011
17878
17392
5070
34650
36655
43976
38045
14245
19085
47162
34251
19047
290
48135
NIE
8394
13661
34759
26070
39802
32515
44360
5899
26018
8008
NIE
9562
NIE
31220
22727
NIE
17728
48724
26843
29609
46403
20964
17856
14795
31935
12927
23794
35154
30927
27357
NIE
40709
27944
16143
37681
44755
7846
34669
31098
10188
5909
40541
NIE
42257
34644
26876
37344
12819
NIE
17856
15765
38199
36552
18317
17195
39566
31238
23212
552
45190
39215
13748
32471
5719
38115
28536
48270
39461
36374
9966
37389
31499
32444
16418
49487
5670
714
34194
15086
33490
8342
36754
23757
3697
13626
9885
23079
21700
47119
1921
27550
25416
43310
6818
44084
908
41845
38815
4856
7779
17175
36060
2005
29245
5328
7090
26743
20641
38577
20739
17587
35328
3108
NIE
31519
35279
40394
33700
9712
6007
26043
28511
32733
30373
33297
10455
23447
NIE
668
47897
35901
31764
40802
38511
NIE
36591
32189
22191
NIE
5053
4723
31355
33348
11437
49424
45678
NIE
35787
45752
32942
16270
2538
15579
36203
16942
41907
13595
24043
3514
25715
1337
19438
32281
26236
20124
32763
45209
12878
12142
11075
35898
21314
NIE
49877
13816
26257
14641
40709
12156
26230
39593
27120
34428
27570
3374
46454
13944
7662
30598
45766
12124
38199
23669
NIE
2563
NIE
33184
12542
37131
30067
32349
7027
45791
26147
39354
40083
NIE
22892
14291
29390
706
NIE
5902
23120
NIE
15465
4947
3688
39329
NIE
9063
48928
9820
2522
45521
12066
NIE
NIE
NIE
47378
28311
2688
26911
1953
22027
39522
22029
27390
33091
42251
42138
21734
47378
28109
3018
38192
35953
28212
NIE
22374
22139
19062
45533
14558
NIE
33490
NIE
28706
39931
44072
15911
49952
44163
22366
30084
20896
10039
31567
NIE
8832
40521
5251
7821
18573
29373
22778
37319
45128
4949
NIE
49504
45269
7529
13832
34706
46771
4980
29609
NIE
21059
32317
8523
33368
35868
8704
4343
NIE
18880
24488
27036
20190
3478
12187
11192
42462
338
NIE
18259
13879
14691
NIE
14291
39427
35086
30836
31682
46494
9860
12632
36383
28131
37279
NIE
44729
16898
NIE
29154
42389
34907
6984
1251
9813
NIE
48007
46686
40800
27146
44298
18523
32996
16083
29586
24620
47277
39317
44965
28353
18673
28198
7248
35426
12033
21463
NIE
439
15147
33178
26632
17246
35799
1241
42599
22433
23324
3857
38866
15510
22179
29717
27417
16896
28358
NIE
28051
40728
13304
29687
NIE
46594
2054
5426
9562
39091
19600
47348
43259
24902
12749
5577
11636
43477
46454
24598
22771
42690
20062
39839
19981
25044
34390
27541
37073
6085
29908
4249
39802
48431
43186
16684
10161
NIE
44548
19398
15653
42705
14852
138
8126
14574
47695
2630
9838
47026
22644
23934
22979
4476
35355
12608
NIE
21207
NIE
8901
29849
27177
41468
3736
43916
NIE
45548
11995
4489
14531
1508
30958
49886
4266
34969
NIE
21302
12234
2715
30882
21482
49068
26157
7725
45612
1882
26453
34169
12294
41399
15802
8878
44077
3002
1268
8704
NIE
17557
39101
10425
37218
31703
49014
NIE
47458
NIE
NIE
14897
17093
24280
15805
18565
5991
36479
NIE
8909
44927
36682
20290
13014
46166
36735
2921
19989
49942
48131
26186
3751
36353
26366
NIE
36197
41373
39048
41856
48914
NIE
6197
12778
33642
10221
35643
44427
NIE
11778
16337
7736
36203
17138
NIE
7115
NIE
17795
NIE
43343
10967
41983
8748
23864
28131
3504
48783
8235
28894
44874
31499
47395
11006
31462
9300
17045
32328
6686
19291
44836
9047
38529
49924
34546
29822
10848
2478
37035
44269
35735
44143
5909
23447
10659
34686
47233
24042
12601
35279
34576
21837
48
25291
11278
33797
36109
39347
33046
41665
NIE
44864
41983
6870
8630
11332
19415
NIE
25652
43586
NIE
15968
33873
11097
44503
42033
19356
36531
46504
43666
5340
28051
40828
39427
12296
32102
8671
NIE
38315
24450
45718
27570
NIE
18442
38090
32594
37377
1453
41790
5671
541
13765
13433
11437
40049
NIE
47824
7599
NIE
44028
NIE
36310
24380
3842
43095
47620
23440
5295
42387
31471
NIE
40828
23563
24043
2014
26445
16113
6996
49207
36580
NIE
44442
47378
43525
23094
28568
26041
41765
34598
29318
14968
43354
9947
37030
28568
41066
17495
3180
30736
17163
37104
14485
31307
19725
5215
5070
28131
2950
2014
4263
17110
22200
488
NIE
21993
45367
NIE
44046
11487
33187
NIE
13590
39788
28085
777
NIE
28793
13163
NIE
4435
NIE
27570
24788
35389
129
39190
47781
20896
36669
15490
38476
11006
40186
8008
10784
15229
NIE
11128
45215
34516
672
34312
26298
NIE
NIE
2158
39866
7750
29786
18602
16184
11465
1094
46203
5653
22659
35009
21863
48696
17054
48821
39681
NIE
48240
1313
39931
33303
37530
NIE
21396
35043
31764
4414
38161
19042
9300
23568
30975
33383
34462
36855
29305
6677
23074
4114
NIE
15422
32682
30553
31360
19290
NIE
13333
10338
19825
187
19099
7201
11997
32086
37623
29184
3680
31922
11214
10738
25547
41579
46166
24666
44143
9927
30191
12557
11178
23324
22659
43143
26134
19572
NIE
45956
32382
14547
45529
11893
31982
19572
34887
27472
47806
10455
31134
24480
26257
1039
6260
11372
35445
16316
6588
13967
24425
39640
34256
35615
25704
33321
NIE
5803
15758
40768
17571
34251
31031
769
6773
46347
1108
20825
1953
45919
29973
NIE
NIE
29565
6119
1860
NIE
16896
15112
1882
24180
19975
47051
43055
39894
24402
4821
30360
42448
9695
8479
3374
31232
17762
41599
2642
NIE
26587
38034
31560
36427
2964
43538
30326
47695
NIE
1631
38574
34588
35819
28292
12361
47534
NIE
33398
49363
13261
26434
29816
44033
23131
44954
18163
19303
40996
20108
44084
25755
31206
4501
250
24788
16879
21987
NIE
33535
40835
19223
3167
28292
6129
16277
49815
39437
31764
27022
13433
36475
16491
41765
25802
16677
41968
16375
12755
13028
11496
27479
7209
8196
7617
43837
38615
9442
43679
13465
14603
12819
13953
17008
12445
4961
5964
28292
48260
413
16066
20516
15968
47458
30501
40871
22373
10813
19132
38304
2554
1241
NIE
20987
40791
49323
28458
17422
NIE
16473
11035
20168
41506
45469
19457
46545
20997
23771
43329
NIE
15542
37231
5426
23139
10516
36153
7496
37284
28586
29305
25214
30836
11034
10471
42965
24873
5991
42660
28386
NIE
47588
49323
23614
31846
12077
40378
5467
43916
13313
29563
43670
34617
19334
45944
39558
NIE
8568
6365
702
15441
32370
36132
4655
49825
25087
35568
3389
13369
11475
17132
8614
NIE
41831
26217
9281
12066
5340
14191
7965
11182
37753
29586
43381
NIE
23346
14403
417
34859
24142
34181
43830
40083
7445
41571
36462
43586
19444
32110
7209
25134
27741
8147
12511
2244
10572
7345
12419
16523
14275
29367
21330
12255
2944
37714
1375
20205
21933
21424
24229
3417
23563
9403
30970
47074
13251
36305
8999
35710
42277
47378
19536
10611
12957
46683
4611
24188
14852
213
11973
2758
30975
47685
39461
14414
1605
4197
24153
18334
12925
21916
23110
28162
7117
18203
19536
19444
6918
47053
44010
19191
48272
NIE
27426
4751
13408
33066
13275
31533
400
NIE
42138
3155
49545
35615
34113
15703
41487
463
48329
47995
47729
43320
41271
49014
181
NIE
40221
3129
6024
45813
8004
31688
15747
39154
2273
NIE
14862
42331
12012
22044
21569
29168
35680
3330
9163
2235
43315
26616
9469
17795
NIE
21024
NIE
34881
13110
30719
20446
36122
38554
4755
19062
11270
14202
1807
38724
11968
32126
19168
28498
15460
26500
48851
NIE
NIE
16533
36855
NIE
34060
12255
31993
44258
16354
45724
20474
14817
19223
25639
25065
40537
18788
4479
17024
9184
19191
NIE
45092
26417
49739
11997
48851
11774
1855
47963
49323
34779
27328
46429
40244
25941
43381
22929
4693
37218
36246
NIE
45255
35578
NIE
NIE
17093
34073
18647
42951
34372
27893
30602
38027
NIE
38119
439
41678
14622
27021
38400
329
4176
15188
13125
27036
34999
44689
28975
16235
15293
8671
18877
12116
6037
NIE
33841
18367
11128
44545
19297
47259
NIE
NIE
38574
28154
39752
22929
11941
NIE
41735
8397
49323
15126
15834
NIE
36436
43413
36625
43805
25701
45416
38909
24455
38544
17021
15770
30259
9422
37873
17473
7550
29469
10122
20370
45367
47792
16738
2743
46045
24234
NIE
8975
NIE
39839
4107
46099
11663
31703
30140
17587
28117
18807
7821
39699
41235
3873
31480
NIE
NIE
22340
1332
49742
23898
14114
1693
44084
47259
1366
NIE
19297
18754
19398
29241
18436
38315
1788
49522
14707
20205
19719
19975
235
32629
5215
26936
2379
46293
22456
24057
45836
34985
43561
NIE
26632
2870
NIE
549
1969
39180
27362
9321
27233
1988
17441
13014
15188
NIE
NIE
NIE
33541
19127
31533
22262
3792
26519
42353
47597
1205
41718
6344
22042
43561
129
46640
19750
19515
9904
44593
30956
27118
40871
36305
29849
37355
16316
34439
43174
46933
13765
26332
37392
49261
38263
3258
17084
44678
47252
46952
43196
30568
5865
NIE
23472
42882
41455
20404
1453
NIE
33795
15747
NIE
32981
35457
31533
48382
NIE
16408
14908
