2999
4552
1435
NIE
3860
NIE
4642
3666
1435
4642
1504
336
736
336
2522
2152
3392
1504
1504
4270
1504
3392
736
1504
3392
4226
736
736
4270
2999
1504
2522
736
3168
736
3686
1868
2999
4783
2999
3686
2531
NIE
412
138
NIE
138
4270
3392
736
4783
3741
1868
1868
4270
2531
1868
3392
4783
4783
1294
2999
2531
3392
1868
1868
1504
3168
138
4783
138
2244
4783
3741
4783
4270
4270
2244
3571
1868
2835
3741
1504
889
4226
732
4270
1358
4270
NIE
889
1868
732
2835
3741
4783
2244
2244
1358
2522
3146
3399
590
4270
4783
1358
1504
2984
889
3176
889
3862
2522
138
2835
2835
4194
1358
2835
4194
3862
1504
3399
889
412
2522
1504
4384
1358
2522
1873
138
889
4512
4752
2366
4512
138
137
1873
3571
3741
137
4512
3176
3741
732
4752
4194
2413
137
2413
2413
1747
2908
412
2908
1873
929
4194
1440
369
4194
2908
2722
929
732
2722
2908
2908
3571
1440
374
2908
1440
4154
NIE
1440
2722
1440
929
460
1440
929
2909
2908
2908
460
3837
2413
3063
1238
79
3571
2413
79
460
2908
886
2413
631
4194
2908
4512
1440
2413
3558
271
4378
631
2413
4612
3558
460
3558
4378
271
647
79
1440
79
3558
908
1873
460
908
2588
1440
3558
2413
2169
271
1440
3558
1440
2908
79
4194
1440
271
647
1440
4612
NIE
908
4194
1440
271
2588
2413
908
1272
1440
1440
2588
1440
2588
2009
4508
3558
4179
3558
91
1238
1272
2951
3558
1272
178
2383
NIE
4478
3684
908
1759
2383
NIE
1272
3074
1759
91
2951
4378
3074
3735
4753
856
178
91
NIE
NIE
4753
3735
79
3074
644
3447
2588
1759
178
1759
3735
3074
644
4179
2588
79
3074
3735
1502
178
1759
3074
178
178
644
3735
3074
2588
1502
2089
3074
2089
178
NIE
178
939
939
NIE
1502
3735
939
4118
939
NIE
2383
3414
2383
1759
178
178
332
644
3735
644
332
939
644
NIE
939
2383
332
3414
NIE
2951
332
1759
178
3414
3414
644
178
178
939
1502
332
3414
1502
917
939
939
4118
2951
2060
2951
1502
4118
2951
917
332
2548
3985
3414
332
939
3414
2060
2951
2548
4118
3414
2951
1502
3735
4063
3735
1007
3735
4063
4560
170
3735
3735
NIE
1007
3388
1075
3414
3735
709
3414
709
1075
2080
3044
4560
1502
2080
4063
3759
1919
4560
3314
3414
1079
709
3044
332
2080
1079
4428
2548
3314
3414
3414
2080
1502
332
2459
1919
332
2725
332
2080
4428
3414
3937
3937
332
3044
NIE
4560
3937
3044
4560
NIE
NIE
2548
1463
4428
NIE
4428
3445
520
688
317
317
2459
2307
688
1079
1463
1884
3937
339
2548
4428
4428
2548
3886
3649
4428
NIE
1463
3649
1079
1463
3445
4428
2307
NIE
1330
2080
317
1463
4428
3469
1330
3649
2080
3649
2725
1079
3469
3841
2307
4146
339
2307
2080
NIE
1884
1007
2890
339
339
2307
3535
4422
1079
1884
1884
1699
2307
1079
4400
3886
3077
4146
NIE
2890
3535
1699
1079
339
NIE
3535
1699
4403
NIE
777
339
777
3077
339
4403
4403
1699
777
4403
3967
777
777
3077
4146
2890
NIE
777
1699
4403
748
4633
1699
4146
3077
777
2557
3841
NIE
748
748
1933
777
777
748
NIE
748
689
1933
3077
4033
689
4633
3364
4633
4403
689
3535
777
689
4033
1699
NIE
689
1620
2268
4403
689
3535
1699
2793
4403
3535
2793
NIE
3535
4498
1620
2268
2793
1063
777
2793
689
4498
4033
689
689
4033
3535
1922
2793
3492
689
777
1922
777
689
NIE
689
1300
4033
3028
3028
4033
1922
3028
3982
574
3364
1300
3028
NIE
4269
915
1922
777
3364
NIE
3967
3492
2505
1620
418
3028
1922
1922
1922
1813
4498
3028
2793
1922
1063
777
3811
418
418
3028
1813
1939
2505
2505
4762
3811
3967
620
4147
418
4147
3492
689
777
3916
4762
4147
3916
3492
1321
418
620
2505
2420
2505
275
1939
3443
3916
275
1939
1063
2505
3028
2505
1939
1500
3811
3916
1500
1813
4921
418
3096
3096
275
1939
418
4176
2743
179
620
3028
1939
1939
179
NIE
1500
4319
3443
1939
NIE
3443
585
1500
3916
3028
4319
179
2082
620
2743
1500
2743
620
2082
2082
2766
179
4453
2082
4209
3512
179
2766
179
4209
179
1500
3916
4482
2766
1939
620
275
179
275
1326
3512
1500
179
481
4482
3916
1326
4482
4482
1500
3916
481
2164
4319
3443
2164
1500
2164
581
3512
179
2743
2164
179
4176
4482
3916
4482
3512
2743
2030
179
179
1616
581
2164
179
179
2164
2743
478
4609
179
3512
2743
4003
202
2743
1029
2320
NIE
1616
2743
NIE
478
4139
2320
144
NIE
581
3343
144
2082
2902
1345
581
1473
1616
4003
463
248
1616
3343
463
144
2902
NIE
1616
2902
144
838
4662
1616
3343
144
2320
838
4662
1556
3343
1473
963
963
2902
463
2983
4139
1141
1616
3343
463
769
3343
463
2983
2983
3343
4139
2983
963
4662
NIE
1616
4139
1141
838
3917
248
3917
1616
2406
2406
144
1616
2406
1616
2406
2406
2406
144
3917
4431
NIE
2320
2320
463
248
4027
1616
4439
248
3343
2406
4027
3343
2406
1647
4662
187
NIE
1647
NIE
2406
1473
1647
1647
2875
67
4027
NIE
1647
2053
2320
4439
1647
963
2406
2875
2053
3053
3053
4027
4439
74
3440
3053
3440
1812
1623
3053
4439
3440
4200
3053
963
NIE
2406
1486
4580
4027
3053
NIE
2406
74
1623
NIE
963
963
462
4439
4385
1623
74
4439
3053
462
1486
963
67
750
4939
4027
3116
963
930
3116
2053
422
1812
930
67
1619
2875
2053
4200
3116
2053
1812
184
2081
3116
2081
3116
1812
3116
3844
750
4246
4580
3053
2158
2158
2158
2158
422
74
3053
3053
422
422
2158
2158
3053
2158
971
3053
184
184
3053
184
971
2158
1307
184
2158
2158
2158
4056
1619
2190
4280
1619
2190
3126
2190
422
184
971
893
2190
3126
120
NIE
315
4280
2158
1619
2158
2031
NIE
3847
4280
3643
3643
2158
3643
2925
1963
4280
4280
1191
971
4280
315
4280
4280
3847
NIE
4280
4280
1191
315
2031
1191
4313
2031
3643
315
4702
2031
1191
3126
893
1191
NIE
3126
3270
3270
23
2200
315
4702
1191
315
2031
2925
4203
2343
NIE
4702
1191
4702
4475
2925
1394
249
1394
4475
2925
4313
3643
2925
249
1394
23
2925
2925
2925
2925
249
2925
249
NIE
2200
2200
1394
893
1394
2925
2925
1394
249
971
249
2925
971
2343
4342
2925
784
1394
4342
249
4342
4886
249
2653
4886
3043
222
3043
2246
4342
3043
2246
NIE
249
1258
4026
249
784
1258
784
784
249
1096
784
784
3924
3043
784
3043
3043
4026
3043
3043
784
3217
784
3043
2246
4574
1552
1096
4026
4342
3217
2675
2675
4574
4026
1258
177
2526
177
2246
4342
177
177
3217
NIE
4574
1258
4026
1552
4722
299
1552
2016
4574
NIE
4342
763
177
4574
4574
212
2653
1552
393
3924
393
3924
4574
2016
1552
763
1552
4574
1552
3924
3135
2246
1258
177
212
212
4574
NIE
3373
2016
1552
3924
1258
4364
2526
177
4364
3310
4815
2526
NIE
2043
2432
3256
3373
1657
3924
950
4286
3826
3481
491
3823
3823
763
2314
1821
491
1017
2230
3481
3481
763
4364
3823
3823
4589
491
950
4589
491
2323
3823
177
491
3823
1019
3823
4131
3823
4364
1886
4131
3050
NIE
4364
855
4364
4364
2230
3823
3481
2230
2323
2230
2323
3050
2016
491
1019
3050
2323
3936
4853
4449
1019
3050
3936
72
2016
1019
3050
3481
319
1019
2315
212
1886
219
319
491
1019
3050
4641
1886
114
114
491
1019
2315
1019
3481
1019
3050
3481
1019
3050
3936
491
4241
2315
3016
1019
3637
3936
116
3098
2700
2107
1019
2315
2315
319
3098
319
1019
3098
2700
3637
3936
2315
305
2315
1019
855
3098
2700
4085
319
3050
1019
4416
3050
3050
4590
4085
3936
2315
4085
2700
4416
116
4241
3637
3016
855
1605
3637
3637
1605
855
855
3016
219
4085
2315
116
3016
3637
855
2315
3637
4085
1605
855
116
1605
4590
3016
3637
3637
2315
855
3016
1605
1605
1605
116
NIE
855
2921
116
4590
2921
4085
2921
116
3637
2921
116
4590
794
116
3637
2921
794
3637
4085
NIE
4085
2750
3637
2826
2826
794
4590
116
794
566
566
3134
566
566
3134
NIE
2151
566
NIE
2826
566
3134
566
2826
566
4590
566
3134
2151
566
3134
566
4590
1100
1100
3561
2750
2750
4312
2826
4673
2717
566
3366
566
566
4673
3599
2717
566
4312
4673
1100
3134
2163
566
566
1100
2717
1100
4673
566
NIE
747
4673
3345
4673
NIE
3816
747
2470
747
747
3816
1100
3816
3599
2163
3149
1700
813
2470
3816
1071
1700
3888
3888
813
3888
3888
3888
2717
1700
813
975
813
1803
2872
3757
813
3757
975
1256
3599
2717
813
1803
270
NIE
270
3888
NIE
3757
3888
3888
2405
1803
NIE
1568
1256
975
1159
3888
1700
3888
1159
2962
2962
3888
3308
2962
1071
3888
270
1068
3308
3308
3888
NIE
3888
1700
2008
286
3148
270
1700
1700
2586
4757
4094
270
4094
3148
1159
3413
796
286
3148
796
3413
286
4094
286
4094
2163
286
1159
1249
NIE
1249
3413
2008
NIE
1249
1159
1159
1803
796
3413
286
1249
3326
NIE
1249
796
1249
2008
286
4094
4757
NIE
2681
2851
4094
1803
2008
286
3326
2614
2008
3326
2851
2554
2851
3757
1249
796
3757
977
4757
3526
3526
555
2614
555
977
2851
555
3225
NIE
4094
2974
1803
884
3225
4550
555
3225
555
1693
4094
977
1693
977
1693
555
555
2974
1693
4094
3702
2614
1249
977
3702
3257
1693
619
4550
NIE
619
4094
3702
4550
2181
3426
619
2181
4094
4094
619
584
733
584
4094
4435
1249
1693
584
3426
3702
2502
584
4572
3463
584
584
3799
3595
1382
619
1382
3257
1807
4572
584
1807
3595
619
NIE
1807
4825
NIE
733
4825
1807
1315
4447
4447
NIE
584
2228
2228
4197
NIE
977
2228
619
227
1382
3799
4197
3799
2858
977
3799
4827
1807
4197
2858
NIE
1807
1807
4447
4197
3799
227
2705
NIE
227
1382
1807
227
2143
227
584
227
2143
2705
4197
2143
2143
4197
NIE
3595
1807
3595
1382
4197
3842
227
2143
227
731
4572
4572
3799
2705
1003
1652
227
227
2143
4827
4572
731
4197
4197
1003
227
731
2143
227
1003
1003
2705
731
2143
4572
2143
1460
3130
3925
1713
4197
4197
731
227
1652
2705
2189
1713
2166
3462
731
1003
2166
3194
1003
3194
1264
4354
1996
4354
4354
1713
4354
3194
2166
2760
1003
203
1264
NIE
4136
1264
2166
731
203
2475
614
2760
3194
4136
203
203
4354
3795
1264
3194
496
3529
2798
4354
NIE
2798
4354
2798
1713
2798
2798
4724
496
1713
1434
496
3925
4030
3239
203
1397
1434
4030
4030
1434
1397
2798
1996
2475
4030
3529
496
496
203
1996
4030
1996
2798
4354
4724
3925
203
496
4724
1996
1434
3925
2798
203
1434
1434
3239
2798
2798
NIE
3239
1434
1996
1996
2798
3925
3529
1996
4030
496
496
1996
4672
496
4672
NIE
496
496
496
3484
1996
2412
3484
1996
1434
496
1996
1434
4471
4030
496
2280
496
4393
3239
496
4230
1923
4759
1923
4471
496
496
4030
3800
496
4672
1923
4219
496
1221
4471
2412
3239
4471
3484
1301
2965
4471
1923
2412
1923
4471
4030
3239
289
2412
4854
289
289
3484
4287
1532
2786
4595
2786
2584
1532
4030
1301
2965
2965
1532
2965
289
1923
289
1322
4030
289
4287
4287
4287
289
3800
1532
NIE
1092
4287
1923
1923
NIE
2965
1180
1923
2965
4649
289
2965
1923
289
4219
3800
NIE
4649
1640
2786
2027
728
NIE
3836
728
2027
728
2786
3236
728
1640
1923
2584
4649
728
2786
1092
1640
819
1339
728
4649
2584
NIE
3983
1532
2409
4250
2584
1797
4250
819
728
1532
3236
2409
NIE
728
1797
728
819
1339
3836
2027
2409
728
3236
819
2786
4250
819
1640
2027
2965
819
1797
819
1532
2786
3236
358
3236
728
1643
503
41
2027
4250
41
4250
NIE
4250
503
4193
728
1643
NIE
NIE
863
3983
NIE
1643
2786
2786
4250
NIE
3407
728
4250
863
41
4074
4250
2027
3271
1643
41
863
2409
863
1643
863
2027
4074
41
2409
2027
863
4074
4808
NIE
1643
467
4074
NIE
863
4074
4074
863
2982
1511
NIE
503
863
4627
3451
467
2514
467
2982
847
847
4627
2982
3838
NIE
1511
3955
4850
3838
2514
4850
467
NIE
1643
4808
4850
1768
3955
3451
2278
3451
2278
556
2278
1768
3955
NIE
NIE
3451
2446
2446
NIE
4828
4341
1511
3451
3107
2446
1511
3107
2206
707
556
1768
1375
2446
2206
3451
1375
4341
3107
4341
2446
2446
556
3693
707
1768
2446
1768
1768
1768
707
3107
2449
707
2982
734
2449
3451
4850
707
1285
1768
734
1768
2449
3693
734
4543
1768
3451
734
707
4543
734
6
6
1091
3451
2284
2206
1091
4850
4076
3451
4256
4597
6
2206
3958
1091
4341
3268
3268
3451
3451
3997
734
1771
4828
1091
4341
3107
6
4597
NIE
6
1771
3268
3357
3357
1771
979
NIE
3997
4341
176
362
979
979
979
362
3029
979
176
3107
2472
979
362
4563
NIE
2596
362
2472
4597
4341
3776
2135
176
3357
NIE
4597
1424
3975
362
1424
3598
362
1424
3975
1424
471
3975
471
3975
362
1424
3598
NIE
2596
4563
3357
2973
2596
2472
2135
494
4055
1424
2771
3013
925
4563
1682
2596
1207
3547
3013
4563
3739
3013
2135
1207
3013
4055
4563
NIE
494
1207
1694
2135
1834
4216
4216
2930
1207
1207
4430
3013
1843
4430
4216
691
362
691
3547
2135
4430
3739
925
3547
494
2930
58
58
925
1843
4932
3739
2771
3975
1843
1207
4211
2771
1453
58
58
1834
925
1207
4211
1834
4430
1834
1453
494
691
925
185
3650
58
185
3227
4211
3227
1834
1834
3975
691
2322
3033
1207
925
58
4958
185
NIE
NIE
69
4820
494
185
4232
1207
3975
185
691
1598
69
2322
494
69
494
691
1207
1453
3763
3763
4232
69
851
1207
4232
4820
1815
3406
4232
NIE
3406
2779
3763
1080
2322
3227
851
185
691
4392
4820
1481
3763
2433
2779
1080
3406
3013
3013
4820
1577
1815
851
1080
4820
1332
851
2843
2322
805
230
3758
851
851
3758
1815
2258
691
3227
3579
4710
851
851
3579
2540
4710
2540
NIE
148
NIE
NIE
4710
2433
1332
NIE
1815
1080
2779
805
1961
4232
2540
4232
4710
111
3758
3970
2843
111
1818
1080
4232
NIE
2258
2433
111
1961
111
111
3368
111
1332
3970
4710
3970
2540
739
2843
2843
3970
4710
1818
NIE
739
1481
2313
2843
1481
2843
3406
1818
2433
1818
263
2433
3579
3406
3579
3893
1818
263
2843
3579
717
111
1818
3579
2843
111
263
3138
1481
2313
1481
2843
2843
3579
3970
3579
2843
3970
263
3528
1758
263
1758
717
2843
3970
3528
1758
263
3970
1758
263
635
635
2843
948
4343
3368
263
1758
NIE
3528
2632
717
1820
263
4343
2334
1044
1454
4553
1820
4553
635
3140
3893
331
4775
1297
2334
3140
3140
1454
2334
4066
4553
4775
3140
3140
361
3140
2676
1044
717
1044
4775
2334
3140
1820
2334
1044
2676
4066
3140
1946
4066
223
4810
NIE
4066
3140
11
3140
4810
NIE
2334
1454
1820
457
4066
3738
4066
122
267
129
1820
129
3738
129
1820
457
1820
1044
2676
1820
457
3738
2020
3140
1820
3871
2689
3140
3871
457
831
3871
3140
831
2954
831
831
1820
2689
3738
3871
457
2954
2108
2108
3871
2954
2689
3871
2020
2020
2689
2954
3813
2020
3080
122
3738
2020
1820
831
1820
2689
NIE
892
1820
242
2689
122
3738
242
1762
2954
2020
3767
3387
892
3546
3767
3767
892
892
2900
3767
2900
3546
3767
2571
2020
3080
2020
3767
3767
242
2571
2571
3767
NIE
3546
NIE
242
242
1762
3546
3546
238
3964
1762
3815
3036
892
2020
2020
3303
3815
242
242
2571
4425
3815
1611
242
242
2020
3969
3969
3969
3969
4425
3036
892
2020
3815
1936
1611
242
1611
4233
242
1817
4233
242
3508
NIE
242
3815
920
4540
920
3387
4540
4540
4233
3969
4540
3039
385
385
3387
1936
3726
3387
920
1936
2600
385
1936
4161
3039
1817
3231
3039
3565
1817
4540
3815
385
978
NIE
978
4161
3039
1936
1936
4161
4540
2600
4540
3231
2895
4161
978
4540
3231
NIE
1936
1936
NIE
1817
3231
3039
4161
4540
1936
385
3877
3969
978
4540
385
3231
1327
4540
1817
920
2211
2651
316
NIE
316
3231
4585
3969
978
3877
57
1936
3742
3039
2211
3969
1679
2141
105
3231
2211
2211
3231
4395
978
NIE
3039
4758
978
978
4395
978
NIE
105
1567
105
3969
316
1567
NIE
4185
3039
105
1333
1679
1936
4585
316
1936
285
316
316
2211
NIE
3877
1331
4585
NIE
3396
720
316
4585
3396
4185
2549
4585
1567
316
NIE
3396
2671
2211
4185
316
3039
4395
4758
NIE
1567
3396
1567
3396
2141
2141
1567
2671
57
316
316
NIE
4758
768
2946
NIE
4758
1567
2141
2946
1567
316
1567
3231
NIE
4758
3877
2260
2549
316
4395
730
3396
NIE
2946
4395
316
730
4185
1891
2396
4585
3396
1422
1891
3396
2671
1891
4157
4704
730
4040
562
4157
4040
2946
1422
1422
2946
730
3532
13
1422
NIE
3532
285
13
13
1422
4404
562
1422
4704
898
720
1422
2549
898
562
1422
1422
898
2549
2549
4576
NIE
1422
3375
3010
562
562
562
1422
1422
3532
1422
562
4727
NIE
2549
1422
4157
3010
260
4404
4157
3532
2260
562
2260
4727
898
562
898
4157
4727
3010
4591
260
3173
260
3010
2605
381
3532
381
4157
2260
2605
2605
381
381
216
1889
2436
406
406
406
4591
406
2605
406
616
3010
216
2304
2605
2436
897
4404
4727
2050
4157
674
897
2605
4591
2861
4727
4591
2050
897
3319
2050
2605
3319
4404
4591
674
674
674
3319
2436
4157
3319
2519
2519
674
4404
2436
3319
2519
674
NIE
2519
3319
4333
3850
406
406
1680
3850
2519
616
2519
616
4737
3319
4333
2594
4389
108
NIE
616
616
616
2050
616
789
3319
4389
2050
2519
406
3319
876
2358
1680
3319
4279
876
4737
876
3319
1680
1518
NIE
789
108
2050
876
2815
2815
2815
1374
2050
876
4499
NIE
876
1518
1680
4737
2358
NIE
2358
2358
1917
2519
1518
2815
2358
876
4213
2519
4499
3850
2050
108
2815
4213
2815
2815
4499
3
2815
789
1518
1008
4931
108
876
4288
2358
365
4288
2815
789
3
2519
2358
2519
1518
2519
NIE
1008
1374
108
4460
4213
4299
876
1431
180
2853
1917
3968
NIE
4288
365
1431
1008
1431
2737
2333
1917
3423
2737
180
3423
365
1431
1431
2853
3423
108
1222
365
2853
539
539
2853
2853
4644
3732
4326
4288
2591
180
4326
2853
2591
2111
539
3423
539
1222
4674
308
1222
308
1773
4931
2853
2591
2111
3732
4326
3732
1773
NIE
3732
308
4326
1025
3685
180
180
1121
2591
2111
1773
1773
2426
2853
1431
2853
1025
1431
147
2853
4460
539
2111
2853
1431
1025
4460
1816
4460
3732
4090
4579
180
1816
1368
147
3732
2853
1816
2853
3732
147
4725
147
3732
180
4725
1431
147
4890
147
4579
4143
1431
4890
1431
1816
4725
NIE
3732
147
4725
4859
4350
1551
3685
4890
522
4890
1123
1913
3685
1357
522
3464
2791
1799
2426
1123
1025
360
1913
4350
4350
4350
1913
809
2791
360
4725
4350
3167
1025
360
2791
1913
360
4561
1416
360
4350
2791
4350
2191
2191
2191
1123
4725
1799
3865
3491
1799
788
1416
3491
4579
1416
2191
788
3491
3491
4890
788
3491
1913
3865
4890
3402
1913
1913
NIE
3006
4350
4350
1913
4143
665
3006
4143
1123
3491
3491
1416
2127
1416
423
4972
1123
1943
1123
3491
234
3167
665
3491
4675
2791
4195
3006
3491
234
3402
2127
1569
3402
3402
96
4930
3006
4406
517
NIE
NIE
517
2193
2193
2677
3204
1799
4044
3317
4675
665
1220
665
3204
NIE
665
3094
3491
4195
4930
2513
3491
665
4514
96
96
3094
2071
2513
3491
665
3402
1351
1351
3094
517
4514
3845
4675
1794
1794
665
665
4406
407
NIE
3491
96
3491
4044
665
2127
665
3094
3094
665
96
4675
96
1351
96
96
3340
4353
2193
2513
1794
1901
3845
2071
96
2806
821
665
96
3377
293
821
4676
3340
407
293
4044
4044
2806
517
821
1609
3094
3557
4935
3845
2193
821
821
4935
3377
1351
2193
821
821
1609
1901
3701
3701
3094
3377
1536
1794
2193
2513
4456
3907
821
4252
2071
1351
1901
3907
3377
2193
2193
4514
293
2193
1745
3557
821
407
4353
719
4456
2915
719
2915
2034
2915
4228
2034
2034
4155
3557
821
821
293
2034
821
293
4514
2654
1351
1081
4456
4514
2034
723
3701
2654
293
1955
4228
552
3557
2936
4456
1709
1081
2034
2034
4228
1745
2034
214
1351
NIE
75
3241
552
2034
214
75
214
214
4788
2936
1709
1103
723
4834
2034
4452
3866
723
4834
552
75
2034
3377
NIE
2936
2034
2034
1320
552
2936
3377
75
2034
2654
3241
2034
4155
4659
3866
2034
3241
NIE
3241
3384
246
3701
3801
1960
552
1536
NIE
1536
246
1960
134
134
NIE
246
2654
4788
3866
3866
552
3866
3557
3557
2936
2936
2936
246
1377
1377
246
75
1745
1103
1377
1960
3866
3384
1745
75
NIE
3866
1377
3866
75
1745
1668
2411
1377
1960
NIE
4659
1377
3384
723
1182
3264
849
2723
3866
246
4788
246
3866
3384
3384
3866
3264
75
2723
NIE
2723
3866
4788
3384
1808
1709
4659
3866
1014
4659
3141
3866
1960
NIE
3866
3866
1960
NIE
4605
246
3384
775
2277
3588
NIE
4659
3264
33
4060
775
1102
4144
4605
1668
4144
3141
3588
1668
3588
246
1668
NIE
411
2010
1102
2010
4605
587
3588
411
2723
2996
2723
1102
2411
587
4144
775
1362
2882
143
4605
4605
2416
4144
1362
2892
1102
1668
4144
4144
4144
587
2035
143
3403
4120
4120
935
3141
1102
2892
2892
3205
3205
1102
143
3141
4120
4120
3403
143
3132
870
NIE
143
2035
3861
143
NIE
2269
1725
143
3861
2416
2996
4120
2269
4120
3432
143
3432
2035
143
76
3861
2269
935
3132
76
143
4120
2996
2010
2269
547
547
4120
143
NIE
1268
NIE
2892
870
4120
2168
4120
2168
2884
2168
2168
3132
143
935
3861
4120
1566
2168
3432
1566
4120
2168
1566
4339
143
2168
4120
4339
2035
370
2168
1887
3954
4823
2884
4120
547
2035
2168
143
NIE
4106
2884
4339
935
4802
326
1268
4106
326
935
4339
244
2272
2035
326
3954
935
1887
NIE
1887
3432
1581
2272
4339
3797
3432
4339
4106
783
95
3432
2272
3432
4339
4477
95
1545
1545
2458
95
3797
2458
2458
621
3432
370
1381
2458
1545
NIE
370
2099
2317
621
2272
3797
2317
2272
2458
3590
621
4339
2458
4339
4339
1927
356
3276
356
1369
621
2955
4802
NIE
4687
NIE
356
2015
621
3797
621
1124
350
4802
1124
3590
326
4339
4259
1521
3590
2637
621
621
3590
2458
621
NIE
350
3072
3276
1369
4064
621
4617
1124
2458
621
621
2955
2317
350
1727
1727
4687
2637
2317
3276
2637
4259
4125
2317
4391
1727
350
4767
4391
4687
2637
1727
284
4391
846
846
3276
3590
1369
1521
3590
2637
3276
1369
621
4632
4391
3072
3276
2637
142
2015
3072
2637
3276
1727
2458
142
2637
1727
104
4767
2637
1497
1369
NIE
NIE
142
3590
2637
3276
4148
4064
284
1254
3386
NIE
4391
4767
284
2103
2896
2896
1497
3511
3511
2103
4239
142
1896
1497
4767
1986
3511
4656
589
2637
2103
2015
4767
284
1949
3511
3085
4391
4767
2103
4391
284
1497
3085
3511
2103
4436
4720
3380
3085
4767
NIE
4239
3085
4767
3793
367
2051
1896
2640
3994
846
2640
2640
4767
2051
104
3793
1254
4767
2640
367
2640
2051
3633
3380
3994
3994
4767
1515
3994
1184
2640
3511
3633
367
4436
1515
273
3380
3087
1247
3793
1896
104
367
367
367
2210
2640
4436
3087
NIE
4239
3994
367
367
3380
4436
3889
1497
1896
3119
1371
1184
367
NIE
3889
3380
367
2640
367
2640
367
367
367
2210
367
3629
2210
3380
367
2120
3629
4450
3994
367
3207
3994
367
367
3207
367
367
2638
367
3207
367
367
4481
2824
1703
367
NIE
1703
4688
2401
10
367
4688
811
3889
811
2638
2721
4688
3889
2255
1153
NIE
3629
10
3629
3024
811
577
10
3889
4688
2120
3207
3207
1283
4481
3207
1750
416
2721
10
1703
4481
4481
3207
2087
866
3087
1791
3087
1283
3207
3658
2255
2721
3207
3658
1283
4481
1283
866
4370
3658
1827
NIE
1283
1283
4481
1995
2721
866
4450
866
3658
3658
NIE
416
3079
2619
4481
1153
NIE
866
2255
3658
4481
1626
3079
3658
1626
4544
2619
1916
3674
1860
NIE
2619
4544
3079
811
2501
2619
297
1916
2501
4450
2501
4450
3674
2501
1916
3674
1283
1402
3079
235
749
3079
3674
4544
4370
NIE
4370
811
NIE
1719
297
2924
579
811
NIE
811
3522
3198
3674
2144
1916
2501
235
3198
4370
3749
3749
3749
3084
2501
297
3890
NIE
1916
3198
2501
3198
1866
1916
4544
1402
3198
3084
4162
2251
922
922
3952
4162
4856
922
NIE
1547
1402
4162
636
1402
3084
2148
2501
3592
749
3084
4664
NIE
749
749
1402
3084
749
4469
749
3084
4469
636
1628
2720
4469
3952
205
2720
4059
3890
3084
1719
4860
1520
2148
636
1259
4162
2148
636
1547
1259
3084
1866
3084
3581
636
4162
1866
2148
3592
636
NIE
570
3581
192
643
205
3952
4469
4088
3592
4162
3460
205
3035
1906
643
3952
4469
4084
981
NIE
205
205
3581
205
2148
3035
2473
1906
3952
2473
NIE
192
4297
192
1906
1520
3035
3791
4756
2473
1259
643
1520
1906
4856
3035
NIE
167
192
2148
643
643
643
1259
192
4297
4455
NIE
4856
1906
4198
3791
643
643
4756
3185
3334
1259
4297
3185
3185
3185
643
167
4297
2414
2414
643
643
3185
3185
1590
167
1590
1906
44
774
4297
167
2414
4297
2414
2286
167
774
2414
3831
44
4297
3603
1520
NIE
1520
44
941
3247
2487
4297
1507
324
324
2879
3831
3031
941
3831
4297
941
324
2879
2879
4297
2879
2487
802
3185
4293
324
NIE
3185
941
3831
1786
3185
4111
1507
324
324
4634
1225
4284
2567
4284
4634
1507
3185
3185
44
NIE
4111
3603
44
3654
3654
3089
3654
3185
4284
4284
44
3603
669
3201
2072
2659
3201
1525
1073
1786
1225
4634
3201
1073
2356
2487
324
4284
3201
1225
3201
4877
1525
3603
1525
3485
2879
324
4236
1194
9
2286
2286
NIE
3485
3089
1786
4877
44
1786
1672
4236
3485
816
NIE
2567
3201
1786
4236
1994
4530
3485
3485
3485
4111
44
2679
1994
1994
1525
3201
44
NIE
3485
4666
4666
2487
3485
2487
2783
4236
2783
NIE
785
1994
4236
2567
1994
3878
90
1132
1525
90
3485
2783
9
1786
1525
2679
1994
1132
4111
9
3485
4111
4111
3878
1994
1132
1994
3201
4365
1786
2783
2567
3201
4666
4111
1132
1132
545
1786
1525
545
1994
3089
1525
580
3201
1786
3113
1786
1672
3201
545
823
1672
3878
4530
1401
1994
545
1994
3324
1994
627
1994
545
1514
545
545
1994
4666
3878
3878
4365
823
1160
823
545
823
1994
1160
545
NIE
1994
4666
1160
1514
580
580
1160
168
1514
823
1160
NIE
2726
320
3324
NIE
580
2831
168
1953
823
168
1953
1012
1953
101
3878
2831
2831
1160
101
1160
1953
4530
3878
2831
2831
4657
1548
4530
4871
1548
1160
1548
3120
3878
3395
4268
1953
2726
4657
320
1160
3330
1688
4268
1688
1160
320
1953
4657
3330
2726
3120
1953
1888
1953
3395
2726
NIE
2726
3395
2726
168
3395
1888
1588
320
4365
320
3120
NIE
3395
3330
3770
123
123
4365
NIE
3770
4365
4871
4365
2032
168
4009
NIE
2495
2032
3395
123
2032
320
320
3770
2032
4657
2495
4107
3395
2495
1688
168
2032
3395
814
814
1688
4107
3083
814
4009
2495
NIE
123
320
4107
814
320
814
2032
1953
2032
3379
2032
3083
814
814
NIE
3083
3330
2032
501
4616
814
2032
501
1688
4009
814
2800
7
1888
3330
1992
3770
4009
3770
4009
916
916
814
4619
1895
2800
7
2800
1537
7
3770
7
1895
1992
1537
3083
4009
NIE
1992
NIE
NIE
NIE
NIE
NIE
NIE
NIE
NIE
NIE
NIE
NIE
NIE
NIE
NIE
NIE
NIE
NIE
NIE
NIE
NIE
NIE
NIE
NIE
NIE
NIE
NIE
NIE
NIE
NIE
NIE
NIE
NIE
NIE
NIE
NIE
NIE
NIE
NIE
NIE
NIE
NIE
NIE
NIE
NIE
NIE
NIE
NIE
NIE
NIE
NIE
NIE
NIE
NIE
NIE
NIE
NIE
NIE
NIE
NIE
NIE
NIE
NIE
NIE
NIE
NIE
NIE
NIE
NIE
NIE
NIE
NIE
NIE
NIE
NIE
NIE
NIE
NIE
NIE
NIE
NIE
NIE
NIE
NIE
NIE
NIE
NIE
NIE
NIE
NIE
NIE
NIE
NIE
NIE
NIE
NIE
NIE
NIE
NIE
NIE
NIE
NIE
NIE
NIE
NIE
NIE
NIE
NIE
NIE
NIE
NIE
NIE
NIE
NIE
NIE
NIE
NIE
NIE
NIE
NIE
NIE
NIE
NIE
NIE
NIE
NIE
NIE
NIE
NIE
NIE
NIE
NIE
NIE
NIE
NIE
NIE
NIE
NIE
NIE
NIE
NIE
NIE
NIE
NIE
NIE
NIE
NIE
NIE
NIE
NIE
NIE
NIE
NIE
NIE
NIE
NIE
NIE
NIE
NIE
NIE
NIE
NIE
NIE
NIE
NIE
NIE
NIE
NIE
NIE
NIE
NIE
NIE
NIE
NIE
NIE
NIE
NIE
NIE
NIE
NIE
NIE
NIE
NIE
NIE
NIE
NIE
NIE
NIE
NIE
NIE
NIE
NIE
NIE
NIE
NIE
NIE
NIE
NIE
NIE
NIE
NIE
NIE
NIE
NIE
NIE
NIE
NIE
NIE
NIE
NIE
NIE
NIE
NIE
NIE
NIE
NIE
NIE
NIE
NIE
NIE
NIE
NIE
NIE
NIE
NIE
NIE
NIE
NIE
NIE
NIE
NIE
NIE
NIE
NIE
NIE
NIE
NIE
NIE
NIE
NIE
NIE
NIE
NIE
NIE
NIE
NIE
NIE
NIE
NIE
NIE
NIE
NIE
NIE
NIE
NIE
NIE
NIE
NIE
NIE
NIE
NIE
NIE
NIE
NIE
NIE
NIE
NIE
NIE
NIE
NIE
NIE
NIE
NIE
NIE
NIE
NIE
NIE
NIE
NIE
NIE
NIE
NIE
NIE
NIE
NIE
NIE
NIE
NIE
NIE
NIE
NIE
NIE
NIE
NIE
NIE
NIE
NIE
NIE
NIE
NIE
NIE
NIE
NIE
NIE
NIE
NIE
NIE
NIE
NIE
NIE
NIE
NIE
NIE
NIE
NIE
NIE
NIE
NIE
NIE
NIE
NIE
NIE
NIE
NIE
NIE
NIE
NIE
NIE
NIE
NIE
NIE
NIE
NIE
NIE
NIE
NIE
NIE
NIE
NIE
NIE
NIE
NIE
NIE
NIE
NIE
NIE
NIE
NIE
NIE
NIE
NIE
NIE
NIE
NIE
NIE
NIE
NIE
NIE
NIE
NIE
NIE
NIE
NIE
NIE
NIE
NIE
NIE
NIE
NIE
NIE
NIE
NIE
NIE
NIE
NIE
NIE
NIE
NIE
NIE
NIE
NIE
NIE
NIE
NIE
NIE
NIE
NIE
NIE
NIE
NIE
NIE
NIE
NIE
NIE
NIE
NIE
NIE
NIE
NIE
NIE
NIE
NIE
NIE
NIE
NIE
NIE
NIE
NIE
NIE
NIE
NIE
NIE
NIE
NIE
NIE
NIE
NIE
NIE
NIE
NIE
NIE
NIE
NIE
NIE
NIE
NIE
NIE
NIE
NIE
NIE
NIE
NIE
NIE
NIE
NIE
NIE
NIE
NIE
NIE
NIE
NIE
NIE
NIE
NIE
NIE
NIE
NIE
NIE
NIE
NIE
NIE
NIE
NIE
NIE
NIE
NIE
NIE
NIE
NIE
NIE
NIE
NIE
NIE
NIE
NIE
NIE
NIE
NIE
NIE
NIE
NIE
NIE
NIE
NIE
NIE
NIE
NIE
NIE
NIE
NIE
NIE
NIE
NIE
NIE
NIE
NIE
NIE
NIE
NIE
NIE
NIE
NIE
NIE
NIE
NIE
NIE
NIE
NIE
NIE
NIE
NIE
NIE
NIE
NIE
NIE
NIE
NIE
NIE
NIE
NIE
NIE
NIE
NIE
NIE
NIE
NIE
NIE
NIE
NIE
NIE
NIE
NIE
NIE
NIE
NIE
NIE
NIE
NIE
NIE
NIE
NIE
NIE
NIE
NIE
NIE
NIE
NIE
NIE
NIE
NIE
NIE
NIE
NIE
NIE
NIE
NIE
NIE
NIE
NIE
NIE
NIE
NIE
NIE
NIE
NIE
NIE
NIE
NIE
NIE
NIE
NIE
NIE
NIE
NIE
NIE
NIE
NIE
NIE
NIE
NIE
NIE
NIE
NIE
NIE
NIE
NIE
NIE
NIE
NIE
NIE
NIE
NIE
NIE
NIE
NIE
NIE
NIE
NIE
NIE
NIE
NIE
NIE
NIE
NIE
NIE
NIE
NIE
NIE
NIE
NIE
NIE
NIE
NIE
NIE
NIE
NIE
NIE
NIE
NIE
NIE
NIE
NIE
NIE
NIE
NIE
NIE
NIE
NIE
NIE
NIE
NIE
NIE
NIE
NIE
NIE
NIE
NIE
NIE
NIE
NIE
NIE
NIE
NIE
NIE
NIE
NIE
NIE
NIE
NIE
NIE
NIE
NIE
NIE
NIE
NIE
NIE
NIE
NIE
NIE
NIE
NIE
NIE
NIE
NIE
NIE
NIE
NIE
NIE
NIE
NIE
NIE
NIE
NIE
NIE
NIE
NIE
NIE
NIE
NIE
NIE
NIE
NIE
NIE
NIE
NIE
NIE
NIE
NIE
NIE
NIE
NIE
NIE
NIE
NIE
NIE
NIE
NIE
NIE
NIE
NIE
NIE
NIE
NIE
NIE
NIE
NIE
NIE
NIE
NIE
NIE
NIE
NIE
NIE
NIE
NIE
NIE
NIE
NIE
NIE
NIE
NIE
NIE
NIE
NIE
NIE
NIE
NIE
NIE
NIE
NIE
NIE
NIE
NIE
NIE
NIE
NIE
NIE
NIE
NIE
NIE
NIE
NIE
NIE
NIE
NIE
NIE
NIE
NIE
NIE
NIE
NIE
NIE
NIE
NIE
NIE
NIE
NIE
NIE
NIE
NIE
NIE
NIE
NIE
NIE
NIE
NIE
NIE
NIE
NIE
NIE
NIE
NIE
NIE
NIE
NIE
NIE
NIE
NIE
NIE
NIE
NIE
NIE
NIE
NIE
NIE
NIE
NIE
NIE
NIE
NIE
NIE
NIE
NIE
NIE
NIE
NIE
NIE
NIE
NIE
NIE
NIE
NIE
NIE
NIE
NIE
NIE
NIE
NIE
NIE
NIE
NIE
NIE
NIE
NIE
NIE
NIE
NIE
NIE
NIE
NIE
NIE
NIE
NIE
NIE
NIE
NIE
NIE
NIE
NIE
NIE
NIE
NIE
NIE
NIE
NIE
NIE
NIE
NIE
NIE
NIE
NIE
NIE
NIE
NIE
NIE
NIE
NIE
NIE
NIE
NIE
NIE
NIE
NIE
NIE
NIE
NIE
NIE
NIE
NIE
NIE
NIE
NIE
NIE
NIE
NIE
NIE
NIE
NIE
NIE
NIE
NIE
NIE
NIE
NIE
NIE
NIE
NIE
NIE
NIE
NIE
NIE
NIE
NIE
NIE
NIE
NIE
NIE
NIE
NIE
NIE
NIE
NIE
NIE
NIE
NIE
NIE
NIE
NIE
NIE
NIE
NIE
NIE
NIE
NIE
NIE
NIE
NIE
NIE
NIE
NIE
NIE
NIE
NIE
NIE
NIE
NIE
NIE
NIE
NIE
NIE
NIE
NIE
NIE
NIE
NIE
NIE
NIE
NIE
NIE
NIE
NIE
NIE
NIE
NIE
NIE
NIE
NIE
NIE
NIE
NIE
NIE
NIE
NIE
NIE
NIE
NIE
NIE
NIE
NIE
NIE
NIE
NIE
NIE
NIE
NIE
NIE
NIE
NIE
NIE
NIE
NIE
NIE
NIE
NIE
NIE
NIE
NIE
NIE
NIE
NIE
NIE
NIE
NIE
NIE
NIE
NIE
NIE
NIE
NIE
NIE
NIE
NIE
NIE
NIE
NIE
NIE
NIE
NIE
NIE
NIE
NIE
NIE
NIE
NIE
NIE
NIE
NIE
NIE
NIE
NIE
NIE
NIE
NIE
NIE
NIE
NIE
NIE
NIE
NIE
NIE
NIE
NIE
NIE
NIE
NIE
NIE
NIE
NIE
NIE
NIE
NIE
NIE
NIE
NIE
NIE
NIE
NIE
NIE
NIE
NIE
NIE
NIE
NIE
NIE
NIE
NIE
NIE
NIE
NIE
NIE
NIE
NIE
NIE
NIE
NIE
NIE
NIE
NIE
NIE
NIE
NIE
NIE
NIE
NIE
NIE
NIE
NIE
NIE
NIE
NIE
NIE
NIE
NIE
NIE
NIE
NIE
NIE
NIE
NIE
NIE
NIE
NIE
NIE
NIE
NIE
NIE
NIE
NIE
NIE
NIE
NIE
NIE
NIE
NIE
NIE
NIE
NIE
NIE
NIE
NIE
NIE
NIE
NIE
NIE
NIE
NIE
NIE
NIE
NIE
NIE
NIE
NIE
NIE
NIE
NIE
NIE
NIE
NIE
NIE
NIE
NIE
NIE
NIE
NIE
NIE
NIE
NIE
NIE
NIE
NIE
NIE
NIE
NIE
NIE
NIE
NIE
NIE
NIE
NIE
NIE
NIE
NIE
NIE
NIE
NIE
NIE
NIE
NIE
NIE
NIE
NIE
NIE
NIE
NIE
NIE
NIE
NIE
NIE
NIE
NIE
NIE
NIE
NIE
NIE
NIE
NIE
NIE
NIE
NIE
NIE
NIE
NIE
NIE
NIE
NIE
NIE
NIE
NIE
NIE
NIE
NIE
NIE
NIE
NIE
NIE
NIE
NIE
NIE
NIE
NIE
NIE
NIE
NIE
NIE
NIE
NIE
NIE
NIE
NIE
NIE
NIE
NIE
NIE
NIE
NIE
NIE
NIE
NIE
NIE
NIE
NIE
NIE
NIE
NIE
NIE
NIE
NIE
NIE
NIE
NIE
NIE
NIE
NIE
NIE
NIE
NIE
NIE
NIE
NIE
NIE
NIE
NIE
NIE
NIE
NIE
NIE
NIE
NIE
NIE
NIE
NIE
NIE
NIE
NIE
NIE
NIE
NIE
NIE
NIE
NIE
NIE
NIE
NIE
NIE
NIE
NIE
NIE
NIE
NIE
NIE
NIE
NIE
NIE
NIE
NIE
NIE
NIE
NIE
NIE
NIE
NIE
NIE
NIE
NIE
NIE
NIE
NIE
NIE
NIE
NIE
NIE
NIE
NIE
NIE
NIE
NIE
NIE
NIE
NIE
NIE
NIE
NIE
NIE
NIE
NIE
NIE
NIE
NIE
NIE
NIE
NIE
NIE
NIE
NIE
NIE
NIE
NIE
NIE
NIE
NIE
NIE
NIE
NIE
NIE
NIE
NIE
NIE
NIE
NIE
NIE
NIE
NIE
NIE
NIE
NIE
NIE
NIE
NIE
NIE
NIE
NIE
NIE
NIE
NIE
NIE
NIE
NIE
NIE
NIE
NIE
NIE
NIE
NIE
NIE
NIE
NIE
NIE
NIE
NIE
NIE
NIE
NIE
NIE
NIE
NIE
NIE
NIE
NIE
NIE
NIE
NIE
NIE
NIE
NIE
NIE
NIE
NIE
NIE
NIE
NIE
NIE
NIE
NIE
NIE
NIE
NIE
NIE
NIE
NIE
NIE
NIE
NIE
NIE
NIE
NIE
NIE
NIE
NIE
NIE
NIE
NIE
NIE
NIE
NIE
NIE
NIE
NIE
NIE
NIE
NIE
NIE
NIE
NIE
NIE
NIE
NIE
NIE
NIE
NIE
NIE
NIE
NIE
NIE
NIE
NIE
NIE
NIE
NIE
NIE
NIE
NIE
NIE
NIE
NIE
NIE
NIE
NIE
NIE
NIE
NIE
NIE
NIE
NIE
NIE
NIE
NIE
NIE
NIE
NIE
NIE
NIE
NIE
NIE
NIE
NIE
NIE
NIE
NIE
NIE
NIE
NIE
NIE
NIE
NIE
NIE
NIE
NIE
NIE
NIE
NIE
NIE
NIE
NIE
NIE
NIE
NIE
NIE
NIE
NIE
NIE
NIE
NIE
NIE
NIE
NIE
NIE
NIE
NIE
NIE
NIE
NIE
NIE
NIE
NIE
NIE
NIE
NIE
NIE
NIE
NIE
NIE
NIE
NIE
NIE
NIE
NIE
NIE
NIE
NIE
NIE
NIE
NIE
NIE
NIE
NIE
NIE
NIE
NIE
NIE
NIE
NIE
NIE
NIE
NIE
NIE
NIE
NIE
NIE
NIE
NIE
NIE
NIE
NIE
NIE
NIE
NIE
NIE
NIE
NIE
NIE
NIE
NIE
NIE
NIE
NIE
NIE
NIE
NIE
NIE
NIE
NIE
NIE
NIE
NIE
NIE
NIE
NIE
NIE
NIE
NIE
NIE
NIE
NIE
NIE
NIE
NIE
NIE
NIE
NIE
NIE
NIE
NIE
NIE
NIE
NIE
NIE
NIE
NIE
NIE
NIE
NIE
NIE
NIE
NIE
NIE
NIE
NIE
NIE
NIE
NIE
NIE
NIE
NIE
NIE
NIE
NIE
NIE
NIE
NIE
NIE
NIE
NIE
NIE
NIE
NIE
NIE
NIE
NIE
NIE
NIE
NIE
NIE
NIE
NIE
NIE
NIE
NIE
NIE
NIE
NIE
NIE
NIE
NIE
NIE
NIE
NIE
NIE
NIE
NIE
NIE
NIE
NIE
NIE
NIE
NIE
NIE
NIE
NIE
NIE
NIE
NIE
NIE
NIE
NIE
NIE
NIE
NIE
NIE
NIE
NIE
NIE
NIE
NIE
NIE
NIE
NIE
NIE
NIE
NIE
NIE
NIE
NIE
NIE
NIE
NIE
NIE
NIE
NIE
NIE
NIE
NIE
NIE
NIE
NIE
NIE
NIE
NIE
NIE
NIE
NIE
NIE
NIE
NIE
NIE
NIE
NIE
NIE
NIE
NIE
NIE
NIE
NIE
NIE
NIE
NIE
NIE
NIE
NIE
NIE
NIE
NIE
NIE
NIE
NIE
NIE
NIE
NIE
NIE
NIE
NIE
NIE
NIE
NIE
NIE
NIE
NIE
NIE
NIE
NIE
NIE
NIE
NIE
NIE
NIE
NIE
NIE
NIE
NIE
NIE
NIE
NIE
NIE
NIE
NIE
NIE
NIE
NIE
NIE
NIE
NIE
NIE
NIE
NIE
NIE
NIE
NIE
NIE
NIE
NIE
NIE
NIE
NIE
NIE
NIE
NIE
NIE
NIE
NIE
NIE
NIE
NIE
NIE
NIE
NIE
NIE
NIE
NIE
NIE
NIE
NIE
NIE
NIE
NIE
NIE
NIE
NIE
NIE
NIE
NIE
NIE
NIE
NIE
NIE
NIE
NIE
NIE
NIE
NIE
NIE
NIE
NIE
NIE
NIE
NIE
NIE
NIE
NIE
NIE
NIE
NIE
NIE
NIE
NIE
NIE
NIE
NIE
NIE
NIE
NIE
NIE
NIE
NIE
NIE
NIE
NIE
NIE
NIE
NIE
NIE
NIE
NIE
NIE
NIE
NIE
NIE
NIE
NIE
NIE
NIE
NIE
NIE
NIE
NIE
NIE
NIE
NIE
NIE
NIE
NIE
NIE
NIE
NIE
NIE
NIE
NIE
NIE
NIE
NIE
NIE
NIE
NIE
NIE
NIE
NIE
NIE
NIE
NIE
NIE
NIE
NIE
NIE
NIE
NIE
NIE
NIE
NIE
NIE
NIE
NIE
NIE
NIE
NIE
NIE
NIE
NIE
NIE
NIE
NIE
NIE
NIE
NIE
NIE
NIE
NIE
NIE
NIE
NIE
NIE
NIE
NIE
NIE
NIE
NIE
NIE
NIE
NIE
NIE
NIE
NIE
NIE
NIE
NIE
NIE
NIE
NIE
NIE
NIE
NIE
NIE
NIE
NIE
NIE
NIE
NIE
NIE
NIE
NIE
NIE
NIE
NIE
NIE
NIE
NIE
NIE
NIE
NIE
NIE
NIE
NIE
NIE
NIE
NIE
NIE
NIE
NIE
NIE
NIE
NIE
NIE
NIE
NIE
NIE
NIE
NIE
NIE
NIE
NIE
NIE
NIE
NIE
NIE
NIE
NIE
NIE
NIE
NIE
NIE
NIE
NIE
NIE
NIE
NIE
NIE
NIE
NIE
NIE
NIE
NIE
NIE
NIE
NIE
NIE
NIE
NIE
NIE
NIE
NIE
NIE
NIE
NIE
NIE
NIE
NIE
NIE
NIE
NIE
NIE
NIE
NIE
NIE
NIE
NIE
NIE
NIE
NIE
NIE
NIE
NIE
NIE
NIE
NIE
NIE
NIE
NIE
NIE
NIE
NIE
NIE
NIE
NIE
NIE
NIE
NIE
NIE
NIE
NIE
NIE
NIE
NIE
NIE
NIE
NIE
NIE
NIE
NIE
NIE
NIE
NIE
NIE
NIE
NIE
NIE
NIE
NIE
NIE
NIE
NIE
NIE
NIE
NIE
NIE
NIE
NIE
NIE
NIE
NIE
NIE
NIE
NIE
NIE
NIE
NIE
NIE
NIE
NIE
NIE
NIE
NIE
NIE
NIE
NIE
NIE
NIE
NIE
NIE
NIE
NIE
NIE
NIE
NIE
NIE
NIE
NIE
NIE
NIE
NIE
NIE
NIE
NIE
NIE
NIE
NIE
NIE
NIE
NIE
NIE
NIE
NIE
NIE
NIE
NIE
NIE
NIE
NIE
NIE
NIE
NIE
NIE
NIE
NIE
NIE
NIE
NIE
NIE
NIE
NIE
NIE
NIE
NIE
NIE
NIE
NIE
NIE
NIE
NIE
NIE
NIE
NIE
NIE
NIE
NIE
NIE
NIE
NIE
NIE
NIE
NIE
NIE
NIE
NIE
NIE
NIE
NIE
NIE
NIE
NIE
NIE
NIE
NIE
NIE
NIE
NIE
NIE
NIE
NIE
NIE
NIE
NIE
NIE
NIE
NIE
NIE
NIE
NIE
NIE
NIE
NIE
NIE
NIE
NIE
NIE
NIE
NIE
NIE
NIE
NIE
NIE
NIE
NIE
NIE
NIE
NIE
NIE
NIE
NIE
NIE
NIE
NIE
NIE
NIE
NIE
NIE
NIE
NIE
NIE
NIE
NIE
NIE
NIE
NIE
NIE
NIE
NIE
NIE
NIE
NIE
NIE
NIE
NIE
NIE
NIE
NIE
NIE
NIE
NIE
NIE
NIE
NIE
NIE
NIE
NIE
NIE
NIE
NIE
NIE
NIE
NIE
NIE
NIE
NIE
NIE
NIE
NIE
NIE
NIE
NIE
NIE
NIE
NIE
NIE
NIE
NIE
NIE
NIE
NIE
NIE
NIE
NIE
NIE
NIE
NIE
NIE
NIE
NIE
NIE
NIE
NIE
NIE
NIE
NIE
NIE
NIE
NIE
NIE
NIE
NIE
NIE
NIE
NIE
NIE
NIE
NIE
NIE
NIE
NIE
NIE
NIE
NIE
NIE
NIE
NIE
NIE
NIE
NIE
NIE
NIE
NIE
NIE
NIE
NIE
NIE
NIE
NIE
NIE
NIE
NIE
NIE
NIE
NIE
NIE
NIE
NIE
NIE
NIE
NIE
NIE
NIE
NIE
NIE
NIE
NIE
NIE
NIE
NIE
NIE
NIE
NIE
NIE
NIE
NIE
NIE
NIE
NIE
NIE
NIE
NIE
NIE
NIE
NIE
NIE
NIE
NIE
NIE
NIE
NIE
NIE
NIE
NIE
NIE
NIE
NIE
NIE
NIE
NIE
NIE
NIE
NIE
NIE
NIE
NIE
NIE
NIE
NIE
NIE
NIE
NIE
NIE
NIE
NIE
NIE
NIE
NIE
NIE
NIE
NIE
NIE
NIE
NIE
NIE
NIE
NIE
NIE
NIE
NIE
NIE
NIE
NIE
NIE
NIE
NIE
NIE
NIE
NIE
NIE
NIE
NIE
NIE
NIE
NIE
NIE
NIE
NIE
NIE
NIE
NIE
NIE
NIE
NIE
NIE
NIE
NIE
NIE
NIE
NIE
NIE
NIE
NIE
NIE
NIE
NIE
NIE
NIE
NIE
NIE
NIE
NIE
NIE
NIE
NIE
NIE
NIE
NIE
NIE
NIE
NIE
NIE
NIE
NIE
NIE
NIE
NIE
NIE
NIE
NIE
NIE
NIE
NIE
NIE
NIE
NIE
NIE
NIE
NIE
NIE
NIE
NIE
NIE
NIE
NIE
NIE
NIE
NIE
NIE
NIE
NIE
NIE
NIE
NIE
NIE
NIE
NIE
NIE
NIE
NIE
NIE
NIE
NIE
NIE
NIE
NIE
NIE
NIE
NIE
NIE
NIE
NIE
NIE
NIE
NIE
NIE
NIE
NIE
NIE
NIE
NIE
NIE
NIE
NIE
NIE
NIE
NIE
NIE
NIE
NIE
NIE
NIE
NIE
NIE
NIE
NIE
NIE
NIE
NIE
NIE
NIE
NIE
NIE
NIE
NIE
NIE
NIE
NIE
NIE
NIE
NIE
NIE
NIE
NIE
NIE
NIE
NIE
NIE
NIE
NIE
NIE
NIE
NIE
NIE
NIE
NIE
NIE
NIE
NIE
NIE
NIE
NIE
NIE
NIE
NIE
NIE
NIE
NIE
NIE
NIE
NIE
NIE
NIE
NIE
NIE
NIE
NIE
NIE
NIE
NIE
NIE
NIE
NIE
NIE
NIE
NIE
NIE
NIE
NIE
NIE
NIE
NIE
NIE
NIE
NIE
NIE
NIE
NIE
NIE
NIE
NIE
NIE
NIE
NIE
NIE
NIE
NIE
NIE
NIE
NIE
NIE
NIE
NIE
NIE
NIE
NIE
NIE
NIE
NIE
NIE
NIE
NIE
NIE
NIE
NIE
NIE
NIE
NIE
NIE
NIE
NIE
NIE
NIE
NIE
NIE
NIE
NIE
NIE
NIE
NIE
NIE
NIE
NIE
NIE
NIE
NIE
NIE
NIE
NIE
NIE
NIE
NIE
NIE
NIE
NIE
NIE
NIE
NIE
NIE
NIE
NIE
NIE
NIE
NIE
NIE
NIE
NIE
NIE
NIE
NIE
NIE
NIE
NIE
NIE
NIE
NIE
NIE
NIE
NIE
NIE
NIE
NIE
NIE
NIE
NIE
NIE
NIE
NIE
NIE
NIE
NIE
NIE
NIE
NIE
NIE
NIE
NIE
NIE
NIE
NIE
NIE
NIE
NIE
NIE
NIE
NIE
NIE
NIE
NIE
NIE
NIE
NIE
NIE
NIE
NIE
NIE
NIE
NIE
NIE
NIE
NIE
NIE
NIE
NIE
NIE
NIE
NIE
NIE
NIE
NIE
NIE
NIE
NIE
NIE
NIE
NIE
NIE
NIE
NIE
NIE
NIE
NIE
NIE
NIE
NIE
NIE
NIE
NIE
NIE
NIE
NIE
NIE
NIE
NIE
NIE
NIE
NIE
NIE
NIE
NIE
NIE
NIE
NIE
NIE
NIE
NIE
NIE
NIE
NIE
NIE
NIE
NIE
NIE
NIE
NIE
NIE
NIE
NIE
NIE
NIE
NIE
NIE
NIE
NIE
NIE
NIE
NIE
NIE
NIE
NIE
NIE
NIE
NIE
NIE
NIE
NIE
NIE
NIE
NIE
NIE
NIE
NIE
NIE
NIE
NIE
NIE
NIE
NIE
NIE
NIE
NIE
NIE
NIE
NIE
NIE
NIE
NIE
NIE
NIE
NIE
NIE
NIE
NIE
NIE
NIE
NIE
NIE
NIE
NIE
NIE
NIE
NIE
NIE
NIE
NIE
NIE
NIE
NIE
NIE
NIE
NIE
NIE
NIE
NIE
NIE
NIE
NIE
NIE
NIE
NIE
NIE
NIE
NIE
NIE
NIE
NIE
NIE
NIE
NIE
NIE
NIE
NIE
NIE
NIE
NIE
NIE
NIE
NIE
NIE
NIE
NIE
NIE
NIE
NIE
NIE
NIE
NIE
NIE
NIE
NIE
NIE
NIE
NIE
NIE
NIE
NIE
NIE
NIE
NIE
NIE
NIE
NIE
NIE
NIE
NIE
NIE
NIE
NIE
NIE
NIE
NIE
NIE
NIE
NIE
NIE
NIE
NIE
NIE
NIE
NIE
NIE
NIE
NIE
NIE
NIE
NIE
NIE
NIE
NIE
NIE
NIE
NIE
NIE
NIE
NIE
NIE
NIE
NIE
NIE
NIE
NIE
NIE
NIE
NIE
NIE
NIE
NIE
NIE
NIE
NIE
NIE
NIE
NIE
NIE
NIE
NIE
NIE
NIE
NIE
NIE
NIE
NIE
NIE
NIE
NIE
NIE
NIE
NIE
NIE
NIE
NIE
NIE
NIE
NIE
NIE
NIE
NIE
NIE
NIE
NIE
NIE
NIE
NIE
NIE
NIE
NIE
NIE
NIE
NIE
NIE
NIE
NIE
NIE
NIE
NIE
NIE
NIE
NIE
NIE
NIE
NIE
NIE
NIE
NIE
NIE
NIE
NIE
NIE
NIE
NIE
NIE
NIE
NIE
NIE
NIE
NIE
NIE
NIE
NIE
NIE
NIE
NIE
NIE
NIE
NIE
NIE
NIE
NIE
NIE
NIE
NIE
NIE
NIE
NIE
NIE
NIE
NIE
NIE
NIE
NIE
NIE
NIE
NIE
NIE
NIE
NIE
NIE
NIE
NIE
NIE
NIE
NIE
NIE
NIE
NIE
NIE
NIE
NIE
NIE
NIE
NIE
NIE
NIE
NIE
NIE
NIE
NIE
NIE
NIE
NIE
NIE
NIE
NIE
NIE
NIE
NIE
NIE
NIE
NIE
NIE
NIE
NIE
NIE
NIE
NIE
NIE
NIE
NIE
NIE
NIE
NIE
NIE
NIE
NIE
NIE
NIE
NIE
NIE
NIE
NIE
NIE
NIE
NIE
NIE
NIE
NIE
NIE
NIE
NIE
NIE
NIE
NIE
NIE
NIE
NIE
NIE
NIE
NIE
NIE
NIE
NIE
NIE
NIE
NIE
NIE
NIE
NIE
NIE
NIE
NIE
NIE
NIE
NIE
NIE
NIE
NIE
NIE
NIE
NIE
NIE
NIE
NIE
NIE
NIE
NIE
NIE
NIE
NIE
NIE
NIE
NIE
NIE
NIE
NIE
NIE
NIE
NIE
NIE
NIE
NIE
NIE
NIE
NIE
NIE
NIE
NIE
NIE
NIE
NIE
NIE
NIE
NIE
NIE
NIE
NIE
NIE
NIE
NIE
NIE
NIE
NIE
NIE
NIE
NIE
NIE
NIE
NIE
NIE
NIE
NIE
NIE
NIE
NIE
NIE
NIE
NIE
NIE
NIE
NIE
NIE
NIE
NIE
NIE
NIE
NIE
NIE
NIE
NIE
NIE
NIE
NIE
NIE
NIE
NIE
NIE
NIE
NIE
NIE
NIE
NIE
NIE
NIE
NIE
NIE
NIE
NIE
NIE
NIE
NIE
NIE
NIE
NIE
NIE
NIE
NIE
NIE
NIE
NIE
NIE
NIE
NIE
NIE
NIE
NIE
NIE
NIE
NIE
NIE
NIE
NIE
NIE
NIE
NIE
NIE
NIE
NIE
NIE
NIE
NIE
NIE
NIE
NIE
NIE
NIE
NIE
NIE
NIE
NIE
NIE
NIE
NIE
NIE
NIE
NIE
NIE
NIE
NIE
NIE
NIE
NIE
NIE
NIE
NIE
NIE
NIE
NIE
NIE
NIE
NIE
NIE
NIE
NIE
NIE
NIE
NIE
NIE
NIE
NIE
NIE
NIE
NIE
NIE
NIE
NIE
NIE
NIE
NIE
NIE
NIE
NIE
NIE
NIE
NIE
NIE
NIE
NIE
NIE
NIE
NIE
NIE
NIE
NIE
NIE
NIE
NIE
NIE
NIE
NIE
NIE
NIE
NIE
NIE
NIE
NIE
NIE
NIE
NIE
NIE
NIE
NIE
NIE
NIE
NIE
NIE
NIE
NIE
NIE
NIE
NIE
NIE
NIE
NIE
NIE
NIE
NIE
NIE
NIE
NIE
NIE
NIE
NIE
NIE
NIE
NIE
NIE
NIE
NIE
NIE
NIE
NIE
NIE
NIE
NIE
NIE
NIE
NIE
NIE
NIE
NIE
NIE
NIE
NIE
NIE
NIE
NIE
NIE
NIE
NIE
NIE
NIE
NIE
NIE
NIE
NIE
NIE
NIE
NIE
NIE
NIE
NIE
NIE
NIE
NIE
NIE
NIE
NIE
NIE
NIE
NIE
NIE
NIE
NIE
NIE
NIE
NIE
NIE
NIE
NIE
NIE
NIE
NIE
NIE
NIE
NIE
NIE
NIE
NIE
NIE
NIE
NIE
NIE
NIE
NIE
NIE
NIE
NIE
NIE
NIE
NIE
NIE
NIE
NIE
NIE
NIE
NIE
NIE
NIE
NIE
NIE
NIE
NIE
NIE
NIE
NIE
NIE
NIE
NIE
NIE
NIE
NIE
NIE
NIE
NIE
NIE
NIE
NIE
NIE
NIE
NIE
NIE
NIE
NIE
NIE
NIE
NIE
NIE
NIE
NIE
NIE
NIE
NIE
NIE
NIE
NIE
NIE
NIE
NIE
NIE
NIE
NIE
NIE
NIE
NIE
NIE
NIE
NIE
NIE
NIE
NIE
NIE
NIE
NIE
NIE
NIE
NIE
NIE
NIE
NIE
NIE
NIE
NIE
NIE
NIE
NIE
NIE
NIE
NIE
NIE
NIE
NIE
NIE
NIE
NIE
NIE
NIE
NIE
NIE
NIE
NIE
NIE
NIE
NIE
NIE
NIE
NIE
NIE
NIE
NIE
NIE
NIE
NIE
NIE
NIE
NIE
NIE
NIE
NIE
NIE
NIE
NIE
NIE
NIE
NIE
NIE
NIE
NIE
NIE
NIE
NIE
NIE
NIE
NIE
NIE
NIE
NIE
NIE
NIE
NIE
NIE
NIE
NIE
NIE
NIE
NIE
NIE
NIE
NIE
NIE
NIE
NIE
NIE
NIE
NIE
NIE
NIE
NIE
NIE
NIE
NIE
NIE
NIE
NIE
NIE
NIE
NIE
NIE
NIE
NIE
NIE
NIE
NIE
NIE
NIE
NIE
NIE
NIE
NIE
NIE
NIE
NIE
NIE
NIE
NIE
NIE
NIE
NIE
NIE
NIE
NIE
NIE
NIE
NIE
NIE
NIE
NIE
NIE
NIE
NIE
NIE
NIE
NIE
NIE
NIE
NIE
NIE
NIE
NIE
NIE
NIE
NIE
NIE
NIE
NIE
NIE
NIE
NIE
NIE
NIE
NIE
NIE
NIE
NIE
NIE
NIE
NIE
NIE
NIE
NIE
NIE
NIE
NIE
NIE
NIE
NIE
NIE
NIE
NIE
NIE
NIE
NIE
NIE
NIE
NIE
NIE
NIE
NIE
NIE
NIE
NIE
NIE
NIE
NIE
NIE
NIE
NIE
NIE
NIE
NIE
NIE
NIE
NIE
NIE
NIE
NIE
NIE
NIE
NIE
NIE
NIE
NIE
NIE
NIE
NIE
NIE
NIE
NIE
NIE
NIE
NIE
NIE
NIE
NIE
NIE
NIE
NIE
NIE
NIE
NIE
NIE
NIE
NIE
NIE
NIE
NIE
NIE
NIE
NIE
NIE
NIE
NIE
NIE
NIE
NIE
NIE
NIE
NIE
NIE
NIE
NIE
NIE
NIE
NIE
NIE
NIE
NIE
NIE
NIE
NIE
NIE
NIE
NIE
NIE
NIE
NIE
NIE
NIE
NIE
NIE
NIE
NIE
NIE
NIE
NIE
NIE
NIE
NIE
NIE
NIE
NIE
NIE
NIE
NIE
NIE
NIE
NIE
NIE
NIE
NIE
NIE
NIE
NIE
NIE
NIE
NIE
NIE
NIE
NIE
NIE
NIE
NIE
NIE
NIE
NIE
NIE
NIE
NIE
NIE
NIE
NIE
NIE
NIE
NIE
NIE
NIE
NIE
NIE
NIE
NIE
NIE
NIE
NIE
NIE
NIE
NIE
NIE
NIE
NIE
NIE
NIE
NIE
NIE
NIE
NIE
NIE
NIE
NIE
NIE
NIE
NIE
NIE
NIE
NIE
NIE
NIE
NIE
NIE
NIE
NIE
NIE
NIE
NIE
NIE
NIE
NIE
NIE
NIE
NIE
NIE
NIE
NIE
NIE
NIE
NIE
NIE
NIE
NIE
NIE
NIE
NIE
NIE
NIE
NIE
NIE
NIE
NIE
NIE
NIE
NIE
NIE
NIE
NIE
NIE
NIE
NIE
NIE
NIE
NIE
NIE
NIE
NIE
NIE
NIE
NIE
NIE
NIE
NIE
NIE
NIE
NIE
NIE
NIE
NIE
NIE
NIE
NIE
NIE
NIE
NIE
NIE
NIE
NIE
NIE
NIE
NIE
NIE
NIE
NIE
NIE
NIE
NIE
NIE
NIE
NIE
NIE
NIE
NIE
NIE
NIE
NIE
NIE
NIE
NIE
NIE
NIE
NIE
NIE
NIE
NIE
NIE
NIE
NIE
NIE
NIE
NIE
NIE
NIE
NIE
NIE
NIE
NIE
NIE
NIE
NIE
NIE
NIE
NIE
NIE
NIE
NIE
NIE
NIE
NIE
NIE
NIE
NIE
NIE
NIE
NIE
NIE
NIE
NIE
NIE
NIE
NIE
NIE
NIE
NIE
NIE
NIE
NIE
NIE
NIE
NIE
NIE
NIE
NIE
NIE
NIE
NIE
NIE
NIE
NIE
NIE
NIE
NIE
NIE
NIE
NIE
NIE
NIE
NIE
NIE
NIE
NIE
NIE
NIE
NIE
NIE
NIE
NIE
NIE
NIE
NIE
NIE
NIE
NIE
NIE
NIE
NIE
NIE
NIE
NIE
NIE
NIE
NIE
NIE
NIE
NIE
NIE
NIE
NIE
NIE
NIE
NIE
NIE
NIE
NIE
NIE
NIE
NIE
NIE
NIE
NIE
NIE
NIE
NIE
NIE
NIE
NIE
NIE
NIE
NIE
NIE
NIE
NIE
NIE
NIE
NIE
NIE
NIE
NIE
NIE
NIE
NIE
NIE
NIE
NIE
NIE
NIE
NIE
NIE
NIE
NIE
NIE
NIE
NIE
NIE
NIE
NIE
NIE
NIE
NIE
NIE
NIE
NIE
NIE
NIE
NIE
NIE
NIE
NIE
NIE
NIE
NIE
NIE
NIE
NIE
NIE
NIE
NIE
NIE
NIE
NIE
NIE
NIE
NIE
NIE
NIE
NIE
NIE
NIE
NIE
NIE
NIE
NIE
NIE
NIE
NIE
NIE
NIE
NIE
NIE
NIE
NIE
NIE
NIE
NIE
NIE
NIE
NIE
NIE
NIE
NIE
NIE
NIE
NIE
NIE
NIE
NIE
NIE
NIE
NIE
NIE
NIE
NIE
NIE
NIE
NIE
NIE
NIE
NIE
NIE
NIE
NIE
NIE
NIE
NIE
NIE
NIE
NIE
NIE
NIE
NIE
NIE
NIE
NIE
NIE
NIE
NIE
NIE
NIE
NIE
NIE
NIE
NIE
NIE
NIE
NIE
NIE
NIE
NIE
NIE
NIE
NIE
NIE
NIE
NIE
NIE
NIE
NIE
NIE
NIE
NIE
NIE
NIE
NIE
NIE
NIE
NIE
NIE
NIE
NIE
NIE
NIE
NIE
NIE
NIE
NIE
NIE
NIE
NIE
NIE
3008
NIE
NIE
NIE
NIE
NIE
NIE
NIE
NIE
NIE
NIE
NIE
NIE
NIE
NIE
NIE
NIE
NIE
NIE
NIE
NIE
NIE
NIE
NIE
NIE
NIE
NIE
NIE
NIE
NIE
NIE
NIE
4325
NIE
NIE
NIE
NIE
NIE
NIE
NIE
NIE
NIE
NIE
NIE
NIE
NIE
NIE
NIE
NIE
NIE
NIE
NIE
NIE
NIE
NIE
NIE
NIE
NIE
NIE
NIE
NIE
NIE
NIE
NIE
NIE
NIE
NIE
NIE
NIE
NIE
NIE
NIE
NIE
NIE
NIE
NIE
NIE
NIE
NIE
NIE
NIE
NIE
NIE
NIE
NIE
NIE
NIE
NIE
NIE
NIE
NIE
NIE
NIE
NIE
NIE
NIE
NIE
NIE
NIE
NIE
NIE
NIE
NIE
NIE
NIE
NIE
NIE
NIE
NIE
NIE
NIE
NIE
NIE
NIE
NIE
NIE
NIE
NIE
NIE
NIE
NIE
NIE
NIE
NIE
NIE
NIE
NIE
NIE
NIE
NIE
NIE
NIE
NIE
NIE
NIE
NIE
NIE
NIE
NIE
NIE
NIE
NIE
NIE
NIE
NIE
NIE
NIE
NIE
NIE
NIE
NIE
426
NIE
NIE
NIE
NIE
NIE
NIE
NIE
NIE
NIE
NIE
NIE
NIE
NIE
NIE
NIE
NIE
NIE
NIE
NIE
NIE
NIE
NIE
NIE
NIE
NIE
NIE
NIE
NIE
NIE
NIE
NIE
NIE
NIE
NIE
NIE
NIE
NIE
NIE
NIE
NIE
NIE
NIE
NIE
NIE
NIE
NIE
NIE
NIE
NIE
NIE
NIE
NIE
NIE
NIE
NIE
NIE
NIE
NIE
NIE
NIE
323
NIE
NIE
NIE
NIE
NIE
NIE
NIE
964
NIE
NIE
NIE
NIE
NIE
NIE
NIE
NIE
NIE
NIE
NIE
NIE
NIE
NIE
NIE
NIE
NIE
NIE
NIE
NIE
NIE
NIE
NIE
NIE
NIE
NIE
NIE
NIE
NIE
NIE
NIE
NIE
NIE
NIE
NIE
NIE
NIE
NIE
NIE
NIE
NIE
NIE
NIE
NIE
NIE
NIE
NIE
NIE
NIE
NIE
NIE
NIE
NIE
NIE
NIE
NIE
NIE
NIE
NIE
NIE
NIE
NIE
NIE
NIE
NIE
NIE
NIE
NIE
NIE
NIE
NIE
NIE
NIE
NIE
NIE
NIE
NIE
NIE
NIE
NIE
NIE
NIE
NIE
NIE
NIE
NIE
NIE
NIE
NIE
NIE
NIE
NIE
NIE
NIE
NIE
NIE
NIE
NIE
NIE
NIE
NIE
NIE
NIE
NIE
NIE
NIE
NIE
NIE
NIE
NIE
NIE
NIE
NIE
NIE
NIE
NIE
NIE
NIE
NIE
NIE
NIE
NIE
NIE
NIE
NIE
NIE
NIE
NIE
NIE
NIE
NIE
NIE
NIE
NIE
NIE
NIE
NIE
NIE
NIE
NIE
NIE
NIE
NIE
NIE
NIE
NIE
NIE
NIE
NIE
NIE
NIE
NIE
NIE
NIE
NIE
NIE
NIE
NIE
NIE
4374
NIE
NIE
NIE
NIE
NIE
NIE
NIE
NIE
NIE
NIE
NIE
NIE
NIE
NIE
NIE
NIE
NIE
NIE
NIE
NIE
NIE
NIE
NIE
NIE
NIE
NIE
NIE
NIE
NIE
NIE
NIE
NIE
NIE
NIE
NIE
NIE
NIE
NIE
NIE
NIE
NIE
NIE
NIE
NIE
NIE
NIE
NIE
NIE
NIE
NIE
NIE
NIE
NIE
NIE
NIE
NIE
NIE
NIE
NIE
NIE
NIE
NIE
NIE
NIE
NIE
NIE
NIE
NIE
NIE
NIE
NIE
NIE
NIE
NIE
NIE
NIE
NIE
NIE
NIE
NIE
NIE
NIE
NIE
NIE
NIE
NIE
NIE
NIE
NIE
NIE
NIE
NIE
NIE
NIE
NIE
NIE
NIE
NIE
NIE
NIE
NIE
NIE
NIE
NIE
NIE
NIE
NIE
NIE
NIE
NIE
NIE
NIE
NIE
NIE
NIE
NIE
NIE
NIE
NIE
NIE
NIE
NIE
NIE
NIE
NIE
NIE
NIE
NIE
NIE
NIE
NIE
NIE
NIE
NIE
NIE
NIE
NIE
NIE
NIE
NIE
NIE
NIE
NIE
NIE
502
NIE
NIE
NIE
NIE
NIE
NIE
NIE
NIE
NIE
NIE
NIE
NIE
NIE
NIE
NIE
NIE
NIE
NIE
NIE
NIE
NIE
NIE
NIE
NIE
NIE
NIE
NIE
NIE
NIE
NIE
NIE
NIE
NIE
NIE
NIE
NIE
NIE
NIE
NIE
NIE
NIE
NIE
NIE
NIE
NIE
NIE
NIE
NIE
NIE
NIE
NIE
NIE
NIE
NIE
NIE
NIE
NIE
NIE
NIE
NIE
NIE
NIE
NIE
NIE
NIE
NIE
NIE
NIE
NIE
NIE
NIE
NIE
NIE
NIE
NIE
NIE
NIE
NIE
NIE
NIE
NIE
NIE
NIE
NIE
NIE
NIE
NIE
NIE
NIE
NIE
NIE
NIE
NIE
NIE
NIE
NIE
NIE
NIE
NIE
NIE
NIE
NIE
NIE
NIE
NIE
NIE
NIE
NIE
NIE
NIE
NIE
NIE
NIE
NIE
NIE
NIE
NIE
NIE
NIE
NIE
NIE
NIE
NIE
NIE
NIE
NIE
NIE
4629
NIE
NIE
NIE
NIE
NIE
NIE
NIE
NIE
NIE
NIE
NIE
NIE
NIE
NIE
NIE
NIE
NIE
NIE
NIE
NIE
NIE
NIE
NIE
NIE
NIE
NIE
NIE
NIE
NIE
NIE
NIE
NIE
NIE
NIE
NIE
NIE
NIE
NIE
NIE
NIE
NIE
NIE
NIE
NIE
NIE
NIE
NIE
NIE
NIE
NIE
NIE
NIE
NIE
NIE
NIE
NIE
NIE
NIE
NIE
NIE
NIE
NIE
NIE
NIE
NIE
NIE
NIE
NIE
NIE
NIE
NIE
NIE
NIE
NIE
NIE
NIE
NIE
NIE
NIE
NIE
NIE
NIE
NIE
NIE
NIE
NIE
NIE
NIE
NIE
NIE
NIE
NIE
NIE
NIE
NIE
NIE
NIE
NIE
NIE
NIE
NIE
NIE
NIE
NIE
NIE
NIE
NIE
NIE
NIE
NIE
NIE
NIE
NIE
NIE
NIE
NIE
NIE
NIE
NIE
NIE
NIE
NIE
NIE
NIE
NIE
NIE
NIE
NIE
NIE
NIE
NIE
NIE
NIE
3750
3750
NIE
NIE
NIE
NIE
NIE
NIE
NIE
NIE
NIE
NIE
NIE
NIE
NIE
NIE
NIE
NIE
NIE
NIE
NIE
NIE
NIE
NIE
NIE
NIE
NIE
NIE
NIE
NIE
NIE
NIE
NIE
NIE
NIE
NIE
NIE
NIE
NIE
NIE
NIE
NIE
NIE
NIE
NIE
NIE
NIE
NIE
NIE
NIE
NIE
NIE
NIE
NIE
NIE
NIE
NIE
NIE
NIE
NIE
NIE
NIE
NIE
NIE
NIE
NIE
NIE
NIE
NIE
NIE
NIE
NIE
NIE
NIE
NIE
NIE
NIE
NIE
NIE
NIE
NIE
NIE
NIE
NIE
NIE
NIE
NIE
NIE
NIE
NIE
NIE
NIE
NIE
NIE
NIE
NIE
NIE
NIE
NIE
NIE
NIE
NIE
NIE
NIE
NIE
NIE
NIE
NIE
NIE
NIE
NIE
NIE
NIE
NIE
NIE
NIE
NIE
NIE
NIE
NIE
NIE
NIE
NIE
NIE
NIE
NIE
NIE
NIE
NIE
NIE
NIE
NIE
NIE
NIE
NIE
NIE
NIE
NIE
NIE
NIE
NIE
NIE
NIE
NIE
NIE
NIE
NIE
NIE
NIE
NIE
NIE
NIE
NIE
NIE
NIE
NIE
NIE
NIE
NIE
NIE
NIE
NIE
NIE
NIE
3466
NIE
NIE
NIE
NIE
NIE
NIE
NIE
NIE
NIE
NIE
NIE
1871
NIE
NIE
NIE
NIE
NIE
NIE
NIE
NIE
NIE
NIE
NIE
NIE
NIE
NIE
NIE
NIE
NIE
NIE
NIE
NIE
NIE
NIE
NIE
NIE
NIE
NIE
NIE
NIE
NIE
NIE
NIE
NIE
NIE
NIE
NIE
NIE
NIE
NIE
NIE
NIE
NIE
NIE
NIE
NIE
NIE
NIE
NIE
NIE
NIE
NIE
NIE
2878
NIE
NIE
NIE
NIE
NIE
NIE
NIE
NIE
NIE
NIE
NIE
NIE
NIE
NIE
NIE
NIE
NIE
NIE
NIE
NIE
NIE
NIE
NIE
NIE
NIE
NIE
NIE
NIE
NIE
NIE
NIE
NIE
NIE
NIE
NIE
NIE
NIE
NIE
NIE
NIE
NIE
NIE
NIE
NIE
NIE
NIE
NIE
NIE
NIE
NIE
NIE
NIE
NIE
NIE
NIE
NIE
NIE
NIE
NIE
NIE
NIE
NIE
NIE
NIE
NIE
NIE
NIE
NIE
NIE
NIE
NIE
NIE
NIE
NIE
NIE
NIE
NIE
NIE
NIE
NIE
NIE
NIE
NIE
NIE
NIE
NIE
NIE
NIE
NIE
NIE
NIE
NIE
NIE
NIE
NIE
NIE
NIE
NIE
NIE
NIE
NIE
NIE
NIE
NIE
NIE
NIE
NIE
NIE
NIE
NIE
NIE
NIE
NIE
NIE
NIE
NIE
NIE
NIE
NIE
NIE
NIE
NIE
NIE
NIE
NIE
NIE
NIE
NIE
NIE
NIE
NIE
NIE
NIE
NIE
671
NIE
NIE
NIE
NIE
NIE
NIE
NIE
NIE
NIE
NIE
NIE
NIE
NIE
NIE
NIE
NIE
NIE
NIE
NIE
NIE
NIE
NIE
NIE
NIE
NIE
NIE
NIE
NIE
NIE
NIE
NIE
NIE
NIE
NIE
NIE
NIE
NIE
NIE
NIE
NIE
NIE
NIE
NIE
NIE
NIE
NIE
NIE
NIE
NIE
NIE
NIE
NIE
NIE
NIE
NIE
NIE
NIE
NIE
NIE
NIE
NIE
NIE
NIE
NIE
NIE
NIE
NIE
NIE
NIE
NIE
NIE
NIE
NIE
NIE
NIE
NIE
NIE
NIE
NIE
NIE
NIE
NIE
NIE
NIE
NIE
NIE
NIE
NIE
NIE
NIE
NIE
NIE
NIE
NIE
NIE
NIE
NIE
NIE
NIE
NIE
NIE
NIE
NIE
NIE
NIE
NIE
NIE
NIE
NIE
NIE
NIE
NIE
NIE
NIE
NIE
NIE
NIE
NIE
NIE
NIE
NIE
NIE
NIE
NIE
NIE
NIE
NIE
NIE
NIE
NIE
NIE
NIE
NIE
NIE
NIE
NIE
NIE
NIE
NIE
NIE
NIE
NIE
NIE
NIE
NIE
NIE
NIE
NIE
NIE
NIE
NIE
NIE
NIE
NIE
NIE
NIE
NIE
NIE
NIE
NIE
NIE
NIE
NIE
NIE
NIE
NIE
NIE
NIE
NIE
NIE
NIE
NIE
NIE
NIE
NIE
NIE
NIE
NIE
NIE
NIE
2476
NIE
NIE
NIE
NIE
NIE
NIE
NIE
NIE
NIE
NIE
NIE
NIE
NIE
NIE
NIE
NIE
NIE
NIE
NIE
NIE
NIE
NIE
NIE
NIE
NIE
NIE
NIE
NIE
NIE
NIE
NIE
NIE
NIE
NIE
NIE
NIE
NIE
NIE
NIE
NIE
NIE
NIE
NIE
NIE
NIE
NIE
NIE
NIE
NIE
NIE
NIE
NIE
NIE
NIE
NIE
NIE
NIE
NIE
NIE
NIE
NIE
NIE
NIE
NIE
NIE
NIE
NIE
NIE
NIE
NIE
NIE
NIE
NIE
NIE
NIE
NIE
NIE
NIE
NIE
NIE
NIE
NIE
NIE
NIE
NIE
NIE
NIE
NIE
NIE
NIE
NIE
NIE
NIE
NIE
NIE
NIE
NIE
NIE
NIE
NIE
NIE
NIE
NIE
NIE
888
NIE
NIE
NIE
NIE
NIE
NIE
NIE
NIE
NIE
NIE
NIE
NIE
NIE
NIE
NIE
NIE
NIE
NIE
NIE
NIE
NIE
NIE
NIE
NIE
NIE
NIE
NIE
NIE
NIE
NIE
NIE
NIE
NIE
NIE
NIE
NIE
NIE
NIE
NIE
NIE
NIE
NIE
NIE
NIE
NIE
NIE
NIE
646
NIE
NIE
NIE
NIE
NIE
NIE
NIE
NIE
NIE
NIE
NIE
NIE
NIE
NIE
NIE
NIE
NIE
NIE
NIE
NIE
NIE
4506
NIE
NIE
NIE
NIE
NIE
NIE
NIE
NIE
NIE
NIE
4496
NIE
NIE
NIE
NIE
NIE
NIE
NIE
NIE
NIE
NIE
NIE
NIE
NIE
NIE
NIE
NIE
NIE
NIE
NIE
NIE
NIE
NIE
NIE
NIE
NIE
NIE
NIE
NIE
NIE
NIE
NIE
NIE
NIE
NIE
NIE
NIE
NIE
NIE
NIE
NIE
NIE
NIE
NIE
NIE
NIE
NIE
NIE
NIE
NIE
NIE
NIE
NIE
NIE
NIE
NIE
NIE
NIE
NIE
NIE
NIE
NIE
NIE
NIE
NIE
NIE
NIE
NIE
NIE
NIE
NIE
NIE
NIE
NIE
NIE
NIE
NIE
NIE
NIE
NIE
NIE
NIE
NIE
NIE
NIE
NIE
NIE
475
NIE
NIE
NIE
NIE
NIE
NIE
NIE
NIE
2616
NIE
NIE
NIE
NIE
NIE
NIE
NIE
NIE
NIE
NIE
NIE
NIE
NIE
NIE
NIE
NIE
NIE
NIE
NIE
NIE
NIE
NIE
NIE
NIE
NIE
NIE
NIE
NIE
NIE
NIE
NIE
NIE
NIE
NIE
NIE
NIE
NIE
NIE
NIE
NIE
NIE
NIE
NIE
NIE
NIE
NIE
NIE
NIE
NIE
NIE
NIE
NIE
NIE
NIE
NIE
NIE
NIE
NIE
NIE
NIE
NIE
NIE
NIE
NIE
NIE
NIE
NIE
NIE
NIE
NIE
NIE
NIE
NIE
NIE
NIE
NIE
NIE
NIE
NIE
NIE
NIE
NIE
NIE
NIE
NIE
NIE
NIE
NIE
NIE
NIE
NIE
NIE
NIE
NIE
NIE
NIE
4513
NIE
NIE
NIE
NIE
NIE
3393
NIE
NIE
NIE
NIE
NIE
NIE
NIE
NIE
NIE
NIE
NIE
NIE
NIE
NIE
NIE
NIE
NIE
NIE
NIE
NIE
NIE
NIE
NIE
NIE
NIE
NIE
NIE
NIE
NIE
NIE
NIE
NIE
NIE
NIE
NIE
NIE
NIE
NIE
NIE
NIE
NIE
NIE
NIE
NIE
NIE
NIE
NIE
NIE
NIE
NIE
NIE
NIE
NIE
NIE
NIE
NIE
NIE
NIE
NIE
NIE
NIE
NIE
NIE
3393
NIE
NIE
NIE
NIE
NIE
NIE
NIE
NIE
NIE
NIE
NIE
NIE
NIE
NIE
NIE
NIE
NIE
NIE
NIE
NIE
NIE
NIE
NIE
NIE
NIE
NIE
NIE
NIE
NIE
NIE
NIE
NIE
NIE
NIE
NIE
NIE
NIE
NIE
NIE
NIE
NIE
NIE
NIE
NIE
NIE
NIE
NIE
NIE
NIE
NIE
NIE
NIE
NIE
NIE
NIE
NIE
NIE
NIE
NIE
NIE
NIE
NIE
NIE
NIE
NIE
NIE
NIE
NIE
NIE
322
NIE
NIE
NIE
NIE
NIE
NIE
NIE
NIE
NIE
NIE
NIE
NIE
NIE
NIE
NIE
NIE
NIE
NIE
NIE
NIE
NIE
NIE
NIE
NIE
NIE
NIE
NIE
NIE
NIE
1966
NIE
NIE
NIE
NIE
NIE
NIE
NIE
NIE
NIE
NIE
NIE
NIE
NIE
NIE
NIE
NIE
NIE
NIE
NIE
NIE
NIE
NIE
NIE
NIE
NIE
NIE
NIE
NIE
NIE
NIE
NIE
NIE
NIE
NIE
NIE
NIE
NIE
NIE
NIE
NIE
NIE
NIE
NIE
NIE
NIE
NIE
NIE
NIE
NIE
NIE
NIE
NIE
NIE
NIE
NIE
NIE
NIE
NIE
NIE
NIE
NIE
NIE
NIE
NIE
NIE
NIE
NIE
NIE
NIE
NIE
NIE
NIE
NIE
NIE
NIE
NIE
NIE
NIE
NIE
NIE
NIE
NIE
NIE
NIE
NIE
NIE
NIE
NIE
NIE
NIE
NIE
NIE
NIE
NIE
NIE
NIE
NIE
NIE
NIE
NIE
NIE
NIE
NIE
1072
NIE
NIE
NIE
NIE
NIE
NIE
NIE
NIE
NIE
NIE
NIE
NIE
NIE
NIE
NIE
NIE
NIE
NIE
NIE
NIE
NIE
NIE
NIE
NIE
NIE
NIE
NIE
NIE
NIE
NIE
NIE
NIE
NIE
NIE
NIE
NIE
NIE
NIE
NIE
NIE
NIE
NIE
NIE
NIE
NIE
NIE
NIE
NIE
NIE
NIE
NIE
NIE
NIE
NIE
NIE
NIE
NIE
NIE
NIE
NIE
NIE
NIE
NIE
NIE
NIE
NIE
NIE
NIE
NIE
NIE
NIE
NIE
NIE
NIE
NIE
NIE
NIE
NIE
NIE
NIE
NIE
NIE
NIE
NIE
NIE
NIE
NIE
NIE
1436
NIE
NIE
NIE
NIE
NIE
NIE
NIE
NIE
NIE
NIE
NIE
NIE
NIE
NIE
NIE
NIE
NIE
NIE
NIE
NIE
NIE
NIE
NIE
NIE
NIE
NIE
NIE
NIE
NIE
NIE
NIE
NIE
NIE
NIE
NIE
NIE
NIE
NIE
NIE
NIE
NIE
NIE
NIE
NIE
NIE
NIE
NIE
NIE
NIE
NIE
NIE
NIE
NIE
NIE
NIE
NIE
NIE
NIE
NIE
NIE
NIE
NIE
NIE
NIE
NIE
NIE
NIE
NIE
NIE
NIE
NIE
NIE
NIE
NIE
NIE
NIE
NIE
NIE
NIE
NIE
NIE
NIE
NIE
NIE
NIE
NIE
NIE
NIE
NIE
4468
NIE
NIE
NIE
NIE
NIE
NIE
NIE
NIE
NIE
NIE
NIE
NIE
NIE
NIE
NIE
NIE
NIE
NIE
NIE
NIE
NIE
NIE
NIE
NIE
NIE
NIE
NIE
NIE
NIE
NIE
NIE
NIE
NIE
NIE
NIE
NIE
NIE
NIE
NIE
NIE
NIE
NIE
NIE
NIE
NIE
NIE
NIE
NIE
NIE
NIE
NIE
NIE
NIE
NIE
NIE
NIE
NIE
NIE
NIE
NIE
NIE
NIE
NIE
NIE
NIE
NIE
NIE
NIE
NIE
NIE
NIE
NIE
NIE
NIE
NIE
NIE
NIE
NIE
NIE
NIE
NIE
NIE
NIE
NIE
NIE
NIE
NIE
NIE
NIE
NIE
NIE
NIE
NIE
NIE
NIE
NIE
NIE
NIE
NIE
NIE
NIE
NIE
NIE
NIE
NIE
NIE
NIE
NIE
NIE
NIE
NIE
NIE
NIE
NIE
NIE
NIE
NIE
NIE
NIE
NIE
NIE
NIE
NIE
NIE
NIE
NIE
NIE
NIE
NIE
NIE
NIE
NIE
NIE
NIE
NIE
NIE
NIE
NIE
NIE
NIE
573
NIE
NIE
NIE
NIE
NIE
NIE
NIE
NIE
NIE
NIE
NIE
NIE
NIE
NIE
NIE
NIE
NIE
NIE
NIE
NIE
NIE
NIE
NIE
NIE
NIE
NIE
NIE
NIE
NIE
NIE
NIE
NIE
NIE
NIE
NIE
NIE
NIE
NIE
NIE
NIE
NIE
NIE
NIE
NIE
NIE
NIE
NIE
NIE
NIE
NIE
NIE
NIE
NIE
NIE
NIE
NIE
NIE
NIE
NIE
NIE
NIE
NIE
NIE
NIE
NIE
NIE
NIE
NIE
NIE
NIE
NIE
NIE
NIE
NIE
NIE
NIE
NIE
NIE
NIE
NIE
NIE
NIE
NIE
NIE
NIE
NIE
NIE
NIE
NIE
NIE
NIE
NIE
NIE
NIE
NIE
NIE
NIE
NIE
NIE
NIE
NIE
NIE
NIE
NIE
NIE
NIE
NIE
NIE
NIE
NIE
NIE
NIE
NIE
NIE
NIE
NIE
NIE
NIE
NIE
NIE
NIE
NIE
NIE
NIE
NIE
NIE
NIE
NIE
NIE
NIE
NIE
NIE
NIE
NIE
NIE
NIE
NIE
NIE
NIE
NIE
NIE
NIE
NIE
NIE
NIE
NIE
NIE
NIE
NIE
NIE
NIE
NIE
NIE
NIE
NIE
NIE
NIE
NIE
NIE
NIE
NIE
NIE
NIE
NIE
NIE
NIE
NIE
NIE
NIE
NIE
NIE
NIE
NIE
NIE
NIE
NIE
NIE
NIE
NIE
NIE
NIE
NIE
NIE
NIE
NIE
NIE
NIE
NIE
NIE
NIE
NIE
NIE
NIE
NIE
NIE
NIE
NIE
NIE
NIE
NIE
NIE
NIE
NIE
NIE
NIE
NIE
NIE
NIE
NIE
NIE
NIE
NIE
NIE
NIE
NIE
NIE
NIE
NIE
NIE
NIE
NIE
NIE
NIE
NIE
NIE
NIE
NIE
NIE
NIE
NIE
NIE
NIE
NIE
NIE
NIE
NIE
NIE
NIE
NIE
NIE
NIE
NIE
NIE
NIE
NIE
NIE
NIE
NIE
NIE
NIE
NIE
NIE
NIE
NIE
NIE
NIE
NIE
NIE
NIE
NIE
NIE
NIE
NIE
NIE
NIE
NIE
NIE
NIE
NIE
NIE
NIE
NIE
NIE
NIE
NIE
1344
NIE
NIE
NIE
NIE
NIE
NIE
NIE
NIE
NIE
NIE
NIE
NIE
NIE
NIE
NIE
NIE
NIE
NIE
NIE
NIE
NIE
NIE
NIE
NIE
NIE
NIE
NIE
NIE
NIE
NIE
NIE
NIE
NIE
NIE
NIE
NIE
NIE
NIE
NIE
NIE
NIE
NIE
NIE
NIE
NIE
NIE
NIE
NIE
NIE
NIE
NIE
NIE
NIE
NIE
NIE
NIE
NIE
NIE
NIE
NIE
NIE
NIE
NIE
NIE
NIE
NIE
NIE
NIE
2218
NIE
NIE
NIE
NIE
NIE
NIE
NIE
NIE
NIE
NIE
NIE
NIE
NIE
NIE
NIE
NIE
NIE
NIE
NIE
NIE
NIE
NIE
NIE
NIE
NIE
NIE
NIE
NIE
NIE
NIE
NIE
NIE
NIE
NIE
NIE
NIE
NIE
NIE
NIE
NIE
NIE
NIE
NIE
NIE
NIE
NIE
NIE
NIE
NIE
NIE
NIE
NIE
NIE
NIE
NIE
NIE
NIE
NIE
NIE
NIE
NIE
NIE
NIE
NIE
NIE
NIE
NIE
NIE
NIE
NIE
NIE
NIE
NIE
NIE
NIE
NIE
NIE
NIE
NIE
NIE
NIE
NIE
NIE
NIE
NIE
NIE
NIE
NIE
NIE
NIE
NIE
NIE
NIE
NIE
NIE
NIE
NIE
NIE
NIE
NIE
NIE
NIE
NIE
NIE
NIE
NIE
NIE
NIE
NIE
NIE
NIE
NIE
NIE
NIE
NIE
NIE
NIE
NIE
NIE
NIE
NIE
NIE
NIE
NIE
NIE
NIE
NIE
NIE
NIE
NIE
NIE
NIE
NIE
NIE
NIE
NIE
NIE
NIE
NIE
NIE
NIE
NIE
NIE
NIE
NIE
NIE
NIE
NIE
NIE
464
NIE
NIE
NIE
NIE
217
NIE
NIE
NIE
NIE
NIE
NIE
NIE
NIE
NIE
NIE
NIE
NIE
NIE
NIE
NIE
NIE
NIE
2692
NIE
NIE
NIE
2692
NIE
NIE
NIE
NIE
NIE
NIE
NIE
NIE
NIE
NIE
NIE
NIE
NIE
NIE
NIE
NIE
NIE
NIE
NIE
NIE
NIE
NIE
NIE
NIE
NIE
NIE
NIE
NIE
NIE
NIE
NIE
NIE
NIE
NIE
3289
NIE
NIE
NIE
NIE
NIE
NIE
NIE
NIE
NIE
NIE
NIE
NIE
NIE
NIE
NIE
NIE
NIE
NIE
NIE
NIE
NIE
NIE
NIE
NIE
NIE
NIE
NIE
NIE
NIE
NIE
NIE
NIE
NIE
NIE
NIE
NIE
NIE
NIE
NIE
NIE
NIE
4116
3117
NIE
NIE
NIE
NIE
NIE
NIE
NIE
NIE
NIE
NIE
NIE
NIE
NIE
NIE
NIE
NIE
NIE
NIE
NIE
NIE
NIE
NIE
NIE
NIE
NIE
NIE
NIE
NIE
NIE
NIE
NIE
NIE
NIE
NIE
NIE
NIE
NIE
NIE
NIE
2581
NIE
NIE
NIE
NIE
NIE
NIE
409
NIE
NIE
NIE
NIE
NIE
NIE
NIE
NIE
NIE
NIE
NIE
NIE
NIE
NIE
NIE
NIE
NIE
NIE
NIE
NIE
NIE
NIE
NIE
NIE
NIE
NIE
NIE
NIE
NIE
NIE
NIE
NIE
NIE
NIE
NIE
NIE
NIE
1564
NIE
NIE
NIE
NIE
NIE
NIE
NIE
NIE
NIE
NIE
NIE
NIE
NIE
NIE
NIE
NIE
NIE
NIE
NIE
NIE
NIE
NIE
NIE
NIE
NIE
NIE
NIE
NIE
NIE
1958
NIE
NIE
NIE
NIE
NIE
NIE
NIE
NIE
NIE
NIE
NIE
NIE
NIE
NIE
NIE
NIE
NIE
NIE
NIE
NIE
NIE
NIE
NIE
NIE
NIE
NIE
NIE
NIE
NIE
NIE
NIE
NIE
NIE
NIE
NIE
NIE
NIE
NIE
NIE
NIE
NIE
NIE
NIE
NIE
NIE
NIE
NIE
NIE
NIE
NIE
NIE
NIE
NIE
NIE
NIE
NIE
NIE
NIE
NIE
NIE
NIE
NIE
NIE
NIE
NIE
NIE
NIE
NIE
NIE
NIE
NIE
NIE
NIE
NIE
NIE
NIE
NIE
NIE
NIE
NIE
NIE
NIE
NIE
NIE
NIE
NIE
NIE
NIE
NIE
NIE
NIE
NIE
163
NIE
NIE
NIE
NIE
NIE
NIE
NIE
NIE
NIE
NIE
NIE
NIE
NIE
NIE
NIE
NIE
NIE
NIE
NIE
NIE
NIE
NIE
NIE
NIE
NIE
NIE
NIE
NIE
NIE
NIE
NIE
3506
NIE
NIE
NIE
NIE
NIE
NIE
NIE
NIE
NIE
NIE
NIE
NIE
NIE
NIE
NIE
NIE
NIE
NIE
NIE
NIE
NIE
NIE
NIE
NIE
NIE
NIE
NIE
NIE
NIE
NIE
NIE
NIE
NIE
NIE
NIE
NIE
NIE
NIE
NIE
NIE
NIE
NIE
NIE
NIE
NIE
NIE
NIE
NIE
NIE
NIE
NIE
906
NIE
161
NIE
NIE
3819
NIE
NIE
NIE
NIE
NIE
NIE
NIE
NIE
NIE
NIE
NIE
NIE
NIE
NIE
NIE
NIE
NIE
NIE
NIE
NIE
NIE
NIE
NIE
NIE
NIE
NIE
NIE
NIE
NIE
NIE
NIE
NIE
NIE
NIE
NIE
NIE
NIE
NIE
NIE
NIE
NIE
NIE
NIE
NIE
NIE
NIE
NIE
NIE
NIE
NIE
NIE
NIE
NIE
NIE
NIE
NIE
NIE
NIE
NIE
NIE
NIE
NIE
NIE
NIE
NIE
NIE
NIE
NIE
NIE
NIE
NIE
NIE
NIE
NIE
NIE
NIE
NIE
NIE
NIE
NIE
NIE
NIE
NIE
NIE
NIE
NIE
NIE
NIE
NIE
NIE
NIE
NIE
NIE
NIE
NIE
NIE
NIE
NIE
NIE
NIE
NIE
NIE
NIE
NIE
NIE
NIE
NIE
NIE
NIE
NIE
NIE
NIE
NIE
NIE
NIE
NIE
NIE
NIE
NIE
NIE
NIE
NIE
NIE
NIE
NIE
NIE
NIE
NIE
NIE
NIE
NIE
NIE
NIE
NIE
NIE
NIE
NIE
NIE
NIE
NIE
NIE
NIE
NIE
NIE
NIE
NIE
NIE
NIE
NIE
NIE
NIE
NIE
NIE
NIE
NIE
NIE
NIE
NIE
NIE
NIE
NIE
NIE
NIE
NIE
NIE
NIE
NIE
NIE
NIE
NIE
NIE
NIE
NIE
NIE
NIE
NIE
NIE
NIE
NIE
NIE
NIE
NIE
NIE
NIE
NIE
NIE
NIE
NIE
NIE
NIE
NIE
NIE
NIE
NIE
NIE
NIE
NIE
NIE
NIE
NIE
NIE
NIE
NIE
NIE
NIE
NIE
NIE
NIE
NIE
NIE
NIE
NIE
NIE
NIE
NIE
NIE
NIE
NIE
NIE
NIE
NIE
NIE
NIE
NIE
NIE
NIE
NIE
NIE
NIE
NIE
NIE
NIE
NIE
NIE
NIE
NIE
NIE
NIE
NIE
NIE
NIE
NIE
NIE
NIE
NIE
NIE
NIE
NIE
NIE
NIE
NIE
NIE
NIE
NIE
NIE
NIE
NIE
NIE
NIE
NIE
NIE
NIE
NIE
NIE
NIE
NIE
NIE
NIE
NIE
NIE
NIE
NIE
NIE
NIE
NIE
NIE
NIE
NIE
NIE
NIE
NIE
NIE
NIE
NIE
NIE
NIE
NIE
NIE
NIE
NIE
NIE
NIE
NIE
NIE
NIE
NIE
NIE
NIE
NIE
NIE
NIE
NIE
NIE
NIE
NIE
NIE
NIE
NIE
NIE
NIE
NIE
NIE
NIE
NIE
NIE
NIE
NIE
NIE
NIE
NIE
NIE
NIE
NIE
NIE
NIE
NIE
NIE
NIE
NIE
NIE
NIE
NIE
NIE
NIE
NIE
NIE
NIE
NIE
NIE
NIE
NIE
NIE
NIE
NIE
NIE
NIE
NIE
NIE
NIE
NIE
NIE
NIE
NIE
NIE
NIE
NIE
NIE
NIE
NIE
NIE
NIE
NIE
NIE
NIE
NIE
NIE
NIE
NIE
NIE
NIE
NIE
NIE
NIE
NIE
NIE
NIE
NIE
NIE
NIE
NIE
NIE
NIE
NIE
NIE
NIE
NIE
NIE
NIE
NIE
NIE
NIE
NIE
NIE
NIE
NIE
NIE
NIE
NIE
NIE
610
NIE
NIE
NIE
NIE
NIE
NIE
NIE
NIE
NIE
NIE
NIE
NIE
NIE
NIE
NIE
NIE
NIE
NIE
NIE
NIE
NIE
NIE
NIE
NIE
NIE
NIE
NIE
NIE
NIE
NIE
NIE
NIE
NIE
NIE
NIE
NIE
NIE
NIE
NIE
NIE
NIE
1539
NIE
NIE
NIE
NIE
NIE
NIE
NIE
NIE
NIE
NIE
610
NIE
NIE
NIE
NIE
NIE
NIE
NIE
NIE
NIE
NIE
NIE
NIE
NIE
NIE
NIE
NIE
NIE
NIE
NIE
NIE
NIE
NIE
NIE
NIE
NIE
NIE
NIE
NIE
NIE
NIE
NIE
NIE
3123
NIE
NIE
NIE
NIE
NIE
NIE
NIE
NIE
NIE
NIE
NIE
NIE
NIE
NIE
NIE
NIE
NIE
NIE
NIE
NIE
NIE
NIE
NIE
NIE
NIE
NIE
NIE
NIE
NIE
NIE
NIE
NIE
NIE
NIE
NIE
NIE
NIE
NIE
NIE
NIE
NIE
NIE
NIE
NIE
NIE
NIE
NIE
NIE
NIE
NIE
NIE
NIE
NIE
NIE
NIE
NIE
NIE
NIE
NIE
NIE
NIE
NIE
NIE
NIE
NIE
NIE
NIE
NIE
NIE
NIE
NIE
NIE
NIE
NIE
NIE
NIE
NIE
NIE
NIE
NIE
NIE
NIE
4766
NIE
NIE
NIE
540
NIE
NIE
NIE
NIE
NIE
NIE
NIE
NIE
NIE
NIE
NIE
NIE
NIE
NIE
NIE
NIE
NIE
NIE
NIE
NIE
NIE
NIE
NIE
NIE
NIE
NIE
NIE
NIE
NIE
NIE
NIE
NIE
NIE
NIE
NIE
NIE
NIE
NIE
NIE
NIE
NIE
NIE
NIE
NIE
NIE
NIE
NIE
NIE
NIE
NIE
NIE
NIE
NIE
NIE
NIE
NIE
NIE
NIE
NIE
NIE
NIE
NIE
NIE
NIE
NIE
NIE
NIE
NIE
NIE
NIE
NIE
NIE
NIE
NIE
NIE
NIE
572
572
151
151
151
151
151
151
151
572
572
572
572
572
572
572
572
572
572
572
572
572
572
572
572
572
572
572
572
572
572
572
572
572
572
572
572
112
63
63
63
63
63
63
63
63
63
63
63
63
63
63
63
63
63
63
63
63
63
63
63
63
63
63
63
63
63
63
63
63
112
112
112
112
112
112
112
112
112
112
112
112
112
112
112
112
112
112
112
112
112
112
112
112
112
112
112
112
112
112
112
112
112
112
112
112
112
112
112
112
112
112
112
112
112
112
112
112
112
112
112
112
112
112
112
112
112
112
112
112
112
112
112
112
112
112
112
112
112
112
112
112
112
112
112
112
112
112
112
112
112
112
112
112
112
112
112
112
112
112
112
112
112
112
112
112
112
112
112
112
112
112
112
112
112
112
112
112
112
112
112
139
139
139
139
139
139
139
139
139
139
139
139
139
139
139
139
139
139
139
139
139
139
139
139
139
139
139
139
139
139
139
139
139
139
139
139
139
139
139
139
139
139
139
139
139
379
379
379
379
379
379
379
379
379
379
379
379
379
290
290
290
290
290
290
290
290
290
290
290
290
290
290
290
290
290
290
290
290
290
290
290
290
290
290
290
290
290
126
126
126
126
126
126
126
126
126
126
126
126
126
126
126
126
126
126
126
126
126
126
126
126
126
126
126
126
126
126
126
126
126
126
126
126
290
290
290
290
290
290
290
290
290
290
290
290
290
290
290
290
290
290
290
290
290
290
290
290
290
290
290
290
290
290
290
290
290
290
290
290
290
290
290
290
290
290
290
290
662
290
290
290
394
394
394
394
394
662
394
394
394
394
394
394
394
394
394
239
239
239
239
239
239
239
239
4
4
4
4
4
4
4
4
4
4
4
4
4
4
4
4
4
4
4
4
4
4
4
4
4
4
4
4
4
4
4
4
4
4
4
4
4
4
4
4
4
4
4
4
4
4
4
4
4
4
4
4
4
4
4
4
4
4
4
4
4
4
4
4
4
4
4
4
4
4
4
4
4
4
4
4
4
4
4
4
4
4
4
4
4
4
4
4
4
4
4
4
4
4
4
4
4
4
4
4
4
4
4
8
8
8
8
8
8
8
8
8
8
8
8
8
8
8
8
8
8
8
8
8
8
8
8
8
8
8
8
8
8
8
8
8
8
8
8
8
8
8
8
8
8
28
28
28
28
28
28
28
28
28
28
28
28
28
28
28
28
28
28
28
28
28
28
28
28
28
28
28
28
28
28
28
28
28
28
28
28
28
28
28
28
28
97
97
97
97
97
97
97
97
97
97
97
21
21
21
21
21
21
21
21
21
21
21
21
21
21
21
21
21
21
21
21
21
21
21
21
21
21
21
21
21
21
21
21
21
21
21
21
21
21
21
21
21
21
21
21
21
21
21
21
21
21
21
21
21
21
17
17
17
17
17
17
17
17
17
17
17
17
17
17
17
17
17
17
17
17
17
17
17
17
17
17
17
17
17
17
17
17
17
17
17
17
17
17
17
17
17
17
17
17
17
17
17
17
17
17
21
17
21
21
21
21
21
21
21
21
21
21
21
21
21
21
21
420
420
420
420
420
420
420
420
420
420
420
420
420
420
420
420
420
420
420
420
420
420
420
420
420
420
420
420
420
420
420
420
420
420
420
420
420
420
420
420
420
420
420
420
420
420
420
420
420
420
420
420
420
420
420
420
420
206
206
206
206
206
206
206
206
206
206
206
206
206
206
165
165
165
165
165
165
165
165
165
165
165
165
206
206
206
206
206
206
206
206
206
206
206
206
206
206
206
206
1154
1154
1154
1154
1154
1154
1154
1154
1154
1154
1154
1154
1154
1154
1154
1154
1154
1154
1233
1233
1233
1233
136
136
136
136
136
136
136
136
136
136
136
136
136
136
136
136
136
136
136
136
136
136
136
136
136
136
136
136
136
136
136
136
136
136
136
136
136
136
136
136
136
136
136
136
136
136
136
136
136
136
136
136
136
136
136
136
318
318
318
318
318
318
318
318
318
318
318
318
318
318
318
403
318
318
318
318
318
318
403
403
403
403
403
403
403
403
403
403
403
403
403
403
403
403
403
403
403
403
403
403
403
403
403
403
403
403
403
403
403
403
403
403
515
515
515
515
515
515
515
515
515
515
515
515
515
515
515
515
515
515
515
515
515
431
431
431
431
431
431
431
431
431
431
431
431
431
431
431
431
431
431
431
431
431
431
431
588
588
588
588
588
588
588
588
588
588
588
588
588
588
588
588
588
588
499
499
499
499
499
499
499
499
499
499
499
499
499
499
499
499
499
499
499
499
499
338
338
338
338
338
338
338
338
338
338
338
338
338
499
338
338
338
338
338
338
338
338
338
338
338
338
156
156
156
156
156
156
156
156
156
156
156
156
156
156
156
156
156
156
156
156
156
156
156
156
156
156
156
156
156
156
156
156
156
156
156
156
156
156
156
156
156
156
156
156
156
156
156
156
156
156
156
156
156
156
156
156
156
156
156
156
156
156
156
156
156
156
156
156
156
156
156
156
156
156
156
156
156
156
156
156
156
156
156
156
156
156
156
156
156
156
156
156
156
156
55
55
55
55
55
55
55
55
55
55
55
55
55
55
55
55
55
55
55
55
55
55
55
55
55
55
55
55
55
55
55
55
55
55
55
55
55
55
55
55
55
55
55
55
55
132
132
132
132
132
132
132
132
132
132
132
132
132
132
132
132
132
132
132
132
132
132
132
132
132
132
132
132
132
132
132
132
132
132
132
132
132
132
132
132
132
132
132
132
132
132
132
132
132
132
132
132
132
132
132
132
132
132
132
132
132
132
132
132
132
132
132
132
132
237
237
237
237
237
237
237
237
237
237
237
237
237
237
237
237
237
237
237
237
237
237
237
237
237
237
237
237
595
595
595
595
595
595
595
595
595
595
595
595
595
595
595
595
595
595
595
595
595
595
595
595
595
595
595
595
595
595
595
595
595
595
595
595
595
595
595
388
388
388
146
146
146
146
146
146
146
146
146
146
146
146
146
146
146
146
146
146
146
146
146
146
146
146
146
146
146
146
146
146
146
146
146
146
146
146
146
146
146
146
146
146
146
146
146
146
146
146
146
146
146
146
146
146
146
146
146
146
146
146
146
40
40
40
40
40
40
40
40
40
40
40
40
40
40
40
40
40
40
40
40
40
40
40
40
40
40
40
40
40
40
40
40
40
419
419
419
419
419
419
419
419
419
419
419
419
419
419
419
419
419
419
419
419
419
419
419
419
419
419
419
419
419
193
193
193
193
193
193
193
193
193
193
193
193
193
193
193
193
193
193
193
193
193
193
193
193
193
193
193
193
193
193
193
193
193
193
193
193
193
193
193
193
193
193
193
193
193
193
193
193
193
193
193
193
193
193
193
193
193
193
193
193
193
193
193
193
193
193
193
193
193
193
193
193
193
193
193
193
193
193
352
352
352
352
352
352
352
352
352
352
352
352
352
352
352
352
352
352
352
352
352
352
352
352
352
352
352
352
352
352
352
352
352
352
352
352
352
352
352
352
352
352
352
352
352
352
352
352
352
352
352
352
352
352
352
352
352
352
352
352
352
352
352
352
352
352
352
352
352
352
352
352
352
352
352
352
352
352
352
352
352
352
352
352
352
352
429
429
429
429
429
429
429
429
429
429
429
429
429
429
429
429
429
429
484
429
429
429
429
429
429
429
429
429
429
429
429
429
429
429
484
484
484
484
484
484
484
484
484
484
484
484
484
484
484
484
484
484
484
484
484
484
484
484
484
484
484
484
484
484
389
389
389
389
389
389
389
389
389
389
389
389
389
389
389
389
389
389
389
389
389
389
389
389
389
389
389
389
389
389
321
321
321
321
321
321
321
321
321
321
321
321
321
321
321
321
321
321
321
321
321
321
321
321
321
321
321
321
321
321
321
321
321
321
321
321
321
321
321
321
321
321
321
321
162
162
162
162
162
162
162
162
162
162
162
162
162
162
162
162
162
162
162
162
162
162
162
162
162
162
162
162
162
162
162
162
162
162
162
162
162
162
162
162
162
162
162
162
162
162
162
162
162
162
162
162
162
162
162
162
162
162
162
162
162
162
162
162
162
162
162
162
162
162
162
162
162
162
162
162
162
162
162
162
162
162
162
162
162
162
162
162
162
162
162
162
162
162
162
162
162
162
162
162
162
162
162
162
162
162
162
190
190
190
190
190
190
190
190
190
190
190
190
190
190
190
190
190
190
190
190
190
190
190
190
80
80
80
80
80
80
80
80
80
115
80
80
80
80
80
80
80
80
80
80
80
80
80
80
80
80
80
80
80
80
80
80
80
80
80
80
80
80
80
80
80
80
80
80
80
80
80
80
80
80
80
80
80
80
80
80
80
80
80
80
80
80
80
80
80
80
80
80
80
80
80
80
80
80
80
434
80
80
80
80
80
80
80
80
80
80
80
80
80
80
80
80
776
776
776
776
776
259
259
259
259
259
259
259
259
259
259
259
259
259
259
259
259
259
259
259
259
259
259
259
259
259
259
259
259
259
259
259
259
259
259
259
259
259
259
259
259
259
259
259
259
259
259
259
259
259
259
259
259
259
188
188
188
188
188
188
188
188
188
188
188
188
188
188
188
188
188
188
188
188
188
188
188
188
188
188
188
188
188
188
188
188
188
188
188
188
188
188
188
188
188
188
188
188
188
188
188
188
188
188
188
188
188
188
188
188
188
188
188
188
188
188
188
188
188
188
276
276
276
276
276
276
292
292
292
292
292
292
292
292
292
292
292
292
292
292
292
292
292
292
292
292
292
292
292
292
292
292
292
292
292
292
292
292
292
292
292
292
292
292
292
292
292
241
241
292
292
292
292
292
292
292
292
292
292
292
292
292
292
292
292
292
292
164
164
164
164
164
164
164
164
164
164
164
164
164
164
65
65
65
65
65
65
65
65
65
65
65
65
65
65
65
65
65
65
65
65
65
65
65
65
65
65
65
65
65
65
65
65
65
65
65
65
65
65
65
65
65
65
65
65
65
65
65
65
65
65
65
65
65
65
65
65
65
65
65
65
65
65
65
65
65
65
65
65
65
65
65
65
65
65
65
65
65
65
65
65
65
65
65
65
65
65
65
65
65
65
65
65
65
65
65
65
65
65
65
65
65
65
65
65
65
65
65
65
65
65
65
65
65
65
65
65
65
65
65
65
65
65
65
164
164
164
164
164
164
164
164
164
164
340
340
340
340
340
340
340
340
340
336
336
336
336
336
336
336
336
336
336
93
93
93
93
93
93
93
93
93
93
93
93
93
336
93
93
93
93
93
93
93
93
93
93
93
93
93
93
93
93
93
93
93
138
93
93
93
93
93
93
93
93
93
93
93
93
