7229
1283
15765
3237
5629
5230
15366
5585
10794
13766
2574
2876
11920
469
5478
17795
12682
1770
1987
15825
8491
12498
3056
968
7862
4795
4061
11921
4440
16395
3047
11595
5608
10918
8367
9150
17059
7471
17842
139
5075
13811
6197
12473
1783
3010
11997
13400
4041
14970
17135
3694
14355
5163
2942
1953
4077
12363
11925
4051
17658
5342
1268
9790
7094
16675
14034
14429
245
9637
9874
8385
2240
8046
2621
17500
7161
1919
14337
14544
14075
12728
14270
17605
8682
3028
15710
13105
15545
9691
4865
7265
13112
6580
5815
10194
4584
7568
16328
9747
17757
15846
15553
13082
15755
14150
6963
16998
14127
968
7332
16347
4564
1982
13720
5782
11455
11097
12115
14100
6843
14476
8788
9949
8523
678
10139
16374
4069
4368
15792
9894
14120
10965
304
2423
4923
16613
2292
5699
7869
9337
13440
1261
16015
15192
13610
4922
16084
10322
11622
2646
4299
2419
3332
11598
13301
5455
2062
5299
8813
8301
90
11468
4862
17590
3208
16610
1360
6103
14652
625
15232
14840
8236
8341
14626
833
5471
7071
11215
10798
7792
8067
14054
83
3139
17590
16692
16020
4593
4251
5839
5643
6138
16118
13903
3566
238
9792
17145
15870
2789
1503
8356
8301
14713
16076
8134
3768
1717
17396
9801
10367
1134
7315
8240
2569
12867
6821
16142
5573
1163
16796
7670
355
13536
5444
7356
15943
7916
11144
7429
8885
14099
14019
6386
10612
14609
10950
7091
8472
16780
15308
10083
7654
2923
4150
1680
543
6011
8183
1938
353
9399
11054
17591
4152
9096
4251
15003
11668
3924
11115
11021
7737
5432
3647
5763
621
4426
13483
4790
7225
12741
13117
9623
11445
6315
10158
8093
8621
2844
525
6011
12617
9637
17019
3439
2670
9535
14966
9335
12617
6834
6869
4480
11312
5023
4464
5242
11886
11406
574
9033
7790
2100
11226
2323
9937
15051
3749
11674
17753
4804
6854
12178
2740
11898
13844
12716
212
15646
3238
6975
11682
2593
6580
10490
1493
2184
240
5935
833
8047
13016
16761
12766
3547
3121
55
17745
16615
6034
1002
2267
11030
732
1815
3214
8301
7988
4191
12851
5530
407
12377
15669
13467
12295
6586
5649
8735
10054
15527
1912
5882
5439
1019
11754
9979
134
7997
7455
17842
9068
10307
6017
12455
6246
3487
3016
5919
9489
13487
19
6351
491
15583
10557
1898
8498
2028
9479
3534
1062
5927
7656
5050
6587
4299
6467
11994
17542
9690
15799
1249
9738
7171
285
4569
120
10854
14718
617
8349
13172
5165
16950
9979
6834
14986
13247
16611
14961
15198
3691
8884
11423
1185
8731
12500
15201
3052
15015
15288
11067
8468
17019
630
166
15871
2657
3517
10702
7420
4528
625
3043
11616
8440
2650
5992
120
6199
12707
5691
12656
13928
734
1503
2159
525
17060
9348
10372
4530
10184
1184
14239
2395
11382
13286
1398
12205
4040
1058
12574
8442
13931
13546
13887
89
17646
2731
16056
3689
5114
8911
920
10167
12405
10829
7045
9184
6228
736
12776
8672
5879
