43269
43361
49331
45440
48405
41580
40764
47581
48192
48986
45560
44015
40804
44244
43267
44960
42648
44295
44940
NIE
40996
48003
NIE
40265
48624
49117
NIE
41273
NIE
43397
40693
49640
43529
45301
45842
46564
46594
48000
49314
NIE
43529
47955
47334
41641
45588
45747
45463
44029
44864
44647
NIE
42681
NIE
42245
42432
45174
45180
49396
40978
49052
44535
48141
42712
47009
44216
45609
41198
46989
43242
49747
40373
47657
44629
49426
47789
41818
NIE
49103
44875
44864
43980
NIE
NIE
44252
48154
40572
49708
49999
NIE
48104
45455
NIE
43963
42617
49747
41825
47547
NIE
45086
45937
47843
48957
NIE
43373
NIE
42601
44986
42892
40265
48047
42524
44326
41484
42182
49640
47120
NIE
43481
NIE
46787
42245
40640
45677
40373
42852
42773
NIE
49147
45280
43846
46139
49248
43688
45918
41825
45537
NIE
45792
42447
44891
45918
41216
47456
48336
49052
48892
49866
42932
45744
43568
NIE
45609
42852
41656
NIE
43962
41586
42998
40086
42630
42290
NIE
47107
45747
NIE
49476
49393
42998
49708
47259
45747
42157
40294
43100
41641
48076
49343
40699
44107
NIE
44811
NIE
48249
45475
42633
NIE
40584
47773
49094
46778
48141
49654
40572
44450
47153
43799
45388
43999
47514
49817
49393
NIE
45168
43100
42182
42432
45347
45643
41154
45436
45676
41641
40572
47514
44647
NIE
42524
NIE
46219
48182
40770
45643
44216
48087
47456
44647
45609
49386
48180
40584
40853
43922
41085
45280
43688
41481
48503
NIE
42511
45772
48717
47773
49817
45747
45376
43922
41013
45747
NIE
48717
45436
46906
45168
49268
43518
49817
41825
47954
42846
47954
44104
49393
43100
44065
41484
49817
49396
44600
49747
41681
46658
NIE
48180
45347
47642
47274
48589
47019
46219
45049
48121
46732
47514
49971
47051
40584
46898
43529
44065
45347
49343
46732
46401
45347
42435
41681
49116
44502
46401
40699
41001
42157
49866
40945
44043
45772
40584
44104
45937
47068
45689
41731
NIE
NIE
41681
41890
45981
43989
43657
42617
46204
40551
NIE
43529
NIE
42633
45514
44252
49343
43448
43799
44252
44216
47768
46219
47051
43116
44104
41198
42435
48701
48717
42157
46549
43448
43486
44104
46898
45440
44104
NIE
49125
NIE
NIE
NIE
43989
44237
45937
47804
NIE
48717
44104
49343
42157
49343
45856
45049
47642
42186
48047
44104
NIE
48405
44435
47514
45747
42633
42370
42435
NIE
41641
41641
49393
48718
NIE
47068
42092
46898
42186
NIE
NIE
42767
49747
44104
47019
48087
41221
42633
46203
45514
44104
42370
44104
44243
48496
40853
41641
42370
48813
47804
44104
44243
49747
48451
45981
47068
40770
49747
40853
41224
42186
46943
46117
48877
49747
49125
40584
42617
45474
47019
47514
40770
42617
40770
42617
49248
49747
49817
45981
46117
NIE
42633
43863
41484
49747
47019
42617
NIE
46117
43799
41484
48496
42617
48496
48076
40903
47514
40584
42633
48877
40853
49817
42617
49817
44243
49817
42617
44600
49817
43518
44104
47514
42633
47514
49817
43817
48481
47068
42040
42370
49817
42370
46978
48718
40584
47019
45049
48405
46247
46898
42040
42040
40584
42370
47405
49817
42633
40584
42040
44104
44243
46898
44600
41224
NIE
49125
44435
48496
44435
48087
40195
43817
44243
46898
49817
49125
47779
40847
40903
40752
43851
45444
49326
46898
45594
43817
42243
45594
46925
47068
41224
NIE
44837
49326
44956
NIE
46559
47472
44837
42939
45444
44068
43751
48685
42966
46205
45409
44670
44156
41278
49230
48121
40584
41314
49349
44063
48928
47943
47715
48601
43106
47952
49921
43910
47251
47405
49980
49242
45120
45513
42314
40855
47595
45450
43683
48799
47398
42612
41269
49980
45513
42816
46085
42864
48799
48674
NIE
46512
NIE
41798
44468
49093
46241
49095
46738
NIE
47357
40997
42314
NIE
41892
49768
44795
47707
NIE
41781
48942
43063
41159
40855
46905
49565
43751
49348
42328
47145
42344
45854
43864
44497
45830
45786
40855
45973
48813
47936
46270
49016
44793
44303
45450
46638
41129
45887
43279
49711
44598
49095
46569
48123
NIE
44154
40356
46925
43299
40356
44035
45188
45835
49921
42835
NIE
45885
49509
45977
NIE
45616
45865
41097
42040
43916
49481
48859
44289
42647
47869
49817
47151
48537
49115
46623
NIE
44951
41272
47215
41709
43452
48317
42665
43358
42385
46116
47145
41325
45049
46815
48694
43390
43118
45530
40514
42413
45681
40720
42633
47357
42734
44339
41857
45513
47132
40703
49485
43788
40081
45518
42684
43164
47186
40703
45298
44037
42465
49071
46153
40847
42710
45316
42163
49357
NIE
43031
46144
40056
40617
49197
42131
47745
40463
43097
47845
44068
44098
46715
43818
NIE
43410
44549
NIE
46006
49745
43839
NIE
43965
NIE
NIE
47439
49242
41096
47315
43121
44874
45009
43757
47950
47619
39884
45523
43791
44292
41229
44414
49850
44956
NIE
41048
NIE
49885
42285
48302
45176
49894
46328
44477
40448
45965
NIE
NIE
42734
48983
47145
40575
47145
33736
39411
48349
32044
45865
46648
46383
41048
45936
41461
46212
NIE
39919
35638
49458
40964
41855
40940
40588
49095
46362
49979
49387
45833
46144
39925
49115
45945
41588
34188
33315
40240
40215
NIE
36837
36758
41752
41570
33445
43086
NIE
46774
35548
NIE
34692
48016
39260
NIE
45629
48187
47668
45882
39565
27290
NIE
40682
47520
47463
44753
34890
37330
45858
41030
41174
46375
33673
47014
49357
42640
37408
48855
48548
NIE
49104
47113
41037
48298
41227
45450
36847
49323
45553
34228
42295
48332
40079
41428
48956
48016
36101
45854
40498
31910
28308
31234
44509
35382
29091
44477
27946
49403
42441
43606
44085
40419
40971
46284
NIE
49982
46185
42828
43205
39479
44999
48744
NIE
32573
35766
35880
42237
34837
34337
47358
24806
41140
NIE
46475
44844
NIE
44552
34365
48251
47728
46475
39529
42542
38124
48123
43648
44634
42481
47288
29907
41129
43839
42262
47708
NIE
48247
30259
29678
46386
49454
46964
40580
48861
45298
39068
NIE
NIE
45176
45357
48877
31168
44086
47687
44770
47579
46606
39277
43917
35472
49458
NIE
29140
40532
27251
45217
47649
42335
48743
48570
47290
25507
44630
26989
27436
30783
27264
28323
49853
43839
39712
41129
41911
35510
46747
26709
27104
27454
39456
41325
27129
38960
37079
40743
26357
42465
46747
32799
47290
38657
44962
44785
28357
24076
46087
32126
49499
44441
39605
33214
40530
49803
37847
48471
43875
48742
36821
42939
37647
31868
42674
49138
44764
45577
38759
41301
25406
22635
47807
47286
NIE
39931
48293
33848
40929
34830
34069
33371
31945
49390
29690
26627
22669
45312
29791
32588
27078
25015
49338
48781
44099
48956
29390
43606
42531
44909
24227
47483
48024
40530
47281
25286
41761
25561
46427
42548
40068
32562
43165
25922
42740
34627
23701
21031
25449
21909
26939
41031
45128
42450
41213
42512
41204
44951
41071
44485
46364
37508
43112
43816
47409
NIE
30269
41766
49023
42820
34666
24503
39245
49128
48146
26703
43357
42981
46046
30305
26918
22294
40355
48925
35135
38203
36045
42223
40702
19423
21968
42504
40840
45542
27986
40415
26722
45587
43576
37904
40127
24087
42291
43617
39055
42680
40641
41698
25299
48082
45948
23707
46148
40411
43022
41538
31655
37409
47840
19447
44880
41422
40765
39967
23443
31586
21237
20576
49241
23346
NIE
37348
26041
27277
33634
18412
48504
20419
20452
21470
48105
46593
29586
21820
46192
24503
44918
41079
20387
27946
33562
41356
NIE
43723
42594
22266
21411
42242
36601
33615
23860
32191
48660
48289
26091
47811
NIE
24771
43990
28715
45757
44251
28672
23477
40103
25826
23529
45034
25079
45574
19688
38069
33946
49846
33199
43596
37627
45210
28697
22267
48304
25630
20779
32756
46485
33162
47370
19395
18097
34410
39656
23866
23928
40020
40729
20544
22984
43744
20371
46620
30298
46807
44623
42350
22401
39073
47849
48407
21685
NIE
47653
45352
49545
40755
31316
17438
31072
27272
37766
33962
23367
49595
19378
25465
44948
NIE
46755
19015
24438
41381
18834
41869
40807
35336
25382
33188
47379
45311
38042
24363
32516
25167
48402
44382
19582
NIE
47041
45463
46520
26748
25348
41280
49099
42291
30427
45551
35094
43284
22433
22561
44318
31803
41040
43269
49191
NIE
44966
34394
25324
30158
42077
18814
22830
22271
41916
19157
38800
43555
48237
45726
42775
27639
42430
24955
46405
46074
48735
26491
42124
24239
30170
49874
45774
42591
26253
45769
30380
22669
39931
38711
22243
NIE
40587
32009
43809
36637
44930
41463
43778
31221
28017
35625
25815
44320
45146
23879
23477
25223
33470
44725
17831
44086
25758
47525
20734
40161
49631
18453
25888
36742
NIE
NIE
NIE
45201
21517
42803
26314
23838
35815
43478
34988
24141
NIE
48005
48719
43977
38723
25694
47228
24521
29671
21044
49158
16843
46088
17936
44374
34474
45450
46785
47777
40693
24181
25205
19114
38507
41339
43574
33962
31625
40670
44488
44692
42967
25797
20604
39729
22956
46513
21788
NIE
20861
22769
31277
48701
49353
41516
36253
44010
32871
22329
32091
20776
NIE
23389
27792
25833
44628
40547
21503
41193
46307
21040
48533
18118
19544
22894
22287
18191
49631
45381
34927
21568
23875
18603
17731
23976
32197
23330
46533
17312
21588
28375
34161
38711
49423
44532
21907
26381
27948
NIE
19182
36087
27205
19817
19947
37810
26908
38832
34836
41774
48536
26423
28486
22813
22582
43167
33950
45674
43693
37308
35950
18497
44056
40146
49163
45834
45258
18987
37204
23140
41759
43696
21806
46690
36808
29142
40445
46484
27043
27387
31853
32686
45062
42655
23145
32264
39445
30875
20675
36656
44320
49730
20541
26328
21210
NIE
49271
25477
29479
46021
29560
41230
45560
26171
37774
49396
26203
23816
46688
46547
44488
45879
19817
41491
39082
37488
33913
24919
46407
18891
43514
43629
49079
23167
49592
26780
48960
43130
37596
47153
41755
36218
43733
36502
35362
24667
45946
23322
49837
43219
28515
42591
25307
42523
43977
23735
44966
32410
35496
29479
42089
40150
24156
42377
27358
21219
36808
30192
41254
23138
NIE
36869
26159
28762
48161
40471
49976
29222
37701
46535
31622
49434
NIE
47136
48056
38416
41869
28535
33450
28015
34501
21102
41230
36514
47536
47515
42377
30000
29417
46206
27453
33402
25331
NIE
43862
28218
49920
44607
42597
40460
44701
27267
29840
49630
39484
48681
27737
49359
26360
41708
44031
40467
28776
35306
40649
27035
47759
49999
35502
48071
43337
45609
41954
24386
45506
46169
44975
33912
NIE
33304
NIE
47110
48064
31420
31245
NIE
44607
42712
33989
47828
42495
34956
45281
30110
38154
31805
44620
27876
40458
31686
45398
40838
43699
42188
34743
32442
42240
37171
29523
44317
46850
45878
49543
40631
38782
38880
40448
42650
44107
31460
31916
44859
47726
32193
48844
47861
43838
47483
40974
36785
47861
34662
NIE
37107
42967
42467
45508
48499
48937
48939
49116
39547
43685
37599
44135
NIE
33968
49282
40710
43186
39431
30774
44332
47780
42704
39862
39257
37532
43351
40473
49393
29626
29332
49275
41013
45014
49679
33998
31050
45772
40774
48119
43242
39476
46825
46690
46850
48884
35606
46962
41239
43100
43186
41956
48126
41531
36192
39027
38952
40536
47370
40472
49248
41674
40216
40243
43853
45227
49669
43732
45174
48883
47369
49425
39845
46697
49087
41190
44676
42812
42736
44382
47635
45579
NIE
49393
48180
41391
46490
40448
48589
49912
46956
48360
48645
42827
40823
48408
41326
48322
45599
44232
41063
44644
49068
43978
44273
45401
44745
48315
42339
49183
46980
43974
41766
49747
45211
NIE
45151
46538
NIE
41759
NIE
47657
41339
45579
44485
45301
49927
47125
40649
49152
46732
41013
NIE
49496
45347
44202
44570
40668
43908
49052
46622
48466
43466
46402
NIE
49114
47051
49282
49620
45209
40649
49954
NIE
40754
49747
46063
44409
46817
45544
46378
41990
47326
49750
45376
NIE
45068
46778
46604
44033
49852
42535
44472
40978
42538
45190
47613
49235
40448
46833
48955
42648
49258
NIE
48717
47051
44057
49114
44506
NIE
49331
NIE
48667
43213
42190
43492
45657
43267
45337
42932
47998
42609
43699
45560
42642
47119
NIE
40519
45584
47863
43464
42617
40895
48157
45301
43053
44275
48481
45035
45849
42601
47172
49609
42608
49462
NIE
40895
45747
46556
NIE
42846
45174
49747
NIE
46215
49331
47118
42681
44275
49116
40649
45301
47334
49783
46564
40297
43963
49103
46833
40211
47201
41812
40484
43384
NIE
NIE
43973
45701
