16270
2905
7771
26128
17518
13144
19469
33564
29007
535
7234
23473
14030
20678
29477
47
7188
2077
14314
11764
6056
37087
36495
8133
31344
575
NIE
NIE
NIE
7016
6100
25704
20933
19754
14060
18487
NIE
19512
NIE
9440
273
16266
NIE
1181
2828
NIE
1317
4084
18441
23233
NIE
36472
14106
32413
6356
NIE
30305
13834
26376
27812
NIE
17896
NIE
945
7041
16480
12762
17907
47559
38880
7166
7279
4805
14405
18227
8293
34698
29350
4842
27643
NIE
1342
20640
3462
2434
8087
4241
19560
33701
23670
25852
5366
8190
19370
6559
16717
48425
7863
NIE
3383
1041
6310
13321
NIE
NIE
47416
9576
NIE
22967
5664
NIE
8346
30577
28896
11349
12810
1936
3430
27042
NIE
18574
24451
13700
5520
NIE
5618
12109
10910
17786
23200
NIE
13614
31510
14288
4443
24179
11007
22069
16993
1762
9757
1519
32
1596
11830
8790
17776
16329
12149
672
24106
1161
NIE
7380
7752
29523
NIE
31844
3659
NIE
7884
14939
399
11079
1702
1775
34787
44536
16228
NIE
2012
23408
NIE
NIE
2066
2771
16379
26440
2108
NIE
28285
12614
17686
2461
28798
579
29084
4922
2486
47254
13562
NIE
220
11480
19468
NIE
13452
2474
8285
2438
5094
3705
2015
903
5139
25346
22506
2333
11378
21095
7208
22707
14309
930
912
8679
4261
16593
18465
21762
17769
8094
5212
10277
18907
7611
40262
NIE
9461
2477
6068
8254
17825
17170
16015
45640
NIE
14850
11123
41353
NIE
27886
13155
28353
28705
1184
20929
NIE
6108
25223
1247
11793
20323
1232
7065
3777
NIE
27737
6039
NIE
34132
25623
17361
28881
4271
6115
4805
1281
20096
414
9553
5146
13222
18267
3428
6849
8695
6346
10206
13861
793
12296
4256
NIE
20495
6477
8293
17625
19609
2958
2851
25294
6286
17790
3910
18953
990
NIE
25677
44
23166
7065
12869
5427
3187
26119
43549
15501
3907
5809
13143
NIE
16450
970
13821
1659
25484
1869
NIE
519
8290
9271
8238
274
8868
2980
13879
8411
1379
1479
NIE
NIE
11630
5026
1184
4403
426
6207
1720
10327
2218
738
12170
17694
2218
19763
19672
27392
11825
3044
11436
20180
3735
19745
399
21515
23368
16301
17617
16448
1268
6286
25071
13915
6486
14594
NIE
12244
1096
5292
14501
9444
25407
15175
40769
2700
NIE
24954
10657
11485
7310
8150
24114
NIE
23731
26224
16995
4289
5778
26136
NIE
22011
2494
39045
36782
3516
3238
19705
1548
1573
11386
NIE
16465
24784
23487
19
11647
5562
1185
9433
12600
6310
8686
25969
48373
33977
10486
9835
24001
2770
14499
49926
3019
10128
7580
33370
33274
4984
8353
NIE
3425
12917
750
6978
NIE
34178
16816
NIE
2575
20621
5421
30810
12534
4765
6393
6917
5898
1536
16895
16685
816
NIE
4397
25242
18576
1121
6936
14303
13882
NIE
18773
13203
41402
26085
5058
2670
4544
7240
843
33946
11732
12279
NIE
5541
25306
697
17146
8183
11253
7140
NIE
2135
10736
1485
28589
40177
31750
28520
18839
34860
2486
15413
3333
15540
23891
3241
4400
16070
9439
NIE
1507
11680
2762
25017
15957
NIE
6115
27201
6465
20702
7217
38089
5225
20588
14920
20842
15989
3179
49178
3922
14404
5918
2457
7511
NIE
5460
2708
19703
NIE
16736
15461
8643
1506
20990
3627
5211
31888
17094
13625
14153
2341
11612
NIE
NIE
664
9843
7436
21815
11025
11400
4955
35474
3951
2521
25792
1206
6610
NIE
1168
237
46380
8321
731
3508
8298
875
15806
190
NIE
12844
11990
1552
10446
32911
20229
13760
6384
412
1473
10737
27422
22265
5526
NIE
2619
8193
12662
18758
11840
21736
2107
48464
NIE
3736
299
14847
298
10753
2126
760
41271
1050
22335
34942
23123
25631
4976
3910
3707
11272
5645
21684
11312
8545
NIE
999
6138
16125
4842
15591
35511
8393
13533
25739
23620
8466
26725
5473
23145
11015
2773
41307
26854
12278
7666
532
17319
1914
NIE
20603
22653
3633
44085
5527
NIE
2664
NIE
5895
1971
2219
NIE
1401
NIE
19165
2556
22543
20731
1053
6918
20671
NIE
9682
5603
21420
10772
26754
4503
3562
35814
42173
1060
27074
3153
18452
11663
18124
13143
86
10230
31701
29734
20453
11187
31584
987
1247
NIE
NIE
7132
717
14400
15778
5209
31123
15670
20422
2217
18231
NIE
16990
24754
6988
8349
10215
26621
13971
33648
7765
25177
375
27396
5028
1892
34912
8078
14017
6922
5861
2219
5100
4441
NIE
23854
633
7984
6019
24663
NIE
36399
7320
14643
7621
23833
16807
4212
16276
25446
2945
40015
NIE
17318
2819
2308
8204
3462
24590
4759
16453
NIE
1904
10849
15570
49008
1799
35046
19079
4226
8650
19928
22683
NIE
3942
18038
49150
1082
9114
34549
6551
30004
18962
6119
33315
480
3974
5152
3860
21241
24290
10618
33636
NIE
9430
1945
4407
20637
9432
NIE
13090
37943
4047
7396
7704
20083
1106
11708
14204
2852
16063
17293
5248
21874
35124
1938
26046
17518
11752
4437
41592
34359
20090
3786
NIE
NIE
5589
11023
5341
4746
459
NIE
NIE
17936
4500
10516
NIE
39223
32277
10235
1117
28419
625
13262
3056
3438
NIE
5231
16487
13858
NIE
NIE
3878
17048
6025
15847
NIE
33000
654
21476
24663
1877
1959
7055
2293
NIE
NIE
4005
15080
18347
3780
NIE
19460
4881
7321
NIE
10113
24382
48816
13387
2934
18170
1184
2794
14215
15124
3047
357
12727
17376
949
8211
NIE
7940
17606
7157
783
7985
24344
263
8871
42215
4757
27915
1660
18370
3598
1862
33283
7871
NIE
13217
11857
6008
NIE
13721
28874
7021
17821
4194
9791
2111
1282
1972
6276
12366
27094
3197
6726
NIE
NIE
8465
6315
3578
23711
NIE
456
4784
9906
NIE
5093
21285
3784
21614
331
24361
8415
7017
3648
12362
NIE
27362
44572
904
13622
2716
20553
15076
23756
1541
NIE
16077
5923
2908
16692
NIE
24134
NIE
6737
15872
14472
2338
16405
23685
17503
8823
NIE
2092
28318
NIE
10994
15616
23471
16058
NIE
4879
17579
8091
22298
NIE
22369
8443
8672
19677
15817
10895
1525
11398
NIE
NIE
33564
16135
45380
1119
2045
18247
34829
23000
NIE
11260
5952
19339
7657
30344
15589
NIE
34276
1800
12460
14353
7884
28881
10507
20719
11354
15175
5503
1913
NIE
9220
410
21149
32313
33139
NIE
31126
30162
38100
NIE
NIE
4156
22315
792
NIE
677
6971
28405
11980
13759
1842
50
1595
35164
1708
27321
23483
10326
26984
36200
NIE
11002
12044
16257
28513
2744
1189
18499
8298
7885
11701
12590
16238
NIE
NIE
NIE
796
NIE
33738
5698
843
9767
20437
40
21793
10181
10881
306
NIE
12368
23926
NIE
30977
43169
209
2507
NIE
3325
1243
43250
18487
11712
11458
21590
7215
16972
20181
5842
3154
23740
28261
17139
2192
NIE
3503
NIE
15070
3822
33962
20602
18587
14155
15203
NIE
15968
3573
3926
595
198
495
18319
4623
25657
1901
7053
5171
NIE
27729
11356
11105
24929
4132
293
1429
237
6166
30225
12498
4283
12582
2860
7280
2090
19648
13795
13683
5389
NIE
22431
11413
25484
1398
10477
578
28758
14733
11110
17527
35349
20638
22543
4583
9147
27133
14721
3199
3906
22802
6558
15157
5085
47819
49744
NIE
28006
NIE
6994
NIE
11167
224
13373
NIE
15940
33148
7277
20512
1872
199
28006
1047
6908
20150
16531
NIE
3166
NIE
11749
5986
16472
7513
NIE
14850
NIE
NIE
13977
4570
1999
34368
27959
19317
5335
15171
30253
17697
3785
5518
35717
10450
14426
10185
8269
NIE
8606
11287
984
1284
1015
NIE
2113
17889
4349
NIE
2091
NIE
9110
495
14223
21730
13757
456
4445
6637
19612
NIE
22720
15496
NIE
1201
24046
17578
4607
2162
17711
44522
49250
20374
17989
2515
7355
16322
919
2015
2212
14570
10093
23207
NIE
NIE
5007
20800
10085
18070
28410
23786
13501
6948
1596
7507
4340
19182
13470
1978
21582
6117
1684
NIE
49558
NIE
27188
7161
NIE
4442
315
37880
34605
19877
588
8590
662
NIE
8463
27491
6331
9847
17511
NIE
23312
6112
4158
4956
18228
1205
6599
NIE
17304
12640
1755
11314
6806
21141
NIE
34316
29640
10963
20414
6871
NIE
25076
10568
15559
20564
NIE
22800
9794
11858
9150
523
22634
1558
410
28775
19099
724
6307
15810
18488
7903
47109
12609
778
9313
12344
15808
8805
3604
25115
355
12618
8694
12724
1543
2598
2106
2386
43340
3706
6054
10169
204
9120
510
9751
23591
4774
14264
10846
12087
32802
7924
9328
23127
4163
13780
3798
7262
19706
1168
1311
13991
24427
15304
2858
25334
5433
35382
7861
13930
25281
8946
NIE
8924
6642
23460
7200
NIE
7233
16896
19837
5809
43325
34295
3846
22436
7460
2644
6891
3047
13676
25640
903
2433
14502
6591
6611
31834
3270
NIE
9569
6427
NIE
11319
7985
20220
8202
24787
803
13827
10607
NIE
10763
144
5610
7105
2436
NIE
886
8502
12772
20148
39641
26469
2677
13971
5905
7086
1401
16465
NIE
NIE
1611
16967
24932
779
12180
26385
4116
15219
384
22222
14008
3148
11026
NIE
20538
12764
2534
13663
1765
1807
NIE
15795
7628
12275
NIE
1037
4952
4949
NIE
9870
29713
NIE
38443
15460
851
NIE
8005
49800
NIE
8687
NIE
11331
30051
27300
34384
NIE
10315
14963
NIE
13310
7670
5871
29574
2992
5383
17706
11562
11204
2344
2288
16389
1179
19454
43592
383
15134
NIE
34901
14713
16775
30277
NIE
44625
17097
14407
12216
203
7924
24
8067
19684
13041
15970
1169
48155
5354
352
6923
8040
14021
14549
505
4459
663
2861
10381
32783
16496
NIE
NIE
4224
18795
6188
12385
17323
8311
NIE
9220
23065
NIE
NIE
15050
3545
9470
12760
4920
NIE
29257
1444
6070
NIE
7796
NIE
8671
235
11542
NIE
12130
NIE
16353
13153
32262
NIE
11831
30334
NIE
28272
9996
35937
12830
14662
5760
712
17813
2586
NIE
44474
3364
10682
29924
NIE
6377
NIE
2021
47235
7448
23409
13970
42976
NIE
17790
NIE
405
NIE
13421
10264
29790
5364
725
24809
16079
8729
45659
23724
10693
17198
3541
19432
16525
1252
NIE
12314
7761
16756
32162
445
4720
35203
23146
8139
14649
5241
22776
4354
35233
7362
NIE
5460
37584
NIE
15114
NIE
8421
4825
NIE
8328
26706
NIE
4290
11150
NIE
395
967
NIE
14195
4078
16071
4067
8581
30546
25651
13307
17925
25732
13649
10387
NIE
NIE
NIE
3513
20627
1916
2393
26279
4291
2512
25243
NIE
4905
34129
417
3957
13187
16838
3164
8566
18866
3288
33054
13126
14822
4885
8581
1660
13181
18748
14019
5074
705
511
13430
22690
8339
27218
534
26775
14053
17386
19319
19232
3493
11937
37738
12135
24435
26788
13019
6985
26682
22814
13953
27860
9309
20712
NIE
3165
876
41170
16260
17600
10779
9668
30543
35893
NIE
13911
4360
7714
NIE
255
8580
2583
5446
46709
17691
873
2830
21976
4605
4830
43349
NIE
NIE
10895
1446
25938
12486
7995
18185
27042
5955
10188
NIE
25246
37859
13991
9902
17447
3221
28254
11234
NIE
NIE
NIE
11125
25398
NIE
10625
18263
16358
14612
NIE
10775
13199
29188
26644
21669
33770
20411
8886
NIE
7052
17075
NIE
42035
NIE
NIE
6517
2982
15668
5274
1762
NIE
24074
4593
11446
15806
2751
498
NIE
5977
3333
9934
11302
2021
6649
25854
13831
NIE
18305
3327
9319
20020
9822
NIE
10138
14964
4915
7386
21832
16473
25712
10631
16964
16781
15787
37301
12067
11231
NIE
13646
28632
32951
14440
2098
17804
30190
5104
12008
4103
9184
3653
8112
NIE
15357
701
2036
16895
20284
22264
17052
3899
10734
21795
9291
3143
16395
NIE
1611
1453
5539
12366
18414
5089
23516
9332
2211
35156
5670
34559
12121
18399
48725
15154
12600
938
21523
25855
38209
4603
8440
22398
44524
23267
20617
27643
NIE
5592
6427
20719
16187
1706
NIE
21522
16187
22579
5995
2927
6482
13296
2733
17635
2705
27422
28962
1127
38074
9380
4641
3552
7106
NIE
4484
54
2176
NIE
NIE
5144
19126
4544
NIE
NIE
NIE
15674
13849
NIE
9639
19301
7575
9311
NIE
7397
5670
23979
NIE
16792
16276
3133
11146
3411
NIE
23642
NIE
13493
16837
5474
15232
18587
23645
NIE
4026
5183
7365
NIE
2729
10061
NIE
36948
13381
533
21051
20941
13956
17704
11306
20528
31266
1586
6958
24282
21223
31868
3786
13657
17690
906
4008
5516
3566
6183
38638
14720
NIE
7227
21905
8877
11484
851
15760
36335
2252
14960
2691
22931
11179
3362
10176
200
7389
19520
13777
NIE
2451
30862
10226
47885
30462
16940
15301
8735
3660
5344
19955
34867
10716
7225
15230
NIE
4871
36972
NIE
9308
7961
6693
2710
7760
NIE
30752
2534
1911
23465
4765
7818
4280
36185
4558
8442
1254
25835
8107
2850
10963
1664
2026
9966
3551
7066
17376
5382
23724
7908
NIE
NIE
NIE
2969
31734
9871
5165
1673
6101
11600
47000
21869
16438
12365
11703
NIE
1035
8565
13766
3986
1183
23919
1780
2483
NIE
25943
NIE
NIE
18066
11345
7271
2216
8276
3471
18509
NIE
13496
1538
9673
13748
6053
4823
5191
16209
5297
8278
7708
5405
4864
17589
24763
142
NIE
1785
NIE
5789
5523
11860
10004
17361
30487
NIE
NIE
12616
27582
NIE
6848
20986
5066
3008
12165
1804
3156
11082
20091
13772
16829
22913
1456
NIE
5614
33046
11537
15925
NIE
5878
8778
49958
2447
25519
38899
781
NIE
2837
13637
14445
6254
9443
NIE
4796
3905
17782
1487
189
9868
1955
4155
13088
529
13936
2431
16001
4213
17604
14995
324
17625
5818
15662
19615
5200
17214
8847
2361
11007
3780
11033
23291
1670
2162
NIE
20495
NIE
41747
NIE
NIE
6591
2020
5566
6524
28340
4911
1923
2525
15309
8670
23774
8916
17190
NIE
5338
1949
3306
13369
17882
1275
903
26429
24028
13505
7632
16942
4379
8765
4997
13188
8964
8998
NIE
8863
9051
10280
768
18973
10402
11847
NIE
9126
10920
7077
15865
16820
33912
7342
30126
33762
1604
12053
3706
5352
35239
9258
13888
8281
29626
4551
2311
NIE
11801
17492
29991
27111
29018
6249
29045
9959
6599
NIE
24357
1946
13212
13807
22776
339
3924
1262
15346
NIE
26427
25442
46372
3589
12745
2062
25778
32654
NIE
NIE
9497
1835
2975
NIE
11724
NIE
994
18494
5316
3437
14764
32089
NIE
2658
13681
24144
5237
17722
1108
1891
1819
10945
20960
NIE
7267
1794
12572
17179
13765
NIE
8201
15337
15363
5788
2785
14335
11712
2871
8457
1784
4795
NIE
42125
8237
7553
203
2521
26475
23899
17733
681
16070
26838
12324
7339
17669
3107
2402
38843
15690
NIE
10922
9232
6857
28395
3746
3652
16646
6666
15225
2068
8271
29293
8473
743
7539
5632
21993
14353
7513
NIE
47672
5013
6916
6971
487
1554
14680
18295
NIE
15969
13421
7012
2842
47878
28802
896
10746
9486
1496
7958
24453
15992
6345
31504
21818
39662
517
17025
3675
7724
3457
5848
NIE
5115
8430
NIE
14885
7957
5566
NIE
15795
NIE
8609
3241
NIE
2550
19871
NIE
7257
472
11129
17647
11661
NIE
13071
NIE
23947
27328
13857
2875
3326
3972
10483
3295
24779
NIE
50
32356
4388
211
2404
12333
7570
7616
32083
17462
NIE
2216
2756
10482
10249
47224
6147
252
30802
12944
6050
24205
13485
8192
11570
2381
12588
21289
23574
3162
42982
37588
12243
43161
15065
12012
16950
NIE
13805
NIE
8157
10118
5867
36516
NIE
4212
9155
5921
2908
20385
28144
2126
12390
23658
11982
3317
12963
27328
5611
6473
5146
5511
26797
12075
12909
7629
NIE
313
25534
13533
330
11751
41942
14893
12512
3887
23323
1071
5814
4444
15216
12078
35637
888
7547
2732
14971
12252
2151
18066
10928
11786
11421
NIE
2982
6443
29395
11331
21351
1353
NIE
4508
5966
10402
22821
180
23917
4648
1542
11994
6931
2783
2956
29550
NIE
17390
9485
1473
716
12379
2489
1595
7810
18469
6256
9544
7408
29137
8299
16149
3052
15461
NIE
9532
11730
NIE
19347
NIE
13720
542
NIE
28877
18696
9487
18674
3377
2726
35547
11772
3014
7951
15405
13003
2202
8195
24104
137
8893
10597
7832
26661
4966
NIE
13634
1936
29978
11691
6340
27062
3591
28170
2138
11530
6585
5827
1381
20397
2980
12454
19636
31903
NIE
1541
7803
43268
15697
NIE
51
5362
1448
2015
14725
25795
2693
19653
8480
12763
NIE
9391
NIE
4333
21716
NIE
5130
12770
9895
8652
NIE
13880
46849
NIE
2363
12602
NIE
6964
1852
3118
14443
6917
6743
8174
4322
17763
4662
NIE
23070
36932
NIE
32030
48591
16132
19890
2157
1659
26356
32185
33978
31253
1733
7482
2312
32375
NIE
28311
NIE
14880
17597
11432
12511
7905
22635
12146
43155
8014
18507
24910
26465
33443
NIE
6164
21099
20608
17386
7548
9363
5941
8708
14325
3494
12316
14802
17430
6657
NIE
9747
23892
29839
19131
654
19520
22084
11023
1106
44593
549
9888
5236
15076
36939
42151
12795
16070
907
NIE
23411
8364
4697
22194
NIE
35009
NIE
16293
2042
208
12517
33309
39399
NIE
16794
24579
2427
8823
12838
13887
7882
14856
NIE
43991
1444
32086
1287
39425
8592
45439
1446
12569
NIE
16980
11510
14306
2265
28108
15810
9532
16814
13609
8097
15072
2369
811
3165
29381
NIE
NIE
1871
NIE
511
11879
7670
19995
23301
41385
3123
487
NIE
22573
27657
31122
8924
5665
1764
6822
NIE
7138
8
NIE
9761
16184
13878
53
3476
6425
16069
7837
18862
2158
7613
NIE
4940
23897
NIE
20159
NIE
8749
7601
14046
25044
11516
10364
36363
12301
10653
22740
31135
4712
8683
10739
NIE
958
25732
14021
10840
48922
12850
28301
825
9647
19190
5317
12392
11589
21384
12640
18638
16175
7271
NIE
11499
10245
13220
50
4715
NIE
8112
16016
614
17067
47370
27233
30175
NIE
15702
2436
11237
9811
17487
NIE
11730
6970
28564
16231
943
656
23288
NIE
5548
2151
14822
33313
25444
1707
18774
NIE
672
45819
18547
14400
5252
30825
11760
1185
16791
19934
18588
7240
34571
1646
2645
32623
19011
15995
24624
875
43781
NIE
3724
16917
23869
12117
1976
NIE
16110
11574
23328
29302
27132
5295
15545
16274
238
2146
11369
27027
2619
17026
NIE
10347
3180
6840
6187
25675
5105
2786
23889
9241
19517
19859
10090
2693
16528
621
30167
18686
28787
4527
3740
6467
6986
2902
33345
17677
32344
3215
16723
15300
944
1206
44933
33925
893
14568
1401
18247
16518
6542
1952
30708
4447
8563
33756
15011
34026
20517
38872
10949
10207
45324
32732
6211
3344
1727
16
20492
35719
588
2200
6106
24084
9592
10221
11150
12473
8415
2971
4039
NIE
16941
13932
NIE
1366
4506
NIE
667
21502
1932
17824
3100
47233
NIE
364
24898
376
31886
17763
793
1663
10782
33838
NIE
NIE
3167
NIE
24741
NIE
3178
3639
2301
17364
13298
5837
NIE
17918
18787
7358
40822
3834
3059
10448
16052
23805
25221
20113
20779
17622
5280
9969
14817
NIE
35909
13666
15533
23175
15561
6000
8581
13722
36457
16112
11364
1101
14896
29409
10072
2063
NIE
NIE
5810
12362
30302
27184
46457
15810
9743
NIE
29191
12845
10294
1904
13499
29264
46339
17267
22550
13960
2287
NIE
11994
NIE
NIE
13581
2159
1096
NIE
254
11141
44830
NIE
NIE
NIE
11808
18035
22816
NIE
9907
11844
3054
9179
37352
10447
19094
2315
2463
2016
17776
4675
6848
34870
2757
NIE
18772
7024
12917
4890
20263
3627
2899
13817
41215
19390
6296
2494
2297
2130
15966
653
7272
NIE
16427
NIE
7662
NIE
8811
39320
21530
42703
8644
10049
6936
3243
5408
3241
611
6607
20674
NIE
3774
22791
7244
1510
NIE
35665
18905
6899
20849
NIE
9461
15713
NIE
7090
6059
25485
12356
3831
NIE
2062
31363
1074
3858
16061
NIE
14227
36645
NIE
34195
11821
11917
16377
9487
NIE
16718
2590
16456
2584
29558
16217
NIE
1913
12555
18942
19426
20524
11194
386
2743
32457
13012
10238
674
4008
22008
4766
7653
1801
3246
942
NIE
5955
6916
16266
16201
2601
33168
17053
2660
15000
18849
1744
7566
759
5814
7627
17811
8143
9585
26353
7161
44528
7852
10936
511
6800
8289
6634
8856
19104
9612
4756
27024
NIE
25166
18084
10572
19236
8454
14648
5200
23435
4361
659
36561
NIE
9265
38511
4041
NIE
17594
1562
5684
6629
1301
20303
12477
33975
19183
19078
NIE
NIE
15568
8836
14174
5652
18484
15229
14159
14320
42603
30741
3527
19560
5028
18
488
10041
10173
5729
19269
7653
16640
11605
2194
NIE
10799
38575
10130
24685
16260
2602
26565
8554
9992
20767
1894
39345
3538
22406
17155
NIE
11348
46296
14500
3469
3042
595
1287
4357
6353
14662
1722
3180
8704
11936
28948
19423
24367
25294
7991
26475
4050
13797
21611
8926
NIE
874
1807
7394
685
7133
9545
258
10682
18960
NIE
20655
6515
92
48643
441
16725
1654
12701
2587
25577
13881
41952
1650
1390
1887
3781
NIE
25472
2238
7971
22760
14278
12906
NIE
NIE
3974
33790
12457
NIE
6820
2807
27857
8598
21470
3895
42375
10759
NIE
NIE
3188
22429
NIE
18864
12313
NIE
28552
31217
24415
2836
18094
37422
39005
16568
7321
2667
16441
NIE
45732
8401
49166
41541
26585
31035
18595
10467
1365
593
6647
NIE
30246
6101
8009
28820
3920
456
8434
554
930
37909
3786
48977
27731
NIE
40775
11685
17848
32
3757
10360
7880
19178
26723
27665
9896
11021
203
4736
26586
17658
2780
NIE
NIE
34482
4487
6483
18499
900
1419
3205
28686
23416
5637
5348
586
9719
10159
29818
15371
21874
17592
10293
22743
7391
2624
806
NIE
2066
551
24222
13042
32054
31449
33599
40030
11194
36653
16986
45778
10777
11631
NIE
11178
9038
35038
5324
7011
12170
NIE
NIE
NIE
5650
4369
18517
11138
29298
22850
5954
568
7620
47759
49753
16205
14586
NIE
677
9787
2995
NIE
15575
15880
2272
26083
192
7043
19280
19872
20995
27008
1556
13697
18948
25794
23035
5819
13273
45217
1825
12493
5096
6276
25712
30836
8277
3881
16248
20392
1402
26359
9814
26096
60
34633
5721
2107
NIE
6646
NIE
10287
6545
21439
7890
1000
16002
NIE
6443
9847
11421
13794
44024
17264
17526
10672
22786
NIE
17019
6940
22755
25673
2543
17650
1864
9350
2494
1722
NIE
21606
34986
11435
16518
2970
22020
6972
4621
7425
5009
1494
13637
NIE
23452
9569
4787
6937
9617
39038
6260
NIE
15010
10127
15783
4631
NIE
4095
13387
1343
NIE
26709
22487
49341
16356
26226
33585
NIE
8973
2357
11677
12490
36455
16394
45011
15188
13659
11381
13617
36775
33683
8362
9639
1216
8449
8561
NIE
8836
25394
7355
2566
13841
NIE
NIE
2258
21243
10478
17401
NIE
NIE
21813
NIE
4873
13862
4690
3976
32659
21659
27159
NIE
19261
588
NIE
32590
NIE
NIE
8223
22320
9448
5246
23499
NIE
2958
NIE
NIE
8234
999
9735
22264
8966
388
24739
294
1748
5306
22525
9162
28121
1289
587
7750
NIE
7102
10073
15104
27260
1247
3423
11940
28487
NIE
21964
17309
26030
34607
637
10214
5289
6224
23212
14551
36129
5881
13290
6447
10989
533
30101
14616
2356
39611
577
34719
NIE
NIE
NIE
16597
34446
2977
30514
14422
9034
21308
755
10461
5029
6598
12963
34940
NIE
11285
16906
34003
12188
1499
5645
5752
10770
34039
NIE
8403
NIE
798
NIE
NIE
42743
19606
NIE
NIE
18040
NIE
7972
14455
1784
7708
5416
550
30444
3895
9834
19849
47750
9303
25425
NIE
12061
1054
22793
NIE
6146
NIE
14534
13392
NIE
38246
5725
11998
943
23494
6536
2457
22977
15760
1542
24608
13702
1851
4600
7641
1
NIE
NIE
2090
18773
18954
34207
18828
18908
8315
NIE
8902
9310
1730
5679
3677
9827
25672
9505
24389
7175
3604
995
19766
28137
26514
NIE
10402
28265
25213
19096
6828
8343
1655
1066
40
22179
2924
15788
4786
22155
14316
3375
10779
NIE
NIE
4725
3251
36043
32316
161
10176
12558
31850
11510
23485
2978
NIE
7173
16240
30910
NIE
4654
25706
17978
28029
15340
NIE
13800
13384
35879
10683
3878
30
27027
12836
1428
166
17507
16362
4161
NIE
20090
13369
21010
NIE
14680
NIE
NIE
32760
49674
2555
14472
17882
1759
15019
9763
6756
14419
NIE
19929
NIE
220
3162
1808
NIE
7045
402
8197
NIE
10920
NIE
440
18691
18412
35544
10246
5310
7707
14388
837
20942
3263
22368
31059
7958
1060
13101
14592
NIE
8996
33720
1785
11267
11701
NIE
3710
5346
34815
14485
11642
21933
NIE
5936
22444
6780
NIE
2949
8831
NIE
28826
29292
12635
15116
20146
7626
21447
NIE
7638
24746
19860
4616
25632
NIE
NIE
21047
NIE
16386
6664
2642
25685
NIE
NIE
8366
NIE
14773
24726
14988
NIE
6505
16783
3796
306
NIE
2619
26942
35714
7107
5721
22236
4718
17135
705
239
183
3413
5028
NIE
7710
NIE
12315
47874
233
4082
NIE
5384
23151
8023
226
21820
32199
12338
24472
NIE
3179
4564
17532
9071
10787
5598
2225
14960
36371
11680
12020
12748
3851
1186
9286
16407
NIE
11797
1516
4593
2525
10242
17226
41385
3136
26603
34472
3139
NIE
7101
NIE
5899
34678
NIE
31702
44343
5869
26102
6823
NIE
4546
9747
NIE
18069
3993
1028
NIE
8025
26691
NIE
16815
NIE
NIE
13472
4927
NIE
23658
NIE
4852
4987
4607
39521
5703
36287
36563
2445
10465
31805
6070
NIE
NIE
14560
33173
4055
10424
2513
8933
2210
500
6752
NIE
NIE
19041
37044
4640
18924
NIE
2486
9446
12077
3055
33020
46135
8108
14585
NIE
152
20651
19846
9634
45944
NIE
475
20843
5007
5956
26869
16420
16435
2774
24642
NIE
14531
26625
1250
20315
4535
14239
NIE
13989
41381
8572
34827
18236
1194
12166
11401
8910
NIE
27352
1466
34239
NIE
8577
22692
3589
NIE
NIE
18427
8741
7595
9634
8543
5752
14241
5905
15702
NIE
NIE
21670
11728
15753
NIE
43657
3391
27564
30705
11489
13644
14165
9816
10086
35407
6945
2004
15311
10110
12815
17736
5056
31325
22069
16456
4354
17756
21236
21060
20877
2080
10399
1415
4068
26451
13692
16090
36072
3666
7066
11247
3430
7580
4756
9854
9240
46525
14458
7147
2425
1959
11876
14109
3850
8735
100
1475
3028
1255
2055
3845
4789
10941
34624
NIE
5869
33739
11265
14082
13820
977
NIE
47832
5463
14549
17902
15469
13052
11486
18470
10423
17617
NIE
6087
10797
NIE
5585
820
8726
20670
8458
38378
10579
3834
5056
383
5827
5914
21761
14
3801
7362
27741
9001
11758
10528
2503
13648
2933
14776
21220
28911
16473
1157
20579
3534
4360
8904
2806
NIE
761
NIE
214
11639
8127
8612
39695
13229
3155
2354
1855
1489
24054
8964
8142
20353
1455
29356
4645
2133
13456
12037
NIE
NIE
19707
210
10960
3979
NIE
46241
775
18322
NIE
30009
4113
11195
8708
15639
28158
9334
7722
11438
19656
19866
NIE
2232
303
19667
34299
12794
18195
13583
34276
2696
23948
516
15514
20116
26444
15588
4261
4100
6479
10696
24454
11955
2194
8501
20314
29677
18162
4625
845
1
10474
9698
22114
NIE
19848
686
7735
16559
13407
17742
30902
18808
44324
28165
13223
8283
15122
8131
NIE
3066
NIE
22021
1423
11369
6100
NIE
15282
1542
1353
31619
452
5764
20383
1438
12930
2014
17630
NIE
105
9553
3339
5685
713
11922
6503
8307
22856
1286
15310
1820
8184
1837
16698
21353
NIE
6080
4859
2932
2880
17586
11306
4363
932
23429
20423
46133
40550
33800
NIE
3583
136
24590
10727
NIE
16480
13137
6285
7408
14846
23427
9665
13762
11189
11474
6643
48086
20372
14124
23705
16980
15760
7436
2105
23812
27472
10260
NIE
474
15237
4090
12017
30575
10606
1206
472
NIE
47496
3414
24785
NIE
20910
36378
6558
25043
21843
28313
10575
5651
11955
19105
2298
17089
28674
25739
NIE
NIE
5012
2255
183
2869
18247
32432
20498
14729
32663
8214
1916
14056
31552
10904
5421
6925
2396
NIE
36003
NIE
335
28908
17227
10799
894
28260
10444
9742
8444
42472
6675
14236
10857
NIE
2890
5964
22146
1020
1515
28975
5869
120
5417
10447
19552
5396
2926
3982
544
629
NIE
2420
4040
14915
24840
4290
19050
NIE
38369
1268
16716
7642
3878
NIE
13173
NIE
1440
23154
9754
8083
NIE
12826
22279
27625
25583
20427
14265
7794
NIE
6482
NIE
1706
16437
17718
12738
8469
7254
6451
15681
385
NIE
16775
21937
26084
14711
17565
NIE
15201
2405
13459
7980
11724
16758
8644
22659
21185
23985
809
7822
46022
NIE
46689
NIE
5405
331
11120
35332
6848
1281
NIE
2403
29921
9167
29799
NIE
17326
17611
2252
NIE
NIE
NIE
35668
10377
17858
15620
4687
9229
13717
12966
6058
1556
3626
23918
2452
3383
NIE
NIE
4056
5355
9141
1800
1805
15883
6647
NIE
2348
44183
3847
12717
6489
3956
31602
25373
7927
2311
4978
NIE
5470
14415
19379
1301
15897
5860
8870
25304
6058
21582
6016
44239
28820
14735
18356
18101
23680
NIE
196
17696
5198
6735
77
22393
23049
6800
920
21918
9355
16791
7511
NIE
9598
4568
25368
1917
11704
7270
NIE
11230
4416
NIE
12531
NIE
49610
14078
10471
2039
1488
1939
2961
11249
4962
15107
1631
6238
24257
18762
6895
1999
11090
22421
20865
21069
6089
NIE
10155
28199
5185
15346
19381
25386
16524
473
25771
10190
NIE
6162
11968
7657
27528
15048
34757
17048
5752
7657
23381
NIE
19060
15715
34142
1438
6190
NIE
130
46491
NIE
2105
3837
NIE
973
36785
13000
2540
7468
21807
26882
NIE
14905
24941
29434
NIE
11777
6267
NIE
2701
38757
24037
NIE
18817
1841
10143
19337
6051
49849
32936
8941
NIE
10951
22170
3657
22566
NIE
10612
15181
17063
7629
25528
1877
21001
10768
6260
22122
27247
14010
10631
20973
7566
8162
10182
35010
22072
40447
NIE
3807
6387
8067
944
NIE
300
5734
10788
NIE
5039
NIE
14587
23404
NIE
35233
2216
26707
9200
NIE
33908
414
6735
12947
18828
NIE
NIE
7492
33733
NIE
9598
NIE
12090
NIE
NIE
23908
20724
NIE
15911
6478
27249
2776
5327
11817
24677
9984
10739
10984
28315
3402
2020
8317
48866
9851
22225
8185
2416
2296
16649
30461
NIE
5232
17366
6962
6707
4721
17209
NIE
1460
1913
3235
13644
18505
10753
28231
23809
26945
8683
17422
12962
7006
27184
32922
18186
9569
16863
1446
9369
17125
18538
7608
6706
NIE
3450
14395
13470
6378
6864
228
2636
12629
3589
9819
16242
1707
29235
4152
10748
13885
18951
2108
17364
30956
NIE
8443
25415
364
3915
6148
1698
NIE
13411
15562
32975
NIE
2376
NIE
NIE
11241
8727
19295
12142
9849
4442
NIE
14181
10178
48585
3355
731
17210
16482
3304
9317
10621
12524
3214
870
4259
10017
5043
1443
969
NIE
6280
NIE
11833
4518
13861
2219
9094
95
13761
18039
41048
13001
284
1916
9059
904
30984
19913
7778
20469
731
NIE
24158
10728
5377
9547
NIE
2819
2004
NIE
7915
22709
4873
6204
4011
32020
7622
25089
5209
24756
23321
1223
13595
4192
7272
NIE
15751
30675
9972
40868
13652
6993
2243
14139
11320
995
1558
29462
24111
5756
NIE
24803
33047
4132
15178
31853
16633
11759
15087
4532
2311
10507
47777
38511
4571
18162
3122
5092
166
20288
9906
18342
NIE
19583
20310
9828
13034
34789
839
1550
13798
46859
771
1043
35125
25370
21611
NIE
2957
9167
NIE
3800
15142
18002
NIE
11188
23839
14593
19925
NIE
27465
2256
28934
13578
9405
6448
9720
8466
5314
3453
27452
19461
6823
15682
19532
3460
22031
NIE
3438
5881
45829
8643
NIE
5287
22639
4466
NIE
NIE
NIE
13728
31364
NIE
14859
NIE
NIE
2533
2890
31359
9164
10778
5309
5210
32409
16674
10315
8543
16332
846
NIE
30085
3541
12907
5682
15645
12553
17999
NIE
4369
NIE
41028
1418
44012
9072
40811
NIE
1318
8689
11135
13297
1554
18448
12158
3066
27923
22019
9447
21509
NIE
5396
21466
13597
3627
NIE
NIE
2535
13185
NIE
17249
15694
1916
8950
21443
34624
24100
9767
27711
2676
7450
3653
24311
3903
26940
9431
9628
11781
10824
36033
5956
49990
3462
32922
28681
1367
12255
5248
39993
4020
14837
NIE
688
26860
25181
12313
NIE
5093
NIE
16066
13928
NIE
14954
815
4985
24364
8148
25403
21570
4471
5309
4419
7607
967
NIE
NIE
22298
10586
3741
NIE
27236
2258
11786
2255
24873
17266
2806
40367
NIE
6108
6022
27152
12029
2976
14474
8948
9836
20088
NIE
NIE
3461
17214
11672
NIE
4939
NIE
8562
11783
591
NIE
10105
4805
9728
4801
2009
28114
1321
9348
NIE
3545
7657
7312
1968
2783
4556
15572
NIE
NIE
NIE
NIE
NIE
6000
NIE
NIE
NIE
4914
13229
8078
48088
7042
16474
NIE
27706
18987
10373
32162
11029
25538
19227
NIE
18256
23504
16954
15502
2843
28319
17122
5468
2820
3345
15923
545
15057
9418
25132
5098
NIE
35925
NIE
NIE
992
12305
3372
NIE
4433
15218
46494
883
1092
8336
2242
32677
10656
5409
22192
9887
39225
NIE
1562
7498
15600
1552
11145
NIE
17535
16335
748
3007
NIE
29566
9229
27441
4132
3004
NIE
6248
1950
4688
NIE
18734
6240
20977
27288
NIE
23549
15902
3503
3396
41834
9275
1165
NIE
12572
18003
19367
12623
NIE
NIE
NIE
21351
3821
3325
2260
9459
15916
7373
6929
16802
920
22559
5544
4527
17386
2339
16718
1106
16483
10711
11533
7557
2348
16422
37952
20963
11778
14861
10364
19379
5215
24753
NIE
NIE
NIE
16647
7455
20090
5849
6053
1947
11040
2751
2352
NIE
29598
NIE
2885
789
3399
23399
10132
11130
29880
NIE
19932
20188
235
17406
NIE
10046
5805
2887
17512
NIE
NIE
10819
45
NIE
2030
26151
16287
10872
14335
8316
20473
19041
NIE
10315
2192
2264
9897
18480
NIE
11990
12242
15505
14236
44014
3343
1751
NIE
5984
17486
10154
NIE
40751
3062
8211
414
NIE
16309
5695
9827
1657
5110
387
18322
4406
NIE
4789
45151
7150
21781
7043
256
3448
2893
4823
NIE
39593
23096
24968
18424
18902
11853
23873
NIE
267
14063
11262
15503
32079
20379
13743
NIE
16249
NIE
NIE
NIE
17103
16637
7686
NIE
9492
17779
NIE
11212
35523
11775
20935
3381
10321
28856
12989
33636
2301
3014
15036
1948
10833
NIE
1901
NIE
22868
18183
18998
21243
11540
2289
14805
11706
7522
9890
6260
40092
26829
11616
5937
189
8577
26931
2058
23796
8695
1862
9676
10618
9813
18922
NIE
21336
19705
300
2520
20858
4576
15605
28708
4260
16256
4966
8524
28547
11632
9375
12635
38432
15538
11188
1607
NIE
970
12721
NIE
4666
13653
10380
23045
NIE
35856
659
11983
26915
12382
31266
6820
6461
20475
9317
4791
15644
18866
43629
48028
1086
3848
15093
2297
26904
8239
8980
25293
3823
14591
NIE
19417
17003
12946
1347
9704
2262
22854
23686
3802
13067
14488
10841
NIE
17551
28411
NIE
NIE
507
17110
5783
8989
11269
1592
966
47488
15232
2996
15964
7600
10506
NIE
9364
9583
10494
2657
28486
20348
34807
NIE
22796
10179
NIE
16043
8981
32103
13704
28149
12490
3793
15390
NIE
6284
10411
18799
27901
13511
47761
1538
9336
NIE
22575
3151
5557
NIE
9004
8749
13768
37991
6642
35362
28992
9990
1395
NIE
14612
NIE
2126
21997
2904
NIE
15334
1318
10275
15842
9282
1653
17524
6656
16661
19642
30692
15334
16235
5528
31795
35963
455
578
22104
13723
6303
48651
10183
24013
315
42050
13086
1888
5879
3503
NIE
9134
NIE
48679
2274
9334
4649
12870
NIE
7047
27347
13380
NIE
13258
23496
NIE
37335
NIE
1629
13591
12112
18265
NIE
25720
48872
5514
31022
446
7593
5022
33436
NIE
21606
16189
NIE
NIE
NIE
28212
21239
43334
24899
5873
4341
14806
6512
3471
2241
15223
NIE
2620
NIE
2947
2647
11052
4603
494
16156
36302
1031
7553
16202
10101
2609
NIE
10096
7372
13757
28242
5275
15459
NIE
19877
1265
14344
14634
NIE
4131
49486
13606
17112
NIE
NIE
18773
13122
19816
9589
45548
7332
6289
48208
NIE
7345
3333
23574
27086
33177
2238
6242
40496
15340
11995
8590
NIE
24611
5434
NIE
6164
4487
NIE
23754
11757
4305
6828
1000
13526
11017
7733
5353
9024
NIE
12910
8490
15326
10633
35643
44291
10634
NIE
13017
115
627
11108
937
35910
5361
3598
31887
8073
492
9332
13716
8359
190
2020
16326
12114
NIE
31085
2390
1284
1316
3679
25600
32096
NIE
11579
1197
NIE
1500
NIE
3145
NIE
33748
17633
49337
6674
NIE
14695
NIE
17989
3596
3193
32657
46826
20452
19648
11896
7240
7525
14842
18041
2469
5165
35764
7825
6267
5973
17072
8869
10811
26862
10749
12249
151
5497
2002
30952
43517
4999
2212
1320
NIE
1179
NIE
17960
NIE
NIE
29400
10066
22467
11871
10849
7509
2889
6066
12919
3835
36543
33722
24825
18839
11238
16341
NIE
10546
1568
18226
2056
17727
49140
8309
27214
42197
6680
1990
14747
45785
7391
NIE
4840
11506
932
6437
17052
1740
48553
NIE
22348
NIE
NIE
22798
6063
NIE
703
NIE
NIE
12528
3275
8718
6398
12680
2258
8364
22848
1458
26359
3940
NIE
15456
4949
48583
3196
650
22602
1721
12397
6198
NIE
30618
7547
NIE
12578
14774
16886
10136
20634
13712
3481
14740
NIE
14611
16315
3434
9845
NIE
2664
NIE
20181
12335
2856
2473
41587
40750
17025
33033
NIE
12303
1008
9762
553
9564
4451
17354
833
95
35819
41502
NIE
NIE
9731
15681
2715
1946
24431
15173
14788
474
96
29050
19429
17306
43675
7465
18197
1978
11873
NIE
17775
21526
NIE
13933
9560
8478
20850
16085
NIE
34892
49091
816
15597
25380
6211
NIE
18634
19339
NIE
17626
3936
22090
6578
4964
NIE
11990
NIE
26102
16579
12892
19338
48083
4691
17283
9768
1347
41061
6146
6704
31011
29277
18173
144
34202
8397
965
13467
16055
13211
24779
13629
2435
19728
4053
1657
1473
5943
15956
11551
15088
25133
622
9666
31175
3748
11795
42201
5645
2356
14498
11299
11294
1733
19423
5721
2091
7393
NIE
15452
14803
33110
3133
15307
34586
2887
NIE
41523
6045
21619
9972
23324
10851
23086
2020
24366
10119
9347
4445
39730
25766
22578
2072
3648
9853
20819
4359
2104
26689
3424
15892
4315
30866
14970
12272
26761
27169
NIE
44471
10681
5139
19785
5606
25890
1885
2797
17115
2450
25123
1147
20554
13575
48104
34368
1060
17565
31753
13060
16519
15397
NIE
16519
NIE
39463
1
7455
891
3037
NIE
1183
13470
2900
12287
23120
NIE
7635
46141
10230
13203
24312
5719
24232
NIE
4542
13991
10476
NIE
10678
35489
17471
10378
14495
2252
20044
9117
25455
3737
22108
NIE
41939
2547
7367
NIE
13637
5989
8250
9966
27762
8297
42766
23957
4400
846
8629
14399
6578
17779
7542
32691
2373
11970
36871
6473
3731
3625
13394
6858
7732
2435
15170
16785
NIE
5130
3517
19189
8053
27269
15634
7176
8586
21944
20411
9431
8679
NIE
2263
16747
4952
NIE
12926
1031
35884
10810
NIE
5596
44959
NIE
2947
20679
14586
5358
11497
30555
35328
12650
11480
3406
5882
NIE
32995
20467
12498
NIE
277
2399
22437
2509
6926
7338
11878
12584
19819
3497
1613
27459
19632
NIE
17360
26754
NIE
9887
3067
5782
2691
13260
19201
7653
3189
613
11341
28761
NIE
20700
7294
16111
NIE
653
10259
11334
474
8218
14409
18593
8545
4542
4579
14425
11472
7870
18923
3522
NIE
23686
101
22264
8187
47816
34965
11636
12471
18204
10410
20079
45893
NIE
21766
31575
NIE
2155
NIE
NIE
35428
12640
8449
25210
15232
48193
2780
22019
5151
1066
34924
17975
26159
NIE
1092
4919
13319
3570
2553
34907
13392
18826
17096
10798
2905
13896
NIE
NIE
NIE
44458
22260
4639
8790
49199
30354
26904
17259
19925
1785
10790
9246
3170
17696
7446
12918
4090
43018
3047
3078
1326
579
2367
3826
13502
27778
44692
4328
25619
47042
NIE
26387
18752
7394
13157
NIE
19827
20314
22559
5857
11447
1065
6772
13162
12124
NIE
4056
24332
1843
27062
17437
643
40382
9128
NIE
12922
34088
3560
15723
1015
17017
NIE
31203
NIE
18838
NIE
9048
32595
8764
43107
1916
1000
14172
20679
18264
16169
11111
8658
2366
1670
16504
114
35731
31763
5758
NIE
NIE
8427
NIE
35680
NIE
3735
13771
18965
18701
NIE
28356
33268
22397
5671
NIE
13540
13095
8177
28624
10093
11145
5222
NIE
6455
223
NIE
11123
2913
258
14446
48163
14324
8293
4113
3399
9203
7399
4157
17170
NIE
16234
2591
11321
1900
8993
4055
2930
15810
NIE
446
6638
1253
2996
23456
28183
9689
13912
14960
11514
NIE
NIE
5622
13422
1238
36343
36206
4055
17527
35005
8157
31926
13378
22462
35478
4520
6754
2762
1590
18320
NIE
6225
5432
5330
676
1592
137
21543
38053
2441
1538
43937
NIE
5960
1911
24739
11448
12169
43424
33266
3561
45735
18726
1900
2054
8333
2479
7256
33125
9498
5846
NIE
19684
NIE
965
30549
5415
16379
NIE
10803
12248
32520
17114
NIE
19805
NIE
4641
10287
16107
NIE
1519
1194
14482
9750
21946
27154
10417
2379
9665
24571
16122
6378
8750
13459
14391
NIE
10278
15224
939
4313
3354
21336
13949
14767
25644
24284
14225
37185
NIE
12209
17516
45179
2841
26714
29743
4737
20035
2510
41283
28894
13768
16863
17057
13856
4718
2732
5722
3306
7325
23040
427
1798
9327
7956
21448
31997
30929
22566
49180
49368
15127
5722
29571
NIE
33809
7307
17518
18946
23606
26539
2050
1473
7808
7373
2911
20448
8663
32435
44085
129
NIE
NIE
18788
6739
14779
6544
NIE
17890
12628
571
25843
12414
26794
15295
13590
307
8157
1115
2869
2448
652
5253
NIE
29555
3595
17341
3941
18388
4644
1932
294
24367
31148
9623
14196
5791
12841
2584
12865
NIE
2459
16797
5725
31716
7466
4918
36865
18002
9758
25864
18041
103
5298
98
1835
NIE
14591
4212
35890
13180
11792
32937
1523
4022
NIE
5927
5605
29611
9993
47878
NIE
12243
5368
16130
11237
5535
6330
11880
9024
800
35588
22615
5854
1919
8765
13890
13737
5366
11793
23028
4079
NIE
12991
17704
31612
6611
2408
12166
8926
17421
5049
9278
13113
445
2358
9430
689
5399
NIE
12915
30275
372
9695
1261
716
17865
19814
3786
1542
44702
585
1147
845
3095
10038
8865
2745
715
13071
16891
21911
NIE
NIE
3055
258
25943
15251
4697
NIE
19378
12813
6315
6461
2237
34025
7679
14332
32604
NIE
1044
46106
6084
13493
2565
NIE
764
320
NIE
4221
19259
24112
646
NIE
NIE
2978
1842
11275
9044
11458
8149
NIE
7853
9060
28864
NIE
28559
23168
10473
9750
1935
4594
4561
NIE
9557
7588
2881
15476
18252
1262
3301
1308
4277
1126
43684
21135
4080
47906
NIE
7068
15116
327
NIE
NIE
NIE
2554
22402
1651
15093
31230
442
14677
13162
NIE
19
24579
22254
25308
9843
21536
5519
5532
9509
4581
NIE
4169
17150
4516
30012
28285
6116
5712
2043
9592
22794
21112
11137
5869
4274
15104
14427
5146
10605
9519
NIE
1859
14401
6129
13423
3963
9673
16420
4698
15901
4510
27468
16937
7455
27036
4499
7822
21411
619
9887
43832
1545
8241
2911
4553
24206
3997
33307
2062
2729
3730
5918
17042
13270
4161
29677
1421
NIE
11522
NIE
2664
16513
387
3364
2977
38935
1851
11642
14732
2876
19446
16928
22575
30414
11573
12402
5173
7360
13342
20213
NIE
993
NIE
NIE
9156
6656
25443
NIE
11823
NIE
4945
16596
1326
2428
44386
20090
199
8994
27132
6721
17042
19683
9246
20668
87
31817
6928
26370
8127
20443
10069
16433
2056
13944
25726
12323
NIE
17988
4602
7609
12330
4885
31277
3126
6824
5575
3208
NIE
5506
20314
15643
8183
11994
5285
10783
16061
10586
12345
NIE
30089
13970
5800
7708
7464
21272
3354
1250
8614
8440
10206
NIE
43717
11548
16051
NIE
NIE
2399
26108
1865
19203
3842
7699
9135
3123
671
15037
19684
3700
22090
16594
7506
23814
4641
14831
14787
14399
NIE
5436
21534
3841
3326
71
21903
NIE
8202
27067
5260
3132
30968
13737
3567
11852
NIE
7203
2742
1223
10841
NIE
2561
7780
9788
NIE
8324
6701
989
2030
43547
27353
19055
29082
12377
1071
7621
17941
1376
3401
4482
28888
NIE
16175
14944
14045
25872
NIE
22039
33068
15518
8577
13403
3784
14005
31085
13307
16932
9105
26674
25913
24628
15148
32630
11582
22200
20712
13220
5396
NIE
24565
930
9883
46168
4172
9632
2730
477
8253
14339
6123
352
34
24389
NIE
NIE
3977
13485
19529
14565
NIE
17046
27393
16797
6450
3068
12292
11621
10077
8219
12716
23487
2083
NIE
14175
73
5156
5038
18848
9839
NIE
15120
17565
45512
6926
4996
30715
23821
NIE
12555
NIE
35728
27034
14994
NIE
21185
13705
26761
11099
34463
26141
NIE
258
828
2817
13776
1751
3517
6971
11654
6731
18653
NIE
15332
NIE
16480
19212
15096
13127
14022
2962
22130
17649
2343
18384
2600
NIE
3423
1888
22521
NIE
NIE
1261
224
19124
7951
1486
15017
4765
4150
22568
30976
NIE
16483
9114
5427
19555
7257
13399
2569
10594
7773
26886
2519
6565
27084
16739
7131
17407
303
6371
711
30056
5046
4459
8550
44222
NIE
NIE
NIE
NIE
24881
5585
1662
5575
10242
12930
19622
34185
14330
NIE
30953
6710
13074
27555
18694
25008
3774
25814
NIE
6824
48197
NIE
1655
NIE
11269
1867
15485
2993
3539
21854
3116
6774
20239
4492
NIE
19759
13584
NIE
10843
6471
11534
NIE
1002
6357
11226
49088
32905
NIE
24836
NIE
10906
29735
14506
3842
1134
2066
74
NIE
19631
NIE
18226
41936
29381
19952
1482
13268
11851
26118
1434
26519
29473
4334
5767
9628
47580
17697
3656
7385
7853
5026
7099
18818
3018
14709
29700
NIE
6980
29811
23067
8084
4614
13939
2806
10911
10092
22861
33475
3445
NIE
6116
27710
757
800
1350
14054
NIE
25846
NIE
26469
NIE
14031
7540
22979
1269
24962
NIE
11957
1014
9733
14791
NIE
10750
14652
96
11269
3302
11578
17069
40375
14464
5990
NIE
26232
NIE
24109
16349
7657
8704
9968
28182
12606
4406
7644
NIE
5068
20736
8838
11108
3338
9829
9046
12822
2920
29268
2389
8804
11963
7774
483
1419
NIE
19665
14084
16257
32627
6509
3424
13990
21613
6329
26161
26575
6322
228
11221
13304
161
8966
677
9421
NIE
12356
9512
6451
11863
33769
6310
21791
4197
6322
13539
10957
28471
549
11680
14995
11281
1063
1343
10687
5746
NIE
15116
NIE
9956
15721
5556
1954
NIE
38167
NIE
NIE
8441
1262
21906
14380
16055
1258
14711
11513
26741
NIE
9539
11866
19777
11790
17657
10288
14098
7966
35668
7628
NIE
NIE
12450
1851
230
11272
8686
16155
21953
13917
29323
808
10933
13726
NIE
14199
NIE
NIE
4061
7799
17817
NIE
27479
14240
23606
28316
5140
42425
39163
1670
42085
28965
4447
9273
NIE
12527
175
137
NIE
5278
3617
32253
413
7657
4245
14512
3802
5360
1446
18208
9770
7773
14909
19891
7416
18179
25433
11180
2899
18800
7178
9762
5470
1400
25622
30277
NIE
1443
8475
NIE
2660
1614
6207
15208
209
567
NIE
NIE
12376
6975
NIE
14062
8009
26275
1809
16254
9918
20971
NIE
14577
14366
30707
210
1129
NIE
38635
11268
8440
5231
9516
41761
809
9629
12977
8144
11913
9072
NIE
NIE
7488
515
7575
6551
13268
9455
23962
33509
29618
20757
7763
25875
17570
25648
NIE
10299
5443
45443
21785
12116
NIE
2363
1529
14733
NIE
34572
8761
26275
2453
10960
4364
1399
30517
575
NIE
7817
NIE
1276
20298
5827
4609
17249
25751
29961
43156
16350
7922
12116
1330
30621
NIE
27489
16474
29014
10511
37082
26821
NIE
4529
5200
37018
20248
21892
13029
10417
460
NIE
33504
12794
NIE
11753
33275
6934
12060
36709
5252
15412
25652
11915
16791
28406
NIE
13223
2289
4604
32356
10707
17532
16906
15114
15449
2354
6672
21151
2648
19882
3194
31029
22670
12985
431
20281
8868
20128
25678
6112
6006
23828
2970
11597
47242
41109
95
1110
15344
26562
5530
NIE
22264
19638
21914
24425
1289
NIE
NIE
11457
25961
30910
12550
1817
1626
11381
6609
NIE
4365
NIE
8910
8796
14251
2391
485
6114
15077
23460
4137
7847
1006
5168
990
2147
24824
NIE
NIE
12321
NIE
16300
44207
63
5811
1191
1968
37623
16815
31981
12676
9158
20881
29122
24247
1750
510
5205
7157
7018
3856
10860
2239
8465
19069
NIE
13259
2856
1308
15945
23647
5115
3584
16738
3689
NIE
16721
16743
12215
25246
NIE
18425
4338
37830
NIE
7881
1284
3263
46915
22262
NIE
10664
40856
21081
NIE
3935
1780
7768
38
12237
18294
48233
8175
11970
NIE
48614
27978
7369
8613
13171
11190
26319
6449
13257
17030
23197
2799
934
21113
5098
13702
4156
13147
7505
22786
713
NIE
2000
10169
522
16175
26990
21436
31593
14006
2662
8184
NIE
28660
14764
9831
NIE
5800
19194
20856
2971
15591
7231
NIE
19431
NIE
26136
12200
NIE
10646
7691
33244
NIE
3931
14196
986
NIE
6297
30475
28746
11684
NIE
12470
32714
3636
7067
22737
NIE
12520
27363
20779
3278
86
3439
2018
21765
27326
16942
NIE
NIE
4578
12042
20463
1167
4323
NIE
4638
6401
24489
1337
10175
1377
5622
2504
14319
11010
8153
15981
25600
14578
34660
29879
3494
13110
26155
472
6858
26365
152
NIE
24442
9520
12991
253
NIE
4766
NIE
27832
5192
NIE
NIE
14031
3992
2669
133
33215
12185
20860
1921
10563
6439
19429
NIE
1322
14004
12080
30213
NIE
2002
NIE
35723
18498
21443
NIE
21195
18279
13572
12584
5676
6078
8599
31009
NIE
NIE
12068
8553
4090
6315
30416
2722
18774
NIE
35813
1839
NIE
9433
42789
3825
7669
NIE
NIE
2286
NIE
NIE
30400
10218
NIE
28958
47285
20535
1421
NIE
30526
15748
9635
27050
6948
5499
23078
30359
12317
12691
23990
49549
11464
NIE
6377
18788
9905
13135
2801
3222
4811
13089
19088
4690
16675
14826
NIE
7617
6894
NIE
10576
6571
9487
35179
NIE
3268
8966
14976
965
12110
13099
24062
NIE
10053
21376
17640
5457
6752
8806
14071
6194
23253
NIE
7409
3853
7409
5516
16576
7281
NIE
11917
12153
18469
NIE
388
2393
12221
4935
27418
14655
12122
586
9260
4292
13702
20456
9288
21021
13437
32484
11530
13453
NIE
3096
12027
NIE
33062
NIE
2698
27108
11251
7338
19759
31739
12441
NIE
17647
8875
3346
1963
32986
20925
11166
13969
1110
355
NIE
2852
16356
NIE
3533
31289
5876
16775
NIE
27932
NIE
14776
1794
43156
NIE
9908
388
35976
10400
4836
5187
5075
NIE
14221
145
NIE
3208
2055
11544
49814
NIE
7656
19518
9596
6551
4268
49788
21034
NIE
32433
33208
4404
5686
17439
24156
NIE
24726
28840
NIE
505
2083
24180
9629
2551
NIE
13965
1515
NIE
3467
924
11430
7962
NIE
9288
858
11940
18705
4630
15719
10568
14422
10146
16736
7322
NIE
3975
1360
1144
NIE
4524
30333
4023
19564
NIE
15991
18939
23954
45018
2060
7205
1430
6652
15459
9146
5364
34767
29675
3441
12965
NIE
3893
NIE
9833
10264
15317
5011
22556
2963
41984
1973
2208
15285
31144
2845
12880
29896
4656
15239
43258
843
13745
9556
2955
15872
10245
5295
7495
4352
1142
32078
17293
8057
15147
NIE
20561
32204
24585
10778
25954
NIE
1297
8446
18176
14318
5941
9557
24489
10895
1111
NIE
143
6433
12325
7000
12457
10613
NIE
20321
36652
13718
21793
39968
13046
15782
2383
14764
16580
7618
30545
10262
47727
NIE
16325
43194
2748
886
NIE
5349
20990
10945
4617
NIE
18234
6495
25241
15343
8347
5086
11720
11368
34439
5620
15514
4425
1672
5929
2830
488
9418
9115
13150
4400
16172
15444
NIE
NIE
10107
1708
4017
18588
10936
28722
1848
4362
11772
3167
1250
NIE
4649
318
11072
24866
7412
NIE
47123
3135
1351
17225
21666
2153
6534
19455
12763
35049
NIE
NIE
3410
14298
5673
17012
2449
NIE
21525
15037
6211
13602
11205
16364
12165
4499
39792
30725
15546
19215
NIE
18371
1343
14933
3021
46499
10679
47042
NIE
16730
2158
5487
13312
8218
27628
NIE
NIE
40730
22467
12512
40877
424
19783
27350
10400
18101
199
25911
NIE
19831
14121
13502
18025
NIE
NIE
NIE
8392
7936
16197
17518
281
6983
33
14981
NIE
4802
8297
13493
15427
NIE
25992
40590
10009
20519
20477
29004
18352
17355
2633
1482
2916
14692
32446
3632
18792
13830
26900
26234
21051
5205
521
NIE
19546
1655
6621
NIE
NIE
13732
1910
11584
21051
12753
1786
9275
NIE
NIE
1368
13103
47576
2580
24219
34255
3992
NIE
6231
6981
35756
41060
12668
16759
2254
14605
658
8861
2014
8431
NIE
6992
22593
NIE
6409
5090
13476
3462
29424
11483
13459
13858
21089
31141
2153
3121
10080
17114
16989
8902
37602
10061
NIE
11205
NIE
3987
29604
NIE
21193
3184
3467
25898
27394
12597
14256
NIE
NIE
12085
43904
18802
10970
11005
11880
15224
3074
25511
11604
23479
1423
15838
6665
12128
NIE
53
36620
21236
1426
6002
6112
2516
NIE
12370
21609
19059
4768
31702
7762
17025
335
41225
21703
23378
13257
8745
9887
7761
43240
15876
30521
14797
7483
9358
22997
1573
10275
NIE
12366
14951
NIE
33803
17575
15614
18414
4056
3675
18382
4150
6028
6405
7381
9435
499
705
15229
14286
10682
27405
16521
8019
NIE
499
26929
NIE
9134
663
2352
29525
31571
1473
15125
1347
6628
22755
4157
6108
36009
1523
22775
NIE
49461
31206
NIE
5492
17770
19746
2403
7597
NIE
4412
NIE
3463
15232
5877
9606
15659
12338
10734
8771
938
10040
NIE
7967
1154
33313
13639
8729
3213
9359
1183
20293
NIE
2262
7157
6414
NIE
2435
1695
2573
467
363
1015
21374
22063
8695
7604
5972
4101
NIE
12128
1648
5571
6769
25081
16127
22205
7235
24592
13890
10960
9629
5287
NIE
7638
5069
NIE
7962
1514
15599
31342
17437
NIE
3554
13708
9852
2539
7402
11992
2417
28334
NIE
3813
22568
NIE
NIE
4599
29966
1611
1245
14662
11225
5741
NIE
12794
11021
26660
11918
31103
26380
2068
32509
8673
11872
11560
11467
43875
12489
18531
1216
12108
2702
6471
NIE
11227
18555
2021
9988
5679
NIE
43618
6430
17624
7103
484
1185
NIE
18532
12450
12047
NIE
24854
10073
5682
27003
12439
11022
11460
32783
7064
1771
12580
23530
23253
5353
2491
7031
17850
10608
25383
5123
24875
7975
6000
11262
1927
1161
7693
12884
10379
12764
7128
9403
NIE
NIE
8546
17987
70
NIE
783
NIE
7632
3586
214
1208
47307
9346
43394
19353
6620
5342
8437
4121
10727
20300
44087
5830
1858
18759
6477
31941
19703
16516
32984
14164
39315
13735
13164
16495
18434
11702
8300
28965
20659
7598
38
586
43304
32453
18373
17971
844
5787
1036
NIE
2761
4020
25093
8994
406
8461
16069
37045
1748
2205
22611
24667
39233
NIE
NIE
20314
32103
10300
19064
4251
5421
24100
6855
20509
4451
32951
11570
NIE
NIE
NIE
16104
11071
15600
33724
18429
952
25959
2236
NIE
12635
21996
11459
2978
NIE
29827
NIE
NIE
8347
16583
20248
7369
22940
17083
14827
163
7106
8940
6982
6514
28562
8315
24752
5457
3467
12774
10009
10726
2519
23577
10849
11448
316
6333
1952
5827
5984
1971
872
4074
3525
6752
29110
NIE
1341
NIE
9559
8313
2449
10067
6156
1540
5191
6751
9510
34715
11243
32788
14279
NIE
7795
5002
828
13189
46290
633
3580
6796
14740
40763
8203
7396
3126
2948
19232
17781
2711
26845
22068
24853
12632
3488
NIE
20670
772
5403
NIE
NIE
892
7445
7454
3162
6019
15471
1466
28907
17198
18927
12191
7887
28088
1206
NIE
NIE
NIE
2320
3649
17889
12416
14040
904
7511
9033
4951
1820
11086
NIE
4801
29758
7587
211
NIE
18064
12868
13937
18904
7276
NIE
7746
5473
471
1893
2094
11607
2330
1999
NIE
1705
1251
5762
865
4555
NIE
11981
NIE
NIE
4502
404
20892
11431
17729
2297
13089
4306
18673
5631
11410
22665
3210
9343
7570
27823
NIE
9817
13310
NIE
17323
32260
30893
NIE
24305
41012
44397
24410
NIE
28014
17202
18173
17539
NIE
11626
1331
20354
16123
11514
11946
17450
3642
556
6309
NIE
6965
1167
7672
302
831
NIE
5877
18050
18270
3744
16679
12148
15924
413
4177
1463
2677
28897
24651
11985
15644
22074
45200
22822
12347
16333
32526
19911
NIE
NIE
3195
30676
18980
NIE
22119
2185
6575
33907
4158
7223
7945
18449
NIE
9929
23601
12252
6314
11767
3697
845
21421
NIE
16721
15157
3502
13589
17888
2463
19701
NIE
14294
23618
509
19424
2843
18048
9435
NIE
11962
14050
24881
9693
3294
29772
26674
46348
3744
4668
NIE
NIE
6053
32914
5925
NIE
18315
28065
6584
NIE
24995
11587
6859
17860
26864
15599
293
NIE
2242
46241
932
8477
11981
28280
NIE
11839
784
10611
15570
7580
47049
14545
15736
36598
4759
6286
2513
13745
28031
9242
18515
NIE
7658
NIE
1135
478
4379
9148
3780
9148
1301
874
2005
12316
2687
2450
48580
16989
14339
21491
10388
11410
9143
14034
22203
NIE
19942
6868
39818
6552
1810
1563
2124
38348
10376
NIE
12544
12665
9894
NIE
3839
32696
16210
23976
31412
6344
3580
22795
NIE
NIE
22948
7832
29368
9167
46082
13747
14270
18863
20203
13348
19168
25226
32613
872
7544
1851
5110
5249
3010
9380
6678
18633
4078
14951
1083
15958
1493
NIE
5906
3388
41527
30111
5033
1784
4113
NIE
30947
10166
46896
4603
3929
11113
NIE
1167
34609
8073
13248
5995
1895
48684
4197
9145
14410
283
13312
46970
NIE
11067
29941
NIE
9314
4300
22479
2943
990
2473
15977
25528
8083
NIE
913
NIE
48642
107
3215
40
NIE
24721
4853
NIE
3870
14677
16695
13895
13549
8764
NIE
5678
14466
49165
22472
10943
10460
2274
16140
8384
NIE
4368
24240
17924
NIE
24293
NIE
34682
17468
22233
49671
17131
19814
25820
7677
1594
34084
NIE
3677
3778
3267
6558
19581
28257
4462
13394
13564
NIE
7
21036
33788
3679
14441
16303
1898
834
4642
17991
5798
14487
NIE
14749
9157
8970
14981
14310
2542
29696
21694
14971
31203
20675
NIE
34557
14614
11960
175
1603
5155
21538
1452
8203
NIE
20761
540
16514
4800
9414
NIE
36199
8786
NIE
35741
40134
24937
9735
40629
14018
7457
12983
10782
17260
210
5923
9220
8916
16759
11103
12555
30797
NIE
23093
NIE
12185
1712
9887
8265
36615
20252
5355
3895
14798
NIE
NIE
10559
615
29612
NIE
28465
11888
16868
18030
29020
NIE
NIE
26535
8159
16645
13594
9243
7638
4634
14358
15828
10873
NIE
47814
19763
2226
20255
2304
14885
9097
6426
NIE
23961
NIE
843
NIE
9777
9686
NIE
NIE
8317
NIE
11258
7141
13210
1324
32634
NIE
NIE
NIE
10375
13591
NIE
NIE
NIE
37
11877
2500
26211
34853
NIE
13255
2421
11256
7013
8101
31224
3495
NIE
11868
NIE
547
3680
4426
21109
7267
297
NIE
7006
48169
NIE
9430
6639
15302
16296
15293
1999
20396
12220
556
5321
9685
16876
NIE
223
26422
210
9533
NIE
6742
NIE
13676
6519
252
2754
33199
3762
6594
NIE
12572
15969
14298
3399
NIE
NIE
532
7181
3990
38641
NIE
29402
11446
26224
37255
25631
4986
3981
2446
5390
18683
17667
11262
13404
NIE
14647
4885
12170
NIE
NIE
13808
35660
18851
12644
15781
9977
12497
2124
8082
8233
NIE
7183
7254
9685
NIE
11599
5260
3907
5664
26702
NIE
50
19954
NIE
9794
16179
16822
1797
NIE
3880
7160
18848
3839
33887
3068
NIE
4774
2610
24039
9812
23818
16927
6763
4090
NIE
850
10536
NIE
47119
29370
13857
29439
10064
766
22625
4365
1934
18338
568
NIE
22822
4683
30412
6765
1395
1546
8613
31992
30983
8592
3980
5892
20345
19094
7080
1906
25499
1794
8135
NIE
5499
NIE
7086
16289
NIE
1937
5072
2625
17215
5971
8581
25212
12917
NIE
19249
364
15618
10669
12301
6436
NIE
9559
NIE
8654
10708
8287
30261
17885
12931
32524
6667
318
23034
4246
15279
232
7684
6447
24854
NIE
9859
NIE
12320
8368
3071
4070
7488
5954
21769
6841
13124
45673
12623
6410
3093
4950
5125
3735
2584
7613
24572
19837
32944
7598
2859
2056
2070
11317
4427
11584
29891
25132
10127
NIE
8617
8154
27778
8989
NIE
NIE
1044
23854
16224
NIE
32681
27754
6643
11525
2711
15381
5267
NIE
1529
13991
4011
20750
527
6486
32504
256
8265
4664
5855
NIE
1873
13754
4923
15206
15057
22666
NIE
1326
137
8032
3865
11383
17337
9141
8610
22514
NIE
23721
11938
2292
16811
2054
35531
19425
330
NIE
7530
7179
910
12991
10293
10342
6602
NIE
9430
1944
13422
13173
11388
11454
8053
30275
1807
145
27115
3651
NIE
NIE
1844
46090
10803
NIE
16955
1864
3944
6332
21383
8772
NIE
10375
14815
13707
29670
45364
25561
3517
NIE
9505
13113
11631
NIE
NIE
7676
NIE
3221
5760
26737
13758
806
2974
2450
8905
NIE
NIE
19978
2403
12374
NIE
3037
33287
3339
13975
11626
49292
27541
2956
5919
17195
NIE
11617
859
8177
24168
NIE
1510
NIE
16504
46444
NIE
17703
16020
2256
13255
5451
14070
4985
10747
29000
13163
19647
6318
5692
3392
18734
25294
11483
14872
4737
38245
29092
33307
3649
24873
1036
14932
2111
5171
NIE
35169
8104
31207
909
NIE
8551
NIE
3421
7270
10096
20393
11775
16446
1009
9098
24281
36949
NIE
21954
NIE
16605
21702
NIE
923
19942
NIE
NIE
16204
17218
8541
7075
22009
NIE
17415
20620
2926
6363
10168
29733
NIE
NIE
10206
NIE
20097
NIE
3045
2157
1443
1751
46912
5330
3871
13593
NIE
23132
12864
23618
2520
9552
13710
35514
10991
27945
3743
658
2067
NIE
