1270 301
3334 217
3006 320
3006 159
743 245
743 276
1302 153
4505 249
7668 246
1101 155
6678 479
5448 145
806 316
3131 313
1545 210
3511 339
6276 262
743 406
7623 394
7668 351
6271 235
6085 218
7991 363
7668 174
1018 294
743 236
7533 394
7973 137
3006 274
3755 305
7533 316
3060 117
4236 236
3006 383
6540 322
5130 196
6678 256
3006 341
743 340
3131 241
4708 296
4294 200
4236 339
4236 293
3006 232
5448 425
743 356
6678 192
3006 473
4505 287
3131 194
7203 208
3755 226
1545 207
3006 387
8820 254
6586 272
3006 464
2670 209
7991 249
3131 323
7515 256
743 192
1871 205
3006 388
3006 261
4294 96
1443 221
3006 227
8728 238
743 265
3131 169
3006 426
1930 302
7533 374
9770 311
743 132
3006 466
1270 227
3006 306
3006 313
3006 352
7991 168
1443 407
743 310
3006 301
3131 172
3131 229
5448 280
2268 277
3755 350
3825 262
743 365
3131 243
3755 191
3131 246
1101 344
743 252
1443 324
8292 91
3006 385
3167 200
743 208
6276 337
6678 236
6678 213
3006 263
9501 240
1545 329
743 454
743 403
3006 332
3131 167
3755 309
4505 282
743 424
1018 260
743 435
4113 227
3006 466
1443 431
7076 254
3006 293
6365 172
1545 380
3131 328
743 447
2670 266
1545 415
1545 341
1545 275
2960 200
8834 356
6028 167
3006 337
3006 367
3755 168
2670 310
3006 402
4236 306
3006 212
3131 403
3006 273
1107 76
3511 236
3006 348
7668 329
8012 307
4236 273
7668 438
3006 337
3006 325
3006 374
743 290
3755 294
3724 488
3006 255
3131 143
4608 269
4008 187
5448 195
3006 390
4294 248
743 343
6678 159
4505 413
1443 210
6276 302
743 393
9020 293
7973 172
3006 313
743 232
7533 208
5095 235
3006 300
4505 216
3006 271
3131 76
6333 248
1545 440
7533 348
2944 211
3029 241
743 315
5130 357
743 530
2346 251
90 217
3006 197
6276 172
4514 208
3029 271
3131 384
6276 250
7735 148
743 286
5020 414
4294 176
2670 315
7450 246
508 217
617 393
7533 404
3006 436
3755 303
4505 218
4294 394
3006 327
8730 265
7881 170
3006 442
7881 180
4505 399
3006 172
3006 240
743 269
1141 188
3006 302
743 448
5130 205
1443 247
7668 374
849 420
1302 281
3680 237
5307 310
6586 250
2769 362
3131 177
3006 263
1539 212
3131 324
1109 126
743 297
1443 339
743 348
3006 309
6586 269
3237 161
3006 329
2163 364
743 337
1697 371
6076 178
743 218
4995 206
3131 161
8949 198
3006 569
3006 385
3131 196
3006 291
1545 291
4553 305
3006 399
4294 45
3131 182
3006 326
743 465
1545 248
76 123
3006 483
4553 194
615 107
617 132
9749 291
1545 393
743 324
3131 192
1101 248
1545 196
3755 329
1545 308
5241 238
743 313
7533 297
6678 271
6341 155
3131 146
3006 297
4983 221
3006 363
3006 336
3755 184
7533 342
743 425
849 207
3131 136
7668 363
3006 432
1545 289
1443 212
5272 81
3006 360
3006 277
3755 352
3724 338
1545 326
4505 179
743 147
3006 238
4236 193
743 290
743 179
3472 199
743 368
1545 265
3006 341
3334 423
3006 236
3006 400
6380 369
743 325
3006 410
4505 156
1302 179
1443 271
1443 233
1018 306
6586 371
3131 207
3131 336
4505 285
6799 279
5380 185
3750 245
1443 378
94 172
6586 197
4236 172
7504 258
743 270
3755 338
743 241
3167 190
3006 394
6678 103
3750 219
4236 160
4294 161
5448 353
3006 369
2825 182
3006 285
7968 359
3006 273
743 261
3006 449
7533 213
1709 180
3006 282
3131 290
7881 167
3006 288
7668 415
7533 391
1443 281
1545 278
3006 409
743 310
6028 254
743 314
6678 377
5019 295
3755 324
743 253
1018 341
1443 248
1443 329
7577 114
6276 224
1443 403
4236 328
743 379
7973 160
743 536
3006 491
3006 302
3131 206
7533 499
3006 210
5448 379
743 256
743 272
3006 382
3006 442
3006 394
2831 477
3006 444
1562 240
6678 198
743 366
3006 276
1101 303
3131 408
1545 214
1545 390
743 339
6586 277
4995 175
7991 334
7991 405
743 212
2593 211
929 280
3755 402
3131 385
2387 181
4301 361
7959 76
4236 436
3006 366
2670 225
6678 273
7504 470
2828 302
743 323
3006 344
4703 283
3131 323
2535 155
3131 240
2148 384
9238 409
1545 408
3006 264
743 284
3006 324
8012 234
3131 266
4294 222
615 254
743 257
743 163
2960 183
7973 238
3006 240
743 245
508 225
7533 471
1443 226
6276 203
1545 314
743 443
3755 130
1545 273
3006 204
3131 270
2477 107
2670 360
849 121
3511 356
5448 318
743 336
3006 319
3131 295
1335 370
3006 262
743 179
8949 262
743 249
2670 247
743 143
3006 355
7533 387
743 231
3006 261
6678 216
4553 256
3131 214
4223 255
3006 453
4784 265
7668 300
7668 308
3755 315
3006 448
1443 299
7533 291
3006 276
3006 295
1973 210
5144 74
743 174
3006 257
3006 226
743 349
3006 240
3006 196
1545 242
3511 419
3131 174
6678 309
3131 357
1090 286
2868 240
8949 85
4294 212
743 331
8207 216
1443 360
3131 231
1545 326
4294 276
1545 236
3006 338
5448 309
743 242
9238 311
3131 361
2828 414
3006 338
4294 156
7824 207
3755 229
3131 432
7973 118
1545 470
3006 283
3131 165
508 253
1443 256
1141 241
1018 307
3334 390
743 328
8012 82
3131 365
3006 322
6016 73
743 499
4236 109
3006 256
743 304
3006 267
3131 190
743 92
3131 211
508 303
7533 226
3755 292
1443 331
3006 379
2346 225
7533 248
1443 133
3006 242
743 271
7533 309
1545 219
1545 170
7881 295
7881 430
743 253
7533 304
3837 155
7973 241
4703 310
3131 367
7668 275
3006 391
1545 321
2831 249
1018 244
2346 302
6276 172
6678 290
3755 349
5648 131
2599 90
743 279
3755 353
7533 307
6276 206
3755 286
3511 198
3334 95
3006 395
1018 201
3755 317
3006 468
6678 329
1101 175
3755 137
8482 250
5448 272
3006 483
7973 195
6678 354
6678 131
3006 253
1545 322
1443 365
3755 394
6085 399
743 381
7533 387
7533 277
7729 153
3006 307
3006 414
3006 479
1545 440
4462 245
3006 401
5791 155
5916 99
1443 359
3131 385
3131 125
7824 309
3029 191
4236 286
3755 167
4294 254
743 341
3006 291
3006 474
6678 235
1101 176
1969 260
1443 225
6678 330
743 311
1545 249
5331 195
3131 301
4294 179
743 383
6269 258
3006 413
3472 317
743 269
743 258
81 86
2828 264
3531 352
7533 253
4236 251
6678 295
6276 272
743 279
1443 93
4294 208
743 119
1101 247
3006 213
2828 285
7881 221
7533 364
743 278
5003 178
1018 231
3006 490
4553 168
2234 216
9468 184
3131 425
3131 165
3131 296
3131 227
4964 274
3006 502
2670 227
2960 298
1109 388
1443 171
3006 377
3006 383
3006 357
3006 294
4703 199
3006 336
4294 61
1545 284
3006 538
1545 449
3131 263
3006 190
1443 438
3750 175
2670 362
3006 280
3006 177
4553 189
4571 378
743 307
3006 451
3131 278
7356 155
7973 286
3006 245
743 109
8292 262
1562 182
1820 181
3006 484
3632 245
1545 314
743 252
1443 329
1302 359
3006 281
743 383
6678 245
6026 238
1443 435
7881 246
3755 253
7973 175
6586 171
7668 264
4139 368
1545 320
3131 174
7533 447
3006 441
1545 370
3006 426
743 278
743 599
743 280
3006 293
743 282
3131 193
3755 182
7533 420
7973 104
3006 260
4653 340
743 416
1018 208
4553 183
3006 327
3131 185
6678 241
3724 275
3131 234
3006 351
3131 201
3006 381
743 477
1545 322
3006 206
3131 207
6678 465
3006 347
439 119
3131 135
3131 231
3006 226
1302 308
743 337
3006 230
3006 348
2960 206
2670 274
3131 412
6678 140
2110 234
1545 369
3006 413
2346 245
743 386
7533 298
3131 287
6586 195
2346 285
3755 150
3006 411
6586 229
4236 338
3006 251
3006 437
3131 338
3006 189
3632 356
6678 260
743 270
3131 356
6678 387
3006 221
3131 261
7991 179
7549 239
1545 195
8729 260
3131 145
3131 295
929 303
2960 267
743 294
4553 283
3029 350
3006 351
2110 313
508 241
3006 298
3755 344
9393 284
1443 189
3131 185
1443 314
3006 149
3006 288
4294 215
1545 478
3006 284
3518 162
5711 395
3711 220
6678 224
9238 308
743 199
7668 230
3006 229
3131 244
1545 194
1443 261
743 258
743 418
7991 373
3006 274
7026 197
3131 271
4294 340
5064 339
3680 254
617 291
3006 362
3006 447
7668 223
3006 261
3006 451
4294 257
3006 302
9538 368
6621 207
7941 105
3006 124
4614 153
3006 385
743 399
3029 167
3006 358
3006 226
3131 255
3006 231
2407 160
3006 339
4294 179
6678 254
3006 406
4505 300
7533 243
7533 445
743 277
1018 207
1443 310
7533 363
3006 297
3006 218
3006 305
3006 420
6085 246
3131 178
5873 273
3006 501
1545 423
7668 337
1545 479
3006 283
5411 283
8926 205
3006 500
3006 337
4236 404
7691 252
1545 252
2670 158
3006 401
3131 305
3131 360
1044 119
743 459
3006 354
3131 297
4608 159
743 341
3006 343
743 426
3167 105
7881 175
3006 342
1562 344
1545 396
7973 289
743 387
3006 409
7533 519
743 447
3511 361
743 270
3029 260
743 408
3006 452
7668 252
9492 75
4236 207
7533 332
6276 269
3006 341
4837 320
4796 200
6678 347
4553 193
743 174
1101 189
743 182
3006 405
1545 392
3511 235
7668 169
7668 387
3006 412
743 118
1545 252
7881 188
743 350
7824 274
4536 380
3131 283
743 276
3006 550
4861 253
4236 121
743 224
3131 258
743 422
6678 592
743 550
6276 245
3724 336
6076 212
1018 209
3006 435
4294 236
5448 289
3131 250
743 207
743 482
4553 229
3006 258
3006 167
743 284
3131 306
8482 325
1109 268
617 288
743 386
7735 190
4236 366
1443 334
6678 158
7296 358
1443 170
3006 306
3006 529
8482 513
3006 373
1995 64
5411 232
3724 394
7533 266
743 296
743 471
1443 269
403 150
3131 161
3006 372
3131 234
1545 279
3131 264
7668 309
5386 176
3006 381
3006 255
3006 200
3006 230
6678 217
1053 160
7533 260
743 348
1545 364
743 184
508 270
3006 409
743 214
743 149
5448 192
7881 96
7533 250
1302 89
3006 329
4514 433
4514 213
1545 539
1109 161
1545 345
3131 292
7296 199
6276 397
3006 559
3131 265
4837 261
1545 183
3006 422
1545 388
3006 260
5448 279
7668 452
6678 209
849 323
9875 240
6678 158
3006 199
9259 245
3006 471
1545 337
4505 315
3006 511
3006 583
4854 67
7533 377
3131 154
3006 319
1443 234
3511 255
3006 371
7533 284
164 143
3519 203
3006 256
3131 249
4505 296
3006 290
4236 352
3006 269
4685 380
6276 267
1539 209
492 246
3707 330
743 103
743 298
7973 131
1545 370
7533 217
3006 335
3006 272
3131 416
743 102
4553 161
9358 188
7504 415
1545 307
6678 330
6678 141
3131 282
3006 304
3006 348
3131 175
5272 181
1545 139
3006 427
3755 298
2960 233
1270 354
3006 398
3006 384
1545 259
7533 304
3531 174
7533 212
1518 266
1545 399
3006 346
1101 153
3131 306
9358 192
1545 192
3131 212
3006 471
3131 288
3006 421
7533 342
743 427
6678 161
7973 198
7533 383
3006 429
3006 338
4294 302
3131 258
3006 409
743 347
184 126
743 313
3006 208
3006 302
4837 255
1545 394
7881 248
3131 272
6341 371
9600 160
8557 189
3006 384
4505 332
1302 268
743 186
3006 398
4236 257
1545 324
7973 272
3006 374
743 243
508 232
743 362
3724 457
7533 252
743 337
743 280
6287 205
1820 370
3131 416
7991 157
3006 400
4234 192
743 211
743 266
1270 306
3131 228
3006 394
1545 303
6276 238
849 162
7973 126
743 526
743 156
743 278
7296 306
1101 309
3006 406
1545 305
743 286
2156 245
4294 397
743 215
6028 293
3006 376
3131 204
3131 174
3006 324
2346 239
5265 306
5130 238
8482 404
3724 305
3006 239
6586 328
1545 448
3006 307
1018 169
2670 277
7296 372
743 222
3755 211
4837 392
4608 233
7533 392
3755 299
3006 351
1018 231
9358 183
3750 167
743 258
3131 236
743 340
3750 147
3006 685
1302 223
7691 141
4236 366
4294 319
3006 434
4608 375
6028 225
743 59
6678 295
4294 214
1545 323
3006 418
3131 203
3006 456
3131 502
3006 423
743 251
3006 219
3006 225
6235 204
4294 266
7129 66
9538 209
3006 381
3006 218
3006 489
5307 306
7533 471
1443 327
743 322
3006 426
743 151
1545 305
6678 286
1545 238
7515 306
3006 346
4294 329
7668 440
1443 317
1101 120
3006 388
3131 197
7668 385
3006 477
7881 174
615 393
1820 275
3750 228
1545 296
7533 355
7296 175
743 339
743 178
743 335
3006 423
7296 218
743 366
1018 346
3818 302
7973 158
1545 185
6276 217
1545 202
1443 233
3006 222
1443 327
4294 288
3006 535
3006 338
7533 405
3006 442
3131 221
3006 370
2170 205
7668 419
7533 472
1302 349
743 248
7533 391
7973 107
7533 423
3006 174
1545 304
1270 190
3871 201
4837 307
743 236
1545 204
3750 91
7973 201
7533 330
7504 428
7991 188
3334 271
9205 280
743 219
6580 367
3006 370
5448 283
6424 391
3131 359
3131 183
5386 165
4553 208
3006 401
3006 240
1545 217
743 269
3131 239
3006 447
743 351
7533 361
1101 274
743 316
1018 285
8687 274
743 275
4505 214
4872 261
6678 328
6586 285
4729 306
5682 150
7533 244
8933 192
7668 386
1539 121
3006 331
3131 177
7881 385
1545 174
4553 184
7533 416
7533 363
743 471
743 235
3006 570
7533 400
5791 203
3006 541
3006 407
3131 406
3131 220
743 312
1270 263
8820 348
6085 253
6678 195
3131 248
7533 428
4505 315
3131 356
743 173
3167 203
4505 321
7533 328
7668 351
743 228
1545 374
6276 230
1545 300
1101 59
3006 428
1443 233
1651 326
6276 241
3131 264
743 315
7623 336
4294 273
1443 239
4294 220
743 175
3724 377
1335 393
3131 322
3006 423
3131 274
7533 333
743 270
7668 223
3006 255
6271 144
3755 219
2670 257
8729 213
3006 503
3724 208
3131 206
4685 402
3006 498
4259 318
743 428
3871 148
743 186
1109 294
1683 138
3755 228
3006 167
743 321
3006 427
743 185
1443 357
3006 287
7533 387
6678 171
3472 389
3006 233
743 294
743 134
7824 351
1545 339
3006 198
743 270
4703 211
1443 278
7730 190
2828 377
7533 321
3724 438
5095 327
1302 394
3006 432
3006 300
6076 200
3750 417
7533 435
8745 89
3871 131
1443 446
6586 387
4505 350
2670 282
743 316
1545 264
782 152
5448 198
2110 235
3006 413
6678 316
3006 444
1109 217
5448 380
5448 314
7533 298
8729 132
3006 288
3472 209
7533 361
1443 376
2346 266
2670 321
7533 288
3006 326
7533 273
2918 217
6586 276
2346 113
743 441
743 351
7668 430
1409 159
3006 350
3006 339
743 213
3006 182
6678 254
1539 158
3006 420
7533 464
3006 235
3006 365
4236 118
5934 266
743 303
3131 412
7533 355
3006 386
3131 343
6678 339
743 175
6586 314
3006 274
743 249
3006 376
1545 274
1545 472
5357 325
7973 121
2960 83
3006 235
1545 265
3006 258
3131 224
7735 180
1109 173
4236 252
3006 386
1109 369
1545 244
7533 408
1545 331
6678 222
7504 319
4236 177
3006 186
3006 263
3006 335
1101 187
1018 286
743 301
3871 264
7881 280
7533 349
1270 294
3006 322
3029 221
2110 167
3724 474
5882 233
4703 185
3472 197
3131 281
7450 417
3006 294
1871 232
3006 329
4553 228
3131 194
6439 186
3006 285
3511 365
6678 266
3006 518
3006 446
4608 165
743 539
6076 225
2670 227
3006 298
3006 414
7549 228
3006 420
7533 415
3006 221
4505 94
3131 214
1545 226
3006 253
3131 351
2268 255
743 358
743 308
7973 175
743 283
5241 256
5487 300
743 340
4703 166
3029 347
743 119
3006 271
8292 158
3131 116
3006 282
3131 185
3724 357
3006 307
439 133
7533 399
3131 369
7991 399
1443 213
3006 321
1545 341
2444 171
7533 375
3006 473
743 265
4294 211
5265 162
3006 533
743 219
3006 235
6678 216
3006 267
3511 263
7533 408
8729 402
743 255
8949 396
3006 231
3006 162
743 397
3006 386
3131 222
7533 300
7533 379
4236 240
7515 294
3006 265
1101 128
3006 376
3006 411
3696 219
743 327
5448 100
7504 480
3750 139
743 430
3131 230
4236 99
3131 325
6678 222
3006 350
3131 140
1443 301
3029 208
743 347
9501 226
1545 381
743 312
3006 290
7549 218
4505 152
1545 308
7973 115
4236 236
1443 438
3006 468
4553 158
3006 218
3006 248
6586 285
4703 382
3006 320
2306 282
5448 345
3131 179
7131 308
1058 161
743 447
3006 234
1302 188
849 254
4505 162
7991 181
1443 181
3131 281
3724 166
1545 228
5487 201
7533 456
4553 138
4294 219
3006 189
743 266
743 213
8949 230
2268 281
3131 346
3006 472
849 297
3006 399
743 332
1545 223
5740 178
1443 418
5448 369
743 390
3750 219
3131 242
743 385
2670 242
1973 294
3006 365
6341 135
3006 398
5448 337
4236 406
3006 241
3006 356
743 266
3006 309
743 378
3511 339
743 528
1443 321
3006 517
849 202
4505 265
4703 315
3131 148
3131 447
3006 272
743 483
3006 267
3131 374
3006 302
4995 80
8292 165
1003 253
743 241
6581 269
743 187
4294 116
743 427
3131 315
743 333
1545 245
3006 291
3006 357
3131 303
3006 386
3006 275
264 265
6772 223
743 349
2960 255
1969 215
7533 415
6523 373
5390 310
3006 251
3006 421
1443 243
3131 206
3006 435
3006 354
3006 282
2110 160
7973 186
1545 332
3131 241
743 205
7533 277
743 254
4703 221
6341 178
3006 481
3006 325
9688 345
3006 243
3006 216
7533 374
3131 362
4236 258
4505 241
743 220
1443 407
743 302
1562 153
6586 119
3006 312
3131 298
9886 228
743 240
3006 396
3006 252
3006 394
7533 320
7735 224
2346 160
743 123
3006 494
1018 148
743 284
3006 276
3006 250
3006 371
3006 315
1443 251
743 337
6076 236
3131 210
6276 372
4505 348
3006 428
6678 223
3755 212
7533 379
2346 237
1545 238
3006 366
3006 497
7824 308
1545 281
7533 355
7735 207
1443 150
3006 419
3131 185
4553 372
743 233
1101 295
8729 399
3006 173
743 328
3006 135
743 494
7668 248
3006 371
1109 238
6586 279
743 562
4553 242
3006 440
4487 80
4837 324
7533 453
9589 174
743 500
743 427
6678 269
4703 242
3131 262
3006 375
7973 271
3006 444
3006 113
4571 228
1539 249
5487 368
1539 197
8212 221
1545 275
3006 529
6678 455
7533 427
743 274
3006 510
4505 395
7533 399
4236 237
7533 226
3755 397
1443 351
6243 250
9238 109
4514 364
3006 365
2346 383
3006 449
1545 319
4236 243
6678 260
4303 286
4553 297
743 521
7549 237
508 222
7450 173
1018 191
4294 164
3334 230
6028 156
4294 285
9490 182
743 268
7973 276
3131 367
1109 179
3131 174
1443 356
3131 329
3131 283
6028 246
3006 270
1443 258
1302 203
3006 292
7533 404
1018 405
3131 314
743 282
6678 279
743 510
7533 505
3818 140
3167 284
3006 295
3131 242
6678 215
3131 277
3006 247
743 177
4505 322
3006 579
5227 271
3131 331
1545 322
3006 443
3006 297
1545 489
1302 277
3006 260
743 128
4505 392
7973 101
3006 313
3006 358
743 185
3006 118
3750 313
743 377
2960 170
5448 339
1545 182
3006 327
782 106
743 205
4294 276
1443 184
3006 302
339 323
3511 259
7533 352
4505 351
4553 132
7533 289
4553 399
1101 231
4236 291
4294 251
4294 159
2670 258
3131 285
4547 128
1545 194
3006 302
1443 241
1443 257
743 276
1545 237
1545 241
743 429
1101 218
3131 207
7533 451
3006 267
5130 205
1545 349
3761 271
3006 291
6678 300
2321 246
1545 134
6678 162
1545 320
4294 114
3131 275
3006 458
3472 273
4514 241
6116 173
3006 456
743 294
3131 329
1545 348
1545 412
1270 227
7668 342
3006 424
3131 337
3472 329
6076 373
1545 403
4294 264
1443 176
743 355
5448 346
743 331
743 184
7129 207
1545 257
6678 375
7515 248
3006 268
743 195
6028 315
5487 262
6678 503
3006 140
1302 252
1545 303
1545 442
3131 241
8728 147
4708 324
4553 250
743 420
743 396
3006 308
3006 530
3131 358
4837 283
743 480
5997 84
3131 164
3131 141
3131 301
3006 328
8729 209
2670 84
1539 113
7533 529
1018 211
6361 330
7533 358
1830 283
740 273
1018 228
1545 363
1443 329
7881 248
3006 271
3131 185
1443 342
743 257
7533 435
5386 132
3131 268
3131 380
743 315
3006 215
743 337
3755 300
5644 177
743 360
3006 296
3006 468
1348 158
3131 214
7881 308
1335 343
3131 350
7881 293
3131 272
6586 346
1147 128
7515 256
3006 336
7668 403
3006 259
4505 157
6085 286
743 108
3006 461
1709 154
4294 321
2670 153
3871 368
6586 287
1081 210
3006 372
3131 390
7668 301
7973 200
9739 277
1545 286
6799 184
3006 393
3131 86
2477 144
743 271
1545 304
743 154
743 155
3006 188
3334 211
7824 343
4553 179
1443 262
3131 236
1443 349
743 195
3131 300
1545 167
3131 471
3755 387
1443 241
5458 284
1443 286
4553 296
4784 233
4236 330
1101 287
1109 90
743 274
3131 177
1545 432
1101 173
5448 228
7973 104
743 73
3006 354
3006 351
3677 283
3750 252
7764 192
1443 383
1443 293
3511 320
743 240
3755 289
3511 271
3006 387
3006 207
3825 230
4294 172
3006 374
4294 232
3006 259
3505 162
1443 299
4236 307
3006 211
8729 270
1443 148
6424 258
3006 229
6353 87
3006 320
743 214
743 301
1335 292
3006 450
743 246
1545 335
4505 249
3131 162
7504 374
1545 444
1545 314
3131 466
6678 425
1109 215
1562 201
743 191
1109 239
1443 93
7533 400
5448 232
3006 397
3724 495
2287 335
7296 243
743 294
1443 123
743 186
3006 334
5448 134
1545 391
3006 274
929 205
4553 182
6678 189
743 229
6648 350
5448 289
7533 295
4837 176
849 259
6586 270
6028 492
3006 313
743 298
3131 248
1443 259
6678 397
3131 292
6586 156
743 214
6085 353
484 159
743 238
1933 256
3006 261
3006 364
5448 288
3006 223
4294 307
1147 266
1109 209
6678 194
2828 307
743 358
3006 369
3334 235
3131 491
1443 130
1545 351
9506 243
3006 484
3472 237
3680 125
3006 301
3006 419
4236 246
3131 194
3724 407
617 156
743 162
3006 164
5791 248
743 266
743 219
4236 224
3006 313
6200 243
7691 210
3131 184
743 265
1443 334
7668 259
3472 318
3680 291
3006 430
743 411
5265 228
8292 245
743 263
472 210
3006 406
1443 312
743 199
3006 476
7533 378
3755 225
5448 296
743 142
1973 393
3006 284
3006 383
5265 352
1443 310
3131 120
3006 332
2369 99
6410 136
7668 273
3131 209
3006 278
3006 331
3006 381
4703 298
743 205
3131 303
7881 192
2868 471
743 269
3006 382
1545 314
743 281
4236 346
743 297
1545 377
3006 445
3131 261
6586 272
7973 198
6678 237
743 454
3006 375
1018 297
7533 414
1545 372
1545 282
1443 195
7533 354
743 252
6276 320
3006 441
2670 269
3131 268
3006 400
3131 371
2670 404
3006 345
3006 200
3131 269
3006 221
743 188
7533 419
849 284
743 139
3006 281
7533 469
743 192
7881 225
6678 137
1443 347
3006 464
743 387
3006 210
1141 380
6028 351
3006 320
3131 420
1899 310
439 152
3006 453
3006 332
743 138
1443 280
6586 94
3131 226
617 157
6678 186
743 381
743 138
3131 285
7533 502
3006 386
4505 361
3006 246
6678 281
7533 460
743 259
743 65
1101 196
743 309
7533 465
7691 257
4477 251
1545 170
3006 246
7991 196
186 195
743 315
3755 331
6085 300
1545 299
3006 385
743 242
6678 157
1717 296
3006 384
1302 196
3006 462
2234 160
508 264
743 362
743 357
4505 292
7973 195
743 220
7533 466
1018 285
3006 331
3006 400
1302 300
7515 414
9358 282
2670 363
3006 211
3006 290
743 314
3006 220
7881 205
6276 304
3006 223
2670 224
743 335
3006 355
3131 170
3006 352
1443 285
3131 260
3006 208
6678 212
403 184
3131 358
7503 258
7824 354
4236 364
6678 339
3006 487
6678 413
8075 197
5448 194
929 282
8820 278
3006 202
4505 146
7991 272
7533 313
743 184
1545 208
3006 294
743 360
3006 195
7735 214
7973 317
5241 185
1545 348
4236 330
3006 422
3511 326
1302 238
4294 237
5448 282
3006 308
3006 207
3131 164
4294 181
7189 203
743 257
8012 250
5791 173
1443 273
3006 316
3029 221
743 364
508 326
2831 397
743 403
1545 433
1545 342
4553 214
3131 274
3006 460
1545 371
3736 425
1443 422
1018 223
6586 292
4837 210
3006 270
6678 173
3006 239
2138 309
5487 304
3006 159
743 258
743 230
7691 321
8879 243
3006 382
3131 270
3006 260
1443 405
3006 324
3755 195
743 427
1138 354
743 386
3131 236
7533 431
1443 315
3131 222
7533 336
3006 472
1545 282
9291 250
1101 201
7549 284
6678 215
6678 308
4301 258
743 437
2110 278
4505 266
4294 303
4837 265
3006 217
9367 258
3006 347
1101 206
3006 489
3511 199
3131 235
3006 457
3006 305
1101 361
617 82
3006 332
743 208
1545 180
1443 334
6016 245
3006 270
766 293
743 342
3131 229
6276 198
3131 242
8036 218
1545 250
3006 312
1443 211
4514 235
743 205
7533 316
1922 399
3131 135
8156 287
1545 397
1869 165
3131 112
743 260
1109 341
6678 345
6158 166
4236 355
3006 270
1539 116
5402 267
6276 221
4837 299
743 362
3131 169
3029 217
8012 286
3131 192
6586 280
3006 385
1545 363
7533 316
617 297
1539 146
4505 385
743 250
3006 326
6678 182
6582 407
2670 229
5008 300
743 381
1101 155
3006 431
5448 436
3006 320
743 240
4236 422
3006 275
3131 342
508 130
508 221
439 215
7533 448
1443 306
3006 527
7533 291
3006 367
3006 381
743 241
6342 260
849 163
3006 210
4505 237
4505 173
7533 453
3006 535
3131 238
3006 380
3006 391
3006 336
743 254
1270 233
4294 310
3006 274
3006 306
4294 103
3724 350
508 210
4406 303
3006 270
3006 248
3131 225
6276 241
4703 202
1302 243
4236 265
1545 180
6678 122
3131 156
6678 160
1443 220
3131 244
3006 120
5272 227
3511 165
90 279
1545 331
1545 140
8949 295
1545 374
2670 254
1015 224
7533 361
3006 404
743 347
743 154
743 344
3131 238
743 233
743 177
3871 326
5448 308
743 213
3006 435
3131 248
6184 197
1545 213
3006 421
1899 203
3750 172
3006 224
3006 235
3006 278
3006 415
3006 238
6678 290
3006 315
4703 191
3131 269
3755 263
2346 287
743 237
1443 320
6678 256
3006 236
743 311
3006 330
3511 293
3131 465
6085 226
6586 136
3006 553
3131 246
3006 394
5791 255
3006 237
2237 259
4236 302
3131 425
3871 267
743 339
743 294
2025 263
3511 305
3131 234
7668 335
1545 188
7533 375
6678 291
3006 443
3006 454
1443 222
1545 241
3131 325
508 269
4294 188
3006 334
743 240
4294 274
4236 363
3006 474
3006 424
7668 339
4294 179
3006 535
7668 270
1443 358
6678 396
3755 235
3006 481
617 271
8292 337
2110 202
5441 317
5487 298
743 368
7973 152
3006 505
743 267
3006 335
3131 239
3006 402
3006 217
3006 298
8482 373
743 415
3006 247
1545 233
7829 154
7533 397
3131 244
6678 273
3006 325
743 237
3006 414
7405 159
3006 349
3006 516
3006 495
743 322
3131 188
3131 117
5265 169
743 319
4236 185
7533 462
743 338
3006 225
4236 129
3006 238
1241 192
3755 306
1443 309
4553 313
3131 395
4294 127
3531 445
743 469
743 244
1443 255
7533 374
7533 288
7668 354
3131 353
6678 185
7533 414
6028 332
1443 162
2868 244
3029 123
743 324
5386 194
7991 280
3755 447
3724 473
1443 239
2670 199
6276 244
3511 277
1302 377
6678 275
1443 176
7533 280
3167 183
743 356
3006 352
3131 303
4529 172
929 242
743 298
743 299
8493 166
743 325
8482 247
1058 164
3511 183
3006 149
3006 331
3006 397
7026 148
3006 374
1545 328
6678 325
3334 51
743 468
1018 291
743 440
4571 256
7668 283
3131 204
4703 242
7623 330
7549 239
3511 361
1539 274
4236 328
7533 441
3131 178
3167 333
8012 238
4236 259
7533 343
3755 171
7533 343
4703 183
6678 255
8718 236
3006 225
2670 369
6085 374
1443 347
3006 236
3006 300
3006 333
3131 139
3006 413
8292 172
6678 382
1141 295
3006 394
9004 445
3131 142
3131 293
3167 391
6276 252
1335 177
743 127
3606 308
3131 318
7533 372
3755 268
4236 154
444 288
3131 267
743 401
1539 194
743 383
3131 290
3006 192
6678 310
743 364
3395 216
1443 180
3006 331
743 251
5448 395
6678 188
3131 267
4294 233
4538 266
8409 254
3755 273
1101 219
3131 431
1409 216
3131 277
4294 421
6678 313
3131 179
743 153
3942 187
3006 331
3006 383
8292 248
3131 145
3006 377
7533 287
3131 373
3006 467
743 195
3131 195
3006 246
4236 244
3006 334
1270 346
6586 246
743 329
3006 255
4837 279
6341 158
3006 175
3750 224
3131 326
3006 183
7668 311
5241 315
5357 220
3755 309
6678 164
1545 260
743 447
743 305
5265 112
1545 291
6586 332
7821 234
3006 333
743 257
10 137
4236 325
7533 394
743 250
1443 384
4236 377
1443 322
4505 309
3818 300
4139 243
1443 261
1302 167
1302 127
3131 418
3006 353
6678 450
3334 273
4236 262
3006 461
1545 390
743 143
3604 364
1539 242
3680 176
4236 411
6374 152
4553 287
2274 430
3006 543
1443 263
6276 391
6586 174
6374 138
1545 389
743 237
743 180
5448 146
1545 287
3006 322
3131 370
7515 153
3006 298
4505 183
1196 183
3006 452
2960 213
2321 112
3006 460
3131 404
3006 466
6028 256
743 328
6085 346
3006 307
1947 312
3006 361
3724 400
1539 159
2670 218
3006 400
3006 417
1545 291
743 479
4703 163
743 426
7533 396
1058 312
3755 398
3006 470
7533 258
3006 317
1545 259
7533 455
743 392
7533 299
743 172
3755 218
5448 272
1428 248
5448 303
3006 390
5265 377
4505 319
6678 288
1935 121
3006 270
743 462
3131 242
6271 183
1443 263
1101 297
3006 464
743 350
3006 414
6678 240
3006 440
7973 273
3006 310
7533 383
6076 235
7668 357
4294 140
3006 450
3006 256
743 467
3131 426
1545 246
3006 314
1545 363
1443 218
4553 178
7973 185
743 195
8012 267
4294 163
2825 110
7533 411
743 128
3006 244
1141 282
3006 390
5448 186
1109 165
3472 251
6678 268
743 322
7533 402
3006 364
4505 312
3006 488
1443 243
3131 271
4720 134
1443 316
7533 402
3131 371
3724 264
743 329
3006 354
6678 426
1443 409
3006 283
4236 420
743 341
4685 288
743 223
2670 208
3006 404
3131 434
6085 358
743 378
743 267
3006 354
3871 270
3006 246
743 257
2268 284
2110 174
1545 495
861 314
3131 206
743 439
743 327
743 342
3006 444
4837 456
4294 282
3131 324
7973 159
3006 244
4437 139
3006 354
3006 254
6678 236
7504 369
6678 214
7533 393
1545 326
743 395
3131 324
3852 154
3131 372
743 436
1443 223
743 333
3131 262
6009 202
3006 333
7533 521
2670 240
7533 398
3006 259
3131 194
5975 117
8728 229
743 103
743 232
3724 321
3006 397
3131 309
3006 487
7533 415
743 258
330 144
3131 417
4294 295
4505 336
6678 260
3006 400
3505 353
3006 335
1302 154
1443 169
3131 338
6789 144
3220 141
743 305
743 292
3006 131
3755 325
3006 218
3006 451
3131 215
3725 149
4294 283
3131 271
7533 312
3006 521
1443 269
849 139
6678 185
4294 324
1101 285
5265 309
1443 288
3006 432
3006 569
1443 231
7973 201
3006 317
3006 404
3757 247
5448 398
1443 168
3755 253
3131 353
4139 281
6678 271
3006 383
1545 336
743 387
849 288
4837 289
5791 324
1443 221
4505 335
4505 239
7533 341
7881 277
7533 310
743 178
1443 235
1018 322
3006 452
3006 317
1443 203
3006 403
4294 237
6424 262
4703 72
743 150
3006 425
3006 268
743 250
1101 262
2473 140
6678 202
3006 286
5019 259
6678 328
3131 309
3006 374
3006 465
1018 296
617 370
1443 165
7533 302
7533 402
6678 234
4236 184
6586 162
4837 165
3006 253
743 564
6856 222
4837 295
3131 338
1443 373
1899 217
3472 340
1443 271
3131 241
6523 206
743 255
743 182
743 296
3006 381
2764 224
743 316
1302 281
3006 361
6678 304
2477 340
8608 58
3006 416
1018 184
1018 213
3006 393
3131 266
1545 243
743 248
3006 251
3750 183
3006 299
3006 458
1443 285
1443 86
4236 307
1709 281
743 295
3006 380
1545 316
6586 258
743 339
5448 251
2211 190
4284 448
7504 417
1562 364
3167 228
4294 335
7881 282
1545 266
2670 237
164 179
3006 390
5813 49
1545 339
743 315
3006 120
3029 285
7881 265
4236 380
5791 161
743 283
3006 472
4505 398
743 269
1109 134
7533 381
1899 266
3511 252
3006 550
7991 220
3131 152
3334 362
4294 275
4236 237
3006 310
2670 192
743 330
1443 168
3006 253
743 232
9501 46
3006 283
5448 130
3006 264
3131 351
743 321
3006 448
743 251
743 264
7881 205
7317 327
7881 283
3006 419
6586 191
7881 308
7668 235
5448 159
743 427
743 350
1443 297
3131 244
4505 409
3131 281
4553 261
743 239
3006 352
1899 301
2910 70
3006 265
743 287
743 250
3750 300
7533 433
7623 247
677 200
4294 220
5448 172
3755 339
743 410
3006 260
743 201
3006 400
1539 301
743 322
4703 107
3006 367
743 401
3755 253
6586 245
3131 211
743 219
3755 346
743 390
3131 194
3006 275
1443 222
1302 193
3006 337
5265 461
706 289
7533 408
4837 134
7824 434
1545 141
4294 364
3942 119
4505 267
3006 466
743 336
7973 266
1443 273
9426 119
5130 215
4236 282
403 320
2918 156
7533 220
1109 121
1545 348
743 501
743 247
6678 228
2523 163
743 209
1545 275
743 233
3131 275
743 366
7533 267
7533 172
1545 226
1302 175
7533 446
3006 274
1443 234
4553 222
3131 204
1443 272
3006 297
1545 255
2460 108
3006 544
4236 324
7127 238
3006 400
3131 210
3006 227
743 274
3006 250
2343 348
4236 217
3755 243
743 441
3006 584
6085 251
743 254
1335 331
508 349
3006 461
3755 312
5660 232
3006 244
743 402
4505 268
743 234
3006 358
1018 182
3131 470
743 376
5448 256
5743 348
1443 234
743 487
3006 331
3006 384
7533 383
4505 242
7533 390
3131 354
9238 215
508 258
743 253
4837 189
6367 160
2853 307
3006 344
743 262
3006 313
3131 280
743 264
3006 276
743 398
3006 322
3006 470
3006 221
7533 419
1545 260
3006 401
2533 158
3006 166
3006 234
743 217
3131 299
2142 203
3006 211
743 412
3006 436
7533 240
3006 290
1302 285
1443 295
1899 427
7668 250
1018 333
743 263
3230 110
6678 316
3750 200
3006 305
6678 162
7533 459
3131 248
3131 221
4236 206
743 179
3131 185
1545 327
4139 223
743 367
3511 401
3006 458
743 303
3006 256
4553 202
7533 486
1545 309
1545 335
1545 240
3006 199
3006 295
4236 364
743 263
1922 227
5791 240
9849 335
849 299
743 364
6085 219
3131 486
4837 350
3006 213
7533 384
3755 355
6085 367
1545 188
743 262
3006 303
1443 461
1545 308
743 391
4553 328
2910 214
4236 138
3006 195
7973 97
3131 313
3131 337
3755 170
5158 209
3131 264
677 259
3006 401
4236 295
3006 368
3006 252
3472 283
6076 123
1101 241
743 259
1443 194
4223 353
7973 138
2670 369
6586 268
1101 291
1101 209
617 385
3006 391
3006 424
1443 226
1545 317
7533 349
3006 373
3131 399
3006 383
6678 277
3006 341
3131 329
1545 325
7991 81
29 64
7881 225
6721 252
3006 315
8012 198
7533 259
5448 188
8258 179
3131 248
7991 275
3006 264
7533 279
3006 318
4685 299
1109 256
3131 145
7533 270
5448 208
1545 202
3006 337
1101 318
3006 325
743 379
7504 378
2670 254
4837 259
743 451
743 307
6678 358
6678 389
7991 168
2670 217
3131 519
3006 339
4505 297
1545 474
1443 195
7533 428
4505 279
3755 264
4223 231
3006 315
5602 204
7533 545
743 315
3131 217
1545 368
3006 412
6586 349
4505 317
4236 247
743 394
3006 250
340 264
2208 183
3029 345
3006 170
3131 244
3006 289
3006 258
743 128
743 258
743 298
4236 466
3029 239
3006 138
6678 290
3006 317
6424 64
7668 226
4553 295
3006 238
1443 398
7533 249
1697 323
3131 413
8292 335
5241 222
3755 310
3131 234
3006 410
7735 122
3029 110
3006 540
6028 174
743 492
3006 543
743 442
743 307
1651 238
7881 179
7973 184
3131 325
3006 311
6028 298
1443 347
617 321
7668 268
2271 293
743 347
1270 225
3006 457
5448 167
1443 367
8761 258
184 110
1443 406
6076 270
3755 136
3131 239
1545 335
5448 180
4199 209
3006 354
6678 286
3131 342
743 341
4505 247
1545 308
7515 270
3006 269
1018 264
3131 452
339 302
3006 237
3006 175
6586 258
1443 227
743 224
7533 313
6586 123
3131 253
743 338
3131 235
743 191
1545 269
6276 326
1545 298
6085 172
2801 236
3131 228
4406 114
2346 189
3006 443
743 251
4236 142
7668 377
3006 385
1545 241
3750 290
7668 209
743 236
2764 202
6586 192
3006 296
4236 324
1101 289
5448 245
3755 303
4553 230
1545 263
6678 342
1545 361
743 257
8846 237
3006 387
743 293
5130 298
743 440
3006 452
4236 451
4505 210
743 378
3131 204
743 304
3131 354
3131 255
7735 218
3006 358
1545 246
3006 418
1443 361
4608 202
4837 277
743 414
1545 356
3006 366
2531 310
1443 356
3006 498
3006 355
1545 395
6276 185
1545 178
743 197
4366 311
3006 383
1545 151
3006 267
7973 167
3755 99
1545 236
743 349
6678 301
7533 392
1443 243
3328 401
1101 271
743 335
3006 255
8188 228
7533 360
3006 403
1975 114
7973 131
3006 387
743 409
743 545
3006 199
7515 130
7296 232
7533 366
4837 207
1545 450
3006 182
6678 213
3006 347
508 350
6028 270
4505 509
1443 228
6028 282
743 249
1109 222
3006 391
3006 319
1331 238
4968 354
1593 223
3006 352
743 250
4301 326
4553 329
6085 246
3006 259
3006 475
4796 199
3131 232
1545 226
743 159
3006 308
743 223
1545 297
6678 269
8684 174
9886 125
7407 154
3006 190
5813 140
1545 333
3131 457
6678 215
3006 309
4837 133
3006 328
1018 252
743 430
929 172
743 196
4505 330
743 464
6678 301
7613 101
6586 196
7881 268
5813 272
4342 138
3755 283
6586 342
1545 338
7533 379
743 314
743 247
6076 166
743 338
7824 280
1443 562
743 176
6678 268
4703 212
3131 197
743 363
743 206
3131 451
1141 234
4236 428
743 232
1443 275
743 305
4837 273
1109 254
743 246
1443 212
3006 189
743 460
743 119
1141 298
8292 178
1545 233
3006 449
6586 148
5448 338
4505 234
2670 169
1545 286
7533 358
1920 280
3006 358
3131 432
743 330
3131 278
743 499
617 339
3006 289
3131 248
2670 224
743 313
3006 602
3131 334
3334 230
3230 158
4837 285
743 214
3006 406
6678 261
743 251
3817 381
3006 449
3006 506
743 383
1270 207
8166 176
743 265
7533 310
2853 264
3006 266
3511 218
743 391
1545 291
743 455
1545 447
8468 182
3131 316
3755 450
1018 336
6276 302
1348 191
3131 132
3006 355
5307 230
743 238
7533 352
6586 179
3006 237
1018 171
743 252
677 153
3006 398
3006 344
8949 429
6678 346
3730 459
849 197
3131 307
4837 353
8728 129
1302 215
4236 227
6678 199
2163 127
5241 198
929 238
3006 479
3006 181
6276 327
743 297
3006 322
743 263
3006 252
7973 383
3006 382
743 399
7973 215
6028 362
3006 292
4294 209
2670 225
9248 114
1058 267
4505 205
7533 481
3006 245
3006 332
743 345
743 255
7973 153
3131 155
7668 206
743 95
1709 178
3131 288
743 231
3131 234
1545 357
3006 357
6678 352
4294 292
3006 203
743 437
5938 205
743 170
743 196
3724 358
617 285
6076 198
6678 197
743 223
7533 399
3131 316
743 557
3006 568
1443 236
1443 318
3006 362
4294 200
7533 280
743 317
6586 321
6586 89
2510 142
6424 208
743 379
1101 116
743 453
3131 485
4236 241
7533 349
5448 350
5448 319
782 183
3131 325
7902 133
7973 225
7881 207
1545 292
1018 241
3131 181
4505 421
4294 334
743 354
6678 347
508 227
743 325
3006 256
3006 272
3006 223
743 323
3006 276
3006 266
2670 273
3006 167
743 485
4236 226
4837 504
4236 411
4837 292
3006 241
3131 109
7533 390
3006 335
2670 242
3006 325
743 463
8801 355
743 179
3006 367
1443 259
6678 288
3511 310
4236 162
3006 283
1545 382
6586 168
1539 199
592 197
1545 283
1590 182
1443 267
4236 393
3006 251
743 227
5448 436
5307 297
4236 172
337 308
3131 357
3006 433
5114 112
5487 164
743 175
1443 238
4236 220
7991 283
8856 247
1443 374
1443 370
3905 169
3131 278
1545 259
7824 318
7973 96
3006 235
3755 260
3006 456
1545 185
3006 456
1846 381
6678 244
7533 364
617 340
3006 366
1018 119
743 396
2346 266
743 314
1443 168
4236 336
6270 382
743 155
4236 188
3006 331
2670 158
8728 264
3131 175
3131 332
3006 298
2769 415
3006 490
743 285
1545 551
743 341
743 215
1443 210
2670 225
3006 387
3006 507
3131 326
3006 272
1443 275
3131 221
3755 234
743 438
4236 220
7533 308
743 260
4718 117
3006 421
7881 287
2960 186
3724 385
1101 125
7991 153
3006 290
1443 322
3006 531
3131 220
3006 391
7279 150
4236 101
743 185
3131 299
743 419
743 381
3131 303
3006 211
2831 474
5448 331
3006 315
3131 155
743 413
1545 252
67 149
3006 342
6276 221
743 433
7533 339
743 337
1871 160
3006 420
7881 161
3006 262
4236 274
6678 275
3006 176
4837 281
782 302
1545 355
743 333
3006 387
3131 248
3006 309
4236 347
7668 282
743 262
3131 365
2407 246
7881 294
1443 249
1500 233
1302 162
1443 388
3006 419
94 308
4236 242
4294 270
5791 307
508 224
1443 236
2909 197
3006 221
3006 506
3006 259
1589 206
3511 261
4505 239
3006 229
7296 218
743 318
3006 378
1545 319
7296 192
6085 307
3755 225
3006 259
7824 175
3006 446
743 408
3606 345
9238 136
3006 172
4236 224
743 206
743 199
4729 297
6276 189
3006 288
5272 289
1141 84
3006 217
7668 181
9417 134
3006 438
3006 325
3006 367
1443 270
1443 161
7533 362
5791 359
1512 213
7533 307
6424 402
849 160
3006 411
1545 361
1899 428
8820 294
3131 463
3006 351
5448 419
1101 191
3029 34
743 292
849 173
743 151
3006 482
743 175
2496 245
743 290
1545 277
3006 222
743 255
7533 350
8102 135
3131 144
1018 266
7881 285
5448 316
3006 373
1828 164
743 414
1545 326
3006 358
743 302
3006 335
5126 298
5448 201
4837 265
3006 404
1545 418
3167 209
2274 183
743 385
743 414
3131 270
3006 429
1545 338
743 549
1443 278
3131 282
5964 228
743 137
1018 171
3006 355
4837 384
743 286
1871 75
3131 271
2670 337
3006 331
3006 515
3006 265
7668 279
7533 198
6678 251
1443 242
3006 473
3006 405
1545 273
3511 259
1443 391
3755 194
3131 320
238 170
1545 329
3006 219
1545 362
6678 152
743 237
7533 324
743 222
4837 309
743 233
1545 308
3871 237
743 354
8166 176
4505 305
6276 241
6308 318
743 58
743 311
1443 326
3006 334
8292 232
3006 399
4571 215
3724 239
4837 243
4236 241
7129 197
3006 380
3006 335
3006 403
1545 366
4236 156
7668 307
1443 335
3006 330
3006 399
743 353
4505 213
3006 576
3750 269
7533 289
2960 299
3680 220
3006 274
1302 167
3006 268
6678 315
4505 290
4236 365
3006 351
7881 241
1443 164
1443 170
3006 335
1933 93
1545 376
3006 403
6678 355
929 202
3006 311
4837 247
1545 428
1443 318
1109 303
1409 182
3006 310
3905 250
2670 220
330 152
743 159
3511 367
1302 279
7533 466
743 346
1545 363
743 291
3680 285
4608 234
1018 248
7533 357
2670 260
3131 286
3169 342
1101 264
3006 270
3131 225
743 296
4505 232
3131 348
3006 412
5448 170
3632 150
3006 212
743 336
4514 306
3724 459
1545 357
743 450
3006 251
743 44
743 272
743 191
743 149
3006 488
1545 275
4236 192
1270 251
6569 231
3006 253
1443 291
1443 284
743 317
1443 436
1545 250
1418 168
3131 219
3006 409
1443 201
743 277
4277 265
7533 419
6333 228
4236 220
9358 156
743 278
3006 498
3006 164
3755 322
5448 224
1443 225
3006 200
3006 445
3006 413
743 90
7632 282
508 364
1539 321
4236 384
3006 296
1443 405
743 344
3006 262
7668 274
3131 310
3006 465
4236 246
3131 315
7533 433
6678 201
743 305
7973 256
3006 489
3131 407
7881 402
3006 302
849 180
4236 191
3006 361
4514 147
743 159
5448 258
6424 308
5307 147
3006 248
743 360
807 204
3006 317
3006 352
3006 355
3131 244
4236 285
4236 176
7504 235
3006 358
3006 395
1539 124
6076 111
743 376
1545 378
3006 333
7668 318
743 237
7504 280
7533 325
4505 284
4553 361
1545 241
743 226
5448 373
1141 272
1539 288
120 322
743 465
3167 346
6028 380
1147 266
3131 198
1270 214
6678 273
743 365
6076 224
4553 187
743 322
4553 234
3131 196
743 276
3755 447
4236 266
3006 337
1109 345
7533 451
7881 379
743 505
849 185
743 316
1545 360
6678 297
3006 374
743 390
3131 335
1545 231
3006 290
1443 282
3006 247
3006 389
3131 199
4505 173
929 248
743 482
3006 448
7533 204
3006 277
3131 179
1539 312
6028 219
3006 292
3006 396
7533 295
6678 332
1443 313
743 338
1899 357
3131 283
288 416
1443 203
7533 479
6586 251
3006 348
743 114
5448 180
1545 354
1443 306
3006 240
1899 152
3006 365
1302 255
1545 364
5448 363
7533 268
3006 388
3131 239
7015 183
8729 271
3029 301
1545 287
1018 334
3006 391
1141 185
3131 158
7533 303
1302 103
6271 127
8132 232
5448 338
1018 232
743 241
2670 185
6678 260
1443 379
5156 248
3131 286
3131 332
929 265
5265 331
1590 259
743 418
1018 160
7691 394
583 256
929 221
3006 272
3006 258
7991 142
1018 264
3006 382
4685 163
1545 305
1109 236
743 204
743 311
4505 311
3006 273
2110 145
3131 255
3006 375
3006 239
4685 331
1418 184
3006 153
3006 348
1734 184
3006 306
3131 459
3006 411
3131 146
7668 343
1443 302
5487 247
4236 171
4553 139
3755 394
3131 515
7533 267
6678 170
3006 502
1562 177
3606 309
1823 323
7533 334
3006 400
3006 255
4553 250
5448 329
3006 346
743 403
3006 419
1545 243
4837 298
3680 199
3006 229
743 323
298 231
1545 306
743 445
6276 301
743 371
3006 319
7533 374
1443 303
743 306
6362 252
1101 257
743 177
743 208
508 309
5873 419
5241 277
5265 219
1443 234
6678 426
7533 363
743 303
3006 324
743 350
743 378
4236 391
4553 66
743 277
4505 172
1899 349
3755 463
1545 341
5448 441
3006 418
3006 220
2856 322
3006 353
1443 210
4236 297
4505 261
4477 147
3006 443
3755 292
5448 285
743 384
5227 293
3006 371
2279 182
6678 330
1018 195
743 392
3006 235
1443 337
743 329
3006 379
9358 247
4505 267
6678 407
3511 283
743 330
3131 201
3131 240
2110 268
4236 296
7668 322
3942 183
849 166
1443 354
2670 163
4236 128
1018 209
7533 234
5487 367
7533 417
743 123
4514 366
8562 401
4882 213
7039 209
7533 254
4571 307
3006 413
8292 115
3006 383
3131 187
6678 262
6085 462
3006 517
3131 225
7745 193
1101 172
3006 389
1443 287
3029 170
2486 206
4505 304
743 251
743 360
7668 292
7691 96
3006 268
3131 341
4294 257
743 382
1545 286
4301 205
3511 286
3006 513
743 433
7129 128
7533 338
7533 406
743 190
7668 396
743 197
3006 304
6617 220
3006 362
8489 208
3755 402
1545 282
5365 309
3006 106
7533 342
743 327
743 519
3006 392
3006 306
4236 206
1153 74
617 275
3006 377
1545 227
7973 276
3006 308
1562 226
743 336
3006 398
3006 358
7533 405
3755 221
7533 366
7515 283
7533 250
1443 198
3131 282
5448 346
3006 330
7533 435
743 219
7881 154
3006 307
2704 289
900 390
4968 107
743 325
3006 353
743 238
1545 177
3006 282
8012 147
2831 224
6678 172
3755 177
8949 204
2670 320
6678 93
3006 315
3006 343
7991 346
337 293
5448 150
6586 280
3006 409
3131 270
743 333
1899 191
3006 496
4837 239
3540 247
7881 237
5131 179
4553 193
3006 373
7668 350
3131 255
3755 228
3755 376
3300 391
3131 268
3750 347
3006 229
1545 556
743 183
3006 507
4236 235
5241 384
6678 140
508 305
3131 442
743 252
743 432
7533 245
3755 277
1545 388
3006 347
1018 333
3006 444
1545 274
743 413
743 385
3006 521
6678 150
6678 200
9219 292
743 226
1443 299
3006 491
3131 258
3006 232
1443 144
743 115
1302 297
3131 212
1545 367
1820 347
3029 364
6724 324
1539 155
3006 266
4685 446
7533 312
1443 122
1302 336
4608 125
4294 258
743 184
3755 314
6276 364
3131 222
7504 372
6678 206
6678 331
4294 395
1109 229
3006 150
3131 154
3006 134
1443 326
6085 331
7533 329
4236 413
4514 344
76 96
3131 308
4505 284
8729 246
1545 404
743 280
7533 171
7668 261
743 296
3006 239
3006 430
4042 147
3755 246
9358 155
3006 341
743 286
1101 332
4514 198
7973 200
3006 321
3131 212
2670 354
1545 324
1302 271
7943 317
4505 335
3131 269
6678 226
743 350
4294 341
743 435
3006 383
7973 165
1545 309
1101 248
3131 353
4236 186
3006 263
1101 131
4505 178
6276 208
508 305
3250 338
3730 306
6085 286
743 396
4553 306
1443 315
1545 391
4837 318
3006 268
3006 279
849 325
3131 246
3006 351
3006 238
7973 223
7533 457
3006 427
6085 203
3006 451
6276 270
7991 365
4505 313
7881 212
1545 302
3131 505
3006 241
4529 284
7668 373
5487 406
743 267
5448 284
3131 151
1101 248
7296 311
1747 437
1270 326
3006 410
3131 208
1109 216
7533 249
1109 289
743 269
4837 175
6076 47
743 421
743 402
1545 199
7296 323
1443 284
3006 244
5448 126
1562 314
5130 465
3006 410
508 248
3006 385
3006 378
743 291
3006 194
1545 263
1443 259
6678 465
9358 190
3131 195
1545 411
1539 179
4236 440
743 310
1539 221
6586 232
3131 368
8820 240
3131 310
3006 373
3006 214
3680 225
4236 142
3006 404
2670 267
8292 279
5331 181
7053 274
1443 254
743 201
1335 447
1545 210
3006 331
8687 342
3006 158
7076 199
6028 144
3006 324
3006 218
1545 223
743 249
4236 225
3006 230
4294 191
3435 151
1443 428
3131 170
3006 284
743 360
2670 378
7973 284
6586 116
3131 289
6678 359
8012 113
3131 243
1443 137
3131 383
6678 243
6856 179
6678 197
1545 431
5448 201
6076 382
3755 160
