48 8
15 13
54 9
99 12
30 13
17 14
99 14
48 16
5 17
48 17
47 4
79 16
48 14
79 12
99 14
95 8
24 8
5 16
38 13
30 14
79 14
38 17
48 11
99 11
55 16
39 8
48 10
15 17
98 14
15 16
99 17
38 8
39 14
39 8
48 24
5 18
17 15
39 10
48 15
48 14
48 10
48 19
55 8
40 7
51 14
55 3
84 11
68 8
48 10
43 8
39 12
100 4
74 7
39 17
24 13
39 12
48 12
15 5
100 11
48 8
99 12
48 9
25 13
48 13
48 13
48 14
24 7
54 16
100 7
25 18
15 14
39 17
99 17
48 17
55 14
39 14
54 17
48 17
48 7
39 7
48 17
88 5
39 8
28 8
71 15
99 14
39 15
39 13
5 17
42 12
48 23
39 13
48 13
79 17
15 12
99 16
39 14
78 12
99 8
82 12
74 12
30 11
48 16
48 22
48 16
48 8
99 4
5 20
98 9
48 13
39 16
54 9
54 12
39 15
48 18
99 10
99 13
39 12
79 16
68 8
12 8
30 5
99 15
5 14
39 18
15 11
68 8
39 8
48 17
48 19
48 20
99 11
51 11
54 10
72 9
48 23
99 8
48 17
48 13
48 16
99 12
39 14
5 18
29 5
54 13
39 10
39 11
48 14
54 14
99 15
54 10
100 11
55 16
39 11
48 8
38 12
91 16
15 14
99 11
99 15
54 13
39 18
99 14
5 19
79 6
48 10
99 11
99 12
39 17
39 12
5 15
48 14
39 6
99 14
93 12
48 11
39 6
38 15
38 7
39 19
39 15
30 11
48 13
54 8
5 11
89 10
39 17
38 12
34 7
39 17
39 12
55 10
39 14
48 12
48 11
99 17
39 14
39 14
54 9
48 18
30 17
39 14
48 10
39 14
99 7
54 15
30 14
5 15
39 15
48 17
55 16
5 20
39 13
54 11
5 12
39 13
30 10
48 20
55 14
55 12
39 12
5 18
39 10
39 16
39 16
67 7
55 14
48 16
99 13
48 12
48 15
74 7
25 16
39 6
5 18
48 12
48 14
82 18
99 12
99 13
30 10
5 13
39 11
30 6
39 19
48 10
79 13
25 13
78 11
48 17
5 17
48 14
55 13
5 16
5 15
99 6
48 10
98 8
39 14
78 3
48 18
39 15
45 12
48 16
30 8
48 14
99 6
54 9
67 9
99 9
48 17
30 12
39 13
48 18
48 18
48 5
99 11
43 13
48 17
99 12
38 7
99 13
39 16
38 7
24 14
1 9
1 4
5 16
39 17
39 12
25 8
39 13
34 9
39 20
48 20
99 17
39 15
55 18
99 15
30 10
39 13
48 19
55 17
48 15
55 11
39 10
48 16
5 16
71 4
48 12
54 12
9 11
30 13
39 14
39 16
39 15
88 5
48 10
48 17
79 15
48 19
54 11
48 9
5 17
39 15
67 9
39 16
99 18
74 11
39 12
39 11
26 15
5 9
39 8
99 9
84 8
39 8
55 11
43 11
99 17
20 9
5 7
48 17
55 9
48 19
43 12
55 15
39 9
100 11
48 16
39 17
68 12
48 17
5 8
5 18
34 9
39 20
39 14
30 13
99 17
39 8
30 12
48 22
5 12
78 12
39 14
39 19
48 17
30 10
39 17
48 18
5 6
48 14
54 13
95 15
99 16
55 18
34 12
5 8
48 11
12 9
55 13
56 10
5 13
48 18
25 19
48 18
48 11
55 12
48 16
48 5
99 16
43 9
92 8
15 18
5 18
5 17
39 8
17 8
55 12
99 15
43 15
55 11
48 20
17 12
5 20
54 13
99 15
90 14
55 21
12 13
39 13
30 12
99 15
25 12
38 5
55 15
48 17
48 25
74 10
55 14
48 12
99 10
79 12
48 14
39 14
39 13
14 5
99 15
7 8
48 13
99 16
48 15
48 11
79 10
99 14
68 15
39 18
48 16
54 14
48 23
34 10
48 19
95 12
30 14
48 17
5 20
51 15
39 12
39 11
25 16
5 12
99 14
99 11
55 9
39 17
48 17
39 8
39 11
90 7
99 13
39 10
55 15
38 10
48 17
99 13
48 8
48 16
39 10
83 8
39 13
39 16
54 8
89 10
48 15
39 14
39 16
55 13
100 7
39 16
74 8
48 14
54 17
39 17
38 13
73 9
48 17
39 18
48 14
39 15
51 15
39 7
55 8
5 16
48 7
5 16
34 6
76 7
30 17
9 11
