1476 187
1281 160
999 180
2662 200
1031 237
2525 52
4163 91
2662 163
4714 168
861 152
861 110
2035 196
4362 134
2662 107
4449 85
4163 134
349 158
1476 124
1264 113
2662 225
999 164
2606 262
999 142
1281 121
999 112
999 230
4163 91
861 166
999 259
2662 279
1418 178
999 126
2662 187
2824 116
999 90
4979 180
2662 247
2602 126
2662 198
999 259
1476 249
2662 241
1472 162
1403 178
3814 262
1476 272
1714 116
999 169
646 113
2662 178
2606 181
2606 206
313 144
4714 147
1714 101
2606 100
2662 294
1476 222
1476 98
1746 129
3814 206
999 229
2662 206
2662 256
4163 137
861 156
999 169
2606 178
999 117
2323 104
1281 88
2662 280
2606 236
1472 84
1714 90
2602 208
1445 52
3044 148
999 159
1476 150
1312 127
975 121
4163 93
1476 156
4979 172
2662 126
999 150
999 154
999 232
2606 146
2662 207
861 123
2035 170
1714 64
2606 166
2606 101
4613 153
2662 224
2662 220
1476 148
999 198
999 179
2714 170
1476 112
1476 153
1476 167
2662 172
2606 151
2606 135
999 233
999 161
1403 166
2662 161
3814 201
999 169
999 233
2102 102
861 164
2662 130
999 174
999 176
2662 175
1331 181
4163 104
546 130
1931 124
999 140
4856 172
3814 182
999 128
4163 143
4979 259
2123 172
2606 146
2606 237
1281 157
3814 149
3814 212
2382 125
4449 104
2606 208
999 131
4979 181
2606 133
999 119
349 99
1429 90
2606 181
1031 182
999 156
2606 167
1281 154
2662 129
2606 179
3635 95
1281 138
2606 108
1476 109
2662 300
2662 151
1476 109
3394 72
363 70
1808 95
999 85
349 140
1007 74
1714 160
4714 189
2920 162
2606 258
3373 92
999 178
4979 149
1714 223
999 94
999 180
2548 136
861 190
999 269
4570 114
3167 83
2606 110
4163 225
861 186
2606 113
1476 215
699 158
2606 117
2662 121
2102 101
999 287
3814 182
2662 221
1376 111
2724 204
999 109
861 208
861 164
999 196
999 152
1476 135
1714 152
2606 171
4714 157
4449 102
2662 230
999 210
2606 89
1031 182
1714 123
3038 198
999 136
2662 310
1476 178
3814 193
1476 161
500 107
185 177
2674 58
2611 40
999 146
1476 163
1192 226
1476 192
3814 91
3814 151
1692 68
4979 144
2662 243
861 218
2606 177
4777 124
999 115
1476 203
2476 180
2662 155
999 153
500 180
2662 155
2606 147
1476 165
999 215
3814 275
1476 141
1476 125
1476 74
2606 95
4714 167
2129 95
999 116
4714 123
1476 112
4055 146
999 206
999 158
4055 126
999 251
2662 90
2535 88
2158 93
1281 176
2606 110
999 177
999 150
1476 108
2123 126
2662 222
999 226
2606 93
3814 172
1714 57
999 170
349 140
2662 244
4163 183
999 225
2048 161
999 197
999 242
1476 196
1281 132
999 233
999 225
2606 163
1476 108
2952 84
999 104
999 169
861 179
999 136
313 164
1476 150
1714 111
861 167
2035 131
1870 78
2749 124
4197 107
4929 125
2662 195
2662 242
1476 286
2606 158
1753 118
1281 163
4031 80
1714 107
999 100
3814 141
999 233
509 87
999 159
2662 115
2606 234
2662 219
471 180
999 176
3048 100
2662 230
2662 154
861 262
2662 134
1476 168
4684 115
1476 198
2662 218
999 149
2339 66
861 166
861 127
3814 195
2606 121
999 247
4449 155
999 180
999 230
4291 197
1281 153
2662 248
2662 164
2662 152
861 160
4240 169
2662 151
999 160
699 190
1471 78
4714 64
1192 211
4714 119
1281 155
2606 145
1476 97
2606 137
999 157
3814 222
349 161
1476 126
4449 104
2606 227
4714 189
4714 134
1476 152
4309 73
958 156
2048 98
999 215
1476 185
861 171
999 213
2033 188
1031 199
2662 264
1476 167
3814 52
4714 111
1281 168
3877 232
1714 126
2606 197
999 129
1476 148
1281 154
999 198
1281 226
999 198
861 165
999 138
2662 230
999 236
861 133
999 179
1281 127
2715 147
999 204
1777 98
2476 50
4979 190
313 212
2035 219
999 156
2662 193
999 151
1714 215
3877 183
2602 149
4979 115
2606 136
999 137
1931 150
2662 225
1327 149
625 105
999 181
1471 155
1476 181
3667 81
546 92
1031 98
1476 236
861 182
2606 237
2606 215
4163 158
861 138
4163 139
4055 110
1714 74
999 156
2606 202
999 149
4031 208
1476 117
999 186
999 169
4291 107
999 156
2920 91
1476 175
2476 153
4714 140
1281 122
2606 206
999 216
999 252
2606 84
1995 218
4163 144
999 203
999 186
2320 135
4714 145
999 128
999 136
2782 253
4997 123
2382 146
1476 143
4163 134
1472 125
2606 251
2662 194
999 163
1476 109
2662 126
1370 169
2662 307
1418 201
1721 126
861 135
2606 139
1233 163
2606 169
2662 213
2662 115
999 295
3336 124
2370 175
999 184
2417 116
3814 193
3450 148
4979 205
2662 156
1476 221
999 89
999 165
1281 173
1281 108
1476 105
1746 130
4613 191
4365 118
999 168
2033 145
1476 212
999 224
861 208
861 129
1281 106
999 203
2662 233
2662 233
999 130
861 133
509 133
2606 120
861 166
999 93
861 163
2123 68
2606 203
999 192
3814 168
1031 191
2606 181
2370 141
2606 179
2606 136
2606 154
861 90
999 175
4714 139
2048 141
4163 168
2662 162
2662 169
2662 254
2370 181
500 162
3574 169
2606 131
999 134
999 222
1472 146
2662 202
4714 103
999 153
1476 144
2611 168
4979 248
1476 211
1192 143
999 104
4714 230
2606 193
2606 178
3489 93
2662 238
2606 197
999 176
2662 195
2602 116
2662 236
3747 170
4714 204
2556 124
999 135
4163 149
999 228
4714 130
1476 183
1988 131
3884 185
3540 82
1031 262
4163 151
999 145
999 185
4163 157
2662 189
861 199
4546 107
4979 210
1476 135
1680 105
1476 159
999 182
2606 208
3814 193
861 184
2662 126
2662 115
2662 118
999 117
999 227
2126 136
999 117
1281 145
1476 165
3814 175
999 156
4612 162
999 144
263 225
2824 65
999 91
2760 105
2662 273
2662 214
999 223
999 205
999 113
1281 123
2606 126
4161 157
861 138
2646 130
999 197
2662 222
999 149
3814 160
2662 242
999 244
999 123
2602 215
813 233
2662 179
4714 142
3368 161
1476 151
2662 213
999 186
861 106
2606 149
2662 213
999 127
3463 187
626 96
2602 170
999 145
861 147
2824 155
999 173
1476 170
2370 84
999 90
1376 120
4031 82
2606 184
1472 122
2606 167
3814 120
999 125
2606 153
313 219
999 159
2662 247
1281 178
2476 51
313 213
2662 125
3814 245
861 202
1192 264
1281 240
999 191
2606 193
1476 132
999 162
313 97
2662 157
999 132
3258 115
2662 257
999 289
1476 170
363 85
1281 133
999 189
999 233
4163 122
1714 120
2606 118
2606 198
2662 160
4163 132
861 110
1476 134
999 212
2606 254
782 192
2662 230
1476 84
2662 115
2662 223
63 126
2920 199
999 133
2606 159
4163 118
2102 113
1029 130
3814 87
4362 100
2606 194
999 134
1471 116
2370 112
999 186
313 160
999 111
999 213
999 118
2523 177
4003 133
999 244
999 241
4505 259
999 193
2606 146
4856 132
1281 182
1281 150
4936 147
1832 136
999 111
1192 137
3814 155
2662 192
2662 145
3814 149
1031 230
999 198
1476 194
999 218
2662 153
1714 191
999 181
999 169
999 184
4714 161
861 197
999 161
999 222
1476 137
4163 150
999 164
4163 84
2606 75
2662 218
4979 119
999 189
2606 92
2662 168
708 102
1476 141
2662 111
3814 200
3394 105
861 100
4449 117
3450 139
861 180
2102 93
999 220
861 139
1031 176
1100 153
999 140
1714 56
1476 121
1476 99
2606 157
999 191
1476 167
2662 142
1714 134
2662 214
1376 102
2760 159
2662 123
2662 101
2662 294
2662 220
2476 153
1031 221
1476 101
4714 113
999 198
2662 234
2662 124
1714 80
2662 244
3814 184
1476 146
999 162
3814 228
4163 120
999 159
1281 143
999 210
1472 110
4979 81
999 179
2662 249
4777 191
2724 111
2048 164
999 234
999 226
1476 93
3336 96
2606 142
999 269
999 169
4707 97
1476 181
999 182
2662 203
2606 163
2662 191
999 190
2662 260
1714 62
2606 173
4777 183
999 182
4671 107
3814 176
95 152
4979 211
1476 229
3814 128
60 83
1714 115
999 216
2662 164
2048 86
1471 170
760 98
1281 133
2630 114
999 133
554 31
1476 193
1476 156
4714 217
2662 310
2662 213
861 101
1476 156
1446 220
2662 203
313 116
3336 124
999 211
999 145
861 170
3814 170
4684 102
2662 144
2662 144
1281 123
2198 90
1714 150
2048 164
2662 183
999 130
999 181
3814 210
999 160
2662 158
2662 180
3814 176
1714 163
1995 157
2662 194
1472 212
2035 151
2035 162
3814 102
2662 154
2606 173
2606 132
1281 168
3814 130
161 142
1476 138
861 138
3814 139
975 135
1808 76
999 171
1226 124
999 250
60 203
1753 70
2606 172
4806 157
4080 157
999 158
3814 177
955 117
999 243
2662 250
1476 133
2821 191
999 196
2662 233
2606 144
3038 186
2662 213
2662 231
999 158
1281 142
2606 166
999 157
1476 148
1714 115
3814 138
3336 88
1714 241
2662 200
999 184
999 162
2662 129
999 151
999 176
699 187
1777 96
999 162
3814 143
2662 308
861 249
999 209
4650 115
4449 121
1714 170
861 212
999 128
4714 163
500 238
4856 71
861 124
999 92
1476 226
2606 139
3814 258
4644 87
1714 109
999 170
1714 214
2606 161
2606 93
999 125
2662 83
2662 277
3450 116
1476 119
1476 96
4717 132
2606 82
4163 150
999 204
4163 154
4163 105
999 193
1476 146
861 119
2048 146
999 260
313 69
4163 96
999 181
2662 179
999 202
2662 133
2920 153
663 96
1281 137
999 149
3814 130
999 171
999 231
2662 151
3814 160
2606 172
999 198
2606 257
999 177
2662 199
4309 129
4997 69
4163 173
2662 106
999 211
999 171
999 248
999 222
4856 166
1281 163
1441 184
999 134
999 220
500 239
999 148
999 123
2662 180
2606 161
2035 79
2662 232
999 145
2618 208
999 164
999 225
2606 205
4163 162
1808 121
999 134
2606 166
2662 209
1281 163
2606 136
4163 177
2662 195
999 148
999 195
2606 167
999 199
3814 166
349 149
1714 121
1476 120
2606 135
2662 231
999 165
2662 222
2606 164
2662 259
999 211
2165 221
1476 157
471 178
1281 42
4163 137
2606 185
4003 112
2662 186
3336 165
2198 181
2662 252
999 127
3814 80
1476 198
999 200
1476 130
263 209
2662 180
1472 119
4979 105
1559 70
999 291
1281 166
2662 138
2606 68
1714 91
1402 105
1476 222
389 171
999 184
1281 128
999 156
999 164
1281 178
1476 173
861 143
2662 140
999 131
4777 158
861 165
999 196
999 117
999 87
4714 141
3814 117
1281 141
999 271
3208 206
313 119
999 153
2662 166
1476 138
1694 98
4231 151
3814 226
4163 187
999 200
2662 247
2662 226
1714 74
4002 185
2662 161
999 150
999 122
1476 128
2630 83
2606 68
2662 193
1226 133
4163 99
2606 220
4031 126
999 163
999 156
1714 129
999 250
2662 164
1281 157
1476 186
1281 190
500 119
1714 159
999 218
3814 211
4163 65
4693 141
2662 304
999 132
4979 220
999 249
2606 158
313 73
4979 131
999 209
2606 190
1281 133
4714 123
3945 112
2662 277
2606 109
2662 160
2662 197
1714 148
2662 225
2048 83
999 123
999 115
999 195
2370 110
2129 94
2523 158
999 166
865 140
3814 224
4979 207
4684 137
2602 187
999 145
999 149
4031 139
2662 113
2662 125
1476 162
2662 257
313 132
2662 295
3814 150
1192 211
861 116
1376 119
1376 190
2606 160
2662 281
4714 127
2662 165
1714 169
1281 152
1808 90
861 104
4714 113
2662 171
999 132
1281 195
4777 182
1008 143
2606 142
2606 226
2606 70
2606 158
3814 228
861 204
1714 103
1281 166
2662 217
1476 176
1281 163
2602 107
1476 204
1476 134
625 75
999 271
861 88
4570 151
4546 96
999 206
999 143
192 120
999 183
1476 132
2606 95
4309 167
4493 134
567 125
2569 162
1476 111
4309 59
2662 173
3814 202
999 215
2606 141
4714 79
4714 169
4163 113
2606 144
313 83
4693 156
4163 83
1476 154
2662 273
2606 169
999 104
1402 109
4979 184
861 121
2662 182
2602 171
1376 123
2606 197
2662 268
2606 213
1031 204
2602 232
1008 84
2662 219
2662 305
2102 60
2606 214
1940 150
999 179
4979 166
4979 142
4031 108
2606 156
3814 163
4979 162
1808 183
861 171
3814 191
1031 229
2662 266
999 80
999 189
1029 138
955 200
4714 189
1476 184
1476 139
999 170
1476 213
1472 53
2606 213
407 85
999 175
999 211
999 192
458 68
2662 220
2606 164
2662 286
999 201
1476 148
2611 148
4979 170
2662 87
1714 236
1281 197
2606 127
4714 124
999 255
3814 150
4449 143
2662 191
4309 150
999 245
999 139
999 147
4546 110
1476 134
999 136
999 201
999 238
1226 129
2328 202
1226 51
999 106
3624 150
999 277
2606 286
517 138
1471 151
437 115
2662 194
999 125
999 170
999 146
4163 148
861 209
4812 145
4449 138
4856 147
2606 109
2602 189
2370 195
2659 196
2102 202
1808 157
2505 144
999 265
999 138
1476 157
1476 168
2606 304
3933 197
2662 230
2662 145
2606 133
999 183
1281 83
4656 65
861 117
2662 124
999 327
1753 74
2662 213
1066 195
861 198
4449 127
3413 123
999 130
2606 135
4714 163
2662 118
4163 126
3814 187
999 304
3814 154
999 211
2662 109
999 152
861 135
238 133
999 98
3781 134
999 183
4163 95
2662 231
999 178
3814 210
3814 159
349 180
4570 119
4324 185
363 135
1080 127
2606 79
2662 253
1281 163
861 222
2102 108
1476 187
1476 107
4263 192
2606 263
1476 104
4163 172
999 201
313 151
2606 145
3450 129
2662 198
2606 98
3814 240
999 202
861 150
363 211
4003 63
1714 160
4613 183
2606 163
999 182
999 192
861 228
999 156
1476 129
861 153
4433 62
2396 160
1714 209
2920 117
1714 118
999 197
4979 210
2920 87
999 281
3336 102
999 237
999 181
4714 180
2102 141
1281 160
4449 119
2606 181
2676 113
1714 121
2606 141
4979 126
999 142
4979 127
2602 152
999 163
999 160
4031 122
999 192
2662 221
2662 255
999 190
999 212
3072 153
999 179
999 193
2657 179
1808 95
861 126
4163 143
2606 115
999 149
999 181
2606 167
955 128
4714 170
999 186
2821 171
999 200
1995 244
2606 170
3814 171
2662 180
999 213
626 115
1476 194
999 173
1328 118
4436 163
4309 108
1281 90
611 166
4714 166
1471 196
3336 182
999 200
999 260
4371 58
2035 221
3814 162
999 177
999 217
4163 138
2606 258
999 227
999 191
999 184
2662 158
1476 136
4449 99
999 235
2606 160
1476 100
2602 103
1281 186
1029 126
2606 84
2662 223
2606 128
1714 158
1476 217
1476 205
2662 201
999 178
1911 81
2662 230
3413 149
3180 46
4714 185
1331 146
2662 147
999 207
2606 167
1476 220
3814 160
2662 162
1808 181
2662 144
2606 180
1714 164
2662 271
3170 147
999 222
2606 166
999 140
2606 118
861 150
4979 172
2920 111
1634 121
2606 130
2662 191
2662 248
2662 262
1476 134
2606 102
3450 146
1714 153
3744 103
2606 135
2123 91
1476 134
2734 106
2662 203
2606 171
2606 130
999 183
4163 144
4163 156
2662 215
4163 141
238 117
2662 226
999 162
2606 108
999 97
861 140
3814 118
2662 307
1714 114
1476 179
1714 138
2662 208
1281 138
1476 111
2606 244
999 136
4979 207
861 47
313 100
861 141
1753 114
1476 200
1476 140
458 117
4031 89
955 174
2662 171
4163 184
2606 193
2662 248
1809 89
999 87
999 89
999 228
4031 105
4546 194
999 233
1476 124
313 159
2662 238
2606 212
4546 89
1281 170
2048 86
4714 89
2662 230
1004 212
2048 125
1476 161
999 183
2606 210
4979 173
4163 111
2606 174
999 210
861 79
437 183
1281 81
1472 121
3814 206
3814 142
4979 180
3814 176
1714 149
4856 132
2662 238
2048 139
509 118
1476 165
1031 207
4109 87
1476 149
999 205
1714 132
1100 198
500 77
861 154
2606 72
2662 201
861 134
4979 263
3336 148
1900 90
1476 234
1331 155
999 138
2606 143
999 167
349 114
861 226
1476 98
999 215
699 82
2662 228
4031 142
1714 141
4714 103
3814 194
3336 126
2606 165
1476 187
4163 148
889 126
2662 234
1226 59
1476 147
1281 124
2662 180
4979 125
4979 222
1714 174
861 203
2824 129
2606 117
2606 187
2606 220
1714 117
2662 145
3021 138
1476 224
3336 103
4979 172
861 135
4979 134
3814 201
4449 114
2048 241
517 98
2606 223
4031 105
861 245
2662 260
4714 174
999 258
2662 282
1476 106
999 171
2662 207
4676 112
2724 184
999 158
2606 121
2035 209
1281 179
1281 163
2154 209
999 156
3814 188
2606 130
999 233
2606 190
4291 154
955 206
999 224
2606 202
4684 81
2662 201
1476 169
999 226
861 179
4163 217
2606 137
699 58
1472 75
1281 144
999 267
2662 263
2602 134
2606 194
999 111
2606 120
2606 151
2606 239
2606 173
3021 66
2606 183
2662 176
3814 100
2495 178
2662 156
2662 155
2662 195
2606 177
999 142
2662 137
999 255
2662 221
1714 168
1226 137
1714 134
2048 167
999 157
2662 164
1331 140
999 147
2662 127
999 209
421 128
2662 245
496 87
4163 150
2662 165
2662 139
2662 320
1476 143
349 225
1995 208
999 154
1476 112
999 228
999 155
635 55
999 252
2662 259
999 157
1714 241
1281 213
999 164
4505 201
999 137
999 126
3814 172
1281 168
4979 135
2606 81
2606 148
2662 229
999 188
2606 275
999 216
861 204
4291 89
3711 67
999 189
999 168
999 159
2606 188
999 168
4163 153
999 209
4714 139
999 116
2724 138
1031 213
2662 121
2662 229
999 87
1777 125
2662 132
2662 181
4163 163
385 36
3814 269
2606 217
2606 184
999 158
1476 212
4563 108
1476 123
1714 101
2662 242
2662 284
2662 124
999 154
2606 180
1476 125
2662 230
2606 171
2662 85
999 133
2123 178
2662 264
2606 144
999 175
999 272
975 115
2662 269
1752 96
437 74
3814 177
2535 108
1192 77
3814 203
4163 117
3814 224
999 110
313 125
2662 244
2606 142
2606 148
2606 114
2606 151
3268 155
1639 168
2548 153
999 188
1476 134
999 171
861 110
4163 168
2662 270
4714 121
1226 134
2606 135
458 139
1476 136
2662 89
2662 136
999 223
4437 94
999 161
2662 227
3814 198
999 201
1476 114
4714 155
3814 120
999 228
2606 187
999 121
3422 127
999 151
2662 220
2606 207
600 178
3336 73
3814 199
1513 132
1714 71
1281 155
2606 179
2662 234
999 176
4031 228
4163 164
861 240
999 221
2662 229
1476 121
999 228
2662 125
2602 236
999 105
2606 238
2662 289
4714 179
4592 116
2662 218
2662 175
2606 153
999 183
1476 118
999 176
999 155
999 236
2662 211
4613 152
1714 145
861 137
313 112
2898 103
2606 148
4050 142
3021 128
2662 204
1281 145
2662 228
1476 108
2606 168
2662 285
999 222
2662 182
2662 327
2606 238
1281 278
3838 81
2662 88
1331 134
2662 227
861 109
4714 117
4163 131
861 248
1226 163
999 184
1476 99
999 116
2662 247
2479 114
999 163
861 250
4777 135
999 126
861 165
861 136
2606 138
999 134
999 133
3038 137
3814 185
2662 243
443 105
999 156
861 179
313 114
4163 118
861 203
2662 171
2662 127
4684 172
4714 68
2662 169
2662 261
999 224
4362 141
999 109
500 111
999 86
4714 98
1476 142
999 113
313 128
4163 200
999 213
1031 242
2606 158
999 196
1714 159
1476 124
3814 103
3814 237
861 124
861 91
4714 140
2606 89
2606 282
999 237
2606 194
1252 176
2662 183
999 247
4979 174
999 165
2606 255
1476 98
2606 180
999 153
2662 151
1752 42
1476 103
1714 98
999 199
999 113
2606 282
1281 176
999 178
4163 151
1476 184
2662 71
999 227
3450 184
999 164
999 246
2606 267
2916 167
1563 113
4714 126
2662 127
2662 211
1331 143
1281 175
1281 128
2602 176
1714 83
2606 179
4512 223
3814 150
4856 88
363 93
4979 175
2821 207
999 98
2606 145
861 184
1476 107
999 180
2606 145
2724 91
4714 124
1714 168
4979 215
3814 215
349 67
999 111
999 183
1226 119
999 135
2606 169
2606 166
999 126
4449 110
386 119
999 281
2662 191
4163 145
4031 136
999 93
861 197
4714 141
3497 79
2662 263
3336 209
861 124
2662 236
1281 165
1476 174
2102 106
2630 103
3814 162
861 189
2662 252
999 125
1281 203
2662 250
2606 258
2662 230
1639 95
4172 79
999 223
2920 155
1563 103
999 150
861 179
2382 85
999 130
3450 178
4163 177
437 123
2535 78
999 149
1476 187
861 140
1785 136
3814 194
1029 189
2662 196
2662 289
1281 105
999 211
4163 140
999 227
2662 253
2920 57
1714 197
4163 191
2662 262
2035 170
2662 250
2035 215
4031 178
999 113
1714 151
1714 276
2606 130
3038 148
3422 205
958 99
1281 174
2662 220
1281 165
2896 168
1714 82
2662 218
999 216
861 151
999 171
2630 145
1714 116
3814 177
363 147
1476 184
1476 174
2606 161
1281 123
1476 92
999 168
3814 107
999 153
3814 139
4449 93
1476 194
3914 145
2662 173
4124 119
1281 124
3814 130
1281 170
999 223
999 243
2662 195
4362 60
4979 215
999 226
2662 131
4693 99
3814 165
1226 99
999 195
861 132
10 84
2662 266
1281 109
2662 249
2606 139
3192 209
2760 153
699 131
2606 127
999 241
4979 120
999 215
626 50
958 145
2606 112
2662 184
999 206
2662 204
2662 233
2662 63
407 101
2370 219
1472 134
999 164
4979 155
1182 86
861 107
2602 200
2662 94
349 57
1226 114
2606 200
2602 70
1031 222
4979 212
999 205
2662 211
2662 330
861 166
2606 107
2606 168
999 159
861 156
999 207
2035 208
2662 236
1281 166
999 286
1777 89
4163 162
1476 161
2476 184
2602 174
2662 66
4163 99
2606 94
2662 251
4714 179
2392 93
1476 105
4979 185
861 126
4163 161
2606 154
1714 117
999 211
2662 176
2662 269
2920 117
999 252
1476 101
349 182
999 263
2662 227
3935 94
999 157
2824 164
1940 172
2662 164
999 165
999 129
2662 112
999 189
1446 207
313 131
861 171
546 62
999 142
4512 123
861 176
999 190
2662 240
1192 136
4714 177
1281 137
999 156
2606 205
4163 150
2606 133
4856 155
1979 127
2035 121
4979 116
1476 229
999 162
999 96
2662 206
861 109
999 138
2662 221
999 247
1370 62
3814 181
999 127
2370 123
4979 133
2606 192
3814 147
4714 97
1476 141
1476 214
999 128
861 152
4714 134
2724 103
2606 147
999 175
3814 129
1714 70
2662 154
999 116
3814 221
2662 217
2606 151
313 155
313 102
4979 82
999 120
4979 134
2662 224
500 87
999 146
4714 112
2606 234
861 110
999 198
4240 189
999 250
999 140
1331 73
999 170
1476 169
999 169
999 212
313 150
2662 115
3814 151
1809 167
2662 297
999 111
2662 170
2606 55
999 212
2606 205
1714 134
2102 83
4449 113
1476 166
999 188
2662 101
2662 195
2606 167
4979 220
4163 231
2662 195
1714 154
861 211
2606 189
999 112
4979 175
999 92
999 125
2662 254
3814 191
2662 186
1476 265
999 185
1476 196
1476 221
1281 143
3814 280
2123 113
269 97
999 217
999 112
3814 177
1852 48
2495 226
2606 136
1476 169
1840 258
2662 134
999 181
999 269
2920 92
3814 150
999 168
999 232
4163 87
1476 156
4546 117
1429 88
999 120
2606 170
4163 180
999 199
2662 203
2535 131
1476 221
1417 148
2606 201
861 150
861 87
1476 136
999 159
2602 106
1476 128
861 110
861 162
3072 181
500 184
999 205
2495 70
861 145
2662 180
2662 241
999 251
4309 195
1638 134
999 206
3814 189
1476 109
4777 152
1445 134
4856 118
1476 174
4979 144
4371 175
1476 159
2662 72
1281 158
958 77
2618 210
3259 131
1714 222
3814 114
4163 99
999 179
4163 95
999 209
2606 155
2606 101
2662 299
999 113
2662 138
4163 125
1476 138
1476 106
2662 217
2662 113
2602 230
2606 296
4163 142
2606 109
3814 175
4449 72
1031 218
999 196
2123 141
2662 91
313 194
3814 202
2662 187
999 147
3814 176
3072 189
4714 186
3814 152
2606 85
1281 177
2606 211
2606 187
4777 174
313 104
2662 271
2662 235
999 116
1281 101
1226 141
4714 175
999 149
999 110
2662 228
1031 232
1495 248
2048 88
3450 98
3814 223
2602 119
1476 160
4163 182
861 123
1031 193
313 126
4291 40
999 221
999 219
2662 195
2662 186
2662 291
4936 206
2662 191
4031 162
1476 213
2662 195
999 200
1281 90
1281 213
1476 136
1663 119
2662 189
999 134
861 130
2606 184
1226 74
1476 139
4714 128
2920 50
4163 130
999 182
861 174
2662 187
2606 188
861 176
999 161
3097 35
1281 131
999 174
1476 153
861 164
1808 111
999 295
2476 198
999 260
861 164
3814 205
1281 123
1476 190
999 99
3814 224
1281 231
2662 262
1476 185
861 144
4714 166
999 238
2602 104
3048 77
999 87
999 140
999 272
4979 89
68 231
2662 142
2662 127
2662 217
4163 110
4050 170
2662 167
349 55
2662 127
889 95
3450 126
4163 160
3336 129
999 151
999 198
4936 116
2662 182
2920 96
999 265
2662 236
3814 180
2662 273
921 186
2606 180
1476 176
1476 151
4412 151
4714 153
999 127
2662 148
2662 133
2602 118
2662 198
2662 270
66 158
4979 142
4163 150
1714 138
4979 180
999 266
3814 195
2606 157
999 192
2714 251
999 239
1714 153
861 213
999 304
999 159
999 249
1331 121
4163 109
1714 117
2662 298
999 242
1476 227
2824 151
2662 222
1476 182
999 152
1476 160
1476 163
2602 197
2606 182
2662 175
999 123
313 180
4163 151
2662 120
3767 126
999 272
999 143
999 144
2662 210
2606 156
999 228
1376 129
2606 247
3814 155
4163 100
4979 265
1714 136
999 115
2869 215
999 167
2008 141
2606 152
2662 270
861 201
1476 204
267 109
2662 181
2662 245
1714 93
2606 217
999 124
4449 100
1476 99
1471 143
1714 229
3021 99
999 208
2102 52
500 186
2812 145
3038 87
1476 150
1281 221
4449 137
861 166
4163 173
2662 272
1931 111
2606 125
1714 125
4031 164
3814 194
1476 136
2662 91
313 79
861 114
999 232
999 163
2390 126
1809 222
1281 202
999 236
2606 231
2606 172
2662 223
2602 203
2662 322
2662 226
4163 157
3422 72
861 189
1331 96
4163 100
3690 79
999 146
4979 181
2606 119
1476 134
2606 201
999 150
2606 267
2606 124
1281 187
2606 171
999 160
2657 213
3814 176
999 184
2606 141
999 151
3522 85
3814 172
2662 281
4542 162
999 250
2102 104
2606 210
4714 145
999 142
861 152
4979 143
999 235
4693 135
1476 118
1476 112
2602 96
2102 160
4362 106
999 219
2662 243
2370 142
2390 64
1476 118
2662 208
3814 174
1476 236
999 92
4163 155
999 158
2606 115
999 125
999 134
2662 121
2606 111
1226 118
2662 96
999 198
4291 83
2662 264
1476 232
192 126
999 151
1476 54
999 182
3814 187
999 175
999 241
3683 90
1476 104
699 157
4163 122
861 200
999 149
999 138
3132 146
1476 235
2662 211
2662 121
4546 146
1007 113
999 123
999 264
2662 275
999 129
1281 287
2662 166
999 236
1714 138
1911 131
2662 162
1714 161
2920 75
1476 168
263 60
4613 191
389 170
2606 168
2662 246
1808 209
999 168
2662 223
1281 263
2662 188
2662 228
2606 180
4163 128
999 194
500 188
1746 109
999 193
2662 246
1476 141
4163 124
2952 48
3814 271
999 166
999 182
4979 195
999 209
2657 151
2662 92
4050 133
4546 145
1104 81
861 107
1281 144
4714 122
2662 261
1402 78
2662 168
1008 110
1281 126
999 167
2662 267
1281 252
999 124
4613 175
2606 110
2662 140
861 127
1376 137
1031 207
3336 74
2606 219
2606 135
2662 239
3336 91
2662 121
4003 179
2662 239
2724 85
1281 159
2662 192
999 141
2714 193
2662 244
999 297
999 122
999 179
2126 191
999 221
2602 264
999 120
2602 147
1694 82
999 138
1429 145
313 107
2662 115
2662 218
3048 138
2662 93
999 119
999 115
1476 139
2606 199
2662 233
3814 160
1472 100
2662 243
1547 106
999 133
861 209
1281 101
861 157
1714 117
999 276
4979 94
3021 117
999 154
1472 77
3877 197
257 34
3814 156
1281 183
2662 243
1281 166
999 188
999 95
1476 283
2662 149
999 213
3814 221
861 212
2662 294
2662 120
999 128
349 116
4118 93
999 128
1900 73
2662 272
3814 217
2896 104
3336 85
1100 173
999 80
2048 227
999 203
999 163
4309 160
1281 191
889 87
4714 121
4979 261
2662 177
706 116
3336 122
999 207
2606 101
999 220
1418 155
999 196
3814 106
2662 254
2606 118
999 188
2662 127
2048 148
2662 156
2035 213
4224 151
598 166
1476 142
999 270
861 173
2606 172
1476 226
4197 157
3814 186
999 184
999 101
2662 250
2606 141
999 149
861 121
1281 131
2048 144
861 141
1029 127
2662 204
3814 244
861 151
2606 150
999 155
1029 115
4979 194
4163 119
1714 135
4163 159
2606 153
313 202
1476 167
861 141
999 98
4979 120
1403 133
861 179
999 207
999 143
2606 133
1029 79
3814 218
999 162
1402 106
2048 109
4362 157
313 113
2662 238
1714 134
4163 174
2048 92
2662 301
999 194
349 189
1632 170
1031 188
2662 241
2920 91
4362 185
4546 163
670 194
999 206
1281 249
2662 122
999 193
861 185
2674 155
999 250
1476 178
999 302
4163 164
999 125
1281 148
2476 109
86 117
4163 203
861 248
1476 139
2662 178
4676 241
4449 130
861 166
2662 178
861 148
999 160
1476 161
4979 163
2662 224
1714 152
4856 134
2602 164
999 275
1281 218
999 124
2606 115
1281 244
2606 149
2662 216
4714 231
999 167
635 87
999 194
999 128
1714 251
999 120
4240 226
2662 147
1476 163
861 159
4163 161
999 286
2606 177
4856 123
999 164
3422 152
999 211
999 196
2606 53
313 178
1476 164
999 293
4714 194
1714 115
999 136
2048 189
999 128
4856 129
4163 148
3635 128
349 142
2662 97
4163 97
1714 152
1476 186
2662 221
999 164
3814 140
4163 140
3021 219
1476 142
2714 156
1808 121
2662 158
999 150
999 163
4777 212
2123 203
2662 265
2102 135
1832 179
3814 144
1476 159
1714 177
1252 124
2606 161
3814 79
3814 154
1476 217
2662 270
785 193
999 248
1281 115
1192 228
861 192
349 182
1476 259
999 326
1281 171
999 172
1331 109
4309 193
999 148
3814 121
999 222
2662 300
2123 181
1476 186
1183 196
4714 157
999 186
1376 180
4163 163
3187 136
4031 142
1100 205
2102 79
4856 130
999 107
2606 139
2662 233
238 144
3814 205
3814 265
2606 149
2606 196
1476 148
4263 214
500 201
1476 157
1281 130
999 167
1472 140
3814 192
2662 102
999 119
1476 252
2662 147
2606 125
861 172
999 172
999 164
999 251
2048 139
2606 136
517 174
999 177
4714 168
999 186
861 167
999 144
2606 207
3814 174
999 225
2606 157
999 148
999 171
2662 168
3814 156
861 130
3814 122
4358 152
2662 270
2606 164
4 123
999 200
1281 150
2952 173
2662 208
4163 173
861 169
4714 184
4163 169
2102 179
2602 132
1281 155
1418 114
1476 179
517 133
1476 131
4449 71
1777 97
2662 243
2952 90
999 225
861 237
2662 233
2662 268
2662 293
2662 244
4163 197
2606 153
999 148
2611 158
861 174
1476 159
2606 127
1281 179
2662 138
2198 197
1476 149
999 96
1476 152
4163 147
861 202
4163 121
2825 190
1476 153
471 233
4163 130
2606 168
999 216
2606 125
4979 153
2662 132
2662 213
861 219
500 61
2662 182
2662 246
1007 99
999 64
1281 210
4979 139
1714 92
2606 110
4979 182
2123 162
1476 159
2662 226
2606 188
4979 167
4163 140
999 149
1281 126
861 179
2630 89
4714 119
2611 149
999 119
1226 211
3814 251
2996 170
2606 119
1281 164
861 176
2662 269
999 176
1777 156
1777 94
4291 106
2662 167
1476 107
2606 210
999 91
4344 170
2662 137
3814 207
999 117
1476 111
2662 238
2662 169
4163 174
999 198
861 148
4163 109
4850 196
2662 259
437 235
999 171
999 215
999 152
861 150
1714 220
861 138
1281 127
4163 185
2606 151
1020 76
4055 199
861 169
999 113
2662 232
999 124
999 170
999 96
2165 144
2606 156
1476 154
2662 118
2606 231
4163 134
1476 108
4291 116
861 161
2662 175
999 142
1714 130
3814 224
4291 125
2606 127
2662 213
861 190
2662 91
4714 121
3814 131
1182 151
3022 111
1418 197
509 116
1327 105
3814 212
4362 138
2653 155
1714 169
999 152
2569 113
2662 239
4714 128
999 278
1476 152
999 156
3038 87
1281 149
4856 196
2662 219
999 100
3814 199
4031 121
2662 211
2606 121
4714 240
2035 187
3814 73
861 158
2662 157
2662 247
2606 215
999 217
2606 156
1471 62
2920 106
999 195
999 203
3814 153
1180 164
3814 167
4546 106
2662 193
4979 172
999 238
2606 140
1714 137
1714 139
2606 122
1476 185
2657 173
4449 102
999 121
349 137
999 150
1281 173
4714 155
2535 37
1476 149
2662 117
1808 142
1476 140
2102 73
313 77
1714 118
2662 262
2662 117
3021 79
2662 206
999 127
1471 140
1281 118
4163 183
4979 160
1777 151
2662 185
1476 196
1714 123
861 170
999 202
2662 235
2662 221
2606 114
2662 251
1281 194
1264 96
313 138
2606 250
861 166
861 174
1476 149
2606 186
2662 330
999 267
999 183
2030 121
2606 89
4291 78
1476 116
1226 165
1476 251
999 148
2662 174
4858 118
4979 193
1476 151
999 212
4856 126
1031 230
2662 204
4979 157
4714 83
2048 116
1281 181
4522 100
2606 123
2602 161
1476 146
2035 150
4512 158
1476 227
3814 201
2662 119
2123 211
999 219
999 154
2662 184
4714 135
999 168
2662 179
2920 165
1281 104
2662 121
2662 296
4174 126
999 167
999 260
4714 133
617 191
4546 194
2662 230
1476 136
2662 251
1476 141
999 132
4714 151
999 184
3450 90
2198 193
999 225
999 76
68 118
1476 153
999 193
1476 178
1476 159
1441 111
4979 153
2662 260
2606 179
2662 165
2606 233
2662 139
4714 119
999 244
2606 190
3165 126
2606 118
861 154
4613 172
2606 88
4693 91
861 113
975 142
2662 188
2662 228
1714 119
4714 127
2102 67
2606 151
1476 179
999 147
4163 200
2606 178
999 162
1403 68
2606 193
4031 120
1476 132
2662 174
4291 67
999 156
1476 91
999 167
861 120
999 232
4714 145
999 146
2662 237
2662 51
699 117
1995 183
861 139
999 138
999 227
1714 166
2606 166
861 165
999 244
1331 136
2382 115
999 237
636 114
4163 202
1476 181
861 130
2662 131
4676 127
861 161
4163 132
1808 116
2662 224
2606 171
2606 110
999 174
999 140
349 122
2662 157
1905 185
2606 140
1031 201
999 222
4856 200
4714 148
2606 147
2662 237
2360 140
764 84
1281 253
2662 238
699 132
313 115
2523 131
1476 176
3814 177
2662 260
861 136
1476 144
766 85
2035 229
3814 272
772 168
4163 126
861 130
2606 91
999 54
2662 155
1931 49
1632 100
3814 112
349 174
2662 178
861 164
2662 131
999 178
3038 127
1476 169
999 277
349 119
2602 127
4163 191
2606 91
865 87
3814 212
4979 188
999 184
4546 71
3814 183
1226 135
999 168
2662 237
2320 129
999 124
1714 151
3814 163
999 226
999 194
3814 176
861 123
349 164
2662 169
4449 87
999 103
861 247
2662 233
2606 145
999 295
1714 154
4979 219
999 196
4777 186
2662 195
819 132
2711 226
1714 138
999 160
999 120
3814 166
4979 142
861 230
2662 239
2920 77
2198 191
3814 154
4717 109
2606 117
999 285
999 179
2662 242
1472 99
2662 249
999 219
999 170
999 207
4714 125
861 238
2662 138
2674 205
4714 205
2824 96
1007 100
4676 97
999 79
1714 131
4365 97
2662 237
4714 123
2662 212
1476 113
2662 213
2606 134
2606 157
3450 73
1840 183
3814 185
313 162
3797 196
1714 115
2606 118
999 173
2662 183
1476 155
4163 118
2662 237
2662 210
4714 167
999 190
3814 139
4163 130
1476 154
2606 188
1714 151
2606 85
3336 146
2662 135
1031 186
999 232
2048 137
999 151
861 172
2606 196
999 137
999 173
313 115
999 278
3814 98
1476 123
861 152
1226 105
999 129
2662 215
999 210
2606 200
3814 178
4979 220
999 235
3336 151
2606 142
999 194
2606 179
1281 163
999 157
1476 132
999 158
4714 234
999 131
999 211
4449 70
2606 192
2920 84
2662 176
2485 172
3814 172
3336 46
4031 76
1476 165
2602 80
999 143
1476 183
3814 164
2048 183
313 74
999 235
2328 141
999 214
2662 163
1472 90
999 144
1714 172
1714 136
2662 249
3814 117
861 102
861 228
2662 226
2102 119
313 86
635 108
3021 83
999 254
1476 194
2662 281
2048 137
2606 145
861 124
2662 133
1476 122
2662 242
2662 167
2662 200
4714 198
1476 174
861 155
2606 222
2657 199
2606 121
1281 160
1192 196
861 134
2662 105
1476 205
999 184
1535 133
999 173
3038 141
999 205
4693 117
2602 198
313 117
4163 133
2662 262
999 148
2662 106
3814 148
2035 188
999 181
2662 121
2606 91
2662 165
4979 168
349 113
626 78
999 208
1995 189
1476 158
1777 120
999 140
1031 174
999 159
3814 197
1281 232
429 130
3896 198
999 288
4718 117
4163 154
999 179
999 111
3814 178
999 130
1476 127
2662 236
1472 149
2606 110
407 116
313 168
2662 223
2035 200
1714 116
3877 222
999 172
999 153
999 180
2662 237
4163 67
1476 160
1281 202
2662 155
4003 101
2523 176
3814 79
2606 170
1476 168
2662 90
2662 237
999 124
861 164
999 132
1476 133
2662 217
2606 123
999 184
4309 91
2662 127
4714 102
4570 138
2606 159
2662 119
2662 154
4031 187
4777 218
861 149
2662 267
2602 84
999 196
3814 112
3373 221
3814 135
2606 125
2662 181
2662 182
1281 133
1281 178
2606 234
3259 114
999 252
3814 159
2658 99
1430 24
4163 216
861 168
3933 154
500 104
4163 121
4843 155
999 200
1472 48
999 151
2606 188
2662 123
2662 225
699 46
999 204
999 307
3258 169
999 150
2662 241
4684 210
1476 97
2606 52
1714 162
4163 141
4105 169
2662 137
2662 175
999 138
999 176
4163 128
999 104
1471 143
1233 149
2662 172
1476 51
2662 223
2662 257
4714 122
2662 246
3814 160
2606 190
1714 80
1281 120
1281 160
2606 147
4714 208
3562 175
2662 258
2662 263
4714 129
999 222
313 147
861 199
999 293
313 141
861 120
2606 92
861 152
1476 166
999 257
2662 142
1281 110
999 228
2134 109
1476 208
1233 153
2662 180
2606 227
2662 218
1020 95
2035 210
2662 186
999 147
2662 175
4163 127
999 149
2662 203
999 127
2048 250
861 134
2662 198
2606 96
4979 154
999 210
4163 224
2606 145
2606 138
1476 202
2606 133
1281 204
999 296
1476 180
2035 197
3814 148
3877 141
2035 162
4163 106
3536 78
999 144
1281 82
1476 106
999 206
1008 106
1476 163
999 212
2606 85
2662 254
4979 217
2602 168
2662 200
999 283
999 215
999 180
3814 137
1281 124
3814 104
1281 226
2662 125
4442 77
4309 128
999 268
861 165
2606 148
999 199
1281 181
4714 179
999 129
2662 242
281 138
3914 175
1476 156
999 239
861 146
1714 132
999 204
349 126
999 186
3370 174
2606 174
2662 190
4163 175
3814 152
2606 171
861 55
999 113
1472 126
4163 81
2606 93
2662 156
2606 130
999 142
2662 298
2606 183
1476 207
2606 147
999 153
2662 284
999 164
2662 306
2662 124
4163 139
3450 64
999 124
4979 123
2662 172
2662 185
1031 170
1476 161
861 173
1031 155
2662 189
999 219
1472 169
2606 111
2123 97
999 190
999 209
552 110
2662 144
999 206
3814 227
4546 102
3814 168
999 265
999 178
1445 134
1777 78
2952 89
999 187
999 174
2606 55
2662 86
2662 223
4309 155
4362 86
2864 215
999 164
999 126
316 81
999 223
3814 141
3814 126
313 117
2606 125
1476 121
1476 163
999 122
1281 157
2662 248
4031 120
1029 139
1808 106
2662 201
3450 160
1281 204
861 163
861 162
3814 147
861 120
999 71
2662 124
1476 221
2476 115
4979 131
4163 151
4684 91
861 136
4714 87
1281 190
1226 203
999 154
4163 177
313 119
999 146
2606 156
999 86
999 163
861 171
4163 119
4960 125
1476 181
999 187
4979 164
2662 153
2527 93
861 128
3814 185
4570 74
1777 96
1714 88
861 92
1476 193
999 217
999 162
3574 217
3814 150
3187 131
2662 166
2493 175
1476 149
1808 103
999 148
4309 213
999 193
1563 182
1476 188
999 153
2606 115
2662 252
437 142
2662 264
630 129
2662 119
2606 122
3814 113
999 261
999 118
2606 84
955 188
1281 116
4362 53
2920 127
1471 78
313 106
1281 166
999 152
2662 240
2662 171
4163 210
3814 105
4979 108
2606 102
999 269
2662 194
2898 148
2662 185
999 198
4309 220
2606 172
1472 101
999 178
999 250
999 228
999 193
4031 115
999 252
1714 129
2662 198
999 226
999 200
2048 161
4163 123
1281 171
2035 233
2606 195
2662 77
2630 83
2606 102
4979 244
1476 154
2662 177
1182 122
4714 180
999 199
4714 110
999 133
4436 218
339 117
2606 126
4613 185
2920 144
2662 151
1476 105
4979 174
999 101
2715 102
861 184
2606 137
2606 140
999 147
2662 280
2606 132
1281 180
1476 169
999 277
999 143
1714 141
999 199
999 244
2102 110
2606 183
2045 47
2606 85
999 115
4505 179
999 86
2606 154
999 166
999 250
1476 178
1476 147
999 199
4979 160
500 86
999 271
2048 142
2292 176
2102 153
1476 170
1031 207
999 254
313 175
999 180
2662 215
1281 181
3031 115
2662 179
4693 61
2606 133
3180 136
2662 279
999 269
1714 104
2662 160
2662 249
2606 149
999 315
4777 230
999 199
4031 155
861 121
2662 132
2662 104
1331 178
2606 85
2596 136
2102 78
2920 110
4693 92
2662 126
999 161
1476 238
2048 196
2035 201
999 146
999 198
999 187
2606 215
4714 132
2606 69
2606 83
1370 131
999 123
2662 279
999 223
4777 210
999 169
1181 163
2535 107
1470 53
1245 164
313 126
3814 187
861 247
2606 156
2715 168
861 167
2030 89
2662 178
999 236
999 151
1995 168
2606 142
2662 163
2662 265
2606 91
1226 144
4714 204
4495 142
2996 133
2920 97
1495 198
2602 103
2662 174
4939 185
999 102
3574 166
2606 83
1476 136
2606 108
1476 168
999 184
3814 192
861 107
999 177
999 304
999 135
1476 226
999 152
1714 80
4291 172
999 155
2662 225
2662 185
313 147
999 157
4163 98
999 210
2606 135
2035 188
4546 132
4163 198
4979 162
1714 146
2662 222
999 122
999 240
1476 150
2662 127
626 92
999 126
4449 132
4362 59
1808 96
999 212
2435 224
1632 100
1031 162
999 175
861 147
1714 126
1281 88
999 245
1476 146
2606 181
861 160
3336 105
861 121
1281 276
1476 144
281 104
2606 73
2606 126
999 117
2486 173
3896 150
2662 165
1535 190
999 157
2662 251
2606 229
663 82
1281 180
252 149
2602 127
1476 204
2606 185
1429 132
4023 120
1476 221
313 103
999 142
1226 114
999 162
3057 219
2606 67
2662 273
3814 178
349 114
2606 126
999 162
2662 87
4570 102
999 162
2606 125
1281 193
1714 175
2606 195
2606 270
2662 101
2662 235
2662 110
1476 118
1029 112
861 189
2662 239
999 296
2662 269
2606 163
3814 197
4163 185
1808 136
861 102
2606 170
1423 131
999 144
2606 154
999 181
2662 114
437 129
4454 80
2662 140
3450 166
2370 168
999 285
861 175
2048 107
2724 140
999 142
999 203
2476 149
3814 145
2662 78
2662 157
861 139
4163 105
2606 176
698 156
2662 305
999 152
999 130
4163 110
1476 152
1476 244
2662 128
349 156
2382 91
2662 125
1281 203
999 250
4309 116
999 155
4856 161
4714 176
313 181
2662 117
4050 91
975 115
4163 135
4777 155
2123 183
1476 263
1281 159
2035 187
2606 153
3336 156
2602 187
2662 125
313 65
2123 267
2662 212
2662 89
999 264
999 171
3814 206
999 195
2662 228
999 161
999 185
861 164
1694 73
2606 201
861 184
2602 155
4163 212
3336 190
2662 239
999 144
4163 203
999 147
999 186
349 90
999 176
2662 278
999 100
999 172
999 222
4163 139
999 121
2662 102
1192 180
3422 137
4163 140
3814 227
1476 183
663 89
1331 106
2662 209
2198 201
2662 196
1476 161
1714 40
1281 137
1476 206
2662 248
3814 143
999 143
4031 127
2662 218
999 142
2662 225
2662 133
363 233
263 212
4231 231
4163 167
4834 148
2662 251
999 205
861 183
1476 198
2662 142
2606 154
2662 142
861 148
2048 233
3003 126
1714 143
999 172
4714 98
500 55
2662 223
2662 233
999 159
999 199
999 152
999 272
1752 60
2662 190
999 173
4931 155
2662 130
999 246
2662 173
3031 136
1399 163
2606 146
1031 202
2711 89
2602 95
4714 195
48 132
4163 146
999 111
2606 259
2798 104
1476 143
999 137
1418 118
2662 207
861 213
1281 202
1476 102
4291 98
1281 203
1476 248
2606 72
2606 144
2662 169
2662 101
999 178
3450 151
2606 101
1281 181
999 216
999 196
1192 201
1476 185
861 131
999 169
1281 143
999 100
2662 95
999 184
999 224
1476 201
2662 253
3814 250
2711 237
4163 121
2606 164
4163 120
4714 178
1476 131
3814 123
999 218
1476 148
4163 94
999 208
2606 118
4493 97
999 130
999 150
999 184
1476 224
2662 235
2606 173
2662 175
861 110
2066 132
2606 151
2662 211
999 169
2429 183
1281 185
1714 80
999 154
1031 196
2662 233
4613 177
2662 204
999 144
999 159
2048 145
2662 250
1476 135
2606 109
3814 160
2606 143
2476 64
2606 145
2662 190
2662 121
2630 100
4449 118
955 206
999 166
4031 63
2606 130
349 180
2606 218
4979 197
4546 106
4856 182
3574 119
999 265
861 198
4979 132
1476 184
1714 139
999 120
3814 139
1476 163
999 172
2102 126
999 128
3336 85
999 233
263 160
2662 214
2606 116
4777 150
1281 142
2662 135
1476 181
999 204
4714 132
4163 118
2662 239
1476 195
999 245
2662 157
999 101
1714 184
1472 171
3021 106
1476 171
4291 145
2662 246
2606 157
999 154
1476 148
999 195
999 209
4979 189
4856 141
3814 162
500 222
2662 84
2476 72
1031 151
2240 142
2606 236
1870 82
2048 154
999 141
313 131
4979 178
3522 119
349 76
2606 150
1226 163
4979 210
1281 227
2602 114
2662 178
2662 165
4449 141
2048 91
3814 200
1476 221
861 201
626 76
1476 206
2606 182
313 87
2356 125
2606 217
1476 186
999 132
2662 224
801 190
2606 172
999 104
2662 126
2102 41
2606 139
269 79
3814 188
999 148
2606 167
999 175
2102 120
2606 101
4031 136
2662 223
861 202
1476 185
2662 276
4163 214
2606 108
2606 156
2662 161
999 110
2602 107
1476 121
4227 90
4979 152
999 131
1476 172
999 205
999 177
1281 122
2662 128
1476 151
861 197
2662 173
313 153
2662 130
2714 212
999 164
2662 229
999 171
2329 129
999 168
3336 150
1242 140
2606 178
2662 252
2606 145
999 106
1281 165
4163 139
4997 131
4031 138
999 89
349 143
3814 235
999 247
1476 184
1031 193
861 158
4163 127
2606 170
3814 122
999 160
1331 192
2662 200
2662 154
3814 98
2606 191
861 135
554 61
2606 132
999 175
3814 129
999 209
1476 64
999 195
1008 41
2606 246
2035 215
4163 137
4163 200
1281 158
999 231
999 144
999 187
958 175
999 208
861 183
3683 141
2662 95
999 289
1476 156
2662 167
2606 134
861 156
1808 118
999 219
3422 139
999 180
2920 210
4240 214
4163 95
1472 144
999 285
2711 197
4979 110
2606 126
1970 122
2602 220
2606 153
861 152
4714 59
999 186
2198 145
999 129
4979 86
2662 242
2662 169
1476 177
1031 87
1777 169
999 240
999 170
999 103
861 270
889 121
3814 262
999 207
1476 186
999 134
2606 294
4714 168
2606 133
313 173
1476 110
3814 198
999 187
2662 175
861 156
4856 168
2606 139
958 201
999 178
2662 162
1281 146
4979 149
1281 168
2662 195
861 92
471 76
861 131
999 164
999 160
2662 197
999 176
2606 113
1476 185
2476 210
1476 124
999 158
1376 144
2606 152
999 130
4449 134
1281 157
999 161
1281 200
4163 81
861 116
999 171
1714 210
4054 65
4163 160
999 196
2662 253
2048 137
999 86
999 228
1476 109
2606 101
4856 116
2662 290
861 173
2662 235
4163 174
2606 105
999 242
2035 227
1476 148
2606 201
999 160
999 172
2662 92
4714 203
999 214
1714 144
1476 160
999 177
4031 176
1182 168
3814 213
999 136
4979 219
861 184
999 82
4163 181
2523 82
999 232
999 146
2606 85
2662 143
2662 252
1327 124
2123 218
999 133
4714 224
2123 222
4714 132
4449 165
999 201
3814 180
999 213
1281 124
999 192
1476 152
999 185
1476 121
999 293
4163 141
2662 218
4979 141
2035 196
2662 168
2662 240
999 153
1694 123
3635 91
1704 108
313 154
999 166
2476 141
4291 79
999 276
1694 91
999 172
2662 136
2606 160
2662 277
2602 109
4714 173
2606 177
3814 134
281 112
1182 149
2606 171
2035 117
4979 116
3814 167
1476 149
999 100
2662 257
3814 162
2662 230
2920 66
2602 151
2662 281
4163 144
1281 119
999 141
2611 89
2662 100
1476 140
2662 198
2569 143
866 148
1736 108
999 138
4979 179
1281 237
999 256
265 71
2435 201
1281 97
2606 166
2606 125
1476 125
28 137
999 159
1031 208
2606 211
1476 119
2606 86
2662 262
2662 213
1281 216
4050 121
2606 139
2662 167
999 211
4163 94
2606 171
3814 195
999 186
1476 204
999 132
1281 133
4714 159
861 92
1031 249
2839 78
999 164
2662 235
3422 78
999 179
861 175
4979 131
1403 147
2606 167
2662 147
1777 150
3450 104
2662 211
2662 176
999 165
313 86
999 261
2662 235
999 263
2662 137
3814 143
2662 258
999 154
4714 150
861 135
363 141
4714 115
1476 108
2724 67
2606 198
1808 161
999 239
1471 118
861 99
2602 142
4714 231
4979 175
999 202
500 81
999 92
4856 205
1226 264
1476 164
2606 170
2662 296
999 165
2630 63
999 208
4979 180
999 204
2662 136
2606 293
2662 223
861 168
955 144
1476 223
238 92
3814 180
999 114
999 222
3336 138
1714 52
1476 138
1476 181
1753 67
1031 181
955 146
1281 100
861 204
1714 174
4228 129
2662 140
4163 126
2662 120
2606 186
4979 199
3814 107
3814 173
999 127
999 191
999 259
1472 145
3450 70
1348 172
471 185
2606 192
471 135
4618 160
1281 129
1281 100
4979 238
999 116
2662 165
2662 114
2606 169
4362 121
3336 101
2102 189
2662 150
2662 297
1031 221
2606 127
2048 112
3072 98
630 136
999 101
999 172
4163 130
1476 173
3890 146
2606 174
2662 201
4163 164
1472 122
999 155
2662 152
4291 163
999 112
4936 188
2662 236
2606 258
999 216
1472 186
2606 105
999 149
3464 96
999 258
313 178
1402 136
999 183
2606 172
999 238
1476 139
2662 114
2662 266
4979 146
4031 71
999 229
999 116
2676 84
2606 107
1476 194
2714 93
2048 194
1281 177
1476 204
861 147
861 100
861 172
2606 146
2606 181
1714 150
4163 187
1281 188
4714 202
1476 200
861 177
4997 64
3814 171
3814 230
1472 131
999 213
2662 171
3877 142
999 167
2606 140
2662 301
1476 152
458 132
2606 138
2662 294
999 236
1476 105
861 258
4714 153
2715 62
999 195
2662 256
999 127
746 108
4163 188
1840 138
2606 112
476 95
999 145
2606 203
861 197
2760 159
500 216
1281 163
999 164
861 77
1476 164
999 148
2349 113
2662 213
2048 169
2662 202
3336 65
999 161
263 144
861 173
999 120
1714 131
3624 182
1476 128
4714 159
2920 86
2662 297
2662 258
1714 97
999 169
1331 194
1476 223
999 153
1281 151
999 154
999 222
1281 135
4714 172
2606 173
2662 234
2606 190
2606 236
3814 171
4979 211
1161 174
349 87
2606 218
1281 163
3814 193
1281 117
2606 104
999 192
999 103
999 201
999 187
1476 129
3814 170
861 137
3450 154
999 259
4979 144
2662 186
2606 118
1859 100
999 167
2920 60
1281 138
999 197
861 119
1808 128
4979 262
1476 135
2606 242
2662 173
2606 160
861 177
2662 24
999 264
2476 211
999 141
3336 58
3814 185
2662 188
999 191
999 177
4449 142
349 163
208 72
2662 213
2662 177
1476 178
4163 84
2662 238
2662 145
1714 128
3814 158
2920 117
999 129
4031 161
1281 139
4163 153
2595 82
1281 253
2606 211
1476 222
999 123
999 151
2129 93
999 136
2662 214
3021 149
999 235
2030 91
861 133
2662 193
2606 175
2662 174
4240 209
2606 154
1476 94
2606 295
4777 126
999 212
3814 148
1418 134
4449 177
861 150
3877 230
2606 160
1476 174
2606 110
2952 97
2724 154
999 185
4979 135
2035 203
1031 245
861 158
861 170
2662 220
3814 185
1476 104
2662 277
999 83
4979 137
3814 168
2760 135
2606 117
999 234
3021 248
708 143
999 169
2602 117
2662 166
2662 242
861 123
2662 133
1476 178
2606 243
1476 214
4714 186
999 209
471 98
2662 224
4309 167
2048 168
999 205
1714 172
2606 121
861 202
2662 250
999 149
1476 190
999 180
999 190
2606 103
1476 132
2606 149
1281 98
2662 176
4714 195
2476 73
1402 112
2048 113
4518 145
2662 292
2662 173
1714 108
2662 218
2033 193
999 193
1753 89
4979 152
1476 241
861 134
2920 141
999 153
2606 156
1714 84
313 132
1192 125
861 136
4856 129
2606 82
1476 115
2606 163
1476 264
1007 100
2662 163
999 167
861 243
999 254
999 179
1476 133
999 181
1429 154
2602 128
999 168
2920 126
2662 149
2920 110
2662 119
2606 161
999 137
4714 110
349 140
999 230
2606 209
1476 186
2606 163
999 197
1183 63
999 146
611 190
861 129
1031 304
4718 109
3672 141
3814 194
2662 111
2606 182
2606 171
2662 221
500 209
2662 154
999 183
2662 189
2606 168
2606 256
1476 74
4522 145
3422 195
2662 228
2864 176
2662 179
2126 104
999 159
2662 122
2606 121
3498 105
2662 264
999 132
263 194
999 174
1281 180
1714 110
2662 192
999 153
999 183
2606 168
1008 56
2662 203
999 150
999 201
1931 156
2606 134
1445 195
2606 231
3450 107
2662 111
2123 151
1476 180
4031 117
1476 167
999 104
1476 156
2606 155
1281 162
1476 160
3038 142
1714 98
2662 223
1031 201
1441 139
2048 167
3683 113
4163 74
1476 164
3336 78
1476 103
2662 126
2662 156
500 55
2606 156
999 190
999 103
2606 196
1472 140
3847 241
4764 112
2662 153
2606 175
2662 253
1476 166
2606 146
2662 222
4676 168
2662 129
3814 145
500 152
2662 241
861 169
861 119
999 125
3877 214
1327 130
2606 134
3814 179
2606 215
1714 161
861 112
238 129
999 199
4163 111
2035 225
999 300
313 125
2662 248
3422 86
4163 102
999 177
999 110
1714 68
999 153
999 132
999 93
2606 153
2606 174
999 263
2662 272
999 197
2606 154
699 111
2662 104
2662 264
1402 158
861 174
4714 134
2606 112
2606 121
1226 107
889 169
625 80
313 174
2606 78
1808 130
999 197
999 238
2606 71
4856 155
4362 85
4714 215
1808 112
861 125
4714 94
861 150
2048 116
4143 131
2606 174
2606 160
999 180
2662 154
1476 200
663 176
10 127
4979 153
4449 106
999 146
407 112
999 120
999 197
4979 259
2662 230
999 176
999 219
2662 296
999 164
2920 111
999 159
1403 154
626 104
2606 168
471 122
861 121
999 157
999 212
2659 177
1281 106
1226 103
4163 220
2920 164
2662 148
2606 189
1476 199
861 129
1192 138
3336 223
861 231
999 116
2621 143
999 180
2606 136
2606 198
1714 101
999 106
999 189
2662 159
999 123
999 222
999 274
2662 269
2476 127
999 175
2662 88
2523 69
999 124
4163 132
2662 257
999 158
1031 213
281 130
2370 229
2662 139
999 77
2102 127
2606 226
2662 214
1476 231
999 200
2662 224
861 123
999 109
2606 117
861 121
471 199
999 254
2048 208
3814 177
999 198
2198 98
861 176
2606 204
2606 120
349 148
1476 140
2602 124
2662 185
2606 157
1777 163
2662 211
2662 134
999 197
2662 132
2662 49
4979 168
999 121
999 139
861 113
4707 116
2662 257
3914 73
2048 142
2606 174
1476 173
2662 231
4548 172
999 129
4163 173
3814 104
1031 260
999 130
313 123
4856 121
3941 136
999 191
1476 180
3814 141
3031 152
999 165
999 212
2606 144
4714 170
1476 142
999 157
999 224
313 157
1476 130
999 190
1714 103
2370 182
999 202
3072 167
2662 297
999 245
999 167
2662 251
4952 171
999 178
999 256
999 152
2606 130
999 132
2662 242
2662 251
3482 147
999 155
2602 228
2349 53
2602 182
4031 203
2662 140
861 129
3336 58
4546 149
2662 202
999 202
1476 111
3814 216
1281 72
4163 216
4163 156
2659 204
2662 118
2662 275
2662 81
2602 171
1476 150
3933 196
1281 176
1714 116
999 148
2662 108
4031 159
2602 133
1281 235
2606 200
1476 234
1714 193
999 135
1940 153
4777 196
2662 226
1476 127
3072 202
2606 246
2662 229
4856 82
3814 179
2662 247
3814 114
2662 204
1714 161
2662 244
2662 195
1281 125
999 187
3814 129
2606 118
999 204
4613 187
1281 198
1429 72
861 193
861 246
999 84
999 202
4613 152
2662 116
4163 145
1441 169
1777 77
2606 173
4512 111
2824 155
999 116
1714 130
999 207
2602 123
646 133
999 225
2048 152
999 186
812 139
3814 192
4546 180
2662 194
4309 124
4714 124
4163 90
999 153
999 132
999 134
2824 123
1192 216
999 248
471 246
2606 181
2606 137
1714 100
999 150
1376 63
999 166
999 265
2662 253
1472 129
4714 167
999 263
2920 160
1476 214
1331 101
999 149
471 103
111 104
2662 277
4031 135
2920 152
2606 165
2824 116
1714 87
1714 122
2662 204
999 255
2662 310
2606 132
1714 168
4714 120
3814 194
4163 155
1714 219
2662 302
3368 77
2606 193
999 183
1476 169
1281 124
999 151
1476 149
1476 176
2606 171
999 265
2602 119
1714 156
2606 114
2606 162
999 122
1471 169
999 180
999 160
999 179
999 197
2662 241
2606 196
3167 62
999 106
861 153
4714 173
4979 129
1476 137
2606 163
4163 83
2662 312
1476 99
3814 158
861 146
861 158
4212 187
1281 118
2662 278
2292 95
999 106
999 214
4031 106
985 128
3450 64
861 160
3814 137
313 174
1008 119
3814 164
2662 169
999 266
2606 148
2606 202
1476 74
861 235
1476 159
2662 238
1331 134
4163 117
4856 167
4714 149
1931 142
4714 139
2662 108
2382 193
4055 131
471 123
2662 228
2662 149
2662 235
1281 197
1472 58
2606 136
861 97
2662 192
2824 122
1476 143
349 131
4031 143
2676 209
2606 136
999 210
2662 197
4714 135
1281 186
313 105
999 168
999 301
999 148
4512 161
4979 143
4567 69
2662 164
1476 132
999 224
500 96
4163 115
2662 127
2824 98
2606 143
3405 190
999 151
2606 93
2606 230
999 139
281 158
3450 168
3814 156
861 194
2606 229
999 141
1281 193
999 220
999 265
999 178
162 148
999 186
999 123
861 191
2662 212
2662 128
999 129
1226 112
2662 236
4714 166
1476 117
999 186
1281 154
2606 125
4449 113
1226 124
999 157
861 208
4714 152
3814 213
4163 223
3814 169
53 125
4546 152
2662 156
999 153
1476 128
2662 246
1476 198
2662 186
2662 241
2662 234
4163 147
2662 227
3814 179
4714 114
4546 116
1281 202
2602 146
2602 141
1046 180
999 171
999 175
4163 167
999 150
3450 119
1281 159
1832 128
2606 105
4714 106
999 147
2606 93
1331 115
1472 136
2662 156
999 238
1281 186
3336 164
1476 157
999 222
1281 123
4031 104
1476 108
861 138
2662 128
2662 293
1281 163
2606 247
2048 159
4693 128
999 153
2662 234
999 225
4163 69
2602 136
2011 90
2606 92
2606 160
4979 174
4979 215
2662 211
999 135
1476 165
999 171
4979 170
861 144
3814 151
3814 175
999 168
4048 168
1281 136
3814 157
4714 125
999 217
2662 120
861 160
1281 115
999 264
2382 121
2349 30
2662 225
2606 84
2287 137
2606 131
999 183
2662 186
313 95
4714 179
999 144
2606 129
861 173
999 172
861 146
999 151
1476 133
2662 157
999 180
1029 81
999 136
3814 130
2642 193
999 166
1476 173
2662 211
1476 259
2606 138
1514 159
2129 48
2048 121
999 186
2606 163
4714 231
1714 170
239 83
2662 270
2662 239
1476 151
4163 126
999 257
2662 293
3007 94
999 192
4362 114
999 184
2657 149
4163 164
2662 128
999 177
2662 273
1808 63
2662 160
3814 97
4979 185
4979 124
999 187
4163 165
1995 136
999 144
1281 163
1714 94
2662 290
2602 222
2662 164
2602 145
3038 108
2662 235
2952 114
2662 168
2606 101
999 96
4979 165
626 144
2606 173
3021 116
2724 169
4158 137
999 125
3814 138
4979 157
313 131
999 186
4163 142
861 176
1476 167
999 188
999 158
4856 233
999 221
1281 116
3814 121
999 191
1281 110
861 185
2606 161
861 170
1476 111
1031 133
2370 189
1348 211
3814 182
2606 182
999 230
999 213
4938 109
2662 212
263 139
2658 187
2662 167
2606 108
2662 201
2476 63
2662 297
1476 151
955 164
1476 218
1476 125
999 171
3814 113
2662 197
1281 143
999 166
999 173
4979 117
2724 189
999 177
1476 245
999 172
999 259
3814 150
1281 168
4449 65
1714 180
3814 160
2621 105
1714 201
1317 136
2606 138
1714 147
861 174
999 199
1476 144
999 155
999 209
999 200
4714 156
861 205
3814 153
3814 78
999 137
4505 175
999 222
3814 222
2606 179
1808 137
4714 185
3814 173
1281 115
999 135
2606 192
999 256
2662 250
2066 95
2920 120
2606 150
999 142
708 175
1714 168
2198 138
861 196
999 215
4714 156
861 87
861 150
999 105
2606 217
861 97
999 175
861 173
2606 125
2662 234
2662 204
2240 60
2606 168
2839 91
1476 183
1714 102
1139 85
2662 233
1476 89
999 205
999 154
866 95
861 121
2662 159
2606 174
541 152
2602 159
999 203
3383 132
999 121
4105 193
2606 131
1476 120
999 223
999 239
4163 128
1832 222
2662 292
999 202
3814 168
1476 146
4163 182
3814 122
4163 129
3212 114
2662 236
2662 120
999 263
2662 162
999 140
2606 275
999 168
861 181
999 130
1472 137
999 205
2662 130
1281 210
2606 124
4309 189
4449 109
958 99
999 237
2662 155
2606 202
2662 227
2602 170
2662 214
999 185
1321 61
1281 130
2662 179
4714 188
999 216
2662 259
2662 148
2662 296
1809 87
4546 118
861 148
1192 135
2606 204
1476 150
2891 113
3450 127
2158 109
1476 152
999 219
2548 119
999 136
861 98
1476 177
999 163
999 164
1808 70
2606 182
2662 258
2606 222
1476 172
975 102
861 147
999 173
999 155
2662 94
4163 182
2569 91
4240 173
1281 98
2662 170
471 185
999 137
4309 125
2606 157
313 100
349 120
3038 144
313 163
4856 61
2724 212
1029 193
999 182
636 63
2048 127
1402 111
517 91
3814 92
4714 88
2662 220
2606 216
999 117
1808 86
999 160
861 239
3814 187
2920 147
1476 223
999 107
1281 249
4714 104
3336 131
999 191
2102 37
2606 263
999 221
999 132
313 178
999 175
999 169
999 193
4714 118
2662 232
2662 115
861 193
999 116
999 139
1281 144
1476 218
1808 109
958 165
625 121
2662 210
999 215
2048 255
1476 101
1476 88
999 158
3021 126
1281 158
2662 306
999 117
999 179
4163 102
2606 264
3336 127
313 164
1445 93
2724 208
4031 99
4163 145
1476 224
2102 92
861 74
2662 259
2659 177
2606 210
2606 48
3814 122
2048 145
2662 210
2724 78
2714 68
999 146
861 172
813 136
1476 104
861 211
2662 263
2606 81
2602 114
999 266
861 175
1281 110
2606 133
349 135
2662 198
2662 198
1478 131
1031 221
861 148
4163 159
263 246
2606 115
1476 216
263 209
1281 206
2606 84
1996 90
999 177
2606 146
4055 149
2662 192
349 228
3259 108
4979 122
4003 139
2662 234
2606 106
999 164
4714 152
2662 172
4979 113
2048 151
999 151
861 122
999 224
1031 26
861 127
2662 157
3877 171
654 107
2662 194
999 186
999 183
1476 186
2606 153
1714 157
3390 101
2606 40
1476 180
999 159
2662 143
2606 147
999 240
2662 147
4309 142
4714 145
4291 146
2662 219
2606 152
2606 161
2611 92
3450 189
4546 121
999 188
1472 134
2606 131
1281 106
1445 94
3814 119
1029 56
999 228
999 227
1476 194
4077 30
2606 165
4291 105
4163 99
2662 192
1476 82
3814 240
3814 196
1281 83
1445 109
999 224
1441 74
500 88
1476 120
1476 140
500 144
4163 96
2693 138
1476 131
2606 123
2035 210
2662 235
861 235
1281 203
999 185
2606 90
1281 165
999 220
313 122
3115 130
2662 232
999 315
2035 200
2606 119
1714 154
1476 115
2662 247
999 153
2662 187
1714 144
2606 219
4449 101
999 177
861 118
1031 170
2662 125
999 190
4362 116
4291 143
2824 212
4546 135
3814 185
4163 217
2606 156
4163 162
1281 207
4676 72
999 266
2662 231
999 185
2606 262
2662 131
999 143
1746 213
3814 147
4163 116
2606 251
2662 179
999 180
4031 90
2606 155
3814 210
2606 144
999 166
2662 118
1476 172
999 191
2662 242
3814 99
3814 153
4714 155
2662 255
2662 191
1281 166
1714 124
657 74
2035 198
1281 180
999 210
2048 82
4449 73
3814 154
4546 144
657 105
1423 163
4240 198
3021 122
3877 216
1031 157
861 167
4031 154
2662 269
2662 114
999 192
1714 154
2662 317
1476 156
2606 214
2123 129
999 180
3814 198
999 127
999 130
2523 176
2606 173
1714 142
313 165
2662 87
999 155
4979 221
2662 228
999 153
3814 156
999 149
999 190
1252 107
2662 200
3450 113
313 151
1919 86
4979 170
2606 303
1476 135
2606 166
999 128
861 176
999 141
3038 132
1472 221
2606 146
2606 170
4979 226
999 239
999 298
1476 160
999 146
2662 180
999 334
1714 97
999 134
4856 134
861 217
4714 110
4546 146
999 121
281 124
2606 121
999 94
2606 185
2606 104
2606 192
999 159
999 225
2606 199
999 218
2760 143
1476 129
2662 243
2606 85
2611 116
2495 66
2123 150
2662 221
2370 106
48 129
999 190
1226 78
3522 106
999 164
2662 173
2606 147
1476 161
1281 159
1714 180
4714 156
2662 93
313 171
999 189
2435 184
3814 138
1226 130
2662 108
1714 189
2606 162
999 195
349 144
1476 247
2662 188
2606 151
2662 202
4979 126
861 122
2606 153
3814 221
313 123
999 109
999 191
999 190
999 161
999 151
2662 171
861 183
2606 41
999 146
999 191
1476 180
1476 146
1714 119
4163 204
2606 206
4449 174
999 118
1281 117
313 77
2606 215
2662 270
861 181
999 183
4163 124
3814 185
2606 191
4002 102
1281 131
4031 193
2158 204
1476 130
4979 151
999 135
2662 225
999 174
999 200
2606 140
3814 239
1476 151
1192 204
437 196
2662 185
1281 161
3814 233
4546 200
999 217
861 169
3336 118
2606 72
1476 258
1476 164
2102 117
2662 199
2657 179
1476 166
2662 212
2030 125
1031 168
999 195
1714 121
4714 212
1429 95
2606 141
1714 131
4979 220
861 127
999 136
2606 97
2569 89
2606 170
861 250
2662 284
999 178
2035 152
999 196
4163 156
4714 265
999 184
2662 247
4163 163
2606 324
3072 174
2606 290
3814 182
1281 131
2606 179
861 212
1714 230
2569 114
1268 88
626 97
999 137
999 148
1476 193
1476 283
2662 164
4163 104
4163 201
4979 144
4979 87
999 207
3814 124
2662 161
1663 125
1376 153
4979 196
4362 63
313 135
2662 190
999 199
3814 171
1281 179
1476 165
2165 75
2606 50
2662 210
1476 177
313 112
2662 227
2724 194
999 136
999 155
2662 285
999 251
2569 131
999 192
999 188
2606 182
4656 102
999 138
1476 150
2662 162
3422 58
861 131
2662 152
999 208
2606 120
1808 116
313 115
2606 216
4003 96
921 83
999 221
2606 161
2602 90
2035 124
2662 164
999 273
4714 156
999 113
2606 218
4714 127
999 172
999 202
1476 178
3814 109
4979 198
999 165
2069 51
4979 183
3814 173
999 75
2662 92
2606 204
517 81
1808 134
2662 168
2606 100
1281 267
2662 78
1441 157
3814 212
1281 182
2606 138
2606 148
593 80
3814 109
4979 194
861 161
4163 180
999 196
2606 125
1031 196
1607 76
2606 175
999 162
1809 103
1476 179
1008 102
1281 99
999 115
349 66
2662 254
2606 156
2662 97
2662 145
2662 108
861 167
1808 225
999 164
349 154
2048 171
3021 116
2048 151
1476 147
2048 95
2606 176
999 234
999 158
4449 116
1472 125
2662 220
237 188
2662 216
2606 127
2606 128
2606 109
999 298
4163 170
861 211
999 208
2606 169
1281 107
1714 162
999 291
2662 240
2662 224
999 195
4163 65
4163 104
3814 132
2606 174
2606 162
1514 104
437 213
999 168
4903 58
999 201
567 117
4163 73
1860 119
999 125
3814 137
999 201
999 207
999 85
1476 158
961 135
498 118
861 116
313 67
4449 135
1281 285
4979 169
4979 140
2360 90
4031 201
999 229
2606 131
2606 187
2662 225
999 231
861 191
999 96
1621 121
2662 147
1476 129
2606 151
999 235
626 78
1714 117
999 229
999 181
1808 127
3167 179
2662 105
2662 275
844 136
4546 183
4618 86
1472 135
953 141
2662 274
4979 76
2662 223
4979 103
861 133
2606 153
2606 286
2048 135
2602 186
2606 113
2606 118
2662 153
999 173
2662 199
2476 130
2662 278
999 228
2606 156
999 178
1808 134
349 137
999 181
1995 248
4031 182
4979 128
1418 115
2606 256
4714 171
999 136
4163 200
2662 153
999 257
1808 63
2662 231
2606 170
1281 131
999 187
2092 103
3422 57
2662 194
999 152
861 99
2662 246
2606 260
3450 145
2602 112
2606 124
4309 74
1808 114
2662 209
999 170
1476 171
1870 114
999 158
2606 132
999 109
313 171
999 182
2606 204
1476 137
2920 133
999 126
2606 106
999 137
2370 212
2606 191
1476 153
2920 95
999 186
4979 127
4449 121
2606 161
2569 96
2606 103
861 169
999 307
2662 174
2662 109
3814 210
4979 118
999 144
1192 106
999 228
861 128
4613 151
2952 133
2606 141
3336 103
4979 207
4777 62
4163 151
999 139
4163 132
999 254
2714 215
1281 193
999 92
2662 189
4979 116
999 170
1423 146
3834 110
313 140
861 127
2662 168
1281 231
4163 166
2662 294
3814 157
1281 249
2606 107
313 129
1192 110
1281 166
2602 147
2662 98
2693 127
2102 147
238 134
498 129
4163 117
999 265
999 192
1809 100
2602 93
3814 142
1429 131
999 171
999 131
999 169
999 211
999 230
999 157
2435 207
1476 187
999 197
2606 198
999 154
999 112
2602 124
2606 100
263 207
999 270
999 154
999 192
1476 156
4979 187
861 197
999 140
2662 221
1281 152
2724 106
1476 151
3814 165
1281 135
3336 106
2662 263
1476 139
4592 110
4449 127
861 149
2662 218
4163 154
999 140
999 188
999 104
764 66
999 181
861 170
3814 178
4764 109
1281 174
861 194
2662 161
2165 118
958 58
313 131
2123 114
861 151
2662 103
1281 165
1476 96
2662 139
1192 118
1472 146
1281 101
1995 187
3814 102
313 95
2606 132
2606 201
999 161
1336 76
2606 118
999 197
517 140
999 182
4225 100
4228 117
861 140
861 116
3336 110
4546 115
2657 156
2662 116
3852 91
3814 207
999 128
2662 229
1476 134
313 152
2662 119
4546 118
2606 128
2606 266
4163 152
2920 129
2476 135
1008 72
2606 159
2824 124
1476 189
3933 120
2606 146
3123 46
2662 240
864 188
699 122
4856 148
2606 191
2606 104
861 190
999 138
708 116
999 247
999 184
2606 151
3814 110
999 169
2662 210
4163 188
3413 110
3875 72
3063 76
1031 198
2662 292
2662 213
861 141
4714 162
2606 162
999 279
2320 138
2048 157
2035 208
4546 189
999 236
2662 212
1281 51
1476 134
999 127
999 135
4031 133
4505 203
2662 268
4546 156
1476 197
999 194
2606 171
2662 199
999 195
3450 175
999 233
1281 170
3814 154
999 138
999 118
3814 196
2662 245
1031 96
2662 142
4163 150
4979 225
2602 107
2102 136
1281 142
2606 206
999 205
2035 116
2602 141
2611 119
4163 209
2662 157
4031 123
999 211
2662 145
2476 166
2662 250
1031 131
999 216
1714 303
2662 210
999 149
861 142
3230 89
999 167
999 203
999 205
4979 260
999 143
2658 179
999 169
313 166
3097 122
999 267
999 111
2662 170
2662 239
999 169
4979 149
2662 104
1476 178
1476 281
2606 138
2606 110
1281 126
1887 179
999 270
2662 159
999 180
2662 205
4609 135
999 211
2662 248
1476 190
2662 228
2606 93
2662 293
999 123
999 225
2864 87
999 214
1418 120
2606 188
2662 288
2662 99
861 177
2606 126
1281 102
921 125
2035 171
313 214
2662 234
4777 142
2662 273
2523 229
2662 280
999 154
2662 132
1476 129
2606 122
2662 108
999 158
2198 217
2535 120
3814 236
1476 223
4693 132
3814 140
2662 249
861 160
999 106
4714 129
2495 111
999 140
2606 90
4163 147
999 162
2606 104
453 70
1714 155
1714 154
2662 208
4979 85
861 166
2662 219
999 145
1281 156
999 104
2662 112
4358 119
999 139
1927 194
999 207
1029 124
999 145
4225 125
4163 206
999 135
2606 277
3814 167
999 150
3814 164
4161 84
313 161
3814 198
999 233
999 285
999 143
1192 105
4031 104
52 189
2606 189
999 130
2662 211
3336 183
2662 138
999 173
999 126
2606 155
2606 180
2606 168
471 89
4427 119
2824 75
2606 120
3814 181
1476 213
861 150
1476 120
500 110
2662 249
4031 181
2662 298
1714 156
4163 138
1281 96
2606 131
1476 115
4693 118
861 166
2606 124
2606 70
4714 150
2662 129
2476 167
2606 175
4785 76
2606 171
2662 214
2569 171
1226 69
861 180
313 114
517 183
999 173
999 178
2328 142
999 248
999 68
2606 136
861 172
1192 221
4163 142
1264 171
2662 117
2320 149
999 147
2606 117
4777 129
3814 157
1476 133
4163 208
2662 143
2606 212
2662 168
861 225
824 122
999 130
861 241
4856 120
4512 179
1472 115
4240 229
2662 212
1476 131
999 101
3814 257
2662 131
1476 167
4309 178
2606 211
2662 148
4163 174
1281 179
2662 177
2606 221
2102 186
1476 257
2606 149
861 142
3814 129
999 242
2662 257
2606 209
4979 204
2662 271
1476 179
4979 202
2606 231
4163 147
2606 180
999 88
861 91
2662 158
999 240
2611 153
207 142
999 199
1714 141
2662 262
999 212
999 150
2606 284
2606 212
4055 72
500 83
999 189
2662 113
2606 81
2662 235
999 274
1226 93
999 153
3814 114
4979 208
861 220
2435 232
4163 130
2920 121
4979 158
2102 134
4546 98
3814 149
2602 167
4163 181
999 208
1182 189
3336 137
4163 167
4449 159
861 127
861 165
999 216
1281 140
2662 182
999 169
2662 126
2662 234
999 181
2495 180
4163 161
2662 260
2606 155
2606 121
3814 158
764 144
2155 41
845 87
2476 151
999 225
999 117
4163 147
4163 88
1714 100
999 268
2662 212
2662 247
2662 227
2606 99
2662 155
999 183
4031 146
363 167
2662 211
2662 237
2495 157
2662 150
4163 161
2856 55
999 161
3814 107
999 263
2606 140
1476 116
2606 168
2662 72
2662 142
4512 191
999 249
2606 165
999 176
2662 238
2662 249
2035 239
2662 144
2662 234
2662 175
185 125
1031 175
999 215
999 196
999 84
1281 243
2662 244
1476 147
2606 120
4163 128
955 126
2662 223
999 219
1476 141
2662 91
4856 101
2606 97
2662 245
2048 129
2606 162
1281 106
2606 178
891 80
999 142
999 168
999 138
1714 224
4979 193
999 232
313 153
3814 110
999 232
999 161
2662 274
1476 280
2476 151
999 130
999 96
861 104
437 162
2602 171
2606 147
4309 196
2662 203
999 161
999 167
2602 125
999 201
4449 91
999 113
4240 213
1476 203
999 197
2606 145
2715 143
2606 128
2662 208
2606 109
1476 180
2662 271
2606 140
313 121
4714 91
4979 252
999 138
2662 100
861 156
2662 153
2662 175
2715 159
2606 189
3814 188
2606 165
2662 180
2606 126
3814 188
999 233
999 255
1714 137
3540 81
2440 119
4714 84
2662 157
1476 174
2662 222
4714 101
1476 115
4163 160
1029 117
2662 75
626 172
999 123
4714 121
3814 189
2606 131
999 160
4512 152
2198 177
2662 242
2662 163
1476 110
2662 320
2606 105
2662 254
999 231
1476 195
1663 121
2662 227
3187 134
2662 240
2662 173
999 105
1029 108
1281 173
999 122
1714 110
999 137
999 207
2662 173
864 183
1281 105
1281 166
3814 207
3814 207
2523 167
4163 153
349 150
1281 177
4350 43
999 145
2662 276
2676 167
999 192
999 196
1008 99
4126 155
3814 156
1281 134
2064 179
999 270
2662 237
2048 71
1281 139
1403 90
1476 248
999 207
4003 68
2693 66
2349 158
1476 198
999 214
999 129
349 137
2662 290
2606 222
2974 128
2606 98
2606 117
999 164
999 169
999 133
1476 148
2662 214
2606 157
999 121
1476 206
1656 206
999 258
2714 225
999 202
3121 99
999 151
1476 257
1476 291
3336 79
999 198
3814 156
2662 275
4003 95
4163 85
1281 97
1472 130
3814 186
2662 261
3166 172
2523 139
2602 127
1226 128
4163 184
1476 152
2662 111
1031 152
4163 98
999 232
1226 116
2606 150
351 100
4714 229
999 185
1714 188
999 178
313 152
999 195
861 196
1281 260
999 172
2102 118
269 109
1850 160
2662 180
437 188
2662 202
3814 163
999 151
2606 116
2920 100
313 140
999 177
2662 227
955 143
2606 239
4714 180
2382 124
2606 136
2606 190
4163 165
1476 99
999 201
2662 329
3814 177
999 161
3038 155
999 248
999 154
2606 146
4979 148
349 127
626 179
1097 147
4023 114
999 87
2606 198
975 95
4979 205
4714 146
999 188
3814 197
1281 119
2662 236
1226 168
2662 174
2662 191
4714 231
2102 104
999 141
2662 157
1281 107
3814 119
999 106
999 218
2662 190
1714 128
1476 161
4031 141
4163 158
3814 107
4714 125
2606 208
2602 172
3814 209
1281 84
1476 178
2606 117
2606 183
3814 166
2662 168
999 140
999 152
2606 127
2760 137
2662 153
999 225
2606 204
861 139
2662 252
3336 83
1281 109
2606 182
999 149
2606 158
2606 214
2662 218
3336 92
313 164
999 175
999 109
2662 150
861 144
2662 267
2662 208
1476 83
999 212
3814 198
2370 168
2606 122
3814 251
2606 137
500 128
2662 134
2602 180
999 129
1281 101
1281 84
654 160
2606 201
4163 117
999 195
1476 194
999 226
1808 95
2662 217
4309 125
2606 108
2606 82
1714 176
999 192
865 162
1100 210
4105 99
999 160
363 131
2048 110
999 258
3522 88
1476 177
2662 118
3933 224
2662 294
1714 222
2724 92
2035 194
1476 153
999 214
2662 274
2606 142
4714 130
626 239
2382 131
999 252
1476 176
4236 136
861 117
999 118
999 40
2662 138
4546 113
2048 174
2662 217
2662 251
1714 71
2606 146
999 296
4731 106
999 243
1476 292
1226 79
861 166
999 242
1281 119
4163 94
999 197
2390 119
861 216
1029 130
1281 147
3814 244
999 231
2662 126
999 254
2662 257
1331 146
2606 114
2662 249
2662 160
4685 134
2662 216
2662 120
1476 130
3038 118
598 149
999 203
4714 156
4031 180
1476 194
2662 157
999 95
999 217
4693 87
3542 120
313 71
2123 108
2606 98
2662 227
2224 50
2606 163
4777 205
1281 128
2606 166
1808 153
999 228
1476 187
1714 88
999 241
2123 169
999 206
2662 157
2662 209
3814 171
1714 45
4163 138
1264 124
2662 153
4856 137
1327 90
1714 73
999 224
1281 123
999 245
1476 229
861 138
3187 149
999 123
2662 211
1281 192
999 115
2662 276
1403 171
861 116
1714 150
861 122
1476 138
1476 212
999 182
4714 120
1476 257
4163 106
2125 33
861 100
4449 106
2523 205
1281 158
349 191
999 140
2662 226
443 145
1031 162
3814 243
2606 260
471 167
1808 111
861 135
2662 178
500 127
1808 175
3814 170
999 153
4979 228
4358 111
4050 101
349 174
2102 128
2662 184
611 171
1281 154
2662 229
1476 158
1785 146
2606 148
1995 200
1471 166
3115 195
1931 116
861 156
999 180
500 212
1418 123
999 186
2606 160
2662 112
861 151
1281 164
2662 189
1031 199
999 113
2602 170
2662 217
2662 189
999 227
4163 150
2985 115
2662 211
3187 136
1476 160
999 262
1476 142
3170 216
999 191
1264 155
999 171
3814 159
2606 141
1714 223
999 176
999 204
2390 176
2662 108
999 125
1327 52
999 237
3814 187
999 185
2602 129
1031 209
4979 87
4163 80
4163 102
1476 152
999 188
3540 88
999 199
4163 213
4592 175
4714 146
2920 76
4163 188
2606 99
3450 151
999 191
1031 184
999 148
2662 239
3038 115
2606 176
363 220
3814 159
861 133
999 174
861 153
4163 110
1476 163
861 129
2662 284
1226 199
2662 202
4612 215
2662 258
3814 121
2606 155
4291 82
999 154
999 122
999 180
2048 127
999 173
1281 86
999 141
2602 166
999 149
4575 132
999 280
4442 88
4031 117
2606 97
1476 184
999 203
999 143
1031 179
3969 155
861 179
4714 194
999 195
999 209
1476 211
2662 257
2662 241
2662 150
1476 248
4163 218
2662 217
3796 189
3814 168
2606 206
1714 135
2606 220
1714 221
1281 73
2463 156
999 155
2606 149
999 206
4777 220
999 295
2606 107
2606 128
626 158
2662 230
2662 147
3450 113
363 147
999 189
4979 305
1476 147
999 202
940 149
999 192
2606 124
999 119
999 211
3814 163
1714 177
2662 210
999 132
1281 135
4163 174
999 216
2662 184
1476 243
999 148
999 93
2977 85
999 159
999 164
1808 83
1281 159
1777 119
4677 81
999 160
4979 200
2662 212
999 100
1281 241
1714 167
861 156
3814 235
4979 190
2035 180
4979 164
1940 121
2606 195
999 99
861 145
2662 160
471 93
999 146
999 108
1476 161
1031 260
4933 122
1476 225
2662 286
3814 176
999 86
2920 142
2155 122
2283 167
999 185
2606 107
2674 225
2606 188
999 201
1375 134
2662 203
999 262
4163 110
2662 221
2154 212
4714 137
999 223
4505 228
2602 171
3814 135
1714 215
1476 163
4163 126
1281 118
1226 113
999 231
1714 193
999 217
2920 137
2283 103
313 141
999 182
3450 130
4613 213
4309 103
4856 139
1476 148
999 220
861 131
2606 199
1714 113
999 224
4163 162
2662 159
2198 55
1226 171
999 161
2606 216
2662 230
1281 188
313 231
4546 121
1281 154
2123 184
4979 223
4684 115
2048 145
4449 79
1476 74
4546 110
2606 143
437 162
2856 162
4714 163
861 147
1476 102
1192 64
3814 142
2662 167
1476 139
2606 104
999 171
2606 76
4309 180
3021 225
3031 51
2035 254
2662 224
192 83
999 166
4612 114
4714 140
2662 224
313 117
2606 129
1281 190
1714 139
2662 320
4714 170
4714 98
1273 173
2662 231
349 140
1472 140
2602 161
2662 170
1476 160
1476 149
999 111
2662 162
999 172
1714 90
2606 230
4714 139
2662 220
2662 165
4856 159
999 186
2606 213
4546 100
861 154
2606 135
1031 244
999 270
3463 180
4979 136
1714 152
999 190
1281 167
600 185
1445 147
999 192
1402 83
999 187
2662 259
4163 116
1476 185
999 186
3450 183
212 96
2662 102
999 122
2824 167
3814 166
1472 48
999 188
1403 168
861 187
2662 232
1472 116
2662 257
999 218
3909 102
4163 64
999 251
999 153
4163 156
504 118
2662 161
2662 239
2606 145
999 101
1476 176
999 200
1476 199
999 125
4714 184
999 286
4449 95
1476 176
349 83
861 145
999 106
1905 156
4979 107
2662 245
4979 253
2662 257
4031 96
1281 219
2674 231
861 177
1281 100
1029 47
999 91
349 158
999 84
3814 168
2662 216
2662 167
2123 195
999 275
999 188
4979 223
999 217
2035 139
2724 173
1714 125
4979 152
999 148
2035 224
999 146
2662 206
3072 72
999 91
4048 235
2662 264
999 79
1476 171
2535 166
2662 234
2606 161
4856 184
999 236
3814 197
1476 108
4979 244
597 106
999 171
4163 70
1588 67
2048 175
2662 128
2606 273
2662 221
999 223
999 270
2606 207
2662 258
3814 159
1476 207
999 104
3814 201
999 157
999 200
4498 187
999 171
2606 177
1281 174
999 140
861 125
999 185
999 193
4449 101
999 234
2662 251
861 115
4979 275
1029 177
861 179
999 191
699 96
999 223
4569 181
2662 194
2715 143
2662 252
4979 183
861 199
1476 189
999 245
3814 195
1476 208
2826 154
2662 184
2102 128
4546 84
4631 176
861 112
4003 112
861 159
999 175
2662 163
2662 132
861 151
2662 211
861 158
2662 211
2662 196
4031 147
999 236
1714 94
999 218
3914 104
2662 268
1281 125
1746 137
1476 224
1715 188
3336 42
999 186
2662 281
2602 139
4493 130
1476 272
1472 184
999 157
861 219
4960 218
1476 168
2662 250
3336 41
999 142
999 167
4163 223
2606 191
999 185
999 145
3814 84
2606 160
4979 184
4362 152
861 214
2662 133
4453 62
1281 146
2606 182
3336 75
2662 155
2920 149
999 275
861 195
999 91
1264 184
4362 48
2662 229
999 197
4777 203
4979 148
2662 74
2154 64
999 115
1476 117
1476 284
2662 234
2606 159
2662 146
861 168
1441 58
999 256
1281 178
2606 185
1281 206
2035 227
2606 253
1226 136
861 146
999 89
1281 165
999 140
2606 243
3187 81
3814 204
3231 105
3747 152
999 119
1031 176
2606 151
1808 123
2148 138
313 89
2606 182
999 134
2606 225
999 198
4449 99
4003 115
4309 138
2920 99
2630 60
2370 198
2606 189
2662 252
1472 88
2523 176
2662 161
2662 159
2606 148
2662 183
999 101
363 130
3450 107
2048 229
2606 160
2662 196
3814 215
2606 153
2048 85
1476 161
500 87
861 169
2662 212
1563 126
2662 41
1476 228
999 198
4449 84
3450 92
1281 183
2662 244
4714 151
4979 165
2606 102
349 136
2606 84
2662 156
4163 208
313 148
2102 63
999 146
1281 151
999 177
2662 267
1476 194
2662 273
2606 127
626 154
4714 136
1476 158
646 117
999 151
2035 198
4714 100
2662 229
281 124
313 169
1476 152
2662 296
3814 138
2606 196
2662 235
861 162
999 263
999 163
999 156
1476 138
2030 107
1476 189
500 199
999 264
4309 152
1281 168
2606 179
999 179
1714 157
1031 200
4979 226
999 134
1476 164
861 166
2662 265
999 255
4979 149
2048 103
2606 134
2606 166
1714 100
349 143
1281 146
999 179
2606 102
2606 140
999 140
2606 179
819 77
1777 159
1476 220
2523 181
1476 268
999 194
2381 66
2606 146
999 195
2662 206
2606 177
999 155
2606 164
861 111
313 145
2606 131
861 152
2662 233
2662 160
4714 144
2662 202
999 144
2662 152
999 176
2606 291
2662 225
4512 130
2662 146
3814 177
4714 128
2606 261
2035 120
1455 125
331 59
1281 210
4979 161
3038 128
2662 135
1476 184
3187 72
500 99
2674 238
2662 176
861 182
4309 214
4163 82
1327 214
2662 140
2606 252
2606 178
2606 163
861 133
999 253
3814 117
999 273
4979 193
2606 149
1476 114
4979 173
4163 142
999 168
4031 129
4979 131
1031 139
2602 187
2662 234
4714 130
999 249
1274 83
999 253
999 174
999 261
4163 123
3814 97
2662 208
2662 62
1714 137
999 163
999 137
2662 202
3814 214
1476 189
2035 128
1226 148
1476 172
4777 149
2662 224
999 197
1331 146
2606 162
3814 181
1281 103
999 257
3642 176
2606 121
3814 123
1476 109
2662 163
999 231
999 136
1476 193
999 166
2606 260
4979 169
2382 135
3336 96
4449 106
4163 155
4684 95
313 114
1714 145
999 180
2662 209
2662 311
2035 231
1376 75
1808 189
2662 311
2606 137
2606 157
207 104
1940 194
2606 211
3038 141
4163 150
3413 107
2662 119
1714 124
4412 178
4714 187
2606 116
3814 95
999 170
1281 174
258 105
2662 258
498 110
4240 66
4163 217
500 192
861 212
1281 233
2662 268
1476 206
999 231
1472 122
861 176
1476 115
2662 248
999 174
313 137
999 155
999 224
2662 170
861 269
1476 216
2476 129
999 166
405 56
999 167
999 173
1476 159
281 33
2662 196
999 188
2662 225
2606 175
3422 119
2606 159
4575 138
4163 137
4570 160
4163 128
861 159
313 164
1476 194
4714 189
999 246
2370 88
861 178
2662 205
861 204
999 171
2606 236
1331 85
1476 140
4163 218
1476 163
2662 142
999 211
2662 281
2606 97
2662 215
4163 148
2662 79
2662 164
2662 255
2674 177
1476 124
1476 290
1142 124
3814 171
2662 300
2662 181
3814 155
1281 200
861 179
2048 128
4449 70
861 191
999 150
3814 145
2606 189
999 219
1714 117
999 178
999 188
2662 96
2662 101
471 101
4161 179
2606 171
2662 218
2602 125
999 150
2662 295
999 201
2662 191
2606 183
2662 192
999 192
4546 108
2662 104
1714 117
2606 103
999 136
1281 135
2662 224
2662 175
1031 200
2715 132
861 139
999 187
999 211
999 135
1476 143
999 174
2606 91
1202 219
999 210
2662 98
4344 141
999 206
2606 123
2662 121
2662 268
3814 127
281 152
1476 156
2606 149
999 258
1192 177
1714 197
4163 111
1441 153
2035 194
1476 275
2662 269
2662 188
999 217
999 233
2662 246
2261 138
4684 161
3814 139
313 118
861 119
999 168
999 216
4856 199
60 86
4163 113
4777 161
861 159
2662 207
2662 176
999 189
1777 147
1940 118
999 185
4979 135
2920 68
1476 157
999 157
999 204
999 221
999 236
1281 196
313 91
2662 93
2714 164
1476 204
999 217
2662 223
766 118
4060 93
2606 203
48 63
2606 119
2602 158
1476 213
861 188
2606 135
2662 273
2606 282
2630 99
999 299
3814 167
999 190
1281 94
349 136
999 250
999 153
313 159
999 247
4163 80
999 220
3021 138
999 145
4449 116
2662 185
500 237
2606 116
3814 137
2606 108
999 169
1402 201
3712 133
4979 177
2606 145
861 141
2662 153
999 169
999 159
2606 170
861 161
999 172
999 121
2606 281
999 198
3814 220
3450 145
4979 250
3814 220
999 145
999 262
2606 127
2662 131
2606 91
999 201
2569 69
999 174
4393 171
2662 181
4322 188
2606 122
1281 142
999 204
2606 126
999 170
2662 263
3075 71
4693 89
4109 56
1472 139
1476 165
999 207
1031 236
4979 121
4126 136
349 133
4979 120
3814 182
4714 132
999 230
999 247
3482 112
861 130
2662 275
4707 175
1192 158
2662 234
2662 119
2606 148
2662 242
2662 227
1714 121
1281 187
1476 239
999 151
3137 60
500 161
313 145
999 128
999 231
2662 123
3814 188
2606 242
313 80
4600 192
708 102
1476 98
2662 311
3814 188
1031 231
2606 91
999 230
999 206
2048 109
2602 128
999 106
2602 109
999 203
2266 69
60 104
1281 234
2662 254
4714 115
3933 211
626 108
999 239
861 173
999 231
2476 121
2662 118
2606 219
4031 176
1714 183
2662 215
3814 162
999 182
861 181
3422 161
999 186
1281 149
999 110
1714 123
2662 160
1281 196
3814 185
2370 202
1281 168
212 152
999 174
999 126
1476 212
999 178
1327 164
2126 173
4350 175
2606 190
3524 148
999 155
2906 59
999 126
4979 189
4149 146
4714 143
4163 101
1714 140
2606 50
313 128
999 172
999 190
999 260
2602 185
3814 182
1714 107
126 178
999 156
1476 113
4613 190
4163 149
2606 128
2198 115
2606 165
2662 110
2129 54
999 136
999 124
999 201
861 172
1029 83
1476 71
4856 189
4714 117
3814 183
999 259
999 207
999 208
861 173
2606 170
2662 267
999 218
313 91
861 138
861 147
999 177
2674 212
487 217
4563 135
4031 91
999 112
4163 155
281 163
1476 206
999 224
1356 81
3814 138
1281 153
4031 188
4003 211
999 223
999 129
1476 126
999 107
4126 128
2952 109
1402 228
4546 165
2606 190
1714 209
1547 147
1476 185
3814 105
999 255
999 119
1281 146
999 167
999 239
999 145
999 145
3336 149
1476 119
999 150
999 175
1281 167
999 163
999 174
4163 138
999 217
861 155
1192 116
861 135
1714 94
999 140
861 155
2662 124
2662 241
2662 96
1601 100
2662 118
1281 159
3383 110
2662 134
2662 89
2606 128
1476 128
2662 135
2606 165
999 169
2602 104
999 170
999 119
349 159
999 181
2662 203
999 141
999 207
999 156
999 166
4718 216
999 215
3814 251
4449 60
1808 112
999 124
4163 142
999 197
999 208
500 209
999 176
1031 170
999 171
1281 103
2606 187
2662 245
626 80
4432 106
313 119
1281 127
999 206
2662 213
3814 166
4979 209
1632 47
1476 179
2606 130
999 156
999 76
2662 225
2606 94
2048 191
999 155
4569 220
1476 107
2662 298
999 113
2606 252
2662 173
861 188
3814 189
2606 172
999 135
2606 123
999 202
1281 162
4714 144
4163 98
1471 95
3814 159
2662 302
999 205
1192 175
1402 186
861 117
999 246
2606 36
349 74
407 133
2662 179
2662 140
3814 194
3814 249
999 112
2662 142
999 201
861 177
861 110
4163 134
999 160
999 150
1281 128
2662 237
1281 157
2662 141
1476 185
2662 158
999 204
2606 167
1476 153
3814 94
1476 117
4163 155
4449 128
2724 113
2606 130
1808 82
1476 115
2662 249
2606 136
2602 139
1418 102
1031 163
2662 251
861 184
2602 104
861 192
3336 137
999 301
313 94
2662 197
999 210
2662 139
999 184
1476 170
3814 153
999 228
999 168
999 220
4714 138
975 85
4163 177
2662 244
4231 184
4449 164
2354 117
625 104
2662 189
2662 164
999 133
999 167
4979 72
2476 116
999 122
999 193
4240 89
626 103
1476 165
2048 111
2143 215
407 154
1476 191
2476 112
999 160
2662 83
999 105
3814 152
2662 254
999 245
860 109
999 259
999 179
2715 109
1476 157
4163 122
2048 140
999 229
861 143
4163 149
999 254
3336 135
2606 171
2602 127
349 153
4714 170
3814 172
1476 136
1995 128
1376 136
2798 116
999 108
1995 156
3580 141
2662 213
4650 95
3721 151
2662 203
1714 104
999 180
2606 156
861 79
2606 158
4546 167
999 152
861 159
1281 147
2606 134
861 111
3814 166
4163 135
999 175
2606 146
2662 208
500 106
1476 278
2606 216
1031 102
999 171
2662 193
2606 163
2606 165
4979 186
4291 35
2606 150
2606 189
2662 191
2476 62
861 161
4031 146
1714 150
861 197
2662 157
4979 100
2662 224
999 187
1430 175
3814 224
999 224
2662 276
999 156
4714 157
861 150
3521 114
999 86
2606 142
2606 224
999 112
999 183
955 173
4546 129
2495 180
2606 91
4031 212
3038 88
2674 130
1714 177
3038 149
999 110
2048 67
349 117
1472 161
2662 234
1281 110
1714 118
1281 177
4291 101
4163 134
999 207
3721 163
4979 182
2606 196
2662 177
1281 184
2606 162
2048 143
999 188
999 178
1476 171
1714 166
2714 167
2548 94
999 124
471 200
349 82
1476 108
999 220
1476 210
2606 239
4358 144
4449 151
4714 82
999 175
999 214
999 115
500 131
1281 140
2662 192
3814 171
3814 170
2476 116
861 159
999 167
4979 159
4163 129
999 149
2606 119
1940 137
3814 177
999 140
2606 104
972 91
4031 130
2662 236
500 97
958 37
4163 141
2920 161
1777 170
4163 138
999 172
861 194
3814 186
999 153
861 151
2662 148
999 107
999 120
2602 132
940 116
3863 103
2602 124
999 192
4717 153
861 161
999 127
1281 133
2033 184
955 192
999 115
999 217
458 96
4309 155
2662 231
2165 110
3336 126
4163 108
999 202
2662 109
3814 172
1281 116
2662 146
1031 242
999 195
999 172
2035 251
1714 88
2724 128
2724 155
517 141
2606 184
999 188
269 82
999 115
4612 159
999 176
1714 186
2606 131
2606 167
2662 209
4163 133
861 137
999 181
3814 175
4979 97
313 173
4163 174
1476 129
999 206
861 171
891 124
4856 165
999 124
1281 166
4575 97
861 90
1476 146
999 184
2350 93
1476 122
999 134
4449 113
999 261
2662 228
999 148
2606 137
999 191
2602 131
2662 256
1100 186
2606 142
3814 97
1281 126
1476 157
999 164
861 76
4856 128
1445 176
2606 116
999 184
2662 194
4856 131
1476 162
999 151
4163 102
861 132
2662 152
2606 186
2123 211
4979 136
2662 309
4163 159
4163 104
2839 137
999 137
2569 130
999 208
861 185
2662 238
2602 187
4856 83
999 106
999 123
2602 168
3814 168
4449 150
1476 250
1476 191
999 150
3814 212
2606 168
2606 127
1714 115
861 184
3038 189
4718 109
999 170
4777 162
861 195
4163 123
2662 234
999 121
2662 111
2102 82
4979 127
1445 179
2662 335
999 157
999 163
313 188
4546 223
1476 144
1714 102
4714 164
1100 191
3744 151
4163 130
1476 186
4714 158
2662 99
2606 118
2606 169
2606 156
2606 184
2102 185
1808 104
861 264
1281 171
860 98
2606 192
1029 64
1014 214
861 193
1281 197
4512 102
4979 161
1931 110
3336 134
3814 250
2662 176
4163 96
999 189
999 189
999 201
2662 260
2920 128
1472 161
1183 137
1476 198
68 94
2662 144
4546 210
1476 155
999 153
2662 284
3220 45
2662 264
4105 145
2495 60
999 283
1226 134
1331 153
1031 203
1476 147
2662 177
861 120
2662 308
999 243
2606 152
2435 191
2606 105
999 185
2662 208
999 188
3814 194
4979 129
4714 130
4714 63
2606 164
861 204
2662 141
861 203
1476 163
999 162
1281 143
2606 92
1476 134
999 134
500 222
1403 93
2602 147
2662 314
2662 127
999 121
2476 130
999 191
1120 103
999 213
3464 131
1226 168
2805 140
4714 161
4449 235
999 212
1808 193
500 185
2606 131
1808 113
349 140
1476 155
999 124
1031 258
999 158
1714 198
1298 186
2174 97
861 128
1476 171
999 118
1476 205
1476 203
1476 148
2662 177
2606 192
3413 139
4714 51
500 222
2611 200
3031 90
471 151
4777 207
2662 251
999 206
626 147
4031 133
999 180
2602 154
2606 168
2035 180
2606 162
1281 210
2606 172
4163 106
2662 123
999 118
999 173
1476 172
3814 152
4714 165
2218 186
4240 182
2606 114
2662 142
999 154
999 174
4105 149
4979 186
4263 173
3814 176
999 157
2035 205
1192 160
2662 187
2662 172
999 139
4777 135
2662 192
2662 163
999 272
3814 212
1516 134
3041 75
3814 158
4240 103
4163 211
861 97
999 187
458 94
999 162
2662 191
4163 106
999 121
2102 106
3192 141
3814 209
626 59
349 89
3498 22
4163 159
999 139
999 201
999 223
999 123
2606 148
2662 263
999 136
1281 140
2048 203
999 175
4163 182
999 226
2662 165
1273 83
955 115
4449 132
999 215
699 122
999 173
2606 173
1476 148
2606 133
1476 155
4592 190
2961 119
4163 167
2662 252
999 97
2523 246
2662 174
2662 237
1714 132
999 149
2606 212
2662 261
4003 134
4931 156
1476 171
999 226
4117 140
1476 200
2123 185
999 167
4714 180
2606 173
1472 177
2662 284
2662 83
2760 97
1031 179
2606 143
999 185
2760 206
1476 197
2662 290
999 262
2662 190
2606 94
999 157
999 180
2662 121
999 171
3814 222
999 158
2606 81
861 142
2606 88
3336 24
2602 147
2662 145
1714 150
999 203
999 97
2102 40
1714 132
999 114
2662 136
1281 161
2606 223
1071 165
999 92
2952 148
1029 118
2662 147
2606 201
4163 169
861 169
999 174
2662 160
2662 245
2662 183
1403 80
1476 162
999 194
4979 179
1226 61
999 110
1714 128
3719 138
2606 121
2662 209
999 119
1472 103
2662 170
3038 167
2035 171
3814 206
3814 239
2606 179
861 176
1714 126
999 181
1476 132
