10145
26194
27690
13967
14194
31243
5187
15952
25624
10314
30435
22798
19254
28520
10118
19437
30519
28529
17493
10717
27822
3844
10424
22627
19437
22415
16498
27822
19723
30134
27280
30173
27822
19437
16498
27742
30134
27742
27742
19437
17413
14194
15826
29252
6267
16548
5181
27742
10424
27742
7830
7329
30417
14785
33688
16405
7329
27742
31289
21837
27742
20411
16405
27742
13547
27466
27742
17605
32973
225
34963
27742
6267
34963
5301
26285
16548
27742
5013
20481
11142
27742
689
27742
29463
13887
13887
22335
16405
25497
35567
14381
33614
30850
27945
27742
20481
20481
3298
24569
27742
25163
9921
20411
17413
21176
16871
27742
27742
7912
27742
25163
25497
11062
27742
13887
27742
28265
32403
29463
34941
13893
11991
3404
20465
27742
9943
31484
32403
31484
34630
5181
11702
20465
27112
5590
16548
11702
14740
27112
7912
27112
27112
28265
34934
14259
27112
27112
19688
826
34934
7912
27112
19679
27112
27112
16218
30258
11015
11870
10323
29515
27606
27606
25991
26770
27606
33515
13893
18496
28724
17706
27606
36367
34934
26752
29342
15751
18099
16218
26460
26460
23054
5367
26460
11527
30072
26460
26460
5627
26460
36433
15751
36433
26616
17349
26616
37377
10424
33902
36128
13735
26616
33976
11739
24845
17819
11739
39525
13735
33423
26616
13735
11739
13735
30193
38067
8228
13735
11739
9943
19661
9943
13914
10323
10323
10673
31894
14022
25361
27429
2475
11739
27747
25361
24845
11739
25369
1989
16262
14262
25777
37335
10290
9943
14475
25777
25409
13735
14022
26676
26464
8228
14865
11568
33319
18788
32800
21806
21806
18788
24648
22999
26307
32559
265
22999
16000
13153
17349
28730
5618
8725
26929
17349
8596
13605
30000
15987
14616
28147
29788
7482
14616
13171
30156
30000
22999
14616
15070
34063
30156
17349
40326
40326
11639
14616
11567
22999
29632
14616
30000
30000
9943
16852
30000
14651
27813
33150
9943
17434
31404
10290
31036
15981
31404
7859
34063
16528
24744
20606
32113
5787
30475
38416
4160
10290
10290
30241
29735
20294
14539
21797
31745
3468
31951
32326
10290
31951
20737
35595
15635
33303
32742
21810
6704
32948
32948
34063
36012
4248
16190
33303
22700
32948
3351
5949
34063
40214
33086
16190
35652
17600
40214
36114
33292
23639
9943
28180
33292
33292
36114
4902
31343
39803
20819
9943
4366
33086
18589
17320
16190
33086
19375
16872
33086
25103
35861
14614
16190
33086
5949
19919
15088
33086
6773
27951
10290
33086
12665
1785
40081
33086
20294
19778
26813
7859
33086
33086
33086
35920
40081
16190
33086
33086
33086
21824
11174
29268
22328
39776
32485
13658
32395
34036
32395
32395
9886
40366
32395
16190
32395
40366
14130
32395
32395
18982
32395
32693
32395
32395
32395
32395
33658
32395
32395
16190
32692
30244
18548
25651
32692
33276
19911
32395
14174
16190
40366
18151
33817
30169
22253
33520
33817
21528
12538
34941
13107
34941
22200
22253
30622
34941
34941
20797
34941
26611
39955
9586
31966
33957
35378
20553
40366
34611
34611
39955
34611
34611
10555
16190
21109
40366
34611
26393
10290
39955
17221
39828
21122
19625
10125
39828
35783
12079
39828
18779
33629
20792
39124
39535
35783
20792
33302
16940
32445
43856
33205
27478
37098
20977
32596
16670
35783
36848
38291
38702
20143
20400
33302
38702
4588
6910
20196
36624
45668
33302
32527
38291
1075
16940
33330
18524
20792
20703
38291
19047
36652
25433
16668
38058
30379
25848
20792
38058
11118
23858
37892
36652
33330
38291
36652
33079
20792
33330
7831
32207
38702
24647
38291
36652
38291
16940
36652
16940
24647
11118
33330
33956
7988
36652
11118
44843
19047
25433
7988
33330
9943
33284
38702
27140
38291
27140
6254
20196
17574
33205
37734
11118
5394
6311
11950
20400
15184
17501
27964
35689
17939
35689
20792
28430
11440
17501
21083
34524
35503
40582
34039
34357
28877
19903
12278
17485
37833
46514
37833
17501
37833
47889
17501
37121
31560
25511
37833
17585
34524
37833
37833
21959
38516
34524
39002
34804
37833
12535
37833
24063
7737
37833
17334
38217
48677
17334
1535
36899
39964
17334
16024
19195
42948
38339
21576
38339
37025
17334
17334
26595
17858
11856
38339
19340
11498
18916
17485
38339
17858
19195
31819
38339
11130
35852
38430
38430
30805
17334
17858
38430
38430
17334
38430
35852
38430
46880
10538
19343
38430
27846
17858
38430
18721
21240
21576
25200
7766
35481
35852
37128
28344
37128
17334
35852
20382
30805
19127
36109
36109
32530
10069
21576
32222
35797
35797
47542
15604
24172
34619
12774
8500
27227
15604
36233
3267
35165
20745
38172
9069
20870
36233
38172
3699
20102
4551
1932
36233
48529
9350
28595
5277
26133
36233
36233
29287
36081
8351
23931
5423
25638
16474
17528
16552
36400
36400
36400
17916
18578
36400
36743
36400
35090
36400
16474
18764
31876
36400
36400
36400
36400
30742
36400
36400
6785
34018
16474
36400
17528
19062
1918
36400
36400
33163
33983
31789
28197
36608
23460
36400
10932
36400
12774
11241
36400
5550
23460
46450
11739
19568
35418
21369
41956
25406
25406
22444
14182
34770
34770
5211
17674
34770
16907
2719
32519
6645
8045
34321
12921
28195
34321
28482
21556
21976
4602
34928
17576
34928
5519
34928
21055
34440
10866
16059
41189
11739
34300
19494
16059
34300
34300
34300
42328
34300
5791
29407
2411
21152
16059
34300
9068
21242
16059
34300
25196
29272
12342
9350
34767
16484
28347
7311
35036
35036
29272
35036
35036
4191
35036
12300
35036
35036
25672
35036
35036
35036
12485
35036
16950
28430
6785
40388
35324
40690
29272
35005
25672
25770
35324
25672
35324
35324
35324
21619
35324
15747
10946
35324
35324
35036
16382
35036
38717
10694
6785
38466
35509
16823
12485
35509
35509
16823
11763
35509
25003
16382
35509
25003
17111
3852
26205
19161
30362
35509
16382
24042
28255
16024
18729
39420
12823
22419
35509
28786
35509
16823
15829
3446
35509
35509
35509
25550
35509
9266
35509
8056
35509
16823
27995
16823
30222
2957
35509
11763
17869
33648
35509
16823
24661
35509
31438
18595
36596
36596
25507
36596
16823
13794
42442
36596
36596
36596
16823
36596
6785
31438
3213
28170
17426
10722
36596
17426
9490
4075
9490
36596
36596
20248
36596
36596
24885
1801
10119
24238
36596
15779
16479
21955
6785
36596
36596
36596
24071
13790
15779
36596
9586
9068
36596
6309
13790
14936
10494
19018
6913
32970
36596
22612
20935
26145
17525
18968
33081
27995
37046
37805
37046
38167
38408
5550
21412
22855
9490
22855
31386
37046
37046
6645
31386
16136
15774
37046
22065
23965
16695
37046
37046
13790
37046
19508
19798
37046
24417
14297
49207
36984
30460
6785
49744
15779
22989
16216
12110
16216
37769
16216
15779
15779
49999
39998
15774
12522
37539
11149
18838
28190
37356
37356
14703
15774
12962
3691
17836
15779
33765
22050
38240
12381
16034
38240
31876
18478
16263
14304
22315
29528
38240
16618
38240
14304
38240
29528
29176
15845
3909
18563
29261
38240
29261
18089
17190
27317
22385
14304
15612
11669
4324
15901
38240
4394
4085
38240
15901
38240
38240
38240
38240
38240
38240
12715
28083
38240
38240
24481
38240
10637
10637
38240
38240
7616
44390
28562
28207
38240
32310
27885
37052
37052
44026
37052
13323
34953
10255
37052
12630
27618
26167
37052
5156
16467
34953
15901
13889
36433
36433
36433
15901
16870
13649
24458
36433
27401
25415
12976
36160
16930
36160
6784
36160
36160
8629
43173
33945
33945
30355
6784
20803
24640
36012
27437
9562
15901
18134
14259
21454
15901
23418
34867
13649
34867
15612
34867
30360
25263
5716
34867
24026
15901
34867
34867
23418
20803
22292
35010
20429
24938
4988
36361
9932
36361
36361
36361
36361
17185
13649
9861
36361
29578
8245
28022
15831
3802
15901
26178
34740
18541
10421
34740
8748
35309
15831
34740
36044
12260
16204
16204
11360
20685
33371
6039
28217
16204
16883
18663
33568
34740
11760
19182
36866
18663
16204
16883
34042
34042
33911
34447
34770
16204
16204
16204
33911
33911
3802
35052
16204
9530
36943
4473
35052
12260
15929
17545
17667
19842
36854
35052
17909
16204
36392
36392
34818
36392
16204
36392
32552
2719
16204
26595
8839
20559
9277
37109
34818
14835
37109
14993
14993
33702
37219
24690
29543
42266
37219
37109
37219
1871
22814
25101
37219
25101
37109
37219
25101
37109
15855
26848
42266
37849
37219
18375
34124
37109
37219
756
37109
16309
14993
7616
19677
12580
37109
37109
16309
14993
37109
15461
12905
37109
34959
41902
27503
37231
26066
37109
4281
19070
19885
26906
37949
6167
17146
13225
16309
14993
8294
31891
18089
3909
22814
6785
24573
6167
22295
36787
36787
14993
37146
7319
38620
2341
38620
14993
26934
17932
38620
26143
38620
38620
17019
38620
16435
38620
26554
26375
38620
38620
14993
18854
1651
38620
9914
38620
45898
14993
38620
14993
16190
38620
38620
29861
14508
39734
39734
39734
9914
20239
15460
39734
10227
5717
38622
46840
20239
42535
40045
19144
41376
6544
24892
33369
40779
40779
15608
41180
25435
47144
39667
15460
9076
39667
8855
14508
10227
24998
11743
18770
40399
40399
40399
39667
39667
14508
40994
28572
23356
39667
40994
35148
40994
8551
39667
40994
10227
40994
10227
26480
20973
14700
44917
40994
48419
39667
48419
28572
579
14460
14460
14096
10227
32624
17514
26820
40007
40007
15456
21491
31091
3449
15456
39442
14460
39442
39442
15771
15544
20024
39611
15683
15771
39611
10227
38718
38718
42340
49222
40399
15544
40399
13127
46150
42340
5198
26418
15544
40399
14460
18638
42726
18764
12440
2322
24996
46278
14460
42726
45383
28202
25225
14460
40399
20301
1913
45711
15202
11111
42309
38965
10794
14769
18600
14769
41024
38965
45572
38965
14027
14769
14027
24686
44563
25778
29720
7783
32907
9221
9221
41024
17526
29732
6407
14452
14452
24504
41024
41024
3348
41024
38965
20271
14398
38380
25193
5556
18328
11111
38380
45026
40439
11111
38327
40439
38380
12970
13630
44056
13380
26030
8407
13380
39388
26201
10810
33314
6761
37330
46193
11111
10810
39388
26201
39388
13380
20961
11111
27232
40840
2833
40840
39238
20471
6444
43950
39238
40840
40840
14337
19985
18143
40840
39238
9454
21129
40840
40840
21927
24537
24537
8620
16005
26051
40704
38469
14337
38934
11111
25045
38934
14337
39879
45198
30621
43120
13344
40200
39102
23393
14665
39102
21507
13889
40178
5315
23393
42582
8681
23393
39365
39533
39533
39102
46780
23393
23393
8940
39345
25534
39395
43578
38081
38081
2953
18917
28773
21399
39104
9454
23839
37650
15609
24680
42341
13103
16414
16414
11735
42341
15609
23839
32228
39104
8365
23839
23797
17841
23983
37650
15609
24599
13263
37650
8674
37650
39104
32050
13263
19589
15609
39104
15609
2500
16805
4698
4324
37650
29168
40706
14680
16749
26444
23733
38998
38998
17216
37544
18618
31544
16749
16749
11014
28333
7536
4435
16749
11014
15792
4859
44895
39161
37707
2083
40587
39133
16749
40587
28513
45691
41974
14248
25843
10343
39191
18085
39539
6444
46097
15205
16966
40074
17093
24302
41034
46269
17228
11499
46145
42204
12403
42204
16514
11791
17735
6302
40843
19133
30318
40843
42204
46425
15080
17629
40027
25819
40027
44575
15080
15080
40027
13700
4859
28687
6444
25407
15080
21427
36021
28097
13873
41322
7822
41612
15080
27101
42041
26485
42304
42432
12009
42304
42304
19364
12807
4187
46223
15080
23935
16101
4868
8257
30862
43010
1275
41875
21318
47981
43010
43010
47981
5721
4440
29176
41338
12747
41338
13859
40675
18924
15080
15080
15080
14968
3094
41627
21206
30094
30094
43141
45559
11186
43141
43141
40203
43141
11186
21515
12009
43222
32192
5750
12436
18086
23937
13657
30385
47933
21648
13657
44226
19319
42754
12009
21669
2509
34792
44226
12377
15142
18086
44226
42527
47765
32933
43580
45279
32342
10525
26714
32116
43580
6577
45279
12009
45279
43580
5934
43580
45279
45279
29718
18086
47247
32116
21303
44745
44745
43046
15142
44612
31321
15230
24124
3909
24242
44517
21646
13550
41002
4799
31096
17107
31096
2852
43046
43046
46089
8102
24395
44617
11220
31054
46089
17786
46089
13550
20223
44617
23296
31932
11687
44479
13550
46883
46883
48203
11242
26685
31579
10534
46883
9960
46883
48598
28723
45411
25599
11245
21963
45411
12009
7824
25885
27073
6281
27073
26879
42261
5934
9213
13550
27652
46589
31427
46589
16012
46589
46589
12009
46589
46589
41640
4435
46799
13550
16012
21669
41597
32152
24734
44185
24594
31907
20485
40619
45370
45117
13550
45370
13550
13550
45774
45774
45010
9402
45774
25409
23863
13235
37889
3575
19109
13550
45774
10534
28132
24263
26412
20122
44420
34180
31060
32637
44648
44648
12250
40864
28090
44648
14740
13550
44648
44054
25913
43641
29386
43641
5338
13582
43641
43641
22662
7199
22065
24336
43641
43641
39926
32865
24077
21838
1901
29503
42566
42566
3663
42566
42081
22461
19340
13699
42081
11693
13699
38297
36766
41779
41779
41779
28385
16465
37995
15708
13699
23394
27148
22930
19640
21001
43507
16953
13699
44448
26458
19566
42665
42665
28960
42665
42665
38752
39705
21855
35804
13699
29414
13328
42665
5910
13775
42665
5811
12551
13822
42665
42665
42665
24240
37945
24719
37945
42665
42665
27420
37835
42555
6398
38457
21483
15967
20402
23394
22722
39827
28645
44039
31292
12551
17321
43854
43854
12551
12551
5811
24356
39634
13665
4995
43854
35636
11531
24140
32699
43996
13421
43518
8133
44636
45180
32350
12864
32350
17606
26459
11158
3910
12864
9173
44636
12864
25077
44636
44636
44636
929
2743
44636
44423
44423
34741
45254
45254
5225
27122
45484
32454
32454
29844
45254
12864
4758
45254
45254
25250
45254
45254
44403
5721
44403
44403
32607
20057
44403
44403
44403
33790
37576
20808
44376
44376
45235
24421
13452
31436
43850
18003
43850
23522
43850
28063
43850
4207
43850
22617
27728
10907
43850
43850
43850
15114
24101
4191
22291
2620
14309
35382
43964
7804
12129
43964
43964
40693
40435
11377
43964
43964
13452
12026
41595
10724
40663
32322
42185
33071
14659
8786
8377
11377
37134
40663
22083
40663
10077
42978
42978
23242
11613
35382
43149
27788
43149
43149
11377
41252
20134
42949
28344
22826
24395
17681
16075
44846
44846
44846
44394
23242
10313
38036
44394
44394
8377
41317
9641
10907
11289
21945
11336
24721
44517
18267
10917
24721
45689
32259
45689
42489
32259
45689
8399
41189
18314
8805
11377
45689
42489
37337
24458
26832
17033
11377
24721
26832
32482
19697
3912
22713
25538
26790
32482
45042
45042
45042
45042
11377
11377
7079
28685
42489
13843
45884
45884
32286
13123
27366
5137
19491
44866
21584
45490
24448
41971
45490
41971
15978
43865
43865
27445
40470
15144
23852
43865
27366
19583
43865
38576
3245
22015
2853
34180
42061
42730
17491
11617
42061
13123
39335
10191
1647
42061
16539
26097
20929
42061
13123
4955
42872
28272
39477
33770
24593
42641
34135
17781
16481
25405
23980
43145
43145
39750
17781
43145
4677
13123
9429
10251
24600
8253
43145
34920
28805
39750
21257
26164
42753
42753
42753
19415
4758
43586
43586
43875
29204
25416
43875
43875
10699
37557
45240
45529
13696
45240
33408
13123
10251
27817
26824
41822
11274
41012
22308
28385
11447
6406
4677
8688
46091
46091
25265
46091
46091
46091
46091
46091
8839
10251
16975
46091
23223
27907
18390
18048
45595
45595
45595
17713
14484
13026
7169
45595
27720
2266
14484
26115
17138
10251
45595
21760
36595
9849
16913
44460
27238
37323
28132
44460
33232
42665
11235
29720
6815
26028
46107
46107
13026
1298
46107
46107
46107
29247
16975
40046
2884
14359
36440
46107
42799
11440
46107
25382
1433
28983
26405
26405
21772
45396
19957
27398
45396
45396
45396
42088
13026
45396
18641
45396
45396
13026
45396
11158
19976
4782
14359
45396
45396
45396
45242
45242
4880
1756
22841
45242
9194
44697
13026
6815
44223
44223
41069
21772
44223
44223
44223
11978
39320
1391
42909
41069
31408
4765
11158
11158
41069
44223
15849
16990
43982
18641
31408
44325
44325
13371
31408
13026
21473
44664
18256
44664
44664
27343
10736
34557
44576
44437
6815
27002
45062
30328
10050
20610
962
5778
7214
18198
27180
24502
45356
12371
5644
16216
45356
45356
11390
13620
11347
40086
45356
45356
3479
24469
15487
13620
45356
45356
14572
11390
45356
43682
15401
43682
43682
43682
43682
43682
13620
15499
43682
43682
43682
25431
43571
2180
26020
43571
43571
43571
43571
28668
14916
39698
42897
12413
13866
42897
28043
42006
21239
11390
36592
42006
15014
35486
42006
42006
11390
25431
1600
29824
17445
11612
42006
6124
18834
36009
38091
4691
29824
39522
11347
38604
13866
25150
38405
13568
9009
38405
38405
38405
38405
11511
38405
36720
26318
14071
13866
38405
14835
32760
12421
21253
28622
38223
31885
38223
26869
28622
25150
37792
9216
25150
37792
9242
15377
37035
37035
32132
37035
26064
6662
7837
37035
22356
19022
37035
38220
38220
26335
7607
13866
16232
11347
38220
27748
16866
35543
31168
38220
38220
25952
34155
17349
7678
38220
13566
37626
8526
13272
39085
39085
18214
28257
38851
24035
38851
33835
38851
11991
30605
38851
34698
27956
38851
13056
15628
38851
38851
38851
38851
30657
19412
38651
10805
13630
38651
23541
38651
25952
3123
19057
39056
39056
13530
39056
12879
39211
11001
24312
12345
37844
22401
37844
24312
37844
37844
34080
37844
37844
37844
1632
25082
8227
37844
37844
36846
36846
12345
36846
36846
13101
24146
2211
38326
38326
26195
21306
38326
21530
24312
4958
18762
14752
12181
38326
30001
28345
38326
12481
28125
38326
38326
21901
5629
29911
4701
38326
13101
38280
10548
26327
21306
37233
37233
37233
11581
14706
24444
14706
32035
25815
28125
37233
37233
14706
20897
12189
28245
36867
31669
29781
36867
14706
30048
21341
24368
36867
8326
26056
7678
14706
37123
21153
37123
25392
21153
37123
20859
37123
31669
13004
37123
14706
6754
9377
20558
38073
7791
27701
36939
37117
12189
32015
14195
20558
37082
2042
37082
37082
5743
12189
15962
18463
37082
37082
12356
37082
37082
12815
21458
37082
37082
12189
20389
36622
14195
14195
36622
36622
25632
14195
37375
37375
37375
12189
12189
37216
22307
11064
16006
37216
7678
31810
30308
5533
31810
20496
8022
12189
37216
21528
37216
37216
24051
5245
37216
12189
10397
37216
12043
23258
16409
32346
31621
37130
37130
37130
32148
13465
37130
8607
37491
37491
37491
4969
11687
11754
23515
37491
22307
12043
18154
37491
4486
37579
37579
37579
30945
9587
37440
7678
7839
30396
11687
36461
17036
12103
36461
3667
36347
6157
10732
3327
31640
25409
36171
12465
36347
30147
10732
35245
30147
35245
22232
20289
35245
13057
2430
35245
11121
8639
31640
7839
35245
35245
35245
22013
10397
35366
31640
19590
31640
12465
21462
23448
20063
35366
35366
12465
36295
30731
12250
25068
7678
7678
36295
19289
35804
7678
35804
35804
8957
35804
36332
36043
20293
12566
10732
36317
20717
14971
12566
21286
12566
25355
22636
27710
30731
1275
18445
19315
30731
12566
35491
32452
12314
23665
18345
4112
11811
13081
13081
22310
13883
34397
12566
32224
11137
29730
34397
34397
21568
34397
34397
30326
11137
15019
6633
13081
4526
5106
23091
34397
34397
35365
15019
10732
21498
33320
8048
29499
31512
11137
33320
37316
6373
33497
28653
10732
34441
34441
13861
6793
34090
23516
26199
32816
32527
2179
11699
29490
34090
34090
34090
33424
22002
34132
6633
40121
40121
31931
34132
40066
22799
34132
29968
19069
27346
34132
13420
13420
34132
8591
4225
18076
16915
26370
13678
28561
38113
33233
13194
34132
10334
33744
11768
5072
21475
32804
7754
41476
18076
34895
12585
31945
31945
8113
27221
17436
31154
39503
31154
31251
31251
40576
31251
5072
36448
12760
9695
10732
29252
29214
8960
28956
28956
11003
28956
36160
25917
17713
28956
12585
2455
28956
28956
13508
25644
28956
25222
33389
14218
33389
7754
1559
13263
20937
24357
37577
13014
34212
28956
18076
28956
28956
23970
34050
31350
34389
29817
12585
16084
20712
10128
9695
15955
34932
37636
12585
12585
9695
29758
29758
29758
29758
34109
34249
12585
29801
23973
6377
12566
12585
11065
37594
29801
21930
4207
29801
36817
32858
29801
8615
9192
36817
29801
29801
21955
35549
11530
29801
4112
16717
29801
29801
35601
25973
15435
7686
12158
11530
27387
15435
11530
35601
29109
35601
22963
12585
34696
29220
9695
5554
27384
29176
28981
11530
28981
28981
28981
12585
28928
31575
28375
16776
13777
11032
16776
28375
12585
19861
11677
34176
29886
17635
28667
11731
9762
2322
11677
29273
33563
28667
28667
6828
22178
12830
28682
6828
11462
28682
25614
8378
15003
15008
14463
33470
20787
13686
24560
8163
10164
14463
28682
17767
26958
32657
13686
6369
32657
28338
28338
10101
21258
32657
5325
29565
29565
15891
15554
26154
20911
22504
28201
15025
15025
28201
10113
28201
28201
28025
8378
28201
11406
26114
15025
11731
28201
15025
3401
17080
28201
15025
26380
26380
15025
26087
15025
30813
29286
20787
9003
26903
10098
30699
30011
25276
19016
23265
29286
29286
12538
12878
29286
29286
8454
15025
29286
12878
12871
9617
15025
27772
27772
30066
27772
6929
27772
20498
8932
6565
31316
13406
28300
21660
28300
27806
27806
21751
26792
27806
17464
26795
27806
30578
11658
14132
19516
7615
27806
24198
29307
30088
30088
29968
30088
9310
13624
13624
29307
29968
15359
30088
26922
12990
30088
22045
22120
22572
29613
29102
29613
13624
29613
23982
18960
19635
22572
10761
29875
12538
29875
29875
26475
29875
3895
25861
13612
29875
29042
27184
13624
25861
28005
20111
13806
28005
13624
28005
12739
13744
28005
12538
26019
13302
28005
6296
23075
24674
8454
20093
28712
20111
14902
10536
319
29625
12739
18960
29625
14981
6296
2462
28805
5394
6384
10496
29728
6836
29728
8948
18394
12424
29403
16815
29728
6859
16349
29403
29728
23547
3863
10338
1279
28712
28712
29728
22061
14902
8813
16916
20376
27645
10785
16916
28947
27645
19870
22756
14902
23761
6768
13208
28947
15568
19291
20767
27930
27930
5172
13208
20131
22858
15123
27930
3409
27930
27645
10113
25859
17774
27930
27930
27930
12739
11114
10642
6720
13208
14902
21044
28486
16786
27627
13208
14902
18453
8551
15416
20985
15416
28486
16786
7616
11518
26578
17679
10113
26578
26578
26409
25859
26409
26409
26409
26409
29419
3594
13638
22843
21337
26409
25180
27121
9723
5597
8421
17786
3593
10707
27121
13208
27121
28740
16953
9503
12586
17274
16953
27121
27121
15835
16953
13208
25228
27070
8405
10820
22164
27070
27070
6981
13208
23663
12354
25826
28931
9664
2458
28931
9664
6768
14185
16953
16953
28931
28931
13208
5563
17753
28931
13070
29278
28931
27120
12377
17753
28931
23663
6981
27698
29638
17645
27698
17753
28931
28931
28931
17753
23806
27698
23107
30677
8189
21436
29030
14795
30514
25945
2290
17749
23506
31428
31428
31428
17749
17749
9723
17749
17835
30381
25926
26160
31428
8610
35394
31428
19995
35394
26160
8552
18193
13287
32007
32007
32007
32007
10075
32007
12195
8552
3743
31041
22485
22519
12501
12739
29960
31041
7312
31041
16737
22519
31041
31041
17749
33760
31041
31041
9478
33245
16686
31041
16737
8405
23378
7122
25024
29964
29964
29368
29368
15436
29368
8552
18908
33715
18908
15436
29368
29460
24093
19115
11645
15528
2234
29460
29460
25572
15528
29460
11308
18901
15528
20211
25047
10871
23977
19007
15277
36342
26120
19927
30720
27269
18901
37555
22294
12831
28962
24894
9098
26423
3781
19133
14118
37685
18296
18296
7616
29889
31258
31258
11645
24522
14808
23091
19708
30467
27684
21568
30467
27127
13859
32044
32044
13859
15528
15528
18886
19087
15528
9578
30467
9401
27127
30467
13859
30467
16497
12115
12115
9646
19087
29386
19087
40165
30467
22415
21568
21528
40970
6452
12708
32089
22415
32296
19545
15277
32296
31112
10542
31112
25996
28686
23915
20924
31112
23915
12831
12140
31112
12831
23915
32914
43695
6583
28023
31112
22464
12831
30624
44227
19843
16986
13920
16193
25996
45250
29808
31112
13402
20407
20096
15070
28417
20407
43806
47536
22471
17497
19222
1772
22464
31496
15661
33255
44660
38519
22684
20407
48845
25012
37980
28407
3686
31496
31496
23075
20407
30733
14813
19222
22464
33397
31496
49081
19222
14822
37980
12686
51094
12831
17573
24534
2808
39539
28407
26498
9401
31496
22464
8097
31741
9791
39484
31741
3090
31792
33627
32567
23350
4585
15980
21039
9648
31741
20107
52131
31741
28407
25135
50737
23938
52131
15200
28407
31990
28407
20107
8174
19222
39682
39682
39682
12816
23915
32239
15980
17478
6983
8680
39762
29156
7132
8176
31424
5959
23915
51358
28407
47172
17245
17573
33080
33080
22478
714
1677
33630
20107
14586
20107
12927
29286
19008
41764
8823
41764
16520
33761
29286
12771
41764
33630
15698
22478
25376
36605
29286
32687
17795
3477
12960
11927
23085
42804
42804
34670
12790
18558
34670
2735
23915
29066
34670
24013
34822
22026
22464
34985
8176
22788
11963
14770
19150
42377
43900
26945
20242
48011
34985
11740
19484
5486
39519
34180
39519
14044
23901
31200
21053
20181
11740
22992
19916
38854
38843
44785
10392
38647
1082
33308
19810
11998
33308
7205
27920
22268
37380
16341
29259
18593
16003
27795
23282
9207
29259
23231
18222
38859
24814
23787
27694
24375
18593
19613
533
48026
27780
6028
35004
20022
46907
25957
23787
8176
35004
23983
10137
40483
24787
23282
35825
23282
52883
47819
35825
23936
12896
38903
19150
34675
50565
5634
19741
38986
15501
20807
20166
38194
33883
37631
12580
11102
17622
9643
23282
17622
33195
6083
20166
33350
12713
11618
25298
34969
32635
22406
8195
19910
27330
5982
22268
12073
16401
15584
22268
49841
36031
27371
31338
8417
15813
4751
8176
2501
8880
31405
22268
36640
20148
36931
32258
17792
33651
8745
17792
30298
33653
27841
23617
16071
3271
36643
34060
28494
19155
15623
27235
37237
9403
7327
17792
33444
9199
18926
4775
33444
36915
15749
3520
17422
37268
-220
8802
20241
32902
14726
6665
31659
32902
29782
12156
23972
38131
38131
33990
19937
31510
25454
15392
31510
11097
29841
36739
46594
10676
26040
42057
15207
23972
47346
20906
20994
33394
21082
47522
24422
23972
17298
2808
17224
24065
32825
17960
37950
33809
32283
12156
32825
29641
29845
53057
39356
20678
23972
9483
25104
20678
27856
32825
30781
39356
30439
32115
32115
15490
30313
17792
23078
17792
25373
18610
16609
15490
38353
28638
24490
11614
34664
27514
17224
15929
9483
3890
17792
31822
45548
24638
19815
31402
17074
46208
8822
32768
12190
31402
31402
8822
3298
32768
46432
23439
26416
31402
28218
9483
27031
37982
18370
15482
26585
24032
18686
25989
6651
37982
36127
39332
32467
32855
21089
55701
31208
28916
41711
18399
25911
23611
4756
31040
12389
33274
31208
28197
18024
54362
18406
32064
32033
29190
31642
19393
38706
6505
6626
23801
32076
24134
30718
57615
24858
6102
4585
21514
40948
44505
42207
28417
54171
25969
32464
17054
7205
13470
47623
12947
31023
60204
43233
27374
28018
18323
17488
17488
18382
38610
53326
48668
17130
43880
38983
4474
43086
43844
14643
28726
43042
13863
9397
34741
58977
19815
9397
25049
51212
47619
23196
43556
11360
17687
25049
11539
3170
46686
59161
39961
27566
17687
25396
24836
12655
31249
26050
44835
32185
46545
32185
28523
46545
25765
24836
28726
67231
3742
47833
43959
2577
19232
41761
36393
13943
53228
14176
47207
9467
19781
32151
1592
41225
32151
31215
52451
25015
16292
17687
26868
7397
6265
54482
32151
64264
17687
24802
47799
43925
7496
26868
38931
34816
47626
48545
25548
27566
17687
47626
46695
23756
48545
25548
51309
44671
8171
16749
27621
17687
49787
31793
44961
16518
31984
29438
28167
31984
25548
9467
31961
4128
29244
32336
49787
67334
46388
35479
25937
42812
52663
7397
12589
49787
32897
5928
14458
24166
17687
16635
10438
32838
32838
56190
46238
50204
69116
21874
48382
25548
43566
28845
28845
21874
44033
28985
21200
28148
45451
11360
18737
46605
65389
43014
13325
29218
29591
35060
17687
29228
42807
44627
5896
34379
6156
32330
28403
24342
13626
14853
13750
44627
12175
44001
37516
44001
44001
24342
16289
7358
44032
46487
24782
11626
13750
13900
42136
33868
26241
28950
47537
31425
8063
45728
11255
30198
46875
26125
20677
17687
17687
9563
11626
30349
31129
58650
56480
29587
30708
70712
49148
49148
23151
31860
33524
31183
23151
23151
14359
48993
26635
48993
17687
29592
13061
13061
42405
15680
18165
25685
32051
17687
76797
35992
40350
16289
30886
77108
54433
24205
16289
31816
71331
54882
23151
52335
35657
12296
33293
20713
32514
2076
24671
23306
30886
51998
54545
28119
36226
17384
43418
15460
4340
20147
49929
54656
51887
50662
25915
44151
28119
24998
18948
26947
30832
9010
17384
52310
21308
9556
52310
21308
73650
68046
28454
51085
28335
25839
20693
34346
13064
18948
5618
1901
32459
34684
34684
10094
31696
9272
46332
29783
54649
67189
57691
55692
25700
26417
13989
16699
51305
7640
15292
67
12073
30067
30067
46429
16278
26916
6995
35988
55412
37100
33198
30067
15954
16278
15260
22050
9865
6392
51117
32484
20969
71714
35649
35586
55861
49323
4222
54121
40693
7640
54121
51382
33370
54121
44193
73408
6873
13080
20832
72037
67748
81016
37906
27251
30067
35393
53580
40764
60874
15101
33714
29324
26162
3952
2340
60044
16278
38347
40853
58907
43453
18884
83703
23371
61171
65319
37946
1312
58882
23371
18884
2419
9560
23371
58882
46749
8061
61171
68988
31365
77366
41783
32565
36644
9341
52690
7887
17374
41412
41185
19735
87439
59243
29705
56441
23191
25150
25321
61175
44905
48256
63359
58080
63359
14884
29112
27652
7887
58080
46710
63359
11969
38442
29439
40310
84785
63359
4809
44521
58080
8695
12844
48575
18884
17506
71156
18279
58596
41950
88198
26509
24361
29706
18884
38443
44761
16671
41088
18094
17241
64602
31059
22906
20782
87076
47902
68880
41507
49700
6292
26869
19871
33373
37170
35518
33632
25671
64946
29859
59208
36797
75731
64946
41104
17441
66448
59927
66448
71443
29859
33632
47445
66448
11406
18085
50422
66448
66448
56807
66448
48278
78752
5926
49567
66448
29820
36797
22502
30300
23354
16999
17486
29820
67719
9411
22720
81870
12026
19073
28626
61240
25156
9411
17491
37895
8466
12179
46288
44881
41097
7690
30646
17491
12254
57596
57596
77720
85595
15013
47863
17905
85595
63658
35253
85595
7586
64827
17278
7858
78887
17491
22065
74299
41507
41834
11318
65314
32582
16999
23305
34274
7586
18060
56013
65314
27621
5346
68465
33632
24062
7050
68465
68465
89496
47979
61717
23592
36041
16999
26638
68605
68899
81856
7640
64112
68899
53479
39318
28788
70252
39318
15896
23546
33387
5346
36826
44927
56810
82532
23988
7272
54812
36826
15979
18884
43366
29109
12808
64545
47718
63505
14134
90595
54742
49727
49727
27419
35977
69687
45028
30734
72939
40847
19860
32162
34144
34144
71961
2779
12622
7383
41685
60554
71430
36120
40055
24822
53444
39640
23560
72885
39539
74066
10645
39539
73092
10992
28623
32143
71290
5631
21013
52360
61948
37504
2368
43499
77824
29659
43499
54897
7332
10739
26136
70830
13998
37654
10739
47725
70830
60899
68850
70673
9484
70673
70673
11291
41027
41494
49934
78086
28513
33106
60882
69604
17844
49934
32578
47940
37047
41338
6854
10445
69638
10184
60916
47940
27362
36622
40295
30552
48999
9451
69030
36405
87714
70600
86993
25605
43002
48028
27506
35190
71272
90126
44650
41712
38385
28570
57979
32360
64289
18884
18884
45801
25605
17521
33913
58314
8389
18884
13943
72599
25310
30606
42938
48885
72549
3225
18343
17521
4553
8861
21933
32651
30105
27054
36794
47707
30215
29625
33913
65019
43296
82365
64662
87397
40852
40852
44580
59593
34006
33913
32353
56748
51865
7529
44617
16492
24851
23679
20003
41794
71171
36781
69271
15957
69271
13080
67786
25508
65137
52386
70897
41481
39654
70823
31949
6254
9267
86845
42106
86845
35752
31949
31777
38094
20440
43902
40996
59091
35015
43757
76698
15957
66818
37947
5137
35472
42929
15589
25148
31395
34095
14362
25148
19456
26851
39420
83449
65654
58379
19456
39420
26851
17242
57152
16695
68623
74541
54655
82962
86192
77341
36630
41479
68536
20609
19456
68592
67944
76742
68113
56204
78592
18219
5057
62120
20485
14027
67826
50555
54600
59608
78567
29471
34234
20144
11837
43032
27723
8852
81165
23619
14267
65276
2355
3430
16688
70815
17097
21377
19169
71571
49774
36298
25552
19042
45287
14155
12554
39606
8940
26121
28044
8940
68698
42126
72052
37490
71779
21493
28044
71779
5413
30024
41425
41425
34747
13551
45565
68425
45565
71101
55755
24350
16590
69993
45997
89749
63273
22079
63832
22002
66812
31204
9126
40135
66812
49447
69997
66483
9125
12729
60390
10482
70494
4046
63554
24140
18331
22079
11555
48291
40305
71157
90405
68626
38418
24140
68626
5517
11711
67921
36860
14027
49866
63482
4149
63046
46339
26817
9439
37518
27558
32969
36713
28125
33173
23299
24629
13551
57002
60478
60840
33116
33559
40213
26946
66376
30143
44256
19169
5035
28306
52505
65187
22122
65187
19169
65187
2826
62864
82536
21779
23304
11711
48063
57332
11555
31597
16571
54639
9125
11711
62047
53698
64096
37041
11711
53378
19169
21709
16973
36175
45013
25012
2617
64741
57682
51576
19330
7729
84933
21865
48543
8940
40601
19330
5758
1940
19656
61450
16809
41739
59466
4654
39465
13140
32865
66093
15043
74406
59466
86056
28951
59466
48266
16829
9937
62450
45280
2672
46850
39251
62546
37835
27559
62984
16829
39251
27573
62546
13327
12613
9194
32548
19098
84277
21177
11555
34286
33660
47735
13782
28369
32106
5137
39251
39251
34042
57689
24077
23702
30438
71243
8127
35035
67930
20789
30590
31240
77057
15033
72720
20953
1888
35864
30590
5975
9125
14131
33250
43543
69613
19708
19708
7197
33456
1129
85099
46511
51615
13103
33315
14139
29488
69159
64598
8940
24314
31244
59148
27859
22445
59009
29488
30019
82818
73878
10570
31356
66108
24854
40464
17582
16178
28531
6598
43869
34600
37429
45314
7274
28531
67558
39161
67558
62998
37392
62998
45315
83512
75593
48824
39478
30851
30851
24349
11568
69300
42261
36746
70408
12554
14583
12554
4911
65772
70408
18082
20150
59756
38242
43961
81119
11568
40297
27530
45421
42021
20076
71426
40495
8098
35316
25924
33655
47990
64728
16178
51111
89050
33150
38288
22013
19041
24249
87289
35803
27266
35315
30409
35803
40899
79623
22366
17360
39191
26297
35803
11556
40899
26297
69508
53593
63204
87298
43408
9125
7416
61837
53593
29724
80344
70195
49735
86762
63891
16206
76101
17347
21230
24944
39012
47948
23387
7416
39012
55660
16938
47128
38418
18357
23456
25706
62061
68674
48894
28254
29117
68746
33975
28185
2589
67964
76504
1480
81928
61106
68200
42515
44281
16569
40839
64592
69087
4899
25706
25685
24615
25994
84434
30057
40509
9564
35207
40509
63945
11568
45617
45617
68096
45617
17205
2822
26455
27164
18405
8069
14083
66733
11568
6349
85578
45617
39917
63811
39917
13156
9564
7556
53286
31537
79140
62353
45617
16242
68190
11568
43855
68190
62353
20618
67822
7116
69098
15231
39698
53939
14962
7594
64328
62082
12651
26566
9511
11652
43840
43623
54438
58270
49410
13622
44605
20621
42778
17458
36253
2206
62348
2405
65513
65513
17660
32108
25972
37264
12651
19863
76985
76985
39492
58974
39258
41698
33814
71880
37637
9626
58966
37515
18658
14639
78505
50541
39505
13668
4465
18658
26605
43482
64353
58438
1087
77275
64353
33137
5937
12951
15861
32135
56405
25757
65172
65172
32016
9564
18658
9564
69618
65864
21705
8441
43509
9564
65864
65610
29112
17240
17214
45987
50436
17240
46771
32285
65106
76211
31068
75234
31400
69542
65334
65334
44257
13311
9511
31400
42100
4557
41918
44463
56045
4208
74479
27460
45499
61422
8851
18691
22825
75416
42028
65634
32216
65999
39182
55727
59641
70089
44169
65999
45864
19303
49028
46696
59131
66199
66199
36616
18734
54210
62060
25812
68231
31504
40317
18777
17771
59208
17558
37607
9564
34439
41019
31306
61958
25614
50699
36769
66535
61958
36769
14667
39513
50699
32061
44732
39799
66119
66119
54073
30539
34886
53692
66119
43507
11568
44732
9564
53692
11568
28284
18734
21417
27409
21626
67226
69211
2747
11568
47002
12484
9564
4153
10391
72609
69662
64263
38310
75192
69636
32998
18866
17317
46996
41404
47845
32960
27221
70338
18615
13577
18615
17503
30955
26356
15519
9122
59906
30934
18777
78141
80354
27894
60303
19694
69195
64640
33931
31295
58613
40344
38761
40748
28809
57807
67147
14667
1621
22532
19454
21957
67147
17771
80047
14564
16158
26608
67423
80323
67423
23367
21957
22923
19950
25826
47178
11956
34207
40748
16819
67319
15558
39607
28959
9453
32102
9096
6520
61476
17062
46651
64508
17771
18071
6099
13182
40643
908
14112
39619
68692
80691
47158
35467
-970
-981
-805
-677
-13
-970
-805
-677
-13
-805
-677
-13
-677
-13
-13
