163740
185484
204409
166902
140611
185484
98511
75458
78532
132222
56659
203358
205514
39451
203867
114209
239568
17409
104482
42423
114209
130824
43797
276906
104223
276906
181393
121971
92570
136160
10101
221652
79256
63005
103269
170004
98817
79610
38711
131715
28444
133912
58699
226923
83325
115509
181483
20154
112736
154711
202608
202791
39771
172325
328715
101552
77849
118338
86978
179659
203529
201060
65093
228215
41248
179955
206085
82869
277491
79792
277491
128729
192725
204055
155417
129132
16985
91600
168756
144316
128292
13577
118661
182091
229615
9274
331509
34571
154119
57812
93066
80107
119592
119697
83313
83313
205955
40948
105010
170117
46995
76308
31053
104683
38297
57812
107629
24427
156745
155791
281854
54374
324916
56186
14969
155415
121229
306886
302143
169583
61591
18910
112275
182909
254994
280687
280687
294690
3633
121180
111580
150964
167851
237402
276804
109563
13426
80940
77237
122101
46753
89451
240873
102356
11962
97034
51774
336534
270583
29986
91744
88248
222196
17848
226093
277445
277445
277445
105135
62786
33690
227066
76291
306633
149687
273967
25332
58838
154157
88314
88314
17117
339990
88186
341266
279948
279948
170633
77210
7626
81270
107145
106484
182459
305162
259593
6967
148267
167277
152080
103483
46231
278320
16742
272998
166839
90257
277505
103483
99964
198203
9592
325252
164237
192463
73515
69164
200688
127114
150066
50464
99238
122234
74654
39651
96913
138011
282624
42335
192713
167407
99964
58729
60943
225262
291327
99964
127708
77853
99964
225204
276399
143268
256422
169201
114829
22067
120923
76065
274331
175451
217976
161330
41373
105904
104211
272156
122124
28275
14882
55845
122124
196320
150676
322938
75495
28269
24556
179257
59424
156717
13607
235370
77595
37260
117783
21237
116892
37260
26667
126133
304509
275795
44080
171310
17986
112832
47787
106712
41373
277588
340635
42128
43579
91505
169703
136597
106712
278785
278785
34295
84867
188706
226344
238167
197022
198763
197022
277559
277559
54566
342412
259960
190057
324701
33895
160129
158039
41373
196575
225792
107793
229658
277274
62469
108509
330940
138862
113072
175987
228664
15730
64661
322638
128227
313676
297810
239913
204196
110009
196091
41208
279128
64306
168712
96499
41843
97651
279774
97651
260296
125371
80369
41513
138340
173716
114722
128261
41843
288030
309727
167205
157587
124440
89651
16622
346027
196552
206694
15624
17930
28709
191996
196552
188513
280267
301512
296728
45097
231168
226914
43247
24732
74181
147732
142495
91821
276772
96506
198634
257910
42969
50326
51280
262785
72747
204050
194984
160231
193134
296729
155226
20786
263318
291912
24743
78960
348885
92102
28269
127414
345405
64315
67736
196544
281078
118006
203731
57632
194667
230050
281690
28269
24430
261316
30356
230285
97921
160952
127903
176472
169948
132820
346313
280970
35256
279100
161322
90696
90696
314445
313431
342373
128548
159693
24677
159133
334726
66709
342506
279534
144143
107058
125936
96570
256707
104784
190595
273577
192500
96570
288716
324235
138673
68269
44765
70651
78865
316161
307405
43293
121926
92914
83350
278712
191534
97305
162321
65397
228395
129632
12563
191587
279884
90425
18779
153731
50175
35411
76859
282184
231899
139788
9059
34722
197096
181400
60803
132565
130612
280204
23317
117014
279508
285321
163380
261614
80045
131874
200811
105051
51522
283959
169514
336546
180356
21614
149649
230880
202462
58367
140266
320527
95153
180601
153255
46090
55316
322204
188660
15489
320492
143629
191052
15582
93891
76775
82468
214135
184212
94055
76422
321745
96072
49613
281217
139654
232024
79621
60813
136819
32939
143288
94055
190048
145867
242486
114960
346515
204088
110339
281343
105923
282898
63272
231223
76470
147652
50311
36908
131500
47946
80367
123457
43992
131939
110084
269404
131939
282510
164521
68714
185308
36112
133630
174573
167232
210059
51301
284228
116321
89925
27478
115852
95823
105674
232017
40698
160897
242926
293562
136283
132714
103926
197370
176806
41597
36471
230655
281764
91720
105422
76781
93226
165813
50825
180588
231382
292817
318912
228286
161057
63365
14692
16142
132539
70977
317757
50135
76067
95433
275017
196946
227991
261290
107699
194131
21615
44279
186699
265858
173703
226396
226396
122257
131994
76584
117618
44404
130601
182296
226822
53459
310741
100133
77077
95438
39184
43070
279682
278491
87885
48475
71830
110571
173246
36828
226934
118880
36828
287824
19252
184996
184879
60873
224953
195305
107697
135462
105964
69425
43692
279074
134898
92085
136381
303382
181620
101440
279360
91934
226995
51055
198928
189716
316559
23913
165236
83307
205535
227913
315106
327811
195766
185982
277383
35138
314933
134722
91550
226656
183883
159489
134467
133601
218965
118571
281570
279569
80371
197453
134144
53354
67312
257065
227589
280667
96324
39704
8961
135910
90608
195269
76372
225173
136083
96901
278143
36444
278143
11304
25122
77598
96684
323255
106382
41408
222377
309816
84196
153585
118772
118370
74307
170582
213803
38467
144559
274403
39472
52546
63921
236216
13794
134257
39472
150976
307173
265400
272508
207948
294824
272660
90485
137567
97016
73662
268470
94021
105092
191617
39704
273203
269528
142907
7097
108498
46458
31102
15350
58357
283639
66805
75622
105753
5036
54419
169049
127447
198688
283263
39508
271362
73936
275375
118880
79600
270186
223800
270743
126584
31850
253698
43345
34614
91194
211830
29167
65647
156349
28209
107375
170651
36635
271129
220582
46866
175124
130650
48272
130650
272500
13020
69162
247885
66582
21753
77974
122036
272799
160594
122036
277005
326645
254151
9003
130264
326175
91709
182618
215644
53203
98614
98614
158020
246105
144389
310438
142736
125586
158351
65696
33811
179818
276438
131115
30629
40320
122206
157191
236482
131115
177447
42847
182973
331493
179352
132727
126723
132997
123466
160497
74181
99113
180034
62226
226641
315699
42120
7819
45222
182236
30228
37176
50748
272780
41889
132841
93362
43150
131713
107064
190565
17029
132460
60515
132596
118367
238676
93362
120783
158773
138226
270089
129780
215205
314869
179831
131667
179064
54434
38053
277465
275695
94026
66498
42686
58164
216632
316691
341285
97717
78705
97717
227526
30860
76543
59685
60242
97717
41777
281647
69889
274905
130795
98380
161067
160705
174642
109651
271385
306807
94224
200567
277326
271658
41753
162029
126282
78790
80297
139093
180443
215043
122227
97312
13577
94385
126282
279818
244232
222966
94682
30860
317834
142130
168835
92678
283244
212369
271567
90850
136663
343134
136663
159730
129554
43103
148986
12495
123510
58958
280179
23140
277589
104859
72889
171293
87021
171979
276574
108020
94776
31081
276933
52918
63729
344384
103944
17815
227758
275853
154460
105341
177925
66800
175797
202539
218666
28585
113720
167604
175513
341553
210321
128372
48611
212887
272287
20866
188265
144342
128154
188491
176850
200648
128535
175654
179649
97056
44626
120534
30794
185996
176815
14794
138042
232593
159914
173617
156161
169339
66480
175768
172450
271937
90467
104401
104954
90837
35738
138042
29745
51590
61662
100415
89909
214751
231855
69625
84566
65717
311924
327003
23124
226071
106292
30145
133230
138732
271792
271675
16709
161574
266942
220157
337266
120913
270360
231331
313404
66761
215075
154300
169452
193840
30315
217391
337683
178519
125378
39916
58022
271012
228438
228438
327282
161986
132468
313910
263203
36718
207514
34509
69857
7092
135159
153815
105385
153815
35247
77900
265506
42946
179095
89311
55577
50364
30389
234433
111305
284641
36718
139456
158777
153437
2689
117781
24521
139863
114515
44949
314430
206412
23371
205773
7898
272934
116793
48931
116404
314471
328428
132217
38428
42623
268672
272975
240567
160091
271824
115346
12157
43241
60440
168287
13493
266343
43820
166676
29385
14559
21015
125030
169012
222164
114808
103979
94994
141182
54655
176521
205151
32527
90394
50846
41676
42871
260750
286974
39150
60945
123839
47483
116281
303058
153362
163307
24521
165750
109287
152459
37105
66534
147175
90201
194669
178673
37105
103564
281889
179558
137529
274428
119883
280673
113120
44996
70698
225922
191138
314410
43133
175419
203291
80186
7728
175749
112855
88168
101081
42746
158322
142040
337119
136713
42687
41118
190269
223826
127138
182256
138410
108134
20982
88405
16684
80615
107023
160715
29916
114496
325203
130093
215802
93774
271534
272426
175977
268459
89605
149918
70834
158727
113953
193242
89605
232083
14985
163195
93818
310026
325981
114322
59530
326362
93818
34483
310332
42789
191048
134787
65531
93818
197690
171209
107197
29541
114207
222312
181036
159241
52282
175556
232975
155763
221731
69356
220470
164090
237356
176260
154529
128312
266242
266242
60439
108519
41505
69452
263720
44050
58220
181132
76566
156164
134385
185013
92986
222801
160019
267979
156570
88871
30353
89908
106203
123080
134018
67853
193469
38190
185198
117347
91107
38083
41222
179744
201507
117541
229590
104767
29541
44496
113729
259500
218041
259625
109836
240604
59156
258188
277353
37265
155193
278305
223041
52666
79355
196305
35336
320643
117940
20067
26618
105770
56324
133044
44513
306118
123739
263428
155014
204503
129758
40936
50477
86110
210065
111412
52737
330064
98359
91035
210749
326646
110392
103268
172339
59553
137265
41487
232249
17021
204868
49199
105314
216096
172724
201615
168965
242201
88450
126632
103860
80126
104816
35020
259026
162173
189564
32449
40184
186440
190891
263687
190882
34363
105591
40811
258419
44557
139676
232627
90278
223224
29541
126930
177241
163665
218043
258495
259166
249219
208522
225313
264494
222262
110081
105268
157831
276865
82800
126974
201638
218299
22785
239471
48771
290365
234363
259810
290889
67198
203491
154169
210267
146992
109805
88682
265517
262751
147940
147940
21410
262242
17984
10472
58208
149161
12264
34301
262790
88682
129441
122328
27000
110659
257410
151256
56705
197888
162124
39455
45732
266766
324094
88761
170098
304618
117302
35409
131953
88761
13959
111067
119175
147275
67611
101377
101885
110902
193595
331442
149044
42924
174191
113653
110317
215538
144428
197178
299762
130673
217368
185385
310994
259727
330834
43806
149279
62402
325856
169023
166251
128085
31999
11198
240270
94298
311142
88579
128085
256365
140887
258147
104168
154030
110992
29541
33809
174506
30461
114359
165020
104168
11784
311213
32416
112248
146448
14239
103150
259295
122979
257530
166075
185463
84373
89512
170103
279947
316419
64329
33809
131715
132083
164804
23170
193981
181945
3890
212437
20352
2771
140427
167614
259141
23964
139311
133019
55897
41625
216820
103401
204155
36435
110939
87179
132228
113569
270499
39406
62423
212566
51799
260749
117791
46898
131708
117494
83009
250987
31686
35717
53967
260689
81413
87179
158595
48643
68938
45794
33809
28691
175733
175957
26009
314261
131958
24352
131958
62487
192503
262005
285310
111181
33809
38794
221176
27611
132205
185500
293478
161871
62487
127074
211241
33809
260923
15508
144144
13939
173056
311541
194497
118978
82838
327440
260393
257001
67030
143954
6139
69503
49684
78366
76718
172291
172385
132070
102440
75086
116522
81939
20244
187222
87192
281517
199557
218857
116871
133056
111601
164866
1971
161198
156849
129616
259504
216782
107711
258560
119634
112252
183543
197129
53358
258718
5843
30461
157149
103005
103005
288448
24126
46293
107711
269323
10611
113202
38150
48344
169690
20501
62671
155401
216191
209843
33375
97021
104720
213318
70571
224729
141322
130239
154633
64343
104720
169145
152829
138845
104720
53799
141812
37550
111321
161243
53799
17062
252034
187357
156126
48118
80867
147502
156908
268124
228912
253303
223623
48954
44629
197890
94912
105246
252954
168269
21716
48053
126794
240402
251004
37630
157944
50273
42191
67551
161868
30503
111679
156007
12264
53367
206486
128126
250147
259408
42198
303271
6744
250936
164199
168364
81623
118841
13047
188087
32449
47138
241554
135451
36526
36962
156423
38513
51207
247479
33463
68457
166426
105655
68720
67682
95662
247730
140600
115960
153707
179940
142698
117920
188466
38930
43598
111825
279751
152697
3147
16122
278896
129999
129999
132172
190932
80336
62284
245905
14709
56444
162720
163054
130899
128384
125435
51849
117090
13454
246059
164467
137049
60912
127638
141860
27510
130153
43133
279168
146263
248765
31874
249084
136416
161767
200097
240937
140237
155507
166895
34280
94356
116029
283165
43119
19791
208568
10402
158083
82743
281921
66001
98434
111688
65743
127517
66719
243649
130621
204087
109930
277166
138902
213734
130621
69234
276758
248451
9046
247542
91938
129477
213175
95527
141385
29769
95089
153378
104351
105443
246806
76307
185938
19153
161427
130674
93902
277182
154576
113626
138924
177635
42509
65561
69300
277278
29769
136150
244535
153368
85125
136150
120147
245170
66950
42293
165792
138376
42859
78383
94566
296220
153664
69571
65023
65443
309398
78870
220609
153897
68938
18137
29831
105583
29769
200729
113641
113641
128514
297247
7549
162373
99285
247245
136199
82513
38530
22959
146751
112995
262321
215533
22996
100353
82126
193979
205253
130049
107298
297758
194446
247861
132048
82339
139775
87916
13867
42120
85079
37001
166920
162826
151479
158788
42856
266638
246595
297323
71129
275818
141604
48513
229340
31874
219770
222625
166938
137203
156718
163198
98814
40776
189410
138952
67618
301973
16869
101567
108635
272142
196293
79873
17964
32449
248766
9242
248766
189169
317989
219138
51524
79873
301906
128692
141268
31874
187056
218436
61685
162491
91829
230906
219676
4997
210376
32449
100544
29430
131551
218389
149312
108206
303649
46145
168971
247178
246039
129811
289948
122084
318076
29277
162256
133794
151235
165691
114217
94471
152516
81443
88681
24575
81443
157727
97784
153413
247887
19922
55105
80699
36787
52527
30678
157273
246848
132308
42011
104361
74240
175838
75676
326643
40256
38731
251825
84123
266515
251825
266515
106004
208752
37529
31751
5092
226675
112805
51555
97889
137050
31874
253958
109111
132760
109582
126062
75583
324656
132979
190372
130606
298823
325438
19684
143736
52659
132764
68903
82042
84415
164476
58289
81620
134674
252124
133024
210348
46056
153399
3487
223540
99501
32204
250972
253186
124884
38513
144586
292599
239496
266655
32359
164813
57602
172604
118178
80315
43067
99332
60879
280065
134918
249507
249507
223350
249507
154854
213939
217428
147790
222283
166896
151844
22404
280512
296645
20364
83049
157481
14300
50048
24680
251516
80315
47009
249866
124578
41736
89677
89775
308282
36457
154163
114720
115976
106167
125610
37566
50491
155253
124097
219419
134076
216527
163326
278068
129996
98405
82863
29056
134837
29277
192270
88592
253127
117688
81908
30676
208750
291645
133982
169120
202199
134316
290407
128274
102928
97310
81404
175137
202199
9133
43227
117469
54208
77165
133564
168874
273337
167995
36223
49376
162277
51477
147201
10611
74567
320356
249998
293430
198626
79884
220649
163919
42373
102573
30580
151858
273101
217046
246064
218010
52140
146215
15219
90387
103685
319026
46812
47595
160048
3372
128707
247849
79884
269767
203892
268202
256323
167199
30602
48905
142808
30063
146358
245144
30063
123242
173399
105231
18360
196571
176110
151941
11527
301785
60199
58888
84488
159344
118006
221498
103736
215019
41205
133073
290991
104971
85109
97852
154071
246142
203769
31731
41205
126497
218788
8543
40661
153132
59199
44096
61926
193221
15508
319894
284760
248375
141387
56171
178417
3167
218454
281150
133287
103596
135619
33324
82373
99001
58259
65639
196579
19670
12014
162083
104274
99932
245526
465
27134
9721
166122
140372
47993
132157
31369
160620
78866
243860
153824
131976
160823
244677
31369
131335
191962
155537
103114
122198
33601
102833
66043
211945
83530
157788
98112
47993
97326
78866
115733
273641
97326
222479
149758
37601
158682
211490
38057
56275
49349
170413
240188
291205
242589
282529
213891
83931
43103
157694
98513
78866
138787
66588
116134
282529
144393
241276
89112
96906
151506
78546
216724
124231
137831
104526
138200
265107
68194
250525
104526
82024
138200
100561
6762
200803
309001
21537
67793
171402
163439
112630
19670
243623
307116
207876
28783
9933
43761
245284
78484
122944
143000
89472
138779
78323
224225
276252
199988
139507
290319
82986
30115
145431
307582
120269
200281
54062
216204
134800
200923
70268
156100
243137
16897
193056
259706
77720
79848
136044
62513
286813
38696
244638
37901
244638
154699
244488
31720
123439
46569
163893
121565
70662
171656
75105
91378
52044
153233
243666
120231
153233
101083
167603
102251
20036
46191
152949
132883
184901
134769
278475
183456
27612
102251
245689
7857
84336
139682
109991
5330
188353
258183
22817
214375
64640
88127
185272
102407
214224
27084
43053
121005
246451
200264
120010
33210
36711
212429
74315
82560
149759
83614
272134
12014
59723
243838
289176
157298
154272
307592
52413
114762
110710
260423
42986
13587
80180
49186
223950
34175
230893
159511
195441
243513
141305
113083
142934
14853
78508
245042
117229
215687
121315
92355
187733
185147
77287
140670
238252
132204
22868
29100
158753
242214
147855
43543
146746
76685
240581
184337
16676
45402
130763
39889
73678
67074
64182
129676
67074
37320
34039
203099
123923
128647
59815
132812
252936
214250
155434
79522
164140
288549
192897
41148
245932
33537
202790
246862
40630
213337
63024
132783
152209
107464
7294
34175
91439
144209
50771
230400
19931
42556
76491
215379
32479
246182
106249
246182
246408
159746
158078
11000
64669
246718
276756
246705
172876
145808
35630
175748
251733
140575
79961
245873
146162
174935
140575
35411
245352
174317
110015
22548
245894
37222
245058
9198
81326
34387
147499
17571
31847
37808
75887
198779
3813
123910
123910
54286
281142
46287
60617
125580
282636
130306
67927
51016
194485
163336
49991
249044
171151
35544
169035
250929
81509
113439
246125
251181
52955
93389
23076
48317
124018
77525
219734
168680
104574
155943
16920
64187
43750
186210
298949
251058
128895
104248
250643
169679
216929
156785
205432
283178
41390
109386
29235
114401
40513
79280
87807
76813
19747
64694
250040
250040
48861
123750
247573
38785
247704
139897
246910
68372
99922
174820
167147
142490
93386
45523
223167
35028
88016
104182
107825
49493
127603
48861
35544
104418
126406
129440
116715
106315
217511
127047
129539
190791
160761
77577
251252
238864
153576
63412
176746
200816
99959
249885
187308
71664
75875
23340
171906
75875
122471
6757
75875
93971
309313
65009
33465
97610
1667
32806
188660
162151
11452
66527
159982
264221
148195
75862
161679
75554
308910
25056
295973
14199
296134
15651
164776
276027
247113
140608
35028
275944
217279
126228
59229
275890
250206
17909
20972
294348
133888
75074
36602
97661
294795
46458
216063
116810
276216
129164
35028
42938
100414
148081
129164
106770
44227
225021
110648
120276
247196
216897
46574
306817
134994
75652
272810
66541
23141
199302
106185
165590
246045
14242
35097
248269
134994
130896
245101
66221
244306
162573
289341
95085
184839
244320
162778
303761
94675
34003
73539
107287
152478
76058
272481
14972
148494
66039
151960
92209
183594
135713
38324
170495
239189
90867
190544
92624
92624
152109
17136
86238
113127
181313
153295
99621
61326
19888
17136
51306
179800
94772
57371
74068
157784
274983
137787
30122
116411
151636
128134
152813
122679
303354
136735
55042
176184
122498
94068
214015
36906
152816
108364
64281
78035
142993
27869
13212
47856
123407
150382
117924
38171
161376
122262
144325
152947
123805
168156
135462
34003
74533
78035
212669
155093
94538
134932
109972
60830
122280
224909
103899
212799
20070
243632
57494
74851
79165
16315
302920
98664
90229
219776
151670
133169
241818
122460
162281
111536
211471
36737
272284
125918
149349
123441
139158
277189
8335
105097
46262
80681
121415
162475
135178
122203
171913
105097
246245
170338
74724
31159
42465
100445
105097
149393
70586
216164
62973
58807
98152
149028
44270
105886
40041
194813
277804
47362
21824
16496
15734
113836
82206
105152
156584
35196
152439
165497
73156
98603
51215
50005
98603
144897
145082
283790
221560
223888
46389
169612
98241
142048
178124
35196
310191
184512
207107
238531
143618
247049
74116
108981
23006
257310
35196
150454
308398
50601
98378
38053
33882
114888
44794
267536
31077
238939
129597
211510
164613
90472
282457
226356
43610
59459
219955
74015
243920
68536
19820
186421
123175
66811
129794
149498
9124
243684
225774
65540
305382
239056
240223
104166
290093
8508
196007
50362
28811
243260
92688
240265
266588
74015
144169
34924
152432
241521
160039
37012
47247
216739
85319
18233
123433
227906
128706
25176
269617
129218
83502
22340
121187
8489
18267
105000
280038
123340
90535
199370
35936
87724
295480
129212
144622
94379
180056
67443
122134
128146
71125
219208
19003
172591
148777
92337
128425
179046
22008
155253
304027
114300
171493
65530
46926
168830
244766
102560
228792
243173
39741
219197
13873
57522
246820
72771
73169
247036
90424
142112
158323
165419
196303
68198
142112
218980
247036
101602
153511
50029
153511
219147
77051
37012
195884
152938
130592
73169
99770
40072
300411
160860
58239
90387
26838
155104
77381
62362
93528
157078
218695
37458
218695
157078
105620
39347
107779
138266
293960
167470
191798
99176
104408
5724
15965
45376
123438
115352
245028
246895
153480
261503
81049
237353
153837
157143
45610
95838
288878
233371
106706
66034
198378
96606
217907
217907
143290
74354
126352
122817
71478
142488
245059
271048
169692
26961
77981
23487
20610
91445
203899
42963
24399
265341
237466
86982
12404
68741
21694
109796
237819
220102
133057
42963
223700
39328
49313
133057
8072
164316
236375
87827
15857
134866
211179
123640
113417
236298
35954
178886
21455
11585
39328
62292
59413
231693
35954
269926
29052
123179
163466
95564
96112
91445
92328
25534
233657
111111
102371
57446
45270
132552
89651
80612
233417
89189
108253
262802
125728
128126
57460
34499
104156
262525
76666
108467
125490
164553
231673
62589
153437
202898
22351
27202
72987
230868
210384
143978
287160
54886
231718
142281
27202
133014
237246
230237
164982
87100
12691
19048
86641
106123
19772
106123
104343
77711
62447
59919
124666
78359
105050
131976
204070
107251
71968
18237
83015
107582
154011
233044
262217
125157
15356
152956
107796
89242
166605
26911
151706
157326
73996
126623
35954
71968
125157
104512
232486
140006
125157
55742
108360
290468
145073
132530
158849
65462
7761
217459
18224
261429
109982
291988
34423
203137
85596
42573
90535
152709
63784
96515
67315
69872
230449
230449
66144
82873
259867
35954
233116
186692
152213
41856
186692
35954
104834
107749
124517
294639
232932
99553
3709
78279
191045
63564
41629
90523
166921
154902
211176
259489
177906
160746
71328
133724
101146
134418
120732
104730
159735
233981
222613
228718
96783
283705
229885
28098
198398
216235
40437
108524
296247
165371
132592
158272
72239
124746
233806
174185
80329
101351
145969
236933
42874
111901
69742
77563
236189
294628
48556
259123
239323
104746
111066
134239
235016
166503
236926
236132
79870
30867
71520
60692
213916
140231
186529
47043
233786
99478
79870
288347
162069
97925
165597
214088
183166
222740
133608
24200
39917
27202
30768
164846
235715
97568
69597
108749
157380
255478
27607
154110
154110
215854
93496
237365
235298
78873
134214
146860
185071
182839
284435
107069
238603
58702
238603
128753
127584
189222
238209
237676
160302
110161
57848
216521
155838
35160
11576
183296
75294
35160
167111
132551
124438
9400
125842
110601
163286
251203
79955
106036
269245
44846
71963
168687
167862
137855
43128
58175
63003
126010
33622
121213
160026
7761
148197
168226
97450
101258
129554
270335
238582
107227
238895
127358
107341
19440
171490
46235
298629
235604
132416
26981
291645
27433
26981
73409
25783
28793
89202
192837
109736
35173
104928
164698
12224
126521
27320
58271
223171
50729
134327
172022
210378
291589
136306
209154
98309
235149
101419
191647
112480
94768
102826
52920
288654
96663
157075
8008
135906
62070
238984
126425
208520
235845
128397
136926
128397
268569
37165
88237
13275
128914
34423
90564
159280
34423
159986
81280
95210
146662
78578
241046
187043
37295
95210
188470
58426
104763
135288
173895
130026
30402
213830
211358
260971
99026
71017
74609
102560
115718
41548
211885
159276
33692
243106
41548
60572
161393
168554
104976
41548
250013
78933
55818
199143
251568
281296
66097
246171
311297
30423
250870
74609
249828
41548
82257
162061
37565
109434
133111
109678
179158
22808
140620
7720
89200
74609
169946
4283
131179
227633
134419
140332
89525
96747
35992
141231
229412
146131
9952
282312
84797
45455
283414
101641
37565
161852
152492
44497
221164
104126
44404
146314
79468
47200
117059
214374
166692
85499
27152
101084
153294
133301
42843
42691
160358
57135
248485
105500
37072
22751
160137
80796
132738
135733
132738
108762
81138
233687
64847
127344
248923
249550
105771
105771
97445
248923
244789
171058
61127
179733
103082
170224
13997
242976
59918
169587
76383
78406
244276
45689
219926
106330
134055
153840
24407
100248
209859
274136
211756
258612
288350
210590
105352
244813
31263
241925
183834
44979
34738
217455
136445
73175
139707
57047
155960
218394
92966
214355
42222
177850
25539
32239
247220
98724
33188
92972
283340
217333
147606
1487
147606
98732
281102
127529
171889
290814
108453
222085
129354
254225
30216
309184
49086
110696
86238
107013
222645
103913
140424
107007
202627
177936
220235
113773
216145
73573
139279
95470
91887
229467
133519
34458
106262
51797
240592
44561
71890
221812
221150
103912
19140
259985
186570
150146
245817
43229
113099
46883
43230
198884
162944
101659
320397
5097
102342
45998
37998
170639
269400
324952
268877
95225
233141
56655
193882
208334
174937
248358
210010
145466
180604
268713
198395
82296
234095
262054
139834
172284
166905
156160
143783
51072
46512
58849
42114
72791
107487
133467
208392
72758
180259
48218
269676
314200
108785
79161
201400
85191
47988
265015
147136
329256
267161
238032
22625
80735
135880
143533
107099
55153
140218
238338
98426
114473
116498
103486
267220
237918
327393
29516
152554
230554
55320
11846
110984
167218
180999
54507
231862
217287
39333
267499
147651
70212
136258
118087
272532
235435
155184
82430
107863
134538
142706
236471
263824
266727
145231
186869
27200
186869
156613
262482
109771
82173
262463
58919
201729
178727
19452
10628
25903
83654
117849
179820
121796
40891
155623
146538
81063
185301
37807
264280
213616
171138
264270
22693
112580
96829
325701
80509
69649
260145
262863
44947
10816
102500
140760
153294
222938
204122
264171
151888
21220
56827
100868
96689
237388
327402
158196
317843
48124
211135
215203
182637
54691
1845
229864
104931
35151
200096
303184
61047
114104
229612
182441
34864
82863
124567
73428
42548
165424
256680
73428
72315
204143
227458
223739
208437
53835
92272
163327
150065
130940
225198
63925
131575
194801
74988
286421
179612
222579
104845
51359
155406
47743
140477
302914
223926
107186
99120
252380
174641
167896
134372
60624
16494
134372
134372
179823
53999
105779
142238
317306
268595
253790
54796
109889
111970
32197
141553
115565
12765
160901
74441
93403
5321
260277
81250
226695
58074
12866
86716
289273
112708
18548
174567
262407
76935
249212
76373
146349
154658
163852
151729
30027
114566
103870
46334
39886
140525
228073
169651
326518
200676
74651
36369
21583
142781
117854
28882
260940
7620
261911
292300
94954
233687
161687
24570
171973
315519
144125
15353
221341
108525
170049
223975
172275
264386
134506
230250
178447
220541
76881
134506
6585
258171
106398
180087
118800
112187
304911
168767
45797
41999
139302
75598
36525
100616
142411
154479
170484
111682
62075
100370
271040
166791
55679
110070
74933
229208
11091
28882
134830
52117
109708
143501
143501
74933
103639
172332
31892
268048
194112
127062
123271
202040
96574
334408
265951
172163
231348
236927
83379
57166
119296
138921
137659
23593
259890
177012
103915
7564
31177
132269
11931
155215
204249
22208
174700
162759
108570
297841
154500
258162
34896
265503
156841
50884
188552
82352
60828
164923
80254
178087
176989
89579
100604
107044
57148
100604
100188
100188
77243
35770
161737
142450
243463
107920
73714
188477
90963
82043
135535
187696
100157
30912
222662
257475
205751
100188
299176
75634
19810
222984
16401
83711
176950
222740
164624
74177
244974
53011
33351
227631
143363
82043
217969
9310
268384
83099
74177
247096
218037
139386
20440
164248
137055
16752
205400
68280
92347
312268
111937
164611
53544
84408
168610
142981
322954
65458
24127
166566
219324
47904
48889
90493
85048
300996
259696
133309
102815
28882
80275
109817
48969
179658
303618
193566
136116
297921
84285
138088
259272
102391
193441
34896
96247
245332
157515
259937
42930
35399
135629
108168
66722
260989
75716
103273
225134
47277
127698
68540
73829
66297
144194
34896
145995
83659
34417
156284
274830
39037
87127
37074
100086
104432
171520
260038
319667
64256
139034
94397
259224
163042
76446
151618
72992
14385
57145
149938
75893
256997
135806
181833
135491
102094
71083
152591
105079
59084
101035
138310
322180
145885
283290
25014
213340
59921
241956
34896
161828
107909
178342
178342
224045
57375
14245
45195
34896
100831
97928
135089
86179
97715
256823
278607
256409
128823
100329
68293
93993
185010
4878
107091
91400
38563
161793
125810
104486
84102
310979
161493
26684
88281
101174
318272
25014
251585
222263
251585
106627
28992
47728
250716
17773
252401
66873
184101
36774
84675
98408
92137
247634
261159
38737
249307
97786
53500
106653
216654
36774
129313
245556
247837
213632
243626
57219
50419
189644
137798
104127
25418
198635
69834
69834
14307
99404
58296
192576
103113
44158
141039
103113
139580
95300
52184
14889
166332
125110
306259
102734
170138
196232
14617
170203
215756
24013
239941
250004
48259
158087
224457
36631
187708
58801
198527
25379
80133
33152
42975
223100
35693
105090
43079
88550
177772
28634
136428
140876
11154
90866
149371
184051
68241
284809
97978
8921
93530
149371
161972
103834
68241
38941
103600
96073
56827
68241
123873
44928
165890
143344
135407
43556
189971
44223
281849
94560
99050
50664
155815
5292
77664
96829
25790
95074
155450
184469
59829
163600
82504
71665
188244
26895
180868
163600
243058
65170
45291
28738
68107
60960
149465
19417
81424
81424
7893
144170
166338
40180
210843
135933
67888
267300
129628
241844
208174
45226
150581
171781
97788
156579
172024
87379
73975
153765
127032
243160
58386
81424
174587
52438
49539
246036
145222
184638
125479
93739
53513
105881
30343
163566
60349
269574
138541
198391
16359
282610
141488
135365
141156
103686
159978
122489
93749
244704
96605
90793
238130
283649
35272
34896
211997
86237
103170
65996
120829
248187
50436
152912
212758
251202
154835
153724
248349
161275
137017
108868
170499
66437
26935
85436
110758
98181
277194
119159
126713
193013
210950
38190
29669
109235
118011
34896
248314
115194
147320
84322
248314
110378
141480
29067
84322
100249
152024
96768
15353
238653
175336
198274
115037
126094
51954
30343
238948
50270
138490
255939
105753
15631
133268
114482
274760
225446
107480
239310
108779
106373
101589
149647
240213
153611
192752
139556
248338
72496
274343
216859
9564
153254
237499
124102
65063
248320
50898
10006
101896
190815
69827
139404
249430
129930
58844
165465
30343
35316
66508
45854
82378
272282
278279
37074
167819
45854
209576
177286
99349
64366
109340
134625
1312
91641
108973
69372
3870
14946
97865
129194
102128
260801
107230
134253
98428
167571
99383
291136
38234
143281
110995
34606
110655
218003
250700
45854
292951
204118
287105
68540
76911
103293
292914
48225
96778
107751
37451
37618
204495
229605
252304
135241
19851
251648
75938
69482
110650
207506
36166
156851
55774
131366
141985
94374
198176
254631
219602
230564
314373
130678
224209
16359
132777
30343
254409
247123
177492
44730
65806
20991
164402
115073
115073
122398
297714
27129
39405
88862
34263
96800
234344
208646
36141
125626
99915
63289
175103
130971
203201
172427
293707
42761
294500
243154
295928
130795
306334
56059
22666
241198
110321
242979
70203
105667
32735
20507
35316
16689
294531
137793
23392
112269
291717
153173
219378
42646
145465
166719
138862
316741
209692
70203
249025
36141
14154
249789
313990
209601
314680
244466
133896
217783
199536
155926
100916
292701
22526
211431
9272
19938
93962
69396
152223
143943
156659
28715
295283
45832
103785
111757
28715
259931
167149
316703
43861
157391
251499
64938
169776
42417
69827
222694
299026
168310
94748
86481
121763
128957
255048
61889
145167
64250
177665
303325
84603
22957
214762
169419
115502
221254
50992
188433
91946
179281
222821
194556
38438
114725
50784
28715
158701
83383
5692
102480
60539
60060
141840
50784
16689
66089
202286
50784
83505
91946
88158
177817
100879
89936
22687
59625
170977
185981
321150
106247
315489
63111
111058
178773
281947
31068
189684
66166
193069
85237
206738
54661
37451
18252
224318
224318
23969
30810
47682
110980
136701
316740
101053
252022
35710
39624
93868
20176
270507
314806
112321
222406
247269
168052
144455
256673
112864
57892
166361
282686
315348
206470
135245
195160
167229
240355
143341
324585
168390
101091
105210
254561
251945
101056
112210
107518
19511
255061
47067
216650
126915
44054
282870
270196
12211
217969
320441
68682
166404
230231
220005
66391
125106
28601
24496
47835
106732
45731
180875
11195
117423
168968
132196
312609
234898
183967
42202
2097
200706
35919
78390
312704
47835
312704
260768
28601
147500
110863
135496
58124
149374
13663
221417
230599
48635
29133
171696
151964
162688
147500
119818
171696
69398
29133
35523
337723
71762
105844
33397
25328
105844
39980
40263
109395
336966
303386
51643
24624
327377
93239
264880
105632
117050
57672
20494
163680
254502
113983
117050
49827
98611
274930
314785
80000
162985
210916
112585
159832
259798
182425
336197
226968
137109
37348
170487
201569
221937
40033
19220
29131
27173
125059
173827
280815
287738
49017
22310
131021
156061
325499
-516
-479
-19
-632
-942
-479
-19
-19
-632
-19
-19
-19
-19
-19
-19
