39881273
49907158
39881273
936779414
39881273
39881273
161735204
74302884
74302884
815406530
39881273
39881273
936779414
856069770
263078592
49907158
49907158
938382766
263078592
39881273
939505762
856069770
856069770
263078592
263078592
39881273
856069770
39881273
936779414
938382766
39881273
263078592
39881273
164919769
49907158
263078592
39881273
39881273
633672409
856069770
856069770
263078592
263078592
771280323
49695885
39881273
815406530
39881273
470660633
49907158
263078592
771280323
263078592
263078592
263078592
815406530
907204718
39881273
39881273
771280323
49907158
962269228
771280323
496323722
807697383
771280323
161735204
856069770
596602401
585508890
939505762
39881273
39881273
39881273
49907158
49695885
49907158
771280323
39881273
856069770
263078592
856069770
771280323
263078592
856069770
161735204
161735204
815406530
263078592
263078592
263078592
856069770
470660633
263078592
49907158
161735204
856069770
39881273
39881273
263078592
74302884
49907158
49907158
938382766
170229776
263078592
316655825
665411483
39881273
263078592
179667898
844649607
39881273
263078592
263078592
263078592
263078592
263078592
39881273
39881273
49907158
74302884
667061000
454751197
936779414
161735204
49907158
49907158
161735204
39881273
263078592
454751197
39881273
939505762
49907158
263078592
938382766
49907158
39881273
856069770
938382766
815406530
263078592
939505762
39881273
39881273
39881273
938382766
39881273
39881273
939505762
49907158
39881273
161735204
771280323
49907158
39881273
263078592
263078592
39881273
39881273
161735204
263078592
263078592
49907158
263078592
74302884
39881273
49907158
695030128
263078592
49907158
479501582
49907158
49907158
939505762
856069770
161735204
263078592
263078592
49907158
263078592
263078592
856069770
74302884
938382766
49907158
49907158
856069770
161735204
39881273
49907158
815406530
161735204
39881273
263078592
454751197
518372689
936779414
39881273
39881273
49907158
856069770
108612542
742284950
39881273
771280323
856069770
771280323
39881273
39881273
49907158
39881273
39881273
470660633
263078592
161735204
454751197
771280323
161735204
49907158
39881273
108612542
263078592
385250645
161735204
771280323
263078592
39881273
39881273
49695885
39881273
49907158
108612542
454751197
39881273
108612542
192948027
936779414
49907158
263078592
39881273
49907158
585508890
856069770
496323722
518372689
49907158
49907158
815406530
39881273
49907158
39881273
665411483
49907158
39881273
263078592
263078592
49907158
49907158
49907158
49907158
263078592
815406530
70421077
263078592
49907158
161735204
856069770
39881273
39881273
815406530
771280323
49695885
49907158
815406530
161735204
939505762
496323722
263078592
49907158
938382766
49907158
695030128
39881273
263078592
39881273
49907158
39881273
161735204
74302884
74302884
161735204
39881273
263078592
432728982
856069770
39881273
39881273
39881273
263078592
39881273
938382766
263078592
49907158
484912188
49907158
39881273
936779414
39881273
938382766
815406530
263078592
939505762
161735204
263078592
49907158
263078592
938382766
936779414
49907158
263078592
579989924
263078592
120704816
263078592
856069770
936779414
771280323
936779414
192948027
39881273
161735204
815406530
496323722
39881273
939505762
39881273
49695885
856069770
815406530
939505762
263078592
263078592
49907158
39881273
161735204
161735204
263078592
49907158
49907158
518372689
108612542
39881273
120704816
470660633
161735204
161735204
936779414
938382766
263078592
161735204
938382766
74302884
39881273
938382766
856069770
49907158
49907158
49907158
263078592
39881273
39881273
939505762
161735204
263078592
49907158
39881273
49907158
938382766
49907158
263078592
49907158
49907158
70421077
771280323
49907158
263078592
263078592
164919769
161735204
470660633
938382766
49907158
938382766
39881273
263078592
39881273
432728982
39881273
263078592
263078592
815406530
585508890
771280323
108612542
263078592
39881273
938382766
771280323
939505762
74302884
771280323
39881273
454751197
263078592
161735204
263078592
263078592
161735204
49907158
49907158
39881273
938382766
742284950
263078592
39881273
263078592
39881273
161735204
39881273
771280323
263078592
49907158
161735204
263078592
49907158
39881273
39881273
39881273
939505762
49907158
856069770
39881273
263078592
188848848
263078592
936779414
263078592
39881273
263078592
939505762
518372689
49907158
771280323
263078592
161735204
263078592
161735204
161735204
108612542
856069770
938382766
263078592
170229776
49907158
108612542
856069770
263078592
49907158
263078592
263078592
49907158
263078592
39881273
49907158
49907158
771280323
49907158
49907158
938382766
49907158
815406530
49907158
39881273
120704816
49907158
939505762
39881273
263078592
39881273
263078592
49907158
49907158
39881273
120704816
161735204
263078592
49907158
49907158
263078592
39881273
39881273
263078592
108612542
161735204
49907158
263078592
161735204
120704816
484912188
39881273
49907158
39881273
74302884
39881273
938382766
74302884
938382766
454751197
70421077
161735204
49907158
263078592
49907158
856069770
939505762
39881273
936779414
39881273
263078592
938382766
49907158
939505762
263078592
263078592
108612542
938382766
39881273
815406530
856069770
161735204
170229776
856069770
108612542
263078592
489000025
39881273
856069770
579989924
263078592
49695885
454751197
49907158
161735204
815406530
263078592
170229776
39881273
39881273
815406530
263078592
938382766
263078592
470660633
74302884
161735204
39881273
49907158
161735204
161735204
807697383
161735204
39881273
263078592
856069770
938382766
49907158
496323722
263078592
518372689
161735204
49907158
815406530
49907158
815406530
695030128
263078592
263078592
49907158
39881273
695030128
815406530
263078592
70421077
263078592
938382766
161735204
39881273
39881273
807697383
939505762
263078592
563302436
856069770
49907158
263078592
49907158
161735204
939505762
695030128
161735204
939505762
771280323
263078592
49907158
39881273
74302884
938382766
49907158
49907158
938382766
263078592
39881273
518372689
470660633
938382766
263078592
161735204
74302884
39881273
161735204
161735204
39881273
263078592
49907158
161735204
39881273
39881273
263078592
939505762
771280323
161735204
263078592
161735204
49907158
263078592
856069770
39881273
939505762
771280323
856069770
263078592
263078592
49907158
263078592
263078592
263078592
49907158
263078592
49907158
263078592
49907158
49907158
695030128
120704816
263078592
49907158
938382766
49907158
49907158
39881273
161735204
856069770
39881273
74302884
815406530
170229776
49907158
39881273
49907158
938382766
39881273
39881273
263078592
39881273
49907158
263078592
263078592
39881273
39881273
120704816
49907158
49907158
49907158
263078592
263078592
161735204
263078592
815406530
49907158
936779414
39881273
263078592
49907158
39881273
39881273
192948027
263078592
120704816
856069770
771280323
49907158
74302884
49907158
39881273
263078592
39881273
263078592
263078592
161735204
365688635
263078592
161735204
161735204
39881273
771280323
120704816
39881273
39881273
815406530
263078592
665411483
39881273
585508890
161735204
39881273
263078592
161735204
192948027
39881273
49907158
161735204
170229776
49907158
120704816
39881273
108612542
39881273
695030128
39881273
161735204
263078592
518372689
856069770
938382766
263078592
39881273
939505762
49907158
936779414
39881273
856069770
49907158
263078592
49907158
263078592
192948027
938382766
39881273
263078592
263078592
188848848
108612542
938382766
938382766
936779414
815406530
39881273
39881273
263078592
39881273
39881273
263078592
263078592
39881273
263078592
49907158
39881273
263078592
263078592
49907158
518372689
49907158
108612542
39881273
49907158
807697383
161735204
938382766
263078592
74302884
939505762
161735204
39881273
49907158
856069770
192948027
161735204
815406530
263078592
161735204
263078592
939505762
938382766
938382766
39881273
161735204
263078592
49907158
39881273
39881273
120704816
161735204
938382766
161735204
263078592
263078592
164919769
39881273
161735204
484912188
161735204
39881273
49907158
856069770
74302884
938382766
49907158
695030128
263078592
263078592
815406530
771280323
936779414
39881273
939505762
939505762
263078592
161735204
263078592
49907158
263078592
39881273
939505762
263078592
316655825
496323722
263078592
263078592
39881273
263078592
807697383
49907158
939505762
263078592
936779414
263078592
161735204
39881273
39881273
454751197
39881273
74302884
938382766
39881273
170229776
39881273
170229776
263078592
39881273
49907158
938382766
39881273
815406530
518372689
39881273
39881273
263078592
263078592
49907158
263078592
49907158
856069770
39881273
49907158
49907158
39881273
263078592
49907158
263078592
49907158
263078592
771280323
39881273
39881273
39881273
39881273
170229776
39881273
161735204
49907158
938382766
39881273
70421077
49907158
49907158
161735204
263078592
936779414
161735204
49907158
938382766
263078592
856069770
263078592
263078592
170229776
938382766
938382766
771280323
263078592
39881273
74302884
39881273
70421077
39881273
39881273
49907158
936779414
936779414
39881273
161735204
856069770
49907158
454751197
161735204
263078592
263078592
771280323
39881273
263078592
161735204
39881273
263078592
939505762
938382766
39881273
454751197
161735204
49907158
39881273
161735204
432728982
263078592
263078592
39881273
39881273
161735204
39881273
263078592
856069770
74302884
74302884
39881273
108612542
161735204
49907158
856069770
49695885
49907158
454751197
263078592
815406530
856069770
263078592
938382766
771280323
263078592
192948027
938382766
39881273
263078592
49907158
108612542
39881273
192948027
936779414
938382766
771280323
