750003500
1183190
1183190
434308304
1183190
129320259
25844273
581123550
802375013
143200018
802375013
183008283
19965032
143200018
42552296
488683555
581123550
19965032
802375013
10234170
36762639
19965032
530114257
194975186
19965032
802375013
54194620
802375013
699647170
10234170
920295683
750003500
299553905
699647170
512304475
1183190
802375013
493813277
1183190
512304475
98918711
19965032
530114257
1183190
802375013
656682845
556574301
813291790
699647170
840824740
581123550
143200018
493813277
48835918
813291790
300866637
1183190
493813277
813291790
802375013
4647645
3835665
802375013
1183190
813291790
19965032
1183190
802375013
656682845
19965032
1057533
556574301
802375013
556574301
1057533
19965032
512304475
367541494
426332516
802375013
299553905
426332516
10234170
1183190
48835918
19965032
19965032
19965032
802375013
123491313
656682845
802375013
802375013
19965032
750003500
802375013
426332516
512304475
802375013
3198972
1183190
656682845
480887019
52394120
656682845
1183190
81266391
299553905
802375013
1183190
802375013
1183190
8801166
802375013
656682845
183008283
1183190
48835918
656682845
123491313
487894599
143200018
802375013
300866637
19965032
8801166
802375013
802375013
1183190
15778619
245582394
299553905
98918711
934169715
19965032
802375013
1183190
493813277
19965032
581123550
123491313
512304475
1183190
300866637
10234170
656682845
586551500
656682845
426332516
934169715
98918711
840824740
98918711
119358275
426332516
656682845
487894599
656682845
581123550
1183190
19965032
802375013
1183190
750003500
98918711
512304475
19965032
656682845
750003500
656682845
488683555
802375013
802375013
802375013
493813277
426332516
1183190
802375013
1057533
813291790
802375013
143200018
934169715
802375013
802375013
802375013
813291790
802375013
459250428
813291790
802375013
426332516
802375013
1057533
884424484
750003500
802375013
123491313
19965032
123491313
1183190
329537565
802375013
934169715
8739712
19965032
98918711
1183190
19965032
656682845
802375013
750003500
802375013
884424484
1183190
23002977
300866637
123491313
493813277
656682845
802375013
802375013
19965032
802375013
656682845
656682845
300866637
920295683
750003500
487894599
656682845
802375013
802375013
581123550
19965032
19965032
180927161
123491313
802375013
48835918
300866637
1183190
656682845
802375013
98918711
493813277
802375013
29179442
586551500
426332516
512304475
802375013
1183190
98918711
656682845
802375013
884424484
802375013
1183190
123491313
802375013
1183190
53969647
884424484
750003500
28735223
123491313
300866637
813291790
556574301
1183190
19965032
802375013
586551500
802375013
19965032
939757560
512304475
1183190
98918711
802375013
1183190
1183190
487894599
656682845
586551500
143200018
19965032
1183190
656682845
656682845
98918711
920295683
104908770
3198972
123491313
1183190
656682845
802375013
802375013
143200018
1183190
98918711
750003500
802375013
512304475
581123550
493813277
656682845
487894599
48835918
1183190
98918711
920295683
15778619
802375013
19965032
98918711
1183190
23002977
1183190
1183190
1183190
813291790
802375013
802375013
183008283
54194620
113746209
802375013
1183190
25844273
487894599
29179442
813291790
656682845
98918711
1057533
802375013
750003500
19965032
802375013
802375013
98918711
873034858
19965032
750003500
656682845
300866637
884424484
300866637
143200018
581123550
813291790
581123550
1183190
802375013
493813277
656682845
656682845
1183190
23420010
97861179
1057533
699647170
367541494
802375013
123491313
586551500
367541494
802375013
10234170
586551500
19965032
98918711
802375013
779656465
98918711
1057533
656682845
656682845
802375013
813291790
19965032
462836216
459250428
19965032
487894599
656682845
98918711
699647170
97861179
493813277
802375013
813291790
656682845
19965032
10234170
820179085
802375013
656682845
802375013
155422604
1183190
1183190
656682845
656682845
1183190
19965032
19965032
300866637
123491313
30747655
98918711
194975186
802375013
143200018
123491313
19965032
802375013
920295683
802375013
802375013
8739712
581123550
98918711
1183190
123491313
802375013
802375013
426332516
512304475
98918711
1183190
1183190
7250635
556574301
10234170
98918711
802375013
487894599
19965032
123491313
802375013
493813277
23002977
36762639
802375013
98918711
581123550
802375013
802375013
581123550
459250428
245582394
802375013
123491313
123491313
98918711
920295683
802375013
920295683
19965032
194975186
581123550
581123550
802375013
750003500
10234170
397188632
19965032
307300372
556574301
3198972
493813277
813291790
802375013
656682845
19965032
19965032
52394120
1183190
802375013
934169715
1183190
802375013
802375013
19965032
1183190
15778619
802375013
300866637
884424484
656682845
160981090
934169715
98918711
98918711
512304475
802375013
813291790
656682845
1183190
840824740
802375013
493813277
750003500
802375013
813291790
426332516
1057533
656682845
1183190
19965032
19965032
462836216
344220831
180927161
300866637
556574301
1183190
802375013
802375013
802375013
530114257
802375013
123491313
1183190
1183190
13068064
487894599
884424484
656682845
512304475
802375013
54194620
813291790
556574301
750003500
656682845
802375013
1183190
54194620
802375013
1183190
920295683
98918711
581123550
656682845
487894599
802375013
98918711
1183190
487894599
750003500
802375013
300866637
848135300
813291790
1183190
1183190
802375013
19965032
802375013
802375013
556574301
98918711
25844273
1183190
385890404
1057533
98918711
656682845
750003500
1183190
802375013
123491313
426332516
98918711
15778619
1183190
19965032
802375013
98918711
802375013
556574301
426332516
656682845
802375013
802375013
180927161
1183190
656682845
300866637
1183190
183008283
1183190
802375013
397188632
750003500
802375013
98918711
98918711
1183190
493813277
123491313
802375013
299553905
123491313
1183190
920295683
920295683
300866637
1183190
802375013
493813277
1183190
346884314
245582394
802375013
487894599
1183190
19965032
802375013
750003500
143200018
656682845
802375013
1183190
180927161
802375013
10234170
1183190
802375013
23002977
187991037
143200018
19965032
802375013
813291790
135494669
48835918
1183190
1183190
160981090
123491313
813291790
656682845
750003500
802375013
656682845
19965032
1183190
581123550
123491313
123491313
19965032
123491313
802375013
19965032
802375013
802375013
19965032
1183190
802375013
459250428
802375013
19965032
750003500
1183190
130847810
813291790
802375013
512304475
1183190
143200018
426332516
656682845
183008283
802375013
656682845
1057533
750003500
10234170
750003500
802375013
884424484
656682845
245582394
556574301
750003500
656682845
487894599
1183190
3198972
271771307
802375013
820179085
123491313
934169715
104908770
802375013
98918711
98918711
1183190
656682845
656682845
802375013
1183190
750003500
750003500
487894599
656682845
802375013
656682845
656682845
884424484
19965032
802375013
802375013
1183190
656682845
556574301
1183190
19965032
493813277
656682845
10234170
123491313
459250428
802375013
19965032
98918711
656682845
802375013
493813277
97861179
813291790
802375013
813291790
123491313
512304475
656682845
802375013
802375013
802375013
28735223
488683555
1183190
656682845
36762639
656682845
10234170
123491313
1183190
98918711
813291790
10234170
581123550
656682845
802375013
586551500
656682845
802375013
487894599
493813277
19965032
920295683
1183190
123491313
98918711
656682845
656682845
300866637
802375013
493813277
28735223
98918711
97861179
884424484
19965032
493813277
36762639
488683555
934169715
556574301
98918711
1183190
802375013
802375013
556574301
130847810
1183190
656682845
1183190
19965032
10234170
813291790
802375013
493813277
774760432
493813277
802375013
802375013
848135300
53969647
19965032
462836216
556574301
802375013
656682845
656682845
81266391
64026730
802375013
802375013
1183190
1183190
493813277
10234170
802375013
487894599
487894599
802375013
750003500
245582394
1183190
98918711
3198972
813291790
512304475
802375013
656682845
1183190
813291790
920295683
143200018
19965032
802375013
36762639
802375013
19965032
656682845
512304475
10234170
397188632
512304475
29179442
19965032
15778619
123491313
802375013
7965052
367541494
802375013
1183190
12303437
493813277
920295683
581123550
462836216
299553905
750003500
19965032
1057533
656682845
19965032
802375013
139922018
656682845
656682845
802375013
802375013
920295683
813291790
556574301
1183190
750003500
143200018
1183190
802375013
750003500
98918711
802375013
98918711
1183190
656682845
802375013
802375013
123491313
802375013
512304475
802375013
36762639
54194620
19965032
19965032
1183190
19965032
19965032
934169715
802375013
802375013
802375013
98918711
1183190
19965032
98918711
98918711
123491313
81266391
487894599
1183190
28735223
123491313
459250428
884424484
802375013
586551500
98918711
1183190
813291790
22221052
750003500
3198972
19965032
1183190
750003500
19965032
493813277
802375013
1183190
581123550
1183190
802375013
884424484
699647170
581123550
130847810
802375013
97861179
1183190
802375013
1183190
97861179
1183190
493813277
802375013
750003500
1183190
656682845
802375013
19965032
459250428
802375013
802375013
493813277
98918711
1183190
1183190
750003500
813291790
556574301
802375013
130847810
802375013
656682845
493813277
162064766
656682845
1183190
802375013
802375013
802375013
802375013
130847810
750003500
367541494
480887019
656682845
1183190
656682845
459250428
19965032
656682845
19965032
750003500
802375013
300866637
300866637
19965032
656682845
28735223
920295683
802375013
802375013
802375013
802375013
19965032
512304475
98918711
656682845
426332516
802375013
7250635
802375013
19965032
402423517
19965032
19965032
813291790
487894599
19965032
802375013
802375013
1057533
840824740
19965032
143200018
656682845
802375013
802375013
802375013
459250428
299553905
837361974
1183190
487894599
750003500
245582394
97861179
183008283
426332516
656682845
802375013
98918711
64026730
98918711
802375013
802375013
530114257
581123550
25844273
802375013
54194620
300866637
1183190
581123550
656682845
750003500
802375013
119358275
123491313
19965032
934169715
813291790
802375013
656682845
920295683
802375013
36762639
1183190
802375013
820179085
459250428
488683555
493813277
920295683
123491313
143200018
802375013
1183190
802375013
462836216
143200018
493813277
750003500
1183190
19965032
493813277
98918711
518867158
888284641
802375013
802375013
884424484
19965032
581123550
98918711
750003500
802375013
493813277
813291790
581123550
493813277
180927161
581123550
656682845
300866637
802375013
802375013
19965032
656682845
245582394
802375013
840824740
920295683
1183190
300866637
8801166
512304475
28735223
512304475
76805979
426332516
1183190
656682845
54194620
581123550
750003500
656682845
300866637
98918711
586551500
493813277
98918711
12303437
8801166
98918711
820179085
1183190
462836216
656682845
656682845
1183190
750003500
802375013
1183190
7250635
802375013
750003500
920295683
802375013
802375013
426332516
19965032
1057533
493813277
97861179
1183190
656682845
656682845
1183190
19965032
581123550
19965032
1183190
802375013
1183190
802375013
656682845
512304475
820179085
19965032
98918711
802375013
802375013
802375013
750003500
802375013
1183190
1183190
487894599
10234170
916795332
36762639
802375013
802375013
459250428
802375013
1183190
802375013
98918711
556574301
36762639
426332516
19965032
459250428
19965032
802375013
123491313
300866637
581123550
750003500
42552296
123491313
488683555
802375013
750003500
19965032
19965032
920295683
656682845
52394120
19965032
802375013
119358275
299553905
19965032
98918711
1057533
656682845
143200018
98918711
10234170
802375013
143200018
656682845
52394120
1183190
512304475
19965032
1183190
1183190
143200018
802375013
920295683
493813277
802375013
123491313
1183190
750003500
750003500
493813277
813291790
48835918
462836216
656682845
656682845
98918711
143200018
656682845
813291790
534488338
802375013
802375013
586551500
487894599
299553905
1183190
493813277
426332516
802375013
3198972
19965032
493813277
1183190
300866637
493813277
802375013
802375013
581123550
802375013
920295683
802375013
1183190
750003500
54194620
98918711
884424484
1183190
10234170
802375013
750003500
802375013
586551500
884424484
802375013
1183190
750003500
493813277
487894599
750003500
802375013
487894599
329537565
300866637
802375013
41218569
920295683
493813277
581123550
19965032
1183190
426332516
750003500
884424484
1183190
98918711
1183190
802375013
884424484
493813277
98918711
1183190
656682845
300866637
802375013
581123550
130847810
245582394
10234170
802375013
119358275
802375013
656682845
802375013
802375013
802375013
802375013
1183190
802375013
750003500
750003500
19965032
19965032
493813277
299553905
1183190
19965032
802375013
920295683
512304475
1183190
934169715
556574301
656682845
802375013
802375013
113746209
98918711
802375013
656682845
802375013
123491313
813291790
656682845
699647170
98918711
656682845
802375013
656682845
459250428
98918711
813291790
1057533
802375013
426332516
586551500
10234170
1183190
802375013
143200018
802375013
1057533
813291790
750003500
493813277
1183190
884424484
8801166
750003500
586551500
884424484
98918711
10234170
802375013
19965032
656682845
29179442
98918711
54194620
802375013
884424484
52394120
656682845
1057533
1183190
512304475
19965032
300866637
802375013
920295683
813291790
802375013
1183190
19965032
656682845
299553905
493813277
143200018
459250428
802375013
487894599
802375013
119358275
25844273
802375013
802375013
143200018
1183190
487894599
183008283
699647170
48835918
459250428
802375013
30747655
656682845
10234170
98918711
98918711
813291790
802375013
426332516
813291790
656682845
884424484
19965032
19965032
19965032
19965032
750003500
656682845
123491313
1183190
802375013
840824740
1183190
802375013
802375013
48835918
813291790
3198972
123491313
98918711
802375013
512304475
802375013
920295683
19965032
656682845
1183190
98918711
934169715
813291790
307300372
656682845
802375013
813291790
656682845
19965032
802375013
1183190
123491313
19965032
19965032
1057533
1183190
656682845
802375013
19965032
1057533
245582394
19965032
750003500
194975186
802375013
1183190
820179085
97861179
19965032
802375013
512304475
802375013
802375013
802375013
8801166
802375013
656682845
656682845
19965032
1183190
802375013
750003500
802375013
1183190
487894599
299553905
1183190
