375645006
375645006
109358751
365354161
79350819
807785778
807785778
45059456
21590415
902746527
960878260
960878260
213538795
261753846
25148361
63697539
25148361
807785778
738226912
252398253
63697539
918158136
213472776
261753846
960878260
807785778
960878260
57966147
88818037
44220234
960878260
918158136
79350819
960878260
109358751
127566702
79350819
960878260
902746527
960878260
25148361
807785778
25148361
255361427
960878260
45059456
45059456
375645006
807785778
79350819
823817122
960878260
62941355
79350819
960878260
375645006
45059456
79350819
960878260
960878260
109358751
890270352
960878260
79350819
960878260
960878260
960878260
25148361
960878260
902746527
960878260
807785778
54887532
45059456
79350819
25148361
25148361
960878260
45059456
960878260
79350819
366432922
508899539
960878260
261753846
109358751
229529553
989054925
807785778
960878260
88818037
322427251
806987180
25148361
62941355
738226912
960878260
807785778
738226912
960878260
807785778
45059456
252398253
960878260
960878260
595913621
960878260
807785778
142248250
57966147
57966147
103963045
902746527
902746527
57966147
45059456
109358751
261753846
21590415
11548516
508899539
902746527
960878260
365354161
807785778
25148361
79350819
960878260
823817122
595913621
57966147
960878260
960878260
738226912
21590415
807785778
960878260
807785778
25148361
960878260
45059456
807785778
960878260
284037626
45059456
508899539
508899539
960878260
212488991
25148361
109358751
45059456
960878260
127566702
807785778
807785778
44220234
508899539
79350819
261753846
738226912
45059456
869561049
63697539
366432922
960878260
25148361
11548516
738226912
25148361
86932604
109358751
960878260
960878260
25148361
45966469
57966147
212488991
960878260
63697539
960878260
807785778
79350819
960878260
960878260
960878260
960878260
508899539
807785778
902746527
213472776
63697539
918158136
261753846
807785778
807785778
960878260
960878260
595913621
88818037
79350819
79350819
213472776
45059456
21590415
261753846
738226912
902746527
807785778
79350819
971853444
62941355
960878260
960878260
960878260
960878260
109358751
508899539
25148361
807785778
960878260
918158136
902746527
213538795
79350819
960878260
44163067
902746527
807785778
595913621
44163067
960878260
807785778
86932604
206594282
960878260
109358751
902746527
25148361
57921975
960878260
64956812
738226912
25148361
960878260
252398253
45059456
960878260
902746527
25148361
252398253
807785778
807785778
25148361
252398253
902746527
960878260
902746527
45966469
79350819
902746527
45059456
261753846
595913621
44163067
498544431
529583554
902746527
960878260
960878260
595913621
807785778
79350819
35148538
109358751
255361427
807785778
960878260
508899539
109358751
45059456
960878260
960878260
807785778
25148361
25148361
960878260
79350819
807785778
212488991
379019272
807785778
25148361
284037626
6984366
142248250
960878260
595913621
902746527
738226912
738226912
508899539
807785778
738226912
960878260
738226912
161405996
902746527
738226912
63697539
807785778
261753846
207672389
997319081
660993319
175221790
6984366
63697539
902746527
807785778
213472776
213538795
63697539
365354161
902746527
45059456
807785778
25148361
212488991
252398253
57966147
960878260
902746527
25148361
109358751
109358751
960878260
213472776
213538795
807785778
109358751
960878260
902746527
902746527
252398253
960878260
960878260
960878260
595913621
960878260
79350819
127566702
25148361
807785778
960878260
595913621
213538795
960878260
902746527
807785778
960878260
807785778
902746527
88818037
88577201
807785778
31072585
960878260
86932604
807785778
807785778
960878260
261753846
960878260
44163067
45059456
960878260
960878260
807785778
79350819
25148361
960878260
902746527
57921975
902746527
960878260
529583554
175221790
807785778
63697539
261753846
45059456
25148361
902746527
261753846
960878260
410742920
25148361
960878260
62941355
86932604
960878260
738226912
379019272
960878260
807785778
595913621
213538795
960878260
869561049
63697539
960878260
902746527
949462164
960878260
261753846
261753846
261753846
252398253
261753846
213538795
420086299
918158136
508899539
960878260
960878260
902746527
25148361
806987180
960878260
25148361
960878260
960878260
902746527
807785778
902746527
11548516
45059456
80242428
109358751
252398253
206594282
807785778
213538795
918158136
213472776
918158136
960878260
213538795
960878260
960878260
960878260
252398253
960878260
298805340
807785778
807785778
252398253
207672389
869561049
25148361
595913621
807785778
25148361
213472776
498544431
12220387
498544431
960878260
595913621
823817122
960878260
508899539
57966147
807785778
807785778
960878260
807785778
284037626
508899539
63697539
45059456
79350819
960878260
902746527
44163067
25148361
960878260
960878260
25148361
79350819
508899539
902746527
960878260
807785778
960878260
960878260
21590415
902746527
960878260
252398253
63697539
79350819
25148361
109358751
508899539
960878260
284037626
902746527
25148361
960878260
960878260
508899539
960878260
25148361
807785778
918158136
79350819
738226912
960878260
807785778
971853444
44163067
960878260
960878260
21590415
79350819
45059456
823817122
807785778
807785778
261753846
444917314
25148361
807785778
549024487
508899539
57966147
375645006
960878260
21590415
807785778
45059456
508899539
960878260
960878260
252398253
960878260
960878260
960878260
960878260
386052997
109358751
807785778
508899539
918158136
284037626
823817122
807785778
902746527
960878260
960878260
86932604
807785778
807785778
902746527
109358751
86932604
88818037
960878260
902746527
807785778
213538795
915401886
807785778
823817122
25148361
807785778
252398253
366432922
62941355
63697539
375645006
949462164
960878260
960878260
807785778
63697539
63697539
21590415
79350819
63697539
25148361
69860573
79350819
807785778
960878260
213538795
25148361
6984366
54931494
902746527
207672389
223835555
960878260
13717625
902746527
807785778
738226912
960878260
79350819
21590415
103963045
960878260
109358751
738226912
902746527
27563221
960878260
960878260
902746527
25148361
960878260
213538795
902746527
79350819
595913621
45059456
807785778
375645006
902746527
44163067
86932604
902746527
508899539
960878260
109358751
337296377
213538795
57966147
79350819
365354161
807785778
738226912
416222004
807785778
960878260
284037626
21590415
960878260
252398253
960878260
960878260
21590415
807785778
57966147
379019272
508899539
21590415
960878260
21590415
28762646
902746527
25148361
261753846
88818037
45059456
79350819
508899539
45059456
918158136
25148361
63697539
213538795
807785778
6984366
902746527
175221790
807785778
902746527
212488991
63697539
25148361
902746527
595913621
45059456
25148361
79350819
807785778
966114242
206594282
21590415
960878260
960878260
738226912
79350819
96258511
960878260
960878260
902746527
960878260
45059456
902746527
807785778
109358751
595913621
508899539
960878260
807785778
80242428
213538795
375645006
73615108
902746527
918158136
44163067
806987180
807785778
807785778
960878260
45059456
206594282
295143090
869561049
25148361
869561049
41490509
213538795
25148361
960878260
960878260
823817122
25148361
25148361
660993319
25148361
918158136
284037626
63697539
45059456
79350819
960878260
45059456
960878260
54252156
960878260
960878260
25148361
252398253
25148361
88818037
109358751
902746527
902746527
25148361
45059456
207672389
717269850
971853444
45059456
807785778
960878260
124406121
213538795
882350182
213538795
738226912
869561049
807785778
25148361
714560429
25148361
161405996
213538795
261753846
25148361
103963045
918158136
25148361
45059456
25148361
213472776
45059456
45966469
869561049
960878260
86932604
298805340
902746527
869561049
902746527
25148361
57921975
45059456
960878260
807785778
79350819
595913621
960878260
25148361
960878260
918158136
127566702
960878260
57966147
902746527
902746527
62941355
918158136
261753846
807785778
595913621
960878260
918158136
25148361
366432922
45059456
960878260
960878260
960878260
45059456
62941355
45059456
960878260
252398253
252398253
11548516
399483489
960878260
25148361
63697539
25148361
109358751
109358751
261753846
207672389
25148361
25148361
79350819
902746527
807785778
960878260
960878260
79350819
79350819
45059456
103963045
213472776
807785778
869561049
62941355
902746527
960878260
25148361
63697539
529583554
960878260
86932604
175221790
25148361
79350819
738226912
918158136
175221790
63697539
304613544
206594282
44163067
365354161
872336400
960878260
213538795
960878260
63697539
960878260
83830000
206594282
213538795
960878260
960878260
869561049
960878260
738226912
960878260
918158136
31072585
45059456
498544431
45059456
213472776
261753846
21590415
79350819
79350819
45059456
918158136
25148361
960878260
109358751
261753846
902746527
738226912
45059456
902746527
88818037
79350819
109358751
45059456
960878260
261753846
284037626
25148361
109358751
807785778
603773370
252398253
213538795
79350819
88818037
54887532
109358751
206594282
960878260
595913621
960878260
4610104
25148361
960878260
63697539
807785778
508899539
807785778
10788395
63697539
366432922
365354161
902746527
902746527
738226912
960878260
45059456
25148361
960878260
261753846
261753846
79350819
902746527
45059456
63697539
960878260
25148361
79350819
109358751
869561049
960878260
960878260
261753846
252398253
960878260
807785778
807785778
508899539
807785778
57966147
79350819
807785778
213538795
960878260
807785778
902746527
807785778
960878260
25148361
213472776
869561049
213538795
960878260
420086299
807785778
45059456
960878260
949462164
420086299
86932604
44163067
25148361
738226912
807785778
807785778
960878260
57966147
57921975
5743460
79350819
25148361
960878260
213538795
960878260
45059456
960878260
960878260
508899539
261753846
738226912
25148361
902746527
25148361
25148361
365354161
25148361
69860573
960878260
508899539
807785778
902746527
807785778
261753846
902746527
960878260
595913621
807785778
807785778
960878260
109358751
902746527
960878260
86932604
738226912
902746527
918158136
21590415
902746527
807785778
63697539
960878260
261753846
595913621
30796311
45059456
960878260
25148361
960878260
902746527
960878260
960878260
45059456
45059456
902746527
79350819
807785778
109358751
45059456
64956812
595913621
261753846
79350819
807785778
807785778
595913621
365354161
902746527
807785778
960878260
63697539
337296377
261753846
25148361
366432922
902746527
960878260
960878260
807785778
79350819
79350819
63697539
63697539
960878260
25148361
902746527
823817122
402102256
109358751
960878260
959107698
738226912
109358751
807785778
498544431
807785778
807785778
902746527
207672389
366432922
45059456
11548516
918158136
212488991
807785778
960878260
229529553
45059456
284037626
902746527
960878260
902746527
21590415
595913621
960878260
960878260
44163067
960878260
57966147
252398253
261753846
807785778
960878260
960878260
103735143
375645006
88818037
103963045
677526
960878260
79350819
960878260
45059456
807785778
21590415
960878260
902746527
918158136
63697539
57966147
25148361
823817122
807785778
846565908
45059456
252398253
595913621
45059456
508899539
807785778
63697539
79350819
44220234
25148361
11548516
103963045
63697539
738226912
109358751
529583554
44163067
902746527
25148361
79350819
25148361
88818037
21590415
45059456
261753846
960878260
295143090
807785778
103963045
213538795
503096660
807785778
902746527
11548516
902746527
25148361
161405996
73615108
45059456
807785778
26438849
13717625
960878260
213538795
261753846
915401886
960878260
869561049
960878260
10788395
738226912
20730256
869561049
25148361
375645006
379019272
595913621
902746527
284037626
79350819
960878260
213538795
960878260
261753846
21590415
595913621
960878260
902746527
807785778
807785778
960878260
960878260
960878260
902746527
45059456
807785778
45059456
960878260
25148361
109358751
79350819
807785778
902746527
109358751
25148361
45059456
738226912
64044251
213538795
10153394
109358751
63697539
213538795
213538795
25148361
25148361
738226912
595913621
960878260
375645006
25148361
508899539
25148361
79350819
807785778
25148361
261753846
960878260
45059456
25148361
261753846
595913621
79350819
960878260
960878260
869561049
79350819
11548516
79350819
45059456
595913621
960878260
365354161
902746527
25148361
21590415
960878260
365354161
738226912
960878260
960878260
823817122
535413277
960878260
79350819
807785778
902746527
902746527
45059456
807785778
25148361
738226912
807785778
738226912
79350819
261753846
21590415
44220234
21590415
960878260
807785778
21590415
109358751
960878260
508899539
79350819
508899539
918158136
109358751
25148361
807785778
807785778
206594282
902746527
508899539
508899539
79350819
79350819
869561049
25148361
960878260
960878260
63697539
109358751
960878260
79350819
252398253
508899539
807785778
960878260
960878260
261753846
45059456
366432922
213472776
57966147
207672389
298805340
960878260
960878260
44163067
960878260
252398253
807785778
902746527
45059456
25148361
79350819
960878260
25148361
960878260
79350819
960878260
25148361
365354161
63697539
997319081
960878260
109358751
365354161
44163067
902746527
823817122
109358751
595913621
44163067
960878260
902746527
21590415
902746527
529583554
25148361
261753846
960878260
45059456
595913621
25148361
45059456
902746527
45059456
88818037
45059456
960878260
960878260
79350819
79350819
902746527
508899539
57966147
807785778
960878260
109358751
508899539
25148361
175221790
508899539
807785778
337296377
379019272
79350819
807785778
213538795
25148361
807785778
960878260
45059456
960878260
25148361
79350819
109358751
73615108
807785778
902746527
529583554
807785778
44163067
960878260
807785778
807785778
595913621
25148361
807785778
213538795
86932604
772201795
298805340
25148361
960878260
902746527
79350819
807785778
86932604
960878260
918158136
902746527
79350819
960878260
960878260
960878260
869561049
25148361
25148361
366432922
79350819
807785778
213538795
508899539
902746527
109358751
902746527
960878260
261753846
25148361
79350819
213538795
960878260
161405996
960878260
960878260
738226912
79350819
902746527
252398253
960878260
807785778
109358751
902746527
44163067
738226912
127566702
738226912
322427251
807785778
69860573
902746527
807785778
79350819
207672389
966114242
807785778
960878260
960878260
807785778
960878260
45059456
4610104
807785778
508899539
869561049
79350819
109358751
109358751
103963045
213538795
261753846
54931494
79350819
960878260
902746527
79350819
79350819
12220387
25148361
595913621
45059456
57966147
960878260
79350819
960878260
25148361
807785778
45059456
902746527
918158136
960878260
902746527
807785778
918158136
869561049
21590415
738226912
63697539
63697539
508899539
960878260
45059456
806987180
109358751
25148361
807785778
902746527
375645006
103963045
902746527
86932604
207672389
902746527
45059456
595913621
379019272
11548516
960878260
960878260
261753846
960878260
109358751
73615108
71218652
261753846
902746527
44163067
508899539
317993425
807785778
960878260
630015001
45966469
44220234
25148361
960878260
508899539
45059456
508899539
960878260
25148361
508899539
960878260
807785778
213538795
369574500
213538795
109358751
595913621
960878260
960878260
44163067
25148361
960878260
807785778
902746527
207672389
45059456
207672389
25148361
25148361
807785778
960878260
960878260
213538795
261753846
25148361
25148361
379019272
806987180
960878260
21590415
738226912
807785778
738226912
69860573
902746527
25148361
918158136
869561049
19525121
960878260
508899539
807785778
45059456
69860573
508899539
79350819
823817122
252398253
7906399
960878260
261753846
603773370
738226912
213472776
508899539
508899539
365354161
508899539
918158136
109358751
25148361
960878260
21590415
63697539
79350819
17564680
595913621
960878260
960878260
960878260
206594282
529583554
595913621
902746527
45059456
25148361
284037626
379019272
79350819
807785778
44163067
63697539
261753846
175221790
902746527
960878260
807785778
252398253
213472776
213538795
807785778
79350819
960878260
44220234
79350819
45059456
25148361
63697539
109358751
902746527
807785778
109358751
261753846
29205156
213538795
63697539
25148361
960878260
960878260
807785778
807785778
25148361
960878260
213538795
960878260
292248617
595913621
86932604
57921975
960878260
807785778
902746527
807785778
869561049
206594282
29205156
25148361
807785778
109358751
6984366
379019272
960878260
807785778
807785778
960878260
21590415
25148361
960878260
902746527
25148361
508899539
21590415
79350819
88818037
206594282
726002651
595913621
960878260
806987180
960878260
960878260
960878260
807785778
958404524
902746527
960878260
807785778
206594282
960878260
25148361
212488991
365354161
960878260
508899539
960878260
45966469
902746527
213538795
902746527
807785778
63697539
25148361
79350819
25148361
960878260
960878260
45059456
25148361
79350819
902746527
410742920
902746527
738226912
25148361
79350819
807785778
738226912
213472776
57966147
902746527
595913621
79350819
918158136
25148361
807785778
273017462
918158136
109358751
960878260
109358751
252398253
934961261
960878260
772201795
960878260
807785778
375645006
53733763
57966147
823817122
213538795
175221790
25148361
960878260
960878260
960878260
45059456
443779617
960878260
45059456
902746527
508899539
508899539
45059456
971853444
960878260
25148361
213538795
414169224
25148361
960878260
960878260
902746527
807785778
738226912
252398253
807785778
960878260
807785778
807785778
25148361
4610104
45059456
902746527
21590415
807785778
807785778
738226912
960878260
960878260
25148361
960878260
79350819
69860573
738226912
508899539
800175341
21590415
206594282
807785778
902746527
213538795
109358751
127566702
807785778
25148361
738226912
62941355
45059456
25148361
960878260
902746527
28762646
79350819
918158136
213538795
902746527
37345778
807785778
25148361
902746527
960878260
807785778
738226912
57966147
63697539
213538795
807785778
25148361
25148361
960878260
69860573
244097634
25148361
807785778
807785778
960878260
595913621
503096660
508899539
79350819
595913621
45966469
45059456
261753846
175221790
25148361
79350819
807785778
508899539
25148361
960878260
960878260
57966147
261753846
45059456
869561049
79350819
1089507
772201795
45059456
284037626
8339017
57966147
738226912
508899539
79350819
807785778
960878260
109358751
960878260
63697539
960878260
960878260
960878260
79350819
79350819
595913621
375645006
960878260
960878260
902746527
902746527
508899539
109358751
807785778
960878260
45059456
738226912
902746527
549024487
86932604
960878260
807785778
284037626
35148538
79350819
869561049
960878260
807785778
960878260
80242428
79350819
79350819
63697539
25148361
79350819
918158136
902746527
960878260
25148361
595913621
595913621
79350819
88818037
25148361
109358751
902746527
79350819
508899539
807785778
595913621
175221790
537964019
807785778
21590415
57966147
960878260
807785778
960878260
79350819
45059456
213538795
62941355
45059456
807785778
161405996
175221790
109358751
960878260
595913621
213472776
960878260
379019272
213538795
284037626
960878260
25148361
109358751
45059456
21590415
206594282
807785778
960878260
109358751
807785778
45059456
63697539
45059456
902746527
109358751
8339017
960878260
21590415
807785778
365354161
25148361
25148361
960878260
261753846
298805340
213538795
45059456
595913621
595913621
869561049
807785778
807785778
88818037
738226912
62941355
63697539
660993319
508899539
25148361
960878260
109358751
960878260
284037626
213472776
261753846
869561049
529583554
21590415
45059456
8339017
943049435
6984366
971853444
366432922
212488991
366432922
529583554
298805340
252398253
595913621
213472776
960878260
595913621
45059456
25148361
902746527
902746527
960878260
549024487
960878260
79350819
62941355
252398253
79350819
902746527
79350819
807785778
960878260
960878260
960878260
960878260
807785778
261753846
21590415
57966147
12220387
960878260
79350819
45059456
595913621
365354161
212488991
21590415
45059456
807785778
25148361
902746527
25148361
5743460
902746527
960878260
960878260
960878260
261753846
807785778
365354161
88818037
127566702
6984366
806987180
25148361
21590415
63697539
630015001
284037626
960878260
508899539
902746527
869561049
261753846
25148361
807785778
529583554
109358751
79350819
960878260
252398253
960878260
807785778
807785778
902746527
25148361
902746527
807785778
807785778
918158136
261753846
11548516
508899539
86932604
213538795
366432922
960878260
595913621
213538795
103735143
63697539
807785778
960878260
960878260
807785778
109358751
960878260
109358751
28762646
960878260
807785778
25148361
44163067
508899539
915401886
44163067
960878260
738226912
207672389
960878260
261753846
45059456
252398253
807785778
807785778
902746527
806987180
45059456
45059456
807785778
869561049
57966147
133118875
960878260
212488991
45059456
960878260
213538795
960878260
212488991
529583554
20730256
213472776
284037626
960878260
807785778
807785778
960878260
79350819
902746527
918158136
295143090
960878260
960878260
284037626
902746527
45059456
206594282
807785778
45059456
902746527
960878260
949462164
595913621
960878260
869561049
869561049
902746527
25148361
45059456
109358751
45059456
595913621
960878260
25148361
918158136
366432922
508899539
45059456
103963045
212488991
88577201
918158136
41490509
379019272
206594282
25148361
365354161
206594282
807785778
109358751
823817122
807785778
63697539
44163067
252398253
807785778
595913621
508899539
595913621
738226912
960878260
960878260
44163067
535997512
807785778
902746527
79350819
45059456
902746527
960878260
213472776
807785778
949462164
175221790
212488991
63697539
45059456
772201795
595913621
45059456
960878260
807785778
869561049
21590415
63697539
960878260
960878260
960878260
109358751
869561049
284037626
79350819
213472776
738226912
807785778
79350819
21590415
960878260
57966147
902746527
57966147
79350819
25148361
807785778
25148361
960878260
902746527
807785778
45059456
806987180
738226912
44163067
44163067
508899539
960878260
738226912
88818037
25148361
79350819
45059456
366432922
960878260
6984366
595913621
960878260
379019272
960878260
45059456
807785778
109358751
79350819
213538795
261753846
807785778
960878260
960878260
960878260
807785778
213538795
807785778
25148361
213538795
960878260
21590415
960878260
213472776
365354161
960878260
960878260
261753846
902746527
807785778
738226912
960878260
960878260
62941355
21590415
595913621
960878260
142248250
902746527
45966469
960878260
63697539
375645006
109358751
595913621
261753846
298805340
57966147
252398253
52988346
807785778
960878260
960878260
960878260
960878260
807785778
902746527
261753846
960878260
960878260
807785778
960878260
45059456
508899539
45059456
960878260
960878260
25148361
807785778
79350819
252398253
807785778
960878260
213538795
25148361
902746527
807785778
261753846
25148361
960878260
823817122
807785778
918158136
83830000
807785778
960878260
213538795
261753846
807785778
35942896
960878260
79350819
902746527
284037626
960878260
918158136
960878260
284037626
25148361
960878260
960878260
45059456
79350819
25148361
25148361
45059456
902746527
807785778
918158136
103735143
86932604
960878260
25148361
379019272
807785778
229529553
529583554
960878260
807785778
902746527
212488991
918158136
103963045
45059456
807785778
44163067
508899539
109358751
549024487
25148361
21590415
21590415
960878260
79350819
213472776
337296377
79350819
109358751
960878260
25148361
960878260
212488991
960878260
21590415
807785778
960878260
918158136
806987180
45059456
902746527
549024487
375645006
960878260
127566702
21590415
63697539
960878260
738226912
25148361
63697539
25148361
35148538
807785778
807785778
595913621
57966147
869561049
25148361
960878260
25148361
807785778
902746527
902746527
960878260
45059456
109358751
807785778
902746527
960878260
508899539
25148361
807785778
960878260
379019272
109358751
213472776
595913621
261753846
902746527
738226912
45059456
109358751
57966147
80242428
322427251
45059456
317993425
603773370
12220387
960878260
213538795
807785778
960878260
807785778
960878260
902746527
21590415
902746527
807785778
595913621
164211681
45059456
807785778
960878260
109358751
738226912
902746527
960878260
25148361
537964019
960878260
63697539
79350819
109358751
62941355
21590415
213538795
25148361
807785778
25148361
960878260
109358751
86932604
807785778
44163067
960878260
207672389
738226912
960878260
88818037
45059456
869561049
261753846
116718525
88818037
960878260
918158136
807785778
960878260
79350819
45059456
498544431
960878260
807785778
902746527
738226912
807785778
807785778
960878260
57966147
960878260
918158136
960878260
807785778
45059456
595913621
375645006
88818037
508899539
960878260
807785778
960878260
25148361
960878260
25148361
807785778
45059456
807785778
738226912
869561049
45059456
213538795
109358751
25148361
902746527
508899539
807785778
960878260
365354161
960878260
6984366
79350819
918158136
25148361
918158136
109358751
261753846
960878260
918158136
807785778
109358751
807785778
508899539
379019272
25148361
45059456
63697539
79350819
960878260
807785778
206594282
79350819
79350819
25148361
63697539
63697539
807785778
960878260
261753846
6984366
63697539
213538795
960878260
960878260
79350819
213472776
960878260
45059456
960878260
21590415
902746527
35148538
21590415
86932604
25148361
869561049
902746527
960878260
63697539
503096660
960878260
960878260
823817122
57966147
207672389
960878260
807785778
25148361
807785778
823817122
807785778
508899539
960878260
83830000
960878260
603773370
25148361
508899539
960878260
379019272
807785778
63697539
25148361
63697539
45059456
25148361
6984366
960878260
252398253
960878260
25148361
807785778
57966147
45059456
45059456
79350819
261753846
960878260
960878260
44163067
807785778
902746527
902746527
261753846
25148361
997319081
960878260
45059456
45059456
960878260
508899539
807785778
960878260
902746527
25148361
738226912
298805340
45059456
960878260
79350819
284037626
902746527
869561049
595913621
365354161
807785778
21590415
44163067
807785778
960878260
45059456
25148361
960878260
175221790
8030252
902746527
960878260
365354161
902746527
595913621
960878260
57921975
213538795
45059456
960878260
21590415
245316338
375645006
960878260
960878260
902746527
25148361
79350819
45059456
88818037
823817122
960878260
375645006
960878260
960878260
213538795
960878260
902746527
508899539
109358751
807785778
35942896
807785778
45059456
213472776
595913621
252398253
960878260
807785778
823817122
960878260
79350819
738226912
498544431
807785778
960878260
6984366
213538795
807785778
902746527
103963045
807785778
918158136
79350819
960878260
365354161
45059456
63697539
79350819
960878260
960878260
807785778
213538795
960878260
25148361
79350819
960878260
960878260
295143090
806987180
508899539
88818037
261753846
261753846
21590415
79350819
807785778
902746527
902746527
807785778
45059456
960878260
807785778
213538795
21590415
379019272
45059456
125105030
869561049
807785778
508899539
109358751
807785778
252398253
261753846
25148361
960878260
79350819
902746527
206594282
44163067
960878260
960878260
595913621
807785778
915401886
207672389
960878260
960878260
508899539
960878260
960878260
366432922
869561049
127566702
25148361
902746527
807785778
63697539
353525701
11548516
261753846
25148361
252398253
960878260
806987180
79350819
11548516
57966147
902746527
807785778
807785778
79350819
807785778
997319081
109358751
109358751
284037626
21590415
73615108
57966147
498544431
63697539
807785778
960878260
88818037
57966147
960878260
902746527
206594282
25148361
21590415
44163067
213538795
918158136
807785778
498544431
213538795
508899539
738226912
25148361
902746527
79350819
45059456
79350819
960878260
595913621
949462164
109358751
807785778
807785778
25148361
206349244
63697539
45059456
45059456
902746527
806987180
35148538
79350819
109358751
207672389
807785778
206594282
63697539
915401886
960878260
261753846
284037626
960878260
960878260
25148361
807785778
252398253
212488991
960878260
902746527
284037626
25148361
960878260
88818037
86932604
960878260
45059456
213538795
960878260
45059456
918158136
109358751
29205156
54252156
960878260
960878260
79350819
807785778
375645006
261753846
807785778
6984366
57966147
960878260
807785778
960878260
960878260
960878260
25148361
807785778
44163067
902746527
109358751
109358751
54931494
960878260
902746527
79350819
88818037
25148361
109358751
807785778
960878260
213538795
807785778
79350819
807785778
807785778
25148361
62941355
738226912
109358751
63697539
213538795
902746527
902746527
88818037
109358751
918158136
25148361
960878260
960878260
35148538
161405996
960878260
960878260
960878260
284037626
206594282
25148361
261753846
595913621
57966147
21590415
960878260
57966147
213538795
902746527
284037626
45059456
57966147
45059456
807785778
103963045
960878260
212488991
252398253
10153394
869561049
63697539
261753846
960878260
213538795
109358751
902746527
960878260
213538795
109358751
807785778
918158136
960878260
365354161
807785778
960878260
738226912
109358751
807785778
45059456
88818037
807785778
960878260
45059456
25148361
960878260
109358751
109358751
902746527
44163067
25148361
960878260
