15976714
241768448
233824508
313037794
677297657
241768448
561895181
561895181
702278437
241768448
702278437
235039731
235039731
561895181
702278437
763639085
87318113
702278437
446171053
241768448
57048214
702278437
313037794
702278437
570902795
702278437
144583216
702278437
241768448
702278437
11544241
235039731
702278437
833079104
677297657
763639085
702278437
702278437
677297657
702278437
702278437
702278437
241768448
241768448
87318113
439087518
702278437
343421184
57048214
702278437
702278437
86406125
241768448
702278437
561895181
702278437
343421184
702278437
241768448
235039731
702278437
87318113
561895181
241768448
702278437
702278437
296117255
763639085
241768448
17742304
702278437
313037794
561895181
702278437
313037794
702278437
702278437
144583216
702278437
313037794
702278437
702278437
702278437
702278437
833079104
168619112
367185686
313037794
343421184
87318113
87318113
146336468
741249395
839545479
241768448
702278437
702278437
702278437
144583216
702278437
241768448
235039731
99365581
241768448
57048214
241768448
241768448
702278437
103649011
702278437
702278437
343421184
561895181
561895181
313037794
241768448
833079104
86406125
702278437
313037794
561895181
702278437
86406125
227405208
702278437
702278437
241768448
848504784
702278437
702278437
343421184
702278437
561895181
702278437
83539670
702278437
702278437
561895181
413431264
702278437
343421184
677297657
561895181
702278437
241768448
702278437
86406125
561895181
702278437
561895181
702278437
86406125
623416200
702278437
235039731
313037794
343421184
241768448
227405208
241768448
578107615
241768448
702278437
702278437
702278437
702278437
241768448
241768448
833079104
442168207
425028751
87318113
241768448
235039731
777719734
561895181
838782046
702278437
561895181
833079104
702278437
241768448
313037794
702278437
702278437
343421184
702278437
702278437
343421184
326113152
233824508
702278437
86406125
313037794
86406125
313037794
702278437
241768448
702278437
741249395
233824508
439087518
702278437
702278437
241768448
702278437
702278437
702278437
561895181
561895181
763639085
702278437
702278437
702278437
702278437
343421184
343421184
241768448
86406125
87318113
241768448
702278437
87318113
241768448
561895181
838782046
296117255
803931173
702278437
561895181
561895181
241768448
702278437
561895181
702278437
343421184
209662905
561895181
702278437
313037794
561895181
677297657
702278437
763639085
702278437
702278437
233824508
702278437
763639085
702278437
702278437
561895181
561895181
241768448
702278437
313037794
561895181
702278437
702278437
87318113
561895181
87318113
343421184
702278437
763639085
702278437
343421184
241768448
702278437
702278437
702278437
561895181
702278437
235039731
702278437
702278437
144583216
702278437
313037794
241768448
561895181
60484311
561895181
741249395
313037794
702278437
241768448
763639085
561895181
702278437
86406125
702278437
561895181
702278437
241768448
702278437
702278437
241768448
343421184
87318113
87318113
241768448
313037794
343421184
561895181
86406125
241768448
833079104
702278437
763639085
702278437
313037794
702278437
343421184
343421184
702278437
313037794
561895181
86406125
702278437
241768448
677297657
578107615
343421184
702278437
57048214
241768448
702278437
833079104
313037794
561895181
99365581
241768448
561895181
211621526
241768448
702278437
209662905
313037794
87318113
561895181
763639085
702278437
702278437
623416200
241768448
313037794
702278437
702278437
702278437
146336468
241768448
702278437
702278437
702278437
741249395
220958816
209662905
561895181
561895181
241768448
833079104
702278437
313037794
702278437
241768448
86406125
702278437
25656254
833079104
702278437
702278437
702278437
561895181
233824508
702278437
233824508
702278437
702278437
343421184
677297657
702278437
702278437
144583216
146336468
168619112
702278437
702278437
241768448
241768448
313037794
702278437
425028751
343421184
702278437
15976714
241768448
702278437
57048214
702278437
702278437
561895181
313037794
702278437
702278437
702278437
702278437
702278437
702278437
702278437
241768448
702278437
313037794
702278437
833079104
702278437
241768448
702278437
442168207
57048214
702278437
343421184
561895181
702278437
241768448
313037794
838782046
86406125
763639085
86406125
763639085
87318113
241768448
702278437
838782046
561895181
13213576
313037794
99365581
241768448
561895181
763639085
343421184
241768448
241768448
702278437
86406125
702278437
15976714
313037794
241768448
702278437
144583216
425028751
241768448
241768448
241768448
702278437
953101018
57048214
702278437
313037794
313037794
702278437
702278437
702278437
367185686
702278437
702278437
702278437
702278437
702278437
103649011
741249395
702278437
343421184
425028751
777719734
87318113
763639085
702278437
241768448
144583216
241768448
702278437
241768448
702278437
241768448
561895181
313037794
702278437
763639085
241768448
83539670
702278437
87318113
702278437
561895181
702278437
702278437
702278437
702278437
702278437
702278437
313037794
343421184
702278437
144583216
702278437
343421184
86406125
241768448
702278437
313037794
146336468
953101018
702278437
702278437
702278437
702278437
847357603
241768448
233824508
561895181
953101018
241768448
702278437
702278437
561895181
86406125
702278437
702278437
571227712
702278437
702278437
702278437
702278437
313037794
702278437
763639085
57048214
144583216
833079104
702278437
702278437
241768448
241768448
561895181
241768448
702278437
103649011
763639085
702278437
702278437
702278437
702278437
241768448
343421184
144583216
561895181
953101018
702278437
425028751
702278437
313037794
702278437
235039731
144583216
241768448
702278437
702278437
343421184
702278437
702278437
702278437
313037794
702278437
702278437
87318113
227405208
561895181
209662905
442168207
168619112
702278437
87318113
702278437
144583216
953101018
241768448
702278437
763639085
702278437
343421184
343421184
313037794
702278437
833079104
702278437
343421184
241768448
702278437
702278437
313037794
702278437
241768448
241768448
702278437
561895181
702278437
584441287
313037794
561895181
561895181
561895181
313037794
233824508
561895181
296117255
702278437
241768448
702278437
241768448
99365581
741249395
241768448
313037794
763639085
15976714
241768448
57048214
702278437
241768448
99365581
702278437
561895181
953101018
702278437
313037794
707311014
777719734
86406125
953101018
103649011
953101018
313037794
702278437
702278437
241768448
702278437
86406125
702278437
209662905
777719734
702278437
343421184
313037794
702278437
57048214
241768448
561895181
702278437
561895181
702278437
313037794
169766293
561895181
345319975
702278437
702278437
702278437
702278437
702278437
313037794
343421184
578107615
833079104
241768448
702278437
578107615
15976714
702278437
241768448
656701267
313037794
313037794
763639085
99365581
702278437
561895181
702278437
702278437
702278437
343421184
702278437
953101018
87318113
241768448
702278437
763639085
702278437
833079104
87318113
702278437
763639085
233824508
241768448
169766293
777719734
17742304
241768448
241768448
241768448
561895181
343421184
702278437
241768448
702278437
241768448
561895181
702278437
241768448
702278437
241768448
103649011
241768448
953101018
833079104
241768448
561895181
343421184
763639085
343421184
241768448
677297657
561895181
168619112
241768448
702278437
123468710
241768448
343421184
313037794
702278437
313037794
702278437
702278437
702278437
343421184
313037794
241768448
561895181
702278437
241768448
561895181
702278437
209662905
702278437
561895181
241768448
702278437
561895181
561895181
103649011
763639085
446171053
763639085
313037794
741249395
241768448
99365581
561895181
561895181
702278437
702278437
702278437
241768448
313037794
578107615
561895181
241768448
561895181
233824508
343421184
702278437
702278437
561895181
702278437
702278437
13213576
702278437
241768448
702278437
296117255
763639085
241768448
241768448
413431264
241768448
702278437
702278437
702278437
702278437
702278437
763639085
702278437
241768448
343421184
87318113
702278437
561895181
702278437
87318113
241768448
144583216
86406125
241768448
702278437
702278437
561895181
233824508
702278437
313037794
326113152
99365581
833079104
848504784
561895181
702278437
702278437
86406125
561895181
838782046
702278437
87318113
241768448
744149828
702278437
561895181
235039731
146336468
702278437
313037794
86406125
702278437
57048214
313037794
17742304
707311014
57048214
702278437
343421184
702278437
343421184
343421184
57048214
702278437
702278437
702278437
425028751
561895181
227405208
702278437
561895181
777719734
833079104
87318113
86406125
702278437
86406125
702278437
702278437
702278437
561895181
87318113
702278437
702278437
209662905
343421184
953101018
241768448
702278437
227405208
702278437
777719734
570902795
235039731
343421184
702278437
241768448
235039731
241768448
343421184
702278437
702278437
702278437
313037794
561895181
702278437
241768448
313037794
103649011
561895181
241768448
702278437
241768448
578107615
326113152
233824508
313037794
561895181
561895181
702278437
168619112
702278437
702278437
741249395
442168207
702278437
932117803
57048214
702278437
702278437
763639085
313037794
313037794
561895181
702278437
144583216
833079104
241768448
343421184
83539670
702278437
763639085
702278437
99365581
702278437
343421184
313037794
241768448
561895181
13213576
561895181
741249395
702278437
241768448
313037794
561895181
702278437
86406125
702278437
313037794
313037794
313037794
702278437
571227712
763639085
702278437
13213576
313037794
343421184
561895181
702278437
702278437
241768448
241768448
561895181
702278437
144583216
741249395
702278437
11544241
953101018
702278437
87318113
702278437
702278437
702278437
702278437
833079104
13213576
702278437
87318113
313037794
702278437
702278437
343421184
235039731
702278437
702278437
313037794
953101018
241768448
833079104
343421184
343421184
702278437
702278437
833079104
702278437
57048214
144583216
702278437
235039731
241768448
343421184
833079104
343421184
343421184
13213576
87318113
25656254
741249395
561895181
702278437
561895181
702278437
313037794
398333570
241768448
227405208
86406125
241768448
87318113
313037794
241768448
763639085
241768448
241768448
99365581
702278437
343421184
702278437
326113152
86406125
763639085
241768448
702278437
702278437
702278437
241768448
57048214
763639085
561895181
241768448
241768448
241768448
838782046
343421184
707311014
702278437
702278437
241768448
45830913
702278437
702278437
343421184
233824508
227405208
86406125
313037794
677297657
241768448
702278437
241768448
313037794
561895181
241768448
763639085
702278437
220958816
702278437
318579401
561895181
343421184
241768448
702278437
702278437
702278437
313037794
561895181
702278437
25656254
425028751
702278437
702278437
702278437
343421184
241768448
313037794
233824508
241768448
702278437
241768448
702278437
741249395
702278437
425028751
702278437
702278437
241768448
763639085
561895181
702278437
144583216
702278437
425028751
313037794
702278437
702278437
702278437
702278437
561895181
702278437
241768448
702278437
343421184
561895181
86406125
702278437
313037794
241768448
561895181
702278437
209662905
953101018
99365581
561895181
702278437
702278437
168619112
241768448
343421184
702278437
241768448
702278437
561895181
343421184
313037794
561895181
702278437
702278437
241768448
241768448
741249395
702278437
11544241
702278437
144583216
561895181
343421184
702278437
702278437
702278437
313037794
241768448
702278437
241768448
241768448
86406125
442168207
702278437
313037794
702278437
702278437
702278437
953101018
241768448
702278437
380882299
702278437
702278437
702278437
561895181
313037794
442168207
241768448
702278437
702278437
702278437
702278437
702278437
702278437
702278437
343421184
313037794
741249395
425028751
413431264
146336468
313037794
233824508
561895181
702278437
741249395
702278437
561895181
702278437
57048214
241768448
777719734
702278437
561895181
561895181
343421184
702278437
313037794
227405208
833079104
702278437
561895181
702278437
702278437
241768448
313037794
578107615
702278437
702278437
425028751
313037794
313037794
561895181
702278437
702278437
561895181
561895181
702278437
241768448
702278437
702278437
702278437
313037794
313037794
702278437
702278437
241768448
702278437
561895181
702278437
60484311
235039731
241768448
561895181
702278437
702278437
702278437
343421184
241768448
702278437
702278437
103649011
241768448
209662905
313037794
777719734
702278437
702278437
702278437
578107615
241768448
87318113
233824508
313037794
87318113
241768448
103649011
144583216
87318113
702278437
144583216
702278437
702278437
241768448
702278437
209662905
86406125
313037794
702278437
103649011
241768448
343421184
561895181
99365581
87318113
561895181
235039731
702278437
702278437
561895181
702278437
313037794
235039731
702278437
235039731
425028751
241768448
343421184
702278437
209662905
227405208
343421184
702278437
17742304
241768448
584441287
561895181
86406125
233824508
313037794
413431264
561895181
702278437
561895181
578107615
87318113
343421184
313037794
561895181
241768448
87318113
702278437
702278437
702278437
702278437
241768448
702278437
99365581
313037794
702278437
343421184
702278437
87318113
241768448
702278437
702278437
144583216
702278437
777719734
313037794
702278437
144583216
702278437
241768448
241768448
313037794
241768448
702278437
561895181
343421184
241768448
561895181
425028751
241768448
702278437
313037794
241768448
144583216
702278437
241768448
439087518
241768448
702278437
241768448
953101018
561895181
343421184
313037794
702278437
235039731
702278437
702278437
241768448
313037794
313037794
702278437
702278437
103649011
561895181
763639085
702278437
561895181
833079104
99365581
953101018
313037794
241768448
425028751
313037794
702278437
702278437
702278437
561895181
343421184
313037794
702278437
702278437
241768448
241768448
702278437
702278437
702278437
241768448
241768448
343421184
313037794
313037794
763639085
313037794
241768448
313037794
953101018
702278437
241768448
241768448
702278437
561895181
702278437
702278437
233824508
241768448
86406125
241768448
561895181
702278437
313037794
707311014
241768448
702278437
241768448
677297657
702278437
702278437
561895181
313037794
702278437
313037794
677297657
241768448
702278437
702278437
103649011
777719734
968901526
313037794
241768448
702278437
839545479
87318113
702278437
763639085
561895181
702278437
702278437
103649011
702278437
702278437
677297657
241768448
87318113
702278437
702278437
702278437
702278437
578107615
702278437
702278437
763639085
578107615
561895181
702278437
763639085
702278437
326113152
343421184
99365581
103649011
702278437
343421184
45830913
702278437
425028751
702278437
241768448
702278437
103649011
702278437
561895181
233824508
702278437
99365581
838782046
953101018
702278437
246860647
561895181
702278437
345319975
702278437
702278437
763639085
702278437
702278437
561895181
99365581
561895181
144583216
702278437
561895181
702278437
702278437
702278437
702278437
702278437
702278437
702278437
235039731
763639085
241768448
343421184
702278437
702278437
702278437
343421184
425028751
702278437
677297657
561895181
87318113
702278437
241768448
953101018
677297657
60484311
702278437
702278437
561895181
702278437
343421184
241768448
702278437
343421184
241768448
702278437
763639085
702278437
241768448
561895181
702278437
702278437
763639085
343421184
241768448
83539670
702278437
702278437
702278437
86406125
763639085
702278437
561895181
702278437
241768448
702278437
702278437
702278437
241768448
146336468
702278437
60484311
15976714
953101018
702278437
702278437
87318113
313037794
241768448
702278437
241768448
87318113
446171053
833079104
343421184
702278437
241768448
561895181
241768448
146336468
702278437
87318113
561895181
702278437
702278437
561895181
953101018
833079104
813462640
87318113
702278437
932117803
702278437
60484311
313037794
702278437
241768448
313037794
702278437
87318113
235039731
702278437
702278437
345319975
45830913
86406125
343421184
702278437
677297657
313037794
169766293
561895181
741249395
313037794
313037794
313037794
702278437
702278437
702278437
702278437
702278437
702278437
86406125
235039731
702278437
702278437
561895181
146336468
25656254
87318113
343421184
702278437
233824508
86406125
702278437
446171053
561895181
702278437
413431264
838782046
313037794
13213576
561895181
702278437
702278437
702278437
702278437
561895181
343421184
777719734
702278437
87318113
702278437
702278437
241768448
702278437
227405208
241768448
241768448
87318113
833079104
702278437
763639085
185744646
561895181
777719734
86406125
561895181
241768448
578107615
241768448
439087518
144583216
313037794
561895181
702278437
833079104
702278437
561895181
123468710
343421184
741249395
702278437
313037794
702278437
313037794
702278437
233824508
953101018
561895181
313037794
86406125
144583216
702278437
741249395
241768448
103649011
343421184
702278437
343421184
944886587
241768448
87318113
241768448
326113152
313037794
87318113
241768448
561895181
313037794
702278437
425028751
702278437
702278437
87318113
241768448
313037794
442168207
209662905
702278437
103649011
702278437
343421184
561895181
953101018
241768448
702278437
702278437
702278437
241768448
343421184
561895181
343421184
561895181
241768448
702278437
953101018
702278437
561895181
86406125
235039731
233824508
702278437
83539670
87318113
561895181
702278437
241768448
741249395
702278437
343421184
313037794
233824508
313037794
763639085
57048214
343421184
241768448
233824508
702278437
702278437
702278437
702278437
702278437
702278437
313037794
702278437
343421184
702278437
702278437
343421184
702278437
532523325
702278437
953101018
235039731
86406125
702278437
241768448
702278437
561895181
702278437
425028751
702278437
702278437
702278437
702278437
702278437
702278437
561895181
103649011
561895181
702278437
702278437
833079104
702278437
702278437
57048214
702278437
241768448
702278437
313037794
561895181
702278437
702278437
702278437
343421184
763639085
13213576
343421184
343421184
702278437
343421184
241768448
702278437
87318113
15976714
702278437
702278437
532523325
702278437
702278437
87318113
702278437
702278437
313037794
702278437
313037794
702278437
313037794
702278437
702278437
702278437
702278437
702278437
87318113
702278437
702278437
702278437
838782046
241768448
702278437
343421184
241768448
702278437
702278437
763639085
702278437
847357603
702278437
741249395
702278437
702278437
561895181
313037794
313037794
578107615
13213576
313037794
57048214
86406125
561895181
235039731
702278437
241768448
702278437
702278437
702278437
313037794
561895181
241768448
702278437
241768448
343421184
702278437
702278437
241768448
702278437
57048214
103649011
702278437
561895181
87318113
241768448
561895181
702278437
833079104
623416200
702278437
847357603
702278437
411547145
235039731
13213576
313037794
313037794
57048214
241768448
953101018
235039731
763639085
953101018
702278437
343421184
702278437
87318113
86406125
241768448
702278437
702278437
103649011
241768448
241768448
241768448
702278437
87318113
702278437
241768448
235039731
343421184
241768448
313037794
702278437
144583216
87318113
763639085
343421184
702278437
318579401
343421184
144583216
241768448
702278437
561895181
702278437
233824508
702278437
87318113
25656254
702278437
561895181
83539670
702278437
702278437
702278437
953101018
763639085
561895181
702278437
953101018
702278437
86406125
833079104
702278437
702278437
343421184
313037794
838782046
702278437
343421184
702278437
343421184
233824508
561895181
833079104
103649011
313037794
25656254
86406125
677297657
86406125
561895181
763639085
233824508
15976714
86406125
296117255
702278437
833079104
241768448
702278437
103649011
702278437
87318113
13213576
838782046
702278437
241768448
86406125
702278437
702278437
702278437
702278437
561895181
702278437
702278437
241768448
86406125
763639085
702278437
838782046
763639085
241768448
561895181
702278437
561895181
702278437
702278437
345319975
241768448
87318113
241768448
677297657
702278437
561895181
313037794
313037794
702278437
313037794
241768448
209662905
702278437
702278437
169766293
702278437
313037794
343421184
702278437
241768448
561895181
246860647
561895181
343421184
144583216
343421184
702278437
702278437
953101018
702278437
702278437
702278437
561895181
241768448
702278437
411547145
702278437
241768448
86406125
702278437
313037794
702278437
313037794
702278437
702278437
313037794
241768448
86406125
87318113
833079104
241768448
702278437
702278437
702278437
741249395
313037794
702278437
343421184
953101018
241768448
313037794
241768448
702278437
702278437
87318113
241768448
103649011
702278437
446171053
702278437
702278437
702278437
561895181
313037794
313037794
241768448
702278437
561895181
313037794
241768448
702278437
87318113
702278437
211621526
185744646
103649011
313037794
561895181
561895181
702278437
241768448
570902795
318579401
953101018
702278437
702278437
343421184
702278437
702278437
241768448
241768448
313037794
144583216
702278437
57048214
702278437
425028751
702278437
60484311
878406766
702278437
235039731
241768448
561895181
702278437
146336468
241768448
241768448
425028751
763639085
702278437
561895181
86406125
241768448
702278437
561895181
702278437
241768448
702278437
702278437
439087518
103649011
241768448
838782046
702278437
702278437
702278437
313037794
702278437
83539670
702278437
411547145
833079104
57048214
702278437
343421184
442168207
702278437
241768448
702278437
313037794
702278437
241768448
702278437
702278437
241768448
702278437
702278437
839545479
702278437
561895181
702278437
702278437
343421184
702278437
241768448
241768448
413431264
702278437
838782046
235039731
763639085
702278437
343421184
561895181
763639085
561895181
561895181
571227712
168619112
953101018
702278437
702278437
702278437
702278437
702278437
241768448
702278437
561895181
209662905
241768448
83539670
702278437
702278437
233824508
343421184
702278437
343421184
313037794
57048214
86406125
561895181
702278437
677297657
702278437
702278437
702278437
241768448
241768448
968901526
702278437
241768448
702278437
241768448
296117255
702278437
702278437
702278437
702278437
702278437
13213576
561895181
838782046
313037794
241768448
343421184
702278437
87318113
702278437
241768448
241768448
146336468
702278437
702278437
702278437
561895181
57048214
313037794
57048214
241768448
561895181
561895181
702278437
87318113
702278437
702278437
702278437
241768448
99365581
86406125
561895181
343421184
777719734
571227712
702278437
702278437
702278437
702278437
677297657
57048214
561895181
241768448
578107615
702278437
146336468
313037794
241768448
702278437
702278437
425028751
677297657
578107615
847357603
241768448
313037794
702278437
702278437
702278437
702278437
425028751
87318113
241768448
241768448
702278437
87318113
313037794
241768448
60484311
702278437
241768448
561895181
326113152
241768448
86406125
343421184
702278437
86406125
833079104
313037794
702278437
241768448
241768448
763639085
677297657
343421184
168619112
241768448
561895181
702278437
561895181
702278437
702278437
702278437
86406125
702278437
953101018
702278437
702278437
702278437
561895181
763639085
702278437
57048214
702278437
86406125
146336468
702278437
313037794
561895181
701206695
702278437
343421184
87318113
702278437
86406125
241768448
241768448
168619112
763639085
87318113
702278437
677297657
702278437
241768448
677297657
313037794
343421184
241768448
702278437
241768448
702278437
241768448
702278437
313037794
702278437
833079104
702278437
702278437
241768448
343421184
702278437
702278437
702278437
144583216
702278437
241768448
442168207
233824508
702278437
103649011
561895181
584441287
241768448
57048214
233824508
561895181
87318113
763639085
702278437
702278437
57048214
241768448
343421184
241768448
702278437
702278437
233824508
741249395
702278437
11544241
702278437
99365581
702278437
313037794
571227712
57048214
702278437
241768448
701206695
561895181
11544241
57048214
209662905
763639085
241768448
241768448
146336468
702278437
702278437
702278437
702278437
561895181
707311014
677297657
702278437
702278437
833079104
313037794
57048214
702278437
763639085
343421184
707311014
702278437
86406125
677297657
99365581
313037794
833079104
838782046
343421184
578107615
953101018
241768448
707311014
702278437
425028751
87318113
702278437
313037794
60484311
241768448
57048214
313037794
763639085
702278437
702278437
702278437
702278437
241768448
313037794
953101018
702278437
702278437
13213576
233824508
702278437
313037794
702278437
313037794
702278437
561895181
702278437
702278437
702278437
702278437
702278437
313037794
702278437
702278437
833079104
702278437
343421184
578107615
313037794
702278437
702278437
570902795
241768448
702278437
702278437
702278437
838782046
241768448
241768448
702278437
561895181
561895181
241768448
235039731
702278437
702278437
235039731
702278437
702278437
343421184
561895181
343421184
561895181
241768448
313037794
13213576
235039731
763639085
702278437
241768448
425028751
209662905
343421184
185744646
601841114
241768448
99365581
241768448
233824508
146336468
561895181
233824508
561895181
953101018
233824508
702278437
601841114
702278437
702278437
741249395
702278437
99365581
561895181
561895181
241768448
233824508
241768448
241768448
847357603
343421184
702278437
241768448
702278437
241768448
741249395
343421184
702278437
561895181
235039731
702278437
702278437
343421184
702278437
343421184
702278437
57048214
702278437
313037794
241768448
241768448
313037794
561895181
241768448
702278437
702278437
313037794
241768448
702278437
702278437
702278437
777719734
838782046
241768448
561895181
87318113
702278437
702278437
763639085
313037794
702278437
241768448
833079104
702278437
702278437
702278437
702278437
702278437
561895181
702278437
702278437
313037794
241768448
702278437
87318113
561895181
87318113
702278437
702278437
343421184
313037794
241768448
241768448
702278437
313037794
241768448
86406125
823278180
702278437
313037794
99365581
86406125
561895181
241768448
11544241
702278437
953101018
313037794
185744646
702278437
241768448
702278437
702278437
561895181
702278437
87318113
343421184
702278437
313037794
702278437
702278437
702278437
702278437
343421184
561895181
702278437
241768448
15976714
99365581
87318113
425028751
561895181
702278437
241768448
425028751
838782046
13213576
741249395
702278437
313037794
86406125
343421184
144583216
561895181
702278437
561895181
241768448
241768448
702278437
702278437
446171053
707311014
702278437
343421184
839545479
343421184
241768448
233824508
561895181
442168207
702278437
702278437
241768448
86406125
578107615
702278437
702278437
343421184
702278437
561895181
702278437
87318113
702278437
702278437
86406125
763639085
561895181
702278437
702278437
763639085
241768448
241768448
702278437
838782046
702278437
561895181
702278437
702278437
313037794
763639085
343421184
241768448
241768448
343421184
763639085
702278437
702278437
60484311
561895181
313037794
702278437
561895181
838782046
86406125
83539670
313037794
702278437
235039731
241768448
86406125
702278437
87318113
702278437
741249395
235039731
185744646
702278437
763639085
702278437
702278437
848504784
838782046
313037794
848504784
777719734
241768448
702278437
83539670
763639085
57048214
246860647
702278437
313037794
702278437
702278437
86406125
241768448
838782046
777719734
561895181
241768448
702278437
702278437
241768448
702278437
343421184
702278437
209662905
343421184
87318113
702278437
343421184
561895181
561895181
144583216
313037794
343421184
425028751
702278437
702278437
103649011
702278437
702278437
702278437
168619112
425028751
578107615
209662905
241768448
833079104
702278437
702278437
313037794
313037794
241768448
103649011
763639085
241768448
702278437
87318113
702278437
99365581
702278437
241768448
99365581
144583216
702278437
702278437
446171053
702278437
702278437
233824508
702278437
702278437
702278437
343421184
235039731
833079104
99365581
442168207
702278437
144583216
241768448
87318113
343421184
702278437
561895181
241768448
561895181
313037794
561895181
847357603
233824508
57048214
313037794
741249395
313037794
235039731
561895181
702278437
209662905
702278437
425028751
241768448
313037794
313037794
702278437
241768448
241768448
953101018
702278437
701206695
702278437
103649011
702278437
833079104
702278437
702278437
241768448
561895181
235039731
57048214
702278437
313037794
763639085
313037794
702278437
702278437
561895181
741249395
702278437
702278437
99365581
833079104
702278437
702278437
763639085
13213576
932117803
777719734
235039731
241768448
103649011
144583216
146336468
702278437
702278437
561895181
246860647
702278437
702278437
702278437
86406125
561895181
241768448
296117255
241768448
313037794
241768448
833079104
953101018
702278437
241768448
702278437
241768448
702278437
57048214
241768448
702278437
702278437
702278437
777719734
763639085
99365581
123468710
702278437
702278437
209662905
561895181
702278437
313037794
313037794
313037794
241768448
702278437
838782046
185744646
702278437
702278437
83539670
702278437
313037794
702278437
439087518
144583216
702278437
103649011
561895181
241768448
561895181
702278437
702278437
313037794
702278437
777719734
777719734
241768448
702278437
702278437
241768448
146336468
446171053
702278437
86406125
702278437
241768448
702278437
313037794
86406125
343421184
146336468
702278437
241768448
241768448
442168207
235039731
702278437
343421184
702278437
702278437
313037794
425028751
313037794
343421184
561895181
702278437
561895181
702278437
313037794
702278437
702278437
702278437
702278437
313037794
561895181
702278437
86406125
561895181
561895181
241768448
702278437
241768448
561895181
702278437
702278437
702278437
318579401
241768448
