-1841148408
-1953652181
-1953652181
-1950454499
-1950454499
-1946175771
-1946168150
-1946168150
-1946168150
-1946168150
-1942840998
-1935066191
-1920355101
-1918944058
-1918944058
-1918944058
-1917237883
-1910862330
-1910836784
-1910836784
-1909245778
-1908927665
-1898152347
-1896481083
-1896481083
-1896206494
-1892376601
-1887538629
-1887387230
-1886238713
-1886238713
-1878342617
-1874320512
-1873852622
-1873852622
-1873852622
-1870701600
-1869562949
-1867181279
-1865957196
-1864754651
-1863305337
-1861005527
-1860068760
-1858708101
-1855743375
-1851526955
-1856242196
-1855743375
-1851526955
-1847867148
-1846968066
-1843922388
-1842057797
-1841148408
-1841148408
-1841148408
-1842057797
-1841148408
-1841148408
-1841148408
-1841148408
-1844545867
-1845142316
-1844545867
-1843922388
-1842057797
-1844545867
-1843922388
-1842057797
-1842057797
-1841148408
-1840661349
-1838094740
-1837163562
-1837163562
-1835632864
-1835632864
-1835632864
-1833439284
-1833439284
-1835632864
-1835632864
-1833439284
-1830871616
-1830707471
-1830707471
-1822215784
-1816527290
-1816527290
-1812226721
-1812226721
-1810418581
-1809992293
-1809496376
-1807738214
-1805363238
-1809496376
-1807738214
-1807738214
-1805363238
-1807738214
-1805363238
-1809496376
-1810418581
-1809992293
-1809992293
-1809496376
-1807738214
-1805363238
-1804966478
-1803379914
-1801618571
-1800330937
-1797891496
-1797891496
-1796241532
-1796241532
-1797891496
-1796241532
-1796241532
-1793967863
-1793912919
-1801618571
-1800330937
-1797891496
-1796241532
-1795426841
-1793967863
-1793912919
-1793311163
-1787469751
-1793311163
-1793311163
-1787469751
-1793311163
-1793311163
-1787469751
-1787469751
-1786544458
-1787469751
-1787469751
-1787469751
-1787469751
-1786544458
-1786544458
-1787469751
-1787469751
-1786544458
-1787469751
-1786544458
-1785556640
-1785082993
-1782200729
-1780861623
-1782200729
-1780861623
-1785082993
-1785556640
-1785082993
-1782200729
-1780861623
-1780861623
-1780601403
-1780437822
-1778317704
-1778153289
-1775922691
-1774644675
-1774644675
-1777365304
-1777365304
-1775922691
-1774644675
-1774598929
-1773519352
-1773519352
-1773397331
-1772744402
-1772655176
-1772655176
-1769881558
-1769881558
-1769203471
-1768595708
-1769203471
-1768595708
-1767300809
-1766159280
-1768595708
-1769203471
-1768595708
-1767300809
-1769203471
-1769203471
-1769203471
-1768595708
-1767300809
-1767300809
-1766159280
-1766159280
-1763616993
-1761260524
-1761240364
-1761240364
-1761240364
-1760451333
-1760379277
-1757318508
-1756984768
-1757318508
-1757318508
-1756984768
-1756216028
-1756216028
-1754044621
-1754044621
-1754044621
-1753749348
-1753700133
-1753700133
-1753372278
-1752584100
-1752584100
-1752310194
-1750889539
-1749612439
-1744772975
-1744707217
-1744118994
-1742263946
-1740789834
-1738605196
-1738246366
-1737711390
-1734543618
-1732089648
-1732089648
-1732089648
-1731672375
-1730969558
-1730493446
-1731672375
-1732089648
-1731672375
-1731672375
-1731672375
-1730969558
-1731672375
-1730969558
-1730493446
-1730493446
-1730038204
-1729118984
-1728552945
-1728552945
-1728552945
-1727492773
-1726643472
-1727492773
-1726643472
-1726009466
-1725870678
-1724273138
-1722601308
-1722457724
-1721496082
-1720309397
-1720117165
-1719672804
-1719499251
-1719499251
-1719499251
-1719368023
-1719368023
-1719368023
-1719003411
-1719003411
-1718792450
-1718098923
-1717584138
-1717057940
-1718098923
-1717584138
-1717057940
-1717057940
-1717057940
-1716564983
-1716484984
-1716381621
-1715354662
-1711546202
-1710766504
-1710527570
-1710527570
-1709996767
-1710766504
-1710527570
-1710527570
-1710766504
-1710527570
-1710766504
-1710527570
-1710527570
-1711546202
-1710766504
-1710766504
-1710766504
-1710527570
-1709996767
-1709511755
-1708967306
-1708967306
-1707771161
-1707771161
-1707771161
-1709511755
-1709511755
-1709511755
-1708967306
-1709511755
-1708967306
-1708967306
-1708967306
-1709996767
-1710527570
-1709996767
-1709511755
-1708967306
-1709511755
-1709511755
-1709511755
-1708967306
-1709996767
-1709511755
-1708967306
-1707771161
-1707771161
-1707121472
-1707082840
-1707771161
-1707121472
-1707082840
-1706284015
-1705851322
-1707082840
-1706284015
-1706284015
-1707082840
-1706284015
-1705851322
-1705851322
-1705397997
-1706284015
-1705851322
-1705397997
-1705113918
-1704117099
-1705113918
-1704117099
-1703886591
-1703886591
-1702512765
-1702319960
-1701070500
-1699978398
-1702512765
-1702319960
-1701070500
-1699978398
-1699978398
-1698328915
-1698234275
-1698234275
-1698328915
-1698328915
-1702512765
-1702319960
-1701070500
-1699978398
-1701070500
-1699978398
-1702319960
-1702319960
-1702319960
-1702512765
-1702319960
-1701070500
-1699978398
-1701070500
-1699978398
-1698328915
-1698234275
-1698063005
-1697126388
-1698063005
-1698063005
-1697126388
-1693997955
-1693372865
-1693358038
-1691767145
-1691391048
-1688930606
-1688905362
-1687668899
-1687668899
-1687668899
-1687668899
-1687668899
-1684972909
-1687668899
-1684972909
-1684972909
-1684652295
-1684536222
-1682997367
-1682322475
-1681297853
-1679433915
-1679433915
-1681297853
-1679433915
-1682997367
-1684652295
-1684536222
-1682997367
-1684536222
-1682997367
-1682997367
-1684536222
-1682997367
-1682322475
-1682322475
-1681297853
-1679433915
-1679337808
-1679337808
-1679337808
-1678119215
-1677974523
-1676923452
-1678119215
-1678119215
-1681297853
-1681297853
-1679433915
-1681297853
-1682322475
-1681297853
-1681297853
-1682322475
-1681297853
-1681297853
-1681297853
-1682322475
-1682322475
-1684972909
-1684652295
-1684972909
-1684972909
-1684652295
-1684536222
-1682997367
-1682322475
-1681379194
-1681297853
-1679433915
-1679337808
-1679433915
-1679433915
-1679337808
-1678119215
-1678119215
-1677974523
-1676923452
-1677974523
-1677974523
-1676923452
-1676923452
-1676128600
-1676128600
-1676128600
-1675015108
-1673806122
-1673806122
-1672277361
-1672034974
-1670467362
-1670011868
-1669029911
-1668635465
-1668635465
-1668099704
-1666590634
-1666590634
-1665997625
-1665691847
-1665691847
-1664785456
-1664002320
-1664002320
-1664002320
-1663416657
-1663416657
-1668099704
-1666590634
-1665997625
-1665691847
-1665691847
-1664785456
-1664002320
-1664002320
-1663416657
-1664002320
-1663416657
-1663416657
-1664002320
-1663416657
-1662677568
-1662546083
-1662546083
-1662427365
-1661157893
-1661157893
-1664785456
-1664785456
-1664002320
-1663416657
-1662677568
-1662546083
-1662677568
-1662546083
-1662427365
-1662427365
-1662677568
-1662546083
-1662427365
-1661157893
-1660119127
-1660119127
-1660119127
-1660119127
-1659380531
-1659380531
-1660119127
-1661157893
-1661157893
-1661157893
-1662427365
-1661157893
-1661154570
-1660119127
-1660119127
-1660119127
-1660119127
-1660119127
-1659380531
-1659380531
-1659380531
-1660119127
-1661154570
-1660119127
-1660119127
-1659380531
-1658920660
-1657835769
-1657835769
-1657528326
-1657528326
-1657323032
-1657835769
-1657835769
-1658762636
-1657835769
-1657835769
-1657835769
-1657528326
-1657323032
-1655413939
-1654530965
-1654530965
-1655413939
-1654530965
-1654499075
-1653858636
-1653020852
-1652111345
-1652010108
-1650664774
-1648795714
-1650664774
-1648795714
-1648586163
-1648586163
-1648795714
-1648795714
-1648586163
-1648484603
-1647720331
-1647326927
-1647181765
-1648484603
-1647720331
-1647326927
-1647326927
-1648484603
-1647720331
-1647326927
-1648484603
-1647720331
-1647326927
-1647181765
-1645974703
-1645428827
-1647181765
-1645974703
-1645974703
-1645974703
-1645428827
-1645114588
-1645428827
-1645428827
-1645206122
-1645428827
-1645206122
-1645114588
-1644802982
-1644449075
-1643939595
-1642789112
-1642456292
-1642258351
-1642456292
-1642789112
-1642789112
-1642456292
-1642258351
-1642258351
-1642456292
-1642258351
-1641724133
-1642258351
-1641724133
-1641508840
-1641508840
-1641508840
-1641037736
-1641037736
-1640746437
-1640746437
-1640746437
-1640129718
-1640129718
-1639822655
-1639769273
-1639689077
-1638524460
-1638257291
-1638257291
-1638229694
-1638229694
-1638096005
-1638096005
-1638229694
-1638229694
-1638096005
-1637999099
-1637999099
-1637999099
-1638096005
-1637999099
-1637981373
-1637981373
-1637241512
-1637149873
-1637015838
-1636668603
-1636468871
-1636468871
-1636216760
-1636216760
-1636216760
-1634999006
-1634831744
-1634174690
-1634107103
-1633544933
-1634107103
-1634107103
-1634174690
-1634174690
-1634174690
-1636216760
-1636273552
-1636216760
-1636273552
-1636273552
-1636216760
-1634999006
-1634831744
-1634831744
-1634174690
-1634174690
-1634174690
-1634999006
-1634831744
-1634174690
-1634174690
-1634107103
-1633544933
-1633383762
-1633383762
-1633544933
-1633383762
-1633383762
-1633544933
-1633383762
-1633048742
-1630206513
-1629065501
-1628293291
-1629065501
-1630206513
-1629065501
-1628293291
-1628266270
-1628212190
-1627738076
-1627655618
-1626496033
-1626015711
-1625661655
-1625661655
-1624996475
-1624697568
-1625661655
-1624996475
-1624697568
-1624697568
-1624996475
-1626015711
-1625661655
-1626015711
-1626015711
-1625661655
-1626015711
-1627738076
-1627738076
-1627655618
-1627655618
-1626496033
-1627738076
-1627655618
-1626496033
-1626015711
-1626496033
-1626015711
-1625661655
-1624996475
-1624697568
-1624430572
-1624209596
-1624996475
-1624697568
-1624430572
-1624996475
-1624697568
-1625661655
-1624996475
-1624996475
-1626015711
-1626015711
-1625661655
-1624996475
-1624996475
-1624996475
-1624697568
-1624996475
-1627655618
-1626496033
-1626496033
-1626015711
-1626496033
-1626496033
-1626015711
-1625661655
-1624996475
-1625661655
-1626015711
-1625661655
-1627655618
-1627655618
-1628212190
-1628212190
-1628212190
-1627738076
-1627738076
-1627738076
-1627738076
-1627655618
-1627738076
-1627655618
-1626496033
-1626015711
-1626015711
-1626015711
-1626015711
-1626015711
-1625661655
-1625661655
-1624996475
-1624697568
-1624697568
-1624430572
-1624430572
-1624209596
-1624102120
-1622813653
-1622665806
-1622665806
-1622660635
-1622441073
-1622441073
-1622288109
-1622288109
-1621954060
-1621273155
-1620859600
-1620681274
-1619948913
-1619545398
-1619545398
-1620859600
-1620681274
-1619948913
-1620681274
-1619948913
-1620681274
-1619948913
-1619545398
-1619508649
-1619487763
-1619487763
-1619508649
-1620681274
-1619948913
-1619545398
-1619508649
-1619487763
-1619487763
-1619047832
-1619047832
-1618991144
-1618934100
-1618934100
-1618934100
-1618608966
-1618991144
-1618934100
-1618934100
-1618608966
-1618566244
-1618991144
-1619047832
-1618991144
-1618934100
-1618608966
-1618566244
-1618054766
-1618566244
-1618566244
-1618054766
-1618608966
-1618566244
-1618054766
-1617710437
-1617706453
-1617590296
-1617590296
-1617375167
-1617022394
-1617022394
-1616447486
-1616418395
-1616418395
-1617590296
-1617375167
-1617375167
-1617590296
-1617375167
-1617022394
-1617022394
-1617022394
-1616447486
-1616418395
-1616418395
-1616418395
-1616447486
-1616447486
-1617375167
-1617022394
-1616447486
-1616447486
-1616418395
-1616418395
-1616093701
-1615978862
-1615894330
-1615561298
-1614440093
-1613344232
-1613217636
-1613344232
-1613217636
-1613217636
-1613344232
-1613217636
-1613159345
-1612993416
-1612993416
-1612993416
-1612993416
-1613159345
-1613217636
-1613159345
-1613159345
-1612993416
-1612751589
-1612993416
-1612993416
-1612751589
-1612751589
-1612317961
-1610338641
-1610338641
-1609795711
-1608241312
-1609795711
-1608241312
-1607430506
-1608241312
-1609795711
-1608241312
-1607430506
-1607400694
-1607400694
-1607400694
-1608241312
-1609795711
-1608241312
-1607430506
-1607400694
-1607400694
-1612751589
-1613159345
-1613159345
-1612993416
-1612993416
-1612751589
-1612317961
-1612317961
-1612317961
-1610338641
-1610338641
-1609795711
-1609795711
-1608241312
-1610338641
-1609795711
-1608241312
-1607430506
-1607400694
-1607400694
-1606581036
-1606034718
-1605947679
-1605898202
-1606034718
-1605947679
-1605947679
-1606581036
-1606034718
-1605947679
-1607430506
-1607430506
-1607400694
-1606581036
-1607430506
-1607400694
-1606581036
-1606034718
-1606034718
-1606034718
-1607400694
-1606581036
-1606034718
-1605947679
-1606034718
-1606034718
-1607400694
-1606581036
-1606034718
-1606581036
-1607400694
-1606581036
-1607430506
-1607430506
-1607400694
-1609795711
-1608241312
-1609795711
-1609795711
-1612317961
-1610338641
-1612317961
-1610338641
-1610338641
-1609795711
-1608241312
-1608241312
-1609795711
-1608241312
-1607430506
-1608241312
-1607430506
-1607430506
-1608241312
-1607430506
-1607400694
-1606581036
-1606581036
-1606034718
-1606034718
-1606581036
-1606034718
-1606034718
-1605947679
-1605947679
-1605898202
-1605752597
-1605679607
-1605493752
-1605493752
-1605493752
-1605752597
-1605679607
-1605493752
-1605289368
-1604848365
-1604848365
-1604712041
-1604712041
-1605289368
-1604848365
-1604848365
-1604712041
-1604619352
-1603634916
-1603481005
-1603364078
-1602871172
-1603364078
-1603364078
-1602871172
-1602670716
-1602623150
-1602471953
-1602670716
-1602623150
-1602471953
-1602471953
-1602018895
-1602471953
-1602018895
-1602018895
-1601133598
-1602670716
-1602623150
-1602471953
-1602018895
-1601133598
-1601133598
-1601133598
-1599366707
-1598798499
-1598591944
-1598591944
-1598798499
-1598798499
-1598798499
-1598798499
-1601133598
-1599366707
-1598798499
-1598591944
-1598590092
-1597608251
-1597498059
-1597400600
-1598590092
-1598590092
-1597608251
-1597498059
-1597498059
-1597498059
-1597400600
-1596727713
-1596488208
-1596368041
-1596488208
-1596727713
-1596488208
-1596488208
-1596368041
-1596169004
-1596027767
-1596027767
-1595693973
-1596169004
-1596368041
-1596169004
-1596368041
-1596169004
-1596027767
-1595693973
-1595546951
-1595091334
-1594747864
-1595091334
-1595091334
-1594747864
-1595091334
-1594747864
-1594507381
-1594747864
-1594747864
-1595091334
-1594747864
-1594507381
-1594747864
-1594507381
-1593753962
-1593580815
-1593753962
-1593580815
-1592826685
-1592269883
-1592269883
-1592269883
-1592826685
-1592269883
-1592074448
-1591586287
-1591147500
-1591147500
-1591000125
-1590636070
-1590636070
-1590625856
-1590636070
-1590625856
-1590331065
-1590151337
-1590017951
-1590151337
-1590625856
-1590331065
-1590151337
-1590331065
-1590625856
-1592269883
-1592074448
-1591586287
-1591147500
-1591000125
-1590636070
-1591000125
-1590636070
-1590636070
-1590625856
-1590331065
-1590151337
-1590017951
-1589670015
-1589670015
-1590151337
-1590017951
-1590151337
-1590017951
-1590151337
-1590017951
-1590151337
-1591147500
-1591000125
-1592269883
-1592826685
-1592826685
-1592269883
-1593580815
-1592826685
-1592826685
-1592269883
-1592826685
-1592269883
-1592826685
-1592826685
-1592269883
-1593753962
-1593580815
-1593753962
-1593580815
-1594747864
-1594507381
-1594507381
-1594507381
-1595546951
-1595546951
-1595546510
-1595546510
-1595091334
-1595546510
-1595546510
-1595546510
-1595546951
-1595546951
-1595546510
-1595091334
-1594747864
-1594507381
-1594507381
-1594507381
-1594507381
-1595546510
-1595091334
-1594747864
-1594747864
-1595091334
-1595546510
-1595091334
-1595091334
-1595693973
-1595546951
-1595546510
-1595091334
-1594747864
-1594747864
-1595091334
-1595546510
-1595546510
-1595091334
-1594747864
-1594507381
-1596027767
-1595693973
-1595693973
-1595693973
-1595546951
-1595546510
-1596027767
-1596027767
-1595693973
-1596027767
-1596169004
-1596169004
-1596169004
-1596368041
-1597400600
-1596727713
-1596488208
-1596368041
-1596169004
-1596027767
-1596027767
-1595693973
-1595546951
-1596027767
-1595693973
-1595546951
-1595546510
-1595693973
-1595546951
-1595546951
-1596368041
-1596169004
-1596027767
-1596027767
-1596027767
-1596169004
-1596368041
-1596169004
-1596027767
-1595693973
-1595546951
-1595546510
-1595091334
-1595546951
-1595546510
-1595546510
-1595546510
-1595091334
-1595091334
-1595693973
-1596169004
-1596368041
-1596169004
-1596027767
-1595693973
-1595546951
-1595546951
-1595693973
-1595693973
-1596027767
-1595693973
-1595693973
-1595693973
-1596169004
-1596027767
-1596169004
-1596169004
-1596027767
-1595693973
-1595693973
-1595693973
-1595546951
-1595693973
-1595546951
-1595546951
-1595546510
-1595091334
-1594747864
-1595546510
-1595091334
-1594747864
-1594507381
-1594272973
-1594507381
-1595091334
-1595546510
-1595546510
-1595546510
-1595091334
-1594747864
-1594507381
-1594272973
-1593753962
-1593580815
-1594272973
-1593753962
-1593580815
-1592868522
-1592868522
-1594272973
-1593753962
-1593753962
-1594272973
-1593753962
-1594507381
-1594272973
-1593753962
-1593753962
-1594272973
-1594272973
-1593753962
-1593580815
-1593580815
-1592868522
-1592826685
-1592269883
-1593580815
-1592868522
-1592868522
-1593580815
-1593580815
-1592868522
-1592826685
-1592269883
-1592868522
-1592826685
-1592826685
-1592868522
-1592826685
-1592868522
-1592826685
-1593580815
-1593580815
-1594272973
-1593753962
-1594272973
-1593753962
-1593580815
-1593753962
-1593580815
-1592868522
-1592826685
-1592269883
-1592826685
-1592269883
-1592074448
-1591586693
-1592826685
-1592269883
-1592074448
-1592269883
-1592826685
-1592826685
-1593580815
-1592868522
-1594272973
-1593753962
-1593753962
-1593580815
-1595091334
-1595091334
-1595546951
-1595546951
-1595546510
-1595546951
-1595546510
-1595546951
-1595546510
-1595693973
-1595546951
-1596169004
-1596027767
-1595693973
-1596169004
-1596169004
-1596488208
-1596368041
-1596488208
-1597400600
-1597400600
-1597400600
-1596727713
-1596488208
-1596368041
-1596169004
-1596027767
-1596027767
-1596027767
-1596169004
-1596727713
-1597498059
-1597400600
-1597400600
-1597400600
-1597400600
-1596727713
-1596488208
-1596368041
-1596169004
-1596027767
-1596169004
-1596727713
-1596488208
-1597400600
-1597498059
-1597498059
-1597498059
-1597498059
-1597498059
-1597498059
-1597400600
-1597400600
-1596727713
-1596727713
-1596727713
-1596727713
-1596727713
-1596709018
-1597498059
-1597400600
-1597498059
-1597663559
-1597663559
-1597608251
-1597608251
-1597608251
-1597608251
-1601043572
-1601133598
-1601043572
-1600993578
-1599950345
-1599950345
-1599950345
-1599950345
-1599807626
-1599366707
-1599366707
-1598798499
-1598798499
-1598591944
-1598591944
-1598590092
-1597663559
-1597663559
-1597608251
-1597663559
-1597663559
-1597663559
-1597608251
-1597498059
-1597400600
-1596727713
-1596709018
-1596709018
-1596488208
-1596368041
-1596169004
-1596169004
-1596368041
-1596368041
-1596488208
-1596727713
-1596727713
-1596709018
-1596488208
-1596368041
-1596169004
-1596169004
-1596488208
-1596488208
-1596488208
-1596727713
-1596727713
-1596727713
-1596727713
-1596727713
-1596727713
-1596709018
-1596709018
-1596488208
-1596488208
-1596368041
-1596169004
-1596368041
-1596169004
-1596027767
-1596027767
-1596169004
-1597400600
-1597400600
-1596727713
-1596709018
-1596709018
-1596488208
-1596488208
-1596488208
-1596368041
-1596169004
-1596169004
-1596169004
-1596027767
-1595693973
-1596169004
-1596027767
-1596027767
-1596368041
-1596368041
-1596368041
-1596368041
-1596169004
-1596027767
-1596169004
-1596169004
-1596027767
-1595693973
-1595693973
-1596027767
-1596027767
-1595693973
-1596169004
-1596027767
-1596027767
-1596027767
-1596027767
-1595693973
-1595693973
-1595546951
-1595546510
-1595546510
-1595693973
-1595546951
-1595546951
-1595546510
-1596027767
-1596027767
-1595693973
-1595546951
-1595546951
-1595546510
-1595546951
-1595546510
-1595091334
-1595091334
-1594747864
-1594507381
-1594272973
-1594272973
-1593753962
-1594507381
-1594507381
-1594272973
-1593753962
-1594272973
-1593753962
-1593753962
-1593580815
-1593580815
-1594272973
-1593753962
-1594272973
-1593753962
-1593753962
-1593580815
-1593753962
-1593753962
-1593753962
-1593580815
-1593753962
-1593753962
-1593580815
-1593753962
-1593580815
-1592868522
-1593753962
-1594507381
-1594507381
-1594507381
-1594507381
-1594272973
-1593753962
-1593580815
-1592868522
-1592868522
-1593580815
-1594507381
-1594272973
-1593753962
-1593580815
-1592868522
-1592868522
-1592826685
-1592746281
-1592746281
-1592269883
-1592269883
-1592826685
-1592746281
-1592746281
-1592746281
-1592269883
-1592074448
-1592826685
-1592746281
-1592269883
-1592074448
-1591586693
-1591586287
-1591586693
-1591586287
-1591586287
-1591586693
-1591586287
-1591586693
-1591586693
-1591586287
-1591586693
-1592868522
-1592868522
-1593753962
-1593580815
-1592868522
-1592868522
-1592868522
-1592826685
-1592746281
-1593580815
-1592868522
-1592868522
-1594272973
-1593753962
-1594272973
-1593753962
-1594272973
-1594272973
-1594272973
-1593753962
-1593580815
-1592868522
-1592826685
-1592746281
-1592746281
-1592269883
-1592074448
-1592269883
-1592826685
-1592746281
-1592269883
-1592074448
-1591586693
-1592746281
-1592269883
-1592074448
-1591586693
-1591586287
-1591586287
-1591274951
-1591147500
-1591147500
-1591127379
-1591147500
-1591127379
-1591000125
-1590983793
-1590983793
-1590983793
-1591127379
-1591000125
-1591127379
-1591000125
-1591000125
-1591000125
-1591127379
-1591127379
-1591586287
-1591274951
-1591147500
-1591147500
-1591147500
-1591147500
-1591274951
-1591147500
-1591127379
-1591000125
-1590983793
-1590636070
-1590625856
-1590331065
-1590151337
-1590017951
-1591000125
-1590983793
-1590983793
-1590636070
-1591586287
-1591586287
-1591274951
-1591147500
-1591127379
-1591127379
-1591127379
-1591586287
-1591274951
-1591274951
-1591147500
-1591127379
-1591127379
-1591000125
-1591127379
-1591000125
-1590983793
-1590636070
-1590983793
-1591274951
-1591274951
-1591274951
-1591274951
-1591147500
-1592074448
-1591586693
-1591586287
-1592074448
-1592269883
-1592826685
-1592826685
-1592826685
-1592826685
-1592746281
-1592269883
-1592746281
-1592269883
-1592074448
-1592746281
-1592826685
-1592746281
-1592746281
-1592269883
-1592074448
-1591586693
-1591586693
-1591586287
-1591586287
-1591274951
-1591274951
-1591274951
-1591147500
-1591586287
-1591586287
-1591274951
-1592746281
-1592438854
-1592438854
-1592269883
-1592074448
-1592074448
-1592074448
-1592438854
-1592269883
-1592269883
-1592074448
-1591586693
-1591586287
-1592438854
-1592826685
-1592868522
-1592868522
-1593580815
-1592868522
-1592868522
-1592826685
-1592746281
-1592868522
-1592868522
-1592826685
-1592746281
-1592826685
-1594507381
-1594272973
-1593753962
-1593580815
-1593580815
-1592868522
-1592868522
-1592868522
-1593580815
-1592868522
-1592826685
-1592746281
-1592746281
-1592438854
-1592438854
-1592269883
-1592269883
-1592074448
-1591586693
-1592269883
-1592074448
-1591586693
-1591586693
-1591586287
-1591274951
-1591586693
-1591586693
-1591586693
-1591586287
-1591274951
-1591586693
-1591586287
-1591586287
-1591274951
-1591147500
-1591127379
-1591127379
-1591147500
-1591274951
-1591274951
-1591274951
-1591147500
-1591127379
-1591000125
-1590983793
-1590983793
-1590983793
-1590744771
-1590636070
-1590983793
-1590983793
-1590983793
-1590744771
-1590744771
-1590636070
-1590625856
-1590331065
-1590331065
-1590151337
-1590151337
-1590151337
-1590017951
-1589670015
-1590331065
-1590151337
-1590017951
-1589670015
-1589558272
-1589558272
-1589297703
-1589262390
-1589262390
-1589297703
-1590017951
-1590636070
-1590625856
-1590331065
-1590151337
-1590983793
-1590983793
-1590744771
-1590744771
-1590744771
-1590636070
-1590636070
-1590744771
-1590744771
-1590636070
-1590625856
-1590625856
-1590625856
-1591075512
-1591075512
-1591000125
-1591000125
-1590983793
-1591000125
-1590983793
-1590983793
-1590983793
-1590744771
-1590636070
-1590983793
-1590744771
-1590636070
-1591147500
-1591147500
-1591586287
-1591586287
-1591274951
-1591147500
-1591127379
-1591075512
-1591127379
-1591075512
-1591075512
-1591075512
-1591127379
-1591127379
-1591075512
-1591000125
-1590983793
-1591000125
-1591147500
-1591127379
-1591075512
-1591127379
-1591586693
-1592438854
-1592746281
-1592438854
-1592746281
-1592826685
-1592746281
-1592438854
-1592746281
-1592438854
-1592438854
-1592746281
-1592438854
-1592746281
-1592746281
-1592438854
-1592746281
-1592826685
-1592746281
-1592438854
-1592269883
-1592074448
-1591586693
-1591586287
-1591274951
-1591274951
-1591586693
-1592269883
-1592269883
-1592269883
-1592746281
-1592746281
-1592438854
-1592746281
-1592438854
-1592746281
-1592438854
-1592438854
-1592438854
-1592269883
-1592074448
-1592074448
-1591586693
-1591586287
-1591274951
-1591274951
-1591586693
-1592074448
-1592438854
-1592438854
-1594272973
-1594272973
-1594053436
-1593753962
-1593580815
-1592868522
-1592826685
-1592868522
-1592826685
-1592746281
-1592826685
-1592826685
-1592868522
-1592826685
-1592746281
-1592826685
-1592746281
-1592746281
-1592438854
-1592269883
-1592074448
-1592074448
-1592438854
-1592269883
-1592074448
-1591586693
-1591586287
-1591274951
-1591248839
-1591147500
-1591127379
-1591586287
-1591274951
-1591586287
-1591274951
-1591274951
-1591248839
-1591147500
-1591147500
-1591127379
-1591147500
-1591147500
-1591248839
-1591147500
-1591147500
-1591127379
-1591075512
-1591000125
-1590983793
-1590983793
-1590744771
-1590636070
-1590625856
-1590625856
-1590331065
-1590151337
-1590017951
-1590625856
-1590625856
-1590331065
-1590151337
-1590017951
-1590017951
-1590017951
-1590017951
-1590017951
-1589670015
-1589670015
-1589558272
-1589670015
-1589558272
-1589297703
-1589297703
-1589558272
-1589558272
-1589558272
-1589297703
-1589262390
-1589179347
-1589152122
-1589152122
-1589297703
-1589262390
-1589179347
-1589152122
-1588781344
-1589179347
-1589179347
-1589152122
-1588781344
-1588486052
-1588454592
-1587983968
-1587947938
-1587822177
-1587739982
-1587720248
-1587739982
-1587947938
-1587822177
-1587739982
-1587739982
-1587822177
-1587983968
-1587947938
-1587822177
-1587739982
-1587983968
-1588454592
-1587983968
-1588454592
-1588781344
-1588486052
-1588454592
-1587983968
-1589262390
-1589179347
-1589152122
-1589179347
-1589179347
-1589262390
-1589670015
-1589670015
-1589558272
-1589558272
-1589670015
-1589558272
-1589297703
-1590151337
-1590017951
-1589670015
-1590017951
-1590017951
-1589670015
-1589670015
-1589670015
-1590331065
-1590625856
-1590331065
-1590331065
-1590331065
-1590625856
-1590625856
-1590625856
-1590625856
-1590331065
-1590151337
-1590017951
-1590017951
-1589670015
-1589558272
-1589297703
-1589262390
-1589558272
-1589297703
-1589297703
-1589558272
-1589297703
-1589262390
-1589262390
-1589558272
-1589670015
-1590744771
-1590983793
-1591000125
-1590983793
-1590983793
-1590744771
-1590636070
-1590744771
-1591000125
-1591000125
-1590983793
-1590983793
-1591000125
-1590983793
-1590744771
-1590636070
-1590625856
-1590625856
-1590636070
-1591000125
-1591000125
-1591000125
-1591127379
-1591075512
-1591075512
-1591000125
-1591127379
-1591147500
-1591127379
-1591075512
-1591274951
-1591248839
-1591147500
-1591127379
-1591127379
-1591147500
-1591127379
-1591075512
-1591075512
-1591075512
-1591127379
-1591127379
-1591127379
-1591147500
-1591586287
-1591586287
-1591586287
-1593560056
-1594053436
-1593753962
-1594507381
-1594272973
-1594053436
-1594053436
-1594272973
-1594053436
-1593753962
-1593580815
-1593560056
-1592868522
-1592868522
-1592826685
-1592826685
-1592746281
-1592868522
-1593560056
-1594053436
-1593753962
-1594053436
-1593753962
-1595007039
-1594747864
-1594521777
-1594521777
-1594747864
-1594747864
-1594521777
-1594507381
-1594507381
-1594272973
-1594053436
-1594053436
-1594053436
-1593753962
-1593580815
-1593560056
-1592868522
-1592826685
-1592868522
-1594272973
-1594507381
-1594272973
-1594053436
-1593753962
-1593753962
-1594053436
-1594272973
-1594053436
-1593753962
-1593753962
-1593580815
-1593753962
-1594272973
-1594053436
-1594053436
-1593753962
-1593580815
-1593580815
-1593753962
-1594053436
-1593753962
-1593580815
-1593753962
-1594053436
-1593753962
-1594053436
-1593753962
-1593753962
-1594053436
-1593753962
-1593580815
-1593560056
-1593753962
-1594053436
-1594053436
-1593753962
-1594053436
-1594053436
-1594053436
-1594053436
-1593753962
-1593580815
-1593580815
-1593753962
-1593580815
-1593580815
-1594053436
-1593753962
-1595091334
-1595007039
-1595091334
-1595459112
-1595091334
-1595091334
-1595007039
-1595007039
-1595007039
-1594747864
-1594521777
-1594747864
-1594747864
-1594521777
-1595007039
-1594747864
-1595007039
-1594747864
-1594747864
-1594747864
-1594521777
-1595091334
-1595546510
-1595546510
-1595459112
-1595091334
-1595091334
-1595007039
-1595007039
-1594747864
-1594521777
-1594507381
-1594507381
-1594272973
-1594053436
-1594272973
-1594507381
-1594272973
-1594272973
-1594747864
-1595007039
-1594747864
-1595007039
-1595091334
-1595007039
-1594747864
-1595372457
-1595091334
-1595007039
-1595091334
-1595007039
-1594747864
-1595007039
-1595007039
-1594747864
-1594521777
-1594507381
-1594272973
-1594053436
-1594272973
-1594507381
-1594272973
-1594053436
-1593753962
-1594053436
-1594272973
-1594053436
-1594272973
-1594272973
-1594053436
-1594053436
-1593753962
-1593753962
-1593753962
-1593753962
-1593753962
-1593580815
-1593560056
-1592868522
-1592826685
-1592826685
-1592826685
-1592746281
-1592826685
-1593580815
-1593580815
-1594053436
-1593753962
-1593580815
-1593560056
-1593560056
-1593560056
-1592868522
-1592868522
-1592826685
-1592826685
-1592868522
-1592826685
-1592746281
-1592438854
-1592746281
-1592438854
-1592438854
-1592269883
-1592269883
-1592074448
-1592269883
-1592269883
-1592074448
-1591816426
-1591816426
-1591586693
-1591586693
-1591586287
-1591274951
-1591248839
-1591147500
-1591127379
-1591147500
-1591127379
-1591127379
-1591127379
-1591147500
-1591147500
-1591147500
-1591147500
-1591127379
-1591100210
-1591100210
-1591075512
-1591075512
-1591075512
-1591075512
-1591075512
-1591075512
-1591100210
-1591248839
-1591248839
-1591248839
-1591147500
-1591248839
-1591147500
-1591274951
-1591248839
-1591586693
-1591586287
-1591586693
-1591586287
-1591274951
-1591248839
-1591248839
-1591248839
-1591586287
-1591274951
-1591248839
-1591248839
-1591147500
-1591248839
-1591248839
-1591274951
-1591248839
-1591147500
-1591127379
-1591100210
-1591100210
-1591127379
-1591248839
-1591248839
-1591147500
-1591127379
-1591100210
-1591100210
-1591100210
-1591100210
-1591075512
-1591000125
-1591000125
-1590983793
-1590983793
-1591127379
-1591127379
-1591100210
-1591075512
-1591075512
-1591000125
-1591000125
-1590983793
-1590744771
-1590636070
-1590636070
-1590625856
-1590331065
-1590744771
-1590636070
-1590625856
-1590625856
-1590331065
-1590316854
-1590151337
-1590017951
-1589670015
-1589558272
-1590017951
-1589670015
-1589670015
-1589558272
-1589558272
-1589297703
-1589558272
-1589297703
-1589262390
-1589558272
-1589670015
-1589558272
-1589297703
-1589558272
-1589297703
-1589670015
-1589558272
-1589297703
-1589262390
-1589179347
-1589152122
-1589152122
-1589262390
-1589179347
-1589152122
-1589297703
-1589262390
-1589297703
-1590017951
-1590017951
-1589670015
-1590017951
-1589670015
-1589558272
-1589670015
-1590017951
-1589670015
-1589670015
-1590151337
-1590625856
-1590625856
-1590744771
-1590744771
-1591000125
-1590983793
-1590744771
-1591000125
-1590983793
-1590983793
-1590744771
-1591075512
-1591000125
-1591127379
-1591274951
-1591248839
-1591248839
-1591248839
-1591248839
-1591147500
-1591127379
-1591100210
-1591127379
-1591274951
-1591586287
-1591586287
-1591274951
-1591248839
-1591147500
-1591127379
-1591100210
-1591147500
-1591127379
-1591100210
-1591075512
-1591127379
-1591127379
-1591100210
-1591248839
-1591147500
-1591147500
-1591127379
-1591100210
-1591100210
-1591127379
-1591100210
-1591127379
-1591147500
-1591127379
-1591100210
-1591075512
-1591000125
-1591100210
-1591100210
-1591248839
-1591147500
-1591127379
-1591100210
-1591075512
-1591000125
-1591000125
-1590983793
-1590744771
-1590636070
-1590625856
-1590625856
-1590636070
-1590983793
-1590983793
-1590744771
-1590744771
-1590636070
-1590625856
-1590331065
-1590744771
-1590744771
-1591075512
-1591075512
-1591075512
-1591000125
-1591000125
-1591000125
-1590983793
-1590744771
-1590636070
-1590625856
-1590636070
-1590625856
-1590331065
-1590316854
-1590316854
-1590316854
-1590331065
-1590316854
-1590151337
-1590151337
-1590017951
-1589685013
-1589685013
-1589685013
-1590017951
-1589685013
-1589670015
-1589558272
-1589558272
-1589297703
-1589262390
-1589262390
-1589179347
-1589152122
-1589179347
-1589152122
-1588781344
-1589152122
-1588781344
-1588781344
-1588486052
-1588454592
-1588454592
-1588486052
-1588781344
-1589152122
-1588781344
-1588486052
-1589152122
-1588781344
-1588486052
-1588486052
-1588454592
-1588454592
-1588454592
-1588486052
-1588486052
-1588454592
-1589262390
-1589179347
-1589152122
-1589152122
-1589152122
-1589179347
-1589179347
-1589179347
-1589152122
-1589152122
-1588781344
-1588486052
-1588454592
-1588454592
-1589297703
-1589297703
-1589297703
-1589297703
-1589262390
-1589179347
-1589152122
-1589152122
-1590331065
-1590316854
-1590151337
-1590151337
-1590017951
-1589685013
-1589685013
-1589670015
-1590017951
-1590017951
-1589685013
-1589670015
-1589558272
-1589670015
-1589558272
-1589670015
-1589558272
-1589558272
-1589297703
-1589262390
-1589179347
-1589152122
-1589179347
-1589179347
-1589179347
-1589179347
-1589297703
-1589297703
-1589297703
-1589297703
-1589297703
-1589262390
-1589685013
-1589670015
-1589670015
-1589670015
-1590017951
-1589685013
-1590316854
-1590316854
-1590625856
-1590331065
-1590636070
-1590636070
-1590625856
-1590331065
-1590331065
-1590331065
-1590331065
-1590316854
-1590331065
-1590316854
-1590316854
-1590331065
-1590331065
-1590316854
-1590316854
-1590151337
-1590017951
-1589685013
-1589670015
-1589685013
-1590017951
-1590017951
-1590151337
-1590151337
-1590017951
-1590316854
-1590316854
-1590316854
-1590151337
-1590151337
-1590625856
-1590331065
-1590316854
-1590151337
-1590151337
-1590017951
-1589685013
-1589685013
-1589670015
-1589558272
-1589297703
-1589262390
-1589179347
-1589152122
-1588781344
-1589152122
-1589152122
-1589179347
-1589152122
-1589152122
-1588781344
-1589152122
-1589262390
-1589179347
-1589152122
-1588781344
-1588486052
-1588486052
-1588486052
-1589152122
-1589152122
-1588781344
-1589152122
-1588781344
-1588486052
-1589179347
-1589152122
-1588781344
-1589152122
-1589152122
-1588781344
-1589262390
-1589262390
-1589179347
-1589152122
-1589179347
-1589297703
-1589262390
-1589179347
-1589297703
-1589262390
-1589297703
-1589262390
-1589179347
-1589179347
-1589152122
-1589179347
-1589152122
-1589179347
-1589262390
-1589179347
-1589297703
-1589297703
-1589262390
-1589670015
-1589558272
-1589297703
-1589297703
-1589262390
-1589179347
-1589262390
-1589297703
-1589297703
-1589262390
-1589179347
-1589152122
-1588781344
-1589262390
-1589179347
-1589152122
-1588781344
-1589152122
-1588781344
-1588781344
-1588781344
-1588781344
-1588781344
-1588486052
-1588781344
-1588486052
-1588486052
-1588781344
-1589297703
-1589262390
-1589179347
-1589558272
-1589297703
-1589262390
-1589179347
-1589152122
-1589262390
-1589179347
-1589152122
-1589262390
-1589179347
-1589179347
-1589152122
-1589262390
-1589262390
-1589297703
-1589262390
-1589262390
-1589262390
-1589262390
-1589179347
-1589152122
-1589152122
-1589179347
-1589152122
-1589152122
-1588781344
-1588486052
-1588454592
-1588454592
-1587983968
-1587970857
-1587970857
-1587947938
-1587970857
-1587947938
-1587970857
-1587947938
-1587947938
-1587970857
-1587947938
-1587822177
-1587739982
-1587947938
-1587947938
-1587822177
-1587739982
-1587822177
-1587739982
-1587739982
-1587739982
-1587739982
-1587739982
-1587720248
-1587643100
-1587643100
-1587643100
-1587636197
-1587609606
-1587636197
-1587609606
-1587947938
-1587822177
-1587947938
-1587822177
-1587739982
-1587720248
-1587643100
-1587983968
-1587970857
-1587947938
-1587822177
-1587947938
-1587947938
-1587970857
-1587970857
-1587970857
-1587947938
-1587822177
-1587739982
-1587720248
-1587643100
-1587822177
-1587739982
-1587822177
-1587739982
-1587739982
-1587720248
-1587720248
-1587643100
-1587720248
-1587720248
-1587643100
-1587643100
-1587822177
-1587970857
-1587947938
-1587822177
-1587947938
-1588486052
-1588486052
-1588486052
-1589179347
-1589670015
-1589685013
-1589685013
-1589670015
-1589558272
-1589685013
-1589685013
-1589685013
-1589685013
-1590331065
-1590316854
-1590151337
-1590017951
-1590331065
-1590316854
-1590316854
-1590151337
-1590151337
-1590017951
-1590017951
-1590017951
-1589685013
-1589685013
-1590017951
-1590017951
-1589685013
-1590331065
-1590316854
-1590331065
-1590316854
-1590316854
-1590151337
-1590151337
-1590151337
-1590017951
-1590017951
-1589685013
-1589670015
-1590017951
-1590017951
-1589685013
-1589685013
-1590316854
-1590723873
-1590723873
-1590723873
-1590723873
-1590636793
-1590636070
-1590636070
-1590625856
-1590625856
-1590331065
-1590625856
-1590625856
-1590331065
-1590316854
-1590331065
-1590331065
-1590316854
-1590151337
-1590017951
-1590017951
