-4976
-3960
-3435
-4602
-4401
-3960
-3619
-3619
-3610
-3492
-3445
-3445
-3435
-3492
-3445
-3435
-3445
-3445
-3435
-3332
-3294
-3332
-3294
-3332
-3294
-3291
-3280
-3246
-3246
-3228
-3199
-3197
-3197
-3064
-3053
-3053
-3018
-2946
-2946
-2945
-2927
-2786
-2782
-2740
-2740
-2737
-2727
-2727
-2665
-2665
-2665
-2665
-2597
-2597
-2597
-2597
-2597
-2597
-2554
-2285
-2285
-2271
-2211
-2063
-2027
-2024
-2024
-2010
-2010
-1976
-1950
-1923
-1905
-1862
-1862
-1832
-1758
-1758
-1714
-1612
-1758
-1923
-1923
-1905
-1950
-1923
-1923
-1905
-1862
-1832
-1923
-1905
-1862
-1832
-1758
-1832
-1862
-1862
-1832
-1905
-1862
-1832
-1787
-1758
-1714
-1695
-1612
-1597
-1596
-1593
-1593
-1593
-1560
-1612
-1612
-1597
-1596
-1593
-1576
-1560
-1593
-1576
-1560
-1474
-1576
-1560
-1596
-1593
-1576
-1560
-1474
-1576
-1560
-1474
-1431
-1474
-1474
-1431
-1474
-1431
-1427
-1413
-1353
-1349
-1349
-1353
-1349
-1348
-1311
-1308
-1293
-1288
-1288
-1288
-1278
-1293
-1293
-1353
-1353
-1353
-1353
-1511
-1474
-1431
-1427
-1427
-1413
-1427
-1413
-1431
-1427
-1427
-1421
-1413
-1353
-1349
-1349
-1349
-1349
-1348
-1348
-1348
-1311
-1348
-1349
-1348
-1311
-1308
-1311
-1308
-1293
-1288
-1308
-1293
-1288
-1278
-1278
-1202
-1195
-1195
-1163
