-96811415
-95931913
-95556410
-94710769
-94710769
-94710769
-93326449
-93326449
-93326449
-93326449
-93326449
-93489056
-93326449
-93209016
-92984980
-93209016
-92984980
-92984980
-92364328
-91462354
-90880730
-91462354
-91462354
-91460110
-90880730
-91462354
-91462354
-91460110
-90962085
-90880730
-89656497
-89222896
-90880730
-90259610
-89754539
-89656497
-89222896
-89222896
-89222896
-89153908
-89153908
-88569604
-88466625
-88569604
-88569604
-88466625
-88466625
-87925089
-87925089
-87551799
-87311643
-87240909
-86818480
-86793965
-86200620
-85964743
-85630494
-85296245
-85194475
-85031334
-85031334
-85020631
-84629147
-84302665
-84302665
-84730224
-84730224
-84730224
-84629147
-84302665
-84025289
-84302665
-84025289
-83711010
-83643233
-83599445
-83363779
-83363779
-83298892
-83070217
-83016802
-83016802
-83016802
-82689878
-82670101
-83016802
-83016802
-83016802
-82689878
-83298892
-83298892
-83070217
-83070217
-83016802
-82689878
-82670101
-82436871
-82273463
-82273463
-82689878
-82670101
-82670101
-82670101
-83070217
-83016802
-82689878
-82689878
-83016802
-82689878
-83016802
-82689878
-82670101
-82670101
-82670101
-82670101
-82474928
-82436871
-82474928
-82436871
-82273463
-81967193
-81559023
-81437193
-81437193
-81418933
-81298125
-81203041
-81418933
-81418933
-81418933
-81298125
-81203041
-81203041
-81203041
-81298125
-81203041
-81203041
-80985905
-80888375
-80809580
-80985905
-80888375
-80809580
-80809580
-80888375
-81203041
-80985905
-80888375
-80809580
-80757889
-80888375
-80809580
-80757889
-80757889
-80722927
-80722927
-80698475
-80985905
-80888375
-80809580
-80888375
-80888375
-80809580
-80757889
-80722927
-80722927
-80698475
-80692781
-80528618
-80692781
-80528618
-80528618
-80441138
-80438345
-80225668
-80132908
-79999135
-79932462
-79932462
-79932462
-79999135
-79932462
-79904250
-79904250
-79904250
-79739317
-79739317
-79739317
-79719814
-79474704
-79445664
-79340768
-79340768
-79308808
-79097909
-79097909
-79076029
-78975415
-79097909
-79076029
-78975415
-78891878
-78889048
-78747458
-78716152
-78703519
-78652354
-78652354
-78547589
-78414940
-78319207
-78267287
-78267287
-78319207
-78267287
-78219620
-77930729
-77920495
-77930729
-77930729
-77920495
-77910412
-77786267
-77786267
-77910412
-77883086
-77786267
-77695884
-77469838
-77324618
-77174361
-77151171
-77118019
-77083503
-77075049
-77083503
-77075049
-77072151
-77072151
-77075049
-77072151
-76980198
-76872657
-76844148
-76769742
-76844148
-76769742
-76657900
-76602431
-76536743
-76536743
-76536743
-76536743
-76504910
-76504910
-76389546
-76377816
-76377816
-76267281
-76185162
-76116942
-75999540
-75999540
-75993419
-75993419
-75993419
-76116942
-75999540
-75993419
-75955642
-75942177
-75820344
-75782205
-75782205
-75660076
-75597096
-75545615
-75333943
-75333943
-75597096
-75545615
-75333943
-75545615
-75333943
-75333943
-75302502
-75274063
-75268591
-75093084
-75093084
-75030778
-74881696
-74048018
-73945801
-73797967
-73743610
-73743610
-73688337
-73688337
-73688337
-73688337
-73688337
-73576115
-73527931
-73369820
-72859702
-72787120
-72733227
-72662015
-72787120
-72733227
-72662015
-72647101
-72642498
-72647101
-72642498
-72588069
-72531268
-72588069
-72588069
-72531268
-72465299
-72390832
-72380922
-72301129
-72390832
-72380922
-72301129
-72181961
-71889883
-72181961
-71889883
-71859242
-71889883
-71859242
-71859242
-71857710
-71763173
-71763173
-71599476
-71599476
-71479558
-71467725
-71232881
-71156922
-71232881
-71156922
-71146964
-71146964
-71146964
-71114742
-71056270
-71037166
-70956269
-71037166
-70956269
-70956269
-70927754
-70812895
-70927754
-70956269
-70927754
-70956269
-70956269
-70927754
-71037166
-70956269
-70956269
-71037166
-70956269
-70956269
-70927754
-70956269
-70927754
-70812895
-70793153
-70793153
-70750167
-70750167
-70687459
-70568663
-70495419
-70454620
-70495419
-70454620
-70390179
-70267063
-70390179
-70267063
-70390179
-70390179
-70267063
-69900477
-69847540
-69782555
-69653588
-69610675
-69610675
-69610675
-69610675
-69610675
-69572126
-69572126
-69568153
-69555537
-69568153
-69568153
-69555537
-69555537
-69247774
-69068318
-69039982
-69039982
-69039982
-69068318
-69068318
-69039982
-68993114
-68855419
-68835875
-68808490
-68835875
-68808490
-68800519
-68652649
-68554795
-68554795
-68554795
-68554795
-68525885
-68429508
-68349580
-68525885
-68525885
-68429508
-68429508
-68349580
-68348485
-68347714
-68348485
-68347714
-68347714
-68347714
-68347714
-68347714
-68347428
-68287625
-68287625
-68000664
-68347428
-68287625
-68000664
-68000664
-67898417
-67847347
-67748252
-67744259
-67637649
-67611645
-67527751
-67516897
-67435717
-67417382
-67288531
-67288531
-67155801
-67071997
-67071997
-67013028
-67013028
-67013028
-67011115
-67011115
-67011115
-67011115
-66979848
-66729334
-66716595
-66630937
-66565690
-66565690
-66491743
-66565690
-66491743
-66232494
-66232494
-66232494
-66178809
-66071854
-66071854
-66071854
-66044683
-65971154
-66071854
-66044683
-66044683
-65971154
-65598189
-65553622
-65503883
-65485368
-65396750
-65357887
-65357887
-65240538
-65167478
-65135427
-65135427
-64994986
-65135427
-64994986
-64989253
-64989253
-64952238
-65240538
-65167478
-65135427
-64994986
-64994986
-64989253
-64952238
-64935179
-64935179
-64865921
-64833934
-64799147
-64792391
-64799147
-64792391
-64774884
-64718108
-64537543
-64537543
-64529285
-64487954
-64440935
-64344149
-64242119
-64242119
-64230076
-64143586
-64143586
-64090736
-63968210
-63890085
-63890085
-63890085
-63878167
-63878167
-63968210
-63968210
-63968210
-63968210
-63890085
-63878167
-63878167
-63681842
-63623182
-63542965
-63506452
-63506452
-63496587
-63496587
-63407761
-63405784
-63405784
-63405784
-63405784
-63287513
-63287085
-63053441
-62977209
-62907632
-62907632
-62907632
-62808838
-62701487
-62605644
-62602028
-62602028
-62605644
-62701487
-62605644
-62701487
-62605644
-62602028
-62462564
-62462564
-62462564
-62462564
-62462564
-62430298
-62391415
-62285375
-62462564
-62430298
-62391415
-62462564
-62602028
-62602028
-62602028
-62602028
-62462564
-62462564
-62430298
-62391415
-62285375
-62279280
-62279280
-62274511
-62229534
-62229534
-62223874
-62147692
-62147692
-62114761
-62110287
-62060412
-62060412
-62057445
-62022467
-62022467
-61979603
-61911009
-61911009
-61911009
-61979603
-61911009
-62022467
-61979603
-61911009
-61979603
-61979603
-61911009
-61871240
-61859172
-61805307
-61859172
-61805307
-61805307
-61761306
-61713579
-61589656
-61578849
-61549880
-61713579
-61713579
-61589656
-61805307
-61761306
-61761306
-61713579
-61589656
-61578849
-61578849
-61589656
-61578849
-61549880
-61549880
-61516977
-61578849
-61578849
-61549880
-61516977
-61507702
-61503065
-61332355
-61503065
-61332355
-61332355
-61280563
-61242163
-61224657
-61224657
-61196052
-61176734
-61196052
-61176734
-61176734
-61224657
-61196052
-61224657
-61196052
-61176734
-61095252
-61053347
-61095252
-61053347
-61003059
-60901011
-60901011
-60775693
-60775693
-60699094
-60699094
-60659569
-60507401
-60493043
-60459862
-60459862
-60404749
-60367356
-60349143
-60322501
-60213658
-60322501
-60213658
-60213658
-60322501
-60213658
-60076054
-60076054
-60050136
-60006910
-59968931
-60006910
-60006910
-59968931
-59931256
-59839979
-59839574
-59931256
-59839979
-59839979
-59931256
-59839979
-59839574
-59790933
-59790933
-59722059
-59722059
-59712909
-59574865
-59395843
-59394145
-59249921
-59249921
-59249921
-59395843
-59394145
-59249921
-59218895
-59213884
-59213884
-59190577
-59190577
-59218895
-59249921
-59218895
-59213884
-59213884
-59190577
-59190577
-59190577
-59213884
-59190577
-59187976
-59150076
-59187976
-59150076
-59078879
-59070256
-59187976
-59187976
-59150076
-59078879
-59078879
-59150076
-59187976
-59150076
-59078879
-59078879
-59078879
-59070256
-59070256
-59051551
-59078879
-59070256
-59070256
-59051551
-59078879
-59078879
-59070256
-59051551
-59070256
-59051551
-59051551
-58971816
-58971816
-58925324
-58916013
-58813236
-58787612
-58760971
-58760971
-58706241
-58670382
-58670382
-58670382
-58560400
-58706241
-58670382
-58670382
-58560400
-58486331
-58560400
-58486331
-58471471
-58391930
-58378091
-58378091
-58378091
-58378091
-58378091
-58336080
-58336080
-58318371
-58316392
-58275003
-58254809
-58230398
-58128081
-57992850
-57986798
-57976769
-57932514
-57887114
-57887114
-57843153
-57823018
-57823018
-57887114
-57887114
-57843153
-57823018
-57794240
-57794240
-57787660
-57777866
-57777866
-57823018
-57823018
-57794240
-57787660
-57787660
-57777866
-57743814
-57787660
-57777866
-57777866
-57743814
-57743814
-57734227
-57734227
-57777866
-57743814
-57734227
-57723568
-57698160
-57645521
-57624980
-57617588
-57613404
-57617588
-57613404
-57502653
-57502653
-57178356
-57178356
-57169255
-57165080
-57165080
-57126705
-57039366
-57126705
-57165080
-57169255
-57169255
-57424470
-57178356
-57169255
-57165080
-57424470
-57178356
-57169255
-57169255
-57169255
-57165080
-57126705
-57126705
-57039366
-57010195
-57008532
-56994895
-56983563
-56983563
-56918658
-56904589
-56867768
-56904589
-56904589
-56867768
-56743059
-56743059
-56735068
-56904589
-56994895
-56983563
-56918658
-56994895
-57008532
-57008532
-57008532
-57008532
-56994895
-56983563
-56918658
-56904589
-56904589
-56867768
-56743059
-56735068
-56672847
-56735068
-56672847
-56662212
-56638711
-56505929
-56505929
-56505929
-56505929
-56505929
-56662212
-56638711
-56505929
-56662212
-56638711
-56505929
-56638711
-56505929
-56638711
-56638711
-56505929
-56445518
-56445518
-56445518
-56384287
-56445518
-56445518
-56384287
-56380035
-56365999
-56365999
-56364518
-56364518
-56360115
-56338843
-56338843
-56336105
-56313322
-56271690
-56271690
-56259652
-56336105
-56313322
-56313322
-56313322
-56313322
-56271690
-56271690
-56259652
-56259652
-56253202
-56253202
-56226865
-56188028
-56112926
-56112926
-56080713
-55986587
-55924732
-55920718
-55858966
-55858966
-55818767
-55751313
-55599468
-55576550
-55574468
-55574468
-55574468
-55567987
-55549937
-55567987
-55567987
-55574468
-55567987
-55567987
-55567987
-55549937
-55518710
-55439259
-55439259
-55338196
-55321660
-55518710
-55518710
-55439259
-55338196
-55338196
-55321660
-55283063
-55321660
-55439259
-55338196
-55321660
-55283063
-55249678
-55182522
-55174044
-55166020
-55124874
-54957824
-54957794
-54957794
-54957794
-54956849
-54829818
-54829818
-54956849
-54956849
-54829818
-54699748
-54699748
-54829818
-54956849
-54957794
-54956849
-54956849
-54956849
-54956849
-54957794
-54957824
-54957794
-55166020
-55124874
-54957824
-54957824
-54957794
-54956849
-54829818
-54699748
-54687854
-54699748
-54687854
-54687854
-54687854
-54687854
-54829818
-54699748
-54687854
-54699748
-54699748
-54957794
-54956849
-54829818
-54829818
-54699748
-54699748
-54687854
-54681340
-54681340
-54646746
-54646164
-54595441
-54568323
-54509956
-54595441
-54681340
-54646746
-54646164
-54595441
-54568323
-54509956
-54509956
-54509956
-54433007
-54433007
-54397316
-54392497
-54363652
-54433007
-54397316
-54392497
-54363652
-54308331
-54259089
-54259089
-54193717
-54040290
-54193717
-54040290
-54039887
-54259089
-54193717
-54040290
-54039887
-54007422
-54007422
-54007422
-54039887
-54039887
-54039887
-54007422
-54007422
-53998992
-54040290
-54039887
-54007422
-54040290
-54040290
-54039887
-54039887
-54039887
-54040290
-54039887
-54040290
-54193717
-54040290
-54039887
-54007422
-53998992
-53990411
-53990411
-53998992
-53998992
-53990411
-53990411
-53928935
-53914362
-53914362
-53899500
-53899500
-53798877
-53781609
-53781609
-53734142
-53734142
-53734142
-53734142
-53658836
-53589511
-53589511
-53589511
-53589511
-53589511
-53589511
-53583341
-53583341
-53658836
-53589511
-53658836
-53589511
-53583341
-53583341
-53529279
-53589511
-53583341
-53529279
-53528210
-53528210
-53475834
-53475834
-53475834
-53528210
-53529279
-53528210
-53528210
-53528210
-53475834
-53451972
-53451972
-53475834
-53451972
-53451972
-53379103
-53377432
-53379103
-53451972
-53379103
-53377432
-53377432
-53377432
-53377432
-53377432
-53358601
-53379103
-53451972
-53475834
-53451972
-53379103
-53379103
-53377432
-53377432
-53377432
-53358601
-53358582
-53354451
-53348613
-53332205
-53246684
-53246684
-53246684
-53243269
-53230884
-53230884
-53230884
-53164481
-53162482
-53162482
-53146138
-53142525
-53116205
-53072807
-53072807
-53042046
-53040796
-53040796
-53037967
-53037967
-53024124
-53024124
-52949935
-52947833
-52939633
-53037967
-53024124
-52949935
-52947833
-52939633
-52864759
-52858608
-52848756
-52707121
-52679872
-52707121
-52679872
-52679214
-52679872
-52679214
-52707121
-52707121
-52679872
-52679872
-52679214
-52620986
-52679214
-52620986
-52566393
-52566393
-52528816
-52433133
-52528816
-52433133
-52432649
-52392098
-52243036
-52327313
-52392098
-52327313
-52327313
-52327313
-52392098
-52433133
-52433133
-52433133
-52528816
-52566393
-52566393
-52528816
-52433133
-52433133
-52432649
-52528816
-52433133
-52432649
-52392098
-52327313
-52243036
-52220706
-52174575
-52174575
-52174575
-52124290
-52124290
-52094485
-52071778
-52094485
-52071778
-52071778
-52070232
-52039909
-52071778
-52071778
-52070232
-52039909
-52039909
-52000680
-52000680
-52000680
-51994186
-51994186
-51994186
-52039909
-52000680
-52000680
-51994186
-51994186
-51966100
-52039909
-52000680
-51994186
-51966100
-51949037
-51948696
-51937900
-51936157
-51933056
-51912733
-51912733
-51854397
-51842584
-51780847
-51773751
-51780847
-51773751
-51742943
-51742943
-51720219
-51708384
-51708384
-51720219
-51742943
-51720219
-51720219
-51720219
-51708384
-51582033
-51573143
-51582033
-51573143
-51573143
-51582033
-51582033
-51573143
-51568518
-51333932
-51333932
-51573143
-51568518
-51333932
-51568518
-51568518
-51333932
-51582033
-51573143
-51568518
-51708384
-51582033
-51573143
-51568518
-51568518
-51742943
-51720219
-51720219
-51742943
-51742943
-51720219
-51742943
-51720219
-51773751
-51780847
-51773751
-51742943
-51773751
-51742943
-51720219
-51708384
-51780847
-51773751
-51773751
-51742943
-51773751
-51742943
-51780847
-51795246
-51780847
-51936157
-51933056
-51933056
-51912733
-51854397
-51933056
-51933056
-51936157
-51933056
-51912733
-51912733
-51854397
-51854397
-51842584
-51795246
-51795246
-51780847
-51773751
-51773751
-51773751
-51742943
-51720219
-51742943
-51720219
-51773751
-51773751
-51773751
-51742943
-51780847
-51780847
-51773751
-51795246
-51780847
-51773751
-51742943
-51720219
-51742943
-51720219
-51708384
-51708384
-51582033
-51579803
-51573143
-51573143
-51568518
-51568518
-51333932
-51328015
-51267047
-51267047
-51241143
-51241143
-51568518
-51573143
-51573143
-51568518
-51568518
-51333932
-51328015
-51333932
-51328015
-51328015
-51267047
-51267047
-51241143
-51237795
-51197999
-51237795
-51237795
-51197999
-51176834
-51176834
-51153855
-51136382
-51130865
-51094281
-51081301
-50972173
-50911921
-50972173
-50972173
-51153855
-51136382
-51130865
-51130865
-51094281
-51081301
-50972173
-50911921
-50862645
-50862645
-50862645
-50852421
-50848809
-50811026
-50811026
-50811026
-50848809
-50811026
-50804000
-50757063
-50688441
-50652327
-50650199
-50630888
-50612949
-50472978
-50417834
-50415477
-50383927
-50331072
-50296227
-50292306
-50266208
-50296227
-50292306
-50415477
-50383927
-50331072
-50331072
-50296227
-50292306
-50266208
-50243212
-50292306
-50266208
-50266208
-50292306
-50292306
-50266208
-50243212
-50190482
-50175746
-50150192
-50243212
-50243212
-50243212
-50190482
-50266208
-50243212
-50190482
-50175746
-50266208
-50243212
-50190482
-50190482
-50175746
-50175746
-50150192
-50068211
-50045965
-49981075
-49978995
-49978995
-49969497
-49919504
-50045965
-49981075
-49978995
-49969497
-49969497
-49969497
-49919504
-49891530
-49888892
-49870601
-49870601
-49806471
-49778566
-49778566
-49750931
-49778566
-49750931
-49778566
-49806471
-49778566
-49750931
-49713904
-49710554
-49750931
-49713904
-49710554
-49713904
-49750931
-49806471
-49778566
-49750931
-49778566
-49750931
-49806471
-49778566
-49778566
-49806471
-49870601
-49806471
-49806471
-49806471
-49806471
-49778566
-49806471
-49870601
-49888892
-49870601
-49870601
-49870601
-49888892
-49870601
-49806471
-49870601
-49888892
-49870601
-49870601
-49870601
-49806471
-49778566
-49806471
-49778566
-49778566
-49750931
-49750931
-49750931
-49713904
-49806471
-49778566
-49750931
-49750931
-49713904
-49710554
-49708399
-49710554
-49710554
-49708399
-49708399
-49708399
-49649556
-49649556
-49631416
-49631416
-49568459
-49568459
-49539132
-49539132
-49568459
-49539132
-49534191
-49534191
-49539132
-49649556
-49708399
-49649556
-49631416
-49708399
-49708399
-49649556
-49649556
-49708399
-49649556
-49631416
-49631416
-49649556
-49631416
-49631416
-49631416
-49568459
-49568459
-49631416
-49568459
-49568459
-49539132
-49534191
-49504321
-49534191
-49539132
-49539132
-49534191
-49504321
-49504321
-49504321
-49504321
-49534191
-49534191
-49534191
-49534191
-49504321
-49631416
-49631416
-49568459
-49539132
-49534191
-49504321
-49504321
-49504321
-49504321
-49495560
-49489409
-49482657
-49489409
-49534191
-49539132
-49568459
-49568459
-49539132
-49568459
-49568459
-49539132
-49534191
-49504321
-49504321
-49495560
-49489409
-49489409
-49482657
-49489409
-49482657
-49477986
-49424961
-49388759
-49360060
-49312201
-49312201
-49424961
-49388759
-49388759
-49388759
-49360060
-49312201
-49312201
-49301376
-49266293
-49135427
-49123628
-49123628
-48983122
-48930850
-48916917
-48930850
-48983122
-49135427
-49123628
-49301376
-49360060
-49360060
-49388759
-49360060
-49388759
-49424961
-49424961
-49388759
-49424961
-49388759
-49388759
-49360060
-49312201
-49301376
-49266327
-49266293
-49135427
-49301376
-49266327
-49312201
-49360060
-49312201
-49312201
-49301376
-49266327
-49266293
-49266293
-49135427
-49123628
-49123628
-48983122
-48983122
-48930850
-48916917
-48911371
-48908348
-48856831
-48856831
-48850788
-48845947
-48845947
-48850788
-48845947
-48796056
-48796056
-48678945
-48796056
-48796056
-48678945
-48796056
-48678945
-48796056
-48796056
-48678945
-48670160
-48678945
-48670160
-48660947
-48670160
-48670160
-48660947
-48659960
-48678945
-48850788
-48845947
-48845947
-48796056
-48678945
-48670160
-48670160
-48660947
-48659960
-48572247
-48572247
-48506657
-48670160
-48660947
-48659960
-48660947
-48660947
-48660947
-48660947
-48670160
-48678945
-48670160
-48660947
-48659960
-48659960
-48572247
-48660947
-48660947
-48660947
-48660947
-48660947
-48659960
-48572247
-48506657
-48506657
-48506657
-48506657
-48506657
-48659960
-48572247
-48572247
-48506657
-48496739
-48458365
-48446455
-48506657
-48496739
-48458365
-48458365
-48458365
-48458365
-48458365
-48572247
-48506657
-48506657
-48572247
-48660947
-48670160
-48670160
-48796056
-48796056
-48796056
-48850788
-48850788
-48850788
-48908348
-48916917
-48911371
-48908348
-48908348
-48856831
-48850788
-48845947
-48796056
-48796056
-48845947
-48796056
-48678945
-48678945
-48670160
-48670160
-48796056
-48678945
-48796056
-48796056
-48850788
-48845947
-48796056
-48850788
-48850788
-48845947
-48850788
-48850788
-48845947
-48796056
-48678945
-48670160
-48796056
-48845947
-48845947
-48796056
-48845947
-48796056
-48678945
-48670160
-48845947
-48856831
-48850788
-48850788
-48845947
-48796056
-48678945
-48678945
-48670160
-48660947
-48660947
-48659960
-48572247
-48506657
-48496739
-48496739
-48458365
-48458365
-48458365
-48446455
-48422744
-48422744
-48446455
-48446455
-48422744
-48390827
-48390827
-48390827
-48422744
-48390827
-48390827
-48390827
-48359634
-48359634
-48352869
-48359634
-48352869
-48359634
-48359634
-48352869
-48334850
-48352869
-48352869
-48352869
-48359634
-48359634
-48359634
-48422744
-48390827
-48359634
-48352869
-48352869
-48359634
-48352869
-48352869
-48334850
-48330678
-48311150
-48311150
-48298005
-48334850
-48330678
-48311150
-48298005
-48273184
-48234132
-48225763
-48225763
-48180174
-48180174
-48225763
-48225763
-48234132
-48234132
-48234132
-48225763
-48180174
-48180174
-48234132
-48225763
-48180174
-48157453
-48093579
-48083456
-48083456
-47985440
-47943397
-47943397
-47934534
-47902687
-47985440
-47943397
-47943397
-47943397
-47943397
-47934534
-47902687
-47901360
-47832093
-47821924
-47821924
-47814323
-47733341
-47814323
-47733341
-47727846
-47688319
-47680571
-47680571
-47679666
-47679666
-47673064
-47679666
-47679666
-47679666
-47679666
-47673064
-47673064
-47658410
-47654550
-47632639
-47679666
-47673064
-47658410
-47654550
-47632639
-47617012
-47632639
-47632639
-47617012
-47474833
-47461640
-47385538
-47385538
-47474833
-47461640
-47385538
-47385538
-47385538
-47371789
-47385538
-47371789
-47371789
-47364210
-47353831
-47325869
-47325869
-47300791
-47297196
-47277916
-47277916
-47297196
-47300791
-47297196
-47277916
-47277916
-47300791
-47297196
-47300791
-47300791
-47297196
-47297196
-47297196
-47277916
-47255193
-47227727
-47227727
-47214187
-47173785
-47113099
-47099042
-47080450
-47099042
-47080450
-47080450
-47080450
-47060308
-47060308
-47080450
-47060308
-47035451
-47035451
-47024850
-47010724
-47024850
-47010724
-47010724
-46994755
-46959985
-46913880
-46909258
-46909258
-46909258
-46909258
-46878532
-46866768
-46832085
-46832085
-46866768
-46832085
-46817909
-46817909
-46832085
-46817909
-46817909
-46794113
-46788336
-46817909
-46794113
-46794113
-46817909
-46817909
-46866768
-46878532
-46866768
-46832085
-46817909
-46866768
-46832085
-46817909
-46794113
-46788336
-46776364
-46766337
-46743697
-46766337
-46766337
-46788336
-46776364
-46788336
-46776364
-46766337
-46743697
-46776364
-46766337
-46743697
-46743697
-46743697
-46715413
-46715413
-46743697
-46715413
-46704611
-46665708
-46665708
-46704611
-46665708
-46665708
-46715413
-46715413
-46704611
-46704611
-46665708
-46660670
-46665708
-46704611
-46665708
-46660670
-46657901
-46642102
-46704611
-46665708
-46660670
-46657901
-46642102
-46642102
-46642102
-46629641
-46642102
-46642102
-46629641
-46613216
-46613216
-46607660
-46607660
-46629641
-46613216
-46613216
-46607660
-46613216
-46607660
-46597710
-46597710
-46597710
-46597710
-46575272
-46528067
-46528067
-46492090
-46487563
-46448786
-46487563
-46448786
-46487563
-46448786
-46448786
-46412245
-46404033
-46404033
-46398021
-46386199
-46373077
-46332800
-46319029
-46302017
-46264896
-46302017
-46264896
-46319029
-46302017
-46332800
-46319029
-46302017
-46264896
-46302017
-46302017
-46319029
-46302017
-46264896
-46264896
-46319029
-46302017
-46302017
-46264896
-46244138
-46264896
-46244138
-46238468
-46210676
-46244138
-46244138
-46238468
-46238468
-46210676
-46210676
-46210676
-46210676
-46179651
-46179651
-46161100
-46151781
-46139391
-46137500
-46137500
-46133662
-46128671
-46139391
-46139391
-46137500
-46137500
-46133662
-46128671
-46076396
-46128671
-46128671
-46076396
-46128671
-46076396
-46076396
-46076396
-46128671
-46076396
-46064680
-46031763
-46031763
-46031763
-46064680
-46064680
-46031763
-46031763
-46031763
-46031763
-46076396
-46064680
-46064680
-46031763
-46031204
-46015461
-45986829
-45954182
-45949161
-45949161
-45949161
-45916058
-45906979
-45906979
-45884455
-45884455
-45842558
-45816468
-45780557
-45780557
-45780557
-45780557
-45816468
-45780557
-45842558
-45816468
-45816468
-45780557
-45738798
-45780557
-45738798
-45717969
-45716291
-45716291
-45716291
-45716291
-45716291
-45704954
-45704954
-45704954
-45667943
-45704954
-45667943
-45667943
-45704954
-45667943
-45667943
-45716291
-45704954
-45704954
-45667943
-45667943
-45667943
-45704954
-45704954
-45716291
-45704954
-45716291
-45704954
-45704954
-45704954
-45667943
-45667943
-45643886
-45643886
-45643066
-45643066
-45636416
-45636416
-45630818
-45630818
-45623627
-45606702
-45623627
-45606702
-45600298
-45643066
-45667943
-45704954
-45667943
-45643886
-45643066
-45704954
-45716291
-45716291
-45716291
-45716291
-45704954
-45667943
-45643886
-45643066
-45636416
-45630818
-45716291
-45704954
-45667943
-45643886
-45643066
-45636416
-45643066
-45636416
-45636416
-45636416
-45643066
-45636416
-45643066
-45636416
-45636416
-45630818
-45623627
-45606702
-45606702
-45606702
-45606702
-45630818
-45623627
-45606702
-45636416
-45630818
-45630818
-45630818
-45630818
-45630818
-45623627
-45606702
-45630818
-45623627
-45606702
-45606702
-45623627
-45606702
-45600298
-45606702
-45600298
-45623627
-45606702
-45600298
-45589150
-45578973
-45576411
-45571832
-45571832
-45589150
-45600298
-45600298
-45623627
-45606702
-45600298
-45606702
-45623627
-45630818
-45636416
-45630818
-45630818
-45636416
-45630818
-45623627
-45623627
-45606702
-45606702
-45606702
-45600298
-45600298
-45606702
-45606702
-45600298
-45600298
-45589150
-45578973
-45589150
-45578973
-45578973
-45578973
-45576411
-45571832
-45571832
-45571832
-45571832
-45571832
-45462137
-45432928
-45432607
-45398849
-45462137
-45432928
-45462137
-45462137
-45600298
-45589150
-45578973
-45578973
-45578973
-45576411
-45576411
-45578973
-45576411
-45576411
-45571832
-45571832
-45571832
-45576411
-45578973
-45576411
-45571832
-45576411
-45578973
-45578973
-45578973
-45576411
-45571832
-45571832
-45571832
-45462137
-45432928
-45432607
-45432607
-45398849
-45462137
-45432928
-45571832
-45462137
-45462137
-45576411
-45576411
-45600298
-45589150
-45578973
-45576411
-45578973
-45576411
-45578973
-45576411
-45576411
-45576411
-45578973
-45576411
-45571832
-45462137
-45432928
-45432607
-45398849
-45398421
-45398421
-45376762
-45374176
-45371324
-45371324
-45371324
-45350162
-45350162
-45336722
-45336722
-45350162
-45336722
-45330187
-45336722
-45330187
-45376762
-45374176
-45374176
-45371324
-45374176
-45376762
-45374176
-45376762
-45374176
-45398849
-45398421
-45398421
-45398421
-45398849
-45398849
-45398421
-45376762
-45374176
-45371324
-45350162
-45350162
-45336722
-45350162
-45336722
-45350162
-45336722
-45330187
-45330187
-45330187
-45282098
-45282098
-45330187
-45282098
-45371324
-45371324
-45350162
-45350162
-45336722
-45336722
-45330187
-45330187
-45336722
-45330187
-45282098
-45282098
-45282098
-45260495
-45260495
-45245925
-45166415
-45166415
-45158193
-45245925
-45260495
-45282098
-45260495
-45330187
-45282098
-45282098
-45282098
-45260495
-45245925
-45166415
-45158193
-45151593
-45129953
-45127726
-45111195
-45052149
-45003181
-45003181
-44970602
-44943602
-44940074
-44940074
-44898872
-44898872
-44895819
-44892913
-44884706
-44880327
-44884706
-44884706
-44892913
-44892913
-44940074
-44898872
-44895819
-44892913
-44898872
-44898872
-44895819
-44892913
-44892913
-44884706
-44880327
-44884706
-44892913
-44884706
-44895819
-44892913
-44884706
-44884706
-44892913
-44898872
-44895819
-44895819
-44895819
-44892913
-44892913
-44892913
-44884706
-44880327
-44874710
-44864593
-44874710
-44864593
-44861261
-44861261
-44861261
-44846688
-44861261
-44864593
