6017
5418
2356
3146
3695
1133
7315
6176
5686
7632
884
399
11
74
3002
4514
1605
1280
4066
2404
5065
759
2454
5416
2238
3791
3378
3472
1295
1696
1594
5505
2927
2815
4851
5534
4922
6918
5506
2598
2408
1918
4400
7959
556
1
2167
6006
5129
3106
1432
4517
6412
3975
16
1484
961
5522
6356
2280
6819
1313
929
7550
5431
4079
933
5075
5408
6133
4052
5539
129
6025
3393
4250
1924
4928
4051
6651
3359
4540
6850
3195
1732
770
110
2752
2742
3403
1246
2761
6405
3726
7648
883
5987
7779
18
255
74
4373
4918
6562
155
5419
5181
523
485
431
6696
239
3750
1696
4504
437
5353
5117
1632
2988
683
4225
6836
5477
6007
732
22
5925
33
1714
5542
5669
3922
22
6735
1182
5079
305
3878
2618
1987
4516
5184
1298
4975
6727
6086
1331
7557
2722
1562
7215
837
6879
4287
3210
3385
7445
971
1486
3755
3506
610
2436
1621
6865
5611
431
4943
1091
98
221
3636
235
1762
6534
6422
446
4005
2778
4551
1264
511
7706
3320
5202
3405
3527
4295
6436
5916
1475
4051
1465
5215
5291
2964
6617
6735
2836
1469
5560
5574
7873
3767
4621
3585
6525
3780
5220
1383
3674
2478
4159
5721
3874
6732
5482
186
159
30
1256
5825
52
3893
49
2031
2013
738
5049
4492
5036
1324
3961
7923
625
4742
374
2802
6877
3127
1790
5709
1830
6187
545
3753
3601
6490
6405
5784
6103
467
924
2125
7495
5503
5326
758
7403
2363
4013
2301
3991
7440
5053
4846
1105
1455
5973
2176
7479
381
6143
1504
2100
865
2786
3499
2638
5111
1233
425
6244
1537
92
5567
5210
6858
4215
5115
5866
6850
6296
5570
2103
962
5251
1998
1047
5051
256
2194
153
5191
6626
5285
4823
5552
6692
2556
4888
1128
242
5555
2793
6948
3381
611
4980
66
4248
2116
135
912
223
3873
5680
6354
7400
1429
4814
2954
2579
1938
6039
5458
2476
3503
2129
4729
3018
4203
2379
6809
3996
6027
923
7348
451
7069
97
6851
2184
748
2624
356
5789
7743
3663
3300
5611
2653
5455
7729
3941
529
7283
3168
3413
5488
3551
2391
1027
5654
1340
7146
7186
3
5077
6554
5628
122
7056
2264
1632
113
86
5883
6164
1671
6264
2881
6659
7952
4743
0
4960
455
4586
846
6388
3280
3562
268
5241
2217
6464
4897
3806
5206
2502
69
6884
7291
3840
4306
3894
5030
6539
7954
6184
4398
5927
839
7870
1303
3254
3456
7298
5367
1023
75
6043
857
2284
4088
3677
7004
1216
6240
6837
3115
1361
7625
6481
7852
3272
182
3717
4917
1820
3908
6703
109
6217
4427
4189
2529
6344
4960
6353
6159
356
403
4279
5713
3794
2706
7699
6902
2025
815
3239
3869
5098
7324
373
1539
4739
244
3383
5443
6909
4548
5481
6582
5496
286
534
5957
4745
2356
5863
6710
3818
2330
3574
4199
5164
1448
6688
4414
2617
6040
3743
4773
4
4361
5715
873
6296
7631
5462
5064
2016
7290
6083
1815
7053
3387
1258
7747
6033
1
5922
2463
6326
6181
3517
4764
3077
654
2429
4214
7211
4668
6455
3787
656
5363
5860
5377
1679
1021
3257
1194
4674
499
3262
2161
3075
6267
4593
4962
5011
5132
3094
711
2268
6233
177
6263
6815
3751
7697
462
271
1653
1743
4227
5366
5414
2816
7238
6958
2373
5014
1366
5003
6638
7579
7306
5756
1327
4537
3132
6738
3477
1615
7570
6043
2580
5690
1505
5219
1830
6043
709
6537
3935
4503
6538
5138
6339
5933
1276
4411
2583
7214
2213
6055
2836
614
59
2717
1948
6427
4544
2160
976
5150
6285
4060
414
5809
694
7158
7482
313
2243
7446
6305
6644
2224
6221
1317
895
6326
3886
1035
7025
5656
4006
4855
5511
244
696
4276
3937
3943
5286
3667
6359
7297
7077
2320
5199
633
7697
6361
331
5813
945
2976
1265
5201
1625
6131
1261
1134
3479
365
1599
7710
17
2793
4827
4484
6108
2522
101
3321
2021
3005
4139
1213
6067
5138
6339
60
496
121
7758
877
2926
7900
7713
7326
562
7182
718
7449
2984
4567
4083
7351
6820
1297
3197
1697
6462
1487
485
7084
5028
391
1689
2847
7409
2425
4909
1234
282
6334
5443
6613
364
2618
3772
2706
349
703
3209
6500
3624
5177
3864
2497
7328
5262
6165
702
4160
6512
4732
3277
6383
5429
2548
491
4861
6544
7105
3013
5179
5791
45
2435
6428
4759
74
1124
7614
143
930
2656
728
3955
4665
5827
4930
3372
1491
5416
54
421
5674
3894
1446
4407
37
3855
27
6723
4546
3889
668
1365
5955
2739
7894
83
1035
6329
4704
6407
1992
5703
6905
6165
1880
167
6024
3525
3544
5444
6324
2
7605
133
6386
3447
6161
6929
5279
3181
1171
2133
3615
2577
5286
28
4353
7566
6325
3837
4278
7078
6540
884
2773
935
3763
4539
5859
7455
4834
738
2614
6181
7512
3271
4703
4929
2051
4190
5617
658
6894
4482
3199
1063
1545
2249
2559
4591
150
2919
7371
4250
6447
7673
4017
5941
5530
1091
5913
1935
2143
6568
1413
5922
466
3873
3378
6792
4140
6883
3158
1534
6139
5268
7120
3964
5194
3259
6251
6322
1596
2418
7617
192
4999
4893
3397
3263
2071
279
6368
19
2853
7955
2866
1578
701
5743
481
4419
6289
3128
6925
3172
5050
4156
6585
2485
1400
7306
3447
5882
3625
1635
3501
2469
2022
2683
4092
7882
812
0
3002
4135
6361
7599
1434
1874
6861
3543
732
7296
4100
5266
1337
1614
3356
1026
470
4743
1127
4559
7103
5217
5662
5129
5367
5714
3970
341
935
4886
870
616
7650
916
2683
3921
3133
6859
6825
6675
7328
2470
5137
5851
3186
1169
4115
3675
375
4298
5049
356
7736
5997
827
5717
7247
3773
4780
4257
4568
3841
4454
4549
5187
7538
192
1701
7062
7056
328
3420
1125
7039
6799
391
729
6550
17
4745
7395
2405
5159
4367
1427
554
6947
7123
359
5298
3645
2902
7050
4507
1061
5077
4708
5
4240
4593
7698
6272
3322
4452
377
4058
6149
7229
3683
1516
6229
5535
4890
2
7202
1467
5343
6640
6916
487
1278
3071
6748
1988
7840
3128
2688
265
11
696
4
6753
4337
1038
26
7681
6591
5790
6042
3216
6505
3474
4610
1089
4537
5472
6040
1510
5300
1271
1566
2757
4596
2647
4051
6841
6919
611
2723
3777
3820
2073
7
6871
6307
6803
5942
6729
1439
2100
6312
6353
705
3750
6166
6702
555
5156
6573
3638
1206
5433
7353
117
114
5048
8111
25
3727
6430
4730
1452
2444
314
6394
7510
4051
5559
6002
4092
6812
2881
4882
211
974
30
3846
7330
3082
2094
7453
2259
3306
89
439
4187
2046
52
5980
3585
3602
1207
12
7169
5121
3802
3888
5834
3844
999
2524
4325
4972
801
7496
140
4488
311
1470
4794
6055
6681
2386
2014
1531
8068
2015
2682
2685
6875
5483
5275
2396
6557
6702
6205
5772
3142
4750
102
6953
7471
1459
4876
698
598
377
2853
1739
2541
521
793
854
1540
4704
7493
4204
4538
6148
3393
6966
960
6898
1512
4066
5096
492
1726
3291
1453
7290
1278
7036
6876
6791
46
2585
4389
2719
4656
5838
4954
2963
1200
7502
3876
772
5206
6935
290
2419
977
2978
187
151
4152
602
7267
303
3053
5659
1693
47
1772
558
3457
26
4346
1232
2020
1113
164
5240
5068
4572
7332
7288
160
302
308
0
6181
2286
7805
3264
2007
1031
1720
2525
3490
20
3910
2743
5853
3123
5968
4112
5996
4048
5006
3497
4358
6329
6530
7997
5778
4491
2311
4133
6317
1732
6447
2102
5724
6914
217
1929
680
5479
3963
690
1543
2514
6661
7815
2705
4100
5227
3408
6698
46
14
118
3478
6985
1439
6009
865
2790
306
3086
2612
6428
6589
3515
1626
5150
3719
7399
565
2404
4660
6580
5290
5640
6140
2705
6889
5714
5298
5422
4712
5507
2718
5543
2829
6244
5215
538
2619
5225
3974
4168
2223
4427
3787
7742
661
4252
6237
3482
2867
3269
6428
4905
5870
5956
6221
125
5396
6974
2673
5793
6377
5086
6837
142
7530
2939
3339
1477
502
4111
2126
5444
4679
7217
8084
7823
240
1993
4503
1252
4123
3117
4321
2978
3984
4328
5425
140
6383
3494
520
6195
3511
6803
449
3537
2189
6031
709
7059
1426
74
3737
132
2492
1002
3907
5858
171
1041
7545
3636
6226
4614
2725
3929
2035
3238
3287
4432
7610
4677
2955
5219
5418
1393
3897
6193
8038
6856
1610
6920
4793
41
114
3776
2829
3976
1453
3662
5011
1936
7226
709
1885
5452
3134
4899
6804
5901
2769
5384
6357
3672
6259
3532
7527
2058
7139
5929
6939
5350
6111
5631
139
5472
7141
3014
5493
2039
607
184
6222
1107
6819
2498
0
1872
3026
102
89
93
2093
6712
1103
1744
4063
301
3029
2698
3879
3442
7119
4556
3516
5320
6432
3179
1327
1655
7142
7554
3074
2717
3109
2697
2308
7747
182
6211
3249
4553
1232
7245
2901
5827
776
5149
1863
2202
14
2016
4983
4438
566
512
5094
2104
5387
1
1867
5215
2696
6177
4867
536
5930
4885
6819
5313
6449
1832
3790
7424
7127
4536
5147
3504
5147
1552
7469
3953
2754
5906
6870
341
6886
1457
4206
7328
36
2158
2663
1627
2618
513
313
6857
2813
6943
5986
7099
4075
7157
1128
4257
7354
183
7099
5727
3866
2944
3503
3045
3197
1291
1028
462
5986
6101
301
2923
2489
18
3353
3975
2060
844
3098
7
4524
6155
3372
2986
921
7739
7264
2146
119
7118
2
2597
6119
2263
1562
444
208
6230
4571
6956
295
0
4073
158
5725
17
1616
4828
5586
369
2107
6218
2
3600
6526
4224
4830
789
2822
5584
7515
4133
1464
1963
3248
4837
6392
4063
115
4974
5197
6638
5448
7506
578
921
4931
4344
4658
1035
5543
2911
69
6922
3196
5518
2327
3000
1716
3736
5924
19
5021
7209
5902
7475
7258
5255
5631
962
4131
363
5627
1550
630
3376
510
6070
2529
1655
5115
7458
113
7244
5023
743
7496
4686
6362
6684
6162
6175
308
2805
2146
77
1128
716
5959
4746
6209
1372
6172
6218
5367
2548
6657
6994
1532
6522
2362
3344
4959
3959
1067
5076
762
34
15
510
6765
6018
2413
2203
1575
2302
1507
5361
887
7815
3516
1934
5408
5264
1546
5371
4707
7558
5437
4755
6219
3780
3161
1
2875
1995
6741
5839
4050
1361
5032
2426
3424
7484
3334
5164
6043
3133
5378
5605
449
2208
5310
1407
5610
3906
6524
289
4919
7838
1435
4232
355
6204
611
4374
5825
6749
6557
5097
4407
7194
5484
5482
3918
5795
5854
1775
249
6248
3745
1800
6017
384
1016
4155
2636
4303
3898
4481
6474
5664
415
6909
4116
2214
6380
5480
1217
3798
1082
476
59
27
4535
7876
551
6585
6527
2653
684
1524
6754
3413
6288
3943
846
1527
3789
3545
1988
1577
757
6499
5981
58
4833
3939
3555
6949
3574
5591
2916
2105
594
4315
1604
4213
2728
3103
7401
4451
7533
6929
1229
6246
7131
5373
2427
78
471
1147
3166
2745
4918
1678
869
4367
2101
1296
5956
41
3078
2421
2549
3766
1072
6144
1118
4536
243
7215
3750
4697
5506
1904
714
4386
7562
6472
3831
1113
5647
3922
7
2923
4163
6923
7279
4704
5113
4740
16
3953
1154
5318
5867
6016
2153
946
6373
2297
6513
1425
2472
578
5883
2038
5588
1081
4048
1768
3186
1457
5188
4374
5140
67
3759
3647
187
9
4601
2075
196
6006
5732
4904
6077
5941
24
3044
7587
5581
5
2324
7105
4848
6496
2476
2565
3887
2309
7062
6588
6054
2889
194
6826
4232
2678
1753
3735
4945
5332
293
5148
7064
83
5728
7231
4237
4142
273
3983
244
5744
140
5913
5713
4526
5628
5567
4214
2994
88
4409
5068
94
7352
1437
6427
3379
3446
7274
4388
1051
258
2874
3640
3390
327
2612
4617
1325
6573
3490
288
5380
3138
2106
1934
6287
6216
2380
5810
6987
7133
6698
2522
1675
5068
7746
1
305
4331
4010
1277
4615
2494
2824
5460
4983
765
7421
4621
2959
4829
6737
6605
6629
590
5074
2555
1671
6084
566
3066
7795
3819
2808
169
7074
6279
7625
6993
55
2140
728
3861
2166
6746
4985
1824
5634
4777
1989
6709
5685
3074
5072
1709
5006
4570
3144
3091
5914
2224
748
4616
6421
3364
6374
6875
495
2873
191
76
4201
6778
4898
878
3597
479
5390
0
1535
7644
6271
7103
1465
3319
1807
795
7656
6389
6134
5781
1714
2165
4755
4719
5828
3957
5023
1887
7553
201
3711
5135
3160
4484
4645
1615
17
580
7826
7401
7099
3616
6767
1571
4624
2042
5458
1619
6964
7029
4087
2055
4013
3041
3579
2908
6126
6213
577
3491
5942
50
5106
402
4099
7150
8
6636
1578
5649
5190
2603
173
5757
1565
5597
1127
226
1759
6805
442
3589
1751
1394
6245
3453
5249
7560
5998
609
6158
4045
476
952
5691
3992
7186
167
562
6323
973
4419
1645
0
5221
7424
5675
5495
4414
415
230
634
121
5491
5841
7281
2269
2240
10
4624
5796
115
4918
1126
4770
923
3751
254
846
3469
5518
1899
6008
2100
1889
1347
2234
4375
5448
5896
4204
6659
13
237
7179
3896
5302
7205
4741
6337
5061
5553
7322
1269
204
7142
1293
4929
7060
6722
6554
3150
3717
5403
2949
6829
6
1276
3696
456
2106
2372
2311
2235
6884
394
1936
4813
3395
5955
1016
2074
1023
120
6370
1527
3490
1930
3353
5220
3450
5
6097
921
2964
5552
577
6619
6483
5750
5925
7250
6181
3023
732
466
2442
4001
6192
1194
6078
5179
2278
1826
6931
4305
1818
955
5564
1365
285
3100
5285
5398
502
1465
3070
1295
4478
3934
2366
255
6411
4819
3476
1445
4486
1520
7064
1652
1018
236
1605
4952
1922
6155
9
2900
3291
5165
4110
1862
6992
1565
14
6740
3229
6462
7465
1345
7059
1246
7814
3938
2560
5182
7739
5835
4930
6226
5749
312
715
265
6050
5021
195
4417
6773
2807
6477
7273
4488
4228
5170
2032
185
5089
6090
133
1533
3583
726
2476
3172
7706
5810
1352
4057
725
6194
6084
1531
1073
6135
5423
7259
4392
6918
3329
3826
5876
3633
1731
7711
5862
6819
7657
2530
1373
6904
574
3223
6978
148
2800
1583
5590
1276
6008
5836
6670
6192
738
3350
2877
2263
307
1545
6918
5551
1545
4475
6511
587
453
3070
2157
6298
3112
6852
1934
71
4851
1388
3987
30
5338
6201
5600
6441
3123
2197
378
619
4444
7682
211
5018
2323
2738
193
6596
5565
7712
607
5513
7805
3227
7431
4945
2305
5255
351
2538
2458
2072
6124
5040
4544
2166
7280
234
6431
155
7
3542
7017
6665
7020
1519
5821
2053
7228
3410
1336
1760
6070
4915
5787
5581
6313
4134
6742
4357
7505
6078
2746
3229
26
5999
5065
1176
7718
6325
3641
1058
2169
1171
5329
60
6895
2852
7305
1592
661
598
5832
3628
3454
1324
5110
4045
2162
477
2608
5706
6061
372
1171
7229
5687
7542
5841
4099
6711
7134
122
295
6590
6934
3770
3244
1313
1292
544
3024
5217
3399
5294
1419
3980
167
4647
226
1605
6286
2253
7449
542
5926
418
7266
3085
5304
109
7897
298
3386
527
3226
2132
1923
568
2649
7457
444
3894
339
3921
2905
5232
4827
690
7153
7177
5099
6824
144
3474
3632
5654
3312
6308
5939
7342
5800
1265
2014
6769
1847
13
3878
2172
3452
7243
3053
3041
2320
3478
4944
661
1693
2358
1296
7606
694
5334
351
6315
4734
4616
1774
6046
4761
4598
5689
2942
5609
5629
2645
2053
2200
5112
3111
197
4096
1183
766
4146
7001
1047
4415
5576
2295
4218
5200
592
7783
4916
7087
2610
3974
2253
2428
4139
1578
6318
7077
6734
5822
4678
2632
422
5028
404
2494
6017
992
4416
6287
3381
4780
6247
4415
802
5423
3793
6035
6394
5258
315
3707
2664
7786
986
1563
546
2271
1997
1769
7110
346
1222
5032
4366
2451
6519
7079
6244
3587
4768
7180
6901
5948
1703
4611
4610
5306
5001
5773
741
7099
11
5463
2209
2655
6450
4876
5577
860
3890
6447
3721
3066
3105
1149
6424
2367
6807
7697
51
3731
7084
449
4265
77
6237
3396
7137
6673
4988
23
2759
5861
197
1056
2421
6777
7231
5298
7288
4904
4967
2531
8053
2011
42
5171
557
3469
4706
5392
7923
3328
5005
7501
3716
5489
2900
345
1684
594
4595
7467
7086
5748
2364
287
1254
5441
6597
111
2547
7719
1154
631
7675
1983
7716
4043
7620
2365
4235
3888
7046
583
3975
2647
4504
3553
3428
3714
7233
5947
1732
1850
5986
5987
325
881
7
4686
98
1516
7798
4778
5571
1030
473
6766
6347
7325
3097
6358
6340
4266
1156
1578
7180
3290
4516
2543
6235
6914
5773
4744
1123
7492
4385
1497
5855
1941
3906
5963
1748
469
6305
5784
365
362
5384
2214
5779
3449
5879
16
812
6988
836
3352
593
5169
232
4963
2875
4639
2152
1134
5726
2689
635
1952
34
6731
4560
7851
3968
5415
6155
4388
4693
4583
3972
0
122
164
6421
2259
4015
5173
6144
5527
3623
4019
6870
5429
6646
6557
977
4649
7201
822
136
17
6628
1141
4833
4706
3839
4074
1473
3927
4619
5940
6367
6465
0
303
1452
1832
4193
7318
5049
5627
5504
6578
4567
35
1495
7359
2767
1122
561
5968
6348
6857
3638
7142
708
1862
90
5018
544
3855
140
4520
6767
7461
3677
2695
267
2947
3692
5941
2562
2713
1449
138
2344
6053
6773
912
6990
406
1
7514
1908
5812
3883
5718
4870
2062
3145
7105
2852
3191
3694
4480
6827
0
5693
200
706
7178
2491
4972
5309
6511
1197
4701
5823
112
6901
6928
578
5351
2651
4600
151
66
5238
1047
6879
1472
1770
76
2024
5692
6475
977
2958
6218
1735
294
5116
7141
2405
1362
1240
5930
1751
2531
1955
6996
5233
5209
5722
7095
2666
4170
6341
1319
5910
6849
7769
3562
6802
2778
2349
4649
3967
561
5615
4057
4287
383
4412
6317
3758
3671
1147
3437
900
1967
1730
7771
3979
6940
634
4986
1609
2448
85
7691
6631
510
139
1776
3831
6206
6986
596
6569
11
10
3965
3877
4488
4790
562
5312
190
5911
5879
2575
7305
572
5223
982
2644
7979
5013
0
5399
0
345
3795
2779
5032
7689
2114
5393
57
2280
5314
4105
6578
146
1507
3838
318
143
1959
355
6052
71
3762
3328
6316
7716
38
1598
6044
5414
3490
638
7294
3652
5996
6869
1303
1508
106
3299
2179
4703
425
3943
4100
3774
7193
5707
7107
5737
4254
7348
6993
3977
7474
5828
1472
2221
2370
6979
7416
1713
1984
2255
1166
4847
834
2132
1540
2249
5406
3832
2292
1184
0
6181
3275
7269
5799
4758
4060
1327
7685
2015
3555
7337
7557
1022
6764
6893
6058
6885
6463
2931
89
481
6793
4740
4743
7216
1407
1231
4427
1773
6604
5727
4909
2619
2980
5702
3513
1352
4497
5240
2394
7526
5545
1776
3138
7215
1166
5057
6103
2205
4348
194
6690
16
2015
1821
259
214
6614
6767
5721
4730
4347
95
2922
5882
1537
834
7398
492
6241
6762
6002
7631
1211
550
2320
23
1168
4426
5314
5851
3952
841
3563
6886
3767
6627
6469
7424
129
4424
4453
6360
7246
3246
7348
4292
6686
7532
252
5748
6335
7790
3035
104
4191
6301
4780
4874
398
695
3253
6231
5131
7119
2036
1243
785
6757
2159
2757
2488
5599
5119
1208
3703
6915
5023
3485
2440
4963
5125
5647
2176
3660
7556
2623
7797
3968
6320
5261
2743
4555
7355
956
5351
7061
4427
6352
1094
3453
7982
5726
6062
1857
7896
6055
5695
889
2394
224
728
6058
4195
7495
6015
620
3228
4033
6336
7105
6798
2747
6509
1460
130
632
3629
4428
99
0
4655
2457
359
1162
7742
7080
99
7235
5163
7543
6601
4238
1539
3349
4838
3975
6812
1291
804
6601
874
5648
2901
3717
3319
4156
5239
7096
2933
6384
7158
4672
6081
5614
6299
6760
496
6339
4
995
3391
1730
0
1263
1618
2394
4332
1027
1615
267
1014
6806
3946
3765
6737
1776
2179
2937
2257
2711
3000
648
1672
5783
6570
5383
2052
2474
5871
5202
4701
61
3983
6553
1613
7515
5323
2877
6660
4340
5566
3216
5467
3295
3104
278
6
2932
4663
4263
3279
2714
439
2843
1588
4854
5964
689
5751
6160
5334
1155
3875
6278
5320
1651
7463
6402
3560
94
2740
6091
6122
1280
6879
3819
2928
5670
3834
1196
1066
7051
5395
2581
3546
4071
6069
1693
3573
4778
2156
4042
5540
6572
5510
4074
4183
4620
5386
4649
971
332
4600
886
10
7376
986
2902
4062
3276
6153
5960
3413
5717
304
6796
5283
1912
6231
4833
4919
6504
2796
3663
2164
2471
2471
4876
1376
6979
5469
6441
5431
6267
6838
6023
7473
4469
7268
6985
1058
523
4164
2324
1
7203
5934
4262
5267
3283
7352
1527
6556
4605
3763
1169
1977
977
1341
7803
6319
5018
1386
2985
1299
3847
315
6422
1695
6499
5738
1061
7265
4889
1747
3570
1913
866
560
309
3427
3287
1180
4407
2248
4063
1741
5727
187
346
4111
3823
854
6684
1536
6313
2141
3940
6522
2909
5183
324
990
5486
5518
4494
233
7348
6145
5551
6261
1751
7466
463
238
4364
5256
4647
1582
1689
5490
5741
6556
1286
7393
4675
6473
2777
893
7596
2571
3121
0
277
4265
7446
350
3304
3078
132
4569
4912
515
4383
6746
2506
2435
3324
632
4641
2927
5195
5927
6407
3946
5290
6144
5301
171
2545
5
2228
4011
5113
3292
2950
6733
95
7104
6959
6672
2605
1710
5106
5070
3115
317
4085
555
6810
3578
505
201
7814
4439
5576
6924
2041
7303
3401
3751
2302
6848
4655
3785
7498
4167
2931
4594
1335
107
4783
5602
3438
2886
823
162
2096
1870
2562
6338
2722
4907
3003
270
3748
2273
7579
7997
6632
6062
3222
7958
165
7395
3671
3225
7057
1807
35
3007
3278
6141
3774
5429
4188
7311
4281
8
5737
6270
134
7419
6160
2318
1754
865
5255
1319
5483
150
6443
5930
5159
5775
5311
2784
3838
6916
184
2670
4404
5864
3236
4311
6564
5086
3171
7208
1832
3267
9
3305
6526
1477
4552
1700
2091
2497
7292
2304
7016
6301
4713
6339
3938
6
2322
7122
1725
388
3976
6962
6982
6970
640
654
3032
439
5541
725
6836
5948
4765
6606
1509
925
3925
7533
6347
55
1869
3384
4705
165
6562
2856
3148
6268
7619
2846
5939
6948
2
4095
1163
3211
639
6066
2657
8
1330
1404
2501
3016
300
6206
4296
179
4175
1891
1127
7543
5647
1347
5044
2647
1015
3901
1820
427
5184
5285
2079
404
3758
2720
2276
6245
1487
5759
3457
2541
5196
7002
7682
4012
6
7830
1911
3211
582
7889
7343
4730
1815
16
3936
3355
1144
2103
4643
6860
303
896
3225
2556
721
5484
2866
1000
809
1959
6569
5879
4734
80
55
3879
3556
7687
5773
6664
587
2294
341
4613
7813
3211
328
1234
5417
6850
4011
6050
1
2138
1322
7534
4464
4113
4450
6733
4967
3479
946
5694
11
6518
3530
3762
6091
4824
6179
2157
4273
2139
4033
2166
1757
5236
6680
69
6714
2511
7475
5464
6643
1569
6305
0
835
5926
1409
683
1484
6029
3061
4559
5680
3353
21
2007
2061
1204
6867
657
3829
2612
7129
1861
5840
5669
6109
4378
259
4283
433
5458
6630
5217
5098
5160
5622
2558
5508
3174
5063
2751
2406
6177
3655
3840
5693
5579
1
5432
246
6
1580
2629
3833
7105
1801
4786
529
3692
247
5964
6344
1555
6016
6389
3617
4750
5621
1994
1855
5057
5266
1633
1939
596
401
5140
4210
5930
2165
7032
41
485
5061
4238
2584
39
7904
6161
35
1837
2428
989
6192
3289
1197
22
5444
1938
1554
5281
4646
68
6743
327
2772
6308
127
4680
3744
2919
3100
2898
3721
6360
2222
6085
3027
1438
4477
4709
6183
5219
602
1883
536
5720
6215
2557
2271
5066
6448
5130
1786
179
4248
6405
3339
651
243
3219
6357
6892
1853
4864
6629
5659
4266
5937
6610
277
4542
6009
7328
633
7978
6046
6248
298
2787
3174
6997
361
1927
7088
4436
2308
467
1393
3167
775
2824
1856
131
601
5170
5316
4468
40
2265
4831
1653
180
341
6261
4857
6108
6035
3874
7542
6231
4738
7423
4186
2250
1271
46
4532
5225
5751
5922
3438
5164
2914
5344
2560
888
6988
5031
2921
7285
7344
3749
4657
355
6058
3339
1308
2230
7111
781
1714
5094
729
5388
162
5643
2929
7303
6686
6321
3103
2195
4456
2023
38
3859
6358
5142
1355
5117
3692
914
2647
7895
7281
5528
5495
6782
7454
4842
4451
7605
1164
6553
2692
4311
5571
1283
3424
6307
6333
11
7626
1156
7101
2211
5930
6423
5777
2815
2046
1898
20
7575
4218
5815
7530
4524
4883
2035
6122
4499
5815
5830
836
13
2506
1730
6942
6808
2447
2142
6923
1852
4764
1146
2134
5773
164
4891
7091
1297
7350
5407
6655
780
6797
4420
5875
5902
5271
16
345
5222
6909
6358
7156
6023
231
6962
4417
5276
6411
7616
4438
5779
7763
79
2700
130
7550
909
1262
5021
2557
3288
6398
3609
4166
7579
3107
3518
3561
5778
5869
1156
1870
3842
4107
4280
1468
6199
5444
7202
6921
5309
542
5352
6836
4318
0
1416
753
1191
7079
6895
362
3996
557
6566
2600
4629
5110
350
7820
6784
2516
1
4571
3630
1697
555
4314
5072
3777
6315
722
786
6117
3572
6938
1407
5960
5859
5731
2739
5729
2577
2589
3119
6329
6790
4829
4783
4860
2123
827
3877
7369
781
3756
6191
6043
2874
5703
613
130
2669
7356
949
6824
1821
654
2237
4465
7550
3861
1942
2064
4263
6397
568
2962
5329
3782
6504
4257
6366
5242
7469
2263
6444
6030
5043
5080
5915
6875
7125
5046
6855
3989
6209
3151
6583
7286
4891
458
7190
2849
4901
4081
676
4743
705
4502
7088
6599
5394
5870
1102
3679
3254
1416
295
7308
4026
4691
1626
3340
1580
6938
5056
2811
4326
6477
4202
3606
5958
908
5374
1567
290
6810
150
3
1398
4427
5278
7381
1367
6859
6189
7252
2526
1440
2423
6858
4657
2062
546
6621
5278
1473
2627
5828
7470
369
3366
5473
7848
6004
1346
6092
3960
156
3795
531
774
3178
946
2833
1029
6664
550
3700
5486
1880
1450
2955
5576
685
7601
6421
1920
1439
2461
6346
3906
1290
982
5256
365
1536
7471
856
2245
3714
6687
1851
1942
1240
297
1115
1590
6785
5642
237
4903
7585
1418
2486
4960
42
4246
4542
631
7859
5565
1131
5456
3536
6682
4778
1544
4079
1558
3360
6464
1108
4849
383
6460
3455
6788
8009
3148
4120
1780
4162
6230
3805
7490
429
91
1617
4309
1191
6980
426
3959
3659
418
4631
727
6867
6396
2075
4974
4897
1036
6357
1256
6302
4056
6126
1192
4501
3847
4462
3909
6808
2860
1856
452
6061
6697
4
4507
5312
3543
511
7164
7207
3847
6044
6348
35
6901
4959
183
2143
5009
3007
5262
4110
1893
4746
2269
5355
5982
2238
5471
6053
6504
3776
6006
626
296
17
121
6428
3118
5844
6838
31
2503
5736
1322
2169
3553
1431
3461
3494
6668
409
1045
5198
3843
1630
3687
503
7314
5704
2802
5636
3754
3791
5313
1984
2500
4051
5802
2159
6402
5846
5651
6725
1158
1112
6016
3255
1563
1719
4361
793
1484
6554
4267
2941
5024
1007
7845
3322
2664
5185
37
162
6835
951
1846
2045
6816
3646
2034
6606
639
1587
3866
55
508
6900
6254
4838
561
5156
2697
6698
137
5183
1589
1260
7653
3273
1577
5757
853
3973
4038
3787
6103
2507
7007
901
6575
6030
6644
2844
5
44
3196
3154
185
6007
763
5424
1273
4940
3298
4766
5300
3449
653
875
4534
237
7069
2661
5770
4682
3413
5267
7555
5970
7117
1895
6030
4566
4101
0
1636
3395
453
5180
5043
4351
6655
3393
315
4940
3109
156
1018
5290
5505
7807
5827
5688
311
5442
4657
130
7167
4174
3263
2475
3999
1183
6433
3000
6659
7605
2600
3208
5169
5407
616
3171
2654
4919
6223
2991
1575
3197
946
4386
1344
4472
6224
1279
7192
6987
6564
497
7975
2341
5591
665
5572
150
3216
4594
5072
5154
1622
6759
6170
3
2007
2713
3202
2542
1419
6607
1218
6597
4813
6133
1255
3436
3720
5675
5575
958
449
5290
4
3296
5390
2546
4588
1997
3344
956
4663
4
653
1274
4471
293
4574
1546
6865
5087
85
3478
1267
2110
5179
4721
751
4271
2263
6031
5036
6584
7727
353
5931
2836
1581
965
1059
3630
5962
5835
4996
3258
826
4280
5725
3994
88
4973
5
3423
3995
912
361
72
3084
17
2269
6988
5392
7679
2663
3655
7251
2562
406
996
5122
5738
730
37
4849
1009
25
3737
0
3850
3651
6280
1195
1034
3330
3290
6421
186
3794
5241
1649
60
3486
260
33
2619
3673
1586
2558
3411
5010
67
2610
4577
3849
2541
5979
7526
3083
7335
6713
7842
3399
7675
1695
2969
7842
423
2991
6896
5502
2655
4170
4957
111
7454
4763
6172
7423
6633
5588
1141
7828
48
4910
2868
7848
5170
4631
257
6490
2903
2002
1245
4293
5137
1145
5666
6619
4061
5648
7126
2190
5035
3105
4411
6650
829
3269
3435
7864
834
6997
5648
5722
7786
4057
4941
1676
5107
6112
336
2811
4919
885
6012
2441
6454
3558
1074
126
238
4433
3619
4980
7354
1263
3151
5806
5535
4253
1877
6114
29
1627
5425
5900
2919
481
1489
535
693
2479
6573
5978
408
3645
271
5040
1454
6653
7070
5469
7654
5361
1605
7663
2412
7691
5086
6558
1666
2718
6064
6331
1376
2542
3966
6492
2344
3675
3026
1941
519
7800
5199
1576
2692
5712
5930
7386
1024
1546
2355
7536
1448
6528
6645
1697
3415
1117
5454
3005
6124
1737
653
6403
2328
5918
105
5557
2606
3960
5287
5529
919
3135
1848
6053
730
4853
96
6597
56
7027
6383
758
4829
719
5256
2630
5397
4247
5344
6158
2593
4323
6759
530
4360
4487
3382
2199
7390
6518
3127
4728
4795
2483
5943
2129
2464
6653
4614
2798
1489
6124
5310
3757
2426
7178
4985
1928
5979
2778
1085
103
4621
1145
5661
925
3136
4634
1942
2686
3328
2516
113
6891
2383
3397
3416
6
2533
5423
5754
347
199
4787
4062
6471
1019
6912
101
5689
4175
2723
1605
4077
5725
3801
1016
6572
6061
14
130
4860
4457
2160
5916
2610
1429
1882
7324
4827
2395
4893
1958
5063
6559
4011
4766
495
1125
446
5020
514
6549
222
247
6965
4653
6257
6322
723
1377
4950
5564
5369
3675
1818
3441
6650
7216
3654
2635
5439
6619
5855
2924
2047
5627
2627
2641
4
2827
0
4376
7416
1212
1420
4643
631
4962
2007
340
3735
3128
4001
3107
2598
4537
77
200
143
5274
3139
6739
7383
4773
7791
3641
1311
822
3438
5838
1455
4166
7016
1180
1614
7275
6657
7309
5468
640
6353
1241
6766
6093
5663
2174
5410
7737
5999
1217
7496
5867
7144
7386
2730
1506
4983
4125
1077
2082
2089
1292
455
6336
922
6765
3276
2845
7528
6975
3973
5488
6258
0
5627
4422
5270
4184
7078
6102
5201
6751
4236
4329
1871
7402
6781
5845
2917
4613
329
1451
3434
6996
5451
99
2880
10
7015
2049
2753
1022
7299
6696
1511
15
4766
117
1612
5351
7975
1735
4685
3312
4178
6162
6748
188
848
5682
4500
6416
420
5175
2580
2623
410
6589
695
3640
6771
214
3505
7755
2929
6001
6199
1973
7048
185
569
5036
3229
30
114
3937
1582
1049
5102
190
7751
340
5297
7466
804
6087
204
705
2
7310
45
5675
5502
3539
2477
4582
6859
15
6833
7213
4054
3882
7193
6517
7620
754
337
2136
7145
2757
5743
3363
6055
1173
755
3304
529
4833
3188
4229
4184
1778
5919
5041
2079
3491
6775
1521
5980
1114
3069
2696
7758
6146
4077
4363
6660
3389
2485
4186
3776
6631
4050
5144
3735
7068
6870
1230
1427
7029
7765
6737
4671
6472
5480
2631
5
5319
652
4640
50
5691
6538
4900
5640
4998
2155
3436
171
5412
6031
292
1545
3516
3859
1456
626
6266
651
6832
805
6614
1214
6254
3499
6523
2743
4760
1103
10
7988
355
3657
1635
3270
1204
6146
7804
966
7703
6753
1256
5244
4132
5760
1533
5732
2471
1713
2539
223
1551
4960
4390
129
6403
1174
2057
2469
4720
5833
5555
5164
7086
7700
1581
2916
3525
540
2
5115
998
5718
1127
5610
3922
1658
5695
3378
2628
896
6010
1377
4033
115
5964
185
905
7615
4930
4363
4344
871
4137
4524
4932
1051
3859
4204
1045
2167
444
3034
3678
6821
787
2645
4630
4563
4800
2831
4897
3095
3592
3275
5771
4650
2651
3880
4894
170
7763
1025
256
149
6936
826
5486
6900
5662
5415
440
7310
544
21
5846
5204
5902
5091
5521
6538
5064
7157
4749
4600
362
4341
7089
2109
4242
5266
7393
2261
1167
7554
1112
6977
3653
2813
4146
6266
7563
3668
7139
7439
7840
5638
879
193
4187
1989
5982
3805
4886
3960
4285
2680
4383
4533
6615
1926
4279
2755
4679
1539
661
317
2168
3966
24
602
7375
6542
4145
6964
1869
2905
7588
407
4672
1788
4584
7298
6239
1997
7727
7033
5972
5646
6985
2725
3570
6117
7136
4795
4439
3015
1163
6123
4170
650
6403
5587
723
565
4103
7016
5233
5100
3971
6643
6561
3735
5713
1906
2235
1792
1280
17
3795
15
4200
3744
735
6467
7500
4994
1471
5906
4939
6540
5380
894
5097
1929
4797
3433
5494
4719
7722
7093
2786
4388
3379
7071
2145
4944
4459
1936
6301
6002
435
2218
3323
2310
5977
3753
5013
6316
4773
3852
4979
4816
5116
6487
5872
1917
5536
4591
19
3465
5893
3838
2778
4013
1309
6021
4110
1914
2140
2143
962
4881
2220
2599
3311
4156
4547
6670
5352
2522
7116
1850
65
7744
5983
2701
3650
658
2428
4061
105
1374
2352
6799
1849
6835
2334
7759
841
6954
6096
872
1987
6649
1775
2590
6571
4326
4533
3443
2420
4908
7477
2587
7607
379
7651
4742
6434
6546
80
398
551
6241
117
1490
6464
5437
3686
6716
5951
2195
2197
6833
1212
3789
3191
3098
6874
6919
1412
3531
2521
555
4509
1394
7312
4183
5971
723
6690
1999
5614
505
164
3405
895
971
4600
3291
5442
6920
5359
423
20
4950
5939
3672
7526
5285
29
3378
554
4624
7482
2660
4031
1645
232
4557
3275
5641
5503
7526
6166
4235
1551
3538
5808
2219
5921
1158
4625
4789
3938
3810
3063
7812
5619
2441
2250
5912
579
1317
4197
6170
2000
3669
636
5322
4215
4298
3357
4162
5560
0
6309
5299
1325
5147
6332
6949
5001
4683
6422
7821
6978
40
5062
2156
6350
6581
3526
6793
7330
670
6156
935
3778
7742
4013
6450
3877
1874
5582
760
7218
1825
857
2481
4184
68
4338
89
4269
2655
2695
84
5550
5951
1137
880
634
6570
3528
2243
2349
763
2977
1116
5775
4058
931
135
3300
4820
3634
6719
39
3352
6793
1038
1757
499
5199
5133
4389
2603
4941
249
5448
2369
3785
1446
6341
6834
21
6625
6659
3563
682
3648
221
4240
1317
4319
498
3019
5322
4476
2122
3046
4854
6146
1161
9
5570
7434
3344
2809
3629
4116
4179
1903
7285
2831
325
82
5117
4771
5311
6750
5364
4620
69
5890
6040
2752
2727
4669
3984
3645
3265
7689
7138
1340
1723
6841
6690
5270
2861
35
104
38
52
4826
2
119
1418
6596
7551
1454
32
1020
8034
2552
2633
5202
1127
5411
897
515
7071
2307
6545
3645
4981
0
4970
1
4313
6365
6059
6222
5750
5224
1332
1167
6042
4193
4459
5511
4342
3129
2666
870
5657
7583
4645
3434
205
3064
4584
499
4625
2107
1471
2690
3564
4423
1227
5431
7063
2590
4650
2728
1842
7075
6158
309
7220
2879
5511
881
5064
1864
640
2275
7274
6153
5023
319
0
5057
7136
3626
1988
5804
715
3047
1610
110
1120
4953
5258
464
2948
1855
86
1362
35
8016
4861
5
5819
5547
2386
1288
1437
4054
4853
2549
5956
4609
3643
2940
1853
5200
252
7158
909
48
7400
5609
2316
5047
4249
6300
6210
1693
6500
5502
342
789
5197
3542
7396
3705
1715
2257
3287
136
47
142
6431
5708
240
1902
7105
5810
5671
1437
6414
143
6977
638
4880
182
7283
1213
5617
6165
5430
6568
72
2968
3182
236
1293
7463
5318
1
6537
5393
3021
3512
3840
227
4798
4591
5028
1723
5684
237
5883
4775
7725
381
451
6218
5524
63
4477
4037
5678
2924
1272
534
3150
158
1024
778
2595
2169
7042
2723
6255
4731
6779
2399
683
5874
99
235
6481
2212
1020
0
6906
2744
3395
7160
4501
6046
5346
306
1583
6327
1655
57
1123
3609
4030
4920
34
5512
5222
4131
4003
2278
7290
50
153
1
86
4094
1758
2157
3157
6284
6731
994
7902
2175
5069
16
4933
1780
7956
5762
5444
6071
3329
7278
2264
3849
2965
7437
3214
91
5290
4379
5431
5696
3029
5630
2027
1221
3294
6237
7088
3786
5125
1574
6459
6411
4044
4578
4886
2896
1428
4179
2488
5933
2808
6978
4450
75
0
4381
5331
5852
1
6273
6968
1682
14
706
706
5630
6306
2051
5503
5760
5397
3664
2346
30
3563
3371
6642
6591
4760
7845
3364
4998
6105
0
4981
6369
5936
46
18
3585
7589
3428
650
5204
6882
107
2074
5756
695
5346
2249
170
2970
3240
2857
5820
5338
998
2124
5719
20
6740
906
6683
3991
2393
45
5042
3809
634
6449
576
100
2523
3225
926
1077
181
2995
2579
196
4683
4014
7068
280
6694
3024
2697
7407
2149
7386
2797
4453
4300
250
149
2364
2766
318
6422
6693
4762
4781
2676
86
891
531
6657
4378
6104
4198
1953
5366
1727
661
3936
2465
6043
3825
10
3839
109
4701
7389
7408
7406
3237
5441
331
2930
4969
3162
5292
8015
5142
5336
41
6780
3622
6413
6496
3438
5272
5334
964
221
4614
4
4421
309
1007
1026
5078
3482
783
5098
746
990
2546
0
5409
4636
5120
4110
1546
5147
4072
967
5192
878
1464
1250
4065
6720
3046
6235
1018
164
6321
2117
4141
839
1898
6432
4001
6178
6077
1505
1299
6401
2202
1788
532
2814
2977
3719
1502
7059
6012
2328
5867
626
6535
7195
833
564
522
22
4037
3047
33
6166
4117
6283
223
4485
2409
5220
4439
4659
221
6753
5846
3621
1373
5699
1106
6718
17
144
4799
4040
1897
109
477
5169
5841
5811
6393
1796
3598
6257
3049
7756
1363
6137
3216
5720
1903
7086
1700
1607
2906
3081
6330
5466
470
74
6855
1599
3485
7316
6681
7517
2764
2921
4249
817
3823
5433
6548
7257
6664
5554
3419
3974
7283
1542
4171
4007
7363
6222
4231
4932
1036
1337
4002
7073
7591
6075
6392
2627
5255
38
6900
6384
2333
6718
4639
2691
787
5757
1983
2689
1906
16
124
7509
1303
3982
575
70
4421
80
5857
28
2952
491
1937
2595
3789
1392
3729
7186
3358
6069
6539
1709
4335
5709
3228
4447
6209
2585
3686
4290
6775
7142
594
5880
1780
6970
7052
295
5542
3598
1104
3711
6983
6476
7205
6309
1295
2874
4850
1881
3109
1600
5254
3418
1442
6969
445
1575
1550
3956
1102
2211
40
3877
2962
6282
5923
6703
1534
1325
6124
2844
5255
6322
1718
6141
2406
3700
2864
5003
5487
6561
37
5384
1422
2880
2558
3584
1400
5300
0
5212
7537
4640
2634
6549
597
2449
6189
6651
6217
7570
6936
510
4776
3585
5860
3111
5086
7837
6089
2971
4072
4835
7262
4418
832
4503
330
1233
587
887
1406
2496
6133
6558
97
537
4084
2121
2476
3378
6787
2117
6988
3920
7023
6875
1182
6015
377
7220
3185
2736
7246
6170
4
843
5940
6789
6239
4284
5617
6234
656
268
0
46
4096
6573
5172
5475
4346
2429
1842
6513
1857
1445
1485
6849
6929
6428
6885
1324
2685
6458
2504
3286
7406
5689
7125
5260
1140
1087
3653
2151
263
6117
652
6747
5931
3343
230
5045
4868
4393
639
5936
3824
3949
7810
4182
4701
6447
4438
3998
5668
614
240
850
6903
290
2194
7313
6011
3543
6515
473
7527
598
6049
5284
573
7732
594
782
4677
26
6463
4570
4706
6607
5735
134
1722
2085
5554
644
7159
6215
811
6755
6685
1281
5224
4803
4405
308
7539
6692
2
7154
930
3780
2978
4909
6404
1466
2984
7415
2528
6059
3900
5790
5546
7247
1158
1571
2513
1259
434
1216
6272
4591
980
41
7657
6146
5328
204
6420
218
5563
3839
6111
730
4485
2306
4293
5879
7
5084
2710
5206
4488
5548
1892
7130
2729
7050
3243
5158
1963
3558
4475
7287
4791
2408
920
951
1181
32
6092
327
5577
820
3800
3746
5171
6505
3355
294
3975
5100
4696
6541
5957
7397
6582
5783
1426
5056
1451
7878
1315
5429
6857
5983
4287
7686
2251
3469
4237
5069
2799
4731
1273
1719
5539
1976
7305
276
1009
1404
4779
4533
3095
5355
2842
7193
5381
160
2266
1570
4394
6956
2052
5440
828
3015
3120
621
5652
6918
4113
1046
7257
82
2823
6363
6720
3172
6494
6624
919
1793
4023
4605
5153
901
7367
6139
5234
5826
5222
4668
6598
2038
7295
8
1230
4277
1047
2915
6769
4081
6048
688
3636
7459
3960
5048
1574
5963
2824
7766
1365
7004
604
315
6714
3806
5950
3752
5854
86
5043
171
1528
3442
6816
542
7950
5384
1956
965
7121
3994
2776
2013
271
3586
6870
5
6106
2168
5699
7237
6594
24
6685
1225
4232
3840
513
5329
6813
2578
1390
5487
5609
288
2973
1228
6280
6651
6330
711
630
4995
4
4728
3830
19
3977
5742
4223
4116
4238
7272
1688
7345
775
5054
5849
2730
2616
3890
1427
5074
616
3184
5777
5292
4383
4
3467
3771
251
3124
1864
4479
5991
4375
5390
106
863
6291
1295
1242
964
633
2622
4132
7007
4834
2067
1211
5969
6216
595
7102
3177
4341
311
5288
4029
116
747
5183
247
791
2774
5266
5088
6667
3289
6362
4956
4396
2500
5212
1427
6435
1765
3322
2178
1586
3184
7809
333
6775
5332
7482
1954
1129
6611
4727
703
6026
5253
0
5450
5114
33
1513
3404
4
5977
5554
4795
6830
7680
5439
5206
1893
25
5841
4135
35
4147
4881
1270
509
2984
450
5342
1312
5054
4426
2181
1996
912
1819
5098
900
5839
4536
3681
4454
5707
309
1420
3375
1481
1360
1480
2273
2354
550
2016
130
699
1400
6179
6661
4980
3745
7320
4667
1807
4088
0
5954
2196
1148
5657
6011
2705
5880
4223
5870
1444
6376
6528
22
1056
6105
5011
5012
94
617
1439
2554
2832
5594
4676
4801
1752
5057
3253
807
2905
2915
1623
1136
2
5152
7409
2748
2792
4329
2800
248
933
1033
5679
4919
7795
4940
3421
6374
1193
1676
7297
7111
6877
5143
5098
7830
1189
4582
864
2008
7385
6842
6295
5874
6019
381
2696
3412
3915
29
2825
7189
2847
6180
2213
2578
5452
4161
4422
7208
851
6409
1168
4357
1452
1748
3848
2478
1296
1702
6681
6815
6231
1507
4880
2878
4086
1835
447
7107
1368
1193
2101
4353
3688
3726
5529
1605
4160
3594
6254
5174
2280
6506
5433
2278
4911
4982
7478
4705
2293
6462
7749
3473
2569
4708
2595
4165
5806
3352
570
4305
2438
6181
2641
5600
2767
5579
6425
3676
5869
7168
4839
368
1698
3541
1814
4365
7511
3704
4641
1488
480
5312
1071
3394
7719
789
986
656
6750
2209
3248
6403
7712
4651
2980
394
1644
4785
3146
6984
134
7998
1233
3816
6672
5687
2704
4435
6499
6136
2621
6114
3442
5423
4705
7684
5903
2036
1363
7162
6203
5368
984
3181
718
7377
3895
4695
6846
1324
5971
1080
4135
3873
1244
4088
6748
4383
4839
7816
6037
2789
7335
3820
1911
3682
1550
103
5295
2693
3168
77
1569
7344
1103
2508
300
5777
4555
6177
5156
4129
399
3301
148
5182
658
4131
5357
5019
7080
6420
2022
4091
3588
6602
7095
6885
5966
3130
4679
970
2542
1037
6151
4395
5052
4758
4985
2619
5663
1174
6369
5563
5432
5880
6067
1266
766
3461
4546
2766
6285
4463
4358
2331
5697
5416
3784
6703
2819
2340
2527
5240
4668
2951
2519
646
5205
5982
1917
3692
6414
7411
5131
1455
2629
3780
144
5550
4155
78
4317
2537
5397
5733
4562
767
6982
4756
2411
5855
6093
4035
3286
497
3981
2382
3528
1428
1801
18
5443
659
5
3866
1350
5579
4561
7487
3887
4817
6555
5266
2611
176
2102
1364
113
5176
1378
4392
6039
1096
5300
7041
1295
555
2252
4701
5851
6238
5034
4572
2865
481
648
3154
4591
1712
252
10
7190
5403
4797
5828
1104
2737
5465
5993
4985
7196
1374
5102
6846
3646
2934
588
6129
790
6463
4322
6817
1146
1120
722
6687
1614
1709
755
1786
5081
84
4360
6837
4353
2997
57
2276
3278
5212
1335
2622
7034
305
6347
5037
4881
3276
6123
5343
6622
6657
7022
561
6074
7224
5223
5563
4759
6082
7640
102
1532
6008
369
6307
462
120
5786
4834
6509
7246
3101
5997
776
5328
192
3524
2382
2624
3547
1026
7738
55
2250
5074
5523
6543
1
7696
8
7499
20
3797
10
6771
2409
722
5178
3935
6094
2749
7564
6840
4068
5349
3777
6783
4805
1821
2401
4285
3126
3077
513
503
1270
261
666
5626
5831
3662
7373
6310
6689
344
2143
5643
8028
4066
6223
1762
4534
7172
4933
474
6979
3413
1923
6791
1658
4891
3512
213
5884
3951
7048
4213
7262
5918
6282
6280
2904
143
5638
7873
167
3705
1622
6360
2009
5667
5314
3116
2075
2308
5857
4373
4239
297
6522
3716
2668
5947
4836
6408
8
31
7485
1383
4751
1008
1967
720
1088
3058
6604
2198
724
4703
2982
6744
5639
21
5334
6311
6516
5933
1881
5540
3585
6208
3391
5265
7135
1522
4116
213
2837
2149
1833
2795
6149
3483
5147
6
6947
2398
27
6682
2845
6068
5048
3903
6110
6852
1264
7861
2451
7063
316
107
2006
2
4915
6381
1314
1517
324
6518
143
6078
157
6320
6501
7610
1743
4179
2603
6810
3425
6908
2963
5652
4255
7569
157
3746
5227
391
6538
4289
1613
389
370
205
1717
6751
6903
5111
6567
1159
259
353
1022
2280
6990
2643
1526
689
2119
4978
5922
808
4029
3328
2292
3223
2298
7710
12
2282
6116
2099
3485
1112
24
4517
5937
1679
4675
1289
5526
3
4921
6228
2740
2913
1615
4360
4460
1462
2350
3194
1863
6484
7041
7261
4080
25
6252
6927
529
4954
1934
6786
2937
586
6977
2695
34
376
3773
1307
3380
1272
253
4771
476
4378
769
5576
6000
4855
6513
3350
156
3638
5369
1525
6776
4734
1332
6050
6703
4623
3556
2962
6575
3301
7240
1872
13
6754
5019
4491
3956
5486
3391
3403
3123
7892
6450
5425
1775
3122
1885
5752
931
1709
2012
410
7805
5938
4226
147
5240
2662
3097
2297
7154
3254
898
1463
4962
7087
1959
187
2946
3548
2275
4784
35
107
3899
6218
1283
4919
6842
223
5963
6919
1893
6252
5683
3466
3537
6646
107
4928
3017
2198
5540
1391
5284
7165
7700
7723
354
118
445
6364
916
5656
6747
3430
1032
2625
4991
1374
4966
2143
3155
7747
2598
7365
4237
5290
7031
3754
3077
1639
3724
6299
484
3800
1652
6032
7069
5135
7036
7832
115
7218
6407
7471
3137
2426
4619
6019
1905
5123
3104
2160
6634
7792
1776
7593
1287
7155
1808
5454
849
1230
6490
754
3853
1280
4470
6006
3882
82
26
6792
5450
4911
3708
1999
4120
5569
4032
4100
4415
6806
5866
3035
2304
4258
3669
457
272
6288
4010
5659
5411
1395
5860
5026
3262
48
4586
6680
1079
6268
327
4627
6691
7795
4471
3775
669
6241
7812
7152
182
3935
6792
2344
6729
4032
7216
1511
5743
3044
24
2468
6086
7011
4746
438
4445
2431
4717
4751
2909
5527
6375
5241
8075
5078
7628
3722
5462
3511
2820
0
82
3908
2091
5724
4950
6566
3009
8071
1707
155
543
5610
2421
214
569
905
2617
4752
387
7252
1424
6353
5541
6052
3697
3706
1865
1672
6375
3031
335
1663
1467
3753
5200
511
4878
6273
1479
2743
7820
1387
233
3437
5233
4928
6458
6583
2692
7120
6372
5567
7486
6070
7537
6403
5024
6506
3552
6151
1234
6045
6075
5122
5583
1775
1009
5154
5538
1719
208
0
4227
5977
7480
3272
1966
6896
3280
6561
7715
4542
429
1542
4782
4326
6679
4587
5752
3563
6771
6032
6121
3355
5025
232
2465
6510
2078
679
6957
6614
7162
3319
5866
4362
5714
4450
2266
4193
4709
2230
5930
5450
2612
4845
491
3141
1403
796
4617
6901
2874
6173
2365
8094
14
6294
2243
5878
4933
5812
1877
6894
2680
2770
6102
5446
2250
734
1835
3197
4604
7554
2571
5603
4675
531
2931
1690
6258
5477
102
4328
17
7327
5715
2720
1
2746
5922
2024
6986
5270
410
5837
712
2271
4762
6678
7350
4836
510
2571
1371
7670
3961
1851
4669
5914
6363
67
7822
5539
925
110
1102
6658
2798
7228
2636
6286
1447
990
215
7282
6046
12
822
14
7384
969
6926
7060
3927
5059
7451
4426
5150
5343
1814
7538
6407
2451
4177
2048
573
1063
7379
3127
694
4768
478
1280
3134
1191
2081
1496
1002
4525
2
7167
6469
5754
6475
6507
3464
5333
7747
3628
3642
1881
2492
1392
140
3010
5212
5129
2236
5822
3726
6253
7613
4739
3601
4810
5935
4393
5391
2013
488
4720
6038
2803
6017
2627
6027
6932
5457
906
593
3007
878
4787
7275
7469
7284
3044
5830
5447
1204
76
4742
3458
4116
4654
5474
5997
1409
1366
3978
1713
208
1999
7792
6782
6652
6452
7301
6819
2637
22
6668
7342
5875
5999
4937
3441
3926
6580
4757
4594
1123
6992
4861
2206
6266
4569
5871
7479
2146
1108
21
2806
5285
7288
4623
3625
3044
6530
969
2844
1624
6061
5185
1483
5775
137
7058
2102
1371
1903
5333
7717
3058
2001
519
1110
3009
5332
7266
5548
5012
4979
1
3128
1414
7640
328
89
5215
7127
2789
957
7343
3319
278
5457
451
3824
7151
7
6670
7046
4907
0
7861
3655
6830
4332
2047
3475
4625
3489
2778
862
1569
3744
2072
5879
576
4483
3464
6268
5673
1692
5060
366
1852
1209
5986
1659
599
6928
5645
720
7494
7151
4540
1734
895
449
1059
1036
1856
6558
1011
7383
3
5727
6577
6318
6995
3992
7073
137
2164
5842
4841
686
2013
6214
3864
7143
4390
1944
1455
6266
7137
4375
1335
1751
514
20
3239
483
5813
34
6127
3327
4414
2458
354
1
7043
1617
4292
6633
6486
7912
5693
1812
4296
7716
7665
2340
3725
2207
5721
2955
1886
6716
7230
6741
3398
791
6451
4275
1153
5512
359
0
4648
3471
6877
8003
1697
2446
6695
6859
3157
4429
2635
36
5203
281
1608
121
6583
6571
9
3639
3207
6610
3962
1626
2665
3700
29
2796
5383
4809
464
7217
6641
3120
123
7778
6580
556
4916
2235
3387
4176
4033
798
5091
1759
4650
6536
4544
1134
1460
6382
2810
6436
6711
1023
753
5021
1964
7150
7144
2178
3786
2375
4013
7569
4818
4578
6011
5763
5589
4816
4882
1997
1390
4081
4492
6272
6290
6
3601
5070
3327
6121
286
4970
221
701
5027
5439
5164
3096
4732
2026
2208
3557
5071
2310
6376
1211
912
1330
5545
4142
6301
7114
666
590
2160
3105
2305
3687
6604
2401
5233
140
5627
4386
6057
149
6188
2896
1567
6767
6450
577
5335
198
2070
401
5504
2614
3727
6281
18
730
4872
5011
4836
3590
3523
5227
2424
6860
6897
6037
2818
301
2298
3746
887
82
3352
2344
6535
341
991
5287
3007
4513
7374
3822
5161
3877
5913
5048
4190
5753
8051
7611
2542
2767
6276
2064
5536
4530
4168
6081
2911
5279
7146
570
6119
3636
2391
1882
3304
226
0
6265
2426
2392
1312
4697
5705
5726
4708
321
5051
3114
2308
18
6487
1310
1383
6391
193
7368
2913
6522
2281
5995
4368
7667
3489
442
2880
5167
6308
5996
4008
6568
5885
5571
4765
6291
1137
3869
6717
3290
123
636
7034
5860
4216
4739
6815
4301
3763
72
5871
4623
2753
4589
4023
6752
2634
6568
802
2789
5534
739
117
1386
7635
1791
5122
458
3729
4136
197
792
552
47
6724
2520
1644
3743
929
2234
3493
418
7056
2892
6872
5767
832
4428
5796
321
3918
6756
133
539
5518
4045
5292
7281
7824
880
2561
3506
5822
4684
3023
5572
3140
3221
5509
6469
1352
1764
6653
2699
4143
6838
1451
7276
4059
2634
3927
7749
902
7013
4285
6585
7141
4999
3972
2456
5162
6167
1477
6282
1604
339
2792
6613
5232
5466
6388
6380
6725
4865
4880
4631
1123
348
15
1381
143
4195
846
3729
7825
2106
1089
6204
3940
6694
3056
5694
5816
4589
348
7686
6736
3974
1255
5084
382
2168
4055
3070
1023
6896
2653
1797
6312
6097
477
1789
7116
223
194
5345
3414
6982
299
3163
5175
5454
5333
1465
7068
3832
5899
927
4067
4855
2546
1215
2742
80
5891
5327
7497
4505
1136
4279
4027
141
824
962
36
6106
3317
295
1681
1421
1434
3406
5195
3608
4721
972
4271
6641
4426
2134
5737
4079
1037
861
3824
6081
2993
1094
6915
448
5985
2416
910
5106
5104
298
876
387
3264
6386
2707
2783
2931
4396
3389
245
3589
7605
5469
4221
2404
5670
6922
7177
4734
6967
408
3084
22
1455
4762
1944
242
2613
3166
1918
4639
7118
440
599
5001
4836
5853
5199
5614
3336
3804
1369
3432
254
3948
51
1404
2290
2894
4167
141
215
7596
6214
2097
2776
5737
976
1753
1378
78
6
5751
6073
989
6733
3296
6340
3386
5515
4219
7474
19
546
801
4307
5005
124
222
6568
7055
569
4227
7541
3434
4424
287
1529
6746
4441
7463
4653
6190
2274
4084
1844
4837
5621
6737
5625
5161
3056
4915
6964
7262
802
4521
3642
4909
2017
5029
4959
7037
6762
5122
4560
770
6860
5413
5224
2872
5436
673
5097
958
7717
3427
3677
6111
5645
177
2487
1808
4002
99
5379
2031
2502
6080
5061
5841
1709
634
1518
4955
1
462
2330
3072
7009
1288
597
2068
4720
1466
6279
5690
6267
1672
6057
6790
4391
929
6750
3679
7087
4331
7260
172
6123
4030
651
6807
265
1124
108
109
3255
4967
6902
5446
4142
4586
2808
3162
3741
1950
3787
6337
7279
5412
1661
4298
5358
2106
4529
3183
6357
6205
5901
2626
13
249
5023
6755
2713
353
767
4125
265
4276
2666
6156
2137
1941
4411
1149
2914
969
3089
2090
4213
3024
5940
4842
873
131
6124
1560
6989
2450
191
6747
2670
4822
6279
8056
2525
6866
3249
4205
4424
5459
2087
902
65
4678
4591
940
6588
7736
1999
947
5215
3092
3255
3848
3725
1856
5850
82
6385
5525
6975
6529
2613
6558
4174
6740
4610
5551
2079
2803
2536
7470
1378
5113
6944
6448
92
750
8
3461
1584
1336
7190
3572
1672
5104
6577
4242
10
6383
4508
7081
6143
2477
1612
2012
7385
3851
1391
7010
956
2463
6650
2597
6848
7698
6349
120
5756
1859
2573
3658
35
1640
2595
4522
1366
5718
2453
31
2132
4644
6653
5541
3999
2462
4187
3897
2934
5007
4906
1578
7410
318
6599
7195
3098
6255
22
6882
7480
4705
1757
3877
357
3634
7192
5170
4189
3988
6995
2508
412
2105
3523
7321
1427
5134
5004
786
1125
210
6758
4025
7289
3921
1147
7090
3922
6480
258
1506
6218
3682
7212
5060
1585
3935
3938
5125
821
1970
5818
6074
6300
1914
4230
75
1086
2273
3063
1147
1047
2500
134
7202
4366
2756
1696
2593
1152
5174
130
3918
3071
4779
1305
5288
2956
7982
6574
6120
2989
4432
6764
4561
7284
4437
5521
4093
51
683
6508
7916
1352
4531
4035
3002
90
2405
6376
5515
5557
5673
4263
1226
885
2313
2533
2263
6466
6895
5709
4890
1140
6064
5615
4095
4702
1010
5108
739
5704
5570
5985
5162
24
143
511
2365
72
4145
903
6266
1351
3084
3563
5441
6769
5745
6401
3394
4655
7069
6268
32
5170
7897
1083
5648
266
51
4355
5205
7444
1634
1162
3965
7018
4553
3421
4431
2256
3495
6643
6028
4127
303
5869
5264
2379
7812
684
1714
840
7442
3771
2925
4516
6047
3460
1536
837
2658
4952
6653
6885
1728
6981
6892
7570
5547
4862
5651
6839
3739
5974
52
2696
4498
1508
823
4477
5307
3136
7148
1923
935
3305
7185
1201
5826
1607
1394
784
6914
2526
4064
2745
3390
4283
43
8088
57
5869
1436
4920
7175
7550
4212
4024
4280
132
4398
4806
1150
7699
2309
2629
7158
3359
1475
5951
2463
1252
4383
7180
7333
530
285
3496
1363
2325
4009
664
1189
1131
6163
2485
4151
4509
3136
6622
2261
5618
3301
4512
104
869
7635
395
5657
6145
1864
6463
5698
4010
5433
5445
1008
3854
6977
6654
6209
28
6141
3769
833
696
2906
1182
5297
2621
1443
4666
1341
4879
1418
2326
7490
6336
1872
2614
6933
3335
1128
7772
5477
2009
52
7727
1952
7105
5640
4476
536
2354
12
6305
3090
31
3939
3
4140
6241
2197
5570
2225
145
6318
2020
1347
3139
7103
3216
476
5326
1358
3465
5884
1922
14
7110
196
4170
3615
6751
7707
2323
6897
93
117
5559
1187
6618
2330
5149
649
14
742
5924
4702
5498
34
4439
2248
1721
5768
1876
4847
4403
4905
938
6985
3716
5129
1
1095
29
6606
1793
154
5894
1203
4674
6601
1990
4417
881
7445
5431
6086
3241
5523
440
2211
2367
6384
1008
5695
2738
572
7288
62
4909
1393
3012
2919
4660
5450
4734
1730
5921
6918
3291
6566
2551
999
6776
3041
3839
1302
6794
5912
4986
7282
1370
1675
953
1110
6031
3548
4179
3108
6198
6382
1098
4560
761
1200
4884
4124
2621
412
5034
1442
1473
6582
6731
2865
6139
5614
6417
563
852
3873
7621
7842
7319
7275
5560
716
2919
6994
5296
7041
6996
4552
6218
4778
468
5576
933
893
6861
4897
4351
7075
6311
868
2116
1056
6655
385
1761
4594
4898
6994
64
996
259
2155
5285
5830
6083
7349
769
2801
2910
1393
3620
6929
3490
5311
4210
4994
2253
4143
44
4451
3781
1909
4412
3063
1811
4640
3487
1169
5968
97
6999
41
5248
2179
6587
914
845
3346
3790
7526
7153
5157
5203
3278
2363
604
1981
25
454
5237
4224
6373
3562
3571
5806
1237
1361
5220
443
4803
1780
4007
3257
5019
791
6056
6497
2611
4116
1996
1232
7265
5756
2938
4058
3154
2271
1924
2869
5619
122
1121
1051
1060
1283
468
2806
7101
4759
4872
264
4436
63
3447
182
4716
41
435
6598
6800
3448
1450
1757
5155
752
4303
4774
1897
6064
4595
64
2680
6690
1272
2854
2834
509
4140
4832
6524
1655
1390
98
2033
8020
7714
6536
6192
6161
57
3235
5955
3425
1320
3995
1299
569
1606
2384
412
6366
5132
13
2881
3892
7931
6777
4984
5805
5248
3378
2099
6856
6926
6
6787
57
5294
4270
6163
5371
4208
2810
3642
6
4131
4585
6049
983
548
4394
5084
2896
5207
4805
3477
2106
5411
5039
5314
207
2437
6128
1887
915
6
2285
6058
1979
287
5762
1359
6506
3988
5533
1373
5941
1691
7196
1865
5447
76
6042
6846
3404
3672
7954
283
7448
6463
7224
5956
6131
1185
3452
4797
2815
5539
3582
923
2406
937
1695
1201
1138
1535
1301
5443
5294
1308
6339
5680
959
6859
4744
119
2657
6374
4829
3063
5722
5922
1578
277
6278
806
5743
5451
0
5997
7483
5921
7564
1904
3775
4503
571
3605
4332
4558
2553
618
3448
3784
2770
44
1643
1212
2263
3073
2919
1110
5687
6461
6187
7156
4485
3072
3347
2627
4252
604
1594
1741
5186
3947
2017
4306
6805
908
2399
2586
2028
6170
6902
152
1102
4935
62
5470
31
3824
5781
159
2124
5093
1370
5206
6145
5981
12
4404
1277
6409
7698
3012
2457
3384
7019
5408
3582
5973
4497
6534
5560
128
5317
5662
1340
4435
2358
6298
7655
7077
5116
3314
48
6490
7535
6678
1876
7826
3342
241
7201
7596
5413
5702
2024
6406
1197
5262
6628
7735
6103
7492
2425
5494
4677
4268
1730
5904
280
7363
7624
3674
7232
6958
354
7099
2889
165
3502
6237
6317
317
2771
444
6460
5333
2189
522
6034
3127
440
5855
2153
5102
3303
3969
5984
6739
541
3940
5891
1693
2971
2649
7492
4508
191
999
6318
4318
6355
6172
5209
3218
6621
3879
1749
2473
2433
6242
2174
5559
6225
429
1585
7075
3796
7923
1554
7463
5272
4173
5432
5207
7548
3450
7472
6772
4423
289
1390
3899
6637
4610
4759
1780
119
738
24
3977
5952
29
3426
6502
4864
3722
3685
1535
379
2856
4562
1075
5787
2035
3713
61
3000
3658
5665
7114
4728
6151
6370
49
2006
6442
5349
437
2303
53
3505
3263
1279
554
2435
6589
2128
1480
7327
747
5373
183
6942
21
7781
478
4097
3771
6372
24
6045
6290
35
7277
6070
4926
5577
1937
2918
5932
1147
5086
1374
4156
1016
5962
72
4792
5983
953
57
136
5419
1813
6256
854
1364
945
6651
3547
80
2139
840
3182
4513
6771
2623
3288
3222
970
4920
1006
3352
1103
4486
6789
4152
1916
4186
1602
2577
3374
5835
5836
4707
67
6157
2155
5015
369
5268
425
5423
1799
2275
4593
5599
0
3723
1090
1195
4214
5013
69
7688
5369
1647
4253
7450
2071
447
1884
5800
5545
918
6369
3782
2411
1592
4310
5715
214
3232
470
5169
4144
4958
172
3074
5651
437
4446
2906
815
6415
27
7381
6355
147
3571
2969
3415
4228
7635
5897
6070
6377
3467
7064
4185
970
5960
4903
4715
7179
3372
5131
4793
0
4060
3346
8092
4863
937
7450
5906
6719
79
6535
5126
6008
7137
7563
4592
1018
4289
46
7462
5707
6072
1120
1715
4759
309
6412
6071
6558
1409
2573
4231
1868
7714
3875
119
7100
900
7322
2936
5962
565
4700
916
5369
7298
4344
79
21
3683
2974
6997
354
1556
6895
6299
6130
1869
2533
4422
4769
2394
5719
1163
3871
6402
5308
4318
2301
686
3631
5312
563
3431
5551
102
6579
4528
2001
3284
2562
5304
4401
260
989
5148
281
3040
1229
3953
1439
7760
4848
6746
5445
770
739
7157
4300
6007
3006
6017
4748
6210
7420
4098
1276
7846
1994
5626
4767
4059
5110
272
5610
4812
6696
4882
6890
6725
280
7370
318
8
5171
438
587
7824
961
6372
3748
4016
638
2191
4105
4707
5088
255
37
5799
6367
6593
2215
7508
2431
1444
1880
4064
2997
1650
6223
6690
3268
6147
555
5365
7062
5185
6004
7670
1121
4230
5509
7555
6111
2223
5728
3056
1458
1552
3577
6147
34
5980
3809
6346
433
5511
4625
700
1900
7692
416
310
2499
1478
1550
888
1905
1369
6627
305
5381
6186
7318
308
7989
1463
443
6809
480
2619
4416
6734
5282
3576
2477
9
701
6803
4953
3032
5818
5565
3381
2699
1077
2989
187
5229
7677
5331
6320
528
6187
6461
7594
5292
3265
1536
4659
6305
4649
6340
6192
335
1784
2424
3341
6101
2958
1987
2517
2352
228
1283
5899
6310
4315
4562
6662
6436
3576
2717
2679
6232
2712
2705
4737
3814
6654
5105
6979
2001
353
624
6519
1990
5962
6810
1403
5594
3853
4393
5718
6831
3744
3402
408
1660
6194
558
3825
5406
5117
4313
6848
5747
4901
6123
6667
6177
3340
1678
3991
892
7694
1671
107
7671
3573
1021
5576
4956
7707
2747
3501
3715
5596
3819
706
3310
2906
7413
4293
6998
2604
5454
5211
1475
3886
6098
5847
6016
417
4069
6187
380
6009
299
6117
7935
6712
1180
4820
2065
3917
1736
6090
6050
1002
1137
1562
4562
1113
2377
4159
1000
6230
458
1494
2219
4966
75
4830
5765
2790
7959
4237
1
1245
6038
2446
4316
7711
1881
5636
4435
3755
3124
5875
7213
4114
2533
4351
6401
7331
7741
1359
1
847
2054
1226
3294
323
7102
7258
889
6796
6
5654
6494
6856
6737
6197
3681
2402
5640
6468
3538
2078
4013
6033
7126
841
5463
6783
2197
5
2762
1858
92
7487
1032
684
186
6343
17
3368
6859
842
6532
1921
2047
1036
7466
1062
1088
5256
1103
6275
5656
4082
5270
1015
5150
54
367
1371
5961
4050
2265
5955
20
39
6735
4
3925
5999
3858
1615
5184
0
192
5223
4542
5059
4813
3871
4378
3047
5146
2902
197
1329
433
1409
4589
5721
7930
5827
6673
4944
4640
4294
5417
911
5996
6137
4012
1457
3320
6884
5940
5327
3768
4399
6744
6104
4885
5420
67
5721
2834
1155
2273
2639
6766
5260
4620
5961
5064
4589
6274
6188
5413
131
4455
4938
146
2703
1867
6885
4821
2018
5060
3014
4297
4074
4109
55
7047
1
7510
1432
5924
3103
4706
3960
7086
2408
5707
7483
1350
6751
7655
1230
2467
4916
2444
6362
704
7591
3895
2131
4146
7877
3034
793
2535
4493
525
2246
6638
4421
29
6761
520
4038
6128
4005
5084
5076
632
6838
6800
1329
6481
7419
4790
205
5297
6543
4691
6503
979
1678
4078
4750
291
2289
1252
6033
3994
6787
2309
1733
6232
6552
5824
5762
6244
312
1766
991
636
3800
825
5448
2240
75
296
7018
1872
2981
6807
0
1078
101
4808
6583
7427
6552
7111
6221
4905
4941
6370
5021
6249
51
405
3362
0
2224
7051
6065
0
2855
3312
6387
679
3279
6615
1675
6992
2557
1684
6286
4405
364
4856
3331
6048
2057
5734
3380
6068
2213
3124
1119
5534
7449
4721
3724
1806
4633
7051
2813
3226
2616
2545
5207
4968
3669
1917
6184
6999
1042
563
5
71
2790
4134
5929
6416
4374
5286
5378
7419
5406
7364
1654
2029
3392
2020
5939
2744
2682
5338
1669
3796
6946
6913
5232
7124
86
3663
2277
543
5357
6045
1995
2318
87
5618
902
7626
4480
3237
7497
67
4825
5523
568
7714
7743
3047
7843
1290
7059
7212
2513
1612
3921
209
4940
5801
3165
37
2216
7332
7920
3810
4391
6929
7850
4497
3605
5598
5847
2099
479
4696
6600
3640
2952
899
5100
3278
6836
43
4303
7063
71
2514
7486
28
1552
1406
4746
7248
5643
5086
159
7
2343
6315
483
2689
4639
5689
6811
4437
5077
4509
4730
1127
111
5847
286
5122
623
1276
3335
5348
5725
5483
6986
3898
19
4780
3405
6032
6800
4211
231
7696
314
1394
5495
6210
6856
1455
5068
7556
2245
6393
5545
7276
780
4394
2230
4417
1238
6807
5339
1984
7356
1526
4684
797
1309
4528
660
739
2735
3986
4898
1872
7061
465
72
4341
5099
363
6786
5488
6896
6424
3839
3628
6668
877
6652
692
3444
5872
142
4623
30
2403
7522
6089
4877
4674
6789
3747
4516
7299
5683
1209
817
6214
7673
7890
2812
2278
213
637
5281
6128
4637
579
3222
591
4997
1876
7514
18
1498
2141
4508
4113
2185
4325
5725
2600
7918
6911
1701
2343
1925
6025
2208
5772
5703
211
4139
183
3068
297
2193
1234
5726
3683
4935
2067
6655
503
6255
5398
3444
2404
1485
3456
4320
7110
7156
6625
7560
202
6142
5354
803
5880
877
3903
2632
7199
2034
478
3355
2463
408
5869
2733
2938
4809
3859
1101
0
246
3803
5432
6966
6435
6094
2813
3995
6905
6812
1654
6925
474
1156
531
198
3217
3120
4855
7975
4028
2265
5652
7590
1776
686
7694
4799
3881
776
3537
2120
2371
6390
4718
1211
7028
3587
7088
642
4943
5415
889
5004
4333
679
6546
735
2584
5146
6784
6838
7461
238
6732
7715
6105
104
3703
3485
7484
7327
247
423
2155
725
2257
4268
1786
1377
1681
4482
852
5811
7598
4194
2421
5626
1993
5980
136
1406
1830
4364
5129
4732
6613
7158
484
6700
3579
1914
3743
21
2583
7379
5274
5458
5338
5052
3819
7043
4455
4822
2
1059
1991
1064
2383
3849
29
4100
6318
5124
6306
3312
4350
565
4143
2942
689
3969
922
4745
2905
1494
5756
4923
1364
4908
2084
980
4532
4895
6453
5258
7140
4403
2191
1696
2630
3313
349
609
344
6308
1746
3068
155
2673
6058
715
8117
5885
5917
726
2970
6024
1316
1806
6339
775
6943
6862
798
6200
6967
1951
481
3795
3738
6437
7641
0
348
6283
4897
3413
3400
5997
48
6992
4
1817
2751
930
6035
2298
7917
2109
5014
5120
4429
84
3446
6801
3656
6539
6725
4116
4525
4861
3573
3556
157
17
868
4941
676
4789
1774
7441
7000
6826
5631
1964
7206
1225
17
6902
6835
4651
1728
218
3665
5591
2
5204
7451
1353
2684
426
5272
6596
4034
3854
1517
7223
4053
5917
7754
3140
781
5255
6158
1910
3101
5124
953
6158
4937
4306
4757
1898
1416
3049
6909
2768
6769
1730
6383
5888
3580
4914
6313
444
4061
18
6074
3013
1669
6186
1994
5818
1501
2955
550
6937
7582
6903
6442
3920
3761
2758
2331
7157
6109
208
3033
3250
7151
1412
4186
1038
2805
7006
3500
4053
2250
7500
3736
2956
3414
480
5621
206
3649
4106
5887
3063
6723
1540
2801
2858
11
7199
22
6735
4929
7293
3051
5742
7372
4857
5647
228
130
1789
7719
427
5146
5076
870
283
3150
4666
6322
5750
4062
191
6936
7029
564
3687
6465
6046
6513
623
6266
5214
3964
2000
182
6721
5
1946
6073
3971
5481
6744
7218
1975
7891
3897
6459
228
7341
5164
4628
2793
5906
43
6487
1584
919
1199
98
1263
3719
167
6437
4826
7104
1755
845
6230
7184
3657
3463
7309
68
5283
559
6363
4928
5115
727
124
1455
5477
5353
7662
6121
3653
1036
3237
560
2877
6634
1624
3907
3697
1377
6762
588
6018
393
1801
5549
5034
3924
893
5923
21
2265
545
316
2147
5004
2793
424
5691
6722
4080
4842
4112
6618
46
2342
1650
5241
4283
4226
1426
6175
182
1172
168
4
3080
6871
4425
632
5836
4558
6
3939
1525
5477
7546
7245
495
3407
396
3882
3140
60
4374
6870
4729
5068
6170
335
6114
4019
4680
3855
6363
3741
4464
64
4324
2243
7678
7354
7618
4462
6087
5486
4791
4329
6976
2802
4258
3193
4078
5489
6591
6489
6883
7132
1684
4811
3616
6261
7115
2970
2389
7021
1440
5405
1964
1480
3226
1958
3381
7231
6301
6579
4294
7941
2659
6319
1091
6415
3670
3959
1836
4386
2900
5136
571
653
6529
7553
102
237
7127
4341
3801
990
4250
6068
0
1790
198
1482
4690
2783
4445
3682
582
7206
455
6637
640
4301
1495
3578
4679
6506
4718
7410
561
6397
6169
7538
3970
516
7180
3672
1345
254
5044
4934
476
2668
3110
6535
2551
4183
5573
174
4060
609
3847
4262
1352
6844
6278
6030
2034
3084
5769
4288
5974
316
6430
6264
1253
5196
3942
4942
1451
289
406
5827
385
6420
800
3713
4306
4781
4833
5531
2
4436
3626
6148
2844
1601
6741
2243
5121
7495
3874
1789
6654
0
5702
6635
3024
7405
1065
2020
6866
4510
189
155
5484
3880
2699
6809
6341
5209
5899
290
5376
7767
6643
358
3095
7196
5659
2354
1356
6110
273
1887
1070
4910
3464
1212
5371
6566
7822
161
3688
1769
1449
2616
5484
5714
4139
1030
7911
6764
3622
3798
3595
7112
4881
2417
6462
7012
2896
4351
4260
2550
3574
3838
6906
178
5502
3940
1000
72
30
4630
2647
4497
6951
7022
5714
7369
97
6257
762
4654
1563
5261
1
6010
2903
1958
2593
6132
6834
2989
6547
2476
850
4835
4857
5990
4651
73
4767
4897
7171
3126
2032
7053
659
1290
6403
5101
2062
6296
194
4101
7658
6172
2168
6032
5290
867
2893
4817
6359
980
901
