0
0
2
265
14832
1
1
1
1855
28
0
11088
0
6
330
1
55
0
1334961
7342280
4455
133496
1
2
1
1
40
0
1
630
11088
135
3
0
55
1
1
0
6
1
3
330
1
1
0
0
611820
0
6
20
9
176214840
3
1
70
0
3
0
1
1
1
21
0
40
1
7420
0
9
1855
3
40
7420
0
1
1
0
34848
1
1
1334960
0
1
1854
36
0
0
21
0
20
244860
7342335
1
70
40
0
21
22260
133496
315
315
9
1
1
133497
1
112
122430
45
611820
1855
1
1
1
0
10
1334961
222480
330
0
36
1
45
1
611820
1855
1
1855
2
14833
2
1854
0
1
7420
1
0
70
11088
244860
0
1
66
66744
1
70
0
7342280
1
0
22260
133496
630
88107426
0
315
0
6
1
0
1
70
9
122430
2464
2
6
45
2970
2
45
1
168
0
133497
66744
1134
14832
14684570
1
70
0
0
0
6
0
1
1
0
9
611820
15
6
135
45
1
1
14832
1
44
1
1855
315
1
45
265
1
10
0
1134
1
70
66
8
10
40
55
14832
1
45
112
1
1
0
0
44
34848
9
15
15
1
29369120
135
924
1
7342335
1
7342335
55
6
1
265
0
45
10
14832
2
122430
1
40
0
14833
1
133496
0
264
1
0
22260
8
1
924
176214841
667485
70
1
1
1
4455
14684570
9
112
28
1
1
28
10
315
45
0
1
176214841
0
315
6
1
630
3
29369120
1
0
6
14684570
10
14832
0
0
1
1
0
2464
10
0
34848
264
1
10
1
40
1
3
1
1
45
8
15
1
11088
70
0
45
0
0
176214840
265
135
28
0
0
15
1
1
66
0
45
3
0
66744
1
0
0
135
0
7342335
1
34848
14833
10
330
55650
265
20328
0
1
135
440
1
3
440
265
2
667485
0
1
14833
1
2
3
1
0
88107426
1
112
55650
1
0
1
265
0
1
10
315
1
176214840
1
0
1
0
8
1
630
1
0
1
1
135
9
0
176214841
0
44
1
611820
0
1
20
0
667485
0
1
45
0
1855
611820
2464
40
222480
222480
22260
1
1
40
1
0
1
45
20
14684570
14684571
14684570
44
1
21
2970
1
0
45
6
3
11088
40
0
55650
2447445
0
122430
315
8
1
0
55650
5544
20
7342335
14833
15
2
1334960
176214841
9
1854
22260
1
1
20
28
122430
9
135
7342335
0
2970
20
1
924
1890
15
28
265
0
40
244860
6
10
176214840
0
1
45
9
240
1
0
7342280
1
1
0
2464
1134
0
1
2
1855
2447445
1
0
55650
55
1
0
176214841
1
1
222480
3
0
0
1
264
1468368
2464
1334961
1
44
1334961
1855
0
112
0
264
1
135
0
0
3
133497
1
4455
7342280
7420
66
0
1
88107426
1
21
264
2
1
45
1
14833
240
122430
240
0
14833
40
14833
1
0
440
0
0
3
22260
15
1854
1
14684570
1134
112
1468368
1
0
2970
1890
14684570
36
1
265
7420
1
34848
45
28
135
0
0
40
1854
667485
0
315
14832
0
0
1
1
55650
1
0
2
1
1
1
1
1
88107426
2970
7342335
15
1890
14684570
1
6
630
1
1334960
440
45
1
1
1
2464
0
20
0
1
55650
133497
0
0
40
44
168
0
21
240
5544
55650
8
2
1855
1
1
4455
6
1
14684571
1
0
0
264
315
14832
4455
1855
264
14832
0
0
14832
1
14684570
44
3
264
1
20
45
440
1
1
0
0
45
45
22260
1
5544
630
1
1
1
265
1
45
88107426
0
3
1855
630
14832
2464
66
7420
28
44
55650
630
2447445
315
7342280
20
1
0
0
240
1
3
1
0
1
1
6
0
0
7420
135
0
7342335
7420
14684570
0
7420
924
15
0
1
0
2
1
1
330
1
611820
6
315
176214841
0
1
1468368
14833
1
1855
1
0
1334961
1
330
0
2447445
15
630
11088
29369120
22260
264
176214841
20
55
36
611820
1
2
1855
0
9
0
222480
11088
1334961
66744
1
9
0
8
0
36
14832
20
20
14832
1
8
66744
1
135
1334961
1334960
40
264
222480
330
66
0
14832
176214841
1
1334961
1
1
2447445
3
29369120
330
630
14832
1
1
112
168
0
14832
66744
1
0
135
1
176214840
611820
1134
7420
1
45
36
1
22260
1
176214840
1855
0
36
244860
10
0
315
2464
7420
1
667485
5544
265
1
1
1
0
667485
133496
0
1
1
2464
1
0
1855
1
1855
168
0
6
10
0
133496
264
20328
45
315
1
1
9
1
8
5544
1
70
29369120
28
0
1334960
1855
112
0
1
6
66
28
2464
112
8
10
1
1
0
1
611820
0
264
112
330
6
1
1
28
168
1
611820
2464
28
70
2464
45
0
1
176214841
0
133497
66
1
8
1
0
1890
240
315
133496
1
1
1
133496
22260
122430
1854
36
8
264
0
0
0
0
88107426
0
40
20
0
0
1
1
55650
330
1
1
45
9
330
265
1
55650
0
1
1
112
3
0
1
40
0
1
8
5544
112
7342280
0
6
21
0
1890
21
1
70
0
135
0
55650
1334961
1
1
0
2
1
1
0
330
1855
9
8
45
0
34848
88107426
0
