0
135
1855
0
1
264
2
2
15
1
1
0
2
1
1
265
1
44
0
1
0
264
265
2
264
1
1
3
44
0
0
0
0
1
14832
265
1
2
135
1
3
2464
0
1
2
1
1
1
3
0
6
315
9
10
8
1
10
0
112
15
0
9
28
924
14832
315
10
40
1
0
135
0
1
8
3
315
0
1
1
1
0
1
0
1
6
630
0
112
7420
1
6
44
0
8
315
1
7420
1
15
0
9
0
0
1
0
0
1
630
15
112
15
1
1
15
265
1854
0
315
3
2464
1
1
6
112
10
1
0
20
2
0
3
0
0
1
1
0
1
1855
8
20
1
1
1
6
0
0
0
0
1
1
45
6
1
7420
0
264
1
14832
630
0
2
1
1
44
45
1
20
0
135
135
1
44
1
2464
1
924
2
3
0
21
10
1
1
1
28
1
1
1
6
9
3
8
1855
0
1
1
1
112
0
8
21
1
9
1
8
264
112
264
1
6
112
14833
0
9
8
0
0
70
0
14832
1
8
1
0
924
1
1
1
15
45
0
2
6
0
1
3
0
14833
7420
0
0
7420
0
40
1
0
1
0
1
1
10
2
3
14833
0
0
1
0
1
0
0
264
28
45
1
20
8
7420
924
15
44
0
0
1
1
28
2
264
3
135
10
135
0
1
28
112
2
6
1
20
1
0
1
0
6
0
0
10
0
14833
265
630
264
6
1
135
0
40
21
1
0
265
1
28
1
0
0
9
0
1
70
3
15
1
0
1
2
0
2
2464
45
20
1
135
1
2
112
1
8
7420
112
0
0
1
21
0
44
3
70
6
9
1
21
264
0
630
1
0
21
0
7420
630
2
0
1
1
2
924
1
3
7420
0
9
2464
0
1
265
924
15
15
0
7420
0
112
3
6
1
2464
264
0
1855
1
0
2
1
1
1
15
7420
40
14833
2
924
21
1
2
0
1855
0
6
1
44
265
0
0
1
0
924
0
9
0
1
1
8
15
0
0
1
9
630
28
1
1
7420
1
44
0
0
14832
1854
2464
0
1
0
1
1
112
135
1
45
3
1
265
0
0
315
315
1
10
630
1
15
0
112
14832
14832
1
924
0
1
0
1
2
1
0
40
0
20
21
14833
265
7420
9
924
0
40
135
44
1
264
8
0
1854
630
264
1
0
44
6
8
265
6
924
8
1
10
0
1
265
1
1
1
0
924
1
1855
315
0
10
1855
1
1
264
135
1
264
1
3
1
44
3
135
265
1
1
630
1
2
1
1
3
0
7420
1
0
1
1
1
1
1
0
264
0
1
0
1855
0
14833
3
135
0
1
1855
6
0
265
135
2464
1
8
1
2
20
20
1
1
135
1
0
1
1
45
0
0
1
0
15
9
44
264
1
0
7420
1
40
135
2
1
630
8
1
1
70
0
1
45
1
20
265
1
1
135
3
1
1
15
1854
9
6
9
8
14832
1
1
0
1854
1
6
0
1
0
45
20
3
1854
8
2
0
8
1
0
1
264
15
0
3
1
630
112
0
40
0
0
265
45
0
1855
315
112
20
28
0
315
0
14833
1
3
3
0
1
3
2
1
2
1
1
1
7420
28
315
1
1855
1
1
21
0
0
1
0
1
3
0
1
1
1
1
0
1
0
0
1
20
0
0
135
1
0
1
1
1
924
0
40
1
1854
315
0
1
1
3
315
0
0
45
0
20
70
40
1
14832
1
20
112
45
8
0
0
8
10
10
8
15
0
1855
1
1
10
315
0
14832
0
265
1
1
135
2
1
9
6
265
1
0
70
924
1
0
1854
1854
0
2
3
45
3
70
1
1
0
1
924
0
0
15
28
44
70
1
45
0
0
0
135
1
6
0
0
0
1
0
15
2464
1
20
8
0
20
8
0
0
0
0
45
0
44
1
630
0
1
1
112
0
135
1
6
0
3
2464
1
1
14833
10
630
0
265
6
1
1
1
20
135
0
1
0
70
0
0
15
20
14832
21
315
21
0
1
0
44
1854
0
0
14833
2464
0
0
0
70
0
264
1
6
15
1
0
28
0
0
10
3
28
1
1
2
0
1
1
1
1
112
2
1854
9
1854
630
1
924
1
0
8
1
44
1855
8
9
2
1
1
1
9
112
21
0
924
1
0
1
8
1
9
3
3
1
1
70
0
6
0
0
0
7420
1
0
1
28
112
21
0
1
0
0
2
40
112
1
1
0
40
0
112
8
1
0
1
0
0
40
70
8
1
15
10
3
3
44
265
40
14832
0
1
20
3
10
924
28
0
40
1854
28
44
1854
1
6
2
630
10
0
14833
1
0
1
3
3
44
0
1
45
0
1
8
1
40
14833
1
