0
1
1
1
1
315
1
14832
924
0
2
1
1
1
1
112
15
1
9
0
1
0
0
0
264
630
315
0
21
1
21
1
112
1
2
0
1
0
2
264
1
0
630
1
6
3
1
1
1
3
0
0
0
45
630
28
1
0
40
14832
0
0
14832
315
2
7420
21
1
15
3
1
1
1
2464
0
0
0
630
44
7420
9
1
10
1854
0
924
1
0
0
10
1
0
0
265
264
924
1
0
924
135
1
315
45
9
135
0
40
1
45
0
6
3
8
265
1854
1
1
20
10
1
9
265
14833
1
1
0
2464
3
6
70
1
0
0
0
1
135
15
1
1854
1
112
15
28
0
1
20
1
8
0
1
1
0
265
1
1
0
1
2464
10
9
1
1
2
1
0
3
135
1
0
630
0
1
40
1854
7420
1
1
0
924
0
0
0
3
45
8
3
1
924
1
3
21
0
265
40
630
70
9
2
44
1
1
0
135
112
14832
1
2
0
70
14832
10
1
15
21
1
7420
40
70
1
10
20
1
1
14832
20
2464
0
1
44
1
1855
1
15
0
0
1855
924
0
2
6
112
0
70
924
0
20
0
28
3
14832
10
1854
0
45
135
1
0
0
0
630
2
924
265
1
0
8
9
1
1
0
1855
1
45
3
45
1855
1
315
0
1
20
0
14833
20
1
8
0
45
924
924
8
2
8
3
2464
112
0
0
0
0
0
1
135
6
15
1854
0
8
1
0
45
1
1
1
0
1
1
21
0
0
1
0
28
0
1
1
1854
0
1
44
1
21
1
112
1
3
1
264
15
44
9
1854
264
10
10
1
0
0
21
135
3
1
1
15
14833
0
1
924
1
70
1
3
14832
315
1
1
1
20
9
1
14832
1
70
1
0
1
2
1
1
265
0
1
20
265
0
1
45
9
14833
21
14833
7420
265
1
0
1
0
315
10
1
0
1
135
0
70
0
2
14833
1
21
0
9
6
0
0
40
3
0
0
1
1
2
0
44
0
8
135
1
1
14833
45
40
0
45
2464
315
1
1
7420
21
0
1854
6
264
1
1
0
1
0
1
0
0
0
1
1
15
1
21
1854
265
6
1
0
8
40
20
265
14832
0
70
1
2
44
0
0
2
14833
0
1
1
6
8
1
14832
0
7420
0
9
10
44
1
265
1
264
2464
40
70
14833
1
20
45
1
44
0
1
1
265
0
1
265
1
924
1854
1
44
1854
1
630
2
44
44
7420
44
1
1
0
0
9
1
28
0
15
8
1855
264
0
20
0
0
3
0
20
0
1855
1
3
10
1
2464
8
40
0
1
1
0
1
0
1
9
70
1
1
1
0
28
0
1
9
3
1
0
0
135
28
1
3
1
1
0
112
1
8
9
9
1
0
1
1
45
0
1855
44
0
3
1854
3
1855
1
3
1
6
40
6
1
1
21
1
8
14832
1
1
2
15
112
315
1
20
14833
0
20
0
0
0
315
0
0
1
2464
0
0
0
0
0
40
0
6
2
1
1
1
1
28
40
1
8
28
0
1
10
1
1
1
1
924
0
0
112
1
924
0
1
21
0
0
9
1
15
0
21
1
14833
7420
0
0
264
0
10
8
14833
1855
0
1
924
14833
1
28
0
7420
0
0
1
1
20
44
45
1
1
1
44
9
0
1
0
8
0
1
1
3
2
1
1855
1
0
2
630
8
0
10
265
135
40
0
112
15
0
315
1
20
0
2464
7420
1
8
3
1
0
0
7420
1
135
0
28
0
0
10
1
20
1
20
1
15
2464
1855
9
1
1
14832
1
2
8
0
2464
28
3
8
15
1
1
0
264
135
0
0
14833
630
21
6
8
1854
7420
2464
3
0
70
0
1
7420
0
14832
1854
3
1855
1
45
0
0
0
1
1854
0
40
1854
315
14833
0
8
2
45
14832
2
9
2464
0
6
1
1
6
7420
0
0
1
45
2464
1
1
264
1
0
1
630
28
40
14833
0
2
70
7420
1
1
15
28
10
20
0
1
1
45
924
0
1854
1
0
1
0
0
0
0
1
44
1
20
70
15
264
1855
0
3
1
0
1
9
3
8
9
1
3
924
1
8
1
0
0
1
264
1
1
0
1
1
1
6
2
1
0
1
1
1
1
924
14833
1855
1
0
0
1
135
1
1
1
1855
14833
112
0
1
0
1855
44
70
1
10
8
924
924
7420
1
0
0
1
0
1
1
2
1
9
265
0
1
10
14833
0
14833
112
1
0
112
0
3
6
0
40
3
0
1
14832
0
1
2
1
1854
924
1
3
2
1
40
9
1
0
112
315
0
3
0
44
1
28
1
45
0
0
14833
0
0
1855
2
9
1
14832
21
2
8
1855
2
8
1
6
70
14832
21
14832
