34848
0
168
630
0
0
1
0
1
44
1
14833
28
1334960
1
0
1
1
9
1
168
7342280
133497
122430
70
1
924
1
265
11088
45
45
0
264
1
1334961
1
5544
122430
1
168
14684570
1
0
667485
15
1
0
1
34848
0
1
0
14833
44
0
7342335
20328
1
8
55650
9
135
36
112
0
14684570
4455
40
7342335
34848
40
176214840
2464
1334960
15
14684570
1
176214840
1468368
40
611820
11088
0
22260
5544
133496
2447445
1134
1854
4455
8
45
1
2
9
0
1
11088
1
0
924
15
45
1855
15
264
88107426
176214841
0
0
0
1
1
1854
28
9
924
1468368
44
1334961
1
265
1
1
176214840
21
0
924
6
0
29369120
1
1
0
1
1
14684571
222480
1
0
0
1
222480
264
14833
1
0
45
0
29369120
112
1
264
34848
1
630
135
6
264
1
0
5544
0
330
1
1
1
10
36
264
1
2970
11088
1
14832
1890
1
1
7420
0
5544
7420
1
28
10
1
21
1
176214841
133496
11088
70
0
1
1
0
1
1855
1
14833
0
2
0
45
1
2
0
1
1
0
7342280
20328
240
70
176214840
0
45
28
0
2
55650
1
20
10
1
1854
1
14832
9
20
0
2
2464
3
1
265
1
66744
45
1
0
112
1855
36
55
55
3
55650
2464
135
7342335
135
6
0
2464
122430
222480
222480
70
0
1
135
1855
1
0
0
0
3
3
9
122430
20
1
133497
330
34848
0
1855
0
3
8
0
1
1
135
1854
244860
0
0
0
244860
1
55650
1
6
0
2970
1
1
0
1854
1
45
1
1
1
0
264
1
1
1
1
2
1855
40
0
1
924
0
1
14684571
1468368
1
44
133497
1
66
1854
1
70
14833
1
315
0
135
66744
20328
14684571
3
1
1
264
5544
66
315
168
1
1468368
0
8
1
22260
244860
34848
0
20
0
7342280
88107426
1
667485
1855
0
0
924
2464
14684571
0
1
1
1
924
1855
667485
8
10
45
1
0
0
7420
45
66744
1854
0
70
0
0
0
5544
29369120
1
0
1
1
0
3
55
1
45
14833
1
0
1
1
1
1
0
1
0
9
122430
240
0
1
1
10
1
9
0
11088
1
20
244860
20
9
176214840
1890
2
168
1890
0
0
2447445
1
0
168
1134
8
0
0
21
10
14684571
0
55650
8
1890
1
44
1134
315
20
0
1134
0
1855
0
1
1468368
0
7420
122430
44
44
176214841
0
1
0
0
330
0
0
0
1
1890
0
3
3
34848
1
29369120
2
3
1
1
0
1
8
0
1
1
3
1
29369120
36
1468368
10
264
1
330
1468368
45
1
14832
28
21
0
0
1
1
135
222480
14684570
1
0
0
8
11088
66744
264
1
44
2447445
611820
1
0
0
265
15
168
20328
2464
630
1
135
112
1
2
0
15
1468368
1
1468368
14684571
40
14684571
1
1334960
45
240
6
0
66
2447445
0
1
7342335
0
1
0
112
1134
15
20
9
5544
122430
176214840
0
8
630
1468368
0
1
0
66
0
44
7342335
1
1
0
21
0
0
1
0
20328
0
1
45
21
10
0
2464
45
0
8
7420
0
1
22260
9
1
1
1
8
2464
0
0
22260
9
0
667485
667485
15
1
45
20328
1855
1134
667485
7420
1334961
1
0
265
611820
0
240
44
2
7342335
0
0
0
264
2464
265
10
7420
630
36
14684571
11088
0
1134
6
5544
0
1
2
0
0
6
9
21
6
1134
8
2970
7420
5544
40
0
20328
2447445
1
924
3
8
20
2
1334961
44
0
9
55
2
1
45
1
222480
924
1
0
4455
122430
0
0
7342280
45
0
2
0
0
1134
0
1
45
315
0
0
0
0
630
135
45
1
330
15
315
133496
10
3
3
44
5544
9
1
45
112
0
1
11088
1
0
1
611820
8
10
0
7342335
264
440
40
44
1
1
0
1
112
66744
14833
1
4455
10
2
14833
7342280
630
6
1
6
88107426
1
135
924
4455
10
1
1
45
22260
44
0
0
330
0
21
611820
70
168
6
9
0
1
1
240
1
0
6
8
122430
176214840
29369120
15
1
45
1
1
29369120
924
222480
4455
2
0
0
2
315
2464
44
122430
1334960
611820
9
1
1468368
0
1
2447445
20328
44
133496
66
10
36
70
1
1
133497
0
40
28
1
1
1
1
0
2
0
4455
1
1
176214840
0
0
14832
0
45
1334960
9
133497
3
0
0
14832
88107426
0
0
20328
45
20
1334960
330
1854
14684570
330
2
0
1
924
21
630
1334961
45
1
630
1
0
45
122430
40
1
55650
2
1
6
8
667485
1
55
1
0
4455
4455
6
1
1
1
0
133496
1854
0
44
133497
1
1890
0
330
14832
133497
8
0
222480
1334961
440
0
22260
1
8
10
1
2
7342335
0
1
70
0
135
2464
1134
264
1
1
66744
20328
1
112
176214840
0
0
0
5544
7342280
1
1
1
0
55
0
265
34848
2
1
0
265
0
440
10
0
1
11088
55650
36
44
1134
168
1
0
1
1334961
1
1
14684571
0
1
0
45
330
15
2
55650
0
14684570
135
21
1
10
1
1
0
2970
264
6
1
1
14684571
1
244860
1854
2970
1
6
1
8
1
55650
