1
667485
1
1890
36
0
1
1
45
0
21
20
0
4455
1890
0
1468368
1
20
55650
8
0
1
1
0
1
630
0
1
1
8
1
0
55650
28
265
1
55
1
0
0
15
1
3
0
55
2
6
315
3
1
176214841
1
1
1
1855
22260
1
44
3
6
0
630
0
14833
133497
0
1
176214840
0
1890
2
14832
1
10
44
1
667485
1134
20
0
0
0
0
315
0
1
0
1
6
1
315
3
45
2
6
0
1
44
28
70
1
1
265
1
0
630
1
133496
20
1855
36
66744
0
45
265
36
10
2464
1
0
1
0
7342280
20
135
2
0
240
1
1
44
611820
0
1
133497
0
21
55
2464
264
1
2464
0
0
630
133496
1
1
0
924
45
133497
1134
20
14684571
14833
315
122430
1
21
1
20
240
1
1855
2464
1
1334960
0
3
240
0
330
264
240
3
1
1
0
924
1
1
1
0
0
0
1334960
0
0
1
330
0
1468368
3
0
0
20
176214841
9
14832
5544
1334961
88107426
1854
0
14833
0
0
1
1
264
0
45
0
36
1
1
2
15
176214841
265
11088
1
1
3
0
14684571
36
0
5544
315
40
133497
1
15
3
240
1
45
66
7342335
55650
0
0
44
14684570
1
6
1
1
222480
1855
0
0
1
0
2447445
2970
1
14833
1
0
135
630
265
2464
21
0
0
0
1890
3
15
240
0
2464
45
1
6
7420
0
0
1
44
0
0
1
135
0
0
0
244860
2
1
0
667485
1
3
0
9
34848
168
1854
1
2
1
1855
1
135
1468368
5544
8
135
1334961
168
2464
20
1
1
0
1
66
0
3
1
1854
10
34848
14684571
1890
924
14833
14684571
1
1
0
0
0
1
0
1
7342280
0
14833
0
2
0
45
667485
1
924
0
20
1
1334960
0
0
0
8
15
1855
1
10
0
0
0
0
244860
1
1
7420
28
1
0
0
9
0
0
45
0
0
2464
1134
45
0
1
315
1334960
1
0
9
70
6
1
0
1
1
0
14832
70
6
330
7342280
1
1
28
0
1
1
240
1
21
4455
14832
2
0
88107426
264
88107426
0
1
1
14684570
20
1
88107426
6
5544
14832
0
28
0
1
122430
15
70
40
3
40
6
0
0
0
0
133497
8
0
122430
9
1
0
0
0
1334960
265
122430
36
3
15
0
3
45
88107426
1
7342280
20328
1
630
667485
5544
0
1
0
6
6
2464
135
3
66
9
1
2
1
66
14684571
264
0
0
0
1
66
1
0
55650
6
8
0
1
1
1
1
28
0
2464
133497
20
7342335
0
3
0
0
5544
924
1
0
14832
0
21
5544
1
1
36
1
2
0
0
1
924
1
14684570
1
0
0
1
1
34848
112
1
0
8
1
0
244860
1
0
0
3
1
1
7420
88107426
1
1
1
1
3
112
0
133497
0
6
55
20
176214841
1
133497
0
611820
1890
8
0
21
10
264
7342280
2
264
45
0
1
20
1
0
2
611820
6
45
34848
70
7342280
0
8
22260
244860
34848
1334961
1
7342335
7342335
14684571
1
168
28
66744
1
265
1
1855
1
2
133496
15
3
1
2
10
14684570
55
2
1
135
1
1
924
70
1
3
21
11088
924
0
7342280
1855
55650
2
14832
70
133496
611820
9
22260
10
1
66744
1
265
1334961
0
14833
45
0
88107426
66744
1
240
264
88107426
14832
1
1
40
1
2447445
20328
0
1854
0
40
14832
0
1890
10
20
0
40
5544
0
1
0
0
66744
0
3
0
29369120
6
1334961
1134
0
7342335
7420
0
1
88107426
14833
1
1
88107426
1855
1
5544
1
440
1
0
135
1
1
1
0
8
1
0
0
6
1
1
1
0
14832
21
7420
0
2
1334960
2
55650
330
3
0
1
3
1
14832
1334961
2
14832
0
1
176214841
70
2970
66
112
1
70
0
1
1334960
34848
1
330
1
1
0
0
1
5544
1
21
0
0
0
1
330
9
14833
0
21
1
0
1854
667485
244860
1
1334960
11088
2
9
1334961
1
1
20328
0
265
45
7420
1890
1
6
0
3
6
14833
667485
14832
630
244860
122430
66744
315
14833
1
1334961
29369120
44
265
630
330
0
1
265
112
14684570
1855
44
1
20
1
9
0
0
45
924
1
44
0
0
1
20328
0
1
1
55650
45
1
0
0
0
1
2970
20
611820
1854
315
0
0
0
0
22260
40
36
0
0
1
2447445
0
222480
264
44
1334960
315
2
2970
15
88107426
55
1134
1
135
1
66
0
112
1
3
264
1334961
7420
1
0
0
168
1
1
1
66
1
14833
0
135
1855
1
1
1
29369120
0
0
28
133497
1334961
1
630
1
7342335
14684570
122430
66
1134
9
66
1
1
10
1468368
0
1
3
5544
55650
1
112
1
1
1468368
667485
0
20
20
22260
2464
244860
28
330
122430
8
1
265
0
9
1
667485
34848
1
1334960
66744
0
1
1
0
611820
1
0
15
133496
1
1
0
1
133496
14832
2
1
0
1890
1
2447445
222480
20
11088
0
244860
0
1854
1
1
29369120
1334960
1
55
135
6
176214841
1
14684570
1854
0
0
1334960
15
8
0
4455
45
1
924
88107426
1
1
