920444202
199044648
705165609
141082647
806255914
731329451
841540048
848862331
374013922
503802974
661404887
559202139
708782996
602569528
528962496
625484524
14115792
463083667
262832123
828652400
44522792
646169668
378594657
282953717
10337621
324275056
515136915
501602172
535606852
357141852
596641555
135087337
947953043
13365296
225898802
138391986
311047980
649425882
108923323
237047795
371890240
748464809
678856627
434898686
969835083
199735894
39142618
181326218
351797096
502691829
581131845
494071831
711999615
634383637
552961953
437641563
522390423
676183314
333401379
272672640
992731417
659025783
850386945
709662874
86700922
702462346
991557375
417982765
604289444
208957742
667834124
839001577
540879061
91038381
196829399
922943689
152881550
664728477
868988202
920383104
41656579
765878809
227809032
110877011
512782689
915599430
111190965
845076455
0
57907915
956884632
970572791
559026781
110968506
26498025
338924615
859733787
90092
702558543
698339946
802270825
220650708
510107834
48643245
209944625
924004201
993020633
798428201
910369272
944375562
210669333
859480634
402310153
54773647
932065385
297702665
285484079
679236228
68730041
344304750
142241825
39538098
804926025
443882484
588114564
351951734
813543797
178538925
659794164
601446822
643418767
405727729
480396616
730199377
17724454
927056499
780590553
369024980
961645950
581061667
625525554
513582485
147542170
872525763
196771363
612957375
591538548
477056709
469390563
411703963
392566152
555294046
87024583
833847206
308971976
292566919
705165609
580215610
115820480
698130573
532642758
92995948
365984003
718440515
864401766
629402345
845166881
286571575
129148645
6143485
414835772
604297955
230809539
673900568
629733356
352034681
1823829
553159012
645434350
136505077
996497885
774373179
637690543
858183099
25167146
352671098
870190784
661346307
912032218
891353443
113134226
131149790
380760546
990631905
303784181
991700484
947131861
920402522
110208868
474475454
315959043
123830748
450794258
515967033
601103729
572
560117680
339541689
72841009
977890579
0
938829840
0
390260557
943617123
782822120
339315130
872525559
80691580
9
381085610
266811189
559825812
0
530366782
721253352
113091840
989328855
406077486
949611286
974306382
109274424
52347279
638961171
924
473223644
265370934
457823981
89351714
561446219
568265747
737324616
222337369
783432738
558802106
502095559
910007582
278978327
96401979
865168191
375753302
884449764
700789901
20
475263877
527688107
485822538
635063191
993831034
973324332
138213015
538822128
900066528
395241243
195610674
746306942
322041643
248922218
849317428
31165597
305187003
316828743
923813111
528108071
506605742
185243351
73204837
938214514
783191454
445578510
870243831
640494394
889241953
369371074
192192
342272430
124500493
456547284
588686923
65672199
819973795
886828306
651038035
695982117
1
493808957
315475216
887434650
262299958
699619340
75185684
689149071
237666562
607765729
982516506
890594128
872993516
46855276
422672248
612410381
798203773
207935337
855573311
180837277
868036318
437896034
537077448
893255886
441159059
417889995
871591020
777457003
541195966
137143084
42865841
278477197
456863661
37425178
462982074
63532884
176869104
756792729
780416550
27629738
809250336
679575057
745324880
704724043
691108695
471427954
508232562
222576311
427462593
721416055
171024963
619937988
495420145
806242776
553545564
615024078
800057611
94577977
504883211
456816947
656594685
408892075
879499776
121452751
462098633
115185452
577603017
700106735
220960989
388250121
485089636
866404523
180315811
181339950
950015854
492000746
937282519
496373941
403958628
749959761
670273490
156812340
831751922
301193585
2447445
870766566
887643666
556307603
564433346
310856929
77353889
809098069
139936863
536872822
144068328
948133415
771246310
869044140
704318471
82302690
669691416
201244376
395026242
764529210
427973730
457213643
868450193
102523524
28569274
340227523
561881047
718403611
374187227
208528823
393016349
494643369
732761235
494055741
412188544
231762169
951720947
952499185
3080
246602067
928726179
520700652
727347292
754945850
525149440
766587683
259015868
958096270
926859990
923021184
1
221905644
345832796
111185089
478383655
597275594
449933669
357423777
589553773
651027897
16122395
601300751
646163716
1
962321353
517176768
749681969
852515530
463955725
965844418
263215131
720657168
882212936
856158225
463017412
101307938
834520951
994765974
46073037
570449781
222718282
799308438
1
387356461
245261701
208974166
562122063
633454029
131107804
809526771
589080518
539340734
294966687
100250332
788809598
22728221
542163663
685467763
108711229
909826099
493183723
24762153
146978513
239895332
855100365
87943012
303918738
163014070
535416479
229824546
203087338
499004877
198925636
404025159
931475445
984467013
204590737
334945511
588488140
832291363
938037553
833975348
197454249
999945695
0
995330723
981058238
865824518
366649286
165455872
290792918
447485686
474881949
0
115954464
55950331
452504928
976116550
180595436
321181821
875265789
629866468
728892207
1
716376929
412338823
727369182
374047046
142205577
84364376
380414623
204882860
604917465
136526435
623816841
766625457
422054610
722286690
434817148
709798339
567698282
722112927
592832106
564444184
674313223
546900032
248963033
615879259
3
943914082
727881108
39766629
876269713
296257298
924
222215808
290600507
580653041
172516737
115925391
528240499
208185540
86783890
782374370
675283249
852498123
844028513
581672406
311048833
985160712
170464006
693877729
228865392
523057071
650569806
344363861
141270523
888635671
849653781
341196939
513863390
228780605
313807521
138686231
162022902
650543136
999386331
954725284
770119349
869401972
353341098
538822128
950660820
327716766
164559060
387738089
905125780
626021115
242539797
460530919
298276016
490575478
811460363
4201237
513510910
622098632
536821116
940145548
989757026
507555172
369031419
352585728
228396893
144709732
756558434
573832558
569763001
734267840
122138687
520967624
261427966
871282582
924271643
801396213
939630761
329865171
664660922
536955959
696375433
97631859
284835640
356692710
498280200
57029612
361705758
890288873
308159934
940029230
787120201
154430785
484331816
714413062
443937176
413714369
139898400
580750892
885900092
600129761
734375058
2970
515458202
949214511
390957011
543871070
712091790
344796405
849526812
113089047
659828609
528006805
396078167
1
808211439
442563991
158860271
607638906
746953737
202541179
403096754
148755212
884275008
289643736
14833
585049908
664189807
97013575
611599690
520522088
562466022
480206864
365719906
1
154426664
458290158
872253568
544414511
303351460
568980714
890584008
845964564
641098080
40808944
103537431
1
748862113
74470494
636887
404607707
887940160
1
605984850
198791976
775346803
106866411
89624228
932652443
356919470
652399275
990952524
373563769
402005452
753067197
31302335
500700013
597327256
31165597
345832796
335656583
213415527
336295954
449433200
611720569
112
782798628
523386081
691332999
337480714
749199723
724336767
79387564
275931144
492032538
717303948
1
117275532
694822621
453905953
454000831
427817615
788259947
512198647
600003586
748928823
787324150
187700432
603873131
0
520684643
89341565
315091905
646501887
768707169
55675392
486523626
1
887941464
892449728
601443102
244074454
559453067
997598155
846867897
762485384
26356433
120682033
965811863
898666118
316188576
421242743
604352977
179215071
721149261
798613487
585839442
324217837
803981099
1
372827121
74726817
9
666579248
607999836
247106911
918561155
402037891
311048833
255881759
377426278
140191802
813237545
769705706
198320670
513307409
295375990
746254351
626059485
214899360
361361626
428633245
457644265
129183394
710492185
753627117
54821128
273547263
610533183
938478474
37242190
597762196
658754282
874486161
720563823
308159934
773518161
614477028
375730952
244861657
767620884
624431705
174883312
481382158
363150890
580273855
957022932
683265721
287367338
361543400
975887821
962326660
716324038
949150963
274589732
30416713
934947988
741897333
617420518
396341903
543817301
670694792
68589248
130791464
588720074
995149061
235646953
742876557
1
196132082
462632945
549808699
167796650
967355353
136425415
223604866
393936406
10355634
549638214
133671306
935019218
468184568
930628290
958524790
245516522
875232022
457023424
469297447
713544030
891011348
748022100
841895464
179613090
861843495
369128835
182703808
523720521
290699487
637677024
728696876
521780688
47277848
160653057
153134417
7342280
141929280
45700775
588839221
194348702
191763349
657605540
600834849
181251696
621938140
112924062
241948505
732022109
851924966
456173317
561113451
10107635
850544062
550019460
990765484
731645396
399880031
799086604
625278223
52650
95605129
282350491
625951609
905699099
772925759
493881001
858451150
369933083
616916197
531421807
532398990
502330631
462566359
450857917
248859288
220593411
873391610
147148710
233480776
607024907
170435997
701356365
775176096
410730174
168179064
814268016
569646849
666499248
103368116
55039143
308412047
565193376
281853789
738014855
17942808
807383852
720005360
217600243
891441621
734162583
265804156
1
467111454
94787814
26233466
328542204
933006357
991058882
116103947
547684947
502739668
780772061
52463903
599470338
222673591
723161179
737794102
462821239
427915664
839521686
896763469
655577370
744138168
153321216
48857444
898578664
930932239
818845343
656419544
784262502
717409641
316088643
194169018
956212175
765504420
235163442
33350808
7113082
772309321
217032172
991353712
622202250
998749828
741824576
621577348
234521910
958049384
432838838
418981892
96472201
710603677
150507223
533426015
512921548
53850127
668283594
