1
999700925
608823314
895755333
500167130
424784199
640850472
880036566
409295595
803068101
897760950
960453132
917167739
836439476
656819252
317253366
724117800
971875168
77156714
235181479
199755274
339277428
683560698
615573972
710011182
942431814
125504760
413835096
497793974
18437071
84487551
771806440
757975390
965086347
315960047
769374382
296080584
694295791
343477230
451390536
81409630
767952849
579547913
548337402
409588177
984808374
563630190
832097356
240886372
55650
415204778
914109371
537082789
603873131
635408183
765753559
0
535884122
561282483
0
902690486
224284164
986793487
785278262
120813691
976984843
903609319
776211754
1
853577837
864030326
604648850
696025750
819452704
431792846
631397080
944151743
690719330
857476101
613483226
159156099
21555025
38423814
300529990
299867468
984644827
788542183
387137008
828720126
693684220
264488309
982716734
722616252
36056592
364444522
24013546
478229212
863449262
963184426
918373115
902211179
152158468
251955485
4670757
940675903
712987041
969930915
7797790
689902710
206569536
787768222
908281803
694811560
676911895
602318420
546795372
174798261
27578262
474097365
484368705
317427118
631877769
75102761
433207577
324787715
679929403
418499864
792696870
200168377
770260360
238073602
186156990
730311943
423075342
222034851
556056338
36572504
369572726
154389223
435054026
820316592
31345156
467231190
706606603
268437047
170699189
527565002
558589500
932569307
148698190
78927835
800662792
803295584
972106554
924805930
421027604
276049811
146811325
893907447
34130762
830579437
643701658
845695514
816981751
908126663
983686217
107908524
190900710
102576583
813868066
423564816
547586957
335198705
492764629
657202251
72320539
598967159
32561477
407331349
980810786
833821713
523421720
715140045
487063914
308958093
685378229
576524596
246648455
949787425
128677045
359223321
996931954
366666601
770176985
613314459
98196086
153328241
829098829
262139594
910620891
583204495
816486771
951498677
530261592
360230340
61997277
16598276
190627080
31165597
505844213
454456080
889642347
516344497
871433372
740547222
348359222
979926370
461824034
154774466
227693711
490613739
461204174
823144389
115786609
714930527
841878338
527208683
470385754
630132545
589945290
468099628
875252886
777893184
745876334
304568104
299988547
237546051
263267713
942730396
44310045
989728465
73389251
395102482
552488897
326496962
49608
688748940
252773240
859832354
804160536
240812690
67660034
202200027
213849588
480717025
849175730
993702413
170345881
732242757
850613751
775346803
815641235
685466680
803813254
945323642
417050037
1
341088347
241543373
41586236
65672199
841000346
30219138
345416647
367431673
908196317
9455555
648874193
12833429
284671678
31902433
949393510
693417940
114847017
3161642
576322845
927839921
111468355
521653957
113283276
548497210
800105888
788146649
955238205
368018904
507469263
263629157
194800916
903505235
217383763
909847430
755313562
289530005
741014998
353644927
938246173
753810118
828470794
695407402
583681724
424290061
880068295
99909538
24294703
666781527
2646510
469665098
269082719
552613231
969049605
70179643
242763091
266467019
826179707
574823724
885160031
897555398
708115892
843597941
628485346
175650905
993532985
432146730
356713362
333725091
539867930
837412632
483907548
510354537
866506670
517238499
968319169
574032867
40861255
5737317
758995571
789087252
796904560
527478461
863686408
462705527
862100786
821804050
950415205
312599899
305498728
426676945
34446105
718591935
559923071
248790895
541491963
681920520
303128879
694840573
586336915
656225859
651777476
303539254
887109305
335170647
928704173
621312613
693169249
686830756
191256746
364530275
829086425
441374353
82149006
959549620
677565074
879240551
901672590
59158530
565358796
50756324
50380067
736220406
696585356
596395853
119349258
852792701
990737378
272934345
174178292
36940952
421801721
745559245
664935432
740478494
421646629
43579310
621819047
569092931
780982804
246139970
364051667
416096083
805205155
634086519
557649684
281547087
383553431
515273707
270976872
764372397
70130422
919165647
547371720
438136654
509150030
644680720
894633725
192426810
672242918
350095445
517696693
450084089
245084054
472607303
96245917
851131935
760409291
37115812
284177435
543556717
264475737
75962100
168
620815315
253307278
650843703
400942197
23338660
857004829
381842883
571021066
945150407
796781174
155469325
879258673
480214631
133256227
275350440
654335372
793631659
535735571
929076055
703908151
900558927
54905229
381097090
405434996
436118438
241381390
903470644
751601892
770690843
399560278
5200
736592563
724526023
538795149
302571984
417284805
244142674
816449274
335894763
99471857
916606320
825688573
750323385
927054673
10167078
733171790
479485009
581588125
147542170
94837169
561263597
861777934
368280
196038118
313994359
14379960
311282094
644771515
345171236
313864566
213722974
931596423
299571409
895909680
53595892
889882960
233533949
665423182
37675
292782140
455577027
228738913
433878495
515131223
567327160
276049811
995482827
503541138
751912043
184982510
926197513
319055423
580220615
677528670
796251780
585452186
183257084
768301215
621112943
963214126
492933080
999564141
188224222
102852685
123366079
645126052
108391534
847185586
626402191
982088350
902322028
555487332
170921686
606240469
959134712
407576149
521701281
620975702
497325592
824917191
396687743
818731016
277890001
267712509
11258617
369011734
590400305
328450743
831809507
548054733
737683608
896629749
431066473
418031328
935381667
854416189
625329192
28403173
102229728
244301824
670112460
428267118
16476832
277513417
10111450
636107125
257168538
409746976
35260543
151407084
527596164
966845076
827870964
181010189
453363664
596414951
369180431
752914766
903827151
954331593
9009
390605787
533231513
117352386
915518171
29837348
375360558
816367674
733746170
709139208
384791970
817988027
164692859
17353815
425155989
757414999
155994598
304940716
197238203
933372425
355784445
682970949
32908663
916738289
440
247184765
624281057
8795268
883259539
336213314
383045046
549551886
663011842
303228551
962724488
241256794
431356608
313644883
232807551
749678916
697054168
700108440
593799432
497941267
967219987
377250408
177258643
34465582
734522179
969323655
597271384
732403164
627391783
593400789
773216681
557409054
182519134
147291624
223125563
739340490
593972398
307887487
875385003
572532158
9915861
548889580
937749060
83323609
583799731
325396832
148471478
810579823
815311798
854157579
33924201
331056002
44382963
479663581
694074277
416388160
976116550
139296542
53865
963423596
141415309
943684513
433570676
950830278
865518126
808211439
820123871
211435191
1
1
84970030
391211693
1
592445655
650268740
644113430
959165072
691098486
665226758
724906367
466002673
788705259
395496503
60867223
161751327
901933428
11088
879598976
371901180
384357868
769402426
964762298
885824855
680851785
184047051
966199128
250628935
972027641
911515308
977811736
622984912
609038674
654330463
348694427
694061946
591253838
212780730
842134905
856600786
981012479
885052221
851041312
896242437
963313119
516574314
653451632
15565365
93743496
899190440
392212599
486672053
40106879
343623188
733995474
122315360
820794401
632479679
57005571
825595889
671818257
836670568
17375911
750158582
556208247
794555957
824120310
35165375
112229160
304059805
380365690
826461598
758604229
877603920
99223070
113705398
766643415
635547685
189354935
291099492
230373013
289273221
7868078
714922419
779912120
768639680
62357467
988329071
747565024
623410661
242734360
949480618
557444
520039136
66685842
308842248
420589703
9584821
1363872
399797807
901029035
106121115
676354747
34640713
597623763
499727151
124647166
743557769
990117661
743108249
189964836
511740290
156235310
451683764
305128482
503506244
921485172
815032153
258210870
829367398
288882531
872197507
570609627
131962482
389606717
119154391
10812927
607540961
441049424
592477141
604674988
492135918
228414244
74185557
577236624
168383315
234006263
927715224
555388415
71247160
112
317009829
946085325
475385760
547725100
228865264
166693448
850087612
944109132
898858594
406501691
239711922
60954392
523801731
21700906
192216335
380853362
364355319
790020738
482828317
381877009
378170912
679290956
977120561
888767407
890908219
300816643
189885330
647297857
83742641
740059229
777226338
272804746
715895584
868210918
12285
479456073
178150873
945550585
766675714
170477259
734622026
13357826
962386364
852773900
624665295
176695469
888674889
57200995
792035708
449192834
913558635
963233036
432279557
369046583
940354873
312724304
783618750
102217367
949874586
718947657
26533465
622706862
698574606
485580541
104193077
644396773
153285426
94461129
956582812
23963710
188762650
507866860
283458684
801727330
344317247
285336184
677565074
627153772
586089959
624442921
275294240
330276609
689575052
906918522
434280987
41678184
179117851
862789197
243357987
461944184
797590240
402358337
184027297
547395672
198768085
427726424
510787931
640755894
284972823
197841042
750285014
361543400
705359343
92021167
742758140
843182233
83012124
440856748
942626136
167549179
889258439
157201611
165096500
593619601
479171483
197618237
1468665
745963608
162502813
713838514
8713493
801172775
93033816
812393985
517660483
940514896
981144041
236497400
149298501
473344347
483399015
377770795
837232330
86337509
344373892
113526635
826545862
968031963
94875373
963256409
738105448
390581557
291673213
980897712
233931967
16712920
788056557
347223594
417033637
733739152
725790867
771348901
549898546
839952608
413416865
920142224
755078538
16380
251046853
952639546
156756368
85335542
224329078
411592283
228072584
728857617
586694712
611045158
968063877
211634333
58247837
962452427
498985911
993091172
843423554
535280517
