666
1666
2666
3666
4666
5666
6660
6661
6662
6663
6664
6665
6666
6667
6668
6669
7666
8666
9666
10666
11666
12666
13666
14666
15666
16660
16661
16662
16663
16664
16665
16666
16667
16668
16669
17666
18666
19666
20666
21666
22666
23666
24666
25666
26660
26661
26662
26663
26664
26665
26666
26667
26668
26669
27666
28666
29666
30666
31666
32666
33666
34666
35666
36660
36661
36662
36663
36664
36665
36666
36667
36668
36669
37666
38666
39666
40666
41666
42666
43666
44666
45666
46660
46661
46662
46663
46664
46665
46666
46667
46668
46669
47666
48666
49666
50666
51666
52666
53666
54666
55666
56660
56661
56662
56663
56664
56665
56666
56667
56668
56669
57666
58666
59666
60666
61666
62666
63666
64666
65666
66600
66601
66602
66603
66604
66605
66606
66607
66608
66609
66610
66611
66612
66613
66614
66615
66616
66617
66618
66619
66620
66621
66622
66623
66624
66625
66626
66627
66628
66629
66630
66631
66632
66633
66634
66635
66636
66637
66638
66639
66640
66641
66642
66643
66644
66645
66646
66647
66648
66649
66650
66651
66652
66653
66654
66655
66656
66657
66658
66659
66660
66661
66662
66663
66664
66665
66666
66667
66668
66669
66670
66671
66672
66673
66674
66675
66676
66677
66678
66679
66680
66681
66682
66683
66684
66685
66686
66687
66688
66689
66690
66691
66692
66693
66694
66695
66696
66697
66698
66699
67666
68666
69666
70666
71666
72666
73666
74666
75666
76660
76661
76662
76663
76664
76665
76666
76667
76668
76669
77666
78666
79666
80666
81666
82666
83666
84666
85666
86660
86661
86662
86663
86664
86665
86666
86667
86668
86669
87666
88666
89666
90666
91666
92666
93666
94666
95666
96660
96661
96662
96663
96664
96665
96666
96667
96668
96669
97666
98666
99666
100666
101666
102666
103666
104666
105666
106660
106661
106662
106663
106664
106665
106666
106667
106668
106669
107666
108666
109666
110666
111666
112666
113666
114666
115666
116660
116661
116662
116663
116664
116665
116666
116667
116668
116669
117666
118666
119666
120666
121666
122666
123666
124666
125666
126660
126661
126662
126663
126664
126665
126666
126667
126668
126669
127666
128666
129666
130666
131666
132666
133666
134666
135666
136660
136661
136662
136663
136664
136665
136666
136667
136668
136669
137666
138666
139666
140666
141666
142666
143666
144666
145666
146660
146661
146662
146663
146664
146665
146666
146667
146668
146669
147666
148666
149666
150666
151666
152666
153666
154666
155666
156660
156661
156662
156663
156664
156665
156666
156667
156668
156669
157666
158666
159666
160666
161666
162666
163666
164666
165666
166600
166601
166602
166603
166604
166605
166606
166607
166608
166609
166610
166611
166612
166613
166614
166615
166616
166617
166618
166619
166620
166621
166622
166623
166624
166625
166626
166627
166628
166629
166630
166631
166632
166633
166634
166635
166636
166637
166638
166639
166640
166641
166642
166643
166644
166645
166646
166647
166648
166649
166650
166651
166652
166653
166654
166655
166656
166657
166658
166659
166660
166661
166662
166663
166664
166665
166666
166667
166668
166669
166670
166671
166672
166673
166674
166675
166676
166677
166678
166679
166680
166681
166682
166683
166684
166685
166686
166687
166688
166689
166690
166691
166692
166693
166694
166695
166696
166697
166698
166699
167666
168666
169666
170666
171666
172666
173666
174666
175666
176660
176661
176662
176663
176664
176665
176666
176667
176668
176669
177666
178666
179666
180666
181666
182666
183666
184666
185666
186660
186661
186662
186663
186664
186665
186666
186667
186668
186669
187666
188666
189666
190666
191666
192666
193666
194666
195666
196660
196661
196662
196663
196664
196665
196666
196667
196668
196669
197666
198666
199666
200666
201666
202666
203666
204666
205666
206660
206661
206662
206663
206664
206665
206666
206667
206668
206669
207666
208666
209666
210666
211666
212666
213666
214666
215666
216660
216661
216662
216663
216664
216665
216666
216667
216668
216669
217666
218666
219666
220666
221666
222666
223666
224666
225666
226660
226661
226662
226663
226664
226665
226666
226667
226668
226669
227666
228666
229666
230666
231666
232666
233666
234666
235666
236660
236661
236662
236663
236664
236665
236666
236667
236668
236669
237666
238666
239666
240666
241666
242666
243666
244666
245666
246660
246661
246662
246663
246664
246665
246666
246667
246668
246669
247666
248666
249666
250666
251666
252666
253666
254666
255666
256660
256661
256662
256663
256664
256665
256666
256667
256668
256669
257666
258666
259666
260666
261666
262666
263666
264666
265666
266600
266601
266602
266603
266604
266605
266606
266607
266608
266609
266610
266611
266612
266613
266614
266615
266616
266617
266618
266619
266620
266621
266622
266623
266624
266625
266626
266627
266628
266629
266630
266631
266632
266633
266634
266635
266636
266637
266638
266639
266640
266641
266642
266643
266644
266645
266646
266647
266648
266649
266650
266651
266652
266653
266654
266655
266656
266657
266658
266659
266660
266661
266662
266663
266664
266665
266666
266667
266668
266669
266670
266671
266672
266673
266674
266675
266676
266677
266678
266679
266680
266681
266682
266683
266684
266685
266686
266687
266688
266689
266690
266691
266692
266693
266694
266695
266696
266697
266698
266699
267666
268666
269666
270666
271666
272666
273666
274666
275666
276660
276661
276662
276663
276664
276665
276666
276667
276668
276669
277666
278666
279666
280666
281666
282666
283666
284666
285666
286660
286661
286662
286663
286664
286665
286666
286667
286668
286669
287666
288666
289666
290666
291666
292666
293666
294666
295666
296660
296661
296662
296663
296664
296665
296666
296667
296668
296669
297666
298666
299666
300666
301666
302666
303666
304666
305666
306660
306661
306662
306663
306664
306665
306666
306667
306668
306669
307666
308666
309666
310666
311666
312666
313666
314666
315666
316660
316661
316662
316663
316664
316665
316666
316667
316668
316669
317666
318666
319666
320666
321666
322666
323666
324666
325666
326660
326661
326662
326663
326664
326665
326666
326667
326668
326669
327666
328666
329666
330666
331666
332666
333666
334666
335666
336660
336661
336662
336663
336664
336665
336666
336667
336668
336669
337666
338666
339666
340666
341666
342666
343666
344666
345666
346660
346661
346662
346663
346664
346665
346666
346667
346668
346669
347666
348666
349666
350666
351666
352666
353666
354666
355666
356660
356661
356662
356663
356664
356665
356666
356667
356668
356669
357666
358666
359666
360666
361666
362666
363666
364666
365666
366600
366601
366602
366603
366604
366605
366606
366607
366608
366609
366610
366611
366612
366613
366614
366615
366616
366617
366618
366619
366620
366621
366622
366623
366624
366625
366626
366627
366628
366629
366630
366631
366632
366633
366634
366635
366636
366637
366638
366639
