14430666
17066685
11666306
9666132
6660121
16661469
21212666
1666303
11886664
16668168
3666606
14486668
16966611
16665767
9936666
2896660
6668512
14794666
19666883
4966616
16663135
22176661
5288666
11866609
2766650
13766640
3266696
19966618
10666072
16716663
16667773
6667039
15716668
6906667
16661727
17666644
20926669
16669510
11739666
5705666
5966687
3466618
3938666
7000666
5879666
13666092
14876660
13666877
14440666
14266655
166643
8866679
17421666
1566602
20584666
13516662
16663541
14666652
11886664
7656666
20666615
2666086
13968666
11260666
434666
4058666
11096665
9966663
12426665
16660628
3456667
6665787
6667572
9666733
86665
14666555
8033666
12666539
6660092
366659
746662
3623666
21666925
10026668
12666675
11005666
17166641
6663261
16661439
3306667
13666364
8066609
566699
1566629
19978666
16665233
21190666
2236669
5716661
11991666
19466694
18416668
6668805
6667567
17639666
14106662
6666722
21546661
4166692
15666489
19366610
16766698
17680666
666972
19997666
5666694
5376660
7140666
12906669
16661565
16669356
18361666
16666557
6663307
5776667
4099666
16662919
7666520
9466609
6666624
16667336
6665427
7326661
11966698
16667125
18296668
21724666
2666775
66642
13756663
19556665
7863666
21566659
4755666
3716660
13666995
12566679
2626666
3666412
11586666
3136660
6660098
16661990
9266615
8026663
5276669
15666002
13876663
14286663
4676664
2766678
19093666
10546669
13168666
366662
10388666
12666064
16667203
20576669
2666607
12266681
136669
20966600
11686662
13166662
11596668
15874666
15453666
3857666
2066649
20423666
6666997
17666715
16661325
16661996
11666861
1666864
19832666
6669526
12666561
6664483
14075666
1666604
3126662
6666034
11666507
11066630
16665706
15096668
13876664
6566638
16663244
15666783
12666641
16216667
13176668
5704666
14666862
7141666
466669
9566684
7666478
16663292
16216664
15738666
20476661
6766692
15766631
6669212
6667396
6036664
20766624
6665823
466620
6668273
7766627
16662785
19666988
8666695
3626666
17666185
18666239
13148666
16448666
18566681
10498666
16667431
5459666
11666237
13119666
21480666
21896665
866642
9066676
18091666
21666232
17376668
12616664
16116665
1666126
6663432
7666593
9666923
16662740
866636
16646662
17666723
6668045
21266627
7536666
13666147
8356662
5566648
17666614
17666839
16668233
21811666
9866615
11720666
16117666
11666955
18603666
16665953
17866604
3666942
21748666
3566697
2566640
19666575
21166636
10616664
16666589
20496666
2666473
6669525
9684666
6661002
10666585
7556661
6668495
16663630
16661435
13126669
6660382
8126667
6665519
14666990
566683
1426666
15581666
18271666
1366655
20495666
15066642
3666335
16664220
8902666
16046660
12966622
16050666
14666230
16666222
9476665
20666329
1696661
8506664
11796666
21546668
20366660
6664559
6661279
866663
20151666
6661040
8626666
3681666
11085666
1039666
16668584
18666291
14826666
18066657
19186669
12713666
18566646
11366677
16661226
22046668
18766636
12666660
17029666
6246669
9016660
6992666
3966632
15666104
5666127
11207666
4050666
6668486
4766683
666204
13666796
16123666
7906666
16669073
21980666
16668455
15116667
18666417
5366620
17666119
11496661
6667888
526667
6646667
8576665
13126669
8011666
16662580
6667773
6066612
16661770
17566631
15708666
21936660
22166616
6661291
14213666
7666346
18066670
11366669
5666585
6256668
5666817
8366619
12106660
8166665
17006661
11066614
6667924
11666476
10528666
12666012
16668454
14666784
8702666
18997666
11436668
7716660
13295666
2566696
20666311
19988666
2031666
10266680
6668718
5766687
6660597
21466677
6666317
666717
16666131
16663595
5977666
16667556
6660334
8666076
16598666
6667601
2666139
4580666
6436661
842666
6665249
8876665
16663544
14526667
6663543
17966632
8066692
14866645
2666822
12666714
12666555
16669972
6662002
9496665
8046667
5377666
14026661
3226661
8666232
12697666
16662082
666636
14666197
9666989
16668461
4666580
14366684
6166649
7766632
5736666
12523666
21066631
17666309
5384666
2866672
1166649
13366652
18866605
18011666
4666464
6666597
16666218
7506665
16386666
16662671
4166663
6668576
16665039
6726666
10166694
6662010
666332
21966638
6660515
6664407
16667427
22196665
20002666
14966681
1236662
7666022
19373666
16660733
17116664
9166606
8666432
16660089
11666812
18635666
1256668
3466650
17383666
4156665
7066678
17566661
21366609
6866671
6716662
18276662
5566656
3876668
15541666
16700666
4166645
2666563
19126669
6663337
10666684
10666993
6666658
616664
21426664
8666488
14666747
6736660
4836661
666463
10896668
9636666
10666118
14666571
12900666
17147666
14966672
18666114
6664307
4266624
6666357
12658666
7666347
19060666
13666887
9566683
2666150
16660910
1337666
3666943
15676666
3466697
14981666
2466648
18066695
19666382
8435666
6661660
6667770
7126661
12296660
8396667
839666
14366637
19666252
10346660
4951666
18493666
14964666
13386664
16660168
4051666
16866635
1866695
6660384
21666482
16166627
15116664
16669161
14666221
6663219
9822666
21266660
6660828
15126664
16664117
1666021
16664595
1166689
6660461
8666799
8066681
17166632
14396665
3666311
3766628
18629666
9566619
21466682
17766657
666211
6669150
6506667
17459666
19666989
666852
6466618
13306666
16661448
21666156
17336661
8016665
16662293
666140
16667872
7196666
5666995
20209666
14636663
11466670
8666491
8866623
10456663
18766639
22166620
11666504
14666634
4666584
6669539
21966610
20876668
5176667
19666299
3666857
8223666
10836665
12666672
6663371
6866663
1426660
20866630
11666596
22226668
13139666
6665563
6666201
9646665
6665421
2166615
12612666
16664192
14689666
21366692
21666870
6665179
6667747
16066684
4666261
6669151
12866630
8666022
16667074
6662633
16086665
16662944
3780666
6664997
1356668
21896669
9666486
466633
666587
9716665
6666496
8566687
20216662
12666318
8666115
18366697
7166688
2876663
16166620
1766648
6663518
18936663
6667258
12666444
16666092
15866656
18666696
13666473
10387666
13056661
21666233
19866650
5866689
13666268
11666035
6566610
16663695
6666878
8666982
666681
17366677
17656667
6663862
18188666
6668464
3411666
11666679
216662
1104666
6663329
7186665
9036667
16660159
11956660
13666427
14387666
5766695
2666114
7666065
16662650
266605
1566663
20156664
11746662
9416668
13666898
13666810
17146667
16669276
1671666
21066602
6849666
6661226
16668336
6667866
10125666
17666475
666154
16667168
3434666
1666688
18566672
19946662
8345666
19666121
3666713
1854666
14531666
8908666
13666070
17345666
19757666
13666712
10966654
22066618
16666093
16660329
6008666
8666717
20485666
5166661
2366684
6663732
6666116
16660529
10066698
15666559
4466609
16661043
16166664
10631666
18766672
11666528
18566677
15166631
2666495
21506665
16668272
8616661
13166647
15566634
13096663
6666799
20516663
4566608
15466636
18070666
16661755
11666509
21666299
21466625
4486665
14266619
1766602
178666
14966604
8866625
1246669
8006662
16666549
14906669
14442666
12666877
17068666
16667989
6662712
5076662
9666020
6032666
6666707
6668919
587666
6446668
6346662
16668159
11096666
4866656
7084666
8266617
15296664
16663041
16663481
16667054
4666000
1666616
17666984
6696661
5266658
17042666
6703666
1183666
18666894
19296660
17666963
13666470
16664284
12392666
12246668
6669005
15666959
16663422
16669946
15715666
16660529
9666335
2666637
3849666
6660441
7666968
4166661
991666
13666935
4666798
4666375
14666199
19666282
15666997
19466673
1666836
5988666
20643666
18843666
7959666
13666932
15666106
21666455
21566616
16664163
8366611
6669098
12966623
2666700
7766663
6665303
1186660
13173666
438666
866680
6661934
11052666
6616663
5896664
8676668
17036667
18806667
14986663
19375666
16606664
21696663
6662718
1276667
16663406
7586666
16667985
4566695
6660345
6085666
11666807
7546664
6665562
10876663
9666519
16669946
21316662
5866693
4236669
12666207
1246667
14396669
6665583
4566657
19466623
6996667
21226664
6667079
5074666
6669588
4866637
3376669
21666842
22086660
9734666
6660676
4057666
18512666
9654666
18886668
6661147
13386664
6666842
8376667
20756662
10366654
7176662
6466674
18366691
13726663
16669589
4686660
4666633
21766603
12446661
15666834
3926661
16669970
4816667
1666557
6662502
20628666
16666156
16664288
20806663
15076665
20388666
8266602
10366617
21666961
16668700
11966617
16664311
18666607
6666122
6662395
19556668
11262666
666825
2666604
12286662
6661621
6661597
11666487
16668987
16669679
11666282
18666364
16660282
16661412
20616669
12952666
15166654
16668112
16668669
17376669
931666
5616667
14366649
16665505
6662274
15264666
5682666
16666689
17266696
16665343
11666853
7466619
6666663
17666287
15666841
2166623
16866639
5206667
19466673
12666000
16661131
19886663
18666778
