266662651
1796966614
6349296669
5236664674
293366612
6311533666
4446662256
5096660453
55976660
1729654666
5096660821
4666784831
1596669331
4998783666
1521046663
4940166650
6661184075
1926667328
1330176663
3027466662
1594568666
6664546049
6343020666
967666412
6661957590
666655177
6561966693
3089236667
6466677008
3176660959
1796665466
6523666979
1573310666
428666339
6661421812
2686666946
4781986661
2350666814
343909666
2473666026
983622666
802606664
4206665508
2565156665
2516668905
2657166622
3666274917
5466684825
5976661475
2666067708
1766658513
766694934
1486296667
2666714331
1466689619
2726665507
66664896
1571666362
6662600726
3166996669
376661577
980891666
6664709821
6348576668
5406662562
2271466644
2634929666
2666355007
6195822666
393255666
2666220953
4364466622
6666883078
4168266626
1621866686
2326666113
3054106665
6666006762
4666447731
4246667967
4936928666
3666522597
3179750666
3567766668
3172426669
6661402730
2086666767
666129172
2266673437
1225266611
4166627502
341666022
5158136661
4674366672
952956668
3766643910
3668866613
6662658608
4452339666
1968566626
4446130666
5112666263
5966606755
449356667
1886663169
1304066637
6662685204
242513666
1072066691
636665368
3198666783
4666494614
6666237668
6667154770
5846667549
6662072554
757666864
5666355157
5366626738
3066681052
366628324
1329456668
2566635679
1939196669
6266646807
6476665844
1766624618
4666054503
4813751666
4766426662
6665923953
6664478023
4856566673
6662406353
5466600701
2910886664
5026346669
3048416665
5666728381
434531666
6664440347
6665290165
1666000823
2666629804
1381186665
879566659
1078166605
4496566610
6066642902
1655428666
2736667550
4566695316
2616666810
2345166642
6665992604
1270866666
4038806661
6107466695
6661612678
1271666542
666406504
2242536665
1011698666
1666165064
6663048171
2878966653
2636661041
866676047
6664339779
6660764314
6661509141
6660046553
4666819164
1703110666
6661512542
6664198504
6286669676
2566627291
3938166660
5876566609
5466618201
3666446147
506666770
4566634711
4166637294
3746665578
1402966646
6336666765
6666788456
3547714666
4387366628
101616663
6366684504
5496661719
1740666695
4704666672
2366603088
6662928221
81312666
266658702
6661574345
1460712666
3796663447
666158238
4150029666
1666464588
3227166620
303666832
2854640666
5666526107
5666462826
5502366639
1616662557
5264516664
3975656665
5666618130
6456665863
6666616572
4210966650
1266637139
1472686661
4870666369
6660883834
690566632
6192466638
5666657805
5931736662
1219366671
4702706666
1004576661
6664731467
5270266614
966605601
6660924888
5912806668
254066690
3951944666
3139666188
499666995
6086664094
2112566677
5916638666
5984566671
5772666659
5866613435
41630666
4690200666
666558480
3818666895
6339966650
6569366671
1166690821
2768966670
3106664895
2266612155
1166618603
6663330063
1538666238
2401666578
3666849067
5126668868
5256665557
4666041272
5223666833
3330833666
4177566669
6664448912
2656661325
922426668
1858846661
5173266682
5356664500
6666025992
6223666392
4566681643
566648129
4606664653
5696664231
666793546
5466620198
4725666691
6665325168
4766664199
6228266636
3866649532
5705683666
2666030689
1666049003
2966699551
6662781597
566621153
3066685812
3547775666
2666831039
628666747
5666957730
4666787223
5666427380
980166653
3707086665
6661533998
1666305828
2666900031
1236667285
666816123
1366625320
6664690613
6662217387
1235666345
705966658
5576662199
6223388666
5057666372
4736661818
4896366654
2166694203
6066679480
3666106953
5070066687
1386662142
6663372419
5566677168
4581666640
4466642580
5266666334
6166685944
6238146667
3114666281
1484673666
366631255
2926664635
6664334830
3666501530
5666878134
1687666807
3682496660
6662019349
566641631
6662236223
4616066647
5666604269
694016665
2589620666
3666545139
4666329516
5966640351
3986662324
3766617492
2093666062
4944528666
6054766634
5666921908
5666685462
2774546663
1666144817
6199887666
1566649014
6313366686
256668430
2953666084
1066620806
706926662
666252017
2166682172
3847666548
2606763666
1666048676
834666560
666637589
6666527993
2566686013
3166681111
5666495087
1486666278
5419766614
6663146314
6663055261
4230266672
6664108512
3277806666
1039666928
1266647667
804476661
6666969490
4964366683
5793346663
2856676667
186667557
6664729000
6665605262
6666480989
2882016662
566698406
3166620829
1566628109
301256662
3634366650
2510466614
2656661751
3835366696
324166635
566654597
1242896669
4625136660
3873343666
2567406669
4466643901
2428266601
4666040905
6666845089
4666947594
666398563
3351666757
146676663
3096667166
6134186662
5253666467
5080600666
3861591666
5166697083
6117666952
6665066505
666321387
6660054798
4666643106
4013666894
82194666
5417476667
494812666
1566635102
5992886663
6396667244
1356665547
6062546665
2236660999
2566634693
2807496665
6660692812
6662389748
4628666690
746667177
1804666815
1007666197
4066667393
1973666429
666597991
6665808932
6665197587
6377976669
6665468706
478836663
6660178629
3943766687
4666943602
4373666216
4666018505
5556566655
292401666
5227696667
5666024551
6660203814
3666804467
3889158666
5666339908
366671260
2776660960
4969666530
147066676
5241766629
366666201
2666541681
837666025
3276666223
1989166642
1666124674
5984336667
5784522666
2866631544
4666549600
2686661521
866698793
3467666357
3366623214
332666094
316667715
3665866659
5042266692
1218609666
187112666
4456660335
3017736661
5394766622
4534596663
3736663586
3936756664
3666397613
1269892666
1666542557
1062666915
5866623775
6466657799
6546466634
5222666742
6662373589
266612715
1370266661
3930866616
6662071206
266608490
6566666060
4666341686
6665799020
3566610053
6662176343
86926662
1666603829
1765703666
2666266584
5466653303
1066616396
977666789
5666377140
1666848571
563666559
5486667760
6486662074
106665072
3374666532
6666837520
4119666915
5252666233
6662178487
1612666724
5167806667
6266614097
466651681
6666697853
1025013666
5867058666
5606663571
936663263
3239276666
5666840166
4616666976
6660662707
2130471666
2221366665
6663986913
6660279188
6664080859
116665218
2123836668
6663887335
6665958159
3460666261
3066697880
5882666547
6408866660
6402966689
6664913416
6665509220
6421916660
1366664054
5966658345
666505545
5477246665
3469456665
6621360666
4666588444
666376171
3666376991
3030184666
1666953913
6665143551
2649718666
1636663094
2038666002
2266612424
4176476662
977666270
6144166674
6663193228
6663489849
1366628028
969126668
6661963305
936664017
1286660850
4666564540
6666644118
1463366644
3914666138
4835546668
2362261666
4823506662
4225156666
6566679607
666426350
3083309666
2349266617
331666531
1375366633
3322116669
6576668409
2334466623
4419666749
606663693
4539666992
5180226662
6153417666
2766610715
4570250666
6665493400
6666302156
5114166641
3666310070
3366611286
966609895
3566675029
6663684588
5073446663
6226666868
6666171024
4068866683
2566667514
2166356662
6660501753
3666872971
6661682352
6665988969
3647106668
4666415495
4457600666
3401666936
2415796665
1717666373
4676669449
876663559
3898726669
5666029684
1346660032
4017866631
324466619
6661851720
1266697744
6056662196
3676796666
5966638928
4096336661
1963217666
5259366624
1231327666
3886669190
4810666233
2727766689
1666971591
5296663984
448066602
6206663739
6316662942
3680666836
4666920023
2802316668
6572666507
3653108666
251066687
5024866634
3658666426
1766691730
4666604882
696666298
3785955666
3996660605
3716598666
495666570
6580822666
2366689877
902666758
5979266611
6377138666
1863466699
6466690465
6666702026
2614666400
6660047340
6664343130
2496661834
1566612741
1066647473
293053666
3366631504
6662980467
318445666
1980666841
666082859
1819566645
6662979896
6665738601
2497366697
4050216667
1901666191
6663053115
2980330666
4809201666
6661981606
3266656286
6066697289
2881946663
1481756667
4216665345
5653186668
981666864
1919666194
2817946665
2802066629
6666651907
2166646570
1500256666
6661794029
4975266603
1771666820
4666404897
5200666859
112346662
6661942965
407036665
1762266669
6660433810
673666966
1965666652
6469666795
3366661244
5553736662
466613475
666609078
1886669640
1776669032
666438492
5046661218
804876660
4938566617
6664315254
5466659750
2658066603
2176661538
3766656522
1436397666
5616660596
3046663337
6532666799
1394827666
203866656
2478166635
6662948813
2666327585
2293286664
3666139951
1206668760
4752866661
6548876662
2860066691
1294766694
6661519171
1815952666
6258276669
6661241648
3682446669
666485159
3466672512
2805546660
776667806
6091266633
4366602698
6661310084
636664633
991666964
158666921
6166671300
3675666078
6665519249
5981666219
3396669470
899081666
6026667801
6663651426
2666624794
3526669545
666407129
220085666
6196996660
1266647625
2666614928
6466661387
3863666105
1480666974
466662205
5266681592
3198113666
2261966651
666628618
4866643233
429378666
4276466601
1741515666
6660082048
566644305
6664676900
666117217
2127496663
6485816661
3676516668
1720205666
6665485435
1546665883
6662122141
1547427666
3841126662
2466626948
6206663739
4376669643
6665380187
2048886663
3530066652
3766699322
6651026669
4423056661
3110089666
5134566648
1925716663
4666694489
6665601129
666153513
4812666672
747666405
3566637610
1417986663
2595066656
2485916667
5370346668
6664559416
6366694201
805069666
2632666195
357266611
6076056668
6219666163
3666230111
6143226662
5218396669
129666146
3966635024
1176663775
4983666481
5165666539
3756661954
3622666417
3878666638
2666067961
1370588666
2113086669
5671471666
2966634373
1066635020
66629352
3593626668
913666441
1030666293
2666334498
6206662340
1324642666
5337016660
2425055666
1666828503
2666054503
1666532354
6661777875
4666762605
3866693542
6663042709
5951666345
6026661815
6660622923
2356342666
6664172872
3666719160
1596466698
6666286596
2766642574
666810012
6663178333
1315955666
5774526663
2666746464
5477716666
2680694666
5369866687
1566633024
666795037
426662498
5008438666
1992666856
3494366679
835666854
5766604489
2536668973
217666529
1650666926
1821354666
666724182
6662367350
1629666196
5276426663
2315266682
1311666222
1399396660
2666452857
5655666299
625566641
5692666959
2256058666
6663841966
2406664967
723666755
1666935855
266636927
4466614937
543104666
1430376663
5366693425
5913676667
4666576307
4977249666
2666923801
5899052666
2666708264
6664001734
6620666383
5629116664
5089666011
5697321666
156662362
3028866637
3089196664
6660324785
6199946661
1756481666
926662582
4246664431
5435666506
3666056260
3666811151
3466694099
666048809
5366645675
4333238666
4878416667
6661272089
5935988666
6266675089
1556663551
334726663
612666055
2074476665
2006664884
1066654771
6110872666
4486669905
4192666050
3800066624
192566627
4462558666
6660745759
5506662188
3236669396
4999841666
5400064666
5377966633
2714996669
6662072750
6042136660
6599306666
5366698624
681866692
6662774833
6663730663
573845666
2016666185
210666664
1050366631
3721366690
1666985054
4666081490
1314166620
5000166634
3496661679
1597666117
2145694666
3016668995
2089266696
1666790714
