4936667858
2167076668
3284316664
3666591500
6660045935
1681170666
5682266679
6664113905
4146665058
5666389976
4395866696
1116661179
2766685006
284766657
2167166649
6661472357
1756663119
994515666
6665693719
6666830547
6013886661
6660582641
5766670781
4546660073
1453666325
3566681818
2666563711
1196766614
6664196442
5666578424
6660532978
2666072689
2722711666
4266649359
666633305
3053092666
5666654871
2985106665
3487977666
2666922623
1566654047
3166665380
217242666
3052034666
4179966605
3694666381
427019666
2466688227
5819666603
5440166670
2653406666
1024173666
1466632802
4666600567
805266637
2158995666
1236662453
6266672782
716526662
6660439520
4666424476
3616230666
6667082973
1330583666
940546667
6664093375
466657305
4326648666
5395266636
5566671269
3603326662
829180666
2866613539
6662628953
3089666421
2164506663
266689659
2666654903
600266650
2501939666
6664104079
3686667187
5053166613
151839666
4644666850
4656776660
6662240088
5866689863
2778616668
5603666645
1559940666
4666392087
3536766680
1021286664
2134506667
666764926
36662491
2666003800
1886798666
6663467154
4366666496
6666306849
6662694345
627666623
836802666
4313706668
2566670967
4154622666
4681666199
5045266678
6666384085
5516663276
3066667951
5266611664
2666764485
3422366659
5207315666
5666843526
4372666754
4976967666
522362666
1855666214
6666608345
5873866648
6663152511
5506666793
6662270490
2427566667
6664116061
3166680406
5666518654
5923656668
2946664123
4579246667
3499266690
1666785770
936663697
6235232666
5615666640
516663009
6665068702
6663887219
2536667381
666776904
5666349503
3397946660
6664649059
6665845327
5982416665
666995623
3666904548
2389666152
4666398667
1100466680
4904066671
6222666300
546669717
6663519832
6665209639
666025974
1436286663
4726663417
4681936660
1220766621
666276127
393666646
773966694
3866629014
2016668503
666154272
2367495666
5167474666
5766678002
1681082666
6661581056
2080596669
3106662977
6664448396
357266660
1248366694
2400175666
6341666832
666612870
2601506668
1866636559
3666680376
3866659543
286669850
1066611927
3666981525
4520666005
4613666101
5666891975
6662303360
6660315453
666203695
4666644827
66678511
4696665590
666819665
1923666868
6662323542
5666592154
1993866604
5154266636
443666034
901166640
211666652
666716968
2146660170
1196663919
4966665004
5940466621
6665384639
4561686661
738566672
2728416664
166608868
6326663086
5566623183
2846556665
2276636666
6663300205
1585561666
5476263666
5515466639
3090666119
5270310666
6661685501
6667015371
836666259
5666842376
883776668
4054366674
6662675783
5666994198
3666727427
4130616666
6465666709
6662269237
2666025683
5491966610
4666798264
6666109014
4586661935
3466626210
4520966654
1666665682
2160366602
6338706662
5867666870
2666498004
6660189781
1013183666
867276663
6663209609
1436663611
6189656661
2302766648
1236660750
6661469587
3759666956
1718266633
4166639245
3162766686
3129028666
4476663839
6466697551
6583666554
906406666
4226668120
6616665276
5666498871
3666749715
1666485477
6286669877
2066640444
2296660053
2831983666
6665818183
2840666353
5666472355
5825446664
2160866633
6662420541
5666829690
2582366689
1537666807
1145566659
6662175141
4303366601
4266604442
4666192845
152666007
80744666
3930666021
1792996666
324332666
2706664167
4166635905
2976663583
160666409
6666677556
3922720666
5746661251
4040656662
1566612563
5900166684
966602838
5366627655
2977066629
473166604
6166682398
4993086664
6662301587
5666853059
5342234666
6662397068
4631106662
924266641
5595566639
4572666687
1866622459
6665272377
6331446669
2366642408
2099866646
4384176662
1826966683
6052786664
1501136662
4971550666
6663614100
3086661507
5291636665
4436668145
1185166689
1980066652
1977656666
3918685666
5919166683
4652666676
6663615488
6466664367
243366695
4634617666
4666089150
715682666
3382266638
3482691666
1332666223
466618045
6665599941
4498666103
2266654703
4112987666
4866604118
5421766608
6661266446
4879266621
2080166684
1273166637
5903666491
33409666
666637206
6486664437
2703666177
5712666089
2395666106
4666863538
6331666675
3666829002
4666649334
666595713
3266664126
5666829589
2866688087
3493266661
306669072
6444266617
1754966690
1766620750
666775581
107666850
113476663
3641366611
5721466645
2737666678
111866671
5914566603
6435866644
6266618405
1039666641
3406663757
6660651101
2996666507
4666294845
2566687949
4666928707
6662720561
6666074768
6667058988
3183517666
2666431157
6666256975
1666247434
1910266635
3232026669
486660535
6665901627
3504046663
1666583993
2986664023
6663124458
4666867548
3311526666
6395164666
377174666
4310666262
3788366696
6660427164
1003916662
6661974577
258766676
5911666696
263666348
1526663459
6378225666
1406665287
3326486665
730666921
5370666984
4266625227
2666976704
4086562666
6166685762
3666117401
6665265415
5777690666
1566626112
4373936666
2622666757
857576665
4968066644
6667123629
2846665446
5937244666
3797066676
4674258666
6306466668
6664045639
982846663
616664859
1902666791
666002353
2133967666
6662623487
3666606285
3688659666
726660439
3666052252
1739040666
3842626668
6006666797
5996663933
6667065966
5558254666
2666556090
3200666425
3010666017
3231528666
4766640210
166636166
2093006667
2040506662
3132666190
2860869666
3262066673
5666938442
3029036666
2748266646
4620666068
5008666689
2411366643
4777556663
5666631358
1066602589
3793666771
3034766668
826663424
4966663467
6665134627
1385416665
976667736
2338157666
6666712717
1066607379
1049666951
4166673982
4656664892
3003036662
4548269666
5023180666
1066662890
75566646
5324876666
2666882373
6665673235
5340666648
5744286665
4954546665
2505666536
1433766624
336663355
6566612811
985666384
4622098666
1280096669
6666731390
5326666421
352056668
3666259959
2666321607
3640966649
982966625
2866682701
2666657433
66675606
886661817
5666425532
2862666195
2326996664
5753015666
4478606669
5267966613
2207051666
4366630701
5342166623
2666700850
4093666442
666295668
2236669229
4953666736
4666476816
1056665038
5405666054
4080030666
4970276669
5457666231
6664806361
4656667403
6660900705
5366657347
6093118666
2748566687
2072565666
5886665843
2805666501
936662111
4280903666
4127224666
1339666837
6661348101
6266626777
6662052663
2829524666
166654187
3674266623
2090066688
6666732917
6066667666
4486669944
6265666458
4786662107
5996666895
3631546667
1986666554
2659391666
4666025898
1078666525
696664077
5851776664
5791266643
411666673
1352878666
4763416666
3666071424
2666638721
766680438
1541984666
1697718666
3723663666
5600694666
3810666165
3366641320
6665850752
3385552666
736662850
406664756
2338766672
1889626663
4701666764
5666483562
3636665337
175876668
5960466648
3062166697
6665289556
5485666044
5078136665
1722966695
4384316667
4666441920
882666232
3436663400
556663027
2500666828
2254666974
2776669693
4086669701
4434666632
2526666262
3666782631
2203449666
3028696661
6508666731
4666217650
1739169666
5205866690
5189466692
766698844
506661235
6662721821
4200666722
4261687666
3220797666
6665658439
3965056666
3435066655
4503326664
3863066669
1451666143
3105322666
832666300
2116669915
3689026661
4167246661
6666832621
6664500841
2607166601
6300706664
5460276662
6666929038
146666092
3066650095
6665396721
564397666
3903286668
6663330578
2621566641
1762166686
1051559666
4565666125
3095666795
4857996662
4066687182
2882666800
6661349628
6661489866
3766629352
666261901
2900266634
5642709666
5366681855
6665042536
6430666166
6663998856
3066615082
5747466679
6086669218
6374426667
626662301
5446664479
4666750181
666667609
3766614746
4772060666
42464666
2715666100
4731524666
6267266657
5566656643
2602526668
5666911975
6662611805
5166684162
5092666795
4276665960
5166685702
2043146664
6660106377
3776662378
4038916660
5081366615
2974246666
6660937632
996486665
6350186661
4895081666
3796667202
1866624011
4066679301
5794666890
6661225405
5336665827
1666802641
3766654019
774469666
5870346666
1958643666
6066654859
1791866686
6665916611
1078166628
4485129666
2196666580
3666126656
3849304666
2188666487
4862006666
4477066641
6459140666
806669814
3994566600
6660265032
5186668119
5666921791
2666985368
6559556668
2443896663
2376966693
2466629776
5469986664
574366651
5346066680
2666677253
4499634666
2797566659
6663408382
1181666848
4316668038
4116660707
6666589129
5666054059
5666501915
402766649
2836566630
6663359699
4666200218
1786626664
6662726579
4523113666
2775117666
6666574748
6662317851
1398866674
1666259773
4101666680
4927666651
6186664609
666137207
1666798915
6161196662
2482046668
366667424
2948126669
3316663414
5746661285
319666986
6596661706
891244666
6661752751
4643166688
2666894416
3666002028
596661644
5566636783
2066650295
1245266640
5538566601
5353546666
3906662502
6663339175
2548464666
2160334666
666901363
2866648479
2216669683
5666539876
4493896660
2621666380
6656667604
6496667266
5366664384
1666866189
869068666
2255866635
4003296661
5666418945
4666047801
6664468942
4566695986
5937113666
4811906660
3423876663
5400666457
6571666463
4166688589
2530473666
1326669947
3176966691
4942676666
1362666675
4472966641
3666629729
5708666409
4566647252
3560841666
6104011666
5580504666
4440486661
123666726
6428566663
2066607875
1566604619
6667004851
3466602522
2166615969
677866608
3666071673
3266625105
1266614846
611766616
3576665593
4286660132
4780466619
5978333666
666274366
5666297729
1666368099
1410676668
3732266656
4498466685
6631666268
2666061374
1241866601
298666400
6661497867
4666676630
3376663471
2280666409
1666526287
6661024519
666721147
1666496607
4552246668
1196660297
166675938
2889967666
1793476666
4566626604
1890996660
2666317083
251666244
192468666
1666371795
595666139
2137166664
2056666362
2462466675
4499636669
2746660283
5341066660
6660222735
452166633
1877666804
5456662932
3862666887
6466674468
4734666618
4166625916
3368556669
1066640809
4304566695
5966682633
69176661
3866680689
4366626526
5353666669
196866638
666474841
4942955666
3726660938
5270475666
2366665383
4437966615
5666532141
6314884666
1751818666
5666965396
4566645381
1328666119
575252666
500666831
3666987313
5816663946
2666988961
6665112988
5046660488
2012821666
1966632171
6179666430
5389696664
6256660890
3636661667
4406669764
2736216668
6663996341
6660589037
6466677591
6366650229
566691235
2916676663
6663816903
5215566609
6661623492
1866652583
855066680
6498166618
215566673
4489266665
3336668587
2316668068
2226066626
5666725556
4485666405
6665558496
6662263096
6665833528
666110132
3553066666
6593576667
4174666953
2550432666
2066683962
6661213868
4102666141
272666944
6426664555
1939566619
1766684453
666135472
4666716170
1816666102
2572377666
5766636920
1666919232
5866653303
6186660271
1609845666
1958890666
6126662788
6549666975
4566635024
666731476
4027566617
1599136661
666068897
5265747666
6664297423
1419867666
3647506666
4366607709
6356662604
1206665924
1596666168
4487666431
6667110725
3677911666
5286666822
2086664557
291406664
6631266682
6667044988
6665973701
5359449666
5666911389
4210066686
6324597666
2666856299
