5105196664
1746947666
5833666203
1666284897
4535987666
2666052611
3943666478
247116661
4272866694
6500666038
4712366678
6660140619
4666378030
5566609044
5286662011
304666080
2666239753
2120666559
3366627428
4906661480
6089497666
4666750968
4666646025
2366635458
416667242
5666350578
4226663168
6661096772
1234648666
25876665
4804309666
5666277962
1966680285
466628786
5289666719
666639353
3526665601
3066615713
3717766623
2492546665
6666300663
4486661322
6662220528
3786661561
3546661793
6126666243
787966621
6366665033
2766610673
5296668634
4105991666
2176669103
6662550396
2900366640
2124466610
3243366624
2666873999
66643577
3666333173
6661510048
4552976660
6660341655
5461666463
6660546731
4666024998
5858672666
2786821666
6667148284
3934666960
6661339604
2816669927
4866667547
1666324360
5006667615
666182043
1268482666
1166646449
2006668080
3666507968
2166648958
3049896663
5385666183
4666695979
4066681501
6660271704
6665177151
1666842334
4666436395
366691558
5985556663
5666889033
5898666602
5666645105
6660539653
3914795666
666060912
266606679
4666725750
6661647421
5066652540
4739166647
3666935362
4356663982
6196663760
2523026665
1666683753
6066659958
266690689
2173540666
2794766627
186663979
352481666
2023666256
1566658314
992666011
2409666096
5584916662
5421386668
2637803666
2566670906
6644857666
5284666594
5049666117
776667689
5353099666
706385666
4620366635
4920666778
6660298599
6664637310
2831666582
4217466696
2546669386
6566667138
3878308666
6566649709
3466674583
3634666877
6662337710
4623760666
1666904273
6622217666
6663629414
6660683930
6663311376
206662969
5966656038
5086661487
5843866603
5607689666
4095066657
6662728257
2466682645
2946662555
3666077918
5856667197
2266605937
2649666021
5966685325
4342666686
4112966622
1594066648
6215096662
1526663626
4230666844
6510059666
5466657917
4466625725
5188676669
2123336662
1747066608
6664093752
4356662961
6661304162
2666626081
2566652239
1666099546
6666334567
264526660
5366645079
2601166686
2196665086
5473466652
5666842177
1276166691
3276667573
3661666084
4566652531
5332996667
5053966696
5409666670
1622666085
3418666649
4782796668
2470066604
666089623
6663718204
846660850
3889078666
6663630861
1706661953
6568666829
4256665797
2944666745
5138686667
1576664605
3577136667
666434561
6666135690
6663297060
3666631808
2736661505
3971666373
5302666109
6664621232
2585586668
6466640069
2932666369
666290182
2666979710
5666575064
222536662
741766601
4266603636
6466689325
4412366656
6661511180
6351666753
1819825666
2066620615
2599466681
6266680975
797885666
2617778666
5820799666
2205302666
1666746159
1066622714
3111866651
6660638377
1306666358
5666036065
5266660628
5816669821
5138266694
6663602726
566613380
6664694103
1273306666
6189246661
3966638337
5666340833
4622666630
2666418562
3981156666
6266695447
1666178533
2911576661
4330266657
6662747338
2147966646
1666613506
5367366672
666255988
3497404666
5666667219
4298666775
6660238777
4581400666
666941756
3636664421
1566603144
4166665595
1807466691
1845556661
5902566663
492887666
3066663794
6665508271
966648413
5119684666
2710626667
901866664
3896665218
731066652
4396378666
5505666151
1173266690
6311216665
3666623400
3766616126
6066601320
6200066655
4366697532
6663403802
5541022666
3866669812
1066692136
6456666796
2942766668
2114946669
5166604069
5926906664
5966605264
236143666
1396665760
4783426669
5066678529
6489666034
2041181666
4866668709
1076668843
6662824965
5171266617
2066606792
3992666394
2606566685
5966627404
3654666229
5829666070
1736661748
1066639149
5666191641
245666856
3589366681
404316665
4306669987
4436667109
1881206661
4818666819
2202137666
666311655
6366643060
1966602194
4666949930
3016666709
4480866667
4266679913
2666898556
2366691429
2366655151
5666782053
666395748
3809666884
5355666757
1836660970
966617865
4293966609
2376666734
6564466628
2735986660
4866651069
4766651885
4666032707
1957766689
1814506660
6666948604
2666945569
6666667114
3635766663
6565666705
2793756660
6661990228
2968666616
5666698847
2176666337
6664774305
3816376660
6663860609
666584461
1136660809
5496662565
5295666791
666674315
709475666
4566636160
2993966605
4666555186
666211812
3475666836
46665241
5831666636
206665862
1176665543
3036667125
3015666421
1566601146
6662858326
2516665689
1066666143
4624666874
3866645066
3359666420
2776667547
2098266606
3521476667
3026146664
2427477666
1166685929
6023558666
545756662
5466646185
3362666584
6663453559
2122666899
3335266695
6016669069
5666020449
6661350042
4043666183
3636461666
6237866657
2776667890
3676536660
2256665781
2254456661
6665802138
5835706666
4094116666
3756669612
66686623
2026667752
6663837744
3326291666
666994201
5946660458
3092666335
4067096666
3619306661
5870166665
2666622110
6665525580
5366605830
966605337
6652196666
466680085
1666950385
196660767
6622666175
2984666906
4378186660
3537466606
3688666101
3666643784
3607666226
86662955
5366694318
1326226660
5775341666
666083910
3066612712
4866624972
6660844810
2886665886
2911666438
1326663162
6665422406
4666910447
541666632
266635073
2466635850
457473666
5666371701
5666384265
6661076881
2166609362
6663636820
461646662
6662273045
666453403
3066648273
6666803798
1666684967
476660403
4518336660
1856666074
1666749091
2241266622
6666520517
906660383
687546669
4366677351
5966614792
5406666526
4618110666
2036666411
2666091505
4746663914
1680666001
866674027
6661585049
980684666
4164136661
5774696668
3538666830
4808666044
3468966680
466643196
1666413162
6663535149
3666169560
6660592940
3036566631
6441645666
2563666581
6660858100
6664480514
6664150669
5527266688
1714966652
6661324208
1400666274
2298966688
5265266698
6126662082
3300166644
471526665
3666813164
1866651111
5666680863
6662978476
1666510524
6663273446
1086662152
3900088666
2166683933
5318166610
3342666512
1422066675
1649666022
2366612528
5666460106
1660406663
3862454666
4625696662
3163666975
5116663482
3756866612
149991666
2682766663
6660942458
6660871469
366681155
4536662314
5457722666
5709266614
4066677887
1375366654
6599386668
6236664651
3947266637
3198566606
1666540595
506663032
6216664027
1866644194
6306668332
434566604
5176668647
5244666840
6666604244
4091666304
5121766692
4398520666
2666766589
1913608666
415966640
1524666160
5648396662
4178076666
6666777279
1190873666
5337666176
1019666671
1366688708
2778186662
6661611366
1066664180
117336666
3937896662
6660905771
626166658
5245966639
4604932666
1938066607
5096665178
3073145666
6663596525
51284666
4126668096
3866644855
6665811038
5766644171
6665676027
6666772472
2358666004
778544666
2518366628
5886966636
3251166667
1607666027
4666303016
1666933197
879326664
2040666360
399666678
6639826664
5347066611
261554666
666327714
1791939666
6666016052
6166692850
5994636660
493186669
6666616448
298551666
2066656236
4666615092
2236660460
3066688441
2019730666
3866658666
1666555873
2366699511
2553766684
5754766652
868666613
6141666155
6665492412
3666495511
4366664093
5026669820
2355966644
6666814996
1368046665
3166616299
3367960666
6661281545
6560026669
3934366615
266623749
3183537666
1066654952
2666888247
6659066677
1423266670
5666396779
6660321058
6661666197
871166655
4787666834
4851096660
4677666780
5906660524
5666404035
4585279666
3335666556
3624547666
6666071862
4766625902
2566690429
1966684479
378456667
6069666453
1033366634
4976666510
6663847189
2521578666
3309666674
6663212551
6266622408
6007806664
2413666530
3452958666
3386661242
1647566659
6661973518
2753666276
4185271666
5017666071
4618266624
5666819657
1680666514
966645500
1653066694
3504996668
3966614987
3446662487
666857206
5762966699
6662049908
6415947666
5666353987
666749931
1762166606
666682567
5666104647
3666999771
2566637668
6661580009
6548026664
4641626665
6661422644
1738119666
797696662
2710266691
3466623910
2630066669
4876661349
1156661618
4124816661
5566650529
3666535921
2666708692
3666471503
3866680819
2551625666
6202896661
6662066938
6326664723
1826626667
1798896669
6663149727
5366632904
1766618372
5596666654
4306661158
2601946661
5153966660
6485666450
6664906510
466654306
6274236668
4986736660
1050666254
886166621
135466698
3226978666
5956666490
1826581666
5951004666
6663793102
2666643506
454666867
5367666361
5099666976
4316667977
766600136
3736669405
6666561350
5929666661
2867666359
5246664656
2899136660
508766650
3601666050
1360066661
1666165233
3666480767
666433519
4543506665
6662993754
5726668968
6665445253
1267666073
6166966616
5860866666
6663329610
1009876669
4366660975
6474666723
6366673762
1003419666
1356669616
706664823
6660961500
2026665513
4856664878
5415415666
3631966634
1518666217
1509020666
5037906665
1276661331
1301936669
5366634322
3466650718
2566661188
5766672671
3666659016
1777806666
6664988739
466632037
1166645308
2596665949
3666830620
6482166600
4764990666
6601386666
6662859049
6664884548
6066640282
1170966696
5790556666
1666827406
1992553666
4666042277
1566673471
1866678236
6662521746
1946166611
1366663781
6663607849
4166672820
2045766699
666596509
5166662465
6662498070
6662874661
4066688629
1301566675
3816661149
2996666949
4666784366
5466647100
5666773457
5344266699
5095276667
109326660
6406664192
4620925666
4409526661
5866646619
1666642944
2266690781
6605666407
6664934949
5004666287
5403666386
1678666553
6466631701
3324878666
4118056665
4666377776
759866602
2566696053
1612896667
6585666821
6660582844
2732466685
4666614652
2732866698
4666597904
866632074
2120303666
4376668005
330666499
913766688
3576666059
4138316668
2889866671
1299957666
1166605263
1766644201
6665846635
96766663
6066621099
5929806664
6664247372
5724936668
2983328666
535966639
666807194
6663390144
5639491666
2666610489
1690666550
4666028557
1448066678
2766630840
6327380666
6660803087
4692066646
525265666
2666379116
2866617761
2000776667
3666412820
5214666689
3166618962
2842522666
6666756819
796660840
1938566693
5636736662
1666805647
6660152502
284786666
1666580121
2666190984
6662886438
47846666
4666912454
6382576664
275666241
2009766699
1006660857
5918666764
5952407666
5556669847
6183466682
5262066693
1566637530
5970736662
6356667342
6662476064
3771766638
945166609
6660190988
317166653
1666093626
901466616
2503346666
1147587666
6665978721
6587338666
2382666152
6661001754
5014266609
3468066657
126366641
2376766687
5002226660
6662288065
674706665
4066691995
6216661615
1350998666
233056669
4338266655
694066657
4966685307
5489866610
3512143666
6661212275
5666157785
2471307666
1165666073
3214666099
1819666541
2725208666
6299994666
1327666996
3596716669
313888666
6661483523
1266657844
3669086669
2066603428
5869177666
6662120550
2818666403
5766629269
2383666429
5577766679
6211666228
6664534998
3666572995
3386466604
3855666801
5596667575
666101121
6466660078
5809666792
5070986666
4787702666
5633166605
2493580666
1131196660
6661722735
1674566672
5666619023
1466660052
3336669158
2472286664
5866656413
2487666519
2582666236
3982176664
666729581
4666111239
6666430728
6454466608
5566636990
6665648404
1522786669
6665935186
1666161900
6662158975
