5278166626
1471537666
766638645
266638855
3013966631
3476665793
2170446663
866650090
4417503666
6660076846
4566685900
4476664005
6516660055
3666932956
26660456
1466654952
4089166612
3255666962
6661741242
2857516665
5565841666
2668866671
3607697666
174836661
6666997146
96660325
5066648307
4666454910
2808466614
2063566651
3018666721
980515666
1829900666
4876667282
1594666838
5321766619
1272841666
3755382666
4105266623
2166621646
6660338411
5035619666
5966627953
4666196295
2743566683
1565466606
666303124
1876665668
6665387757
4560159666
5666434278
3966627882
5625666164
586666515
4049036661
4939666040
3640666444
866657662
6565376667
6666871499
4966638771
2056667738
3139666211
3666823150
602066642
3859666242
5280066617
4093746660
3236663348
6665303283
1566966665
1309266615
400499666
3056660806
5733466649
386664787
2052066655
1408666957
6661368320
1225266600
5862666595
6662423320
4366665272
6664933251
366678548
3208666261
4166687602
4060366615
5566670866
5766662941
2306664902
6664149986
249286662
4666299083
5087466628
545666519
471120666
6145418666
4072366689
3019666754
4654766698
6661948131
1666376629
4768666047
4058066655
6665343530
1966641722
4666653618
6660119806
1333466678
498666156
2791666458
366630172
5476669026
6666814392
666661529
5805096665
5033666490
736663094
6666970757
4366670861
1666423531
1786665438
3457396660
2866623347
3066674225
2172666014
6661752199
6012666326
3733258666
6663199803
2506662802
1966692012
1566667176
5046667903
4340816668
5857866676
264678666
666593558
966601296
3066636554
5266607098
3566612498
4979726665
244139666
4023626669
4666581971
2666772696
5686066609
2666642509
3766629829
3968509666
222560666
4772188666
1666029011
6261505666
3974026668
5666565369
4666079966
1018466602
6661673933
5293166637
6666882982
2452666073
6663499153
4862866651
2378236669
4901966649
1373666453
3666420427
1266683829
896661780
2146662256
4166613995
5586664426
2870666362
6663186150
215146668
166618968
1089155666
2032666449
6442626662
3176667988
1866633762
6666629208
2773666450
3276662697
1676661595
1205666307
5666846282
6306664508
6233607666
396836669
2064466610
5859066610
1267285666
1966628431
987479666
2466672411
6660047232
1666028506
6661162768
3523573666
3882666055
5125694666
2666418453
5477166668
1706664299
6040346664
4441156662
6661631512
666011709
2028666708
3151666477
1718766608
4274870666
2442629666
5076665360
2666216936
6662484250
762751666
5164666927
1542743666
6666625288
6661072183
2666199628
2828966639
6665079237
5226662702
4742766667
4206665020
6661309324
714566649
1019792666
4666934283
6344666221
6664990231
4978016662
6665765971
5701666228
6662502352
5666958757
5737486664
3566689661
5666987296
3836366670
3591414666
5906660185
412066647
6660988754
2059266664
306667838
1780666604
3666085167
6480666433
5476075666
1776664279
6664975225
6662599984
4516662962
5755136664
6664028278
657866619
4674666317
4452666925
6666405866
4122396661
6147847666
2566688580
595670666
2869666813
4112116667
2666533158
6666978462
2094856661
6286664308
5766651779
3836664710
4376668816
2162666331
6665015545
626466611
4366685278
5666869043
2286667116
3666620561
1438716660
1596664302
4476646667
486669732
3371666580
6664122984
96668332
216662824
6526660218
6662708363
5956663255
1206667502
1666910222
1106513666
1258846661
2563666793
4923537666
996662403
2326663107
6366638919
6665965386
3625366637
3666018514
6476660868
6665686923
2466659120
843974666
4666506580
4202766635
2966618402
6665497573
4996660400
2666020693
2514642666
5666823460
4666283647
1666521146
666796638
698666182
6054466677
6516066645
4466649461
1961238666
2966688840
2903144666
4666056990
5569374666
206661780
3591676667
983666119
6667114084
6566601723
4096466624
666979462
5666817770
6661644622
2546662864
1922966647
2066640307
6181666857
5026662875
720666461
1992759666
1866610973
3666160241
2451866619
2183666012
5425995666
1666813403
6664375029
2716660216
66691976
136668754
2836396660
3265843666
4476667325
6663800263
5932366650
2406662157
6266051666
4237666951
1318666155
4386660396
4320666005
4304466665
6663820666
5807646669
26668135
6660245097
2666283329
3721066635
6634370666
926666161
6665696312
5946696665
2897366627
6664975674
1657366649
6660413777
2556665813
4229266638
3666144697
4136881666
4596669350
3434486661
866609486
4884255666
2324136662
5820016661
3266616731
2103666418
2271756661
5286660380
5066609290
1087666556
3166667407
4128036663
3896661867
3666643200
4966618829
2529666869
336667596
4766655698
666078480
3666592293
2482666508
3356667820
1074205666
6661118070
566678747
1666249865
3666980605
3266677860
3714607666
1173666091
3666861715
6665700911
5666697497
2586210666
4012546662
5446669676
1766618323
5666950308
826663197
4656166644
2616660239
6663201758
6662026732
2046906664
2377133666
6665975943
666383668
6664392153
4566689997
4384697666
5066608695
6660284842
2421666165
6663029091
5666325330
4666800841
6663195969
6662188908
1867666920
6658866659
510066699
4622313666
4659966600
5339966665
518366622
221666735
6469666114
4198986660
6665095854
1866650601
6664891219
6660977642
5276660790
550666278
4306662308
1148516662
5151666623
3006663910
5305049666
2916261666
2156966678
2626664799
6466697634
6220226663
1366116669
566602584
1834666860
2523666932
6663669082
5666857882
4131666060
6666567321
1406668597
4276664811
5461691666
3515666615
6466616480
6665624034
304566607
973499666
1666349132
6302666566
2966675525
3963486669
2685866647
5742666629
6665516478
6665587983
1378666809
4198498666
599526665
1047366629
4046662946
5646661304
6665667922
4785958666
6666820721
5666385998
6066679339
1666098701
289076666
3166624755
3170686669
6466600865
5608296660
3956663245
6166617542
3177366655
6661072176
6107966682
6665051966
3246668735
5666225096
6666093468
695666702
253036661
5840166682
1166672488
4564666193
1697666926
1366686803
5001572666
2666654173
3806660446
4719580666
5258666793
2329266698
5275306669
666923636
5166623187
4232966607
4007836664
3666292692
2689266620
6661646870
4666926418
4666679343
666584261
5106665356
3402425666
366654002
5666512419
1766634090
1918466644
1666833922
6660400590
5666029642
1666936333
5566696533
2703566660
6661974708
4117666238
1766618376
5566661297
383170666
1266661514
6200666935
1423666493
666853757
1616667293
5666029616
5010996663
4866620325
3666471779
2095566677
3363666799
6664245398
3349366659
6172366605
5006665434
2236791666
3916666455
1032366664
1911266636
6063776668
3266637299
3286081666
6662333868
6661228086
6039126667
4211967666
5466688316
3466627905
4298786660
4766366623
5950437666
4766603503
3166637265
4166654338
564822666
4566631523
5508163666
6660132111
3280396668
1671566659
3059666490
3244666066
2006665182
4566620917
2649787666
2999946660
6662803536
4109966667
4564666874
66672755
5698066671
1866699232
6593536661
6664830602
1716661604
906666693
4104666117
534266643
1666367107
5586668655
6365966660
6667106683
6663210647
2019466661
6556664447
6666242322
3066617667
496666582
4044716668
6663607041
6663846231
3419966662
3167166649
206660504
4011866679
6661040313
3267969666
666234465
2666518049
2451666813
6266696264
3666345238
5950666871
3543186660
2612566680
4298666457
2116661021
2390346660
1159666350
4597356668
859666470
1985666212
6666899321
4786665856
779476660
3943666737
6663680464
5266685727
6660213916
5666486919
6663270042
6666410286
6487666810
2676966655
5833666439
1863632666
6663694817
6465764666
6467766625
366609250
4281666957
3033366676
6665673269
2895782666
4432666578
1608824666
6019926662
6663522790
1330066682
6366647892
2681766619
6664261985
4666668333
4959233666
5400866678
666245388
2618666776
5627021666
1456266632
6105766633
4666185062
6289966637
2346665391
2307666118
6662988106
1536667105
5687796667
793666637
6666370968
2666306729
5187175666
577778666
176664273
5966639449
440866674
3556668784
5170666672
644274666
66698837
5666173134
3361014666
4138666946
6535666387
4166616190
5806662476
1246660573
3815233666
6056668754
6247666981
2085766651
6665696203
4666591770
3636136663
6066601133
126669781
666230095
666471318
803366667
4066603181
4666063738
3721056664
4573526663
6666486572
1861666962
2036660305
2591086666
1274066695
5586662273
3166661418
366640174
6469666225
5059066669
1567666598
6442666448
3286662878
136660814
6606669690
4209466619
6663988428
1229268666
3590666558
3826387666
6662284409
4766618592
1926661273
5166619213
3666160313
3316669579
271466673
1164516662
2430729666
6662760876
883696664
4212566643
6665276224
3552266658
6582666024
6660191325
2342466644
5642583666
2566631946
5923896669
1164298666
4226662817
6196666402
4446662968
5985666783
6665076954
6664361444
2006966607
5766694100
4707392666
3116666110
6166632317
2666918903
6665148058
666243477
6660613964
170586667
4977166627
4581196664
3666575546
3307524666
936668340
3786667249
1123776660
5666679006
4666588953
2326665176
2580876669
1748466609
4542666237
5666731073
6666260109
6660541781
6663225565
3666750627
2469960666
5666233702
6466612535
1786662874
6166636341
3139026668
5086839666
4965786660
5276663153
6663086919
915736669
5053966665
4453666215
6662037153
6663490152
4086566652
1666754017
666599608
1354666731
2390466666
2668766687
2606466686
5166645436
1986661824
4842679666
1666312417
6663609489
266678664
3898286666
6660851411
4666877096
4994986665
5097866676
6660687057
3140666082
6665381326
4666808203
4829866664
5650666513
1129016669
3514216666
6661863288
2998666325
696682666
736664503
4218626667
3022211666
5366617044
4181766693
2766626342
2300316660
1952996661
2785666842
5987093666
4956661614
1366613843
4966600781
56752666
4696406663
5949677666
588666143
6407666393
1166643027
4166600770
2039666076
6663415583
442666450
1808266648
2146661713
6665512978
2264626668
1216669556
3402156662
6665206264
151928666
1616665950
5666222961
2766674249
2466693182
6599489666
4457666121
5666063484
3421666123
6663790076
610666010
2836663339
3166620991
5266633224
2097793666
4666479083
3588666478
2026662419
3738666088
6050266662
3468592666
3085166620
5610666890
5766655084
3446764666
1666252784
1865166622
666136030
6108042666
3610196661
918666316
3846587666
2810290666
6662170891
4666651612
4784503666
6366659125
5666821713
3666542181
1906664647
5784866660
6665639856
4326666779
1186666751
6665279255
1082666652
2219466679
976669823
2966639833
6662247253
3806566660
3786566637
866627464
4176660552
6610666373
666731284
1666649175
626665061
704931666
3691666025
4868166611
2528746668
5757666195
263266620
6006667136
666848958
713215666
5666455973
1518366670
1806661432
2866623076
1686669070
2173666039
1666516713
5641466697
1019456660
1477166643
2201466616
5866642894
3666607117
973276664
1166630187
5774683666
5756668984
5666198993
2420195666
6666991381
3988166692
6126663986
6665749583
2835766600
6660437391
2666611850
4666471143
6662100050
22666646
4196668225
6066674746
3366638989
401488666
4801589666
666260366
2676667008
6315666623
666079041
906663906
5126554666
3558206664
1289594666
4836665737
3165966683
5266697070
4113566687
