5666581688
546660199
1838716662
2566677614
4429611666
6665706553
6661388777
4666650410
5672166653
4866686204
994909666
4898666207
6663843452
891156667
5827885666
4053666421
3014679666
475626667
2666649653
1527486669
6594666821
2666863043
6247276660
1366619560
270845666
6071566663
6384206669
4666338658
6663185469
1486668018
6665262987
4416666552
4648266661
6660156322
4791667666
5666105455
2408066685
2636125666
2666977022
617536663
3574389666
3712666993
4942266690
6500566607
3206661417
6663200353
4466618028
331916665
439996666
5666870600
1573666924
6662259506
5296662545
3830666400
5488072666
4222246668
4259866667
2960666593
666335653
3426466642
860666937
3975386669
6664795690
1946669077
6663677883
5676669996
106537666
4482266677
2866645453
4466674498
5066605025
6663120882
2390571666
1943026669
3666881335
2996669826
1466698939
2305666446
3166276665
3496661256
1099666887
2266651376
4276666301
361130666
3766601798
2888606661
5266640261
4562026666
4078766612
665386665
4786662128
806841666
5363716666
6664244824
5766622279
3443786669
2461666904
6666997555
1241566652
5666810821
6141201666
2362234666
195496663
3476662876
5241484666
6664337531
2566653263
1346662516
666589060
126667012
3766652540
400466674
6145666926
4706668926
6515871666
2361666712
5906668291
3159466643
4666665007
2436664369
6521232666
3367700666
5566689604
1046667745
6176663760
3466675301
6266687337
1174211666
4666285830
1547866644
1066623670
4484766662
4826576661
3196766685
6661424690
2545766600
99666921
6661076728
6661925432
6662760479
6663214430
3609666061
5746662521
6661976621
2746664103
5427729666
3384666573
2666154253
1761666153
6661449397
1174694666
5447626663
4366696795
1370866638
4236916662
4984266639
666058074
1766650308
6017666166
6548157666
2746668272
4666182439
6236663329
322596661
661807666
5312331666
2366633345
6663154233
5943466667
1846866695
6660972981
5147932666
4136660656
2539466636
1766626285
3606666222
6660871167
2836293666
6541666495
5821666447
3625666685
6665857235
676966655
5406662663
4376660998
1016866681
809766641
2065666227
4430666626
2376662735
232766631
3584166668
4243666106
6164066654
6666232106
1666302749
1446669926
246956669
6139266627
6439066657
4496668165
666972952
6306667956
666865131
6314666818
568666226
6660033654
6661622242
5237215666
5365826666
2678566620
1120166657
6662613741
1166634725
2139066600
2769966601
6663517653
5776664422
4666314463
876660937
5666678368
4666254534
1576660969
5507066664
4842666687
1218666528
5335855666
3123696661
6665722524
886662015
3313906662
3914389666
4816664269
5466643695
3704876665
2466612235
4666701295
2270766643
6566683465
2931206666
6666520641
3169016665
3016662929
666768382
2666023622
5030866679
3666953019
4904666073
3366685764
6661687650
1505666647
6236661013
6666786329
2866632725
5666520954
2765061666
3066386663
603666924
4994244666
4756667794
5307266658
6660430433
4800456669
3666017623
4796668453
1666771506
2666916938
6666400079
4766664640
4336663786
966612473
2066694742
6665926939
5176667743
3263066646
2666381573
2148376662
6084016662
3666086849
4638666280
1905266608
1166756662
1216610666
4367769666
4666963245
4505966620
1046660551
466687624
5085666961
655346664
6666477130
6666995760
1332966697
6664876148
4216196660
1166653893
6665095785
6662747462
2064866614
1266654501
6152666697
2894866632
5045266661
5666948405
6664199989
1729557666
5869666855
3307266686
1766636922
6662125369
122076660
1850666782
1242862666
1652966631
3087811666
5666283462
6663228483
1614032666
667266634
4766661625
299666271
3701366609
3876966644
4692666375
5666502535
2896669240
4066626860
1191666874
471666971
6494466696
5966688548
3677804666
156668844
3046662101
4721501666
466662489
6665519279
1066675174
6296662852
6662495235
6440666408
2076664813
5993666857
3066689315
2586664420
6541536668
2410966682
6078566645
1575081666
3482423666
105666646
5568166620
1871666122
6582666906
626663065
5441766660
3166686305
6377072666
6661692254
6566685832
2946116661
2106666389
4466649883
713666438
320266639
920366626
6661954058
3666486226
2086668951
1776669815
646663129
3666965779
5666767389
1861044666
5666669861
1971076662
3518066638
4366652347
6664266875
695039666
6663678180
2446462666
3237021666
1994866664
666456353
3666333401
4433666376
1913366617
1956662436
809436661
6662197579
6348709666
3666388227
2696662601
2243666152
4966662789
5666838042
836667614
4474478666
1959724666
1566608534
4536661665
6366616242
6262966619
3835666201
281146661
4186668639
5558618666
6016664085
1866628785
3304266699
6664609385
2556866614
6392056666
6661358745
6184666117
743666221
6661657166
6664635661
3676663673
2228566652
46669912
5389366666
3516666189
5466683954
2169666416
4666293124
706667454
6666350478
6665470400
5532666661
4598666232
6660260373
109007666
4520766674
3792905666
6036662073
498507666
6666290604
6066647510
810666022
4276669448
6662874987
5446156669
5966649110
666038154
6664129355
2196667020
1353666422
4666064328
1606668755
3165355666
5666639195
3228308666
5600506666
3113216668
4666220341
2100666328
585666928
2726886660
4366639795
1256666444
2446666115
6216661990
4116660413
3782029666
5582616669
863466694
6664972058
4052926661
6662014435
3666094305
3266667882
213950666
4048466600
6456166653
5122248666
1381266651
664156668
1862666840
206664484
6660427559
666406027
2576665963
4845666324
286662008
1583966674
1137186665
4214566663
3364366669
3536669970
1666802999
2524466682
2815596660
2666145647
161036667
3312986662
6665321701
4441706669
2066630172
6660335125
6660720002
619466672
5866663302
5189666603
3155886660
4646325666
5368220666
2408436666
266612764
6662034641
4748940666
1446669341
1488266604
3786660301
1189744666
895666951
6524666337
3023476661
6667101119
1165766649
6666494137
3020475666
4640028666
496665892
6666371451
6665709968
4863905666
4706669845
2303666173
5328666569
4666936700
6660506309
1666263553
1286663535
5186660125
6660359539
3199913666
539666139
4615666673
6666118144
6586665654
5666005250
466697608
4254878666
670666474
3666679301
1566641414
1666359951
3472666585
4747278666
5346668818
5472997666
1008666509
3687556669
2666787207
6066688579
5366652264
669666810
5929676660
3835466629
3821466693
1766628519
5837666226
5666027646
479971666
6665418946
1666166076
266630690
5486416661
1363178666
6660811764
699126662
4762923666
2666704968
1666328752
6371822666
6329266669
6464266601
3548841666
6665760064
6463520666
599666239
4182216665
6396665919
666793572
3596557666
2540864666
1196662373
421246665
6108826666
5794659666
1866643689
3666109582
6531666635
2834766629
6666223187
4666933041
3086662017
2666784050
6666815663
666473610
978266607
175966668
6663905055
3666678560
1302666100
666057694
4405922666
6666279166
3866644216
564066665
4666168680
5376666330
966608071
1524666919
6662089169
6660965967
6662221496
3629666945
627175666
4364211666
366664147
6066679555
566648886
1666023202
5795666892
440166680
1666783382
1732869666
666479470
351266603
6166653331
293666150
66697201
2939016664
6662422857
2474465666
5441666380
1161305666
4929450666
6666713898
2424966633
1589336661
1156668942
6566603867
6665919609
6664993901
3410262666
6661869944
3556669259
4666342644
2666559499
6661126605
6663422814
1568888666
963766646
3880857666
3547908666
3499666709
566674403
1578966651
6663773572
2666284501
2687666462
2666878608
6663343097
2076306669
2226663528
3327046668
3480001666
2566256668
5456666394
1666062065
2066602067
6662341209
4867166622
1146665215
6663866366
3666844328
6456669104
1261666509
6112666698
4049466638
6662731369
3306839666
3806666207
666492945
4959246664
3023946669
3309466655
666946885
97659666
6609301666
5012378666
1549505666
6056660759
4706767666
946660971
250666578
3066683979
4849384666
127716666
2156667330
4006664178
246668538
1596666792
2695908666
1666848001
3188066692
2666971246
2028833666
4666418980
6666350078
5006661515
1786668218
4408046667
6566647765
5900666366
6660714966
6661372664
6401666217
6661397529
4876505666
5336667570
3101166695
6666617163
5066618794
6443066688
5566674479
5638199666
1066105666
5422666395
1139666076
6661787599
6302906669
5738466663
6666613441
364666006
5358446661
6662807317
3266697727
2856660498
5191666935
1669666373
3666484089
4103666183
4666522201
636663016
4986665149
5464666991
4525666838
466643041
5666614122
2666043857
6007366696
5873466603
2166642091
5666568371
5266526660
4666929616
1036667034
6661230284
6660292818
3266679023
6664616701
5382366620
5462566642
1366681462
3823166690
5366693713
6666779824
6664647012
6662297724
2666635650
2366683563
966605349
5888696660
1284206660
2836663190
2440564666
3676666901
2393066632
5566601143
2531246660
66609826
1236660822
66606589
6066648454
5313342666
5636666532
2566616977
6665059176
5159166627
5566652219
5266645595
170166620
1366654016
5666554061
4430466642
2666426988
70587666
737876668
3066653670
2036661620
6166651524
3817396669
5366683434
5996667791
1759166616
2415666062
3772666924
1666598183
6660306411
5538084666
2333566614
6662339781
4326269666
5854617666
666913814
1905166655
6665439636
5666754848
4027666403
6666717699
6666355532
2955666813
6660225578
4897666421
6146665849
5596663253
1454695666
1666707600
6662811542
657666131
6666751977
666855500
6663978335
1532666433
2025756669
5555736669
6435666331
3366629446
6661849298
3846660285
1905476663
6663836335
5066366620
528666607
2764666573
4173256668
4003766627
6660234681
3806666458
3526662352
2666756956
4766601069
5471997666
666920492
6661098996
6387266698
6660590884
1666531535
3316335666
2109104666
4508591666
4266684358
6666981303
3501676663
6662613105
4866660972
3666289491
2416663849
6502123666
1666720004
2666637172
766632002
2666064950
167666707
666305401
666687540
2666708319
6666706591
6666719576
1666169853
4163066675
5666034066
4977056660
6240041666
4531362666
6666953912
6666892218
5666021580
4199673666
4512066637
6662075987
2841563666
4546667543
3422596662
3208926662
2450986669
6111666900
1636662801
6662299176
6666744067
3696664707
2996664490
5304666192
5666197640
5224666636
6195666402
6182396660
6666370148
3666836746
2550969666
1266650547
5666820996
2892983666
2506665977
3752251666
3566620318
2537666678
998476669
4666769321
6661070500
6660291272
2937786669
3094666119
1938166609
2211876664
5179136660
2862627666
6664983421
1586416669
166611308
187666067
2666066574
6665237413
4816665023
6664925328
3084666934
5402096662
4666208544
263766679
1106663065
4666425695
917666973
4211166642
1671167666
2723366690
6663468103
6666544057
4666266029
3833672666
6366619780
1235123666
3366617943
6266660593
1876667016
4666926130
3986661612
1407186669
1218666191
1118266660
3540206665
146666639
3463866607
2566646644
5841666129
2546663045
3725666689
6662038336
6436566667
370366654
1189006660
666388476
5666026288
5876669107
5266699531
6195246661
1552488666
5946666452
3666419776
6664321360
1266602037
6466638448
166697313
6664147883
6663483361
3965218666
4999646665
3317666685
6662660251
4087466600
5666644448
5226664564
6260496663
856668722
6038712666
2111130666
