5777066677
106661927
4545666579
1128666705
2286669463
666439761
4982266664
5388166656
5816669399
5040866621
1466698726
2696667036
1366677005
6661541857
1345840666
5206667641
4566674089
846663702
6213430666
6466679749
6660103681
686665253
5085666178
6661625139
6666235427
614296669
246457666
2604666542
1046662325
3532666386
5666049608
6665366792
3726664660
3490750666
1716664151
3229666694
166607008
3320666714
3066613181
284406668
2666012399
5030866650
4005666096
6664167390
2566660241
1731603666
4216665189
4219321666
4985097666
5666123064
3052366637
462766609
3788835666
1516667715
6660859181
5911966689
5066623752
4518666749
3565966616
4239466619
1437506668
6663250907
5042666418
6660561908
3106660846
3686556663
2590666863
176666083
1566625763
5031166615
3666877103
3487126663
1076021666
6666924923
1249331666
2116166646
2366622961
1666281613
6307666923
3166653790
3906050666
3806661536
3866630180
3666064054
5200786665
6447066604
6667153178
3866675689
1666061749
439101666
1448178666
2151766622
6666080411
5223893666
6662505883
3303020666
2666060715
1511519666
6661374043
3666549291
5879866628
6158566600
5774318666
2061348666
6661493126
5358356665
6066675021
5066661915
5091906660
5660876663
4076667940
2852666380
5080646663
1016669586
5485584666
666415297
6283986668
3541266611
2266607633
633966697
4866627387
6660901800
2927466667
2946662774
4466649007
6452366677
3828666287
3066663948
3400666908
5666293890
5916661270
2666671770
4426665099
5177966665
6664458299
309266676
2646566682
4086664569
666181280
3486661044
1486166636
2866679050
2150327666
5215823666
3666009884
2243666254
2022666522
231306664
2379666511
3917266608
851766605
2429666019
2126315666
3224171666
2234998666
5387186665
2385288666
4876660074
4666294634
3232666515
5587033666
666688752
6666983518
635666163
4166633523
3666894176
6666412810
6666482146
2119466633
2666956912
6193466631
6577666380
2666227762
6665938884
4666487395
3926668871
4595777666
3166698125
6446668605
2338666866
3056662455
3416979666
6166669849
1633386669
3666819191
666111901
600079666
6335266676
916664194
2976664992
1128566632
586660781
1228195666
3426166642
3386661661
2315146667
3845736666
383666461
4666304513
5776669225
3666128485
959305666
4796665899
1666548328
6292811666
1666351712
1566632137
6664501763
4451346665
1926660127
5866630097
6654466654
5006661671
6660672964
4910914666
4636526668
3106669403
946056662
6660296184
5766416661
1555496666
2640378666
2220256663
1175666682
5205666283
6663357994
1383666272
4185766615
3166642729
3666374563
4919966690
4544326662
5501316663
3866683886
1943266618
6587308666
2006661690
6206661668
3236746660
2021666880
6324531666
3350476665
3651269666
6660718295
3204233666
1716660033
6665461526
3643666101
2496664658
6660942199
6663915738
823666690
5666038112
4576666144
474746662
1966600889
3298666663
4926664305
33986664
2276664849
666244116
4570366655
71666129
39685666
5146318666
4278786665
3261951666
102871666
2766623237
4100245666
366654765
4666744635
5984866680
3366662286
3512666106
2343666211
6665977611
6662029421
566640919
5666949981
4184478666
5927966610
3901566600
6124356666
5615606669
3101031666
4666457097
118466655
3266614907
4366646985
6663482587
1173316667
3615993666
3838130666
3633666486
2666620454
1720419666
6663486475
5026660647
6663011254
5277256660
905566665
4039326668
706660393
1666515706
6661112300
882366610
1694666170
6660197780
3666314657
1996876663
2618031666
2681066641
1666943322
5856667896
4666088348
4352666658
1264166689
6665330878
1463286663
4206662020
6664717194
6666765735
5266603684
2856667457
938384666
6662144313
1237166698
545466622
5266666792
6661013616
34666569
6662672554
1278166627
3656662803
6660963194
3021266673
3365666565
6666910277
5403088666
2723566642
3246666273
198666038
1185973666
6662336299
3129376662
6466667918
1899666197
1176660840
6563866626
1666050518
2980666498
6662297353
6660495499
315266624
2528766639
5903866627
3666711274
6667092922
5164596660
6665097395
3666756991
5412666605
3666915235
5326665598
4988666704
3723366621
1078966610
6662177941
5507666572
3051866627
5517996668
6662393378
1266629030
3827196667
131666742
4260559666
6244976663
6666392984
4746668590
5466605706
6663496170
2666795075
2466646598
3666017263
3085221666
95666436
6183526661
3666435622
3666403952
5080466617
3348036664
5266635558
2242666998
5956669020
4706668401
4736668279
680666220
823266636
977083666
2104236668
2233766633
6663531206
3033566683
6091666992
1916663503
666250132
212666504
4046724666
6106667219
3442946664
3575266617
2347912666
3666721783
4353926665
5126663596
2666051994
5411499666
6663457249
3666804924
3329896665
1666988624
5666416877
6583166657
6664041676
263666663
6267666145
6166636569
2078766667
2435514666
6665049362
6664618162
36656661
6009206666
6666582374
5706667926
4166681924
866616725
1316875666
6666413588
823666228
5193666731
2260776663
4074666615
1777445666
6135966685
6660154081
6664653183
3066609636
5866651209
5049216663
6662972291
4196661066
4213666446
265336666
2306660115
4442066614
3152887666
4266650867
2266612452
3166625074
6665922658
4166676025
5766643260
5576661058
5946667138
6663834486
5666292643
3496660219
1666679182
6661119928
6466689723
4112620666
6212466640
6513466642
5175186669
3886665703
366667189
3107166660
494666119
5160416660
6476661333
1666129826
5572666583
4666092901
4316667616
3046664008
2071666323
2866699052
2666735581
5347966625
2366624998
4666111141
6662810333
3721666809
5032546667
5666409435
6661239803
2608666149
3930776666
6664057331
626668836
6241026661
3626661098
666084144
3866616186
2126786669
5082346660
2610196666
4616667648
1046665138
3666773855
2298866654
6662959925
4126266685
3506660997
4527966699
1266674634
4950266603
1070666268
6664075725
5666327632
6661585305
2077356663
4027187666
6166660924
2466662621
522666306
5236664851
5830666201
4066632654
466646425
3096665008
1066694386
636529666
6140766627
6665365104
1666671707
5666019705
2576664276
5945302666
4008031666
1666204880
6664266982
1660827666
1144802666
4366677253
4797376661
2716663658
2362352666
4195876660
1728807666
1701857666
3037666600
6663714238
2573866656
5716662910
2829966632
4930866633
6266664979
6664952527
6660462693
766612685
3366629998
1436456663
6663790998
6666749453
6366625621
3666884323
1962566668
3634996666
3494666274
6665831684
984976663
5666598860
1646664399
2776661668
4756664500
1910825666
5666721223
5730050666
1067166677
6662179483
666610692
6366674783
968666027
3666692951
6662264373
466618950
3006665076
666122061
2636660622
2186660918
230805666
3107396668
6009666711
5016668361
6663202726
365402666
3666321585
6664419184
6666016115
4666957501
5816662028
672259666
5066628437
5494666540
5555466608
6661586011
3711066685
3944926662
3666515962
6126663460
3493666789
5018476661
892336661
4666926191
6640536665
1106666800
1666609325
6662121449
3856666338
612566654
5626665631
6665674068
4666236722
6662875423
6663787913
2666401412
4666814663
4166604769
3598452666
4198666714
6056662622
3549666052
1086667876
2666461340
2517666040
1116660721
3192216661
5000666202
6522369666
2503166666
1666992618
1076666672
2357666872
4666854280
5390596666
2666896898
3566666745
5123438666
4066642538
6666303909
3666749858
2358416664
460666194
4991216662
3319666868
666101543
704616662
3577666437
2956667344
4666540872
6666085801
3912276667
6660576086
1579766688
1766623619
5579414666
2703266600
2255466683
5759136664
6592760666
5666300067
5096662470
3876866663
6662336409
4926662027
4200666323
2526668099
5703666177
5866611378
6476668524
1717415666
6664690406
1036661133
3159666118
4666032650
5666118800
6664591294
2177666979
2118236668
3911066632
6506996664
5666958073
5736665452
1666423531
6098666945
6663981804
666593222
3952130666
6666130730
1351167666
3811184666
2157166692
1977666656
3926660240
6666058887
6366659238
4266698900
1966603816
2066681740
4350466675
4532366644
1686665589
3735666559
3730626665
562356669
6233356665
3300466641
6379306661
6442666179
1148016668
3866636242
6213476663
2666937144
1847466602
5526660697
6661044343
5696669858
6666327736
1981428666
5666218763
3426666062
5874328666
2158499666
966603194
4976566637
5409966636
1866654133
6663986011
6661440115
4666315176
396661789
4563666448
6346661705
5479676660
5481966684
1276661555
666266006
1066635915
6338666798
3432321666
5348156661
6661787091
6115666848
6657776661
4026662854
3366611439
6663036799
5406746663
1666923667
3366644380
4745666851
3669636667
6663923828
1652666117
6581566615
2766684044
6662933347
1460766666
4666754265
6661581728
5576662936
2978666741
141586665
4466669918
2176668449
5813466644
1666850417
5013118666
6660671551
6666348170
6663692169
160866625
766637371
1666821901
1466607012
6660717664
5666302016
4666130241
1056166662
666313915
3676667224
4572426662
6663017063
344496668
5641666529
4766608786
5766615465
6663486320
811026666
466629257
6660032276
6167466680
6662507422
3666392490
5258166660
2618066647
6661314048
2062666198
1306666662
4666795850
1266679298
6662259021
6660531219
1098966677
5319198666
2666861041
6508666339
2776669265
3675766658
655064666
2666290615
966633082
6628666380
4166693260
715666646
3896664371
62666174
6665910265
5776663677
6664877289
3811666549
701666442
2836665238
3801966652
4666969151
5675866611
3160466600
3966646571
3866670404
6066686921
6661430393
4267566697
6256497666
3666662321
6660467194
2016668238
176669910
6270666868
4866866662
4932776660
2666344857
1726667499
3666109117
1235976665
6659216665
4666426379
6278068666
6666234813
290666233
3212806664
3679116665
2286667578
6665648883
3166661533
5866687211
5766629917
5437740666
6661725896
5420856660
229476666
6662283401
923666190
5901206668
2316661545
2853045666
2020146668
6664534371
6660913119
6206664704
666763503
5721236669
1666592964
4836665534
2466663620
3136661854
3501024666
4856200666
6660552089
6603666878
4549766615
692066605
466666410
4666879825
666581545
6661108362
5966640599
4666600912
5009666693
582286662
5566610106
6466609113
3360281666
321809666
6662955542
6667066633
2696669834
4719139666
6663813267
3446666259
3945420666
4098126662
5463666935
1027320666
2306666126
6662948503
5400666353
666859973
2528416664
5639866666
4881556664
876668387
3666493200
2715866610
6660815338
5882666038
2001936660
756660149
2291522666
2566689884
6661186306
6662902926
1856668479
1692211666
5488666992
5045166651
6660882164
6665008427
2933666924
2766688782
6664733737
4148666009
5829036665
6662524364
6661211804
6660692891
3047566628
5423836660
5556668280
3184666082
6660925605
2666649747
118466694
2446666726
6016660955
266618598
6662224041
5559928666
6665432107
6662792366
6662917008
4453666467
3357866639
572896662
854568666
3856666681
3406664980
4935666920
5666691414
6662517129
566632172
2276662073
6662713018
1666609969
636669359
3247456660
2522666296
66620598
6662419566
3526669319
5666509142
2390366609
3983994666
6664694050
2318496664
1961427666
5251966623
2666871473
2936660306
6666652837
394126661
2766663740
3666609516
6660654823
1352746669
4206668742
2009466601
6356669845
