4535 9725 5462 2342 6941 8656 2309 7738 9431 5372 5538 4359 5364 8059 6513 2177 9125 2214 2060 9387 
5618 5041 3833 4545 6315 9297 7521 4698 4797 2435 3012 1859 2262 9975 2357 8101 2135 2725 8700 6643 
1771 4970 6620 1178 6179 3117 6637 8531 641 9418 8759 1156 5394 4619 6188 6828 7985 2389 3350 7628 
613 2083 9837 6021 8240 8016 1922 8537 3557 7368 4013 3304 2665 2828 9096 6209 9861 3253 1704 5099 
1227 9145 6239 6472 3717 6169 1230 4215 7571 753 8156 964 8255 1682 4820 6390 1312 3976 5640 4591 
74 444 7431 6183 7985 554 9538 1768 9715 2445 622 1053 1073 457 9150 4434 3223 2590 7636 6503 
3689 9917 4335 3433 865 8721 4390 4129 9245 8125 8866 1371 4357 6672 3293 7581 9043 9531 8888 4532 
9183 9127 7010 202 9391 2990 808 9133 9292 5054 8730 8585 736 23 5084 5556 6527 1612 5842 4783 
3054 1269 3200 4100 5355 5914 6186 4946 127 8212 7448 1200 1530 5325 4763 194 5331 8141 3051 4676 
5300 8487 9929 5195 1481 6954 9416 9059 4396 9402 3873 8199 2220 4047 6277 7261 4729 776 7970 6028 
3163 1504 3552 1961 1270 9466 5823 8232 7395 1556 3261 1760 4968 229 8214 5494 46 4353 13 8883 
9074 6462 8065 2665 9018 1405 2925 7721 1965 8880 189 6974 1473 972 8734 4366 6836 7770 8950 7600 
9890 4588 3670 6854 8625 9983 2656 3944 8297 1058 6828 3533 5235 6320 1286 6529 572 1555 2556 8210 
4257 3640 4724 1 3245 8276 5673 430 9076 8016 3551 6315 9963 5536 6566 3081 7461 3551 7151 6626 
5256 8420 216 831 4899 2572 6698 5139 3466 62 582 2235 7257 6982 1587 7771 5442 7147 6089 7012 
7417 7639 9425 5553 9948 5140 8723 3595 7495 8671 2242 7076 9645 2392 3255 386 2706 4297 2034 8838 
5738 6231 8977 9931 8522 687 7418 8645 6004 4068 750 8575 1032 7345 6990 2443 5743 1466 7412 4133 
5076 2156 127 410 2755 8875 9366 3623 7949 1799 2660 9266 1103 657 2482 5619 8162 8099 7426 6998 
5888 1910 3954 2517 8388 8640 3563 5386 4007 6200 5407 2806 2324 8871 9839 4464 8830 6220 9864 6751 
6963 1826 6143 4643 5921 5286 7101 9940 6058 196 7505 43 4585 5941 393 5903 6780 6191 9591 7178 
