9091 6988 6353 6066 2314 7004 7795 9773 5343 6599 1413 7426 3707 1445 8519 3876 6699 910 8610 7214 8193 5839 3490 6777 5908 1148 8292 9318 2518 237 
6485 6373 522 3594 3068 4432 3085 5373 7717 9906 1083 1886 3236 3652 6141 5669 7296 9187 3612 9813 1460 4481 7961 6456 8981 4881 9158 5356 6576 7119 
2885 9421 1693 3727 6381 648 9287 80 1875 7755 822 35 9876 4715 3573 8833 3647 4959 1088 6377 3462 488 2586 4050 4635 1454 1388 9161 9206 6671 
2186 2983 7823 8955 6438 792 803 5846 8166 6338 7943 4640 774 3697 6547 4662 2226 7603 9962 2160 7434 4714 4378 6213 9974 8516 4357 3026 2071 1948 
9120 9976 8582 6927 6804 2225 5727 6348 8323 7310 4565 9073 1668 7664 8140 5741 4905 8046 1970 8362 999 1460 1788 8984 8341 5184 2901 6457 1432 7505 
7803 3984 7484 8220 4447 1246 949 6501 6373 7997 9156 4630 1796 940 4326 38 1956 977 6394 5050 8551 1267 4254 4442 9919 5108 825 6177 896 2612 
6907 391 3190 680 4260 1930 8301 168 3417 8663 5233 5615 530 6149 5821 388 8465 8959 267 4798 6443 7690 1210 2004 4350 9466 7082 7605 749 9083 
909 9133 1212 4482 2855 1069 1853 4332 7182 5244 5439 6849 9996 2781 7925 8451 8098 3465 3095 9196 4386 3747 5781 5304 5719 3201 1140 9467 3222 8934 
3884 6400 9345 2288 2189 7038 5935 9497 8782 5800 2010 5385 9863 8833 2753 7366 9619 5085 9734 9733 5346 9113 8199 3686 785 8872 7135 3980 9324 9525 
1832 4945 8781 7696 3297 425 1562 8508 804 7213 8206 482 4850 4320 3825 9497 8314 4751 222 3755 0 4285 289 8352 3698 7779 5811 2693 1826 1074 
9879 2282 7080 4585 8478 2351 8022 3084 1227 2738 6393 9086 6348 5205 6518 162 7076 6012 9475 8748 948 840 16 3538 1852 6147 6151 2030 4561 6658 
803 2413 5463 1685 68 2592 5362 6106 7196 3652 2963 8457 3051 8680 9118 8729 2275 2103 3951 7009 2546 3868 4457 7196 1557 7614 325 2973 5177 4360 
5985 4671 9221 83 5033 299 3224 5984 9685 384 3446 397 4646 4852 9961 6018 1718 4841 6136 5941 5928 6014 9760 7025 7357 662 5779 494 4429 8080 
342 2997 220 3280 2193 8949 5839 4059 6946 2486 6443 7280 7082 9871 157 4035 5165 2603 2575 8362 5801 8579 2 9521 8486 302 6752 6803 1454 3737 
8827 7032 4834 6917 7809 6973 3277 6747 6115 6529 3479 1038 6789 9302 5369 6356 8569 5907 9417 4160 9 5425 5051 5078 1334 2453 8702 1921 6086 1274 
2777 140 2767 2876 2724 2625 6303 7304 1976 7246 3403 7807 2255 3763 3258 7594 2908 9203 7249 3530 9146 4720 8306 6619 1657 868 7094 798 6701 5695 
8448 4677 1755 4579 478 6860 5069 5837 3204 1218 9146 3492 2055 6834 5711 6459 8096 3186 1109 7176 6086 7771 3482 7626 6168 5439 1430 6967 9723 6786 
9288 9571 9640 2866 4821 8382 5491 868 1760 3718 9062 5366 4282 9139 2754 8897 9324 444 7409 6269 7531 5698 3781 2714 7312 3320 9293 6693 8066 3080 
5972 3286 7927 18 3140 6961 1959 1645 6324 278 6255 1765 205 5606 4124 4425 9352 2636 9812 7328 5803 9438 5636 2793 8853 7966 2240 6765 3422 448 
8371 1473 1137 2821 5721 4182 6087 2195 559 2038 9996 558 3488 464 1873 2627 1142 9518 2745 7527 4721 9376 1789 2928 6459 5081 8408 4280 4804 2539 
6572 29 7118 1264 1678 3695 8223 3678 4836 8062 3781 9112 2121 2545 3820 5072 2621 4652 2001 7144 1044 2663 1512 3708 846 306 5371 1393 2746 1580 
6660 7698 6106 528 2733 487 9762 3168 4140 1136 2604 7968 8904 8522 3452 3819 6857 9138 245 4323 2255 5198 9930 6441 6479 1987 1313 9620 2692 8420 
449 6226 5043 4188 139 4966 9463 1769 6043 3071 9600 1472 827 3937 7426 6170 7 9712 9590 2715 1098 6630 2226 9881 5395 9137 5996 2600 5484 748 
2822 6527 9697 6682 470 8699 4979 5069 5916 9808 3961 7978 366 9799 5373 7512 6333 9878 2557 7096 4161 9902 5295 2554 5428 365 8027 355 2729 2732 
4775 2379 3440 3508 9961 3235 8210 717 2520 3322 772 9854 5556 7069 3196 6283 1685 3628 2222 7339 694 8492 684 1303 4545 2956 9571 5152 3305 6978 
456 3517 4729 7347 4803 6953 2358 2938 3661 6171 9065 8277 3940 8672 2637 5076 4134 8186 6234 941 5716 1679 6940 1881 1250 4980 7313 9442 6303 7979 
3791 5526 2475 1801 6143 5115 2830 4142 90 7098 4671 1027 2094 677 8921 2009 5931 185 5230 4488 9325 660 8589 432 3768 8967 5014 9701 6310 449 
9709 7627 5108 6331 7704 7164 8809 3824 3961 5573 4027 8325 4990 5429 5663 9851 9132 4162 20 542 1497 6044 2945 1911 8824 5035 2124 253 217 5197 
2663 8312 7418 2205 4293 2498 1826 5679 3575 3455 5674 7492 396 9368 7377 4113 8834 6173 7029 471 2013 7417 3753 7102 2805 8109 4498 7347 1273 3363 
1428 1762 2613 6923 2226 3062 995 4452 402 9400 3114 1964 7991 3673 4051 1486 485 383 476 6437 6219 6666 8015 2876 4020 3919 7497 1333 8831 861 
