1269
710
174
174
1269
2219
2219
710
174
2219
2219
2219
2219
174
2219
617
617
2219
2219
2219
2219
2219
2219
2219
2219
3858
2219
3024
2219
2219
2219
3858
3024
3858
3024
2219
2219
3858
2219
2219
2219
2219
2219
2219
3858
3858
4649
6834
2219
3858
3858
3858
6834
2219
2219
5781
3858
2465
3858
3858
2219
8429
3858
3858
2219
2219
7078
6570
2219
8420
4918
9829
3858
9829
4918
9829
3858
2219
3858
11620
3858
11620
6834
174
9829
1269
9829
6834
2219
2219
11620
8429
3858
11620
2219
11620
8420
11620
11620
11620
11620
3858
11620
11620
11620
3858
174
9829
3858
9829
2219
11620
11620
3858
3858
3858
11620
11620
11620
6834
8429
11620
3858
11620
2219
6834
11620
2465
11620
11620
4918
11620
4918
11620
11620
2219
11620
2219
11620
5028
11620
11620
11620
11620
11620
3858
3858
3858
11778
11620
3858
4918
11620
1269
11620
3858
11620
11620
5028
11620
3858
617
11778
11620
9829
11620
8420
6570
3858
7777
3858
11778
13487
11778
6570
11778
11620
11620
11620
11778
3858
710
11620
11620
13487
6570
11778
11620
11778
11620
14506
9829
11620
4918
11620
14651
11778
9829
11620
3024
15283
6834
11620
11620
15283
11620
11778
11620
11620
11778
11778
8429
11620
9829
18788
11620
11620
3858
13487
3858
13487
11620
11620
21888
17710
15576
11620
3858
21888
11778
11620
3858
11778
18118
11620
11778
11778
11620
11620
18118
2219
11778
11778
23259
11620
2219
2219
11620
11620
11620
11620
6834
23259
617
11620
23259
4649
23259
11620
11778
11620
3858
17668
2219
11620
13487
23259
11778
9829
11620
11620
11620
3858
11620
11620
23259
11778
23259
18118
3858
9829
11778
23259
11620
3858
11778
11620
11620
11620
23259
23259
11620
11620
11620
17725
11778
3858
13487
23259
3858
23259
9829
23259
11620
11620
23259
23259
23259
18118
23259
23259
23259
3858
11620
11778
3858
11620
23259
23259
23259
23259
11620
11620
11620
23259
23259
11778
11778
11620
11620
3858
6570
2219
6570
3858
11620
13487
13487
3858
9829
23259
9829
18736
9829
21888
11620
3858
23259
23259
11778
23259
23259
11620
11620
11778
3858
23259
18118
11620
23259
23259
6620
23259
23259
20129
17710
23259
11620
11620
23259
11620
11620
23259
23259
11620
23259
11778
23259
14506
2219
23259
23259
13487
23259
23259
3858
11778
23259
23259
3858
18118
13487
23259
23259
11620
23259
23259
22262
23259
11620
23259
23259
23259
4649
11778
18736
2219
3858
9829
23259
23259
23259
9829
23259
23259
23259
23259
11620
6834
6834
23259
23259
23259
11778
23259
11620
23259
23259
11620
23259
23259
23259
23259
11620
11620
23259
13487
23259
23259
17710
23259
23259
23259
9829
9829
23259
11620
11620
2219
23259
23259
23259
23259
23259
23259
23259
11620
23259
11778
23259
13487
23259
23259
9829
3858
23259
11778
18788
23259
11778
23259
9829
2219
23259
9829
23259
23259
23259
23259
14506
23259
23259
23259
9829
11778
18118
23259
13574
23259
17710
23259
23259
23259
23259
23259
2219
23259
23259
24458
11620
23259
23259
23259
23259
23259
11778
23259
12525
23259
18736
4649
23259
11778
24458
18736
11778
23259
23259
11620
11778
23259
3858
11620
9829
23259
23259
3858
11620
11620
13487
23259
23259
11778
31904
11620
23259
23259
32777
23259
32777
23259
6834
23259
9829
24458
23259
24487
23259
11620
21782
11620
29306
23259
6834
23259
11778
23259
23259
24458
24458
26465
23259
11778
32777
32777
24458
29383
23259
32777
11778
5391
24458
11778
23259
11620
32777
27683
23259
11620
23259
32777
23259
11620
23259
23259
8851
13487
23259
32777
24458
23259
23259
18118
32777
32777
3858
32777
23259
2219
23259
18788
23259
11778
31904
32777
11620
26246
32777
23259
13487
30973
23259
23259
29473
23259
32777
24458
23259
11620
24458
23259
17668
32777
30356
27683
11778
23259
23259
32777
23259
24458
5781
11620
11778
17668
32777
32777
18788
26465
23259
11778
23259
32777
6834
23259
23259
11620
32777
23259
32777
11778
11620
6834
23259
23259
23259
11620
6570
23259
11778
23259
11620
23259
16781
26465
11620
32777
11620
32777
23259
23259
32777
11778
23259
23259
11620
18788
23259
11778
617
11778
23259
32777
32777
11620
23259
23259
3858
26246
11620
32777
23259
23259
32777
11620
23259
32777
23259
32777
23259
11620
29306
32777
32777
32777
23259
31904
23259
11778
23259
23259
11778
23259
32777
23259
23259
32777
6834
23259
23259
32777
2219
32777
23259
15283
32777
23259
32777
23259
23259
11778
23259
23259
13487
23259
23259
23259
11620
32777
32777
32777
24458
11620
23259
32777
24458
23259
23259
32777
32777
23259
32777
23259
11620
32777
11620
23259
11620
11620
18118
23259
6834
23259
23259
23259
23259
23259
23259
32777
23259
32777
23259
32777
2219
23259
10819
32777
23259
11778
11620
7777
32777
23259
11620
23259
32777
32777
6834
11778
23259
3858
11620
32777
32777
24458
23259
32777
32777
11620
32777
32777
32777
24458
31904
23259
11620
23259
32777
32777
11778
21888
29306
32777
32777
3858
32777
23259
18118
23259
13487
17668
32777
23259
23259
32777
32777
23259
32777
32777
3858
23259
23259
32777
32777
24458
32777
11620
23259
32777
23259
23259
32777
32777
11620
32777
4918
11620
11620
32777
32777
32777
23259
32777
32777
23259
32777
11620
23259
32777
23259
23259
23259
23259
9829
32777
11778
32777
6834
32777
32777
32777
32777
32777
11778
17668
23259
32777
32777
23259
23259
11620
23259
9829
32777
32777
32777
23259
32777
32777
23259
23259
23259
32777
32777
11620
23259
23259
11620
23259
4918
32777
11778
32777
32777
23259
11778
24458
23259
18118
29473
32777
23259
24458
32777
32777
32777
32777
32777
32777
32777
32777
13574
23259
32777
11620
23259
23259
32777
23259
32777
32777
11620
23259
32777
23259
32777
32777
32777
32777
32777
18118
32777
32777
32777
23259
32777
23259
11620
11620
32777
23259
23259
32777
24458
23259
11778
23259
23259
11620
23259
11620
32777
23259
23259
32777
32777
32777
32777
11778
32777
32777
32777
32777
32777
23259
32777
11620
32777
32777
23259
32777
32777
11620
32777
23259
3858
6620
23259
6570
32777
23259
23259
5028
32777
32777
23259
23259
30973
32777
32777
32777
11778
32777
32777
32777
32777
13574
17710
11620
31904
