-100
-100
-100
-100
-100
-100
-100
-100
-100
-100
-100
-100
-100
-100
-100
-100
-100
-100
-100
-100
-100
-100
-100
-100
-100
-100
-100
-100
-100
-100
-100
-100
-100
-100
-100
-100
-100
-100
-100
-100
-100
1832
-100
-100
-100
-100
-100
-100
-100
-100
2122
-100
2122
-100
-100
2122
2122
-100
2122
2122
2122
2122
2122
-100
-100
2122
-100
-100
2122
-100
2122
2122
2122
2122
2122
211
1098
-100
-100
2122
2122
2122
-100
2122
1832
2122
2122
2122
1832
-100
-100
2122
-100
2122
2122
2122
2122
2122
2122
2122
-100
2122
2122
2122
-100
2122
2122
-100
2122
2122
2122
2122
2122
2122
2122
2122
2122
-100
2122
-100
2122
2122
-100
-100
2122
-100
2122
2122
-100
2122
2122
-100
2122
2008
2122
-100
1832
-100
1832
2122
2122
2122
2122
2122
2122
2122
2122
2122
2122
2122
-100
2122
2122
-100
2122
2122
2122
2122
2122
2122
2122
2122
2122
2122
2122
2122
2122
2122
2122
2122
2122
2122
2122
2122
-100
2122
-100
2122
1832
2122
2122
-100
-100
-100
2122
-100
2122
2122
2122
-100
2122
2122
2122
-100
2122
1832
-100
2122
-100
2122
2122
2122
2122
2122
2122
2122
2122
-100
2122
2122
2122
2122
2122
2122
2122
2122
2122
2122
2122
2122
-100
2122
2122
2122
2122
2122
2122
-100
2122
2122
-100
2122
2122
2122
2122
2122
2122
2122
2122
2122
2122
2122
2122
2122
2122
2122
2122
2122
2122
2122
2122
2122
2122
2122
2122
-100
2122
-100
2122
2122
2122
-100
2122
2122
-100
2122
-100
2122
2122
2122
2122
2122
2122
2122
2122
2122
2122
2122
2122
2122
2122
2122
2122
2122
2122
2122
2122
2122
2122
2122
2122
2122
2122
2122
2122
2122
2122
2122
2122
2122
2122
2122
2122
2122
-100
2122
2122
2122
2122
-100
1832
2122
2122
-100
1356
2122
2122
2122
2122
2122
2122
2122
2122
2122
2122
2122
-100
2122
2122
2122
2122
2122
2122
2122
2122
2122
2122
2122
2122
2122
2122
2122
2122
2122
2122
2122
2122
2122
-100
2122
2122
2122
2122
2122
2122
2122
2122
2122
2122
2122
2122
1832
2122
2122
2122
2122
2122
1832
-100
2122
2122
2122
2122
2122
-100
2122
2122
2122
2122
2122
2122
2122
2122
2122
2122
2122
2122
2122
2122
2122
2122
2122
2122
2122
2122
2122
-100
-100
2122
2122
2122
2122
2122
2122
2122
2122
2122
2122
2122
2122
2122
2122
2122
2122
2122
2122
2122
2122
2122
2122
2122
2122
2122
2122
2122
2122
2122
2122
2122
-100
2122
2122
2122
2122
2122
2122
2122
2122
2122
2122
2122
2122
2122
2122
2122
2122
2122
2122
2122
2122
2122
2122
2122
2122
2122
2122
2122
2122
-100
2122
2122
2122
2122
-100
2122
2122
2122
2122
2122
2451
2122
2122
2122
-100
2122
2122
2122
2122
2451
2122
2477
6967
3388
2122
2122
2122
2122
2122
2122
2122
2122
2122
2122
2122
2122
2122
2122
2122
2122
2122
8555
2122
2122
-100
2122
3388
2122
3388
2122
2122
2122
2122
2122
2122
9137
2122
2122
2122
2122
2122
2122
9137
-100
2122
-100
3388
2122
2122
-100
2122
2122
2122
2122
2122
2477
2122
2122
2122
2122
2122
9137
2122
2122
2122
2122
2122
2122
3388
2122
2122
2122
2122
2122
2122
2122
3388
2122
-100
2122
9137
-100
2122
2122
2122
9137
2451
2122
2122
2122
2122
2122
9137
2122
2122
2477
2122
2122
2122
2122
-100
2122
2122
2122
9137
2122
-100
2122
2122
2122
2122
2122
2122
9137
3388
2122
2122
2122
2122
2122
9137
9137
2122
2122
10279
2122
9137
2122
2122
7693
2122
9137
2122
2122
2122
9137
9137
2122
9137
2122
9137
2122
2122
2122
3388
2122
2122
6361
2122
2122
2122
2122
8555
9137
2122
2122
13384
2122
2122
2122
9137
2122
11493
2122
9137
2122
2122
2122
2122
2122
-100
2477
2122
9137
2122
2122
2122
2122
2122
2122
13384
2122
2122
-100
-100
2122
2122
9137
2122
-100
2122
13384
2122
2122
13384
-100
-100
9137
2122
2122
9137
-100
2122
2122
2122
9137
1832
2122
2122
13384
2122
2477
2122
2122
2122
2122
2451
10849
11493
2122
2122
14568
9137
9137
9137
2122
2122
2122
2122
2122
2122
2122
2122
9137
2122
2122
1832
9137
2122
2122
7693
2122
2122
2122
9137
9137
2122
2122
2122
2122
2122
2122
3388
9137
2122
2122
6361
2122
2122
16257
2122
9137
10279
16257
10849
2122
2122
2122
2122
2122
2122
2122
9137
2122
2122
2122
2122
2122
9137
2122
2122
-100
2122
11493
11493
14568
2122
2122
-100
13384
-100
13384
-100
13384
2122
14568
2122
14568
2122
2122
12768
9137
2122
2122
16257
2122
2122
9137
2122
2122
2122
18809
2122
2122
13384
2122
2122
2122
2122
16257
2122
16257
2122
18809
2122
9137
6967
-100
13384
2122
2122
-100
2008
9137
2122
2122
18809
16257
2122
2122
9137
9137
9137
2122
9137
2122
2122
2122
-100
16257
2122
20033
2122
2122
2451
-100
2122
2122
14568
9137
2122
18809
3388
2122
2122
2122
9137
16257
2122
2122
2122
-100
2122
16257
10279
2122
14200
20033
20033
20033
2122
20033
1832
2122
2122
2122
2122
2122
20033
2122
18809
19387
20033
2122
2122
6361
-100
9137
2122
20033
14629
2122
2122
14568
2122
16257
9137
2122
9137
2122
2122
2122
2122
2122
2122
16257
19387
9137
13384
20033
9137
2122
20033
18809
20033
2122
2122
9137
19387
20033
9137
2122
9137
13384
10279
20033
20033
19387
14568
16257
2122
11493
2122
9137
11493
2122
2122
2122
10639
2122
2122
2122
2122
13761
2122
2122
9137
2122
2122
20033
2122
11493
2122
2122
2122
10279
9137
9137
14568
9137
20033
-100
2122
17344
2122
20033
2122
9137
2122
20033
9137
-100
2122
9137
2122
14568
2122
20033
2122
16257
16257
2122
8555
10279
25381
16257
2122
20033
16257
14568
7589
14568
2122
2122
20033
20033
2122
2122
20033
16257
2122
2122
20033
16257
2122
16257
14568
2122
16257
2122
20033
2122
2122
2122
20033
3388
2122
20033
16257
13384
16257
2122
20033
2122
27134
2122
20033
9137
2122
14568
20033
9137
18809
10279
2122
16257
20033
7840
14568
-100
2122
27134
2122
9137
27183
14568
27183
16257
20033
14568
2122
26868
18809
2122
13384
27390
27390
18809
20033
2122
2122
2122
26868
2122
2122
25381
14568
2122
3388
2122
27390
19387
-100
27183
26868
2122
-100
27390
20033
9137
-100
27390
2122
27390
2122
2477
27390
2122
2122
20033
2122
9137
20033
2451
3388
2122
9137
2122
9137
27183
-100
2122
27390
21606
2122
19387
14568
16257
20033
16257
2122
9137
3388
13384
2122
14568
2122
27390
2122
18809
2477
2122
2122
2122
20033
9137
27390
24452
1832
2122
9137
2122
2122
2122
27390
2122
13384
-100
18809
2122
20033
20033
2122
2122
27134
11493
27390
2122
2122
2122
9137
2451
11493
9137
13384
2122
26868
16257
20033
20033
9137
2122
2122
14568
2122
9137
20033
9137
2122
2122
27390
2122
26868
2122
10279
13384
2122
2122
27390
27390
13384
2477
27390
27390
18809
2122
2122
2122
16257
20033
2122
14568
2122
2122
27390
16257
2122
16257
25381
2477
27183
18809
9137
21606
2122
2122
2122
14568
2122
2122
9137
18809
20033
21606
2122
2122
20033
2122
9137
2122
20033
20033
27390
2122
2122
2122
27390
27390
9137
27390
2122
27183
20033
2477
2122
20033
2122
20033
20033
27390
2122
2122
27390
2122
27390
14568
14568
10279
11493
18809
13384
27390
13384
2122
2122
27390
27390
27390
27390
27390
27390
27134
16257
2122
2122
2122
27390
2122
16257
20033
27390
2122
2122
2122
27390
2122
27390
20033
20033
14629
15123
20033
27390
2122
2122
27390
2122
2122
27390
4779
2122
18809
27390
11493
16257
2122
27390
27390
2122
2122
27390
9137
2122
20033
27390
27390
9137
18809
2122
27390
2122
27390
2122
2122
20033
9137
27390
27390
2122
27390
2122
2122
27390
-100
27390
27134
9137
2122
27390
13384
2122
2122
27390
27390
11932
27390
9137
9137
2122
2122
14568
2122
2122
2122
27390
2122
14568
2122
2122
13384
2122
2122
27390
27134
2122
3388
27390
2122
1832
20033
13384
16257
27390
2122
2122
20033
2122
16257
13384
2122
9137
2122
27390
13384
2122
20033
9137
27183
20033
14568
2122
27390
16257
3388
20033
27390
14568
20033
2122
9137
2122
2122
27390
27390
13384
27390
9137
27390
27390
2122
2122
20033
-100
27390
27390
2122
27390
2122
2122
27390
20033
2122
3388
27390
2122
18962
27390
2122
27390
27390
18809
17511
18809
27390
2122
13384
9137
27390
27390
16257
27390
27390
27390
14568
27390
27390
2122
27390
27390
13384
2122
27390
10279
2122
27390
27390
27390
27390
2122
26868
27390
-100
2122
2122
14568
26868
27390
20237
9137
20033
18809
11493
27390
27390
16257
20033
18809
3388
2122
27390
27390
2122
27390
27390
9137
16257
9137
14568
9137
2122
2122
16257
27390
16257
2477
14568
2122
27390
19387
14568
2122
20033
9137
27390
27390
27390
27390
9137
16257
2122
2122
14568
20033
27390
20033
27390
2122
14568
27390
27390
14568
27390
2122
2122
-100
20033
16257
2122
16257
14568
-100
2122
27390
19387
27390
27390
27390
2122
16257
17344
19387
15264
27390
2122
27390
27390
2122
20033
2122
27390
20033
9137
27390
2122
2122
13384
27390
20033
-100
27390
2122
27390
9137
27390
2122
27390
27390
27390
27134
27390
27390
27390
21606
20033
9137
16257
11493
27390
21606
2122
2122
20033
10639
14568
2122
21606
27390
26868
27390
25381
27390
19387
27390
2122
2122
2122
27390
27390
27390
27390
2122
20033
2122
27390
27390
27390
-100
27390
27390
9137
27390
27390
211
27390
13384
2122
27390
27390
2122
-100
27390
20033
16257
11493
27390
9137
13384
2122
2451
27390
27390
20033
2122
18809
27390
27390
2122
20033
27390
2122
27390
22681
20033
27390
9137
3388
2122
2122
9137
14568
2122
27390
20033
10849
2122
27390
2477
11493
2122
27390
2122
2122
27390
2122
16257
27390
26137
20033
27390
9137
27390
27390
2122
211
27390
8555
20033
2122
27390
14568
2122
2122
27390
27390
9137
27390
27390
-100
2122
20033
27390
20033
16257
13384
2122
27390
2122
20033
2122
2122
27390
2122
20033
20033
20033
27390
27390
9137
27390
9137
27390
27390
27390
27390
3388
20033
27390
27390
2122
27390
27390
27390
2122
2122
2122
27390
27183
27390
27390
2122
20033
19387
27390
27390
18809
27390
2122
27390
2122
27390
2122
27390
2122
20033
13384
27390
27390
14568
27390
-100
2122
2122
27390
9137
27390
-100
2122
2122
2122
27390
9137
27390
2122
2122
2122
27390
27390
27390
16257
27390
2122
20033
2122
13384
27390
2122
14568
9137
9137
27390
14568
27390
2122
18809
14568
27390
9137
16257
27390
26137
2122
27390
27390
27390
2122
27390
-100
27390
16257
2122
16257
27390
2122
27390
2122
2122
2122
20033
1098
13384
9137
27390
16257
27390
2122
27390
27390
25381
2122
27390
20033
2122
27390
27390
27390
18809
27390
10849
2122
27390
2122
20033
20033
16257
14629
27390
27390
27390
27390
27390
27390
20033
2122
27390
16257
3388
16257
27390
27390
27390
27390
27134
27390
27390
9137
11493
27390
18809
26933
27390
2122
27390
27390
20033
27390
-100
27390
2122
27390
27390
2122
27390
27390
27183
27390
20033
27390
13384
2122
27390
27390
27390
27390
2122
27390
2451
2122
20033
2122
27390
16257
27390
27390
27390
20033
27390
14568
27390
27390
27390
20033
25381
2122
27390
16257
2122
2451
9137
27390
27390
27390
10279
27390
27390
27390
27390
20033
20033
9137
27390
27390
27390
2122
9137
27390
2122
2122
10279
27390
27183
9137
27390
27390
2122
27390
2122
20033
2122
27390
16257
27390
27390
27390
18809
27390
20033
2122
27390
2122
27390
27390
27390
27390
9137
2122
27390
27390
16257
27390
2122
27390
9137
2122
27390
2122
27390
27390
27390
27390
27390
27390
2122
2122
27390
27390
2122
8555
27390
9137
2122
27390
14568
27390
-100
2122
2122
16257
2122
18809
3990
27390
14568
20033
27390
2122
2122
20033
27390
14568
20033
