35
64
68
47
74
72
48
69
77
82
77
77
55
41
41
70
41
80
68
46
69
77
63
74
70
70
72
78
78
84
73
68
82
66
70
70
41
69
67
46
66
49
70
41
67
60
75
74
35
73
69
79
72
65
70
65
82
54
67
60
60
55
75
41
69
69
46
79
64
82
80
75
72
80
65
41
60
79
69
41
84
80
77
72
71
50
41
84
77
69
67
78
67
72
70
74
78
70
63
59
81
69
66
73
67
69
69
77
35
78
79
65
78
86
78
54
72
79
75
78
81
81
72
72
69
55
69
80
35
69
46
41
72
72
35
70
73
80
78
41
78
60
72
65
76
79
60
81
54
76
76
78
78
73
49
41
63
70
78
75
77
55
64
69
80
77
53
73
50
75
77
66
60
68
69
80
72
79
60
65
50
84
77
75
60
79
67
69
50
67
46
67
65
64
79
81
65
80
75
35
79
65
64
68
82
78
73
69
79
46
76
70
73
84
35
35
47
78
80
41
51
82
72
69
67
64
46
68
63
78
41
73
86
79
75
78
69
69
84
59
69
80
81
50
69
64
67
72
65
41
46
69
55
55
78
49
75
77
46
74
77
66
75
35
78
67
46
70
84
65
69
35
79
70
80
79
67
63
79
69
79
72
49
67
60
60
77
77
79
63
69
71
80
69
65
80
82
60
41
65
79
64
73
80
77
80
47
67
60
73
70
79
50
75
68
75
81
67
35
55
49
41
75
78
78
74
68
54
70
76
68
46
79
69
69
41
69
68
46
75
81
50
41
74
83
41
80
76
75
71
77
80
55
65
67
73
69
65
41
69
79
64
69
41
78
70
70
79
80
82
73
63
77
78
74
70
76
46
75
80
70
81
35
41
35
60
76
63
73
35
74
55
75
50
74
64
67
80
66
69
80
75
65
80
75
60
75
69
81
70
70
50
47
65
70
77
75
74
67
68
81
74
79
78
74
81
67
81
50
49
35
78
41
70
78
75
77
75
35
68
49
74
74
46
41
77
69
79
41
77
46
76
78
55
50
65
41
75
47
68
64
64
63
69
55
80
70
46
83
78
76
75
76
70
69
54
64
59
79
77
69
46
75
53
78
41
50
75
65
55
74
78
46
78
60
80
72
68
64
55
60
49
77
50
73
69
41
55
81
64
69
69
74
68
67
35
69
68
79
79
72
73
41
68
81
46
65
70
81
78
72
79
75
60
41
79
51
60
80
69
59
72
63
69
72
76
76
82
77
80
74
35
77
74
46
78
67
49
46
46
70
77
70
41
75
70
78
69
46
83
65
67
65
78
80
54
80
79
70
63
80
75
73
50
74
79
46
55
49
70
75
41
64
83
69
65
78
55
63
69
82
79
75
65
78
81
74
41
70
67
82
80
78
79
55
72
60
55
65
74
80
67
64
73
74
47
77
65
69
80
67
78
69
69
60
71
69
63
76
41
70
69
35
80
66
78
50
80
69
80
60
50
67
75
70
81
55
75
80
71
79
74
82
79
70
65
65
62
71
77
55
67
67
69
60
64
77
59
77
73
70
69
69
70
71
46
60
75
80
50
41
35
69
65
73
73
80
63
73
75
65
80
73
80
77
76
69
46
73
81
74
47
70
78
64
68
55
63
77
60
71
70
69
63
69
74
78
69
35
41
73
60
50
78
81
41
46
35
80
77
70
41
76
78
69
85
41
80
77
77
64
76
41
63
78
69
59
72
82
70
80
75
46
78
60
74
69
72
79
55
63
55
60
74
74
35
46
63
35
73
63
63
35
69
67
77
67
69
77
64
69
72
55
69
65
80
76
70
60
63
75
74
69
78
67
69
70
74
60
35
41
55
69
67
79
72
64
65
79
41
80
46
46
79
46
69
79
64
68
46
72
78
77
67
75
35
49
81
73
69
55
49
74
55
79
72
69
46
70
35
80
73
73
80
41
75
73
64
70
82
83
75
79
75
69
60
65
62
77
69
73
69
69
47
80
60
68
60
77
66
81
60
60
67
69
35
74
78
49
75
63
60
78
79
41
80
81
63
46
51
60
77
79
55
41
82
83
68
60
81
49
49
75
60
72
77
55
46
53
55
76
80
50
75
75
69
55
70
78
60
80
35
64
55
78
66
70
81
41
80
80
80
73
35
41
79
77
41
73
60
41
35
80
41
48
75
80
74
78
41
77
70
65
60
77
83
70
65
69
69
69
72
46
83
49
82
80
74
35
51
70
66
41
78
64
79
80
83
69
63
74
79
51
78
81
78
60
79
65
64
