22521
22774
22545
22765
22546
22745
22559
22478
22478
22763
22806
22612
22721
22806
22521
22486
22612
22546
22806
22524
22568
21506
22546
22745
22660
22545
22660
22698
22774
22745
22477
22546
22559
22524
22689
22524
22543
22774
22763
22541
22765
22563
22486
22806
22721
22524
22541
22774
22486
22524
22490
22397
22403
22765
22765
22486
22765
22637
22476
22543
22524
22477
22476
22521
22612
22486
22612
22612
22543
22713
22521
22403
22698
22721
22541
22543
22545
22521
22806
22745
22524
22698
22660
22827
22563
22478
22745
22637
22745
22477
22637
22806
22660
22806
22689
22689
22774
22763
22721
22384
22689
22486
22774
22689
22663
22478
22545
22524
22660
22397
22563
22477
22397
22545
22689
22637
22397
22660
22545
22774
22541
22637
22541
22721
22568
22397
22541
22478
22563
22698
22546
22477
22477
22521
22745
22689
22545
22713
22524
22637
22403
22397
22721
22486
22478
22660
22477
22827
22541
22445
22524
22476
22403
22568
22521
22660
22486
22698
22637
22563
22477
22397
22476
22713
22478
22541
22745
22524
22660
22827
22637
22698
22660
22763
22476
22568
22763
22397
22521
22721
22763
22698
21426
22568
22698
22827
22490
22689
22713
22774
22745
22637
22774
22476
22563
22476
22745
22521
22476
22403
22563
22698
22541
22545
22765
22543
22563
22524
22524
22698
22568
22397
22774
22721
22827
22543
22660
22663
22524
22774
22563
22559
22543
22689
22397
22689
22663
22490
22541
22763
22698
22763
22521
22533
22698
22806
22745
22637
22559
22521
22478
22559
22612
22663
22713
22563
22568
22490
22774
22637
22397
22490
22827
22559
22774
22612
22721
22568
22698
22689
22765
22543
22774
22774
22745
22543
22545
22545
22397
22721
22698
22403
22713
22713
22477
22689
22476
22660
22774
22806
22476
22806
22663
22763
22521
22698
22637
22490
22559
22543
22689
22478
22477
22541
22490
22477
22397
22563
22663
22476
22721
22524
22774
22660
22763
22612
22698
22698
22490
22774
17934
22663
22806
22660
22745
22612
22689
22612
22721
22827
22559
22546
22524
22774
22563
22541
22490
22763
22698
22568
22763
22806
22827
22403
22689
22612
22774
22563
22765
22559
22563
22541
22397
22763
22397
22476
22721
22490
22698
22698
22568
22827
22478
22806
22476
22721
22637
22689
22568
22806
22397
22546
22698
22806
22698
22546
22524
22713
22521
22477
22612
21670
22745
22698
22637
22637
22477
22827
22546
22490
22745
22568
22521
22763
22660
22486
22774
22545
22713
22637
22806
22663
22698
22486
22490
22663
22403
22543
22524
22521
22721
22660
22490
22660
22660
22559
22745
22713
22660
22713
22663
22689
22563
22689
22689
22765
22563
22524
22713
22774
22546
22403
22806
22403
22689
22476
22559
22541
22745
22568
22774
22545
22476
22559
22563
22660
22476
22745
22774
22477
22827
22486
22541
22745
22713
22713
22721
22477
22403
22563
22563
22476
22774
22698
22612
22698
22403
22476
22477
22806
22477
22721
22477
22541
22774
22827
22543
22713
22559
22827
22827
22745
22478
22637
22478
22476
22486
22774
22521
22774
22698
22713
22559
22477
22490
22521
22612
22478
22559
22660
22559
22403
22477
22660
22698
22774
22698
22827
22403
22545
