FMJODIBNKPGLEACH
BAHCFPLKNEOMDGIJ
LEDNGJHOBCAIPFKM
KGPIMACEJFDHLNOB
PJLMCEKHGNIFABDO
OKIDNGFPCBLAMJHE
EBCFJLOAMKHDIPGN
AHNGIMDBEJPOKLFC
CFGHAKEIDMJBNOPL
IDOPBFMLHANKCEJG
MLBKPDNJOGCEHIAF
JNEAOHGCILFPBKMD
GIKJLBADFHMNOCEP
DOMEKNJGPIBCFHLA
NPFLHCIMAOEJGDBK
HCABEOPFLDKGJMNI

PDCMBJALOKFINHEG
NILEDFHOJGMCPAKB
BKJFIEGCAPNHDLOM
OGHAMKNPDLBEICJF
DOKHCAEFMBINJGPL
JEGLKBDHFAPOMNIC
FAMCGPINLHJDEKBO
INBPJLOMKCEGAFDH
LCOJNMFDHIGBKPAE
ABPNOHKIEFLMGJCD
KHEDAGPBCNOJFMLI
MFIGLCJEPDKAOBHN
HPAKFNCGIODLBEMJ
CJFOEIBAGMHKLDNP
GLDBHOMJNEAPCIFK
EMNIPDLKBJCFHOGA

MFHBELPOACKJGNID
JEKAFCNBGIDPLHOM
DOGPIHJMFNLECAKB
CILNKDGAHBMOPEFJ
IAFJOECGLDPBHMNK
GLBCDPMHEONKJIAF
PHNOBALKMJFIDCEG
KDEMJIFNCHGAOPBL
FPAHMJECNLBDKOGI
LNDKGFOIJEAHMBPC
BGCELKHPOFIMAJDN
OJMIANBDPKCGFLHE
NCJDHBAEKMOFIGLP
AKIGNODLBPJCEFMH
EBOFPMIJDGHLNKCA
HMPLCGKFIAENBDJO

BMPNAJHCDKFIGELO
FDAKEIBLOMJGNCHP
ICEJFONGLHBPKDAM
LOGHPMDKENACFBIJ
EFLPOGMJBCIHDANK
CIKOBNAEFPGDMHJL
NGJDHCKIALEMBPOF
AHMBDLFPJONKCIEG
ONBLKFJDCIHAPGME
PEDFGAIMKJLBONCH
JAHICPONGDMELFKB
MKCGLHEBNFPOIJDA
HLNEMKPFIBCJAOGD
GBIMJDCHPAOLEKFN
DPOCNELAHGKFJMBI
KJFAIBGOMEDNHLPC
