4500
4499
4500
4499
4499
4499
4499
4498
4498
4498
4496
4494
4493
4494
4494
4493
4492
4492
4492
4492
4492
4494
4495
4496
4497
4496
4495
4493
4491
4490
4488
4489
4491
4491
4490
4490
4492
4494
4496
4496
4494
4492
4491
4491
4492
4492
4493
4494
4494
4494
4492
4491
4493
4494
4495
4497
4499
4499
4498
4498
4498
4498
4497
4498
4497
4495
4494
4494
4494
4494
4493
4492
4491
4490
4490
4491
4492
4492
4490
4488
4488
4488
4486
4486
4487
4488
4489
4488
4488
4489
4490
4490
4491
4492
4491
4489
4487
4488
4488
4486
4485
4485
4486
4487
4487
4486
4486
4487
4488
4490
4491
4491
4489
4488
4489
4490
4490
4489
4491
4491
4491
4491
4490
4490
4492
4492
4491
4490
4491
4491
4490
4491
4491
4491
4491
4490
4489
4489
4489
4487
4487
4486
4487
4487
4486
4485
4484
4483
4482
4483
4483
4482
4481
4481
4481
4479
4477
4476
4476
4475
4475
4477
4478
4477
4476
4475
4474
4473
4472
4471
4471
4471
4471
4470
4469
4469
4469
4469
4469
4469
4470
4470
4470
4471
4470
4471
4472
4472
4471
4470
4469
4467
4466
4467
4467
4468
4468
4466
4464
4464
4465
4465
4463
4461
4461
4462
4463
4463
4461
4460
4460
4460
4462
4463
4463
4463
4461
4461
4461
4460
4460
4460
4460
4460
4459
4460
4460
4460
4461
4461
4459
4458
4460
4462
4463
4463
4462
4460
4460
4460
4460
4460
4461
4462
4463
4463
4463
4463
4461
4460
4460
4459
4457
4457
4456
4455
4453
4452
4450
4450
4450
4450
4450
4451
4452
4452
4452
4451
4449
4447
4447
4448
4447
4448
4447
4446
4445
4445
4446
4446
4445
4447
4448
4448
4447
4446
4444
4444
4443
4445
4445
4443
4441
4441
4440
4440
4441
4441
4441
4441
4440
4439
4437
4438
4439
4439
4438
4437
4437
4436
4437
4437
4439
4439
4438
4438
4439
4440
4440
4439
4438
4437
4435
4434
4432
4432
4430
4429
4431
4432
4432
4431
4429
4427
4425
4425
4424
4423
4424
4424
4423
4422
4421
4421
4421
4421
4420
4420
4420
4419
4419
4418
4418
4417
4415
4414
4412
4412
4412
4411
4411
4412
4412
4411
4412
4413
4413
4413
4411
4412
4412
4410
4410
4411
4411
4409
4408
4408
4406
4407
4407
4407
4407
4405
4405
4404
4403
4402
4402
4402
4402
4403
4405
4406
4406
4405
4405
4404
4404
4405
4405
4405
4404
4403
4401
4399
4398
4397
4398
4400
4402
4403
4403
4403
4402
4402
4402
4401
4399
4398
4399
4400
4402
4402
4402
4403
4404
4403
4402
4403
4403
4403
4401
4401
4401
4400
4400
4399
4398
4398
4396
4394
4395
4397
4397
4395
4396
4396
4394
4392
4390
4388
4386
4385
4383
4381
4380
4382
4382
4382
4382
4381
4380
4379
4379
4378
4379
4380
4380
4379
4378
4379
4378
4377
4377
4379
4379
4377
4377
4377
4376
4376
4375
4375
4375
4374
4372
4371
4372
4373
4372
4371
4369
4368
4368
4368
4368
4367
4365
4363
4362
4364
4364
4363
4363
4362
4362
4361
4360
4360
4361
4361
4361
4360
4361
4363
4363
4362
4362
4363
4363
4362
4361
4359
4358
4357
4358
4358
4356
4357
4358
4359
4360
4359
4358
4356
4355
4356
4356
4356
4355
4353
4353
4353
4352
4351
4351
4352
4354
4354
4352
4352
4353
4354
4353
4351
4350
4348
4347
4348
4349
4349
4348
4347
4346
4345
4345
4346
4346
4346
4345
4344
4343
4342
4343
4344
4343
4344
4345
4346
4345
4345
4344
4343
4343
4342
4341
4340
4340
4340
4339
4338
4338
4337
4336
4335
4336
4336
4336
4334
4335
4336
4335
4334
4335
4336
4335
4334
4333
4333
4331
4329
4327
4325
4325
4325
4325
4324
4323
4322
4321
4322
4323
4323
4323
4322
4322
4322
4322
4323
4324
4323
4321
4322
4322
4321
4321
4319
4319
4320
4320
4319
4320
4320
4320
4319
4317
4317
4315
4314
4314
4312
4310
4310
4311
4313
4313
4313
4313
4314
4315
4315
4314
4312
4311
4310
4310
4310
4308
4306
4305
4304
4303
4302
4301
4300
4301
4302
4302
4300
4300
4301
4300
4298
4296
4296
4296
4294
4294
4295
4294
4293
4293
4294
4296
4297
4297
4297
4299
4299
4299
4300
4300
4301
4301
4300
4300
4299
4298
4297
4295
4295
4295
4294
4294
4294
4294
4296
4296
4295
4295
4296
4297
4298
4298
4298
4296
4295
4296
4295
4293
4292
4291
4290
4291
4292
4292
4292
4291
4290
4290
4290
4291
4293
4293
4291
4290
4291
4291
4291
4291
4289
4288
4288
4288
4290
4292
4292
4290
4289
4289
4289
4289
4289
4289
4287
4286
4287
4288
4288
4289
4289
4288
4289
4288
4286
4286
4287
4286
4287
4287
4285
4285
4286
4286
4286
4286
4285
4286
4286
4285
4285
4283
4284
4284
4282
4280
4278
4277
4278
4277
4276
4275
4274
4276
4276
4275
4274
4273
4272
4272
4271
4270
4269
4269
4269
4271
4271
4271
4272
4273
4275
4275
4274
4275
4276
4277
4277
4278
4279
4279
4280
4281
4280
4278
4276
4276
4277
4276
4274
4275
4275
4274
4273
4273
4275
4276
4276
4275
4274
4274
4273
4272
4270
4270
4271
4271
4270
4269
4269
4268
4267
4267
4267
4267
4266
4265
4265
4265
4265
4264
4262
4260
4260
4259
4258
4260
4261
4261
4261
4259
4260
4260
4258
4258
4259
4258
4257
4256
4255
4254
4253
4252
4250
4249
4250
4249
4250
4250
4250
4250
4248
4247
4247
4248
4248
4249
4249
4248
4248
4248
4247
4246
4245
4245
4245
4245
4244
4243
4241
4240
4242
4242
4242
4241
4240
4239
4237
4236
4235
4236
4236
4235
4234
4232
4230
4229
4228
4227
4226
4225
4224
4224
4224
4223
4221
4222
4224
4225
4225
4225
4225
4225
4225
4224
4224
4225
4225
4224
4223
4223
4224
4226
4226
4224
4223
4224
4224
4224
4223
4221
4219
4218
4218
4220
4220
4219
4219
4219
4219
4219
4219
4218
4219
4221
4222
4221
4220
4220
4221
4220
4219
4218
4218
4217
4217
4218
4220
4220
4220
4219
4218
4217
4217
4216
4215
4214
4215
4214
4212
4211
4211
4212
4212
4212
4213
4213
4212
4210
4209
4210
4210
4210
4210
4210
4210
4209
4209
4208
4206
4206
4206
4205
4205
4204
4202
4202
4203
4203
4201
4199
4197
4197
4197
4198
4198
4198
4199
4200
4199
4199
4200
4200
4199
4199
4198
4197
4197
4196
4196
4195
4194
4192
4191
4193
4193
4192
4190
4189
4189
4190
4191
4191
4192
4193
4193
4193
4193
4193
4193
4194
4195
4195
4194
4193
4191
4190
4188
4189
4189
4189
4190
4191
4191
4191
4191
4192
4192
4190
4188
4189
4191
4191
4190
4192
4192
4191
4190
4191
4192
4193
4194
4194
4192
4190
4189
4188
4188
4187
4187
4186
4185
4185
4186
4186
4185
4184
4184
4183
4182
4180
4179
4178
4179
4180
4180
4180
4181
4182
4182
4181
4183
4183
4184
4184
4183
4181
4179
4179
4180
4182
4182
4181
4181
4181
4180
4179
4177
4177
4177
4177
4178
4178
4177
4177
4175
4175
4176
4176
4176
4177
4176
4175
4176
4177
4177
4175
4175
4176
4176
4175
4175
4173
4172
4171
4171
4171
4170
4169
4167
4165
4164
4165
4164
4165
4164
4164
4163
4163
4163
4163
4164
4166
4166
4165
4165
4164
4162
4161
4161
4160
4159
4161
4161
4160
4159
4158
4159
4159
4159
4161
4161
4161
4161
4163
4164
4164
4163
4164
4164
4162
4162
4163
4162
4161
4162
4161
4161
4161
4159
4158
4158
4159
4159
4157
4156
4158
4159
4159
4157
4158
4158
4158
4159
4159
4159
4159
4158
4156
4154
4153
4154
4155
4157
4158
4157
4157
4158
4157
4158
4158
4158
4160
4161
4162
4164
4166
4168
4168
4167
4165
4163
4161
4160
4159
4158
4158
4157
4157
4156
4156
4156
4156
4156
4155
4156
4158
4159
4160
4160
4159
4158
4157
4156
4156
4156
4156
4155
4155
4156
4156
4155
4155
4154
4153
4153
4151
4151
4151
4150
4150
4150
4152
4152
4151
4150
4150
4150
4152
4152
4151
4151
4152
4152
4151
4150
4150
4151
4151
4151
4152
4151
4150
4150
4149
4148
4148
4148
4149
4148
4147
4146
4145
4143
4143
4143
4144
4144
4143
4145
4145
4143
4141
4140
4139
4139
4137
4138
4138
4137
4136
4136
4136
4136
4134
4133
4131
4130
4131
4131
4130
4129
4127
4125
4126
4127
4126
4125
4124
4124
4124
4124
4124
4125
4125
4124
4125
4126
4126
4126
4127
4126
4127
4128
4128
4128
4127
4127
4127
4128
4130
4131
4130
4128
4128
4127
4126
4124
4122
4121
4120
4121
4122
4122
4121
4121
4119
4118
4118
4118
4116
4114
4114
4114
4113
4111
4110
4110
4109
4109
4111
4111
4110
4111
4110
4111
4110
4112
4113
4113
4113
4112
4112
4111
4110
4109
4108
4108
4108
4107
4105
4106
4106
4106
4106
4105
4105
4104
4105
4105
4105
4105
4103
4101
4100
4099
4097
4097
4096
4095
4095
4095
4095
4096
4098
4098
4097
4096
4094
4093
4092
4093
4095
4096
4097
4098
4099
4100
4100
4099
4099
4099
4098
4099
4099
4100
4101
4101
4100
4099
4099
4097
4096
4095
4094
4093
4092
4090
4089
4088
4088
4088
4089
4089
4088
4088
4090
4091
4091
4092
4091
4091
4091
4091
4090
4089
4090
4090
4089
4088
4088
4086
4086
4086
4087
4088
4090
4090
4091
4091
4092
4093
4093
4093
4092
4092
4094
4094
4094
4094
4096
4096
4096
4094
4094
4094
4094
4095
4096
4096
4095
4094
4095
4097
4097
4097
4097
4095
4093
4091
4091
4091
4090
4088
4087
4086
4087
4087
4086
4087
4088
4089
4090
4089
4088
4088
4088
4088
4088
4088
4087
4085
4083
4081
4080
4080
4080
4079
4079
4079
4078
4076
4075
4076
4076
4077
4078
4080
4080
4079
4078
4078
4079
4080
4080
4080
4081
4082
4083
4083
4083
4084
4084
4083
4082
4082
4082
4081
4080
4081
4081
4079
4078
4078
4078
4077
4076
4076
4075
4074
4074
4076
4078
4079
4080
4080
4081
4083
4083
4081
4081
4079
4077
4076
4075
4076
4077
4078
4078
4078
4079
4080
4080
4079
4081
4081
4082
4082
4081
4082
4084
4086
4088
4090
4090
4089
4090
4091
4090
4088
4087
4086
4087
4088
4089
4089
4089
4089
4088
4088
4089
4090
4091
4092
4093
4094
4094
4093
4094
4094
4094
4094
4093
4092
4092
4092
4093
4093
4092
4090
4090
4089
4087
4086
4086
4085
4087
4087
4088
4089
4089
4089
4088
4088
4088
4088
4090
4090
4088
4086
4084
4084
4084
4085
4086
4086
4086
4085
4087
4087
4086
4085
4085
4086
4087
4086
4084
4082
4082
4081
4079
4078
4077
4076
4075
4075
4074
4074
4075
4075
4074
4073
4071
4069
4069
4069
4069
4070
4071
4072
4072
4073
4073
4073
4074
4074
4073
4073
4072
4073
4073
4073
4074
4075
4076
4077
4076
4075
4074
4076
4078
4079
4080
4079
4078
4079
4081
4083
4085
4086
4087
4088
4089
4090
4090
4091
4091
4089
4088
4088
4087
4087
4088
4088
4089
4090
4089
4088
4086
4085
4086
4085
4085
4086
4086
4086
4086
4084
4085
4085
4084
4083
4083
4085
4086
4085
4084
4084
4084
4085
4085
4084
4084
4083
4081
4081
4082
4083
4082
4081
4080
4080
4078
4077
4077
4077
4077
4076
4076
4074
4074
4073
4072
4071
4069
4070
4070
4068
4068
4066
4065
4065
4064
4063
4062
4062
4061
4060
4059
4059
4060
4060
4059
4058
4057
4056
4055
4054
4055
4055
4054
4054
4054
4053
4052
4050
4050
4050
4048
4047
4046
4046
4047
4047
4047
4049
4049
4047
4047
4047
4048
4048
4048
4048
4047
4045
4044
4044
4044
4045
4045
4045
4044
4043
4043
4045
4045
4043
4042
4043
4042
4040
4039
4038
4038
4037
4036
4035
4034
4034
4036
4036
4036
4036
4036
4036
4035
4035
4035
4034
4033
4033
4034
4035
4036
4035
4035
4033
4032
4032
4032
4032
4032
4031
4032
4032
4032
4031
4032
4034
4036
4037
4038
4039
4039
4038
4037
4036
4035
4035
4035
4034
4033
4032
4032
4034
4035
4035
4034
4036
4037
4038
4038
4038
4038
4037
4035
4033
4032
4031
4031
4032
4031
4030
4030
4029
4029
4029
4028
4026
4025
4026
4025
4025
4025
4025
4025
4024
4023
4024
4024
4023
4022
4020
4019
4020
4020
4019
4018
4017
4018
4018
4018
4018
4018
4017
4016
4015
4016
4017
4017
4016
4017
4017
4016
4017
4017
4018
4019
4020
4020
4019
4019
4018
4017
4018
4017
4017
4018
4017
4017
4017
4016
4014
4013
4011
4009
4007
4007
4008
4009
4010
4009
4007
4006
4006
4006
4006
4008
4008
4008
4010
4011
4012
4013
4012
4011
4012
4012
4010
4010
4010
4008
4008
4009
4008
4006
4005
4005
4006
4006
4004
4003
4002
4003
4005
4006
4006
4007
4007
4006
4006
4006
4006
4006
4007
4007
4006
4005
4005
4006
4005
4004
4005
4005
4005
4005
4004
4005
4006
4008
4010
4011
4011
4010
4010
4009
4008
4007
4008
4007
4006
4006
4007
4007
4007
4009
4009
4008
4006
4004
4004
4004
4003
4004
4004
4002
4002
4003
4004
4004
4004
4003
4001
4001
3999
3999
3999
3998
3997
3997
3996
3997
3997
3996
3996
3996
3996
3996
3996
3994
3994
3995
3997
3998
3999
3999
3999
3999
3997
3995
3993
3993
3994
3995
3996
3996
3996
3997
3997
3997
3998
4000
4002
4002
4001
4001
4002
4003
4003
4001
4002
4002
4001
4000
3999
4000
4000
4000
4000
4001
4002
4003
4004
4005
4007
4008
4007
4008
4008
4010
4010
4009
4008
4007
4006
4006
4006
4005
4005
4006
4006
4005
4005
4004
4003
4002
4000
3999
3997
3996
3996
3996
3998
3998
3996
3995
3994
3993
3992
3993
3993
3993
3993
3992
3993
3995
3995
3994
3994
3994
3993
3991
3992
3992
3992
3992
3990
3989
3990
3989
3987
3988
3988
3987
3985
3984
3983
3982
3983
3983
3981
3981
3981
3981
3980
3979
3978
3979
3980
3979
3978
3977
3978
3978
3976
3974
3975
3975
3975
3976
3976
3974
3974
3975
3976
3976
3975
3973
3972
3972
3971
3970
3972
3972
3971
3971
3971
3970
3969
3968
3966
3966
3967
3968
3967
3966
3965
3966
3966
3966
3966
3967
3967
3966
3966
3965
3966
3966
3965
3964
3962
3961
3959
3957
3955
3954
3955
3954
3954
3954
3954
3954
3953
3951
3949
3949
3950
3951
3952
3952
3952
3951
3949
3947
3946
3945
3944
3944
3943
3942
3942
3941
3941
3942
3942
3940
3940
3940
3941
3941
3940
3939
3938
3939
3940
3941
3942
3943
3943
3943
3943
3942
3942
3942
3942
3941
3940
3939
3938
3937
3936
3936
3935
3934
3932
3931
3930
3929
3928
3927
3926
3925
3924
3923
3924
3924
3922
3921
3922
3922
3922
3923
3922
3921
3920
3918
3917
3917
3916
3915
3917
3917
3916
3918
3918
3918
3917
3916
3915
3915
3913
3912
3911
3911
3911
3909
3908
3908
3907
3905
3904
3903
3902
3901
3899
3900
3900
3898
3897
3896
3896
3896
3895
3895
3895
3895
3895
3895
3894
3893
3893
3893
3893
3893
3891
3890
3889
3889
3888
3887
3886
3885
3884
3883
3882
3882
3883
3883
3882
3881
3881
3880
3878
3876
3874
3873
3872
3872
3871
3871
3873
3873
3874
3875
3874
3874
3875
3875
3875
3874
3873
3872
3871
3870
3869
3869
3868
3868
3869
3869
3869
3868
3867
3866
3866
3866
3867
3869
3870
3872
3874
3874
3872
3872
3873
3873
3872
3871
3871
3870
3871
3872
3873
3874
3874
3874
3873
3872
3873
3875
3876
3875
3874
3875
3876
3877
3876
3875
3875
3876
3876
3875
3876
3876
3877
3877
3876
3875
3875
3874
3874
3874
3875
3875
3874
3875
3877
3878
3878
3877
3876
3874
3874
3875
3875
3875
3875
3874
3873
3873
3872
3871
3871
3870
3870
3870
3871
3871
3871
3871
3869
3868
3866
3867
3868
3869
3869
3868
3867
3868
3869
3868
3866
3865
3864
3864
3864
3864
3862
3863
3863
3862
3861
3861
3859
3858
3857
3856
3855
3854
3853
3852
3851
3852
3853
3853
3852
3852
3852
3851
3850
3848
3847
3849
3851
3852
3854
3855
3856
3858
3859
3859
3859
3859
3859
3858
3858
3860
3860
3858
3859
3860
3860
3859
3860
3860
3858
3857
3857
3858
3858
3856
3856
3856
3854
3854
3853
3853
3853
3852
3852
3852
3852
3851
3851
3852
3851
3849
3847
3848
3849
3850
3851
3850
3850
3850
3848
3846
3845
3843
3841
3840
3839
3840
3840
3840
3839
3840
3841
3842
3842
3844
3846
3846
3845
3845
3844
3843
3842
3842
3841
3841
3841
3841
3841
3840
3838
3838
3837
3836
3838
3838
3836
3837
3838
3839
3838
3837
3838
3839
3840
3842
3842
3841
3840
3838
3837
3835
3834
3836
3836
3834
3833
3832
3832
3832
3832
3830
3828
3828
3828
3829
3830
3830
3829
3829
3831
3833
3833
3832
3831
3830
3830
3830
3830
3829
3829
3830
3830
3829
3830
3829
3830
3830
3828
3827
3827
3825
3823
3824
3826
3826
3824
3824
3824
3824
3824
3822
3821
3820
3820
3819
3818
3818
3818
3817
3817
3818
3818
3816
3816
3816
3817
3818
3819
3820
3820
3820
3821
3821
3820
3820
3821
3821
3823
3825
3826
3826
3824
3823
3823
3824
3823
3822
3821
3820
3819
3818
3819
3818
3817
3817
3816
3816
3817
3817
3818
3818
3818
3816
3814
3813
3812
3811
3809
3809
3810
3809
3807
3805
3804
3804
3804
3803
3801
3799
3799
3799
3797
3796
3794
3792
3791
3789
3790
3790
3788
3787
3787
3788
3788
3789
3790
3790
3789
3789
3790
3790
3789
3788
3789
3790
3790
3789
3788
3786
3785
3786
3786
3786
3786
3784
3785
3785
3784
3784
3783
3782
3780
3779
3778
3776
3774
3775
3775
3774
3772
3771
3770
3769
3767
3765
3766
3767
3768
3768
3767
3765
3765
3764
3764
3765
3765
3764
3762
3760
3759
3758
3757
3757
3757
3756
3756
3755
3755
3756
3756
3756
3757
3758
3759
3759
3757
3755
3754
3754
3754
3755
3755
3756
3757
3757
3758
3758
3756
3756
3756
3757
3757
3756
3756
3755
3753
3752
3753
3753
3752
3754
3754
3753
3753
3753
3753
3754
3755
3755
3755
3755
3754
3753
3752
3752
3752
3751
3751
3750
3749
3747
3746
3747
3747
3746
3748
3748
3748
3748
3748
3749
3750
3751
3750
3749
3748
3748
3747
3746
3746
3745
3744
3745
3746
3746
3744
3742
3741
3739
3737
3737
3737
3736
3736
3738
3739
3740
3741
3741
3740
3740
3740
3738
3739
3739
3738
3737
3737
3737
3735
3736
3736
3736
3735
3735
3734
3734
3734
3733
3732
3732
3731
3731
3730
3730
3730
3731
3731
3730
3730
3731
3730
3730
3731
3733
3734
3734
3733
3731
3729
3728
3728
3729
3729
3729
3730
3730
3731
3732
3732
3731
3730
3731
3730
3730
3731
3731
3732
3731
3730
3731
3732
3732
3730
3729
3730
3730
3729
3728
3727
3726
3727
3727
3726
3727
3727
3728
3729
3731
3731
3731
3729
3728
3727
3727
3728
3728
3729
3730
3731
3730
3729
3728
3728
3728
3727
3727
3728
3728
3727
3727
3727
3728
3727
3726
3726
3724
3722
3721
3721
3722
3722
3723
3724
3724
3725
3726
3726
3726
3725
3725
3725
3724
3724
3725
3725
3724
3723
3722
3722
3721
3723
3723
3721
3720
3719
3717
3716
3716
3718
3718
3718
3717
3716
3715
3714
3713
3712
3712
3714
3715
3716
3718
3719
3719
3720
3722
3722
3722
3724
3725
3724
3723
3723
3721
3720
3719
3717
3716
3716
3715
3714
3713
3713
3711
3711
3712
3714
3714
3715
3715
3715
3715
3713
3713
3714
3715
3717
3717
3716
3715
3716
3716
3718
3718
3719
3719
3719
3718
3717
3716
3716
3715
3714
3713
3713
3712
3713
3715
3716
3715
3714
3713
3712
3710
3709
3708
3706
3707
3708
3708
3707
3705
3705
3705
3706
3708
3708
3706
3704
3703
3702
3701
3699
3699
3699
3697
3696
3695
3693
3692
3691
3690
3690
3689
3690
3690
3689
3687
3685
3684
3684
3683
3682
3681
3681
3680
3680
3679
3679
3679
3677
3676
3675
3674
3675
3674
3674
3673
3673
3673
3673
3673
3673
3673
3673
3674
3676
3678
3678
3678
3677
3679
3679
3679
3680
3680
3680
3680
3679
3680
3680
3680
3679
3678
3680
3681
3682
3681
3681
3681
3681
3680
3680
3680
3679
3678
3678
3680
3680
3678
3677
3678
3678
3677
3678
3677
3678
3679
3678
3676
3674
3673
3672
3674
3674
3675
3677
3677
3676
3676
3676
3677
3678
3678
3677
3676
3676
3676
3677
3676
3675
3676
3676
3676
3678
3678
3677
3678
3678
3678
3678
3679
3679
3680
3681
3680
3679
3678
3676
3674
3675
3677
3677
3677
3677
3678
3679
3680
3680
3679
3677
3676
3675
3674
3674
3675
3675
3675
3676
3676
3677
3677
3678
3677
3676
3675
3676
3678
3679
3680
3680
3679
3677
3677
3678
3677
3675
3675
3675
3676
3677
3677
3676
3676
3676
3675
3675
3677
3678
3677
3676
3674
3674
3675
3674
3672
3670
3668
3667
3668
3669
3669
3668
3667
3666
3666
3667
3668
3668
3667
3666
3666
3665
3665
3666
3666
3665
3666
3666
3664
3664
3665
3665
3664
3663
3662
3661
3660
3661
3660
3659
3659
3659
3658
3657
3655
3653
3653
3654
3654
3652
3651
3651
3650
3649
3647
3645
3643
3642
3642
3641
3641
3640
3640
3638
3637
3637
3636
3635
3636
3637
3639
3639
3638
3636
3637
3639
3641
3642
3642
3641
3642
3642
3641
3641
3639
3637
3635
3634
3635
3635
3635
3633
3631
3629
3627
3626
3625
3626
3625
3623
3621
3621
3622
3622
3623
3622
3621
3620
3619
3618
3617
3617
3618
3619
3619
3617
3616
3614
3612
3610
3608
3606
3606
3606
3605
3606
3607
3606
3607
3607
3606
3605
3605
3606
3605
3605
3605
3604
3604
3603
3601
3601
3602
3603
3603
3603
3601
3599
3597
3596
3595
3595
3593
3592
3592
3592
3593
3593
3593
3594
3594
3592
3592
3590
3588
3586
3586
3584
3585
3587
3589
3589
3591
3592
3591
3589
3589
3589
3589
3588
3589
3589
3588
3588
3587
3587
3588
3590
3591
3592
3592
3591
3592
3593
3592
3591
3590
3590
3589
3588
3587
3587
3589
3589
3588
3590
3591
3591
3590
3590
3589
3589
3590
3591
3591
3590
3589
3590
3590
3590
3589
3587
3586
3587
3588
3588
3587
3588
3590
3591
3592
3591
3589
3588
3588
3588
3587
3586
3585
3584
3584
3585
3585
3583
3583
3583
3581
3581
3582
3583
3583
3584
3583
3583
3582
3583
3583
3582
3582
3581
3581
3582
3582
3582
3581
3579
3577
3577
3577
3577
3575
3574
3573
3571
3571
3571
3572
3572
3570
3570
3569
3568
3568
3568
3567
3566
3564
3562
3562
3562
3562
3562
3563
3564
3564
3564
3563
3562
3562
3563
3563
3563
3563
3563
3562
3562
3562
3562
3561
3560
3559
3558
3558
3557
3556
3555
3554
3553
3553
3553
3553
3551
3552
3553
3553
3552
3551
3551
3551
3550
3549
3548
3548
3547
3547
3548
3549
3548
3546
3547
3547
3545
3543
3542
3541
3542
3541
3542
3542
3542
3541
3540
3540
3540
3539
3539
3539
3538
3538
3538
3539
3541
3541
3542
3543
3544
3544
3542
3543
3544
3546
3546
3545
3544
3545
3545
3544
3543
3543
3542
3541
3542
3542
3541
3540
3539
3538
3538
3536
3534
3532
3530
3530
3530
3529
3531
3532
3532
3533
3532
3531
3532
3532
3532
3532
3531
3530
3529
3528
3527
3526
3525
3523
3521
3520
3521
3520
3518
3517
3516
3515
3514
3515
3515
3513
3511
3509
3508
3508
3508
3507
3507
3509
3510
3509
3508
3508
3508
3506
3507
3507
3508
3508
3507
3507
3508
3509
3510
3510
3509
3508
3507
3509
3509
3508
3508
3509
3509
3508
3507
3507
3505
3505
3506
3507
3506
3505
3504
3505
3506
3506
3506
3506
3505
3504
3502
3502
3503
3502
3501
3500
3499
3497
3498
3500
3500
3499
3498
3497
3498
3498
3497
3497
3497
3497
3497
3496
3495
3496
3496
3495
3494
3494
3492
3490
3489
3489
3488
3487
3486
3484
3484
3485
3484
3484
3484
3484
3484
3483
3483
3482
3483
3483
3482
3480
3479
3479
3481
3481
3479
3478
3478
3479
3479
3479
3480
3480
3482
3483
3484
3485
3487
3487
3486
3486
3486
3486
3486
3485
3486
3487
3488
3489
3491
3492
3491
3489
3489
3490
3491
3492
3493
3493
3492
3490
3489
3489
3488
3488
3489
3489
3488
3489
3489
3489
3489
3489
3489
3488
3489
3488
3488
3488
3488
3487
3485
3483
3482
3484
3486
3486
3484
3483
3483
3482
3483
3482
3481
3482
3483
3482
3480
3478
3478
3478
3476
3477
3477
3475
3475
3475
3474
3473
3471
3470
3470
3471
3472
3473
3473
3471
3471
3471
3470
3470
3469
3468
3467
3466
3465
3465
3466
3466
3465
3463
3463
3461
3460
3462
3462
3460
3460
3459
3458
3457
3457
3457
3456
3456
3455
3453
3453
3453
3451
3450
3449
3448
3447
3448
3449
3450
3450
3451
3451
3450
3450
3449
3449
3449
3449
3447
3446
3446
3446
3446
3447
3446
3446
3448
3449
3450
3451
3452
3453
3453
3452
3451
3450
3451
3451
3450
3449
3448
3449
3448
3447
3446
3447
3446
3444
3444
3444
3442
3441
3441
3441
3442
3443
3443
3442
3443
3442
3443
3443
3444
3445
3447
3448
3449
3450
3450
3450
3449
3448
3448
3448
3448
3447
3446
3445
3443
3443
3443
3444
3445
3445
3443
3444
3444
3444
3446
3448
3450
3450
3451
3452
3453
3453
3453
3451
3452
3452
3452
3453
3454
3455
3457
3459
3459
3458
3457
3457
3457
3458
3459
3459
3457
3457
3457
3458
3459
3460
3461
3462
3462
3461
3460
3459
3459
3458
3457
3455
3456
3456
3455
3455
3454
3452
3451
3452
3453
3454
3455
3455
3455
3455
3454
3455
3457
3459
3460
3461
3462
3464
3466
3468
3470
3472
3474
3476
3477
3479
3480
3481
3483
3483
3485
3487
3488
3489
3491
3492
3494
3495
3496
3497
3499
3500
3502
3504
3506
3508
3509
3510
3512
3514
3516
3517
3519
3519
3520
3522
3524
3526
3528
3529
3531
3532
3533
3534
3535
3537
3538
3539
3540
3542
3543
3544
3545
3546
3548
3550
3552
3553
3554
3554
3555
3556
3557
3559
3560
3561
3561
3563
3564
3565
3567
3568
3569
3571
3571
3573
3575
3576
3578
3580
3582
3584
3586
3587
3588
3590
3592
3594
3596
3598
3599
3600
3602
3604
3606
3606
3608
3609
3611
3613
3615
3616
3617
3618
3619
3620
3621
3622
3623
3624
3626
3628
3630
3632
3634
3636
3638
3639
3640
3642
3642
3644
3646
3647
3648
3650
3652
3652
3653
3655
3656
3657
3658
3659
3660
3660
3661
3663
3665
3667
3668
3669
3671
3673
3673
3674
3676
3677
3679
3680
3682
3684
3686
3688
3688
3690
3692
3694
3696
3698
3700
3702
3704
3705
3707
3709
3711
3712
3714
3715
3716
3717
3719
3720
3721
3722
3724
3725
3726
3728
3730
3731
3733
3734
3736
3737
3738
3738
3739
3741
3743
3745
3747
3749
3750
3751
3753
3755
3755
3756
3757
3759
3760
3761
3763
3764
3766
3767
3768
3770
3771
3773
3774
3776
3777
3778
3779
3780
3781
3782
3783
3784
3785
3787
3789
3790
3791
3792
3793
3795
3797
3798
3800
3801
3802
3802
3804
3805
3806
3806
3808
3810
3811
3812
3813
3815
3817
3819
3820
3821
3823
3825
3826
3827
3829
3831
3832
3833
3835
3837
3838
3838
3839
3840
3841
3843
3844
3845
3847
3849
3850
3851
3853
3855
3857
3859
3861
3863
3863
3864
3864
3864
3866
3867
3868
3870
3871
3872
3872
3874
3876
3877
3878
3878
3879
3880
3881
3883
3885
3885
3887
3888
3890
3892
3893
3894
3895
3897
3899
3901
3902
3904
3905
3906
3908
3910
3911
3912
3914
3915
3916
3917
3917
3919
3921
3922
3923
3925
3926
3928
3929
3931
3933
3935
3937
3939
3940
3940
3942
3944
3946
3948
3949
3950
3952
3953
3954
3956
3957
3958
3960
3961
3963
3964
3966
3967
3968
3969
3970
3972
3973
3974
3975
3977
3978
3979
3979
3980
3981
3982
3984
3985
3986
3988
3989
3991
3993
3993
3995
3995
3995
3996
3997
3998
3999
4001
4003
4004
4005
4006
4008
4010
4012
4013
4014
4015
4017
4019
4021
4022
4023
4025
4027
4028
4030
4031
4033
4034
4036
4037
4039
4041
4043
4044
4046
4048
4050
4051
4053
4054
4055
4056
4057
4059
4060
4062
4064
4066
4067
4069
4071
4072
4074
4075
4076
4077
4078
4079
4081
4083
4084
4086
4086
4087
4089
4091
4092
4094
4096
4098
4100
4102
4104
4105
4107
4108
4110
4111
4113
4114
4115
4117
4118
4120
4121
4123
4125
4127
4129
4131
4132
4133
4134
4135
4136
4138
4139
4140
4142
4144
4146
4148
4149
4150
4151
4152
4154
4156
4157
4158
4158
4159
4160
4161
4161
4162
4164
4166
4168
4170
4172
4173
4174
4175
4176
4178
4180
4182
4184
4186
4188
4189
4190
4191
4193
4195
4196
4198
4199
4201
4202
4204
4206
4207
4209
4211
4213
4214
4216
4218
4219
4221
4223
4225
4227
4229
4231
4233
4234
4235
4236
4238
4238
4239
4240
4241
4243
4244
4246
4248
4250
4251
4253
4254
4256
4257
4259
4260
4261
4262
4263
4265
4267
4268
4269
4270
4271
4273
4274
4275
4277
4279
4281
4283
4284
4286
4287
4288
4289
4291
4293
4294
4296
4297
4299
4300
4301
4302
4303
4304
4305
4307
4309
4311
4313
4314
4314
4316
4318
4320
4320
4322
4324
4325
4326
4328
4329
4330
4332
4334
4335
4336
4337
4337
4339
4340
4342
4344
4346
4348
4350
4352
4353
4355
4357
4359
4361
4363
4364
4366
4368
4368
4370
4371
4372
4374
4375
4376
4378
4379
4380
4381
4383
4384
4386
4387
4389
4390
4391
4393
4395
4395
4397
4398
4400
4400
4402
4404
4406
4408
4410
4410
4411
4413
4415
4416
4418
4420
4421
4423
4424
4425
4426
4428
4429
4430
4432
4433
4434
4435
4436
4438
4440
4441
4442
4444
4446
4447
4449
4450
4452
4454
4456
4457
4458
4459
4460
4462
4464
4466
4467
4469
4470
4471
4472
4473
4475
4476
4478
4480
4482
4484
4484
4485
4486
4488
4490
4491
4492
4493
4494
4496
4498
4500
