3136
26506
34023
2363
20926
22863
3136
61394
98316
13930
74068
25858
22863
0
34023
77374
3136
18457
75012
20060
65783
36328
18457
3136
85387
6863
6863
3527
18457
21531
59957
2568
2568
3527
79803
68691
34023
30887
6997
2568
22863
34023
2568
2306
18457
2306
68981
0
18457
13930
22863
16650
64371
18457
0
41874
74068
20060
2363
20926
5212
13785
61394
20060
3527
2363
68981
2568
13927
77085
16650
85387
33070
5212
26506
22863
0
5212
75199
36328
0
13785
2306
36328
13785
65783
95369
18457
13927
20926
13930
25858
23059
0
13930
75199
99171
13927
76230
38336
34023
61314
33070
2363
13930
13927
50847
6863
30887
60493
25858
75012
34023
90028
94325
97282
13927
6863
99171
68981
2568
2306
75199
75012
3136
50847
84422
84422
3527
65124
13930
33070
0
99171
20060
77085
6863
75199
34023
13930
33070
16650
2306
5212
23059
61394
66414
20926
68691
2363
6997
89384
0
75012
55737
3527
34023
6997
6863
2306
3527
76092
47794
64371
13930
13785
13785
0
13785
6997
0
0
16650
26506
95369
23059
0
6997
13930
34023
20926
61314
3136
61394
98538
38336
60493
13785
0
2363
30887
25858
34023
0
18457
16650
13930
2568
61394
20060
3527
74068
25858
65124
74068
21531
30887
97282
36916
50847
61314
13785
33070
16650
50847
20060
16650
20926
60493
33070
36916
33070
89173
77085
6863
30887
64371
6997
13927
22863
13785
0
13927
85387
36916
25858
50847
68691
2306
18457
38336
36916
50847
3136
61394
13785
2363
98538
0
38336
20926
13927
5212
94325
2568
99171
47794
6863
34023
56430
77085
98168
83427
89173
89384
13930
0
3527
68691
13927
66414
66414
56430
2568
13927
26506
66414
18457
5212
55737
61314
0
65124
0
60337
2363
76230
95369
97282
23059
21730
13927
21730
38336
68691
60493
3527
0
22863
50847
50847
50847
34023
2306
13930
2306
16650
13930
34023
0
5212
59957
84422
22863
20926
13785
2306
59957
22863
5212
50847
50847
98538
60493
30887
41874
6997
33070
55737
33070
44920
99171
26506
13930
0
18457
2363
2363
95369
61394
23059
55737
47794
13930
21730
13785
6997
75012
38336
34023
36916
16650
34023
59957
3527
0
6997
3527
2363
98168
0
6997
13927
3527
64371
25858
26506
61394
5212
13927
30887
64371
3527
0
23059
85387
66414
13927
64371
25858
2568
3527
41422
6997
65783
75199
75199
13785
20926
20926
60337
13930
13785
26506
5212
84422
3136
56430
36328
38336
13785
16650
47794
64371
2306
98316
5212
3136
0
13785
13930
34023
90028
5212
2363
6863
13785
13927
13927
97764
83427
41422
38336
20926
34023
33070
99171
3527
79803
50847
30887
2363
3527
5212
0
50847
2306
60337
0
80541
3527
38336
74068
55737
95369
2568
20926
76092
79803
34023
60337
2363
13785
13785
61394
20060
44920
50847
18457
21531
36916
41874
3527
22863
68981
25858
89173
6863
6863
30887
21730
36916
13785
36916
25858
66414
30887
5212
0
0
97764
23059
2306
3136
3527
94325
2568
76230
13927
36328
6863
13785
20926
92778
76230
6863
3136
2306
85387
75012
5212
13927
90028
2363
20926
13930
21730
80541
3527
44920
16650
22863
23059
22863
90028
13927
0
20926
0
30887
77374
0
18457
30887
33070
36916
5212
44920
23059
23059
97764
97282
16650
0
0
0
21531
38336
13785
6997
66414
25858
68981
89173
0
33070
61314
3136
23059
6863
2568
22863
23059
6863
0
60493
50847
41874
13785
25858
60493
21531
77374
2306
2568
66414
13785
89173
44920
56430
2306
64371
0
2568
6863
2363
0
0
0
5212
20926
56430
3527
23059
38336
21531
23059
18457
33070
75199
23059
23059
3527
3136
2568
34023
50847
83427
3136
3527
13785
25858
2363
2306
80541
84422
30887
5212
13785
61394
21531
0
13785
80541
74068
41874
0
59957
16650
21730
2568
16650
47794
13785
79803
21730
36916
2306
2568
0
21531
38336
3136
13927
84422
5212
22863
50847
0
3527
13785
20060
38336
2363
33070
33070
65124
18457
36328
6997
38336
60493
2363
25858
75199
33070
13785
23059
2568
6863
16650
0
0
21730
80541
89384
2306
5212
26506
64371
13785
3527
36328
2363
18457
75012
98538
64371
66414
61314
60337
3527
13785
78043
0
2306
0
13785
5212
75199
2306
50847
2306
34023
0
98168
60493
60337
2363
2363
25858
84422
6863
2363
25858
22863
59957
13785
33070
97282
18457
2306
60337
79803
13930
34023
50847
26506
38336
13927
61394
22863
13927
36916
98538
13927
2306
18457
44920
66414
0
6863
3527
41874
13785
56430
13930
2568
0
68691
2363
44920
13930
0
20060
68981
20060
13927
0
30887
75012
33070
13927
61394
41422
84422
30887
13785
2363
2306
20926
6997
97764
2363
38336
6997
5212
5212
6863
0
22863
56430
50847
20926
13927
13927
5212
41422
6863
18457
2363
21531
2363
13785
26506
2568
13785
65124
56430
3527
85387
85387
50847
95369
13930
64371
64371
41874
2568
23059
2306
84422
38336
3527
0
38336
50847
30887
38336
2363
78043
2363
38336
30887
61314
84422
2306
3527
2568
38336
3527
13927
80541
2306
13785
65783
13930
2568
18457
5212
25858
80541
60337
65783
13930
13785
0
21531
66414
74068
18457
65124
68691
5212
0
2306
77374
13785
0
0
25858
25858
6997
3136
0
60493
21531
2306
6997
76092
83427
13927
2363
36916
98316
64371
33070
5212
41422
0
13785
3136
38336
3527
2363
21730
75012
20060
2363
61394
61394
75199
13785
44920
13930
2306
2363
99171
5212
55737
23059
16650
78043
20926
13785
33070
2306
2306
3527
13785
0
99171
97282
20060
36328
66414
5212
0
6863
2568
13927
13785
60493
89384
79803
92778
25858
3527
64371
6863
25858
2363
21531
68981
20926
75199
56430
13930
18457
22863
22863
21730
6863
74068
38336
76230
16650
0
34023
66414
61394
5212
22863
3527
20926
6863
6863
68691
3136
13785
13785
47794
61394
44920
3136
34023
60337
23059
3527
13930
23059
65783
56430
95369
34023
33070
30887
18457
36328
0
61394
13785
2363
44920
13785
56430
6863
2306
6863
6997
2363
2306
80541
21730
55737
80541
0
6997
68981
13927
30887
2306
20060
13927
13930
13927
23059
22863
0
2363
5212
13785
30887
20060
33070
16650
77085
18457
5212
0
66414
66414
26506
20060
60493
61394
75012
18457
2306
18457
36328
0
20926
98316
0
2306
94325
3527
13930
0
13785
75012
47794
94325
68981
5212
0
33070
61394
56430
33070
78043
61314
60337
74068
89384
22863
18457
2363
13927
2568
20926
41874
5212
61314
41874
30887
95369
5212
18457
61394
30887
18457
6997
6863
0
68691
89384
6997
89384
59957
56430
2363
77085
2306
0
85387
61394
3527
13927
64371
60493
13930
13930
2306
34023
13785
21531
30887
38336
2306
6997
21531
66414
5212
38336
61314
20060
6863
30887
18457
13785
25858
66414
99171
41874
20060
77374
68981
61314
25858
13785
3136
13785
90028
6863
97764
65124
2568
33070
22863
0
5212
60337
97282
6863
83427
76230
33070
13930
30887
2363
13785
79803
50847
75012
6863
26506
21531
25858
2363
2363
26506
60337
0
2568
80541
3527
23059
26506
77374
34023
2363
5212
16650
79803
30887
23059
36328
6997
18457
84422
83427
36916
38336
0
6863
18457
3527
20926
13930
13785
13785
34023
64371
85387
0
13930
6863
0
25858
44920
41874
36328
64371
61394
33070
16650
64371
2306
97282
18457
13785
50847
0
25858
2306
21531
13785
6863
25858
23059
56430
33070
66414
2568
6997
18457
83427
16650
2363
80541
0
74068
0
13785
56430
61314
41874
5212
26506
56430
22863
6997
2568
23059
20060
99171
13927
6863
0
95369
33070
20926
2306
13930
13785
97764
2568
85387
6863
75012
50847
13927
21730
6997
47794
61314
0
2363
13927
21730
3136
2306
44920
41422
30887
16650
78043
0
13927
2363
0
2363
47794
20060
30887
65124
0
25858
30887
3136
2306
34023
55737
13785
36916
13785
13927
36328
5212
41422
2363
0
6863
64371
13927
26506
66414
0
83427
75199
0
34023
21730
99171
2568
38336
23059
13785
16650
13785
76230
79803
6997
61314
97282
89384
36328
13930
0
97764
34023
61314
0
75012
83427
25858
65124
99171
5212
0
23059
3527
89173
33070
36328
5212
38336
3136
75012
26506
13930
2363
0
16650
6863
18457
5212
33070
6997
85387
5212
50847
16650
3136
65124
75012
34023
76230
3527
3136
21730
79803
3527
56430
20060
20926
38336
0
0
61314
13785
56430
6997
2306
21730
34023
2363
61394
98168
3527
21531
30887
56430
18457
30887
0
74068
83427
77085
3527
2363
95369
6863
16650
61314
3136
20926
38336
25858
36916
2363
59957
21730
36328
18457
89173
16650
18457
21531
18457
22863
5212
20060
13785
56430
3136
5212
65783
38336
2363
38336
13930
2363
3527
84422
13785
50847
2568
0
0
26506
3136
5212
0
65783
13785
3527
79803
25858
3527
13930
94325
98168
95369
38336
65783
13927
89173
36328
26506
18457
0
97764
97764
65124
13785
2363
25858
60337
3136
2363
18457
3527
64371
74068
6863
33070
5212
13785
20926
41874
3136
16650
59957
2363
61314
2363
2568
2568
22863
38336
0
47794
65124
22863
98316
3136
3136
30887
18457
97764
98538
3527
20926
3527
68981
98538
2306
22863
13930
76092
18457
26506
3136
2568
2363
59957
25858
64371
18457
18457
23059
79803
33070
90028
21531
36916
2306
2306
44920
99171
61394
75199
2363
2363
0
68691
22863
30887
64371
99171
16650
25858
56430
98316
36916
97764
89384
6997
13930
38336
2568
16650
0
90028
20060
6997
25858
2306
59957
55737
65783
3136
97282
2363
13927
13930
0
59957
2306
20926
0
18457
0
5212
30887
13930
13785
0
25858
61314
2363
2306
3136
13785
36328
55737
36328
2568
34023
75199
44920
33070
0
41874
20926
2306
2363
38336
65783
80541
0
3136
2363
0
21730
50847
6997
2363
75012
2306
13930
13927
60337
55737
26506
34023
13930
76230
30887
16650
56430
2306
98168
97764
16650
0
23059
20926
38336
78043
89173
75012
5212
50847
6997
16650
60337
13785
22863
50847
68691
98538
89384
2363
20926
0
77374
20060
44920
90028
5212
16650
22863
75199
18457
65783
33070
13930
13785
2363
5212
23059
2568
60493
84422
18457
80541
13927
0
30887
50847
21531
13930
13927
13785
0
2568
2363
6997
13785
16650
20060
13785
2568
2363
21730
23059
97764
0
2363
30887
2363
2363
34023
23059
3527
20060
98168
50847
21730
6863
13930
90028
16650
36916
13785
60337
2363
16650
76092
2363
16650
25858
0
65124
38336
33070
34023
2306
34023
3136
75012
83427
33070
13785
3136
6997
94325
33070
60337
89173
64371
0
56430
26506
26506
56430
68691
13785
76230
21531
64371
77085
59957
5212
92778
80541
68691
75199
60337
55737
2568
65783
95369
21531
50847
61394
41874
2363
36916
2568
60337
97282
85387
0
13930
6997
75012
95369
16650
0
38336
59957
2363
13930
97764
36328
25858
5212
64371
80541
6997
13927
47794
5212
26506
0
5212
97764
2363
13927
41422
92778
3136
61394
33070
21730
64371
83427
92778
18457
92778
20926
13927
18457
77085
3527
97282
2568
33070
33070
6997
2306
13930
18457
60493
0
13785
61314
0
64371
56430
44920
50847
2306
2306
2363
22863
2568
83427
79803
13927
13930
13785
23059
2363
18457
75199
55737
50847
56430
2363
0
50847
34023
33070
13930
59957
13927
41422
3527
34023
60493
2568
59957
61314
0
89173
6997
60493
50847
30887
33070
59957
33070
2363
6997
33070
76092
13930
26506
22863
13927
21730
95369
61314
3136
41874
68981
18457
13785
68691
23059
33070
22863
13785
3527
41874
98538
13930
20926
34023
75012
2306
6863
30887
2363
0
60337
34023
0
2363
55737
13927
79803
22863
25858
36328
20060
90028
13927
3136
97282
25858
36328
3136
3527
0
30887
23059
22863
38336
0
74068
16650
3527
99171
3527
2363
20926
5212
18457
3136
13785
6997
13930
3527
83427
61314
3136
36916
3136
47794
59957
2306
2306
0
79803
0
61394
55737
33070
61314
2306
80541
20060
0
2568
18457
13927
61394
55737
0
22863
0
6997
5212
13927
0
97764
84422
38336
99171
33070
21531
55737
34023
13930
0
13785
18457
6863
36328
25858
61314
97764
23059
5212
64371
80541
13785
6863
5212
21531
0
13927
2363
21531
36328
79803
0
3136
2363
3527
50847
3136
13930
99171
5212
6863
2306
6863
33070
13785
79803
18457
0
