2363
5212
79803
2363
18457
18457
59957
99171
13930
13785
56430
18457
36328
30887
34023
60337
60337
3527
36328
77085
97764
60337
6997
2363
97282
6863
18457
60337
36328
65124
6997
13930
97764
3527
23059
99171
66414
56430
34023
13927
99171
56430
68691
16650
55737
83427
2363
5212
56430
34023
13785
2363
30887
34023
6997
18457
13930
23059
60337
89173
34023
5212
77085
2363
3527
6863
30887
25858
6863
60493
44920
2306
13927
13927
36328
36328
77085
20060
33070
18457
50847
76230
55737
65124
3527
61394
55737
21730
2306
18457
18457
21730
61394
34023
65124
3136
3136
99171
2363
25858
6863
92778
77374
38336
3527
56430
65124
16650
25858
2363
34023
20060
3136
6997
6863
20926
2363
3527
44920
95369
60337
5212
23059
5212
5212
6863
21730
20926
30887
20060
2363
3527
20060
23059
74068
13785
36328
6863
13927
2363
68981
36328
65124
18457
78043
23059
18457
2363
6863
41874
60337
13930
2568
36328
47794
5212
60337
33070
77085
13927
23059
20060
13785
34023
18457
85387
6997
59957
60337
50847
60337
55737
83427
6863
13785
33070
99171
50847
5212
5212
2363
18457
5212
23059
20060
60337
2363
13930
21730
55737
30887
2306
3136
2306
85387
77374
13785
6997
2363
13785
