13930
18457
21730
5212
21531
85387
99933
77374
2568
3527
3527
546
5212
18457
95789
13930
12400
2568
3136
16650
15435
34023
26809
15435
6997
2568
546
17277
5212
47179
10013
60281
18457
16650
95789
49677
0
13930
60757
13785
5212
25858
25858
60281
30887
29690
5212
10013
3136
17277
13785
10098
12903
19583
33070
90028
13751
21531
5212
2363
5212
546
546
3136
3527
6997
25858
6863
13785
546
2306
58441
66602
546
6863
13930
13785
546
10098
13751
66414
21730
60757
5212
25858
60757
25858
2568
84422
44044
15435
12903
13927
546
6863
5212
9442
34023
58441
36916
53866
10013
74068
95789
13751
30887
23059
13785
3527
97302
89384
60757
13751
60757
30887
6863
9442
2652
26809
0
13927
47740
28445
546
13785
2306
21730
21730
20060
2306
18457
10013
10013
53866
36227
16125
36916
13930
12400
47740
2652
75012
13751
2363
12400
44044
546
53896
13930
546
89173
3136
2306
55737
89173
16650
2363
95789
12903
3136
51435
60757
53866
51435
25858
98538
2306
6997
2568
546
6863
2652
60757
74068
22863
26809
10013
71088
546
23059
64371
546
2363
53896
89173
15435
56430
2306
21730
12400
10013
3527
71088
85387
23059
20926
36916
41874
13751
25858
0
2306
3527
6863
13751
10013
93369
15435
60379
40796
20060
12903
6863
22863
546
546
75012
25858
0
5212
546
95369
47740
53866
3136
10013
6863
2568
2363
38336
2306
47740
53896
13785
2363
2568
2568
15435
5212
6997
60757
2568
10013
85387
2363
2363
70493
49677
3136
26653
3527
3527
2306
3136
60337
74068
21730
10013
33070
3136
97302
13785
2306
2568
20060
2652
16125
18457
13751
13751
3527
13785
2652
6863
2568
85387
2363
9442
16125
3136
60757
97540
12903
70493
6997
546
33368
56430
28445
23059
95369
546
0
5212
2652
94325
2306
30887
24287
26506
25858
3527
18457
15435
12400
6863
546
3527
47740
18457
66414
2652
13751
46620
55737
85387
0
13785
95061
10013
77374
53866
73318
13785
2306
5404
2306
10098
77374
34023
2306
10098
2363
24287
97302
20926
17277
33368
6997
3527
19583
51435
13927
56430
2306
9442
12903
2306
60379
60281
74068
15435
19583
90028
12400
546
3527
546
9442
75012
6863
26506
2306
53896
10098
6863
13785
2652
2306
12903
18457
22863
38336
18457
5212
2568
9442
30887
25858
30887
49677
10013
546
17277
5212
13927
15435
13927
6863
10013
2568
546
33070
55737
2652
13930
16125
3527
6997
2306
6863
95369
74068
98168
47794
89384
5212
47179
6997
33070
3527
13785
0
2306
0
13785
46620
25858
9442
2306
25858
9442
6997
41874
0
3527
24287
97302
26506
53866
6997
26809
40796
36227
23059
25858
48095
23059
6863
25858
546
13751
10013
2306
85387
546
64371
16125
13785
5212
25858
26653
95369
0
21730
12400
34023
546
97540
3527
21730
3136
5212
5212
5212
2306
5212
33070
6863
2306
30887
30887
16125
2306
46620
3527
2306
95789
26809
3136
3136
47179
23059
9442
2363
23059
21730
41874
66602
0
3527
60493
20926
40796
6997
10013
70493
29690
2363
2568
16125
6863
2306
