17277
724
20710
2363
21730
72354
4568
47179
5772
23059
99933
44730
546
47740
21730
18150
3136
2568
44730
32872
2306
13927
33070
6997
6997
13751
17277
72354
47740
36916
6863
9504
2363
21531
18457
3527
72354
16125
64371
6863
2568
2246
36916
2652
53866
6220
13751
0
60337
26341
47179
18457
0
30020
4568
10098
92778
23059
2363
16650
70493
5212
2306
15435
16650
36227
2246
5404
63369
13751
2363
21730
22863
16650
13927
5212
6997
4568
68981
16650
8118
49677
33070
18457
2246
29690
80541
66602
66414
92778
5212
34023
30887
546
33070
44730
18150
33368
6220
0
6220
9442
3136
60379
3527
44920
2363
10013
2246
26809
16650
2568
5404
90676
0
25858
33070
6863
47794
90365
26341
2306
2363
9442
25858
97764
546
53896
28445
0
9504
13930
546
5404
42619
6220
47740
2363
90676
3136
2363
13751
60493
8118
0
18457
2652
72354
724
4568
21531
44920
13751
546
546
4568
0
95369
5404
26653
13751
3136
55307
95369
546
36328
6863
5404
56430
58271
5212
2652
65124
13930
26653
48830
724
20060
5404
55737
33070
5772
0
5733
2363
5404
8118
20710
724
41874
20710
41874
26341
44730
2363
546
26341
546
6220
26341
3136
2306
4568
48830
36227
2652
33070
724
56430
47740
18150
16650
6220
63369
0
9442
6997
5404
63369
2652
5772
49677
22847
3136
77374
26809
24287
22863
4568
6220
99171
24287
9442
18150
9442
5772
3527
546
2363
20926
30887
26809
546
724
36916
20710
63369
41422
18150
6220
2306
80571
5212
33070
6220
44730
63369
13930
38098
2363
22847
20926
546
2306
2363
2363
2568
2306
2306
13927
16125
33070
26506
10013
2652
83427
13751
3136
12400
5404
9442
28445
26653
36916
5212
2246
97468
5772
42619
546
90676
26809
80571
3136
44920
5772
2568
74068
0
26653
16650
2363
44730
72354
18150
5772
4568
16125
5404
42619
18457
72354
21730
2246
10098
9504
12903
40796
98815
34482
2306
3527
97282
546
23059
48830
2652
92755
2306
61394
64371
68981
6997
5733
0
2652
5733
3527
2246
2363
89384
44730
68981
55307
49677
18150
4568
9504
5212
60337
63369
13785
21531
26341
47797
13927
53896
29690
34023
58271
13930
10013
2363
2246
2363
2306
546
36916
5212
9442
47797
546
55737
36328
12400
98815
13930
5772
21531
15435
5404
16650
58032
25858
5212
10098
5733
12400
22863
44730
64371
93585
3136
2568
3136
47794
21531
38336
55737
21730
50847
2652
13751
3136
33070
36916
0
21531
2652
6863
3136
30887
3136
28445
6220
18150
22847
5212
26341
9442
2363
42619
26341
10098
2363
546
90676
4568
26653
5212
10098
41422
30887
724
0
26653
44044
33070
9442
60757
59957
63369
76966
3527
2652
9442
90028
546
546
2568
5733
77857
546
70493
0
33070
48830
74068
6997
48830
44730
546
44730
2363
4568
44044
33070
4568
0
13785
63369
3527
724
19583
12400
546
10098
0
16125
9442
4568
724
6997
47740
47794
5772
20710
16125
21531
4568
3136
2652
5772
10098
12400
2306
5212
546
59957
2306
2652
724
6997
36328
24287
5404
4568
20710
2363
18457
51529
25858
2246
546
12903
47794
10098
36227
75199
77085
16125
47797
36328
2652
3136
6220
53896
546
41422
12903
5404
64684
2363
3527
13785
74068
9442
59709
2363
2306
16125
0
5733
0
26653
0
59957
5404
2568
20710
47740
5404
6220
3527
36328
2363
2306
0
61394
41422
4568
98168
3136
2568
51529
3527
4568
6997
33070
2306
16125
6220
22863
36916
2568
98316
12400
18457
61394
9442
16125
10098
3136
58271
0
4568
5404
13751
20060
21730
0
2306
3527
75012
47794
58271
20710
80571
38098
3527
5212
3136
30020
2246
21730
26341
5404
4568
21730
8118
19583
17277
16125
2363
724
12400
63369
92778
5404
26653
2306
26653
36328
22847
93452
2306
4568
60757
98168
4568
51529
47797
72354
2568
5404
60757
47797
5212
5772
2306
22863
546
55737
6997
83427
2246
2306
9504
5733
9442
2363
32872
60493
18150
94325
2363
17277
38098
93452
2363
2363
5772
42619
2568
5404
24287
6997
546
724
2652
0
47797
10013
724
9442
10013
21730
6863
94325
2652
16125
16650
2306
74068
30887
10098
5733
48830
55737
47740
5733
5404
3136
75012
72354
48095
47797
6997
53896
49677
2568
15435
20710
8118
3136
13785
6997
97468
6863
55307
10013
2306
6863
63369
26341
26341
4568
2568
5772
2306
5212
3527
2568
10098
33368
20710
9442
2652
9442
2363
2652
9504
3136
5733
2568
546
58271
4568
12400
48830
22847
41422
76966
24287
12400
5212
18150
3527
0
54587
4568
28445
4568
10098
3527
13751
47794
50847
59709
68981
2246
2246
60379
48830
12400
724
48830
13785
98815
2246
546
58032
92755
2246
63369
8118
5733
3527
2306
20710
5733
724
66602
13751
5404
18457
9442
95789
6997
5404
64371
33070
20060
10098
19583
63369
4568
20710
22847
79498
47740
19583
3136
28445
44730
2363
5733
2652
16125
74068
53866
5772
47794
98928
18457
546
3136
3527
26341
10098
36916
63369
2568
36916
5404
724
2363
5772
23059
546
5212
2652
6220
2568
98815
78043
32872
18457
4568
2363
33070
0
5733
74068
546
24287
3136
3136
47740
59709
33070
10098
724
12400
724
10098
59709
99933
36328
0
36227
5772
2363
2652
94325
19583
5772
0
5772
36227
38098
546
6220
2568
16125
22847
4568
33070
22863
2246
26506
3527
22863
34023
724
97540
20710
68981
10098
44730
0
546
10013
47794
546
94325
2246
97282
44730
93452
44730
10098
13930
6997
9442
546
30020
47797
6220
13930
0
60757
12400
65783
0
55737
15435
94325
5404
98316
2568
68981
12400
3527
2306
26653
2568
36916
55737
18150
47794
47740
2363
0
59957
26506
13785
6220
12903
26341
24287
6220
13785
66602
6863
33070
2306
5404
2363
2306
36916
5733
47740
2568
33368
60757
60337
47797
5733
5772
20710
10098
21730
21531
44730
48095
28445
2363
2306
17277
546
5404
36916
3136
2246
29690
2363
5212
12400
46620
724
18457
19583
68981
12903
64371
2246
8118
10098
58271
2363
9442
5772
19583
3527
12400
2652
22863
36916
13930
94325
2306
90365
56430
19583
2652
2246
68691
12400
12903
5733
5404
60493
47797
36916
48830
2306
3136
5212
2306
2652
99171
33070
2363
0
546
2363
36916
61394
64371
98168
22863
5404
16125
26653
0
0
79803
2363
18150
9504
3136
12400
58032
26341
5404
24287
77085
83427
26341
98815
26341
3527
2652
6997
94325
2306
25858
53896
75012
26341
48095
23059
38098
38098
2363
2363
33070
10098
13927
724
5733
36227
5212
2246
2568
6220
13930
53866
10013
77857
546
546
16125
2363
2306
2568
80541
32872
5404
2363
5404
10098
4568
2652
97540
98815
2363
2652
86716
99933
26809
21531
47794
77085
21730
9442
49677
2568
5212
60281
2652
5772
4568
47797
2568
3136
10098
13751
2306
80541
0
21531
56430
2568
2363
0
12400
47794
20710
77085
2306
42619
10098
49677
94325
5733
20060
6220
26809
2568
4568
724
2363
3136
36328
47797
47797
47179
2363
47740
55737
20710
12400
41874
98928
36328
2568
0
6220
5772
2246
10098
5212
36328
54587
47179
10098
2568
5733
80571
18150
78043
13751
18150
21531
98815
18150
13751
2568
56430
47797
6220
53896
97540
13785
6997
36916
26653
26653
0
6220
5212
3136
6997
41874
5404
2306
36227
13751
4568
2306
4568
40796
17277
60757
19583
16650
5772
49677
59709
0
36227
40796
6997
2363
2652
22863
47797
60281
22863
2246
61394
9442
6220
6220
60493
47794
20060
30020
53896
6863
47740
26341
3527
12903
2652
63369
724
6220
5212
98316
58271
15435
79498
4568
8118
19583
0
6863
25858
56430
6220
5733
2363
63369
33070
3527
4568
47740
5212
41422
26809
6220
80571
10098
58441
77857
47740
0
12400
0
2568
2246
12400
47794
5404
9442
0
6997
15435
25858
2568
0
63369
2306
2306
60493
36227
2246
3136
5733
44920
2306
546
44730
2568
70493
65124
47794
2363
36227
47740
2363
60493
9504
71088
51435
58441
47740
13930
97764
46620
22847
2306
2306
18457
3527
30020
2306
5404
15435
6220
724
95789
724
5404
40796
12400
3136
6863
2363
16650
58032
68981
9442
58441
5404
34482
97468
6863
28445
71088
9442
48095
6220
12903
6863
5772
0
4568
58441
18457
546
36227
4568
0
47179
5733
5733
93452
10098
6997
12903
94325
2363
16650
4568
2568
9442
6220
38098
3136
546
58441
48830
61314
46620
5733
60379
10098
60757
546
44730
38098
51435
22847
47179
6220
30887
5212
30020
70493
60757
6220
99171
33368
4568
3527
8118
13751
38098
6997
3527
60281
2652
34023
2652
21531
13927
2652
2363
17277
13930
20710
20710
53896
2306
5212
95369
5212
22863
2363
2568
34023
38336
63369
29690
546
58441
0
44920
59957
2568
2652
0
12903
2306
5404
28625
2652
2363
20710
33368
2306
60337
5404
9504
10098
2363
26341
5733
47740
2246
29690
4568
49677
30887
19583
10098
21531
2568
90365
60281
4568
55737
44920
34482
2363
44730
50847
56430
6863
2652
5733
23059
34023
6220
546
47794
58441
68981
58032
26809
99171
77085
5733
2652
76966
2568
2306
20710
6220
65124
2306
2568
34023
36328
47740
0
