3927
3927
3070
3927
2778
4068
2778
6430
2568
4325
1874
3527
493
0
9384
3059
3785
5737
1531
6916
60
28
1394
1422
8691
6230
2778
493
5124
28
3927
3527
3427
9171
3136
4023
3427
887
28
3070
3070
7794
3927
2863
6230
1874
28
493
541
2568
3930
4068
0
1422
2778
8457
2863
541
887
493
887
5199
60
5783
1394
1531
1394
1394
5737
3070
3136
3785
2568
28
8691
887
887
5199
4371
3427
60
2863
6430
2778
5737
1394
2568
7794
3930
541
541
1422
8691
887
6863
1394
28
6430
1874
9173
8316
6430
541
8538
3070
1422
1422
8981
1394
541
6430
6414
887
3070
6430
5212
28
4023
8691
2778
7764
4920
5783
8168
2778
3927
541
1874
1874
5199
6916
887
541
8981
5124
3136
2778
2778
1422
541
2568
887
887
2863
887
6092
2363
6863
887
2363
3927
8336
2778
1394
4920
60
887
1394
5199
887
60
1422
887
887
60
9173
28
5199
887
5012
541
9957
2778
5369
60
3070
1874
8043
60
3927
541
5369
541
3930
1394
1422
1422
28
4920
887
3059
3427
1394
1874
9171
4068
6414
3136
6863
60
3927
9957
6230
60
4068
28
4023
6430
8981
1422
2568
3427
2863
887
60
3527
2568
5387
60
3927
2568
5783
2363
8168
3136
6430
60
8691
887
493
8457
6092
1422
7794
28
28
60
1394
6230
3927
4325
5369
4422
28
5212
4371
2863
9173
1394
4920
2863
541
2863
6430
6414
2863
6650
887
4325
2363
5783
60
9171
60
60
5387
1874
1422
3427
5124
3070
2568
0
1394
3136
28
6863
4325
28
1422
6430
5124
887
60
887
541
6414
5369
887
3527
1531
887
541
4325
2778
4422
6430
6863
2363
3427
4325
28
5199
493
4422
4325
1531
4920
3059
8316
2778
1874
0
2778
4422
2363
5124
6430
1394
6863
4422
2863
6430
5783
60
1874
60
2778
4068
6430
6092
3927
2568
28
3070
3927
6430
887
1531
6092
2863
8336
2778
2363
1531
28
9171
887
1874
5783
3927
541
3427
4325
541
7764
5783
28
2363
2778
1422
1422
28
4023
493
887
1422
2863
1394
541
3070
6092
28
8316
1874
8691
1394
2778
1422
28
541
6430
2778
1531
1394
3927
4325
887
2568
3070
5783
1422
1394
28
2363
2568
6863
3930
8457
4068
6430
6430
3927
3785
1394
60
3927
3930
0
1422
3070
2568
2863
2363
6430
60
3059
1531
1422
5783
887
1422
7374
3927
9384
2778
3427
541
4325
887
28
6430
3930
3785
541
4325
4422
4422
2568
493
6092
28
541
1394
2863
2363
5199
3785
2863
4325
2778
1394
4068
493
28
4023
3059
887
2568
28
60
1394
60
2863
6863
2568
28
8691
1422
3136
3427
3427
2863
1394
3136
2863
3070
1394
5012
5387
5737
6430
28
2778
1422
8316
2778
6916
6430
60
887
541
493
9173
2863
8316
1531
6863
3927
6430
541
5783
541
1874
887
60
2363
2863
1874
3927
1394
3927
2568
6650
3070
1422
1874
28
60
3785
8691
3136
28
3070
1394
6863
3527
8336
5199
5783
1422
28
2363
60
1422
2363
3136
2863
887
60
8691
8168
887
887
8981
6430
493
9384
2863
2778
8981
887
1531
2363
1874
541
887
8981
541
887
3136
28
4325
1874
1394
2568
4371
3059
1394
2863
2778
0
2863
1422
1394
1394
541
60
1394
2778
4325
887
2568
6430
4068
541
6430
493
887
887
493
6863
1394
493
1531
2863
2863
4920
6430
541
4920
60
1422
2363
8336
1422
7764
6430
3930
28
1531
3785
1394
2568
4371
493
5124
5387
1394
2568
60
887
9171
4422
887
2568
28
3070
887
7764
887
6092
3070
2363
6916
28
3070
6092
541
3427
2778
4068
4325
3070
1531
2863
4920
3059
60
887
3136
2778
5783
8168
6650
3059
3059
887
493
4325
887
28
8457
8457
887
3427
4325
2863
2568
887
4325
2778
8336
9803
541
887
3527
541
3136
541
28
3136
3927
5783
4023
2568
60
1422
3927
3785
8336
4325
2568
0
3427
1531
3059
1422
2568
8043
2778
7764
3136
6092
493
3427
2863
1422
3070
6430
8981
28
1531
5783
3136
493
2778
2568
1394
2568
5212
887
4068
6863
887
2863
8316
4068
60
5124
6863
2568
3927
4325
493
3927
3059
9173
3136
3927
2568
1531
1422
5783
3427
6863
1874
3136
1422
3927
3136
2568
4422
541
541
7764
887
3927
3785
6092
28
5783
60
887
493
3927
3927
5387
1394
60
2863
60
6414
2778
541
6916
60
28
7374
3527
3136
8168
6430
493
493
1422
9957
4068
2778
5012
541
3427
4068
887
493
5783
3930
887
4325
887
