67638
67638
66343
66343
20926
2423
67638
66343
82
67638
66343
67638
35380
66343
682
67638
66343
66343
67638
41806
1840
66343
2905
66343
66343
66343
35380
67638
5364
66343
66343
67638
13927
67638
67638
66343
32461
66343
66343
39022
66343
67638
66343
67638
78051
67638
45976
66343
67638
67638
66343
35380
66343
67638
66343
66343
66343
347
66343
66343
238
66343
93530
66343
35380
67638
66343
67638
67638
67638
66343
67638
66343
66343
67638
67638
67638
67638
67638
66343
22536
39022
35380
67638
66343
67638
35380
66343
66343
10198
53827
67638
66343
67638
67638
67638
26653
67638
66343
2022
67638
67638
66343
66343
90418
66343
67638
67638
67638
66343
66343
66343
67638
2337
67638
85645
66343
570
35380
67638
66343
82
66343
22536
3730
66343
66343
2246
66343
35380
66343
67638
35380
66343
26608
66343
25858
2337
67638
66343
22863
66343
67638
67638
66343
3191
67638
80968
74763
67638
66343
66343
93585
66343
67638
67638
66343
67638
66343
67638
66343
35380
66343
67638
67638
66343
67638
67638
67638
67638
67638
66343
66343
682
1948
66343
58271
66343
66343
58271
66343
67638
67638
66343
66343
66343
67638
26313
17463
56191
67638
67638
67638
67638
35380
67638
22605
66343
85055
44501
67638
16125
66343
67638
724
67638
67638
66343
66343
5733
67638
66343
66343
92623
1040
66343
66343
66343
66343
66343
67638
66343
67638
26608
67638
67638
23507
570
6368
67638
926
66343
27956
67638
67638
66343
13751
67638
570
66343
67638
66343
66343
67638
66343
67638
66343
66343
82
67638
66343
67638
67638
66343
66343
67638
67638
66343
99905
66343
67638
66343
67638
66343
67638
66343
66343
25858
67638
18005
13751
90869
67638
66343
67638
66343
67638
66343
67638
3527
50574
66343
66343
67638
66343
32920
66343
1475
67638
66343
67638
67638
67638
67638
67638
66343
66343
17463
67638
4290
28994
11018
58271
66343
66343
35380
67638
67638
67638
4568
66343
682
66343
2306
67638
66343
67638
66343
67638
11018
66343
67638
13927
67638
66343
67638
66343
67638
66343
67638
35380
1840
45976
67638
11973
66343
4795
67638
67638
66343
66343
66343
66343
66343
66343
30858
26305
2363
66343
2337
67638
66343
44044
67638
570
66343
67638
67638
66343
22863
58271
67638
11389
238
66343
22533
34023
67638
92623
66343
67638
67638
66343
66343
67638
2337
66343
67638
66343
67638
54341
66343
66343
35380
58271
67638
33590
67638
67638
66343
66343
3075
67638
66343
67638
926
35380
926
66343
67638
66343
66343
66343
3527
66343
66343
66343
66343
67638
66343
67638
66343
1475
66343
66343
67638
66343
67638
67638
36504
50254
66343
66343
66343
48900
87132
3882
66343
66343
67638
66343
66343
67638
66343
68364
90614
67638
67638
67638
570
67638
66343
11973
66343
67638
67638
67638
60290
66343
66343
66343
5364
33519
35711
67638
66343
66343
1962
682
67638
95152
20710
2216
90365
67638
66343
3178
66343
66343
66343
66343
66343
35380
66343
67638
67638
66343
67638
35380
66343
66343
66343
66343
67638
66343
66343
238
66343
19302
66343
67638
66343
66343
66951
66343
36988
67638
67638
64444
67638
67638
66343
66343
66343
82
67638
2022
66343
66343
66343
66343
66343
66343
66343
66343
67638
1948
66343
35380
67638
67638
6368
36916
66343
66343
67638
2246
98815
66343
66343
66343
66343
1962
66190
66343
67638
22536
67638
67638
66343
974
67869
66343
67638
66343
2727
67638
67638
67638
67638
66343
17463
66343
67638
66343
66343
66343
67638
66343
66343
33519
37765
67638
66343
67638
66343
67638
58271
67638
67638
66343
67638
67638
67638
66343
58271
67638
98572
67638
66343
25662
65783
66343
98587
66343
66343
93741
347
66343
66343
66343
67638
66343
66343
67638
80968
66343
67638
67638
66343
87191
66343
1840
66343
67638
66343
66343
97540
66343
67638
66343
66343
67638
66343
67638
66343
66343
22863
570
66343
66343
67638
3075
67638
66343
66343
66343
66343
66343
6733
58271
67638
67638
66343
40085
66343
67638
67638
67638
66343
66343
66343
67638
58271
66343
9611
66343
66343
66343
60281
66343
67638
67638
67638
67638
37765
18150
66343
48519
66343
66343
66343
66343
66343
66343
66343
67638
10254
66343
67638
1962
66343
974
66343
67638
67638
87765
67638
66343
13751
67638
66343
67638
67638
3034
67638
1064
570
2830
67638
67638
67638
66343
11973
67638
66343
67638
66343
67638
66343
67638
66343
58271
67638
67638
66343
67638
58271
47797
66343
67638
66343
66343
67638
67638
66343
67638
347
6888
67638
11018
66343
35380
67638
67638
67638
66343
66343
66343
2022
66343
17463
67638
66343
6368
67638
67638
66343
66343
66343
67638
4795
67638
86709
94893
67638
76983
66343
67638
66343
66343
62505
66343
66343
2830
9860
67638
66343
66343
67638
17463
67638
66343
238
67638
62010
66343
67638
11973
66343
67638
66343
67638
67638
66343
66343
67638
67638
66343
347
67638
66343
67638
66343
67638
66343
39022
67638
926
22536
70479
67638
66343
66343
66343
17463
67638
11973
66343
67638
1840
66343
66343
67638
66343
66343
66343
73417
66343
66343
67638
67638
32461
24287
67638
66343
67638
66343
66343
66343
66343
22536
66343
67638
66343
66343
67638
66343
67638
67638
2337
67638
66343
66343
67638
67638
67638
67638
67638
66343
66343
724
67638
67638
66343
67638
66343
67638
67638
3075
67638
78180
66343
45730
18945
66343
67638
67638
67638
66343
35380
66343
58661
1064
67638
66343
66343
43922
35380
66343
6863
35380
67638
10295
67638
67638
35380
67638
66343
67638
66343
67638
66343
76122
66343
66343
66343
66343
66343
66343
66343
66343
67638
67638
67638
95369
52960
67638
66343
66343
67638
67638
67638
67638
66343
66343
1064
66343
66343
66343
54539
57200
724
67638
607
66343
67638
9442
66343
67638
67638
66343
67638
66343
66343
66343
67638
67638
67638
66343
80968
67638
67638
47740
66343
35380
67638
66343
66343
43325
66343
66343
66343
67638
67638
66343
35380
67638
66343
66343
66343
66343
67638
2216
67638
23619
66343
66343
67638
17463
2246
40796
18158
67638
67638
67638
67638
67638
66343
20505
67638
66343
2022
44919
67638
35380
44920
66343
79445
66343
67638
2901
67638
67638
66343
67638
37733
66343
67638
80968
66343
66343
67638
11973
20091
66343
66343
67638
67638
66343
66343
66343
66343
66343
67638
66343
66343
66343
66343
20926
67638
66343
67638
67638
66343
66343
66343
67638
347
67638
67638
35380
35380
54341
66343
66343
66343
66343
66343
66343
67638
66343
67638
67638
35380
67638
66343
66343
66343
66343
66343
66343
67638
11973
66343
66343
67638
40866
66343
66343
66343
25579
4795
66343
66343
66343
66343
36030
66343
67638
66343
66343
67638
21861
67638
66343
66343
80541
22536
66343
67638
67638
1840
1948
66343
2246
1948
66343
67638
67638
66343
17463
66343
67638
67638
40796
66343
67638
67638
66343
5733
66343
67638
347
67638
66343
67638
66343
67638
67638
66343
66343
570
73941
66343
67638
66343
66343
66343
66343
66343
13774
66343
66343
23312
66343
67638
66343
66343
66343
926
66343
67638
18777
67638
47687
67638
6368
66343
11973
13811
974
41223
35380
67638
58271
66343
67638
80968
67638
66343
22843
67638
35380
66343
67638
2648
17446
66343
66343
58271
67638
35380
67638
79803
974
67638
66343
67638
66343
35380
66343
66343
66343
66343
58271
5625
66343
48095
66343
2246
35380
66343
66343
682
66343
22536
67638
66343
67638
67638
67638
66343
66343
66343
66343
66343
10198
66343
66343
67638
95426
67638
67638
66343
67638
67638
66343
67638
66343
570
66343
66343
66343
67638
58271
66343
66343
66343
1948
66343
66343
67638
66343
67638
67638
35380
66343
67638
5733
3527
66343
1064
67638
67638
88210
80968
66343
67638
67638
71044
66343
58271
67638
35380
17463
1064
66343
66343
66343
17648
66343
35380
66343
67638
67638
58271
66343
66343
66343
546
66343
2337
2246
67638
66343
67638
66343
67638
66343
67638
66343
67638
67638
66343
67638
53542
67638
67638
66343
66343
66343
41313
66343
67638
66343
72380
67638
35380
67638
66343
67638
67638
4795
67638
66343
66343
66343
66343
66343
67638
67638
66343
11018
1475
67638
67638
66343
66343
67638
66343
98538
58271
66343
66343
66343
67638
82
9486
80968
66343
67638
66343
66343
66343
39037
66343
66343
22536
570
67638
66343
66343
67638
67638
67638
67638
20926
66343
67638
66343
66343
17463
2306
39022
67638
67638
67638
44501
5212
67638
66343
66343
66343
11018
66343
67638
67638
58271
66343
66343
66343
66343
66343
66343
97468
66343
66343
66343
67638
76092
67638
35380
67638
92778
67638
66343
67638
66343
66343
58271
66343
67638
66343
5364
3034
66343
66343
67638
67638
67638
11973
66343
66343
66343
67638
54099
82
724
66343
66343
66343
67638
67638
13774
10198
66343
35380
66343
347
66343
66343
2363
66343
67638
66343
66343
35380
7670
66343
66343
67638
66343
66343
67638
82
66343
66343
67638
66343
66343
67638
35326
67638
67638
66343
2306
66343
67638
66343
67638
58271
66343
66343
11973
66343
67638
66343
66343
67638
66343
67638
67638
66343
67638
66343
67638
66343
67638
67638
35380
58271
17463
67638
66343
66343
724
67638
66343
67638
66343
75570
66343
66343
66343
67638
67638
36837
67638
67638
18777
66343
66343
66343
67638
66343
66343
926
67638
66343
66343
67638
66343
66343
67638
66343
66343
67638
67638
41422
66343
66343
66343
66250
35380
66343
66343
67638
67638
35380
66343
35380
66343
39300
66343
66343
66343
67638
66343
67638
66343
53145
35380
66343
67638
67638
67638
67638
67638
67638
66343
66343
67638
66343
67638
67638
67638
66343
66343
66343
49909
570
35380
607
66343
66343
66343
67638
2246
69912
66343
6641
66343
66343
37765
67638
66343
66343
66343
66343
66343
67638
67638
66343
66343
67638
66343
66343
66343
28805
66343
73794
66343
66343
25434
66343
67638
58271
66343
67638
66343
66343
67638
67638
66343
66343
66343
35380
5404
67638
35380
14678
66343
66343
67638
67638
2306
2423
66343
58271
55737
67638
2648
46140
67638
67638
67638
67638
66343
66343
67638
2830
66343
67638
35380
66343
66343
24177
66343
67638
39863
48523
38047
67638
66343
39022
66343
2363
66343
67638
67638
66343
67638
95437
67638
66343
1475
66343
58271
66343
67638
66343
67638
66343
66343
2306
67638
66343
66343
67638
66343
682
16650
66343
66343
30858
66343
67638
66343
67638
67638
67638
66343
67638
66343
66343
67638
35380
67638
66343
93530
80968
66343
35380
67638
2905
66343
66343
66343
66343
35380
66343
63982
12903
80968
58271
58271
67270
67638
82
66343
66343
66343
90676
2648
82
67638
47626
5625
67638
66343
19806
66343
67638
66343
66343
17463
2337
67638
66343
67638
66343
67638
21730
66343
67638
67638
66343
67638
66343
66343
66343
66343
67638
66343
67638
724
82
66343
67638
67638
66343
66343
66343
66343
66343
66343
17989
67638
66343
67638
66343
66343
1948
66343
89225
66343
66343
11018
66343
66343
67638
67638
67638
66343
70493
10013
67638
66343
66343
238
66343
66343
67638
66343
66343
546
66343
67638
67638
66343
48143
67638
67638
72758
67638
67638
35380
60290
57200
66343
19806
67638
67638
67638
66343
19530
66343
66343
66343
66343
67638
66343
66343
66343
66343
66343
35380
66343
1840
66343
67638
67638
238
66343
66343
66602
2652
67638
79293
66343
1948
66343
67638
67638
66343
66343
5212
67638
82
66343
66343
67638
66343
67638
11018
35380
67638
58271
66343
66343
67638
66343
66343
67638
92623
67638
66343
4795
67638
3494
347
66343
67638
3075
67638
347
67638
66343
67638
67638
66343
66343
66343
66343
66343
66343
66343
67638
66343
66343
67638
66343
66343
50254
67638
80968
607
66343
67638
66343
67638
66343
67638
66343
2246
67638
67638
58271
60493
67638
67638
46229
66343
238
66343
66343
67638
67638
66343
67638
66343
30858
66343
98538
66343
66343
66343
67638
48519
67638
67638
17463
67638
67638
66343
66343
66343
22536
67638
66343
92380
926
66343
347
67638
66343
40050
67638
66343
66343
66343
66343
67638
67638
66343
67638
66343
22536
67638
39022
66343
66343
66343
67638
66343
66343
47797
66343
66343
67638
67638
67638
67638
66343
66343
66343
67638
29321
67638
2363
66343
66343
12925
66343
67638
66343
31234
66343
67638
347
66343
682
67638
66343
2727
2363
66343
66343
66343
6043
67638
67638
66343
67638
67638
66343
67638
66343
66343
94429
66343
67638
3882
66343
66343
66343
66343
67638
67638
67638
66343
66343
52806
77374
67638
66343
2246
63369
14614
8236
66343
2652
66343
66343
60236
66343
67638
66343
66343
67638
35129
66343
66343
41313
66343
66343
58271
67638
67638
66343
67638
66343
67638
86716
67638
66343
66343
67638
67638
66343
67638
66343
67638
66343
42063
72261
97370
1962
66343
66343
66343
238
64371
66343
66343
66343
67638
34946
17463
66343
60281
66343
67638
66343
67638
67638
66343
66343
21861
66343
66343
67638
66343
66343
67638
3136
67638
66343
1840
88229
67638
66343
66343
66343
3034
67638
13811
66343
2022
67638
67638
21861
66343
66343
66343
66343
67638
66343
67638
67638
66343
66343
66343
6888
66343
67638
66343
67638
66343
66343
238
67638
66343
20091
67638
66343
66343
67638
66343
66343
67638
67638
724
67638
2423
926
66343
67638
607
29151
66343
66343
67638
66343
67638
67638
18628
66343
66343
66343
66343
67638
49798
66343
67638
66343
66343
2955
66343
66343
66343
66343
66343
66343
58271
66343
66343
35190
66343
66343
66343
67638
66343
67638
2216
66343
66343
66343
67638
66343
67638
67638
66343
67638
67638
66343
67638
66343
66343
66343
974
66343
2648
8543
67638
66343
35380
66343
67638
82
1840
67638
9860
67638
36916
21861
67638
66343
67638
67638
67638
2830
58271
67638
66343
67638
66343
66343
347
66343
66343
80968
66343
347
66343
67638
66343
67638
66343
66343
67638
67638
66343
67638
88820
66343
724
35380
66343
66343
5237
5212
66343
66343
67638
67638
67638
66343
66343
926
67638
35380
66343
67638
58970
17568
66343
7206
67638
36916
54341
58271
67638
66343
66343
44600
2337
8543
67638
66343
67638
67638
72380
67638
66343
67638
1475
67638
238
66343
3034
66343
67638
67638
66343
66343
67638
67638
66343
67638
67638
3730
66343
67638
66343
67638
66343
66343
66343
67638
66343
66343
2246
67638
66343
67638
66343
66343
67638
9611
67638
67638
67638
67638
80968
66343
67638
66343
67638
724
1040
66343
67638
66343
9118
44819
45631
66343
57200
66343
67638
66343
97764
2246
66343
66343
66343
67638
66343
66343
67638
66343
66343
67638
67638
66343
25211
66343
66343
67638
67638
66343
67638
66343
66343
66343
66343
66343
30127
67638
67638
66343
66343
570
22536
45730
66343
66343
66343
67638
67638
66343
66343
66343
9442
67638
67638
78612
238
87744
3527
66343
67638
66343
66343
39022
66343
66343
67638
66343
66343
79803
66343
9860
58271
66343
67638
66343
66343
2648
36874
67638
67638
82
66343
67638
67638
67638
66343
66343
44600
67638
66343
66343
67638
238
66343
67638
66343
67638
67638
66343
66343
82
66343
66343
16650
67638
67638
58271
66343
67638
66343
67638
66343
66343
66343
66343
67638
67638
67638
66343
67638
35380
67638
66343
67638
66343
67638
66343
66343
66343
66343
546
66343
66343
66343
66343
2363
66343
22863
66343
11018
66343
45885
66343
67270
66343
67638
1064
66343
13259
66343
66343
66343
67638
67638
66343
1840
66343
67638
67638
66343
36504
66343
67638
66343
67638
66343
67638
67638
66343
67638
66343
67638
66343
66343
4290
66343
66343
66343
66343
607
66343
66343
67638
66343
67638
67638
66343
67638
67638
62950
57200
3349
66343
17463
66343
66343
66343
10295
67638
66343
67638
67638
66343
58271
66343
66343
67638
67638
58032
67638
67638
67638
66343
67638
67638
67638
2423
66343
67638
92623
80968
67638
67638
67638
67638
67638
66343
66343
39022
66343
2306
66343
67638
58026
66343
67638
66343
66343
66343
66343
66343
63921
66343
67638
66343
47626
66343
67638
66343
66343
66343
66343
35380
36874
67638
67638
67638
2648
67638
67638
67638
66343
66343
66343
67638
67638
67638
67638
67638
67638
82135
67638
67638
21397
67638
66343
3075
67638
546
50254
66343
59232
66343
67638
67638
67638
66343
66343
66343
66343
66343
67638
67638
67638
22863
66343
67638
21121
724
66343
67638
66343
66343
66343
32920
67638
66343
66343
2022
66343
18594
66343
2306
67638
67638
67638
14640
66343
66343
66343
3136
66343
67638
67638
67638
66343
67638
66343
35380
66343
6356
67638
67638
66343
66343
66343
66343
66343
3349
66343
66343
66343
66343
73744
66343
15668
67638
67638
66343
67638
67638
28795
66343
238
66343
3178
66343
66343
82
67638
67638
33460
4290
35380
66343
66343
5386
53145
67638
13074
66343
1840
67638
67638
67638
66343
19583
238
67638
66343
1475
66343
66343
4568
66343
67638
66343
66343
35380
35380
9611
66343
66343
66343
67638
66343
66343
67638
17506
67638
9860
67638
58271
66343
67638
66343
66343
67638
67638
66343
25434
67638
70348
66343
66343
7670
67638
66343
66343
67638
16128
67638
66343
67638
67638
66343
66343
67638
67638
66343
67638
80968
66343
66343
66343
66343
36430
66343
66343
66343
66343
35380
66343
67638
67638
67638
66343
66343
66343
66343
1840
35380
33682
11973
67638
66343
67638
66343
67638
24177
66343
67638
35380
67638
66343
66343
35380
66343
67638
66343
67638
72261
67638
13751
66343
67638
66343
66343
35380
66343
67638
66343
27685
67638
90365
67638
66343
66343
66343
67638
66343
66343
67638
66343
35380
66343
67638
66343
66343
66343
58271
66343
67638
66343
67638
66343
67638
926
67638
67638
570
70073
11973
67638
58271
67638
66343
66343
67638
73304
66343
58271
67638
67638
66343
66343
67638
66343
66343
66343
55591
67638
66343
66343
66343
66343
26305
67638
56043
66343
18628
12925
66343
67638
1040
67638
67638
2246
2652
35380
66343
67638
67638
67638
67638
66343
66343
66343
67638
3349
67638
66343
682
10198
1962
67638
67638
66343
66343
66343
4795
2727
66343
682
66343
67638
67638
974
88575
66343
67638
67638
67638
11973
67638
58271
1256
25434
66343
66343
67638
48900
58271
67638
66343
66343
66343
67638
67638
67638
67638
67638
31537
67638
67638
570
68364
1040
22091
67638
66343
66343
85239
67638
1064
66343
66343
61394
66343
67638
47642
66343
67638
66343
80968
44819
607
66343
66343
67638
67638
67638
66343
67638
67638
2568
66343
66343
66343
66343
35380
67638
66343
67638
70164
67638
11973
66343
66343
3349
67638
66343
67638
67638
67638
66343
35380
20128
67638
67638
76983
66343
67638
66343
67638
13174
67638
66343
2423
49909
47469
67638
66343
22863
66343
67638
66343
66343
66343
66343
67638
67638
66343
66343
66343
2652
52552
67638
67638
66343
66343
66343
66343
66343
10538
67638
67638
66343
67638
66343
66343
66343
67638
67638
66343
67638
66343
66343
67638
67638
67638
35380
67638
67638
66343
546
22863
67638
926
66343
66343
95152
67638
66343
67638
67638
67638
66343
22536
66343
67638
90359
67638
66343
66343
67638
67638
80968
58271
66343
66343
66343
66343
5058
67638
66343
67638
67638
66343
21802
67638
66343
10013
66343
67638
17463
66343
67638
17463
66343
49251
3494
66343
67638
66343
6043
67638
36785
66343
66343
67638
67638
66343
67638
66343
66343
58271
11973
44044
67638
546
67638
36916
66343
66343
79568
67638
66343
66343
66343
11128
38378
67638
66343
66343
67638
1256
66343
67638
67638
50254
66343
67638
347
67638
11018
67638
66343
66343
67638
67638
40796
66343
67638
16125
39022
35380
35380
67638
66343
66343
66343
67638
974
21861
67638
67638
66343
66343
66343
66343
17277
1840
67638
66343
20926
67638
67638
67638
3730
67373
66343
67638
67638
2246
3191
66343
17277
66343
682
67638
66343
67638
66343
67638
67638
66343
67638
6043
2423
66343
66343
95152
66343
66343
52299
66343
67638
66343
66343
66343
66343
66343
67638
95369
67638
66343
67638
66343
67638
66343
58700
66343
66343
66343
66343
66343
17463
66343
66343
66343
93369
67638
67638
66343
39022
347
66343
66343
67638
66343
66343
26305
2830
2246
67638
2246
67638
40866
66343
5772
66343
67638
2306
66343
67638
55764
66343
66343
66343
67638
67638
35380
67638
67638
53145
67638
67638
67638
66343
41874
13997
67638
67638
67638
66343
67638
66343
67638
58271
66343
67638
66343
238
67638
66343
67638
67638
67638
78207
67638
66343
67638
66343
67638
58271
67638
80541
66343
66343
67638
67638
66343
67638
66343
67638
66343
66343
32134
66343
67638
67638
39022
1475
67638
66343
67638
67638
67638
67638
238
88229
66343
67638
66343
67638
3494
66343
66343
66343
45551
35380
66343
67638
67638
67638
67638
66343
66343
58271
66343
67638
22405
67638
66343
66343
66343
67638
66343
67638
11018
66343
35380
67638
67638
4235
66343
11575
67638
66343
66343
67638
67638
66343
67638
66343
58271
67638
67638
35380
22536
98988
58271
67638
67638
35380
66343
66343
66343
66343
607
1948
66343
66343
66343
66343
238
974
67638
66343
98572
67638
67638
31234
32920
66343
66343
66343
59957
2337
67638
35380
67638
67638
67638
66343
66343
67638
44235
67638
66343
724
66343
66343
66343
12184
67638
66343
67638
67638
66343
974
67638
67638
66343
96964
67638
66343
67638
3527
11706
67638
546
75580
66343
66343
67638
66343
67638
6368
66343
66343
67638
67638
93585
98491
67638
66343
67638
66343
66343
66343
67638
66343
30127
66343
66343
66343
66343
67638
67638
66343
4290
67638
66343
66343
22536
66343
66343
36916
66343
67638
59709
44919
67638
75106
66343
66343
66343
67638
67638
67638
58271
66343
66343
66343
3349
66343
72891
67638
66343
67638
66343
22091
71044
926
66343
61238
35380
25662
67638
67638
66343
347
66343
2246
66343
66343
347
66343
66343
67638
67638
24031
66343
66343
66343
66343
67638
67638
67638
66343
25850
66343
67638
66343
66343
66343
67638
66343
66343
69912
66343
24915
66343
67638
11306
11389
67638
18158
67638
66343
66343
66343
5058
67638
66343
35380
67638
67638
67638
67638
67638
67638
66343
66343
32872
67638
4795
66343
67638
35380
67638
67638
58271
66343
67638
80968
67638
67638
48900
67638
66343
66343
66343
20926
66343
66343
67638
66343
2905
67638
80968
66343
66343
67638
67638
67638
66343
570
67638
67638
67638
67638
67638
67638
67638
66343
66343
3730
67638
22863
44823
66343
66343
2648
66343
66343
36916
80968
82
67638
66343
66343
66343
66343
66343
27089
92922
67638
35380
67638
18997
66343
35380
67638
67638
66343
2648
1256
66343
67638
67638
67638
67638
724
32037
67638
67638
69842
67638
67638
66343
66343
66343
66602
67638
67638
66343
67638
67638
67638
66343
66343
67638
66343
58271
67638
67638
66343
607
1962
66343
67638
67638
11973
58271
67638
39007
67638
50271
66343
66343
66343
67638
66343
58271
66343
66343
67638
66343
66343
67638
66343
66343
69842
66343
66343
6368
66343
66343
45631
67638
67638
66343
66343
66343
67638
58271
2568
67638
66343
67638
93500
67638
67638
66343
66343
66343
88465
67638
1962
66343
67638
66343
67638
66343
67638
66343
67638
724
67638
66343
67638
66762
67638
67638
66343
66343
66343
66343
67638
67638
66343
66343
67638
67638
35326
66343
66343
6997
66343
66343
67638
67638
67638
66343
67638
67638
21861
35380
66343
66343
67638
67638
70348
59212
66343
1064
67638
66343
682
90359
66343
67638
66343
67638
66343
66343
66343
35380
67638
82196
66343
90676
66343
67638
67638
67638
66343
2901
67638
67638
66343
66343
67638
67638
67638
67638
66343
67638
67638
66343
66343
66343
66343
66343
17277
66343
66343
67638
66343
67638
1256
66343
67638
974
1962
35380
66343
66343
48900
66343
66343
58271
67638
67638
58271
66343
75056
67638
67638
66343
66343
67638
67638
35380
1256
69634
67638
66343
34472
66343
66343
67638
4917
66343
67638
66343
66343
93585
35380
66343
67638
66343
66343
67638
67638
66343
66343
66343
1040
50254
66343
67638
2246
67638
66343
85055
66343
67638
67638
67638
66343
1475
58271
66343
33682
66343
66343
98538
67638
66343
66343
607
67638
66343
66343
66343
48627
682
570
67638
58271
70073
67638
67638
66343
67638
44600
45976
67638
67638
66343
67638
35380
67638
67638
66343
67638
66343
67638
67638
12498
66343
3494
80968
66343
1256
66343
67638
67638
46229
66343
34995
67638
66343
67638
66343
67638
67638
30127
67638
67638
67638
55423
1064
90418
2022
67638
35380
66343
66343
67638
67638
66343
61394
80968
66343
67638
66343
8903
17463
67638
682
67638
66343
58271
87744
13927
66343
7673
66343
35380
67638
66343
67638
67638
67638
28203
66343
1475
47626
66343
66343
66343
67638
23619
67638
66343
67638
66343
4290
48900
66343
67638
8903
66343
67638
66343
68981
67638
67638
67638
67638
66343
66343
66343
35380
3882
66343
66343
66343
66343
66343
66343
66343
682
67638
67638
66343
67638
66343
66343
66343
66343
67638
31627
66343
44879
66343
66343
67638
67638
67638
67638
81487
67638
67638
2652
35380
66343
66343
46492
66343
66343
67638
76983
80968
58271
67638
67638
67638
2568
66343
66343
67638
67638
6733
67638
58271
67638
66343
89225
66343
67638
67638
66343
66343
67638
35380
21802
67638
67638
66343
67638
66343
67638
67638
66343
67638
66343
35380
78207
67638
88028
67638
67638
67638
67638
607
66343
67638
58271
80968
66343
67638
66343
67638
67638
67638
1040
66343
66343
66343
67638
67638
66343
66343
67638
66343
67638
66343
67638
66343
67638
66343
35380
67638
67638
58271
67638
66343
66343
66343
11018
11018
67638
58271
35380
67638
67638
2216
66343
66343
85387
66343
67638
67638
67638
66343
66343
66343
66343
66343
58271
66343
67638
67638
67638
66343
6863
80968
67638
66343
66343
66343
67638
66343
3034
66343
66343
61394
67638
66343
67638
66343
58271
4568
67638
66343
67638
238
67638
22863
67638
66343
66343
66343
35380
67638
67638
66343
66343
66343
66343
35380
35380
22536
67638
35380
66343
67638
45197
35380
69842
67638
67638
67638
67638
17463
66343
66343
35380
67638
66343
66343
98538
66343
67638
67638
67638
66343
546
67638
66343
67638
66343
1962
67638
67638
66343
66343
66343
67638
66343
66343
66343
67638
66343
66343
2363
66343
66343
67638
66343
66343
67638
13811
35380
21121
66343
67638
67638
546
66343
2830
17463
66343
67638
67638
2022
66343
3178
66343
67638
67638
66343
67638
67638
22091
67638
66343
13074
67638
67638
67638
66343
2830
31492
76983
4290
66343
67638
66343
67638
67638
67638
66343
67638
66343
67638
682
66343
67638
66343
66343
66343
58271
67638
67638
11018
18628
66343
2830
28445
67638
67638
66343
66343
67638
8873
66343
67638
1040
45885
67638
67638
546
4795
67638
67638
75408
66343
67638
66343
27089
67638
67638
67638
66343
66343
66343
66343
66343
67638
16950
66343
66343
66343
66343
1840
6404
67638
58271
67638
71044
67638
67638
66343
67638
67638
67638
2246
974
66343
66343
14640
43325
67638
66343
66343
66343
67638
66343
48095
46620
54539
66343
67638
66343
66343
347
66343
67638
67638
66343
2423
67638
66343
66343
69842
67638
66343
570
67638
5237
67638
66343
66343
66343
97468
35929
67638
67638
80571
66343
35380
22863
67638
67638
67638
67638
75580
67638
92351
67638
67638
67638
67638
9486
67638
67638
66343
67638
67638
67638
67638
1475
66343
67638
67638
67638
67638
22405
66343
6997
67638
66343
67638
66343
81777
66343
35380
67638
66343
66343
2648
66343
66343
3882
67638
67638
66343
1256
66343
67638
66343
67638
238
66343
66343
66343
84173
4347
66343
67638
66343
67638
66343
66343
67638
63859
67638
66343
682
67638
66343
5625
66343
66343
66343
67638
41313
67638
66343
58026
66343
66343
67638
66343
67638
67638
2830
67638
66343
66343
66343
66343
66343
67638
66343
66343
67638
67638
35380
67638
67638
67638
19530
39022
66343
19380
66343
67638
58271
347
86249
32920
67638
66343
35380
20484
67638
66343
93585
66343
66343
66343
47740
22863
13203
67638
67638
66343
55764
1256
67638
67638
64820
67638
67638
67638
66343
67638
36227
974
67638
66343
67638
67638
66343
67638
67638
67638
67638
66343
8539
58271
66343
19530
67638
67638
67638
66343
66343
22536
67638
14640
67638
67638
66343
67638
2246
67638
66343
58271
67638
67638
570
67638
66343
67638
66343
58271
66343
66343
58391
66343
11018
66343
66343
682
67638
66343
2568
238
67638
36841
35380
35380
85239
67638
66343
67638
570
66343
67638
66343
67638
66343
66343
66343
39022
67638
1256
33070
66343
66343
66343
66343
67638
28445
67638
67638
67638
66343
80968
3136
76983
67638
66343
2568
66343
66343
35380
67638
25850
66343
67638
67638
67638
67638
28795
89745
67638
67638
66343
67638
66343
93585
66343
67638
58271
66343
66343
21802
67638
67638
66343
53715
58271
67638
39022
67638
67638
57200
67638
19081
66343
66343
66343
53145
22843
67638
67638
66343
46492
67638
44823
66343
35380
66343
67638
22536
4795
66343
66343
66343
67638
40085
67638
66343
73623
67638
66343
66343
66343
67638
11973
35380
35190
58271
66343
66343
67638
67638
67638
66343
27322
67638
67638
67638
66343
66343
67638
2648
7557
66343
66343
66343
35380
67638
35380
66343
66343
3466
3136
82
28994
47469
67638
926
13997
2830
66343
66343
66749
66343
11973
66343
66343
67638
48627
66343
66343
67638
66343
66343
67638
66343
66343
66343
66343
30858
66343
67638
82
66343
9118
67638
66190
6404
67638
67638
35380
67638
238
66343
22536
66343
67638
67638
67638
3349
66343
66343
95152
90361
66343
974
35929
66343
66343
67638
35380
70493
35380
92351
55937
67638
66343
66343
67638
3075
724
67638
67638
67638
2246
67638
67638
66343
67638
67638
66343
32003
35380
35380
66343
35380
67638
66343
67638
35380
66343
57200
95995
67638
4340
1840
8236
1475
67638
67638
28445
67638
66343
35380
66343
66343
66343
1475
67638
66343
66343
67638
66343
66343
67638
66343
67638
67638
347
66343
66343
1840
66343
67638
66343
66343
570
66343
2423
6404
66343
66343
67638
17568
724
35380
67638
25850
67638
66343
67638
66343
67638
66343
66343
724
67638
66343
67638
35380
67638
66343
35380
67638
67638
66343
66343
67638
1475
66343
3136
66343
66343
66343
66343
66343
67638
66343
66343
66343
607
67638
67638
66343
66343
2568
67638
67638
67638
67638
66343
67638
99755
35380
1475
67638
11018
66343
66343
66343
66343
724
546
67638
86716
28445
67638
66343
35380
67638
35380
28805
82
66343
67638
67638
66343
68851
67638
66343
67638
35380
66343
67638
1962
67638
66343
66343
67638
67638
67638
67638
2022
67638
58271
37765
67588
11973
67638
82
58271
66343
66343
66343
66343
36841
11128
2022
3730
58271
27089
67638
66343
66343
66343
35380
66343
67638
66343
93585
19848
66343
67638
66343
11128
66343
66343
66343
66343
67638
66343
35380
66343
66343
35380
5625
35380
5058
66343
35380
66343
67638
60359
66343
78207
66343
67638
35380
67638
32003
926
2306
67638
67638
347
67638
546
66343
66343
2955
10198
67638
66343
80968
11973
66343
35129
67638
66343
67638
67638
66343
66343
67638
2423
95061
66343
66343
2901
570
66343
66343
66343
66343
66343
2363
66343
67638
65101
67638
10198
66343
67638
66343
546
80968
66343
67638
66343
66343
66343
66343
1948
67638
66343
2727
36916
66343
66343
67638
39022
95369
67638
67869
4293
66343
570
67638
67638
66343
66343
23619
66343
67638
66343
66343
67638
67638
67638
66343
25579
