13 12 11 12 13 14 15 16 17 18 19 20 21 22 21 20 19 20 21 22 21 20 19 18 17 16 15 14 13 12 11 10 9 8 7 6 5 6 7 8 9 10 11 12 13 14 15 16 17 18 19 20 21 22 23 24 25 26 27 28 29 30 31 32 33 32 31 30 29 28 27 26 25 24 23 22 21 22 22 21 20 19 18 17 16 15 14 13 12 11 10 9 8 7 6 7 8 9 10
12 11 10 11 12 13 14 15 16 17 18 19 20 21 20 19 18 19 20 21 20 19 18 17 16 15 14 13 12 11 10 9 8 7 6 5 4 5 6 7 8 9 10 11 12 13 14 15 16 17 18 19 20 21 22 23 24 25 26 27 28 29 30 31 32 31 30 29 28 27 26 25 24 23 22 21 20 21 21 20 19 18 17 16 15 14 13 12 11 10 9 8 7 6 5 6 7 8 9
11 10 9 10 11 12 13 14 15 16 17 18 19 20 19 18 17 18 19 20 19 18 17 16 15 14 13 12 11 10 9 8 7 6 5 4 3 4 5 6 7 8 9 10 11 12 13 14 15 16 17 18 19 20 21 22 23 24 25 26 27 28 29 30 31 30 29 28 27 26 25 24 23 22 21 20 19 20 20 19 18 17 16 15 14 13 12 11 10 9 8 7 6 5 4 5 6 7 8
10 9 8 9 10 11 12 13 14 15 16 17 18 19 18 17 16 17 18 19 18 17 16 15 14 13 12 11 10 9 8 7 6 5 4 3 2 3 4 5 6 7 8 9 10 11 12 13 14 15 16 17 18 19 20 21 22 23 24 25 26 27 28 29 30 29 28 27 26 25 24 23 22 21 20 19 18 19 19 18 17 16 15 14 13 12 11 10 9 8 7 6 5 4 3 4 5 6 7
9 8 7 8 9 10 11 12 13 14 15 16 17 18 17 16 15 16 17 18 17 16 15 14 13 12 11 10 9 8 7 6 5 4 3 2 1 2 3 4 5 6 7 8 9 10 11 12 13 14 15 16 17 18 19 20 21 22 23 24 25 26 27 28 29 28 27 26 25 24 23 22 21 20 19 18 17 18 18 17 16 15 14 13 12 11 10 9 8 7 6 5 4 3 2 3 4 5 6
8 7 6 7 8 9 10 11 12 13 14 15 16 17 16 15 14 15 16 17 16 15 14 13 12 11 10 9 8 7 6 5 4 3 2 1 0 1 2 3 4 5 6 7 8 9 10 11 12 13 14 15 16 17 18 19 20 21 22 23 24 25 26 27 28 27 26 25 24 23 22 21 20 19 18 17 16 17 17 16 15 14 13 12 11 10 9 8 7 6 5 4 3 2 1 2 3 4 5
7 6 5 6 7 8 9 10 11 12 13 14 15 16 15 14 13 14 15 16 15 14 13 12 11 10 9 8 7 6 5 4 3 2 1 2 1 2 3 4 5 6 7 8 9 10 11 12 13 14 15 16 17 18 19 20 21 22 23 24 25 26 27 28 27 26 25 24 23 22 21 20 19 18 17 16 15 16 16 15 14 13 12 11 10 9 8 7 6 5 4 3 2 1 0 1 2 3 4
6 5 4 5 6 7 8 9 10 11 12 13 14 15 14 13 12 13 14 15 14 13 12 11 10 9 8 7 6 5 4 3 2 1 0 1 2 3 4 5 6 7 8 9 10 11 12 12 13 14 15 16 17 18 19 20 21 22 23 24 25 26 27 27 26 25 24 23 22 21 20 19 18 17 16 15 14 15 16 16 15 14 13 12 11 10 9 8 7 6 5 4 3 2 1 2 3 4 5
5 4 3 4 5 6 7 8 9 10 11 12 13 14 13 12 11 12 13 14 15 14 13 12 11 10 9 8 7 6 5 4 3 2 1 2 3 4 5 6 7 8 9 10 11 12 12 11 12 13 14 15 16 17 18 19 20 21 22 23 24 25 26 26 25 24 23 22 21 20 19 18 17 16 15 14 13 14 15 16 16 15 14 13 12 11 10 9 8 7 6 5 4 3 2 3 4 5 6
4 3 2 3 4 5 6 7 8 9 10 11 12 13 12 11 10 11 12 13 14 15 14 13 12 11 10 9 8 7 6 5 4 3 2 3 4 5 6 7 8 9 10 11 12 12 11 10 11 12 13 14 15 16 17 18 19 20 21 22 23 24 25 25 24 23 22 21 20 19 18 17 16 15 14 13 12 13 14 15 16 16 15 14 13 12 11 10 9 8 7 6 5 4 3 4 5 6 7
3 2 1 2 3 4 5 6 7 8 9 10 11 12 11 10 9 10 11 12 13 14 15 14 13 12 11 10 9 8 7 6 5 4 3 4 5 6 7 8 9 10 11 12 12 11 10 9 10 11 12 13 14 15 16 17 18 19 20 21 22 23 24 24 23 22 21 20 19 18 17 16 15 14 13 12 11 12 13 14 15 16 16 15 14 13 12 11 10 9 8 7 6 5 4 5 6 7 8
2 1 0 1 2 3 4 5 6 7 8 9 10 11 10 9 8 9 10 11 12 13 14 15 14 13 12 11 10 9 8 7 6 5 4 5 6 7 8 9 10 11 12 12 11 10 9 8 9 10 11 12 13 14 15 16 17 18 19 20 21 22 23 23 22 21 20 19 18 17 16 15 14 13 12 11 10 11 12 13 14 15 16 15 14 13 12 11 10 9 8 7 7 6 5 6 7 8 9
3 2 1 2 3 4 5 6 7 8 9 10 11 10 9 8 7 8 9 10 11 12 13 14 15 14 13 12 11 10 9 8 7 6 5 6 7 8 9 10 11 12 12 11 10 9 8 7 8 9 10 11 12 13 14 15 16 17 18 19 20 21 22 22 21 20 19 18 17 16 15 14 13 12 11 10 9 10 11 12 13 14 15 14 13 12 11 10 9 8 7 6 7 7 6 7 8 9 10
4 3 2 3 4 5 6 7 8 9 10 11 10 9 8 7 6 7 8 9 10 11 12 13 14 15 14 13 12 11 10 9 8 7 6 7 8 9 10 11 12 12 11 10 9 8 7 6 7 8 9 10 11 12 13 14 15 16 17 18 19 20 21 21 20 19 18 17 16 15 14 13 12 11 10 9 8 9 10 11 12 13 14 13 12 11 10 9 8 7 6 5 6 7 7 8 9 10 11
5 4 3 4 5 6 7 8 9 10 11 10 9 8 7 6 5 6 7 8 9 10 11 12 13 14 15 14 13 12 11 10 9 8 7 8 9 10 11 12 12 11 10 9 8 7 6 5 6 7 8 9 10 11 12 13 14 15 16 17 18 19 20 20 19 18 17 16 15 14 13 12 11 10 9 8 7 8 9 10 11 12 13 12 11 10 9 8 7 6 5 4 5 6 7 8 9 10 11
6 5 4 5 6 7 8 9 10 11 10 9 8 7 6 5 4 5 6 7 8 9 10 11 12 13 14 15 14 13 12 11 10 9 8 9 10 11 12 12 11 10 9 8 7 6 5 4 5 6 7 8 9 10 11 12 13 14 15 16 17 18 19 19 18 17 16 15 14 13 12 11 10 9 8 7 6 7 8 9 10 11 12 11 10 9 8 7 6 5 4 3 4 5 6 7 8 9 10
7 6 5 6 7 8 9 10 11 10 9 8 7 6 5 4 3 4 5 6 7 8 9 10 11 12 13 14 15 14 13 12 11 10 9 10 11 12 12 11 10 9 8 7 6 5 4 3 4 5 6 7 8 9 10 11 12 13 14 15 16 17 18 18 17 16 15 14 13 12 11 10 9 8 7 6 5 6 7 8 9 10 11 10 9 8 7 6 5 4 3 2 3 4 5 6 7 8 9
8 7 6 7 8 9 10 11 10 9 8 7 6 5 4 3 2 3 4 5 6 7 8 9 10 11 12 13 14 15 14 13 12 11 10 11 12 12 11 10 9 8 7 6 5 4 3 2 3 4 5 6 7 8 9 10 11 12 13 14 15 16 17 17 16 15 14 13 12 11 10 9 8 7 6 5 4 5 6 7 8 9 10 9 8 7 6 5 4 3 2 1 2 3 4 5 6 7 8
9 8 7 8 9 10 11 10 9 8 7 6 5 4 3 2 1 2 3 4 5 6 7 8 9 10 11 12 13 14 15 14 13 12 11 12 12 11 10 9 8 7 6 5 4 3 2 1 2 3 4 5 6 7 8 9 10 11 12 13 14 15 16 16 15 14 13 12 11 10 9 8 7 6 5 4 3 4 5 6 7 8 9 8 7 6 5 4 3 2 1 0 1 2 3 4 5 6 7
10 9 8 9 10 11 10 9 8 7 6 5 4 3 2 1 0 1 2 3 4 5 6 7 8 9 10 11 12 13 14 15 14 13 12 12 11 10 9 8 7 6 5 4 3 2 1 0 1 2 3 4 5 6 7 8 9 10 11 12 13 14 15 15 14 13 12 11 10 9 8 7 6 5 4 3 2 3 4 5 6 7 8 9 8 7 6 5 4 3 2 1 2 3 4 5 6 7 8
11 10 9 10 11 12 11 10 9 8 7 6 5 4 3 2 1 2 3 4 5 6 7 8 9 10 11 12 13 14 15 16 15 14 13 13 12 11 10 9 8 7 6 5 4 3 2 1 2 3 4 5 6 7 8 9 10 11 12 13 14 15 15 14 13 12 11 10 9 8 7 6 5 4 3 2 1 2 3 4 5 6 7 8 9 8 7 6 5 4 3 2 3 4 5 6 7 8 9
12 11 10 11 12 13 12 11 10 9 8 7 6 5 4 3 2 3 4 5 6 7 8 9 10 11 12 13 14 15 16 17 16 15 14 14 13 12 11 10 9 8 7 6 5 4 3 2 3 4 5 6 7 8 9 10 11 12 13 14 15 15 14 13 12 11 10 9 8 7 6 5 4 3 2 1 0 1 2 3 4 5 6 7 8 9 8 7 6 5 4 3 4 5 6 7 8 9 10
13 12 11 12 13 14 13 12 11 10 9 8 7 6 5 4 3 4 5 6 7 8 9 10 11 12 13 14 15 16 17 18 17 16 15 15 14 13 12 11 10 9 8 7 6 5 4 3 4 3 4 5 6 7 8 9 10 11 12 13 14 15 15 14 13 12 11 10 9 8 7 6 5 4 3 2 1 2 3 4 5 6 7 8 9 10 9 8 7 6 5 4 5 6 7 8 9 10 11
14 13 12 13 14 15 14 13 12 11 10 9 8 7 6 5 4 5 6 7 8 9 10 11 12 13 14 15 16 17 18 19 18 17 16 16 15 14 13 12 11 10 9 8 7 6 5 4 3 2 3 4 5 6 7 8 9 10 11 12 13 14 15 14 14 13 12 11 10 9 8 7 6 5 4 3 2 3 3 4 5 6 7 8 9 10 10 9 8 7 6 5 6 7 8 9 10 11 12
15 14 13 14 15 16 15 14 13 12 11 10 9 8 7 6 5 6 7 8 9 10 11 12 13 14 15 16 17 18 19 19 18 17 16 15 14 13 12 11 10 9 8 7 6 5 4 3 2 1 2 3 4 5 6 7 8 9 10 11 12 13 14 13 14 14 13 12 11 10 9 8 7 6 5 4 3 3 2 3 4 5 6 7 8 9 10 10 9 8 7 6 7 8 9 10 11 12 13
16 15 14 15 16 17 16 15 14 13 12 11 10 9 8 7 6 7 8 9 10 11 12 13 14 15 16 17 18 19 19 18 17 16 15 14 13 12 11 10 9 8 7 6 5 4 3 2 1 0 1 2 3 4 5 6 7 8 9 10 11 12 13 12 13 13 12 11 10 9 8 7 6 6 5 4 3 2 1 2 3 4 5 6 7 8 9 10 10 9 8 7 8 9 10 11 12 13 14
17 16 15 16 17 18 17 16 15 14 13 12 11 10 9 8 7 8 9 10 11 12 13 14 15 16 17 18 19 20 20 19 18 17 16 15 14 13 12 11 10 9 8 7 6 5 4 3 2 1 2 3 4 5 6 7 8 9 10 11 12 13 12 11 12 12 11 10 9 8 7 6 5 5 4 3 2 1 0 1 2 3 4 5 6 7 8 9 10 10 9 8 9 10 11 12 13 14 15
18 17 16 17 18 19 18 17 16 15 14 13 12 11 10 9 8 9 10 11 12 13 14 15 16 17 18 19 20 21 21 20 19 18 17 16 15 14 13 12 11 10 9 8 7 6 5 4 3 2 3 4 5 6 7 8 9 10 11 12 13 12 11 10 11 11 10 9 8 7 6 5 4 5 5 4 3 2 1 2 3 4 5 6 7 8 9 10 11 11 10 9 10 11 12 13 14 15 16
19 18 17 18 19 20 19 18 17 16 15 14 13 12 11 10 9 10 11 12 13 14 15 16 17 18 19 20 21 22 22 21 20 19 18 17 16 15 14 13 12 11 10 9 8 7 6 5 4 3 4 5 6 7 8 9 10 11 12 13 12 11 10 9 10 10 9 8 7 6 5 4 3 4 5 5 4 3 2 3 4 5 6 7 8 9 10 11 12 12 11 10 11 12 13 14 15 16 17
20 19 18 19 20 21 20 19 18 17 16 15 14 13 12 11 10 11 12 13 14 15 16 17 18 19 20 21 22 23 23 22 21 20 19 18 17 16 15 14 13 12 11 10 9 8 7 6 5 4 5 6 7 8 9 10 11 12 13 12 11 10 9 8 9 9 8 7 6 5 4 3 2 3 4 5 5 4 3 4 4 5 6 7 8 9 10 11 12 13 12 11 12 13 14 15 16 17 18
21 20 19 20 21 22 21 20 19 18 17 16 15 14 13 12 11 12 13 14 15 16 17 18 19 20 21 22 23 24 24 23 22 21 20 19 18 17 16 15 14 13 12 11 10 9 8 7 6 5 6 7 8 9 10 11 12 13 12 11 10 9 8 7 8 8 7 6 5 4 3 2 1 2 3 4 5 5 4 4 3 4 5 6 7 8 9 10 11 12 13 12 13 14 15 16 17 18 19
21 21 20 21 22 23 22 21 20 19 18 17 16 15 14 13 12 13 14 15 16 17 18 19 20 21 22 23 24 25 25 24 23 22 21 20 19 18 17 16 15 14 13 12 11 10 9 8 7 6 7 8 9 8 9 10 11 12 11 10 9 8 7 6 7 7 6 5 4 3 2 1 0 1 2 3 4 5 4 3 2 3 4 5 6 7 8 9 10 11 12 13 14 15 15 16 17 18 19
20 21 21 22 23 24 23 22 21 20 19 18 17 16 15 14 13 14 15 16 15 16 17 18 19 20 21 22 23 24 24 23 22 21 20 19 18 17 16 15 16 15 14 13 12 11 10 9 8 7 8 9 8 7 8 9 10 11 10 9 8 7 6 5 6 7 7 6 5 4 3 2 1 2 3 4 5 4 3 2 1 2 3 4 5 6 7 8 9 10 11 12 13 14 14 15 16 17 18
19 20 21 22 23 24 24 23 22 21 20 19 18 17 16 15 14 15 16 15 14 15 16 17 18 19 20 21 22 23 23 22 21 20 19 18 17 16 15 14 15 16 15 14 13 12 11 10 9 8 9 8 7 6 7 8 9 10 9 8 7 6 5 4 5 6 7 7 6 5 4 3 2 3 4 5 4 3 2 1 0 1 2 3 4 5 6 7 8 9 10 11 12 13 13 14 15 16 17
18 19 20 21 22 23 24 24 23 22 21 20 19 18 17 16 15 16 15 14 13 14 15 16 17 18 19 20 21 22 22 21 20 19 18 17 16 15 14 13 14 15 14 13 12 11 12 11 10 9 8 7 6 5 6 7 8 9 8 7 6 5 4 3 4 5 6 7 7 6 5 4 3 4 5 6 5 4 3 2 1 2 3 4 5 6 7 8 9 10 11 12 13 13 12 13 14 15 16
17 18 19 20 21 22 23 24 24 23 22 21 20 19 18 17 16 15 14 13 12 13 14 15 16 17 18 19 20 21 21 20 19 18 17 16 15 14 13 12 13 14 13 12 11 10 11 10 9 8 7 6 5 4 5 6 7 8 7 6 5 4 3 2 3 4 5 6 7 7 6 5 4 5 6 7 6 5 4 3 2 3 4 5 6 7 8 9 10 11 12 13 13 12 11 12 13 14 15
16 17 18 19 20 21 22 23 23 22 21 20 19 18 17 16 15 14 13 12 11 12 13 14 15 16 17 18 19 20 20 19 18 17 16 15 14 13 12 11 12 13 12 11 10 9 10 9 8 7 6 5 4 3 4 5 6 7 6 5 4 3 2 1 2 3 4 5 6 7 7 6 5 6 7 8 7 6 5 4 3 4 5 5 6 7 8 9 10 11 12 13 12 11 10 11 12 13 14
15 16 17 18 19 20 21 22 22 21 20 19 18 17 16 15 14 13 12 11 10 11 12 13 14 15 16 17 18 19 19 18 17 16 15 14 13 12 11 10 11 12 11 10 9 8 9 8 7 6 5 4 3 2 3 4 5 6 5 4 3 2 1 0 1 2 3 4 5 6 7 7 6 7 8 8 7 6 6 5 4 5 5 4 5 6 7 8 9 10 11 12 11 10 9 10 11 12 13
14 15 16 17 18 19 20 21 21 20 19 18 17 16 15 14 13 12 11 10 9 10 11 12 13 14 15 16 17 18 18 17 16 15 14 13 12 11 10 9 10 11 10 9 8 7 8 7 6 5 4 3 2 1 2 3 4 5 6 5 4 3 2 1 2 3 4 5 6 7 8 8 7 8 8 7 6 5 6 6 5 5 4 3 4 5 6 7 8 9 10 11 10 9 8 9 10 11 12
13 14 15 16 17 18 19 20 20 19 18 17 16 15 14 13 12 11 10 9 8 9 10 11 12 13 14 15 16 17 17 16 15 14 13 12 11 10 9 8 9 10 9 8 7 6 7 6 5 4 3 2 1 0 1 2 3 4 5 6 5 4 3 2 3 4 5 6 7 8 9 9 8 8 7 6 5 4 5 6 5 4 3 2 3 4 5 6 7 8 9 10 9 8 7 8 9 10 11
12 13 14 15 16 17 18 19 19 18 17 16 15 14 13 12 11 10 9 8 7 8 9 10 11 12 13 14 15 16 16 15 14 13 12 11 10 9 8 7 8 9 8 7 6 5 6 7 6 5 4 3 2 1 2 3 4 5 6 7 6 5 4 3 4 5 6 7 8 9 10 9 8 7 6 5 4 3 4 5 4 3 2 1 2 3 4 5 6 7 8 9 8 7 6 7 8 9 10
11 12 13 14 15 16 17 18 18 17 16 15 14 13 12 11 10 9 8 7 6 7 8 9 10 11 12 13 14 15 15 14 13 12 11 10 9 8 7 6 7 8 7 6 5 4 5 6 7 6 5 4 3 2 3 4 5 6 7 8 7 6 5 4 5 6 7 8 9 10 9 8 7 6 5 4 3 2 3 4 3 2 1 0 1 2 3 4 5 6 7 8 7 6 5 6 7 8 9
10 11 12 13 14 15 16 17 17 16 15 14 13 12 11 10 9 8 7 6 5 6 7 8 9 10 11 12 13 14 14 13 12 11 10 9 8 7 6 5 6 7 6 5 4 3 4 5 6 7 6 5 4 3 4 5 6 7 8 9 8 7 6 5 6 7 8 9 10 9 8 7 6 5 4 3 2 1 2 3 4 3 2 1 2 3 4 5 6 7 8 7 6 5 4 5 6 7 8
9 10 11 12 13 14 15 16 16 15 14 13 12 11 10 9 8 7 6 5 4 5 6 7 8 9 10 11 12 13 13 12 11 10 9 8 7 6 5 4 5 6 5 4 3 2 3 4 5 6 7 6 5 4 5 6 7 8 9 10 9 8 7 6 7 8 9 10 9 8 7 6 5 4 3 2 1 0 1 2 3 4 3 2 3 4 5 6 7 8 7 6 5 4 3 4 5 6 7
8 9 10 11 12 13 14 15 15 14 13 12 11 10 9 8 7 6 5 4 3 4 5 6 7 8 9 10 11 12 12 11 10 9 8 7 6 5 4 3 4 5 4 3 2 1 2 3 4 5 6 7 6 5 6 7 8 9 10 11 10 9 8 7 8 9 10 11 10 9 8 7 6 5 4 3 2 1 2 3 4 5 4 3 4 5 6 7 8 7 6 5 4 3 2 3 4 5 6
7 8 9 10 11 12 13 14 14 13 12 11 10 9 8 7 6 5 4 3 2 3 4 5 6 7 8 9 10 11 11 10 9 8 7 6 5 4 3 2 3 4 3 2 1 0 1 2 3 4 5 6 7 6 7 8 9 10 11 12 11 10 9 8 9 10 11 12 11 10 9 8 7 6 5 4 3 2 3 4 5 6 5 4 5 6 7 8 7 6 5 4 3 2 1 2 3 4 5
6 7 8 9 10 11 12 13 13 12 11 10 9 8 7 6 5 4 3 2 1 2 3 4 5 6 7 8 9 10 10 9 8 7 6 5 4 3 2 1 2 3 4 3 2 1 2 3 4 5 6 7 8 7 8 9 10 11 12 13 12 11 10 9 10 11 12 13 12 11 10 9 8 7 6 5 4 3 4 5 6 7 6 5 6 7 8 7 6 5 4 3 2 1 0 1 2 3 4
5 6 7 8 9 10 11 12 12 11 10 9 8 7 6 5 4 3 2 1 0 1 2 3 4 5 6 7 8 9 9 8 7 6 5 4 3 2 1 0 1 2 3 4 3 2 3 4 5 6 7 8 9 8 9 10 11 12 13 14 13 12 11 10 11 12 13 14 13 12 11 10 9 8 7 6 5 4 5 6 7 8 7 6 7 8 9 8 7 6 5 4 3 2 1 2 3 4 5
4 5 6 7 8 9 10 11 12 12 11 10 9 8 7 6 5 4 3 2 1 2 3 4 5 6 7 8 9 10 10 9 8 7 6 5 4 3 2 1 2 3 4 4 3 3 4 5 6 7 8 9 10 9 10 11 12 13 14 14 13 12 11 10 11 12 13 14 14 13 12 11 10 9 8 7 6 5 6 7 8 9 8 7 8 9 10 9 8 7 6 5 4 3 2 3 4 5 6
3 4 5 6 7 8 9 10 11 12 12 11 10 9 8 7 6 5 4 3 2 3 4 5 6 7 8 9 10 11 10 9 8 7 7 6 5 4 3 2 3 4 4 3 2 3 4 5 6 7 8 9 10 10 11 12 13 14 14 13 12 11 10 9 10 11 12 13 14 14 13 12 11 10 9 8 7 6 7 8 9 10 9 8 9 10 11 10 9 8 7 6 5 4 3 4 5 6 7
2 3 4 5 6 7 8 9 10 11 12 12 11 10 9 8 7 6 5 4 3 4 5 6 7 8 9 10 11 10 9 8 7 6 7 7 6 5 4 3 4 4 3 2 1 2 3 4 5 6 7 8 9 10 11 12 13 14 13 12 11 10 9 8 9 10 11 12 13 14 14 13 12 11 10 9 8 7 8 9 10 11 10 9 10 11 12 11 10 9 8 7 6 5 4 5 6 7 8
1 2 3 4 5 6 7 8 9 10 11 12 11 10 9 8 7 6 6 5 4 5 6 7 8 9 10 11 10 9 8 7 6 5 6 7 7 6 5 4 4 3 2 1 0 1 2 3 4 5 6 7 8 9 10 11 12 13 12 11 10 9 8 7 8 9 10 11 12 13 14 14 13 12 11 10 9 8 9 8 9 10 11 10 11 12 13 12 11 10 9 8 7 6 5 6 7 8 9
0 1 2 3 4 5 6 7 8 9 10 11 10 9 8 7 6 5 6 6 5 6 7 8 9 10 11 10 9 8 7 6 5 4 5 6 7 7 6 5 5 4 3 2 1 2 3 4 5 6 7 8 9 10 11 12 13 12 11 10 9 8 7 6 7 8 9 10 11 12 13 14 14 13 12 11 10 9 8 7 8 9 10 11 12 13 14 13 12 11 10 9 8 7 6 5 6 7 8
1 2 3 4 5 6 7 8 9 10 11 10 9 8 7 6 5 4 5 6 6 7 8 9 9 10 10 9 8 7 6 5 4 3 4 5 6 7 7 6 6 5 4 3 2 3 4 5 6 7 8 9 10 11 12 13 12 11 10 9 8 7 6 5 6 7 8 9 10 11 12 13 13 12 11 10 9 8 7 6 7 8 9 10 11 12 13 12 11 10 9 8 7 6 5 4 5 6 7
2 3 4 5 6 7 8 9 9 10 10 9 8 7 6 5 4 3 4 5 6 7 8 9 8 9 9 8 7 6 5 4 3 2 3 4 5 6 7 7 7 6 5 4 3 4 5 6 7 8 9 10 11 12 13 12 11 10 9 8 7 6 5 4 5 6 7 8 9 10 11 12 12 11 10 9 8 7 6 5 6 7 8 9 10 11 12 11 10 9 8 7 6 5 4 3 4 5 6
3 4 5 6 7 8 9 9 8 9 9 8 7 6 5 4 3 2 3 4 5 6 7 8 7 8 8 7 6 5 4 3 2 1 2 3 4 5 6 7 8 7 6 5 4 5 6 7 8 9 10 11 12 13 12 11 10 9 8 7 6 5 4 3 4 5 6 7 8 9 10 11 11 10 9 8 7 6 5 4 5 6 7 8 9 10 11 10 9 8 7 6 5 4 3 2 3 4 5
4 5 6 7 8 9 9 8 7 8 8 7 6 5 4 3 2 1 2 3 4 5 6 7 6 7 7 6 5 4 3 2 1 0 1 2 3 4 5 6 7 8 7 6 5 6 7 6 7 8 9 10 11 12 11 10 9 8 7 6 5 4 3 2 3 4 5 6 7 8 9 10 10 9 8 7 6 5 4 3 4 5 6 7 8 9 10 9 8 7 6 5 4 3 2 1 2 3 4
5 6 7 8 9 9 8 7 6 7 7 6 5 4 3 2 1 0 1 2 3 4 5 6 5 6 7 7 6 5 4 3 2 1 2 3 4 5 6 7 8 9 8 7 6 7 6 5 6 7 8 9 10 11 10 9 8 7 6 5 4 3 2 1 2 3 4 5 6 7 8 9 9 8 7 6 5 4 3 2 3 4 5 6 7 8 9 8 7 6 5 4 3 2 1 0 1 2 3
6 7 8 9 9 8 7 6 5 6 7 7 6 5 4 3 2 1 2 3 4 5 6 5 4 5 6 7 7 6 5 4 3 2 3 4 5 6 7 8 9 10 9 8 7 6 5 4 5 6 7 8 9 10 9 8 7 6 5 4 3 2 1 0 1 2 3 4 5 6 7 8 8 7 6 5 4 3 2 1 2 3 4 5 6 7 8 9 8 7 6 5 4 3 2 1 2 3 4
7 8 9 9 8 7 6 5 4 5 6 7 7 6 5 4 3 2 3 4 5 6 5 4 3 4 5 6 7 7 6 5 4 3 4 5 6 7 8 9 10 9 8 7 6 5 4 3 4 5 6 7 8 9 10 9 8 7 6 5 4 3 2 1 2 3 4 5 6 7 8 8 7 6 5 4 3 2 1 0 1 2 3 4 5 6 7 8 8 7 6 5 4 4 3 2 3 4 5
8 9 9 8 7 6 5 4 3 4 5 6 7 7 6 5 4 3 4 5 6 5 4 3 2 3 4 5 6 7 7 6 5 4 5 6 7 8 9 10 9 8 7 6 5 4 3 2 3 4 5 6 7 8 9 10 9 8 7 6 5 4 3 2 3 4 5 6 7 8 9 9 8 7 6 5 4 3 2 1 2 3 4 5 6 7 8 8 7 6 5 4 3 4 4 3 4 5 6
9 9 8 7 6 5 4 3 2 3 4 5 6 7 7 6 5 4 5 6 5 4 3 2 1 2 3 4 5 6 7 7 6 5 6 7 8 9 10 9 8 7 6 5 4 3 2 1 2 3 4 5 6 7 8 9 10 9 8 7 6 5 4 3 4 5 6 7 8 9 9 10 9 8 7 6 5 4 3 2 3 4 5 6 7 8 8 7 6 5 4 3 2 3 4 4 5 6 7
9 8 7 6 5 4 3 2 1 2 3 4 5 6 7 7 6 5 5 5 4 3 2 1 0 1 2 3 4 5 6 7 7 6 7 8 9 10 9 8 7 6 5 4 3 2 1 0 1 2 3 4 5 6 7 8 9 10 9 8 7 6 5 4 5 6 7 8 9 9 8 9 10 9 8 7 6 5 4 3 4 5 6 7 8 8 7 6 5 4 3 2 1 2 3 4 5 6 7
8 7 6 5 4 3 2 1 0 1 2 3 4 5 6 7 6 5 4 5 5 4 3 2 1 2 3 4 5 6 7 8 8 7 8 9 10 11 10 9 8 7 6 5 4 3 2 1 2 3 4 5 6 7 8 9 10 11 10 9 8 7 6 5 6 7 8 9 9 8 7 8 9 10 9 8 7 6 5 4 5 6 7 8 8 7 6 5 4 3 2 1 0 1 2 3 4 5 6
9 8 7 6 5 4 3 2 1 2 3 4 5 6 7 6 5 4 3 4 5 5 4 3 2 3 4 5 6 7 8 9 9 8 9 10 11 12 11 10 9 8 7 6 5 4 3 2 3 4 5 6 7 8 9 10 11 12 11 10 9 8 7 6 7 8 9 9 8 7 6 7 8 9 10 9 8 7 6 5 6 7 8 9 9 8 7 6 5 4 3 2 1 2 3 4 5 6 7
10 9 8 7 6 5 4 3 2 3 4 5 6 7 6 5 4 3 2 3 4 5 5 4 3 4 5 6 7 8 9 10 10 9 10 11 12 13 12 11 10 9 8 7 6 5 4 3 4 5 6 7 8 9 10 11 12 13 12 11 10 9 8 7 8 9 9 8 7 6 5 6 7 8 9 10 9 8 7 6 7 8 9 10 10 9 8 7 6 5 4 3 2 3 4 5 6 7 8
11 10 9 8 7 6 5 4 3 4 5 6 7 6 5 4 3 2 1 2 3 4 5 5 4 5 6 7 8 9 10 11 11 10 11 12 13 14 13 12 11 10 9 8 7 6 5 4 5 6 7 8 9 10 11 12 13 14 13 12 11 10 9 8 9 9 8 7 6 5 4 5 6 7 8 9 10 9 8 7 8 9 10 10 9 8 9 8 7 6 5 4 3 4 5 6 7 8 9
12 11 10 9 8 7 6 5 4 5 6 7 6 5 4 3 2 1 0 1 2 3 4 5 5 6 7 8 9 10 11 12 12 11 12 13 14 15 14 13 12 11 10 9 8 7 6 5 6 7 8 9 10 11 12 13 14 15 14 13 12 11 10 9 9 8 7 6 5 4 3 4 5 6 7 8 9 10 9 8 9 9 10 9 8 7 8 9 8 7 6 5 4 5 6 7 8 9 10
13 12 11 10 9 8 7 6 5 6 7 8 7 6 5 4 3 2 1 2 3 4 5 6 6 7 8 9 10 11 12 12 11 12 13 14 15 16 15 14 13 12 11 10 9 8 7 6 7 8 9 10 11 12 13 14 15 15 14 13 12 11 10 9 8 7 6 5 4 3 2 3 4 5 6 7 8 9 10 9 9 8 9 8 7 6 7 8 9 8 7 6 5 6 7 8 9 10 11
14 13 12 11 10 9 8 7 6 7 8 9 8 7 6 5 4 3 2 3 4 5 6 7 7 8 9 10 11 12 12 11 10 11 12 13 14 15 16 15 14 13 12 11 10 9 8 7 8 9 10 11 12 13 14 15 15 14 13 12 11 10 9 8 7 6 5 4 3 2 1 2 3 4 5 6 7 8 9 9 8 7 8 7 6 5 6 7 8 9 8 7 6 7 8 9 10 11 12
15 14 13 12 11 10 9 8 7 8 9 10 9 8 7 6 5 4 3 4 5 6 7 8 8 9 10 11 12 12 11 10 9 10 11 12 13 14 15 16 15 14 13 12 11 10 9 8 9 10 11 12 13 14 15 15 14 13 12 11 10 9 8 7 6 5 4 3 2 1 0 1 2 3 4 5 6 7 8 8 7 6 7 6 5 4 5 6 7 8 9 8 7 8 9 10 11 12 13
16 15 14 13 12 11 10 9 8 9 10 11 10 9 8 7 6 5 4 5 6 7 8 9 9 10 11 12 12 11 10 9 8 9 10 11 12 13 14 15 16 15 14 13 12 11 10 9 10 11 12 13 14 15 16 16 15 14 13 12 11 10 9 8 7 6 5 4 3 2 1 2 3 4 5 6 7 8 8 7 6 5 6 5 4 3 4 5 6 7 8 8 8 9 10 11 12 13 14
17 16 15 14 13 12 11 10 9 10 11 11 10 9 9 8 7 6 5 6 7 8 9 10 10 11 12 12 11 10 9 8 7 8 9 10 11 12 13 14 15 16 15 14 13 12 11 10 11 12 13 14 15 16 17 17 16 15 14 13 12 11 10 9 8 7 6 5 4 3 2 3 4 5 6 7 8 8 7 6 5 4 5 4 3 2 3 4 5 6 7 7 8 9 10 11 12 13 14
18 17 16 15 14 13 12 11 10 11 11 10 9 8 9 9 8 7 6 7 8 9 10 11 11 12 12 11 10 9 8 7 6 7 8 9 10 11 12 13 14 15 16 15 14 13 12 11 12 13 14 15 16 17 18 18 17 16 15 14 13 12 11 10 9 8 7 6 5 4 3 4 5 6 7 8 8 7 6 5 4 3 4 3 2 1 2 3 4 5 6 6 7 8 9 10 11 12 13
19 18 17 16 15 14 13 12 11 11 10 9 8 7 8 9 9 8 7 8 9 10 11 12 12 12 11 10 9 8 7 6 5 6 7 8 9 10 11 12 13 14 15 16 15 14 13 12 13 14 15 16 17 17 18 19 18 17 16 15 14 13 12 11 10 9 8 7 6 5 4 5 6 7 8 8 7 6 5 4 3 2 3 2 1 0 1 2 3 4 5 5 6 7 8 9 10 11 12
19 18 17 16 15 14 13 12 11 10 9 8 7 6 7 8 9 9 8 9 10 11 12 13 12 11 10 9 8 7 6 5 4 5 6 7 8 9 10 11 12 13 14 15 16 15 14 13 14 15 16 17 17 16 17 18 19 18 17 16 15 14 13 12 11 10 9 8 7 6 5 6 7 8 8 7 6 5 4 3 2 1 2 3 2 1 2 3 4 5 5 4 5 6 7 8 9 10 11
18 17 16 15 14 13 12 11 10 9 8 7 6 5 6 7 8 8 7 8 9 10 11 12 11 10 9 8 7 6 5 4 3 4 5 6 7 8 9 10 11 12 13 14 15 16 15 14 15 16 17 17 16 15 16 17 18 18 17 16 15 14 14 13 12 11 10 9 8 7 6 7 8 8 7 6 5 4 3 2 1 0 1 2 3 2 3 4 5 5 4 3 4 5 6 7 8 9 10
17 16 15 14 13 12 11 10 9 8 7 6 5 4 5 6 7 7 6 7 8 9 10 11 10 9 8 7 6 5 4 3 2 3 4 5 6 7 8 9 10 11 12 13 14 15 15 15 16 17 17 16 15 14 15 16 17 17 16 15 14 13 14 14 13 12 11 10 9 8 7 8 9 9 8 7 6 5 4 3 2 1 2 3 4 3 4 5 5 4 3 2 3 4 5 6 7 8 9
16 15 14 13 12 11 10 9 8 7 6 5 4 3 4 5 6 6 5 6 7 8 9 10 9 8 7 6 5 4 3 2 1 2 3 4 5 6 7 8 9 10 11 12 13 14 14 15 16 17 16 15 14 13 14 15 16 16 15 14 13 12 13 14 14 13 12 11 10 9 8 9 10 10 9 8 7 6 5 4 3 2 3 4 5 4 5 5 4 3 2 1 2 3 4 5 6 7 8
15 14 13 12 11 10 9 8 7 6 5 4 3 2 3 4 5 5 4 5 6 7 8 9 8 7 6 5 4 3 2 1 0 1 2 3 4 5 6 7 8 9 10 11 12 13 13 14 15 16 15 14 13 12 13 14 15 15 14 13 12 11 12 13 14 14 13 12 11 10 9 10 11 11 10 9 8 7 6 5 4 3 4 5 6 5 5 4 3 2 1 0 1 2 3 4 5 6 7
14 13 12 11 10 9 8 7 6 5 4 3 2 1 2 3 4 4 3 4 5 6 7 8 9 8 7 6 5 4 3 2 1 2 3 4 5 6 7 8 9 10 11 12 13 13 12 13 14 15 14 13 12 11 12 13 14 14 13 12 11 10 11 12 13 14 14 13 12 11 10 11 12 12 11 10 9 8 7 6 5 4 5 6 6 5 4 3 2 1 0 1 2 3 4 5 6 7 8
13 12 11 10 9 8 7 6 5 4 3 2 1 0 1 2 3 3 2 3 4 5 6 7 8 9 8 7 6 5 4 3 2 3 4 5 6 7 8 9 10 11 12 13 13 12 11 12 13 14 13 12 11 10 11 12 13 13 12 11 10 9 10 11 12 13 14 14 13 12 11 12 12 11 12 11 10 9 8 7 6 5 6 7 7 6 5 4 3 2 1 2 3 4 5 6 7 8 9
14 13 12 11 10 9 8 7 6 5 4 3 2 1 2 3 3 2 1 2 3 4 5 6 7 8 8 8 7 6 5 4 3 4 5 6 7 8 9 10 11 12 13 13 12 11 10 11 12 13 12 11 10 9 10 11 12 12 11 10 9 8 9 10 11 12 13 14 14 13 12 12 11 10 11 12 11 10 9 8 7 6 7 8 8 7 6 5 4 3 2 3 4 5 6 7 8 9 10
15 14 13 12 11 10 9 8 7 6 5 4 3 2 3 3 2 1 0 1 2 3 4 5 6 7 7 8 8 7 6 5 4 5 6 7 8 9 10 11 12 13 13 12 11 10 9 10 11 12 11 10 9 8 9 10 11 11 10 9 8 7 8 9 10 11 12 13 14 13 12 11 10 9 10 11 12 11 10 9 8 7 8 9 9 8 7 6 5 4 3 4 5 6 7 8 9 10 11
16 15 14 13 12 11 10 9 8 7 6 5 4 3 4 4 3 2 1 2 3 4 5 6 7 7 6 7 8 8 7 6 5 6 7 8 9 10 11 12 13 13 12 11 10 9 8 9 10 11 10 9 8 7 8 9 10 10 9 8 7 6 7 8 9 10 11 12 13 12 11 10 9 8 9 10 11 12 11 10 9 8 9 10 10 9 8 7 6 5 4 5 6 7 8 9 10 11 12
17 16 15 14 13 12 11 10 9 8 7 6 5 4 5 5 4 3 2 3 4 5 6 7 7 6 5 6 7 8 8 7 6 7 8 9 10 11 12 13 13 12 11 10 9 8 7 8 9 10 9 8 7 6 7 8 9 9 8 7 6 5 6 7 8 9 10 11 12 11 10 9 8 7 8 9 10 11 12 11 10 9 10 11 11 10 9 8 7 6 5 6 7 8 9 10 11 12 13
16 15 14 13 14 13 12 11 10 9 8 7 6 5 6 6 5 4 3 4 5 6 7 7 6 5 4 5 6 7 8 8 7 8 9 10 11 12 13 13 12 11 10 9 8 7 6 7 8 9 8 7 6 5 6 7 8 8 7 6 5 4 5 6 7 8 9 10 11 10 9 8 7 6 7 8 9 10 11 12 11 10 11 12 12 11 10 9 8 7 6 7 8 9 10 11 12 13 14
15 14 13 12 13 14 13 12 11 10 9 8 7 6 7 7 6 5 4 5 6 7 7 6 5 4 3 4 5 6 7 8 8 9 10 11 12 13 13 12 11 10 9 8 7 6 5 6 7 8 7 6 5 4 5 6 7 7 6 5 4 3 4 5 6 7 8 9 10 9 8 7 6 5 6 7 8 9 10 11 12 11 12 13 13 12 11 10 9 8 7 8 9 10 11 12 13 14 15
14 13 12 11 12 13 14 13 12 11 10 9 8 7 8 8 7 6 5 6 7 7 6 5 4 3 2 3 4 5 6 7 8 9 10 11 12 13 12 11 10 9 8 7 6 5 4 5 6 7 6 5 4 3 4 5 6 6 5 4 3 2 3 4 5 6 7 8 9 8 7 6 5 4 5 6 7 8 9 10 11 12 13 14 14 13 12 11 10 9 8 9 10 11 12 13 14 15 16
13 12 11 10 11 12 13 14 13 12 11 10 9 8 9 9 8 7 6 7 7 6 5 4 3 2 1 2 3 4 5 6 7 8 9 10 11 12 11 10 9 8 7 6 5 4 3 4 5 6 5 4 3 2 3 4 5 5 4 3 2 1 2 3 4 5 6 7 8 7 6 5 4 3 4 5 6 7 8 9 10 11 12 13 14 14 13 12 11 10 9 10 11 12 13 14 15 16 17
12 11 10 9 10 11 12 13 14 13 12 11 10 9 10 10 9 8 7 7 6 5 4 3 2 1 0 1 2 3 4 5 6 7 8 9 10 11 10 9 8 7 6 5 4 3 2 3 4 5 4 3 2 1 2 3 4 4 3 2 1 0 1 2 3 4 5 6 7 6 5 4 3 2 3 4 5 6 7 8 9 10 11 12 13 14 14 13 12 11 10 11 12 13 14 15 16 17 18
11 10 9 8 9 10 11 12 13 14 13 12 11 10 11 11 10 9 8 8 7 6 5 4 3 2 1 2 3 4 5 6 7 8 9 10 11 10 9 8 7 6 5 4 3 2 1 2 3 4 3 2 1 0 1 2 3 4 4 3 2 1 2 3 4 5 6 7 6 5 4 3 2 1 2 3 4 5 6 7 8 9 10 11 12 13 14 14 13 12 11 12 13 14 15 16 17 18 19
10 9 8 7 8 9 10 11 12 13 14 13 12 11 12 12 11 10 9 9 8 7 6 5 4 3 2 3 4 5 6 7 8 9 10 11 10 9 8 7 6 5 4 3 2 1 0 1 2 3 4 3 2 1 2 3 4 5 5 4 3 2 3 4 5 6 7 6 5 4 3 2 1 0 1 2 3 4 5 6 7 8 9 10 11 12 13 14 14 13 12 13 14 15 16 17 18 19 20
9 8 7 6 7 8 9 10 11 12 13 14 13 12 13 13 12 11 10 10 9 8 7 6 5 4 3 4 5 6 7 8 9 10 11 12 11 10 9 8 7 6 5 4 3 2 1 2 3 4 5 4 3 2 3 4 5 6 6 5 4 3 4 5 6 7 8 7 6 5 4 3 2 1 2 3 4 5 6 7 8 9 10 11 12 13 14 15 15 14 13 14 15 16 17 18 19 20 21
8 7 6 5 6 7 8 9 10 11 12 13 14 13 14 14 13 12 11 11 10 9 8 7 6 5 4 5 6 7 8 9 10 11 12 13 12 11 10 9 8 7 6 5 4 3 2 3 4 5 6 5 4 3 4 5 6 7 7 6 5 4 5 6 7 8 9 8 7 6 5 4 3 2 3 4 5 6 7 8 9 10 11 12 13 14 15 16 16 15 14 15 16 17 18 19 20 21 22
7 6 5 4 5 6 7 8 9 10 11 12 13 14 15 15 14 13 12 12 11 10 9 8 7 6 5 6 7 8 9 10 11 12 13 14 13 12 11 10 9 8 7 6 5 4 3 4 5 6 7 6 5 4 5 6 7 8 8 7 6 5 6 7 8 9 10 9 8 7 6 5 4 3 4 5 6 7 8 9 10 11 12 13 14 15 16 17 17 16 15 16 17 18 19 20 21 22 23
6 5 4 3 4 5 6 7 8 9 10 11 12 13 14 15 15 14 13 13 12 11 10 9 8 7 6 7 8 9 10 11 12 13 14 15 14 13 12 11 10 9 8 7 6 5 4 5 6 7 8 7 6 5 6 7 8 9 9 8 7 6 7 8 9 10 11 10 9 8 7 6 5 4 5 6 7 8 9 10 11 12 13 14 15 16 17 18 18 17 16 17 18 19 20 21 22 23 24
5 4 3 2 3 4 5 6 7 8 9 10 11 12 13 14 15 15 14 14 13 12 11 10 9 8 7 8 9 10 11 12 13 14 15 16 15 14 13 12 11 10 9 8 7 6 5 6 7 8 9 8 7 6 7 8 9 10 10 9 8 7 8 9 10 11 12 11 10 9 8 7 6 5 6 7 8 9 10 11 12 13 14 15 16 17 18 19 19 18 17 18 19 20 21 22 23 24 25
4 3 2 1 2 3 4 5 6 7 8 9 10 11 12 13 14 15 15 15 14 13 12 11 10 9 8 9 10 11 12 13 14 15 16 17 16 15 14 13 12 11 10 9 8 7 6 7 8 9 10 9 8 7 8 9 10 11 11 10 9 8 9 10 11 12 13 12 11 10 9 8 7 6 7 8 9 10 11 12 13 14 15 16 17 18 19 20 20 19 18 19 20 21 22 23 24 25 26
3 2 1 0 1 2 3 4 5 6 7 8 9 10 11 12 13 14 15 16 15 14 13 12 11 10 9 10 11 12 13 14 15 16 17 18 17 16 15 14 13 12 11 10 9 8 7 8 9 10 11 10 9 8 9 10 11 12 12 11 10 9 10 11 12 13 14 13 12 11 10 9 8 7 8 9 10 11 12 13 14 15 16 17 18 19 20 21 21 20 19 20 21 22 23 24 25 26 27
