24 23 22 21 20 19 18 17 16 15 14 13 12 11 10 9 8 7 6 7 8 9 10 11 12 13 14 15 16 17 18 19 20 21 22 23 24 25 26 27 27 26 25 24 23 22 21 20 19 18 17 16 15 14 13 12 11 10 9 8 7 6 7 8 9 10 11 12 13 14 15 16 17 18 19 20 21 22 23 22 23 24 25 26 27 28 29 30 29 28 27 26 25 24 23 22 21 22 23
23 22 21 20 19 18 17 16 15 14 13 12 11 10 9 8 7 6 5 6 7 8 9 10 11 12 13 14 15 16 17 18 19 20 21 22 23 24 25 26 26 25 24 23 22 21 20 19 18 17 16 15 14 13 12 11 10 9 8 7 6 5 6 7 8 9 10 11 12 13 14 15 16 17 18 19 20 21 22 21 22 23 24 25 26 27 28 29 28 27 26 25 24 23 22 21 20 21 22
22 21 20 19 18 17 16 15 14 13 12 11 10 9 8 7 6 5 4 5 6 7 8 9 10 11 12 13 14 15 16 17 18 19 20 21 22 23 24 25 25 24 23 22 21 20 19 18 17 16 15 14 13 12 11 10 9 8 7 6 5 4 5 6 7 8 9 10 11 12 13 14 15 16 17 18 19 20 21 20 21 22 23 24 25 26 27 28 27 26 25 24 23 22 21 20 19 20 21
21 20 19 18 17 16 15 14 13 12 11 10 9 8 7 6 5 4 3 4 5 6 7 8 9 10 11 12 13 14 15 16 17 18 19 20 21 22 23 24 24 23 22 21 20 19 18 17 16 15 14 13 12 11 10 9 8 7 6 5 4 3 4 5 6 7 8 9 10 11 12 13 14 15 16 17 18 19 20 19 20 21 22 23 24 25 26 27 26 25 24 23 22 21 20 19 18 19 20
20 19 18 17 16 15 14 13 12 11 10 9 8 7 6 5 4 3 2 3 4 5 6 7 8 9 10 11 12 13 14 15 16 17 18 19 20 21 22 23 23 22 21 20 19 18 17 16 15 14 13 12 11 10 9 8 7 6 5 4 3 2 3 4 5 6 7 8 9 10 11 12 13 14 15 16 17 18 19 18 19 20 21 22 23 24 25 26 25 24 23 22 21 20 19 18 17 18 19
19 18 17 16 15 14 13 12 11 10 9 8 7 6 5 4 3 2 1 2 3 4 5 6 7 8 9 10 11 12 13 14 15 16 17 18 19 20 21 22 22 21 20 19 18 17 16 15 14 13 12 11 10 9 8 7 6 5 4 3 2 1 2 3 4 5 6 7 8 9 10 11 12 13 14 15 16 17 18 17 18 19 20 21 22 23 24 25 24 23 22 21 20 19 18 17 16 17 18
18 17 16 15 14 13 12 11 10 9 8 7 6 5 4 3 2 1 0 1 2 3 4 5 6 7 8 9 10 11 12 13 14 15 16 17 18 19 20 21 21 20 19 18 17 16 15 14 13 12 11 10 9 8 7 6 5 4 3 2 1 0 1 2 3 4 5 6 7 8 9 10 11 12 13 14 15 16 17 16 17 18 19 20 21 22 23 24 23 22 21 20 19 18 17 16 15 16 17
19 18 17 16 15 14 13 12 11 10 9 8 7 6 5 4 3 2 1 2 3 4 5 6 7 8 9 10 11 12 13 14 15 16 17 18 19 20 21 22 22 21 20 19 18 17 16 15 14 13 12 11 10 9 8 7 6 5 4 3 2 1 2 3 4 5 6 7 8 9 10 11 12 13 14 15 16 17 16 15 16 17 18 19 20 21 22 23 22 21 20 19 18 17 16 15 14 15 16
20 19 18 17 16 15 14 13 12 11 10 9 8 7 6 5 4 3 2 3 4 5 6 7 8 9 10 11 12 13 14 15 16 17 18 19 20 21 22 23 23 22 21 20 19 18 17 16 15 14 13 12 11 10 9 8 7 6 5 4 3 2 3 4 5 6 7 8 9 10 11 12 13 14 15 16 17 16 15 14 15 16 17 18 19 20 21 22 21 20 19 18 17 16 15 14 13 14 15
21 20 19 18 17 16 15 14 13 12 11 10 9 8 7 6 5 4 3 4 5 6 7 8 9 10 11 12 13 14 15 16 17 18 19 20 21 22 23 24 24 23 22 21 20 19 18 17 16 15 14 13 12 11 10 9 8 7 6 5 4 3 4 5 6 7 8 9 10 11 12 13 14 15 16 17 16 15 14 13 14 15 16 17 18 19 20 21 20 19 18 17 16 15 14 13 12 13 14
22 21 20 19 18 17 16 15 14 13 12 11 10 9 8 7 6 5 4 5 6 7 8 9 10 11 12 13 14 15 16 17 18 19 20 21 22 23 24 25 25 24 23 22 21 20 19 18 17 16 15 14 13 12 11 10 9 8 7 6 5 4 5 6 7 8 9 10 11 12 13 14 15 16 17 16 15 14 13 12 13 14 15 16 17 18 19 20 19 18 17 16 15 14 13 12 11 12 13
23 22 21 20 19 18 17 16 15 14 13 12 11 10 9 8 7 6 5 6 7 8 9 10 11 12 13 14 15 16 17 18 19 20 21 22 23 24 25 26 26 25 24 23 22 21 20 19 18 17 16 15 14 13 12 11 10 9 8 7 6 5 6 7 8 9 10 11 12 12 13 14 15 16 16 15 14 13 12 11 12 13 14 15 16 17 18 19 18 17 16 15 14 13 12 11 10 11 12
24 23 22 21 20 19 18 17 16 15 14 13 12 11 10 9 8 7 6 7 8 9 10 11 12 13 14 15 16 17 18 19 20 21 22 23 24 25 26 27 27 26 25 24 23 22 21 20 19 18 17 16 15 14 13 12 11 10 9 8 7 6 7 8 9 10 11 12 12 11 12 13 14 15 15 14 13 12 11 10 11 12 13 14 15 16 17 18 17 16 15 14 13 12 11 10 9 10 11
23 22 21 20 20 19 18 17 16 15 14 13 12 11 10 9 8 7 6 7 8 9 10 11 12 13 14 15 16 17 18 19 20 21 22 23 24 25 26 27 28 27 26 25 24 23 22 21 20 19 18 17 16 15 14 13 12 11 10 9 8 7 8 9 10 11 12 12 11 10 11 12 13 14 14 13 12 11 10 9 10 11 12 13 14 15 16 17 16 15 14 13 12 11 10 9 8 9 10
22 21 20 19 19 18 17 16 15 14 13 12 11 10 9 8 7 6 5 6 7 8 9 10 11 12 13 14 15 16 17 18 19 20 21 22 23 24 25 26 27 28 27 26 25 24 23 22 21 20 19 18 17 16 15 14 13 12 11 10 9 8 9 10 11 12 12 11 10 9 10 11 12 13 13 12 11 10 9 8 9 10 11 12 13 14 15 16 15 14 13 12 11 10 9 8 7 8 9
21 20 19 18 18 17 16 15 14 13 12 11 10 9 8 7 6 5 4 5 6 7 8 9 10 11 12 13 14 15 16 17 18 19 20 21 22 23 24 25 26 27 28 27 26 25 24 23 22 21 20 19 18 17 16 15 14 13 12 11 10 9 10 11 12 12 11 10 9 8 9 10 11 12 12 11 10 9 8 7 8 9 10 11 12 13 14 15 14 13 12 11 10 9 8 7 6 7 8
20 19 18 17 17 16 15 14 13 12 11 10 9 8 7 6 5 4 3 4 5 6 7 8 9 10 11 12 13 14 15 16 17 18 19 20 21 22 23 24 25 26 27 28 27 26 25 24 23 22 21 20 19 18 17 16 15 14 13 12 11 10 11 12 12 11 10 9 8 7 8 9 10 11 11 10 9 8 7 6 7 8 9 10 11 12 13 14 13 12 11 10 9 8 7 6 5 6 7
19 18 17 16 16 15 14 13 12 11 10 9 8 7 6 5 4 3 2 3 4 5 6 7 8 9 10 11 12 13 14 15 16 17 18 19 20 21 22 23 24 25 26 27 28 27 26 25 24 23 22 21 20 19 18 17 16 15 14 13 12 11 12 12 11 10 9 8 7 6 7 8 9 10 10 9 8 7 6 5 6 7 8 9 10 11 12 13 12 11 10 9 8 7 6 5 4 5 6
18 17 16 15 15 14 13 12 11 10 9 8 7 6 5 4 3 2 1 2 3 4 5 6 7 8 9 10 11 12 13 14 15 16 17 18 19 20 21 22 23 24 25 26 27 28 27 26 25 24 23 22 21 20 19 18 17 16 15 14 13 12 12 11 10 9 8 7 6 5 6 7 8 9 9 8 7 6 5 4 5 6 7 8 9 10 11 12 11 10 9 8 7 6 5 4 3 4 5
17 16 15 14 14 13 12 11 10 9 8 7 6 5 4 3 2 1 0 1 2 3 4 5 6 7 8 9 10 11 12 13 14 15 16 17 18 19 20 21 22 23 24 25 26 27 27 26 25 24 23 22 21 20 19 18 17 16 15 14 13 12 11 10 9 8 7 6 5 4 5 6 7 8 8 7 6 5 4 3 4 5 6 7 8 9 10 11 10 9 8 7 6 5 4 3 2 3 4
16 15 14 13 14 14 13 12 11 10 9 8 7 6 5 4 3 2 1 2 3 4 5 6 7 8 9 10 11 12 13 14 15 16 17 18 19 20 21 22 23 24 25 26 27 27 26 25 24 23 22 21 20 19 18 17 16 15 14 13 12 11 10 9 8 7 6 5 4 3 4 5 6 7 7 6 5 4 3 2 3 4 5 6 7 8 9 10 9 8 7 6 5 4 3 2 1 2 3
15 14 13 12 13 14 14 13 12 11 10 9 8 7 6 5 4 3 2 3 4 5 6 7 8 9 10 11 12 13 14 15 16 17 18 19 20 21 22 23 24 25 26 27 27 26 25 24 23 22 21 20 19 18 17 16 15 14 13 12 11 10 9 8 7 6 5 4 3 2 3 4 5 6 6 5 4 3 2 1 2 3 4 5 6 7 8 9 8 7 6 5 4 3 2 1 0 1 2
14 13 12 11 12 13 14 13 12 11 10 10 9 8 7 6 5 4 3 4 5 6 7 8 9 10 11 12 13 14 15 16 17 18 19 20 21 22 23 24 25 26 27 27 26 25 24 23 22 21 20 19 18 17 16 15 14 13 12 11 10 9 8 7 6 5 4 3 2 1 2 3 4 5 5 4 3 2 1 0 1 2 3 4 5 6 7 8 9 8 7 6 5 4 3 2 1 2 3
13 12 11 10 11 12 13 12 11 10 9 10 10 9 8 7 6 5 4 5 6 7 8 9 10 11 12 13 14 15 16 17 18 19 20 21 22 23 24 25 26 27 27 26 25 24 23 22 21 20 19 18 17 16 15 14 13 12 11 10 9 8 7 6 5 4 3 2 1 0 1 2 3 4 5 5 4 3 2 1 2 3 4 5 6 7 8 9 10 9 8 7 6 5 4 3 2 3 4
12 11 10 9 10 11 12 11 10 9 8 9 10 10 9 8 7 6 5 6 7 8 9 10 11 12 13 14 15 16 17 18 19 20 21 22 23 24 25 26 27 28 28 27 26 25 24 23 22 21 20 19 18 17 16 15 14 13 12 11 10 9 8 7 6 5 4 3 2 1 2 3 4 5 6 6 5 4 3 2 3 4 5 6 7 8 9 10 11 10 9 8 7 6 5 4 3 4 5
11 10 9 8 9 10 11 10 9 8 7 8 9 10 10 9 8 7 6 7 8 9 10 11 12 13 14 15 16 17 18 19 20 21 22 23 24 25 26 27 28 29 29 28 27 26 25 24 23 22 21 20 19 18 17 16 15 14 13 12 11 10 9 8 7 6 5 4 3 2 3 3 4 5 6 7 6 5 4 3 4 5 6 7 8 9 10 11 12 11 10 9 8 7 6 5 4 5 6
10 9 8 7 8 9 10 9 8 7 6 7 8 9 10 10 9 8 7 8 9 10 11 12 13 14 15 16 17 18 19 19 20 21 22 23 24 25 26 27 28 29 30 29 28 27 26 25 24 23 22 21 20 19 18 17 16 15 14 13 12 11 10 9 8 7 6 5 4 3 3 2 3 4 5 6 7 6 5 4 5 6 7 8 9 10 11 12 13 12 11 10 9 8 7 6 5 6 7
9 8 7 6 7 8 9 8 7 6 5 6 7 8 9 10 10 9 8 9 10 11 12 13 14 15 16 17 18 19 19 18 19 20 21 22 23 24 25 26 27 28 29 29 28 27 26 25 24 23 22 21 20 19 18 17 16 15 14 13 12 11 10 9 8 7 6 5 4 3 2 1 2 3 4 5 6 7 6 5 6 7 8 9 10 11 12 13 14 13 12 11 10 9 8 7 6 7 8
8 7 6 5 6 7 8 7 6 5 4 5 6 7 8 9 10 10 9 10 11 12 13 14 15 16 17 18 19 19 18 17 18 19 20 21 22 23 24 25 26 27 28 28 27 26 25 24 23 22 21 20 19 18 17 16 15 14 13 12 11 10 9 8 7 6 5 4 3 2 1 0 1 2 3 4 5 6 7 6 7 8 9 10 11 12 13 14 15 14 13 12 11 10 9 8 7 8 9
7 6 5 4 5 6 7 6 5 4 3 4 5 6 7 8 9 10 10 11 12 13 14 15 16 17 18 19 19 18 17 16 17 18 19 20 21 22 23 24 25 26 27 28 28 27 26 25 24 23 22 21 20 19 18 17 16 15 14 13 12 11 10 9 8 7 6 5 4 3 2 1 2 3 4 5 6 7 8 7 8 9 10 11 12 13 14 15 16 15 14 13 12 11 10 9 8 9 10
6 5 4 3 4 5 6 5 4 3 2 3 4 5 6 7 8 9 10 11 12 13 14 15 16 17 18 19 18 17 16 15 16 17 18 19 20 21 22 23 24 25 26 27 28 28 27 26 25 24 23 22 21 20 19 18 17 16 15 14 13 12 11 10 9 8 7 6 5 4 3 2 3 4 5 6 7 8 9 8 9 10 11 12 13 14 15 16 17 16 15 14 13 12 11 10 9 10 11
5 4 3 2 3 4 5 4 3 2 1 2 3 4 5 6 7 8 9 10 11 12 13 14 15 16 17 18 17 16 15 14 15 16 17 18 19 20 21 22 23 24 25 26 27 28 28 27 26 25 24 23 22 21 20 19 18 17 16 15 14 13 12 11 10 9 8 7 6 5 4 3 4 5 6 7 8 9 10 9 10 11 12 13 14 15 16 17 18 17 16 15 14 13 12 11 10 11 12
4 3 2 1 2 3 4 3 2 1 0 1 2 3 4 5 6 7 8 9 10 11 12 13 14 15 16 17 16 15 14 13 14 15 16 17 18 19 20 21 22 23 24 25 26 27 28 28 27 26 25 24 23 22 21 20 19 18 17 16 15 14 13 12 11 10 9 8 7 6 5 4 5 6 7 8 9 10 11 10 11 12 13 14 15 16 17 18 19 18 17 16 15 14 13 12 11 12 13
3 2 1 0 1 2 3 4 3 2 1 2 3 4 5 6 7 8 9 10 11 12 13 14 15 16 17 16 15 14 13 12 13 14 15 16 17 18 19 20 21 22 23 24 25 26 27 28 28 27 26 25 24 23 22 21 20 19 18 17 16 15 14 13 12 11 10 9 8 7 6 5 6 7 8 9 10 11 12 11 12 13 14 15 14 15 16 17 18 19 18 17 16 15 14 13 12 13 14
4 3 2 1 2 3 4 5 4 3 2 3 4 5 6 7 8 9 10 11 12 12 13 14 15 16 16 15 14 13 12 11 12 13 14 15 16 17 18 19 20 21 22 23 24 25 26 27 27 26 25 24 23 22 21 20 19 18 17 16 15 14 13 12 11 10 9 8 7 8 7 6 7 8 9 10 11 12 13 12 13 14 15 14 13 14 15 16 17 18 19 18 17 16 15 14 13 14 15
5 4 3 2 3 4 5 6 5 4 3 4 5 6 7 8 9 10 11 12 12 11 12 13 14 15 15 14 13 12 11 10 11 12 13 14 15 16 17 18 19 20 21 22 23 24 25 26 26 25 24 23 22 21 20 19 18 17 16 15 14 13 12 11 10 9 8 7 6 7 8 7 8 9 10 11 12 13 14 13 14 15 14 13 12 13 14 15 16 17 18 19 18 17 16 15 14 15 16
6 5 4 3 4 5 6 7 6 5 4 5 6 7 8 9 10 11 12 12 11 10 11 12 13 14 14 13 12 11 10 9 10 11 12 13 14 15 16 17 18 19 20 21 22 23 24 25 25 24 23 22 21 20 19 18 17 16 15 14 13 12 11 10 9 8 7 6 5 6 7 8 9 10 11 12 13 14 15 14 15 14 13 12 11 12 13 14 15 16 17 18 19 18 17 16 15 16 17
7 6 5 4 5 6 7 6 7 6 5 6 7 8 9 10 11 12 12 11 10 9 10 11 12 13 13 12 11 10 9 8 9 10 11 12 13 14 15 16 17 18 19 20 21 22 23 24 24 23 22 21 20 19 18 17 16 15 14 13 12 11 10 9 8 7 6 5 4 5 6 7 8 9 10 11 12 13 14 15 14 13 12 11 10 11 12 13 14 15 16 17 18 19 18 17 16 17 18
8 7 6 5 6 7 6 5 6 7 6 7 8 9 10 11 12 12 11 10 9 8 9 10 11 12 12 11 10 9 8 7 8 9 10 11 12 13 14 15 16 17 18 19 20 21 22 23 23 22 21 20 19 18 17 16 15 14 13 12 11 10 9 8 7 6 5 4 3 4 5 6 7 8 9 10 11 12 13 14 13 12 11 10 9 10 11 12 13 14 15 16 17 18 19 18 17 18 19
9 8 7 6 7 6 5 4 5 6 7 8 9 10 11 12 12 11 10 9 8 7 8 9 10 11 11 10 9 8 7 6 7 8 9 10 11 12 13 14 15 16 17 18 19 20 21 22 22 21 20 19 18 17 16 15 14 13 12 11 10 9 8 7 6 5 4 3 2 3 4 5 6 7 8 9 10 11 12 13 12 11 10 9 8 9 10 11 12 13 14 15 16 17 18 19 18 19 20
10 9 8 7 6 5 4 3 4 5 6 7 8 9 10 11 11 10 9 8 7 6 7 8 9 10 10 9 8 7 6 5 6 7 8 9 10 11 12 13 14 15 16 17 18 19 20 21 21 20 19 18 17 16 15 14 13 12 11 10 9 8 7 6 5 4 3 2 1 2 3 4 5 6 7 8 9 10 11 12 11 10 9 8 7 8 9 10 11 12 13 14 15 16 17 18 19 20 21
9 8 7 6 5 4 3 2 3 4 5 6 7 8 9 10 10 9 8 7 6 5 6 7 8 9 9 8 7 6 5 4 5 6 7 8 9 10 11 12 13 14 15 16 17 18 19 20 20 19 18 17 16 15 14 13 12 11 10 9 8 7 6 5 4 3 2 1 0 1 2 3 4 5 6 7 8 9 10 11 10 9 8 7 6 7 8 9 10 11 12 13 14 15 16 17 18 19 20
8 7 6 5 4 3 2 1 2 3 4 5 6 7 8 9 9 8 7 6 5 4 5 6 7 8 8 7 6 5 4 3 4 5 6 7 8 9 10 11 12 13 14 15 16 17 18 19 20 20 19 18 17 16 15 14 13 12 11 10 9 8 7 6 5 4 3 2 1 2 3 4 5 6 7 8 9 10 11 10 9 8 7 6 5 6 7 8 9 10 11 12 13 14 15 16 17 18 19
7 6 5 4 3 2 1 0 1 2 3 4 5 6 7 8 8 7 6 5 4 3 4 5 6 7 7 6 5 4 3 2 3 4 5 6 7 8 9 10 11 12 13 14 15 16 17 18 19 20 20 19 18 17 16 15 14 13 12 11 10 9 8 7 6 5 4 3 2 3 4 5 6 7 8 9 10 11 10 9 8 7 6 5 4 5 6 7 8 9 10 11 12 13 14 15 16 17 18
8 7 6 5 4 3 2 1 2 3 4 5 6 7 8 8 7 6 5 4 3 2 3 4 5 6 6 5 4 3 2 1 2 3 4 5 6 7 8 9 10 11 12 13 14 15 16 17 18 19 20 20 19 18 17 16 15 14 13 12 11 10 9 8 7 6 5 4 3 4 5 6 7 8 9 10 11 10 9 8 7 6 5 4 3 4 5 6 7 8 9 10 11 12 13 14 15 16 17
9 8 7 6 5 4 3 2 3 4 5 6 7 8 8 7 6 5 4 3 2 1 2 3 4 5 5 4 3 2 1 0 1 2 3 4 5 6 7 8 9 10 11 12 13 14 15 16 17 18 19 20 20 19 18 17 16 15 14 13 12 11 10 9 8 7 6 5 4 5 6 7 8 9 10 11 10 9 8 7 6 5 4 3 2 3 4 5 6 7 8 9 10 11 12 13 14 15 16
10 9 8 7 6 5 4 3 4 5 6 7 8 8 7 6 5 4 3 2 1 0 1 2 3 4 5 5 4 3 2 1 2 3 4 5 6 7 8 9 10 11 12 13 14 15 16 17 18 19 20 21 21 20 19 18 17 16 15 14 13 12 11 10 9 8 7 6 5 6 7 8 9 10 11 10 9 8 7 6 5 4 3 2 1 2 3 4 5 6 7 8 9 10 11 12 13 14 15
11 10 9 8 7 6 5 4 5 6 7 8 9 9 8 7 6 5 4 3 2 1 2 3 4 5 6 6 5 4 3 2 3 4 5 6 7 8 9 10 11 12 13 14 15 16 17 18 19 20 21 22 22 21 20 19 18 17 16 15 14 13 12 11 10 9 8 7 6 7 8 9 10 11 10 9 8 7 6 5 4 3 2 1 0 1 2 3 4 5 6 7 8 9 10 11 12 13 14
12 11 10 9 8 7 6 5 6 7 8 9 10 10 9 8 7 6 5 4 3 2 3 4 5 6 7 7 6 5 4 3 4 5 6 7 8 9 10 11 12 13 14 15 16 17 18 19 20 21 22 23 23 22 21 20 19 18 17 16 15 14 13 12 11 10 9 8 7 8 9 10 11 12 11 10 9 8 7 6 5 4 3 2 1 2 3 4 5 6 7 8 9 10 11 12 13 14 15
13 12 11 10 9 8 7 6 7 8 9 10 11 11 10 9 8 7 6 5 4 3 4 5 6 7 8 8 7 6 5 4 5 6 7 8 9 10 11 12 13 14 15 16 17 18 19 20 21 22 23 24 24 23 22 21 20 19 18 17 16 15 14 13 12 11 10 9 8 9 10 11 12 13 12 11 10 9 8 7 6 5 4 3 2 3 4 5 6 7 8 9 10 11 12 13 14 15 16
14 13 12 11 10 9 8 7 8 9 10 10 11 12 11 10 9 8 7 6 5 4 5 6 7 8 9 9 8 7 6 5 6 7 8 9 10 11 12 13 14 15 16 17 18 19 20 21 22 23 24 25 25 24 23 22 21 20 19 18 17 16 15 14 13 12 11 10 9 10 11 12 13 14 13 12 11 10 9 8 7 6 5 4 3 4 5 6 7 8 9 10 11 12 13 14 15 16 17
15 14 13 12 11 10 9 8 9 10 10 9 10 11 12 11 10 9 8 7 6 5 6 7 8 9 10 10 9 8 7 6 7 8 9 10 11 12 13 14 15 16 17 18 19 20 21 22 23 24 25 26 26 25 24 23 22 21 20 19 18 17 16 15 14 13 12 11 10 11 12 13 14 14 13 12 11 10 9 8 7 6 5 5 4 5 6 7 8 9 10 11 12 13 14 15 16 17 18
16 15 14 13 12 11 10 9 10 10 9 8 9 10 11 12 11 10 9 8 7 6 7 8 7 8 9 10 10 9 8 7 8 9 10 11 12 13 14 15 16 17 18 19 20 21 22 23 24 25 26 27 27 26 25 24 23 22 21 20 19 18 17 16 15 14 13 12 11 12 13 14 14 13 12 11 10 9 8 7 6 5 4 5 5 6 7 8 9 10 11 12 13 14 15 16 17 18 19
17 16 15 14 13 12 11 10 10 9 8 7 8 9 10 11 12 11 10 9 8 7 8 7 6 7 8 9 10 10 9 8 9 10 11 12 13 14 15 16 17 18 19 20 21 22 23 24 25 26 27 28 28 27 26 25 24 23 22 21 20 19 18 17 16 15 14 13 12 13 14 14 13 12 11 10 9 8 7 6 5 4 3 4 5 6 7 8 9 10 11 12 13 14 15 16 17 18 19
17 16 15 14 13 12 11 10 9 8 7 6 7 8 9 10 11 12 11 10 9 8 7 6 5 6 7 8 9 10 10 9 10 11 12 13 14 15 16 17 18 19 20 21 22 23 24 25 26 27 28 29 29 28 27 26 25 24 23 22 21 20 19 18 17 16 15 14 13 14 14 13 12 11 10 9 8 7 6 5 4 3 2 3 4 5 6 7 8 9 10 11 12 13 14 15 16 17 18
16 15 14 13 12 11 10 9 8 7 6 5 6 7 8 9 10 11 10 9 8 7 6 5 4 5 6 7 8 9 10 10 11 12 13 14 15 16 17 18 19 20 21 22 23 24 25 26 27 28 29 30 30 29 28 27 26 25 24 23 22 21 20 19 18 17 16 15 14 14 13 12 11 10 9 8 7 6 5 4 3 2 1 2 3 4 5 6 7 8 9 10 11 12 13 14 15 16 17
15 14 13 12 11 10 9 8 7 6 5 4 5 6 7 8 9 10 9 8 7 6 5 4 3 4 5 6 7 8 9 10 11 12 13 14 15 16 17 18 19 20 21 22 23 24 25 26 27 28 29 30 29 28 27 26 25 24 23 22 21 20 20 19 18 17 16 15 14 13 12 11 10 9 8 7 6 5 4 3 2 1 0 1 2 3 4 5 6 7 8 9 10 11 12 13 14 15 16
14 13 12 11 10 9 8 7 6 5 4 3 4 5 6 7 8 9 8 7 6 5 4 3 2 3 4 5 6 7 8 9 10 11 12 13 14 15 16 17 18 19 20 21 22 23 24 25 26 27 28 29 28 27 26 25 24 23 22 21 20 19 20 20 19 18 17 16 15 14 13 12 11 10 9 8 7 6 5 4 3 2 1 2 3 4 5 6 7 8 9 10 11 12 13 14 15 16 17
13 12 11 10 9 8 7 6 5 4 3 2 3 4 5 6 7 8 7 6 5 4 3 2 1 2 3 4 5 6 7 8 9 10 11 12 13 14 15 16 17 18 19 20 21 22 23 24 25 26 27 28 27 26 25 24 23 22 21 20 19 18 19 20 20 19 18 17 16 15 14 13 12 11 10 9 8 7 6 5 4 3 2 3 4 5 6 7 8 9 10 11 12 13 14 15 16 17 18
12 11 10 9 8 7 6 5 4 3 2 1 2 3 4 5 6 7 6 5 4 3 2 1 0 1 2 3 4 5 6 7 8 9 10 11 12 13 14 15 16 17 18 19 20 21 22 23 24 25 26 27 26 25 24 23 22 21 20 19 18 17 18 19 20 20 19 18 17 16 15 14 13 12 11 10 9 8 7 6 5 4 3 4 5 6 7 8 9 10 11 12 13 14 15 16 17 18 19
11 10 9 8 7 6 5 4 3 2 1 0 1 2 3 4 5 6 7 6 5 4 3 2 1 2 3 4 5 6 7 8 9 10 11 12 13 14 15 16 17 18 19 20 21 22 23 24 25 26 27 26 25 24 23 22 21 20 19 18 17 16 17 18 19 20 19 18 17 16 15 14 13 13 12 11 10 9 8 7 6 5 4 5 6 7 8 9 10 11 12 13 14 15 16 17 18 19 20
12 11 10 9 8 7 6 5 4 3 2 1 2 3 4 5 4 5 6 7 6 5 4 3 2 3 4 5 6 7 8 9 10 11 12 13 14 15 16 17 18 19 20 21 22 23 24 25 26 27 26 25 24 23 22 21 20 19 18 17 16 15 16 17 18 19 18 17 16 15 14 13 12 13 13 12 11 10 9 8 7 6 5 6 7 8 9 10 11 12 13 14 15 16 15 16 17 18 19
13 12 11 10 9 8 7 6 5 4 3 2 3 4 5 4 3 4 5 6 7 6 5 4 3 4 5 6 7 8 9 10 11 12 13 14 15 16 17 18 19 20 21 22 23 24 25 26 27 26 25 24 23 22 21 20 19 18 17 16 15 14 15 16 17 18 17 16 15 14 13 12 11 12 13 13 12 11 10 9 8 7 6 7 8 9 10 11 12 13 14 15 14 15 14 15 16 17 18
14 13 12 11 10 9 8 7 6 5 4 3 4 5 4 3 2 3 4 5 6 7 6 5 4 5 6 7 8 9 10 11 12 13 14 15 16 17 18 19 20 21 22 23 24 25 26 27 26 25 24 23 22 21 20 19 18 17 16 15 14 13 14 15 16 17 16 15 14 13 12 11 10 11 12 13 13 12 11 10 9 8 7 8 9 10 11 12 13 14 15 14 13 14 13 14 15 16 17
15 14 13 12 11 10 9 8 7 6 5 4 5 4 3 2 1 2 3 4 5 6 7 6 5 6 7 8 9 10 11 12 13 13 14 15 16 17 18 19 20 21 22 23 24 25 26 26 25 24 23 22 21 20 19 18 17 16 15 14 13 12 13 14 15 16 15 14 13 12 11 10 9 10 11 12 13 13 12 11 10 9 8 9 10 11 12 13 14 15 14 13 12 13 12 13 14 15 16
15 14 13 12 11 10 9 8 7 6 6 5 4 3 2 1 0 1 2 3 4 5 6 7 6 7 8 9 10 11 12 13 13 12 13 14 15 16 17 18 19 20 21 22 23 24 25 25 24 23 22 21 20 19 18 17 16 15 14 13 12 11 12 13 14 15 14 13 12 11 10 9 8 9 10 11 12 13 13 12 11 10 9 10 11 12 13 14 15 14 13 12 11 12 11 12 13 14 15
14 13 12 11 10 9 8 7 6 5 6 6 5 4 3 2 1 2 3 4 5 6 7 8 7 8 9 10 11 12 13 13 12 11 12 13 14 15 16 17 18 19 20 21 22 23 24 24 23 22 21 20 19 18 17 16 15 14 13 12 11 10 11 12 13 14 13 12 11 10 9 8 7 8 9 10 11 12 13 13 12 11 10 11 12 13 14 15 14 13 12 11 10 11 10 11 12 13 14
13 12 11 10 9 8 7 6 5 4 5 6 6 5 4 3 2 3 4 5 6 7 8 9 8 9 10 11 12 13 13 12 11 10 11 12 13 14 15 16 17 18 19 20 21 22 23 23 22 21 20 19 18 17 16 15 14 13 12 11 10 9 10 11 12 13 12 11 10 9 8 7 6 7 8 9 10 11 12 13 13 12 11 12 13 14 15 14 13 12 11 10 9 10 9 10 11 12 13
12 11 10 9 8 7 6 5 4 3 4 5 6 6 5 4 3 4 5 6 7 8 9 10 9 10 11 12 13 13 12 11 10 9 10 11 12 13 14 15 16 17 18 19 20 21 22 22 21 20 19 18 17 16 15 14 13 12 11 10 9 8 9 10 11 12 11 10 9 8 7 6 5 6 7 8 9 10 11 12 13 13 12 13 14 15 14 13 12 11 10 9 8 9 8 9 10 11 12
11 10 9 8 7 6 5 4 3 2 3 4 5 6 6 5 4 5 6 7 8 9 10 11 10 11 12 13 13 12 11 10 9 8 9 10 11 12 13 14 15 16 17 18 19 20 21 21 20 19 18 17 16 15 14 13 12 11 10 9 8 7 8 9 10 11 10 9 8 7 6 5 4 5 6 7 8 9 10 11 12 13 13 14 15 14 13 12 11 10 9 8 7 8 7 8 9 10 11
10 9 8 7 6 5 4 3 2 1 2 3 4 5 6 6 5 6 7 8 9 10 11 10 11 12 13 13 12 11 10 9 8 7 8 9 10 11 12 13 14 15 16 17 18 19 20 20 19 18 17 16 15 14 13 12 11 10 9 8 7 6 7 8 9 10 9 8 7 6 5 4 3 4 5 6 7 8 9 10 11 12 13 14 14 13 12 11 10 9 8 7 6 7 6 7 8 9 10
9 8 7 6 5 4 3 2 1 0 1 2 3 4 5 6 6 7 8 9 10 11 10 9 10 11 12 12 11 10 9 8 7 6 7 8 9 10 11 12 13 14 15 16 17 18 19 19 18 17 16 15 14 13 12 11 10 9 8 7 6 5 6 7 8 9 8 7 6 5 4 3 2 3 4 5 6 7 8 9 10 11 12 13 13 12 11 10 9 8 7 6 5 6 5 6 7 8 9
10 9 8 7 6 5 4 3 2 1 2 3 4 5 6 7 7 8 9 10 11 10 9 8 9 10 11 11 10 9 8 7 6 5 6 7 8 9 10 11 12 13 14 15 16 17 18 18 17 16 15 14 13 12 11 10 9 8 7 6 5 4 5 6 7 8 7 6 5 4 3 2 1 2 3 4 5 6 7 8 9 10 11 12 12 11 10 9 8 7 6 5 4 5 4 5 6 7 8
11 10 9 8 7 6 5 4 3 2 3 4 5 6 7 8 8 9 10 11 10 9 8 7 8 9 10 10 9 8 7 6 5 4 5 6 7 8 9 10 11 12 13 14 15 16 17 17 16 15 14 13 12 11 10 9 8 7 6 5 4 3 4 5 6 7 6 5 4 3 2 1 0 1 2 3 4 5 6 7 8 9 10 11 11 10 9 8 7 6 5 4 3 4 3 4 5 6 7
12 11 10 9 8 7 6 5 4 3 4 5 6 7 8 9 9 10 11 10 9 8 7 6 7 8 9 9 8 7 6 5 4 3 4 5 6 7 8 9 10 11 12 13 14 15 16 16 15 14 13 12 11 10 9 8 7 6 5 4 3 2 3 4 5 6 7 6 5 4 3 2 1 2 3 4 5 6 7 8 9 10 11 11 10 9 8 7 6 5 4 3 2 3 2 3 4 5 6
13 12 11 10 9 8 7 6 5 4 5 6 7 8 9 10 10 11 10 9 8 7 6 5 6 7 8 8 7 6 5 4 3 2 3 4 5 6 7 8 9 10 11 12 13 14 15 15 14 13 12 11 10 9 8 7 6 5 4 3 2 1 2 3 4 5 6 7 6 5 4 3 2 3 4 5 6 7 8 9 10 11 11 10 9 8 7 6 5 4 3 2 1 2 1 2 3 4 5
14 13 12 11 10 9 8 7 6 5 6 7 8 9 10 11 11 10 9 8 7 6 5 4 5 6 7 7 6 5 4 3 2 1 2 3 4 5 6 7 8 9 10 11 12 13 14 14 13 12 11 10 9 8 7 6 5 4 3 2 1 0 1 2 3 4 5 6 7 6 5 4 3 4 5 6 7 8 9 10 11 11 10 9 8 7 6 5 4 3 2 1 0 1 0 1 2 3 4
15 14 13 12 11 10 9 8 7 6 7 8 9 10 11 11 10 9 8 7 6 5 4 3 4 5 6 6 5 4 3 2 1 0 1 2 3 4 5 6 7 8 9 10 11 12 13 13 12 11 10 9 8 7 6 5 4 3 2 3 2 1 2 3 4 5 6 7 8 7 6 5 4 5 6 7 8 9 10 11 11 10 9 8 7 6 7 6 5 4 3 2 1 2 1 2 3 4 5
16 15 14 13 12 11 10 9 8 7 8 9 10 11 11 10 9 8 7 6 5 4 3 2 3 4 5 6 6 5 4 3 2 1 2 3 4 5 6 7 8 9 10 11 12 13 13 12 11 10 9 8 7 6 5 4 3 2 1 2 3 2 3 4 5 6 7 8 9 8 7 6 5 6 7 8 9 10 11 11 10 9 8 7 6 5 6 7 6 5 4 3 2 3 2 3 4 5 6
17 16 15 14 13 12 11 10 9 8 9 10 11 11 10 9 8 7 6 5 4 3 2 1 2 3 4 5 6 6 5 4 3 2 3 4 5 6 7 8 9 10 11 12 13 13 12 11 10 9 8 7 6 5 4 3 2 1 0 1 2 3 4 5 6 7 8 9 10 9 8 7 6 6 7 8 9 10 11 10 9 8 7 6 5 4 5 6 7 6 5 4 3 4 3 4 5 6 7
18 17 16 15 14 13 12 11 10 9 10 11 11 10 9 8 7 6 5 4 3 2 1 0 1 2 3 4 5 6 6 5 4 3 4 5 6 7 8 9 10 11 12 13 13 14 13 12 11 10 9 8 7 6 5 4 3 2 1 2 3 4 5 6 7 8 9 10 10 9 8 7 6 5 6 7 8 9 10 9 8 7 6 5 4 3 4 5 6 7 6 5 4 5 4 5 6 7 8
19 18 17 16 15 14 13 12 11 10 11 12 12 11 10 9 8 7 6 5 4 3 2 1 2 3 4 5 6 7 7 6 5 4 5 6 7 8 9 10 11 12 13 13 12 13 14 13 12 11 10 9 8 7 6 5 4 3 2 3 4 5 6 7 8 9 10 10 9 8 7 6 5 4 5 6 7 8 9 8 7 6 5 4 3 2 3 4 5 6 7 6 5 6 5 6 7 8 9
20 19 18 17 16 15 14 13 12 11 12 13 13 12 11 10 9 8 7 6 5 4 3 2 3 4 5 6 7 8 8 7 6 5 6 7 8 9 10 11 12 13 13 12 11 12 13 14 13 12 11 10 9 8 7 6 5 4 3 4 5 6 7 8 9 10 10 9 8 7 6 5 4 3 4 5 6 7 8 7 6 5 4 3 2 1 2 3 4 5 6 7 6 7 6 7 8 9 10
21 20 19 18 17 16 15 14 13 12 13 14 14 13 12 11 10 9 8 7 6 5 4 3 4 5 6 7 8 9 9 8 7 6 7 8 9 10 11 12 13 13 12 11 10 11 12 13 14 13 12 11 10 9 8 7 6 5 4 5 6 7 8 9 10 10 9 8 7 6 5 4 3 2 3 4 5 6 7 6 5 4 3 2 1 0 1 2 3 4 5 6 7 8 7 8 9 10 11
22 21 20 19 18 17 16 15 14 13 14 15 15 14 13 12 11 10 9 8 7 6 5 4 5 6 7 8 9 10 10 9 8 7 8 9 10 11 12 13 13 12 11 10 9 10 11 12 13 14 13 12 11 10 9 8 7 6 5 6 7 8 9 10 10 9 8 7 6 5 4 3 2 1 2 3 4 5 6 7 6 5 4 3 2 1 2 3 4 5 6 5 6 7 8 9 10 11 12
23 22 21 20 19 18 17 16 15 14 15 16 16 15 14 13 12 11 10 9 8 7 6 5 6 7 8 9 10 11 11 10 9 8 9 10 11 12 13 13 12 11 10 9 8 9 10 11 12 13 14 13 12 11 10 9 8 7 6 7 8 9 10 10 9 8 7 6 5 4 3 2 1 0 1 2 3 4 5 6 7 6 5 4 3 2 3 4 5 6 5 4 5 6 7 8 9 10 11
24 23 22 21 20 19 18 17 16 15 16 17 17 16 15 14 13 12 11 10 9 8 7 6 7 8 9 10 11 12 12 11 10 9 10 11 12 13 13 12 11 10 9 8 7 8 9 10 11 12 13 14 13 12 11 10 9 8 7 8 9 10 11 11 10 9 8 7 6 5 4 3 2 1 2 3 4 5 6 7 8 7 6 5 4 3 4 5 6 5 4 3 4 5 6 7 8 9 10
25 24 23 22 21 20 19 18 17 16 17 18 18 17 16 15 14 13 12 11 10 9 8 7 8 9 10 11 12 13 13 12 11 10 11 12 13 13 12 11 10 9 8 7 6 7 8 9 10 11 12 13 14 13 12 11 10 9 8 9 10 11 12 12 11 10 9 8 7 6 5 4 3 2 3 4 5 6 7 8 9 8 7 6 5 4 5 6 5 4 3 2 3 4 5 6 7 8 9
26 25 24 23 22 21 20 19 18 17 18 19 19 18 17 16 15 14 13 12 11 10 9 8 9 10 11 12 13 14 14 13 12 11 12 13 13 12 11 10 9 8 7 6 5 6 7 8 9 10 11 12 13 14 13 12 11 10 9 10 11 12 13 13 12 11 10 9 8 7 6 5 4 3 4 5 6 7 8 9 9 8 7 6 5 5 6 5 4 3 2 1 2 3 4 5 6 7 8
27 26 25 24 23 22 21 20 19 18 19 20 20 19 18 17 16 15 14 13 12 11 10 9 10 11 12 13 14 15 15 14 13 12 13 13 12 11 10 9 8 7 6 5 4 5 6 7 8 9 10 11 12 13 14 13 12 11 10 11 12 13 14 14 13 12 11 10 9 8 7 6 5 4 5 6 7 8 9 9 8 7 6 5 4 5 5 4 3 2 1 0 1 2 3 4 5 6 7
28 27 26 25 24 23 22 21 20 19 20 21 21 20 19 18 17 16 15 14 13 12 11 10 11 12 13 14 15 16 16 15 14 13 13 12 11 10 9 8 7 6 5 4 3 4 5 6 7 8 9 10 11 12 13 14 13 12 11 12 13 14 15 15 14 13 12 11 10 9 8 7 6 5 6 7 8 9 9 8 7 6 5 4 3 4 5 5 4 3 2 1 2 3 4 5 6 7 8
29 28 27 26 25 24 23 22 21 20 21 22 22 21 20 19 18 17 16 15 14 13 12 11 12 13 14 15 16 17 16 15 14 13 12 11 10 9 8 7 6 5 4 3 2 3 4 5 6 7 8 9 10 11 12 13 14 13 12 13 14 15 16 15 14 13 12 11 10 9 8 7 7 6 7 8 9 9 8 7 6 5 4 3 2 3 4 5 5 4 3 2 3 4 5 6 7 8 9
30 29 28 27 26 25 24 23 22 21 22 23 23 22 21 20 19 18 17 16 15 14 13 12 13 14 15 16 17 16 15 14 13 12 11 10 9 8 7 6 5 4 3 2 1 2 3 4 5 6 7 8 9 10 11 12 13 14 13 14 15 16 15 14 13 12 11 10 9 8 7 6 7 7 8 9 9 8 7 6 5 4 3 2 1 2 3 4 5 5 4 3 4 5 6 7 8 9 10
31 30 29 28 27 26 25 24 23 22 23 24 24 23 22 21 20 19 18 17 16 15 14 13 14 15 16 17 16 15 14 13 12 11 10 9 8 7 6 5 4 3 2 1 0 1 2 3 4 5 6 7 8 9 10 11 12 13 14 15 16 15 14 13 12 11 10 9 8 7 6 5 6 7 8 9 8 7 6 5 4 3 2 1 0 1 2 3 4 5 5 4 5 6 7 8 9 10 11
32 31 30 29 28 27 26 25 24 23 24 25 25 24 23 22 21 20 19 18 17 16 15 14 15 16 17 18 17 16 15 14 13 12 11 10 9 8 7 6 5 4 3 2 1 2 3 4 5 6 7 8 9 10 11 12 13 14 15 16 15 14 13 12 11 10 9 8 7 6 5 4 5 6 7 8 9 8 7 6 5 4 3 2 1 2 3 4 5 6 6 5 6 7 8 9 10 11 12
33 32 31 30 29 28 27 26 25 24 25 26 26 25 24 23 22 21 20 19 18 17 16 15 16 17 18 19 18 17 16 15 14 13 12 11 10 9 8 7 6 5 4 3 2 3 4 5 6 7 8 9 10 11 12 13 14 15 16 15 14 13 12 11 10 9 8 7 6 5 4 3 4 5 6 7 8 9 8 7 6 5 4 3 2 3 4 5 6 7 7 6 7 8 9 10 11 12 13
34 33 32 31 30 29 28 27 26 25 26 27 27 26 25 24 23 22 21 20 19 18 17 16 17 18 19 20 19 18 17 16 15 14 13 12 11 10 9 8 7 6 5 4 3 4 5 6 7 8 9 10 11 12 13 14 15 16 15 14 13 12 11 10 9 8 7 6 5 4 3 2 3 4 5 6 7 8 9 8 7 6 5 4 3 4 5 6 7 8 8 7 8 9 10 11 12 13 14
35 34 33 32 31 30 29 28 27 26 27 28 28 27 26 25 24 23 22 21 20 19 18 17 18 19 20 21 20 19 18 17 16 15 14 13 12 11 10 9 8 7 6 5 4 5 6 7 8 9 10 11 12 13 14 15 16 15 14 13 12 11 10 9 8 7 6 5 4 3 2 1 2 3 4 5 6 7 8 9 8 7 6 5 4 5 6 7 8 9 9 8 9 10 11 12 13 14 15
36 35 34 33 32 31 30 29 28 27 28 29 29 28 27 26 25 24 23 22 21 20 19 18 19 20 21 22 21 20 19 18 17 16 15 14 13 12 11 10 9 8 7 6 5 6 7 8 9 10 11 12 13 14 15 16 15 14 13 12 11 10 9 8 7 6 5 4 3 2 1 0 1 2 3 4 5 6 7 8 9 8 7 6 5 6 7 8 9 10 10 9 10 11 12 13 14 15 16
37 36 35 34 33 32 31 30 29 28 29 30 30 29 28 27 26 25 24 23 22 21 20 19 20 21 22 23 22 21 20 19 18 17 16 15 14 13 12 11 10 9 8 7 6 7 8 9 10 11 12 13 14 15 16 17 16 15 14 13 12 11 10 9 8 7 6 5 4 3 2 1 2 3 4 5 6 7 8 9 10 9 8 7 6 7 8 9 10 11 11 10 11 12 13 14 15 16 17
