Multiple solutions.
Multiple solutions.
Multiple solutions.
Multiple solutions.
Multiple solutions.
9 7 5 8 7 9 6 3 7 3 5 5 9 5 5 5 9 8 7 3 6 9 3 7 7 4 4 5 7 9 6 5 6 7 3 9 8 8 9 5 8 3 5 8 7 7 9 5 3 8 4 6 6 6 5 6 7 6 3 7 7 9 5 6 7 8 6 7 3 7 3 7 5 7 4 9 5 6 3 6 3 7 7 5 5 5 6 4 6 6 9 5 6 7 5 4 4 6 5 6
6 5 8 9 8 7 7 5 7 9 4 4 9 4 6 8 8 7 3 8 4 3 7 6 5 5 5 9 5 5 8 3 6 5 6 7 8 3 8 6 4 3 8 5 4 9 5 8 7 9 4 5 7 8 5 8 5 3 6 9 5 7 6 3 8 5 9 4 4 4 4 4 3 4 7 5 9 6 4 6 5 5 7 9 5 3 8 6 7 4 5 4 9 8 3 9 5 8 9 5
9 7 9 3 5 8 8 4 8 8 4 6 3 4 8 8 9 6 9 7 5 3 6 8 7 8 4 6 4 9 6 8 9 3 4 8 7 7 5 3 7 9 7 4 8 6 7 7 7 8 4 5 6 9 8 9 9 8 7 6 5 8 3 5 8 8 3 4 6 7 4 9 7 3 7 9 6 8 4 4 4 6 7 9 5 5 3 7 8 8 7 5 9 3 5 7 8 4 8 6
8 5 8 9 4 5 7 9 3 6 5 4 4 4 9 4 8 9 6 6 9 7 9 9 4 7 7 9 7 9 8 3 9 8 3 4 3 9 9 9 7 3 4 5 9 3 7 4 6 3 5 4 6 5 4 8 4 3 4 5 7 9 9 9 9 7 3 9 9 7 7 3 7 3 7 7 8 9 5 4 8 9 4 8 4 8 5 6 8 8 5 7 5 8 5 8 7 4 8 8
3 3 8 7 8 3 5 6 5 7 9 3 8 9 7 8 8 9 7 6 6 4 5 4 9 6 5 3 6 8 7 4 4 8 9 5 3 5 3 6 5 4 8 3 6 6 6 7 4 8 4 7 3 9 4 6 4 7 5 4 5 9 3 4 3 3 5 8 6 4 7 3 5 7 4 9 6 7 8 3 4 4 7 6 5 6 5 7 7 5 7 5 5 7 3 3 3 4 8 5
4 5 8 8 7 7 4 3 5 4 3 8 4 3 8 5 9 7 7 4 8 3 3 8 3 4 5 3 7 9 4 3 9 3 5 7 6 5 6 9 6 4 3 3 3 9 7 5 7 4 8 4 5 6 5 5 7 7 3 5 5 6 8 3 7 5 6 3 7 3 5 8 7 6 3 4 4 6 6 3 7 7 3 6 9 3 4 8 6 9 5 5 3 8 3 8 9 3 4 3
Inconsistent data.
Inconsistent data.
Inconsistent data.
Inconsistent data.
Inconsistent data.
Inconsistent data.
Inconsistent data.
Inconsistent data.
Inconsistent data.
Inconsistent data.
Multiple solutions.
Multiple solutions.
Multiple solutions.
Multiple solutions.
Multiple solutions.
