502
376
750
138
4
502
376
750
138
4
502
376
750
138
4
502
376
750
138
4
502
376
750
138
4
502
376
750
138
4
502
376
750
138
4
502
376
750
138
4
502
376
750
138
4
502
376
750
138
4
502
376
750
138
4
502
376
750
138
4
502
376
750
138
4
502
376
750
138
4
502
376
750
138
4
502
376
750
138
4
502
376
750
138
4
502
376
750
138
4
502
376
750
138
4
502
376
750
138
4
502
376
750
138
4
502
376
750
138
4
502
376
750
138
4
502
376
750
138
4
502
376
750
138
4
502
376
750
138
4
502
376
750
138
4
502
376
750
138
4
502
376
750
138
4
502
376
750
138
4
502
376
750
138
4
502
376
750
138
4
502
376
750
138
4
502
376
750
138
4
502
376
750
138
4
502
376
750
138
4
502
376
750
138
4
502
376
750
138
4
502
376
750
138
4
502
376
750
138
4
502
376
750
138
4
502
376
750
138
4
502
376
750
138
4
502
376
750
138
4
502
376
750
138
4
502
376
750
138
4
502
376
750
138
4
502
376
750
138
4
502
376
750
138
4
502
376
750
138
4
