27860699
26239611
9104043
23967802
26717796
64899216
50770681
4954228
5533728
27692804
18937415
46444466
22428903
45527960
29485543
18154262
14339015
53955884
5532894
41427085
50566041
25742290
54918894
61554856
36274246
6643416
40010810
32099081
15746371
38622674
18028220
66514998
23771942
51697540
23119445
44269588
51632445
52895733
35870476
25563439
31900680
26492216
27126227
41256431
65620093
41677297
63662083
63052794
17524523
34184680
26415783
51646738
66361226
41652914
32633639
50978050
39776484
48651462
30633079
44001527
31531089
28888561
30909071
52122153
58113870
47427712
17344698
50423121
36173922
45610293
54559173
3117442
5955083
6980951
65875367
43466058
60815359
5275950
4837617
43145486
46176173
42600470
30257362
58687926
59588839
23885032
13858994
43375632
45646854
66114896
54606163
8154505
16549824
14518286
49239435
13274573
41254977
65505834
62913754
63833168
15455168
31729914
49635995
31212801
37216077
27435987
12106719
8559749
47040174
59475275
54173063
41669708
6109689
1748909
22851458
19996232
2230318
26686183
5493403
59118264
26714004
50817390
53809901
13742450
9742878
51573588
13909078
38545060
5991759
32449308
37411317
42749804
30109680
63897411
24956075
59134833
27893135
5348023
65307436
26494408
58145053
60139834
19173963
15174005
2963911
37004749
8965857
20176987
64398849
39023226
13967710
57245566
20052680
55000887
32869385
15213075
49960478
61342028
60402586
16352378
59907346
63402909
5685114
3833621
49835627
2519020
49988638
48462718
17069121
65164636
36461153
49752852
3759042
61552723
36201347
51892447
9077609
64309470
60570548
16074353
21394382
49089304
42967370
57758226
63132765
2066112
59678339
34648927
43185044
36553762
64164467
35779509
44009939
21241692
44267607
40096039
49128820
34236372
65337803
17389860
43610363
62127543
57432086
36816771
53578191
53925613
44051066
42425811
60313784
12124875
52583492
29883877
40752788
46557755
31602045
17658291
64958780
14480107
12378500
26633666
26746550
26526788
30562112
50476709
58259771
22066287
23428854
37346683
64107341
11636733
11601416
53462655
12876135
52604457
5901460
5906756
47202730
24525090
48798580
5565444
65353500
62709448
53331117
15724183
30126668
19387945
50183063
22505713
61318899
12088389
25364024
13174978
39012575
22289120
27486383
18971255
13169574
54820429
13854119
18097588
3023883
57829866
24416120
48329377
30701164
23607907
18454841
48880588
22684748
26976567
55062535
33317925
60619967
10801270
2311719
61258707
27123666
22383489
40459307
28821854
27519461
50716753
37386179
17360655
51710761
11633951
60254356
27062426
10198829
45009905
23139054
3410082
36594731
31631202
42139448
22604066
65649674
29239915
32482456
52286410
17660031
50321390
2542848
10788688
20843568
40557569
39630508
59079066
2944557
43697290
4044745
56690671
61349168
53091660
53320920
58215504
38964450
50399162
5778367
30687598
23200824
44851201
53461159
18356893
66362301
49345962
3560627
61461548
29337409
57281348
52837665
39815631
4003491
19183325
30377044
29284269
46504851
7147546
34824138
30192056
64619440
5587906
16524368
64762472
10012621
7612013
14514251
29739168
37093111
59981155
64452181
50463510
22643596
43856106
47034558
14624871
2835021
37121080
49249222
59367097
20928163
34997330
21360809
31519318
23357458
51853968
6407139
41805229
45669814
35642138
58637058
57757049
51467132
31930075
13211668
7823158
40113494
36656407
55823427
14580724
18281379
32315283
45422908
44544197
47141276
30808809
6130279
15841292
16222904
47187041
49298272
36817470
14441230
11771360
5727276
48832261
43614248
6139754
6388723
3960542
55470139
44312080
54032684
37586674
65609290
41495716
66362826
39711618
56283977
58608076
52614289
37867935
21531727
17600256
17480185
33148555
2370450
58140716
4143088
43243259
9610928
2561569
9490573
11862293
48515782
45654043
15002085
48844581
39013704
2860335
35440607
5948494
50221057
24485126
24640190
52183324
16255846
24661963
50766461
48022883
35335375
66485150
8240658
52725369
18381994
5607532
52092171
37594836
60423113
52591662
46526451
51663714
24233153
27378809
280431
9097353
29413981
56892200
51176239
52299289
46963077
32235409
29952007
1380132
65662546
29707747
39970620
59469636
3647201
35826012
36555981
55414402
10419361
48204372
60048374
17543801
47174280
53280848
24506219
13231831
60470541
65515048
3202922
63293374
30144715
39890915
31080885
50020707
58488765
37741675
54620958
15866733
40537167
12896911
60505124
14210027
10377266
48172878
40427246
17128723
3206009
61494237
27728020
19604110
23635257
55820029
17728776
17982240
14048281
15885337
1916981
49204102
42217990
22742535
15681755
36647021
64440969
30704503
35600477
24487686
46832876
39133677
31818914
26343710
55800146
1284710
4493197
61905557
52480793
2807544
31191345
8751966
52727382
30709193
30435425
25898874
44369509
15392971
14640691
9690973
24106665
13175256
59815532
34967130
40551729
41440456
19901197
53993848
38207414
52967341
20788457
18520528
29326091
50557391
50546401
39133903
1090263
54405303
61807074
39774691
33813405
17069206
16702085
58186912
56519361
56333167
48942444
30544008
46273083
45099175
57112681
15971194
47518365
35730452
3721478
55547015
29394370
45523565
22128108
8873504
50304270
32417640
57310051
54331670
43803003
60912750
52787867
9621765
47882389
27244661
42922248
30709417
55424970
9417383
1629167
55545162
54649024
66009313
24481202
54021840
66126060
842993
20803776
56000603
57043539
2617699
37879770
3772156
46023663
24584456
27218711
53785942
9708868
20754859
21559279
23884348
62118018
60347490
43523794
27706825
33414989
39101463
14443666
56293459
28172711
37782238
59763558
22860507
19050005
48002451
26227663
54324679
12848269
6992525
39907709
23166381
27669324
40132176
32785281
33867175
62364574
32152572
40422153
12729465
20550537
6863699
46773373
11214951
59520688
37951030
26806928
46158881
60552629
13304859
50004477
9860701
51494742
22573050
62321565
45144726
51979393
54423261
58696303
52256566
53852387
50011421
53603133
66080262
58342754
64909731
59512756
32230462
53882131
55966627
65682171
39360889
53152039
48180210
6936483
41183603
6302138
44714613
6824460
22695957
41192369
4876946
23380119
43181834
35488282
19032645
16583094
13719437
60525430
10313138
63648552
2252031
31600595
51962334
2145027
13250638
59444422
3904266
60173996
22054409
55270009
22671375
45855843
22587981
16012314
63426369
42026951
66065707
6296594
4868372
57308970
43613183
7077853
3007643
2453665
44992108
15054191
16217625
55499554
16937342
19730773
36060726
46364342
59789964
47433595
1200964
24958837
15818297
1791594
43468276
40214554
25162559
41114263
48472885
48522782
49776644
11282934
45730905
21874122
45849624
33276846
41734367
50915624
64098113
66361172
61632068
62104896
38267151
31004354
1216031
55554005
8544915
30229024
51984935
8760980
48783145
8980142
22104370
55845178
30072990
56029014
38108447
66129566
61072595
46822606
57440845
14018849
11998130
12370511
45998913
18643266
63554311
55530969
7463736
57004790
43497161
58199273
40058270
9443874
43678323
52765824
33408644
22215865
12395403
62928470
49555211
25363865
54257468
21763065
32790389
39402511
9954849
60933184
43187235
16397920
25241609
46302441
40784589
13569233
61045171
56351395
53651547
38015649
13322823
49587781
27341269
17523725
64203791
22065854
53788046
45794651
17553389
54781783
30425640
24333699
48898006
30048638
16527853
32794466
34995216
54802829
23755556
43062825
45991122
56563088
47590524
25048541
64036745
11018744
49181775
52207323
24876098
51282267
57933590
18403691
45972178
51046176
20259329
65699045
21203663
57995656
30202859
44366470
47187846
8852222
47933556
66692355
7090504
30116179
6109463
37356205
8929984
17886558
48907184
6208953
26346400
14301634
40633076
31683946
6435073
46185225
6894229
2484624
51353565
34458657
48797302
31858578
51061141
33820877
42831739
12874520
62397006
10917260
20512188
10378091
22964251
19299325
9456655
26599479
43228111
37063672
9671638
43692151
66434399
12080200
32681244
1664021
38434944
37866455
9195954
41577957
3855094
55970246
36866600
3061870
34514830
42567535
12528821
16360104
51419803
34196829
16957992
58743067
17766253
48456325
15052481
16234191
31662741
55975662
36815610
37395949
44024521
23211796
14208843
56538663
32460750
11185925
28220311
36236199
38301135
33069258
10096634
58782110
13204956
15706117
56889886
58270740
57939283
48737533
4246022
44120094
1223041
25113721
62102931
13594642
36453603
10801804
1165568
64659021
29249498
29326675
49683051
39099701
32668065
26573712
7885462
18025408
56061309
52867954
24401081
44477905
47245839
38481565
31752912
26539748
54237919
27103073
59558107
42457885
16263755
26143075
14716730
53334787
56658560
44464466
39797920
12260324
7820296
1801637
37788477
33075245
37225843
39280557
39666665
37446083
30358402
19345662
47288480
60494889
32326614
44094250
9186152
34776730
21879851
26494078
59587558
11186775
18729632
60727935
34312270
24424413
58350875
10931039
30822439
50415144
40714393
63890364
64022108
59660786
23423573
61154100
42513866
53561825
10763060
58590616
58220014
37154948
57166977
40039321
52729638
61122516
44489818
22020457
39868115
10023998
48476747
35324669
21961138
21036768
57361676
28585780
32124199
9415015
11936777
43545067
40598219
40494318
38843734
57817782
61815617
32475486
35501752
30457488
4830671
1822179
39544638
61378239
32635487
43278123
5998543
58902858
14785115
25699569
49960753
24927255
36663879
44082568
18126188
36724912
34982611
58327054
62346595
29254153
43223311
3993372
28856041
28889228
33853745
27397869
7073269
62330733
23043783
61753672
65118713
8457406
48499824
17080274
10577575
21225910
12788731
59986804
30299029
51805374
52661733
21352289
4057776
25072377
53757468
7374322
17517736
1233371
22318020
65225170
55752453
36686618
55609926
14310676
61835265
3243521
63018650
16576565
36527605
51728451
62258756
28213260
5305988
38542412
27872649
35250207
13509993
38269848
55482929
30914327
16466904
53920134
24866721
54463538
60953856
59132748
16582208
40449994
965865
38454488
39046393
46745767
57476994
23124921
59477587
43698246
6117539
8921620
55033721
13516167
12305768
60647136
43404217
61006097
8100189
24058746
61338795
60307687
2270520
20116843
18801242
21987812
53879502
39274766
49392965
65486260
46043711
37862552
43610833
12688768
59647677
48788680
6668110
4915355
25343904
26695001
44346451
31784364
12612714
15897764
60889842
24533526
25576994
64513855
15825346
41058851
30000566
2084674
11337931
37208589
66735834
4341313
20916369
40540092
34030424
43984226
50845265
59314000
43675435
59343966
56894359
62473046
16341620
6230667
48816690
14690410
43878088
19495185
60620300
48802440
37113965
60422159
5771756
52111619
30075175
35613003
36610611
34075718
24409046
15553395
59207927
31807349
30584042
32417457
50833503
25577115
41741267
41633943
18148999
42414794
10250077
35949173
48226799
64971453
22699385
17030474
19761827
12489245
3503572
40127145
36924375
36073452
34517454
52820699
8949149
38514318
47257570
7868602
27271229
46342525
13660235
32778417
64548664
50147759
44268649
5363166
33200279
47728114
34130034
2195776
3432210
16783902
35420148
65467863
2243672
24984199
35177121
50079427
40593968
3877300
59759555
58814859
22697859
60939266
26944447
29099330
58325842
51965586
34544722
24650256
42916215
18134976
21361818
26449660
16327192
33826623
64739149
32609507
20170413
47100023
32363465
34925110
64299384
54564026
5175665
58704096
44133582
10276878
8351126
13527902
33940263
60880258
37134843
51386725
7414582
1080812
36496960
26131192
12744006
34614004
11217007
53664664
5280012
19859928
66008419
35297767
33157884
50738262
50206532
16118212
55217
28855436
57003986
40742996
56518240
31442595
11525017
53004836
27042659
29949507
33315259
10972711
53423046
57239576
19504969
53121867
48686904
58134875
18148090
17210656
56135139
54033013
66396686
3602238
38379280
55892278
41686415
31084964
38175072
43142583
20163130
60535093
32793848
61130322
66312015
58513567
35737364
14920851
6816281
19846086
5048728
20126989
60699797
14851222
24734501
62260790
31137070
37886622
65752288
39725828
59004647
40980658
48156026
52595081
25640344
45770771
59759221
734501
32228383
51262723
20236586
13632967
60624553
9484878
35351228
23571465
15672196
62691950
52922354
12288311
15441874
61186565
37093919
53180427
51819162
61411223
64077786
18173224
26484195
41985719
50363551
14283156
51703849
1167204
41399492
35012050
39057447
17777262
62092452
58302862
58916172
3044095
34865742
35818008
64981553
30825393
62105776
47054833
55816450
26357057
35124468
29279147
55823888
22936231
41655437
2211841
25333767
60212065
33844216
57258017
28078228
38565128
54738961
54806172
15608169
6211035
24748738
3085365
62189914
24876734
35017877
35662422
15653738
57308331
1817929
46213669
53321877
29697713
41655967
6580731
13753151
49390517
34007338
1355503
21375268
2175386
7998703
5657229
239709
48622809
49219264
56601277
55756486
64302227
2162417
36116809
38538213
26632887
52186795
33734468
54825600
38682316
28966482
65835035
51934555
53619312
47085418
51332771
47006904
44644449
23140297
41889961
41714848
41326302
39115669
4764560
60890883
43629039
58309666
603295
3678955
61261471
36447769
21373292
1495148
29855682
15357461
26344445
9192045
32769904
48480239
59685480
36492473
32068455
34507039
28091706
58673390
30449334
23316886
56143741
66236289
48810766
60985698
22934689
28899069
38620084
39445620
42993118
2885319
48753049
49728881
60095896
54475079
9343949
47675966
20162007
20100289
34578122
13688458
32232938
17764419
62052024
65896047
26516709
27191085
42523324
40218954
54014405
58480987
24183939
50831088
66444783
3034665
13970758
17272834
21808113
61138181
13489559
23577855
52665527
64748119
56834950
35797776
56462389
42955334
58892794
6389183
58533060
62200314
51488552
53423092
57245290
17801695
26187350
30775740
65319095
49343822
42725587
35260125
21174604
6477372
6908644
54138482
22273001
11158643
44598608
6575223
43750319
34352266
4519774
45517055
42165500
4459890
42599421
2714123
60071280
54535536
53005847
35878085
12551484
23967724
54271279
56866256
44387575
31926510
23914775
58216879
53947793
58826178
3346997
6319427
62353336
55974075
20362476
22411289
56751871
44790006
46280328
22426886
28549089
30240706
51201583
29354049
13971463
42724467
41051851
9988682
12150691
48122934
28941303
54031474
17067721
52798463
15151645
14087166
60074338
14583437
29150014
10189569
60484036
13263005
32625054
11686572
55526155
32184096
33664145
6959291
47891226
58744478
56391136
49387462
45961866
4853849
57313691
28293362
41625460
65586780
25435621
43667392
47710023
43518311
23377512
53187501
10746754
42731746
37488061
44142518
48332190
54439542
13102048
3829114
27934574
62741088
32517057
38012542
2557920
19764228
19027323
65805028
62313892
11885003
49716708
12470875
36927362
49554286
62252093
31560202
60849780
33952552
33969876
26265418
40806251
60907212
8707197
21460789
65362662
12596946
26953639
2581926
10338055
42441465
16038674
31287474
22981601
35744088
42473369
6036337
43308287
42454083
15359163
54875034
44409131
54834811
60939067
32542777
3728395
50989131
40346306
27767959
16391565
31283975
38532920
11950509
60439109
59635397
25877953
11546933
55289659
51680525
22267201
13713732
19469674
62200599
7828924
10654289
51930054
14415108
35156960
40765365
47618066
54411837
59683656
29309169
59671925
13233395
65675108
30976421
22359988
32592344
25745970
4191136
40881343
13867838
11108509
56176070
50412581
59324754
43938267
14020417
50826412
49539956
59965513
62043540
13183951
8652307
29772564
65102780
55108276
24277709
47578742
59651546
22863561
13568470
60251900
41414368
52066726
40136663
35557479
60891143
27802901
13609471
56956646
19444057
7347524
4233764
56248272
17383869
12453082
17047074
36845395
17248334
56081291
28080413
50294722
8307971
62962343
32853270
49874201
52495761
38603985
18832138
52765900
55930049
39028721
5427886
54851190
15096147
24724501
24525905
4667169
50089042
26281264
18333718
43919800
57390076
55462293
26018472
15713186
12959866
18854444
17976976
41654801
8460530
12377777
6327688
28926387
37311250
44942152
23564692
43696806
26286727
3874390
20867572
24097602
17151962
36170484
53560183
14907929
4733271
47496944
53461885
16636264
49208769
23356667
65605486
21485689
45014789
57117793
31623611
56179391
34265079
6936346
18980444
31326819
44764189
54579623
9874511
32940900
2911595
26931902
1436087
47519415
40198393
27092395
51149282
61506443
60690566
18510253
46794625
44150954
66260194
59988341
19287347
40323837
47862312
23929066
48794739
28808025
34386966
18867018
43499263
21932603
66540422
50951044
41915448
43229784
46912564
57000337
57490946
35845431
31547738
14129614
58157410
34739999
17533887
43147115
65932559
11368297
48573300
57017839
5131058
48805116
55696669
3666441
6326935
48068279
35118604
33174640
52327307
37587483
13388828
8778593
18010630
13015910
37536887
22753651
42124465
49806899
2934920
26276052
41715618
8227111
40941479
13122097
15904051
42161846
12841546
57749618
22902475
39852926
31908470
28150085
19728607
51503
28775715
14930548
40231244
12816620
62805079
55169084
34225718
20156338
39302709
35601400
42629004
3300361
61651075
57085667
41441788
24611185
37383495
30879659
46758067
56371519
21599145
29485943
26942964
42787542
15733291
12981260
4968230
52421319
63866187
63355253
43263702
5741414
37421435
31798797
5937669
39331821
58175785
32503118
13286370
14990772
32935049
35672580
5644626
33394297
1060054
31985326
59905171
2192927
681061
9956579
30684350
21021720
28370512
65010615
46954295
7672054
13571759
43795609
39047336
24205029
5260720
42250796
32486702
36300746
4482518
57821811
60328584
32535384
7651731
32833854
13570844
59233406
48832751
14519840
62672966
4289766
41918256
13692864
56634554
26357774
20694711
37532039
13009033
2317005
48767658
62587673
32974536
43817825
60799910
23523185
10444417
55620454
41752379
31351611
7577229
60079131
53727867
37083840
28533552
31058300
32778930
60782881
55493046
60725362
10561520
44808561
38756654
25781154
37600525
10254772
51659115
62742181
14313746
49538121
17978454
43797325
6189715
28292680
4249651
53909185
17567089
23138054
9110974
56131700
27953211
36925053
58415826
54807085
40422720
36423994
58558115
5515848
53419165
59266911
31051834
57512575
39323015
63490123
17751552
64398519
44016531
26873402
65193573
24240920
39108147
53033094
64249934
47316516
23483925
29229643
52071974
12664529
65058148
47679948
55977997
62310033
19178689
62541480
8540566
55517409
17732158
60502393
46110723
62485163
60245911
32662598
24662708
21926425
55226935
13275591
23396049
32224698
50090898
65842028
55070157
8790742
16232773
52966889
45687322
52242471
19618795
4901220
62634507
23658374
63774317
37590072
42538120
48579861
3640752
52034887
10652465
36545131
41730352
53119853
8451697
43342585
44058666
48833011
58012982
54921420
50098457
29015035
9861196
28940208
45397940
3774776
42649949
57807213
66157870
54150500
46309159
32272440
50644783
30887153
60178443
56594950
1266370
60891884
52968549
49726408
39400135
6228649
20893279
33238536
34708257
16346848
36701091
48255050
55070827
49405477
24993221
65722079
10689185
48534859
66205145
27924884
17603561
43652420
47625565
12124530
48345677
61080625
23323469
23494400
40694243
41755707
65512825
22336071
64749633
60858631
46034835
40167538
44985045
63957410
58828914
18936390
50286312
21309046
17381099
51198761
19885411
39728631
7833875
27496594
57452651
12913539
17503989
66170134
21549946
55347912
27681086
40586544
14550137
16154579
61582390
63127563
42384971
44271466
35343988
20939499
45145469
42488471
41960167
55566235
10568010
34110180
18450837
32471843
13111162
6202323
40051767
25492918
55618714
23917806
32982667
41130314
49108149
58260153
14212471
53150455
45546472
47779371
1430303
48432741
20771379
52048291
55907679
60717013
44933443
43962017
53530584
26309551
59955449
6384787
60661903
4893410
56669810
49560964
49285955
44870125
43296784
45585582
58338275
6120932
22970770
6093759
51983256
13754090
38547843
58978168
13746490
25419579
12553675
24170547
60643735
8849900
54168617
44790460
25784640
53746170
37862669
45534119
13522428
9335041
37172192
29165575
61306772
57275709
42023457
52342202
43352323
29871342
60950835
9082622
32241580
35963414
39023241
59842214
23994667
50605383
13689023
20963516
38222196
19640826
43987639
54412411
29100855
27380123
40186263
62989319
55758219
12802284
7699799
53793151
131912
10032305
26691441
45434385
64556868
53350183
18049150
47672283
21198679
24040141
58878034
36831211
44722546
16741602
28134395
57913402
34249391
56878155
31651662
12200568
41927081
8704660
60033567
14773330
55276966
6582069
31071606
49837650
40486505
42894994
12187932
8972625
39983940
64911293
18921304
61280530
26521441
31279462
41092934
40059881
3489957
64764012
24878887
63807419
53292862
54081269
44032968
4742926
38941817
5737783
12177031
40670754
46908892
32762480
53297803
40744521
34646824
54385852
15510450
6524823
62136249
49012557
38470405
48078542
17171476
16720887
1130395
20056147
32503987
27628406
33412143
34558312
15573549
60799794
10164214
35226400
14407535
54993048
9828483
38748501
58859487
66662581
12181882
43679459
8791012
59880936
9520316
3766837
50168308
9259791
49185860
6421889
16794963
3762156
7468129
43573359
21949483
32851285
32780811
53484070
39311058
15162053
49095773
36303206
9194399
50456562
5954861
16719526
14715312
57003162
47247539
31041784
52791275
14857487
19967001
27674644
16742157
66559535
50146985
45214779
59612769
42153321
54193302
54377743
52576391
13396281
43512838
65470306
8416427
19895867
31519713
38423619
1193560
33494878
11937412
49846366
7874125
2831374
454202
15887792
9736861
33983344
11296068
52514672
40536186
18904822
23732716
61073981
24841561
24269826
32437197
35276171
20886188
56540822
20577799
24053875
60826785
47932843
65055057
55671846
65940551
16726178
52584230
43614596
10154665
52446290
42766845
16293868
34366438
26010886
50380506
37996312
22618039
20756206
24390624
44884977
42734227
50777675
11163848
23112473
53833585
34675708
8679708
44640513
17978453
29309755
65919733
49997634
65000814
13541146
64057840
18835283
19159145
59920514
21286113
8606750
18594158
46803334
61274211
4213690
41562109
22470776
9219811
21330759
5800315
56345375
6087909
11205905
15759738
18547451
39297125
44786902
60741979
3655338
37201226
13687683
6930147
58818112
50565804
7503329
20193936
15400978
29850122
24514410
19033304
58532409
55011358
5544170
47938220
52519951
60404320
22607497
51924240
31911686
64393162
37713479
50840854
49546698
15249593
24429429
47627047
24973165
29102097
420779
2138811
39875462
37675688
13681248
12136919
56072892
27641200
35146065
11750636
25300086
12773950
11629014
22613149
49766299
13513472
40727348
54227526
43674535
28495786
5565530
23206875
26219868
8197094
25936321
45494233
36725844
37970146
21775678
28340065
42125382
35311139
31943779
32174207
44910454
64306433
49536182
52739505
57303749
49948896
1108614
62006310
14194880
4090848
52857907
50313178
3631384
15903909
49890105
59444409
55817545
16281353
29628820
40631066
43652908
26631568
56017901
10752088
54242291
61054294
8497407
44076277
42615149
46407510
5494880
37328090
57914703
43986003
59349514
19944928
36334242
43056301
49014051
62823412
22468464
58956060
21765744
58841381
28122071
50252746
41320975
21288416
63336076
14952236
29761777
59334203
55672047
40985883
3577919
36213647
11402710
12471645
57099413
51351455
62979123
51542269
62469347
40817216
53261465
27715170
50943507
64927010
28354718
58506196
47655989
36185285
20230955
35188249
53035503
4670922
25497257
41012397
18130910
24142038
39695211
12875827
11746180
39326667
37494114
40768545
4811531
8412956
10635316
8281176
41785751
5863273
13528521
40488299
10788530
62823607
66546692
3160251
27882981
15292898
5574352
23527695
1932311
64602580
46730209
49336429
22977910
41705667
35736642
41041183
51834516
24742070
19367074
64024771
48573556
62112688
23743541
14179387
64341087
18845072
25261325
39988290
31018535
61185120
59841998
64541477
50843089
62127729
5547531
30063704
58835552
21818600
9412089
53592874
52494271
44007707
7040839
27800246
64794673
55978305
30681478
39676820
17119057
44515000
42514408
28324019
12047472
24226936
52936097
17249894
56028687
20464906
25837201
28156622
30860110
43395390
46246522
50747941
56472978
59293215
40983890
26038930
22347391
40514930
9764113
8681740
2842453
56972197
7098526
23135797
55666074
6915498
47986503
25705530
49194099
40233813
14470830
22040411
40455018
6439373
33960793
37696124
50973778
36124199
50554678
28058606
46119191
36438959
6495952
50842146
35299996
9937366
9851648
47435005
50403132
27390165
45618963
8563301
58470103
61892209
19123512
24770758
64570899
47762446
59808028
52768087
22940522
32598644
40886245
35979627
4235494
36333716
36483
62136865
53355507
20334404
6637283
28578167
17074877
61089373
48646311
54020466
53964423
65970475
19617288
17574211
19612453
2380070
22605812
42759688
27113169
16092986
12851495
21077606
32881763
65477778
41647070
45751132
6766662
43274551
26451819
56874473
44757151
63759844
60872794
18839639
2339400
60445619
64145207
17939354
13751847
12479385
10106558
49640436
55058047
53457255
40794048
55469176
64049104
56716578
44305620
32354392
42977051
2217419
29093475
65910674
28693057
19693633
27449214
56531148
9405586
28637149
9015211
11063518
32358405
50061180
54669513
23582436
38026644
49710162
63115929
50968430
42812923
40475122
61211553
26126461
43867260
57999853
45348588
20875919
59889300
12577624
17990756
32530828
46751597
47319439
37806558
19339570
56886895
59482492
55513137
10817771
34827409
8443407
29462473
16924020
38227313
13469002
19143257
64619969
29855569
5537051
43284037
51078954
41936907
34875945
45664153
37323688
23955387
38082708
5372969
31752165
12135116
23233075
47118524
32164844
43944108
37675785
11627808
63002833
59445912
13164690
35888605
27836807
20300993
6608171
55601078
61230857
99444
42956421
56507382
1683282
49425575
18979495
39734440
5902328
16513639
17250381
61822368
4988441
65222047
11518032
27889648
10395085
55391979
43387651
38550945
19534953
39488587
59788145
55354968
57965484
42009620
32026469
800884
29385057
38887096
45123324
62936346
4951667
59555375
27339020
10470970
22046093
38192134
43024749
25952401
38267894
38408627
9605079
22424775
53028780
45203221
1501161
14868670
13434009
64503876
30217114
29965314
49535559
38327441
7355484
9865255
56855946
5349059
3662777
60051561
3073420
29341346
11236525
24955334
33267669
22313390
53554580
49132644
44471060
63877000
34523749
40070268
66629915
45836160
35291300
26254064
36751699
31856402
32985740
6133444
29401585
45921029
2724378
57764668
45558420
45435142
32727217
44521694
49262543
25789411
20647709
52140930
7258952
60491673
59325381
41741234
65275079
22967774
13483010
12774633
58792574
3395431
13882846
53540753
18594935
44680356
47021361
47056485
8304235
30594037
55773277
