24154637
52932836
12264999
4216740
12144557
50149442
25129092
55198471
44943402
43574163
63937171
47797939
50936414
16595849
29085078
13173805
8011331
1939943
26293204
4744394
15360010
28898059
61201624
40143148
35886347
50048529
46919251
36479926
38673225
36047005
60186991
25634369
7470247
32661385
42881162
26228532
17138692
47363646
51552273
51311517
35843419
53636191
20855895
53711824
5749254
65904554
22344608
61453670
53013944
17124714
15241259
60452729
24034989
25515592
51946403
61299305
26673958
13351305
21958857
48930708
44909379
44709418
52118884
48463387
10052399
63483489
60290937
10062084
7721397
44330501
25271330
11154785
23453940
52270642
51566993
64978974
10625664
565964
63224457
1181452
42479158
51444074
725431
64741410
44034844
22844277
29964993
65839840
6019028
62876324
14758096
51197500
58607601
4249107
888009
44915803
14727572
19838397
21201477
57924812
37704448
42525955
27382898
35779392
57584222
40400962
44546406
50863676
48698702
21438303
41911763
62904234
25790563
42982885
3315997
51394959
59716778
21641154
11162231
20055159
28014315
4143686
44209256
11222610
66244829
49792294
59432835
48256927
5040604
30849877
3129309
6476570
22461306
42613043
9375806
25539512
59305621
17435316
15931870
44031523
38980007
58058666
37256833
18121229
53132173
55892968
39485293
53217401
58106417
23311318
16084436
22500115
5942045
35919081
59771877
29494271
51699761
48221820
46737623
27240714
34869056
31999098
29518400
22121453
13039678
45615942
56037411
15061402
12970857
51002326
49387684
11805011
31673080
50453943
66732459
30328825
45339514
29526464
57263324
39930018
23450555
28576184
59441258
41749675
60002545
24547852
17074290
4931318
63621840
65912605
44294501
14312696
18722694
24859076
46707063
3075799
60235624
52547708
53394920
39551282
33938869
11122613
31655460
55030479
10462946
62115271
19882548
71805
50721465
26652965
12744465
43681229
1902998
38255076
31274783
45911289
43564666
38536469
60224564
42564157
24391933
41321985
3672776
45324615
8459079
9602153
8285155
54071330
19423173
64445901
18332476
64428951
39974285
30942817
44224648
10641302
28585325
32644849
42783762
34408944
54808250
49656085
52646195
34001984
49837128
53049270
9590572
2291604
2598979
12564214
14051781
40651646
46017069
37910875
11371046
21600371
55600121
54684614
64028914
8604139
1735456
18555953
33746943
60656472
16402600
43553781
40407430
43912650
66528842
24366014
21871556
28801134
43200670
35240735
62565185
43746933
16467610
9369889
15940158
14176586
57871755
14848348
25142894
34414326
49275358
56638779
16745983
42797187
12932074
29967560
35565548
34304646
61906079
44504512
50411011
61255704
13696837
50981429
36899813
55410388
47653452
39944098
40684137
19029433
62808865
47777566
61564781
42105673
18657694
40268901
64882209
46513928
60013171
45606543
44430635
56212850
19079182
36640157
37554931
10693755
60522707
64140802
431148
31087603
52474813
12578337
22649773
36262477
17409639
54736525
50394533
16342881
19225079
14149781
50116992
40070584
37869187
24643907
736545
60745006
41299566
12572669
45720014
229757
60206006
40086391
25237691
11756480
3894941
40649982
25148631
27184842
54403647
32373913
49400491
33983445
22371010
55697676
31637023
14967836
10224531
55669528
35189077
24425761
32628184
15102215
2158816
57918509
13270880
31435357
31278182
5777562
851014
60283543
38890570
46581327
44151656
63282246
49331874
63363580
56972868
4072187
61370810
56942753
43335451
61026476
61886371
10283251
21590360
44612534
29612305
35173913
44552018
55010727
4672774
47422573
4798896
43302746
48610231
44467484
43072369
1702527
34713853
41740914
19340199
54562055
60915040
16698185
58473055
54347394
2954818
50499055
31017408
61918031
37642005
5422279
10419732
26261016
59680633
60613865
35821993
44131282
33941836
61124286
37992349
53576933
47137785
54012688
55278160
33616497
5009988
30837919
44045555
6638597
30658699
907334
9550440
59541568
843281
11716734
26723700
11741636
38285640
3964285
39477140
18632356
31706286
38443203
7700623
54584292
58547192
24057158
48449635
55157589
60559950
65976524
40729302
52211144
44760738
13243165
36243005
52023314
25014706
50218549
66359259
45467567
36515238
54945742
25681347
12916254
7372489
65792178
59948779
1393612
37174310
27178133
1066681
1904611
60976948
54699964
20893357
19635537
10766220
60221928
45575546
15144828
64922849
15770062
37756352
51957786
16130928
24696568
60048703
36374816
55416026
6370899
32032774
51436970
2237835
37621386
49403451
45639805
31794578
17179590
16577163
28767342
18103001
18600507
37427117
18797275
16448419
26372736
32463587
51371841
63660012
11467839
10494699
54380718
61545788
8353487
12830388
53784011
44552916
54227917
50961266
50216301
51928888
65392748
52755887
28186981
16022578
47129996
66539612
27435896
23807359
29292534
8127051
23904205
63873010
13622009
59940333
64747247
42803397
49883140
27487989
21270690
40815182
40668405
59760792
44348471
3948871
14521521
18260415
58496825
15734002
6344994
55518134
31984797
30991881
62708571
50335274
40434613
25462291
52925491
62036976
24871364
165118
2836850
22997377
54785349
62216290
47295314
58547916
13521140
26891909
30375508
55430729
59176500
21752453
49123986
48383605
49845148
41263496
65884070
37316768
1768995
12871353
47556273
59615980
45828898
7379089
34729254
7992816
24485526
48229905
24500814
22525810
39245195
49908414
42943142
42755248
58250514
31760995
20750083
16909779
60296138
51449883
63809798
38409696
38929360
25704935
5778564
24287969
6664293
55755985
66685178
53500390
18105187
53798419
11520605
49147841
28920152
1613812
10593749
43731467
46597289
37586963
58145425
58839525
4596392
53566653
47023349
52570180
36424515
51054774
34262166
49082782
11979126
2869213
56826472
23625745
23560875
2378878
12244383
38032487
49353398
2315356
50595898
53497276
39434899
25254877
64932507
5487677
46380471
32738723
28767124
7169419
42963196
8688604
59527147
29941956
56321392
31451709
50474372
38869246
52060365
9183254
54348863
9033235
63551757
32921759
42407620
60679861
14595868
40147892
35322286
7689322
45238843
31710301
50532031
21693486
57652
7387088
46213058
48444083
35210029
47905829
53637428
18628647
13243947
47992569
61257994
47104696
61518533
63045992
22803182
49658141
44002731
54829325
51740219
13939110
22599061
23445554
51697214
6337318
14305477
19671130
41929192
52267732
60240791
25639605
36017093
5826268
39045947
22237453
51976406
28835070
59315035
66212085
55840121
58418843
26348436
39363941
33820505
31992897
24588021
40154464
60259651
4418456
10959551
7736102
58323789
47691697
17740121
57923103
55020494
41554787
23888533
26589477
65981340
23391739
34031959
1759532
39049047
59348906
19402769
17647465
52202665
60808525
57713687
41961241
2821871
49358867
15129113
64818111
5595035
33727760
6521618
41240326
3349524
21934774
21937264
18278110
44640324
29198519
51538034
26178283
21356342
16679540
42875198
11266405
12634974
36283619
28843122
48203346
29264495
35785971
9795320
12260053
14844930
1457019
30940613
54272750
60533053
39601169
48074832
13711960
16295405
37244972
13606388
19258562
17110418
17195475
9503003
36425368
42309962
6668781
59150178
6336760
48096428
49570139
6178514
57925254
45457695
9181144
46852819
46395997
39732015
47555339
12412587
24939180
39690135
33038924
42895418
57393312
65574011
12908301
58752492
33414256
31068001
27084852
44677003
57023318
66308918
42581412
43491707
13199399
19643176
35432435
43799885
20881531
39257217
58414161
49549583
53399790
65585663
59942763
24566020
14765595
39145291
15938028
28200159
4016899
28459292
3097171
30963514
2466967
51641941
22088735
50944398
7589400
17707127
53005767
35285054
43224503
56450404
15923181
55860978
34784618
10861929
29850334
1811362
17870067
28036336
30608621
40153970
13712018
44459682
43065699
27706179
37726130
59866404
55931444
55492913
37897998
14551412
34545921
59606767
40637785
51900654
49321593
24113266
24045353
10912821
36145103
50810260
56850201
21565315
53775344
50880827
49638373
50627157
41559818
4722775
15867351
47948367
11876438
44293441
23223048
12681713
4201240
56303527
64164497
7374447
23305839
33986838
6703770
34119367
41030015
1409925
53319990
35898132
14980176
43993130
30836315
45640091
24195541
29546400
53329636
58019234
9690349
28428940
11530233
41419143
54568789
51935515
33008469
724019
55462627
62640874
32211926
5294295
63478325
48944614
49965623
46127707
31078970
26681951
63514347
52421233
7991054
54741281
60391625
35854775
35373865
47012586
45989550
23148437
834544
35710695
48540261
5728655
64743037
53244232
2360185
15390814
55081523
11877906
19678661
55570566
14824496
34704323
57546896
57246375
7127293
2743948
9349427
10555018
63141028
36377959
29053992
40641251
53949182
22060475
15575492
20298002
27949842
34529442
22505667
42882683
22287018
3792686
58701631
30691203
7128147
62262774
42969159
7174561
28026323
18355728
59071313
46500169
3605959
22193581
53939092
4026297
17679254
54043933
27893321
1225592
43224562
61516285
48342277
30585665
31275206
35238164
63668470
24412143
43607661
5087556
42588515
6459416
66069305
3905835
39016874
32053079
19269638
57919200
14680041
52504267
21210557
4470818
40403369
5573927
9543712
28462318
37680792
12370563
11579090
3260082
54080167
54656506
16968608
43264162
9603016
55357420
53438127
30014052
29740493
14569178
66311365
30541020
57134984
17024681
55443839
36965081
1808902
45043304
17910505
40717180
2060303
51787519
20742180
41269476
42932141
36915318
15442310
53105343
24828034
48957966
41846508
51654376
43237454
3989929
36897849
43005626
61312303
20766597
42849675
6097139
57076879
26779441
17691002
41343351
21181716
39614568
40365881
35140886
36848977
38708449
53879907
8526373
26158831
40141660
10535154
58654638
19742601
38698897
4656453
34205742
33843821
16560102
25449163
65810886
9656555
17811706
20463794
61737557
26727345
23858432
47240699
34783314
37350649
27631578
10358297
40424129
14221010
42870996
1575982
65245695
24529420
45917180
47656736
32564866
34291079
49621551
42734029
61295092
53823123
46483139
31442693
35959828
15765179
14617450
12714505
49434467
39647302
60093459
19206208
39964885
49915675
33076808
52009083
46471067
49218555
50582146
31820065
28754317
55282047
59664506
60210220
65544654
49535231
35900208
47978474
44580406
44842008
50026691
34345442
50880254
32824916
29078838
9584398
58715097
54408336
11697192
55084944
66633082
16417319
38478808
17282317
39118781
19976616
16476840
42876922
44479327
47028444
64793353
62623314
5600001
31840156
60681992
731613
36909270
63750714
41316766
40332988
47338066
10069603
8762186
36053001
26423595
37840418
18889120
58325691
42047719
37206891
42451646
5217343
54973631
25023376
48032901
63961356
60559082
18983034
7894584
969092
29887036
47271174
40188954
27614167
42210565
24349085
14054642
6848805
43184201
21465384
31215094
7332288
41829181
13909347
27147762
32508710
53792044
21098672
50645008
31954185
48289791
44522165
6499135
46455111
14845209
15678443
58107892
15555462
44046019
63417965
43486487
48293070
624604
66742365
6126333
37783760
2270809
50821350
17662777
61008531
21473417
379676
38818289
1613883
28626537
6625242
3709023
7224347
4011079
65171992
27976799
43166660
14536234
30290065
6747007
29777004
12119332
6176096
39637289
50521263
51524007
43104300
22971666
33377510
30484753
58786269
66346485
12956564
24736677
63561071
40103691
19140533
38437060
25278684
33022632
8407135
7416413
7180304
43476601
13605386
10835366
58061572
48131804
12011039
6841278
9598364
10607752
4101060
48908311
16408280
23151654
24228357
21088136
37480820
46452879
5823503
47697500
41606158
55949209
4206099
39661919
16245475
48994384
58746821
29348799
41708509
46929469
10483776
48666368
33672478
44476429
34709414
6901056
17053329
15010200
55231899
29077197
1531581
50988865
24939315
58899744
59764738
43550163
50316231
17992783
63450767
17003729
20298453
55665654
30002037
9121258
62334917
49436452
54299226
13357246
37873084
59138547
1742288
49235847
57928023
19039352
35169567
42485083
53032851
60602585
23748304
28751090
26995242
11841743
26221209
31437856
5146309
46271343
26929607
2031903
49844505
43953417
10995909
34471452
56975649
56421296
42245652
26017255
41883858
55476857
65486522
33735520
1117166
66542145
58384434
7442577
4927176
51157929
30383281
3605468
55475526
42971489
30333508
54956683
41051612
25907849
31008512
49433326
65199163
8136801
61108886
1035592
5757705
34425743
26792941
64643248
38687076
50882829
30812623
6118151
54448344
59119525
1074676
9674499
4558812
51234709
30553513
23766863
34625234
15841883
36792913
32186917
27555346
17213576
53363897
64290320
16896185
2634640
34776254
9074289
56674660
14538072
54050892
8399696
37236653
54483231
60325184
13976725
11939210
39611922
11702409
53200427
23258660
61076360
12204155
44192033
31413051
13318965
63051588
61263426
60847302
44693543
4680883
25966872
16623565
51660344
47084896
25896709
4371891
13632305
54185194
10377628
31203897
63778117
20275097
55979891
58084227
42721220
953033
45443200
30404821
22879988
3540648
66745671
60087717
62964717
47846867
37781448
61727446
20643754
47961127
29146186
8196817
6353588
21553299
20288175
8422713
16820662
27356499
36491852
56037283
56056458
43646305
21410880
36489184
29232299
43007349
48112000
57112066
61411244
63012823
60113165
9419489
182271
25984383
17286714
23633759
65410054
59177212
24384497
21436041
6386861
63151510
21044800
55522976
36948457
35314718
49349850
54532680
44109518
10699705
63684461
24608809
407079
18168250
8199221
57126393
39141199
7100342
16984038
18400233
51290516
65863091
30712600
1406651
44433320
27003413
421982
25311186
2919756
66276732
38147608
21333907
41374177
64100987
6607249
56394027
66442367
62298770
15767958
6614244
1759845
16976912
14001753
23916904
47932665
60443453
6949260
15442406
31012773
64108049
61432518
55371054
9116924
28084156
51395108
58121732
19342604
25522495
55511002
50557619
9730088
20396149
47016042
47537551
55920733
311857
23010215
60878411
35649360
58584895
18940630
48417272
27263814
60545744
49771788
39743358
62569663
59265356
51826113
25081122
3608647
34697008
23009587
24772345
2679004
30583608
28768230
31900320
58232886
38904417
16214370
20041138
19897282
1510488
19680416
19264900
54912630
24449273
34741745
55093899
5701855
40354003
27069697
31252016
50120819
32205057
7607116
55686677
50575543
31848350
44076838
3114232
28874846
62994150
60415518
39646204
35848757
26086052
58543831
36717684
34084588
18908709
47469773
48254887
34451872
33002081
54828115
51910979
38725943
17167142
9997916
22826570
48769384
22791952
6618161
3707179
8228724
9538907
54559725
58325418
9644554
57283291
17291671
3642438
37059622
41463773
16514396
19793343
39461140
32577569
47843822
57117178
8773289
48787621
51953058
54115043
53234485
59783968
55987747
64545290
5505580
63273408
50715756
12353777
31522549
24744079
59991748
21294141
35627847
13717939
27010074
32766377
7492305
26908758
4843431
10194936
30996952
48143306
52261667
15876174
16448973
65953223
27555129
15442852
52911394
14577751
63601597
24007413
13819783
39904262
56817476
43837982
26810873
51648379
57445113
10591743
20138994
61747697
24416858
62802299
62908212
60163774
23057540
26540332
46604697
19916084
43980994
5507652
10646236
37454469
5641934
12183729
34443106
15554103
31802942
25336609
35338213
64556499
52474614
4495512
48074234
51490218
26435969
37397867
34142226
61504127
65295652
320999
17084848
25302645
60374222
52199251
31739702
38149729
10995081
25728671
58961726
54837028
33944776
42963046
45179425
25557611
44127447
58872806
27345731
27976915
29115436
4029355
20899363
21587879
50262984
50509183
25243777
49236532
60595376
30519266
29625973
49034028
43126016
36586056
23223899
57641078
10078669
37391786
1984308
26979293
26982894
14053907
49523199
19421292
7930543
38381459
459402
30664841
66231651
10588246
60950943
53837942
52437291
5361821
11758972
31630622
26364639
12203115
10936807
49517380
66416996
6397623
13400618
28406886
22564792
32423427
38868414
49735885
36755295
28710
47196665
45407948
37067406
43708013
16786165
59399971
2085891
43172446
14469314
2222132
44156321
47871975
8800424
47659582
5324728
12917177
9404267
46781199
12869580
5733421
7654220
3329734
10028892
19544586
53967672
16862309
38464368
40521855
64311306
16693813
41529415
61940960
32546687
45724274
8807485
32178172
28336142
63727492
51267250
42235539
18177942
29219390
8009283
23833280
65779206
25338383
54118804
9908740
15134105
19754278
46013887
18141358
17491678
61340189
56106815
50456914
20860149
33681596
57883357
45147115
38575457
42200181
58219057
7961678
25531975
45038197
44820789
29893841
18446480
49665396
54907094
19644992
12893006
56401122
59820414
53429410
38138477
2491398
34818044
48151955
29648792
33768993
26978167
31477891
39363713
44717998
43509147
20308957
45124448
29469545
52000189
31859184
24634976
11161758
57472307
19963780
27638219
59722023
45116353
21146060
54435168
33458185
49063160
26555729
66155626
41271549
37606262
57115375
54703269
66462048
45128643
45378918
52159086
39641281
54411448
30748119
7959921
33976167
2041304
44055967
61347377
21613831
52286722
49311421
24638700
8189619
5941477
15597457
39650301
44962639
44245187
56022578
6291616
32247596
65530765
46673815
48832432
61465375
37589715
20444727
53984739
36283533
54469278
51934775
20841056
54572862
33747849
65132289
58072161
46739335
37402222
40989987
8423327
28506488
28377844
18185763
39633354
51100935
3379993
46445000
61123121
14428543
9693944
55239330
6803757
62407594
9085417
64109925
26049200
8562367
29581782
56262612
36853013
57229735
32702290
53165588
65345286
32896964
60123146
56513468
58369859
36385284
46429791
59603281
16693993
65418584
11625184
52962469
3566772
25431745
19447668
31337715
32460175
52969762
43142017
1181094
56665834
14386169
44434951
65588652
63017061
29356029
46779920
21544221
249375
20332771
10478378
34294269
57788271
54170022
41752602
53949646
10319896
18731259
64465375
23393370
20755742
22598575
39115321
7508641
52648427
12683613
19575724
19525977
14528904
46975225
44653215
12992156
26322284
34034893
6102875
35730664
34420074
6681732
57433440
29594622
18253755
4427265
25050978
43550289
63678280
6570107
6485366
42229700
45928318
11993221
61095789
43795248
22376128
44821852
10348438
63927530
53283314
33187692
39181348
61117260
11224081
12430854
49152971
5650888
45856853
5464830
61881054
21956393
66498554
29479995
32406803
63857394
20116962
31729665
42055055
65873724
19865932
40489586
58250777
3105625
34620556
35054872
4456088
41741107
22312647
19942496
27999087
10056729
6813075
36532970
45734987
12765178
24078277
34718651
25374830
33393185
51764338
16573956
49436612
9957364
34568903
44470179
66597888
47805487
8049841
49157470
30773167
23281291
55530926
38644955
33611899
56956744
42619642
37332583
59012107
65760826
21731722
31230967
56440420
27206388
47884805
40641710
6974697
52742011
51627753
61460966
4683398
10733318
46088241
15463092
64735193
51570974
65675390
4684047
66188582
28444365
50819137
10827676
24556427
28322213
43897524
19771383
29637231
54840782
4711466
37318025
61223043
38549673
21762245
29620730
697507
33166527
43606840
61481594
25842777
36089466
32158776
50292261
25697994
56424862
29050031
21065417
13586589
63752859
34885654
60623822
63589753
55114864
16624743
65174060
56482943
65261943
48871806
66530533
14971402
47605030
56077938
51635346
47272913
5500342
23503904
32745310
28658945
12522163
60045554
55112049
65464456
10440128
30328447
14485088
51656380
24803968
65553655
49850661
58813244
34376955
3061429
33576836
29057735
49856690
38068577
34630192
32561082
55947835
6241935
66519474
25485770
18876868
64393855
34361045
47738882
22071871
27770967
57246897
37574753
17632776
37027169
36704923
33397395
29861088
47204089
38776927
53405494
29206505
29806275
54291972
40215040
8699080
43312524
1103158
57368743
60055713
49541744
63036070
48326582
49725174
50747703
37562175
27711438
19476306
32555142
64848280
32640541
1396747
35721356
57118868
61742822
31774243
36700668
22041047
25377308
9190671
19199119
6917226
63678739
54164789
49390897
52213477
53389182
41923787
20316358
53258841
55482580
7091888
53288057
42711230
7376399
30779729
49788375
58881221
54872487
34511913
24421111
34193939
35293765
65024410
47743760
49294754
7884421
39115782
60038207
30349214
10124474
988349
12057563
5139614
52609967
21441355
61158070
59674399
2793398
49295916
1069996
5373792
55578882
5628321
50340271
51554559
11167680
48097217
3954505
21839546
11771631
47284532
42307405
21011907
23785757
62832017
65001594
49746967
39350265
25015110
46898266
11788828
24036023
57177333
28586971
50395572
51974723
44466720
2191237
31651412
55278004
17584045
56097408
9167702
27133491
41902149
41947943
44413640
26680201
22623402
48710191
4338556
61233767
43813495
21569213
44685529
32418897
47562299
25486694
10853030
55859973
39395817
58839055
51636215
32657917
29810413
66349690
27982930
31433743
43289315
3963039
47069835
46301827
60556361
52410896
15449504
66324538
32120404
28060088
37653277
21080663
1709533
50338147
29421996
43816691
6837294
29375778
56012933
29327863
65805525
56958603
16572008
30232462
65890835
36010561
35742310
3550709
32728236
63942929
19927153
23164312
66696546
750439
58934537
7916040
36052447
55997466
41507030
13860151
27779310
9072302
48086456
29546595
41402835
11366800
43877607
54284817
55210386
64570621
8444507
47695917
40775323
33988706
17646140
56954250
26874693
41008708
45193298
40901452
51587587
22872869
45179972
60492699
37137185
60964706
22009480
43321286
54222692
3247485
38632987
33695238
12783107
54065269
29076580
18963856
54293551
63449622
66478268
63077570
41259109
65849205
50223630
55928299
19130421
19121983
32147294
43581905
34998339
10013181
33879637
42491849
5733501
5529405
54480388
49951758
65696204
53859431
15460858
51446981
38547840
28595739
24937628
27068234
39700782
32235390
60607147
24750054
29577515
12544722
51158134
40577268
12854310
33885667
66045912
24588887
52529582
15251494
10341084
20414978
8789929
11489282
17629493
43742762
12596149
18176767
66235976
22396099
9817227
45292425
57967240
1390594
36867057
61654471
17343723
29022904
25288796
7337719
34536222
13290448
13678272
54470351
13265904
16520250
23529122
32730438
9525889
49478854
59689622
23969019
38279840
22926362
66611831
45830358
14778032
12457297
54547574
57273146
33401864
10871158
49562125
36543271
38066398
60590114
34258875
44789619
34433129
5767004
20138421
50260611
28711602
20772630
59190950
59393345
37394514
27457401
54728143
63518867
29442864
36052548
27802171
44677441
63853429
18335815
60448374
47498693
43366779
49417101
51764378
60765121
36438643
51359763
38270179
28292209
35730276
64332152
14827305
40132009
26559067
60006395
8889507
28842291
60620573
13115732
20740083
30756503
6470470
40405488
29075535
64460432
8822494
15716946
1449190
13523001
43630745
41573882
42726829
18102316
53381771
55543669
53770016
31332205
28124454
45787100
25601616
21808640
1683529
47270817
30900216
49136021
11387448
28861103
43673837
7457498
21249072
26386736
10911113
31599955
7466757
23995285
58034385
36408602
35387386
24619830
38207820
62534992
55898063
58716815
59034548
24547914
63262754
65940241
46172404
31696422
25965802
27673381
60705831
18374162
25064331
41758852
63400640
7549963
6859461
6964092
41252333
56489244
54113478
26919913
16983984
62966551
56219548
11214472
64326561
42996993
56060270
29589014
50610063
62725195
55665013
42130023
33842780
66076484
27046457
49209374
11913020
63114080
47351547
30745590
66182469
19110806
51239888
16034383
36761231
49614698
32413685
34417199
51698541
44914025
48542187
48817780
22329706
63532117
39952545
38336698
32673865
21451353
27694677
62960187
27168227
15233051
59056494
21681403
12394766
15852376
24234059
38102146
1685141
64299924
44463249
23137994
25339782
25200044
36008854
3944043
60468516
43188951
36454660
7786417
60313030
38074753
20504349
60007952
10810188
34022801
39478487
4086780
9695846
38467679
29694772
32376026
15725585
50221799
19460521
32892768
48465252
2206074
6601332
64984715
1831890
35792442
34862775
39090948
51538827
37142148
58740037
42615304
58703383
54121311
37570896
32118547
53503578
37320301
52916324
32005312
35343304
38074841
6483771
12426219
49242236
29307032
13995766
32507591
798747
39283257
17610802
43429680
58522724
31432655
59971988
36779913
61484455
41336812
35195785
46526320
65679523
55027491
9644921
30776256
14526913
20162281
52691849
4499019
13517962
43605514
33684862
58740214
11332690
12003230
28200292
29498177
1393329
58921858
64974685
33154370
37572022
47550851
5214578
21915863
30801774
33781774
3541084
48479639
35864215
17800985
61368574
13521914
53267244
17102165
36314047
1223581
43282013
5176693
35904212
30415011
56581027
57462538
43612907
48045673
57096167
24690587
51343784
22192604
52258381
65964781
2968845
289312
39023940
11000245
1502629
66603545
10826079
11357005
52639016
3858806
36986212
32612329
3556016
41132064
62167794
52921572
22963932
58516492
62004622
13529034
66506077
6076821
38052964
16995242
36085605
30942677
26983043
8028813
31461736
25794336
51287044
50250228
44031165
39956043
56675840
61704641
25605496
17413437
52317486
33364662
26530135
4262164
50724835
19902346
8711030
30005869
14770193
34525384
53372796
37501140
59314240
44334117
35467640
37176093
3838335
51396768
27580624
41164672
34348850
33008385
48809016
6795623
49975825
11719548
4097628
47892558
12044594
5579701
25105344
37103995
6718054
32628195
6672266
17838915
62191484
47343166
28984878
13556120
24447491
26263624
15193951
35711847
18677380
32857954
21601221
21540316
9038125
32600718
36158583
47344288
62999011
31553028
56270883
1307407
33490640
18325173
37495296
59653108
19492799
40299700
18971247
28306121
57279911
10203395
14453613
9857696
57687971
49672974
13386209
28507834
9049224
30633770
55443893
22286388
53643158
45536609
44176008
59376979
36758961
25587265
12394589
18171677
36983115
4074320
6375999
44516870
50183820
2998307
25829861
46465121
61693219
33162831
25526636
25149910
56281244
35468679
63748942
17143961
20888788
29124906
48372672
40266091
22421019
47589511
60929487
31811293
20071536
18500913
54248935
55751426
2396910
32174989
41998897
52407840
66007480
21968821
48579675
35597726
21489167
37349957
53242794
38943489
61090799
51500550
59930307
60166839
54406421
40769640
44152422
5017150
65208437
50015682
18527300
17837523
46078864
13168530
50791772
31913880
32786191
18202720
4090742
43653992
28557471
52489931
7514442
53370612
7522661
15843643
65961786
7775066
60316886
51190107
6555423
4715572
192186
32748249
12211108
40373139
36700004
28556258
36010076
10773610
47866152
49911031
6022476
60017105
64985438
59503355
40532603
55477563
9694500
45638666
44377089
54610174
28636472
24153853
60576961
54496166
43127403
54075942
13357706
63568780
24767025
48990059
36594486
47363433
62096002
41627790
29101957
59325886
