1585664
22614780
11246573
33759843
17195217
54940760
54835349
39558639
53584962
58917282
4735025
2111764
19698206
48116349
50302231
37395245
33017261
42577039
19573659
17646681
4274023
49179365
16431056
25968983
13224648
36566858
65469720
55694393
8206532
36943287
25346622
60045794
56344577
59684641
13680938
53473780
50308930
4387403
929849
21081659
11753254
23251129
44680902
28300484
3606290
36864776
57317559
61971820
41763630
44579834
61348196
14367117
59052990
31037179
24086658
37434222
31230585
2096359
24864693
2110066
60856709
39566591
45160327
4952372
48567689
57948347
1422764
286354
39860489
65697492
56041780
52619044
17784717
58685112
56011377
36917557
5134178
2243401
44930008
16108313
43659056
3627220
33874349
19921856
28014610
23197511
46361666
14876845
19925762
43367105
28859581
15286665
23694313
51977606
18236185
55611983
23975310
13033815
56451838
39253055
30566197
38831215
35135193
34223844
50910010
36214571
55066573
58200735
3112713
12060100
24428376
55740658
19417784
51119889
10015496
61544671
19895081
23455612
32197480
54707935
27603602
20658772
25917949
55541422
3095816
5801431
23548464
44982499
28795439
52469874
58138472
61492149
1154018
49674430
14599194
57847696
27904310
13323460
54130058
58908127
45561134
58774266
8261610
17176136
15022414
49768307
6395142
42749664
17401811
28686105
58374813
55367525
33645286
62847944
30044089
24809517
51090039
31626797
6826141
66342718
43473191
42834263
21816817
38438446
2371981
32064386
10396415
26578846
57509368
55517934
66072912
1344075
44444689
10616147
12765819
58259147
11105490
61532192
37846574
53260352
65357343
35648775
10295578
47197477
18481527
39469951
53122770
15238750
13269719
55772593
50868783
21715505
48854796
45305051
24282388
58942955
13174323
46589393
36539772
32330083
57802880
29359425
40599446
49115760
47242103
59389652
49580394
15153264
54041853
22026047
48269510
59606800
15603348
41140969
31389163
57453956
29489289
7620407
45253825
57970116
1395020
13772133
35668490
1890350
26158878
56988622
13326424
27124234
12331875
26035515
38379100
40017973
8177027
58863838
53225505
32033906
34966202
6655808
65653105
46790966
58110995
54050345
52866113
28058200
43458382
42371876
66541760
53243777
45485656
35198287
18002759
52900759
64451588
32703829
39071670
42740453
20204036
11095301
3044350
34600357
47420381
32283746
30721746
13221063
21174905
14494971
54217162
45566379
52042190
46850405
10622805
51429736
4355475
27248502
64733231
49732299
62408740
36393824
378870
61450201
48216886
48851810
50403508
28882224
50028345
42624154
9102406
37653072
12058227
35132097
8320662
46060437
32690298
60648395
26171224
49087109
9054801
22169738
56044841
54415293
15627169
43490350
28641399
59156608
4713571
66300659
33672822
26283193
56730537
19299640
45681073
49900974
17982191
48171836
25907074
13551343
2294336
41367346
27396442
17562286
48733266
57507001
41665824
26793233
13428607
47100549
38651934
44851867
21376002
12086952
6738132
24442041
36852382
58825873
64454327
36562783
40820553
41145596
35462803
50923146
4242635
54143843
13631477
45209513
65449897
29844875
21734952
40076064
37861944
25684451
38621732
12548971
44173239
13587918
48645049
4289090
38313583
49670008
15196097
30740220
36458352
49011193
51741108
48260643
29694348
27987306
3661247
8509342
24680985
9918204
18581077
24471142
19008315
6669457
51861823
11609229
42892760
54460264
51535111
2849464
65638549
57061368
56136927
52970786
44500096
30306931
44612772
12102724
19712059
66477454
36368405
35735112
35079585
61566938
5020159
26284549
40645357
8465387
55987034
8723575
2080709
39041457
61446317
40341385
12733109
5631716
42312431
46231995
57767033
55678210
63086014
966237
4445557
2976284
31110166
37541454
30905520
37418527
42563808
11390099
3873285
31114602
47611182
24227427
61727252
50878414
14252934
52296862
49963635
66458679
37969507
65461944
24596321
56083022
49854174
61537502
34552231
48471528
61125120
46048994
29754184
31026444
5367874
63819278
32583827
57511131
38609193
58745735
48159788
32862058
54580207
33527035
40637191
727922
62528300
26201442
37010696
9956215
25436030
26964132
39794044
66572533
26511657
12368446
66135291
60627232
58215649
56391734
60967717
63297315
60176723
41604297
65361357
40271449
23368703
24096393
60111232
20144783
28126471
19551483
12142340
12913208
31331624
40872718
40570256
45343085
32568797
4307935
65754896
2110343
50744065
43611047
53751777
5408926
36571513
9143724
46654706
50264473
38035949
52076921
12249022
51030720
51584369
60499809
18895334
15746017
60465481
40572827
6542335
17857579
11694095
11541159
35858538
42254872
48382593
62486774
50692929
25143012
32210485
57052040
807014
27605039
40484304
66237437
8530179
12342243
14556033
21715662
8494093
19901611
63667939
12246582
61225271
5148181
47540009
4751359
63377947
20980486
3214887
12382420
48581504
48291549
3674863
65935941
31903812
49480212
54885128
66092819
52825238
2091726
9749050
15939859
21996342
12416773
4497488
60440250
16484360
17524561
41750559
11582865
65919202
32735825
22638166
33791772
60201902
56462106
60271636
35169421
52076538
51608164
60459047
37270328
34048940
43151778
19422035
16799764
47113577
33832506
64440215
13683588
27653815
44167459
46742473
41245272
39436070
23260830
26859986
56114437
55667384
17642738
62214525
10522357
1076330
19466306
54536134
12555145
54548083
3218976
41809270
46697500
29240368
40641049
49501372
10328871
7795680
63013786
1741823
23373782
61221784
55089072
26169486
65544446
19431424
11614503
23262901
31420230
35722614
53946392
50303253
17083729
43988780
9411198
29395446
48293668
59158628
43663123
45131391
46952627
24687123
42013842
65669026
4711827
40025982
48490505
47494790
30637608
20020596
43598961
35975046
49419775
57752917
47958445
15778862
55796277
9463536
36134751
18116827
15859788
55442910
38870083
25764493
37750291
25309556
56493503
16445066
22643502
23033052
36379731
4449378
33992871
14982695
35032517
18727254
6604155
64807118
6857199
1043479
57989445
48104736
43370675
62536399
59500696
15526101
5894274
48670229
13993083
45528015
46266900
45466618
25944674
16785841
38390841
30558554
16295720
45999589
25453198
39942801
28968422
364166
58283659
15523552
1084223
7193056
45667409
42781615
16161563
21986251
46743420
59020801
60004106
6773611
59298762
36333333
20082065
45529771
59853211
5409247
35668326
40779252
40924771
52309139
24475183
29425420
49540972
11737937
49215529
21833582
41987710
46041637
31313889
44676001
44699753
23240498
49594478
49350912
5024762
20100842
60095980
19547262
30914020
36333547
65825264
10489779
26476846
31090036
23850980
61492102
9354935
34207226
17492359
41499045
15614595
52783674
41451017
6391779
3599142
50370280
35338844
62537955
38503677
48826655
58262206
64052109
54384657
41068217
6487346
53558122
44441385
30900456
41580244
39892171
21996800
8362024
39927475
38402608
1933074
60281304
35413332
48547748
47848530
12198433
55819503
28575882
34701382
59201091
41086988
62976230
32006716
28150135
914631
21959608
11211173
60518481
11498123
44036325
21343702
16749196
37454594
356924
26220989
21320688
51211265
61052064
17603512
57985305
8947157
2677199
53944770
9845053
18538738
48528041
40537568
22262017
50737550
47541570
27727435
21758136
52385234
48246611
60148366
22510056
47989042
6118039
24963352
32552883
49889744
27723373
4921619
30497985
37157028
4700104
12993234
4495847
55528795
1313490
14486823
66288751
5436885
20616708
44988461
22351306
2531064
43581413
49422168
8962261
31061072
13711330
56784195
16047848
41551854
4824104
25588556
47566423
2408892
65448862
7382141
39498911
5525749
60310346
5309740
28625866
36823879
45532227
2281891
61427372
19542940
38758720
9764340
47224949
59000850
863547
37880740
44278330
21033690
13147098
6262547
53992750
25276463
40210297
55633888
56432192
36384551
48862398
51345225
51000627
31561353
48346389
25715961
30965884
42649408
60111476
19239929
24923195
64739729
36460538
58438860
8433406
37106989
18479985
65948496
11987409
1335569
60599887
29556938
24745572
34085924
4090077
41927132
38832514
62585568
39879292
20589544
27367379
65703984
26844793
5022092
47020637
28836250
64165463
6019815
19410149
55230575
6117081
41698869
32888686
23473044
23879196
46171028
54413865
5106124
53995322
49609482
42086905
60666282
47684863
16465116
42003463
5067646
63513974
18126686
41293966
45817729
58381223
12212690
3093333
32052872
50250091
16893993
47758153
25611705
31944546
15825332
19220259
10815745
10491219
2842063
64459920
2782799
53785836
26631674
16460952
23862717
60339068
22155260
17345635
2893538
5013703
61058566
43907130
34377475
41191313
63857068
8459793
65144951
13616144
30084834
1037671
26821121
36269387
15005982
66198700
51328536
58342407
48812266
43452696
2552898
52862824
36303175
4110818
38643578
43225339
61419949
38725908
52313361
20098476
45743720
18089989
55675289
48943403
32745728
44059182
15096296
45840485
47797474
22726829
23565592
15411376
1061876
35744275
15151638
28907956
62349651
52167634
4772823
61875669
37630730
39578321
62220249
48729632
77477
60995998
24706672
36435071
21256365
1309072
56948518
42266291
52062814
56406897
51072939
25944813
54237161
54942406
45794789
58910191
29752337
28654691
12235674
44410967
59176505
49579562
28244155
8192384
28326763
17539198
48932109
24376744
43705303
20672434
23319399
43952222
31267510
52652203
56614683
13213876
29844505
53943885
1397125
42302118
39276276
17005618
18940539
47754993
59583769
26557695
24008900
62461710
5126200
40266596
62852562
15066649
183368
58621449
28477275
23985978
36546891
41324947
13494562
52961847
63633718
65291183
43453117
18845271
53220946
55544689
36594171
22459439
18943076
8726962
49135054
65485803
632888
42225116
53796900
30675217
47140659
35689787
44516931
38144668
41634853
4103860
9686746
40489883
22346304
11938042
45821805
52502574
19568448
3813455
60360460
65182128
32408101
57226805
23135749
19912335
66491990
19866219
55129479
42403393
51952762
12160898
29932759
30409938
3947561
13606085
55291033
19184890
10453373
30364028
5553696
28714581
64784478
1683147
11881320
34284617
51311251
52405137
45129386
11071143
41171160
53770665
25127179
43031568
7035046
8962614
56220126
28042909
1707786
22982047
14582369
53485826
59702228
11042534
39220074
44533536
44259767
11933827
53356288
59670400
14543643
24038541
4364455
15462144
10260587
47133753
34774731
42767221
22199336
61375941
55100266
11003234
31634518
3778431
63522203
30084815
54822019
64476700
44508714
22838579
54582302
12046876
7867047
38439958
41699354
19595883
42136480
25247104
50431768
49948247
11323043
2953288
54993611
30447461
4086674
46055856
3449680
18986296
40677091
46701152
60070781
55153013
42196381
33553572
52871159
61567
13434492
5926318
40001487
42259907
14414672
50390385
23446169
821482
66340762
41264894
55775755
49871007
421053
17388063
22119992
8931773
25671908
27457134
63537354
60763982
36042796
34762855
44441135
62039384
59136798
27087434
35633868
45201726
33604759
56296559
38549458
57571624
34000264
21321207
23767337
18142461
61890745
27442132
35780136
5132932
23318924
43020838
37994505
50457839
15323951
584959
20022002
35713503
57732383
44234961
39025673
106245
59487422
26976161
59967885
61125605
57003639
29555374
5116403
44226539
58510035
62657982
48716252
55724632
22451043
52255484
2140516
6148272
23246547
62084979
23325796
37316460
37581210
24575432
47228233
35492400
45824077
26283984
42429701
8264453
9396616
36376576
40933080
59032031
44404531
2208398
51500148
30076216
61756444
34481435
37467679
65190741
19155608
34426985
16018787
8735956
8730562
16143395
42966922
22955236
54166198
8163657
48699014
42488662
7271015
31815494
16440104
15935047
56272435
1725288
19544648
9504098
40936351
48474111
66194586
52259498
16601689
10878182
13013197
43780560
40586094
22401039
58019123
57850939
6493474
13055193
1146074
60663838
25433502
24094709
5391375
11671277
56166169
41485164
44028850
35976585
31979112
44852856
7034787
6157889
13236095
45898042
14407774
51392295
48721103
61143049
49235442
57791315
6148190
30786691
7581930
51987601
18834224
39917204
1524167
35891497
54030133
48564623
4604964
30826841
33699420
55087854
23381004
54031925
58709261
8412975
4158739
30584136
4425613
45067258
18971372
22154203
10274569
1420746
25009566
15797149
63221475
57543491
49925443
26207788
45868152
41355659
34439827
1861549
29019136
66045463
62065349
8675687
57615285
53779238
22156841
58365893
62402347
27412687
24076679
32363623
27061599
25234520
60074845
39672594
25988747
12079437
45979937
6712654
12191115
51863454
46364354
47361776
51081545
16690272
65499748
33776051
31321626
24372106
21255066
41678635
34058362
18944253
40227849
58746447
49063438
10333920
48186955
31317488
14535590
49360696
4269336
23817427
53244585
1574362
11175571
10446792
55324654
58132898
20365971
43942633
48762232
42896911
10340492
28442912
40015387
49093086
29728294
29104255
56945997
25762463
32775866
48303351
62497736
6337893
59652217
1112265
55589993
30739237
15801850
24332728
47698808
38275774
31186485
42558427
39082838
55056753
50101564
24215183
59532794
34349787
3550728
11622292
18013097
20533384
46638380
37329049
58026059
3954381
66133829
25403842
25364180
26104965
63948396
38030232
17479620
12527498
56392756
48700213
44179767
27700416
52855115
51686282
59644452
38798600
31355658
36585273
11558967
32212880
43307913
26071789
2181146
48759988
60536718
56289966
15159772
32265529
19137121
22002581
6528531
60668945
45263836
36527047
28441168
4510360
49732724
22997654
55029112
15930715
26521225
13741637
42445502
48182524
26099730
61263015
18133183
32196662
1267084
18391838
1335295
43511133
52013521
30535493
46117211
18809576
56144467
59946350
3934770
56539160
55833086
60314552
46767494
1655784
26826339
8487261
31220822
10589944
49696437
16701461
10797308
61367916
30938831
43763231
14330169
6708963
60611812
2140700
14888616
62657206
8419881
487968
41703080
3814999
8694502
49777793
20805948
54834575
52614713
37635566
17020393
11357994
25131850
38512450
8289220
5252007
6813034
23995471
61612949
22971457
60537741
33468273
45320819
728479
65829890
19119424
56102159
17851028
27364186
19445980
15812587
49474767
46882443
66010906
26044162
29233764
42791970
33722034
23360400
7073406
46708055
63516920
14897165
5904515
51481541
31325620
55105259
51572163
51457639
27225347
23755075
20961275
16879865
19517364
55430234
12081656
65385073
19615512
66711982
57966523
49337151
56996737
50000657
35751374
47052235
29012492
51191944
29869400
17313420
58045321
17068774
53767472
35410369
25518383
29680009
23726715
1806353
52417404
19582952
54216947
24223055
32709420
6085449
51540372
43565012
54363790
6892145
6700901
26362720
57607196
9900156
45853647
59478468
65694725
16550600
66010517
5584893
32280090
17089337
52690570
60667308
8185421
32907343
43218255
14449144
62339046
23653284
41891546
6436472
51312144
60304999
59872336
52067759
53016799
44128086
30988025
5868239
21544772
60534985
34877721
7879005
17814014
46890079
25061720
56280018
57997444
9715270
58384425
53589596
25024473
17871869
14320981
42396255
28486618
34103882
20645198
48639242
60731750
27646482
42336242
60147651
41138408
14038854
50874467
1380031
38019732
32817702
1411957
36239203
62171846
50127658
6227533
10646802
42413000
8661530
42147237
36583467
48183591
59977033
57909635
54217118
20169517
17933347
26220258
20346948
62522611
49847867
33527199
627828
34043380
3932047
4108901
30874054
34002609
39598057
4751885
2387375
62953960
571463
15253696
59969015
62016420
2145258
38522253
30697833
13100993
58284167
11561932
59125466
47794041
66698629
45898087
4544214
32127430
47039800
66651624
58296406
62710181
45979273
60021241
2659764
56573560
51949679
43332208
43155044
43497241
35129996
37199639
51481752
14612840
48810482
48319720
13889795
34772209
16682782
42390238
61433179
10506972
29582643
47048194
59381969
4197402
58315553
65676728
35596667
5982530
2133447
53658453
24735391
42117113
50588973
19592656
50219533
15326487
66360321
3536448
30697214
17722944
30662341
57923916
12226521
34989325
3788469
16602109
23842488
54689400
53427741
63991822
40738065
47893722
14055786
60473765
34400373
64563891
65116873
36293960
7716158
25399761
48638431
32349415
44145996
10207264
29709530
20110849
6470046
52109204
13531549
169426
54282118
36178027
55013388
52163350
14158025
3852722
32099171
32427694
20017691
7350206
13087136
22148553
25687463
5092425
44982619
37076693
43415240
44716690
51654770
64451093
53978219
33971610
14957087
47311068
49318944
49515459
9937600
43512412
1762602
50057918
53225414
15235425
47991354
45061664
8832286
62752724
53841313
4356775
27829095
8812110
65530438
38369755
55903776
24847658
14384784
31048046
19159735
18016822
19558248
22124575
46922370
3393842
38539098
45812992
62804512
14540960
37951805
41091708
24890945
2715665
35147775
22786215
19031320
25751831
5604921
58089117
52474994
7049399
61984202
49098958
22208596
59686551
28765195
26849453
16182350
52989341
4149893
1504299
32675396
51500760
25784090
9770991
14427584
31332375
22860949
8663970
28500242
46531268
4164121
61419685
35949243
13678184
33347120
47878976
4291198
12202080
58191397
25625625
18416476
60988924
38793171
18254772
45049009
35585791
34394433
52445492
52775624
23703859
58805408
972245
48645867
52715681
57109092
23826128
50695609
58095117
2974600
2000169
1009733
56203235
15042287
62416328
6277824
53601994
59671920
7629682
42992128
23429235
4069521
23270377
66358726
9655493
42745477
56258720
59590596
44326182
14222991
63318912
64975488
46352001
43878534
42896934
32651832
482063
48239013
8131470
53724252
2507336
46101714
41621228
17651836
27428788
63094738
55866098
36049822
38913763
49199866
49027365
29828518
37748148
39235060
64226307
32460464
29778947
5305990
47951797
33468381
1549340
33112923
8417951
18626445
37392054
19754845
3901928
12488271
10654620
58055278
45804622
53486722
43199313
12995597
3678656
37389989
1087963
18100032
54469501
18663205
13707534
60067196
51359596
59529700
36473111
26136703
34674298
7552866
34784534
57648622
2752546
56764473
23841055
19804394
32081970
5499469
41934365
50087514
35137277
20226170
59244414
21500876
15774193
14006219
25804024
35141108
39235907
25209579
30624980
3535210
5419329
51517420
26969302
28179498
30005767
35515592
64097577
29023359
8021132
26356398
4744857
63384244
3216104
33077415
20225697
38528811
13515449
58690952
41070652
66037906
12915808
18451258
63374676
62230126
62813033
31382723
61841424
41345238
25772099
10523334
24546298
21544701
55049114
34158987
55911651
10993915
60398785
47975232
39888592
44042578
795239
48916823
55057101
21421140
61125728
53368763
39862130
19426197
35442267
10058275
14492423
65334035
20120016
37555575
2998128
50975707
5471183
164473
4288337
29911164
43597838
25526863
31477890
63678468
19068286
58691474
19210281
8492211
30504023
62213878
4371706
1763830
29009704
41706101
33474203
56119918
59137687
19323254
60611348
26071972
42693322
20520075
9354056
45356659
1081648
40932714
56354928
47177312
53315899
23405953
30038257
61093823
40857428
31924049
31604772
65333604
41463912
28523254
26098100
18154164
13306416
45912658
8377924
35294928
35059143
33273951
49608441
37687660
10267889
24922621
311004
53905352
49474503
52974460
5730748
65845968
40445175
57569945
5620331
47972585
22217914
57279413
50126172
4623237
30557828
58703844
3942660
23001568
2671744
34866866
56355719
35366432
26328612
24972376
31416704
2838964
34448361
52938765
20799076
25173354
58117086
34252216
38086381
36883828
3041985
6661996
51096253
60475302
13912379
54297937
30768900
50388989
55210844
4599892
48499054
52777502
25759161
7116404
63621587
61028685
52006757
42947205
28587616
55769360
14385283
30133375
51120549
39877780
40436577
65914437
56769480
16419909
21442609
10519675
17983381
34996365
50823310
44612897
57825857
27583628
2995714
58521984
43050621
51998507
37878345
27157732
3192448
3401098
40284472
38280166
58200776
50560965
737055
17099365
50185783
13983193
57755402
25293215
50824383
5529714
65343658
37713691
9084160
8331067
42427470
51340190
54018465
45604365
5352685
61051716
8399000
26078288
23803220
36939938
25140646
49519762
45919718
19951544
30472690
53657549
21458839
47638084
35011871
50491881
63620534
52608192
39350553
36977119
40250517
40692004
10001275
33973265
59090426
59365082
54049201
64382786
2245651
53705281
61004585
65575717
14547903
25617192
14283406
53909048
19468681
15503220
22695496
40091527
29067108
14463954
40300551
66311534
48376918
65948981
37485478
58209451
54821930
48704457
40393308
53882651
37875345
40242067
41801744
51295695
35519665
34920082
41575487
50492502
50214970
48228214
22189492
28976855
24386431
29120863
54905832
44339349
4407399
26932387
16038407
19491786
63607742
41413522
14642634
41049885
1938728
58689659
47342846
5948508
53216354
34733793
34426441
63662925
63680817
52995655
57865485
56939755
3040089
54297206
15860607
28567623
63603881
62391482
45136432
58926392
47415300
36981932
46852205
57123704
59740855
34042798
51777938
50995106
36659782
61506858
65749098
37711748
31328588
55223723
45761047
23036614
5903806
39465375
66104915
63522019
2266263
44904288
43178562
48851649
47094942
20014766
25242011
58788317
58582805
63492631
46736539
26575850
32862810
12677172
35049744
27143925
66462100
65399158
45305856
65791281
22380479
44575254
44388155
53539671
12431131
19654491
12357269
37910189
59091430
28027766
53435677
50556787
63508046
44206623
40535567
22290848
45198858
25703891
48509402
10932560
48348419
14804241
6140432
55289074
57637103
53278260
63963045
12954644
38566785
23461312
42025515
61028399
36240414
15375666
58833176
22151086
28792297
46356029
59306226
48354566
29902614
29832267
41236456
20576546
62622515
15015626
31434204
39942242
11581753
35563241
66604120
10764585
44621793
9845752
38723885
14089715
6262655
55958917
52613274
14195389
52407765
64157176
22231160
35894656
25156332
4552161
28405823
2237355
25322803
34727425
37972983
51867241
58590602
7485862
7602912
36508269
14553077
53179953
60298390
33347336
26886296
12740659
60762224
55498013
60272713
14566514
54756392
30462344
23978411
51780954
44650324
27609542
57558265
25525831
32565149
48278771
940439
44781843
59503618
60592337
16116182
12918309
55646313
45929255
32841988
59250377
1338464
29220662
60823741
56785623
46647392
63566758
37040071
54466225
12488161
11541532
46773047
57199471
38624096
34299677
54516592
2400095
20533172
48358878
1385522
63137644
52580236
32698484
48148005
31639493
5800400
60799510
15015026
12834579
31980915
26571112
27713005
17738757
3352128
60036775
22394546
56306975
32736847
65040442
54770958
58213161
32205963
5612250
13224014
38761374
34068751
23301940
49251445
6164678
27002890
8555446
31461342
15050552
63562520
49899693
43638780
59373058
44378601
66105586
35931624
62452787
8504275
55453061
56462587
42047479
58750192
63587679
39807879
16146639
64137185
34246992
31031437
54648126
34094141
37694668
41607409
51275660
21934979
58921630
19904791
26742480
43924464
38465480
24935981
39384398
47882235
33308970
66719622
31306233
22337224
6640183
24896046
61874185
36139844
65775339
3198193
31288478
17524218
36556966
60608532
30694010
58672737
31204759
41520737
6340474
63467727
35618456
11151702
60235428
48656820
9743364
45618688
25963294
51915397
65383442
61305869
34751819
48693461
43472069
658303
38202021
51673686
12139061
60325403
41898722
25905565
54171944
13064236
14420707
54765007
38342406
37397852
61852165
60759208
53307514
35394657
10571118
39730653
61279170
2224007
32436216
30040601
654636
7481693
35044130
32935491
25216894
27779500
31030188
47827248
12050740
57466986
45686070
48862805
12378511
28861593
28891540
25588993
17208462
32388632
23533573
22861097
66592045
43938125
13369384
52531617
34475791
25409379
30810278
3047364
50928923
31195006
58043505
9768889
33452484
52757616
17217398
31447958
42488942
61866759
56832103
25868031
1506140
51409796
18218741
58173813
4188489
2815235
53140602
14948635
16781046
6711012
20309564
31335488
54903510
30484851
43093919
12256369
34636865
25367672
29746699
4399750
62075740
40885215
40840340
37658135
34053728
60480397
1924218
28401914
49373866
52035194
13645820
28602578
11586159
60365553
50564666
61453725
52426744
275515
15178508
41763941
50074628
19719018
36310420
59738569
63836049
8121198
48832168
52816292
50795787
48103954
37963340
23876101
30945754
46477314
5404106
25506784
65732658
47545571
23183708
2639575
43935894
6981295
59729793
36560334
36671922
36023976
42581459
41252023
20809619
36095320
8592609
18992644
49051711
15361026
34301311
27687701
27170795
58617111
60484717
24041688
16085281
42286593
19517541
39034147
14698030
60440758
51947758
20240046
61914747
24200105
40017173
4082893
22151799
8510893
31160401
30405252
5889252
52283977
22356738
39574966
37752623
52038117
64160465
58567874
9566965
7622125
44198257
42372835
2561685
62741251
45390048
36419577
56625457
19989522
3389057
32181485
13374518
34476677
10165463
1418037
20722434
2741020
18046849
11819292
46486590
2319136
19148315
55095181
52110550
59467880
20048452
38760594
34524473
64750777
15537574
11933677
60344047
11690012
31176196
20025568
57811254
35913710
30050051
3610977
41067871
59956937
23122758
48707517
24259922
42684419
43014761
19571121
65989477
66323543
52792926
4345625
48572536
3553090
55125207
28955168
38597299
5850031
64949233
19167886
6580630
23608226
22129786
54386988
1819968
39899862
23767739
6230324
55988721
52605722
44180175
42459301
28924531
47415658
38388101
3307060
42534137
35053477
47023135
50141286
66702504
29990632
43819068
31596104
25763871
26009438
39479746
58899738
27503509
36873763
57186713
27658403
20804898
2768914
47908431
36877155
29810294
38830998
51630431
49825733
59727682
63063467
52676727
61376910
17638354
56943190
14262112
10463939
64787465
24154679
52661007
9928225
19630118
36205087
19262088
2760776
39783316
13872318
63642253
63796977
15727731
31526388
26547675
43641540
3311148
21690073
56993156
1450152
4017551
22842977
14498304
61737411
144448
16979044
20577965
47287129
3876049
40373801
47715033
48455838
25897135
23814223
25364415
11110302
50997250
33958097
8900737
36559676
22194854
49253694
31286847
24253143
66142658
2918702
65140594
48213089
21997533
23500114
15667184
65657898
58241773
3466987
6245984
27502863
7673671
55104313
42229385
41971331
53066966
6361749
36352921
32388458
49856409
46942248
57537774
34628332
28758017
36677019
44554089
42356148
35924157
12720994
33273327
48749979
46266947
35351204
9489925
22315996
2114938
22725178
17138398
9929302
56003725
62897343
58326453
53367157
11394249
61263624
15555383
26837298
28846894
39262975
8019468
6639672
3613894
42045616
51256164
57856946
12677650
56330294
22748873
727290
10771663
49870143
35519234
53984912
15953725
3803483
19492088
10609026
12130090
32961406
26257000
11966412
59698648
17112049
1974533
57110489
7777265
50669221
37603363
