200
136
200
183
144
209
143
116
179
180
145
160
109
203
103
155
148
186
190
200
203
143
99
169
198
188
112
164
107
152
134
192
187
177
200
192
182
130
190
190
154
156
146
184
148
201
149
137
162
113
156
166
120
118
197
122
112
195
195
159
141
166
105
197
131
177
149
188
115
126
107
111
134
142
152
133
181
189
176
117
189
166
112
137
203
162
126
127
175
188
109
182
115
182
118
164
129
161
174
167
188
147
114
169
200
150
181
201
190
159
121
139
106
139
186
148
197
126
182
130
130
120
152
180
169
154
110
161
134
181
202
164
151
175
141
170
152
165
170
115
175
187
185
134
198
155
123
102
164
139
203
198
112
170
133
135
174
194
193
108
152
115
188
166
99
152
193
103
157
113
128
188
166
114
169
166
133
144
178
202
145
136
188
158
155
112
171
206
118
112
197
124
110
108
130
187
153
191
140
168
152
128
196
134
109
189
184
167
188
162
171
113
140
107
138
200
193
164
144
191
152
183
149
153
187
191
135
195
187
158
181
195
193
163
186
193
186
184
152
132
183
189
167
174
190
139
148
205
102
141
182
172
109
110
163
162
105
153
178
109
150
175
120
105
170
193
170
195
105
145
151
110
127
149
181
144
106
174
163
166
169
180
159
181
115
189
126
164
140
103
154
132
156
178
116
115
199
199
130
164
156
199
192
104
143
200
104
132
194
118
101
173
174
126
197
154
103
164
199
130
114
128
150
186
194
104
152
187
153
136
184
126
166
145
176
198
185
116
176
139
141
147
188
205
113
104
179
197
136
126
180
162
160
187
126
107
175
200
196
128
193
130
168
117
120
162
173
193
147
198
127
140
143
135
195
138
183
167
199
117
152
148
98
114
183
99
145
138
193
147
180
157
180
121
194
151
151
132
125
132
151
199
163
148
204
96
200
192
158
193
166
196
144
171
138
123
165
196
166
183
134
132
116
164
198
133
139
136
178
201
196
195
150
145
207
165
112
157
175
160
159
163
141
104
176
174
109
177
139
170
141
180
170
176
143
145
103
178
180
119
112
193
179
155
101
196
171
165
143
129
194
120
151
181
194
147
135
154
183
184
165
192
113
163
177
135
106
176
203
108
149
132
108
115
115
193
106
100
181
150
180
156
182
125
109
98
153
164
133
210
121
186
141
118
133
150
128
193
114
143
179
196
193
131
172
138
131
194
101
149
119
179
116
174
111
195
169
148
146
111
199
148
201
107
169
103
110
134
200
133
122
160
136
102
174
169
116
208
192
123
206
124
100
120
111
98
105
183
102
133
141
116
102
132
179
194
181
150
183
191
199
156
164
162
182
181
181
121
132
149
189
179
140
151
119
187
163
154
150
199
143
101
116
141
140
132
203
130
199
155
159
113
142
109
152
184
161
104
111
132
151
99
158
113
174
190
170
185
164
156
152
168
134
205
139
180
96
154
119
136
205
184
110
181
193
177
136
134
112
179
184
137
115
164
109
113
197
195
199
165
172
148
194
193
117
144
144
159
193
206
181
137
196
116
128
150
183
102
206
181
151
104
166
123
145
115
165
181
125
132
120
118
181
156
197
184
184
184
147
138
117
194
150
187
190
149
169
133
150
114
155
116
117
159
185
115
171
193
127
168
183
186
163
140
148
178
194
103
184
152
130
115
152
197
205
181
179
143
126
193
146
119
197
157
176
108
163
125
200
134
142
143
146
164
196
146
151
194
207
170
154
145
110
128
175
115
96
199
194
152
158
190
165
179
164
179
144
197
138
151
166
115
123
128
132
136
210
183
162
148
148
188
101
131
170
173
115
179
189
159
107
115
197
181
198
205
189
188
196
150
109
178
142
142
142
163
117
177
195
185
125
113
200
170
182
174
166
151
183
158
128
199
164
122
116
144
113
182
133
134
135
111
132
204
164
145
128
143
197
122
165
146
190
148
192
142
140
122
187
203
177
170
200
151
103
201
148
164
163
123
124
146
181
186
97
138
188
201
103
184
151
166
109
143
192
164
194
189
179
144
168
161
194
121
123
174
145
126
202
126
165
197
134
173
115
179
121
153
198
144
149
132
198
124
187
116
144
175
126
131
127
166
150
155
123
158
121
164
107
105
194
183
158
194
150
181
114
134
137
150
173
127
182
141
136
100
135
150
139
132
120
195
155
176
138
128
137
128
165
150
114
170
176
202
149
97
118
138
144
148
190
198
133
130
181
169
167
191
161
157
189
109
184
123
157
157
145
163
152
164
137
192
196
101
199
175
118
158
196
189
201
100
141
150
180
197
110
134
163
164
115
116
118
164
174
147
180
158
144
163
199
144
113
199
123
149
101
188
163
202
184
164
175
143
173
116
131
151
108
186
156
100
131
126
163
100
180
161
182
192
117
143
106
107
158
113
135
139
105
193
180
157
163
123
162
152
170
178
168
170
189
157
139
164
183
134
178
157
182
197
195
112
122
167
197
151
103
190
176
157
133
153
199
175
169
104
137
202
145
181
199
125
137
132
189
125
157
202
195
106
135
193
187
164
195
125
139
163
135
141
195
135
108
135
153
187
108
152
162
156
105
138
175
169
159
187
137
116
195
182
151
150
169
164
190
110
108
197
161
200
186
117
209
131
204
183
103
185
165
162
164
112
106
110
188
158
143
140
204
132
163
157
198
115
149
147
174
107
196
201
131
181
125
165
196
98
136
126
135
132
159
139
139
147
120
170
152
176
106
192
199
171
194
165
192
186
165
164
104
187
106
150
125
182
155
193
96
159
195
114
124
204
108
102
178
178
197
112
139
155
134
159
185
181
191
195
164
158
112
109
124
191
199
128
133
185
163
168
196
132
197
110
175
150
103
174
132
205
177
168
120
133
188
104
153
184
169
186
190
111
173
189
201
180
120
167
154
185
195
141
180
207
129
143
140
135
165
155
160
135
136
139
189
150
155
147
188
160
200
156
134
150
142
156
198
174
143
183
188
166
167
189
131
108
190
156
117
174
112
148
192
184
184
182
198
196
140
168
150
187
113
104
131
129
162
138
193
194
161
178
130
120
158
116
99
193
112
168
150
169
164
181
145
132
155
149
145
189
196
112
136
107
133
181
148
155
150
163
162
125
133
124
132
116
178
200
156
139
196
199
150
149
150
104
162
167
123
136
168
142
161
181
153
174
178
164
103
162
142
129
148
103
149
168
203
200
184
170
141
140
176
182
102
110
203
197
138
102
175
122
135
114
141
181
148
183
176
113
159
187
160
170
199
182
118
179
115
116
157
165
141
163
198
165
125
127
133
144
120
106
160
188
127
164
186
132
109
203
199
105
133
169
105
169
150
184
112
169
155
149
173
181
117
109
195
181
202
189
122
179
123
108
109
143
102
173
144
138
199
114
124
103
151
140
186
132
173
131
173
151
188
184
153
141
170
110
166
112
132
147
186
158
186
186
168
182
165
185
164
121
173
200
129
115
183
140
150
173
196
191
108
189
183
149
113
151
200
114
156
151
175
162
168
132
210
126
185
133
104
151
195
184
197
194
170
149
109
166
135
178
181
176
156
139
142
194
179
129
191
149
181
129
116
192
112
179
133
126
146
163
188
201
193
178
159
202
150
116
161
117
174
197
127
138
186
114
142
186
186
177
156
153
170
193
116
117
126
202
117
107
122
115
138
151
194
137
180
142
166
133
149
125
165
116
129
104
103
132
158
183
155
103
142
156
195
166
126
116
110
163
168
179
196
116
170
193
117
107
188
188
157
165
161
210
158
156
138
116
114
153
166
165
161
190
147
152
116
203
186
202
150
137
167
153
128
169
134
171
188
164
190
169
138
108
153
197
194
183
103
118
125
118
191
117
178
133
172
183
182
111
139
176
166
150
117
180
157
147
165
148
163
159
128
135
195
192
110
180
133
147
126
181
207
116
153
179
163
149
108
163
154
156
150
145
184
154
128
191
135
148
126
180
199
159
171
179
199
158
161
198
134
119
156
195
188
199
130
133
162
193
171
99
152
103
120
195
178
193
141
121
108
192
166
197
193
163
195
140
179
187
128
145
127
155
128
105
197
191
195
175
193
135
191
191
110
115
179
149
118
175
162
163
205
182
181
195
186
207
122
166
136
188
119
194
178
175
161
152
94
115
170
116
184
124
188
193
208
151
140
116
184
158
141
155
116
141
169
197
205
179
173
196
110
112
195
148
172
181
204
200
132
126
141
176
154
138
133
112
190
122
150
118
150
120
158
181
150
174
181
98
199
144
177
185
134
136
132
172
105
140
190
109
163
174
152
123
163
188
197
173
115
143
109
190
137
116
178
135
117
156
126
141
112
137
196
150
180
195
202
121
140
168
123
161
107
198
169
156
103
115
142
137
139
169
115
185
175
106
206
133
147
164
186
151
172
137
182
170
149
187
181
169
188
174
205
133
102
139
181
137
162
163
128
156
184
106
178
115
175
101
169
126
153
147
158
113
194
168
136
181
140
195
138
123
205
195
183
106
121
191
147
127
132
163
130
180
137
138
115
140
165
116
198
153
169
150
153
133
161
106
147
175
177
189
170
187
192
139
175
139
132
125
188
99
155
144
139
159
110
169
109
190
181
164
169
149
167
188
118
117
178
195
105
120
172
143
173
181
151
178
194
161
116
186
143
106
109
115
166
174
191
147
151
145
151
204
127
148
170
172
164
178
189
166
188
174
143
160
129
168
102
192
175
152
132
163
127
169
96
188
202
193
147
137
181
194
175
199
140
133
209
166
163
193
157
159
122
162
129
131
162
151
198
146
147
146
121
204
158
182
175
174
133
136
132
103
152
112
192
194
199
150
189
127
192
155
161
193
173
174
155
150
116
195
204
142
112
182
202
110
133
135
144
122
132
160
105
123
172
116
132
175
149
190
99
124
175
182
116
129
172
157
186
115
137
111
174
203
187
110
142
109
197
193
182
162
138
168
170
189
175
175
157
154
206
169
170
150
129
133
164
184
174
174
152
189
105
141
203
175
186
161
177
113
161
169
169
153
198
133
155
119
169
115
142
105
136
191
175
150
198
182
129
117
138
122
129
134
161
133
104
182
180
154
126
171
198
145
177
206
107
95
142
188
150
147
164
139
168
171
166
197
185
122
159
151
152
198
133
152
164
163
109
173
119
149
116
155
195
146
127
109
181
123
189
184
126
185
150
154
143
129
136
181
130
127
150
169
174
181
149
170
143
184
193
170
200
124
102
172
159
103
203
166
207
96
186
121
139
128
180
135
160
127
209
155
188
159
176
168
157
166
149
152
176
163
183
195
127
157
197
178
164
190
157
155
187
111
200
169
134
113
112
121
160
106
144
181
165
123
106
118
176
126
192
138
125
124
176
132
195
197
187
193
164
158
131
156
107
109
196
197
126
170
141
163
156
169
131
120
152
180
166
170
155
148
111
204
181
157
134
115
135
181
114
137
143
146
197
170
190
192
170
109
141
142
124
137
133
132
194
185
133
157
126
122
188
132
201
109
150
189
149
198
174
186
101
196
112
159
133
111
109
207
127
180
144
113
140
126
154
140
105
131
136
156
113
179
167
158
198
129
181
117
164
160
198
101
128
104
108
113
159
198
194
117
195
186
139
178
162
117
111
141
188
192
157
128
202
156
140
203
163
158
110
124
152
128
164
174
160
133
196
166
157
198
116
197
114
170
152
195
117
162
159
139
110
148
114
203
173
168
174
163
196
195
108
194
192
182
118
180
169
156
158
201
117
204
152
133
134
140
113
145
185
180
181
159
152
116
151
180
189
128
189
130
138
142
105
171
132
146
202
157
143
115
156
138
103
176
166
151
157
202
204
172
182
166
147
151
188
187
175
118
174
192
163
138
141
169
120
186
187
103
106
195
133
159
185
115
132
187
186
176
177
164
162
191
131
158
141
185
140
192
107
192
115
178
128
163
202
168
181
186
145
204
107
182
192
155
192
133
173
157
159
147
181
194
98
128
160
137
117
186
184
109
159
151
174
141
140
209
133
187
148
132
143
165
194
200
116
170
181
178
184
189
161
140
195
104
180
175
186
137
132
179
148
140
197
178
141
156
150
197
150
192
164
187
103
184
159
185
152
98
197
131
171
132
164
151
204
102
185
106
147
162
125
111
154
101
196
161
106
102
195
109
148
139
144
187
111
163
158
180
164
175
199
138
125
124
119
118
115
158
164
179
159
115
195
184
162
163
199
176
183
141
146
157
139
197
119
195
185
196
131
165
127
145
164
104
193
198
154
131
95
121
120
110
196
140
198
203
162
126
99
158
134
183
181
169
199
122
140
116
202
170
188
182
116
133
174
164
150
195
137
165
207
172
161
195
179
200
144
169
184
155
108
110
115
126
101
164
155
180
119
186
112
193
116
117
196
184
140
165
195
156
154
166
133
149
164
177
152
195
144
186
132
198
110
164
120
166
170
187
181
130
195
150
181
149
132
100
106
165
183
157
144
133
120
160
127
163
195
171
153
128
180
158
147
148
113
96
116
173
131
138
144
181
182
168
191
132
169
188
117
187
153
185
182
115
169
193
132
149
105
135
183
155
205
190
192
142
169
168
132
149
175
140
176
151
150
200
199
193
135
136
160
123
205
137
147
101
165
148
150
105
192
151
120
185
187
117
151
193
167
184
187
172
163
185
195
161
120
124
163
197
138
155
184
132
168
130
174
110
186
165
147
194
137
110
122
197
95
133
201
130
113
204
109
127
131
172
188
138
145
169
97
189
193
134
130
158
156
161
170
202
151
187
142
138
163
181
120
123
193
123
146
142
158
151
118
193
147
152
168
127
158
141
164
203
181
140
178
135
122
116
115
116
112
181
167
187
157
126
190
201
161
157
177
198
198
114
188
183
140
145
199
139
120
111
201
188
193
107
191
165
156
139
192
197
144
147
140
140
174
197
140
180
201
190
164
174
181
190
201
103
121
125
179
155
127
138
134
151
131
196
154
102
193
107
169
129
164
174
144
132
202
118
122
190
96
198
133
119
165
168
169
184
138
135
168
174
169
170
165
169
137
183
118
180
168
116
167
193
178
198
190
168
159
154
139
102
132
165
103
142
176
154
180
197
179
148
194
135
162
176
140
193
122
109
134
192
198
197
164
142
164
145
151
113
179
157
127
170
143
194
114
113
190
115
153
197
107
114
175
203
145
180
187
140
162
149
115
195
148
192
181
194
181
172
125
117
159
187
105
192
152
165
164
138
192
182
195
164
118
116
193
143
176
177
153
125
132
202
192
114
167
187
197
160
187
133
160
195
169
162
151
121
149
150
156
133
184
148
114
126
113
196
170
115
133
139
132
150
175
140
130
109
195
196
132
181
116
196
145
175
175
192
181
176
197
100
134
110
116
170
207
139
187
179
180
185
138
175
121
177
128
114
155
202
157
143
168
158
134
192
159
188
101
185
184
168
174
103
195
119
154
120
199
124
143
166
203
171
142
190
181
176
199
157
156
178
158
183
164
156
189
143
147
137
153
112
166
103
173
149
102
150
160
170
182
188
179
119
204
158
164
199
192
149
182
199
170
110
180
126
113
178
157
149
162
184
101
174
104
107
127
105
193
125
160
200
116
125
134
151
194
135
134
178
138
167
134
143
108
163
176
202
121
163
198
142
169
188
176
202
189
134
157
185
128
190
141
158
135
165
126
152
181
156
147
169
120
186
198
149
132
95
120
183
130
130
177
103
194
175
103
112
132
147
181
153
135
138
115
107
160
177
197
128
121
126
190
144
172
163
133
131
164
140
129
127
145
139
138
137
165
180
159
127
104
200
184
204
192
186
177
180
103
151
139
142
132
163
159
159
173
184
124
104
140
177
142
149
210
152
161
110
144
159
196
161
147
155
144
111
110
139
161
174
111
112
193
114
195
178
115
184
195
128
131
179
160
132
125
167
187
189
158
176
163
106
102
155
164
179
166
139
133
119
184
132
186
183
136
188
150
128
116
116
113
177
147
174
123
177
96
178
188
188
192
103
150
112
175
195
142
143
161
111
177
188
195
152
118
196
206
168
185
186
194
199
164
181
119
125
138
194
194
148
173
186
133
148
118
165
204
128
153
186
195
155
160
159
134
122
116
134
132
153
152
200
201
198
139
115
115
126
181
181
196
159
180
187
157
143
105
198
132
175
117
146
100
172
163
124
154
167
181
105
141
164
173
187
140
109
137
179
107
105
143
123
152
193
150
193
196
196
178
146
115
185
158
108
177
186
101
165
164
130
148
117
169
123
119
104
167
132
135
141
113
115
163
138
113
133
108
178
174
185
166
150
103
182
155
168
143
193
164
150
140
202
170
140
170
111
161
138
107
134
146
168
132
182
148
155
129
166
186
195
204
174
175
142
157
114
185
143
173
179
116
158
161
150
115
177
134
142
111
168
142
113
187
158
195
203
167
95
149
141
182
165
159
150
149
168
199
163
103
137
105
126
188
192
139
191
114
203
126
104
119
168
148
103
156
179
174
184
125
174
124
183
201
197
170
163
156
197
97
171
171
132
149
172
187
179
101
142
119
194
138
133
148
196
131
149
97
151
207
201
172
117
198
180
191
147
106
133
125
140
103
116
115
105
192
104
159
151
149
133
179
161
203
150
121
179
190
124
178
174
140
112
101
189
165
183
196
179
110
161
167
157
109
143
150
164
143
161
165
94
172
115
157
181
139
119
106
119
129
121
173
157
127
119
174
117
201
207
128
99
133
181
177
208
122
181
181
126
193
128
140
120
112
186
173
132
154
155
143
120
143
126
194
170
170
157
136
149
116
149
104
144
128
112
106
168
122
180
136
136
198
146
196
192
130
203
165
164
109
187
144
201
136
129
136
128
114
108
176
154
202
136
134
140
174
163
139
117
183
151
186
126
166
139
95
153
170
124
185
194
193
189
133
127
133
109
151
140
158
165
161
128
163
126
204
180
198
117
152
112
127
102
107
194
169
111
199
182
193
117
130
144
142
169
154
148
164
156
151
104
155
150
165
149
183
188
192
204
115
196
172
131
126
186
135
105
187
132
164
172
173
155
163
159
197
202
140
134
164
110
145
103
199
164
117
182
153
175
149
173
102
153
115
150
125
187
176
140
132
203
205
120
188
126
164
160
174
108
150
156
145
156
131
194
196
146
200
129
106
194
118
162
99
120
110
161
109
150
105
170
196
151
161
150
166
198
146
160
158
158
150
106
182
184
170
182
200
169
163
208
166
117
155
134
164
188
187
106
193
160
164
193
199
164
181
197
164
166
147
104
149
172
115
164
151
185
203
117
131
185
156
113
124
104
154
144
150
135
98
116
173
149
171
150
154
181
112
199
130
132
136
132
194
131
103
177
179
112
175
190
166
123
174
187
173
163
193
143
169
194
203
202
147
120
127
171
145
192
141
163
101
160
170
140
201
137
176
112
187
148
182
142
150
171
126
121
195
170
116
118
100
156
140
197
163
131
134
202
187
130
197
199
157
181
201
188
116
153
118
146
152
152
193
141
142
152
101
126
130
157
142
107
156
117
153
148
111
154
159
194
175
131
148
150
176
133
192
187
198
132
112
107
181
122
143
190
204
136
166
166
194
161
180
141
109
161
164
153
163
134
116
145
157
141
205
105
165
145
111
156
174
116
200
137
177
149
175
106
168
165
205
99
103
118
171
103
163
168
158
155
161
114
201
136
138
171
178
121
103
155
202
105
161
129
196
137
151
144
147
163
126
165
95
156
157
132
116
140
177
167
124
193
133
108
162
148
161
135
195
188
123
168
160
190
196
106
125
165
118
172
170
162
180
158
198
181
192
133
119
145
198
109
116
122
197
136
148
163
115
107
159
150
154
134
181
177
195
201
163
195
104
153
106
162
117
172
159
195
119
140
189
191
110
184
158
144
145
152
163
127
160
143
103
132
186
126
187
179
141
149
116
169
110
181
150
179
199
111
194
193
185
148
150
115
186
122
111
129
133
122
181
189
196
143
130
128
136
163
133
199
141
155
137
163
177
195
112
179
175
147
146
151
184
159
141
195
166
103
119
197
110
198
143
158
177
117
150
142
157
183
115
173
142
192
132
147
203
179
130
102
134
170
134
183
117
138
199
197
186
128
176
182
123
151
175
149
193
150
195
110
116
179
110
126
193
140
144
151
186
122
169
189
191
175
181
153
149
149
139
184
118
171
134
175
167
156
178
168
150
132
186
139
150
180
118
146
193
163
159
175
132
203
196
187
116
194
162
153
150
140
163
109
194
170
195
164
195
136
141
141
142
152
160
201
200
128
144
192
195
170
187
204
182
155
200
109
142
100
195
160
131
179
198
181
117
126
161
183
167
148
189
98
117
119
101
134
186
113
128
117
157
146
193
155
148
136
144
118
196
102
166
180
99
156
177
126
188
205
127
132
112
108
188
189
132
157
143
124
144
154
172
182
148
115
155
196
158
107
109
128
195
188
150
132
159
173
165
195
162
153
137
126
136
168
111
156
135
180
202
154
99
104
137
104
138
181
174
148
190
183
113
155
116
163
204
170
187
195
139
140
183
164
198
168
198
110
151
172
164
181
133
139
128
102
208
100
176
174
159
201
116
176
187
131
132
151
162
110
150
103
177
144
141
169
151
192
180
131
167
178
127
151
171
163
201
128
135
187
174
175
197
170
148
132
101
200
125
161
143
175
194
144
195
103
207
153
119
179
204
150
187
152
127
126
101
126
173
169
176
195
142
164
195
129
133
187
133
167
207
196
132
196
163
184
125
156
150
189
170
157
188
166
137
200
208
177
137
156
201
108
179
179
111
196
118
188
122
143
166
189
102
185
198
117
109
130
184
123
195
196
167
182
115
114
185
137
164
103
141
136
185
144
187
103
180
153
176
199
112
147
198
138
203
166
179
175
186
203
160
189
182
133
109
180
111
126
110
169
198
106
169
153
164
157
195
119
189
172
156
132
169
176
109
152
112
132
120
150
143
181
157
111
111
199
198
198
188
132
186
172
116
195
168
201
146
165
168
136
189
169
180
140
152
158
149
112
151
167
159
190
121
183
108
161
143
139
131
162
187
138
191
139
174
174
155
119
133
132
192
133
133
114
175
144
195
151
171
132
133
159
133
122
115
119
150
139
154
108
161
109
113
164
134
193
188
180
148
187
106
133
121
193
168
116
159
157
192
180
203
110
175
121
202
145
200
180
192
106
193
182
169
185
173
105
103
198
198
140
130
197
146
163
156
133
187
180
109
132
192
161
164
174
203
175
133
121
198
117
109
129
187
170
188
175
142
98
126
203
110
190
171
122
179
152
148
105
138
133
160
133
126
136
204
117
151
132
170
163
168
149
135
176
114
124
120
192
135
137
110
127
