19301418
1675794
56792179
59136281
2678173
54646325
18824831
61332554
51198641
57876937
794661
53290245
23685549
36493422
38529379
55095365
60065474
52943003
60783386
25390044
37651401
64425848
23988493
23962975
53984172
22207356
57432287
61762436
28751798
40321746
1542614
15028203
55166512
50665215
29056992
45753605
61565144
39218046
23619149
64206588
42936044
15400651
29241325
33154494
30174463
60260655
18010684
61070440
10367455
39176018
66716316
3445668
32124820
27006625
3826371
12365463
40712135
33417959
41077513
57656668
58938088
36895761
20973408
39305639
33007860
27216474
58631036
14180696
56986474
46851614
54155589
52275939
39250474
35536840
56034534
5627987
52691430
64096023
48351168
16347917
61981276
56850445
49320165
23860196
26339741
18852985
28624037
9377562
61286455
14817461
6012496
39268433
41787833
17841716
38820939
33548278
11872886
9217668
49010339
12394818
50612222
26721614
10892161
4381589
37682771
63916844
50603189
21848926
25107422
59302499
28437841
29908945
18698563
56581015
37983494
60758093
17210725
54478084
56317124
60241435
52338893
47028413
52361409
50355320
35896442
61591663
20335923
43941386
56512205
12871607
27242598
21223393
39634434
56089936
53924917
36213557
35110576
52631420
41071488
57198576
6301269
59421272
51812702
16361449
3737617
51086876
60508947
35657412
217185
17491212
55371631
16229265
6248176
10329381
9894391
7572054
38986153
53787073
60309282
51133380
33846661
50154212
23054381
19839298
19904492
20267072
16586157
57211594
28266769
12039517
55271411
31322304
62106794
12801151
19353263
23828837
19280692
52657269
20284922
54157524
43412180
50357099
54156900
51667881
54248661
50964948
41712514
24598232
48294870
3450163
59493061
37099911
1506280
1919319
65446667
54627236
54628022
59951163
58122979
52708540
13442725
22645411
59638734
51526536
57745175
61733659
25216500
31597721
57520401
9251402
7738814
35899425
5164408
37175882
17047079
17852188
59587665
50094511
44010556
12360474
59992739
58109940
47296385
45625617
29368714
16762127
55414886
42391273
10381753
60234819
14099646
66047462
54711223
30833306
19204899
36354578
54869601
27043841
33327834
19984387
53278247
65827077
55781771
23925000
19495715
54165169
38817264
25839344
22221763
21583189
47747321
20230754
7497958
34068358
50986210
57762772
42432243
38545653
22134906
26940582
14967583
35090928
44039660
14029238
17777065
49602617
26938749
29603879
50578266
48502437
6557927
36526426
223414
40122708
61111592
64300506
13625327
51766392
17792345
55015808
66008309
43544270
17048043
27555563
18470823
6448470
37270846
55687876
40075309
15399989
58088358
54461747
63940699
58654870
45943860
6311238
29911539
28842786
47307174
11624169
42186801
10116247
44358221
58942815
32124527
7193516
55449900
9128568
52297882
42660827
49738292
23389412
59856051
62724361
47222972
13644074
22698622
58674504
34049453
19515091
18705044
28018364
64999231
42370725
26211064
18550473
49855946
26597050
21847178
45116273
45177069
31324301
25583433
56814608
41729954
5401380
7356379
50510277
66505774
35017364
65631018
39135175
34055561
39841132
66050994
31303254
37055017
27473334
17279653
5321402
4559062
58581738
41730450
22425715
5661602
34436668
26499337
55219823
20732744
51536750
56057712
47596075
49765680
65144348
62344201
4875984
29179635
52750532
59034877
49645318
59120541
53888584
52178470
54329013
62956435
19947785
15778273
23377789
14874257
46850649
64645861
57218571
48443552
26115067
39562614
12078347
42783407
10740200
61422807
53397679
52592705
63231226
65676480
49082775
26208811
32815037
22998294
64969641
36419166
48981930
52190680
18512584
63090050
49613152
6588263
38364151
40339423
9868146
36624248
53425710
11925423
53200887
33418188
31516319
59393550
30671476
8420100
11545357
4932650
19993477
66188860
25932637
45492905
44484026
47501303
61916068
1060020
42299473
31048353
53346401
27604573
40884999
48323993
36201621
43989211
66178051
59073184
66630760
55779650
56374818
58109931
4180026
57277581
28517002
47786520
3036741
4527940
52731634
13321548
34392810
57487167
41115626
36159505
50038036
28296195
38454491
60919390
37923193
9464698
8677798
18655056
48554801
32639963
6908982
44500818
49162070
29119032
20950713
9167098
25407804
11849071
8738422
15591503
22391667
50584472
16317239
41456260
56055564
45243553
8717608
49634124
26304595
32613863
53638002
31811097
9221229
30449395
26357196
42429052
50625415
11685809
46583908
49182272
62444409
15051851
61815222
38060709
5783541
48318666
23471731
50400167
54952552
860028
44643446
34942402
51568628
20470568
63537145
9339940
3929241
11399384
10495480
48673755
66446434
23515186
40779141
50746246
48878497
15741493
53907233
49547012
50865673
38818323
893025
53560807
46907691
4724968
54869459
25404562
52699972
66285230
53881329
48392559
41312317
56307759
11499702
46599433
42608039
60778506
22342100
16904985
58341945
65761193
38589946
6319106
40041003
59721608
46075773
26290110
49467667
15069555
38221954
16253035
51262348
53181521
54482135
30081229
10793423
34257364
31366610
2025776
2979098
48917866
29876003
64515893
59224597
7994414
23525852
48800898
5695358
7718723
65290828
57932952
36254215
42652677
5118382
53559448
22611189
43807582
50960781
18842442
25536217
57112686
23118963
3119418
64492797
21374497
52732814
38873998
36456809
61840272
36150561
35952610
4001215
24157300
59030547
33605182
59958166
18732563
58004101
38675820
24565655
21326502
46232334
66223722
13154609
34959501
26830074
53741901
28880581
66231375
37206565
26538761
54168956
42658169
54650786
10482280
40893887
37259893
43150406
12005296
1472971
57388426
50008592
52010779
1934238
21402005
60016278
13662643
56016740
50418437
34416647
11607932
42592816
62487086
7115157
38731034
4932909
5960558
13704548
3679807
4549033
30006949
48617572
45544946
20064135
62697381
49836637
33334272
55129357
63509620
3810299
13098697
56218708
48544700
54656945
50666640
11869005
4220118
12880004
3966301
59742715
2104000
59106366
32666613
7929133
35365211
62726688
36156374
26749688
54809261
14973599
34805292
33522425
26626411
66628429
6555549
65078867
21183661
53075402
66390869
57978520
1348935
50871882
39151495
14090772
62788359
31504588
28850511
45263092
4897127
28650168
1731628
20853262
38374328
51953310
31043307
909050
30408089
61377065
54943444
22910994
12025119
9568840
7100743
57562263
22041638
6919332
41246573
8053652
8335579
45991297
45138221
61733144
12457062
31131124
19742311
19827880
1339540
24248356
47100423
49631041
52507205
20876335
4155011
15459053
52439858
55813039
2270759
37497818
12550199
50496825
29912587
6673037
39452540
45285211
53994313
29768075
45534207
47747507
10478035
58083782
57065509
6912819
29603993
16272264
57651364
54672774
18713254
20946358
26658444
13888763
38562790
39789662
44453636
37576178
7311908
57780739
11355494
53175059
13852915
58951472
13354002
7699348
19852695
59742497
34504677
35777189
39345062
24979374
60323653
36388124
46147371
33072843
64954367
51084358
16146514
61516664
38619244
40114383
32927640
31359432
33295142
48316723
63553168
27872811
9765285
57057654
8289362
32391954
9927683
24076691
58261536
18915142
60800356
47895150
24062753
62772589
27094004
26706379
24738373
57015305
34525686
18727571
11357090
8243639
61329569
25780240
1807294
19564080
47726864
30937646
57579902
61909957
51839830
41321028
56573848
27559354
46183318
62128296
3370156
14327677
12558260
12791515
2767308
57589382
55616368
17947172
38274251
30971267
47201159
63834619
6345003
10477402
57571514
42460510
36834381
66101710
12212151
42234258
52617424
31079636
50402738
6711033
27908101
64788093
48266239
38604427
13090400
51608457
49898677
34867265
56622874
19889138
48883307
794266
43099341
59685059
26581208
30924537
58581648
39659361
58344220
64513078
50383228
29113248
33545540
21460105
50764025
23138431
10398041
15518386
31304768
44044574
11064721
17902361
596067
51184343
50683653
20999460
60018890
49267570
51866072
16813277
33686184
59902726
16991003
38170592
41468062
39440992
66596036
65127655
19707075
38525129
27597263
7886618
19918839
57625461
53170325
344616
52499142
21476004
21928893
57584256
64125598
6063921
25761384
41603596
45589990
34477974
24790770
35328197
65091946
33321536
16318863
56062272
59201367
20155597
11922483
34497081
60256712
5855305
11986248
39879829
46709932
40831791
46465592
5387603
43405606
48237492
18208352
31404014
38821681
9457186
8294238
19581622
21657611
63777273
55837609
57607976
22976776
26809586
62751003
59600503
25275522
15753344
38338159
2511949
2619231
42211079
63772999
37620622
35582489
43283553
22627161
61364076
4927048
58498145
15039898
39440400
51554700
10789626
22583769
22836715
4052282
724141
1211648
10242863
28517158
33940074
2050985
49801936
60725944
42707965
658721
12878285
65290249
11056354
15537857
35697867
57504624
7307761
6202813
28413958
24980647
30117838
60127281
50283412
26344518
43034585
29661192
21910284
43096205
26749581
30568236
23398311
15128178
11364886
33006509
12163222
16150732
56861558
27474290
60764711
29653693
29871694
65549719
3171828
54788527
33637993
44668161
64783654
23752619
62709475
65416717
52069007
27339042
45638659
28189709
49032605
38341479
2483464
51919137
64926193
12678162
41927570
4488801
12630975
64894272
51113564
61283709
4352313
48407262
19535936
26203685
8711551
52007811
65504646
23527098
14375513
54526865
29168228
23788578
9721161
27674127
25575683
8326176
25701128
39412038
38840484
17125978
39229171
39122084
21869506
48556032
20968877
25426199
3020939
44408528
38884452
22625421
1969048
56155114
36212440
55382853
62185441
30166552
2603464
61399856
35934484
34190509
24851700
60922663
10758996
47472190
46470687
66117064
37293123
61028749
57833485
57061820
22316222
58189179
65249035
25743529
43954152
47981058
63025936
9622209
58339625
44660157
14406697
12666370
11941947
45412943
18151997
36486261
5043195
722444
26415835
56695800
15441637
60880633
14086663
7074698
58865173
14841363
23564164
6942891
46534589
58012530
66459442
14319000
8497961
51843622
45709255
59308870
18122093
14115632
45125759
31404876
23155483
36743846
52715121
35466461
26238035
56661815
63272516
50476610
56828438
39994459
55752333
33861937
20108775
5915022
31074814
21012233
55788739
21992213
52247829
44416517
66553107
28941532
32011277
37896475
13129632
26353220
23907400
8459990
23718595
43625282
8952251
18673473
39957579
48927195
1352503
19364814
56680665
56688894
24232077
32182133
34969867
40084530
9297699
52666166
61021593
29645015
53158655
32277185
14413430
31986601
49237189
41896592
47350520
65546347
62099033
57019027
48244287
10025419
46129390
65037491
6373055
33840114
2687804
36256889
56527021
47023976
42068191
29150482
54266436
8874920
7381316
41818941
15406798
32805030
62588794
47653160
24742952
27506503
62496914
38340798
12896210
7737112
58738618
60943043
64220297
4423895
11624318
5839057
59954529
35874572
28463068
30964471
49117614
13628059
7926644
13280054
24072380
58856357
18793177
58940593
31484141
8152027
62696817
10690231
13808704
47620433
66626493
13703377
50464313
31184052
42088517
36678256
64699837
48314140
62913829
38050446
1595460
5936545
54333852
12462562
64373432
63535389
15447188
31501949
31267825
14970986
3107649
14715347
17711546
51432536
45759305
44474928
64286651
19850365
40183516
1971450
43969643
49057903
66090895
14954373
24040503
2631809
34165064
23723945
53362069
49033174
43316994
30925716
4611804
35255141
41429929
6005982
7887807
61038336
54388354
63472555
31568743
65626053
37455654
36934234
52212582
52115311
37851969
44675965
39876544
5188380
47942934
14971429
51721089
66130407
43029336
47623737
22227443
42590665
20127799
60793901
55895946
41123595
43063601
37794556
20751929
52626266
16926601
51682427
36388749
57557144
59790994
60983073
62203912
65590139
21793499
8853752
9848716
26306758
40620696
56751311
33201504
62402465
1472115
43531322
51913353
64075209
41519334
42970037
58108879
44255704
47193413
18018944
22336421
52625296
43953201
54941473
60107535
26027580
28961360
12965846
29350870
16830755
13580650
21393665
9471644
44841143
2836102
61009578
36369020
470034
35067896
14178783
57582696
25237443
16966034
19239098
56874859
6579397
42882272
61638898
16857488
39593999
30155891
19282170
29397339
49668481
26837172
16066352
8926695
48414207
55557469
19405456
65740071
33385118
26350188
2458948
15175433
31741025
31399421
59479568
10499986
10322112
65675765
43777296
62914309
50567005
3311120
4137471
16105916
54997580
28019681
40356538
40463777
56587489
13371851
61391868
25213819
60025530
37613473
47396069
9698777
19584048
15031776
66044669
31600378
4228600
11538603
6056569
27467926
55058294
16792539
65825927
14433258
15792594
50708319
9981855
61689873
40531615
11589792
63055904
5512258
42210006
42608419
36507735
10336543
61292058
45795906
13970059
23639511
50692109
55572731
14576692
10482035
34934921
17101752
21804224
66345781
29869807
17848316
28395026
57748999
16408904
6815174
11638351
59392961
47229527
34694008
43654451
1685186
22787839
19839797
60415772
42568439
60564384
66433986
48092101
6944075
19211010
40658762
171913
37911978
49028040
63214068
46908120
25386082
56395578
42661333
11215909
55883657
1977078
24510130
61885306
56769076
8104091
50069270
25221509
30632131
1593394
60929843
7066220
29464894
27926522
7562156
59049964
4175210
13434615
17331015
6388066
45020727
22538679
43871381
23117612
15083745
19637585
42173317
8150111
64920199
51659874
4866678
34552382
12595914
23286113
11024644
44433577
37778016
61435404
58146600
36871431
1222140
44854053
49771053
32940817
22762202
19484714
24543629
55674376
40684868
58139301
2921350
42610554
2334009
36505148
36909554
6857288
35970319
57023754
35450834
29900788
15169257
48449024
19679436
20072778
14935825
51678386
26240403
34247740
10865303
10612827
14191357
43756909
56632749
3812942
43755704
48226865
61251618
28412337
47455306
47701372
29842364
30677214
7658264
18411386
29476837
24982654
63596964
19986331
45921234
60993416
24558816
39810478
18314476
10311372
62749330
32569633
10259518
54222294
48102175
28963039
57510847
14368257
29048609
43531002
9920517
44800567
23935287
51642906
31991994
17198273
57798466
31188268
51018682
22991193
10318806
62488825
1056358
17824825
43455356
55208589
58754869
61345204
55059695
36555884
22496136
34852990
53335702
66621860
12828347
59750260
57558486
25670561
59502060
38029797
15943510
32906774
5407282
61173055
36559584
41056873
7256179
16872876
38767333
763470
53580723
65390663
56328023
44244709
2524616
45286358
18382275
46965869
25110330
23587248
44439475
16109635
40908925
17656599
35668224
56190491
36344026
34954166
37795842
21508411
31689613
44284410
23429287
7218743
57895377
22740892
60447576
10892132
4858586
55932089
33451659
25846909
50371311
58466511
61071462
22379128
45955062
4289201
36539367
54993152
19992658
39483150
36791226
42556089
21128036
55245571
53908341
62212994
26574297
4171136
31697273
12914417
49291901
62781560
30730139
33216516
49321751
19841957
14943678
26768156
38387681
35761782
23162614
31595037
54208424
32227872
6102471
59192143
10223205
58493222
10890867
12912842
57799848
8264613
11686418
45762708
42764665
47756435
26504100
18315142
62330787
1649315
20525705
62693824
61352092
60007437
18057897
38067626
56644059
18874984
7398849
17447906
51959173
47844084
53555978
16213486
13347676
12913898
1582142
24431065
43283882
40381182
55284427
48191329
23277991
28657520
17902381
23671596
52382495
23169627
61206301
49256325
30330100
56936599
50861909
39012010
18990371
64460124
32857355
19801843
31019054
49048496
22029122
46730806
60642951
57669430
41734212
43601013
5752961
34027777
31348072
42225871
25240450
42885527
19171968
26189444
56521503
59676548
34570070
38121577
64045165
10452902
12194890
22885728
2491497
66746691
38563003
65100866
61214545
41286696
53872889
41909620
47637239
8553262
36423283
45599464
14318420
31916374
31637525
44041695
47283964
55928944
4102673
45058091
35735363
31722414
12242809
8196588
44104554
4001363
41662553
20300097
27537557
42147786
53332580
65111620
63669957
60953315
28340615
10889597
9536271
17446872
62713460
34906093
55623819
59266949
31790031
10431701
54531256
60796729
2570774
14351597
17045089
46942024
38387936
30779615
22007378
36294524
17049732
59033250
60557236
22786816
20065720
33904078
18084865
13496987
35740393
45417366
29336067
4931161
65323336
1399828
5048111
24922856
42152415
59752308
3262539
35419338
53743297
4290455
64350230
48700201
4612646
18298041
59744679
34188527
44289893
59287262
62107559
20243554
12394280
44691010
57637677
10629897
16418198
7636686
50644218
22929476
1732103
23513394
41168082
58881652
706901
38150249
62812063
26851563
34665688
51825238
37122969
29102776
19338726
26264646
57792509
21454112
17138547
51239881
59624478
47137613
2809205
65503130
42629323
14029426
46186784
25774583
47462512
65648723
10521669
7107261
6997484
32398908
2549306
60729465
48295585
55799072
13591288
47182029
64830623
52738291
21718118
4080061
35397754
4287848
38724676
2449390
48429992
8633164
18671606
45974086
30450405
50686333
30182872
45424504
37804842
47957345
32203150
63936359
42197282
21634195
49726703
29626160
34353645
5140594
17793701
27906413
63642974
26200008
15730226
28311871
25051038
986319
49755782
48314848
12125428
59705862
26870592
66371061
48041773
43025338
55603519
62607728
47620131
8940430
36190946
58904569
60763755
19435228
16013579
29321725
54644078
37377278
48038465
1195932
9970382
41004196
25608166
47894786
38032763
61893715
53594552
42850921
19864196
36707111
34899531
47140177
48477314
27898846
30299417
16002225
3878419
19993716
45261706
37098446
60110537
18347620
1094250
41547932
62633868
24465599
45124179
45324961
35625911
11058214
51162376
56560536
16952519
34153629
5962176
53937697
46268798
66286387
43643570
22865357
63398953
52014382
21149339
62840404
25261402
65714299
29111363
44396728
63019300
36802770
31776587
27239520
18771811
41478644
42817942
51563247
55513117
26455191
34079544
45630057
59513896
40840191
41167437
57651587
65603946
14971823
8321837
44137362
38257463
66337832
30812251
30831844
41089956
14813208
55240217
30955065
20808162
10332907
2139899
17605830
42139897
55306287
59816388
31945738
63411445
42531302
3074260
23538998
52153723
54809890
28394186
26910741
13224448
22666110
60862571
1549854
41498016
14490195
11633445
13222781
26511971
27939686
59647958
61449964
27912081
19749422
53549328
8165035
49124488
21519705
65586897
62806630
16915660
43224173
48729353
47469502
14882123
51047485
64732993
17767412
65040275
9602753
7579470
50675636
39201858
52163589
30886390
19411988
19995640
60955633
60753816
26103893
24831799
43790971
49409408
51118569
38475467
30983385
60210782
60794401
57318227
60847835
65606359
49183509
1186338
27489279
41467893
4775965
14852960
32969474
9392606
32714973
44395925
51259385
21658011
49796676
18500133
29860429
56499049
38816576
16223527
55420396
7280331
11415389
46024637
13457710
43227937
57732050
20442345
11021813
57749403
54847928
59776065
32136001
49601116
36490766
12415567
38419216
18472941
35617995
11709047
15610897
14552280
62900164
65710806
11972322
47402619
20628209
31652803
48325536
56977608
56816554
43559350
26329864
28625315
34762087
38631365
34123797
21725799
15510709
52814649
57178020
26480569
51321314
3802501
25815935
61192796
21213410
59299762
40414927
27177908
65543099
19634530
30922828
59567933
44233456
14439469
53256797
65804875
25535197
25271730
6860029
11952877
6834938
48870983
66652156
37082489
24773401
14784188
66316431
31724800
50412861
18622364
1411975
9760479
47610295
35711610
6481207
19696966
66178997
27741961
61328091
46982247
31480504
50501773
41205988
60995140
35581704
33919426
7191416
58934796
59793389
12481258
2000483
33179470
17539331
46465329
12769058
13767013
44847323
54388309
12317280
52493699
30081427
60010466
6295638
56274399
40528967
33958823
6534814
33291489
39819572
57640271
3304144
58214449
56361873
53133918
10577428
65127320
34313925
3578817
37442410
6590249
57989017
7540744
63615462
34443737
17777524
48876779
24564280
5906652
27063036
40461812
31868303
65800254
14381235
61546383
35763966
15656673
26607759
12865710
54807470
17148753
65855680
36335178
26875767
44115997
9982976
41315706
36958796
51953889
37736235
6650037
38864910
21833890
16035055
25306294
24804736
60750797
4392255
3113892
63576976
59980939
33161116
49403065
22019355
52885178
1442035
37838972
50456820
62491399
1523560
53056985
49288680
18568880
13964053
38636694
27647527
47709971
19313819
26820894
15446405
66373727
42820765
54900723
42968969
16688418
59682000
9493999
43925131
32231998
43655267
56487198
33384948
26167258
58872108
31440838
13029118
57926575
56275132
62161066
18128945
50045711
33261588
36547333
19464538
17596580
9997011
13303925
36805012
50382298
14353261
23906933
43858852
25981746
46397284
30759830
12994846
39366864
57643248
43057281
21270098
54665148
61410835
24466376
24951519
12644966
39521673
61968439
36674694
62589136
42880475
23486904
32775073
21793569
47087491
40520631
59677184
59370325
51950650
41258876
17976122
34008497
58369172
45382909
19367100
39863440
45681304
10458490
46178091
2159164
5151021
4017497
51525774
47108841
59462072
49259095
2162132
1589248
33917761
29145805
53730148
48744970
22355576
59907056
57206295
24068817
42741167
12976775
5177343
60686276
3968495
103729
66568060
42701652
18863552
39923470
38166058
23963204
37712863
10416603
39538182
22317749
32555187
42146653
34922121
53066160
33906029
15023258
64363856
42585291
39850711
4841636
31857855
58927335
57256994
58291791
58091670
37615997
16031208
35220569
16989072
1050971
61562846
41878449
17612085
56950016
21581013
19669910
61961586
24405828
18464971
43646160
22880236
8595825
129364
35275361
63105387
54414205
44317944
65334431
42926500
45468681
53828908
7599866
62019137
11595262
16278534
31470593
63953513
42892498
30994560
51540860
56136512
59074440
26196733
41981710
29969789
59159035
62769328
63381145
58923446
21581538
51096097
55575893
26125454
11130565
43986385
61554637
40146428
32430226
24464762
18842420
31409221
57735939
8265269
49543217
48419220
16918357
25252552
54824048
40497639
20479913
16997152
12084140
25084144
17726200
22265220
15533608
66391075
30574948
11781962
55449118
56505703
60535330
150171
61375152
12748756
8570363
23741144
7698001
55701735
31392303
36131645
17585214
58950523
61072705
32400113
11144681
16385986
54541687
14962170
14126968
13807649
16809675
38378422
60078170
15512546
52604041
48211646
42782505
29761909
13279455
58935455
6913219
19716417
59079664
62797210
10033992
13844831
48632900
1666035
16085927
12245381
32454514
9544232
9586918
28559189
37736874
54002308
39039443
61274945
41809074
49485856
52436206
16961754
11823326
25380911
14165179
58485718
14904975
36343101
2950560
10479921
56318929
6083640
63501511
42661208
61104011
37775012
44376637
57975325
44604362
45892653
33771152
2377273
15940375
9552699
9410404
31289547
30085527
6674781
12865347
20010830
22446269
58711653
52089431
12025453
52573498
40847790
16912058
54069573
15864191
47512536
45607357
42428720
8999177
47703078
42664121
24198581
49293456
50148312
46064960
45551289
43326527
16921154
6815363
58644258
29408203
32926861
30902467
32554048
19612082
19957985
13655144
49303358
43545775
42411979
27009813
30917108
53287328
15573622
16065519
31259313
36494676
13960956
48348417
21330622
48644281
47248403
20354916
58538023
66308008
34820354
29512101
2438960
25164377
44689767
18785457
12483657
50938821
7887709
19089903
60702813
53150316
22719484
54077424
49324524
19904958
58610361
54110952
35521248
59631711
12791042
25836159
17900850
55132371
63590753
26403393
43641480
23822999
946646
11348509
47762829
30931243
51410608
5603586
29786474
36346440
59344518
13159002
25096507
62255374
65994018
54373939
18660530
46386156
11636860
16739421
49635274
62253777
43491472
18245426
55297564
54007879
30425156
57550622
45566194
55123891
62917665
56932525
6443303
45845576
42440992
30557384
18436593
50852618
34321829
57121427
20342367
55938500
59850711
4663605
58298090
46447726
5776537
20024750
61680816
44150198
51130018
45288204
14281365
23996896
55205178
60774752
56530914
15416781
61401966
61123956
11758882
16473071
8882686
25656442
7761446
30960536
31838552
23206992
65939397
44262305
43492792
63887573
5619418
592927
43534675
7756035
14484961
45874637
22944677
58104053
28821297
27646051
5142488
22354411
39475734
11442164
29058914
958343
1824094
55052261
43371614
50761302
12882246
49589174
29764335
6754235
10532085
24104220
33383317
2089564
26049036
54976507
10858269
41256342
18186002
49862837
3154762
36017419
52130666
42667498
45542778
53498946
8994105
42420782
3369726
26536685
22302342
7960416
24329553
49911769
54321489
24493655
33925195
37905866
12503624
3574980
53989153
18576358
44445171
4983043
43952829
50694273
55602821
65063645
65253604
63800730
18783412
49110369
5743307
34600499
3883492
16605610
5573671
18178533
37241321
2035102
43678221
4369391
57684189
59505853
39291132
21205004
44791449
33028170
31204212
35670621
41187417
58132065
16450106
3978475
6081012
24017466
59686431
47430620
56153611
55151213
6720820
18908740
38526222
45952592
47462520
17782039
34100313
14381510
34839927
31019780
7290902
23494704
53750785
39040650
47232630
16376196
3695213
58938017
1230517
60566273
32221730
56505726
59979676
60467928
43666045
46781079
59318226
56119486
14972862
4854081
56614966
4457314
30523839
47536478
41116275
20670194
56648418
64389010
37101324
17093791
58914512
39194163
19444666
15897417
34045688
7018858
17717985
53353932
49736053
48771925
24784430
26708153
34162897
51396342
38201595
58045186
65935980
25535818
37257271
20987670
35727990
4604766
22080369
27545966
63061056
33215549
55355842
19540865
34459878
58151716
43982786
3005335
14212746
55764540
34786510
28617384
44375090
57192512
64436991
22111012
40043114
65911974
6947285
38635844
33715266
32038997
65633576
31710982
17694447
19666743
32350356
27583225
51882770
59015642
45561414
35868978
41952165
53423822
48177526
23473191
39776459
11711026
19335177
22853207
26760259
31556882
17132503
40531083
17596409
3919570
23557458
32793047
37214672
60216262
48881812
11998101
27872668
9860545
45496294
25224736
24637473
43543393
9221468
55691527
61558012
50535780
27241182
10209013
25149709
57370945
47004398
11553053
4006041
2143336
57528556
51953836
27377458
41943755
61783844
32878077
15835322
58565638
51778362
65249876
38407883
46120243
45851266
59375023
12799822
66259919
3158239
20227030
18021879
44125552
65007284
23836291
63540589
56458142
60298546
64004819
10141219
58382421
16356275
32564593
58427479
46798227
58659027
7448154
12686569
36248931
4202783
51090684
36840653
38021996
50259151
38087441
40925249
34544413
28598170
32004330
52680719
18066483
39183398
62197051
60104369
35445941
33310181
40453018
53478952
27261032
47682544
47537824
60547477
3564396
51616899
63178651
164230
23986266
52341411
1037813
47276496
27178863
3399631
11222709
