31565811
63066942
5785129
42156291
40702761
15424150
11312411
22159867
34422651
10740051
38704697
44991654
57805756
7759434
29872190
22900801
20513070
40148286
52492201
10158063
20738399
22738979
48442172
20664687
36640659
31182724
32832626
27789330
58051152
41467423
40580442
43895548
38697723
4988728
1399470
61055468
21323385
58320736
18929659
63391699
28019086
62855044
33231238
28073022
59439374
15804525
42063572
64612663
47254468
50093664
37306477
42551612
45111603
56581803
11873777
40252625
52150281
18057151
38809417
38957513
17324030
11698545
7464333
55644823
42112778
30678092
39082044
25600959
61339770
46901430
19691525
61428229
55786876
29616914
15837807
20704401
47490677
9828345
12767022
17421148
49789504
33262126
56214413
53208139
11350235
24859877
63613290
19635367
18473253
2869286
30220285
32411559
39562648
24566586
30994544
48144191
66001057
47331593
41844468
4163417
58551289
20389289
5905209
26466897
14936262
13667977
46254008
33461021
45246646
34656748
312128
18616374
54004363
29916525
40861015
53469841
11717052
31846107
66330255
35061572
25618761
31753817
63290059
16646780
19251378
53367977
34198651
28680933
6884251
34257562
2563696
11323550
37452055
22171297
39521268
29917616
59269962
59957556
50394911
7677167
13319000
62345431
66238767
12264834
20761467
16385271
45804019
52071952
4998273
54044498
12127372
28833336
33472379
9610373
2888202
66615287
48364166
11165139
10406903
4754744
22290863
32172874
49905098
53428941
21158621
28320470
43787660
16026802
20819054
14971433
22728730
22312314
44428874
8922430
2518043
8154335
40162625
36389882
64554517
57462147
19374993
3390379
25270544
9640220
66624315
48441969
39110194
60976784
21390599
4261595
20530548
55261673
1985135
17686679
42037366
8829424
37481895
14355710
12571533
59968079
52982762
49531169
19736756
17057381
31835544
45399034
591417
16629597
5235223
63135533
27424234
15073392
11369940
54488531
31933959
54480153
23034143
56098493
30327756
9935665
29412951
11122514
54684549
55629720
43645193
33875537
37506600
19333569
45259448
24692190
4648890
42661824
52228351
9150745
35925174
1185105
65295378
15934823
54671968
45030432
10974544
11937074
53992430
62474569
8410603
50554987
25435889
41084943
55185993
11588581
36141985
52197097
31949484
5439963
42716019
16398464
36933987
54950930
29606989
27046690
4261724
33720978
14511022
35299058
44094898
1637434
61052430
53743538
43263227
29823363
24498839
37899580
14944972
53050468
8533473
15988029
37509923
34714718
63006876
42479158
60028019
21556521
49035710
65490441
54177553
32628402
40821113
10463739
7057061
59405203
10008292
41439960
8184831
18006436
33277102
47642525
52851165
5105557
28226611
49056371
52868435
60441949
33516074
2101680
43351777
32996423
15463730
12329104
54942388
47175491
9698785
1428620
63214830
60243997
61646408
60046080
57504224
64302172
42485442
49106198
49444021
24839745
40264014
4873727
15810972
20383393
52525754
24737020
40677454
59863303
55056250
61215875
55995175
24147685
8638793
17918587
54781143
56835849
65342121
61532845
24891229
65067749
52754743
62383016
25700887
43175660
3480081
46374519
898477
16248245
40753320
8344956
54800537
54800199
44448742
60614405
51527928
16939317
66744502
40339843
31380935
12184580
6632573
38377372
13332370
23768810
10890992
24488722
11426468
39616466
23023528
44811154
35858936
66362170
53801412
36983205
36013364
6918542
62436218
31332570
44360000
57758929
28402382
31640786
50739303
62684350
16740499
21251632
10643035
49531897
2798282
38346076
50324147
34877022
6771382
50180599
15126071
37369527
32258736
31946016
2522030
19607437
8387774
33360340
48008966
27551715
5439771
60790172
54300338
63067419
36498325
24517118
11718339
37829551
61894566
58150658
60953282
26725561
15325424
24512082
50382600
29964729
51996219
28169322
58538801
37552934
48870747
43553050
21741088
41153822
62529377
49182419
56272092
40912061
18444430
37225987
22766112
53238179
34459194
18304741
43436454
56010002
45808624
35879304
61669711
59391170
6855786
36713393
48927741
50402698
33854648
14325590
63870671
62678773
6978533
18389029
17500808
61472056
57400708
26276812
57181347
10911831
34723241
21199743
64941733
12595871
43442367
64521051
49801971
56500150
62617525
45644014
26654922
28262086
20026391
7130569
26185024
38621862
51311256
38030624
37371850
47545360
62003785
66617202
13358289
62522729
59914605
19094048
15735340
22763193
29033224
6548365
19214217
55613341
66531809
21866380
55131599
44643400
10341666
61258619
25368537
14360097
23640781
22250123
30484400
19301647
17365547
17341918
56600060
12828276
55267850
5846573
51392079
57926020
32815876
59426636
53748326
4360040
6142728
39415417
14321660
23818566
18342806
61576050
60611902
21000862
25011560
59271920
52196659
46231774
45408566
37849711
39086277
33791003
36890232
22681750
13566790
6472161
30987388
5402061
51742761
27525526
13252150
18893633
52894515
59956045
63883925
1432019
14641502
61073724
36727596
22404522
39815349
42634227
20290781
3401495
14582223
12256683
30755327
14737080
16036454
58708895
7306545
63809248
50990612
24508974
30903113
55287656
2715727
35214030
52048299
50214887
35945861
55753161
48843876
17050123
66474287
31189364
22481426
36003063
52459915
13586940
9125701
43193015
50115387
54915418
27785151
38783437
35534325
7035462
10875108
26444029
38125065
60372529
24090020
23092899
22877199
29602556
62447418
65467806
26080600
11119320
9488447
27735241
33637856
11672883
23593505
10229828
53387295
9118801
28876400
36460347
60954209
34060958
51539741
45245137
6275667
39722236
32725925
42943341
16794431
49091337
26586907
37885032
11491954
28748744
18944291
51378627
43986657
24969535
62211134
61330469
39532357
45872685
28204143
11435026
4217493
66388871
59664879
8413747
38674140
40647366
10197206
13200026
1818673
32362695
24376783
38368224
66429837
36498895
28584847
26552378
51067198
46858205
748702
57339701
30300135
66676666
51892437
30080016
8819947
52424202
22975832
53904114
3060113
48155691
32939219
12906168
43408396
66183750
23283990
21824741
46817743
33446292
28022922
43497592
33218516
50870566
50102824
31254915
57983538
22067326
6354052
63123963
33611940
43125940
62572508
32210198
51091717
24674812
50547062
31733322
10337422
24666505
64233127
50213103
12058398
59626257
17411992
41253750
41371383
53143845
34421750
56385367
39114178
30593569
5172766
1393163
45256812
115550
57240512
32968152
6774457
39095077
29212015
35065364
53108005
13503798
5189468
33691428
37217126
5380946
6674386
65198697
6784248
46997598
52390252
59310718
23912058
58871515
40936945
38529501
24890689
1653094
21067381
58664367
40652595
6796209
3958497
33551135
65154421
56878760
40368627
52427131
4243549
62092633
19274676
11601853
5562565
49606
19623364
5010398
11095502
55288407
46906480
11495806
26413068
31828876
43831921
27879851
61861336
22260478
29888625
14202429
19413951
24028717
42663970
38341885
10675100
7398111
17061473
11345830
54813584
62174721
54098355
35337818
11127664
5369548
37746184
4775935
49384386
48898299
31418624
25561095
66140928
18018981
30256056
8519420
26048315
19803587
31319547
27115063
26202441
54326513
42553520
44690885
50817281
26030862
25770851
66516203
42946533
6935629
35311344
13333420
39171957
60220392
29499328
53303104
51692984
41525713
9787630
25698032
10438994
64934319
33588800
34704652
32165689
64874214
14689341
66562225
32671417
53676591
6047632
66697042
1247464
2081065
5309397
5527119
13797592
51146865
29102040
25811202
29735170
48801984
50945577
48252796
42425677
28248986
21945019
52599179
21238150
12362186
60958823
13653513
47764980
29401730
19121672
42595870
61453784
44614447
59759322
63041290
4729884
45228904
31339250
27980621
19695299
41705094
45925564
41181758
64557907
11162730
44705233
52651467
60806996
42049757
58299316
58045942
25457091
3567977
25833292
42121691
9425126
29396290
54177552
46978543
53865147
45943147
47164097
57835434
54170092
60734583
29545101
8188081
37952071
35501254
29851038
47558460
36856311
13063489
22487595
25626623
34232625
13448828
65630795
28247894
36103587
29100095
51161463
54447737
13142970
34888742
33698670
29983920
44574979
65089926
46079440
66593261
55573722
27917071
44531747
27403771
33131813
29340561
43768368
42496187
22179609
64736484
59885360
4105171
12608393
27989862
58598941
35392064
9690927
35140406
21378599
25139409
41432352
51262388
21010272
45723634
33427875
27799046
38131384
25570053
18970322
35305251
29599039
19241843
13297207
15782031
2627202
22451876
23122530
52468533
32112692
42156838
49889513
47940482
52643836
41688317
41172834
59086835
19449659
12812664
20708856
50081447
33318306
52804219
38769079
21593141
26196083
40495567
43736185
26125299
32251301
38595730
24835574
43271539
61052564
43007697
17842187
52671181
49543955
52928857
50149733
44674157
51522126
17116677
16530919
24188485
62537548
34139235
13724803
21998294
26184301
35612880
25208111
37759756
29333316
55781914
53142642
45840301
58413244
47730592
3964809
5030516
7413243
11835139
21419399
66281638
6402075
15982936
29076840
49535523
43461672
62862527
9386190
46491408
31593673
43103123
12107841
35930783
20658555
56378768
24678405
20246295
5092220
44278816
48563332
38160998
66600997
44249810
46211958
35938016
48357743
11512721
8271353
9763642
25995841
22242368
35304368
17799638
53596354
13547605
4960499
48004717
43252166
62334286
57589525
35017502
28577569
61336087
62308064
58244027
47504604
54846384
31729854
32409645
18831291
49485321
51546127
28513200
9603216
25535469
42278875
32811659
51174188
6651995
15110391
14580132
10591959
10549003
25522928
1061932
62322350
45806988
41851568
24643606
42180423
60138167
24834565
50697519
36052881
20292440
63065559
4625608
4863849
38011340
59664038
33928468
55680448
59684084
59256889
49903353
46960674
8154634
65811534
12905203
60305791
44315843
49369234
60499117
23321425
53882887
18116715
62783814
29598723
54381679
29800941
20718993
32928165
65387589
64031181
5606049
46392308
55358965
40360401
48510934
20195081
12652129
5952405
65798596
46441589
21263561
34309715
14587547
39363007
3378934
14293605
19981491
4391465
64101512
4977463
60506970
53737975
30317784
39309969
46817889
8051898
50420414
59627778
13035465
6937986
22384385
7997587
8418791
52800191
47954791
16543070
33065990
17386589
55769095
27359743
42605147
47085236
4379542
62613247
30380705
45236614
21622078
42961708
29337383
6718020
13503280
42213002
56091670
32268453
11901082
48078586
57775330
60262911
42770043
30569501
44819449
26900703
2310455
12360738
35456581
48870137
4053884
19610569
64967296
55212443
46110478
14921013
824130
50915798
23628303
44673833
4886340
57196277
1405813
45356194
16348271
59865728
31633076
50997957
24093936
14235060
10621008
4074613
9940905
48301312
39665854
29199509
25734951
15400577
20353152
37286723
59375878
26789589
1125843
8234052
57964723
61500351
55671816
61244466
54447490
51510822
18024307
66715215
50535333
3635493
24495905
48071767
24964367
27031324
59465701
59004703
2862729
59577198
35904276
66611598
9345786
28452772
50262081
16572234
61554795
33721979
15383486
41450202
60684097
44360699
49582408
9993410
53287443
31816634
31720226
62638152
44834983
41926386
63314756
27164396
8995572
9038766
28975188
10478890
30452727
29583893
45548321
28397446
40674950
32107690
29284034
62008034
33906831
58018449
19735624
19436542
1108744
5974430
62997343
50830924
15868205
29940937
24564904
49596388
27106226
19691524
45590778
44548885
13603479
12978314
40992950
13450825
55048943
64431601
25602349
25656227
7985015
59793979
59834706
46503083
43170097
51507980
65276255
18744515
56574933
930259
21920111
61318097
17944566
59762660
44317170
27319280
30675660
40817832
65729182
21255150
20185176
20679312
42942798
30638760
3507012
25954093
21637188
53811494
34565662
33953047
24086730
50798801
1747723
49212549
50212178
9145368
53636193
48177533
25763302
25014375
57340424
48758972
64763370
41290812
19315189
55573899
31030785
58917569
15159978
3275419
54341370
15655347
9755928
27348236
32394883
46536580
58062538
4422449
16022098
42657023
52201172
38420111
33450399
48312536
54737288
52525825
23736708
8635461
49892955
13194779
47197130
41661507
11832819
58207538
30207082
45400673
48818107
51541667
32722969
44342284
13100956
45815833
62672509
58497161
39541926
32113075
23086988
53070091
22083047
11160903
34278164
2456965
22072601
5317653
61154360
42907924
9528290
63154775
53989659
3913196
6476033
5494521
8473143
29122748
27659829
26531790
53769034
36411041
17611128
40664670
58070129
4552311
65908562
25927612
37676100
46542660
17739963
27930473
24508877
10606954
65816246
37032706
18262846
30443497
49443187
61099402
55050249
58705464
41352458
10340111
21948907
22969194
34443068
19886730
51896711
11837213
13579561
7960233
17193663
38618521
33343351
14167667
53437884
35956374
20175094
993919
49704503
786954
53008503
6226847
45447614
10188982
38885266
6622657
44211785
14838867
46772560
421015
22062219
58455773
57859312
16533901
64656364
22299179
40557675
46411576
53605491
17884475
14194590
64126848
58215646
12154257
4728855
33269665
26563593
28429069
47167762
35784890
45387034
18880216
56261877
29928169
30575452
11830254
45457132
48883515
54588241
50173326
54562493
15187000
36228762
66681147
40088119
7778963
62917992
29368422
987983
12743248
24274177
4212129
4056211
55983994
57132254
49694048
44042787
22945667
50892807
8011299
57487845
50375440
33192172
54827716
4040186
21337536
52754045
41739953
62016492
22307711
59480910
30966171
50980991
29650701
41412936
44074930
26352738
45679168
26710649
1650103
29502176
44475685
37180031
65221460
28615426
42564158
23323290
44699253
57099327
42508304
5403714
2289485
30765975
42033281
21777126
5586281
4283982
41285113
57207157
57270023
1837462
50641058
2503650
46518673
11183617
36802694
47099424
14052025
58803285
54054200
27905508
36695203
30511124
66466632
36585851
29313417
58783763
14030847
29502663
22888189
24690369
18880376
32988720
38515115
3729980
65946758
20919709
29958053
34665093
15821307
53713734
22763786
38831238
61484543
25961676
57465869
43974839
30286040
61443526
3239729
51270902
28793266
10359731
22689190
47793511
8200702
31678605
50135486
10238742
32002686
19651559
8441050
50441964
10389760
6581150
5648533
24778363
52755396
40141147
18253333
435910
3343667
50314271
25944922
13921675
50417183
2478123
26397919
57763748
520053
32523865
40219134
43762840
25720629
51066564
52572417
57785088
58324663
31800378
25539080
54016281
21208669
2778252
30727706
48066797
10791855
5259949
65261335
64117317
58237722
22409290
62939893
17254306
64424373
55906826
28137439
38452599
6195555
12920055
41486024
32811723
11882745
30285949
14650988
11777575
38828693
27396125
22480869
39391911
13522564
45796762
44588026
36596903
41602700
56460569
45720345
57356903
12339823
38308066
45283764
38134145
11637847
42924711
60411787
55012147
58905968
15883293
53835315
21014276
55768573
61932240
61999697
6351742
52344902
63918828
20949217
64090034
59635058
12287659
21700007
31564187
61414100
17929519
1104058
61980894
19414545
56303986
15267580
56822737
7161741
46263456
35725833
49899573
36441374
45021966
36787804
28665364
46585617
1852205
64409610
3358377
59133393
32131755
52431227
25799029
50291084
15513251
17759301
47452806
19007507
17612411
10324142
10666849
66648898
23043820
55924657
46953623
13430417
12453931
31355840
23136163
55312210
40481815
60542325
12506295
57182114
38588664
13455022
42901887
18169466
28437754
21126729
31745340
10379264
58225073
35538552
61647125
63377459
22644298
31590394
65983746
37792133
50557133
15725356
21428992
20720632
2468736
35729195
29297089
17570607
63985164
51688861
60172640
17784584
29574821
19321250
34313622
4294442
32258467
19935683
9010778
33525370
33973467
11976769
11368144
33257567
23804316
36287389
31472446
21751175
29139119
21317846
34601776
43482521
55538387
60842363
38147184
46537581
36584002
30028505
50872679
23556217
26146924
39096299
18446469
17585648
22531678
63517783
24034416
559422
35433209
14088776
37456916
18803844
29697374
64243416
53353732
52907270
64205289
14819164
37370181
45936941
43948199
12941185
56153463
29849275
43149873
44210103
37639007
5418977
61702068
64280821
25131940
24095914
36421057
16930509
66474992
48181496
29347759
26770239
24804807
41787459
55920243
23435476
35966536
33867550
24575951
7231654
563748
63899974
60991260
62862673
56465385
63561816
10925841
33837024
46283775
53672416
20079990
52682401
60407192
25156583
28950747
37218176
56446738
11484093
39112686
11543770
52826139
37307672
57305930
60622356
12199274
49814066
41150186
4762525
47117530
3045850
28256720
62712792
31269932
59587217
24416680
11103924
1224780
3848250
5171676
41642105
43950269
44743634
61227090
48825035
21922377
29088620
5945132
35895294
58498308
46287969
43920484
49440670
18181946
42383328
53345479
64104632
30666298
20994561
60764912
53629514
48176046
54998888
49120095
59946715
49775367
33694879
25597936
14124520
46956031
56002050
38040376
61286229
26464035
58710383
48432300
56535077
25459260
10168227
6900522
21246719
6641570
53379131
58980001
24563423
2801456
55816924
25193882
60573408
53175358
12061215
62866939
60751438
15063615
48720941
32422635
25625822
36739202
41567785
8873200
33163816
35086245
15767742
49110063
56703821
35947182
26371462
52192473
38690100
48370114
30031708
40948806
19527249
9054082
27896966
31508492
27363541
52883982
6554729
46398878
11610804
58278236
17652971
55373473
54807386
55309144
42570536
50831217
47896360
32130194
11251269
51471756
26798990
6918832
5196830
49878186
51229886
47990092
777803
18430226
17749626
462170
11881951
48431434
55527751
42251352
26059415
32252584
18138500
10147736
19275297
60518434
5949318
23831595
29620242
47346594
58852067
15329821
29458935
49879510
23528339
12346324
1634016
30403781
21487024
8361060
21011955
49418226
3441683
40523640
47372419
20996839
20957959
58975203
17533902
41182013
26020117
14886780
41793203
4913134
23343597
49499576
18685937
14444786
5673405
53656959
40138131
47044885
35797924
66275712
66434072
38472632
42764186
21593144
7514377
18853877
43028283
14101346
52189655
56039372
7227576
53649845
22371948
2224896
6830650
65887136
38214620
27223456
19262951
37338220
66523903
28836626
66620160
15216339
63093873
45894041
37326738
60569038
42806986
63215288
6407093
55277844
18791990
24901084
64869032
34559716
20369266
28088680
50616527
65068914
28813103
15425505
22447267
65242330
50625273
41861748
3145415
63508165
65454397
15804687
61003300
18208087
31105162
42772160
45823885
15395344
17735548
33294162
56627379
23412638
30567874
43234599
89906
24448227
6403698
18558582
52731452
27577722
32105190
64856842
4695240
8004776
5731322
65286928
5457119
52392904
59922472
12076887
36586624
30433263
30464051
17107461
49317679
65634287
54846393
56804260
49103116
26787257
1431583
50545688
28925564
45603615
59819543
56963886
44509479
13140234
26539196
29739096
30515896
43057152
35824613
10547955
63125134
16339023
46476870
21154856
52239362
55260547
45259854
56189031
61518260
3609700
52603415
40012191
5121589
27423456
1775963
17443385
38169826
25065572
12613432
43541906
41455323
40314837
60926192
52010770
29763353
65572626
649422
65084298
22554716
56503227
24394514
2672318
54535110
63968318
7730569
20660249
54184356
51808082
60631963
52733754
45031596
31746592
61073396
27653998
24258946
6526429
62663740
60964502
37638573
51889853
40915959
19551933
54874093
48408112
27175056
36324202
47712314
28262533
58880100
5637445
54820352
47215476
55563424
53461813
2510909
64497560
17682398
7555661
38740150
17786907
38569839
9289694
6723355
20171772
50904911
54214344
61157125
49847533
33597891
3349600
6393231
19789571
12398025
53817624
31948964
47409690
12818436
17584440
58767555
4270612
59221850
56707698
24195157
53899645
58367752
38884794
21869
58870536
65328350
58634907
30117854
59424727
33216912
655582
42917949
13027124
11739040
64675896
16382613
64331822
35767612
50208085
40070211
35570411
53441882
25867772
59492735
12723440
13738132
5598934
25707309
41635844
60720083
31294345
18897060
54758629
26131080
33515375
8456288
24882765
15801132
51512177
53315050
25759704
38655729
40060627
44089157
52815275
2279721
2133938
42795628
30222535
61500740
11852807
28945759
8080358
25591294
7273797
37341286
53057566
22826588
12053770
36425926
46267676
57094057
66221953
65135679
26779728
14049576
46640187
51094145
66414308
55699858
59090330
3982409
20350253
47749242
64553185
37731774
49916806
18729872
8292984
35683189
50642549
43596226
30953880
63856243
48849665
50803813
11126873
51580327
13011371
31524920
44240359
51069845
60869375
41244110
44248912
58837745
9262067
17834968
22893154
23215882
33466423
49267574
28421427
41208252
21787760
53309431
23694384
48429125
46501784
49682168
26021290
20062745
40180679
35621860
48611658
43604430
65044295
57729708
44798850
64515361
65563052
33043250
45361662
32147399
64704182
2260976
37444014
26066031
47626721
29331206
36494076
14607706
30242794
52839025
30817928
54600393
4399805
49038826
53339369
37675711
18440361
24847969
61359192
23090143
38669759
31357192
9860751
54726680
36822860
40884245
51091008
38058754
56705022
20141608
25513272
975616
33407896
3546152
54365910
54668353
50074998
40714730
30960090
52693189
34079280
59620596
10240864
7054909
13970573
27164766
35144256
29971792
7073855
65803321
62511044
1844459
23377754
23910164
55560635
59480207
429059
54787519
41115001
58836969
29353941
51602790
57770208
54771437
5272455
37396545
41683017
42821554
59184540
45241258
14984516
32152945
21362356
63616277
44223194
55790852
24697431
45323376
41271689
50347252
56785047
38213840
38286451
52667553
36290042
4807027
63029666
19185147
4402046
30795480
22271652
26437063
22733497
54640385
24006015
18668504
28113000
27871884
4454976
12932667
53183740
36582737
63997161
42574587
34917213
57150560
7442438
29786330
11535502
32026399
16111298
59755567
11650679
60955617
59230746
65315347
52753590
36903571
43581802
22683066
23137647
24144196
3120170
28528921
14304616
23140011
59603186
49198761
6759010
35226616
22866896
58011135
5806132
4888222
57080369
44669347
49604239
33885630
44160867
17593703
19306648
44405207
35758811
20049605
44811222
66185102
7622525
1274142
51059434
42603551
1530917
30746810
30860422
29129916
61406018
25830045
47562505
12797266
47734115
42174123
53923643
51239412
36265110
6890594
28244207
12854395
1569519
63351931
43825900
49348493
29574269
47055630
22943762
10052883
42093618
19541365
65667266
44961120
23708615
19961777
5968432
16325682
18222901
1155509
3424912
38044235
8896057
44236504
32268521
19237782
58662199
22104103
12174457
3968246
54020101
17461263
27489889
50413246
41488426
60507970
57250300
33766447
38599819
11549981
62963257
54020790
44999618
19309231
53307058
53965493
48288128
11351125
28143244
17052870
32561268
31653636
52987261
43900666
50458566
44070276
9118906
34048135
40313414
14699760
55049504
19622093
22644556
47342543
46957482
45707310
49725257
60827857
2527730
43599042
15185754
2366041
54071295
37982669
53588786
44983272
48356923
23108860
27301115
2712658
24602822
37564865
53963413
9320076
21848366
39976263
63352651
50270649
23580456
49144375
62337427
46864138
29346267
22343524
13691329
56729194
62174194
55626688
38966658
25906912
53890092
5857084
35619587
48048074
36417610
18436607
12163780
55769220
27300936
7448611
34692664
22665063
38889461
2545764
28956125
30731628
17121269
18252813
58812120
24369026
48627709
58084895
7696585
11286528
40109101
4277294
39428118
7295399
52997639
9566788
16691980
43644924
54122171
47958412
41481583
39419242
50053508
54694836
59976934
13621013
31934674
2764719
13214271
27033604
47377524
41732836
29666993
51766243
16197028
38188531
46060890
54943044
61143296
54967709
15160584
65842031
63801160
28549472
41266292
55562301
57697972
31530093
57905036
9485787
46806593
28495254
42930177
1018592
7544683
9147982
11535865
7936869
38687275
1059573
40446038
43021298
27031339
10653073
64820362
35998133
59950885
26097580
32663046
39896424
41487311
32276696
27877970
40762190
14606090
17289817
29209906
30865414
54885125
46406717
43174966
16713808
6056377
4526637
48843298
30452707
18158001
4993506
4475422
65495290
24460251
61290246
56363852
30997261
18913660
37658666
16102443
5037227
61041766
40884095
28459431
66483245
26932578
46457261
53762794
24525160
61721401
31824469
11337743
22039423
20608601
48658167
44118016
23735652
43624686
39571752
2082833
15161048
54974099
37391656
51001095
15345992
31073368
45652994
7590727
15462728
64878178
47009087
21065384
54683107
60903553
8408434
42559520
33581015
59902515
26462872
39438071
43739651
54298681
61936610
63917175
55468528
60241660
31509072
4411559
55073546
65644979
55361207
47022823
49896387
32144745
30100279
27367115
12723129
34831191
9185962
35069227
24014522
12260642
33375893
24019289
11121829
37383164
55214855
18779915
28895941
54527700
30339309
56319798
57767056
32295722
40536528
65319094
28346005
23592094
51514420
789974
7029003
52349061
48741608
56349789
29144713
53788362
42722730
6534513
19289631
11296983
13516550
12910146
14369199
33177382
53440913
33991667
32396679
29187638
42441101
32562458
12633241
50534937
49870878
51498410
29882964
36975094
20532836
25107451
28695084
13319862
38502582
44172584
37758813
44180786
9806225
43602607
42495700
34302478
1037229
480519
58539564
3613821
50373055
19643500
13951040
37386849
37186659
58867114
10456491
13407477
26714437
26569779
12287152
25146255
13740257
32702878
47134314
45084021
61275043
15319613
17198549
8520168
48598549
7175367
38311513
17067504
63793893
14656855
50442217
12194071
34916425
20226106
28665424
55040920
47331270
61315620
48216031
66386479
40482950
46211908
39996914
34881516
66431656
9744674
52659863
18959395
46235504
6986340
4978630
34316503
28730399
47640271
20434863
51607510
9754453
35859207
36044218
13261146
7126442
46587718
14021585
32914403
63790163
3966574
16703341
8689418
60868005
20612501
10232021
34790036
55981145
66455028
12086558
65974415
26376981
58142491
28830884
8938554
6529326
53312331
61948154
45091256
41742685
63659965
62180864
52128524
47407665
2129981
55070298
9787975
30473584
16156140
24651642
3263969
21304297
32222706
50314493
39651608
22833003
34067465
57909172
46036236
13512388
66061170
20833755
22120347
27450549
50173833
30494453
39265633
22877654
47381932
47537542
54455324
29739672
9867982
41223709
52570315
21458976
52922557
57596832
49044873
56713599
63367783
40861470
36610998
27778087
44045789
24663700
55527311
52127568
45621691
21281826
12507031
36136612
53746436
24749931
6167116
61571564
58485949
18029712
17784357
18336342
62496193
49704231
40503573
49988251
25559344
43923994
30221806
55465942
61150475
2396098
41173368
18102347
2210495
23380231
38519566
10254373
50295194
29538843
37006640
13081228
64573903
54117136
43131836
49021435
38677690
49001696
63905567
59994589
30044734
17928476
53228868
52813105
46664357
31021110
42811576
32009729
52380082
