0 82
667 0
0 1256
1 1035
701 0
0 666
0 1226
444 0
0 553
829 0
0 172
364 0
747 2
0 325
597 0
0 200
0 635
0 489
145 0
186 0
2 90
499 0
0 1126
0 152
0 449
212 0
952 2
0 18
196 1
0 505
1 1234
0 299
859 0
1103 0
1 305
125 1
852 1
1270 0
0 906
0 83
74 0
192 0
0 13
0 756
46 0
1281 0
523 0
450 0
350 0
3 462
0 280
152 0
0 13
0 85
0 1102
350 0
1365 0
0 756
0 88
0 1017
0 83
77 0
1072 0
477 0
0 908
1 1278
1 830
497 0
0 438
0 1077
0 320
82 0
642 0
461 0
0 1162
281 1
454 0
0 1037
0 654
723 0
0 395
557 0
0 86
364 0
389 0
961 0
0 603
0 32
20 0
688 2
782 0
237 0
0 585
1 359
770 0
0 1066
0 455
301 0
282 2
1 13
0 449
0 383
1 143
605 1
0 166
1 52
0 161
70 1
624 0
983 0
0 1137
0 752
473 2
0 666
343 0
218 0
0 106
451 0
1032 0
0 117
0 844
1 299
0 272
341 0
938 0
667 1
0 677
0 742
667 0
0 197
1199 0
435 2
0 22
542 0
11 0
0 923
274 0
675 1
0 482
596 0
283 0
904 0
409 0
0 935
890 0
0 660
622 0
53 0
0 381
0 956
0 549
1 992
1304 0
900 0
0 341
1 626
211 0
1 810
2 696
752 0
143 0
0 1241
472 2
919 2
155 0
333 0
1 972
315 1
0 991
0 276
1 434
977 0
0 89
0 622
562 2
256 0
602 0
0 746
725 0
83 0
210 0
1026 0
647 1
1206 1
766 2
1 129
1 1331
1 353
372 0
640 1
363 0
1205 1
1 1040
0 104
0 246
0 723
0 589
522 0
0 472
0 269
705 0
0 400
0 301
752 1
238 0
406 0
173 0
358 0
431 0
0 376
0 847
0 737
260 0
560 0
0 183
515 5
0 1031
373 0
924 1
0 349
245 1
123 0
39 0
1035 1
992 1
597 0
0 299
286 0
53 0
1 535
793 0
1080 0
112 0
0 143
82 0
0 40
411 0
431 1
0 127
0 114
0 143
481 0
685 4
17 1
148 0
0 1348
391 0
720 0
130 0
0 378
1278 0
0 122
123 0
632 0
845 1
569 0
525 0
0 732
4 0
0 932
1 509
0 239
0 923
0 762
0 256
233 1
0 1247
0 33
219 4
53 0
0 1314
1163 0
4 369
371 0
0 198
1076 0
0 43
577 0
0 56
1 565
0 468
389 1
1 115
246 0
0 845
680 0
1 821
1 974
129 0
409 0
0 88
0 507
1 418
0 659
0 103
1 39
192 0
110 0
0 1082
172 0
0 257
852 0
1154 1
1 173
0 227
0 610
1252 0
700 0
620 1
769 0
0 156
1117 1
911 0
0 1056
0 225
974 1
527 0
219 0
87 1
0 318
0 63
0 675
0 999
247 0
2 6
0 929
68 0
156 1
401 0
0 201
1130 1
1 128
287 0
2 0
0 766
0 77
578 0
2 139
0 778
409 0
836 0
0 786
0 734
0 324
0 885
425 0
881 0
439 0
0 417
295 0
211 1
618 0
1 197
1 132
752 0
3 293
1 10
265 0
498 1
0 52
1379 0
0 352
48 0
0 267
667 0
0 369
119 0
391 0
0 106
293 0
2 1345
0 622
0 339
479 0
0 1248
0 371
1 680
0 461
1 283
733 1
857 1
0 13
333 0
0 513
0 152
1098 0
486 0
110 0
376 0
49 0
0 257
1249 1
69 0
939 1
0 898
0 120
73 0
667 0
953 1
3 407
273 0
747 0
139 1
496 0
707 0
0 1118
874 0
1 249
1256 0
0 22
384 0
816 0
0 1024
336 0
790 0
860 1
1 62
1 979
526 0
93 0
0 658
642 0
516 0
546 0
1331 0
229 0
0 1057
271 1
1 16
1 878
1 286
0 213
761 0
0 1180
1172 0
0 242
90 0
37 0
492 0
0 9
0 403
0 186
0 190
0 78
1 589
271 0
1 165
0 166
0 815
1 14
579 0
697 0
0 825
43 0
0 688
67 0
0 377
3 1330
0 98
0 190
867 0
0 473
0 157
2 534
71 1
0 167
269 0
0 675
0 417
0 152
533 0
0 265
0 659
928 1
0 467
710 0
1 285
0 807
743 0
0 279
198 0
0 32
85 0
0 144
0 344
654 3
1 147
566 0
0 494
1 824
459 1
68 0
0 256
40 1
0 188
216 0
985 0
426 0
0 774
0 169
1227 1
860 1
1 48
427 1
331 2
590 1
916 1
1078 0
0 98
1 435
0 1258
0 308
0 1097
0 119
0 653
551 1
0 927
1 804
1 591
1 526
113 0
340 0
0 1269
0 1026
1 181
0 1239
0 477
371 0
120 0
0 515
1 664
0 243
64 0
410 1
864 0
643 0
0 38
0 363
0 133
277 0
912 0
0 1106
523 0
0 51
0 576
1 413
126 1
0 459
0 548
828 0
0 1244
0 260
0 512
896 2
874 0
0 236
0 120
1187 0
28 0
0 4
0 133
0 414
316 0
0 254
64 1
349 0
0 20
179 0
1142 2
0 402
151 0
712 0
863 0
847 0
0 406
0 261
0 683
0 928
0 1
0 48
56 0
0 578
116 0
2 442
600 0
306 0
0 26
83 1
1158 0
475 0
836 0
271 1
364 1
0 253
9 0
1222 1
0 1341
757 0
56 2
0 130
670 0
1 1347
171 0
622 0
101 0
445 0
693 0
888 2
223 1
0 93
330 0
0 200
230 1
0 157
0 109
975 0
0 466
0 1211
0 1118
811 0
0 990
33 0
0 1091
0 728
66 0
0 699
1 531
201 0
0 814
1170 0
0 532
107 0
170 0
0 22
430 1
1 465
59 0
3 7
1 727
0 160
458 0
0 1083
0 1016
809 0
0 196
250 0
0 303
0 637
18 0
66 0
352 0
789 0
436 3
0 110
0 289
0 36
252 1
63 0
312 0
1 984
1119 0
0 323
1202 0
131 0
472 0
379 0
0 948
839 1
0 110
0 549
529 0
2 269
38 0
1 195
0 299
0 370
1 460
9 0
0 643
1161 0
0 1017
0 506
486 0
0 571
135 1
792 0
0 825
0 767
0 785
814 0
647 1
0 807
0 390
694 0
317 1
0 190
1295 0
779 0
1 732
510 0
717 0
217 0
321 0
621 1
241 0
1 714
0 589
372 1
657 0
1028 0
1017 1
1 406
0 96
91 0
0 332
204 0
1047 0
868 1
0 695
0 765
0 844
957 0
0 636
0 48
803 0
1 1073
0 977
0 279
0 1211
1034 0
0 1019
1040 0
0 765
921 0
92 0
0 338
706 0
2 224
0 355
150 0
0 95
327 0
341 0
1166 1
0 512
0 502
1 92
198 0
604 0
0 126
428 1
2 51
1 1184
0 838
344 0
0 630
347 0
556 0
230 0
0 394
914 0
186 0
1 670
645 0
1 270
161 0
0 471
1309 0
527 0
0 204
161 0
835 0
2 338
124 0
0 469
-1 -1
54 0
450 1
765 0
359 0
0 368
462 0
76 1
0 49
1 485
0 637
0 648
664 0
34 0
0 1298
92 0
562 0
456 0
1095 0
0 706
611 0
0 911
9 0
269 0
0 168
1 356
325 0
0 527
502 0
0 1027
904 0
0 361
49 1
0 124
0 310
0 556
903 1
142 0
0 367
0 98
0 401
0 779
0 435
0 320
0 245
0 799
309 0
0 109
0 22
752 0
0 377
168 0
1 144
0 12
678 0
1 309
304 0
687 0
0 916
52 0
200 0
485 0
0 422
0 440
126 1
526 0
1 973
356 0
584 0
478 0
0 522
796 0
0 313
530 1
0 1114
0 991
0 365
218 0
0 281
0 672
1 304
795 2
204 0
0 947
388 0
0 140
1 79
755 0
0 198
0 871
900 0
1 301
0 573
0 78
0 959
152 0
0 761
0 541
0 327
193 0
0 780
1 459
1327 0
0 1064
52 0
0 718
0 940
32 1
821 1
31 4
1301 0
0 429
0 67
0 866
0 312
681 0
0 1001
220 0
0 1124
0 1314
1106 0
0 868
0 568
223 0
0 95
1367 1
569 0
444 1
0 898
2 282
0 551
0 1274
0 531
0 627
0 635
0 540
1159 0
438 0
0 975
440 1
399 0
266 0
303 2
0 302
1 356
509 1
702 1
103 1
1 789
1263 0
889 0
659 0
0 1021
662 0
0 793
826 0
1 674
1 258
0 1089
0 401
228 0
1 1328
1 430
660 2
388 0
1 203
7 0
14 0
0 725
737 0
1429 0
194 0
0 565
0 238
719 0
0 1094
0 452
59 0
1 428
1 1219
0 716
0 29
0 740
1123 0
0 121
769 0
45 0
0 132
0 108
370 0
0 432
0 1440
427 0
0 1002
0 45
0 174
1 269
732 0
1267 0
399 0
264 0
81 0
480 0
1 205
392 0
36 0
7 0
0 939
296 0
67 1
0 1010
648 0
0 285
0 538
1 3
171 1
0 214
1027 0
-1 -1
177 0
0 68
914 0
0 576
1 1156
0 370
940 0
1103 0
0 837
0 735
0 322
0 202
112 0
0 365
1 434
0 54
0 425
1190 1
596 0
0 871
1 367
53 2
0 1087
0 70
692 0
0 460
1 548
0 462
273 0
33 0
498 0
270 0
98 0
1 269
0 749
473 0
1135 2
1289 1
0 551
0 4
0 388
1 176
1 396
0 825
623 0
0 615
2 1158
2 1178
163 0
0 966
152 0
0 628
0 915
0 220
913 0
0 49
298 1
659 0
0 13
0 194
0 212
0 172
1 83
454 0
0 959
836 1
0 428
0 525
871 1
205 0
0 1331
577 0
4 1
534 1
571 0
0 199
1421 1
0 284
647 1
123 1
31 0
971 2
377 1
712 0
1 168
0 892
165 0
401 0
0 22
0 551
0 334
0 246
1 269
150 1
283 0
0 335
1199 0
1 739
0 1074
0 692
257 1
0 1299
0 1431
0 891
0 504
0 195
32 1
69 0
0 275
0 247
0 44
782 0
431 0
0 505
2 331
2 228
1165 1
0 1058
0 38
1362 1
959 0
0 1001
0 327
0 338
65 1
868 0
854 0
0 153
0 1230
773 1
243 0
0 57
766 0
726 0
895 1
0 681
1 8
132 1
0 94
0 640
0 264
0 41
491 0
281 1
380 1
1148 0
117 0
0 40
0 138
0 165
0 15
36 0
1 170
90 0
0 737
95 0
378 0
0 110
398 0
911 0
0 392
335 0
939 0
0 839
1 6
0 413
0 509
0 261
601 0
369 0
0 355
177 0
0 704
567 1
0 1373
524 0
0 704
0 950
1 566
0 35
367 0
106 0
1136 3
0 130
543 3
823 2
0 1246
393 0
0 927
0 1
583 0
801 0
56 1
1 721
0 219
2 453
0 973
1007 0
1401 0
169 0
43 0
363 0
0 590
1268 2
999 0
0 526
0 1127
0 513
0 288
1 457
198 0
626 0
51 0
0 523
813 0
725 1
0 214
604 0
1 120
230 0
0 18
0 135
3 670
213 0
0 909
0 131
23 0
0 229
504 0
67 0
0 481
13 0
0 579
1 477
0 1124
0 350
1024 0
0 423
0 304
1 386
0 393
737 1
0 318
257 0
0 1276
373 1
3 249
295 0
813 1
1 552
0 1396
298 0
0 204
87 0
0 837
245 0
761 0
0 1345
1328 0
0 338
0 810
1201 0
0 178
69 1
684 0
211 0
0 424
262 0
384 0
0 219
618 0
2 671
1 993
2 251
2 1235
1164 0
0 898
0 918
0 105
1227 1
1 866
111 2
390 0
1 215
1097 0
1 484
1 129
1 967
0 143
1099 0
1 1220
165 0
706 1
0 733
0 337
100 0
172 0
96 0
0 858
230 0
1141 1
0 316
0 399
0 819
0 524
105 0
448 0
436 1
621 1
1195 0
0 790
0 750
152 0
1136 0
0 53
0 226
0 127
8 0
0 126
3 0
970 0
409 0
516 0
229 1
0 951
466 1
784 2
0 314
0 366
8 0
0 74
0 744
0 828
1347 0
0 949
218 0
0 86
0 582
149 2
0 92
0 478
1 290
999 0
1 896
0 853
230 0
0 1264
0 423
117 1
1 643
909 0
233 0
0 471
1161 0
0 147
25 0
34 0
867 0
641 1
58 4
1 561
558 0
554 2
425 1
398 0
312 0
811 0
0 71
1 333
1 376
223 0
28 0
51 0
0 1056
1 986
118 0
374 0
0 49
60 0
314 0
669 0
0 535
910 1
0 857
0 259
1173 0
0 6
2 272
325 0
0 926
176 0
0 164
0 11
642 0
913 0
0 1211
1098 0
1 1128
0 168
2 215
850 0
122 0
119 0
0 0
0 1060
466 1
92 0
931 0
537 1
1022 1
1121 0
0 523
251 1
0 224
542 0
1130 0
479 0
0 250
0 342
9 0
205 0
2 68
0 816
0 571
0 1090
0 623
1136 2
483 0
6 0
0 395
62 0
401 0
174 0
1181 0
0 926
1143 0
292 0
1054 0
291 1
0 360
112 0
1 707
570 0
0 1252
408 0
693 0
0 52
0 636
274 0
1 590
177 0
0 816
100 1
1203 0
0 43
837 0
23 1
227 3
1057 1
0 783
198 0
162 2
0 638
0 875
192 0
1 710
1052 0
0 38
620 1
665 0
577 0
2 1
1 0
501 0
0 763
0 25
1 978
334 1
1 453
206 0
3 487
969 0
518 0
0 587
0 6
0 565
119 1
462 1
270 0
97 0
0 902
241 0
0 919
412 0
0 764
287 0
1 787
0 388
402 0
0 570
1 35
163 0
533 0
466 0
2 530
172 1
0 415
0 555
0 368
143 0
0 12
1072 0
0 702
0 753
707 1
253 0
380 7
1 475
1 129
0 1430
358 1
1066 0
370 0
0 584
1465 0
299 0
819 1
0 464
0 100
0 138
0 291
414 0
0 73
178 0
2 260
0 958
289 0
0 249
0 411
0 431
0 119
474 0
706 0
84 1
0 100
614 0
0 658
334 3
0 43
0 365
0 691
1 1116
0 319
0 982
0 146
0 1090
0 308
0 107
23 0
22 0
1 671
2 230
0 198
0 929
782 0
0 250
223 0
0 60
0 319
128 1
333 0
1 556
424 0
0 188
1103 0
375 2
481 1
585 0
799 0
0 571
0 1218
866 0
0 517
55 0
2 154
2 216
710 0
87 0
1171 0
0 1473
473 0
458 0
4 0
0 399
878 0
0 326
0 666
0 473
597 1
1 865
935 0
202 0
416 0
1 703
88 0
0 544
879 0
0 70
0 709
0 217
35 0
3 880
0 254
174 2
108 0
0 230
18 0
553 0
0 218
731 0
0 1074
1 1175
490 0
401 1
0 1043
1121 0
396 0
0 415
1 638
0 208
1 1036
0 154
0 308
336 0
370 0
338 0
1 438
1082 0
346 0
975 0
0 348
1 424
0 38
315 0
1 1086
154 0
1 41
334 0
1146 0
0 573
0 790
199 1
311 0
988 0
761 0
561 0
0 792
0 1290
0 8
0 709
425 0
1 1108
0 945
0 363
0 271
0 391
0 907
400 0
951 1
0 773
0 487
0 457
62 0
3 1031
0 605
355 1
613 0
1261 1
852 0
67 0
1 244
232 1
1 1249
55 1
460 2
530 1
0 44
0 959
0 900
0 360
699 0
0 706
1 125
0 583
1260 0
0 445
0 423
0 257
1 606
0 891
0 417
309 1
0 760
0 24
1 367
1 347
304 0
0 873
0 493
188 0
0 786
0 136
289 1
0 394
627 0
0 183
1 10
0 749
1 1127
658 0
0 902
0 969
17 0
95 0
1275 1
161 0
0 185
499 1
250 1
285 0
0 680
53 0
1190 0
1 130
415 0
656 0
297 0
0 1072
0 228
839 2
108 0
365 0
750 1
1256 0
0 905
657 0
139 2
147 0
792 0
996 0
936 0
0 678
0 664
192 1
1128 0
0 43
1 102
8 0
1 480
199 0
641 0
347 0
226 1
0 329
2 691
280 0
0 872
0 543
1 581
284 1
252 0
0 264
0 811
0 766
516 0
326 0
0 613
400 0
0 173
54 1
827 0
1 225
3 0
0 559
961 2
1 347
0 435
0 895
238 0
816 0
0 428
0 427
77 0
723 1
1 426
488 1
0 237
589 0
0 290
0 478
0 24
0 219
0 90
1 0
0 1378
132 1
1 671
899 0
326 0
0 128
0 1035
0 410
866 0
385 0
0 994
4 867
0 978
0 219
465 0
96 0
0 378
0 23
0 270
0 973
2 1341
0 428
973 1
0 139
401 0
308 0
169 1
0 148
275 1
0 1059
50 0
0 992
1156 0
0 105
0 547
2 281
0 1177
0 170
360 0
104 0
0 717
783 2
0 777
809 0
0 191
746 0
283 0
1017 1
1113 2
34 1
0 471
41 0
339 0
55 1
0 439
149 0
0 557
1 1007
0 43
727 0
0 370
332 1
248 0
0 399
4 165
0 1048
1141 0
91 0
0 990
0 254
596 0
2 13
0 116
496 1
247 2
1 336
0 848
703 0
0 887
0 103
754 0
0 1167
1 240
0 690
527 0
0 102
0 885
0 235
656 0
438 0
1 526
0 377
114 0
0 59
0 679
0 152
243 0
1 833
0 225
67 0
212 1
163 0
718 0
171 0
4 145
1011 0
81 1
584 2
1003 0
0 684
0 240
739 0
0 221
0 490
0 469
1 350
236 0
965 0
2 1
0 288
0 1047
1116 0
0 439
241 0
1 406
0 349
1 1221
547 1
590 0
549 0
7 0
414 1
0 490
424 1
550 0
0 287
201 0
0 53
1 570
0 443
0 396
653 0
0 1091
675 0
0 557
239 1
1074 0
0 621
202 0
0 71
0 302
1 1142
160 0
263 0
254 0
0 633
0 639
1 920
457 0
0 585
18 0
649 1
0 958
1 662
0 472
472 0
0 164
12 1
111 0
0 97
934 0
1 484
0 180
0 168
243 0
0 754
0 728
0 155
203 0
1 278
698 0
1 308
59 0
1 207
1 693
462 0
178 0
0 129
193 0
314 0
462 0
737 0
744 0
0 269
269 0
274 0
0 1087
409 0
773 0
242 1
95 0
285 1
