41 0
1 649
666 0
0 225
45 1
0 246
515 0
0 721
428 1
0 342
1 38
0 13
0 408
0 348
1 159
0 490
0 707
1 92
515 2
447 1
711 0
345 0
596 0
1 245
1 164
0 618
595 0
0 148
1 648
0 234
1 473
306 1
524 0
1 375
531 0
181 0
0 42
0 197
1 629
68 0
499 0
0 228
0 77
0 717
0 625
401 0
483 1
1 494
654 1
122 0
438 0
340 1
1 440
0 182
222 0
358 1
0 406
0 2
1 244
308 0
405 0
511 1
665 0
1 60
622 0
332 1
328 0
0 417
8 0
0 505
1 228
0 597
0 190
663 1
2 343
0 92
262 0
0 466
397 0
1 418
0 240
0 497
0 559
0 161
470 0
2 634
2 667
249 1
0 589
361 0
204 0
167 0
0 203
1 398
135 0
202 0
0 517
699 1
506 0
566 0
581 1
749 1
0 21
372 0
0 642
0 500
0 675
1 579
2 133
0 601
0 113
263 0
120 0
0 343
285 2
0 127
0 268
336 2
0 161
633 0
0 300
553 0
207 0
0 491
0 482
0 532
0 370
2 708
129 0
0 408
597 0
358 0
272 0
1 380
0 72
1 254
0 245
342 2
0 501
448 0
0 524
0 89
380 0
1 39
100 0
666 0
193 0
0 682
1 299
0 434
12 0
459 0
606 1
136 0
0 685
61 0
520 1
85 0
439 0
305 0
241 0
526 0
0 252
730 0
0 455
101 0
306 2
274 0
0 114
85 1
221 1
1 124
638 0
0 513
655 0
177 0
0 711
0 663
0 170
0 246
0 585
688 0
0 665
238 1
1 685
117 0
0 447
223 1
0 20
0 233
1 349
0 365
167 0
280 1
1 81
746 0
0 749
0 389
0 154
33 0
1 627
0 393
340 0
0 403
0 171
0 583
1 308
40 0
0 667
0 717
1 597
0 441
438 1
0 380
0 187
0 7
593 1
664 0
456 1
270 1
167 0
710 0
745 2
145 0
78 0
675 0
0 464
473 0
366 0
1 439
0 501
499 0
277 0
181 0
0 548
0 647
355 1
105 0
203 0
1 369
719 0
474 0
113 0
0 486
749 0
1 422
0 113
0 121
602 2
0 32
678 2
1 681
327 0
234 0
0 280
116 0
0 470
1 505
179 0
392 1
0 724
0 268
527 1
407 0
0 669
141 0
678 0
379 0
99 0
0 386
1 467
1 613
1 697
161 0
230 0
352 0
0 42
1 749
1 283
392 0
67 0
2 408
0 45
0 502
0 557
420 0
462 1
0 576
109 0
0 223
0 625
0 152
0 641
398 1
0 693
147 0
430 0
156 0
0 665
1 200
0 493
714 1
1 665
0 636
0 203
81 1
400 0
0 157
1 585
0 654
1 63
274 1
0 473
0 350
0 501
0 251
206 1
610 1
0 286
12 0
315 2
276 0
576 0
0 183
601 0
160 0
0 225
1 164
0 312
623 1
0 564
0 534
0 212
0 89
1 678
571 0
619 1
64 0
0 573
32 0
163 0
1 334
0 38
0 414
0 281
0 219
333 1
1 101
83 0
0 136
378 0
1 585
676 0
531 0
0 25
0 122
0 679
446 1
9 0
1 464
0 46
115 0
0 731
0 378
1 88
1 624
85 2
0 273
321 2
200 0
0 302
0 179
594 0
711 0
1 305
1 433
425 0
0 642
0 710
0 308
644 0
0 313
660 0
743 0
0 214
0 68
662 1
0 533
0 510
1 172
1 631
0 84
1 662
0 703
106 2
1 117
496 1
83 1
0 578
387 0
0 268
1 691
383 0
1 322
0 34
16 0
422 0
3 388
0 708
0 286
686 0
347 0
0 736
0 132
679 3
283 0
2 560
97 0
0 528
1 456
704 0
0 743
0 398
0 539
70 0
560 0
157 0
163 2
322 0
0 58
532 1
0 372
0 536
1 658
0 703
0 498
0 305
496 0
27 0
684 0
51 1
0 382
347 1
444 0
363 0
109 0
0 171
0 392
0 522
0 556
0 726
1 422
0 715
592 1
30 0
0 344
478 0
1 43
0 646
320 0
0 603
77 0
1 473
0 642
0 706
240 0
1 262
313 0
368 0
0 329
185 0
701 0
556 0
0 279
120 0
693 0
0 625
0 570
1 186
0 614
86 0
0 377
0 608
517 0
80 0
60 0
0 543
0 716
340 0
1 7
87 0
494 0
0 198
657 1
430 1
0 388
1 222
0 374
458 0
642 1
0 688
2 372
0 428
0 215
488 0
557 0
311 0
0 379
0 60
658 1
2 729
0 718
492 0
750 0
443 0
0 410
0 624
1 492
0 246
0 429
468 0
0 186
0 268
0 716
30 0
162 0
571 0
32 0
601 0
0 70
1 358
77 0
1 180
1 159
530 0
424 0
179 0
187 0
0 223
423 0
0 474
229 0
0 30
569 0
596 0
157 0
0 747
416 0
260 1
618 1
34 0
674 2
338 0
0 664
199 0
303 1
93 0
0 439
519 0
0 260
1 435
615 0
0 107
0 401
298 0
115 1
744 1
626 1
69 1
24 0
591 1
0 94
1 57
0 190
0 103
0 516
576 0
610 0
641 2
567 0
0 335
228 0
0 668
741 0
308 0
0 295
0 319
589 1
1 462
545 0
0 194
544 0
0 208
0 257
0 298
1 702
573 0
617 0
0 126
0 241
655 0
0 710
572 0
80 0
1 129
0 750
187 0
0 471
47 1
0 668
548 0
660 0
0 230
511 2
0 658
0 239
0 731
12 0
32 1
11 0
241 0
0 2
0 211
2 486
559 0
511 0
0 750
44 0
0 18
121 1
519 1
526 0
727 0
508 0
1 405
1 8
2 207
91 0
0 689
522 0
174 0
40 0
266 1
1 370
0 425
159 0
0 131
61 0
1 106
1 153
62 0
16 0
457 0
2 133
25 1
221 0
0 232
166 0
0 257
0 384
0 647
0 92
125 1
1 351
409 0
389 2
1 84
434 0
127 1
73 0
1 203
0 652
1 579
0 609
125 1
749 0
505 0
518 0
278 1
1 116
0 495
1 603
1 34
508 1
0 232
369 0
732 0
78 0
425 1
0 558
172 0
0 373
0 251
0 173
747 1
293 0
0 8
0 533
1 641
253 1
2 267
473 0
646 0
558 2
207 0
720 0
485 0
194 0
463 0
1 455
0 324
461 0
555 0
317 1
0 31
320 2
121 0
361 0
726 0
0 605
630 1
1 467
211 1
0 307
512 0
344 1
682 0
40 0
0 652
0 737
1 601
625 0
434 0
1 216
0 2
2 323
1 589
450 0
0 582
239 0
481 0
0 41
0 588
0 583
546 0
113 0
675 0
1 51
1 545
0 535
0 180
134 0
0 562
388 0
0 281
0 322
0 261
0 67
1 74
184 0
480 0
107 0
0 411
126 1
0 640
506 0
105 1
214 0
647 0
0 303
243 0
0 322
289 0
0 626
247 1
614 0
0 107
548 1
285 0
0 437
645 1
0 39
0 342
492 0
190 2
716 0
643 0
0 733
1 48
27 0
481 0
511 0
0 195
446 0
723 1
0 481
0 221
0 382
215 0
292 1
0 89
1 26
209 0
1 311
263 1
205 0
1 92
0 462
0 426
118 1
0 526
685 0
0 617
161 0
0 133
136 0
0 141
1 245
615 0
696 1
555 0
449 0
0 453
1 275
166 1
0 259
1 171
0 9
0 94
0 223
1 191
180 0
209 0
0 698
14 1
1 15
0 323
270 0
73 0
342 0
0 590
746 0
598 0
0 10
0 183
117 0
0 743
1 417
0 308
159 0
0 594
0 409
0 447
267 0
275 0
556 2
22 0
66 0
61 1
196 0
2 49
211 0
218 0
0 657
0 456
278 0
0 247
1 6
1 646
0 500
437 0
32 2
384 0
263 0
460 1
1 660
0 477
246 0
470 0
728 0
368 0
417 1
673 0
459 1
1 493
184 0
194 0
1 301
424 0
0 43
0 532
0 279
0 144
49 2
0 518
0 392
409 0
1 484
0 257
1 558
0 488
606 0
1 710
740 0
592 0
461 0
301 0
0 602
1 693
0 456
0 316
0 605
1 713
712 0
360 0
1 631
153 0
0 186
441 0
185 0
668 0
657 0
397 1
0 605
372 0
0 718
238 0
722 1
1 69
197 1
190 0
0 331
132 0
550 0
514 1
0 346
653 3
0 565
490 1
345 0
0 357
351 1
1 457
248 0
89 0
0 699
66 0
620 1
0 70
290 0
0 212
1 548
385 0
101 0
1 417
0 252
179 1
398 1
488 0
0 191
0 599
253 0
0 5
1 259
0 241
648 2
402 0
0 662
2 715
0 703
0 161
0 291
0 690
147 0
0 539
0 718
0 350
660 0
36 0
0 205
0 7
0 533
1 74
518 0
180 0
1 41
0 238
324 0
152 0
324 0
339 1
587 1
246 0
0 456
190 0
1 719
0 159
0 677
59 1
487 0
445 1
465 0
0 678
0 323
0 423
1 238
437 0
654 0
0 102
1 388
1 424
211 0
631 0
112 0
45 1
0 525
545 0
1 320
293 1
1 155
0 263
713 0
0 607
1 79
0 248
681 1
0 693
299 0
384 0
0 29
3 0
366 0
24 0
52 0
1 283
465 0
629 0
0 229
1 24
0 521
281 0
0 707
0 472
0 241
0 416
337 0
0 354
0 434
0 69
582 1
347 0
1 614
199 1
0 553
1 513
0 351
114 0
0 184
635 0
92 1
0 199
0 654
0 307
0 473
0 335
367 0
1 40
359 1
135 0
0 339
521 1
712 0
680 0
0 700
604 3
2 685
0 571
1 262
0 673
193 0
1 202
647 0
0 289
397 0
498 0
396 0
367 0
519 0
402 0
0 598
0 537
1 228
0 661
229 0
578 0
686 0
376 0
369 0
38 0
0 434
204 1
617 0
698 1
647 0
19 0
0 496
0 15
0 736
0 16
627 1
621 0
376 0
330 0
0 308
1 523
236 0
0 389
193 0
155 0
0 614
1 641
0 741
0 53
0 360
84 0
175 2
0 285
1 58
137 1
0 742
2 182
727 0
261 0
165 1
0 444
495 0
0 649
0 616
0 611
1 730
2 12
659 2
129 1
0 735
0 402
0 312
387 0
0 392
1 700
0 537
245 0
1 62
0 165
0 642
300 0
428 0
1 255
723 0
0 167
521 0
336 1
0 402
0 128
0 485
1 386
46 0
529 1
2 396
0 20
0 122
0 270
597 1
0 563
0 487
0 223
330 0
203 0
1 6
97 0
145 0
679 0
104 0
654 0
0 501
257 0
1 594
0 486
0 12
105 0
743 0
0 514
441 0
334 0
664 0
0 64
0 739
489 1
0 595
1 90
0 723
0 580
0 476
340 0
489 0
348 0
593 0
0 617
0 115
130 1
0 31
199 0
368 0
1 121
0 270
386 1
1 219
684 1
1 371
0 152
0 528
538 0
0 720
0 430
189 0
350 1
0 177
0 83
454 0
259 0
0 119
271 0
0 739
401 0
0 662
29 1
642 0
666 0
362 0
101 0
256 2
353 0
0 432
365 0
274 0
287 0
84 2
0 613
576 1
0 433
510 0
0 546
562 0
503 0
0 427
0 455
156 0
1 27
1 582
618 1
0 378
0 659
428 1
0 515
747 0
714 0
0 564
0 446
311 0
0 552
142 1
0 21
626 0
4 0
0 403
0 347
547 1
659 1
0 209
60 0
115 0
1 668
548 0
549 0
0 393
0 276
542 1
145 1
0 657
511 0
1 244
272 1
84 1
2 297
513 1
0 746
1 75
663 0
0 616
1 615
0 631
14 0
0 324
680 0
188 2
689 0
0 412
2 518
0 545
427 0
0 184
750 0
591 0
0 367
1 440
379 0
0 218
0 9
0 704
1 569
0 190
695 1
418 1
0 533
0 679
0 36
327 0
579 1
0 114
451 0
451 0
1 244
305 0
55 1
747 0
381 0
371 0
488 1
0 71
183 1
0 507
1 98
440 0
658 0
170 0
3 468
0 460
0 219
0 663
1 717
404 0
0 125
537 0
47 0
498 0
698 0
0 401
0 101
0 182
437 0
463 0
61 0
0 739
0 268
1 278
192 0
1 736
475 1
1 200
0 478
0 624
0 342
0 73
481 0
500 0
1 459
246 0
1 349
0 499
0 494
306 0
547 0
0 693
0 720
644 0
359 0
1 223
509 0
0 727
642 0
291 0
725 0
441 0
124 0
732 1
127 0
1 397
158 0
0 411
570 0
213 1
0 103
263 0
717 0
0 624
2 350
305 0
563 0
689 0
0 656
0 302
0 731
2 5
0 654
340 0
385 0
0 155
227 0
0 623
1 97
722 1
0 28
0 107
58 1
0 693
75 0
0 599
460 0
0 280
0 301
0 721
0 590
0 475
427 0
414 0
0 166
299 0
0 335
325 0
695 0
326 1
0 736
683 0
708 0
704 0
1 85
0 684
651 2
1 220
0 119
0 347
0 444
279 0
0 245
265 0
512 0
1 559
511 1
0 286
42 0
0 284
148 0
0 496
1 595
1 630
156 1
0 622
1 269
379 0
721 0
1 60
0 261
0 585
552 0
0 496
10 0
0 259
0 402
461 2
0 510
0 435
1 384
527 0
255 0
0 265
0 502
0 176
605 0
0 252
0 594
0 507
2 722
1 670
0 357
606 0
1 122
256 0
356 0
0 175
18 0
1 473
332 0
0 636
428 1
0 115
252 1
76 2
0 90
0 185
1 671
2 98
1 70
0 455
416 0
28 0
1 273
0 654
294 0
141 0
211 0
126 0
0 425
110 1
0 86
2 160
449 0
0 389
0 304
0 444
0 202
1 291
1 473
175 0
0 661
411 0
0 393
0 673
0 349
620 0
0 732
430 0
0 229
0 716
0 172
620 0
27 1
141 0
0 560
633 0
2 586
491 0
0 156
0 540
1 65
340 1
427 0
425 1
362 0
0 102
208 0
1 80
431 0
0 686
131 0
542 0
153 0
675 0
0 498
0 734
0 457
0 407
245 0
405 0
1 700
1 88
569 0
661 0
0 386
0 66
0 89
685 1
110 0
574 1
289 0
107 0
1 544
0 294
0 382
1 713
707 1
731 0
0 359
498 0
0 422
0 423
0 505
0 105
158 0
2 379
0 383
232 0
219 0
0 118
0 574
0 616
417 0
324 0
487 2
0 654
748 0
96 0
0 372
39 1
1 683
2 155
17 0
0 710
709 0
44 1
0 405
0 487
388 0
135 0
1 296
685 0
1 364
0 698
50 0
0 196
175 1
0 568
466 1
343 0
0 743
0 15
0 431
352 1
41 0
0 625
385 0
606 0
587 1
0 263
249 0
109 0
249 0
382 0
335 0
514 0
0 82
109 0
0 314
0 459
405 0
0 96
1 559
427 0
99 1
1 216
64 0
471 1
0 24
276 1
0 588
151 1
1 324
0 580
0 599
0 731
1 239
20 1
0 378
139 0
638 0
0 452
0 444
498 0
0 691
371 0
316 0
708 0
657 1
65 1
719 0
0 567
508 1
0 449
0 534
0 648
186 1
0 16
566 0
0 328
0 684
529 0
0 694
1 707
0 145
0 483
0 260
484 0
0 225
0 743
0 551
256 0
298 0
0 601
598 0
0 68
383 0
0 726
1 17
0 406
0 368
1 142
0 104
220 0
432 0
0 396
0 461
545 1
1 513
331 0
0 473
1 669
0 480
0 433
0 526
0 674
0 441
722 0
368 0
0 559
0 695
1 508
0 724
56 1
733 0
0 390
71 0
2 420
1 476
1 136
0 637
713 0
332 0
102 0
0 26
388 0
389 1
1 235
165 0
250 0
0 581
0 622
1 571
509 0
0 141
674 0
182 1
38 0
0 719
0 415
0 292
0 456
119 0
692 0
406 1
0 117
0 349
116 0
631 0
1 666
370 0
273 0
1 58
407 0
2 494
0 26
0 163
132 0
0 409
0 482
0 443
0 31
0 713
482 0
0 641
353 0
0 55
0 520
512 0
1 433
20 0
613 0
76 0
681 1
113 0
73 0
10 1
1 337
8 2
0 746
1 360
0 533
0 331
590 0
219 1
439 0
0 431
0 715
190 1
445 1
397 0
2 617
0 463
605 0
271 0
577 1
0 211
1 413
0 292
563 1
237 0
27 0
92 0
0 399
2 429
306 1
643 1
0 650
1 166
1 687
0 18
0 315
390 0
658 0
572 0
0 227
0 419
1 569
520 0
0 337
1 542
0 356
0 289
483 0
1 158
0 38
323 0
102 0
0 414
313 1
748 0
73 0
0 143
0 370
516 0
2 695
38 0
156 2
303 1
0 155
1 7
12 1
0 161
0 548
56 0
0 55
364 0
0 81
79 1
317 1
54 0
0 579
341 0
1 638
0 410
739 1
0 139
0 78
0 549
1 226
654 0
500 0
403 0
537 0
1 62
0 137
343 0
0 238
0 156
1 716
0 478
0 417
0 396
0 281
524 0
0 1
0 339
496 1
1 387
232 0
1 173
0 401
650 1
287 0
568 1
0 486
418 1
222 0
4 0
204 1
77 1
694 0
728 0
624 0
528 0
271 0
683 0
621 0
728 1
306 0
0 42
0 169
1 728
602 0
534 1
0 5
397 1
590 0
305 0
0 140
1 467
375 0
1 277
0 418
0 149
509 0
1 541
0 676
0 164
555 1
0 310
0 364
1 361
1 190
1 617
2 505
1 158
0 379
0 252
385 1
687 1
690 3
0 422
0 121
665 1
0 334
0 507
0 224
1 723
665 0
622 1
111 0
243 1
1 396
0 347
0 426
688 1
0 149
0 609
0 696
336 1
169 1
49 0
347 1
1 642
412 0
186 1
0 162
255 0
743 0
735 0
0 672
0 541
0 561
377 0
0 165
1 523
0 335
0 546
436 0
527 0
0 478
280 0
1 124
490 1
58 1
0 197
1 678
