1 291
122 0
0 232
194 0
75 0
0 366
1 87
83 0
356 1
258 0
1 118
136 0
0 136
0 252
0 182
309 0
285 2
0 303
205 0
137 0
0 355
0 295
0 372
1 245
0 102
0 287
316 0
0 146
0 328
1 301
1 104
219 0
104 0
0 127
0 89
336 0
1 135
85 0
126 0
0 128
0 239
0 301
1 116
0 138
0 169
35 0
0 164
105 0
1 182
0 6
0 223
138 0
0 119
365 0
351 0
296 1
1 153
177 2
0 33
1 139
145 0
0 108
0 340
134 2
358 0
337 0
171 0
229 0
0 72
0 198
0 343
2 95
58 0
221 0
0 265
19 0
0 40
347 1
316 0
173 0
330 1
110 0
1 56
53 1
265 2
0 172
82 1
85 1
0 61
0 266
11 0
43 1
2 104
100 0
0 283
0 156
1 38
271 0
1 129
0 56
0 45
0 255
0 204
0 212
0 165
0 158
67 0
144 0
235 1
282 0
204 0
182 1
201 1
242 0
229 0
1 155
248 0
0 68
0 12
2 230
202 0
307 0
0 10
1 65
0 220
1 44
0 374
0 119
75 0
0 87
0 81
166 0
114 0
295 1
218 0
0 191
0 106
0 9
0 323
0 198
287 0
211 0
0 47
33 0
0 126
206 1
239 0
229 0
1 293
0 161
0 1
0 65
203 0
77 0
91 0
0 207
63 0
201 0
1 112
0 44
235 0
2 210
260 0
0 105
72 0
103 0
0 213
352 0
1 263
368 0
134 0
0 122
0 113
0 169
0 7
1 313
0 83
176 0
86 0
0 351
0 223
0 277
71 1
174 1
0 358
0 122
362 1
229 1
0 156
126 0
1 182
124 0
310 0
1 155
0 243
211 0
0 344
0 186
140 1
0 242
104 0
0 258
0 130
210 0
0 367
246 0
0 151
0 321
178 1
0 225
264 0
0 36
312 0
217 1
0 80
79 0
201 0
1 280
0 164
1 239
1 256
206 1
277 0
211 0
339 0
0 272
1 156
93 2
0 204
0 136
0 277
1 93
0 24
52 0
149 1
0 323
0 177
236 0
362 0
0 337
372 0
1 289
362 0
338 0
0 349
0 305
0 197
60 1
0 148
0 144
1 193
0 338
2 202
220 0
275 1
0 41
11 0
291 1
359 0
109 0
2 155
73 0
73 0
0 28
0 129
0 228
34 0
101 0
131 0
214 0
218 1
1 282
0 161
0 16
311 0
0 369
161 0
1 203
0 65
0 303
176 0
350 0
20 1
95 0
26 2
116 0
1 145
0 124
0 15
286 1
0 226
0 225
147 2
0 323
1 112
1 111
39 0
251 0
290 0
0 71
0 21
0 277
92 0
168 0
307 0
0 350
0 312
139 0
71 0
1 110
0 21
0 50
0 139
61 0
0 250
0 229
277 0
149 0
1 200
1 43
87 0
269 0
214 2
1 5
191 0
116 0
247 0
0 180
350 1
0 38
0 249
0 374
0 89
0 245
21 2
78 1
92 1
0 15
65 1
296 0
165 0
0 323
261 1
109 0
1 208
319 0
0 288
233 0
223 0
0 230
240 0
0 40
1 175
0 134
1 132
293 0
56 0
81 0
0 121
0 250
0 66
272 0
204 0
0 31
0 201
1 284
290 0
347 1
0 47
250 0
288 0
0 340
0 372
0 297
343 0
0 234
0 98
0 161
339 1
170 0
2 278
0 365
0 300
133 0
69 1
57 1
3 167
359 0
0 255
337 0
0 1
0 275
203 2
155 0
0 160
0 254
0 23
0 268
0 306
0 363
313 1
255 0
0 307
0 164
0 351
0 327
36 0
304 0
0 219
0 300
1 132
21 0
275 1
0 113
1 52
2 191
0 167
0 222
152 0
236 0
0 338
117 0
93 0
0 239
0 125
0 374
227 0
86 0
0 133
1 12
0 117
253 1
96 0
0 134
221 0
246 0
339 1
267 1
0 161
220 0
0 105
0 152
203 0
322 0
101 0
78 0
0 35
0 278
110 1
170 1
75 2
1 86
1 241
106 0
139 1
245 0
217 1
222 1
177 1
0 253
112 0
130 0
341 0
104 0
320 0
266 0
243 0
132 1
1 187
0 158
0 80
243 0
0 147
0 175
58 0
291 0
211 0
262 0
309 0
0 72
264 0
75 0
0 202
99 1
370 0
0 209
157 0
46 0
1 332
79 1
296 0
51 1
249 0
0 6
0 17
189 1
89 0
0 12
106 0
239 0
226 0
0 67
273 0
301 0
84 0
164 1
0 117
0 67
124 0
1 281
299 0
0 151
185 0
33 1
189 0
0 228
188 1
270 0
317 2
42 0
2 95
0 186
185 1
0 280
0 72
202 0
0 1
325 0
317 0
0 272
1 199
0 74
258 0
181 0
206 0
29 0
112 0
6 2
127 0
355 0
0 315
0 182
259 0
254 0
24 0
9 0
150 0
1 133
22 0
1 97
0 171
19 0
0 349
137 0
1 183
65 0
41 0
0 84
308 0
0 48
142 1
1 91
167 0
109 0
192 0
322 0
0 46
0 298
0 317
1 359
314 1
0 140
1 13
184 0
179 1
0 114
92 0
195 0
0 300
23 0
249 0
0 244
0 179
1 110
0 198
127 0
0 151
0 329
0 114
112 0
113 0
0 150
0 241
8 0
227 0
336 0
0 190
0 305
332 0
66 0
0 178
101 0
337 0
1 221
0 172
308 0
158 0
0 14
49 1
0 354
0 172
0 344
0 17
321 1
88 1
160 0
0 22
275 0
368 0
0 274
315 0
327 0
314 0
160 0
35 0
216 0
187 0
2 22
20 0
175 0
0 160
278 1
91 0
136 0
47 0
0 295
0 277
0 58
1 315
72 0
58 0
0 217
0 191
0 306
294 0
258 1
1 194
0 313
0 266
120 0
0 63
0 12
183 1
1 86
0 314
187 0
0 360
121 0
16 0
374 1
0 53
123 0
258 0
84 0
75 0
199 0
75 0
13 0
110 0
0 372
1 23
82 0
2 225
0 196
0 224
192 0
343 1
220 0
232 2
0 26
1 363
127 0
371 1
1 159
57 0
1 337
364 1
1 112
0 140
44 0
0 282
0 184
1 186
54 0
0 89
264 0
196 0
0 228
1 78
247 0
241 0
2 231
177 0
0 352
199 0
0 298
1 339
0 313
189 0
225 0
357 1
116 0
0 286
0 353
280 0
1 134
355 0
296 0
0 199
356 0
170 1
105 1
0 12
262 0
0 155
89 0
176 1
2 0
0 370
0 23
1 330
0 280
0 355
0 242
338 0
281 0
0 94
1 161
161 0
0 112
273 0
136 0
60 1
0 289
0 154
21 0
167 0
97 0
1 302
1 28
208 0
1 221
0 173
97 0
0 160
0 139
0 77
1 348
0 320
144 0
75 1
0 113
186 0
217 0
0 28
334 0
0 86
1 286
293 1
0 372
0 209
346 1
234 2
199 0
121 1
153 0
0 246
1 46
16 1
0 323
0 128
1 105
1 64
261 0
91 0
0 103
0 300
0 139
0 225
371 1
24 0
160 0
54 0
342 1
0 321
55 0
368 1
0 110
169 1
217 1
0 211
97 1
0 209
0 344
0 190
0 244
274 1
1 110
370 0
0 352
319 0
328 1
154 0
213 0
182 0
0 308
0 111
0 103
95 0
1 299
0 154
8 0
0 128
0 301
0 173
0 58
265 0
131 0
0 250
171 0
0 92
2 348
0 133
19 0
285 2
90 0
182 0
0 184
87 0
99 0
0 30
0 279
0 202
1 170
127 0
1 282
0 9
304 0
138 1
0 334
0 204
4 0
351 0
2 230
148 0
0 81
286 0
1 163
194 0
113 0
325 1
126 1
1 131
0 173
1 248
0 308
345 0
0 336
0 33
311 0
0 176
1 148
185 1
174 0
64 0
149 0
271 0
196 0
0 109
1 184
252 0
369 2
254 0
0 160
22 0
350 0
0 199
1 144
1 303
82 0
0 29
253 0
0 292
1 12
0 102
79 0
0 107
233 1
0 280
32 0
0 39
0 14
88 0
242 0
346 0
264 0
0 32
40 0
209 0
211 0
155 0
0 3
247 0
0 228
49 1
339 0
339 1
0 200
367 1
0 252
231 1
1 75
137 0
0 314
0 295
174 0
0 183
8 1
0 171
0 283
187 0
2 227
259 0
0 307
325 1
0 27
0 78
0 290
1 192
232 1
299 0
256 1
351 0
1 170
0 22
161 1
242 0
345 0
0 56
0 171
71 0
1 81
0 15
0 51
1 59
0 302
130 0
312 0
65 0
373 0
255 0
1 180
29 0
0 63
0 110
320 0
126 0
27 0
0 306
0 142
1 91
143 0
237 1
214 0
83 1
0 263
73 0
233 1
0 277
107 0
0 79
0 365
1 222
354 0
186 0
0 43
0 194
1 192
22 0
161 0
359 0
250 0
302 0
0 325
0 357
319 1
114 0
0 329
107 1
0 287
