2 2
2 2
1 1
1 1
2 0
2 0
2 0
0 2
1 0
0 1
0 0
0 0
4 2
4 2
3 1
3 1
1 3
3 1
2 0
0 2
2 2
2 2
-1 -1
-1 -1
-1 -1
-1 -1
5 16
-1 -1
-1 -1
18 21
-1 -1
8 0
-1 -1
-1 -1
-1 -1
-1 -1
-1 -1
-1 -1
20 13
-1 -1
-1 -1
-1 -1
-1 -1
-1 -1
-1 -1
-1 -1
23 19
-1 -1
-1 -1
-1 -1
-1 -1
-1 -1
8 2
-1 -1
-1 -1
-1 -1
-1 -1
-1 -1
26 5
-1 -1
-1 -1
-1 -1
21 30
-1 -1
13 1
19 9
-1 -1
-1 -1
13 10
-1 -1
-1 -1
0 10
-1 -1
-1 -1
6 0
11 20
3 19
20 14
1 12
5 15
8 15
-1 -1
-1 -1
17 8
-1 -1
-1 -1
-1 -1
-1 -1
-1 -1
-1 -1
-1 -1
15 4
-1 -1
-1 -1
-1 -1
-1 -1
4 5
12 12
-1 -1
-1 -1
-1 -1
-1 -1
8 13
12 11
-1 -1
18 9
3 0
-1 -1
-1 -1
18 9
-1 -1
16 17
11 9
1 1
-1 -1
5 6
9 13
13 1
-1 -1
-1 -1
-1 -1
5 7
16 14
-1 -1
-1 -1
-1 -1
3 3
0 2
-1 -1
-1 -1
-1 -1
22 14
-1 -1
6 5
-1 -1
4 16
-1 -1
12 1
-1 -1
-1 -1
-1 -1
3 17
2 11
12 6
-1 -1
-1 -1
5 12
5 0
-1 -1
23 7
-1 -1
15 18
-1 -1
-1 -1
-1 -1
-1 -1
-1 -1
-1 -1
-1 -1
-1 -1
-1 -1
27 9
-1 -1
1 9
13 10
-1 -1
5 14
6 13
-1 -1
7 11
-1 -1
7 11
18 3
-1 -1
-1 -1
-1 -1
7 0
-1 -1
10 0
-1 -1
3 6
10 2
-1 -1
-1 -1
-1 -1
-1 -1
1 11
-1 -1
-1 -1
-1 -1
20 7
19 18
-1 -1
-1 -1
-1 -1
-1 -1
-1 -1
-1 -1
-1 -1
4 16
-1 -1
-1 -1
1 1
-1 -1
14 25
-1 -1
11 11
-1 -1
-1 -1
-1 -1
4 6
20 8
9 18
10 1
0 3
-1 -1
12 15
7 5
7 19
-1 -1
-1 -1
-1 -1
3 3
-1 -1
-1 -1
-1 -1
0 4
-1 -1
1 15
8 6
5 6
-1 -1
-1 -1
8 7
-1 -1
25 15
-1 -1
13 3
-1 -1
-1 -1
-1 -1
-1 -1
-1 -1
-1 -1
12 17
14 2
-1 -1
-1 -1
7 5
-1 -1
13 9
5 32
-1 -1
-1 -1
-1 -1
-1 -1
-1 -1
12 3
5 16
13 4
-1 -1
0 9
-1 -1
0 11
-1 -1
-1 -1
-1 -1
-1 -1
-1 -1
-1 -1
-1 -1
-1 -1
4 4
8 5
-1 -1
-1 -1
0 7
-1 -1
-1 -1
-1 -1
5 4
2 2
-1 -1
-1 -1
-1 -1
-1 -1
-1 -1
-1 -1
-1 -1
-1 -1
-1 -1
10 6
-1 -1
-1 -1
-1 -1
-1 -1
-1 -1
-1 -1
10 2
-1 -1
18 12
-1 -1
32 7
18 5
-1 -1
-1 -1
-1 -1
-1 -1
14 9
10 14
7 17
7 13
5 12
-1 -1
-1 -1
17 13
12 15
-1 -1
-1 -1
2 2
21 9
-1 -1
-1 -1
-1 -1
-1 -1
-1 -1
-1 -1
-1 -1
-1 -1
-1 -1
-1 -1
-1 -1
-1 -1
-1 -1
-1 -1
-1 -1
6 13
6 6
-1 -1
0 14
9 6
20 9
-1 -1
-1 -1
-1 -1
-1 -1
1 16
-1 -1
-1 -1
9 17
-1 -1
-1 -1
-1 -1
-1 -1
-1 -1
22 14
-1 -1
23 13
-1 -1
-1 -1
-1 -1
-1 -1
21 9
20 13
9 2
-1 -1
3 20
-1 -1
-1 -1
-1 -1
-1 -1
-1 -1
-1 -1
0 8
-1 -1
-1 -1
3 16
-1 -1
-1 -1
-1 -1
-1 -1
-1 -1
-1 -1
-1 -1
-1 -1
8 0
-1 -1
13 8
-1 -1
-1 -1
8 11
-1 -1
-1 -1
3 10
-1 -1
-1 -1
-1 -1
-1 -1
1 13
-1 -1
-1 -1
-1 -1
4 3
-1 -1
-1 -1
13 17
27 12
7 14
-1 -1
2 1
5 16
-1 -1
4 13
-1 -1
-1 -1
32 11
-1 -1
-1 -1
17 1
18 3
33 2
14 11
-1 -1
-1 -1
9 0
-1 -1
30 6
1 17
0 6
-1 -1
5 4
13 6
-1 -1
-1 -1
-1 -1
-1 -1
-1 -1
6 7
-1 -1
-1 -1
11 14
-1 -1
10 5
-1 -1
-1 -1
11 9
7 6
23 29
-1 -1
15 6
-1 -1
-1 -1
-1 -1
14 5
-1 -1
-1 -1
-1 -1
-1 -1
-1 -1
-1 -1
0 1
7 5
5 6
15 3
-1 -1
16 5
-1 -1
-1 -1
-1 -1
33 13
-1 -1
-1 -1
5 1
-1 -1
18 6
-1 -1
-1 -1
-1 -1
22 16
-1 -1
-1 -1
-1 -1
-1 -1
4 1
-1 -1
5 10
3 12
-1 -1
-1 -1
-1 -1
-1 -1
-1 -1
-1 -1
-1 -1
-1 -1
-1 -1
0 6
-1 -1
-1 -1
-1 -1
7 13
-1 -1
13 8
-1 -1
5 2
-1 -1
-1 -1
-1 -1
17 5
-1 -1
8 4
-1 -1
-1 -1
13 18
-1 -1
-1 -1
12 13
-1 -1
-1 -1
21 15
-1 -1
-1 -1
-1 -1
21 22
-1 -1
-1 -1
-1 -1
20 7
15 18
-1 -1
-1 -1
3 1
34 17
-1 -1
-1 -1
17 10
-1 -1
-1 -1
0 7
-1 -1
6 6
-1 -1
-1 -1
8 0
-1 -1
-1 -1
-1 -1
-1 -1
-1 -1
-1 -1
-1 -1
-1 -1
-1 -1
-1 -1
-1 -1
-1 -1
-1 -1
-1 -1
-1 -1
-1 -1
18 19
-1 -1
-1 -1
-1 -1
0 6
-1 -1
11 6
-1 -1
-1 -1
1 10
8 20
-1 -1
-1 -1
-1 -1
-1 -1
3 5
9 4
-1 -1
-1 -1
-1 -1
-1 -1
-1 -1
-1 -1
2 2
-1 -1
13 4
-1 -1
-1 -1
-1 -1
-1 -1
-1 -1
-1 -1
-1 -1
-1 -1
9 7
-1 -1
13 38
25 22
-1 -1
-1 -1
-1 -1
-1 -1
-1 -1
-1 -1
17 3
-1 -1
-1 -1
7 31
-1 -1
-1 -1
5 5
-1 -1
15 10
-1 -1
-1 -1
-1 -1
-1 -1
-1 -1
-1 -1
-1 -1
-1 -1
-1 -1
-1 -1
-1 -1
-1 -1
16 2
16 2
-1 -1
11 1
-1 -1
-1 -1
-1 -1
7 5
3 1
-1 -1
-1 -1
-1 -1
0 10
20 16
-1 -1
-1 -1
5 15
-1 -1
-1 -1
-1 -1
-1 -1
-1 -1
-1 -1
11 9
-1 -1
1 6
-1 -1
-1 -1
-1 -1
5 8
-1 -1
-1 -1
-1 -1
13 22
-1 -1
-1 -1
-1 -1
-1 -1
-1 -1
-1 -1
-1 -1
1 4
-1 -1
-1 -1
-1 -1
-1 -1
-1 -1
-1 -1
-1 -1
-1 -1
10 3
11 17
-1 -1
0 6
-1 -1
-1 -1
-1 -1
11 2
11 2
7 4
-1 -1
25 16
-1 -1
-1 -1
-1 -1
-1 -1
19 16
-1 -1
-1 -1
-1 -1
-1 -1
14 4
-1 -1
-1 -1
-1 -1
-1 -1
-1 -1
-1 -1
-1 -1
2 6
1 5
1 1
2 12
-1 -1
-1 -1
13 13
11 9
-1 -1
-1 -1
-1 -1
7 2
0 3
9 4
-1 -1
1 1
23 18
2 0
-1 -1
-1 -1
27 18
-1 -1
-1 -1
-1 -1
-1 -1
11 11
-1 -1
16 2
14 18
-1 -1
-1 -1
-1 -1
-1 -1
-1 -1
-1 -1
-1 -1
-1 -1
-1 -1
16 4
26 20
-1 -1
-1 -1
-1 -1
-1 -1
15 1
7 4
-1 -1
13 7
-1 -1
-1 -1
-1 -1
0 6
-1 -1
-1 -1
1 3
-1 -1
-1 -1
-1 -1
18 8
-1 -1
-1 -1
-1 -1
-1 -1
-1 -1
19 5
1 12
1 6
-1 -1
17 9
7 2
14 21
-1 -1
-1 -1
-1 -1
-1 -1
-1 -1
-1 -1
8 14
19 11
-1 -1
-1 -1
-1 -1
16 17
-1 -1
-1 -1
-1 -1
24 23
-1 -1
-1 -1
1 8
0 12
-1 -1
-1 -1
18 37
-1 -1
3 3
-1 -1
-1 -1
-1 -1
-1 -1
-1 -1
15 22
13 31
14 21
-1 -1
-1 -1
-1 -1
-1 -1
9 7
8 8
-1 -1
-1 -1
3 4
-1 -1
-1 -1
-1 -1
13 32
-1 -1
-1 -1
-1 -1
-1 -1
-1 -1
-1 -1
-1 -1
-1 -1
-1 -1
6 12
1 13
12 1
7 8
-1 -1
-1 -1
1 11
-1 -1
-1 -1
-1 -1
5 12
-1 -1
5 15
-1 -1
-1 -1
-1 -1
-1 -1
-1 -1
-1 -1
-1 -1
-1 -1
12 19
-1 -1
-1 -1
10 3
11 7
-1 -1
-1 -1
-1 -1
-1 -1
15 1
14 4
4 10
-1 -1
6 0
4 20
-1 -1
16 0
-1 -1
5 5
-1 -1
-1 -1
-1 -1
-1 -1
10 12
-1 -1
13 2
-1 -1
-1 -1
-1 -1
-1 -1
16 15
-1 -1
-1 -1
-1 -1
16 37
-1 -1
4 10
-1 -1
-1 -1
1 2
18 26
-1 -1
-1 -1
17 3
-1 -1
-1 -1
-1 -1
-1 -1
3 8
21 0
-1 -1
-1 -1
-1 -1
-1 -1
-1 -1
10 1
-1 -1
-1 -1
-1 -1
-1 -1
-1 -1
9 8
16 14
-1 -1
-1 -1
-1 -1
21 23
3 11
-1 -1
10 2
12 1
-1 -1
-1 -1
-1 -1
1 4
21 22
-1 -1
3 12
3 12
-1 -1
-1 -1
-1 -1
4 8
-1 -1
-1 -1
-1 -1
-1 -1
-1 -1
-1 -1
5 14
-1 -1
0 7
-1 -1
8 28
-1 -1
27 1
-1 -1
1 7
-1 -1
-1 -1
-1 -1
-1 -1
-1 -1
-1 -1
-1 -1
-1 -1
25 19
14 34
-1 -1
-1 -1
-1 -1
-1 -1
12 5
4 3
-1 -1
3 5
3 8
-1 -1
-1 -1
10 13
18 9
-1 -1
-1 -1
-1 -1
-1 -1
-1 -1
25 17
-1 -1
35 2
-1 -1
-1 -1
-1 -1
-1 -1
-1 -1
-1 -1
12 18
-1 -1
-1 -1
4 6
-1 -1
-1 -1
-1 -1
-1 -1
16 19
-1 -1
-1 -1
4 2
-1 -1
-1 -1
