254 1
300 0
0 0
126 0
266 0
224 2
1 300
0 316
27 0
1 117
92 0
2 649
228 0
11 1
0 479
158 0
406 1
315 1
0 486
1 212
353 1
492 0
533 0
560 0
420 0
0 204
0 47
412 0
0 58
0 17
409 0
0 181
10 0
4 372
22 0
519 0
1 543
0 474
20 0
140 0
0 264
0 255
0 96
0 25
188 1
0 337
0 181
0 151
0 189
278 0
589 0
350 1
318 0
55 0
0 155
620 1
657 0
370 0
277 0
98 0
107 0
64 0
0 400
0 341
153 0
586 1
0 182
1 43
0 65
1 178
20 0
62 0
164 0
402 0
306 1
0 356
142 0
279 0
93 1
1 214
216 0
0 318
0 280
0 426
115 1
1 35
1 691
265 0
0 360
245 0
237 0
213 2
490 0
0 257
106 0
636 0
404 0
252 0
35 1
0 389
0 201
0 336
0 503
105 0
223 0
436 1
0 658
0 63
0 177
36 0
1 554
0 135
0 28
180 0
188 1
0 629
0 159
190 1
1 515
0 57
0 556
461 0
0 358
0 433
0 302
3 237
257 0
0 108
83 0
98 0
202 0
1 218
0 430
1 92
0 113
370 4
51 1
0 290
0 55
456 0
17 0
467 1
265 1
1 133
0 459
0 196
1 371
0 105
551 0
76 0
33 0
228 0
0 330
2 336
256 0
1 409
448 0
1 253
1 96
1 498
2 306
2 320
329 0
0 372
0 638
0 471
0 93
474 0
0 542
413 0
0 218
0 119
74 0
122 0
57 0
0 44
288 2
0 207
260 0
453 1
286 0
116 0
153 0
0 21
1 173
0 258
0 54
561 0
28 0
359 1
332 0
236 0
0 24
445 0
0 217
32 1
279 1
1 405
258 0
0 214
1 253
0 225
453 0
525 1
1 210
310 0
394 0
469 1
0 221
1 2
18 1
23 0
119 0
363 0
115 0
136 0
0 286
475 0
0 174
0 82
0 440
179 0
0 522
0 409
175 0
0 99
44 1
0 662
1 443
2 230
309 0
152 1
349 0
128 0
0 229
173 0
716 0
0 335
141 0
3 343
0 141
108 0
1 74
379 0
217 0
0 392
0 379
1 139
0 26
195 0
0 59
13 0
0 126
0 187
164 0
173 0
0 83
0 195
0 82
2 571
0 96
64 3
18 0
1 357
401 0
2 624
351 0
175 0
229 0
1 199
480 0
0 159
335 0
0 352
2 340
500 0
66 0
57 0
454 0
0 91
176 0
0 253
706 0
1 116
0 203
1 59
0 353
60 0
0 453
47 0
371 1
1 84
24 0
0 175
0 556
0 120
197 0
472 0
355 1
301 0
102 0
373 0
0 142
1 499
369 0
1 166
595 2
267 0
0 226
0 181
2 135
238 1
0 161
0 267
1 106
0 17
0 147
219 0
4 376
0 570
0 476
94 0
202 0
11 0
201 0
391 0
1 348
409 1
2 36
17 0
2 132
0 392
489 1
0 175
0 197
26 0
169 0
0 20
0 46
0 545
0 121
0 162
0 100
0 163
1 413
145 3
1 146
558 0
486 1
0 26
102 0
261 0
1 648
360 0
135 0
359 3
0 263
179 0
89 0
1 434
497 0
155 0
3 308
0 539
1 15
1 154
0 123
161 0
82 2
0 2
0 635
4 0
0 463
1 396
0 340
0 78
0 344
393 3
0 453
66 1
286 1
2 372
255 2
3 123
49 2
0 138
0 243
0 23
0 63
1 152
546 0
507 0
456 0
0 57
238 0
180 0
1 449
138 0
0 77
0 184
1 43
177 0
34 0
398 0
52 0
121 0
383 0
514 0
20 0
532 0
0 98
0 103
318 0
55 0
0 68
449 0
0 362
265 1
0 441
76 0
0 607
0 80
27 0
0 406
0 275
0 147
0 555
122 0
78 0
322 0
242 0
108 0
10 0
0 221
0 166
0 672
3 118
2 170
0 119
472 0
110 0
2 88
370 0
484 0
461 0
0 263
0 340
0 116
68 0
560 1
0 396
1 249
0 291
0 601
52 3
108 0
158 0
331 2
283 3
0 268
263 1
129 0
478 0
0 151
0 262
120 0
117 0
366 0
1 255
0 489
449 0
274 1
0 601
1 500
298 0
2 183
0 526
205 0
2 464
134 0
0 164
39 0
0 28
173 0
1 242
1 13
176 0
0 76
0 4
2 0
546 1
177 0
0 407
321 0
188 0
0 167
0 211
0 262
380 0
5 0
0 364
0 280
163 0
244 0
0 27
0 334
512 0
0 129
0 190
20 0
0 198
0 312
1 203
0 214
205 1
0 307
0 109
1 422
31 0
126 0
435 0
102 0
168 0
1 30
0 613
1 89
0 335
0 219
0 15
491 0
1 628
1 336
165 0
10 0
93 3
287 0
0 134
0 659
0 443
0 144
430 0
278 0
1 17
420 1
0 86
0 102
629 0
0 427
329 0
316 0
321 0
353 0
314 0
505 0
346 0
0 379
0 51
22 0
49 0
0 194
1 133
0 245
77 0
0 353
0 636
77 0
0 15
0 423
151 0
0 172
41 0
1 379
1 214
0 132
0 154
0 230
2 380
0 33
85 0
475 0
0 395
0 136
0 406
1 573
141 0
0 243
610 0
79 0
0 250
0 669
0 269
1 182
0 59
462 0
0 594
557 0
274 0
0 265
1 262
0 671
0 102
378 0
530 1
117 0
49 0
0 388
0 98
504 0
11 0
0 445
122 0
0 69
20 0
210 0
329 0
129 0
350 1
24 1
0 362
1 91
0 369
249 1
1 470
0 176
0 40
0 610
0 454
143 0
65 0
1 319
0 239
0 272
224 0
0 197
398 3
0 366
300 1
114 0
307 0
86 0
440 0
167 0
0 570
0 489
0 506
203 0
254 0
1 143
1 683
0 121
0 98
0 259
1 194
0 28
410 0
0 462
195 0
1 2
138 0
0 148
598 0
415 2
1 15
0 66
165 0
305 0
151 0
410 0
0 105
0 124
1 1
0 227
300 1
208 0
0 198
0 271
59 0
196 0
4 322
2 87
1 495
0 59
0 90
385 0
507 0
1 89
212 0
0 535
114 0
434 1
0 419
0 184
0 270
352 1
131 1
476 1
62 1
1 73
189 0
406 0
45 0
177 0
437 0
1 481
77 0
646 2
0 212
145 0
0 246
0 41
2 330
56 0
0 285
235 0
35 0
247 1
618 1
0 220
59 0
79 0
0 5
110 0
0 221
1 324
48 2
0 114
85 0
0 150
0 192
169 0
66 0
207 0
320 0
0 11
0 232
0 332
0 417
1 64
0 139
107 0
331 0
429 0
0 200
0 506
19 0
395 0
0 11
350 0
0 306
1 315
71 1
46 0
0 94
0 101
670 0
0 177
0 449
190 0
413 1
150 0
3 203
0 366
22 0
11 0
0 161
19 0
0 618
0 284
405 2
9 0
97 0
1 231
338 0
23 0
245 0
116 0
403 1
48 0
0 433
0 533
0 219
280 1
0 455
0 92
498 2
561 3
0 466
286 0
0 432
0 152
0 356
49 2
0 24
82 0
0 150
464 1
147 0
0 435
478 2
2 294
0 444
477 1
0 541
0 181
131 0
0 263
3 5
0 45
1 135
0 606
360 0
57 3
153 0
0 625
294 0
224 0
0 204
432 0
0 93
244 1
465 0
0 469
163 1
0 200
224 1
11 0
0 95
225 0
266 0
120 0
503 0
0 361
0 42
273 0
0 403
269 0
1 339
0 341
362 0
0 237
189 1
228 0
1 49
3 202
0 93
1 525
0 297
0 282
573 0
218 0
239 0
675 0
0 394
1 332
395 0
540 0
221 0
0 313
384 0
371 0
46 0
198 1
0 590
0 619
143 0
0 155
657 0
1 43
1 35
32 0
0 448
0 152
82 0
1 521
4 217
2 0
1 167
0 80
0 110
313 0
502 0
0 83
74 0
617 1
1 329
488 0
554 4
564 2
0 318
132 2
0 120
0 15
279 0
0 47
0 129
608 2
0 122
0 324
0 344
0 55
2 298
0 535
447 0
0 197
183 0
4 364
252 0
1 100
1 9
0 94
44 0
345 0
434 1
3 545
222 1
143 0
373 1
349 0
1 239
531 0
336 0
0 412
345 0
0 17
0 292
42 0
0 154
281 0
0 77
233 0
1 20
0 362
0 291
0 124
0 32
0 29
0 260
45 0
1 476
2 39
210 0
0 641
1 168
229 2
35 0
204 1
0 69
307 0
0 319
580 0
0 86
607 0
0 422
3 312
0 551
0 43
153 0
477 1
0 42
89 0
1 45
63 0
1 305
1 575
0 448
0 474
323 1
1 86
4 1
261 0
1 35
197 0
260 0
433 0
86 0
0 464
213 0
295 0
78 0
1 104
56 0
0 458
300 0
0 16
506 0
125 0
565 0
296 0
0 440
181 1
0 136
0 161
0 19
370 0
249 1
121 0
517 0
388 0
36 0
0 136
