677
749
650
686
797
569
701
882
814
747
784
768
854
822
699
653
841
732
798
741
807
699
689
835
721
767
714
722
672
748
797
746
776
794
834
739
824
775
655
663
685
636
789
717
726
682
795
691
783
783
801
738
689
700
762
755
678
728
787
760
661
701
736
682
713
765
699
658
697
603
632
704
709
755
679
701
744
724
760
653
685
665
689
683
699
758
742
614
735
668
731
727
716
638
701
704
751
601
694
697
715
697
543
561
545
484
662
664
581
549
674
647
674
725
616
632
618
678
657
636
592
687
637
515
573
644
648
641
551
710
687
672
653
672
674
624
572
609
651
621
668
682
712
691
626
504
624
679
679
567
630
572
599
525
594
574
632
508
505
577
692
656
609
656
708
610
637
606
560
442
588
517
666
542
539
564
622
562
630
608
667
506
582
615
543
538
447
586
448
522
654
612
550
543
538
528
597
585
572
537
612
576
582
456
588
552
490
538
628
458
522
615
504
399
596
532
541
509
586
303
635
485
579
551
455
512
596
503
558
450
550
578
517
507
500
487
541
629
538
455
436
489
559
584
534
460
547
424
543
453
551
516
484
396
518
577
535
542
519
506
473
492
580
516
482
399
408
519
535
449
463
456
478
414
434
489
361
516
556
438
372
478
399
504
516
540
514
495
442
467
545
458
545
435
450
504
434
423
425
382
481
475
472
399
489
533
433
482
520
463
458
517
492
460
433
485
471
497
427
411
404
511
500
392
444
534
432
446
458
481
404
503
424
388
419
430
396
434
463
390
357
438
394
452
437
418
457
342
389
355
416
364
477
434
434
376
471
425
322
390
255
375
346
436
365
463
429
462
365
368
395
410
355
151
440
414
424
410
397
413
403
139
253
383
438
458
405
393
407
366
391
380
327
373
317
19
391
370
407
363
390
415
380
425
302
386
394
386
328
429
248
360
393
347
323
319
376
378
325
365
325
374
417
374
231
367
414
391
367
352
336
351
382
281
386
301
335
348
320
382
327
367
216
373
286
371
192
202
335
352
343
402
397
314
374
322
328
292
251
238
320
315
219
361
386
315
349
285
261
359
314
334
309
218
304
310
367
327
268
335
343
283
340
96
200
267
305
348
200
294
364
357
274
267
326
345
331
306
187
300
251
35
232
213
267
105
300
310
288
279
296
231
271
272
224
102
244
280
265
279
214
139
306
338
205
196
299
228
263
275
241
160
245
153
203
59
255
319
257
290
275
111
250
150
257
254
228
88
155
262
260
255
109
214
228
165
273
174
244
256
299
162
255
246
208
134
257
191
259
135
155
117
106
150
106
237
169
173
97
254
262
231
223
197
167
172
171
134
181
52
205
232
232
101
211
178
101
62
177
165
267
187
160
84
188
223
73
61
179
151
128
163
91
107
150
155
38
92
157
148
169
149
248
209
203
176
97
143
149
149
135
84
143
130
113
101
156
169
168
104
76
80
146
127
167
138
90
110
158
67
131
93
218
146
81
195
151
133
142
141
162
70
74
117
34
113
47
103
70
63
157
166
172
137
145
132
103
39
92
98
121
129
90
78
114
127
105
151
116
138
68
137
79
125
94
103
94
133
2
95
108
29
82
18
17
74
101
134
86
58
70
70
91
44
53
92
60
61
27
93
72
76
33
62
24
26
63
42
24
76
94
72
114
22
39
28
32
37
89
73
32
83
91
86
12
6
46
72
60
71
62
11
71
33
44
30
60
55
21
57
69
48
72
2
74
5
48
6
62
92
35
74
68
25
22
24
14
34
14
25
50
64
23
53
15
40
49
60
18
31
54
36
46
6
43
33
19
4
49
43
8
4
53
5
49
20
10
14
10
19
19
24
17
1
28
19
5
58
48
19
14
34
11
10
3
45
20
13
2
9
30
47
22
12
13
20
16
1
34
19
16
5
8
7
8
38
18
24
3
11
11
10
4
2
2
6
2
2
2
27
11
3
2
3
15
17
14
12
5
10
1
24
5
4
13
12
14
18
6
10
4
6
7
11
2
2
13
10
2
12
2
3
1
4
6
1
2
4
14
13
1
6
9
2
8
1
3
11
5
12
2
16
7
6
3
1
3
5
2
9
4
1
4
8
9
10
4
9
3
10
1
5
1
3
6
3
10
5
9
3
4
8
1
3
1
4
5
2
3
1
3
3
1
3
1
2
1
5
1
1
2
1
1
1
1
2
2
1
3
2
1
1
1
1
3
1
1
1
1
1
1
2
2
1
1
1
1
1
1
1
1
1
1
1
1
1
2
1
1
1
