1
1
665493061
613938270
346776613
637704091
173351507
90101402
24679168
236951374
734249872
48406878
326506090
572279694
434328210
635780704
102480067
419209011
550364629
850362003
340554524
521606062
528706809
768071004
1
1
1
1
1
1
1
3
3
1
2
2
16
1
2
125
52340630
682756967
764519843
464977400
898150440
391193722
697301742
702298593
351611103
560800978
922040914
945144062
246676110
943385235
844806571
978393994
957229809
411225734
106362670
288827831
901374953
162793500
989664649
614694966
337133834
165102618
55895079
271280342
60675016
27681120
829926607
987849076
467799078
426438004
888773587
731924349
124131426
906624306
424090517
687089399
688609038
866659232
959767719
52613853
954025007
977433368
552966761
831790489
603615195
529849673
39138328
748577961
927169189
968447729
755692501
410931456
616237710
301536784
778358921
228944707
