9   1 2 4 8 16 32 64 96 100
9   1 2 4 8 16 32 33 66 99
9   1 2 4 8 16 32 64 96 98
9   1 2 4 8 16 32 64 96 97
8   1 2 4 8 16 32 64 96
10   1 2 4 8 16 20 21 37 74 95
10   1 2 4 8 16 24 26 52 78 94
10   1 2 4 8 16 20 36 72 92 93
9   1 2 4 8 16 20 36 72 92
10   1 2 4 8 16 24 25 50 75 91
9   1 2 4 8 16 18 36 72 90
10   1 2 4 8 16 32 64 80 88 89
9   1 2 4 8 16 32 64 80 88
10   1 2 4 8 16 24 28 29 58 87
9   1 2 4 8 16 18 34 68 86
9   1 2 4 8 16 17 34 68 85
9   1 2 4 8 16 32 64 80 84
9   1 2 4 8 16 17 33 66 83
9   1 2 4 8 16 32 64 80 82
9   1 2 4 8 16 32 64 80 81
8   1 2 4 8 16 32 64 80
10   1 2 4 8 16 24 26 52 78 79
9   1 2 4 8 16 24 26 52 78
9   1 2 4 8 9 17 34 68 77
9   1 2 4 8 16 32 64 72 76
9   1 2 4 8 16 24 25 50 75
9   1 2 4 8 16 32 64 72 74
9   1 2 4 8 16 32 64 72 73
8   1 2 4 8 16 32 64 72
10   1 2 4 8 16 32 64 68 70 71
9   1 2 4 8 16 32 64 68 70
9   1 2 4 8 16 32 64 68 69
8   1 2 4 8 16 32 64 68
9   1 2 4 8 16 32 64 66 67
8   1 2 4 8 16 32 64 66
8   1 2 4 8 16 32 64 65
7   1 2 4 8 16 32 64
9   1 2 4 8 16 20 21 42 63
9   1 2 4 8 16 20 40 60 62
9   1 2 4 8 16 20 40 60 61
8   1 2 4 8 16 20 40 60
9   1 2 4 8 16 17 34 51 59
9   1 2 4 8 16 32 48 56 58
9   1 2 4 8 16 32 48 56 57
8   1 2 4 8 16 32 48 56
9   1 2 4 8 16 18 36 54 55
8   1 2 4 8 16 18 36 54
9   1 2 4 8 16 32 48 52 53
8   1 2 4 8 16 32 48 52
8   1 2 4 8 16 17 34 51
8   1 2 4 8 16 32 48 50
8   1 2 4 8 16 32 48 49
7   1 2 4 8 16 32 48
9   1 2 4 8 12 13 26 39 47
8   1 2 4 8 10 18 36 46
8   1 2 4 8 9 18 36 45
8   1 2 4 8 16 32 40 44
8   1 2 4 8 9 17 34 43
8   1 2 4 8 16 32 40 42
8   1 2 4 8 16 32 40 41
7   1 2 4 8 16 32 40
8   1 2 4 8 12 13 26 39
8   1 2 4 8 16 32 36 38
8   1 2 4 8 16 32 36 37
7   1 2 4 8 16 32 36
8   1 2 4 8 16 32 34 35
7   1 2 4 8 16 32 34
7   1 2 4 8 16 32 33
6   1 2 4 8 16 32
8   1 2 4 8 10 20 30 31
7   1 2 4 8 10 20 30
8   1 2 4 8 16 24 28 29
7   1 2 4 8 16 24 28
7   1 2 4 8 9 18 27
7   1 2 4 8 16 24 26
7   1 2 4 8 16 24 25
6   1 2 4 8 16 24
7   1 2 4 5 9 18 23
7   1 2 4 8 16 20 22
7   1 2 4 8 16 20 21
6   1 2 4 8 16 20
7   1 2 4 8 16 18 19
6   1 2 4 8 16 18
6   1 2 4 8 16 17
5   1 2 4 8 16
6   1 2 4 5 10 15
6   1 2 4 8 12 14
6   1 2 4 8 12 13
5   1 2 4 8 12
6   1 2 4 8 10 11
5   1 2 4 8 10
5   1 2 4 8 9
4   1 2 4 8
5   1 2 4 6 7
4   1 2 4 6
4   1 2 4 5
3   1 2 4
3   1 2 3
2   1 2
1   1
