0
1538313
2270085
3684535
11461595
12509714
12509714
11828786
12053658
13388064
13474610
12081176
15846811
17360875
17817957
18235459
18235459
20897508
20897508
20675013
20675013
21070130
21928363
22394063
21716708
23396587
25908863
25908863
27458512
27519058
32989266
33506164
33506164
35530702
36052406
36533383
37961124
39119587
42133951
42405541
42405541
42698981
42698981
43622117
46191257
46842327
49114434
51126751
53606745
53850800
53850800
54828187
54828187
55832993
55725837
56914223
57365513
56548007
58928445
58928445
61700032
61700032
62160046
59846351
60263705
60263705
60263705
60338684
60390464
61960675
62055280
63056293
63056293
63056293
65088228
64556389
65913636
68808996
72956762
72956762
72697670
73360193
72798437
74818241
74818241
73991859
73991859
73991859
81888681
80918043
81832171
82400899
82400899
83847190
88772882
88772882
88772882
89283544
89283544
91553873
91553873
92595034
92287890
92803808
93825774
93825774
94652302
95609667
100952184
101758114
106071268
107645818
107353566
111807021
113081125
113081125
113882891
115979005
117732972
118382562
118382562
120789554
120789554
120922914
121314214
122982312
122982312
127162033
131946671
131771271
131771271
132612132
133767347
134856867
135681865
135144115
137511283
137511283
136733427
136733427
139128341
141042075
140400722
139293091
138692600
138243738
138243738
138831608
139254088
138978337
141187468
141187468
143970736
144430414
143865454
144349414
144560569
145622153
144824290
145504217
148640624
150631778
150631778
156582943
158152517
158152517
161829214
164993841
166207345
169417614
169417614
169417614
170288128
171416142
172355152
173994852
174112352
173845523
175849882
179118814
179118814
184443475
186853532
188212219
188134602
188340950
189827464
191344600
194046169
194046169
199547865
202366312
205379132
207603922
209366333
208132653
209004855
208977077
208977077
209333902
209728340
208961364
209596948
213835151
214188791
214948140
215454330
215242704
215305642
215305642
216246564
217069372
216548586
221357058
221357058
224670512
224695336
224899444
227009301
227671169
232974427
234229372
235174199
237150032
236237190
237545603
237545603
243637258
242167088
242167088
243012111
243012111
244319178
244874845
245642973
245642973
246227484
246960756
246960756
246931888
248601071
251361080
251982479
253029639
253900311
256523252
256156672
256503972
259816577
261837718
261564353
262508130
263068430
263068430
263059738
264218440
266482551
267584846
266776806
269204180
269330823
269367762
270169573
274473044
272512524
274142126
275938592
275938592
277093083
278255634
277741648
276832914
276761715
278345998
278345998
278345998
280280105
280280105
283338325
283338325
283338325
284898815
285503696
289735322
291251684
293594953
294763813
299054945
299066838
299359578
298885103
303879418
303948670
304551482
304687452
304687452
304687452
314859266
316039784
319848177
323577815
327415109
327415109
327627805
327627805
327627805
327627805
327627805
329074623
330639882
331199702
333213706
336783721
336783721
338493037
338790332
338790332
338790332
337662723
341489672
341150211
340424036
340424036
340424036
340424036
340710436
341364837
342453405
342453405
344548822
349911131
350393211
352734113
354618250
354618250
356088849
356630273
356981609
356981609
358215942
360747191
361359066
363178654
363178654
364898809
365395497
368457359
367905141
368868769
369969389
368413832
369237852
370399386
370229218
372675175
374562415
375557123
379570108
379570108
379942028
380766135
382940478
382163074
381104768
383918235
383918235
389402881
394818720
397267249
397267249
397267249
397484529
399823189
399823189
400950276
403134363
403134363
403100063
403100063
404738910
405532810
406347872
407233585
413442745
416786584
419291945
420174932
420371529
425232381
427377413
427377413
429741596
429741596
429741596
429741596
430266100
432829651
432829651
437662782
438266345
438266345
440217599
440325380
441281182
441482102
442022676
442022676
442022676
442482311
443361119
446913202
454019434
454819716
456185393
458610571
459256235
464041465
464993401
466550549
466550549
467840340
469409320
473516467
473516467
475031039
478726501
479148190
478596218
478596218
479070406
479172925
480308997
481005061
483950568
484035560
484885560
485355286
485152193
484522449
485055596
485458023
485458023
485580129
485580129
488135873
488135873
488867822
490116540
491795725
490646053
491705329
492403563
492403563
492403563
493145962
493145962
493312898
493738261
494739524
497084462
496459492
495352721
498876823
500094078
504074776
504109490
504109490
504279096
505263630
505927527
507186131
507186131
507186131
507755955
507755955
506816433
506871142
511374924
515453473
516940868
516940868
517689107
518114871
519882318
520411940
521481846
524046213
526228061
527383482
531788346
531853897
533501937
537346882
540223440
541557180
542479184
542479184
542596551
543993307
544939415
545276973
545276973
546164745
547149475
549833694
550324124
554743597
557520546
558081806
558321231
558321231
558321231
558571735
558742803
559009063
559997154
560370546
560370546
561387792
561387792
561062268
561999239
561772210
563341742
563622264
563552334
564116727
568282932
570214332
572428255
572428255
572428255
572109144
572109144
572725584
571751021
572409332
574674659
575644261
575126429
576291011
576695440
575496787
577201966
577547391
577767132
577767132
578506307
578506307
580573601
581730207
584420903
584687339
586928193
590334372
590334372
590309757
590428769
593278673
593549137
593925191
594741428
596017017
597617623
595928643
597102180
597074719
603635002
601071832
601584382
601327634
602416341
602242460
604271416
604294552
605249577
606793518
607035393
607593672
606934672
610081715
613147482
613357908
614414609
616528669
618059212
618087532
620269048
620269048
619017886
626672443
628521590
630073434
630449391
634369029
634369029
634400573
632907162
634971464
637441679
637441679
638667109
638667109
639374048
640356779
641041051
640337426
644212826
645945950
647088558
647088558
647139978
647139978
647971412
648709076
648709076
651553357
651553357
650361061
650095937
650706717
651668234
651817676
652642849
652642849
652710989
652710989
654196274
654405074
655317579
655317579
654749915
654749915
654749915
654749915
654461089
654461089
656138472
656341030
659038542
660194192
660194192
659565495
659164307
658733432
659084929
659574904
659211502
658130920
658231939
658396808
659300781
660237577
665077349
664979490
665513369
665964916
665964916
666074036
666074036
668629211
669282535
670523418
671221356
671895244
672062002
672062002
674224550
674224550
676123934
676123934
677108063
677318516
676860785
679746031
681518321
682711675
686569574
686569574
687899609
689182571
690041886
692712978
693376639
694039229
694475695
694475695
695389101
699895371
701049177
705133345
705404073
705404073
706099742
709653783
710876710
714048999
714675464
717532406
717532406
717337655
719446298
720035074
719887234
722128580
723295110
724196822
724196822
731434478
732109874
731117080
730617419
732197781
734467450
737853570
739079718
739079718
739879534
740193854
742749258
746094853
745620074
745601054
748843015
747099540
748066914
748552098
748552098
749564074
749440154
749440154
750212315
749955647
751409251
751409251
751409251
751409251
752390229
752552329
752436829
754371445
757683409
756505981
756505981
758917891
757962699
758900391
761176529
761178229
763311326
763311326
763311326
768674602
768920122
772346834
772566304
772566304
772566304
773146448
778132231
778951703
780145045
780029848
780029848
785140116
786664661
788105232
788105232
788190250
791189808
791189808
791189808
791189808
792628848
792651023
793619095
793619095
793619095
794359404
796963280
797115469
798428960
798543196
800120108
800120108
800120108
801985423
800799975
805666090
806624770
806834071
806834071
806834071
806834071
806873341
809776384
810271033
810271033
810271033
810271033
810271033
811216759
811563389
812623435
812623435
814582336
814582336
818463363
818463363
818853086
819600551
821174872
821332712
822205302
822882502
822882502
822882502
823932901
823932901
824232643
826521137
826521137
826521137
827040753
827455335
828226235
829827389
831632777
831632777
833612184
836565536
838557331
839239392
839797121
839208353
838407552
838407552
839529699
839468598
838548500
839304262
838663332
838918342
839964669
840142148
841530989
842526828
841212810
841464650
841584446
841715086
845514044
847430997
848733632
847765560
848486527
848486527
849092357
849092357
849529597
849816301
852043046
852043046
852929673
854089850
854089850
854089850
854944085
855771938
856934302
858464658
859425250
859425250
858719650
859924762
860549493
859635285
859635285
859863610
860750308
860750308
861690061
861784989
864182606
871320233
873233781
873233781
872921493
874358636
876354973
877140897
877178921
877178921
877487697
877834355
880145027
880145027
881117487
881117487
881052923
880962986
882139560
884404024
885060304
887587756
887966588
887966588
891596599
891762095
891180425
892263755
895097756
895611496
897692097
897026083
898612267
898612267
898612267
898612267
899610257
901959647
901409879
901467244
901821713
902529375
902160671
903615087
904095710
905920935
911986169
911986169
912265894
914091720
915540997
915540997
916701939
916701939
916741467
917860079
919274861
918656507
919199072
919601355
923741482
922638037
923364765
922551966
922795741
922795741
922959997
924226495
924226495
924920769
924920769
926511610
927858411
927213228
926890864
928134119
928823978
928826400
929221020
929067771
931898880
932841014
936280971
937678625
937678625
937678625
937036488
937502304
936652187
938025680
938858545
940018137
940494929
940494929
943024371
943988863
946045023
946045023
946965282
947444219
945652769
945117167
944513192
944513192
943695408
944480282
944278646
945164074
945164074
946589736
948054643
948755352
949626890
951899069
951469992
959842590
960987066
960941929
960941929
960410322
966089638
966699414
968321193
968321193
970408819
972865888
973244871
972661419
978021276
977864218
977755197
977722831
978654914
978654914
979136258
980059923
981582056
982270151
983607919
984337007
984337007
986264391
987366486
986274122
987539849
989624825
991606061
993487415
995436721
998077439
998971636
998971636
998971636
1004686474
1004686474
1005171871
1005275780
1005275780
1005346075
1006340853
1007719587
1011019371
1011120706
1011453860
1017741478
1021917287
1022837939
1022837939
1023596806
1025418382
1027324117
1027248243
1027248243
1029652014
1029948094
1030862378
1030862378
1029418150
1030211424
1030825964
1030825964
1034908354
1035461654
1036287286
1035727324
1036685624
1036348015
1036954359
1038654610
1041482756
1042017505
1041713137
1041713137
1043747326
1043747326
1045636971
1046702105
1048515603
1048938199
1048938199
1048938199
1049824162
1050951972
1052617765
1053478353
1054506269
1055832284
1057641493
1057641493
1059950591
1059950591
1061885188
1062587757
1064927785
1065795244
1067584268
1068584437
1068740157
1068740157
1068950841
1069101265
1068462335
1070253517
1072133497
1074661339
1075157960
1076015022
1076015022
1076543047
1076689515
1079540607
1079540607
1079392024
1079392024
1082942146
1082523271
1086032817
1086032817
1085522780
1085522780
1085522780
1086437356
1086237496
1086905131
1086905131
1086905131
1089259690
1090467920
1089751486
1089751486
1091127045
1091127045
1093100343
1095084897
1095084897
1096052775
1098182999
1098975749
1099488489
1099916671
1100691807
1102612888
1102929700
1110188213
1110708571
1110708571
1111338583
1114985568
1116491455
1117155715
1116739317
1117266176
1120292227
1120292227
1120292227
1120329963
1120793643
1121541467
1120913695
1123156028
1124906503
1130910424
1133087900
1134317251
1134317251
1135187239
1135816513
1136598745
1138501103
1138570954
1140034776
1140034776
1140870574
1140952069
1141792883
1142688948
1142688948
1144414418
1144414418
1147452109
1147452109
1147162585
1147162585
1153512443
1154500189
1155899442
1156640216
1157612518
1158328806
1158848042
1159792594
1160019431
1160019431
1161176906
1161908514
1162529184
1162678510
1161692230
1163428847
1164606820
1165456096
1167145420
1169173993
1175457547
1176318463
1176278771
1177315458
1177315458
1178468631
1177970856
1178530124
1178575704
1182653004
1184666985
1186521380
1187396187
1192886178
1193885013
1194479803
1194479803
1194479803
1194389775
1194389775
1196758852
1198704290
1197858032
1196918080
1196918080
1197270690
1201086322
1202527692
1203468318
1204382150
1207235447
1208208933
1208777386
1209479256
1209825150
1209536470
1210436677
1211371329
1211490956
1214829010
1214491750
1215813457
1215813457
1215813457
1218796223
1221613394
1225484289
1231729682
1232247484
1233668603
1237439594
1237780907
1238658979
1239648979
1239648979
1239951598
1240383150
1240613126
1239224637
1240320055
1243740556
1244106446
1245607451
1245607451
1245607451
1245607451
1247832410
1247990329
1248155148
1248190901
1248786453
1249448903
1252670437
1252400273
1253203768
1257081088
1256783199
1257715059
1258432763
1259658687
1259658687
1262561846
1263180144
1263180144
1265312711
1265407341
1266991713
1266576973
1268039849
1268039849
1269881983
1270747398
1272311210
1271487735
1272629099
1273371845
1273371845
1274667689
1281547459
1280629692
1281003764
1283655658
1283655658
1284044032
1287621365
1290077366
1291337125
1291272325
1291849253
1292523591
1291974641
1293743859
1292769467
1293137403
1293823625
1294201687
1295954590
1295902966
1296174886
1296921608
1296580717
1297884625
1299633682
1299811731
1301958239
1301958239
1301958239
1301937539
1302644305
1308197469
1307710510
1307710510
1312351320
1313113220
1313113220
1314929233
1315716939
1315716939
1317472504
1317911652
1318650468
1319262116
1318954725
1319469809
1319853559
1318695243
1319122131
1320091733
1321069679
1320825353
1321090353
1321830978
1327784593
1326842833
1328771247
1329304129
1329968087
1332879683
1334794413
1336027071
1336416263
1337278188
1339831238
1339831238
1345233568
1346302946
1347493904
1352033713
1352033713
1353545166
1353945454
1353945454
1353284791
1352297969
1352297969
1352772003
1354300291
1355968584
1355968584
1359000356
1359000356
1359057448
1359437421
1362017237
1366108585
1368348133
1371188230
1371325612
1373999812
1375093014
1375093014
1377180131
1377549430
1377906694
1378083556
1378724256
1378724256
1379074007
1381262734
1383023898
1386349617
1389674050
1390128258
1390720607
1391953464
1393203423
1394948956
1394880970
1395413769
1398234699
1398942082
1399053784
1400396572
1402088458
1404157135
1406248067
1408989367
1409014196
1408397216
1411548117
1411169000
1411824102
1412470661
1412929581
1414643661
1414962589
1415272721
1418105920
1418625090
1418625090
1418894244
1420207327
1421673531
1420879965
1420602093
1420596512
1421373656
1421373656
1421492014
1421492014
1421492014
1427541418
1429295430
1429876913
1427555038
1426148292
1426148292
1427505954
1427002233
1427002233
1429504009
1428902900
1428902900
1430683665
1442180752
1443322254
1443322254
1443540440
1443540440
1443579816
1445119267
1444550508
1445818038
1450339520
1450801046
1450801046
1451765462
1451765462
1452171816
1452131281
1453228831
1453839066
1453623873
1453623873
1452995988
1454238983
1454355020
1454684724
1456529422
1458241656
1459208610
1460713911
1461407306
1462649315
1463621995
1463970579
1464532165
1467625075
1467625075
1468180772
1468302410
1468498540
1468498540
1468498540
1468578140
1468658852
1469690095
1469690095
1470888091
1471949066
1472074722
1472483603
1472483603
1472273700
1473672546
1474395000
1473596125
1474359657
1475133562
1480217836
1480217836
1480826886
1482594148
1484234697
1485960412
1486719136
1487022768
1487782242
1487782242
1489460258
1490439036
1493985695
1494547046
1494873940
1495372759
1496772579
1499392239
1500525512
1502033185
1502924052
1502268289
1503503420
1503466318
1504679550
1507241832
1511048550
1511188276
1511188276
1512443208
1514234180
1516773098
1517935241
1518875955
1519333866
1519410921
1521357740
1522746252
1525201695
1526927660
1526927660
1529726316
1530687387
1532246480
1533850347
1533658501
1534556842
1537902107
1538252669
1538762398
1539772714
1542281029
1542055020
1542252483
1542779090
1542779090
1543072923
1544696364
1552215948
1553161522
1554846058
1554846058
1555069170
1556227816
1556227816
1563114137
1566593856
1569301828
1569651537
1569561563
1570587795
1571066332
1572433277
1573941199
1574454034
1576245951
1576713567
1577672977
1578088517
1577387146
1576986444
1578517422
1581752427
1581863637
1583719621
1584731839
1585488594
1588220401
1589420402
1590081302
1590208277
1590397305
1590397305
1591596674
1596260314
1598364941
1599075430
1598773806
1598773806
1601800202
1604292789
1605495548
1605025548
1603643397
1604923618
1605298698
1606115557
1610449657
1608404295
1609399287
1611289424
1611289424
1615251538
1614562722
1617529059
1616848874
1615895519
1615840179
1615840179
1618689888
1618689888
1618175909
1619473742
1621703964
1622912210
1628725815
1629675760
1632985583
1633689078
1633397735
1633397735
1635486551
1635486551
1637422445
1637422445
1637422445
1637461715
1639461792
1642490561
1643464445
1645482805
1643616774
1646996901
1648101750
1649062890
1649836108
1651457904
1650800299
1650934556
1650831109
1651533595
1652939966
1652939966
1655424048
1655424048
1655030534
1655223932
1655912042
1655098898
1655098898
1657185637
1657185637
1658048664
1658048664
1658118808
1659553668
1659948836
1660578716
1660698782
1664284360
1668200192
1668233119
1668233119
1670633713
1670633713
1671518937
1680306858
1680962170
1683285468
1683285468
1682993534
1683956498
1685803822
1685109542
1685072202
1685925478
1687067543
1687067543
1687067543
1686676993
1686676993
1686676993
1689915084
1689915084
1691538989
1691149599
1691149599
1693757214
1694537135
1695573670
1697562362
1698081455
1701552283
1708773496
1708654808
1709154902
1712982001
1711556839
1714889615
1719567326
1719567326
1720243090
1720500286
1722809918
1722765411
1725824389
1730618052
1730618052
1730698914
1731142875
1731142875
1731931233
1735148432
1736067063
1736067063
1735622847
1734987261
1735055920
1735595378
1736374490
1735570656
1735610264
1735610264
1735182216
1736967203
1737605177
1739923119
1745349822
1745690183
1745690183
1745633575
1745633575
1747119425
1749062197
1749062197
1750995801
1752150681
1752741416
1754070449
1754070449
1756953663
1757181417
1757181417
1757809241
1758485159
1759177887
1760270682
1761668718
1763255606
1765283112
1767984689
1768316089
1768960495
1768995675
1769402287
1770002955
1770576785
1771437614
1771033096
1771021805
1772914168
1773655509
1773919315
1773919315
1776174937
1776419921
1777508950
1777508950
1775935550
1776428172
1778887667
1780247177
1780247177
1781417090
1781417090
1785655963
1787594802
1788099404
1788131262
1788739854
1788739854
1788739854
1788739854
1790114975
1791951718
1790875891
1792619324
1792563113
1795810951
1797050353
1797050353
1797050353
1798084000
1798731528
1801954609
1806011428
1806477220
1808560239
1809392637
1810117058
1810709724
1810560868
1811484948
1813614517
1811515410
1813151206
1814118842
1816684402
1817187055
1817187055
1816527403
1821883318
1822284504
1822284504
1823752234
1824780850
1825474076
1826265135
1826265135
1826206032
1826532360
1828787312
1828787312
1828669268
1831482125
1831711805
1832498815
1831181458
1832942827
1832942827
1832942827
1833402217
1835929911
1838473745
1839458988
1840313008
1840970633
1840236639
1839291543
1841741180
1842813710
1845815940
1847994984
1847994984
1848914505
1848801980
1850426389
1850975511
1849792284
1851790925
1851790925
1852292995
1852433791
1853528996
1853019275
1854123006
1854123006
1854378403
1855225593
1862281338
1861405330
1861681644
1863102818
1863738404
1864145059
1864145059
1864400585
1864667097
1866589855
1871641906
1872837074
1874148910
1875101364
1884745873
1886603669
1890419064
1888791896
1890999860
1890455720
1892551034
1892362835
1892731039
1892033959
1891494712
1893510640
1897331251
1899376857
1899376857
1900333280
1901622422
1904782511
1904782511
1905516699
1905881027
1907702992
1909362432
1909362432
1911851789
1911051413
1911051413
1911560596
1912733214
1913596760
1913596760
1916991034
1918025022
1919451219
1924736383
1927136537
1929049617
1929638969
1930211243
1932057181
1934592886
1934592886
1937489569
1937477887
1937477887
1938747263
1937826730
1937826730
1937288850
1937288850
1937203242
1939466483
1941934301
1942387522
1944189831
1944160842
1945072447
1947923740
1955287523
1958215261
1957147391
1957147391
1957055688
1956594317
1956594317
1956609745
1957721133
1958691503
1960231415
1961316118
1961316118
1961335374
1961335374
1962467816
1962467816
1962995671
1964139792
1966901041
1966901041
1965942176
1965942176
1964531540
1963571308
1963313069
1962193126
1962193126
1962193126
1962193126
1962193126
1962182341
1962182341
1959763519
1958477293
1958171662
1957815286
1957981371
1957981371
1957981371
1957981371
1957981371
1957472808
1957472808
1955765344
1955765344
1956538611
1956538611
1955969604
1955169157
1955169157
1955169157
1953954807
1952801615
1952801615
1953707800
1953707800
1949766515
1949717569
1948833815
1949076151
1948201081
1948201081
1946803217
1945603638
1945603638
1946007766
1945405016
1945405016
1945640628
1946275115
1947338457
1947338457
1947204121
1945961008
1946669320
1946669320
1946669320
1946067687
1945599803
1946014319
1946014319
1945381103
1945007005
1944024020
1944024020
1942867912
1942377940
1942377940
1942377940
1942425311
1942562303
1942562303
1942175085
1942175085
1940484330
1939575087
1939575087
1937680462
1937680462
1937680462
1936275721
1936617930
1936617930
1937103360
1937952880
1940206034
1940206034
1938359759
1938359759
1937529118
1936750193
1936390181
1936390181
1935497257
1934965195
1933827983
1933827983
1935095243
1934615669
1933686597
1933942531
1935013929
1935013929
1935013929
1934288787
1934194957
1934194957
1932497069
1931249345
1931249345
1930408780
1929747688
1929747688
1929747688
1929098950
1929098950
1929002558
1929842118
1929842118
1929572533
1929572533
1929819459
1928571188
1928571188
1927133686
1927488206
1927315585
1926345983
1925465547
1924464111
1924092711
1923856561
1923317916
1923985558
1921819738
1920095157
1920385443
1920385443
1918379909
1918379909
1918379909
1918432112
1918432112
1918432112
1918321200
1918321200
1918321200
1918321200
1918321200
1917649089
1917649089
1916888105
1916888105
1915093174
1915093174
1915093174
1915093174
1914488286
1914488286
1914488286
1911038600
1911038600
1910733668
1910733668
1910733668
1910733668
1907081853
1907692162
1906946050
1906398210
1906398210
1905040933
1905040933
1903359409
1903359409
1901603703
1901603703
1901603703
1901121197
1902070082
1899623331
1899623331
1899623331
1897442681
1897077176
1895704969
1895699011
1894597719
1891684800
1890437048
1890208492
1890971834
1890971834
1890285234
1890285234
1890285234
1890285234
1890285234
1890846291
1890681281
1890681281
1890485305
1889106400
1890734042
1890949546
1890337898
1890337898
1890616316
1890393316
1890393316
1887983952
1887037609
1886361417
1887127181
1886360197
1885289888
1884347349
1884347349
1884347349
1884347349
1884347349
1884347349
1885150944
1885150944
1884930632
1883877990
1883877990
1883877990
1884535590
1884535590
1885025534
1885132115
1885132115
1885132115
1885106365
1883180072
1880150341
1879838053
1879838053
1879935912
1879416756
1879328869
1879658139
1878950477
1879169852
1879169852
1879169852
1879434111
1880680789
1880680789
1880680789
1881208770
1876176809
1875645745
1875645745
1876263615
1880252248
1879408248
1879408248
1879408248
1878652630
1878652630
1878652630
1878652630
1878652630
1876977829
1876977829
1876157059
1876170634
1876903780
1876386402
1876386402
1875865282
1875865282
1875865282
1875865282
1875865282
1875865282
1876361591
1876815369
1877123088
1876643188
1876643188
1876643188
1876136679
1876136679
1875822324
1876014904
1876014904
1876283414
1875539941
1875539941
1875539941
1875134763
1875134763
1875381791
1875381791
1875202961
1875202961
1875202961
1875202961
1875035145
1875035145
1875035145
1875021804
1875021804
1871559434
1871559434
1871048180
1870874712
1870874712
1869191312
1868411358
1867939791
1868190553
1867881413
1867881413
1867881413
1865711953
1866260853
1866260853
1866812237
1866446561
1866446561
1864868412
1863911378
1863911378
1864292468
1864292468
1864292468
1864292468
1863646819
1863589050
1863589050
1860751970
1860577576
1859509656
1859792184
1860063704
1860063704
1859873924
1858303864
1858226720
1857794140
1857678046
1857678046
1857407906
1857407906
1857407906
1858257689
1857223127
1857641067
1857641067
1856854724
1857411656
1857411656
1855724468
1855724468
1855707798
1855707798
1855071742
1855071742
1855071742
1855474720
1855474720
1855474720
1855474720
1854657420
1854993740
1854993740
1854993740
1854035853
1853228712
1853228712
1853228712
1852790831
1852228779
1852228779
1852228779
1852304713
1851948169
1852777105
1851834199
1851834199
1850030771
1850795035
1850795035
1850839454
1850839454
1851454592
1851454592
1851454592
1851454592
1850427122
1850427122
1850427122
1850427122
1850427122
1850233038
1850406515
1850250433
1849652341
1849879123
1848242788
1848242788
1848152168
1846337350
1845402218
1846574224
1846574224
1846657496
1844615700
1842763294
1842763294
1841079373
1840313074
1840313074
1839918753
1839653180
1839653180
1839653180
1839653180
1839653180
1839653180
1838836820
1838077120
1837483364
1837186012
1837236897
1837236897
1837236897
1837825683
1838048971
1838048971
1838048971
1837876874
1836238836
1837077923
1837077923
1836463911
1836463911
1833716138
1833484826
1833484826
1833484826
1833642061
1833642061
1833642061
1833130295
1833130295
1833864597
1833025477
1833025477
1832109753
1831922777
1831855245
1831906995
1831906995
1832884787
1832884787
1833000146
1833000146
1832244249
1831326410
1831250612
1830566596
1830566596
1830566596
1830566596
1830566596
1830566596
1830146414
1830146414
1829851724
1829851724
1829640056
1829997944
1829997944
1829997944
1828256289
1828064801
1827878036
1827179070
1827179070
1829003602
1827194255
1827194255
1827194255
1827925967
1827925967
1828021695
1828021695
1828021695
1827941004
1827801188
1827264501
1825985798
1825985798
1825985798
1825985798
1825985798
1825985798
1823331191
1823331191
1822978247
1822978247
1822978247
1823175051
1822994163
1822873112
1823715572
1823609799
1823018471
1820921251
1819575155
1819746761
1819746761
1819746761
1819746761
1819993236
1819993236
1819513632
1817854148
1817854148
1817854148
1817854148
1817854148
1817089303
1817873496
1817858496
1817858496
1817858496
1817858496
1817354619
1817354619
1817727710
1817722367
1817722367
1817722367
1817671845
1817671845
1817483384
1816530037
1817004457
1816209275
1816209275
1816209275
1816209275
1816810911
1815859583
1815679227
1816316267
1816316267
1816624008
1816428454
1816428454
1816428454
1815099515
1814198395
1814198395
1813975315
1814325562
1814347987
1814347987
1814347987
1815602851
1815602851
1815602851
1815336459
1815336459
1814679359
1814679359
1814679359
1814666250
1814623025
1814623025
1815316355
1815316355
1813252395
1813252395
1811168112
1811168112
1811168112
1811168112
1811433308
1811097808
1808670336
1808670336
1807877072
1807046102
1807257679
1806407732
1807158848
1806820402
1806820402
1804607180
1804607180
1804308946
1804393405
1804393405
1803445985
1803498612
1801390452
1801390452
1800447476
1798901864
1798901864
1798901864
1798901864
1798901864
1798901864
1799049123
1798829748
1798018085
1798261121
1797417645
1796018158
1795852662
1795852662
1795852662
1795525807
1794811116
1794950543
1794950543
1795777071
1796776186
1795486703
1794882215
1795019961
1795019961
1795019961
1795019961
1795019961
1794654261
1794654261
1795340855
1795340855
1794760753
1794760753
1794760753
1794760753
1793591617
1792522041
1792766870
1792195162
1792195162
1791943886
1791943886
1791943886
1791943886
1789951187
1789951187
1789000571
1788280472
1788280472
1787721080
1787721080
1784998545
1784998545
1785222385
1785222385
1785222385
1784429801
1783552516
1785403062
1785403062
1786148727
1785925655
1785925655
1786039215
1786184095
1785577614
1785390094
1785390094
1786002482
1784542264
1784542264
1784542264
1781975212
1783432771
1781901179
1781793207
1782301491
1781365065
1781365065
1780732490
1780732490
1780732490
1778711456
1778737512
1779125517
1778316133
1778039762
1777234428
1776814473
1777212529
1776997154
1776997154
1776997154
1776043308
1775641416
1774784566
1773965013
1773965013
1773530037
1773530037
1773332737
1773332737
1772135971
1769670405
1769670405
1768777641
1769576753
1769576753
1769322233
1769209009
1769602611
1770313280
1769060316
1769060316
1769060316
1769060316
1768770597
1768770597
1768770597
1768280653
1767286124
1767607752
1767607752
1767248331
1766958449
1766330390
1765199075
1765199075
1763740829
1763740829
1762239673
1763122717
1763122717
1764000457
1765049575
1765398945
1765398945
1765398945
1766829343
1766017945
1766017945
1766017945
1766017945
1765311970
1765311970
1765311970
1765311970
1765168170
1764997714
1764356966
1764356966
1764356966
1764356966
1764356966
1764356966
1764552682
1764552682
1764552682
1764551109
1762803922
1764917380
1765265279
1765265279
1765265279
1765265279
1765265279
1765265279
1765277522
1764515226
1764201985
1764201985
1762854432
1761432989
1763298269
1762407749
1762203485
1761888197
1761489056
1761489056
1761489056
1761489056
1760451752
1758600001
1758531651
1756696210
1756696210
1755357951
1753988181
1754187164
1754187164
1753630384
1753630384
1753630384
1753984756
1753984756
1753984756
1753198656
1753837776
1753837776
1753837776
1753837776
1753336296
1752185452
1752185452
1752546761
1753828966
1753452191
1753671603
1752873071
1752873071
1752873071
1752252968
1752799651
1751847715
1751748949
1751599120
1751599120
1751181180
1749538575
1749538575
1747866896
1747866896
1745590996
1744675436
1744675436
1743021058
1743021058
1741225813
1741958180
1743253561
1743253561
1743253561
1743253561
1743253561
1743414371
1742511498
1742511498
1741727538
1741151035
1741232581
1741375917
1741375917
1742050689
1743031131
1743031131
1743031131
1743031131
1743031131
1742528712
1742528712
1742843072
1742026354
1740645587
1740645587
1739395111
1737014699
1737014699
1737014699
1737876924
1737021070
1734559633
1733319233
1733097242
1734202460
1732997664
1732997664
1732997664
1733139020
1732801261
1733136666
1733136666
1733136666
1732273245
1733262337
1733758697
1733410888
1733067952
1733023923
1732031023
1731549364
1731749432
1731749432
1730252866
1729387660
1729387660
1729387660
1727864148
1725453226
1724488660
1723799491
1723336225
1723375277
1722657200
1722657200
1722657200
1722500547
1722500547
1722500547
1722207636
1723874471
1723874471
1723497574
1721604614
1720959680
1720921480
1721399068
1722378758
1721563423
1720402288
1720402288
1720402288
1718517777
1716932200
1716014964
1717562667
1717562667
1717325555
1717325555
1716540347
1716540347
1716540347
1717212763
1717212763
1718052363
1717686207
1717686207
1714604073
1714141767
1714380489
1712469761
1712304871
1711442121
1711508257
1711343601
1710431761
1710811648
1710811648
1711329372
1710504568
1710504568
1710178240
1709778041
1709778041
1709778041
1709716748
1709716748
1709730374
1708743818
1708524998
1708524998
1707188978
1705674962
1705412940
1705412940
1705412940
1702931273
1702255794
1702669356
1701835935
1701538940
1701538940
1702074418
1703027765
1701298366
1699476915
1699476915
1699476915
1699476915
1699476915
1699476915
1699476915
1700222739
1700763763
1698909268
1697695306
1696795898
1696795898
1696297228
1694982799
1694982799
1694982799
1694300738
1693396958
1694109009
1693854657
1694438731
1694438731
1694438731
1693699406
1693699406
1693699406
1692915186
1692625128
1691973898
1692265949
1691984851
1691984851
1691857464
1691647094
1691687593
1691542276
1691333272
1691185652
1691185652
1691185652
1691185652
1690668316
1690668316
1690668316
1691546412
1692422082
1692409341
1693094003
1693094003
1693094003
1694148952
1694750680
1695218840
1695323931
1694360548
1693964444
1693964444
1693964444
1693590444
1692508637
1692508637
1692508637
1692163705
1692163705
1692163705
1691368332
1690003391
1689030168
1689030168
1689080550
1689080550
1687262613
1685968378
1685029726
1685220833
1684926645
1684209546
1684209546
1682252208
1681397506
1681243300
1681633910
1683909804
1684002898
1684266676
1684266676
1683834072
1683834072
1684377797
1682661695
1681387141
1681255365
1681255365
1681255365
1681255365
1681098307
1680195835
1679470849
1679470849
1679501730
1679501730
1679501730
1680337068
1680337068
1681292316
1680451872
1678639029
1677668391
1677126083
1677126083
1676228903
1676228903
1675917651
1676202231
1676040071
1674346568
1674630648
1674630648
1672946194
1671387402
1670222454
1670206501
1668555507
1668069027
1668069027
1668069027
1668069027
1668069027
1668069027
1668059247
1666200794
1666200794
1666200794
1666200794
1667033024
1667033024
1667033024
1667033024
1668023932
1668023932
1667674897
1667674897
1668397502
1667876180
1668533068
1668533068
1668533068
1668533068
1668533068
1668533068
1668533068
1668533068
1668179248
1668179248
1668179248
1667555991
1667555991
1667555991
1668781782
1669147994
1668478432
1668478432
1669111612
1669111612
1668743452
1668743452
1668743452
1666889284
1666032780
1666705190
1666705190
1666705190
1664811074
1664811074
1663913984
1663913984
1663391960
1663813654
1664515837
1664112927
1663454587
1664428932
1664428932
1664302767
1664302767
1663648767
1663648767
1663357528
1663357528
1662567938
1663574432
1663574432
1663574432
1664627296
1663541598
1663541598
1663541598
1664444715
1664444715
1663732235
1663732235
1663732235
1664800532
1664800532
1664800532
1664800532
1663404872
1664343777
1663661447
1663661447
1663578680
1663578680
1663774379
1663774379
1663390189
1663390189
1663390189
1663390189
1663390189
1664324200
1664324200
1666198092
1665538107
1664723175
1664706574
1664706574
1663723189
1663723189
1663723189
1663723189
1663723189
1662635631
1662460947
1662460947
1662460947
1661985259
1661823731
1661823731
1660780787
1659509397
1659509397
1659509397
1659961319
1658652077
1656823934
1656303576
1656303576
1656251949
1656251949
1655813549
1655813549
1655657207
1655657207
1654277862
1653169429
1653915791
1653915791
1653915791
1653915791
1652659240
1652659240
1650895324
1650895324
1650005926
1650604015
1651361457
1651361457
1651361457
1651361457
1651736775
1651736775
1651736775
1651736775
1651736775
1648178977
1647088575
1647653503
1647653503
1647653503
1648217809
1648217809
1646185173
1645297173
1645297173
1645297173
1645297173
1645297173
1644933813
1644933813
1644933813
1644933813
1645345993
1645345993
1644920540
1644072301
1644072301
1644066593
1643833666
1642684145
1642168757
1643964192
1643849125
1643271915
1643271915
1641870491
1642508027
1642508027
1641649067
1641594056
1641594056
1640786661
1641527391
1641527391
1639898137
1639898137
1639504898
1639504898
1639249369
1639249369
1639249369
1639249369
1639249369
1638748671
1638748671
1637857507
1638074367
1638599821
1638599821
1638599821
1636973077
1637227197
1637227197
1636992433
1637152130
1637152130
1637152130
1636633204
1637540843
1637061843
1637268233
1637091020
1636780483
1635166387
1635845400
1636650573
1636342181
1637213317
1637213317
1637213317
1637213317
1637213317
1637213317
1637213317
1635331685
1634019203
1633576413
1633576413
1633576413
1633576413
1633576413
1633333018
1633333018
1633333018
1633333018
1632812680
1632349488
1632948528
1632100594
1632100594
1631499564
1631499564
1632457524
1632457524
1631830700
1631119105
1631980932
1631980932
1631980932
1631980932
1631935552
1631935552
1631247923
1630712563
1630712563
1630444639
1629587135
1629357350
1628158107
1628158107
1628158107
1627944608
1627094928
1627094928
1627363634
1627363634
1626990143
1627497983
1627497983
1627247221
1625305936
1625305936
1625505961
1625231849
1625231849
1624784953
1625237033
1624403656
1625042000
1624982940
1624318884
1623610369
1622859169
1622859169
1621861303
1621314803
1621231903
1620327101
1620327101
1620327101
1620327101
1618749893
1618749893
1619252614
1619252614
1618979034
1618979034
1616429683
1615451608
1615089028
1615089028
1615089028
1615089028
1615692017
1614980683
1612651519
1612651519
1612770441
1611639981
1612448026
1612626363
1613163089
1613766406
1613766406
1613766406
1613766406
1612007415
1612007415
1612007415
1611627434
1611627434
1611627434
1610604614
1610770068
1610770068
1610255460
1610255460
1610255460
1608953523
1608953523
1609018354
1608457510
1608457510
1608087517
1607735821
1607735821
1607735821
1607535503
1607535503
1608214411
1609916191
1609916191
1608666408
1608308990
1607795854
1607795854
1607908565
1605138906
1604343162
1602785998
1602785998
1602886963
1602886963
1602159766
1602159766
1601322348
1601601552
1601601552
1600409231
1600391151
1602000511
1601311859
1601311859
1601087690
1600504873
1599656223
1599444263
1598327726
1598327726
1598113668
1598908815
1600269800
1600501580
1600501580
1599083862
1598129028
1598000552
1597940132
1597940132
1597940132
1597094772
1596383682
1596383682
1595554507
1595469971
1595469971
1594589252
1594589252
1594589252
1594488827
1592824609
1593344398
1593344398
1593591184
1593101512
1593117730
1592541259
1592541259
1593106987
1593106987
1593231210
1592330522
1593115866
1593115866
1593154236
1592371589
1593102373
1593102373
1593572609
1593572609
1593572609
1593572609
1593572609
1593407305
1593407305
1593407305
1591707412
1591420130
1591420130
1589351210
1589351210
1589039717
1589039717
1589039717
1588492331
1587514379
1586935347
1586644264
1586196307
1586196307
1585973987
1585973987
1584245638
1584245638
1584245638
1582845180
1582845180
1581689134
1580742495
1580742495
1580054871
1580054871
1580769061
1580769061
1580769061
1580769061
1580249811
1580824977
1580824977
1580699321
1580253481
1580253481
1578731356
1578731356
1578802981
1578802981
1578656401
1578089082
1577202194
1577800134
1577800134
1576885726
1577576309
1576244249
1575290409
1575290409
1572802286
1572802286
1572802286
1572802286
1572802286
1572802286
1572802286
1572425572
1572425572
1572425572
1571761579
1572752049
1573351285
1573351285
1573473808
1571553663
1571609197
1571942647
1570585157
1570173024
1571447223
1567442930
1567462285
1567462285
1567462285
1567318167
1567318167
1567318167
1566294829
1565471165
1563571195
1563571195
1562741342
1562741342
1563808586
1563255456
1560689360
1560435488
1559805929
1559574714
1559574714
1558847322
1558847322
1558847322
1558847322
1558106045
1558286485
1557728302
1557199133
1557199133
1557199133
1558909829
1558029592
1558029592
1558029592
1558005080
1558005080
1558437827
1557722287
1557722287
1557722287
1557722287
1557276484
1556411088
1556411088
1557266489
1557266489
1556452965
1555726186
1554743266
1554743266
1554743266
1554632391
1553886029
1553886029
1551193375
1551193375
1551193375
1551491553
1551491553
1551491553
1549799214
1549799214
1549529326
1549529326
1549529326
1549529326
1548777076
1548080145
1547387520
1546389473
1546389473
1546389473
1546266909
1544944018
1544944018
1545826905
1547210853
1547210853
1547210853
1548045189
1547871149
1547275105
1547275105
1547275105
1546263311
1546263311
1546263311
1546263311
1546263311
1546101933
1546101933
1544436867
1543662819
1542897403
1542918275
1538879421
1536822164
1536822164
1536822164
1536822164
1536803200
1537319164
1537497690
1537497690
1536454054
1536454054
1536051516
1536479462
1536479462
1536479462
1536205806
1536657661
1536657661
1537248623
1536324958
1536276286
1536302973
1535012177
1535012177
1533864522
1533096282
1533096282
1532366383
1532366383
1532366383
1532366383
1532366383
1531933631
1532212321
1532212321
1533257013
1532933999
1532581639
1532059504
1532059504
1529997062
1530501222
1530922022
1530922022
1530503500
1530503500
1530503500
1530847262
1530029467
1530256979
1530256979
1529921219
1529665200
1529388797
1530828893
1530828893
1530828893
1531079866
1530462346
1529340642
1530137223
1529666885
1529666885
1528932625
1527556166
1526769248
1526103848
1526103848
1526973467
1526973467
1526093243
1526093243
1523952726
1523952726
1523111042
1523111042
1523111042
1523264370
1523055538
1523055538
1520963580
1521186406
1519664470
1518918063
1518918063
1518781019
1516366469
1515445311
1515445311
1515701119
1515701119
1515701119
1515701119
1514522347
1513915123
1514093081
1514093081
1514093081
1514093081
1513395779
1513395779
1513021373
1513021373
1511226750
1512802277
1512058437
1512040341
1512040341
1510908695
1510840644
1511141674
1511141674
1511097987
1509613357
1509511957
1510198761
1510074221
1510517987
1511492813
1510238665
1509529696
1510616748
1510616748
1510186244
1510186244
1510186244
1510186244
1509826523
1509826523
1509826523
1509715723
1509715723
1509026139
1509026139
1509026139
1509026139
1506626960
1504660181
1504660181
1504660181
1504660181
1503909330
1502918961
1501281192
1501281192
1501515438
1500501008
1500002626
1500002626
1498675780
1498936713
1498936713
1498694163
1498469430
1496925076
1496796643
1498349961
1498376405
1498376405
1498376405
1497741909
1496997621
1496997621
1497637003
1497637003
1497637003
1496346785
1496046090
1496046090
1494534908
1494484206
1494565678
1494565678
1493029309
1493029309
1494378536
1494972001
1494822732
1494822732
1494049536
1493257092
1493257092
1493730966
1493106910
1492917845
1492297301
1492297301
1491703836
1491703836
1491703836
1491703836
1490781580
1490781580
1490781580
1490781580
1490781580
1490781580
1490781580
1490781580
1490781580
1489930548
1489930548
1489440702
1489440702
1489440702
1489226454
1489226454
1487557120
1485351318
1484673646
1485166324
1480733833
1481174447
1481620795
1481620795
1480966284
1480966284
1480616564
1480616564
1480000651
1479240950
1478699380
1478699380
1477871226
1477871226
1477871226
1477871226
1477871226
1477027701
1477771631
1477771631
1477771631
1477771631
1477216561
1477216561
1476675723
1476675723
1476013217
1476013217
1473321867
1473321867
1473908547
1473941395
1473941395
1474171018
1474510922
1474078224
1473336765
1472297397
1472297397
1473278414
1472993834
1472993834
1472181709
1472438880
1472438880
1471585228
1471585228
1472551421
1472325512
1472325512
1473023688
1473023688
1472148936
1472148936
1470057119
1469903585
1469903585
1469014325
1469014325
1469014325
1469014325
1469509322
1471639243
1471639243
1472218899
1472218899
1471435801
1469794669
1470099965
1470946223
1470946223
1472186328
1470762257
1470762257
1469169599
1469169599
1469169599
1469169599
1469169599
1469169599
1468982834
1468982834
1468982834
1468401091
1466209657
1467009764
1465077061
1466616090
1465769538
1465769538
1464855803
1465169244
1461599660
1461941264
1461941264
1461941264
1459839288
1460657128
1459738039
1459738039
1458938493
1458938493
1459879487
1460323733
1459431700
1458722806
1458722806
1456745442
1456523002
1455565594
1455565594
1455565594
1455370024
1455370024
1455370024
1454659873
1454141140
1454141140
1454141140
1453153112
1452778202
1452778202
1452199098
1452199098
1452199098
1450094010
1448869528
1448869528
1448869528
1448869528
1447916084
1447252423
1447252423
1446322618
1445587909
1445015261
1445015261
1445015261
1445015261
1445015261
1445015261
1445018433
1443659854
1442489738
1442585568
1442585568
1442585568
1443021152
1442194053
1442194053
1441681364
1441251720
1441251720
1441251720
1440507554
1441448268
1441242580
1441242580
1441242580
1440057800
1441596158
1441596158
1441266108
1440654353
1437512812
1437512812
1437512812
1438340530
1438308922
1437631070
1437631070
1437631070
1436837415
1436810728
1437403402
1437163390
1438333277
1437586860
1437586860
1437195564
1437154372
1438898588
1438898588
1438898588
1438898588
1438898588
1438634432
1436599298
1436599298
1436599298
1435392960
1435392960
1435392960
1435999897
1435154395
1435394028
1434285126
1434986476
1434986476
1435583139
1434759853
1435750695
1435135892
1435135892
1435135892
1435135892
1435135892
1434298985
1433305574
1433681964
1432239506
1432727966
1433111430
1433111430
1433111430
1433324157
1433831467
1433831467
1431801411
1431801411
1432504706
1432989336
1432887400
1432887400
1433541400
1433275814
1433275814
1433253460
1433253460
1433731716
1432774846
1432219855
1432219855
1432219855
1432417326
1432417326
1432417326
1432417326
1430743457
1430478471
1429482095
1429310767
1429458488
1430460701
1430460701
1430389648
1430833138
1431701651
1431115659
1431770360
1431770360
1431714972
1430772892
1431194075
1431194075
1431194075
1430914900
1430982887
1431442393
1431518191
1431518191
1431472071
1431213505
1431213505
1431213505
1430168566
1429687716
1429687716
1429317781
1429317781
1429317781
1428329777
1426740247
1426740247
1426412122
1426412122
1424763825
1425883291
1425883291
1424673511
1424673511
1425447576
1423434686
1423563950
1423563950
1424347062
1424347062
1424347062
1423165491
1422683498
1422607700
1422017831
1422134743
1422134743
1421909408
1419173610
1418813016
1418813016
1419805206
1419805206
1419805206
1420495940
1420495940
1420704833
1420070801
1420070801
1421878964
1421878964
1421878964
1421878964
1421420089
1422324968
1423243248
1423444593
1423444593
1422974593
1422143905
1422974943
1422974943
1424409143
1424398239
1424398239
1422937668
1423402608
1424195553
1423032245
1419988221
1419065981
1419065981
1417663298
1417663298
1417663298
1418489349
1418489349
1419232916
1420175443
1420175443
1419679059
1419679059
1420267203
1420267203
1420267203
1418663768
1418949484
1418809492
1418809492
1419292375
1418766059
1418766059
1416972987
1415837577
1416715869
1417364769
1416401805
1416401805
1415826639
1415826639
1414885833
1411265035
1410268277
1409844699
1409136319
1409569975
1408516804
1408057879
1407322567
1407322567
1406818943
1407591509
1407591509
1407591509
1408261144
1405308642
1405308642
1406257928
1405930701
1405930701
1406334742
1406460758
1406460758
1406460758
1406460758
1406460758
1406460758
1403687722
1403687722
1403687722
1402971046
1403189730
1403189730
1403189730
1403189730
1404254702
1404202935
1402028656
1401810752
1402024556
1401533878
1401795863
1399539208
1399539208
1398969558
1398969558
1398969558
1398887370
1398913194
1397756581
1397094366
1397041271
1396275507
1394360026
1393648498
1393416626
1392915458
1393350208
1393944024
1394091057
1393696372
1393696372
1392957029
1392957029
1391029206
1390087006
1390087006
1390946086
1390946086
1389037880
1388551755
1387631962
1388488135
1388488135
1388372510
1388372510
1388126504
1388126504
1388126504
1388126504
1388126504
1388126504
1387682314
1387631716
1387631716
1387631716
1387631716
1387631716
1384992820
1384148100
1384148100
1384148100
1384148100
1384148100
1384148100
1380273829
1380273829
1379839983
1379839983
1379839983
1379536211
1376374826
1375021511
1375660554
1375157901
1374470860
1374470860
1372748544
1372748544
1371965422
1371068983
1371883078
1371016591
1371016591
1371016591
1371016591
1371016591
1371016591
1369609999
1367880475
1367880475
1368730837
1368841557
1368841557
1369237721
1367478330
1367451605
1367151345
1365032673
1363187072
1362393722
1362393722
1362393722
1362393722
1362393722
1362393722
1362393722
1361454572
1361454572
1360198878
1359837287
1359837287
1360327815
1360156386
1360314803
1358641933
1358641933
1358774959
1358774959
1355986564
1354642335
1355363689
1355997569
1355519189
1355519189
1355519189
1356317377
1356031805
1354451314
1355289280
1354236172
1353814312
1353710327
1353116633
1353116633
1353116633
1353152247
1353152247
1352756083
1353297547
1353297547
1354545808
1354255933
1353740485
1353740485
1353740485
1353740485
1352509917
1352509917
1352509917
1352509917
1352509917
1352509917
1350777475
1350777475
1350080750
1351822048
1351822048
1352217316
1352217316
1352217316
1354090480
1352858404
1352042580
1352042580
1352042580
1352042580
1350439921
1349566111
1349842328
1349842328
1350830419
1350830419
1350830419
1350830419
1350465094
1349319063
1348442013
1348407618
1348407618
1348641986
1348641986
1349131930
1348752610
1348629606
1348629606
1348629606
1347550674
1347509499
1347509499
1347509499
1348484707
1346698211
1346698211
1346878341
1346878341
1346029375
1346029375
1345945470
1345945470
1345945470
1345945470
1345628522
1344682850
1344682850
1343897506
1344882379
1344882379
1343539851
1342740298
1343096837
1342239537
1342239537
1342239537
1342239537
1342239537
1342239537
1342421675
1342171479
1341441958
1341441958
1341441958
1342571478
1342571478
1342571478
1341321017
1342228861
1340102917
1339187395
1336593034
1335787960
1331526495
1330681593
1331348363
1331348363
1328988616
1328988616
1328194777
1327296097
1326772207
1327122477
1323656511
1323656511
1322187070
1321208830
1321208830
1321208830
1320202146
1317334564
1317370646
1317198274
1317198274
1317198274
1316689969
1317078191
1317883299
1318354179
1318354179
1318081851
1318081851
1318081851
1317789177
1317789177
1318915883
1319726159
1319018920
1319018920
1319018920
1319018920
1319018920
1319373496
1319373496
1319373496
1317666062
1317626510
1316884831
1316884831
1318125490
1318125490
1318125490
1317759202
1316307553
1316307553
1316307553
1317111147
1317111147
1317111147
1317111147
1316467647
1316146703
1316146703
1316146703
1316146703
1315886309
1315886309
1317074468
1315950688
1315216218
1315216218
1316997742
1315617996
1315617996
1315617996
1312941116
1312916232
1311630174
1311229695
1311229695
1311229695
1311229695
1311229695
1311354374
1310369851
1310369851
1309022175
1308830415
1308830415
1309688930
1309688930
1308908946
1307890963
1307890963
1309895802
1309800406
1310238287
1310238287
1311317665
1311317665
1311389613
1311389613
1312097746
1311312076
1311312076
1310501556
1308384521
1308384521
1308384521
1308384521
1308705182
1308705182
1308705182
1308073334
1308073334
1308073334
1308672750
1308672750
1308344613
1308344613
1308457277
1308135111
1307977986
1307977986
1306289213
1305740748
1305740748
1306486167
1306486167
1306486167
1306326923
1306326923
1306751430
1307401362
1308359756
1308359756
1308359756
1307763684
1306093975
1305588975
1305588975
1306412460
1306412460
1306967124
1306344020
1303336319
1301735390
1302594453
1302594453
1302937403
1302433287
1300018819
1300018819
1299745615
1299745615
1300620790
1300620790
1300620790
1299903151
1301440607
1300696677
1300673123
1300152666
1299653466
1299303465
1298361065
1297894683
1298030108
1297474846
1296581724
1296581724
1297338339
1297548041
1298706769
1296899057
1296242974
1296242974
1294491242
1293800987
1294008165
1294008165
1293926184
1293059266
1292824567
1290593158
1289822558
1289822558
1289150294
1290398933
1290398933
1289727338
1289727338
1290248458
1288169058
1289366682
1289366682
1289366682
1289366682
1289366682
1289366682
1288066866
1288066866
1288037508
1288037508
1288839319
1288839319
1290915330
1290915330
1290035787
1291748659
1292715032
1293896635
1294157196
1294347020
1294347020
1294347020
1294347020
1294526252
1295259707
1295259707
1295259707
1295259707
1290524567
1290524567
1290524567
1290300455
1290210191
1290563584
1291365531
1291365531
1289911681
1291487994
1291073402
1291073402
1291504894
1289914255
1290537026
1291468000
1289978212
1289046567
1288210187
1288210187
1288210187
1288407487
1288407487
1288411903
1288411903
1288411903
1288411903
1288885289
1287217715
1287217715
1287217715
1285086188
1285086188
1285309188
1285309188
1284932991
1283460970
1283460970
1283538129
1283538129
1283008257
1279736203
1279736203
1281083163
1280618171
1280130306
1279994073
1279994073
1279994073
1279165823
1279165823
1279731943
1278968286
1278968286
1278968286
1278652238
1278218639
1278218639
1278167754
1278167754
1277381816
1277381816
1277381816
1277721306
1277721306
1277721306
1277721306
1277006328
1277006328
1277006328
1277006328
1277629332
1277621097
1277621097
1278195304
1276846506
1275884146
1275884146
1275884146
1276788231
1276306151
1275466358
1275466358
1274581658
1273380466
1273960966
1273227076
1273026351
1272580815
1271741996
1272037628
1272182268
1271816108
1270451561
1269583054
1270421926
1270421926
1270810052
1270565576
1269317847
1269317847
1269298265
1269298265
1269298265
1269393013
1269393013
1268713164
1270275069
1269630345
1269630345
1270447265
1269257514
1269583530
1270334730
1270334730
1269533450
1268909178
1267912346
1266166275
1266166275
1263953173
1263953173
1262226848
1261714612
1261714612
1262507825
1262507825
1262507825
1262441732
1261932360
1261932360
1263005859
1263005859
1260939862
1260939862
1260939862
1260939862
1260429185
1258260491
1258321648
1256981629
1256442266
1255165520
1254388944
1253203789
1253203789
1251255602
1249720185
1250416225
1250283745
1250283745
1250283745
1250730769
1250730769
1251010865
1251207831
1252123138
1250921736
1250921736
1250234895
1250234895
1250234895
1251358277
1251358277
1251358277
1251358277
1250510262
1250510262
1249067049
1248131120
1248131120
1248131120
1248367235
1247488616
1246441816
1245573075
1245573075
1245086871
1245086871
1245270087
1244151353
1243539401
1241908648
1240906636
1240609636
1240609636
1241361890
1241361890
1241361890
1240023935
1240023935
1238857981
1238706942
1238490302
1238490302
1237615487
1238052645
1238052645
1238052645
1238052645
1238052645
1236487321
1236487321
1236487321
1236487321
1234740803
1236192635
1236866799
1236866799
1235208528
1235291307
1234401533
1234401533
1233439228
1233178514
1233459026
1233459026
1233459026
1232991540
1232105511
1232224637
1232224637
1232612775
1231673145
1231255245
1231255245
1231304736
1230903642
1230937939
1230937939
1230937939
1230937939
1230937939
1229530871
1228705176
1228607232
1228607232
1228607232
1228412412
1228412412
1228141468
1227141754
1227141754
1227141754
1227694876
1227694876
1227694876
1228093657
1228776119
1228776119
1227886273
1226875473
1226875473
1223647690
1223647690
1223647690
1223478765
1223478765
1222556409
1221388277
1221388277
1222150621
1220943664
1220943664
1220943664
1221949240
1221949240
1222601088
1222212686
1222212686
1222485669
1221692715
1221692715
1221077715
1219412993
1215444197
1215444197
1214399254
1214399254
1214898436
1214895801
1214895801
1214478761
1213600307
1213961432
1213383672
1213616406
1213616406
1212761909
1213169610
1212986378
1213633717
1211013254
1211013254
1211013254
1210750464
1210750464
1210750464
1211487820
1211487820
1211582313
1211355097
1211355097
1211355097
1209854735
1208667711
1208928923
1208928923
1209806641
1209806641
1209806641
1209822085
1209191987
1209191987
1209191987
1208866227
1208310711
1208310711
1209285729
1209285729
1203915216
1201889936
1201889936
1201889936
1200788809
1201483489
1201955481
1200660200
1200660200
1200660200
1200660200
1200660200
1200185422
1199047235
1199047235
1198260049
1197750583
1196759711
1196101116
1196101116
1196357784
1196357784
1194987153
1194905681
1194905681
1193916645
1194313535
1194313535
1194313535
1195982295
1195956545
1195248285
1195248285
1196201506
1195634450
1196119847
1195625780
1196388097
1196388097
1197042497
1195080364
1195973288
1195973288
1193805348
1192258740
1192640530
1192640530
1192640530
1191491976
1191491976
1191491976
1191100003
1191942718
1191520975
1191122818
1190862723
1190022491
1190449208
1190449208
1191413922
1190566258
1189635284
1189249854
1189517172
1189517172
1189517172
1188621160
1188621160
1188621160
1188718123
1188718123
1187604278
1185754766
1184910994
1184088384
1184088384
1183052476
1183377116
1182679668
1182679668
1182679668
1182679668
1182628909
1180431897
1180431897
1180431897
1180998056
1180998056
1180998056
1180998056
1178743968
1180504322
1178548340
1178479598
1178479598
1179452270
1180174574
1180207114
1180207114
1181211637
1181513973
1181513973
1181513973
1181513973
1181513973
1180848410
1180848410
1180784546
1180258477
1178345857
1178345857
1178345857
1178345857
1177906569
1177722963
1177722963
1177722963
1178004570
1178004570
1177654170
1177654170
1177517559
1177517559
1178440346
1177503896
1177503896
1178394183
1177271306
1176350773
1176184038
1176184038
1175422567
1175422567
1174512970
1174512970
1174512970
1174220658
1174136946
1175026972
1174636849
1174344561
1173087092
1173087092
1173909276
1173909276
1173425264
1173941669
1172201769
1172201769
1172201769
1172297049
1172297049
1172297049
1172297049
1172297049
1172297049
1171921044
1172562311
1172562311
1172598003
1169923696
1168313704
1168313704
1168313704
1168313704
1165294669
1165196284
1165196284
1165196284
1165196284
1164709830
1164709830
1164709830
1164594456
1164594456
1164594456
1164594456
1164594456
1165133350
1165133350
1165785569
1165785569
1166530685
1166530685
1165711815
1165880790
1166818629
1166679756
1168427340
1168427340
1166862105
1165526936
1165526936
1166232368
1165927416
1165549848
1164758760
1165530007
1164576596
1164576596
1164576596
1163653772
1162844887
1162485928
1162077064
1162526758
1162526758
1161861738
1162394632
1162394632
1161212520
1161212520
1161212520
1161026626
1161026626
1159719198
1159719198
1159719198
1157957222
1157957222
1157957222
1158314387
1156088474
1157272229
1156946581
1156946581
1156946581
1156220972
1156220972
1156220972
1156248828
1156848260
1157804676
1157804676
1156967060
1156967060
1156498270
1156498270
1156212714
1156299810
1155578559
1155113551
1155113551
1154917421
1154917421
1154917421
1154106515
1154106515
1153452396
1153452396
1154399386
1154399386
1154399386
1154399386
1152971204
1152971204
1152971204
1152971204
1152971204
1152934682
1152934682
1153223014
1152313011
1151483880
1151483880
1151483880
1151335535
1151403629
1151092763
1150975851
1150975851
1150871675
1149883652
1149883652
1149333780
1148901580
1149789880
1150428024
1149112595
1149112595
1149648147
1149648147
1149648147
1149086841
1146577229
1148078861
1147684379
1147684379
1147684379
1148674987
1147092343
1147998305
1147998305
1148661465
1149262363
1149262363
1147382802
1146339058
1145399165
1145399165
1145399165
1144089929
1143796282
1143796282
1142311258
1142311258
1142115165
1142115165
1142115165
1142115165
1141953426
1141886336
1141886336
1141327836
1141327836
1141327836
1141327836
1142110525
1140745482
1139395775
1139395775
1138236165
1138174661
1138174661
1137217128
1137217128
1136492717
1136492717
1136961923
1135821161
1135728582
1135728582
1134626725
1134044949
1134050038
1132922957
1132440775
1132465287
1132465287
1133175751
1132102163
1132787226
1131651657
1130886634
1129618946
1128870991
1128723239
1123033344
1123033344
1124134380
1124134380
1124134380
1122770730
1123415625
1121865074
1120497899
1120497899
1121057567
1121634568
1121634568
1121634568
1120698168
1121171715
1120725745
1120550678
1116469952
1116210652
1116210652
1112982883
1112039207
1112039207
1112039207
1112039207
1111102299
1111569812
1111427296
1110210534
1109755967
1109572751
1109263345
1109263345
1109263345
1109263345
1109263345
1107051351
1107051351
1107051351
1107051351
1107051351
1106186382
1106186382
1106186382
1106569917
1105486368
1105486368
1105486368
1106252358
1106252358
1107183893
1105569216
1105569216
1105569216
1104807591
1105263771
1106765995
1106919494
1105838020
1104448429
1104448429
1102659667
1102659667
1102659667
1102738673
1101830484
1101830484
1101830484
1101371468
1101379685
1100273540
1100273540
1100273540
1101161560
1100296770
1100296770
1099378977
1099212554
1099950328
1099950328
1099950328
1100357328
1100357328
1100357328
1100357328
1101323568
1099190416
1099190416
1099190416
1099190416
1097192044
1097104012
1095554226
1095554226
1095375889
1094115600
1092446440
1091985254
1091959229
1091959229
1091283833
1090868253
1090868253
1090258477
1090612227
1089621385
1088864541
1088864541
1089823221
1089823221
1087060575
1087060575
1087060575
1087060575
1087060575
1086982315
1086982315
1086789875
1087710420
1087710420
1085394422
1085730300
1085730300
1085730300
1085730300
1086184380
1086184380
1084748827
1085757149
1085757149
1085405720
1085405720
1085405720
1084500699
1084500699
1084432605
1084395336
1083370998
1083370998
1083370998
1083370998
1083370998
1083370998
1083174868
1083174868
1083174868
1081355597
1080089015
1079941975
1080610222
1080047886
1080047886
1080980386
1080980386
1080110845
1080110845
1080110845
1079963545
1078987229
1078987229
1078109757
1077590531
1077590531
1078000140
1077701262
1077701262
1077701262
1077701262
1077701262
1076635963
1076635963
1076635963
1076635963
1076979463
1078062282
1077419412
1076454926
1075872291
1075312328
1074619944
1073852919
1073223689
1071853258
1071853258
1069295417
1069723577
1070919771
1070510909
1070213059
1070213059
1069883789
1068042352
1067592047
1067592047
1066453381
1067262053
1066375553
1066375553
1065904637
1065904637
1065768885
1065768885
1065768885
1065015874
1063733063
1062820722
1062757458
1062461241
1062461241
1062282107
1062568227
1062568227
1063123314
1062888022
1061957070
1063698361
1063698361
1063698361
1063698361
1061827213
1062580711
1062188491
1062378294
1062378294
1061155872
1061155872
1060784890
1060797247
1060797247
1060797247
1060409956
1060171678
1058984274
1060099091
1060099091
1060099091
1059939813
1059939813
1060141803
1059724421
1059724421
1059724421
1058801999
1058801999
1060366085
1060366085
1060366085
1060366085
1059529655
1059175753
1059579091
1057921736
1060221766
1060221766
1060555276
1060095726
1060095726
1059124662
1058846494
1057574667
1056673803
1056393766
1056393766
1054826088
1054826088
1054826088
1054538088
1055684861
1055684861
1055684861
1054020603
1052851837
1053217719
1054284315
1051461824
1051172349
1051172349
1050301875
1049038777
1049038777
1047194322
1046984207
1046663640
1046663640
1046202875
1045393625
1045393625
1045252520
1045252520
1044275249
1044275249
1044275249
1044290320
1044049325
1043408779
1043408779
1043408779
1044280597
1044280597
1044280597
1044280597
1042686938
1042686938
1042686938
1042026014
1040422679
1040422679
1040469147
1039041590
1039041590
1039041590
1038854653
1038854653
1039277501
1038984893
1038984893
1038984893
1038984893
1038984893
1038984893
1037707195
1038702239
1037312529
1037312529
1036581940
1035886340
1035734484
1035734484
1036611495
1036611495
1037213297
1036827793
1036827793
1036827793
1036524449
1036524449
1036524449
1036128181
1036128181
1036128181
1035387267
1035355051
1035355051
1034405393
1033581335
1034077385
1033944962
1034385386
1034385386
1033822602
1032374810
1032374810
1032146996
1032279851
1030776816
1029109244
1027520462
1028543256
1028543256
1028649428
1028649428
1027986418
1027986418
1027986418
1029239357
1029239357
1029856971
1029937833
1028725213
1028725213
1027848046
1027848046
1027848046
1027141706
1028110431
1027127533
1027127533
1026690375
1026267179
1025269353
1025269353
1025269353
1025524073
1025524073
1024576653
1023301074
1023144331
1023144331
1021432284
1020243501
1020243501
1020243501
1019600059
1018849531
1018849531
1019772699
1020352167
1020036442
1019772100
1019525057
1020242649
1020242649
1020242649
1018136777
1018136777
1016324680
1016324680
1014135620
1014135620
1012465212
1012465212
1012050696
1012050696
1012050696
1011123428
1011917703
1012271248
1012271248
1013531912
1013531912
1013531912
1013189165
1013189165
1013189165
1013189165
1012816488
1013265631
1013125407
1013125407
1013125407
1013125407
1012255495
1011427767
1011427767
1009648757
1009648757
1008423674
1008423674
1008196907
1007178267
1007178267
1007178267
1008120667
1008120667
1008120667
1007426393
1007426393
1007093148
1006361139
1006361139
1006361139
1006801139
1005175000
1003504545
1003504545
1003504545
1002657794
1002356200
1002356200
1003005768
1003005768
1000693691
999822811
999449535
998450807
998035482
997254705
997254705
997254705
997330969
995440570
995440570
995440570
996178052
995207127
995207127
995207127
995207127
995246052
995246052
995999445
995984013
995984013
995407274
995554752
995554752
993891344
993195990
993195990
993053584
992640270
993947830
993200440
992504579
992504579
992504579
992545754
993712221
993712221
994227389
993526533
993473621
991952350
991952350
988989596
988989596
988351452
988011886
988011886
985521328
985892728
985829884
985261348
984630718
984630718
984630718
983623375
983623375
983584635
981643895
980444148
979950358
979950358
979950358
979950358
979950358
979644443
979516033
979933530
979168081
980124065
980651122
980651122
980971190
981385930
980785930
980785930
978099248
978567214
978090129
978090129
979011459
978344462
977229637
977432497
977657239
976679293
976679293
976749588
974384000
972113181
972113181
972087537
972087537
970058733
970058733
969357143
968334335
968334335
968334335
968242027
968975917
967415077
968815744
968325758
968325758
967714252
967714252
968145216
968145216
968145216
967533168
967668676
967668676
967668676
967246996
965143213
965143213
965341813
965341813
965341813
965341813
965281366
965281366
965281366
965030497
962839232
961371322
960392087
960392087
959708761
958835314
958899887
957537395
