703498 1
368250 2
96347 3
336207 4
509352 5
638548 6
681032 7
245937 8
739799 9
387155 10
128500 11
95790 12
294019 13
244724 14
571434 15
95777 16
370134 17
857777 18
624117 19
299302 20
71877 21
6821806 1
227341 23
462435 24
18279 25
615998 25
63016 27
625558 28
101477 29
617653 30
151935 31
208066 32
534699 33
143236 34
93599 35
536195 36
706839 37
640397 38
58577 39
188019 40
421979 1
39285 42
160813 42
9578884 23
495668 45
859595 46
870935 47
698135 48
126120 49
628791 50
348518 51
194878 52
424149 53
681152 54
754236 55
449624 56
805093 57
312162 58
194210 59
848771 23
27844 61
139094 62
201700 63
53003 23
7324 65
10944091 45
659343 67
619690 68
743514 69
793170 70
127330 71
596889 72
218873 73
350690 74
324728 75
500760 76
580282 77
656231 78
104798 79
893634 80
438472 81
443486 82
55774 83
761460 84
894860 85
198977 86
82755 87
10086798 67
648241 89
33535 90
728681 91
468042 92
853264 93
195744 94
735629 95
576443 96
622029 97
808662 98
444031 99
863669 100
480661 101
60197 102
12835 102
402387 104
494803 105
496874 106
177012 107
367407 67
2319 109
8064016 89
585780 111
438731 112
355664 113
776628 114
208050 115
464249 116
712022 117
67738 118
17249 118
870926 120
43685 121
528261 122
232538 123
461349 124
384679 125
761036 126
343066 127
7397 128
132962 128
185718 130
110086 131
10503215 111
718706 133
838485 134
309855 135
468170 136
660877 137
126927 138
191948 139
889414 140
822447 141
752212 142
651021 143
200419 144
558081 145
403615 146
218732 147
743803 148
255792 149
195884 150
61770 151
376736 151
232756 111
8025356 133
357516 155
727974 156
116138 157
584713 158
247977 159
149205 160
895338 161
257472 162
107479 163
551299 164
622362 165
770012 166
76574 167
171565 167
665316 169
29782 170
238293 171
508615 172
319865 133
47758 133
19373 133
9563365 155
305382 177
594508 178
1591 179
816509 179
854672 181
321793 182
775985 183
160447 184
535080 185
7545 186
64979 186
557750 187
277145 189
381806 190
853469 191
264983 192
498893 193
808091 194
603383 195
202202 196
98107 155
7783684 177
851686 199
188185 200
280 201
62040 201
506532 202
699789 204
38683 205
748 205
412142 205
620119 208
153096 209
615722 210
262981 211
85038 212
196478 212
297787 214
783390 215
538712 216
789396 177
362398 218
111793 219
8806177 199
501178 221
67677 222
354393 222
807335 224
664071 225
617399 226
104589 227
115140 228
132073 229
520900 230
492869 231
447408 232
546186 233
459653 234
417258 235
193989 236
757718 237
312054 238
263750 239
87713 240
312272 199
9108473 221
53969 243
447492 244
337480 245
505479 246
437315 247
836608 248
16629 249
202099 250
149909 251
198249 252
39774 253
103344 254
834385 255
694041 256
531057 257
620539 258
68668 259
296177 259
848854 261
313357 262
807543 263
8883300 243
703519 265
805529 266
712373 267
356931 268
735010 269
79634 270
12965 270
15966 271
157040 270
130036 274
360589 275
594061 276
425413 277
768037 278
671073 279
575973 280
64059 281
362811 282
80052 283
208857 284
485811 243
8459484 265
782940 287
590533 288
44375 289
252632 289
518725 291
167564 292
217672 293
641737 294
59989 295
575191 296
166924 297
430892 298
658646 299
710080 300
866783 301
321747 302
244629 303
17692 304
250192 304
323641 306
314587 265
8180262 287
314819 309
22163 310
700738 310
859750 312
809935 313
437543 314
123616 315
709360 316
36931 317
688389 317
32092 319
181239 320
539832 321
210059 322
59538 323
118549 324
58412 325
591019 326
357966 327
503720 287
5764 329
9950508 309
80939 331
723985 331
251179 333
452550 334
870440 335
701521 336
334800 337
96399 338
572506 338
598465 340
395392 341
11164 342
320675 343
217958 344
762023 345
332035 346
866465 347
430940 348
831663 349
300191 350
292670 309
8311221 332
347925 353
838622 354
651876 355
56848 356
429357 356
565919 358
479607 359
635605 360
543918 361
162111 362
881088 363
755598 364
608147 365
169655 366
81716 367
18881 367
546839 369
39420 370
127912 370
25126 372
28832 331
8597664 353
810636 375
266823 376
296188 377
633355 378
661244 379
898541 380
22919 381
588451 381
305122 383
427909 384
57431 385
541482 385
637511 387
487977 388
512502 389
36150 390
136385 390
184437 392
140492 393
265281 353
66243 395
8973329 375
703045 397
898987 398
50546 399
4274 399
625051 400
403671 402
38721 403
633794 403
12702 405
3014 405
592964 405
865456 408
90691 409
476265 410
508638 411
96349 412
609423 412
232773 414
260421 415
471351 416
673478 417
7994360 397
70608 419
147525 420
806859 421
64445 422
115856 423
178176 424
636148 425
72716 426
25779 427
10947 426
699575 429
623641 430
78736 431
483689 432
895102 433
313191 434
716518 435
62002 436
773122 436
240666 438
340312 439
7428267 419
67137 441
182611 442
29938 443
448386 443
719704 445
125901 446
664072 447
297623 448
310152 449
82898 450
622855 451
244797 452
367289 453
327134 454
798294 455
307007 456
51048 457
310213 457
487872 459
336825 460
221904 461
12715941 441
208111 463
809751 464
544519 465
346778 466
361907 467
658984 468
534703 469
622412 470
588346 471
479192 472
519703 473
715875 474
899215 475
545156 476
461099 477
679577 478
658684 479
259845 480
630293 481
560363 482
779406 483
7459148 463
165537 485
866099 486
134031 487
469740 488
58887 489
225107 490
741348 491
792983 492
769156 493
6824 494
472140 495
852347 496
432803 497
711944 463
75885 463
59521 21
462015 501
80092 502
116943 502
628358 504
366485 505
4024 506
855905 507
837293 508
164084 509
682207 510
596089 511
73015 512
282409 512
713902 514
599769 515
773457 516
358109 517
128826 518
305190 519
339576 520
507442 521
73639 522
24547 522
352913 522
722083 525
325984 526
531225 527
1414 528
401968 528
144354 530
47754 531
374399 532
454446 533
175031 534
470587 535
897783 536
690833 537
764913 538
506642 539
5081 540
324261 541
36889 542
646107 542
619736 544
493614 545
675821 546
856581 547
504939 548
39793 549
15114 549
6411 549
399241 550
488819 553
850047 554
33014 555
50852 556
255455 555
206901 558
585929 559
658853 560
474824 561
877839 562
839370 563
344597 564
279078 565
645154 566
570037 567
313953 568
120214 569
510724 570
154221 571
600446 572
13727 573
861129 574
445015 575
304096 576
482565 577
810182 578
522010 579
720190 580
12109 581
83490 581
16295 583
501685 582
773884 585
301054 586
62969 587
510910 588
781271 589
763747 590
533089 591
679690 592
207268 593
430164 594
614067 595
263589 596
49562 597
529676 597
764055 599
549956 600
505316 601
101999 602
390576 603
748700 604
79454 605
611493 605
21220 607
138210 608
429797 609
633720 610
253399 611
446282 612
480882 613
427362 614
393008 615
423691 616
75890 617
102500 617
803025 619
511320 620
351999 621
218474 622
701666 623
541927 624
31496 625
312946 626
121926 627
125102 628
670320 629
460739 630
481058 631
310176 632
12549 633
654830 633
741341 635
24819 636
316270 637
253335 638
167258 639
696220 640
246670 641
586626 642
352766 643
323215 644
35808 645
825419 646
4305 647
669490 647
496042 649
801735 650
62190 651
8766 651
832239 653
81866 654
4330 654
476426 655
766006 657
807145 658
632641 659
186799 660
611907 661
571130 662
317975 663
458549 664
412251 665
24687 666
419267 666
90493 668
55238 668
288835 670
277688 671
6415 672
659392 673
573734 674
542926 675
831758 676
83816 677
143398 677
607320 679
292980 680
51086 681
775697 682
25596 683
414008 684
723561 685
253315 686
564191 687
605838 688
775789 689
298553 690
284197 691
535722 692
528607 693
712201 694
795892 695
4670 696
112966 696
727815 698
188080 699
265868 700
95263 701
530474 701
496896 703
385147 704
191227 705
778275 706
443334 707
92805 708
776088 709
302826 710
819242 711
893983 712
118331 713
676724 714
822479 715
404670 716
194475 717
501013 718
118747 719
409110 720
21908 721
112718 721
832818 723
265950 724
83453 725
217972 725
189562 727
844489 728
337334 729
889943 730
434648 731
575822 732
766920 733
70119 734
798576 735
636064 736
113983 737
164536 738
552616 739
718197 740
500321 741
498207 742
32923 743
694503 743
510898 745
824496 746
789515 747
200828 748
68297 749
524087 749
262400 751
65576 752
185677 752
891876 754
481640 755
628427 756
42161 757
620787 758
636842 759
262857 760
600688 761
229439 762
873576 763
637321 764
321784 765
712543 766
425290 767
235390 768
563277 769
78169 770
318810 770
342366 772
32845 773
809824 773
352457 775
19298 776
257359 776
468228 778
452080 779
11213 780
874494 780
86460 782
52306 782
887378 784
479110 785
371264 786
789704 787
137392 788
500200 789
536141 790
500290 791
600386 792
50380 793
32064 794
593110 793
608509 796
322097 797
419375 798
738828 799
308501 800
24477 801
728146 801
857959 803
675904 804
415887 805
6355 806
10904 806
116489 807
261946 809
39182 810
849648 810
473956 812
808873 813
325217 814
787717 815
5766 816
27297 817
280372 818
770192 819
21617 820
245879 820
625088 822
699651 823
464052 824
235585 825
682459 826
176388 827
227818 828
362419 829
570521 830
653688 831
139813 832
874050 833
364239 834
592899 835
484060 836
44877 837
13229 838
31029 839
803411 837
640075 841
523385 842
51467 843
26419 844
568017 843
54231 846
19132 846
571608 847
779781 849
803393 850
462273 851
501991 852
676592 853
300236 854
629869 855
460703 856
15703 857
40411 857
98224 859
237357 858
419518 861
775771 862
603340 863
757550 864
721898 865
170249 866
127945 867
313328 868
173344 869
453996 870
323370 871
508361 872
197093 873
826073 874
899989 875
31376 876
473583 876
218406 878
196654 879
7320 880
582129 881
2407 882
720475 883
478967 884
64578 885
301618 886
882881 887
360962 888
336886 889
301659 890
607364 891
805358 892
437970 893
158071 894
659914 895
543664 896
627355 897
29092 898
43336 899
70595 900
4939 899
380613 898
20146 903
877514 904
363273 905
734930 906
302622 907
257163 908
526647 909
269134 910
364320 911
492151 912
3545 913
319885 913
262110 915
613697 916
599965 917
813424 918
569533 919
870047 920
303006 921
650240 922
879777 923
364678 924
853295 925
196075 926
65231 927
652188 927
698965 929
665415 930
867471 931
135491 932
315478 933
897128 934
269091 935
514371 936
859125 937
569828 938
327376 939
63200 940
141945 941
520527 942
835579 943
798734 944
163366 945
599998 946
553354 947
415812 948
555329 949
121991 950
117346 951
34391 951
812420 952
598078 954
250024 955
808599 956
834517 957
499193 958
79680 959
503327 960
367000 961
22220 962
31248 963
893443 964
838046 965
120076 966
787388 967
380213 968
825578 969
388623 970
506027 971
507693 972
136131 973
227305 974
393599 975
600159 976
448493 977
44624 978
845968 978
201535 980
585005 981
96969 982
600744 982
786692 984
835080 985
334934 986
277847 987
617377 988
811844 989
92383 990
658873 991
343629 992
94948 993
27159 994
45795 994
231547 996
603503 997
60471 998
204296 998
