3701575 1
1313075 2
7908691 3
8569850 4
4445786 5
187746 6
21767027 1
3159140 8
7980532 9
2455280 10
1730477 11
1059553 1
321092 1
38402415 8
6275887 15
5123213 16
8579334 17
8259922 18
1138618 19
1617853 20
25416445 15
7204378 22
153519 23
4969988 24
5039180 25
1328649 26
824687 15
16976642 22
3570542 29
1962620 30
2442147 31
39017 32
3129127 33
475850 22
27122473 29
1900163 36
4046854 37
3799845 38
8189149 39
4447537 40
158881 29
29385732 36
2766398 43
5140741 44
502869 45
1957497 46
4464707 47
6451876 48
5889759 43
441955 6
5619921 51
7349169 52
1018929 53
6398523 54
389080 55
2255697 56
6700180 57
479192 58
7730052 59
160461 60
343188 60
3561950 61
5188526 63
2363856 64
801459 65
2467589 65
897007 67
6565058 68
5658071 69
5121100 70
605025 71
967530 71
5078580 73
4884549 74
6349400 75
3683542 76
7221791 77
4719276 78
8072179 79
7566090 80
5571856 81
648649 82
86865 82
3388762 83
802240 85
1094565 86
17167 87
2578886 87
777944 89
1677362 89
726713 91
6481861 91
4031874 93
6800640 94
1590242 95
740468 96
175173 97
8125649 98
3960156 99
