880917 1
639700 2
811285 3
80048 4
776352 4
211581 6
9193 7
480350 8
257510 9
41243 10
177841 11
22462 12
382683 12
352642 14
721936 15
102512 16
151853 17
667652 18
365866 19
825178 20
203556 21
9893938 1
31048 23
490926 23
508241 25
861132 26
823411 27
670954 28
886069 29
632648 30
22160 31
189954 32
556836 33
65958 34
220428 34
543539 36
602722 37
707861 38
318652 39
266734 40
615665 41
413261 42
26222 43
10114479 24
657221 45
73263 46
402839 46
832993 48
475682 49
64086 50
242468 51
634138 52
808697 53
331839 54
844725 55
404089 56
484173 57
194784 58
480668 59
308721 60
436384 61
783051 62
320636 63
249524 64
529355 24
12095438 45
387033 67
863037 68
472038 69
783677 70
486052 71
486466 72
514705 73
466474 74
726352 75
656763 76
571815 77
652701 78
764032 79
92837 80
672389 80
522599 82
733911 83
622229 84
218845 85
721427 45
281656 87
9310541 67
496377 89
865143 90
127689 91
842481 92
230308 93
239379 94
111868 95
539441 96
624359 97
285699 98
774433 99
256229 100
361670 101
696408 102
83622 103
647899 103
898692 105
108392 106
30900 107
29768 108
398247 107
10274649 89
842506 111
773984 112
402409 113
210481 114
554992 115
729938 116
51910 117
420682 118
386230 119
311495 120
614445 121
163607 122
744510 123
740209 124
282016 125
504748 126
365869 127
685700 128
270627 129
328923 130
244197 131
8108933 111
166040 133
761405 134
72869 135
525911 136
224508 137
392811 138
717687 139
3768 140
337942 141
53980 142
472827 143
475165 144
30764 145
723106 146
822419 147
363704 148
629823 149
406544 150
268938 111
88066 152
21010 153
10312033 133
496274 155
473143 156
420160 157
451870 158
445918 159
573360 160
531706 161
669022 162
229448 163
836796 164
205918 165
312897 166
667573 167
313804 168
696940 169
765403 170
159687 171
536340 172
245994 173
594342 133
240582 133
8938411 155
714250 177
414106 178
427297 179
688425 180
621905 181
40086 182
5662 183
515014 184
338606 185
225795 186
502540 187
51127 188
648805 189
53684 190
641740 191
26477 192
768952 193
32900 194
139711 194
864924 196
349931 197
8031723 177
83080 199
84369 199
84050 201
658875 202
765556 203
890869 204
871701 205
327581 206
399055 207
108466 208
33184 209
95890 210
46716 210
653612 211
297909 213
861483 214
568938 215
212378 216
148375 217
323325 218
39024 219
5266945 200
212406 221
322054 222
816707 223
462718 224
297803 225
15030 226
96577 226
481652 228
146325 229
80685 230
587673 231
30581 232
498275 232
4412 234
108817 234
223159 236
35031 237
231330 238
111479 239
11612 200
34025 201
9564735 221
90307 243
829660 244
704135 245
34753 246
255162 246
501237 248
437949 249
18175 250
720080 251
436287 252
775130 253
16383 254
3557 255
429099 256
520416 257
124500 258
527582 259
833197 260
712403 261
671376 262
153948 263
8083944 243
30786 265
274423 266
813844 267
1361 268
86192 269
692156 268
171656 271
403223 272
438003 273
420563 274
586474 275
11793 276
317724 276
228939 278
407837 279
396140 280
80194 281
894457 282
545860 283
614690 243
4876 285
9074156 265
683385 287
467800 288
690501 289
817378 290
453176 291
58506 292
311834 293
427129 294
858387 295
301435 296
262452 297
558592 298
177837 299
223966 300
420055 301
324555 302
23638 303
49359 303
562885 305
117484 306
484485 265
8036944 287
319957 309
576228 310
224217 311
40751 312
624280 312
13800 314
546969 315
362630 316
649901 317
655723 318
531782 319
29061 320
165253 320
593215 322
432323 323
496547 324
122208 325
302072 326
393267 327
315057 328
27981 329
9634105 309
706147 331
511843 332
30260 333
268761 334
713460 335
632137 336
712594 337
824323 338
599712 339
53757 340
526932 341
695309 342
369929 343
502961 344
316414 345
186825 346
419796 347
25 348
592787 349
365514 350
182312 309
8248723 331
413142 353
517956 354
468251 355
60677 356
359443 356
245313 358
9329 359
158489 360
327341 361
191020 362
257140 363
90054 364
898455 365
869848 366
379206 367
460085 368
455513 369
132374 370
440394 371
687730 331
239543 373
8452210 353
834630 375
3883 376
45383 377
7267 378
796319 376
888330 380
878284 381
102165 382
353148 383
394971 384
249378 385
298780 386
141312 387
11964 388
750974 389
334596 390
293349 391
53536 392
220772 393
576864 394
617741 395
8859381 375
121645 397
858894 398
14431 399
704902 400
83369 401
278527 402
704535 403
671527 404
181463 405
238094 406
52549 407
70434 407
35769 409
886475 410
805741 411
195959 412
891987 413
92043 414
333135 415
762123 416
149224 417
8693085 397
580138 419
783813 420
382782 421
866851 422
45952 423
18915 424
878895 425
75611 426
208851 426
170029 428
51900 429
18664 429
430041 431
581142 432
438781 433
22029 434
581462 434
155024 436
271519 437
732773 438
725102 439
8386176 419
582273 441
454521 442
647213 443
330503 444
213730 445
570394 446
98130 447
1305 447
106331 448
156358 450
153698 451
107828 452
615194 453
872976 454
764798 455
588480 456
49866 457
57460 458
213773 457
708576 460
550828 461
5971274 441
52329 463
137633 463
686439 465
537828 466
186719 467
311724 468
564259 469
136554 470
62593 471
9738 472
34858 471
110172 474
435931 475
443925 476
213219 477
854093 478
142100 479
347329 480
234719 441
31920 482
74079 482
6118610 464
729833 485
473999 486
637067 487
60531 488
597693 488
55492 490
263391 491
68321 492
398049 492
378281 494
131240 495
355410 496
809155 497
333167 498
180970 499
99316 22
815431 501
193705 502
883477 503
402892 504
388604 505
813623 506
545764 507
184373 508
697433 509
236402 510
74633 511
22848 512
411721 512
416150 514
328913 515
163724 516
232763 517
412321 518
219144 519
432501 520
235291 521
21967 522
242044 523
879320 524
573718 525
205086 526
120314 527
861074 528
418842 529
544010 530
18546 531
290957 531
851219 533
503952 534
40199 535
373310 536
333870 537
165615 538
675440 539
632171 540
861272 541
758625 542
552919 543
897699 544
10113 545
461349 545
561608 547
459843 548
860111 549
787384 550
307922 551
85608 552
39819 553
605196 553
603456 555
30097 556
220941 556
264253 558
708512 559
509237 560
379576 561
139242 562
60417 563
292438 563
158191 565
33881 566
530345 567
300978 568
203056 569
388551 570
785452 571
425827 572
109865 573
310706 574
335318 575
382215 576
849478 577
97046 578
825649 579
439483 580
677876 581
814257 582
214733 583
43676 584
273696 585
54144 586
432693 587
401415 588
194104 589
686462 590
310135 591
588633 592
243624 593
411499 594
510432 595
523759 596
65379 597
188383 597
548349 599
400550 600
385860 601
209344 602
463642 603
392475 604
449419 605
335267 606
709189 607
520555 608
888926 609
342376 610
512459 611
187251 612
790314 613
797963 614
168249 615
811792 616
433500 617
489929 618
378843 619
449888 620
567138 621
428064 622
283904 623
183934 624
465384 625
830221 626
860979 627
583688 628
405147 629
796556 630
584129 631
527835 632
79191 633
766404 633
708665 635
37140 636
880701 637
394486 638
618598 639
489937 640
76038 641
260954 642
364118 643
169325 644
324273 645
372230 646
52458 647
711452 647
446569 649
361012 650
73934 651
704747 651
49245 653
181859 654
338617 655
313636 656
176825 657
220176 658
733558 659
60446 660
549005 660
743607 662
155511 663
88465 664
612766 665
603734 666
851656 667
83535 668
279617 669
220073 670
97224 671
244655 671
318784 673
322926 674
547666 675
666984 676
351625 677
26143 678
333381 678
142845 680
701255 681
591296 682
47301 683
397455 683
580841 685
680327 686
286755 687
416907 688
56476 689
537268 690
551850 691
221693 692
64373 693
795855 693
199965 695
653769 696
13211 697
780567 697
213385 699
812490 700
679574 701
73346 702
71993 702
127327 704
427595 705
418339 706
356991 707
666531 708
97586 709
11870 710
539043 711
677877 712
587126 713
93075 714
298017 714
171760 716
584262 717
61044 718
458314 718
91955 720
12815 721
769785 722
254480 723
771865 724
63100 725
260145 726
399221 727
367553 728
169660 729
787632 730
475195 731
663495 732
310971 733
180211 734
316206 735
253831 736
145575 737
661176 738
341597 739
732448 740
180332 741
180476 742
161875 743
261358 744
754742 745
651451 746
671198 747
141837 748
125301 749
400050 750
680267 751
876508 752
598291 753
868767 754
423590 755
482679 756
221567 757
669759 758
467389 759
670074 760
135077 761
671950 762
61405 763
846532 764
819250 765
417482 766
93869 767
66628 767
217364 769
138991 770
729388 771
113310 772
732022 773
369467 774
237428 775
716071 776
719048 777
93462 778
632099 778
276075 780
46644 781
757689 782
390024 783
79110 784
524328 785
308519 786
774125 787
531477 788
319698 789
629806 790
790327 791
98293 792
594590 793
14925 794
358385 795
478722 796
80314 797
304641 798
11689 799
510619 800
747922 801
899974 802
55124 803
226248 803
786450 805
376666 806
86150 807
94 808
327628 808
16838 810
284351 810
401354 812
546052 813
65185 814
2550 815
330097 816
245455 817
460495 818
598886 819
68084 820
582007 821
670014 822
246049 823
764464 824
390121 825
187310 826
52598 827
644162 828
67283 829
9235 829
750666 830
191623 832
764960 833
578175 834
893404 835
572124 836
153215 837
441499 838
487625 839
579998 840
352733 841
449450 842
658882 843
55786 844
335205 845
404906 846
395413 847
69085 848
183238 849
23768 850
27151 851
531860 852
660140 853
811440 854
352381 855
304236 856
621189 857
822767 858
11115 859
263490 860
650364 861
841683 862
619239 863
873075 864
275584 865
287449 866
545726 867
654557 868
95613 869
197885 870
8003 871
532760 871
122081 873
517820 874
577392 875
252811 876
769687 877
633876 878
730662 879
801226 880
825230 881
14466 882
839018 883
520693 884
264691 885
75970 886
46793 887
572905 888
195569 889
134226 890
532882 891
874308 892
802423 893
791022 894
385680 895
21473 896
219697 897
629075 898
261137 899
482142 900
30452 901
43521 902
206317 901
195544 904
25398 905
5797 905
232959 906
884781 908
533531 909
642463 910
334823 911
670840 912
658344 913
453645 914
682613 915
861655 916
14922 917
189621 918
622919 919
107816 920
82095 921
623509 922
102505 923
331654 924
847747 925
268521 926
4778 927
141519 928
79923 929
847535 930
9685 931
526369 932
617836 933
542243 934
613624 935
333911 936
128668 937
82307 938
878752 939
714256 940
627823 941
517707 942
146137 943
281447 944
459474 945
90503 946
339754 946
765755 948
69811 949
364873 950
860405 951
507047 952
477949 953
75591 954
615083 954
238538 956
661023 957
557766 958
605493 959
37121 960
568389 960
866859 962
500810 963
675941 964
718941 965
457640 966
4801 967
2454 967
728467 969
457464 970
236001 971
792052 972
605588 973
854808 974
89348 975
753363 975
104269 977
173638 978
72417 979
118334 979
468716 981
203135 982
210709 983
565607 984
258269 985
73153 986
195371 986
646734 988
150349 989
62723 990
579888 991
891888 992
119721 993
57609 994
322160 995
79401 996
180831 997
51890 998
409605 998
