967045 1
159864 2
58424 3
232007 4
766461 5
57180 6
1120084 7
400467 8
7951 9
908780 9
31490 11
894052 11
577416 13
57772 14
916894 15
18377 16
626254 16
870534 18
193452 19
12436519 1
415489 21
916713 22
115643 23
497032 24
483977 25
875949 26
925237 27
352268 28
330522 29
637610 30
99882 31
261171 32
947738 33
1108134 34
800755 35
508982 36
899073 37
808921 38
437397 39
8597619 21
727633 41
534583 42
160345 43
346279 44
567160 45
442300 46
683376 47
1104577 48
91627 49
727787 49
66336 51
334492 52
132798 53
238252 54
29968 55
726607 55
707724 21
22565 58
5142 59
8738693 41
838747 61
524713 62
460440 63
1042120 64
675344 65
700140 66
840459 67
8 68
245543 69
331666 70
79436 71
573898 71
568840 73
623345 74
2634 75
194664 76
366377 77
158593 78
285572 79
12144632 61
485268 81
66974 82
335567 82
706289 84
235525 85
735044 86
477692 87
990790 88
1056134 89
854773 90
557293 91
523157 92
36317 93
1061644 94
1079832 95
31194 96
581080 96
1120816 98
336036 99
7063401 81
498367 101
84407 102
34435 103
2413 102
992860 105
22056 106
209950 106
458879 108
140326 109
645283 110
672638 111
11186 112
142433 112
645905 114
879310 115
276013 116
56709 117
692308 117
242827 119
8966248 101
664227 121
344642 122
670317 123
799214 124
5365 125
207336 125
112398 127
231480 128
805516 129
659088 130
36317 131
908584 132
713534 133
351109 134
949952 135
35074 136
77799 137
26215 137
331376 101
10738449 121
629300 141
26434 142
935505 143
500636 144
766262 145
886840 146
1042139 147
48760 148
12154 148
666065 149
185951 151
754357 152
1030339 153
803468 154
153460 155
62060 156
320573 157
946458 158
150385 159
6198438 141
122936 161
136422 161
83295 163
309893 164
5714 165
545741 166
97039 167
31778 168
312915 167
433088 170
217961 171
696253 172
960136 173
89581 174
1019647 175
472845 176
36062 177
217742 177
263851 141
9982063 162
963410 181
154747 182
717212 183
665135 184
743189 185
630596 186
1077508 187
484955 188
95575 189
416284 190
312751 191
638162 192
168545 193
1089036 194
137094 195
24835 195
490535 196
263290 198
438633 162
10369376 181
606650 201
665678 202
1025405 203
619567 204
265827 205
82161 206
636585 206
879161 208
1104521 209
325532 210
176488 211
407148 212
963844 213
941390 214
374493 215
269615 216
548454 181
52858 181
17880 181
5998173 201
248242 221
111868 222
36147 222
106288 223
16335 223
920837 225
397416 227
211601 228
66118 229
426176 229
498599 231
210798 232
58836 233
28759 234
89784 233
134748 234
1039175 237
802324 238
112149 239
10532308 221
94593 241
255595 242
1094831 243
582674 244
46404 245
577544 246
657683 247
687143 248
718111 249
3523 250
951135 250
581470 252
394920 253
294592 254
110067 255
827838 256
1009479 257
427752 258
290624 221
9105609 241
1036779 261
391806 262
566169 263
99841 264
592146 265
51376 266
754495 267
53184 268
366142 269
207191 270
318110 271
1066912 272
846805 273
252377 274
568795 275
8906 276
624356 276
452312 241
116830 279
7779559 261
1007174 281
69051 282
556139 283
486904 284
332255 285
55758 286
414341 286
423107 288
613067 289
104630 290
58480 291
391252 290
452926 293
707818 294
138552 295
628708 296
379154 297
474681 298
111322 261
11335717 281
567973 301
547176 302
545210 303
1051951 304
490721 305
994177 306
318898 307
644275 308
230443 309
622025 310
480076 311
348640 312
891306 313
470598 314
778815 315
191038 316
146950 317
975935 318
185090 319
11174948 301
835120 321
665081 322
920875 323
856505 324
832700 325
199124 326
402914 327
98117 328
1074900 329
42101 330
892867 330
1055752 332
241150 333
135060 334
528916 335
626505 336
94735 337
873991 337
240157 339
11033757 321
333897 341
789106 342
263907 343
269115 344
233157 345
724751 346
1032408 347
828287 348
1068362 349
475267 350
913002 351
360022 352
612173 353
618247 354
351454 355
347529 356
829737 321
67727 358
240092 321
11474398 341
980679 361
345914 362
235110 363
326908 364
287746 365
622422 366
30759 367
251855 367
298786 369
691720 370
499669 371
452801 372
687710 373
1079414 374
1107072 375
484483 376
596943 377
1010743 378
701971 379
7909906 361
903102 381
339381 382
472075 383
152942 384
1000502 385
1040928 386
196330 387
382190 388
229249 389
772878 390
547214 391
47845 392
174673 392
245637 394
112416 395
80669 396
17989 397
19468 396
436843 361
1058973 20
995237 401
453323 402
470149 403
716785 404
96716 405
952867 406
434537 407
59752 408
394283 409
742620 410
951754 411
371933 412
1105597 413
783423 414
97761 415
1051337 416
434521 417
305061 418
649656 419
517971 420
749256 421
1072071 422
651623 423
604535 424
485364 425
92558 426
11147 426
62709 428
564168 427
1112915 430
568561 431
885771 432
892775 433
271310 434
827950 435
260189 436
453519 437
12202 438
492696 439
1041644 440
531560 441
86831 442
868359 443
437841 444
533419 445
351685 446
282548 447
533508 448
226945 449
364311 450
869208 451
1093406 452
366450 453
691580 454
936572 455
7207 456
319089 456
972111 458
719322 459
736525 460
1015099 461
874967 462
489786 463
274964 464
291990 465
365119 466
1053685 467
97754 468
79600 469
894788 468
387332 471
385453 472
693762 473
42846 474
903328 475
797153 476
616055 477
987225 478
319475 479
71460 480
98786 480
240870 482
922101 483
916006 484
831513 485
1105743 486
422223 487
276312 488
111464 489
300317 490
995562 491
463372 492
916734 493
530985 494
88096 495
893067 496
1076801 497
311148 498
414264 499
505517 500
815037 501
37023 502
569949 503
894395 504
1054217 505
12965 506
331810 506
246063 508
85137 509
943768 509
872031 511
927233 512
1101016 513
49730 514
557423 515
525387 516
212253 517
1008942 518
942175 519
296325 520
348838 521
802920 522
631927 523
204456 524
97171 525
87093 525
1118834 527
1121102 528
93510 529
406432 529
58391 531
314313 531
5401 533
121827 534
715671 533
1014902 536
503485 537
1003333 538
158507 539
619225 540
1076421 541
683814 542
418361 543
812563 544
298423 545
4747 546
450422 547
598940 548
266765 549
444683 550
363355 551
783870 552
198272 553
905648 554
25150 555
651043 555
970169 557
745268 558
573618 559
203711 560
1072304 561
507902 562
963558 563
417728 564
164607 565
315336 566
506438 567
129389 568
87934 569
22215 569
8850 568
112702 568
364447 570
725280 574
319071 575
782098 576
172004 577
839776 578
607146 579
446651 580
977339 581
93044 582
507541 583
804372 584
293624 585
334629 586
1114825 587
1063127 588
1112674 589
585564 590
1095759 591
57796 592
48797 593
968609 592
569969 595
839181 596
1083731 597
838624 598
65783 599
32311 599
672142 600
144623 602
112841 603
378501 604
697975 605
966360 606
848867 607
652030 608
106115 609
530544 609
34053 611
296690 611
42666 613
546849 613
1003548 615
628216 616
94804 617
8060 617
338801 617
62166 620
442018 620
38258 622
170361 623
745191 624
1004914 625
244596 626
88744 627
806983 628
589012 629
181957 630
980228 631
280020 632
750807 633
138703 634
901972 635
192214 636
1089268 637
51028 638
461615 638
277063 640
426611 641
47309 642
103212 642
26955 642
796861 644
601710 646
416127 647
143384 648
456254 649
1034071 650
80849 651
225737 651
902603 653
415077 654
1092304 655
1007999 656
453007 657
625122 658
945837 659
230062 660
83219 661
6025 662
405909 662
86819 664
246927 665
645357 666
319900 667
424357 668
935853 669
79299 670
499037 670
887981 672
57114 673
1067846 673
81204 675
790501 676
515811 677
178959 678
329440 679
678837 680
1001580 681
626867 682
244685 683
604247 684
454187 685
1056085 686
530900 687
1072739 688
888345 689
982893 690
988318 691
42195 692
364494 693
270422 694
202597 695
498863 696
1050356 697
1082392 698
378737 699
489984 700
285108 701
864443 702
163323 703
353408 704
28954 705
175680 705
80740 707
857188 707
150085 709
49164 710
866877 711
241360 712
832360 713
547500 714
118024 715
1929 715
100655 715
455066 716
372373 719
603205 720
274367 721
1011782 722
721469 723
855748 724
461174 725
193154 726
869705 727
570264 728
340998 729
578527 730
49539 731
737737 732
336040 733
60487 734
694194 735
14960 736
262420 737
1062449 738
289729 739
412727 740
1073764 741
306759 742
921176 743
363735 744
173216 745
692386 746
314128 747
374824 748
287330 749
555819 750
365811 751
396483 752
901491 753
183243 754
89315 754
319978 755
755788 757
502219 758
944666 759
444941 760
1001317 761
130708 762
1043057 763
851902 764
999336 765
590735 766
325703 767
5437 768
924862 769
978629 770
920691 771
385076 772
1026095 773
1566 774
241552 775
559707 776
1060022 777
52475 778
818315 778
80308 780
222325 780
395538 782
430270 783
530959 784
646740 785
861630 786
383953 787
769437 788
428494 789
424513 790
80839 791
11456 792
273354 791
353542 794
829 795
385249 796
387462 797
57780 798
900056 799
