4681418 1
78243 2
8673723 3
2604178 4
6923419 5
644825 6
23730518 1
678677 8
681904 8
8237746 10
3406418 11
3217096 12
1313788 1
31201477 9
3841071 15
3940885 16
3433153 17
6943778 18
1634931 19
4608899 9
32997161 15
698781 22
5325040 22
1832030 24
7168381 25
6217196 26
3802033 27
28272548 23
3925089 29
537565 30
5942982 30
70895 32
6302908 33
5291013 23
21458850 29
5123610 36
1600781 37
4406234 38
944927 39
3291786 29
521659 29
9769388 36
954140 43
4024760 43
1520330 45
1491492 46
122555 36
116195 36
1115470 44
6103997 6
6182843 51
8147556 52
4666429 53
184641 54
6736796 55
4865542 56
2104016 57
5684924 58
1455378 59
8628464 60
4529634 61
3296306 62
4770562 63
75415 64
7993976 65
4477624 66
5997968 67
4718001 68
816553 69
4566905 69
5365922 71
5003952 72
3646085 73
6146053 74
8006620 75
5529932 76
2618949 77
1613623 78
3395108 79
4750457 80
1051934 81
4069452 82
5963039 83
266900 84
3364672 84
7987609 86
2435505 87
7352473 88
2520940 89
5685812 90
8574208 91
42057 92
2718818 92
7833969 94
935025 95
7490745 96
653847 97
1912422 98
5640616 99
