1005187 1
223924 1
442087 1
3008395 4
2594006 5
24569807 2
4377277 7
2606243 8
5170296 9
4978157 2
549350 2
29414056 7
210599 13
186821 14
6878122 15
7926067 16
6397902 7
15811674 13
2482436 19
5206341 13
707230 21
1253646 21
24299 14
23591090 19
6828260 25
7789240 26
3094602 19
992893 28
1345563 19
24857661 25
130370 31
7225727 31
976602 33
1302181 34
6992655 25
23619938 32
3898026 37
976178 38
6642399 38
5175791 32
1434351 32
19871850 37
5651067 43
6561719 44
132080 45
177315 46
64972 47
7366605 6
3385737 49
3937427 50
7695117 51
6213953 52
3378979 53
5489237 54
2514929 55
4053661 56
251143 57
1155084 58
199780 59
5095020 59
2501451 61
5320113 62
5314089 63
9125759 64
1836813 65
5924978 66
2403800 67
5217822 68
287655 69
4098916 69
4270424 71
6474811 72
2850413 73
2143599 74
1105288 75
995110 76
7073300 77
5338548 78
680891 79
3124237 79
3557352 81
5458490 82
3503242 83
1784987 84
838389 85
9233093 86
7977142 87
4699687 88
5066098 89
5979764 90
4724617 91
6897991 92
8974610 93
5175541 94
546638 95
6557717 96
