6368270 1
875177 2
3228481 3
3395563 4
6257043 5
6722906 6
38028180 1
8571901 8
4808559 9
2591595 10
6372388 11
5254433 12
2772252 1
23963724 8
7197532 15
7964553 16
2628098 17
271307 18
1146639 8
627235 8
27095062 15
468366 22
2048247 23
8434526 24
526775 25
3297683 25
5280003 15
30718306 22
1971657 29
3939556 30
7687197 31
7907246 32
3388370 22
1531601 22
18304197 29
413454 36
7687269 37
4213925 38
1685529 29
375335 29
33130 41
15588322 36
3115113 43
2647798 44
472538 45
4571144 46
1900590 36
820589 48
1883941 43
7814580 7
954457 51
4864254 51
3053872 53
2737696 54
2624946 55
396310 56
5695194 56
5084402 58
6758595 59
791608 60
1788892 60
2446930 62
7370723 63
1187145 64
6203972 65
3120058 66
5674460 67
4634631 68
1935720 69
1832036 70
5694775 71
6199515 72
5290539 73
5960520 74
2503740 75
5987933 76
7127540 77
1370783 78
126068 79
5331687 80
3534830 81
2400867 82
477399 83
3453115 83
8189312 85
2890955 86
6076003 87
8145207 88
7240661 89
3230546 90
1382252 91
5140718 92
693588 93
8363696 94
5730892 95
5048337 96
8019623 97
8579294 98
366259 99
