165
117
587
71
218
201
319
121
277
97
146
102
491
49
383
191
66
90
403
113
124
158
259
112
268
125
353
77
94
521
35
461
42
146
144
147
107
77
93
118
239
126
499
169
247
140
120
79
329
164
86
77
115
62
84
197
173
73
193
433
72
40
427
673
99
285
103
138
569
461
85
104
231
115
307
677
439
283
142
230
151
79
86
71
84
193
181
73
167
251
37
377
120
88
162
115
433
89
115
171
118
22
571
82
136
129
75
113
133
88
43
94
293
143
199
160
48
67
45
179
181
223
69
259
144
47
119
96
86
9
131
19
9
23
16
53
12
10
71
15
43
229
37
13
83
6
9
21
14
21
29
137
15
47
83
23
10
12
13
15
5
193
10
21
25
17
127
43
13
37
29
12
17
37
8
11
251
11
11
181
59
233
7
8
31
31
15
181
8
25
11
19
59
22
11
79
149
23
83
73
211
37
193
13
151
257
61
35
233
31
14
15
12
79
61
13
61
14
37
23
35
25
12
31
9
19
53
139
14
97
25
149
131
14
47
17
17
55
53
41
20
12
19
17
13
17
47
83
17
10
12
47
12
10
107
37
17
13
