20028
12809
18272
49713
2475
38797
10459
30026
38776
19328
35220
5519
34188
3315
5338
26548
18076
4222
21679
26383
3432
25144
17484
15483
16578
38058
35616
8044
16200
49157
22317
20024
22793
29166
47056
19865
11525
22442
35496
37158
11280
16000
32754
21249
13921
35659
51209
6922
31937
47719
33541
27187
47717
26127
17313
18429
5583
45024
48790
26100
46541
3971
17185
4778
21009
39742
50677
32791
40021
13580
46109
22656
15731
45221
23558
12650
14042
30787
18675
50559
38579
9773
39213
16083
28202
26075
15949
28440
36200
16058
16723
24480
15184
46237
38739
29515
14938
26631
32814
12733
898
28934
37123
38990
40626
13521
7799
6250
38533
20860
9395
4903
13662
41133
16975
19712
15163
45181
2185
33324
19136
35728
7346
35307
1299
43309
32763
6022
40026
2884
16820
32369
45746
29267
3574
28873
5949
48030
32305
31222
7991
38447
22786
40751
12685
2427
3813
37765
19380
19732
47367
22112
16509
25452
6131
24567
40150
17258
32081
7979
21317
13255
36316
9459
14025
47790
30586
5898
40608
18308
12749
5752
42111
45648
4127
25444
35090
46686
7743
48175
21628
7108
2174
22912
32109
18496
4837
30594
14347
27797
44491
19432
5488
40263
9570
40604
46348
20577
1249
42613
29350
40872
32757
40990
42707
17654
27195
29149
30791
19095
5098
34931
32013
6828
49487
51151
34651
33509
13011
15740
12675
42386
19642
9004
41570
35029
691
44581
4798
24006
40743
46696
10610
16782
47626
26962
38752
39686
20962
13901
25394
15072
34520
39369
22268
13992
24695
17996
9819
7353
14299
35733
47397
16636
44966
46840
14163
12762
50145
2809
21356
19613
41835
33778
24203
23804
26714
52880
16534
29422
49759
36853
20629
12110
27280
34034
31864
31563
47199
4298
49731
44129
28383
23124
21831
31198
49950
6128
44994
21559
17521
16372
10122
24076
32934
50049
17885
30265
34639
38242
27631
45798
13481
18776
51339
14598
41401
39890
44486
22713
43460
8748
13710
23361
15206
35208
40176
11514
6531
28731
7845
19785
4703
26575
23261
15038
45923
9114
33817
43369
3867
39327
10963
50696
19938
41687
6513
32457
34571
18307
8571
40788
33643
11585
45147
27398
48535
4339
32587
40084
7870
7687
47999
25326
46501
5744
18353
32765
32781
12125
19186
29961
48992
8295
16651
29932
28859
18292
44000
19424
9089
20707
4675
53347
23729
22031
8721
30965
26090
42846
6899
29176
35058
8794
45457
33863
8339
42042
33107
14792
2283
29744
9868
12393
22768
45737
21050
21760
35382
16452
21124
40890
36095
42752
28911
27175
4570
26511
35441
16042
15872
14845
39581
28654
43266
29885
38379
20992
47871
20864
18047
16840
43390
46490
49053
47155
31784
12207
48504
13734
8276
44476
5068
33759
9829
3902
39926
2548
30381
48962
44635
2208
11251
9442
36079
34596
20995
45950
16655
42290
34721
16903
8382
18511
40737
46769
44512
22936
9318
27394
2622
45503
2454
12935
47562
13995
44340
41285
20960
51108
33017
33442
45531
44975
45663
45639
18363
47418
17760
31889
43849
31311
30589
43562
48484
48621
5330
11524
9596
49229
45666
39030
47946
28730
13680
30578
40145
1347
44754
43709
23312
6798
36415
28643
16396
51561
9527
5350
15515
42390
38334
48124
47662
17392
46019
25450
3911
33764
20296
51929
32397
21707
28930
38632
19174
21671
11826
36893
30836
