1486
498
994
498
498
498
6634
498
498
498
6634
498
498
498
498
498
498
498
498
994
498
498
498
498
994
498
498
498
498
498
498
498
498
498
994
498
498
498
498
6186
498
498
498
498
498
498
498
498
498
498
498
498
498
498
498
498
498
498
498
498
498
498
498
498
498
498
498
498
498
498
994
11298
498
498
498
498
498
498
498
498
498
498
498
498
498
498
498
994
498
498
6186
498
498
994
498
498
498
498
498
498
498
498
498
498
498
498
498
498
498
498
6186
498
498
498
498
994
498
498
498
498
498
498
498
498
498
498
498
498
994
498
498
498
498
498
498
498
498
498
498
498
498
498
498
498
498
498
498
498
498
498
498
498
994
498
498
6634
498
498
498
498
498
498
498
498
498
498
498
498
498
498
498
498
498
6186
498
498
498
498
5734
498
498
498
498
498
498
498
498
498
498
498
498
5734
498
498
498
498
498
498
498
498
498
498
498
498
498
498
11158
498
498
498
498
498
498
498
498
498
498
498
498
498
5734
498
498
498
498
498
498
498
5734
498
498
498
498
498
498
498
498
498
498
498
498
498
498
498
6186
498
498
498
498
498
