Case #1:
-1
-1
-1
-1
-1
-1
-1
-1
-1
-1
230
-1
-1
-1
-1
-1
-1
-1
-1
-1
-1
-1
-1
-1
-1
-1
-1
-1
-1
-1
-1
-1
221
-1
-1
-1
-1
-1
-1
-1
-1
-1
-1
-1
-1
111
221
-1
-1
-1
-1
-1
-1
-1
-1
-1
Case #2:
27
143
23
99
129
24
117
153
2
117
186
193
16
79
20
Case #3:
231
24
-1
-1
-1
-1
180
-1
-1
-1
184
226
198
-1
-1
-1
219
-1
83
-1
-1
-1
-1
-1
-1
-1
165
33
-1
-1
149
-1
-1
99
-1
-1
Case #4:
-1
-1
-1
-1
-1
-1
-1
-1
-1
-1
-1
-1
-1
-1
-1
-1
-1
-1
-1
-1
-1
-1
-1
-1
-1
-1
-1
-1
-1
-1
-1
-1
-1
-1
-1
-1
-1
-1
-1
-1
-1
-1
-1
-1
-1
-1
-1
-1
-1
-1
-1
-1
-1
-1
-1
-1
-1
-1
-1
Case #5:
-1
-1
-1
-1
-1
45
232
-1
-1
-1
-1
-1
-1
69
232
-1
-1
-1
-1
-1
-1
-1
-1
-1
Case #6:
-1
-1
-1
-1
-1
-1
-1
-1
-1
-1
-1
-1
-1
-1
-1
-1
-1
-1
-1
-1
-1
-1
-1
-1
-1
-1
-1
-1
-1
-1
-1
-1
-1
-1
-1
-1
-1
-1
-1
-1
-1
-1
-1
-1
-1
-1
-1
-1
-1
-1
-1
-1
-1
-1
-1
-1
-1
Case #7:
-1
-1
-1
-1
-1
-1
