Case #1:
-1
-1
-1
-1
-1
-1
444
398
265
1001
-1
-1
-1
-1
-1
-1
-1
-1
-1
-1
-1
902
-1
-1
-1
-1
-1
-1
-1
-1
-1
-1
-1
599
-1
-1
538
-1
-1
157
-1
87
-1
-1
-1
-1
1001
583
-1
-1
631
-1
-1
-1
-1
299
119
-1
-1
149
-1
-1
-1
356
-1
-1
-1
-1
-1
-1
-1
-1
653
414
-1
-1
307
-1
181
8
-1
-1
-1
234
-1
-1
348
-1
497
714
-1
-1
-1
-1
-1
-1
-1
-1
Case #2:
940
374
826
855
618
146
340
82
201
37
1
686
650
431
302
780
494
35
983
499
229
99
182
512
448
913
59
988
564
594
435
65
74
556
627
664
137
669
703
427
760
639
802
798
98
244
199
780
543
902
400
193
494
756
135
65
449
163
824
344
718
86
620
348
932
289
513
973
15
805
913
420
322
779
800
776
735
363
633
168
875
985
352
813
836
Case #3:
319
770
119
789
406
390
79
790
215
745
780
66
819
9
639
967
783
267
118
332
841
138
175
551
942
691
295
563
773
922
689
488
426
983
186
608
243
984
659
29
963
343
328
951
667
434
40
596
488
759
490
62
304
538
315
617
559
730
442
93
592
710
38
385
810
530
8
245
429
102
440
306
530
Case #4:
234
219
35
83
674
958
444
24
72
406
667
479
96
495
655
133
694
358
792
851
40
935
125
274
650
846
991
114
333
581
868
164
589
596
706
246
210
925
540
574
642
623
619
49
188
545
692
480
823
863
700
871
932
580
800
943
982
508
760
627
562
716
358
825
342
249
328
187
103
474
423
352
32
853
133
736
435
748
403
54
601
4
56
66
631
180
945
811
932
330
134
Case #5:
629
756
924
917
686
677
807
579
577
483
711
581
715
92
258
814
91
194
53
274
351
484
798
417
Case #6:
313
141
192
881
508
477
140
247
66
329
529
36
898
595
350
136
50
132
350
317
54
720
782
909
444
60
340
708
770
970
945
736
266
235
63
795
642
397
166
185
336
342
151
591
683
422
493
764
139
530
224
286
705
82
893
157
472
417
921
369
348
940
573
Case #7:
12
584
799
680
160
103
Case #8:
350
44
141
482
963
867
216
168
330
837
417
956
601
312
808
680
133
327
454
232
873
52
821
573
734
173
835
142
476
897
771
609
626
373
621
632
609
889
743
64
539
277
321
551
950
916
810
262
983
702
890
471
858
827
403
444
284
199
761
773
581
102
945
515
773
494
271
506
946
270
927
655
852
309
416
441
393
542
396
735
253
56
99
741
32
519
726
370
310
703
868
545
194
645
904
981
757
313
Case #9:
205
271
46
302
896
877
948
126
594
206
249
381
533
895
742
150
768
183
640
364
244
414
706
25
705
778
823
428
647
649
970
735
821
723
517
818
836
556
175
22
107
542
918
105
866
412
173
653
202
306
895
640
281
646
162
566
426
165
755
761
522
482
149
592
233
185
741
888
46
455
599
979
302
546
126
583
142
102
352
452
267
114
98
754
196
295
912
749
159
886
984
494
9
903
80
988
853
Case #10:
295
266
99
589
Case #11:
585
638
311
9
782
805
36
180
276
983
30
378
198
867
946
594
310
90
