Case #1:
-1
-1
-1
-1
-1
-1
-1
-1
-1
-1
-1
-1
-1
-1
-1
-1
-1
-1
-1
-1
-1
-1
-1
-1
-1
-1
-1
-1
-1
-1
-1
-1
-1
-1
-1
-1
-1
-1
-1
-1
-1
-1
-1
-1
-1
-1
-1
-1
-1
-1
-1
-1
-1
-1
-1
-1
-1
-1
-1
-1
-1
-1
-1
-1
-1
-1
-1
-1
-1
-1
-1
-1
-1
-1
-1
-1
-1
-1
-1
-1
-1
-1
-1
-1
-1
-1
-1
-1
-1
-1
-1
-1
-1
-1
-1
-1
-1
-1
-1
-1
-1
-1
-1
-1
-1
-1
-1
Case #2:
4912
4020
1369
2651
3024
3480
4111
3376
1840
808
2860
528
581
210
2545
1674
1804
3568
3132
264
1795
3393
4732
2317
4941
2054
1592
459
474
2015
498
749
1491
580
1261
1378
3651
2934
1965
4778
3208
4788
3793
4657
214
916
3795
385
1901
1504
435
1948
207
2694
1398
1325
1095
3180
3823
905
3728
4743
2240
3966
3559
676
1478
1543
1969
Case #3:
3282
2363
2847
4287
3385
4806
1356
1958
1580
3425
4914
760
1661
471
3905
951
468
2595
2755
3567
834
938
4929
2000
1103
4149
3334
3098
3046
710
3461
3146
2377
3754
1104
3108
4593
2149
229
1712
4571
4609
4106
2464
3143
2800
2755
1161
1157
4977
3754
Case #4:
3131
3851
4892
2359
4965
105
4416
975
4723
1667
2579
455
3807
4253
4226
2107
3437
150
3953
84
4809
2533
1276
170
4902
2566
2148
2457
3186
67
3231
1826
511
1644
2099
1204
2533
1468
4796
2466
1668
1301
1541
821
4849
3130
3377
544
1375
4153
1834
1829
3969
200
2641
27
4963
3322
3813
1876
4334
866
3853
4850
2619
3688
4601
2994
1502
4835
1873
3437
2089
3190
882
292
1735
3564
1143
3157
3342
1902
2449
3061
3763
2518
4178
3174
786
23
3329
4382
1332
4889
398
3383
3965
1306
4977
3570
1714
1949
516
828
4675
173
3214
4694
1793
4957
1574
2333
2806
4675
2425
140
2255
4448
4516
155
2009
2719
652
1916
246
1806
251
4885
2563
1696
1501
1365
938
2643
420
4194
3594
2496
4666
1421
2058
1537
4679
376
2341
Case #5:
3372
1061
4822
3602
1984
2395
45
904
3389
4210
4940
63
4021
1174
897
495
4045
3495
3370
3249
2765
4654
26
2100
3429
2546
2852
8
4777
4028
941
2650
603
1511
1032
2962
4272
3939
3789
4538
1005
4452
922
2857
2992
41
1576
2365
3088
2062
304
2416
2265
514
1523
3251
342
1944
3602
2303
4323
373
3830
529
4583
4554
3834
2363
33
4947
2078
3638
749
325
3251
4336
1071
2675
3420
2196
63
2849
3079
1612
2270
1509
4881
774
1090
1780
1889
4946
786
1866
914
2469
1242
4764
4743
3734
2464
2764
1974
746
2238
4704
3260
2651
4669
1789
4348
Case #6:
406
4183
4945
4284
4418
3104
4763
3476
3479
1089
1143
3872
255
1284
1628
2216
937
3361
1220
4603
14
4070
86
4255
3320
4263
1961
3905
2831
1672
4053
831
2820
1397
4742
1163
4257
1868
2191
2209
4282
4292
1073
4378
4444
3364
1360
493
523
4741
3150
2061
3679
3421
4856
2166
1342
4202
4048
2652
763
4200
159
589
1127
3427
2140
172
2364
2640
3944
2688
4980
1859
3659
647
2650
3266
380
4254
384
3017
2430
4699
1332
400
4091
3085
1538
2625
3902
1775
2128
944
3035
1539
1277
3366
33
2391
237
1943
1415
2803
Case #7:
3771
4517
3337
770
1830
1313
312
3939
460
2304
904
1999
3990
155
3321
2594
1643
4264
3186
2812
1610
2143
3581
4283
1532
3370
3162
2119
1675
1509
203
1609
4453
4325
633
3640
2444
2595
1281
3618
2095
1442
376
4033
4173
2003
3274
4341
1779
992
2800
4856
4948
1667
1895
4743
2107
2694
1880
1804
2112
4821
4871
514
2250
2599
4252
2107
1094
4485
466
4908
4493
951
1041
2204
3034
4989
356
823
4735
2596
3690
2618
1219
1979
243
2297
2406
3535
1047
1969
3135
4012
2798
4772
3698
2099
3482
2672
4827
2014
3380
2560
2210
4276
3282
3000
3008
1736
2961
2990
3973
1816
455
491
2152
184
4193
3319
320
3921
2277
4951
2473
4926
4828
713
572
4383
4838
3136
721
3378
237
4781
1144
166
1241
3468
3863
1594
Case #8:
4891
4083
707
2726
4834
4310
3042
4824
4210
3856
4858
4176
152
3620
3296
615
1683
2402
2501
473
1798
4530
2434
1040
4230
4707
2221
1672
1801
4004
4494
4846
2615
417
2706
114
4287
4175
4351
1881
2801
2405
1251
833
4592
1857
4071
3296
806
1240
3974
Case #9:
3238
4681
3756
376
4209
1193
1819
2431
2081
1222
4379
4644
3932
1165
867
2623
4553
4619
3252
1569
2767
3529
1696
1725
1055
1132
1761
4086
2864
32
825
1210
4043
3253
3301
4472
4669
294
1337
3908
1399
1085
4118
3517
1175
1559
745
482
2944
2922
4495
2071
699
2294
2885
3312
3976
46
517
1140
3072
374
3223
2808
3699
3773
4000
838
2748
3437
4765
14
4873
2287
3484
1145
2941
3783
3775
1010
557
4275
3989
3705
476
2628
2041
3983
4043
3323
1527
2428
1874
2870
2437
4938
1479
1653
2604
4526
2908
3159
2109
3652
2093
2392
Case #10:
3632
2917
4091
3826
3174
888
3102
3433
960
2666
2571
90
1324
457
1216
927
402
4216
3780
4451
3394
4934
2177
2431
4731
3464
3102
2508
1807
4504
3714
3070
4351
2545
429
2760
57
4317
698
1820
2824
4374
1151
194
4921
3521
323
4964
2525
2263
1985
2299
4609
4522
328
851
312
608
1297
4103
759
1487
124
4490
3713
3893
555
1688
3937
265
3364
1075
730
1782
1301
1044
3856
868
300
1054
1489
2613
2912
4902
1632
4515
4041
813
1436
1451
458
1426
3143
938
2232
1802
2014
4725
4024
4279
4887
3303
1345
3902
3890
96
1151
3375
3539
1602
2820
1731
2959
1834
802
3248
4920
635
3223
2362
3826
4316
1
1432
3916
2634
2417
3874
1294
3925
2624
Case #11:
2503
1094
3385
1526
1661
636
748
2620
1011
3456
4646
4507
2705
1335
1129
1646
1108
2902
1601
335
1369
83
1742
4014
942
2652
2937
201
4571
4294
4045
3168
2245
1221
748
921
2437
1158
4236
4691
1344
1224
865
4421
3420
868
2700
1774
4026
3802
3095
4718
2339
1432
2917
814
4927
6
3482
3648
652
3393
3293
4648
4878
2144
1029
928
4595
763
1599
4021
1321
185
3758
3893
4621
3520
3654
3125
1383
217
3485
4005
Case #12:
1978
3269
1523
4523
105
1017
3968
3377
853
286
2494
4504
1401
1699
4013
596
3711
4955
4883
3813
1264
2356
4592
1406
128
1935
4737
2330
4139
3501
4958
73
2556
Case #13:
126
1044
3234
1612
743
1104
3934
2247
3258
1416
554
1965
2608
3244
4947
1527
3396
4192
4779
1999
4524
4578
2921
871
1609
885
3886
464
2272
373
1166
1529
4218
2779
2624
1013
479
1261
2034
3394
1016
2272
2453
2142
322
3506
3550
740
830
776
3509
4220
1872
4110
4172
1680
3811
1523
438
2074
745
3915
3877
4016
3854
497
4545
2649
1152
367
4098
3788
582
3506
2296
2949
799
3361
1025
1383
800
2057
2203
2130
4834
1909
3206
4858
1688
1889
2064
3652
2985
3927
2647
4503
3262
1485
4935
4384
4245
4714
1562
178
4766
4337
3164
4651
3358
3415
4339
331
3240
4471
2041
3763
4402
4607
4832
862
