Case #1:
374977
392133
473923
983627
404659
998191
58787
625490
960822
914115
149942
58142
219540
949276
450482
89536
741159
441047
123237
862089
921001
651371
19994
481730
316181
918234
72061
114892
184422
278622
97595
575645
863462
731101
730208
475618
556178
220248
435796
737757
755575
695114
871970
899907
465003
531215
488853
686097
47665
705318
948528
579225
140852
158431
305878
377797
836287
508025
866955
911044
673241
565197
312560
66773
253928
355568
713036
38074
510152
833031
534989
28400
256940
384910
466336
2238
264992
279317
412678
235365
992185
827872
858084
433631
168888
328205
922588
708074
396825
660311
826939
694548
939843
974033
99787
848684
701983
734259
961293
726067
308390
213525
186326
264425
796490
198522
964652
912113
455183
247402
914043
837412
15186
37612
444593
246608
829264
669909
885601
831622
787285
881757
355322
35167
134288
252649
559491
504228
70900
721429
395951
921289
543642
86636
502915
234376
811154
274393
713448
566478
598705
666113
455878
237594
812651
798948
394940
964949
537691
257816
315257
444547
44520
561866
315308
513338
418539
580964
696963
129116
821734
895227
765704
889199
203696
797780
409047
693732
840244
421536
119463
923893
307043
81009
826050
69507
294739
691636
695929
975237
322715
657202
45475
499562
614357
577495
849442
114876
817894
176748
969357
516882
6343
943483
597374
154915
824588
967961
938967
450035
43277
478789
936931
30816
359267
144002
303036
548687
592202
975993
817951
942121
432373
403903
261599
83505
547245
643978
866350
67120
507256
865827
356700
741894
584906
976478
982084
101142
150127
352633
379915
450058
585193
334446
159991
Case #2:
299989
420589
964989
752437
641536
782841
598523
621194
697058
500606
103126
270078
405999
118772
386978
58006
253578
348443
540175
623771
171613
32309
488822
325368
574464
766439
436412
668067
1755
834685
742596
249398
895371
177038
918678
863064
895258
705384
687341
246530
408770
872139
453123
817101
681697
641688
497033
946661
277531
2322
573794
334259
689710
962370
901033
144023
445951
5183
354611
658364
157086
786497
920752
499535
411724
345504
172149
301725
723787
144920
397739
705735
832677
909106
837997
191578
160897
976990
794735
385967
412931
368414
782034
304994
541045
513592
334959
933243
516858
358125
169944
414145
974066
865580
11733
175843
295340
122638
660958
404329
904835
42015
868169
718521
867042
597539
279978
551992
974317
232169
819420
776007
910339
748225
408097
218419
726303
875379
41131
612175
497288
957018
546282
652935
534185
708862
202700
871541
30746
499997
709528
169139
57466
99220
776668
992511
984585
820922
144264
424469
213669
391774
194236
950165
985761
300903
151371
57519
181787
596654
356419
838213
416463
6800
116996
719974
495811
472361
515993
532617
184410
261211
408323
941882
126692
424789
511921
591725
516484
102876
829619
521495
513754
851195
22931
576989
179472
523631
677745
582448
805847
409027
50160
708865
558936
112831
730643
838459
935733
276808
482782
585856
771648
2927
833751
378208
391892
802536
967788
520262
210970
747912
107299
808404
990247
822587
113776
764990
246327
713840
73717
36552
56168
45267
5036
230377
859764
844653
515036
687128
583212
807734
838021
357135
989225
201021
422408
659858
609350
253394
38973
1703
999689
274316
76463
814912
249469
496793
405854
762371
241390
246675
397262
471177
250017
524344
322385
191897
911967
144117
416104
715533
9669
163008
742551
182310
432692
214130
905126
281870
847141
484328
20034
394047
730869
915797
204728
796198
78804
758511
526574
272772
979912
901270
760022
468311
884796
203730
158815
826296
618737
522498
551253
261339
53076
778047
6459
499818
524220
324728
68603
551682
821162
278273
911707
75336
896555
773
219667
77013
281264
140436
196662
352662
812947
624857
32997
877585
731884
132229
697130
833697
488472
988576
922222
77963
481209
191862
119718
716612
769177
852961
113343
984783
747727
515053
8433
25445
349447
940609
644584
Case #3:
813964
863977
66878
713661
973981
672678
611619
226872
923298
19976
885667
291349
819171
423677
329735
600244
19298
588406
89942
511456
206498
303630
8057
965452
179229
6461
923434
285202
524836
536538
80797
901831
392544
395748
899269
846404
441953
482435
13427
225636
209158
117422
408919
14503
646025
692388
889888
413892
711589
527575
269334
937913
361889
362632
518212
753197
492348
308923
284400
391019
370609
854335
245906
506445
717333
349467
342406
306180
138655
126473
932866
661274
309977
517878
458260
723165
356933
399991
220504
533486
957800
355568
693646
668550
192042
608850
96188
979145
312150
27648
238792
272236
504792
705756
349637
383820
430196
682798
362591
198085
886787
894907
687320
126542
802628
567948
352978
973579
77481
456696
233906
278153
854084
24885
740895
127779
787013
116757
105827
56621
423952
263390
278855
24114
995467
84398
132288
160014
Case #4:
295877
927026
647491
460104
563150
211123
309329
122549
316451
482653
189484
608255
321448
379734
775171
864873
764837
212100
922364
454796
319230
647715
582708
66533
153587
546149
127046
424610
842806
580754
599739
414734
908274
694310
506315
108524
442899
944567
471458
877668
181982
238684
89907
235842
320835
526947
359719
4949
900390
431679
192830
370624
653919
683161
656103
412115
129223
85913
805566
131945
624840
17900
948634
769346
832360
808081
956024
787428
605077
936737
211333
588487
706869
672172
513416
740738
662073
652933
533689
234642
831954
369822
75780
996900
745919
435838
103821
519830
362798
472235
710540
655386
293874
743990
664962
380388
45350
370301
247365
327864
493455
163925
572551
595594
8813
44176
814194
89388
95069
90100
331840
382877
737912
329524
156536
369097
172815
990424
901794
243267
411575
731392
379026
846393
892532
708884
879674
29346
382164
583217
700959
481691
610412
869027
867483
756221
626343
244145
833863
389444
192046
57647
833737
712292
589755
735722
110842
685190
722390
253243
19805
444188
726947
206260
951587
376226
917688
306989
733273
968255
592261
502162
786568
983297
474077
772394
781833
473910
Case #5:
848534
92228
12747
227408
100318
99221
475950
869719
491203
396185
277746
537431
176270
754275
664476
793458
83524
17498
601900
857355
494632
128467
948776
425935
928322
203665
928289
831563
243509
984859
553804
433389
604230
395606
311879
500585
419592
555787
323244
23350
166456
322428
321854
715036
651884
362795
659094
588711
673944
841976
626737
210615
670483
903883
718693
692126
708304
623259
54661
659955
392576
209859
460316
69911
80446
81443
456745
266153
119615
188679
288003
727950
114367
968754
761025
165560
429355
619213
177280
590333
97916
169458
257770
628063
239045
467372
84347
623449
24247
610033
920574
146258
247982
529443
247646
633747
880532
226991
437248
615842
47806
673647
139888
903165
82397
556419
372716
446479
861870
158486
501848
419406
621019
953325
346582
119602
900503
170873
911637
704529
619297
524575
578064
559251
729524
976633
685181
647870
159085
191515
396349
524217
657658
337638
492275
858027
945511
93259
743381
682800
23407
390464
971391
989123
835701
941938
784226
14215
626263
666384
885711
890010
188631
532755
409983
559134
248748
520052
502061
225844
162921
112170
117803
398697
784436
763426
127689
684807
147311
618754
421858
544343
940350
394334
494206
191918
68677
239852
359344
423420
146602
679936
327012
697813
21765
501721
554588
139787
169406
525225
75636
596532
581132
721780
582134
272646
428079
453766
9732
489331
493195
21046
627195
Case #6:
313880
575550
542565
269900
47234
43356
225856
520201
457358
581264
788837
441094
430278
634474
694751
711327
271335
670041
650486
226161
531815
870062
940666
166135
823840
651231
313705
573329
766103
351455
948278
869497
371360
157651
495722
332734
595371
883654
638925
105448
70168
94263
866069
145475
720419
444432
611138
533119
932258
680038
643968
806601
503253
258685
385212
748066
669904
838581
541812
489798
871967
116891
90091
465720
907041
96764
770943
950767
945285
524928
294020
87467
85523
862350
292047
362236
227501
388418
535048
705326
747480
861632
787337
772842
405765
995173
385503
241787
895613
488863
821623
344005
927694
940645
446880
414635
875292
519421
488441
916377
909127
484815
669209
57230
555621
429478
56915
617512
857098
50903
115998
937271
121695
594875
694058
400651
766583
806709
701080
92252
703459
197130
862417
336192
225547
439329
745769
800335
762498
582039
270834
539767
706626
761642
792873
555792
700064
451589
983849
676593
424137
890787
742932
521724
761870
789316
881416
538447
564832
174611
210345
117282
347664
529899
344994
555172
323555
81114
652676
823684
34281
641931
187137
435300
826653
284880
105952
299225
862572
782124
441955
17323
744447
803347
207012
743625
129930
169864
983207
195178
584188
845065
413394
841176
712953
816733
896444
996844
391396
820698
366347
742774
356856
123554
22606
695769
369272
608380
6415
681512
883601
696808
560151
239268
511422
330773
779809
613800
306203
599006
243394
800777
685902
975667
744330
278607
823
374328
619298
827345
561912
168123
975991
67314
848076
378966
298988
439830
674651
727986
700332
157409
26035
662481
544660
80814
67661
270772
713454
534671
857756
344458
951535
903439
388998
32832
2817
224571
679292
276309
994495
997278
646111
587495
824468
182241
565951
209607
63088
726547
550484
787287
682081
767585
241113
234293
690794
259846
554804
452996
346385
584576
651334
603171
493734
143721
180519
353722
791148
5161
142613
536052
687248
219732
26280
172017
601028
685902
272871
726786
92618
937924
325956
797773
868586
710061
467637
978232
510197
927725
948188
119136
328675
799698
69495
249769
598230
281962
844407
53005
626239
24584
593127
802968
610052
720488
338241
693659
995221
340214
905163
903332
745504
989079
649178
338827
786585
439285
179429
486994
40669
82604
486041
374469
844562
340205
458969
389124
169891
4916
968171
924544
318936
885213
729721
130065
635262
60119
483130
937569
782375
112946
46246
698870
333216
79148
158529
751648
65496
229794
308954
902079
640658
888980
172337
377854
642706
353317
872949
50590
894978
353001
48749
606618
870169
730664
419384
457107
221538
797174
405167
157278
689415
303134
782733
897604
127014
969670
217125
384808
832805
302877
192713
278558
109419
636722
499502
485516
157042
169051
834055
970247
564134
107511
251204
652520
679541
616102
410395
315595
966725
578962
531617
477470
293481
520890
695565
4833
132444
110764
191641
157856
581989
167725
4914
963591
912126
765986
411210
174151
762522
256780
584828
331255
817150
953869
166571
575850
280991
848059
717633
602443
924210
626144
525582
807464
255994
71913
343701
613551
92419
58008
711823
992379
963903
762763
920818
568242
884199
694000
401185
328066
83331
74619
782326
764557
353149
787339
750124
642643
Case #7:
838260
803249
732728
842747
752115
277968
998803
269356
601493
435305
684064
634495
623961
831334
274621
774584
889950
251925
15800
543164
403282
589434
163053
997864
140010
299990
289455
174821
351614
560527
821102
693188
665863
563379
712556
514207
444548
350994
199479
686338
696195
289700
119889
831925
966229
789889
539668
82979
110187
315139
332462
763572
500228
714195
279808
429877
135678
272333
361524
876404
876235
867756
950676
162335
15133
439829
319477
702247
295269
547897
343672
772601
853653
68511
8369
308604
123421
304877
181628
811090
518683
757427
624873
915928
469491
328900
802450
18098
986697
81959
501067
849594
85603
496096
392562
677183
577939
136793
665117
964001
914397
147949
554385
828103
875688
873624
130002
230342
989898
278386
432963
51779
165584
898171
569250
733673
47299
627475
122488
401734
884547
362532
940995
76136
169029
158961
955976
439067
978503
902630
93175
529367
5447
507770
858034
376252
619636
3540
917447
569829
727171
480024
430773
317414
113350
982076
781869
933630
812978
311868
343906
975461
864085
279530
728583
922070
136796
917925
654771
276598
750351
526088
230005
831678
347670
135297
689928
626986
140381
189543
206231
568082
773489
856078
770062
267394
956355
231787
499843
281926
674111
532608
483848
726386
378918
474343
362086
652482
641127
878049
446662
16420
483371
494763
48622
867416
401385
286617
777723
514357
986527
96716
864612
295454
882404
243653
758758
830909
999736
232702
923922
109746
769387
534027
978656
932524
953557
362191
791598
145163
461101
143508
241733
59997
820019
713334
487741
242126
715392
405659
515981
503536
371985
486682
507117
696488
296117
749175
79633
501564
411237
725709
506132
294123
678170
722029
634925
354239
540779
959091
322948
581116
387697
973652
328541
159732
990444
471862
105685
664000
628940
213408
470091
14858
728993
935764
567931
435161
825201
561270
912411
530521
423839
275549
844645
447072
467342
494060
822010
356739
638199
440464
876185
280741
262577
605712
272374
648650
642804
894632
45858
570603
776250
881962
235628
861502
624023
27607
78829
252926
438478
199101
255669
430337
274136
219035
121832
748055
74858
327041
568451
775815
25945
246032
247700
761919
361915
692279
71924
608102
845182
372459
144734
657747
811370
584723
572620
961276
233756
821062
859711
662028
484922
220810
579029
671434
790037
944933
345858
196465
278256
255448
407551
574275
146364
875999
358485
319636
499773
928943
599159
14660
61100
642073
503235
619359
372307
84193
201771
832647
690489
241627
837355
926671
594506
421693
520593
536666
444031
252608
711079
28448
489627
767018
484520
143655
856872
823502
96888
178755
908707
310550
286258
117288
576090
56411
529123
189551
509587
646280
725031
320396
481738
723310
631405
702031
420393
573182
351394
475347
561250
325632
842932
238378
806461
566022
970351
940985
352440
570066
39988
366090
361189
290366
580429
173834
683937
27763
999185
318509
472594
790931
110655
218939
414275
12772
629654
601404
705948
162994
503848
719402
342727
972363
690178
388325
857858
519209
777894
192704
596338
648406
611883
442107
572038
369251
522731
215513
757617
313472
635463
231942
575004
763512
351853
903788
415193
249990
181746
869591
970429
16580
935297
320716
488275
53057
440123
348035
32564
50126
693361
317658
751329
767261
81397
415053
224669
573372
646550
Case #8:
598123
200131
835185
849754
615527
504857
801577
576259
815046
166847
935270
130823
539786
498876
684621
501046
334622
504002
334517
647309
74453
469584
108142
304790
646472
411434
523561
257047
6411
47528
837372
234594
720018
153917
194278
945254
748452
258758
300731
154132
829128
140008
903372
196415
464636
541873
736385
914751
382821
718612
168066
47808
134460
542450
623312
345965
411263
193278
622789
264774
939459
967617
413503
316769
142722
613456
696259
177007
449089
47366
369040
629687
836782
642059
521717
259925
488348
817866
39709
531456
210325
693348
800290
925264
741151
735493
946712
488126
895000
416847
666896
76001
528616
981803
8853
420626
82509
184582
596280
840871
4538
150580
933600
747005
851187
424496
277345
939213
911465
293715
420944
227353
667977
676445
894030
861327
189844
471743
441062
458735
648337
300778
394287
794958
563457
524373
Case #9:
175290
591734
478835
765705
93788
459873
821041
822887
962883
924844
962144
676403
889674
408701
131824
62042
712429
815498
179939
7530
567800
327805
573899
803285
251921
785789
652988
883127
55052
61845
329783
572414
998934
22603
657533
115509
892886
579581
41581
785092
743591
105134
786227
18922
820656
847924
183435
47729
343372
944373
334558
544364
583581
78233
86114
42362
578452
562258
647089
73940
187907
737375
363249
355785
409770
137548
94481
652182
789813
11977
543710
264762
772306
122217
142785
96719
974305
827196
707478
295546
733783
620068
720828
847864
123535
677941
851454
470959
595827
209294
954810
804944
685338
146467
267786
405230
894673
910275
586178
148477
12119
673004
527394
319537
18669
570921
45943
979930
390556
752735
589631
862654
984344
368673
314458
313460
543461
149989
23355
340106
560802
63679
535894
994061
506532
144350
912172
474046
102951
409071
508620
863571
226770
58495
523816
540407
449012
735973
910306
981531
373251
65486
268457
849815
894431
345403
312730
865203
46618
111452
149223
627720
780747
608528
991194
295758
458479
376777
219680
792453
143963
300731
516226
965217
401890
192130
916622
735098
202284
715114
930395
782001
783689
261959
339168
492261
88681
22224
812294
785682
67466
554369
255142
425615
501253
911915
503529
367520
721478
501419
928191
854296
770508
413886
2899
212225
342
644920
185721
514622
682939
134645
607903
524178
609288
554905
347455
536855
311634
576175
765504
376688
190054
881031
426693
472132
509574
46914
405608
57646
264638
663513
744250
407578
974438
452428
891598
446569
78268
681686
233782
901520
811988
621036
684964
489026
954708
493500
144102
886166
157829
469147
771673
334623
150665
321157
767669
815117
576296
764935
114392
449163
546839
554959
137072
583512
148140
129289
998357
698166
450017
779196
70948
827000
28219
779101
65282
94324
66520
568823
919362
12112
1601
153579
360016
470840
899103
781307
944145
586596
687003
567936
887577
104911
379666
630523
25036
153603
685103
730282
185006
969585
70186
727998
226086
499374
665175
705910
978455
852515
610934
988740
109818
193038
825664
618461
53285
941332
797021
816782
261192
283811
353520
399018
142241
864244
353512
497082
602320
358838
68384
534033
883214
461506
492220
951255
722006
813246
393166
703224
460880
101270
222414
834454
219696
615731
305994
99378
231624
493515
320192
994733
620858
22159
220176
317041
785249
113075
655551
515871
815720
209140
Case #10:
69356
778813
893250
754673
917110
832013
391696
110923
990022
545075
795275
746682
948561
270148
412144
683351
817180
118075
615772
541731
525251
368904
644524
441238
949187
878823
119389
132573
664914
459381
39819
148385
50939
917618
35488
944667
108355
691449
744092
611377
692231
375262
426926
747191
847197
876881
396679
938466
785743
240277
700376
496958
108423
741310
566083
865734
659406
838073
796395
435692
168106
310228
900350
366978
475824
920466
156579
144136
205447
567020
914622
752969
85313
937922
694199
556852
75924
508310
306536
517863
594293
846587
449688
649408
493919
215918
493376
520664
514269
169330
249237
483386
74849
279955
121498
953887
810519
482258
446573
954518
822271
637202
27394
495684
897367
768716
371250
515709
356864
692510
327012
28478
302653
590835
551169
612963
694792
817507
614030
995898
299567
112617
785743
614910
957169
67647
103812
537816
9335
540306
40235
227360
505821
19133
52446
355450
500651
8594
Case #11:
-1
-1
-1
-1
-1
-1
-1
-1
-1
-1
-1
-1
-1
-1
-1
-1
-1
-1
-1
-1
-1
-1
-1
-1
-1
-1
-1
-1
-1
-1
-1
-1
-1
-1
-1
-1
-1
-1
-1
-1
-1
-1
-1
-1
-1
-1
-1
-1
-1
-1
-1
-1
-1
-1
-1
-1
-1
-1
-1
-1
-1
-1
-1
-1
-1
-1
-1
-1
-1
-1
-1
-1
-1
-1
-1
-1
-1
-1
-1
-1
-1
-1
-1
-1
-1
-1
-1
-1
-1
-1
-1
-1
-1
-1
-1
-1
-1
-1
-1
-1
-1
-1
-1
-1
-1
-1
-1
-1
-1
-1
-1
-1
-1
-1
-1
-1
-1
-1
-1
-1
-1
-1
-1
-1
-1
-1
-1
-1
-1
-1
-1
-1
-1
-1
-1
-1
-1
-1
-1
-1
-1
-1
-1
-1
-1
-1
-1
-1
-1
-1
-1
-1
-1
-1
-1
-1
-1
-1
-1
-1
-1
-1
-1
-1
-1
-1
-1
-1
-1
-1
-1
-1
-1
-1
-1
-1
-1
-1
-1
-1
-1
-1
-1
-1
-1
-1
-1
-1
-1
-1
-1
-1
-1
-1
-1
-1
-1
-1
-1
-1
-1
-1
-1
-1
-1
-1
-1
-1
-1
-1
-1
-1
-1
-1
-1
-1
-1
-1
-1
-1
-1
-1
-1
-1
-1
-1
-1
-1
-1
-1
-1
-1
-1
-1
-1
-1
-1
-1
-1
-1
-1
-1
-1
-1
-1
-1
-1
-1
-1
-1
-1
-1
-1
-1
-1
-1
-1
-1
-1
-1
-1
-1
-1
-1
-1
-1
-1
-1
-1
-1
-1
-1
-1
-1
-1
-1
-1
-1
-1
-1
-1
-1
-1
-1
-1
-1
-1
-1
-1
-1
-1
-1
-1
-1
-1
-1
-1
-1
-1
-1
-1
-1
-1
-1
-1
-1
-1
-1
-1
-1
-1
-1
-1
-1
-1
-1
-1
-1
-1
-1
-1
-1
-1
-1
-1
-1
-1
-1
-1
-1
-1
-1
-1
-1
-1
-1
-1
-1
-1
-1
-1
-1
-1
-1
-1
-1
-1
-1
-1
-1
-1
-1
-1
-1
-1
-1
-1
-1
-1
-1
-1
-1
-1
-1
-1
-1
-1
-1
-1
-1
-1
-1
-1
-1
-1
-1
-1
-1
-1
-1
-1
-1
-1
-1
-1
-1
-1
-1
-1
-1
-1
-1
-1
-1
-1
-1
-1
-1
-1
-1
-1
-1
-1
-1
-1
-1
-1
-1
-1
-1
-1
-1
-1
-1
-1
-1
-1
Case #12:
255746
388269
723481
685133
639504
139819
242749
240290
732003
552186
690729
779087
878720
290145
886869
332422
179288
237908
943516
434054
45643
945621
678347
199610
962683
51790
328997
184137
Case #13:
365980
378507
726780
964442
934521
948054
84272
212171
796390
940632
461951
28736
368636
991002
370880
338531
255885
227572
258499
272036
334746
27664
580616
374767
920337
97325
655647
398839
11243
933266
788172
423479
425962
213952
302171
266760
887514
690115
3850
978645
369867
905615
522402
282041
864081
75256
959705
841364
439962
870340
881229
909213
164076
633989
195407
762462
126047
162489
840633
987670
747080
112959
200441
820135
924976
155008
515871
172197
603561
350737
184249
658559
553801
699991
517191
919662
263412
836332
413566
162807
4673
304275
111678
101872
493289
214040
902247
759776
69933
341960
883691
642727
174126
892975
263666
9039
148984
906456
449762
752944
875610
700327
991423
157131
992841
700946
438287
957607
139056
390884
696681
770318
60915
159885
198218
293984
653442
128440
454381
534641
235499
932622
109094
373922
773440
393177
533310
469719
889164
197071
79826
877109
79077
371481
707390
801910
442348
149145
191048
998444
666836
759406
506220
179906
273584
994407
386526
372407
673857
738172
127672
390622
263404
42884
694375
478963
488764
474359
311398
201034
446821
910177
966267
766563
276148
532578
246953
900174
818608
373375
603705
488700
517759
161231
119885
313805
746323
566114
487763
221455
559915
482464
632599
684474
354473
762282
326371
594671
201930
886250
660992
126498
715150
2567
517013
103231
101616
264051
621635
811371
571329
798018
604569
619508
331060
779891
855364
36564
263286
590326
468281
520365
76830
676337
162317
358000
117905
385456
162191
807649
644595
172282
110864
743812
68179
358450
554300
376374
390830
335877
185220
473558
293864
654803
150454
311332
499897
396713
571622
341528
148981
952473
920373
632350
402631
332763
25260
725888
902135
222988
194433
720740
296028
528805
739280
614414
749725
688284
59467
502985
637369
605815
370373
210018
433844
551725
528435
392890
534713
909241
10133
954781
569204
84743
813777
970851
281429
86397
243632
721828
660457
734225
241829
484835
248433
107873
374130
70127
240107
557656
601035
827318
231834
641246
296184
232600
791904
630975
392496
337008
8069
Case #14:
6177
920259
67150
375496
844022
534538
578003
306201
196062
9911
184878
123675
673790
949424
84849
17221
273317
478211
697017
1818
570263
202341
780270
975825
808731
697026
31374
825790
687913
227707
439110
706858
803808
363932
477720
668303
424523
283334
975928
618867
932597
40142
975074
536837
265675
296097
257952
770863
642955
698085
348143
236984
800087
31257
868059
770714
854710
523117
478419
630627
625740
107117
75613
295281
570001
786155
756779
310621
451261
801684
21169
700499
608076
603160
945159
962424
869774
502686
403430
116261
201143
872984
559393
502144
671043
739083
155306
115219
967811
142616
219247
627494
640582
368873
362459
493301
751015
684298
324162
715543
54336
522423
194523
630706
821144
274231
549424
643453
120663
442239
401052
278112
49386
131559
724476
512322
821145
119908
54023
140300
641612
977765
522636
838815
862723
703381
498589
627976
743632
212097
Case #15:
351751
511498
933781
471233
999550
381031
658887
425994
633730
954873
84562
12698
508204
14566
194841
684447
788882
570737
10241
613913
442089
166512
782860
216485
316219
328159
850002
602888
362059
549909
691951
38566
492292
695115
798094
99711
509527
872066
326387
265996
67911
639884
793897
825127
555438
899790
333780
153647
103349
255903
222726
465641
663847
264905
184582
679465
389757
966111
16402
549674
489150
70798
929237
758183
107160
402518
677898
466210
818900
891860
677687
878941
276184
492327
355455
184640
958752
756943
67088
871135
886467
858622
763337
614583
408639
360559
925837
106313
471184
526763
985685
813600
508031
349054
743744
224374
234269
214761
333213
137809
795035
318619
5156
18704
87346
896215
900634
587983
50194
128141
633968
82419
591892
182371
649758
849614
986863
788953
33787
232000
675784
420313
307176
54153
539575
647040
237641
416538
60030
881965
667887
986201
996828
947806
958234
308565
205553
767897
194172
468372
991038
550594
500744
485737
552320
287197
3268
840061
667235
462388
587952
344521
340999
881161
884941
496505
240161
509694
418154
354158
545965
531296
850414
96730
26332
813260
639617
334310
571156
377293
735210
441868
441165
876374
12276
396674
879447
416670
22487
192198
443454
752027
373362
271070
845579
404483
581733
533798
955063
751392
384422
380618
147823
932143
159414
62821
2707
618480
268562
517576
835075
886576
819371
97585
909454
458273
470463
717942
613763
635426
56530
543507
349938
345810
251189
470263
713078
411411
863696
891294
148122
342338
699451
383584
948870
785386
618382
207260
242482
404183
241083
269410
940700
279954
344271
153495
429495
510664
455689
88226
437165
995039
915540
51950
576205
601729
782116
405114
20339
516764
971085
503839
875647
