1
120
380
480
558
776
839
1024
1140
1391
1584
357
385
1855
1887
2168
557
2281
2348
2558
2634
2734
558
2887
1490
3164
3336
1594
3558
3805
3932
4155
4437
4736
4900
5056
5274
5351
575
5527
5677
5831
2581
6101
6310
6583
6676
6962
7049
7296
7529
7776
7910
1612
8028
8133
8290
8488
8599
1711
8811
8917
9140
784
838
9317
9451
9510
9555
9683
1761
0
3587
0
894
0
1469
7517
0
7504
605
0
2001
0
270
5467
422
7317
6783
8900
0
8246
0
0
0
0
0
5676
0
0
0
0
0
0
0
0
0
567
0
0
4200
0
0
2089
3816
6984
3943
0
4530
1286
0
0
1325
410
523
2918
609
8898
0
5763
631
643
7447
8131
690
5935
3120
8308
1428
799
0
6010
393
1543
2163
2474
0
462
802
7659
3013
0
0
3830
2519
0
9015
0
0
0
3815
0
0
8706
0
1210
1743
1039
847
1102
0
0
0
1808
3524
0
7668
886
0
3282
327
420
5757
442
4622
913
5931
480
6182
0
3155
1549
7121
2350
7752
8676
3312
0
0
0
810
0
0
7581
1329
8011
4063
0
0
4630
0
3146
3253
0
977
4283
1602
0
2996
0
0
513
1675
0
0
0
9297
0
2203
5030
0
0
0
0
0
0
0
6328
6922
0
0
2676
0
0
0
1326
1460
4157
8210
225
0
11
0
136
1880
2304
1996
0
9741
0
2720
2493
0
6436
1550
4546
2821
0
0
0
0
0
820
0
0
0
0
938
3479
4705
1234
9261
0
0
1248
1400
1446
5063
7721
1521
1774
3366
6038
0
0
6040
7356
0
0
0
0
4497
2795
5870
1602
1951
8533
0
2054
1154
1308
5608
0
0
0
3564
0
4863
0
0
0
0
0
1918
5736
0
0
0
225
5423
2474
1340
8369
0
6748
0
238
0
0
4611
0
0
9577
0
3958
6032
0
0
1617
7895
0
5568
7374
8070
0
0
0
0
0
5297
0
0
275
3041
6378
0
3071
6244
0
6663
6715
0
0
0
0
0
279
7580
0
4263
0
0
0
2655
8111
250
0
326
774
0
2884
0
447
4135
2945
2985
7653
0
4328
4585
7868
2201
0
0
2248
0
2449
3272
125
165
180
215
5119
324
0
5834
0
0
2316
7974
697
3746
5320
2649
0
3414
5406
6244
9334
0
8684
391
0
5292
5483
6521
7472
0
0
814
0
8872
0
0
0
0
4320
0
8987
7789
0
0
3934
0
4365
0
0
398
0
4737
8574
0
9856
404
0
1417
3476
1507
0
5547
4786
0
6818
830
5635
0
0
0
0
769
3039
2691
9418
3087
3931
4396
2888
2909
0
4498
0
0
1746
1056
0
1782
1840
0
1564
0
0
1880
4669
3614
1355
0
5449
0
0
0
0
1922
0
2973
0
0
0
2237
2473
3020
3816
3901
0
0
0
3096
1648
0
1707
9321
1426
1768
3047
3682
1544
4437
2365
5311
0
3850
7491
9154
0
0
3941
0
0
5927
0
0
0
0
0
8299
0
0
0
2914
0
5924
0
1846
0
0
1904
3971
0
0
0
1560
0
1600
0
4087
8196
4155
6665
1663
0
5557
0
0
0
2200
0
0
0
108
0
0
312
0
2521
8239
0
320
7960
359
1049
6042
0
0
0
365
9631
0
0
1074
8722
0
0
1091
1677
4386
369
2481
4466
8757
1468
7185
1544
1567
0
1577
0
1627
0
8914
1648
0
291
0
5657
0
326
4731
4852
0
349
467
501
1024
1135
1156
640
27
3860
4041
8572
102
1166
0
0
0
1873
0
0
112
0
124
2243
4060
0
1676
2824
0
2340
3133
0
0
4121
1314
4229
8618
2491
3832
0
6895
0
0
0
0
4522
0
346
361
127
0
0
0
355
445
1352
4899
5924
4771
0
0
0
4120
149
0
401
1280
1410
9142
1519
0
0
0
438
4893
1639
1665
1845
0
6111
0
344
0
3017
0
0
2231
3431
0
1285
3511
4899
128
4279
4338
0
0
1078
304
0
387
0
411
0
0
0
0
0
437
0
7618
0
1102
0
4489
0
0
445
2446
0
1318
0
5114
0
0
4725
1412
105
0
267
8693
292
0
0
5468
0
0
0
0
0
3300
0
2661
5721
380
1871
0
3355
0
0
4370
5768
5131
6401
7819
0
0
0
0
0
0
9015
1321
0
468
0
6211
9217
35
1977
2064
2155
2284
9608
0
0
480
0
0
0
7081
0
0
0
0
93
0
0
0
0
0
0
0
9324
1503
106
347
386
0
473
0
487
1918
0
0
1962
0
4724
8621
4800
4878
542
115
0
0
3107
3174
4837
0
6431
5203
0
6502
7103
0
0
0
0
0
0
0
1549
0
1477
0
8895
0
3342
727
5019
2778
1202
2832
2909
3388
0
0
0
0
2297
2041
0
3429
0
7294
0
0
2143
555
0
6673
1576
7088
0
1621
3859
0
4576
0
0
0
5618
0
0
2186
2994
0
0
1461
1518
2904
5799
3007
0
28
2685
1601
8705
8867
0
9679
0
5131
0
0
5392
65
0
3158
9309
0
106
154
1147
0
0
0
558
1373
197
0
0
0
3529
0
1504
0
1592
0
0
231
4622
7160
1638
0
0
0
699
620
744
0
821
864
643
7598
902
9038
9456
349
6393
1664
0
505
3276
44
245
0
1734
6622
3834
35
4758
3581
2803
5243
2945
4472
8745
5338
0
7243
0
0
0
0
0
1702
5962
2866
8842
0
2917
0
6132
0
0
0
6330
0
7265
0
0
0
4947
8958
0
0
4837
0
2492
4871
5310
7926
5902
0
9508
0
0
8372
5395
0
0
7115
0
4748
462
5048
0
0
5151
6720
4296
0
4411
521
947
1988
9520
0
0
2139
0
0
0
0
0
6338
2537
0
3300
0
0
179
0
4467
249
6606
5945
0
7025
0
271
285
4590
476
0
7311
4868
0
9201
3948
80
2707
2456
3934
4040
7108
0
2757
0
0
2250
2405
7187
1091
3533
4419
0
0
0
0
1857
0
0
0
0
0
0
0
0
1261
0
1949
507
7224
0
5274
0
0
4611
0
0
82
0
195
216
0
0
0
0
0
355
0
0
0
0
0
6340
0
225
4552
7407
8184
0
417
0
0
0
1748
7518
0
4132
0
0
4174
461
270
2484
0
0
8529
397
0
6561
0
0
669
302
5286
2044
519
2128
788
6412
6618
1525
810
5641
905
0
969
0
6844
9478
0
863
577
1490
0
1026
1851
8282
0
1214
7848
1993
1103
4870
5335
5765
0
1131
7294
4455
0
813
841
0
1704
390
427
4563
0
0
486
1773
6317
0
641
9638
8483
8612
8787
1061
0
0
5207
7796
0
5451
0
0
6478
831
960
691
0
0
4918
0
0
0
5189
0
0
5297
6547
0
2117
0
0
579
0
589
0
1350
0
3896
1334
2018
0
1055
3586
7689
0
1161
2166
1383
8747
0
0
2786
0
2029
2025
0
0
0
0
2107
4844
1416
6498
6667
7149
1257
7855
0
0
8646
1388
0
0
0
3036
6947
0
3750
3578
5104
3123
1906
0
0
2610
1503
1543
1571
2237
2320
1814
2432
3595
2002
0
3256
3950
4147
6005
2052
0
0
2847
1342
1423
8854
0
0
5393
0
1502
0
3507
5290
0
0
0
1858
2832
0
1177
1574
0
2488
0
2999
3403
0
6154
6752
4533
6852
0
87
319
0
3308
3890
0
0
0
8341
3174
342
1010
0
0
1159
7664
1982
1644
0
8454
0
0
0
3200
3330
0
3970
0
0
7846
0
0
0
1653
1877
0
0
5172
0
0
0
0
2166
1545
0
8003
0
0
3610
0
8328
0
0
88
2360
8007
0
6737
0
808
2602
0
967
1810
4301
0
0
0
0
0
1023
0
1134
0
0
1920
0
0
2395
6447
6953
0
0
0
0
4072
1036
4417
0
4229
8506
4592
2793
355
1058
8541
0
0
8825
0
0
3356
0
1308
0
1878
6585
0
3407
0
0
4744
776
7616
0
9347
2906
0
0
0
0
5125
5221
1329
0
4898
0
2876
0
0
5343
0
5863
0
0
0
0
7235
3326
1048
0
0
0
775
0
4455
0
0
0
0
8132
0
838
846
6450
3439
1384
2267
2471
7458
356
7523
8094
8200
0
6572
1454
8643
7600
0
0
0
0
0
0
3880
0
0
1288
0
0
6698
0
1328
0
0
0
1381
1492
7227
3322
6319
676
0
3466
0
0
0
3580
0
0
0
0
0
1722
3914
6385
0
1782
0
7655
1822
0
0
0
0
0
1860
3987
0
6878
184
0
220
4360
0
324
6055
0
737
4167
8554
0
6506
3429
5169
8977
6684
5353
7403
8751
3724
0
0
0
4264
0
0
0
380
7239
4232
0
4336
0
0
4385
0
4501
775
0
5093
0
684
3759
5228
9784
829
980
3788
0
1073
1727
1867
1100
0
1780
0
4934
5113
5255
386
446
0
500
3242
3290
0
3367
346
5522
5948
0
7968
0
0
5852
0
0
0
353
3769
7737
0
0
0
0
552
0
0
2931
5915
0
0
0
0
0
5996
5645
3649
3715
0
0
0
0
0
0
378
3828
7263
6698
2465
0
0
6174
3886
567
6778
0
5104
539
563
0
603
0
0
740
5150
6709
755
284
0
1976
6837
0
0
5493
2100
0
0
5562
4012
2139
1605
1624
1721
6821
4768
8498
0
0
1794
4546
1858
4064
9231
9392
0
0
2972
316
345
6972
0
8048
494
1193
3421
0
3380
3623
3665
0
0
1223
4124
0
4234
4716
0
0
0
3438
7490
0
0
596
2207
2272
602
0
3848
63
0
609
8909
9437
0
4063
0
0
0
219
0
0
9644
0
0
0
238
0
819
0
0
240
6095
861
4576
0
5175
0
6104
3530
0
0
0
3511
871
4736
6040
2644
884
0
0
5800
2370
888
4182
4650
5015
2384
8147
8291
0
0
0
0
1888
0
1927
0
584
4489
0
0
2818
4787
0
6738
8299
0
3944
0
4524
750
7314
5864
755
0
1900
0
1597
1651
5270
1762
1986
9547
2885
5390
1776
6302
2985
8755
0
0
0
2737
0
4713
7933
9189
0
1182
0
0
6758
1149
0
1161
9213
0
554
664
0
1182
0
1234
1564
4172
4427
0
743
0
5911
0
765
0
0
3020
3122
7584
0
902
911
0
0
1655
7321
0
682
0
795
1130
0
819
0
827
220
0
223
1648
300
923
4454
7941
948
1080
1141
0
0
3171
3531
4813
0
0
5993
0
6527
7201
8221
9489
0
4011
0
286
8641
0
1006
1071
0
8930
1126
0
1214
0
7324
6040
0
0
0
0
0
2301
1270
1356
3719
0
3798
0
5726
0
291
0
0
3477
3806
0
0
3887
0
2518
0
4420
2416
313
2484
2618
618
8359
3256
3272
0
6892
2905
7122
7253
2940
0
0
0
711
7429
2674
718
1253
2961
7948
1497
0
5609
4207
4448
9659
0
4617
0
0
0
0
2987
0
2141
0
566
4420
0
470
6174
6676
5266
5106
6783
0
5040
9352
0
0
2031
0
0
0
1161
0
821
0
6271
0
0
8637
5304
5378
0
0
0
2166
3039
5497
3157
5576
1802
2703
1902
2864
8154
8630
3730
0
196
1608
4748
2927
2954
7342
524
9454
621
0
0
0
9068
4784
3138
3280
0
0
677
8621
881
4233
0
0
3898
3937
5910
0
8404
0
0
4004
3446
6296
8171
900
1096
7538
0
0
0
0
0
9236
2154
3574
0
9738
0
9593
8005
3614
0
3721
3785
0
0
5224
9351
0
6110
0
0
5294
0
1115
0
9005
7932
0
0
0
3981
0
0
3319
0
0
0
0
5819
0
3447
0
2605
4506
8392
1136
6108
2522
4133
7279
8560
5125
0
8018
0
3275
0
0
593
0
0
8159
8749
0
0
3536
5344
0
0
1108
1201
2682
0
3650
0
212
1909
0
0
0
0
0
763
0
0
0
0
2340
876
1251
1271
4747
0
2082
607
5556
8219
0
7424
0
2107
0
3523
3628
3440
0
3478
0
0
1356
0
0
2904
0
0
0
0
0
8324
0
5191
3515
0
0
8184
4914
8450
0
0
5573
0
0
0
0
231
265
1067
0
8037
16
105
3818
0
0
127
1079
3377
3663
1230
3881
1859
6792
60
1898
0
1269
4928
1951
0
6612
8975
0
0
9654
2543
7258
138
3567
3260
9641
2698
7018
6206
3776
3246
0
826
0
3896
848
7419
875
0
1165
0
0
0
0
505
8812
5637
143
9837
531
6043
2933
0
0
7753
0
0
7496
0
8981
0
0
1012
9399
0
0
5281
0
0
0
0
0
0
0
0
774
2917
1855
0
0
6927
7200
7871
1285
0
0
3639
2112
0
2697
0
0
0
0
2218
0
1936
5948
3104
7447
1319
0
4378
6545
0
0
0
4700
0
9185
0
0
3159
2340
0
0
5513
258
4313
7825
0
291
0
4079
0
0
8994
9295
727
0
0
0
0
0
6818
776
0
0
0
0
0
0
1690
0
1369
1764
9115
0
0
0
0
0
0
798
0
6021
6433
2164
7581
0
0
0
1721
2791
6686
215
5066
0
6877
0
1333
0
3447
0
145
1519
0
5702
0
5640
2495
8042
3777
0
0
6822
0
669
0
549
0
0
146
7754
329
575
7632
8463
5631
795
7733
8117
0
0
0
612
1958
0
631
0
0
0
2055
761
776
0
0
2222
848
0
6324
555
634
0
0
6450
654
456
679
872
0
880
0
2114
9194
6227
892
2464
0
6809
0
0
0
840
0
0
891
5281
1239
7733
8052
1014
4414
1033
4567
3798
8316
0
5940
338
1118
0
0
2192
6397
8592
215
0
2608
5653
0
0
448
0
0
0
0
6731
449
0
0
0
7721
6873
0
360
397
433
6303
3284
8785
0
0
0
2976
0
0
9523
4551
9668
0
3349
0
0
436
0
744
522
0
764
858
0
883
1252
1342
4606
0
0
2405
6710
0
1356
8056
1949
2069
493
589
4390
691
711
909
2811
2961
7833
585
3223
1354
1884
1960
0
2298
8149
0
9776
1584
0
0
3677
0
4183
590
627
8313
7989
5698
0
2077
2490
706
2558
7608
0
0
3058
766
775
4487
8228
796
3108
6948
0
0
7615
0
0
0
934
1800
9275
0
982
7052
9315
0
3239
3476
8538
0
9464
0
0
0
0
186
4839
0
188
9133
0
1575
0
4977
6508
0
2477
2649
0
0
116
198
0
202
5542
0
2979
0
0
0
0
3134
0
4276
0
0
5931
0
0
1811
0
5120
1926
0
4667
0
4780
268
3752
0
272
0
0
526
0
0
0
0
284
0
3845
0
0
0
0
0
0
0
0
3893
0
0
262
342
945
979
1053
1300
1362
0
2533
0
384
549
0
1201
2645
2753
412
2842
0
2900
3001
4297
5994
0
1217
0
4019
9570
3110
4090
0
0
0
0
2158
4154
0
0
4385
0
1931
415
6508
0
416
3735
0
12
8215
0
8722
0
111
0
3587
156
0
2048
3762
4052
161
0
6606
584
2078
0
7083
0
0
4062
2987
0
0
0
166
735
1908
2341
0
0
1522
2037
2094
3614
8389
2120
0
0
0
1000
1034
3323
8322
8932
1032
559
6013
0
6429
0
227
1135
839
0
0
3444
0
0
0
0
2556
3033
3132
3803
9495
0
7180
4194
9342
0
0
0
0
4474
388
4554
7151
4739
6182
5320
6003
0
876
6452
0
1426
1202
0
0
581
563
0
1605
0
3309
0
4044
1133
1172
0
0
1196
0
2229
5583
0
368
1702
4119
0
0
1788
1355
4269
0
0
7262
2815
631
0
0
0
1628
4472
0
0
313
1379
0
0
6513
3979
943
5738
0
8099
1204
3180
4047
4974
1252
0
0
2150
0
7754
0
4114
8276
0
8845
2897
0
0
4605
5299
5105
5322
6397
0
0
0
2155
2287
7215
4011
637
0
1651
1740
9121
2904
6522
6610
0
6703
0
3614
0
0
6836
0
0
1834
2381
2605
2199
0
5021
0
9010
564
0
627
4647
0
0
4698
6584
0
0
5975
4365
7425
8667
1509
0
9694
0
1570
0
2326
2465
5461
7552
842
7674
0
0
0
7763
0
1272
0
0
874
8393
0
0
0
1900
0
6806
1654
0
5088
0
0
8067
0
51
162
2111
0
2172
3792
2200
0
0
0
1824
6265
0
0
7202
1918
7079
0
213
0
346
0
2059
2133
2172
0
7149
612
0
742
0
254
1056
332
0
421
8313
4184
0
606
685
784
1650
967
7113
0
2221
0
6731
0
0
2274
542
7292
551
7484
0
8883
0
634
9045
0
217
3977
659
0
4065
7435
44
8903
0
0
891
1310
2060
64
1002
2185
1501
3088
4169
4257
0
856
122
4526
0
5328
699
705
870
8872
1777
228
0
351
5572
0
7192
0
8447
0
4652
9535
0
6747
7768
0
0
0
0
0
3893
9153
0
8191
7929
420
8398
0
2596
2719
0
9153
2501
3069
3167
8426
0
0
351
2455
0
533
3850
7286
4574
8974
0
0
4004
5102
0
4688
3219
5902
1316
0
1452
601
7646
9231
1519
4811
4904
5503
9610
7919
756
797
0
0
3010
0
944
2361
999
1885
3019
0
2250
1709
1778
4204
1910
8064
3213
4628
2493
5052
4715
4787
0
4052
6031
8534
0
9671
3199
0
9797
0
1277
0
386
0
0
484
0
6447
560
582
0
593
6154
622
9262
6528
6926
0
7632
0
4406
324
4834
0
328
9244
0
7017
0
2502
0
9114
0
0
3540
355
3421
6061
0
126
0
2290
0
5804
8677
0
3244
4521
4705
7370
4080
9582
638
0
649
0
2468
5539
5972
7893
3606
0
0
5789
5637
1516
1642
2292
7620
8846
0
1701
5550
3336
1726
3401
0
0
0
0
5868
5647
0
1308
0
4315
3456
0
4564
0
0
4404
0
0
0
0
1831
4715
7990
0
4441
0
1882
1906
2065
1963
879
0
0
0
1929
8676
3674
0
0
5088
2362
7759
6211
9194
0
0
7879
0
9463
0
7138
0
2670
0
9067
0
968
9038
0
1053
0
0
0
9917
0
0
0
4421
5190
5261
858
9491
0
6630
8472
0
8243
6692
7642
0
7687
5765
4462
6883
5820
5337
1204
7113
8377
8540
6328
3639
6382
6412
6573
0
151
0
479
216
9188
