1
49
135
181
228
256
275
319
329
421
481
505
558
637
721
762
770
802
895
935
971
1070
1162
1251
1327
1405
1484
1540
1572
1607
1624
1719
1794
1845
1880
1904
1986
2056
2147
2160
2166
2191
2226
2312
2345
2434
2441
2445
2530
585
2625
600
2702
1667
344
1679
2753
2840
2882
2893
2987
3069
3132
3232
3312
3338
3417
3481
3563
3604
3664
3760
2049
3791
3841
3861
3929
4005
4080
4119
4166
4264
4294
4354
4397
4413
4493
4549
4611
4695
964
4795
772
831
4844
1011
4893
4985
5043
2343
5056
5155
2356
5187
3436
3481
5274
1017
5298
2503
5381
5423
5491
5588
5688
5755
5819
5909
5962
6040
865
2965
6106
873
6200
6263
6363
627
6419
6455
2974
5862
6541
6577
6623
382
6721
6796
5925
6828
6845
3628
6895
6928
5940
6987
7019
7068
7162
2705
2371
7228
7278
2736
7310
7374
7472
1907
7552
7574
7614
7671
7762
7860
7931
7963
1932
8010
3076
8068
8157
8218
1937
8232
8290
8348
8363
8400
8428
8527
2377
8605
8651
8719
8804
7453
8868
3484
3505
8071
8098
4105
4126
8957
8978
9047
9075
9099
9165
9190
9236
9254
9286
8639
9315
9356
2275
9446
9521
2309
7832
2328
5496
9578
1943
9664
5916
8263
2108
2117
3361
9749
9811
6476
9868
3427
4415
5936
9943
10015
1651
10087
8498
2143
10144
10188
10258
10300
10346
630
10390
269
10437
284
8322
10478
10543
10621
10717
10778
10863
10920
10999
11076
11166
11200
302
11224
11286
11365
4156
7779
11445
11544
11635
11715
3156
11813
3173
10059
7824
3439
11412
11890
152
11990
173
856
12088
892
4163
304
189
309
3983
4878
4206
10983
2351
11157
12178
12233
463
12299
75
12381
84
12468
12539
94
12623
111
470
12693
12777
12862
12932
13023
125
13121
13213
13293
13343
13390
506
13459
4027
4729
13513
13607
1491
13694
13774
13859
13940
14014
14085
14149
11199
14228
4684
10837
10889
10220
14314
14393
3761
137
544
14438
565
3771
14529
14617
1465
14717
14812
4363
5374
13291
4422
4438
4446
14886
11148
7025
14978
15072
2239
2341
15120
190
2364
2386
4385
7130
9987
15167
571
625
633
15245
8970
10035
10273
15310
11048
15398
5044
15476
15512
15611
15701
15754
654
15800
15835
15934
15999
16097
16190
4459
16236
662
16300
2140
16364
16456
4355
16523
5230
5258
16615
2613
16676
670
16527
16774
14704
16868
16919
16950
5082
16979
17031
2393
17115
17195
17242
12784
3171
17319
17402
17448
17539
17626
2676
17705
17757
2708
17835
117
6684
17800
17865
124
17964
3222
4809
3023
145
18025
3073
18116
6826
18208
18274
3541
3094
3750
3811
3586
18344
2570
18391
5966
18457
18541
18602
4618
4636
18662
18741
18788
18835
157
1069
11581
18919
19013
19099
635
5365
8415
19190
13369
17380
14765
19282
17058
19370
10477
11556
19445
11595
12236
11095
19540
5428
18498
12532
19627
19685
7154
11342
11641
19741
19798
19847
19925
0
2827
0
3353
0
0
3379
626
11185
0
0
4548
0
0
6745
14876
0
3395
11873
16222
0
12879
0
2427
0
0
2436
0
0
4402
645
11432
0
1585
161
1620
1638
1652
4966
4992
0
0
6897
8763
13160
2739
0
6934
921
1669
0
9677
19274
1100
0
0
0
0
0
2755
0
0
0
0
10454
0
0
4660
0
0
0
0
5014
6503
5040
7073
8535
0
0
0
7123
12379
1463
0
7795
0
0
6769
0
0
1356
0
0
11724
4390
0
1416
3612
3621
4276
10318
13487
16165
1418
1611
1643
4427
1048
1057
8009
162
0
11195
4459
15691
0
8044
8868
6785
10533
18193
1083
12278
0
1089
10827
15238
19540
12032
0
14601
0
0
7829
0
0
10620
0
6334
3631
4545
14740
17936
0
5527
6362
7461
12200
0
0
0
0
10247
15399
7221
7069
7124
7475
17095
1473
0
0
313
0
0
17622
0
0
14923
0
0
0
1666
11397
8248
13835
17730
18190
0
6579
9386
6874
0
7545
0
642
0
700
0
0
0
17978
3346
4923
4947
0
3412
4973
8821
9724
0
13879
2317
18470
6881
0
739
0
3597
14305
0
0
0
1815
0
2366
2484
0
0
15374
0
16690
2494
0
2006
2030
4534
2044
0
16838
0
0
3670
6936
9556
17099
19066
1498
12805
0
7146
10992
1092
11018
9640
4395
19206
0
8108
0
0
0
9107
9132
16831
0
3163
0
3175
12785
0
7959
0
13373
2072
1922
0
3793
0
0
3200
3832
17032
0
0
8238
6491
17130
16874
0
315
3220
4701
0
0
4920
0
0
4777
10676
0
0
0
17443
14266
0
0
16981
0
1957
0
17668
18991
0
2519
0
2309
0
4973
5924
4496
0
4550
10796
5962
3693
0
0
6074
0
7773
7795
0
0
0
0
7833
9287
9864
12141
0
4043
6537
12113
6582
6603
0
12174
14618
19002
0
0
2759
8020
9173
9874
0
0
0
0
2775
10849
0
12580
0
1263
0
14355
0
6055
18430
2021
11527
2249
0
1311
0
0
19227
9562
19303
0
0
0
0
0
3367
0
0
12198
16570
6082
0
1518
1321
6873
0
0
6936
0
0
9074
0
0
2251
2066
12087
0
0
3412
6228
0
3568
0
18920
7918
14499
3589
13605
15801
17787
4605
0
7996
0
0
12867
1920
0
1527
0
1530
9117
0
0
0
0
1881
0
14778
0
0
944
963
0
0
0
970
0
0
1020
2924
2986
5651
6299
1627
4626
9011
0
0
1640
0
1656
0
7834
2376
6203
1033
17329
0
6245
0
13455
7260
9778
13588
9929
0
0
99
0
0
12932
489
13391
13938
14149
18059
102
494
5791
0
0
1488
11332
2036
1024
2885
513
14268
1508
0
0
5539
9704
9114
9602
14327
11286
0
0
105
0
4648
0
1512
9658
0
10458
5725
10952
7324
10567
0
1532
18244
1920
1988
9686
0
16056
11424
1851
0
0
0
4233
7183
7213
1134
0
0
0
0
3732
1687
9975
1708
0
3756
0
0
3781
0
17080
1732
3801
11110
0
3826
19277
0
11710
12233
0
0
0
328
1397
0
0
0
0
0
1419
0
0
15923
0
0
0
0
0
16717
16084
0
1150
1171
3843
1185
7480
10086
10901
7071
14648
0
0
1691
4565
4103
1464
0
524
0
0
0
0
59
7124
7411
0
0
1869
0
0
5858
0
0
0
0
0
10964
0
0
0
0
5664
0
15131
0
2104
0
0
0
16437
0
10865
6185
0
0
0
3168
2310
3182
3196
9536
8943
13877
0
0
0
4976
0
13176
1521
0
1585
18641
0
0
15458
0
5285
1593
93
9656
0
0
15759
1599
12476
13539
9588
0
0
11819
15977
10099
0
0
0
6713
2904
8974
9008
12996
1706
11605
11754
2999
15064
0
0
0
0
11510
339
0
0
351
0
0
3196
8126
0
3871
15133
634
0
358
665
5138
0
0
7893
0
12979
15191
0
0
3250
3263
3922
15731
5869
17712
0
0
9044
5563
0
0
2786
5617
0
13252
0
0
0
12574
3272
456
1374
18562
308
0
2513
5212
12312
0
326
13038
2587
10362
0
332
5732
7229
12854
10077
9875
15508
0
3614
1965
0
1996
12905
9285
16005
15086
17371
8527
15572
15671
5231
0
4664
341
6857
546
4485
0
13499
4510
0
16092
17935
13851
3009
0
4177
3067
0
0
0
3080
6893
3954
0
0
19675
0
342
3969
0
377
0
15687
5779
0
6039
18590
0
13631
0
0
0
0
0
0
0
0
10310
6168
0
3943
6374
0
0
0
0
13547
674
2545
0
0
14286
7253
1876
14706
0
18970
0
0
0
16053
0
13394
15116
10373
3188
8677
14942
19856
11430
2621
13125
18150
1470
0
7031
8697
10086
11501
15447
0
10950
11005
16591
1799
1813
11029
0
0
1865
0
4511
4526
1874
10997
11177
0
0
0
4561
5706
549
11959
16532
1638
0
0
8992
1646
0
0
1652
0
1063
1667
12004
16323
0
0
0
0
0
5522
0
0
0
0
0
0
0
0
1674
0
5531
9836
17759
0
17803
3261
18767
5562
18247
0
1915
6327
0
6185
0
1806
0
13912
0
0
16826
19678
19015
4088
0
0
0
0
0
0
9042
17311
0
0
0
8093
0
0
5183
15562
0
0
3368
0
10021
0
16130
9863
0
1636
0
5800
0
0
0
0
9961
0
5758
0
0
8135
3557
3570
4155
9619
0
4194
9246
3414
9528
0
0
0
4248
4263
0
0
10688
4198
14129
0
6577
0
8045
12868
12516
19452
0
0
0
15143
0
0
0
724
0
0
966
976
8326
0
1034
14993
12780
0
16188
8793
0
15056
0
3032
4231
10782
736
16919
19261
19504
17681
886
0
0
0
10933
0
0
8300
8368
0
458
0
9590
10445
9170
0
9485
0
13916
17810
0
1206
0
0
5575
0
7754
0
10567
0
507
9942
0
0
1044
9969
0
14906
10603
9305
9340
9362
5410
5633
14944
10829
12694
19546
7988
19708
6234
0
15903
0
10076
10095
9757
10115
10184
4930
15833
16182
4975
7328
0
12501
0
9903
4988
0
17221
7364
0
7798
0
10416
1977
773
0
10554
11477
0
13834
1491
1515
0
324
224
231
330
17442
0
19287
367
10043
293
6304
17663
10061
15855
2284
16027
5103
11645
2302
15192
16537
0
17832
2396
6513
0
10956
0
1282
16595
1626
264
998
6473
7029
9487
15663
0
0
6496
0
7056
5442
166
5485
0
179
9098
4297
9483
8761
15070
7089
0
4792
4818
0
0
185
1591
1028
2491
0
0
611
7563
0
0
7117
0
9801
1304
1630
10921
2309
4945
163
12506
3792
0
0
171
7495
7550
1629
0
5703
3845
0
16221
0
7796
9508
0
6646
1026
12668
13720
1911
17696
1933
1061
1068
2811
1082
7657
2834
14477
0
0
0
17553
308
0
0
17697
0
0
0
0
5761
0
7490
6901
5156
9169
14049
0
7408
0
0
11094
9281
0
5777
0
0
8092
14180
584
8838
0
0
8904
0
9568
0
11679
13231
0
13616
7727
602
14751
18099
18599
0
19867
15681
0
8244
15215
0
14544
0
11403
0
0
13192
8724
11450
11848
4327
18405
0
0
0
0
0
0
0
0
0
0
12202
15894
19136
0
11279
4589
4726
4747
4766
7185
7206
6796
16405
18828
7252
0
0
16049
7527
10341
14978
19407
392
15847
15894
0
0
0
0
0
7317
0
10368
0
0
0
0
0
7626
16754
7772
0
17743
19379
0
0
2816
15163
16231
19210
10987
0
0
0
1270
1293
0
0
0
0
0
2830
0
8584
9201
0
4067
4077
13555
7586
7641
1657
18849
0
3456
0
0
0
611
0
0
0
13929
4093
0
0
9537
0
0
0
15475
0
0
5126
682
2521
0
691
3477
995
0
4123
0
0
8965
5535
9230
9651
0
12471
14725
9887
9934
15829
0
8748
9276
13162
0
0
731
956
971
16856
18272
14645
9098
710
7092
11597
19846
743
17105
15766
15688
760
1023
1974
1987
0
19218
10253
448
309
5986
2030
8058
773
0
5553
6043
2803
7921
3796
0
6621
10751
1997
2018
8112
11149
16240
0
0
0
14997
4144
17958
4549
14709
1092
0
1116
0
0
0
0
0
1143
10307
1073
10469
12417
14755
18804
0
0
0
0
13461
3127
1082
0
2931
13041
0
6069
1176
8476
0
8518
0
10184
4493
3233
19343
17429
3266
18366
1718
0
5147
3285
15322
40
4864
11519
4908
0
0
17981
45
0
0
2225
0
8564
0
19404
10453
15550
0
5930
5962
0
8570
0
15609
17348
0
12911
0
0
2234
0
13859
4920
6569
3306
0
3341
0
6595
0
0
2246
0
0
0
14585
1663
15040
1687
0
2459
8698
0
15848
1728
0
0
0
18884
2489
0
0
0
0
0
8134
0
2507
14031
0
0
6003
8269
0
684
12280
691
11756
730
16888
0
6039
15730
4111
0
762
1048
15017
8750
14052
0
9043
0
9433
0
6622
0
1166
6814
11040
0
11440
0
515
14774
18917
0
14814
0
0
0
543
548
49
17498
0
7462
18161
0
567
0
9869
5530
0
0
9915
0
571
13212
14417
14165
16475
0
0
11005
11945
5567
15394
0
5898
11738
11772
13927
0
0
17648
11376
2176
51
11438
1231
0
17065
18293
0
0
0
0
6778
6083
0
0
0
0
0
0
0
0
0
14242
450
5708
0
0
0
15643
0
6353
0
5936
18662
0
0
0
0
3227
0
7262
0
576
3914
0
10369
10397
14620
15204
10743
0
7503
9489
430
14279
804
0
1074
0
0
0
1327
94
4405
13943
1135
0
0
0
1364
440
12709
0
1369
12763
13020
0
10423
0
0
0
18967
0
0
3374
1847
4439
0
3009
0
0
15134
0
0
0
0
0
13828
1544
2256
2271
7494
2033
12171
1565
5783
16498
11097
15742
16547
0
0
0
0
12349
0
3984
0
0
5428
0
1570
10369
4014
0
0
0
7512
11758
0
2187
2344
11804
14820
3314
0
7881
9534
9554
0
7288
13122
442
0
0
2514
15074
13251
0
0
0
10226
5035
21
38
1386
1425
0
873
6228
0
0
905
920
6633
0
0
1441
0
0
1538
91
1106
1569
6145
8215
1589
931
6282
2101
1166
5498
2818
5094
7799
8830
11159
9065
14431
2399
5504
1603
6679
2124
19481
2416
8148
6196
19506
0
1482
12388
11022
13615
2557
16949
0
8279
0
0
0
18476
9172
0
0
9832
17088
0
13314
2111
0
2134
8882
9894
0
0
2177
2844
0
0
0
5107
2298
0
9010
41
0
6340
0
85
13478
18116
13159
15089
19105
6376
90
16364
0
12395
8569
0
0
0
0
0
5529
0
16530
3400
0
6390
11245
19780
5624
0
418
12096
13693
18314
0
0
3728
11274
5770
12838
9911
2127
2150
2608
2628
7036
0
687
9949
12984
94
0
726
3660
3716
14237
12453
474
2159
11706
16351
0
5244
0
0
0
2600
17719
6345
16932
5228
0
2637
15485
3429
15797
16876
18327
15839
15883
2165
15549
0
0
18407
14342
19552
17243
0
11351
0
6916
0
2499
2209
0
0
0
2530
19411
19765
19868
0
4759
6964
13722
12700
14211
0
0
0
0
0
0
7358
2801
507
530
8616
202
0
0
10918
0
0
285
869
888
904
2182
5057
2232
6491
206
3309
941
16287
3482
8810
2853
0
0
0
0
0
0
0
5532
17667
0
327
0
0
4777
6486
8658
15113
0
0
0
6541
6587
0
494
7008
0
7404
0
97
11394
15561
505
13770
329
11723
0
573
11868
0
0
13843
2801
2828
0
15861
19162
16810
0
2887
2908
4848
6040
6541
8238
4565
13636
4592
13152
18028
6150
0
25
26
11595
4870
31
7191
1065
4084
32
2954
5358
5215
0
8207
5727
6586
2270
8240
7179
0
0
4109
0
13826
4189
8288
0
12037
14002
0
0
546
19808
0
17558
0
0
6394
14172
0
0
98
5999
12572
0
0
149
4459
603
0
621
9528
9566
0
0
0
7247
955
10336
9630
0
0
0
4391
0
0
1948
6942
0
1726
442
14729
0
449
804
1764
9096
0
12587
5209
0
0
0
1388
0
1497
1436
16435
1445
0
1786
0
862
1076
8101
1617
1994
33
0
1268
0
17412
34
1282
0
1648
4089
9630
0
0
0
4428
5275
5407
7671
0
13658
6466
8845
1712
0
2373
17037
2404
14966
0
7253
0
18067
0
14600
17608
18306
36
0
7329
0
8822
9146
3395
0
0
1720
10369
12349
0
4150
9242
13584
3521
0
17780
0
1803
1813
0
0
0
825
857
162
7202
1535
2010
15881
6243
8904
0
9645
10220
0
0
6265
11148
2494
0
0
5237
19909
0
0
5458
0
2558
18213
6250
8727
5427
15226
17374
627
8634
0
2256
0
2281
5141
2551
7493
5825
2582
8057
2587
4644
17945
330
4030
513
5862
8716
12514
17590
2532
0
18404
876
10044
7908
2107
0
2123
2151
0
18707
14882
5674
18179
480
0
2163
9420
0
14248
2228
0
0
6203
0
9104
15046
1290
2769
2264
2177
0
2293
0
2566
0
2812
0
0
9348
15180
4593
0
0
18265
2836
0
0
617
0
1844
0
0
1859
0
11490
1865
224
0
18927
0
0
4497
11828
1887
0
14382
4317
5009
10836
15210
0
0
227
8985
2579
0
18340
0
0
433
5654
0
6000
12887
12279
13528
0
4227
231
19052
0
0
2946
0
0
0
2959
5208
6321
468
802
828
11961
3617
7179
13132
0
0
13177
0
0
0
17543
842
6215
0
3670
6527
0
13481
0
6558
0
9539
8278
863
6740
55
0
5521
0
13891
0
0
18370
1077
2299
10669
1106
6591
12009
19359
3470
8751
0
4466
0
4276
18855
13957
18697
4293
0
0
0
14781
15724
60
0
0
0
10425
15050
7469
14281
0
0
0
0
15095
62
0
4529
9800
16493
4172
9507
0
0
920
17943
0
18203
1918
0
7731
8320
0
0
0
0
0
5865
995
8363
0
5588
0
5975
8132
875
1391
0
1396
1401
1412
7525
5619
1422
860
886
7673
0
0
1461
12532
1959
6001
2000
558
562
598
0
0
0
2332
2382
0
6486
621
6715
0
0
0
6736
7098
0
7734
9790
633
8062
12788
0
14722
8098
1118
4893
4959
5650
5677
9313
12813
0
10521
63
10237
0
0
9227
19878
0
13206
54
9362
10522
8810
57
7888
0
0
7908
15935
797
17790
9725
0
4097
0
0
4986
8874
10895
0
0
0
5792
0
17099
0
0
15680
5812
16970
0
16635
0
8232
0
1477
0
0
0
0
1569
2408
6673
9431
16173
1711
9577
0
16715
0
0
0
2771
0
11798
13188
0
4746
1720
14
0
6543
8604
0
29
1725
0
0
11107
0
0
2712
16040
2803
0
15933
17383
31
2768
0
0
0
0
0
2225
2259
0
6021
10570
764
798
16107
0
0
671
0
479
3788
722
7435
512
19457
12896
1557
0
0
975
0
7223
994
515
0
3501
2296
8238
16476
0
14865
0
12040
15947
16527
0
0
762
0
19478
778
8463
9223
0
0
6905
7059
0
0
7844
0
64
0
11719
2354
0
0
742
5474
5513
835
10463
106
17856
0
0
0
0
0
9476
0
10513
796
8103
1293
524
3168
0
7803
9351
14990
11772
5532
16092
18271
6712
0
8218
8246
8267
19528
0
0
0
0
0
0
0
1588
133
10802
14414
641
1591
0
0
845
0
0
0
17022
0
3392
19021
0
2213
0
0
0
0
2261
3426
0
19583
12948
17082
0
18949
7475
58
0
2404
4854
5046
14349
0
91
2026
4059
115
6327
13326
18080
0
0
4120
18904
11617
14114
7190
4916
0
6394
1265
0
10018
15265
139
17394
0
10769
0
0
0
0
1805
1340
10986
0
0
0
11665
3054
2936
0
0
3806
141
0
2978
0
11130
0
0
3890
1817
4758
4787
0
6940
6986
2071
2119
18201
3647
3998
11433
0
0
3007
15038
3689
0
0
0
1836
6127
5204
3954
0
6694
13633
143
0
0
12019
0
14255
1695
14895
18396
0
6657
1757
3246
0
3279
3321
10235
8293
0
4276
0
0
12046
14069
0
0
14568
14750
0
1779
0
4345
0
13041
0
3904
0
1167
19816
6656
7386
0
13963
14155
0
1226
13108
922
8677
0
0
15920
11581
0
0
9575
9543
13504
4796
0
7562
0
0
0
0
0
1045
19691
11161
0
0
2665
2687
687
1083
0
5559
2736
1086
0
3558
836
3321
3653
3616
0
3688
3717
2738
2775
851
6684
9750
4145
1377
0
1418
5603
0
16400
0
2982
6579
8380
17637
10236
16783
19045
11618
2462
7624
15300
0
17289
0
0
19440
10865
2843
15150
2727
18409
0
4088
0
396
439
9957
12594
0
2745
14826
144
0
3194
0
10131
1490
10520
16537
18593
0
1537
0
15786
0
19450
0
0
0
1541
0
19776
4133
1544
12475
0
0
0
0
12909
0
0
0
13918
676
681
0
0
458
0
12400
748
0
0
11283
0
0
1547
0
0
0
0
0
16652
17547
1607
0
5679
3292
10935
0
0
11598
578
0
0
0
2083
3541
3585
2279
3341
0
0
0
16806
2174
5567
15578
0
0
16311
7315
0
0
0
0
1696
14770
4167
1756
0
0
18784
0
0
1324
1346
17844
1966
8794
11458
12042
1355
12304
16663
19337
7974
8194
0
10001
0
0
10943
19428
12349
6286
0
10046
18051
0
0
10421
17693
14065
0
1359
0
4328
0
7980
16402
0
0
0
11774
0
1764
4351
10742
0
11808
0
0
0
6234
860
10715
0
899
0
17074
1984
3980
0
4298
9005
18723
0
1364
16082
31
0
0
53
0
75
0
0
0
5
19884
19926
0
16
0
17
0
3297
10173
16145
0
18994
82
2097
8375
4168
5551
8447
0
0
8489
14558
0
0
8510
2227
2482
0
9026
0
0
10964
4858
2102
0
2288
16976
0
0
9763
0
0
14400
0
3315
6485
3494
0
11344
18412
0
1768
0
603
6521
0
0
0
10830
11846
15615
0
0
10406
611
11410
0
0
0
0
0
0
0
6995
0
4291
1830
0
18
3630
0
6696
6720
0
10909
0
17316
5164
12736
0
0
6346
0
15084
18366
15220
0
13835
3401
10264
18112
0
10289
15265
0
0
0
0
15715
4393
1891
0
1788
0
0
0
5644
10576
12929
17802
18500
1803
1047
17374
4974
0
630
0
5186
1946
0
0
3026
1825
0
0
4686
0
0
0
1964
4175
0
4770
0
3044
8226
9115
13928
3447
12972
0
633
0
10628
7985
10464
0
14594
0
0
232
0
10969
0
0
1864
0
0
1764
1806
1886
1812
11014
2832
11266
12606
0
11065
0
0
2859
3862
0
14739
0
0
11144
11970
11995
0
0
0
0
0
12775
0
0
0
1622
10797
0
0
0
932
1627
0
0
1634
1643
9913
9779
0
0
1093
1672
3955
8423
8813
13905
9967
3969
1136
13585
14460
9989
2028
95
0
108
0
110
1504
15513
2071
15962
0
0
16365
5746
5765
0
0
0
0
114
0
1391
1706
8149
17991
7336
10164
18785
0
0
1072
0
0
0
1082
0
11847
0
0
11945
4001
0
0
0
0
14351
1210
1413
0
0
0
122
1019
1758
0
19528
13778
0
0
0
1531
1553
0
0
3053
0
6486
0
0
0
125
0
6525
0
1094
18856
1219
1567
0
46
15101
80
0
0
0
0
6179
9308
231
249
4540
6616
6647
2680
9656
11109
94
0
0
9687
266
0
0
279
284
0
0
1332
104
1773
3366
0
1344
3551
11467
0
2926
0
3343
1371
5673
0
9089
0
3408
0
9831
114
135
587
1279
10681
9850
3590
144
4839
13933
16953
0
15676
661
9221
9203
9229
9720
11179
18954
0
0
0
1573
6265
0
9206
0
6947
0
0
0
0
159
7996
589
13305
0
627
0
656
0
6980
667
0
3651
0
12314
4152
1868
0
0
1351
0
1522
2408
1537
5328
0
0
0
560
592
606
2446
0
0
617
0
2979
2948
3020
6198
622
7179
161
5370
16822
8050
162
16600
11627
9861
17805
14824
3855
0
10052
5770
1972
0
17888
0
5724
8934
0
0
12576
0
12382
3919
0
2087
653
4821
6069
628
0
677
985
5308
16993
7629
0
0
0
4708
8957
1007
0
0
693
18280
1378
19584
0
3088
4574
19334
3620
0
0
6636
0
2305
17564
1676
7929
0
6147
0
4325
10815
19425
0
0
8998
331
6569
5044
0
5093
0
2870
2899
2911
9491
2920
9590
0
1702
0
0
1728
2768
2792
4663
11068
11728
2930
2834
0
1735
332
3556
4705
335
6594
1421
12351
0
6661
12629
10020
11121
14745
11777
17401
0
212
5530
254
0
5907
260
6564
3354
0
1369
3045
262
0
0
0
263
8353
1245
10443
12869
9429
0
3429
4529
0
4569
3591
6080
17982
0
0
0
3110
19119
6590
0
0
0
7241
1702
0
3238
11638
3141
0
9039
17800
4644
0
3182
0
7807
19759
0
0
18837
3246
0
0
9230
0
310
9103
0
0
0
0
0
0
9482
2187
9502
19119
15948
0
1160
13835
4671
0
12361
0
5266
0
0
0
264
1707
13087
389
1768
13888
5635
396
10658
16194
13211
0
8842
15784
1781
4302
3554
17527
5676
9399
7494
1032
7384
12412
1910
6627
0
0
0
0
8073
1928
18694
0
0
0
8564
1791
0
0
4367
0
405
0
0
6699
18174
1310
1583
1184
12610
1943
11238
15319
3577
7021
0
7475
0
0
1877
5243
0
2989
1240
3001
6372
0
0
2196
19418
6395
7501
665
0
1606
1544
9382
0
1619
6926
8460
0
9828
16544
1638
3887
19097
1646
19490
12719
0
0
4411
14492
7754
0
13133
1572
0
1610
0
9330
423
0
0
1658
477
5377
0
10107
12160
0
16756
0
17367
12685
4442
0
19884
4036
14223
0
4846
2248
4865
4885
3604
17172
0
9455
10291
0
15899
4750
0
6242
0
0
10332
15995
2118
2006
17050
2024
2031
2040
8623
19718
0
13098
149
168
18563
176
0
0
0
2192
0
5561
13979
13210
17031
6947
14081
14569
0
0
3148
19094
2367
0
0
0
0
0
6806
2493
379
0
0
3166
3185
1816
1357
2871
2909
3293
0
3330
16986
17030
4702
0
0
0
17491
61
8414
9952
9982
66
2150
6107
0
8067
16113
0
0
7589
3816
0
7611
1638
16156
0
72
3761
0
2943
0
11866
0
14116
0
14676
5899
0
0
0
0
8474
0
0
3578
150
2172
1655
0
6603
11795
0
1304
0
1312
8169
0
11383
0
15361
1324
0
0
2209
2219
9341
0
0
0
2915
0
0
0
16339
0
16377
12034
0
0
0
0
0
0
0
0
17191
9183
3798
667
0
2531
2558
2604
0
10521
19423
0
0
0
9187
14817
0
493
535
6656
6327
2925
6709
13434
13003
1482
19396
1493
1345
19881
0
0
0
0
0
11207
0
17692
0
3534
2615
1674
14576
3550
12314
0
0
0
0
0
8325
4385
11062
1352
18459
0
0
0
7038
838
840
0
0
0
13376
0
0
844
848
14135
2962
5603
11114
15050
0
8081
4729
11605
0
7277
0
15090
0
5828
2945
6039
0
6168
0
6917
7130
0
7173
6216
9818
12650
7208
12695
1357
0
0
0
2390
0
2394
12873
0
14616
0
13434
6943
0
553
3611
4646
9592
0
4703
11693
0
9572
7328
19642
10034
15016
4714
5487
18193
0
14294
0
0
0
0
0
0
2605
0
0
2617
886
18176
0
2190
0
10844
2212
2227
0
0
0
0
2247
0
0
12519
0
0
8403
0
2922
0
2378
571
12589
3765
12624
3015
13220
0
2412
18888
3427
0
7294
0
905
662
3908
9976
3958
15123
0
11272
4838
10905
11425
6585
12894
18623
19088
0
0
14343
0
0
10945
14689
922
0
14385
15722
14798
2703
0
0
18320
0
1008
1316
1331
6393
0
0
4574
1014
6434
11549
14765
11689
0
0
0
1280
6169
12880
0
2375
2860
924
2884
3942
5263
7370
7425
10000
3739
1307
17560
0
2563
10444
10469
13251
2522
0
16523
0
0
18850
0
3817
7489
0
588
10043
10666
0
5540
4163
6054
6088
9049
3963
0
649
0
4043
13886
14720
8189
0
476
0
0
0
0
0
0
16864
0
494
2956
0
0
0
7081
9094
0
0
520
538
655
0
0
659
10177
2992
926
0
15585
12374
11122
11976
0
0
843
847
12973
0
850
0
0
0
14563
0
17005
865
5542
0
4304
0
4665
16483
5578
0
8690
9577
10437
9597
2823
10480
9022
9875
15416
7232
16340
2553
11918
0
10718
0
10497
19388
12132
0
0
12246
0
1448
7367
7391
0
13855
3767
0
0
18929
0
0
411
4338
19447
4386
413
415
14241
0
14301
3128
10987
13080
4406
0
18003
421
6747
5362
17982
0
0
18690
0
6794
0
0
0
19891
1502
4193
9272
895
13397
10193
0
9060
3437
3458
0
1507
19338
0
13441
16904
7829
16814
3486
0
1024
14399
0
6823
17052
3474
3493
6018
0
3506
0
6922
500
1164
15154
860
14253
18812
17235
0
873
0
1104
1188
1229
899
1123
907
6783
150
9704
15886
0
0
1255
0
15720
11898
2873
2887
3003
0
2961
1139
0
0
0
151
0
5828
5198
14106
16998
5861
0
4108
7305
0
0
0
2617
11961
0
0
16247
0
0
0
0
3883
6947
0
0
9100
2711
0
4179
2828
5890
0
1315
2843
0
0
9326
0
14533
6801
0
13719
2907
9770
0
7261
0
3515
3898
11435
3019
0
16136
0
0
0
0
2322
0
0
0
2339
2352
9144
0
2366
0
16156
0
10490
0
15564
0
2064
3948
7330
15776
15839
0
7396
18557
18866
6573
0
2493
14560
6597
2122
0
2134
8387
6650
0
0
315
368
388
7042
7089
11730
394
3291
5540
15807
5571
0
0
5596
2112
15397
0
2499
15235
6922
16121
4363
5605
8366
5665
406
1921
15812
1943
0
2579
11063
0
6099
0
0
12310
1949
8420
4390
9129
11097
5318
11621
12886
15474
0
11781
0
0
16896
0
0
0
1274
12325
0
18950
0
3758
0
0
14638
2506
7146
16579
0
1390
3525
0
4692
0
759
0
7590
825
0
6211
13976
14696
0
15457
11515
15483
18705
3607
0
0
4706
3688
3966
0
7494
0
0
0
3724
4009
15892
0
4347
0
0
855
1776
0
1783
0
8249
12756
1343
0
0
1347
1356
4820
987
0
7817
0
0
19096
1826
0
17048
1372
1831
0
6792
0
0
1881
0
0
0
1901
10646
0
5358
5389
1377
1953
1964
6358
0
0
19152
2441
0
4370
0
5772
8299
9055
15990
7230
10045
17709
0
0
8679
11635
0
0
0
0
154
13422
8696
10701
0
0
0
18124
897
5314
18082
0
0
13028
0
944
0
8472
0
5575
5606
14049
13089
0
0
0
4405
12457
5633
395
15100
0
0
0
0
18317
457
0
0
0
0
7869
0
19568
0
2052
2103
0
2848
0
8495
2117
4392
10056
16189
17169
473
0
18776
11910
2113
2127
0
2153
0
0
0
0
11091
0
0
0
1499
2202
1538
4471
2180
4432
3744
7940
1524
0
0
4490
0
8086
12028
1005
476
950
0
0
12955
0
0
0
0
1571
0
4296
0
0
4335
12217
4040
4060
18824
0
0
4347
0
0
0
0
255
311
337
10717
7119
15204
15247
0
782
7787
0
0
15046
0
0
0
0
11949
0
0
12770
0
10358
4359
0
7989
0
6953
1277
10397
0
12236
0
0
0
0
7011
21
0
11324
26
0
37
15997
12425
0
0
12525
15044
15757
16092
16208
0
3752
0
7024
0
6355
40
13601
41
1449
1516
1531
7326
47
3782
18301
0
14643
6729
4485
7183
16927
0
0
7206
49
9114
7807
0
2662
14948
0
0
0
115
0
138
0
500
527
2686
171
0
10977
0
0
2237
0
8325
52
2273
17779
19407
17084
0
0
0
0
0
0
10539
2287
567
0
3243
0
0
0
1313
0
2986
0
4393
3254
1073
798
13068
5208
1118
14068
11175
5228
0
13429
0
7771
14245
0
7842
0
16107
1124
8987
0
0
8402
1589
9589
16034
0
7179
0
9840
11670
0
9298
3017
3793
4520
0
730
9913
0
1051
0
0
0
7796
9946
0
354
373
15968
16361
0
413
17120
0
0
0
0
0
0
0
0
180
3690
0
1089
17387
0
18001
0
0
11154
0
805
5479
0
809
11194
1013
951
975
19342
0
15582
982
9359
4940
0
5295
887
904
936
17621
4712
4751
0
0
4775
9952
0
14738
0
956
0
0
0
0
0
0
3444
13450
0
0
0
3469
1311
8311
17260
0
4994
0
6665
0
3427
9073
0
8892
0
7853
14208
7915
14895
18042
348
0
141
0
144
197
3530
9260
2668
1006
12386
3463
0
8572
8590
0
13091
16830
9172
8147
0
0
0
5329
0
9718
0
2875
9780
11622
0
16610
969
16718
0
0
2947
18112
0
0
1448
1107
0
0
14604
0
1130
0
3605
0
12827
0
3629
0
0
11233
0
0
5372
0
14639
0
4987
3659
0
5727
0
19133
57
15832
0
68
0
5728
0
4792
0
4364
15213
5784
0
3868
8051
93
4815
10857
0
0
5415
0
0
0
0
6172
0
8599
0
1527
9753
0
7779
0
5
3898
10481
5333
28
10477
14032
2976
2997
29
3911
15256
16243
9676
18582
0
7086
13110
0
0
7842
1385
11462
13147
4284
0
0
0
11224
4354
0
0
19112
0
2412
8937
8963
0
8990
0
9851
1573
38
13652
7077
0
0
102
3193
0
2187
0
0
0
0
5533
0
1505
1390
18453
282
4118
413
18054
4475
665
0
235
3223
4717
0
310
691
0
755
0
9083
16453
764
9701
244
1629
7126
252
2249
14389
0
1436
9440
4292
9625
13993
12167
13707
15023
17857
3391
0
5209
14096
0
4763
0
5578
5345
18106
4315
3014
4182
2604
4209
13712
4239
16058
5639
0
266
11052
0
4889
0
0
15745
0
19347
8041
5787
2199
0
0
0
14821
0
16286
1445
10438
0
0
0
14268
0
15617
4365
269
0
0
0
961
1008
11350
0
0
5385
573
5820
0
7291
13846
0
16710
14409
0
17529
5017
0
17566
0
2665
9809
14534
2452
0
8109
2551
0
3705
3716
8011
8042
3750
0
8932
9885
10183
6460
10753
58
94
17464
0
4733
107
6545
18966
114
3470
12989
3485
6477
9853
4438
17016
7866
13580
14770
4750
1589
16723
17043
17727
1239
18240
18165
0
14430
1037
165
0
893
909
17667
2357
0
8652
249
18730
0
10791
0
0
255
0
5423
5445
11345
431
0
0
0
0
0
19036
9147
0
19195
0
0
0
6508
0
705
122
5166
258
815
0
15090
11514
0
16937
0
0
0
0
0
65
5494
12033
1144
0
2457
0
2473
84
0
88
0
1275
0
14661
12066
2502
967
1061
6674
0
11474
0
17676
0
0
3140
0
0
2307
0
0
4528
3193
1024
0
0
18819
14207
3880
13864
3911
9701
0
3924
19841
18366
1619
8921
5870
8961
0
15616
12197
0
0
2516
6272
15246
0
1005
15859
19387
3225
0
787
1398
14688
0
12780
0
0
12939
14763
0
5941
6296
0
6312
9431
0
0
0
0
8553
15082
0
0
19269
162
6711
0
18104
0
0
6531
0
0
19259
0
3133
16627
11661
3186
0
4179
92
8116
12908
2961
0
0
848
12983
0
0
0
0
0
167
12398
4013
0
0
13312
0
8965
17757
0
4757
17174
4941
3854
12450
12184
0
0
4994
0
205
6097
0
0
217
6146
219
0
0
0
856
5799
0
868
0
6919
18241
6952
0
3961
4908
5979
1107
1960
3987
6022
3743
0
0
8649
4211
0
4946
4011
870
12310
0
14755
0
12415
0
1061
0
859
2147
0
889
3405
2062
17654
2195
10213
5870
0
0
11183
2085
5893
0
915
8071
0
8592
0
0
11987
11569
0
11677
15063
4439
15097
9019
9797
0
13930
12257
15142
12500
0
0
16308
0
0
0
0
0
0
0
0
0
0
0
0
917
0
1779
1037
17069
17757
10069
0
0
0
1054
0
14111
0
0
1855
7450
1779
5509
5539
19698
1149
2506
19359
6698
0
589
0
1161
18471
0
0
2549
10980
12868
0
1176
15632
0
0
0
1187
2628
2649
3754
3881
0
3817
16462
15197
0
19433
0
0
19504
0
0
0
0
972
0
0
1812
15400
16128
0
0
17429
1030
1057
0
0
13170
1074
0
0
337
0
0
464
0
0
0
0
0
0
0
2692
19929
0
0
4979
0
0
0
6733
0
5555
0
2847
0
0
273
6780
0
6826
5685
6492
8971
2584
6589
6626
6653
18947
0
3359
3390
0
0
15665
10663
11883
0
0
3400
12816
16146
0
14513
0
0
4760
0
8110
10426
0
15775
360
10465
11565
0
8609
6897
0
10313
366
11460
0
0
10059
0
0
9265
0
17185
14306
0
0
0
8547
11636
0
6755
676
702
13701
17369
476
708
0
17532
724
9296
0
0
0
11136
591
0
732
746
0
1159
754
3511
7717
15010
3377
3413
0
3011
6857
1114
6189
6895
8861
3052
3060
8394
11867
7880
16931
7224
3570
0
6897
674
11752
9682
0
3517
0
0
15463
0
3541
0
5901
5937
5968
0
0
7688
16339
9873
0
1784
17233
0
4267
0
10683
681
0
683
1803
0
0
0
0
0
0
0
5887
0
5946
1073
0
0
5259
0
4714
8461
0
1593
1616
6272
6295
3580
8521
9400
0
0
0
17877
0
0
0
0
0
697
0
6120
4739
0
5656
761
5701
0
6149
0
1076
11686
0
0
0
3192
0
0
6328
0
4026
0
0
0
0
4440
19672
0
12430
4459
12657
2272
0
14425
0
5159
0
0
484
0
0
489
10363
0
10503
510
14025
16028
10557
18814
0
0
0
2860
0
0
0
19635
0
2197
7675
515
4530
17642
0
0
4572
0
11514
0
0
0
0
0
0
7098
19679
0
13741
10227
12442
0
0
