1
1717
5096
6083
14989
19916
24121
0
0
9590
6901
0
21242
11862
0
0
24329
14934
17850
12419
0
0
0
15352
15934
0
24181
0
19961
0
0
2008
3890
23179
0
15250
0
0
0
17900
0
20346
393
4015
23625
10744
0
21862
0
0
0
0
0
0
0
5370
0
0
0
0
0
0
0
0
0
0
24158
13628
0
0
0
0
0
0
745
0
7362
0
0
8273
0
8279
14950
0
0
23527
13026
19280
6292
0
24738
0
26878
10166
0
0
10399
0
0
0
0
0
0
0
1496
0
2270
0
2773
7445
9589
7970
13333
20777
8273
0
0
0
0
0
0
0
0
0
11253
0
0
0
0
0
0
0
20929
0
0
5515
9116
0
0
0
0
0
0
0
0
0
1401
13501
15413
4329
5513
0
19407
22141
0
0
20471
487
0
7408
0
15416
0
6064
21265
0
0
0
0
0
0
0
0
9413
12428
3466
0
6024
0
15018
3974
5134
10761
15595
21459
0
24394
25528
0
0
0
15015
0
0
18945
0
6665
6854
0
0
0
0
0
10258
0
21873
3677
6405
21113
681
0
1044
0
0
11673
0
14011
0
0
17169
0
0
4932
0
6259
14787
0
0
1807
25687
0
0
0
6245
7676
11842
17720
0
0
0
0
0
0
0
0
0
14868
0
424
6522
6613
13481
20274
0
0
0
0
0
0
22334
0
0
11990
13294
0
0
0
0
0
19826
7731
0
0
0
10790
8607
5936
11566
0
3474
21887
0
8275
0
0
4879
0
13352
0
0
0
19729
0
0
0
3098
5000
6961
0
0
11053
12095
0
0
0
0
0
26742
0
16451
22644
0
0
0
0
0
14409
0
18423
17489
14109
2843
8341
10445
18964
15050
0
0
0
0
0
0
3162
0
7716
10570
13444
3060
0
11732
7783
8852
9071
20908
17090
0
0
18886
21911
10211
0
0
0
0
3343
22349
0
0
1613
0
7665
9638
9705
8993
0
13250
21653
0
0
0
0
0
0
0
0
0
0
5380
6456
8691
13779
14294
15437
1866
0
21558
7403
0
9895
22953
0
26915
0
0
0
1754
12350
0
4447
20547
11588
4647
0
0
10347
10845
0
6218
12268
7944
0
0
81
8929
0
0
0
14909
0
1735
0
0
0
0
18610
3498
0
1581
3560
7604
10712
0
0
21955
0
2778
0
9426
6325
14545
12821
0
0
0
0
0
0
5678
0
20494
15533
0
0
5254
0
21138
0
0
26323
0
6262
0
13253
15530
162
19956
0
13942
1396
0
5911
18372
2604
0
2688
0
2999
26631
0
0
8325
5644
12819
10430
9239
1912
6115
9024
16124
0
0
0
0
0
0
0
0
0
13729
2455
0
8897
19988
22158
16799
0
0
15281
0
10547
13867
19360
0
18688
0
0
0
0
20801
0
12481
789
0
5392
5460
0
0
9099
18599
21569
20611
14766
21822
0
6726
13956
0
0
0
25574
5476
7001
0
0
0
0
811
2591
22748
0
9647
0
0
0
18514
18707
5189
10724
2402
3854
3999
8579
12550
0
21415
0
2327
4715
0
15797
0
9975
22827
0
0
0
492
0
3335
3542
12381
0
3727
3588
9974
15105
0
1290
9226
0
0
8215
0
0
0
8747
0
2789
14813
0
2990
3673
3720
12347
20755
0
5653
3147
6073
0
14490
17792
0
0
0
10858
11463
16400
0
17472
0
0
19100
0
0
6364
0
3254
0
6146
0
1494
1997
8307
12536
0
0
9524
17665
21587
0
0
0
21730
1192
16115
14863
9328
0
12549
10177
24773
0
0
0
5417
10753
0
0
3229
0
4434
0
4719
15699
6398
13557
9396
19297
13572
0
7953
9439
5403
0
5725
6876
11227
11798
0
1465
2574
3899
7989
12174
1066
15759
0
5449
7713
0
23330
9335
0
12347
6837
18017
0
9462
10229
0
0
4378
11917
0
545
1222
4195
4434
4666
13168
0
0
5186
8804
0
5752
0
7316
0
0
0
0
0
0
0
3477
17917
20715
0
80
1561
4806
6852
0
8497
0
16816
24603
2495
4413
0
0
0
0
0
0
0
1679
0
0
10084
0
9476
0
6245
0
23014
0
0
11443
15618
16975
0
3197
6109
8926
15281
12467
13723
14139
11693
11609
11205
11282
0
7123
1571
8720
0
4619
1682
7957
47
16222
0
21509
0
0
3323
0
0
0
0
0
0
3394
0
2823
21719
3384
5220
1492
2879
0
10241
13247
0
3006
0
10770
4935
7532
11032
12617
14597
1067
0
0
5486
0
1522
0
5690
0
16864
1782
0
2779
7883
19639
9551
12303
0
0
12101
11657
12002
0
0
37
0
1900
3284
8238
15090
19478
0
0
0
0
3788
7237
0
0
0
0
0
11494
2639
0
2956
0
0
0
0
0
6543
20058
0
0
0
26696
0
0
16184
0
10077
0
19288
0
8060
0
12914
13950
0
0
0
6495
0
0
10755
6153
0
18513
0
0
0
1878
2177
0
0
17607
0
0
12332
0
17458
3410
0
0
0
0
6127
16981
0
22582
0
0
0
12862
12703
0
28341
521
13088
3870
5256
14696
16886
0
0
19307
0
22285
0
2272
0
0
19257
26093
0
0
0
4989
0
20888
0
0
0
0
1141
0
7046
22390
17600
0
26440
0
18623
0
0
4339
18518
5382
0
0
0
0
0
8356
0
22801
0
0
0
806
9138
10355
0
22331
12632
0
19795
14260
0
0
23144
0
0
1204
7360
15342
0
0
6642
0
13541
0
0
0
16662
20281
0
26580
7855
0
8560
0
0
0
0
0
0
8239
0
15492
10643
0
0
7143
9627
16062
0
25422
0
0
0
185
1068
0
6201
18615
0
19410
21435
10002
0
0
0
0
0
0
0
0
0
7127
18325
6374
14071
1603
21318
0
21757
0
0
0
6811
0
0
0
0
0
0
4103
0
0
12179
9393
21428
14523
3356
9293
10809
8308
0
12711
7457
20706
0
22358
0
24702
3744
0
5753
10514
0
0
0
0
0
0
11386
0
4693
5281
14355
14371
9631
22191
26765
12841
0
0
0
0
9641
12709
0
0
18482
0
0
0
6138
0
0
0
0
3327
8926
0
0
0
15812
13907
0
0
0
4889
0
7037
8556
4448
11208
18201
21289
0
0
0
0
0
0
0
0
0
10912
5426
0
26018
20642
0
0
11999
0
0
14108
21200
0
14832
18055
7124
10458
458
4419
4390
0
5375
7906
0
0
23035
0
4245
5400
0
9118
0
0
5473
18170
0
12781
9386
16511
0
0
6807
0
0
13699
23520
0
1202
13890
0
0
0
0
0
0
16235
17504
0
0
0
22964
0
0
17575
24434
13789
17231
0
0
22273
23257
0
0
0
11515
0
0
0
0
0
27998
0
18227
0
22592
0
24649
0
0
0
16977
19472
20610
0
1486
0
23089
0
0
0
0
0
0
18452
8322
0
20282
0
0
8624
0
0
16801
0
26461
8298
11165
0
0
0
6637
0
13089
6445
0
0
0
0
11025
0
4620
0
12688
0
0
0
1286
2565
0
0
23488
0
0
4527
5447
0
8483
17158
9048
0
0
9768
9148
0
0
9302
9510
0
0
0
0
0
2399
6318
0
0
11113
0
22438
0
7630
11957
0
6797
0
12646
0
0
0
0
13079
0
0
0
0
8774
0
0
0
0
9904
17562
1035
0
0
0
0
6444
0
13072
5379
0
0
4455
193
6386
12716
0
4510
6659
8075
0
9604
4019
1583
0
16211
0
1825
5282
0
5353
6237
0
8918
0
25083
20029
0
4424
0
5308
0
5325
0
6545
18246
0
2074
0
4207
19813
0
5198
0
2015
2435
6127
6186
20122
6889
10502
11787
0
0
0
13756
14028
14840
0
0
0
17832
0
0
0
17743
1448
0
0
5713
0
0
4972
0
0
0
15825
0
1658
0
5536
0
0
0
20067
8908
9260
14482
18694
0
2894
4613
9665
18624
20492
9423
0
0
0
24014
0
0
11394
0
0
7831
0
0
1495
0
0
0
7906
4545
14714
7416
0
11761
2175
10036
14383
0
0
5311
11475
0
0
0
16322
0
0
0
0
13076
15202
0
18119
4875
8520
1443
3228
5835
0
7141
0
9130
0
0
8722
0
0
22348
11281
12076
0
0
0
19072
0
0
0
9582
12070
0
0
19377
0
1174
0
789
6619
12443
0
0
11845
0
4308
8265
0
0
15007
806
0
3844
0
18899
11747
0
12203
0
0
16932
0
0
8563
0
0
11567
0
11527
13139
0
16090
0
26614
0
0
0
0
0
4992
21902
14239
0
3980
0
0
4448
7360
0
0
0
0
24610
0
0
0
0
6317
10501
5327
7978
0
0
0
0
15435
19965
16588
24484
0
0
0
0
5240
5601
15730
0
0
0
21978
0
4947
1401
6820
6661
10008
3139
0
0
14753
0
16471
0
6534
16829
3753
0
2384
7567
9215
0
11430
0
0
25733
0
0
6598
0
6864
0
0
0
0
0
0
0
7806
0
0
0
0
0
0
600
3150
3700
0
9306
4460
8691
9677
17828
4646
0
0
5661
6868
9451
0
0
14708
0
0
0
0
0
21678
25048
2707
0
7407
9830
0
14972
0
6310
0
0
9403
17184
0
21171
0
17444
0
2905
21267
0
4878
0
0
0
6290
0
0
0
0
7057
7737
12706
13663
17200
5214
18862
10505
0
0
9714
19712
14098
14669
25330
0
0
124
545
884
0
3238
12440
0
17363
11898
6787
18881
0
8916
7300
0
15610
0
19116
0
24920
1361
7484
16909
19582
0
0
0
5555
16474
5908
15153
1148
5982
8311
23881
0
13004
0
0
0
8540
0
0
0
12321
0
0
0
17123
0
0
6486
18647
0
0
12748
14120
0
0
0
0
13555
0
0
21451
0
18707
0
2728
0
0
649
7873
0
6154
0
0
0
5550
6869
12586
3849
0
10135
0
1350
0
3636
0
0
17962
23682
0
0
0
0
8053
18481
0
0
0
13893
0
0
0
0
7561
8774
0
9608
11595
0
15495
20510
0
0
24779
22473
0
0
0
0
0
4435
8607
0
8032
11802
0
0
0
0
0
12911
0
0
0
13572
0
3222
0
0
5695
0
1118
9775
0
19432
0
21549
0
14853
0
0
0
0
7949
10260
0
0
969
16203
5737
20002
6784
10762
23058
0
0
0
11569
11996
0
2755
15567
0
19080
22217
9004
8151
0
9572
0
0
17695
20276
0
25364
6354
0
0
0
10593
0
0
7861
12811
16026
0
0
259
23604
0
0
0
728
0
0
4284
0
0
0
4407
0
5211
9189
0
0
0
20252
26521
0
0
0
0
3410
0
0
0
12003
0
0
12752
0
19933
0
0
0
27318
0
0
22875
0
0
11302
13026
14272
435
7096
11569
0
0
0
3173
16369
25329
0
0
17224
22862
1636
0
0
3059
0
0
18579
1210
1270
3923
0
7329
11734
0
0
14381
1257
0
13008
0
23850
0
1095
3081
0
0
0
10573
0
10876
0
0
16490
9964
0
24626
0
4736
0
5305
0
0
0
2905
0
0
0
0
12001
0
0
1895
4412
0
23584
0
0
0
0
0
7262
0
0
0
709
11777
12872
11952
3476
4616
8435
15869
16496
389
603
1239
8350
0
15176
0
0
0
0
3818
10491
14611
0
23463
0
0
0
0
925
0
0
0
3510
20324
0
0
0
0
9875
0
0
22542
0
24349
10507
0
12431
0
0
15764
0
0
980
18083
13743
1006
15079
7057
930
1820
7505
4686
8266
6030
8877
0
17693
22758
12224
0
0
10820
5811
10909
21280
0
0
0
7622
0
721
2111
0
0
4369
0
3799
6708
7090
10111
8339
2976
11521
12501
17714
21224
4803
9352
1405
0
24151
15753
0
0
0
4158
16888
0
5602
0
0
11449
18365
3857
5450
22886
15017
2758
0
0
19464
0
4527
0
0
5922
0
0
10750
0
0
21053
0
0
24530
0
0
0
0
11221
0
0
0
0
8743
0
0
6825
481
3282
14214
5528
9920
13209
18372
0
0
5875
8038
10226
11594
13432
11606
2729
0
0
4112
6127
0
0
0
0
0
10723
0
7213
0
0
0
18061
0
22573
0
0
0
12530
0
0
0
0
0
0
26688
0
14105
0
5314
3955
3851
8873
10355
1831
14847
10000
18074
12289
20225
0
0
9421
10530
0
5921
0
0
0
0
0
9990
0
0
2139
0
16293
370
748
8893
4341
2732
5631
6976
7295
10660
12925
13937
9891
11935
19348
14125
0
0
0
0
7360
19546
724
0
0
4243
0
5873
5347
5980
6480
0
11124
0
0
0
19940
7455
8018
0
0
15704
0
0
21154
16560
0
0
26303
3998
0
0
4096
0
0
0
0
13848
0
0
0
0
6157
8360
10743
17081
0
16250
11499
18513
12919
0
0
0
7205
0
24334
0
4109
12204
0
0
0
0
0
2264
13649
0
0
6811
7775
8575
16126
0
9545
0
0
16354
11072
0
2709
5389
24384
9261
0
2211
386
11247
0
0
0
0
0
0
0
199
0
10862
0
4535
0
0
0
0
0
0
4251
14915
19077
5200
5739
0
6619
0
6829
0
0
7041
0
0
0
0
0
0
18295
0
23731
0
0
0
0
8532
0
0
0
13928
7645
0
11059
10739
972
7370
20493
0
0
0
21935
0
0
24973
0
0
0
0
1484
2086
12054
0
13720
0
0
14989
18578
0
0
0
0
3089
20049
0
0
0
4801
23276
0
0
0
0
0
0
10138
8533
4921
4382
12154
22579
14499
13436
0
0
15279
13855
5959
0
18771
22779
0
0
0
0
0
0
1711
17792
0
4064
20568
0
4427
0
0
0
10379
15309
0
11000
14479
0
0
19494
23225
3102
16506
0
7191
13764
17841
0
5693
0
0
1141
16630
1575
0
0
2147
0
0
0
6534
0
0
9324
3288
128
0
8689
0
19055
0
7090
6210
0
11145
2012
22984
5758
0
0
1571
2684
14731
0
0
5343
18823
0
0
0
0
0
7321
13671
0
0
345
0
1387
214
3923
4136
0
5918
7640
0
8030
12299
7285
0
0
0
0
0
0
0
0
8096
0
0
0
0
0
0
0
0
0
0
8622
10249
13106
18747
20040
0
22158
23895
0
23870
0
0
0
0
0
0
12274
0
7133
16170
0
0
12850
24663
0
0
0
5021
0
0
1402
0
4675
0
0
0
4836
0
0
6209
0
7229
0
0
0
20009
12903
0
158
0
0
0
0
0
0
11294
14040
15022
0
4714
0
4639
0
0
0
7690
16333
24768
0
0
0
0
2118
11908
2078
13109
15245
0
15426
4923
0
24685
3617
0
0
15063
4564
12506
0
17595
18355
0
0
0
24234
20363
22212
0
982
16987
21823
0
0
0
20155
0
0
0
0
6225
0
0
0
8610
12494
0
0
22092
0
0
0
0
0
3373
0
0
0
4971
0
0
0
8474
14947
0
0
0
17660
8919
1644
6290
3956
20612
15058
0
0
0
0
0
0
5621
17661
0
0
16474
20293
22094
23597
24387
25430
0
3816
4655
15704
0
0
5239
0
20636
0
19280
0
25201
1423
0
0
0
0
0
0
4073
8283
0
0
5429
9618
14595
17461
8959
4528
16494
5253
5796
10595
0
0
0
0
22233
0
0
0
0
0
10259
0
21111
6221
14814
10694
23079
22068
0
0
0
22622
25341
27028
9257
0
14070
0
18130
0
0
0
6400
0
0
0
25619
0
0
0
6940
0
3724
10879
0
0
19337
4234
5845
0
244
7583
11203
11199
0
0
15889
0
22232
23201
13503
15956
0
4912
6514
16250
0
19435
0
0
11614
25632
3777
7017
11484
0
20959
0
25170
0
0
0
0
0
0
2758
0
0
0
0
4117
0
0
0
0
0
0
5893
118
6548
8256
9944
0
2338
0
4072
16658
4311
0
20699
3232
0
0
4780
0
13049
22458
14451
0
12629
0
14705
16561
0
20759
0
0
0
0
0
0
0
0
0
0
0
13037
0
6488
7830
9872
0
0
5430
5488
13777
18258
0
14516
24751
0
17105
17942
0
5
0
0
18300
2254
0
0
0
3185
14084
21365
0
13541
4325
0
10316
10642
0
0
0
21822
521
2474
0
3798
345
3871
9956
10098
11522
11694
18091
19505
5630
0
6185
6797
726
21095
4578
0
4987
0
9588
0
2839
0
0
17266
12742
2098
3326
0
7364
1248
2757
2792
0
0
5784
8838
0
9774
1666
11030
0
11475
18456
0
11647
14379
0
0
0
9886
12159
21014
23690
0
12658
0
20859
0
3884
12413
16208
7468
0
12828
0
15077
0
0
15147
15153
0
0
2354
13742
4565
10554
0
0
0
0
0
448
935
0
0
0
5353
0
9540
0
0
0
0
0
14339
17159
5946
5980
0
14667
0
0
5736
10516
11558
16078
2476
4584
7351
17540
11887
0
0
8637
0
22999
1699
4042
12786
0
0
0
0
0
0
0
0
0
0
0
16522
0
0
0
9047
0
0
10200
11093
0
5086
15808
0
0
0
9102
0
0
582
5583
0
0
17733
20775
25972
0
0
0
0
17781
8596
11306
0
6667
8476
0
1039
0
7308
8794
23856
9085
365
13849
3351
3608
0
7818
0
0
0
0
0
0
0
0
0
8341
0
0
0
5990
2018
17247
6886
0
0
4374
0
25325
0
10162
13771
0
0
0
4649
21506
0
2620
2859
0
0
4990
0
0
0
7827
0
8439
9038
9124
10957
710
8881
11318
0
0
11683
0
19050
7439
8815
9141
21711
12681
0
16198
0
15672
0
0
7203
0
9708
7657
0
646
9337
1150
2702
26189
3834
0
0
3914
0
0
0
0
17311
0
0
5929
0
16274
0
10798
12279
0
17739
0
2198
10076
13126
0
0
21571
0
0
0
10009
11562
14007
21281
0
13124
6783
0
10504
0
282
2654
0
4530
0
8492
0
5457
13916
17608
11229
19486
0
5227
11769
19900
0
0
0
27005
0
14766
0
13705
14951
0
0
17028
0
0
0
0
0
0
0
4585
0
15499
5002
5483
3991
8951
16918
0
5489
23837
0
0
11441
0
0
8007
0
0
11138
0
2584
7616
0
0
10210
16450
79
2351
0
19887
16777
0
0
1848
0
8460
9871
22938
0
9345
7896
1222
3554
15519
0
23518
19616
21480
23084
4401
0
16666
0
18393
808
0
0
1941
13751
9308
0
3138
18164
22192
0
7423
8816
11449
0
1227
2849
0
0
0
3675
6549
0
2610
5523
6192
0
0
17646
20495
9355
8245
0
0
10360
0
0
0
20737
0
12219
18790
0
0
781
5576
12602
19684
14513
0
5415
24485
0
25287
13275
0
15472
0
19826
0
0
91
0
0
0
0
0
5611
20509
937
7062
0
0
0
0
8897
11785
15781
18884
0
21225
0
0
0
20601
739
0
0
0
0
0
0
0
0
0
0
0
0
0
0
0
1828
0
0
0
7157
0
22839
0
1895
836
14250
0
11974
0
0
0
0
0
9677
0
9774
0
0
13565
19558
515
2906
0
0
25324
0
0
0
0
16213
0
0
20085
0
0
0
0
0
0
15810
0
0
12047
359
0
11817
13714
3294
3781
17647
24367
4765
7209
9965
0
0
6412
12546
0
24589
0
0
0
0
0
0
0
11124
0
12292
16841
17809
0
9743
0
9843
0
0
23703
0
0
0
0
10677
0
0
0
0
0
0
0
17187
0
0
2122
3326
0
0
2313
6904
0
0
19990
0
8405
9668
0
0
5492
0
10495
0
0
12990
13461
14738
18416
0
0
0
0
0
8855
11549
0
11986
12777
0
0
13717
0
17608
0
0
0
0
0
10330
11322
2767
19930
1441
10140
20662
0
10929
15422
2425
3228
0
13599
20953
10309
5872
12356
0
13210
14277
0
22969
307
0
0
0
0
0
0
0
5966
1542
0
0
11047
13773
0
0
0
0
0
0
0
2002
16368
18149
2326
0
0
4566
19486
20789
0
21552
22645
11165
20232
9594
13036
25132
0
0
0
10251
7854
0
0
15794
0
0
0
1360
0
14787
17457
23109
8995
676
4025
19696
6494
25213
26328
0
0
0
0
0
0
6036
6374
0
3266
0
0
0
0
0
6921
6927
8010
0
8577
10652
0
0
0
0
7881
9379
4579
0
0
0
18032
5637
6914
0
20709
0
0
5771
0
0
0
9058
0
9996
0
22031
0
1504
0
0
0
0
0
0
0
2537
5380
11057
5596
4887
9551
0
18267
22789
0
0
0
0
0
0
3469
0
0
0
0
0
0
0
16820
20350
1681
0
0
4829
13433
14518
0
0
0
13322
1408
8696
1444
0
17896
0
4177
6000
0
0
0
8020
19875
0
8451
18081
0
11753
4958
5010
5646
7299
2631
9074
14326
19867
12681
15722
0
0
24805
5254
20125
0
10588
0
16737
0
0
22273
0
0
15780
16968
20357
0
0
12322
0
0
15511
18650
0
11506
13360
0
0
0
9460
17972
0
19276
20180
13484
0
0
9966
1410
3364
3729
15047
0
18815
0
0
3598
3910
3945
3786
0
9895
0
7479
16684
3245
0
3704
12793
0
0
7904
17265
9331
0
15858
0
0
11021
12228
13732
0
0
0
0
7723
0
409
3777
0
0
1606
0
15565
0
7165
274
4530
10958
14218
18835
0
0
0
26368
0
0
0
0
0
3297
13429
5460
0
0
0
0
0
0
19706
25004
0
0
0
5733
21981
12689
0
6238
0
0
0
2341
0
3462
11658
5095
12823
15549
18512
779
1870
0
0
4325
0
11829
22821
0
1050
0
0
0
0
1061
455
7159
0
12925
0
0
18890
0
0
905
0
2133
4366
5618
12123
0
0
19734
0
9833
11420
0
13257
0
19332
20978
22401
0
0
15354
0
0
0
0
0
0
4883
0
0
0
0
21820
6242
0
7044
0
0
0
0
2023
4448
7626
22816
0
10949
13357
18188
0
16091
0
18210
4868
13384
0
0
0
0
0
8829
0
0
0
3024
12175
14207
16252
0
16344
22440
15666
0
0
0
21796
0
7218
0
9876
0
0
0
0
24868
28107
0
3488
0
3580
5218
0
23724
6863
11533
19873
22417
5185
0
6208
0
0
0
0
7158
0
0
3717
0
4984
0
0
0
0
0
1677
0
0
12843
1814
2590
781
3129
16657
3417
0
5759
0
0
0
7839
0
793
15818
0
6599
7673
13674
21778
3463
15980
0
0
7905
0
24667
0
4503
0
0
0
0
0
0
0
4713
14743
4736
7661
18918
0
7618
9528
3411
3631
12345
15168
24247
0
568
0
0
0
346
14362
0
0
0
0
0
3414
0
0
0
5507
20559
0
0
0
0
0
0
0
0
0
0
0
0
7815
0
725
0
13132
18342
0
8024
0
6525
797
8392
10316
10342
0
15992
0
0
0
15370
13797
14963
7472
20518
23996
9872
0
11550
0
7518
13824
0
17113
22207
0
0
0
0
0
0
0
0
7626
9165
10141
0
0
27090
0
0
0
20018
0
22199
0
0
0
0
0
0
0
0
2076
4721
4730
0
0
0
10029
0
0
0
0
0
8623
0
7166
13966
0
0
9714
0
20322
10452
0
0
0
0
0
7665
3772
0
0
0
9298
0
0
3454
16024
0
0
0
0
21069
0
0
16799
0
0
10152
4789
0
11584
5963
0
0
0
0
7157
7666
0
0
18175
7820
7088
16544
19594
7563
15851
8285
1866
0
2842
0
4669
6899
15415
19992
0
16148
179
0
0
12743
24998
0
0
14633
514
14819
0
2915
0
0
19652
13262
0
0
8409
0
9153
18572
25062
0
12656
18077
0
0
0
21684
0
7690
0
8355
8925
18079
0
6961
0
990
2399
3375
18592
23140
13189
0
0
0
532
14106
0
13114
19203
2157
3750
0
4321
16959
0
22800
0
0
0
0
0
0
0
0
0
0
16797
0
873
0
0
0
0
0
0
0
21409
0
18688
3264
0
0
9509
0
24529
0
0
0
0
0
0
0
0
0
8241
0
0
13363
0
15661
18480
0
0
0
0
0
0
0
0
0
0
0
0
0
5313
7657
3524
3665
7944
9997
19605
9212
10833
7839
0
0
0
25992
0
0
91
0
0
0
0
4194
0
0
0
5344
14535
0
0
20579
2387
0
16368
0
0
0
0
0
0
1052
15573
0
19058
21008
23807
0
0
0
0
0
28061
0
15800
13161
0
2395
0
0
0
2844
0
0
77
1791
16318
0
0
6369
5564
3544
3909
8237
4225
15726
11434
17057
0
19287
0
0
0
11631
22179
0
1692
0
2665
3495
4143
0
6138
11703
6432
6081
0
0
16402
18622
0
3862
4448
5452
7052
0
14424
5368
0
0
21662
1744
0
24561
25280
0
0
21522
0
20558
20863
0
0
0
0
0
0
0
20487
0
0
0
0
9057
0
0
136
10223
6537
15492
25194
0
0
9674
0
6385
14445
0
7980
11382
0
0
0
0
4453
7675
0
0
0
16208
0
0
0
0
0
3053
13349
0
14232
0
3254
0
0
5860
0
13757
22581
16012
19732
2629
0
0
4526
0
1209
0
9116
12058
532
0
5646
6591
16567
6970
0
7903
0
13077
0
0
0
0
21047
2869
3375
9316
0
0
0
0
0
0
0
4343
12878
0
15715
20894
6269
24915
6874
0
968
1515
17253
2176
2209
4026
11856
0
0
0
1433
7264
2064
19918
0
22463
0
89
5694
0
0
0
9480
0
0
17195
0
0
7513
0
7533
21433
0
0
0
0
8928
0
0
5680
6759
6826
0
8256
22075
10858
0
0
1309
0
13465
3323
0
0
3354
9437
0
0
0
2445
0
0
0
0
7542
9836
0
0
11907
0
20363
10706
0
11119
15542
15948
18073
0
0
5933
7342
9371
13564
14913
15783
19427
0
6803
0
1767
18038
0
6741
0
0
0
0
10123
27462
16850
0
70
8612
5411
9977
1037
18115
0
0
687
10735
8155
11588
0
23326
0
25826
0
0
0
0
0
0
0
0
17082
0
3562
5009
4287
0
0
7497
8950
872
1246
6297
0
7198
0
0
0
0
0
7630
0
15461
5477
0
7645
7952
10463
11745
13503
0
23378
712
101
0
7047
7369
16098
24667
22496
23267
3449
17689
0
4331
0
0
0
0
0
0
616
0
2227
16854
10646
0
23488
0
15412
4038
0
0
0
18924
5698
0
6512
0
0
8775
0
22632
0
11859
19446
19758
0
21898
3891
7821
16429
18357
0
0
0
1930
3459
6891
0
19821
25194
9178
0
0
13385
9494
20305
12363
12707
0
0
11288
0
22538
16632
5833
0
12613
2192
4956
2864
21868
0
0
26204
0
18961
0
0
0
11410
0
0
0
12664
3887
14296
6958
0
12182
25330
0
7336
0
0
11585
0
0
0
1443
0
0
19035
19408
5290
23017
0
0
0
0
0
24751
0
0
9636
0
0
14070
1394
0
328
0
4173
0
5668
7868
9751
10498
1356
10959
15783
20488
0
0
9030
0
0
0
5018
0
0
0
0
0
14673
0
9990
14526
3635
5501
8404
0
0
10223
0
0
0
7770
11319
12975
0
15797
2574
0
0
0
0
0
24517
3651
0
0
0
3334
2998
7907
12219
16448
0
4805
19761
5077
0
6504
0
14413
17446
20251
23439
9321
15624
18627
9928
0
13389
17465
0
5790
7171
10608
19376
19793
24696
0
3195
5169
0
0
0
7589
0
0
0
0
3443
5170
0
7395
7674
1244
3799
0
11062
12540
13976
0
0
0
19391
1236
3114
0
4590
0
0
20826
0
5712
9038
11247
14998
0
0
0
0
3354
6040
7148
15596
20891
25482
0
0
0
10921
1776
0
0
5687
0
0
0
13972
0
0
0
0
3566
5284
7412
0
0
0
14303
8645
0
0
0
0
3024
7810
9094
0
2931
0
10092
0
17707
25370
0
0
10569
25292
0
0
0
0
0
267
7626
13994
5102
7489
20640
0
3321
0
0
16436
0
25394
8481
6313
17931
0
0
19343
0
0
27917
0
0
0
12791
17688
11188
4033
13910
1662
5558
6807
16891
22262
1103
3050
0
0
0
0
6963
0
2232
18309
0
10196
20265
0
5754
0
10109
282
1196
0
0
3758
0
0
0
3797
5401
11556
0
9025
22862
20178
9939
0
15121
10084
4443
0
0
0
408
754
5976
0
0
13508
0
0
0
3236
7629
0
14880
0
0
0
1374
5007
0
0
11394
17558
21038
0
10282
0
0
12160
24104
7408
12969
0
12755
7479
0
9531
3437
0
3717
0
3519
0
5752
8112
0
0
26284
0
27448
0
0
0
13956
21875
0
0
1124
2829
12118
9042
0
0
0
24694
0
0
0
8159
15933
0
0
16048
6948
1066
2140
4098
0
8720
9534
1799
13631
2527
0
0
21599
7794
4955
5287
11470
15605
0
0
0
0
21676
0
0
79
4915
0
403
0
0
9222
0
11855
0
0
0
0
0
0
1048
2729
18843
5839
2009
13171
11035
0
13024
2167
11569
0
496
6564
0
0
0
6742
0
0
23269
0
8867
14398
18411
0
4691
0
19419
20789
0
0
0
11783
0
0
8474
8852
3588
14797
16870
0
0
0
0
1998
0
0
0
0
6991
7612
16793
2160
0
5821
0
0
7894
15001
10742
0
0
22777
0
0
18002
16279
18665
23255
0
0
24526
22206
0
0
14517
16748
0
0
18390
27050
0
0
0
0
0
0
17046
18449
0
24354
0
0
0
15120
11115
18316
26330
13037
0
13406
13890
0
0
8655
772
6680
11582
0
0
20029
27753
0
0
0
0
0
0
0
0
1529
5554
7909
0
6629
0
16429
22382
0
0
13785
0
0
0
0
0
0
429
941
2251
6004
3244
10813
18127
0
8411
0
0
2531
0
0
0
0
9153
0
5856
19632
6473
0
8050
0
6726
0
0
4650
12483
0
14976
24447
20485
12587
0
5153
13759
0
18346
0
0
0
0
0
0
5618
15336
5650
0
5804
9302
6423
0
7053
10667
14568
18828
0
22160
14542
19443
0
2082
0
0
0
19781
0
0
2285
351
11576
4124
4472
0
7976
0
0
16147
10714
14416
14295
0
1991
0
0
0
4726
0
5211
0
16711
0
0
5887
8012
7017
18780
0
20719
0
0
0
0
11396
18483
13748
0
0
0
0
0
0
16256
13655
0
21212
0
8189
0
0
2402
0
0
0
0
15401
2803
0
0
0
0
2149
5846
0
0
0
0
1054
1601
5924
0
0
0
0
9145
0
0
0
24581
0
4925
0
7803
0
22539
0
0
0
0
0
0
4757
0
0
16254
18123
12403
0
0
0
0
1192
11955
1413
7352
6021
11748
14064
3589
16220
17458
6021
23888
0
0
0
6262
10252
0
12255
0
0
19615
18140
9365
20326
21422
0
16819
12471
0
0
0
0
11577
2818
6755
9442
0
18912
0
13820
4076
0
24000
0
0
0
6619
10871
15061
0
7507
17876
23820
0
0
14185
0
0
10825
0
12954
13516
0
0
17479
0
0
0
16131
9591
10477
17448
520
0
7735
11732
0
0
0
0
16535
18850
0
0
1709
7981
18259
0
9474
0
18376
0
0
18205
0
0
3307
0
512
5844
0
0
0
0
0
13482
3061
0
5650
21273
5782
0
0
0
0
0
0
0
7349
0
346
0
0
8218
0
0
10151
0
2648
4454
15784
6189
17916
0
264
11537
25141
11448
0
20563
0
361
22334
1069
0
0
3923
0
4717
0
4929
0
0
0
15994
2788
4710
8534
19680
9345
17694
10236
23000
16703
2849
8866
11132
0
0
0
0
14278
0
9698
12858
2879
1611
3395
19851
9617
0
0
0
4693
0
0
18291
0
3969
0
2353
0
7431
11731
2974
4545
13190
3381
2818
6937
20397
0
0
0
0
8246
0
0
0
0
4437
16854
5336
0
0
0
0
0
6953
11382
12399
13195
19714
0
0
0
675
12310
0
0
0
5581
0
0
6018
0
0
8942
0
7699
0
11765
0
12726
15454
17454
8435
23879
0
0
0
0
2273
0
8738
0
20487
0
0
0
968
1922
0
0
5551
0
14687
0
0
0
0
0
0
0
20578
0
0
0
5787
0
25011
0
14025
3911
4922
9977
17319
10853
0
13918
9362
11837
0
0
0
14482
0
14669
17755
0
0
0
20767
0
437
15556
17066
4736
24350
8055
3459
16290
0
0
0
17967
0
0
0
5563
9082
0
9725
0
0
18862
18555
0
0
6371
0
22140
0
6725
14676
5557
21405
0
0
10552
5980
7702
22277
872
6954
0
0
4525
0
0
0
0
0
2937
12518
13109
0
5059
4281
0
6891
13292
0
0
10774
18622
0
27297
20306
0
28799
0
0
19441
0
0
0
4749
9018
10772
0
0
0
8080
15992
0
6248
0
5330
0
0
14798
0
26713
21040
4561
16226
0
2897
4547
0
0
9592
11773
0
21083
9017
11857
0
26124
0
12191
4659
13024
15183
0
4780
0
11243
0
0
0
0
5576
0
0
15559
6949
18915
6863
0
18449
4930
0
9262
22973
25202
11929
4
1355
16910
0
0
14910
0
0
0
17053
3775
16969
9799
0
0
0
4441
20941
0
15563
0
252
17121
11149
2008
2231
3888
10907
0
5735
14915
0
0
0
0
0
9570
0
20984
0
0
10240
0
0
3010
0
0
18237
0
0
0
3168
13791
13642
18699
9409
10911
9522
0
0
0
0
1075
0
0
3386
10862
8576
11944
10570
0
0
4450
0
26461
0
0
4402
9260
15539
26265
0
0
0
0
0
0
0
0
0
23438
0
0
0
0
0
17657
0
0
0
1545
4117
8680
17828
671
1598
0
0
0
0
0
0
12652
0
0
0
0
7292
14826
19643
0
0
2595
6434
0
14824
558
2669
0
3993
1754
0
6476
0
14447
6402
0
18183
0
24762
18110
2692
0
0
2288
10730
9709
15579
0
1082
2604
14636
4504
5197
5763
10300
16321
21787
0
8971
11531
0
17428
0
22204
0
18183
0
6073
7480
13050
14504
0
4244
16242
18390
4735
18609
6743
8259
0
2444
6333
13225
21683
0
0
0
23002
169
0
0
22091
0
18816
0
26608
0
0
17392
0
19107
20920
0
4514
0
21971
0
0
0
0
0
1387
0
4980
5174
0
9831
10361
11294
0
0
0
0
0
571
0
6405
1302
0
0
0
0
3836
1042
0
1559
1889
0
9205
16324
0
10064
9528
22904
9297
0
0
18453
10048
916
4286
10800
3469
0
18948
6123
9636
26980
0
0
4774
0
3464
178
4763
0
0
760
17184
21166
10676
0
0
0
0
0
0
11420
6285
7183
367
15157
0
0
4849
7241
14894
3076
7857
0
10009
23790
0
0
28008
29089
0
0
0
0
0
478
0
4770
15558
6079
0
2776
3516
1751
11566
1818
0
4144
5747
7092
10510
11075
3520
13134
5912
6745
9360
20531
0
10092
0
0
23136
10463
12781
13081
15532
8925
12516
22531
26403
1890
0
0
1954
15344
3824
0
4283
0
12345
6649
0
0
4639
0
4819
0
8852
0
0
5645
0
0
0
0
0
0
0
5900
0
10427
12859
0
0
0
3792
5457
0
0
5651
7984
12376
16934
7807
24076
8338
0
0
0
0
0
0
0
9105
963
6923
1608
2142
10869
17574
0
3383
19782
22205
24847
0
7661
0
0
2246
2338
3490
0
0
0
174
3706
6497
0
1046
2128
0
2939
3642
3859
9963
0
0
19968
11543
0
0
0
0
12970
16518
0
14698
15922
7518
8765
0
0
25763
0
0
13195
0
20828
0
0
0
0
0
3161
971
5399
0
5699
0
7272
0
0
0
16594
0
9208
0
16991
11395
6058
7690
0
0
0
0
9735
12983
0
8753
666
13687
0
0
9439
17137
18164
4484
21069
0
6165
7219
80
3046
16342
0
878
3373
0
0
0
2973
15989
12613
340
2716
3246
16536
25093
0
0
0
15707
10025
16802
18268
0
21691
0
17778
16774
0
0
3215
18466
3568
0
0
14114
0
1469
10311
0
4968
5212
6445
11448
0
13115
0
0
2542
4619
0
0
0
15513
7042
0
17530
0
0
0
0
8366
8464
10905
10557
0
20537
0
0
322
1736
8379
17445
0
18843
27207
20302
22054
0
0
24209
14981
0
0
0
13376
14641
6943
10128
15357
26280
1306
0
239
0
0
12443
2225
3794
16810
20049
22549
0
0
0
0
0
0
0
0
0
0
765
9153
0
0
9877
10598
0
0
13792
21608
0
14537
18535
0
0
24158
0
11356
16454
0
0
0
0
0
4586
21163
0
0
0
7473
1851
5158
5670
18431
0
0
3063
19065
0
4839
11033
0
11476
20118
0
0
0
13469
0
0
0
0
0
4503
0
0
3946
12376
19863
0
4136
0
1179
0
25163
0
0
6655
0
0
3149
2512
0
0
3220
1080
3955
8838
0
0
0
0
7469
10818
0
0
16000
0
0
0
0
0
0
7800
21200
21254
0
15477
0
11755
0
0
20118
16275
0
0
0
18239
25083
990
0
8981
11627
0
0
0
1014
0
9733
0
10791
0
0
0
0
0
11853
3417
4465
1328
0
1619
6079
0
0
5333
11589
0
7294
17933
22182
1655
0
0
652
3751
5202
0
18808
0
0
0
0
12854
3431
0
0
2475
0
4121
17229
5834
0
0
19874
18359
0
0
0
5989
7765
11305
368
0
0
264
0
0
0
9358
0
0
0
0
0
4196
0
14522
0
15738
0
16581
0
0
14913
21843
0
12393
0
15722
0
0
0
0
1167
8663
0
0
3155
12185
0
4685
25941
5465
0
0
21793
0
3920
5522
10134
10599
3841
7254
7321
17902
0
14961
0
0
18323
11240
1365
0
0
0
6962
0
7278
7949
779
0
10517
0
2279
0
3311
5740
0
0
0
15666
0
11266
0
16701
18058
22018
9717
17684
19040
0
21190
0
3177
19837
0
11940
0
20384
14312
0
0
3434
7408
13810
0
0
7715
0
945
6883
18137
5840
0
0
0
0
0
14903
24868
18544
4348
0
19021
24398
0
3237
0
0
11245
14707
8667
0
15213
0
20805
0
14415
0
0
3169
0
14199
5040
23679
0
0
7000
0
5367
6384
0
7865
155
20187
9369
4314
4358
0
4848
0
0
5673
0
9036
21051
0
0
0
0
0
0
0
0
0
14051
7591
11390
23688
0
4223
0
5397
0
0
0
0
14610
12363
0
0
19220
0
0
0
0
0
7161
0
8171
14155
15529
0
21783
0
0
0
21961
0
0
0
9808
11042
15974
0
0
5437
0
9180
0
10635
16070
24639
17697
19115
0
0
22048
0
1588
7237
10493
7306
15569
0
23460
0
0
4596
9024
15027
19037
21847
3814
0
8447
12173
0
0
0
829
14719
0
4375
13093
0
0
17190
0
0
0
0
11291
12148
5916
6577
3164
16859
12691
22372
10589
0
25058
0
0
12571
0
14063
16879
18168
0
0
0
0
5417
0
0
0
0
3769
0
0
0
13747
0
0
9002
5963
18619
8474
12336
22192
0
0
0
717
0
0
7432
0
7433
11471
27951
520
2646
0
5185
8066
0
0
0
0
1540
1788
0
5707
20286
14277
14834
7193
9284
20670
10993
0
2051
4746
0
8452
17978
10504
0
15918
14815
0
22048
0
0
0
0
0
0
0
0
0
0
0
15456
0
16307
0
0
0
0
1809
20409
8518
10300
21098
17245
18004
0
0
20457
22300
0
0
3301
6383
4781
0
7412
16029
20029
7724
10789
0
0
23486
22803
0
0
0
0
0
0
0
21942
0
0
17929
0
0
19992
1574
0
0
0
0
10895
0
0
0
0
0
6750
21182
5525
0
10236
13513
0
0
7866
10077
16955
0
0
8213
11670
18855
0
18368
16089
17607
23572
0
14610
13610
18124
11625
4373
12388
22222
15023
16477
0
0
5039
23897
0
7146
0
3778
16239
0
0
2080
18757
0
0
0
3260
7277
0
16463
0
0
0
18290
12714
18861
0
7668
12612
2696
0
11961
0
0
12344
13830
0
23245
0
1340
0
18613
0
8605
10776
0
0
1502
17378
20441
15841
6480
0
0
0
0
14771
0
0
8484
13698
17839
22804
14516
0
0
15587
25648
0
0
21289
28629
0
0
18581
20226
21942
17032
0
18868
0
0
0
0
6182
0
0
422
8672
12930
2237
21928
6539
0
3791
0
7560
0
0
17086
0
0
0
24861
14895
0
13835
14060
16607
0
0
13243
0
0
0
0
9736
0
0
0
19090
0
0
25595
2340
0
0
0
3192
0
0
3618
4768
9833
8517
10542
16954
0
0
0
0
0
74
0
5847
0
9321
0
0
0
0
2371
0
11183
0
2881
0
4714
0
0
4089
2998
7302
13876
1167
9435
15479
22441
24410
25950
0
0
0
0
29
0
5358
6082
12392
12112
0
9870
16004
0
21166
0
0
0
0
1443
18609
0
11796
22321
0
1843
5987
0
0
3000
0
0
6824
0
0
8252
0
0
14832
0
17722
1363
0
0
6908
0
15544
19602
20445
22428
24948
0
0
0
0
0
0
0
487
0
14895
18900
0
23019
27580
0
0
22647
13633
0
15892
0
0
4150
23440
0
1753
0
0
15003
17414
0
0
0
1368
0
17950
0
0
15148
16885
1752
12796
15212
0
24480
0
18653
0
0
7585
9496
2282
10833
12946
16425
13651
0
10396
200
3844
20260
84
0
0
23138
0
6521
0
0
13713
8847
23021
24404
0
0
18946
4386
0
0
5975
19525
0
9591
15815
26636
7936
0
4349
0
18916
6812
0
11819
2980
15941
6350
22345
0
0
0
0
0
17284
0
0
1528
0
1898
2513
3010
0
4624
0
13493
15796
0
22420
20948
8458
0
8481
0
2342
3934
4826
14012
23004
18729
7821
0
15979
0
9518
0
0
0
0
25986
4963
7074
13028
0
703
19106
2656
0
0
0
0
0
18800
0
0
0
0
4123
0
4826
0
0
0
7246
7364
0
0
11931
8887
588
21301
0
2174
14014
14748
22636
0
4157
6044
11221
0
0
4139
2477
3087
13452
0
14793
5518
838
4499
7830
12434
19326
8275
20363
10173
11138
0
8860
11123
12003
0
13770
14581
0
0
15047
0
0
0
0
0
0
0
0
24271
0
0
0
2290
0
7652
0
8187
0
25841
5884
0
15136
0
1868
0
6759
17579
0
7135
12244
20872
0
0
18468
0
14001
14058
0
0
0
23201
0
14084
0
129
10565
0
24142
0
4126
8171
0
12001
15392
1342
0
7255
783
9853
11818
15118
0
21482
0
7925
0
0
3390
6681
10165
633
1356
4278
0
5840
0
7210
9644
0
0
0
0
5724
9408
0
0
14601
17068
0
0
0
3827
18279
0
5362
21049
15388
0
16365
0
23329
0
0
12563
20841
21722
25051
0
0
15626
19
16791
0
0
0
1005
1052
0
2663
2838
5630
10366
0
0
0
0
0
7971
0
17352
14484
17779
0
0
0
0
0
0
223
3554
11194
19101
0
0
0
0
18959
0
0
7643
598
5046
8689
13304
17449
900
3597
21711
0
0
3405
2003
14178
0
21027
0
0
0
0
7091
14323
1788
7093
9373
11570
13569
18793
4349
0
0
1559
2779
0
11432
0
162
20141
16514
18371
0
0
7892
9465
0
0
11833
0
694
12964
1582
11545
4604
8702
0
0
0
0
6843
15551
1732
6887
0
0
0
0
0
9374
18891
0
5734
0
0
0
0
0
18742
0
23441
0
0
0
0
0
0
0
0
0
0
0
11791
14364
21218
0
641
4879
14120
0
5183
22006
16695
1409
3393
4162
5652
0
7302
1526
0
431
0
9951
0
0
0
0
0
10481
0
16942
0
0
18277
0
19092
20864
0
0
0
0
0
0
0
0
0
0
7833
0
0
489
2108
2166
0
0
4290
4757
0
0
6566
8548
0
0
0
0
0
0
22759
19278
15499
0
0
25767
0
0
11099
0
0
7120
0
17449
11292
8773
0
21469
0
0
0
12545
4985
5034
0
5455
9267
22538
12918
0
0
0
14497
0
17178
0
0
0
0
0
8470
10613
10658
1667
16972
3495
7683
9023
0
14729
0
0
22660
0
12812
0
19383
0
0
3369
0
0
0
0
14643
9086
0
0
20005
0
23315
0
0
0
0
9420
11040
0
704
0
0
1554
13344
11843
13252
0
0
19336
0
0
3497
0
0
0
4155
9203
11749
0
0
0
25253
5075
0
0
7698
0
4506
0
573
2134
18537
9626
4243
6390
14016
336
0
0
2412
2465
2680
0
0
6918
0
0
0
0
7070
10679
0
0
0
0
0
9854
17649
21164
13098
0
0
0
0
0
507
7435
0
0
0
10800
0
0
18027
3343
641
3069
0
20947
0
0
0
6648
11860
0
0
0
0
0
7522
10003
14173
12876
21594
0
0
0
0
5724
7324
5547
0
0
0
0
22019
0
0
0
0
0
0
609
765
1147
3732
7441
19320
0
0
0
10335
0
11503
16107
20864
8791
20045
0
2232
2375
0
7200
0
1996
4259
22111
0
8217
20165
0
0
0
0
0
8879
8909
0
0
0
12297
0
0
5505
10185
15491
0
6063
12230
26450
15958
927
1101
5820
6192
7690
0
9945
12970
0
16293
0
0
8358
6615
12143
16832
9827
0
11425
24808
0
3529
5395
0
9208
3856
3924
4762
2383
0
0
5479
0
0
0
5630
0
0
0
11641
0
0
0
0
0
0
0
0
0
9305
0
3606
0
14387
0
15773
20272
0
10766
0
15323
0
2128
0
0
5207
0
0
12237
11593
3525
16330
0
2936
0
0
0
8967
0
6988
9927
3243
0
4031
19641
23130
0
0
0
0
0
0
0
0
11373
0
0
0
0
0
0
13462
0
0
0
5510
0
0
0
10297
0
10096
0
0
17222
0
0
0
0
2934
0
8038
0
0
11698
13893
0
2132
0
0
0
0
874
24374
0
0
0
23359
1040
1602
0
0
4077
11444
15434
19737
25294
2778
6084
9855
0
0
8749
275
0
2557
0
0
0
1474
0
0
0
0
0
6722
7580
10739
11093
4183
6096
13201
0
13065
0
16244
5566
7725
15920
8894
10487
19022
0
0
0
21100
14205
0
0
0
0
0
0
0
0
0
0
17831
0
0
0
25722
0
0
0
7293
0
0
8828
0
11807
0
14782
0
7836
0
10005
22118
0
0
14021
0
15121
15548
20168
20393
14724
15804
1922
0
0
0
1010
16639
3816
0
5186
13249
0
13735
0
0
17422
0
8257
0
0
0
15415
0
0
0
8659
0
8805
21398
0
10500
15236
0
0
21224
8035
0
2199
0
15743
6126
0
0
0
0
15564
17621
0
0
2195
3915
697
0
1865
0
0
0
0
4650
0
0
12220
15404
0
0
0
0
0
0
0
1223
18139
0
2811
5139
0
7078
0
0
0
19106
0
5114
15130
0
7025
0
0
0
0
0
0
0
0
0
462
5356
0
0
0
1811
7937
0
17246
24430
0
21757
8776
0
11229
0
0
9272
9897
13161
13545
13333
15720
9253
13106
22446
4801
0
0
0
0
0
6929
378
1108
15283
3357
0
3421
0
0
0
1208
0
0
8299
8432
17320
20016
23138
0
0
0
0
12618
24021
3882
18179
21225
19525
0
14633
0
0
1033
0
3054
0
15151
0
0
0
0
0
0
0
15798
19620
0
5982
5621
9465
0
16680
0
0
25444
0
0
0
0
0
10162
0
13827
0
0
0
10587
7108
4051
8969
10747
13261
0
0
0
545
1113
4162
9971
11685
0
3401
13547
0
18762
21660
9485
9756
17790
20826
0
0
3462
3666
0
0
23998
0
0
9939
12940
8471
8603
17700
20268
0
0
24691
0
0
0
0
0
3391
0
0
0
0
0
0
0
12409
0
0
3834
15480
0
0
0
5512
5969
6497
8158
8684
11784
17323
0
0
4941
7467
0
8402
10140
17748
12039
0
7813
0
3765
0
6944
0
0
12389
0
0
2001
0
4749
0
0
10490
0
8053
0
21958
0
9741
15532
14366
16288
22360
11950
20930
0
0
12580
16861
14395
0
0
6822
12048
18682
0
1622
0
1564
6135
11362
16083
25038
13531
0
3355
8672
0
0
28268
0
0
0
0
17004
21278
0
0
10302
0
13569
12722
12948
0
0
0
0
10607
0
0
0
0
15610
0
0
0
0
0
0
0
0
17730
0
16178
0
0
0
0
169
0
0
15128
0
4059
4247
0
12123
0
15972
0
0
0
15301
0
5950
8764
13447
18482
19009
19943
0
918
11778
7336
0
0
7821
0
3282
0
4000
0
6419
0
0
0
0
3821
0
10927
9409
16823
0
0
6344
15752
22502
24312
10430
0
0
0
21759
7570
3615
0
1116
16805
0
0
0
4430
6560
0
1023
10976
15140
0
3907
8762
0
1355
8815
0
0
0
0
0
0
0
25290
0
0
0
0
0
0
5873
1146
10448
4208
20178
0
0
4475
9562
9568
4623
14983
0
9459
42
0
17468
24239
7809
0
11519
0
14895
0
0
21030
22416
13450
14093
13229
14915
17064
20054
0
15393
0
0
0
0
0
0
0
4874
0
6221
0
0
6842
1611
3783
4555
9527
0
14645
15701
0
0
1145
0
6108
0
0
0
0
0
10978
0
9195
5560
8526
9186
729
10074
16087
0
1700
0
4800
0
5763
758
8991
17089
0
1391
4498
0
0
0
0
8379
1008
16207
0
19413
17882
20678
0
0
11120
0
14253
0
14680
15129
0
15342
5775
9675
14099
9869
20916
0
112
2705
21784
0
0
9271
0
8820
4213
7496
8143
21022
17063
478
924
3474
13109
0
17872
22815
8106
0
9569
0
0
0
0
17181
0
11816
16724
0
19272
0
3621
5650
0
0
11120
0
1636
0
0
0
0
19433
0
23413
0
5362
0
10251
0
9018
12254
0
0
13694
0
7635
17432
26627
4917
5288
8760
11059
0
0
25029
0
0
0
11478
0
11269
0
0
0
0
11930
0
0
3734
0
0
6306
7711
0
16895
19570
21136
0
26538
0
9788
11058
0
15939
20805
0
14567
1453
0
1733
6860
0
0
18867
0
0
0
0
0
0
5593
0
9664
0
10453
0
13016
14979
96
655
7210
0
13700
0
22575
20636
23669
0
0
26272
4291
0
0
16418
6942
7117
8536
0
0
6628
10957
1146
7307
8320
0
2076
0
12202
0
0
0
14010
0
14466
16201
0
0
2105
7076
13815
16604
7257
9665
5223
6678
19972
0
11500
12158
0
12576
0
0
14157
0
0
9614
11167
11627
11858
15610
0
0
21682
0
0
0
0
1039
1113
5129
0
16655
9890
22503
0
0
0
0
0
11648
0
20196
10312
0
0
0
10818
0
5578
12112
6867
7253
0
22599
5411
8640
11497
14876
9524
12198
13463
14785
0
0
0
832
8919
9864
11336
0
5558
0
0
457
0
8163
0
10806
2409
0
0
16463
0
23883
0
0
22330
0
0
0
22357
0
0
0
0
0
12475
0
13712
0
15931
3945
16883
9632
0
0
0
1500
0
0
7423
603
0
0
0
952
0
1601
7215
17481
12646
0
4590
5128
10569
14439
24808
742
5940
10125
15232
0
15728
0
0
3179
0
0
0
6263
6563
0
13729
22451
0
0
0
0
0
2424
3134
11108
13110
16038
1418
1638
0
1002
1590
9846
12176
9809
19866
12719
0
5752
0
0
5892
12321
16585
990
23181
0
5372
8212
0
0
0
0
0
0
0
0
9443
0
12961
5024
0
7242
0
20726
10584
16689
0
0
0
0
22976
0
0
4369
5198
8989
0
0
9506
13322
17793
0
0
7951
0
17419
19104
0
0
5241
0
20422
0
0
0
0
11342
19542
24000
2141
26355
5694
14227
14969
0
2165
0
0
18346
25226
0
0
12583
10366
12090
10517
21098
0
0
8698
16738
13034
0
5998
0
1512
0
21167
1027
27601
0
0
2771
5452
0
0
6239
10202
0
0
0
15791
16163
0
11081
0
0
0
0
2056
18326
0
0
0
0
10154
0
18343
4568
0
0
7436
14282
0
13565
2862
4222
0
4391
16748
6111
3060
0
20769
6223
0
10264
0
0
0
0
0
0
0
10907
0
10893
0
0
0
0
0
0
8364
0
0
8917
11393
22684
0
5127
7757
10965
0
0
0
0
8894
0
19614
4283
8394
0
2366
8256
0
12665
12218
0
0
15314
0
0
0
0
12107
12955
17493
0
10393
13923
0
11150
0
5637
7678
25885
1688
4821
5282
19973
0
0
0
0
10036
20470
11139
0
0
13668
0
19007
0
0
0
0
0
7653
15794
0
14099
15712
18229
0
0
0
5812
1161
7352
0
1253
21712
0
0
0
1481
10870
21165
0
6630
0
15791
0
6717
0
18639
25863
0
8048
0
0
9834
0
0
0
13198
0
7297
0
4927
8830
4614
13989
0
6752
7007
0
0
2974
8052
0
7080
0
10101
0
0
10240
17161
1712
1991
5484
16382
23543
0
0
0
5535
0
0
26454
0
0
3485
26881
0
0
10345
0
0
0
0
15230
0
0
0
9233
17591
22405
0
0
1831
0
0
0
19318
0
1377
2199
5981
8446
11401
0
13513
26989
0
0
15703
7279
16460
12526
19478
0
0
21702
2874
9528
14864
0
13228
0
0
17999
0
0
0
0
0
0
0
19746
0
0
9416
0
11127
13443
2041
0
15872
0
7821
18688
24302
7559
0
0
0
0
0
17559
2584
0
5295
8681
0
7970
1870
5540
0
0
1619
0
0
0
12037
5227
5382
0
0
0
0
0
0
23304
0
3285
5004
0
0
1224
7214
13913
16738
17969
19581
24053
0
24948
0
0
0
0
0
0
6699
13913
13791
0
5512
5680
7628
0
20312
25952
0
0
0
12962
10099
5839
0
0
906
13767
0
0
3541
12990
0
0
0
0
425
0
0
0
3593
0
0
0
9203
10467
7912
0
0
0
9616
1003
18773
0
20853
7388
0
0
0
10160
7198
0
0
0
6033
0
0
7756
0
0
0
2476
4070
4129
0
0
0
0
4973
10174
12306
1460
4188
13613
6020
12485
0
21207
5226
0
0
0
0
0
7974
2287
18740
0
15625
0
4762
14259
15030
0
0
0
0
0
0
0
6001
10692
5181
9472
0
0
4285
10572
851
4199
0
15245
0
15572
0
0
5341
9419
25189
0
15955
2204
6461
0
0
0
3599
2130
10332
0
15763
0
0
0
0
0
3598
5306
12424
7187
16194
0
0
15306
16866
8792
3754
1882
0
2750
20707
0
7123
8798
3781
9254
0
10904
15423
18612
0
0
1621
4732
5217
16291
6447
0
0
0
0
3897
18946
0
6980
9848
16445
0
1797
0
0
3628
0
0
406
7003
490
13430
11820
19381
0
17670
0
0
19965
0
15012
0
2031
2356
6778
15165
0
16473
19671
1012
0
0
5144
15186
0
26381
0
5044
22861
23574
0
0
0
0
0
0
0
1476
18938
0
15208
2216
4712
14265
0
0
8418
15964
0
8610
0
0
0
4179
0
0
0
0
6716
0
0
0
0
0
0
17614
0
0
794
0
0
3007
13035
22550
0
15173
9577
22617
0
7819
0
4227
11805
0
0
12879
8733
0
3583
0
4139
0
6825
17509
0
7247
379
4633
15954
16767
22059
17227
24424
0
2375
2526
0
0
7344
11213
0
0
16067
0
0
0
0
3843
9899
0
0
6582
0
7734
9358
9401
0
3150
19444
0
0
0
0
0
0
0
0
0
0
0
0
0
23249
0
8112
0
0
0
0
6414
3587
13147
0
0
903
10154
2279
4198
10456
16835
0
0
10870
0
0
0
0
0
13006
0
0
25227
0
13778
0
13339
0
8381
0
10244
0
0
1091
0
4981
17102
18928
0
1817
0
0
7403
0
0
20392
0
0
0
0
0
9936
0
20608
0
0
330
0
3687
23185
1690
12664
0
11700
1413
0
1696
0
0
4144
4155
18242
0
5885
0
0
0
5894
0
0
3189
0
0
0
7677
0
0
0
3239
0
11949
0
12024
0
0
5908
0
278
0
6711
6979
11593
1127
826
4087
11913
18737
0
0
0
20559
0
0
0
18439
28073
0
0
0
0
0
0
9163
4495
0
0
3077
9535
0
0
17101
9933
10451
0
2425
12137
3718
0
8528
0
0
23785
0
12826
14935
7374
906
7099
15750
22963
0
15345
17090
0
18506
19851
0
0
0
0
0
0
2176
5112
11528
8998
7743
0
11696
0
0
0
21699
0
0
0
5148
0
0
0
5874
5973
22667
21458
0
25441
0
0
0
391
3576
17256
0
11620
20586
0
0
0
0
25089
0
0
13283
791
2426
2784
14833
4826
0
23738
5425
0
6800
9816
12787
18846
19502
0
20606
0
0
12108
0
4807
14756
0
6927
23951
26281
0
0
2358
0
13746
0
0
19303
0
0
0
18303
0
1426
18763
20173
4867
0
25603
0
0
0
11032
0
0
3349
0
0
0
6585
14341
15388
7787
0
0
18328
20277
0
0
0
12938
0
15456
7694
0
20596
17792
0
26492
0
21803
1504
24463
0
0
3187
28202
0
0
17057
0
4231
0
20446
0
15720
18642
6673
12346
0
20099
0
3607
13114
20761
6510
0
0
0
0
7373
0
0
0
0
0
0
16049
15359
0
0
1540
0
0
0
0
0
8135
10043
0
1207
0
5311
0
18093
0
5946
10129
11698
0
15941
0
7012
18705
0
22407
0
5963
0
12010
24604
0
0
0
2280
0
180
7588
0
0
6077
6674
9177
11024
5225
0
0
6335
3883
0
5423
0
4727
14281
0
6166
20465
0
0
15679
8804
0
11588
13850
1840
18770
0
6051
6868
0
11339
15902
7988
0
0
10228
11127
11137
11626
0
7385
10622
16621
11087
0
0
0
0
0
5343
6094
5705
5609
6036
9007
13213
21676
0
2577
0
6540
0
21479
11867
0
0
0
0
10049
15174
0
0
4566
0
5465
0
9060
0
17595
18355
0
0
13006
23129
0
0
12684
4731
0
8123
17989
1001
21286
0
0
0
7110
0
0
9972
10562
18598
0
15162
18073
0
24546
25335
8372
9563
12627
15643
16202
0
4469
18426
7677
0
559
0
5909
0
12503
8763
0
0
0
0
6327
0
0
0
0
11534
14277
0
3683
0
0
0
0
6389
0
2776
3218
0
3784
14107
24135
20255
22170
26568
0
4943
9366
12743
0
12804
0
17940
0
15175
22840
0
0
15299
0
0
15483
0
0
11359
0
0
0
20265
0
0
0
0
0
0
2470
0
0
0
2865
0
0
3501
0
5060
7335
0
0
0
8126
12878
15591
0
435
7910
1866
4122
0
22825
0
0
0
0
9314
0
13229
13394
13774
5219
7663
8255
508
4561
0
0
4363
4630
5008
6013
12832
19417
10658
0
0
0
0
17836
23318
25327
0
0
10876
0
0
6174
0
7376
9676
4505
2228
9180
10445
17755
0
11470
13299
0
22518
0
23275
0
0
0
0
0
0
0
0
0
25916
0
27356
0
0
0
0
0
1815
0
15772
0
1405
18317
0
0
0
0
7609
10972
23835
0
0
0
3855
8652
13414
14786
0
0
0
14749
17474
15315
10241
16431
0
0
0
0
0
5653
12805
1112
4450
5519
6100
0
0
12745
0
14185
14701
0
362
15719
2229
3078
13637
10809
0
0
14010
17450
6372
9100
0
2984
5889
11732
13826
0
18431
1768
2059
0
4281
0
14519
0
2250
0
0
9791
0
3421
3968
6662
0
0
7730
17507
18637
20932
0
0
0
11855
12208
0
0
0
14370
0
0
0
0
19148
0
0
0
390
0
0
0
3584
0
0
24264
0
1333
0
0
0
0
9382
7293
6068
6564
6881
0
0
0
0
9159
19622
11503
12132
0
0
0
692
19044
0
8075
0
8148
8347
0
6509
10205
0
19851
0
0
0
0
0
9617
0
10666
4557
0
0
0
0
0
0
0
0
6124
0
16812
0
0
0
0
0
13687
19934
14374
0
0
5559
0
8128
0
8601
0
0
5361
0
0
0
10671
16246
0
0
0
0
8726
2352
0
382
3609
3023
7898
13903
0
77
4356
6268
6595
15801
10566
20815
0
0
6077
0
21356
0
0
0
2293
4428
13391
0
17689
0
6574
18661
0
11693
17307
0
0
1368
0
0
0
0
0
2156
17403
0
6454
0
0
1201
6819
7372
0
0
2421
4249
0
7487
0
0
2481
26439
5619
0
10122
0
6152
3663
14762
18032
3444
0
0
0
25923
5212
19697
0
0
5375
0
0
0
0
0
0
0
0
6958
0
7093
4754
0
8447
15700
15776
22212
0
0
0
19755
0
0
0
17855
19609
16836
5916
8596
12146
21405
0
0
0
20337
23720
0
10070
0
12932
0
0
0
1110
19053
0
15097
11394
0
0
5731
0
0
4252
0
5895
0
12286
0
0
0
0
0
27149
0
20228
6533
506
0
0
0
0
11956
1625
0
20051
0
18381
2359
6159
0
0
11229
8234
0
7635
0
12615
8889
0
0
9963
0
4237
319
6555
0
12054
0
0
18899
0
0
0
0
0
0
0
0
0
0
14481
0
0
0
19642
0
18794
5001
9448
12848
0
16738
0
9517
5699
0
0
6516
14108
3906
0
0
17424
0
23822
0
0
0
0
0
21546
0
0
899
2664
1672
4102
0
0
0
0
8714
3027
18197
3258
10289
33
4838
0
0
0
767
0
10080
20181
1846
7816
13787
0
22842
0
17273
15081
28028
0
0
0
0
0
0
0
18048
0
21001
0
14860
16986
4726
1565
2864
2110
18053
4264
6053
0
6118
0
8739
0
22479
0
0
0
0
4949
0
9939
0
0
0
0
0
6278
0
0
0
0
2133
14441
16048
0
17535
8789
9150
11109
0
0
0
0
2710
6290
0
0
0
0
0
0
0
4196
0
0
0
4243
14725
21732
0
0
0
19260
28692
0
7010
9713
0
0
0
6911
2356
21680
9980
744
2340
2969
5993
7322
8833
15788
20279
21330
0
3086
6526
14338
16450
24208
0
0
0
16132
0
0
27866
0
0
0
0
17312
0
0
0
0
3135
0
7191
9739
10363
11044
0
3246
12010
0
14407
102
9283
19696
0
10781
0
0
12831
18871
19630
0
0
19637
0
0
1450
2545
7395
12920
0
0
0
0
0
0
0
0
0
19636
0
0
21420
0
0
18167
0
0
0
19660
21157
0
0
0
0
0
17903
15361
12021
13560
23642
6778
0
8816
0
8980
0
2052
2172
2288
4400
10569
0
0
10453
0
0
0
16845
0
6231
0
22174
0
2373
0
0
0
6388
0
10535
14893
0
0
0
2537
18907
9425
0
0
8122
13113
0
0
14688
16208
0
0
0
169
238
19853
0
0
22329
0
0
0
0
0
0
0
0
884
9990
12829
16306
0
12703
18364
18936
0
0
0
25837
0
19131
0
0
0
0
20758
20931
0
0
0
0
24666
0
0
0
15913
0
0
0
0
8486
8517
12781
0
19308
0
0
2186
5755
0
13944
11840
0
0
0
6798
7218
1591
0
0
0
14148
0
0
14293
5734
0
8034
1938
17083
0
6281
20691
0
4017
22149
0
0
25266
0
4629
2663
11581
18553
21633
0
0
23109
0
23996
12281
642
2021
0
0
0
12816
14488
6616
0
21360
0
17505
9841
5131
13974
8357
21564
0
3890
17164
24835
0
25294
27980
0
0
0
0
2991
0
0
13527
0
0
4778
5406
10829
9912
3522
20768
14036
14382
5671
10807
17776
20205
0
0
652
4072
12805
0
21897
14755
12965
6987
0
9899
17373
0
17592
21975
21063
22947
0
0
0
0
0
0
2995
0
3686
6323
0
0
0
9113
24176
0
26284
0
0
0
10839
0
0
10935
0
11015
0
6580
0
21090
0
0
15098
0
5902
9173
0
0
0
23150
0
25295
0
0
0
0
0
4676
2558
7146
11620
12072
0
0
13933
0
0
16352
0
0
20048
0
12837
0
13128
14636
1990
3467
6367
18558
6078
20022
12265
14621
17337
20964
0
0
0
0
6488
0
19053
0
19948
0
0
0
28022
0
0
0
0
18889
0
0
16238
0
0
0
23230
8338
6835
7766
9526
0
12139
21988
5388
5787
10538
12357
14542
0
0
0
0
0
16907
3804
6806
10685
14499
2084
4010
5414
6619
12522
22183
0
0
2430
1457
7121
9319
10172
12926
13807
19284
2708
4665
4734
13609
21878
0
5329
0
0
8418
23499
0
26587
0
0
0
13235
12934
0
0
0
0
0
3569
0
25658
0
8494
15292
0
0
0
888
0
0
16920
0
0
3399
18825
3519
0
0
3646
0
6896
0
0
0
0
17497
22044
10802
12152
20451
7731
8764
11705
0
0
0
11176
0
0
320
4817
18328
13803
9201
25912
0
1898
2693
3421
0
9173
13307
15601
0
0
0
0
11410
17871
1248
1564
10735
4936
0
22839
2386
15559
1217
0
23126
0
0
0
1776
2220
2924
8908
11363
14887
0
18398
0
20147
25958
0
0
27473
0
0
10323
0
15900
10941
11928
0
0
3330
9146
0
3903
0
0
4193
1211
0
6523
0
0
17426
0
0
0
11437
0
730
0
12932
1864
14311
146
519
5158
15543
18565
1930
9434
3006
9289
0
0
0
0
0
17445
0
0
0
17573
4953
0
0
6857
7205
0
0
0
7499
0
7410
17199
13841
0
0
20256
0
25972
0
0
0
0
2631
7310
4121
4920
12887
2397
19208
0
0
0
0
0
0
14376
0
21702
2167
0
0
21219
0
23006
8197
15517
0
16868
0
1529
430
742
1523
17138
1760
2007
16675
0
0
7498
0
0
0
0
0
0
0
2647
2838
0
11726
13706
7825
10493
12564
4786
17220
5303
11589
0
18952
733
3940
19535
179
1994
5109
0
5343
0
5459
0
9921
28520
0
0
8713
0
0
0
0
10155
0
16034
3975
0
19710
22056
0
0
0
0
0
10313
0
0
24411
0
0
0
2629
6543
19767
0
0
7810
9361
4248
11701
10108
18429
20400
0
0
0
19502
8391
0
17208
0
0
22224
0
0
0
0
0
0
3720
7211
0
0
0
10604
0
0
0
0
4984
8868
0
0
11917
17492
0
0
0
13890
0
3926
0
0
3838
4685
11256
0
0
16105
20392
20823
0
0
0
16965
28212
3817
0
0
0
0
0
163
9152
6442
0
0
0
9534
2119
12336
7986
0
21281
0
16067
0
6549
16420
7408
0
0
0
0
21250
0
0
8712
1770
8631
2707
5614
8627
153
415
0
0
0
0
11675
1598
14053
2944
0
12767
17573
17664
3558
22117
0
0
0
12899
0
0
17743
0
0
0
7950
15823
0
0
9362
10111
0
0
24705
0
0
0
0
0
21031
0
0
0
0
12780
0
0
1906
11656
0
18407
0
18507
0
0
0
0
4550
0
6957
18794
0
0
7200
0
8599
3476
5085
0
14745
0
16737
1356
6462
11400
19394
0
11471
0
16928
27370
0
0
0
0
0
0
0
0
0
8079
0
0
0
9575
0
0
9564
16663
17948
17234
0
6011
20748
0
0
8759
22064
0
25036
27657
0
0
0
0
0
0
0
0
0
3053
0
10673
12527
0
1983
23929
0
19999
0
0
0
7731
0
0
0
15171
0
12380
0
0
17617
2010
18303
22219
9167
0
10073
0
2119
3455
0
8321
0
8341
9682
0
4462
4947
6554
17379
15346
0
0
0
18864
0
9324
9667
11799
0
11920
0
17136
4403
0
4663
0
25565
0
0
0
0
23914
0
0
0
3175
0
7884
20090
0
0
0
0
0
8365
13544
3368
17274
1817
15084
21040
0
21400
0
8394
0
0
8744
27990
341
0
13314
0
1106
5968
14408
778
23732
25465
0
0
0
0
2528
2884
0
2988
0
0
0
20116
17915
0
22640
13142
0
0
0
19176
1607
8940
23762
0
4148
0
10762
18776
0
1395
2849
0
7881
0
18827
10422
0
0
0
0
15163
0
10452
23136
0
0
0
0
11539
12677
0
0
9415
3606
16667
22663
24678
0
0
27670
0
3279
1294
0
19689
8797
393
0
0
3283
5124
8643
18431
0
23521
0
0
0
0
0
0
0
0
0
15598
8825
13390
16300
0
0
0
656
0
1484
10400
14806
2334
0
18724
3442
4857
0
6569
12747
9568
0
0
0
0
0
0
0
7855
0
0
0
15893
0
16302
1817
0
2470
0
4939
18750
0
0
8986
0
10829
0
13366
0
4388
4769
6336
8643
4380
13402
17232
23733
18207
19282
0
0
0
0
13687
23442
0
0
0
7750
13109
16186
686
3709
11256
25902
0
12585
0
8040
0
0
0
0
0
15681
0
0
23995
0
4579
15738
0
27154
9060
0
0
0
22388
4620
0
0
0
5958
6466
0
0
6707
20918
0
6928
1196
0
2004
0
8145
25458
0
0
0
0
0
0
10363
0
0
0
12612
0
12525
14828
0
0
0
4079
0
0
0
0
2310
0
3259
9007
13690
6499
16641
10517
13141
13834
12272
21150
0
15496
180
4594
7897
662
3943
0
0
0
0
6222
0
0
0
16038
19861
0
26572
0
0
3262
5629
7717
19996
0
0
0
0
11278
0
13140
18494
0
11340
0
10132
0
0
11577
0
3523
0
21928
0
0
26793
0
7730
8680
6605
0
9030
17446
1240
0
0
0
0
1254
6288
9540
16275
0
2531
10343
5236
8054
3356
11585
0
1457
18880
0
7158
8267
885
1272
17515
0
2776
0
0
0
0
0
0
9739
0
12244
0
0
19963
3193
3220
11077
12028
0
0
0
0
0
0
3281
5944
7229
10603
0
0
0
0
23259
0
0
13185
0
0
0
17297
20742
0
0
0
10062
0
12469
0
15457
0
0
0
23476
7373
0
12577
15549
13571
13758
0
17475
0
17574
0
0
13591
16545
0
0
2824
0
0
3369
7438
23255
0
0
8216
0
0
0
0
0
487
0
0
0
14468
0
17137
20556
10470
2875
11639
20702
9283
13391
14474
0
0
15759
24255
0
9221
0
10645
12868
0
0
0
0
0
8140
9132
9363
0
46
464
1914
9953
22654
0
17931
0
0
5037
980
12390
0
0
6312
0
0
0
10913
0
0
0
0
1057
0
11983
5890
18542
0
0
1156
6576
1677
2416
12212
26172
0
0
3250
0
0
15189
3826
20840
4230
0
0
2752
9516
9184
11943
6114
18211
6500
21495
8660
19235
6680
0
15630
22071
0
0
0
14721
19672
0
0
0
8368
25871
0
0
4597
0
18376
0
2254
3687
9550
0
0
0
14662
0
10125
20874
0
0
0
0
13054
0
0
2559
0
3409
5836
0
8428
9934
11970
3547
0
20345
14533
16818
17646
8868
18477
0
0
3527
0
5832
8699
17219
22498
8811
590
2512
3189
7293
16578
719
12162
0
0
2911
21381
0
0
0
0
18573
9774
0
0
0
0
725
0
1626
11247
15283
0
20035
0
21736
13619
1003
16643
0
0
21930
82
0
6498
0
5518
0
1197
13555
10996
20840
22700
15894
17428
0
19723
0
0
0
6965
11586
0
0
20464
0
8671
0
0
0
590
0
17883
18855
2487
0
5750
0
0
2331
0
0
0
6104
2507
3123
0
0
18597
0
1204
5011
0
8137
0
8681
0
0
0
0
15074
0
0
0
5960
0
5300
13547
8933
0
0
18594
10212
0
23626
0
0
14678
24470
0
0
0
21883
9657
11187
18629
0
0
0
0
0
0
0
0
0
10585
16697
0
0
21254
23506
0
0
0
0
8163
0
11854
0
0
9487
0
0
0
0
0
0
10048
0
16849
6881
2957
6064
0
10946
16282
0
10327
22566
0
10111
0
0
0
4730
12480
251
0
2377
6537
19632
7867
0
0
22361
24996
9816
0
17011
19932
0
0
0
0
0
0
0
0
5018
0
10511
0
13965
0
14008
0
0
0
0
0
4028
0
5538
7250
6884
10631
11232
16984
1012
0
3191
0
11346
0
22050
0
0
0
14734
0
0
0
4688
4917
14679
17448
0
9128
0
0
0
0
12930
15797
0
7753
9191
21630
0
16383
0
22914
0
0
27436
0
2678
0
0
23481
25768
0
8279
0
0
20367
22889
12831
23324
1066
0
8755
9527
754
2455
3859
8961
11797
5615
0
10402
0
0
0
0
4154
0
17218
0
1713
3219
0
0
4864
13460
0
19386
0
0
0
0
0
20607
0
0
652
4043
0
0
0
11393
25702
0
2848
0
3049
0
4748
0
0
0
0
9536
10005
0
0
8509
0
335
13057
0
0
0
417
16046
0
0
0
721
0
0
11725
11336
0
0
14346
0
0
360
15174
0
13038
0
0
0
0
0
0
0
0
18570
0
0
0
22853
0
0
0
0
0
0
0
20568
0
0
0
0
1273
0
0
0
0
16213
0
9331
11093
14308
0
7757
0
0
18258
19461
19938
0
16833
22978
0
0
1531
0
5521
6845
0
6402
0
2476
5214
0
23908
0
6171
0
8839
14790
0
19621
0
5414
9842
24069
0
739
0
4463
0
0
0
3811
