1
23
30
129
270
429
516
582
599
658
141
171
222
820
858
995
1006
1094
1218
254
1332
1382
1483
1656
995
1078
1732
1917
2094
1216
2251
2393
1881
1387
2587
2723
2871
256
3008
1960
1406
3183
3207
3383
3478
2896
3629
2971
3009
3760
3796
3957
4069
4211
4329
4366
2221
3926
4464
1408
4547
4685
4717
3073
4886
5016
5104
5284
5457
5559
5688
898
5735
3496
5930
5982
6048
6234
5707
5846
6287
1072
6459
6625
6763
6930
7118
7229
7329
7517
7567
3521
7655
7819
7870
8054
8150
222
304
387
8181
3617
5341
1256
5396
1403
2558
5210
7203
5269
8333
1704
8497
6146
8646
8828
1278
582
7310
8995
477
9064
9263
9317
9515
1614
9713
2582
9785
9907
626
0
0
0
0
633
2605
5088
0
1933
0
2001
9939
0
0
0
0
0
5561
0
0
5445
3030
2187
6729
3071
6938
9798
238
363
0
6857
0
0
4255
0
0
392
0
0
0
4366
0
0
0
18
0
0
0
0
0
0
0
0
0
5048
6158
7267
0
0
4043
7723
1286
0
0
7776
2941
0
5211
3532
0
410
0
0
7058
8192
5510
0
4899
0
0
0
2823
1630
5261
5637
6238
0
1303
9601
0
0
418
1749
7285
1422
0
419
3619
0
1400
0
0
199
228
1768
9353
8784
6004
1433
0
0
1493
0
1538
0
0
0
239
0
0
0
3753
1644
5877
3116
0
1111
6096
0
1801
1850
2362
2413
5168
0
0
3474
6851
6603
4763
6642
4459
5342
1172
6706
0
5969
3909
0
7180
8416
9763
0
385
0
8865
0
2783
2847
0
2732
2815
2527
4808
0
4885
2880
5976
0
4655
0
413
0
474
488
254
266
0
409
0
0
0
1455
0
2606
0
4068
1592
411
4327
419
0
0
6935
4034
0
1985
2102
0
2171
0
1804
1852
1001
5168
503
0
3161
0
1609
1139
0
9543
0
0
2230
427
450
0
1689
0
4459
0
4589
9090
0
451
681
5386
6568
0
1171
0
6330
7600
5244
0
2747
2794
0
4651
128
9312
812
7724
7086
0
465
0
0
0
0
0
8143
0
0
0
0
0
0
4419
8350
702
710
0
785
867
3495
7021
0
0
2716
727
2770
3606
2344
2375
3185
2422
0
3669
7082
8423
0
0
0
0
140
1079
915
739
8901
0
0
0
3267
0
8197
0
0
0
783
840
0
0
1869
5561
884
2346
1961
0
1119
260
0
0
376
0
0
6243
0
0
2456
0
1589
0
0
1801
3139
4085
2267
923
6386
0
0
0
4130
2415
3971
3304
3859
0
0
0
3371
3422
4756
7908
4103
5162
0
6771
7250
0
8096
0
0
0
3949
3984
4870
0
358
0
417
8596
494
0
0
0
0
2873
0
0
4981
5361
0
0
0
501
0
2755
2508
2923
6468
937
0
2510
2546
0
2566
4708
0
4796
6309
2625
638
8015
2998
3176
1812
3034
5141
1611
9420
3223
8578
0
5239
0
0
0
0
0
6401
0
4348
6576
0
2418
2492
0
2033
0
2515
0
0
3951
0
0
0
0
0
1273
1284
0
0
2330
1138
2381
0
0
1406
0
2282
5253
4059
2414
0
6616
0
835
380
419
0
450
0
0
0
1120
7010
0
0
7164
1167
2466
299
0
5026
0
0
0
0
130
2499
2020
2716
3711
9546
0
2557
0
0
2129
2159
0
6832
6160
1153
6973
1030
0
5357
0
0
4068
0
7912
0
3871
0
7060
5740
0
654
0
6304
5501
774
0
0
157
0
0
1782
194
1823
1917
2662
3015
3124
6001
2185
6035
0
6356
0
0
0
210
5640
5693
6074
6118
241
0
0
3975
0
6269
0
0
0
0
1989
159
4839
3757
741
753
796
7707
9687
0
169
196
3266
2654
0
9855
0
861
843
2696
8395
0
3139
0
0
0
387
571
2419
0
0
3483
7553
0
1062
403
0
0
2097
0
0
2199
0
0
3557
0
0
0
0
2108
2487
0
0
3871
5929
7980
3915
5400
5537
3366
9748
3965
8494
1945
0
0
0
5594
0
6358
0
8193
0
2918
0
0
1165
1352
4366
2944
0
2310
0
7164
2178
2406
2217
0
300
0
0
906
0
305
2248
3207
356
6737
7908
4294
0
6506
4416
0
0
0
0
0
7269
0
0
9214
0
5803
0
0
6829
3856
0
371
101
160
7418
6564
5805
822
8225
0
0
0
0
0
0
0
0
0
0
0
6597
218
0
3460
453
0
3529
9112
2217
3859
3924
4526
386
0
531
0
2676
0
352
0
6651
372
0
9172
388
620
847
3179
4783
9621
0
1221
2423
542
6450
648
0
254
1730
5252
0
1664
667
988
3167
0
254
132
342
920
988
2307
4639
183
0
4243
2200
3254
5725
0
2932
3900
0
3928
385
6688
0
1087
4358
0
9203
0
6919
8377
124
0
1473
1274
2979
4094
8629
8702
0
2875
2920
3947
0
2047
2064
3846
8133
0
4471
5690
127
988
0
0
1040
1079
2911
5855
9475
3398
1033
0
0
132
3000
3492
0
0
0
4025
137
0
0
1076
4486
3152
3369
3460
6551
0
398
0
0
960
1051
0
7250
0
0
1102
0
9893
1130
3498
0
0
0
0
420
0
4028
0
4389
8885
0
0
0
0
0
0
3918
1236
1316
1374
2217
189
831
1387
1948
2623
4690
5826
0
6875
9085
1489
1841
2124
3055
0
5372
1826
0
1879
0
1929
141
9704
8395
5538
4393
891
9534
2996
0
3051
0
0
3442
0
0
0
2383
0
0
0
0
0
7140
0
3165
0
1191
0
427
1979
4870
3600
9126
1404
0
1418
3248
5309
0
1431
7208
0
3093
2756
404
3208
3249
3276
0
4605
0
5377
0
0
0
4770
1458
0
0
405
5464
2475
5034
5074
3530
3674
6014
2938
2293
2988
5561
0
8630
907
3589
8935
0
0
0
6310
5668
0
0
7208
3660
2370
2413
439
0
5097
3769
0
445
408
5829
2534
8582
0
7423
0
0
2949
3621
3005
6168
0
0
0
9181
0
7216
0
5567
0
12
0
2308
0
9045
28
31
33
4794
1232
6110
0
1292
0
0
34
0
303
4883
5754
0
0
5575
4933
7330
320
8912
0
0
0
5718
2366
2395
335
0
1149
5717
833
847
885
0
7759
953
8413
8596
1745
0
0
453
0
7562
0
0
0
0
969
0
0
2442
0
993
9706
0
2333
2712
4163
6304
6975
0
999
0
9153
7711
1367
0
5886
0
0
0
0
1206
691
0
0
2725
1886
1955
91
3705
4986
40
6984
823
8007
3220
5935
0
5671
5742
8353
9294
0
280
0
0
0
712
0
404
2205
3526
3164
2275
9149
0
0
8122
3238
7322
0
0
2760
0
2025
6775
8485
8569
97
2120
0
0
0
4165
0
6399
0
5528
3101
660
2483
6683
731
3432
6305
4503
0
0
6866
0
0
6243
5187
6624
7880
0
8974
5412
4551
656
2052
2116
0
4436
7109
9826
0
0
0
0
0
92
0
341
8974
884
0
0
0
473
0
7907
0
1078
6259
354
2666
7824
2710
7461
518
7718
1045
1136
6927
999
1061
0
2361
0
5419
2419
9173
0
9602
0
0
0
0
0
0
0
0
944
0
718
725
1899
1243
1549
6566
361
2173
2818
0
1846
1114
0
7195
1878
8744
0
0
1899
2889
0
2209
0
0
0
0
3740
0
4542
4614
5060
