1
66
106
56
113
130
184
266
287
323
370
382
425
439
498
586
635
681
517
619
542
704
738
826
38
123
189
231
235
262
318
414
896
463
624
704
0
0
278
279
360
394
653
281
466
326
502
406
538
123
633
30
71
125
175
220
247
272
492
541
626
688
775
14
108
158
246
317
356
824
133
892
0
912
377
0
0
102
0
530
611
672
611
680
147
162
715
0
0
0
0
0
0
4
24
124
0
0
0
0
0
170
192
256
0
753
802
0
745
802
827
845
153
0
0
0
0
0
0
0
0
781
796
664
237
273
324
522
376
585
189
199
212
264
232
268
285
326
676
391
0
495
569
638
831
0
0
522
424
618
0
53
134
185
307
239
397
0
0
139
154
178
0
224
0
449
685
706
392
333
383
489
415
812
844
571
278
314
345
405
2
433
871
0
0
0
176
0
40
0
5
210
233
502
758
514
756
439
928
0
0
0
916
0
0
0
794
4
274
424
515
533
508
603
0
54
207
218
248
294
251
52
286
385
0
0
482
0
0
0
0
676
63
733
757
840
332
398
15
435
33
148
232
42
513
315
51
581
644
52
434
573
587
653
736
882
509
0
570
646
875
69
106
273
56
85
368
124
468
551
634
80
178
254
314
403
359
414
302
599
680
736
834
0
305
392
435
446
467
514
535
527
611
102
199
1
23
107
111
115
195
199
288
336
388
212
214
293
364
484
441
522
290
610
505
12
59
77
520
601
686
95
587
470
536
101
631
655
213
285
118
240
251
235
273
119
251
120
299
350
353
397
446
463
194
563
605
657
741
769
833
101
887
0
0
0
105
108
0
0
0
609
649
247
335
392
725
5
17
799
427
288
323
517
405
31
41
446
354
748
804
412
846
42
0
878
0
0
0
0
0
110
906
0
0
967
979
0
218
0
0
0
251
111
842
604
114
860
289
347
371
876
939
0
0
0
409
423
587
332
334
365
464
830
167
173
218
232
244
276
336
382
532
402
421
518
562
586
647
433
531
554
581
725
622
695
803
720
41
64
87
167
183
539
269
275
315
615
711
402
408
695
895
0
944
784
684
728
770
779
0
0
0
834
0
0
0
611
137
167
200
254
315
596
633
501
372
537
516
578
51
653
140
712
143
156
204
293
392
462
207
505
541
588
120
128
209
76
159
176
190
215
266
299
361
404
437
537
686
197
211
260
567
6
0
769
14
303
645
0
585
13
78
96
170
205
674
756
0
32
703
217
46
74
122
199
248
250
320
356
510
623
381
156
203
208
247
320
712
777
842
0
18
46
123
189
211
250
318
399
437
827
114
172
203
282
288
364
374
447
502
632
530
575
0
678
585
735
773
112
200
236
481
251
372
284
466
501
581
785
530
647
687
73
381
409
508
295
645
713
456
509
305
104
520
330
848
561
902
123
145
208
235
239
351
426
497
577
213
592
690
716
790
590
688
64
158
223
257
808
0
0
575
612
624
645
695
714
779
0
813
904
0
0
0
768
849
116
0
121
199
285
384
946
987
0
0
0
322
0
0
0
345
351
0
370
0
0
0
0
0
0
0
0
377
141
206
207
272
545
274
421
352
23
76
154
225
441
457
535
103
147
98
193
563
629
665
0
267
287
187
202
667
694
531
572
263
789
615
656
675
742
797
826
874
390
935
0
0
987
0
0
0
0
0
221
395
672
705
708
0
726
802
0
829
138
151
241
490
373
578
638
647
0
836
508
584
662
707
738
0
834
171
0
220
0
529
0
598
244
0
694
778
0
0
209
304
115
207
306
340
353
392
0
290
54
61
140
224
245
559
416
363
597
377
110
696
76
85
120
191
194
199
115
127
299
399
542
620
270
346
714
403
754
480
489
553
587
639
780
667
307
866
672
748
433
405
842
146
659
757
785
838
911
410
941
0
264
269
324
333
341
366
373
758
797
177
855
895
0
928
0
554
587
654
743
0
462
244
57
303
361
478
528
588
91
0
0
401
827
918
0
412
114
661
604
751
0
0
0
0
0
0
0
0
0
10
84
157
0
756
155
191
355
351
362
420
489
556
175
50
196
279
365
60
648
806
321
383
436
63
503
521
223
270
610
23
117
164
223
226
271
745
811
363
679
746
806
382
444
683
779
904
838
502
0
0
0
0
413
543
23
79
148
373
548
617
710
193
200
247
315
350
208
441
693
476
765
794
510
839
872
0
0
960
0
0
0
0
516
0
977
0
806
0
0
0
0
0
0
0
0
94
154
160
244
361
426
495
904
0
0
0
314
0
0
159
184
222
249
250
350
360
382
707
807
592
906
0
633
0
0
341
139
0
206
228
283
293
393
657
372
435
715
0
0
463
489
522
0
566
609
453
648
480
117
137
204
2
33
107
560
572
593
668
725
751
179
839
893
148
152
200
210
213
223
284
371
376
670
690
444
475
498
538
688
389
479
593
495
786
501
869
192
269
317
213
240
10
21
101
127
321
403
208
199
219
311
492
563
331
0
478
495
509
583
595
605
825
694
849
0
883
0
959
211
264
361
380
0
35
0
0
48
0
85
146
174
198
264
123
0
0
331
343
72
127
158
223
283
443
560
465
647
450
732
0
0
295
520
568
590
635
700
498
595
559
610
792
186
206
220
259
827
280
887
0
0
0
0
0
0
0
0
0
943
817
187
245
290
348
598
630
681
707
735
12
760
814
96
98
572
597
103
631
122
716
0
0
0
0
0
164
0
242
302
0
426
495
779
353
0
318
0
0
555
0
223
315
409
461
788
0
551
0
0
422
438
569
697
0
123
0
484
743
0
845
901
383
459
499
521
576
0
124
665
688
231
262
0
117
160
205
290
345
0
0
412
424
447
0
0
770
0
0
36
100
175
186
317
343
412
453
0
198
500
960
842
0
855
0
0
773
0
27
0
71
0
40
155
125
180
235
305
437
0
838
0
321
918
0
0
0
0
723
809
402
0
58
125
210
212
224
313
0
150
156
252
1
71
130
147
314
331
380
725
734
794
114
131
883
120
163
565
627
663
706
742
132
188
244
299
309
0
814
950
0
642
721
213
281
737
827
370
894
0
0
0
0
725
0
0
0
304
362
101
113
124
200
0
0
246
285
14
91
0
0
145
0
304
589
615
0
0
0
0
0
881
381
392
413
485
199
948
548
479
509
296
0
10
26
0
51
496
162
199
118
556
570
639
648
0
0
916
0
110
780
206
706
773
799
263
625
721
847
727
764
0
0
0
