Oil : 57226
1 10
2 10
3 10
3 11
4 8
4 9
4 10
4 11
5 8
5 9
5 10
5 11
6 8
6 9
6 10
6 11
7 8
7 9
7 10
7 11
7 12
7 13
8 7
8 8
8 9
8 10
8 11
8 12
8 13
9 7
9 8
9 9
9 10
9 11
9 12
9 13
10 7
10 8
10 9
10 10
10 11
10 12
10 13
11 7
11 8
11 9
11 10
11 11
11 12
11 13
12 2
12 3
12 4
12 5
12 6
12 7
12 8
12 9
12 10
12 11
12 12
12 13
13 2
13 3
13 4
13 5
13 6
13 7
13 8
13 9
13 10
13 11
13 12
13 13
14 1
14 2
14 3
14 4
14 5
14 6
14 7
14 8
14 9
14 10
14 11
14 12
14 13
15 2
15 3
15 4
15 5
15 6
15 7
15 8
15 9
15 10
15 11
15 12
15 13
