2147482913
2147483645
2147483008
2147482845
2147483645
2147483624
2147483624
2147483483
2147483645
2147453454
2147483624
2147483564
2147483008
2147480133
2147436909
2147483008
2147474168
2147483008
2147482275
2147482240
2147483624
2147482845
2147483624
2147483483
2147483645
2147483645
2147483624
2147483483
2147483645
2147482913
2147483624
2147483483
2147483624
2147483564
2147483564
2147483645
2147482913
2147477462
2147482575
2147482615
2147483593
2147477462
2146997070
2147483483
2147428850
2147483483
2147461530
2147483564
2147483483
2147483645
2147454383
2147483645
2147482845
2147482913
2147483483
2147483483
2147483008
2147482381
2147483008
2147483483
2147483593
2147481134
2147468117
2147483483
2147483564
2147483008
2147483624
2147483564
2147482913
2147483645
2147482845
2147472628
2147483564
2147478757
2147483483
2147483645
2147470320
2147483564
2147483624
2064842126
2147483624
2141835305
2147470048
2147483483
2147483593
2147483624
2147483593
2147483483
2147483645
2147463932
2147483564
2147483483
2147483483
2147483008
2147483624
2147483564
2147483624
2147483645
2147483483
2147483624
2147483483
2147481540
2147483008
2147482913
2147483624
2147470051
2147483564
2147483624
2147483483
2147483593
2147483564
2147483008
2147483624
2147483008
2147482275
2147473126
2147483483
2147483008
2147483624
2147483483
2147483483
2147483624
2147478757
2147483645
2147483645
2147483564
2147483483
2147483624
2147483624
2147483624
2147483645
2147483564
2147483645
2147483645
2147483645
2147481056
2147482615
2147483624
2147483624
2147483564
2147476040
2147483624
2147483008
2147483483
2147483645
2147473904
2147482913
2146719186
2147386037
2147477462
2147483008
2147483008
2146834811
2147483483
2147473172
2147483483
2147483645
2147483564
2147483624
2147476040
2147482275
2147483008
2147442184
2147483564
2147483483
2147483483
2147482845
2147482845
2147482913
2147483645
2147483483
2147483008
2147483483
2147483624
2147483645
2147483483
2147483483
2147482845
2147483483
2147473126
2147398952
2146737887
2147483593
2147483564
2147482913
2147480133
2147461107
2147483564
2147483564
2147483008
2147483483
2147461530
2147482615
2147483008
2147483593
2147483008
2147483483
2147483624
2147483645
2147482845
2147483483
2147483564
2147465521
2147483645
2147483645
2147483483
2147483645
2147483564
2147483645
2147483483
2147483624
2147483593
2147447448
2147480133
2147483564
2147483564
2147483564
2147483483
2147482913
2147455160
2147483593
2147483483
2147483564
2146740566
2147482575
2147482166
2147483483
2147483645
2147483645
2147483008
2147483483
2147483624
2147481540
2147480133
2147483483
2147483483
2147476040
2147483624
2147483483
2147483645
2147483483
2147476040
2147483564
2147483564
2147483564
2147483624
2147483645
2147480133
2147467453
2147483645
2147483008
2147483483
2147482381
2147483645
2147483645
2147483593
2147483483
2147483645
2147483645
2147483645
2147483645
2147483564
2147483564
2147457761
2147483645
2147482913
2147483483
2147483483
2147483483
2147483593
2147481540
2147483483
2147483593
2147483624
2147480133
2147483624
2147465390
2147483483
2147482913
2147483645
2147483564
2147483593
2147483483
2147483645
2147482845
2147483483
2147470051
2147483008
2147483645
2147483483
2147483624
2147483008
2147472152
2147483645
2147483645
2147483645
2147483645
2147483645
2147483564
2147483483
2147483008
2147483645
2147483624
2147483483
2147483645
2147483624
2147483624
2147483624
2147481540
2147483564
2147483008
2147483483
2147483564
2147481540
2147483593
2147483483
2147482845
2147483483
2147483483
2147483483
2147483483
2147483008
2147447719
2147483593
2147483624
2147482275
2147483483
2147483008
2147483645
2147483008
2147482913
2147482913
2147457773
2147482845
2147483008
2147481540
2147482913
2147483624
2147482845
2147483483
2146945247
2147483624
2147482913
2147483645
2147483645
2147483645
2147483483
2147483483
2147483645
2147482913
2147483645
2147470051
2147483645
2147465390
2147483008
2147481744
2147077062
2147483645
2147483645
2147483008
2147483564
2147483624
2147483645
2147483483
2147473126
2147483483
2147483645
2147482877
2147398952
2147483483
2147483008
2147483645
2147369475
2147483483
2147483624
2147483624
2147475416
2147482845
2147483624
2147483008
2147483483
2147483564
1879805346
2147483483
2147483564
2147483483
2147483483
2147483483
2147483564
2147483008
2147483008
2147483483
2147483645
2147483483
2147483008
2147483624
2145066885
2147483564
2147483624
2147483624
2147483483
2147483008
2147482913
2147482845
2147483645
2147470048
2147482913
2147483564
2147483483
2147482845
2147483624
2147483624
2147483593
2147482615
2147483483
2147404185
2147483564
2147454241
2147483008
2147477462
2147473126
2147483624
2147483624
2147483564
2147483624
2147473172
2147483564
2147265212
2147483483
2147483008
2147483645
2147483564
2147482240
2147483645
2147483564
2147483593
2147483008
2147483645
2147477462
2147483483
2147482913
2147482913
2147482845
2147483008
2147461107
2147483483
2147483645
2147483483
2147430676
2147483624
2147483483
2147476040
2147483008
2147483483
2147480761
2147483564
2147483624
2147383194
2147481540
2147406845
2147453663
2147457761
2147453663
2147360827
2147483624
2147482845
2147470320
2147483008
2147483645
2147462508
2147483483
2147483593
2147441739
2147464023
2147483483
2147483593
2147483483
2147483008
2147482275
2147483483
2147483483
2147411116
2147483624
2147483483
2147411116
2147483483
2147483645
2147483624
2147483593
2147478757
2147483593
2147476098
2147483564
2147483564
2147482233
2147483624
2147483593
2147483008
2147483624
2147480087
2147483483
2147483593
2147483624
2147483624
2147388820
2147483564
2147483645
2147483645
2147483624
2147480133
2147483483
2147483645
2147483645
2147483593
2147482845
2147483645
2147483645
2147483483
2147483645
2147482166
2147483008
2147483645
2147483008
2147483483
2147483483
2147483483
2147483483
2147483564
2147483008
2147483008
2147483593
2147482913
2147483564
2147482575
2147483564
2147483624
2147482913
2147483483
2147483645
2147482913
2147483564
2147482913
2147483564
2147483483
2147483008
2147483483
2147483008
2147483645
2147483624
2147482913
2147482913
2147081737
2147483624
2147483645
2147476369
2147483483
2147483645
2147404185
2147276445
2147482575
2147482381
2147483593
2147483483
2147483008
2147483645
2147483645
2147483483
2147483593
2147483483
2147483624
2147483008
2147483483
2147387059
2147483593
2147483008
2147354463
2147482381
2147483645
2147483645
2147483483
2147483624
2147482845
2147483483
2147483645
2147483483
2147483645
2147482845
2147483645
2147483483
2147483483
2147483008
2147482913
2147457773
2147475140
2147482913
2147483593
2147483624
2147483645
2147483645
2147482913
2147483645
2147456243
2147479636
2147483645
982486765
2147479636
2147463932
2147483564
2147482845
2147483483
2147483483
2147483645
2147483624
2147483008
2147482913
2147481540
2147470051
2147334022
2147483645
2147483624
2147483008
2147483564
2147483624
2147457773
2147483483
2147482845
2147478757
2147483008
2147483483
2147483483
2147483624
2147483645
2147483645
2147483624
2147483483
2147483483
2147483008
2147483624
2147480761
2147483008
2147483624
2147483483
2147483483
2147483593
2147483645
2147483593
2147482575
2147478757
2147482913
2147483645
2147483645
2147483593
2147482166
2147483483
2147482913
2147481056
2147483564
2147470051
2147483593
2147483483
2147483008
2147483645
2147482845
2147483483
2147422360
2147483564
2147483624
2147483483
2147476040
2147481540
2147185051
2147483008
2147483645
2147483624
2147483645
2147483624
2147483483
2147483624
2147482913
2147483645
2147483008
2147483624
2147483624
2147483483
2147483624
2147483483
2147483564
2147483645
2147483624
2147480768
2147483483
2147483645
2147482913
2147483593
2147483564
2147483483
2147483483
2147483483
2147478757
2147483645
2147455160
2147483483
2146476094
2147482845
2147483593
2147483645
2147482845
2147483483
2147483008
2147483624
2147483624
2147483564
2147483564
2147482845
2147482615
2147483483
2147483645
2147482845
2147483564
2147482615
2147483645
2147483645
2147483483
2147483483
2147483564
2147483645
2147429008
2147483483
2147482913
2147483564
2147314709
2147483593
2147483645
2147482913
2147482913
2147483008
2147483564
2147464023
2147483483
2147483483
2147482845
2147428570
2147483483
2147482845
2147477810
2147483624
2147483483
2147483483
2147482845
2147483593
2147483008
2147483483
2147482166
2147483645
2146633063
2147481252
2147483008
2147483593
2147483008
2147483483
2147483483
2147483624
2147482913
2147483645
2147480133
2147483008
2147483483
2147428850
2147483564
2147482913
2147483483
2147483624
2147483008
2147483645
2147483483
2147411116
2147483645
2147483564
2147483008
2147482615
2147483483
2147482240
2147483564
2147483645
2147482845
2147482913
2147483483
2147483645
2147474168
2147483593
2147483593
2147483624
2147473172
2147480133
2147483645
2147483008
2147483564
2146171780
2147483483
2147483483
2147366691
2147482913
2147482913
2147483645
2147483593
2147483564
2147483564
2147482166
2147483645
2147483645
2147483564
2147483564
2147483564
2147482913
2147483008
2147483624
2147483593
2147483593
2147482275
2147482913
2147483645
2147483564
2147483008
2147483483
2147476040
2147478009
2147483008
2147483593
2147482845
2147483624
2147483483
2147481056
2147482275
2147457761
2147483645
2131137853
2147483008
2147482913
2147483624
2147483008
2147447934
2147483483
2147483645
2147483483
2147483645
2131823283
2147483008
2147483624
2147481056
2147483564
2147483645
2147483483
2147483008
2147482166
2147483645
2147483483
2147477810
2147483483
2147482615
2147483483
2147483645
2147483624
2147482913
2147483564
2147483645
2147483564
2147483624
2147483483
2147453663
2147482845
2147483645
2147482240
2147482913
2147459769
2147459769
2147483483
2147483645
2147483645
2147428850
2147483008
2147470320
2147483645
2147483483
2147483483
2147483564
2147483624
2147483564
2147483645
2147483483
2147483593
2147483645
2147482913
2147483624
2147483624
2147483483
2147483564
2147483624
2147483593
2147483624
2147483645
2147483624
2147483008
2146512898
2147483645
2147483008
2147483564
2147479725
2147404185
2147482913
2147483008
2147482913
2147483564
2147483645
2147483483
2147483008
2147482575
2147367364
2147482166
2147476369
2147483483
2146817836
2147483645
2147483483
2147483564
2147482913
2147480087
2147472717
2147478104
2147476040
2147480768
2147483645
2147482381
2147483483
2147483008
2147483645
2147483624
2147482615
2147483593
2147483008
2147476040
2147478757
2147482845
2147483483
2147483483
2147483624
2147483008
2147482913
2147478757
2147483564
2147483645
2147140237
2147483564
2147483624
2147476369
2147483483
2147483008
2147483008
2147482845
2147468117
2147483593
2147483008
2147483008
2147483593
2147465390
2147481540
2147470987
2147483593
2147483645
2147483624
2147452580
2147439673
2147483008
2147483645
2147483483
2147483645
2147483624
2147483483
2147483564
2147483645
2147045954
2147483483
2147483645
2147483483
2147482166
2147483593
2147483645
2147482845
2147483564
2147483483
2147454383
2147483483
2147483483
2147483564
2144804273
2147483008
2147482913
2147470051
2147483593
2147483645
2147482615
2147483624
2147481056
2147482913
2147480133
2147483624
2147483483
2147476369
2147483008
2147457761
2147483483
2147482913
2147483008
2147483624
2147483624
2147483483
2147483564
2147483645
2147483483
2147483645
2147482166
2147378869
2147453819
2147468117
2147483483
2147483624
2147482275
2147483645
2147483624
2147475416
2147483008
2147483483
2147483624
2147483624
2147483008
2147482913
2147483483
2147481056
2147483008
2147470051
2147483008
2147473904
2146601759
2147483645
2147483593
2147482913
2147483645
2147483483
2147483483
2147483645
2147482166
2147483008
2147481540
2147483483
2147483008
2147483483
2147483483
2147461530
2147483645
2147483483
2147483483
2147483645
2147483645
2147481540
2147482913
2147483008
2147483483
2147075143
2147483483
2147482845
2147453454
2147483645
2147483645
2147483624
2147483008
2147483483
2147483645
2147483483
2147483624
2144058434
2147482913
2147482845
2147483564
2147476040
2147481540
2147482845
2147483645
2147483564
2147398952
2147483564
2147483624
2147483624
2147480133
2147483483
2147483624
2147483645
2147483483
2147482913
2147483624
2147483564
2147478757
2147483624
2147469486
2147481056
2147483483
2147483564
2147483483
2147483564
2147482913
2147483483
2147483624
2147483483
2147170482
2147480133
2147483645
2147483008
2147483483
2147483624
2147483483
2147483624
2147483483
2147483564
2147483645
2147482381
2147482381
2147483645
2147483008
2147483483
2147482166
2147483624
2147483483
2147483624
2147483564
2147483645
2147483008
2147483008
2147476098
2147483483
2147483645
2147480133
2147482913
2147482615
2147466923
2147483483
2147483624
2147483008
2147482845
2147483483
2147483483
2147482275
2147483624
2147483483
2147483483
2147483008
2147483483
2147480133
2147483008
2147483645
2147483008
2147483564
2147483645
2147483483
2147483008
2147470987
2147483624
2147403558
2147479725
2147483645
2147483483
2147483564
2147482913
2147483645
2147483564
2147483483
2147483624
2147480087
2147473172
2147483483
2147482845
2147483593
2147436909
2147483564
2147483624
2147483008
2147483624
2147483624
2147483483
2147483624
2147482845
2147483483
2147483483
2147482845
2147483008
2147483624
2147481540
2147483645
2147483645
2147483645
2147483008
2147483483
2147483564
2147483483
2147483624
2147483483
2147483008
2147483645
2147483008
2145935367
2147483483
2147483483
2147483624
2147483645
2147461107
2147482913
2147483645
2147412003
2147483564
2147483564
2147483008
2147483483
2147483624
2147483483
2147483645
2147483483
2147366691
2147483645
2147481540
2147483645
2147483483
2147483483
2147483624
2147483483
2147483645
2147483483
2147476040
2147482877
2147480133
2147482575
2147482913
2147475486
2147483593
2147483645
2147483008
2147483624
2147483564
2147453819
2147483564
2147482913
2147483483
2147483564
2147483645
2147483645
2147483483
2147483645
2147483483
2147483645
2147483593
2147482913
2147459769
2147483645
2147483593
2147483645
2147483483
2147476040
2147483645
2147483483
2147481056
2147483645
2147483645
2147314709
2147483645
2147474062
2147483483
2147483624
2147483624
2147483645
2147483483
2147483624
2147483483
2147473172
2147482845
2147398952
2147483564
2147483645
2147483624
2147483008
1978940439
2147483564
2147483564
2147470922
2147483483
2147480133
2147483008
2147483645
2147483624
2147483645
2147483564
2147483645
2147483593
2147483624
2147483483
2147398952
2147480083
2147476040
2147482845
2147482913
2147483483
2147483624
2147483008
2147483564
2147483483
2147483645
2147482166
2147483645
2147462508
2147483564
2147483008
2147483483
2147483564
2147483564
2147472717
2147483483
2147483483
2147454383
2147482913
2147483645
2147483483
2147483624
2147483645
2147483624
2147482275
2147483483
2147483008
2147483564
2147483483
2147483564
2147483624
2147480087
2147482845
2147483645
2147483564
2147483645
2147483593
2147483564
2147476040
2147483483
2147482913
2147483483
2147483564
2147483645
2147483624
2147483624
2147292416
2147482166
2147482166
2147483593
2147483564
2147473172
2147483008
2147472717
2147482913
2147483483
2147483624
2147483008
2147483645
2147480133
2147459769
2147483624
2147482845
2147483008
2147483593
2147483645
2147483483
2147483483
2147476040
2147483483
2147483483
2147482913
2147483624
2147483624
2147483483
2146435696
2147483008
2147483645
2147483008
2147483483
2147483624
2147483645
2147473904
2147483483
2147483645
2147075143
2147470048
2147483008
2147483483
2147478757
2147482166
2147483624
2147483483
2147483645
2147483008
2147483564
2147483008
2147482913
2147483564
2146420046
2147483593
2147483483
2147483564
2147483564
2147483645
2147483483
2147482845
2147482575
2147455160
2147483624
2147483624
2147428850
2147483645
2147483645
2147483645
2147483645
2147483645
2147483483
2147483483
2147483483
2147483008
2147483564
2147476098
2147483483
2147480133
2147483564
2147483483
2147483483
2147356433
2147483593
2147483624
2147184082
2147483645
2147483008
2147482913
2147482615
2147483483
2147483645
2147483483
2147482913
2147483624
2147483624
2147483645
2147483564
2147483645
2147483564
2147483483
2147483483
2147483008
2147483483
2147482913
2147483008
2147482913
2147483645
2147463611
2147483645
2147473172
2147483483
2147462508
2147483483
2147482845
2147141134
2147483624
2147483645
2147459769
2147483624
2147483483
2147482913
2147482913
2147483645
2147474168
2147482845
2147483593
2147483483
2147475140
2147476040
2147483564
2147483593
2147483483
2147475416
2147482913
2147482845
2147483624
2147483593
2147483564
2147483008
2147470051
2147482913
2147483645
2147355461
2147479725
2147483624
2147482845
2147482913
2147483624
2147476369
2147483008
2147483483
2147483624
2147483483
2147483624
2147483564
2147483593
2147482913
2147482845
2147482913
2147482166
2147483564
2147483483
2147483593
2147483624
2147483624
2147483483
2147483008
2147483008
2147483645
2147483645
2147483645
2147483564
2147482275
2147483645
2147428850
2147441577
2147483645
2147482166
2147483483
2147483008
2147483008
2147483645
2147482615
2147483593
2147482845
2147480133
2147483624
2147427093
2147483008
2147475486
2147483564
2147483645
2147483624
2147478757
2147482913
2147476040
2147483645
2147482845
2147483645
2147453663
2147483483
2142886756
2147483645
2147483008
2147481056
2147483483
2147483564
2147483483
2147477810
2147483593
2147483564
2147483564
2147470922
2147483564
2147483593
2147483483
2147483624
2147483483
2147483008
2147483483
2147483483
2147483483
1945351451
2147483483
2147478757
2147483483
2147476040
2147483645
2147483008
2147483564
2147483624
2147481540
2147476098
2147482913
2147483564
2147483645
2147483645
2147483008
2147483564
2147483483
2147483564
2146884092
2147480133
2147483008
2147483645
2147403558
2147483593
2147483564
2147483008
2147483624
2147483645
2147483008
2147483624
2147482913
2147483624
2147483564
2147483483
2147483645
2147483593
2147482913
2147482845
2147480133
2147483645
2147483645
2147483564
2147483483
2147483483
2145920114
2147483645
2147482913
2147483645
2147483645
2147483483
2147483593
2147483564
2147483008
2147482275
2147483483
2147482615
2147480133
2147483564
2147483564
2147450704
2147461530
2147483483
2147482845
2147483483
2147482845
2147479725
2147483624
2147483483
2147483483
2147482913
2147483645
2147482166
2147483645
2147483008
2147483483
2147483483
2147465521
2147454383
2147483645
2147461107
2147483564
2147482913
2147483483
2147480083
2147464893
2147483624
2147483008
2147483645
2147482913
2147483624
2147481744
2147483008
2147483593
2147482913
2147483624
2147483008
2147482615
2147483483
2147483624
2147483008
2147483624
2147483593
2147462508
2147482575
2147483645
2147483624
2147483483
2147483483
2147483645
2147483645
2147482166
2147483645
2147482381
2147483008
2147483483
2147483483
2147483564
2147483483
2147483645
2147481540
2147483645
2147483483
2147482913
2147483624
2147483008
2147483624
2147472628
2147482845
2147483593
2147478757
2147482913
2147483483
2147481540
2147482913
2147483624
2147483624
2147483593
2147483483
2147483008
2147483564
2147483483
2147482615
2147475140
2147483593
2147483645
2147483624
2147483645
2147483645
2147467969
2147482166
2147473172
2147483645
2147483645
2147483008
2147482575
2147482166
2147483593
2147483008
2147483483
2147483593
2147483564
2147483645
2147472628
2147483645
2145704753
2147482845
2147481540
2147482845
2147483645
2147482845
2147483645
2147483483
2147483564
2147482913
2147482845
2147483483
2147483008
2147482913
2147482845
2147483483
2147483008
2147483483
2147483483
2147464023
2147483008
2147464744
2147483624
2147483483
2147483483
2147482913
2147483624
2147482845
2147476040
2147476040
2147483624
2147483008
2147459769
2147483564
2147482913
2147483483
2147483624
2147483483
2147483645
2147483624
2147483624
2147483483
2147483483
2147483645
2147475486
2147477810
2147483008
2147482913
2147483624
2147483624
2147483483
2147483564
2147483624
2147483645
2147483564
2147483645
2147482166
2147483624
2147483483
2147483483
2147483483
2147483645
2147483483
2147483483
2147483008
2147483483
2147483624
2147473030
2147483624
2147472717
2147483645
2147483593
2147483483
2147482845
2147483645
2147483564
2147483645
2147483624
2147477810
2147483624
2147483008
2147483483
2147483645
2147476040
2147483483
2147483483
2147483624
2147483624
2147483645
2147483483
2147483645
2147483483
2147483624
2147482913
2147483564
2147482913
2147483624
2147483008
2147483624
2147480083
2147483483
2147483008
2143451276
2147483624
2147483645
2147483624
2146315928
2147483624
2147483564
2147480083
2147483483
2147483645
2147483593
2147462508
2147483645
2147482913
2147483483
2147472367
2147479725
2147483624
2147483624
2147481252
2147483624
2147482913
2147483645
2147482913
2147453819
2147483483
2147483008
2147483483
2147483008
2147483483
2147483483
2147483483
2147483593
2147383043
2147483593
2147483008
2147483645
2147481252
2147483624
2147483483
2147483645
2147461107
2147483483
2147482913
2147483483
2147482275
2147483645
2147483008
2147482913
2147483624
2147483564
2147482913
2147483483
2147483624
2147483483
2147483624
2147459769
2147483564
2147326467
2147483645
2147483483
2147483564
2147483645
2147483483
2147483483
2147483624
2147482845
2147483008
2147483645
2147483645
2147483593
2147483008
2147483483
2147483645
2147483645
2147483008
2147483008
2147483483
2147483593
2147386037
2147483645
2147483008
2147457761
2147483483
2147483645
2147483483
2147483624
2147483008
2147483645
2147482913
2147483645
2147483645
2147483483
2147483624
2147483483
2147483008
2147483624
2147483564
2147482913
2147482913
2147483624
2147483564
2147483008
2147483483
2147483645
2147366691
2147481252
2147482575
2147478104
2147482381
2147476040
2147455025
2147482381
2147483008
2147483645
2147483483
2147483624
2147483645
2147462651
2147483483
2147482913
2147483624
2147480768
2147483624
2147483008
2147480133
2147483624
2147481056
2147483564
2147483008
2147436909
2147483624
2147482913
2147473904
2147455757
2147483483
2147483008
2147483645
2147481540
2147483645
2147483645
2147457761
2147383043
2147482615
2147482913
2147483645
2147477810
2147476040
2147483483
2147483483
2147483483
2147483483
2147483645
2147456668
2147482845
2147483645
2147483593
2147483564
2147473126
2147483624
2147480133
2147483645
2147483483
2147483564
2147482913
2147483483
2147483483
2147482166
2147457761
2147483564
2147483008
2147483645
2147483645
2147482913
2147483593
2147483483
2147483483
2147281620
2147472367
2147482166
2147483008
2147483645
2147441473
2147483483
2147483564
2147483645
2147483624
2147483483
2147483645
2147476369
2147483483
2147483624
2147483483
2147457773
2147481056
2147483645
2147478757
2147483483
2147482913
2147483483
2147483645
2147483645
2147483483
2147483483
2147483483
2147478104
2147482845
2147483645
2147473172
2147483645
2147483624
2147483483
2147470048
2147483483
2147482240
2147483645
2147483008
2147483483
2147483624
2147483624
2147483564
2147483483
2147483645
2147457761
2147483624
2147483483
2147326467
2147483645
2147483645
2147483483
2147483008
2147474168
2147475140
2147483008
2147483483
2147483645
2147483645
2147483008
2147483483
2147483624
2147483645
2147483008
2147477462
2147480761
2147483645
2147426646
2147482240
2147470048
2147481275
2147483645
2147483624
2147483645
2147483483
2147483624
2147482913
2147483483
2147483483
2147483624
2147482166
2147483483
2147481540
2147483645
2147482166
2147467453
2147483483
2147483593
2147483008
2147482913
2147483483
2147476040
2147483593
2147483645
2147483564
2147482913
2147477462
2147482845
2147483564
2147482913
2147483624
2147483008
2147483624
2147483483
2147483624
2147480133
2147472367
2147355461
2147483483
2147460020
2147482845
2147483624
2147483593
2147483564
2147482913
2147482166
2147482845
2147483624
2147483645
2147483564
2147483564
2147483645
2147482913
2147483483
2147483483
2147481056
2147475980
2147482845
2147483564
2147483645
2147483564
2147483645
2147482913
2147483624
2147482845
2147483008
2147277829
2147483483
2147483483
2147483008
2147477810
2147472717
2147483645
2147483645
2147483008
2147483624
2147483645
2147483564
2147477462
2147483645
2147483564
2147482575
2147483645
2147483008
2147483008
2147483483
2147483624
2147483008
2147482615
2147414272
2147483593
2147459769
2147482913
2147483008
2147483483
2147465521
2147483593
2147483645
2147483564
2147483624
2147478757
2147483483
2147483483
2147483624
2147483593
2147207287
2147483645
2147483483
2147482913
2147483564
2147483008
2147483008
2147483008
2147470051
2147483483
2147483624
2147482913
2147483624
2147483483
2147483483
2147483645
2147482913
2147483483
2147473904
2147483008
2147483624
2147482845
2147483483
2147474168
2147483483
2147483483
2147483483
2147483645
2147483008
2147483645
2147482913
2147483645
2147482240
2147483593
2147483483
2147482845
2147284721
2147475140
2147483624
2147483483
2147475416
2147482615
2147482381
2147330961
2147483624
2147483483
2147483624
2147483483
2147479725
2147464744
2147483483
2147483483
2147483008
2147482913
2147483624
2147483483
2147464023
2147475486
2147464744
2147483008
2147483483
2147483624
2147483645
2147479636
2147483645
2147483624
2147482166
2147483624
2147483564
2147483008
2147483593
2147483593
2147482913
2147470051
2147397735
2147483483
2147478104
2147483564
2147483483
2147483564
2147483483
2147375066
2147460698
2147482275
2147483645
2147481540
2147483645
2147481056
2147483624
2147481056
2147483483
2147483593
2147482913
2147483624
2147483645
2147483624
2147483645
2147482913
2147483645
2147483483
2147483483
2147483624
2147483483
2147482913
2147483645
2147476040
2147483008
2147483483
2147473172
2147483624
2147483564
2147478104
2147483483
2147473126
2147483483
2147483564
2147483624
2098477141
2147483564
2147481540
2147483624
2147483645
2147457773
2147483483
2147455025
2147483483
2147483645
2147483645
2147483645
2147483645
2147483564
2147480087
2147483564
2147483624
2147483645
2147483645
2147483564
2147483564
2147482913
2147483624
2147483483
2147483008
2147483645
2147483483
2147441739
2147482913
2147483624
2147483624
2147482913
2147482913
2147483483
2147472628
2147483483
2147483483
2147482913
2147461530
2144512402
2147483564
2147459769
2147482913
2147482913
2147483483
2147482240
2147482381
2147483008
2147483008
2147483008
2147483624
2147483645
2147482845
2147482166
2147483483
2147462508
2147483483
2147483624
2147483483
2147483483
2147483624
2147459769
2147483624
2147483564
2147482913
2147483645
2147483483
2147483624
2147483593
2147483645
2147483624
2147482913
2147483564
2147483483
2147482275
2147107346
2147483008
2147483483
2147476040
2147482913
2147454204
2147483645
2147483564
2147483624
2147483645
2147483008
2147480087
2147483645
2147483645
2147483624
2147483483
2147482913
2147483483
2147455757
2147482845
2147359023
2147483645
2147483564
2147483645
2147479725
2147473904
2147483645
2147481540
2147483645
2147483624
2147482615
2147483564
2147482845
2147483645
2147482913
2147483008
2147474168
2147483645
2147483645
2147483624
2147482845
2147483645
2147476040
2147482913
2147483624
2147483645
2147483483
2147482381
2147409277
2147483483
2147482913
2146621505
2147483483
2147483483
2147483564
2147473904
2147483593
2144170881
2147483483
2147483483
2147482913
2147483008
2147483645
2147483645
2147479725
2147483645
2147483564
2147482913
2147482166
2147483645
2147483483
2147478104
2147483564
2147483564
2147483564
2147467453
2147483483
2147483624
2147483645
2147483008
2147483483
2147480133
2147481540
2147483483
2147483564
2147483008
2147483624
2147473172
2147483483
2147481744
2147461530
2147482913
2147482845
2147481252
2147457151
2147483593
2147461530
2147483564
2147483483
2147482913
2147483564
2147441739
2147483624
2147483008
2147436909
2147483483
2147483008
2147483624
2147256253
2147483624
2147478757
2147330961
2147483645
2147483483
2147482913
2147483624
2147483483
2146386659
2147483008
2147483645
2147483483
2147483564
2147483564
2147483645
2147483008
2147483645
2147483624
2147483645
2147441739
2147483483
2147483624
2147483483
2147483593
2147480133
2147481540
2147483008
2147482913
2147483593
2147483645
2147483593
2147482913
2147483564
2147482913
2147483564
2147482913
2147483564
2147483624
2147481252
2147483645
2147483645
2147476040
2147480768
2147472628
2147483624
2147483483
2147482166
2147483564
2147483483
2147482913
2147483564
2147483645
2147483564
2147483645
2147380827
2147483624
2147215168
2147483624
2147483593
2147482845
2147483008
2147483008
2147483624
2147483564
2147456668
2147483008
2147482913
2147483483
2147483645
2147482913
2147482615
2147483624
2147472628
2147483645
2147483624
2147483645
2147482913
2147481056
2147483564
2147483564
2147483483
2140585192
2147483483
2147477462
2147483624
2147483645
2147480087
2147482913
2147481540
2147483624
2147483483
2147482575
2147483624
2147483008
2147483624
2147483624
2147463932
2147483593
2147482913
2147483645
2147483645
2147483645
2147482913
2147483564
2147482913
2147483645
2147483483
2147483564
2147483645
2147483593
2147483483
2147453454
2147429921
2147481252
2147483624
2147483593
2147483645
2147483645
2147483645
2147482913
2147483008
2147483483
2147482166
2147481252
2147483564
2147483645
2147483008
2147482913
2147453454
2147483645
2147483483
2147442184
2147483645
2147482913
2147476369
2147398952
2147483564
2147482845
2147483624
2147482240
2147482166
2147476369
2147482845
2147483645
2147482575
2147483645
2146740566
2147483564
2147483483
2147483483
2147483645
2147483624
2147324904
2147483008
2147483624
2147483645
2147483483
2147483483
2147458090
2147483624
2147476369
2147483564
2147482913
2147483008
2147483645
2147483008
2147483645
2147480133
2147483483
2147483593
2147476369
2147483008
2147483483
2147483483
2147482845
2147482845
2147483645
2147470320
2147255640
2147482913
2147483645
2147483593
2147483483
2147483483
2147483593
2147482240
2147483624
2147482913
2147478104
2147483645
2147388820
2144855151
2147483483
2147483564
2147477810
2147455025
2147483645
2147483593
2147483624
2147483645
2147483564
2147481540
2147483483
2147483593
2147483624
2147483008
2147483483
2147483483
2147483483
2147483483
2147411116
2147483483
2147483624
2147483483
2147483483
2147481540
2147483483
2147481540
2147456668
2147482913
2147483624
2147453663
2147483593
2147483593
2147483008
2147483593
2147483008
2147483483
2147483564
2147483624
2147482615
2147483645
2147483645
2147483645
2147483593
2147483645
2147483645
2147483483
2147482913
2147483645
2147483008
2147482240
2147483483
2147482913
2147483624
2147483624
2147483483
2147483593
1999852440
2147482913
2147483564
2147483645
2147483483
2147482615
2147383140
2147482845
2147483564
2147482913
2147483483
2147483645
2147483008
2147483483
2147483483
2147483624
2147459769
2147483483
2147483564
2147476369
2147482845
2147483008
2147482166
2147461530
2147483483
2147482240
2147483483
2147483564
2147483483
2147459769
2147483645
2147483483
2147483483
2147482913
2147482240
2147483483
2147483008
2147483645
2147464893
2147483645
2147483624
2147483483
2147483483
2147482845
2147483008
2147483483
2147483483
2147482845
2147483008
2147483624
2147483008
2147457761
2147483645
2147483593
2147483624
2147483564
2147483483
2147482166
2147483008
2147483624
2147483645
2147483483
2147483645
2147483645
2147483645
2147483008
2147482913
2147482381
2147483483
2147483624
2147483624
2147483008
2147483645
2147483645
2147483624
2147483624
2147483483
2147483624
2147483593
2147483593
2147483008
2147483483
2146784270
2147483483
2147483564
2147483564
2147482913
2147483483
2147482845
2147482575
2147483645
2147483564
2147483645
2147483008
2147482845
2147483645
2147483645
2147483483
2147483483
2147482845
2147483624
2147454383
2147483008
2147483645
2147482845
2147483483
2147483483
2147483593
2147483645
2147482913
2147483564
2147459769
2147483483
2147483483
2147468117
2147483624
2147483483
2147483483
2147483008
2147483645
2147483624
2147483008
2147483483
2147483483
2147470048
2147483483
2147466923
2147481056
2147483564
2147483645
2147483624
2147477810
2147323000
2147483624
2147483624
2147482913
2147483645
2147483624
2146419125
2147482381
2147483564
2147480768
2147482913
2147483645
2147483564
2147482166
2147482845
2147483624
2147470051
2147483593
2147483645
2147482575
2147477718
2147483645
2147483483
2147483645
2147477810
2147483624
2147483624
2147477810
2147483008
2147482913
2147483624
2147483645
2146601948
2147483624
2147483645
2147483624
2147483624
2147483564
2147483645
2147483483
2147482845
2147483008
2147483483
2147483624
2147483624
2144284620
2147483624
2147483008
2147483564
2147481540
2147483645
2147482913
2147483483
2147483483
2147483624
2147482845
2147483645
2147481540
2147483564
2147481056
2147482913
2147478757
2147483483
2147483483
2147483645
2147483483
2147483645
2147481275
2147483483
2147483564
2147483624
2147482913
2147483645
2147482845
2147483645
2147236285
2147483645
2147483483
2147483645
2147483483
2147483483
2147483483
2147401137
2147483645
2147483483
2147483564
2147461107
2147483624
2147483593
2147483593
2147409277
2147483645
2147483564
2147480133
2147483593
2147483624
2147483564
2147483483
2147483624
2147482845
2147482166
2147482913
2147462651
2147483564
2147483483
2147483483
2147483645
2147483483
2147483008
2147481540
2147483008
2147483483
2147483483
2147483483
2147482166
2147483593
2147480133
2147483483
2147460020
2147483564
2147475140
2147483645
2147483564
2147482845
2147483624
2147482913
2147483008
2147483564
2147483624
2147483483
2147482845
2147483483
2147483483
2147476369
2147476098
2147215168
2147344784
2147470320
2147482166
2147483645
2147483483
2147483008
2147482913
2147483624
2147482275
2147483008
2147483645
2147483624
2147447934
2147482575
2147483645
2147483008
2147482381
2147271350
2147483593
2147477462
2147460698
2147411116
2147483483
2147483564
2147483483
2147482166
2147482166
2147483483
2147483483
2147483624
2147483483
2147483645
2147482275
2147483593
2147483624
2147483008
2147483483
2147483564
2147483008
2147483624
2147483008
2147483483
2147483483
2147473126
2147476040
2147482575
2147481252
2147359136
2147483624
2147483624
2147483008
2147483624
2147483624
2147483645
2147483008
2147483008
2147480133
2147483008
2147483624
2147482913
2147483624
2147477718
2147483483
2147483564
2147483483
2147483645
2147483624
2147476369
2147482913
2147483008
2147398952
2147480133
2147483483
2147483624
2147483624
2147483483
2147483624
2147482913
2147483564
2147483008
2147483624
2147483483
2147483483
2147457761
2147483008
2147483483
2147483624
2147483564
2147483564
2147483483
2147483483
2147483645
2147483624
2147483483
2145692405
2147483593
2147483564
2147483564
2147460020
2147483645
2147483483
2147154522
2147482291
2147483624
2147483564
2147483593
2147483624
2147360264
2147483483
2147481540
2147483645
2147473172
2147476040
2147483645
2147483645
2147476040
2147483483
2147118181
2147482913
2147483645
2147483483
2147483624
2147482615
2147482845
2147483624
2147483483
2147483564
2147479636
2147461530
2147483483
2147483008
2147482845
2147477810
2147483483
2147483483
2147483624
2147483483
2147483624
2147483483
2147483483
2147483483
2147483483
2147483593
2147482913
2147314709
2147473172
2147482913
2147483624
2147483564
2147483645
2147482913
2147483624
2147483483
2147483624
2147477718
2147483483
2147483483
2147483593
2147483593
2147482166
2147483483
2147483483
2147481056
2147483564
2147483593
2147483645
2147483645
2147483008
2147482913
2147483593
2147482240
2147483483
2147483483
2147483483
2147483564
2147483483
2147480761
2147483645
2147483645
2147483645
2147470320
2147483483
2147483645
2147482913
2147480761
2147483483
2147344896
2147483483
2147483564
2147482845
2147483564
2147483008
2147481540
2147483624
2147482913
2147483593
2147483483
2147476040
2147482275
2147483593
2147482381
2147483645
2147483645
2147483593
2147483008
2147483483
2147483624
2147483593
2147483645
2147409277
2147483624
2147483645
2147483645
2147483624
2147483483
2147483624
2147483483
2147460698
2147470051
2147483645
2147483483
2147483593
2147476369
2147483483
2147483483
2147483008
2147483564
2147475416
2147483645
2147483483
2147483645
2147482845
2147483564
2147483564
2147483564
2147480133
2147483483
2147483645
2147483483
2147483564
2147483645
2147483645
2147465521
2147483645
2147483483
2147473126
2147483645
2147483008
2147483624
2147483564
2147483483
2147483624
2147483593
2147483483
2147483564
2147483645
2147483564
2147483624
2147482845
2147483483
2147482913
2147483645
2147483483
2147483483
2147483624
2147483564
2147482166
2147462508
2147483008
2147482575
2147483624
2147483645
2147359136
2147375066
2147463932
2147480133
2147483645
2147482845
2147478757
2147483645
2147483483
2147429870
2147483564
2147483008
2147333925
2147483624
2147483593
2147483008
2147483483
2147475486
2147483593
2147483483
2147483008
2147483593
2147483483
2147483483
2147482913
2147483564
2144429151
2147479725
2147483008
2147483624
2147480761
2147483624
2147483564
2147483008
2147483008
2147483593
2147483645
2147483624
2147483564
2147483483
2147483564
2147483483
2146958196
2147482381
2147483008
2147483008
2147483624
2147482615
2147483564
2147481540
2147482275
2147480761
2147470051
2147483624
2147483624
2147482615
2147483008
2147483624
2147483483
2147483483
2147483483
2147462508
2147476040
2147483008
2147483645
2147483564
2147483564
2147483564
2147483008
2147483008
2147483624
2147483483
2147483008
2147476040
2147483483
2147483008
2147482845
2147483624
2147483008
2147483624
2147482615
2147483483
2147476369
2147483645
2147483645
2147483645
2147482845
2147480761
2147470051
2147483624
2147453819
2147483483
2147483483
2147483564
2147482575
2147483008
2147483624
2147482166
2147483645
2147483624
2147483483
2147478757
2147455160
2147482913
2147483483
2147481056
2147482913
2147483483
2028952180
2147476040
2147483008
2147465390
2147482913
2147483483
2147483483
2147483624
2147454383
2147350887
2147483483
2147483564
2147483008
2147480133
2147483645
2147483008
2147483624
2147483483
2147483008
2147483645
2147483645
2147482845
2147483624
2147483645
2147483564
2147480133
2147307638
2147483008
2147459769
2147483624
2147468117
2147483564
2147483645
2147483645
2147483483
2147483564
2147465521
2147483645
2147481540
2147483624
2147483624
2147483483
2147483564
2147482845
2137117409
2147482615
2147480087
2147483564
2147308512
2147483483
2147483645
2147483645
2147455025
2147479725
2147483483
2147477810
2144858868
2147482845
2147483645
2147483645
2147483483
2147483483
2147467969
2147480087
2147483008
2147483624
2147483624
2147483645
2147482845
2147482913
2147481540
2147470048
2147483483
2147480133
2147483593
2147483645
2147472628
2147483564
2147483564
2147483008
2147271350
2147483564
2147483483
2147483564
2147483483
2147483483
2147296048
2147483624
2147483645
2147483645
2147483483
2147475140
2147483564
2147483483
2147483483
2147483624
2147483624
2147483593
2147483645
2147483645
2147483624
2147482166
2147350887
2147483008
2147483624
2147461530
2147483645
2147482166
2147483483
2147483483
2147483645
2147483564
2147483624
2147483624
2147482913
2147477462
2147483624
2147483624
2147472367
2147483483
2147483645
2147483645
2147483483
2147483008
2147483564
2147483483
2147483564
2147481252
2147483645
2147483645
2147483645
2147483008
2147483483
2147483483
2147483645
2147483008
2147478104
2147483645
2147483624
2147483593
2147483008
2147483645
2147482845
2147476698
2147483593
2147374058
2147483624
2147281620
2147480133
2147483624
2147483624
2144732090
2147483624
2147483483
2147461107
2147483593
2147482913
2147483483
2147483593
2147483008
2147483564
2147482913
2147483593
2147483645
2147483008
2147483008
2147482913
2147483624
2147483645
2147483645
2147483564
2147483008
2147482913
2147483564
2147482913
2147483564
2147482913
2147483645
2147469486
2147366691
2147483624
2147482166
2147483624
2147481540
2147476369
2147483483
2147483483
2147483645
2147483624
2147483624
2147483483
2147483483
2147483624
2147483645
2147483483
2147482913
2147483008
2147483624
2147483008
2147476040
2147483483
2147483624
2147483624
2147482615
2147483645
2147483645
2147038655
2147483564
2147480133
2147482381
2147483624
2147483645
2147483483
2147482381
2147481252
2147483624
2147482845
2147470048
2147458090
2147483564
2147461530
2147483008
2147483008
2147369238
2147483564
2147483483
2147483564
2147264657
2147483624
2147483483
2147473126
2147483008
2147482913
2147483483
2147483645
2147483645
2147482913
2147483483
2147483593
2147483483
2147482381
2147482845
2147482913
2147472628
2147483483
2147483645
2147481744
2147483564
2147483624
2147483008
2147482913
2147483483
2147474168
2147483624
2147483645
2147483564
2147478009
2147483008
2147483564
2147483483
2147483483
2147482381
2147483564
2147483483
2147483483
2147483008
2147470922
2147483624
2147483624
2147482913
2147483564
2147483483
2147483645
2147463932
2147428850
2147483008
2147483645
2147483645
2147483645
2147483564
2147483564
2147483008
2147483483
2147482913
2147483645
2147478757
2147480761
2147483483
2147483645
2147473904
2147482913
2147483645
2147480087
2147483593
2147482913
2147483624
2147483645
2147276445
2147476040
2147483008
2146925421
2147483483
2147483564
2147483008
2147482913
2147483483
2147483564
2147483645
2147483624
2147483008
2147483483
2147480087
2147477462
2147483645
2147470051
2147482575
2147483483
2147483624
2147483008
2147483645
2147483645
2147453819
2147483483
2147482845
2147466923
2147483008
2147483483
2147483624
2147483564
2147483564
2147483593
2147483624
2147483483
2147457761
2147474168
2147482845
2144975788
2147483483
2147482845
2147185701
2147483483
2147483483
2147482845
2147483645
2146947137
2147483564
2147482913
2147483483
2147483645
2147483483
2147483645
2147482913
2147483483
2147483483
2147483483
2147482381
2147483564
2147483645
2147483564
2147412003
2147482166
2147483483
2147366691
2147482913
2147483483
2147388820
2147483483
2147483645
2147483593
2147483593
2147465521
2147483645
2147483564
2147483564
2147459769
2147483645
2147483645
2147483624
2147483645
2147483645
2147483483
2147483645
2147483008
2146925421
2147483624
2147482166
2147483483
2147483008
2147268779
2147483624
2147482913
2147478757
2147483645
2147483564
2147461530
2147483645
2147483593
2147483008
2147483483
2147483624
2147483645
2147483483
2147483483
2147482240
2147483483
2147482845
2147477718
2147483564
2147483645
2147483645
2147483008
2147483008
2147483008
2147483483
2147470051
2147483564
2147483483
2147483564
2147483645
2147483483
2147483564
2147483645
2147483483
2147482913
2147483645
2147483483
2147483564
2147483008
2147483564
2147483645
2147483483
2147483564
2147483483
2147483008
2147483645
2147483624
2147483483
2147483593
2147483483
2147483564
2147483483
2147483483
2147483624
2147483483
2147483008
2147482575
2147483483
2147483483
2147480087
2147483624
2147481056
2147482913
2147483008
2147483564
2147483624
2147483624
2147483483
2147483483
2147482845
2147483008
2082902550
2147483624
2147482913
2147483645
2147483624
2147483645
2147483564
2147483483
2147483483
2147483624
2147455025
2147482913
2147483624
2147483564
2147483624
2147483008
2147483483
2147483008
2147477810
2147482913
2147482913
2147351230
2147465521
2147483483
2147483564
2147483645
2147483483
2147483593
2147483564
2147482913
2147483564
2147483624
2147483008
2147457761
2147483564
2147483645
2147483008
2147482913
2147483564
2147483624
2147482913
2147483645
2147483624
2147477718
2147483593
2147483645
2147483645
2147482575
2147480133
2147483483
2147483624
2147483483
2147483008
2147483564
2147473172
2147483564
2147483483
2147483624
2147481540
2147483624
2147483645
2147483483
2147483645
2147267766
2147482845
2147483624
2142950352
2147478104
2147483624
2147483483
2147474168
2147483645
2147482845
2147482913
2147483645
2147483624
2147483483
2147483008
2147483645
2147483564
2147483645
2147483624
2147483483
2147483564
2147483483
2147480761
2147483483
2147483645
2147483564
2147475416
2146784270
2147483483
2147483624
2147483624
2147483483
2147483645
2147483645
2147483645
2147483564
2147483483
2147482913
2147482845
2147483483
2147483645
2147483564
2147483483
2147483564
2147465390
2147483483
2147483624
2147483593
2147483483
2147483645
2147483624
2147185701
2147483645
2147483624
2147483483
2147483624
2147483008
2147419757
2147483008
2147483564
2147483483
2147483645
2147480761
2147483008
2147483564
2147483624
2147412003
2147483645
2147483593
2147483008
2147483645
2147483483
2147483483
2147482913
2147464744
2147482615
2147483008
2147483624
2147462508
2147292416
2147483483
2147483593
2147482913
2147482275
2147473904
2147483564
2147472717
2147482575
2147483008
2147480087
2147483645
2147482913
2147481540
2147483593
2147483483
2147482913
2147483624
2147483564
2147480761
2147483593
2147483483
2147022340
2147476369
2147483645
2147483483
2147483483
2147483624
2147482913
2147483645
2147457761
2147483645
2147483624
2147483483
2147483564
2147483483
2147479725
2147483483
2147483593
2147483645
2147483645
2147483483
2147483645
2147476040
2147483624
2147483645
2147483564
2147483008
2147483483
2147483645
2147482913
2147483645
2147483483
2147483645
2147482575
2147483008
2147483645
2147483564
2147483008
2147483483
2147473904
2147482845
2147470048
2147476369
2147483645
2147483593
2147483645
2147483483
2147482913
2147483564
2147483593
2147483483
2147483645
2147483008
2147483008
2147483483
2147483483
2147483008
2147482166
2147483645
2147483483
2147472717
2147483483
2147483624
2147483624
2147483645
2147483624
2147483483
2147482913
2147483483
2147355461
2147483645
2147482166
2147483624
2147483645
2141835305
2147481540
2147483008
2147460020
2147483483
2147483008
2147483564
2147482913
2147483645
2147483483
2147483624
2147483483
2147478009
2147483624
2147483483
2147483008
2147483624
2147483645
2147482166
2146847796
2147483564
2147482913
2147483624
2147473904
2147483624
2147483483
2147482845
2147482845
2147483624
2147457773
2147483645
2147483483
2147483624
2147483564
2147482913
2147483483
2147482845
2147483645
2147429921
2147483483
2147483564
2147483624
2147483483
2147482913
2147482615
2147482913
2147483008
2147475416
2147483008
2147453819
2147483645
2147482615
2147483564
2147483564
2147277829
2147482913
2147483008
2147483645
2147483645
2147482913
2147483593
2147483008
2147483593
2147483008
2147482275
2147483645
2147483645
2147483483
2147482913
2147483624
2147483483
2147481275
2147483645
2147483483
2147483645
2147483564
2147483008
2147480133
2147483483
2147483564
2147483645
2147483483
2147480761
2147482381
2147483624
2147480133
2147483008
2147483645
2147480133
2147483645
2147455160
2147477718
2147483593
2147483593
2147483593
2147483593
2147483645
2147483483
2147483483
2147483645
2147483624
2147483624
2147483593
2147483008
2147483645
2147483483
2147473904
2147483645
2147483624
2147483483
2147482166
2147483645
2147483624
2147367364
2147483483
2147480133
2147483593
2147482913
2147483593
2147470051
2147482913
2147482615
2147483624
2147483624
2147483483
2147483624
2147482845
2147483624
2147483645
2147483645
2147412003
2147483564
2147483564
2147478757
2147483593
2147483645
2147483624
2147483624
2147481540
2147483645
2147483645
2147477462
2147482913
2147483624
2147483008
2147482913
2147483483
2147483008
2147472628
2147483564
2147483008
2147480133
2147483483
2147465390
2147459769
2147483624
2147483624
2147483483
2147483008
2147481540
2147483645
2147483483
2147474168
2147477810
2147483483
2147483645
2147470051
2147483483
2147482615
2147483564
2147482575
2147477810
2147483624
2147483645
2147483624
2147483564
2147456668
2147483483
2147482913
2147483483
2147482913
2147483593
2147483483
2147483645
2147483624
2147482913
2147483593
2147482913
2147483483
2147483564
2147483593
2147483008
2147483645
2147483564
2147483008
2147483008
2147477810
2147483483
2147482575
2147483483
2147483564
2147482913
2147483645
2147477462
2147483624
2147483008
2147483483
2147483483
2147478104
2147474168
2147477718
2147483564
2147482845
2147483483
2147483483
2147482913
2147483624
2147483564
2147483624
2147483645
2147483008
2147483008
2147483624
2147483645
2147483564
2147481540
2147483645
2147472717
2147483645
2147480087
2147483564
2147483564
2147483645
2147482275
2147479725
2147483483
2147483483
2147483645
2147483483
2147483593
2147483645
2147477810
2147483564
2147483645
2147483645
2147480087
2147483645
2147483564
2147483564
2147483483
2147483483
2147483645
2147483008
2147483483
2147483564
2147453663
2147483483
2147483645
2147482913
2147475486
2147482913
2147483483
2147483564
2147483483
2147483564
2113681641
2147483645
2147483593
2147482913
2147483645
2147483624
2147475486
2147483624
2147483483
2147483645
2147483624
2147470987
2147483645
2147483624
2147483645
2147483483
2147483624
2147483645
2147483008
2147483483
2147483483
2147483645
2147483483
2147483008
2147483008
2147483008
2147483624
2147483645
2147483564
2147482845
2147482166
2147483008
2147482913
2147483564
2147483593
2147483564
2147483008
2147482845
2147081737
2147483483
2147483483
2147409277
2147482913
2147482913
2147483564
2147483008
2147482845
2147483645
2147483008
2147483624
2147483483
2147483564
2147483624
2147483564
2147483564
2147483483
2147482845
2147483483
2147483008
2147483645
2147483483
2147483645
2147483483
2147483564
2147478757
2147483483
2147482615
2147476369
2147483624
2147482877
2147480087
2147483008
2147482845
2147483624
2147460698
2147483483
2147479725
2147483008
2147482913
2146567818
2147482913
2147483593
2147483624
2147482845
2147483624
2147482275
2147483483
2147482913
2147483645
2147483645
2147483593
2147481540
2147483483
2147483645
2147482381
2147483008
2147483624
2147482845
2147483645
2147483483
2147483645
2147483483
2147483624
2147483593
2147482166
2147483624
2147465390
2147483483
2147483645
2147483008
2147482240
2147483483
2147483645
2147483483
2147483593
2147350887
2147465521
2147483645
2147483624
2147482913
2147482913
2147457761
2147482913
2147483483
2147457761
2147483483
2147483624
2147483624
2147483483
2147482913
2147482913
2147483593
2147483645
2147483624
2147482913
2147482615
2147483624
2147483564
2147479725
2147483483
2147482240
2147483593
2147483593
2147483624
2147483008
2147483564
2147483645
2147483564
2147483008
2147483645
2147483624
2147483483
2147481056
2147482913
2143318394
2147483483
2147483645
2147483624
2147483645
2147483483
2147483645
2147483483
2147483483
2147483624
2147483483
2147482913
2147483593
2147483008
2147483483
2147483483
2147483483
2147324438
2147483483
2147475416
2147482275
2147483564
2147483483
2147483624
2147483008
2147483483
2147483483
2147483564
2147483008
2147483564
2147483645
2147483624
2147483624
2147483624
2147483645
2147483483
2147483483
2147483593
2147480761
2147482166
2147483564
2147483645
2147481252
2147483624
2147483624
2147455160
2147482913
2147483483
2147483645
2147482913
2147483624
2147483008
2147483645
2147483624
2147483008
2147483483
2147483645
2147483624
2147482913
2147483624
2147483645
2147483008
2147454383
2147483564
2147482913
2147483564
2147483564
2147428850
2147483624
2147483593
2147482913
2147474062
2147474062
2147483624
2147483564
2147483483
2147483624
2147483564
2147482913
2147483624
2147482913
2147483008
2147483645
2147483645
2147483483
2147482845
2147483624
2147478104
2147403821
2147457761
2147483564
2147483645
2147483483
2147483624
2147483483
2147483483
2147483564
2147483624
2147483645
2147483564
2147483483
2147483564
2147483008
2147468117
2147483645
2147483624
2147483645
2147482913
2147483624
2147457773
2147483564
2147483645
2147483483
2147474168
2147481252
2147483593
2147482913
2147483645
2147483645
2147482575
2147483008
2147483564
2147476040
2147483624
2147455025
2147483645
2147483645
2147483483
2147474062
2147483483
2147470051
2147483483
2147483483
2147482845
2147483645
2147482575
2147483483
2147483483
2147483483
2147483624
2147483008
2147483564
2147483564
2147483624
2147214922
2147483483
2147483483
2147483483
2147470051
2147483593
2147483624
2147483483
2147483645
2147483624
2147483624
2147483624
2147483483
2147457773
2147483624
2147314709
2147483624
2147482913
2147483645
2147483624
2147483008
2147483593
2147483483
2147481540
2147483483
2147483483
2147483645
2147482913
2147482913
2147482275
2147483483
2147483645
2147483008
2147483483
2147483645
2147483564
2147483624
2147483564
2147481744
2147483645
2147483645
2147464285
2147483645
2147483624
2147483008
2147483564
2147482913
2147482845
2147483008
2147472717
2147483624
2147482913
2147480768
2147483645
2147483593
2147482166
2147483564
2147483645
2147483645
2147482913
2147483483
2147482913
2147483564
2147482381
2147483624
2147483483
2147483645
2147483008
2147483483
2147482877
2147477462
2147483483
2147482575
2147483483
2147483645
2147483624
2147483624
2147483483
2147483645
2147480087
2147483483
2147483483
2147482913
2147482615
2147483483
2147483483
2147483483
2147419757
2147483593
2147481540
2147482240
2147483483
2147483624
2147483564
2141116378
2147483645
2147483483
2147482845
2147483483
2147483564
2147481540
2147483008
2147483483
2147483645
2147483624
2147483645
2147482913
2147482240
2147483593
2147483483
2147480087
2147459769
2147483593
2147483645
2147483483
2147483564
2147483008
2147483624
2147483645
2147483008
2147483483
2147483624
2147478009
2147480133
2147483483
2147474168
2146507632
2147483564
2147483008
2147483564
2147483483
2147483645
2147479725
2147483483
2147483624
2147483624
2147481540
2147483645
2147483483
2147483624
2147483008
2147480133
2147483624
2147482845
2147482240
2147483483
2147482913
2147483624
2147482913
2147482615
2147483483
2147483645
2147483564
2147477810
2147483593
2147483593
2147483483
2147483008
2147483564
2147483624
2147483564
2147482240
2147483645
2147483645
2147482913
2147483008
2147483008
2147483564
2147482913
2147483483
2147483564
2147482913
2147483483
2147483645
2147483483
2147483624
2147482913
2147482913
2147483624
2147483008
2147483483
2147483645
2147483483
2147483645
2147483008
2147483624
2147483008
2147480761
2147483483
2147483008
2147483483
2147482913
2147459769
2147483645
2147483008
2147483008
2147483624
2147483645
2147482913
2141313073
2147483645
2147483645
2147483008
2147482913
2147483483
2147483645
2147483483
2147482913
2147483483
2147483483
2147483564
2147465521
2147481056
2147483645
2147483645
2147483624
2147483483
2147483483
2147482845
2147482845
2147482381
2147483483
2147483008
2147483645
2147483593
2147483483
2147441577
2147483483
2147483564
2147482913
2147455025
2147483564
2147483483
2147483483
2147457773
2147483564
2147483483
2147483483
2147483624
2147483483
2147483483
2147483645
2147483645
2147483483
2147483645
2147483483
2147483645
2147483645
2147473126
2147480133
2147483645
2147483564
2147483483
2147483483
2147483645
2147482166
2147476040
2147483624
2147211127
2147483483
2147483483
2147483645
2147483624
2147481540
2147483564
2147483483
2147483483
2147472717
2147483645
2147483624
2147476040
2147483645
2147483645
2147483624
2147480133
2147483483
2147483483
2147483645
2147483645
2147483483
2147483564
2147483008
2147483483
2147483624
2147476369
2147473904
2147482381
2147483593
2147483564
2147483645
2147483593
2147343843
2147476040
2147483645
2147483593
2147483645
2147482913
2147483483
2147482913
2147483483
2147483593
2147483624
2147483483
2147483624
2147482240
2147483483
2147483564
2147482845
2147482913
2147483624
2147482913
2147483008
2147483624
2147422360
2147482240
2147482913
2147483564
2147482913
2147483564
2147409277
2147483624
2147483624
2147470051
2147483624
2147482913
2147482913
2147482381
2147483564
2147483483
2147483564
2147455025
2147483645
2147473126
2147483008
2147475140
2147482913
2147483008
2147369238
2147483483
2147483564
2147483483
2147483564
2147483483
2147483645
2147483483
2147483483
2147483624
2147483593
2147483483
2147483624
2147482845
2147483564
2147483483
2147483645
2147483008
2147483624
2147483564
2147428850
2147482240
2147483483
2147480133
2147483008
2147482913
2147483008
2147482913
2147483483
2147483008
2147483008
2147457773
2147483483
2147483624
2147483645
2147483483
2147483593
2147483483
2147483624
2147483564
2147478104
2147483624
2147483008
2147483593
2147482913
2147474168
2147459769
2147483483
2147482240
2147481540
2147483483
2147483483
2147479725
2147483483
2147483008
2147483624
2147483624
2147409277
2147326467
2147464023
2142729265
2147481744
2147482166
2147481540
2147483624
2147483483
2147476369
2147482845
2147483483
2147483483
2147482913
2147483483
2147482913
2147483564
2147483483
2147483483
2147483564
2147326467
2147483008
2147483564
2147470051
2147482275
2147483624
2147482240
2147483645
2147141574
2147481540
2147483483
2147483645
2147367364
2147483008
2147481540
2147482845
2147483008
2147272197
2147483624
2147483624
2147482381
2147481252
2147483645
2147483483
2147483645
2147482913
2147483624
2147483645
2147483564
2147483008
2147483593
2147483593
2147436909
2147477810
2147476098
2147473030
2147483624
2147483483
2147482166
2147398952
2147482913
2147483483
2147483483
2147483624
2147482275
2147483624
2147479725
2147481056
2147483564
2147483645
2147483008
2147483624
2147483624
2147483645
2147483624
2147483483
2147483564
2147476040
2147473126
2147483483
2147483564
2147483483
2147482845
2147483564
2147483483
2147483645
2147483483
2147117204
2147483624
2147483483
2147483645
2147483008
2147483008
2147366691
2147483564
2147482845
2147483483
2147482913
2147482913
2147483624
2147483645
2147483624
2147483593
2147483593
2147483008
2147483624
2147483645
2147081764
2146933738
2147483483
2147483008
2147483564
2147483645
2147483483
2147483564
2147483624
2147483564
2147482381
2147483564
2147482913
2147470051
2147483645
2147483645
2147483624
2147483645
2147483645
2147482913
2147481540
2147483645
2147483483
2147483645
2147483008
2147450704
2147481056
2147483645
2147483624
2147483645
2147483645
2147483564
2147367364
2147481540
2147483564
2147483483
2147483008
2147483564
2147483483
2147483624
2147483645
2147483645
2147483008
2147483645
2147483624
2147483624
2147483008
2147483483
2147470320
2147483624
2147483564
2147483645
2147483624
2147480133
2147483008
2147483483
2147483645
2147483008
2147482913
2147483483
2147483593
2147483645
2147483624
2147483483
2147483564
2147482381
2147482240
2147482913
2147483483
2147483564
2147483483
2147483483
2147483564
2147483483
2147482913
2147483564
2147483645
2147466923
2147483483
2147483008
2147483564
2147483008
2147482913
2147483624
2147481056
2147483645
2147483645
2147483645
2147483624
2147483645
2147483483
2147476369
2147482913
2147470320
2147483645
2147477810
2147480087
2147483483
2147483645
2147483483
2147483645
2147483624
2147482913
2147483624
2147483483
2147483483
2147483564
2147483483
2147483593
2147482275
2147482575
2147483593
2147481540
2147483593
2147472628
2147483483
2147482913
2147483645
2147483645
2147483483
2147482166
2147483483
2147483008
2147481540
2147483624
2147483483
2147483645
2147476040
2147483483
2147483645
2147483483
2147483483
2147483483
2147476040
2147483564
2147482615
2147483564
2147482913
2147483483
2147483645
2147480133
2147483624
2147482275
2147482913
2147483624
2147476369
2147483008
2147483624
2147483624
2147483645
2147483645
2147483645
2147483645
2147483483
2147483483
2147483624
2147483624
2147483624
2147483564
2147483645
2147455025
2147483624
2147483624
2147482913
2147483483
2147483008
2147463932
2147483593
2147483483
2147480087
2147483624
2147483483
2147481540
2147483564
2147483483
2147483008
2147482845
2147483645
2147483483
2147465521
2147472717
2147483483
2147482845
2147483564
2147483564
2147483645
2147482913
2147483624
2147482845
2147483008
2147483483
2147483483
2147483624
2147483624
2147470320
2147483624
2147483483
2147483483
2147276445
2147483645
2147483483
2147462508
2147483624
2147483645
2147483483
2147483645
2147483483
2146323449
2147482845
2147483008
2147482913
2147483483
2147483624
2147483483
2147473172
2147455757
2147483624
2147472367
2147483645
2147483564
2147483645
2147483483
2147447934
2147483483
2147483624
2147483645
2147483564
2147483645
2147483483
2147482913
2147483645
2147470987
2147482575
2147483564
2147482913
2147483483
2147482381
2143231863
2147483483
2147483593
2147483593
2147483483
2147483645
2147483564
2147457761
2147483624
2147483645
2147483645
2147482913
2147483483
2147483564
2147483008
2147483645
2147473126
2147483624
2147483593
2147483645
2147482615
2147481056
2147483564
2147480083
2147476098
2147483645
2147441473
2147483645
2147482381
2147483483
2147483645
2139008448
2147483483
2147483564
2147483564
2147470987
2147483624
2147482845
2147482615
2146439776
2147483564
2147483483
2147483645
2147483645
2147427672
2147483008
2147483483
2147483624
2147483564
2147483624
2147483645
2147483624
2147483624
2147483624
2147461530
2147483624
2147482166
2147483645
2147483645
2147482240
2147483593
2147483564
2147483483
2147483645
2147483483
2147483593
2147482845
2147483624
2147481540
2147483624
2147483645
2147482845
2147483645
2147483624
2147483645
2147483624
2147483483
2147483624
2147483564
2147118181
2147483645
2147483593
2147483593
2147483564
2147483624
2147483483
2147476040
2147483483
2147476040
2147483564
2147482615
2147483645
2147483008
2147483624
2147483645
2147480133
2147483564
2147483624
2147483645
2147483483
2147480087
2147185701
2147483483
2147483008
2147483624
2147482275
2147483483
2147483483
2147483483
2147477462
2147483624
2147483645
2147483624
2147483645
2147483564
2147483008
2147483624
2147483645
2147483483
2147483483
2147483483
2147482845
2147483645
2147481056
2147483008
2147473904
2147483564
2147483645
2147483645
2147483624
2147482845
2147473126
2147483483
2147483645
2147483483
2147474168
2147483593
2147483564
2147483483
2147483624
2147483593
2147483624
2147483645
2147483645
2147483624
2147483593
2147483483
2147483645
2147483645
2147474062
2147483645
2147483564
2147483483
2147483008
2147483624
2147483593
2147441739
2147483564
2147477810
2147476040
2147483593
2147483564
2147482845
2147483008
2147483624
2147482166
2147429921
2147483564
2147483483
2147483645
2147481540
2147464023
2147473172
2147482845
2147483564
2147483645
2147483645
2147403558
2147483008
2147483483
2147483564
2147483483
2147483645
2147483008
2145052252
2147483645
2147483564
2147454383
2147483483
2147453663
2147483624
2147482913
2147483008
2147483624
2147483645
2147483624
2147483593
2147483645
2147483624
2147483645
2147477810
2147483483
2147483624
2147230120
2147483008
2147483624
2147483624
2139791977
2147481056
2147483593
2147483645
2147483483
2147483624
2147483008
2147483564
2147483008
2147483483
2147483483
2147475140
2147483645
2147483008
2147482845
2147482845
2147483624
2147483008
2147483645
2147483483
2147483593
2147483008
2147483624
2147483483
2147482845
2147483593
2147483008
2147482913
2147482913
2147483624
2147483483
2147457151
2147483564
2147482166
2147483645
2147482575
2147477462
2147482913
2147482381
2147483645
2147483624
2124556613
2147481275
2147483483
2147483624
2147483593
2147483645
2147483008
2147483564
2147480133
2147482913
2147483483
2147483483
2147483645
2147483624
2147483483
2147483645
2147482240
2147483624
2147483645
2147483483
2147457151
2147483645
2147483624
2147483483
2147483008
2147483645
2147483483
2147483645
2147482845
2147483483
2147483008
2147483008
2147483483
2147483564
2147482913
2147483624
2147483483
2147483593
2147483483
2147483645
2147483624
2147483008
2147478757
2147170482
2147483483
2147477718
2147483008
2147483483
2147482913
2147472717
2147483624
2147483645
2147483645
2147481540
2147482275
2147465521
2147483645
2147483624
2147483624
2147483483
2147483645
2147483564
2147483483
2147483645
2147483008
2147483483
2147483483
2147118181
2147483645
2147483483
2147483624
2147473904
2147483624
2147483645
2147483483
2147453663
2147483593
2147483483
2147483483
2147482240
2147483483
2147483645
2147483008
2147483593
2147458090
2147483483
2147483483
2147483483
2147483645
2147476040
2147483564
2147483624
2147483624
2147483483
2147483483
2147483624
2147482913
2147483483
2147476040
2147483645
2147481540
2147482845
2147483008
2147483008
2147483483
2147483645
2147483624
2147482913
2147453454
2147483483
2147483483
2147483483
2147450163
2147482913
2147470051
2147470320
2147483593
2147483624
2147483564
2147483483
2147483008
2147482240
2147482575
2147483483
2147483483
2147483564
2147483008
2147483645
2147482913
2147479725
2147483564
2147483483
2147483624
2147483008
2147483008
2147483483
2147482166
2147483624
2147480133
2147466923
2147483645
2147483645
2147330961
2147483008
2147482166
2147482877
2147482913
2147482913
2147483564
2147470320
2147483564
2147482913
2147483483
2147483483
2147481056
2147483645
2147482845
2147481056
2147480133
2147482913
2147482913
2147483624
2147483008
2147477462
2147470051
2147482845
2147483645
2147482913
2147473172
2147350887
2147483564
2147482913
2147482913
2147483645
2147483564
2147483645
2147483645
2147483483
2147483483
2147483624
2147483564
2147483645
2147483008
2147483483
2145219861
2147483008
2147483483
2147483624
2147483008
2147481056
2147483645
2147483624
2147483564
2147483564
2147483564
2147483645
2147477718
2147483483
2147483564
2147483564
2147453663
2147483483
2147483624
2147461530
2147426646
2147483008
2147472717
2147483645
2147483564
2147483564
2147214922
2147482913
2147482913
2147482913
2147482166
2147483008
2147483624
2147482845
2147483483
2147483624
2147483645
2147458090
2147483593
2147483483
2147482913
2147483483
2147483624
2147483593
2147483624
2147483624
2147483483
2147265212
2147483645
2147482913
2147483645
2147483008
2147483008
2147479725
2147483645
2147483593
2147483483
2147483645
2147483483
2147483564
2147483624
2147483645
2147483624
2147482913
2147483008
2147483564
2147482575
2147482166
2147482240
2147483008
2147483008
2147482913
2147482240
2147483008
2147475486
2147483593
2147482913
2147477810
2147483483
2147483483
2147483645
2147483008
2147483645
2147483483
2147483624
2147461107
2147470051
2147257859
2147483645
2147483008
2147482913
2147483624
2147483624
2147483624
2147483624
2147483624
2147483008
2147483008
2147483645
2147483624
2147483624
2147483624
2147483008
2147483624
2147483483
2147461530
2147483564
2147483564
2147450704
2147461107
2147483624
2147483483
2052961072
2147483645
2147483564
2147482166
2147483483
2147483564
2147483593
2147482845
2147483624
2147476040
2147483008
2147472367
2147483483
2147483483
2147483008
2147483624
2147478009
2147482913
2147483593
2147482381
2147483645
2147483483
2147483483
2147483564
2147483624
2147483645
2147483483
2147482575
2147483645
2147472628
2147483624
2147483008
2147482845
2147483483
2147483624
2147483483
2147483564
2147483483
2147482166
2147482913
2147483624
2147483483
2147482845
2147483483
2147479725
2147483483
2147482845
2147470320
2147483564
2147482913
2147483624
2147483645
2147483483
2147483624
2147482845
2147483645
2147483008
2147483483
2147483564
2147483483
2147483645
2147483008
2147483564
2147483645
2147483483
2147483593
2147483645
