2147256696
2147479575
2147483552
2147483437
2147483437
2147483437
2147483552
2147483613
2147483552
2147482030
2147483552
2147481043
2147483552
2147483535
2147483552
2147482590
2147465020
2147483552
2147483191
2147426555
2147483552
2147483381
2147483535
2147467061
2147483613
2147481043
2147483552
2147483191
2147471305
2147465967
2147483552
2147483381
2147483552
2147483613
2147483552
2147483381
2147483552
2147483535
2143099357
2147483535
2147483552
2147483613
2147483300
2147471784
2147483552
2147483613
2147483552
2147432192
2147483437
2147483552
2147483552
2147483191
2147483191
2147483535
2147483437
2147483613
2147483535
2147481621
2147483535
2147478948
2147483552
2147481043
2147483552
2147483381
2147478233
2147483613
2147483552
2147483552
2147483535
2147483437
2147483381
2147483552
2147483437
2147481621
2147483552
2147483552
2147483552
2147483552
2147480173
2147480177
2147483535
2147481043
2147483535
2147483552
2147478948
2147483552
2147483191
2147483437
2147482590
2147483552
2147483552
2147483526
2147483613
2147483381
2147483535
2147473471
2147483552
2147483552
2147481043
2147483535
2147483437
2147483552
2147483552
2147483535
2147483613
2147483552
2147483552
2147483535
2147483535
2147483535
2147457902
2147483552
2147483381
2147483526
2147483552
2147483552
2147483526
2147483613
2147483552
2147475338
2147483552
2147483437
2147483191
2147483526
2147483535
2147483552
2147483552
2147483535
2147483552
2147483535
2146631353
2147483552
2147483613
2147483437
2147483437
2147483552
2147483535
2147483535
2147483437
2147483437
2147461077
2147483552
2147483552
2147483437
2147483437
2147469227
2147483552
2147477267
2147483552
2147483191
2147429047
2147483381
2147483552
2147483552
2147483535
2147483535
2147480817
2147282389
2147483613
2147483613
2147479149
2147480817
2147483300
2147460138
2147483437
2147483552
2147483437
2147483552
2147483552
2147483552
2147465653
2147483535
2147481621
2147483535
2147451183
2147483613
2147457812
2147483381
2147483437
2147482020
2147483535
2147483552
2147483552
2147483437
2147483535
2147483552
2147483526
2147479551
2147483056
2147483535
2145235894
2147483437
2147450744
2147483526
2147483552
2147483552
2147480548
2147483552
2147483552
2147483552
2147483613
2147483535
2147481043
2147483552
2147483437
2147483552
2147481621
2147483552
2147480548
2147378884
2147483552
2147483552
2147483535
2147483552
2147483552
2147483437
2147483535
2147256696
2147483552
2147483613
2147422094
2147483526
2147474676
2147483552
2147483552
2147483526
2147483552
2147483613
2147479551
2147483613
2147483613
2147482313
2147483552
2147483552
2147483552
2147482313
2147456784
2147482020
2147483552
2147483613
2147478233
2147483191
2147481621
2147468968
2147483552
2147246653
2147483552
2147483613
2147475338
2147482590
2147483613
2147483552
2147483552
2147483535
2147483437
2147483381
2147482590
2147483552
2147483552
2147483191
2147483437
2147483613
2147483437
2147483613
2147483613
2147483535
2147467369
2147483535
2147481621
2147483381
2147483535
2147483437
2147480177
2147483552
2147483613
2147483526
2147483552
2147483552
2147471822
2147483552
2147483613
2147483535
2146187420
2147483552
2147483535
2147483552
2147354362
2147482590
2147483552
2147475609
2147483535
2147481043
2147483552
2147483613
2147482313
2147397272
2147483552
2147481912
2147483552
2147483613
2147483552
2147477267
2147483437
2147483552
2147483552
2147483437
2147481200
2147483535
2147483535
2147483437
2147483552
2147483552
2147483552
2147483535
2147481621
2147483437
2144782311
2147481621
2147481621
2147483552
2147469837
2147483552
2147483381
2147478233
2147483552
2147483526
2147483613
2147483552
2147483191
2147483552
2147461914
2147483437
2147480001
2147483552
2147483535
2147482313
2147483437
2147483535
2147481621
2147483437
2147483552
2147483552
2147483437
2147450208
2147483613
2147483552
2147477446
2147483535
2147483437
2147483552
2147483552
2147483552
2147393297
2147467061
2147476624
2147471822
2147483191
2147483526
2147483552
2147473471
2147483552
2147478494
2147483535
2147483191
2147483535
2147483437
2147483535
2147483437
2147483552
2147483535
2147483191
2147483437
2147481621
2147483552
2147481043
2147483552
2147483535
2147483552
2147483552
2147483552
2147483552
2147483535
2147483613
2147481043
2147482590
2147483191
2147483437
2147483300
2147483300
2147483552
2147473471
2147483535
2147483552
2147483437
2147483191
2016436260
2147483381
2147483552
2147483552
2147483437
2147483552
2147483437
2147457812
2147483552
2147483381
2147483552
2147483535
2147483552
2147483613
2147483535
2147483191
2147483437
2147483613
2147483639
2147483535
2147482590
2147479551
2147483381
2147483552
2147483552
2147483552
2147483191
2147483535
2147483552
2147480548
2147465967
2147483552
2147483552
2147483535
2147483381
2147483552
2147473471
2147482030
2147478948
2147483381
2147483526
2147483552
2147482313
2147483535
2147483437
2147483552
2147483526
2147483552
2147483526
2147483535
2147483535
2147458985
2147483191
2147483535
2147483381
2147483191
2147483056
2147287777
2147482020
2147483191
2147483437
2147478233
2147482030
2147483613
2147483381
2147483552
2147483552
2147483613
2147483535
2147483552
2147483526
2147483552
2147483552
2147483613
2147483552
2147410742
2147483613
2147483552
2147483381
2147483535
2147483552
2147483613
2147483552
2147483552
2147483552
2147483300
2147483552
2147483552
2147483552
2147480173
2147483552
2147483535
2147483535
2147483552
2147483381
2147483552
2147483300
2147483526
2147483552
2147483526
2147483552
2147478494
2147483613
2147483613
2147483552
2147483552
2147483552
2147483552
2147483381
2147483535
2147483535
2147482590
2147482590
2147483535
2147465487
2147483535
2147483437
2147483552
2147483437
2147441641
2147483381
2147480817
2147483535
2147483191
2147461914
2147483552
2147483552
2147483526
2147483526
2147483437
2147483535
2147483552
2147483191
2147483535
2147483437
2147483526
2147483191
2147483552
2147483191
2147483381
2147483437
2147481200
2147483381
2147482020
2147483552
2147483552
2147483552
2147427485
2147481621
2147483613
2147481621
2147482356
2147483437
2147483552
2147483552
2147483381
2147483552
2147483437
2147480173
2147483535
2147392423
2147462615
2147483535
2147483552
2147483535
2147483552
2147483191
2147481621
2147475338
2147481621
2147483552
2147483535
2147483613
2147481621
2147483613
2147483381
2147483535
2147483526
2147440234
2147483552
2147483381
2147483552
2147483552
2147483552
2147483381
2147478948
2147481043
2147478233
2147483535
2147483437
2147483535
2147480817
2145767742
2147483613
2147479575
2147483552
2147400713
2147461077
2147483552
2147483552
2147473471
2147483526
2147318730
2147483535
2147482313
2147483437
2147483613
2147483552
2147480177
2147469227
2147480548
2147483552
2147483535
2147483552
2147483552
2147480173
2147459354
2147483535
2147483552
2147483535
2147483437
2147483437
2147483552
2147483552
2147483613
2147471784
2147482590
2147483191
2147483552
2147483535
2147483535
2147475338
2147483381
2147483552
2147483437
2147479149
2147483552
2147483535
2147481621
2146016028
2147483552
2147483552
2147483526
2147476624
2147483552
2147482030
2147483437
2147483613
2147483552
2147483552
2147483437
2147480173
2147429732
2147462615
2147473471
2147480001
2147483437
2147481621
2147483552
2147483526
2147483535
2147478494
2147483613
2147483552
2147483552
2147460260
2147483381
2147483613
2147483613
2147430343
2147483613
2147483552
2147483381
2147483381
2147483437
2147483552
2147483552
2147483437
2147483526
2147480817
2147430343
2147483535
2147483552
2147475338
2147483535
2147480177
2147430343
2147483056
2147483613
2147481043
2147481200
2147483552
2147483552
2147483535
2147481200
2147483535
2147483437
2147399197
2147483552
2147483552
2147414560
2147483552
2147483613
2147483552
2147483535
2147483535
2147483613
2147478233
2147483535
2147483552
2147477667
2147483437
2147483552
2147483526
2147104678
2147479551
2147483552
2147483535
2147483552
2147477267
2147483552
2147483535
2147483535
2147362135
2147483552
2147471784
2147483535
2147481043
2147483613
2147483552
2147483437
2147482590
2147483613
2147483437
2147483535
2147483552
2147483552
2147483552
2147482590
2147478233
2147483437
2147483552
2147483191
2147480001
2147483437
2147483552
2147483552
2147483552
2147483535
2147483526
2147483552
2147483381
2147483056
2147483535
2147482808
2147483437
2147483552
2147481621
2147483552
2147482020
2147483437
2147483437
2147111787
2147483535
2147483437
2147384411
2147481621
2147481621
2147483535
2147483535
2147483613
2147481621
2147483552
2147483157
2147483552
2147483552
2147483552
2147483437
2146816839
2147468968
2147477667
2147483552
2147483535
2147483535
2147483437
2147483526
2147483535
2147483552
2147483191
2147483437
2147483535
2147479551
2147483613
2147483552
2147483526
2147482356
2147483613
2146267026
2147483535
2147483535
2147483535
2147483613
2147483613
2147479149
2147483381
2147483613
2147483526
2147483535
2147467061
2147483535
2147483552
2147483535
2147482590
2147474676
2147483613
2147483552
2147483191
2147483535
2147456832
2147481043
2147483552
2147483191
2147483191
2147480817
2147480548
2147483535
2147483552
2147483191
2147477267
2147467061
2147482590
2147483437
2147482030
2147483535
2147483535
2147483552
2147483437
2147483437
2147483535
2147483552
2147482590
2147483437
2147483552
2147483535
2147475338
2147483552
2147460138
2147483526
2147483535
2147483613
2147471784
2147480177
2147483613
2147474039
2147480177
2147483552
2147478233
2147483535
2147483526
2147482590
2147483552
2147483552
2147480173
2147483552
2147483437
2147256061
2147483381
2147393297
2147483535
2147483552
2147483552
2147481621
2147483552
2147483552
2147483552
2147483535
2147483552
2147483552
2147483613
2147481912
2147483535
2147482590
2147483535
2147483552
2147483552
2147483552
2147483552
2147478233
2147483535
2147483552
2147483535
2147483381
2147483437
2147483535
2147483552
2147483552
2147483535
2147481043
2147483613
2147483381
2147483437
2147483535
2147483613
2147483191
2147483552
2147483535
2147483535
2147483535
2147458125
2147415281
2147483552
2147483535
2147483535
2147465904
2147483535
2147483552
2147483535
2147483552
2147483552
2147483437
2147483552
2147483381
2147483535
2147483535
2147482590
2147483552
2147483535
2147483535
2147483552
2147478948
2147483535
2147483552
2147483535
2147483552
2147483552
2147483535
2147479551
2147483437
2147458985
2147483535
2147483191
2147483552
2147481621
2147482590
2147483300
2147039671
2147483381
2147483552
2147483552
2147483552
2147450208
2147483056
2147482590
2147483552
2147483552
2147481596
2147483552
2147483535
2147483552
2147483552
2147457812
2147483613
2147450744
2147478948
2147483552
2147483552
2147482808
2147483381
2147482590
2147483552
2147467061
2147058940
2147483535
2147483552
2147483535
2147483381
2147483437
2147483535
2147483613
2147483526
2147483535
2147450208
2147483437
2147481621
2147483552
2147450208
2147478948
2147481043
2147481200
2147473471
2147483535
2147483535
2147483552
2147483437
2147483613
2147483535
2147483535
2147483381
2147483535
2147481621
2147483552
2147358908
2147483437
2147483535
2147481621
2147483552
2147483437
2147475338
2147483613
2147483613
2147483535
2147483552
2147483552
2147483552
2147483552
2147483381
2147432192
2147478494
2147483613
2147471784
2147483613
2147483535
2147483526
2147483552
2147483437
2147483552
2147479551
2147483526
2147482313
2147483191
2147446211
2147483535
2147475338
2147483552
2147483535
2089577960
2147483613
2147478494
2147483437
2147483526
2147480173
2147483552
2147483381
2147483437
2147482590
2147219235
2147483437
2147481912
2147483552
2147483613
2147483535
2147483535
2147483552
2147468968
2147483552
2147483535
2147483552
2147483526
2147483056
2147480817
2147483552
2147456088
2147483552
2147426555
2147483381
2147219235
2147475338
2147482020
2147479551
2147483552
2147468968
2147483056
2147467061
2147483535
2147483535
2147483552
2147482590
2147483526
2147483552
2147483613
2147483552
2147483552
2147483613
2147483552
2147483552
2147483381
2147483552
2147481621
2147483535
2147483535
2147483552
2147483552
2147483613
2147482313
2147482590
2147483613
2147483526
2147483381
2147483535
2147483535
2147483552
2147483552
2147483552
2147483552
2147483552
2147483535
2147483437
2147481621
2147290251
2147480173
2147483381
2147478908
2140452043
2147483613
2147483552
2147483526
2147483552
2147378884
2147483381
2147483552
2147468561
2147483613
2147471784
2147483535
2147483552
2147483552
2147482590
2147474039
2147483552
2147481621
2147483552
2147470810
2147483552
2147483552
2147480173
2147483552
2147483535
2147480817
2147481596
2147483613
2147483191
2147483613
2147483437
2147482590
2147483552
2147483381
2147483381
2147473471
2147483552
2147475338
2147483552
2147481043
2147483552
2147483552
2147483535
2147483437
2147483552
2147483437
2147483552
2147483552
2147481043
2147483437
2147483526
2147483191
2147482590
2147483613
2147483552
2147483535
2147483381
2147483613
2147483437
2147483552
2147483552
2147483535
2147482313
2147483613
2147482808
2147483552
2147465904
2147480548
2147483552
2147483437
2147483552
2147483613
2147483552
2147483552
2147481043
2147483381
2147483552
2147483552
2147483552
2147483535
2147475338
2147480583
2147482020
2147458985
2147483535
2147483526
2147483381
2147473471
2147483552
2147483552
2147483552
2147483535
2147483437
2147467369
2147473471
2147483552
2147483552
2147482020
2147483535
2147456784
2147461077
2147479575
2147483552
2147483535
2147483552
2147483535
2147483381
2147483535
2147483437
2147483535
2147483613
2147481043
2147483613
2147475842
2147479575
2147483526
2147483613
2147483613
2147483613
2147483535
2147481200
2147482020
2147469766
2147483437
2147483437
2147483535
2147483552
2147481200
2147483535
2147483535
2147483535
2147478233
2147483552
2147483437
2147483552
2147483552
2147482590
2147478494
2147483552
2147483437
2147483552
2147483535
2147480548
2147480177
2147483552
2147480173
2147483056
2147483613
2147483552
2147481043
2147483613
2147483535
2147483437
2147483437
2147483552
2146973617
2147483381
2147483613
2147483552
2147483552
2147468968
2147483191
2147473471
2147483552
2147483552
2147288926
2147483381
2147480817
2147483552
2147483552
2147457902
2147480548
2147483552
2147483552
2147075982
2147483535
2147483552
2147483552
2147483613
2147483552
2147482590
2147480177
2147480173
2147483526
2147483535
2147479551
2147483535
2147483437
2147483552
2147483552
2147483552
2147481570
2147483552
2147480173
2147481621
2147483535
2147483552
2147483535
2147483552
2147483552
2147483552
2147289302
2147483552
2147483552
2147480173
2147483535
2147474676
2147483552
2147483437
2147483535
2147483381
2147483552
2147483552
2147483535
2147483552
2147481043
2147482590
2147465020
2147476624
2147457812
2147483526
2147483535
2147483437
2147483552
2147479551
2147483552
2147482313
2147480177
2147176977
2147483552
2147483552
2147467286
2147482020
2147483552
2147483613
2147483526
2147483191
2147483552
2147483552
2147481621
2147483437
2147483552
2147483535
2147483552
2147483535
2147483535
2147474676
2147483613
2147483552
2147480548
2147388192
2147479551
2147483613
2147483613
2147483552
2147483535
2147483552
2147483552
2147483056
2147483552
2147483535
2147480177
2147481621
2147483552
2147478494
2147480173
2147483552
2147483613
2147483552
2147483535
2147429732
2147483552
2147483552
2147483613
2147483552
2147483535
2147483526
2147483526
2147483552
2147457678
2147483552
2147483535
2147483191
2147483437
2147481621
2147483535
2147483552
2147483535
2147483552
2147483613
2147483613
2147483552
2147483535
2147480173
2147482590
2147297939
2147483552
2147483535
2147483613
2147421508
2147241077
2147483552
2147483552
2147483535
2147483552
2147477267
2147483552
2147481621
2147483535
2147441641
2147483381
2147483552
2147483552
2147483552
2147483535
2147483552
2147483552
2147483535
2147483381
2147483381
2147474676
2147462615
2147481043
2147483552
2147483191
2147483613
2147483552
2147483552
2147354362
2147481596
2147476624
2147483437
2147483535
2147483535
2147483613
2147475338
2147483300
2147483526
2147478233
2147483552
2147483552
2147483381
2147467061
2147483535
2147483437
2147479149
2147483535
2147483535
2147483535
2147483437
2147483552
2147483613
2147483552
2147483552
2147482906
2147483613
2147481621
2147483381
2147475338
2147483535
2147450744
2147483535
2147480177
2147483613
2147483535
2147483613
2147483191
2147483535
2147482030
2147483535
2147483552
2147483552
2147483437
2147478948
2147483552
2147483381
2147460415
2147483552
2147483613
2147483437
2147483613
2147483535
2147482590
2147483300
2147483437
2147482590
2147482313
2147483552
2147483535
2147483552
2147483613
2147483526
2147483552
2147483437
2147483552
2147483552
2147483535
2147483552
2147483552
2147478494
2147483552
2147483552
2147483437
2147415281
2147318730
2147483535
2147483535
2147483535
2147483552
2147480548
2147483526
2147483535
2147483381
2147483552
2147483552
2147483381
2147483535
2147481621
2147479551
2147483552
2147483535
2147483552
2147483552
2147483552
2147483535
2147483552
2147483552
2147483552
2147483381
2147483535
2147471822
2147479551
2147483552
2147483552
2006807039
2147483552
2147483552
2147430343
2147483552
2147457902
2147483552
2147483437
2147481200
2147483535
2147483552
2147483535
2147483613
2147483300
2147483526
2147479551
2147482906
2147483381
2147483552
2147483552
2147483437
2147481621
2147480173
2147483552
2147475338
2147483552
2147483381
2147483552
2147480177
2147483535
2147258146
2147483535
2147480173
2147483613
2147483552
2147467061
2147483613
2147483552
2147469766
2144116282
2147471822
2147481621
2147483552
2147483535
2147477649
2147480173
2147483437
2147478908
2147483552
2147483437
2147483535
2147483535
2147483535
2147481200
2147483552
2147483613
2147483613
2147483613
2147483613
2147483437
2147264119
2147480177
2147483437
2147483535
2147483437
2147483535
2147483552
2147355012
2147483535
2147483535
2147483535
2147483552
2147483535
2147430727
2147478494
2147483552
2147482313
2147483526
2147483552
2147480817
2147474039
2147483552
2147358908
2147483535
2147483191
2147481570
2147480548
2147481596
2147483552
2147483535
2147483552
2147462596
2147478233
2147483437
2147483526
2147483535
2147483552
2147483552
2147483535
2147483613
2147483526
2147483552
2147483437
2147481621
2147483552
2147483552
2147483191
2147483526
2147483552
2147482590
2147483613
2147483437
2147482590
2147478233
2147483552
2147480548
2147483552
2147483381
2147483552
2147482590
2147483552
2147320356
2147478948
2147483552
2147483437
2147481570
2147483552
2147483613
2147483552
2147483381
2147483552
2147483552
2147483535
2147483535
2147480177
2147480001
2147483552
2147482313
2147483437
2147483535
2147483552
2147483552
2147426555
2147475842
2147483526
2147483613
2147482020
2147483552
2147483191
2147483437
2147483552
2147482590
2147483535
2147483437
2147483535
2147483535
2147483535
2147483535
2147483552
2147483535
2147483535
2147481621
2147483552
2147483552
2147465904
2147483381
2147482313
2147483191
2147483552
2147483535
2147481621
2147351994
2147483552
2147483552
2147482020
2147483552
2147483191
2147483191
2147483552
2147413084
2147481621
2147483552
2147483613
2147483552
2147483552
2146171108
2147483552
2147481043
2147483552
2147483552
2147483552
2147482590
2147483191
2147483552
2147483613
2147483552
2147483535
2147483437
2147481621
2147483552
2147478948
2147480177
2147460138
2147483191
2147483613
2147483552
2147465653
2147483437
2147483535
2147483535
2147483613
2147483552
2147483552
2147483437
2147483535
2147483613
2147483552
2147483552
2147483535
2147477267
2147483552
2147483613
2147483552
2147483552
2147483535
2147482030
2147483381
2147465967
2147483552
2147483381
2147481621
2147483552
2147469766
2147482020
2147483552
2147482590
2147483381
2147465967
2147483613
2147483535
2147481621
2147481621
2147483552
2147482313
2147483381
2147483613
2147479551
2147483613
2147473471
2144697730
2147483535
2147483535
2147483552
2147483552
2147479551
2147483437
2147482906
2147476624
2147483552
2147483552
2147483552
2147483381
2147483552
2147482313
2147481621
2147483552
2147483381
2147483437
2147482906
2147135484
2147483526
2147482906
2147397629
2147483191
2147483552
2147465967
2147456832
2147483535
2147483552
2147483552
2147483437
2147483552
2147483437
2147483535
2147465653
2147483552
2147483552
2147476624
2147481621
2147483552
2147483552
2147483613
2147483437
2147483552
2147483613
2147483535
2147482590
2147483552
2147483552
2147483535
2147483552
2147483437
2147430343
2147483552
2147483535
2147483552
2147483437
2147483535
2147483613
2147482590
2147483613
2147483535
2147482590
2147483552
2147426555
2147483535
2147483613
2147480548
2147483613
2147483552
2147458985
2147483552
2147483300
2147483535
2147483552
2147483381
2147483535
2147483552
2147483613
2147482020
2147441641
2147483613
2147483381
2147483056
2147483552
2147483526
2147483552
2143470211
2147483552
2147483552
2147483535
2147483613
2147483381
2147483552
2147483552
2147483535
2147479551
2147483381
2147483613
2147483552
2147483613
2147480001
2147483191
2147483552
2147483552
2147483526
2147479551
2147478233
2147483437
2147483535
2147483613
2147483535
2147478233
2147481621
2147483437
2147482906
2147483437
2147483552
2147483535
2147483437
2114106435
2147483552
2147483437
2147481043
2147476624
2147482590
2147483535
2147483552
2147483552
2147483552
2147483552
2147481043
2147483437
2147483613
2147483535
2147483526
2147482590
2147483300
2147483552
2147467045
2147483613
2147483552
2147483381
2147483535
2147483437
2147483526
2147483437
2147483437
2147483526
2147475842
2147483300
2147483381
2147280942
2147483613
2147436794
2147468968
2147483552
2147483526
2147483535
2147482030
2147473471
2147483535
2147483552
2147483552
2147483552
2147483535
2147483552
2147483552
2147483613
2147483552
2147483552
2147481043
2147482590
2147483535
2147483535
2147480548
2147483191
2147483437
2147479575
2147483535
2147483535
2147483552
2147483552
2147477267
2147483552
2147483437
2147483552
2147483613
2147483552
2147483552
2147483613
2147483552
2147483552
2147482020
2147483552
2147483613
2147483535
2147483613
2147467061
2147480177
2147483613
2147483535
2147481043
2147481621
2147483381
2147479551
2147475338
2147483535
2147470810
2147483437
2147483535
2147478908
2147483437
2147483437
2147483552
2147483552
2147483552
2147483381
2147483300
2147483535
2147483056
2147483552
2147483437
2147483552
2147483056
2147483526
2147483552
2147483535
2147483191
2147483191
2147481043
2147481621
2147483552
2147483191
2147483437
2147483552
2147483613
2147483381
2147483552
2147483613
2147483552
2147483552
2147483552
2147483552
2147483191
2147483552
2147483437
2147483552
2147483552
2147483552
2147483552
2147483381
2147483535
2147483526
2147483526
2147483613
2147483535
2147483613
2147483552
2083551598
2147480817
2147483191
2147483552
2147481570
2147483613
2147467061
2147478948
2147483552
2147411329
2147483552
2147483613
2147483613
2147483191
2147458985
2147482313
2147483535
2147483613
2147483535
2147483552
2147478233
2147483526
2147483552
2147483552
2147471305
2147483552
2147483381
2147483613
2147483552
2147462615
2147480548
2147483381
2147483613
2147474013
2147480001
2147483191
2147483191
2147483535
2147480173
2147483535
2147483613
2147483535
2147483535
2147483552
2147480177
2147483381
2147483552
2147483613
2147483552
2147481043
2147483381
2147470810
2147482020
2147483381
2147483552
2147483552
2147483613
2147482590
2147483535
2147483552
2147483552
2147483552
2147478494
2147483552
2147483613
2147483552
2147483552
2147483191
2147483552
2147481043
2147480548
2147483552
2147478233
2147481043
2147483613
2147483552
2147478494
2147483613
2147478233
2147481043
2147444886
2147483613
2147482906
2147468968
2147483191
2147483552
2147483552
2147483552
2147483535
2147483535
2147482906
2147483381
2147470810
2147483552
2147456832
2147469766
2147483437
2147483437
2147483437
2147483381
2147483191
2147483535
2147483552
2147483552
2147480817
2147479551
2147483552
2147483535
2147483552
2147483191
2147483191
2147483552
2147483437
2147483437
2147483552
2147483613
2147483535
2147478233
2147483613
2147483437
2147483437
2147398244
2147483552
2147483437
2147483526
2147483552
2147483535
2147483381
2147481621
2147482590
2147483552
2147483552
2147483437
2147483552
2147483613
2147483613
2147393297
2147483437
2147483535
2147480177
2147483552
2147483613
2147479551
2147483552
2147481621
2147483381
2147483552
2147483552
2147483381
2147483535
2147483552
2147483535
2147198800
2147482020
2147471822
2147483552
2147483535
2147483552
2147482590
2147483535
2147483381
2147483191
2147483535
2147459354
2147482030
2147483552
2147461077
2147483613
2147468968
2147483613
2147475338
2147483613
2147483535
2147480177
2147483552
2147482030
2147483552
2147483613
2147483191
2147482590
2147483552
2144710992
2147483552
2147483552
2147483613
2147483552
2147483437
2147483437
2147483191
2147483552
2147477267
2147482590
2147474039
2147483552
2147482356
2147481621
2147483552
2147483552
2147483552
2147480173
2147483552
2147483535
2147483552
2147483552
2147483381
2147483552
2147459354
2147483437
2147449478
2147483613
2147483552
2147436794
2147483526
2147473471
2147474013
2147483552
2147483552
2147483437
2147481912
2147483381
2147483535
2147483191
2147483552
2147475338
2147482313
2147483552
2147483535
2147483552
2147478233
2147483381
2147483535
2147483552
2147483191
2147478233
2147481200
2147483535
2147483191
2147483552
2147483552
2147483381
2147483552
2147483535
2147483552
2147483552
2147483526
2147483552
2147483535
2147483613
2147483552
2147483552
2147410742
2147483552
2147483381
2147483535
2147483535
2147483381
2147483552
2147483552
2147483552
2147483437
2147483552
2147483381
2147483535
2147482590
2147483613
2147473471
2147458985
2147483535
2147479551
2147483437
2147483535
2147109635
2147483535
2147483552
2147481043
2147483437
2147480177
2147483552
2147483191
2147483535
2147479575
2147483535
2147483613
2147483552
2147483526
2147483381
2147480001
2147483552
2147483552
2147483552
2147483526
2147430343
2147483552
2147483613
2147483437
2147483552
2147483437
2147481621
2147483552
2147483437
2147483552
2147481200
2147481621
2147483381
2147483552
2147483381
2147483552
2147483437
2147457678
2147483535
2147481621
2147483613
2147483613
2147483535
2147483535
2147380024
2147483613
2147483535
2147483535
2147483526
2147483526
2147483535
2147470810
2147483056
2147483381
2147483535
2147458125
2147483535
2147483437
2147483381
2147480817
2147483613
2147483552
2147483526
2147483552
2147482906
2147483552
2147475338
2147481043
2147483535
2147483613
2147475338
2147483535
2147483552
2147483526
2147483437
2147483535
2147483535
2147483535
2147482590
2147483552
2147483535
2147483552
2147483552
2147441641
2147475338
2147483535
2147483535
2147102176
2147483552
2147483437
2147483552
2147475338
2147474676
2147483381
2147481570
2147483552
2147483552
2147483552
2147483552
2147477267
2147483535
2147483613
2147483552
2147483552
2147483613
2147483613
2147483437
2147483381
2147483552
2147481596
2147483535
2147478494
2147483552
2147483437
2147483552
2147483552
2147483552
2147482590
2147483613
2147483552
2147483552
2147481043
2147483613
2147467286
2147483535
2147483552
2147481621
2147480548
2147483552
2147483552
2147483552
2147483381
2147483552
2147483552
2147483613
2147483526
2147483552
2147483552
2147483535
2147483437
2147483613
2147483535
2147483552
2147483381
2147483437
2147483552
2147483535
2147482313
2147483613
2147483191
2147483552
2147480173
2147477667
2147483535
2147483437
2147483535
2147479551
2147483552
2147483552
2147483437
2147483552
2147483437
2145703491
2147471305
2147483535
2147483552
2147483613
2147483437
2147483552
2147483552
2147482590
2147468968
2147483552
2147483526
2147483535
2147483437
2147483552
2147483437
2147483437
2147483552
2147483535
2147483552
2147468968
2147483526
2147481043
2147483526
2147467369
2147477267
2147481621
2147483552
2147483552
2147483191
2147343818
2147483381
2147473471
2147483552
2147483381
2147482906
2147483613
2147483552
2147479551
2147483437
2147483535
2147483191
2147483613
2147483552
2147483552
2147475842
2147483437
2147483535
2147483552
2147467286
2147483552
2147413444
2147483437
2147471784
2147483535
2147483552
2147483552
2147483552
2147483552
2147482313
2147483437
2147483437
2147483552
2147483535
2147482590
2147483552
2147483552
2147483535
2147482020
2147483191
2147483056
2147483437
2147483535
2147483381
2147483535
2147483552
2147483535
2147483526
2147483552
2147483552
2147483535
2147481621
2147478494
2147483552
2147483535
2147483552
2147483552
2147430343
2147483535
2147483552
2147483526
2147479149
2147483191
2147483552
2147483552
2147465904
2147483552
2147483535
2147483613
2147478494
2147284446
2147483526
2147483552
2147483613
2147481621
2147483552
2147483552
2147483526
2147482590
2147441641
2147483535
2147454682
2147384411
2147483613
2147465487
2147483552
2147483552
2147483191
2147473471
2147483552
2147483437
2147483552
2147483552
2147483552
2147483552
2147483535
2147483437
2147483381
2147481621
2147483613
2147483437
2147483437
2147406073
2147483613
2147483552
2147482590
2147483552
2147483613
2147442155
2147481043
2147483613
2147483381
2147483552
2147483552
2147483552
2147480548
2147483552
2147483552
2147483552
2147479575
2147483535
2147481621
2147441641
2147483552
2147483381
2147483381
2147475338
2147483056
2147483552
2147483552
2147482590
2147483552
2147483191
2147483381
2147483552
2147483437
2147483381
2147483552
2147483535
2147481621
2147483381
2147483552
2147481596
2147483552
2147483056
2147483613
2147483535
2147483526
2147483552
2147483526
2147476624
2147483552
2147483552
2147483552
2147483437
2147483613
2147481043
2147483613
2147483552
2147483535
2147483437
2147483437
2147483552
2147482313
2147483552
2147483613
2147159636
2147483381
2147483552
2147483552
2147483613
2147483613
2147483381
2147483613
2147483535
2147483552
2147483552
2147468968
2147483552
2147482590
2147483535
2147483437
2147483552
2147481621
2147483552
2147482313
2147483552
2147480548
2147483552
2147483535
2147474039
2147479575
2147483552
2147483381
2147481043
2147483535
2147399197
2147340584
2147483552
2147483437
2147483535
2147483535
2147483535
2147480173
2147467744
2147483552
2147483535
2147483535
2147483191
2147483552
2147483437
2147483552
2147483437
2147483552
2147483526
2147483552
2147483535
2147482590
2147474116
2147481043
2147483552
2147483535
2147483191
2147483552
2147483552
2147483300
2147483552
2147483552
2147483535
2147483191
2147482590
2147475338
2147483535
2147480173
2147483613
2147483526
2147483535
2147483437
2147483535
2147483552
2147483191
2147461077
2147483437
2147483552
2147483437
2147477267
2147483552
2147483552
2147483535
2147483552
2147480817
2147483552
2147481621
2147483535
2147483437
2147482313
2147483552
2147483552
2147465967
2147482590
2147483437
2147483552
2147465904
2147483437
2147483381
2147483437
2147483381
2147478233
2147483535
2147483535
2147483552
2147483535
2147479551
2147483535
2147483552
2147483613
2147483613
2147258146
2147483552
2147483552
2147483526
2147478233
2147483552
2147483526
2147483552
2147473471
2147483552
2147478948
2147483437
2147482590
2147483535
2147483552
2147483552
2147483535
2147480001
2147481621
2147483535
2147483437
2147480548
2147483552
2147483526
2147436794
2147483552
2147483552
2147457902
2147483056
2147483535
2147483552
2147483381
2147483526
2147480173
2147479575
2147474013
2147483437
2147483381
2147483191
2147482590
2147482020
2147483552
2147483535
2147482030
2147483381
2147483613
2144791195
2147482590
2147481043
2147483381
2147483535
2147483552
2147483535
2147480173
2147480548
2147483437
2147483535
2147483613
2147479551
2147483535
2147469766
2147483381
2147483191
2147483535
2147483535
2147483552
2147483552
2147479149
2147483552
2147481043
2147478908
2147483535
2147483381
2147483437
2147457812
2147483552
2147483535
2147482020
2147482808
2147483552
2147483552
2147483535
2147483437
2147429047
2147483552
2147483552
2147483437
2147483552
2147483535
2147481200
2147483552
2147483535
2147483552
2147421508
2147481596
2147483552
2147483535
2147483613
2147483381
2147483526
2147479551
2147399197
2147481200
2147473471
2147478908
2147483613
2147483552
2147483191
2147399197
2147483535
2147483613
2147483552
2147482313
2147483535
2147483437
2147483535
2147483613
2147483552
2147483535
2147427485
2147483535
2147473471
2147483526
2147483552
2147483613
2147483381
2147483437
2147470810
2147483552
2147483552
2147483056
2147483552
2147483535
2147483552
2147373730
2147483191
2147483552
2147483613
2147483552
2147474116
2147483381
2147483552
2147482590
2147483437
2147483526
2147483535
2147481621
2147483552
2147408334
2147483535
2147478494
2147483552
2147483437
2147470810
2147483552
2147483535
2147483535
2147480173
2147483552
2147474116
2147483552
2147483552
2147476624
2147483552
2147483552
2147384145
2147481621
2147483552
2147482457
2147483191
2147483535
2147244529
2147483613
2147483552
2147483613
2147483535
2147482313
2147483552
2147481912
2147482313
2147483381
2147483381
2147483552
2147482020
2147481621
2147482030
2147483552
2147482313
2147483300
2147483437
2147483552
2147482020
2147483535
2147483552
2147483552
2147481621
2147468968
2147483552
2147483552
2147483535
2147482590
2147483191
2147483552
2147469766
2147483613
2147480177
2147483552
2147477267
2147483535
2146158142
2147483552
2147482590
2146779770
2147483552
2147024395
2147483191
2147483535
2147483552
2146099687
2147483552
2147482590
2147483613
2147483381
2147479149
2147483552
2147483552
2147483613
2147483552
2147483381
2147483552
2147483613
2147334244
2147483535
2147483191
2147483056
2147481200
2147481596
2147483300
2147483552
2147483535
2147483437
2147483535
2147392423
2147483191
2147482313
2147483552
2147479551
2147483552
2147483381
2147483552
2147450208
2147483535
2147468561
2147483535
2147480173
2147378884
2147483552
2147469837
2147483613
2147483300
2147483535
2147483552
2147480173
2147483437
2147483613
2147483437
2147483552
2147483552
2147479551
2147481200
2147479551
2147483535
2147483552
2147483191
2147483535
2147483613
2147483437
2147482590
2147480177
2147483191
2147483526
2147483535
2147483552
2147483535
2147483535
2147481621
2147483437
2147483552
2147483535
2147483535
2147483613
2147483613
2147483535
2147483381
2147481200
2147483381
2147476624
2147483552
2147483552
2147482590
2147483552
2147483552
2147483552
2147483613
2147483552
2147481621
2147451183
2147483535
2147481596
2147483535
2147483552
2147480173
2147483613
2147481621
2147483613
2147477267
2147483552
2147483535
2147482590
2147483437
2147474676
2147483300
2147483613
2147483552
2147483381
2147483535
2147483437
2147483613
2147481043
2147483381
2147483535
2147483437
2147483552
2147481621
2147436794
2147483535
2147480177
2147483613
2147343818
2147483191
2147483613
2147483437
2147480817
2147483552
2147483613
2147483437
2147483552
2147483535
2147483437
2147482457
2147483437
2147483535
2147483437
2147483437
2147483535
2147483191
2147480173
2147483535
2147479551
2147483613
2147478233
2147483526
2147465904
2147483613
2147483535
2147483552
2147483552
2147482313
2147483613
2147483552
2147483552
2147480173
2147483552
2147483613
2147483526
2147481043
2147483535
2147461077
2147483437
2147483552
2147219235
2147483552
2147483613
2147483552
2147480817
2147483613
2147483552
2147483613
2147483552
2147483613
2147457812
2147483552
2147483535
2147483613
2147483437
2147483552
2147479551
2147483552
2147480548
2147483552
2147483613
2147482590
2147482030
2147483552
2147483535
2147483535
2147483381
2147483552
2147483552
2147483613
2147481912
2147483381
2147483191
2147483437
2147483552
2147483381
2147481912
2147282389
2147483381
2147483535
2146267026
2147482313
2147479551
2147483191
2147384411
2147480173
2147413404
2146617350
2147483535
2147470810
2147483552
2147483535
2147483381
2147483437
2147483535
2147483535
2147483613
2147483552
2147483552
2147483552
2147471305
2147483437
2147483552
2147483381
2147483613
2147483437
2147483526
2147481621
2147483552
2147483437
2147483437
2147483535
2147483613
2147483552
2147483381
2147483437
2147457902
2147430727
2147481043
2147483552
2147482590
2147483535
2147483191
2147483552
2147483535
2147483552
2147471784
2147483191
2147483613
2147483552
2147483552
2147471822
2147475338
2147450744
2147483526
2147482906
2147483535
2147483552
2147483552
2147483613
2147483552
2147483613
2147483552
2147483552
2147483535
2147483552
2147474676
2147483552
2147483552
2147483535
2147483535
2147475609
2147483552
2147483552
2147450744
2147483552
2147483552
2147481912
2147483191
2147483552
2147483535
2147483191
2147467045
2147483552
2147483552
2147483191
2147483552
2147483526
2147483552
2147483552
2147452201
2147483552
2147483552
2147483535
2147483535
2147483613
2147483552
2147483552
2147479575
2147483437
2147483552
2147481621
2147483552
2146838737
2147482590
2147456832
2147483191
2147483535
2147483552
2147483552
2147483552
2147483535
2147483535
2147483613
2147480548
2147483552
2147482590
2147475338
2147483613
2147479551
2147479149
2147483535
2147483535
2147473471
2147483552
2147483300
2147483535
2147480173
2147483552
2147483552
2147468968
2147475338
2147482590
2147483552
2147483552
2147465653
2147483552
2147483535
2147430727
2147482590
2147482313
2147483535
2147483526
2147421174
2147483381
2147481621
2147483535
2147483552
2147483535
2147483535
2147483535
2147483535
2147478233
2147482906
2147483535
2147483535
2147483437
2147483191
2147481912
2147483381
2147483535
2147483552
2147483535
2147444886
2147483535
2147483437
2147481200
2147483552
2147483552
2147482590
2146746981
2147483613
2147483552
2147482020
2147483613
2147483535
2147483552
2146545114
2147483526
2147483381
2147483552
2147483552
2147483552
2147483552
2147483437
2147483437
2147440234
2147483535
2147483526
2147483437
2147483552
2147483552
2147483552
2146596131
2147483535
2147481621
2147483552
2147483613
2147483437
2147483552
2147483535
2147483381
2147465904
2147483552
2147483613
2147481621
2147483535
2147483191
2147483552
2147483552
2147483535
2147483552
2147048987
2147483552
2147444886
2147483552
2147475338
2147483381
2147483535
2147483552
2147483552
2147483191
2147483639
2147483535
2147483613
2147483437
2147483613
2147483526
2147483056
2147475338
2147482906
2147482590
2147480177
2147483535
2147483535
2147343818
2147483552
2147483552
2147483552
2147483552
2147483535
2147473471
2147483552
2147482590
2147483613
2147483552
2147483613
2147481043
2147483381
2147483526
2147462596
2147483552
2147471822
2147483552
2147483552
2147483552
2147483535
2147483552
2147483526
2147483437
2147483552
2147483613
2147483535
2147483552
2147483613
2147483552
2147483526
2147483552
2147478948
2147144587
2147483552
2147483552
2147475338
2147483552
2147483535
2147483552
2147483437
2147483535
2147482808
2145995122
2147414560
2147483552
2147483552
2147483552
2147483437
2147483552
2147483613
2147483552
2146779770
2147482590
2147480548
2147483526
2147450744
2147483300
2147482906
2147483437
2147483552
2147483552
2147483535
2147483437
2147483552
2147483552
2147483552
2147473471
2147483552
2147483613
2147483552
2147246653
2147483535
2147483535
2147467061
2143986430
2147483381
2147483381
2147483437
2147483535
2147482808
2147483552
2147483552
2147483552
2147483535
2147483535
2147483381
2147481621
2147481621
2147257955
2147483535
2147478948
2147483535
2147483552
2147460531
2147483535
2147483552
2147483552
2147483535
2147347840
2147483535
2147483613
2147483526
1826368957
2147483552
2147483552
2147483552
2147483535
2147483552
2147482356
2147483552
2147483552
2147483613
2147480817
2147483535
2147483535
2147483613
2147483613
2147483381
2147483300
2147483535
2147483552
2147483552
2147483437
2147483437
2147483613
2147483552
2147483535
2147483552
2147483552
2147483437
2147460415
2147483191
2147483526
2147421174
2147483191
2147465487
2147482590
2147483552
2147483552
2147482020
2147483613
2147483535
2147483381
2147483381
2147456088
2147483535
2147481200
2147483552
2147483437
2147483552
2147483526
2147430727
2147483381
2147482313
2147408334
2147483437
2147483552
2147483437
2147483552
2147483437
2147483552
2147481621
2147483552
2147483437
2147483613
2147480548
2147483535
2147483526
2147462615
2147483552
2147444886
2147483381
2147483437
2147483437
2147483300
2147483613
2147483526
2147483191
2147483552
2147483552
2147483437
2147441641
2147483437
2147474039
2147482020
2147446211
2147483535
2147483552
2147483552
2147483526
2147483381
2147483535
2147482906
2147480548
2147483639
2147483526
2147483613
2147483191
2147483535
2147483552
2147483535
2147483381
2147483300
2147483552
2147483552
2147482590
2147483552
2147479551
2147483191
2147483613
2147483552
2147483552
2147483552
2147483191
2147483437
2147483535
2147483552
2147483613
2147461077
2147478908
2147483535
2147483535
2147483437
2146915665
2147399009
2147481043
2147483437
2147483613
2147483437
2147483437
2147483535
2147483613
2147483552
2147481200
2147483381
2147483535
2147483535
2147483535
2147483437
2147483552
2147480173
2147483535
2147483552
2147483535
2147483552
2147483552
2147460415
2147480173
2147483552
2147483552
2147483526
2147483552
2147477267
2147483552
2147483191
2147483381
2147483526
2147483535
2147483526
2147457902
2147483535
2147483552
2147483191
2147483552
2147483552
2147482590
2147483381
2147483552
2147483056
2147483552
2147483535
2147482313
2147481043
2147483437
2147483535
2147483613
2147483552
2147481912
2147483552
2147483613
2147483552
2147214747
2147483552
2147483552
2147483552
2147462615
2147479551
2147483535
2147450744
2147483613
2147483552
2147483535
2147483381
2147483552
2147483437
2147430727
2147483437
2147483552
2147483552
2147483613
2147483191
2147483437
2147483535
2147483191
2147483535
2147483191
2147483191
2147481621
2147483552
2147483613
2147483552
2147483535
2147483526
2147483552
2147483552
2147483526
2147482457
2147483552
2147479575
2147483191
2147483381
2147483437
2147481596
2147479551
2147481621
2147483552
2147483526
2147432714
2147481912
2147483552
2147483535
2147483437
2147483437
2147483191
2147483552
2147482590
2147482590
2147480173
2147483552
2147482020
2147482961
2147483552
2147483552
2147483613
2147483437
2147483535
2147483535
2147483552
2147483191
2147480173
2147475338
2147483535
2147483535
2147483535
2147478494
2147483535
2147483613
2147483552
2147483381
2147483552
2147483552
2147483552
2147483552
2147483552
2147483552
2147483552
2147483552
2147483613
2147343818
2147483535
2147482906
2147483552
2147469766
2147483613
2147483381
2147481570
2147477267
2147483552
2147482590
2147461914
2147473471
2147483535
2147483300
2147483552
2147483552
2147481621
2147483535
2147483552
2147483526
2147483437
2147480548
2147468598
2144608324
2147483613
2147483437
2147482313
2147483613
2147483437
2147483535
2147483535
2147482590
2147475338
2147483552
2147483552
2147483552
2147483381
2147483535
2147482590
2147483613
2147482961
2147483437
2147480177
2147483552
2147482961
2147483535
2147483526
2147483552
2147483552
2147457678
2147483613
2147483552
2147483535
2147483552
2145883986
2147483552
2147482590
2147483535
2147483552
2147483552
2147478233
2147483552
2147483535
2147483300
2147483191
2147483552
2147483437
2147483552
2147483552
2147483191
2147483437
2147483191
2147483552
2147483535
2147483613
2147483552
2147483552
2147482808
2147483535
2147482020
2147482906
2147478233
2147474676
2147483191
2147478494
2147483552
2147483613
2147483437
2147483381
2147483552
2147483437
2147483613
2147483526
2115619251
2147483552
2147483552
2147172025
2147483535
2147482313
2147483552
2147467061
2147483437
2147467369
2147483613
2147476624
2147483381
2147483552
2147483552
2147483381
2147480548
2147483381
2147483191
2147483613
2147483552
2147483535
2147469766
2147483552
2147477267
2147314880
2147483535
2147483526
2147483381
2147481621
2147483552
2147483552
2147483552
2147483526
2147483613
2147483535
2147463804
2147483381
2147465487
2146996778
2147483552
2147483552
2147450744
2147483535
2147483552
2147483552
2147483535
2147483535
2147483526
2147483535
2147483535
2147478233
2147483552
2147481621
2147482313
2147482313
2147429732
2147469837
2147483535
2147483552
2147483552
2147481912
2147481043
2147483613
2147483552
2147483552
2147483526
2147481621
2147483056
2147483552
2147483437
2147483552
2147483552
2147483381
2147483552
2147481621
2147471822
2147483552
2147483552
2147483552
2147482808
2147483526
2147481621
2147483535
2147449478
2147483191
2147483552
2147483552
2147483552
2147483535
2147483552
2147483535
2147481621
2147483526
2147483191
2147483437
2147483535
2147483437
2147483381
2147483535
2147483552
2147483535
2147420711
2147482590
2147444886
2147473471
2147483552
2147483613
2147483381
2147483191
2147483526
2147442155
2147483552
2147159636
2147483437
2147467369
2147483526
2147483191
2147483613
2147483613
2147483381
2147483613
2147483552
2147483613
2147483552
2147483437
2147483552
2147483552
2147465653
2147483552
2147483613
2147476624
2147483613
2147483381
2147483552
2147483535
2147471822
2147475338
2147457902
2147458125
2147483552
2147483437
2147483535
2147483191
2147483552
2147483437
2147483552
2147483437
2147483552
2147481596
2147483552
2147482313
2147483535
2147481912
2147482906
2147483552
2147384411
2147483552
2147481043
2147483552
2147483552
2147483552
2147474676
2147483613
2147483526
2147480177
2147483526
2147483300
2147483552
2147483381
2147339523
2147483613
2147483535
2147483381
2147483381
2147483437
2147483535
2147483437
2147480817
2147482590
2147478948
2147483552
2147481621
2147483613
2147483535
2147473471
2147483552
2147482590
2147483552
2147483613
2147483552
2147483552
2120652372
2147483381
2147483552
2147483535
2147483552
2147483300
2147483535
2147483437
2147483552
2147483552
2147483552
2147479551
2147467369
2147482020
2147483437
2147483613
2147483535
2147471784
2147483437
2147483535
2147483613
2147429732
2147483535
2147483552
2147483552
2147483381
2147483437
2147483552
2147483381
2147481596
2147483437
2147483535
2147483552
2147483552
2147483535
2147483437
2147465653
2147483552
2147481621
2147483552
2147483191
2147481200
2147483552
2147483552
2147482020
2147483552
2147482030
2147465904
2147483552
2147480583
2147483552
2147483526
2147483552
2147483381
2147483552
2147483613
2147483552
2147465020
2147483535
2147483613
2147483535
2147481621
2147454021
2147482457
2147483535
2147483535
2147481621
2147482020
2147483552
2147483552
2147483381
2147483535
2147483552
2147483381
2147483552
2147483552
2147483552
2147483526
2147483535
2147483552
2147483437
2147483552
2147479149
2147483381
2147482313
2147483552
2147483526
2147483526
2147483191
2128966630
2147483437
2141261548
2147483437
2147483535
2147483552
2147483552
2147480177
2147483552
2147483552
2147483535
2147483552
2147483191
2147482020
2147469837
2147476624
2147483613
2147480173
2147441641
2147465487
2147483056
2147483613
2147441641
2147483552
2147482906
2147483535
2147483552
2147478908
2147468968
2147483613
2147483437
2147483552
2147411329
2147483526
2147482313
2147483552
2147483535
2147483613
2147471822
2147483535
2147483552
2147482961
2147480177
2147483552
2147471822
2147482906
2147483381
2134108523
2147458985
2147483526
2147483535
2147482313
2147482590
2147483613
2147483191
2147483552
2147481621
2147483437
2147483613
2147481621
2147483535
2147483535
2147483552
2147483552
2147483552
2146677461
2147483191
2147483552
2147483552
2147483437
2147483535
2147457812
2147483437
2147483381
2147483613
2147483381
2147478233
2147467286
2147483535
2147483437
2147483437
2147482313
2147483535
2147483437
2147483552
2147483535
2146741916
2147483535
2147483191
2147483613
2147481200
2147483535
2147468968
2147351994
2147483191
2147483552
2147483552
2147483613
2147480173
2147482313
2147421508
2147483552
2147477267
2147483552
2147479575
2147483613
2147483437
2147483552
2147483535
2147482590
2147483535
2147483552
2147477267
2147483552
2147483437
2147483191
2147483191
2147483613
2147483613
2147482020
2147483613
2147483552
2147483535
2147483552
2147458985
2147483613
2147483552
2147481621
2147483526
2147483191
2147483526
2147481621
2147483437
2147483437
2069304651
2147483552
2147483552
2147483535
2147478233
2147483381
2147354362
2147482030
2147483552
2147483381
2147482590
2147483552
2147483535
2147481200
2140712194
2147444886
2147483613
2147483535
2147483552
2147478948
2147483437
2147483552
2147482906
2147481043
2147478948
2147482590
2147483437
2147483552
2147483552
2147483552
2147478948
2147483535
2147481621
2147483526
2147471822
2147483191
2147481043
2147483437
2147483552
2147481043
2147483552
2147483191
2147483552
2147465487
2147480173
2147483437
2147483552
2147483613
2147483535
2147483552
2147483535
2147483437
2147444886
2147483613
2147483437
2147473471
2147483552
2147430343
2147483613
2147483526
2147481200
2147483552
2147483639
2147483535
2147483613
2147429732
2147483552
2147483381
2147483552
2147483552
2147483552
2147483552
2147483437
2147483381
2147482906
2147482590
2147483613
2147483552
2147450208
2147483552
2147483535
2147483552
2147483552
2147483437
2147483535
2147483552
2147483552
2147483437
2147475338
2147483381
2147483552
2147483552
2147483552
2147483552
2147483535
2147481621
2147483552
2147483613
2147483552
2147481043
2147483552
2147483437
2147480173
2147483552
2147483535
2147482590
2147483552
2147483535
2147483381
2147373730
2147483535
2147483552
2147483381
2147483552
2147483552
2147483437
2147483535
2147483191
2147483437
2147483613
2147449478
2147483191
2147483552
2147483526
2147483191
2147483552
2147483613
2147483552
2147483526
2147483552
2147483552
2147483191
2147483437
2147483552
2147483552
2147478948
2147462615
2147483535
2147481043
2147481621
2147483552
2147482590
2147483613
2147388373
2147483613
2147483613
2147483552
2147483535
2147483535
2147429732
2147482356
2147479551
2147482020
2147483613
2147483613
2147483437
2147473471
2147483535
2147483552
2147482590
2147483552
2147483437
2147483552
2147483552
2147483552
2147483535
2147483381
2147483552
2147483552
2147483552
2147482590
2147483552
2147483552
2147483535
2147483552
2147479575
2147483552
2147483552
2147483191
2147399197
2147479551
2106352070
2147482313
2147483437
2147479551
2147483552
2147481043
2147483552
2147483381
2147483191
2147483552
2147483056
2147483535
2147483552
2147483552
2147483613
2142497441
2147483437
2147483535
2147481912
2147483552
2147483552
2147483552
2147483535
2147483552
2147483526
2147483437
2147483613
2147483552
2147483552
2147482906
2147483437
2147483613
2147483535
2147483552
2147483552
2147474039
2147483535
2147480001
2147483552
2147483535
2147483191
2147483535
2147483613
2147483613
2147483552
2147483552
2147483437
2147482590
2147482808
2147483552
2147483535
2147417272
2147483552
2147483526
2147482030
2147483552
2147483437
2147483552
2147483535
2147483535
2147461914
2147483552
2147355012
2147475338
2147483526
2147483526
2147469837
2147483552
2147483535
2147483552
2147482313
2147479551
2147482313
2147483437
2147478233
2147483552
2147483381
2147483552
2147483552
2147483613
2147483552
2147483552
2147467045
2147481621
2147483526
2147482590
2147482590
2147482590
2147483437
2147483535
2147480583
2147480817
2147482906
2147483437
2147483535
2147483437
2147483552
2147483381
2147483535
2147475338
2147482906
2147483552
2147483191
2147483552
2147478948
2147483535
2147483381
2147483191
2147483535
2147483552
2147483535
2147481621
2147483535
2147483526
2147483613
2147483437
2147480173
2147483552
2147483535
2147483300
2147425249
2147483552
2147483535
2147483552
2147430727
2147483535
2147483526
2147483535
2147483552
2147483613
2147482457
2147483552
2147483552
2147482590
2147483613
2147483535
2147483535
2147483535
2147473471
2147483526
2147483535
2147483437
2147477267
2133049064
2147483552
2147483552
2147483535
2147483437
2147479575
2147483437
2134626230
2147481570
2147483552
2147483437
2147483437
2147483552
2147399197
2147483535
2147483613
2147483535
2147483191
2147481596
2147483437
2147483552
2147483552
2147483552
2147483535
2147483535
2147482590
2147482906
2147483437
2147483552
2147483535
2147483552
2147483437
2147482590
2147483552
2147104678
2147481621
2147483613
2147483535
2147483552
2147483526
2147483552
2147483552
2147483535
2147483526
2147481621
2147483056
2147483535
2147483613
2147482590
2147483552
2147483613
2147483437
2147483552
2147478948
2147481043
2147483552
2147483552
2147465967
2147483381
2147483526
2147483526
2147458985
2147441641
2147483613
2147481043
2147483552
2147483535
2147481043
2147483552
2147483056
2147481200
2147483535
2147461077
2147483613
2147483191
2147483552
2147469837
2147483535
2147483381
2147483613
2147482590
2147482313
2147483437
2147483639
2147483552
2147483552
2147481621
2147483535
2147397629
2147473471
2147483552
2147483535
2147483381
2147483552
2147483552
2147483552
2147483535
2147457812
2147483191
2147481621
2147483526
2147483552
2147480817
2147483535
2147481200
2147481621
2147483552
2147483552
2147380024
2147483381
2147483535
2147483381
2147481043
2147483526
2147483552
2147467061
2147483437
2147478908
2147483552
2147483552
2147481043
2147467744
2147483552
2147479551
2147483613
2147482590
2147483613
2147482457
2147479551
2147483552
2147482906
2147483552
2147483552
2147483437
2147483437
2147483535
2147483613
2147481043
2147482313
2147483526
2147483535
2147483613
2147483552
2147483437
2147483437
2147483535
2147483613
2147483552
2147483381
2147483535
2147483552
2147483526
2147483552
2147483552
2147483300
2147483535
2147483613
2147483552
2147483437
2147483535
2147483613
2147478948
2147483381
2147483535
2147483552
2147483535
2147483552
2147483437
2147468968
2147483613
2147482590
2147483613
2147483437
2147483437
2147483381
2147483535
2147479149
2147483552
2147483437
2147483552
2147483552
2147483526
2147483535
2147483613
2147483535
2147483552
2147473471
2147480173
2147480173
2147483613
2147430727
2147483552
2147483535
2147483535
2147483552
2147384411
2147483552
2147483191
2147483535
2147483552
2147483552
2147483191
2147483552
2147473471
2147483526
2147483437
2147483613
2147483613
2147483535
2147479575
2147481621
2147483552
2147469766
2147483535
2147483535
2147483437
2147483535
2147483526
2147480177
2147483552
2147483437
2147347840
2147450208
2147483552
2147483552
2147483552
2146876584
2147483437
2147483535
2147483535
2147483437
2147483552
2147483381
2147480177
2147483552
2147474013
2147480173
2147483552
2147478948
2147483552
2147483535
2147483552
2146746981
2147483552
2147483552
2147483381
2147483552
2147483552
2147483613
2147483437
2147481621
2147483552
2147483437
2147483526
2147483526
2147483552
2147481200
2147483535
2147483552
2147482590
2147483613
2147451183
2147414560
2147481621
2147477667
2147483535
2147483535
2147483552
2147483552
2147482590
2147483552
2147483613
2147475338
2147483552
2147483535
2147481621
2147482906
2147483613
2147483552
2147483552
2146361519
2146677461
2147355053
2147483552
2147483437
2147483437
2147483437
2147483613
2147483535
2147483552
2147483552
2147481621
2147481621
2147483437
2147483552
2147483613
2144765462
2147483552
2147483552
2147483526
2147483552
2147483552
2147483535
2147482906
2147449478
2147483535
2147483381
2147483535
2147483552
2147483552
2147483535
2147480173
2147483191
2147483535
2147483613
2147483535
2147483535
2147483552
2147483535
2147483613
2147483552
2147483613
2147482590
2147483526
2147483535
2147483552
2147480177
2147483552
2147483552
2147482313
2147483552
2147483526
2147483300
2147483552
2147483437
2147480548
2147483613
2147411329
2147483535
2147483552
2147483535
2147483191
2147483552
2147483535
2147483552
2147483552
2147483613
2147482313
2147483552
2147467061
2147483526
2147483437
2147483552
2147483552
2147483552
2147483552
2147483437
2147483552
2147483381
2147483526
2144428804
2147456832
2147483552
2146852622
2147147874
2147483191
2147471305
2147483613
2147483613
2147483300
2147483552
2147483437
2147483552
2147483535
2147483437
2147481596
2147441641
2147483535
2147483535
2147460138
2147483535
2147478948
2147483552
2147483535
2147483552
2147483613
2147479149
2147482590
2147483381
2147483535
2147483437
2147483552
2147457812
2147483381
2147474039
2147482906
2147483552
2147483437
2147483437
2147483552
2147483552
2147483552
2147479551
2147483526
2147483535
2147482590
2147483552
2147483613
2147483613
2147483552
2147348879
2147483552
2147483552
2147482313
2147483552
2147483552
2147483552
2147457678
2146891619
2147483535
2147483535
2147483437
2147483056
2147483535
2147483552
2147483191
2147483437
2147483191
2147477267
2147483437
2147483526
2147483552
2147483552
2147483535
2147483552
2147483552
2147483552
2147483381
2147483552
2147481912
2147483552
2147483613
2147462337
2147483437
2147483552
2147483613
2147478908
2147483535
2147483535
2147483437
2147483535
2147483535
2147483437
2147483191
2147483526
2147483437
2147483552
2147483535
2147483613
2147483552
2147483613
2147483613
2147483437
2147483191
2147481621
2147483300
2147483157
2147480177
2147483613
2147483535
2147483552
2147483552
2147483613
2147467045
2147483381
2147483552
2147483535
2147483381
2147482590
2147483552
2147483552
2147483535
2147483381
2136831774
2147483535
2147483552
2147482313
2147483552
2147483437
2147483381
2147483552
2147483535
2147480817
2147461077
2147481200
2147483535
2147483437
2147479551
2147478948
2147459354
2147480173
2147483552
2147483535
2147483613
2147483552
2147477649
2147483535
2147478948
2147483381
2147481621
2147483552
2147480548
2147452201
2147468968
2147483552
2147483613
2147483552
2147481621
2147483613
2147483552
2147482590
2147483552
2147483552
2147483535
2147483535
2147482590
2147483526
2147483437
2147483535
2147481621
2147482906
2147427485
2147483535
2147410832
2147482590
2147483526
2147483552
2147483535
2147483437
2147483552
2147470810
2147483535
2147482313
2147450208
2147483535
2147483535
2147478494
2147482590
2147483552
2147475338
2147483552
2147483552
2147483535
2147482020
2147481596
2147483552
2147483535
2147483535
2147483552
2147483535
2147483535
2147483552
2147483381
2147483552
2147483552
2147483552
2147483552
2147483552
2147483437
2147483535
2147483535
2147483552
2147483552
2147483552
2147483552
2147483437
2147483552
2147483535
2147483552
2147480817
2147480173
2147483613
2147471822
2147483552
2147483437
2147483552
2147462596
2147483552
2147483191
2147475609
2147483535
2147483552
2147483535
2147430343
2147483552
2147483191
2147483613
2147483552
2147483552
2147483552
2147483552
2147483535
2147482313
2147481621
2147483437
2147483526
2147483552
2147483552
2147483552
2147483191
2147456784
2147483535
2147478233
2147483552
2147483552
2147483552
2147482313
2147483552
2147483552
2147483535
2147483552
2147482030
2147483552
2147483613
2147483191
2147483613
2147479551
2147482590
2147483552
2147483381
2147483535
2147483535
2147474676
2147483613
2147483535
2147483552
2147469837
2147483613
2147483639
2147483535
2147482961
2147483613
2147481200
2147244654
2147483552
2147483381
2147483535
2147483552
2147483535
2147483552
2147480817
2147483552
2147483535
2147483437
2147482590
2147483535
2147483613
2147483535
2147483613
2147483381
2147483535
2147483381
2147483552
2147483552
2147483381
2147475609
2147477446
2147481621
2147483552
2147481621
2147483535
2147483535
2147483552
2147483552
2147477649
2147483552
2147483552
2147483437
2147483381
2147478948
2147483552
2147483552
2147483381
2147483552
2147483437
2147483552
2147483552
2147478908
2147483381
2147481043
2147483526
2147483535
2147481621
2147483613
2147483437
2147483552
2147483526
2147469837
2147478948
2147483552
2147483535
2147483535
2147483552
2147475609
2147482590
2147483552
2147471784
2147481621
2147483535
2147482313
2147483613
2147483535
2147063192
2147483552
2147483535
2147483437
2147483552
2147483552
2147483552
2147467061
2147483552
2147483613
2147483437
2147483552
2147479551
2147430343
2147483535
2147480817
2147483535
2147483191
2147483552
2147471822
2147284446
2147483535
2147479551
2147457812
2147483535
2147483437
2147483381
2147483552
2147483613
2147481043
2147483613
2147483535
2147465020
2147483613
2147290251
2147481043
2147483552
2147483613
2147482313
2147482313
2147483535
2147481200
2147481621
2147483552
2147481043
2147483613
2147483437
2147483552
2147483552
2147481621
2147483613
2147348879
2147483191
2147483191
2147483552
2147483526
2147483535
2147399197
2147483552
2147482590
2147475338
2147483552
2147483613
2147480173
2147482906
2147483552
2147483535
2147480548
2147483613
2147473471
2147483300
2147481043
2147483552
2147475338
2147483613
2147483526
2147483437
2147478233
2147483552
2147483552
2147482590
2147483535
2147483535
2147479551
2147483535
2147483535
2147483526
2147483437
2147483552
2147483552
2147481621
2147483552
2147483552
2147477267
2147483381
2147483535
2147483535
2147483535
2147483535
2147483535
2147483552
2147483526
2147483437
2147483552
2147483535
2147457902
2147483526
2147483191
2147483613
2147481621
2147483437
2147477267
2147478233
2147483552
2147483535
2147483552
2147483552
2147480177
2144996874
2147483535
2147483535
2147483552
2147482590
2147483437
2145149064
2147457678
2147483526
2147481200
2147483535
2147483191
2147483535
2138728940
2147483552
2147483552
2147482590
2147483535
2147483552
2147483535
2147483613
2147483191
2147483535
2147481621
2147483552
2147461077
2147459354
2147483552
2147483552
2147483552
2147301537
2147483381
2147483191
2147483535
2147483535
2147483613
2147482313
2147483552
2147483552
2147471822
2147483535
2147483535
2147483552
2147483552
2147483437
2147483552
2147483552
2147475338
2033322352
2147483381
2147483552
2147483535
2147483381
2147473471
2147460415
2147483613
2147483381
2147483552
2147481200
2147483552
2147483535
2147483191
2147483552
2147483552
2147483191
2147483552
2147483526
2144491199
2147483535
2147483437
2147483437
2147483191
2147483535
2147483526
2147483552
2147482590
2147483552
2147483552
2147483535
2147483552
2147481200
2147483381
2147480173
2147473471
2147483535
2147483552
2147483437
2147483552
2147483381
2147483552
2147483535
2147483552
2147483552
2147483552
2147483535
2147483552
2147483552
2147483535
2147481596
2147483552
2147483437
2147480548
2147483552
2147483613
2147483535
2147483535
2147482356
2147483552
2147483526
2147483381
2147483535
2147481621
2147458985
2147483381
2147483552
2147483535
2147483535
2147481621
2147483552
2147483552
2147483191
2147483437
2147483535
2147483552
2147482020
2147483552
2147483437
2147483535
2147483437
2147480173
2147483552
2147483613
2147483381
2147475338
2147482030
2147483381
2147481621
2147465020
2147483552
2147480173
2147483437
2147482590
2147483191
2147474676
2147483381
2147483552
2147483535
2147483613
2147483191
2147483613
2147476624
2147479149
2147483552
2147483552
2147483381
2147190587
2147477667
2147481621
2147483437
2147480001
2147483381
2147483535
2147481043
2147482313
2147483535
2147449478
2147459354
2147483552
2147483613
2147483300
2147483526
2147480817
2147483535
2147475338
2147475338
2147483535
2147481621
2147483613
2147460138
2147483552
2147483552
2147483535
2147483552
2147483437
2147483535
2147483535
2147483535
2147474676
2147483552
2147483552
2147483552
2147483535
2147483437
2147483535
2147483552
2147483535
2147483613
2147483552
2147483613
2147047464
2147483552
2147483552
2147483552
2147354362
2147481043
2147480817
2147483381
2147483552
2147483535
2147483552
2127098496
2147478233
2147483437
2147483526
2147483552
2147483552
2147483526
2147483613
2147483552
2147482020
2147483552
2147483552
2147483535
2147482020
2147483552
2147483552
2147483552
2147483535
2147481200
2147483552
2147481621
2147482030
2147483437
2147483552
2147483613
2147480173
2147408334
2147387209
2147483535
2147483552
2147483639
2147483437
2147483552
2147483552
2147483552
2147482590
2147480817
2147483613
2147483437
2142842023
2147483437
2147483552
2147483552
2147483191
2147433371
2147483535
2147483191
2147483535
2147483552
2147483191
2147483535
2147481200
2146704978
2147483526
2147483552
2147483552
2147483552
2147483381
2147482590
2147483535
2147480173
2145790153
2147480177
2147483613
2147483613
2147483613
2147483552
2147483552
2147483552
2147483526
2147483191
2147483526
2147483535
2147483526
2147483535
2147483535
2147483552
2146361519
2147483552
2147480177
2147483437
2147483535
2147481596
2147483552
2147481912
2147483552
2147479149
2147479551
2147477267
2147483535
2147483552
2147467286
2147483535
2147483552
2147483437
2147483552
2147483613
2147483552
2147483526
2147483552
2147483613
2147483535
2147483552
2147483552
2147483552
2147481621
2147420711
2147483552
2147481596
2147483552
2147481043
2147480548
2147481596
2147483613
2147481200
2147483535
2147483613
2147482590
2147474676
2147483552
2147483552
2147483437
2147483613
2147483552
2147482030
2147483552
2147483535
2147483535
2147483535
2147483613
2147426555
2147483437
2147483552
2146897378
2143194714
2147483381
2147475338
2147482590
2147465487
2147483191
2147483613
2147483535
2147480817
2147483381
2147483381
2147483552
2147483300
2147483526
2147483381
2147481043
2147483535
2147483381
2147483526
2147483535
2147475338
2147483613
2147483613
2147483552
2147483552
2147473471
2147483613
2147483552
2147483535
2147483535
2147483535
2147483552
2147242829
2147483552
2147483613
2147481621
2147483552
2147483535
2147482590
2147483535
2145790880
2147483613
2147483535
2147483437
2147483552
2147483535
2147481621
2147483552
2147483526
2147483535
2147483552
2147477267
2147482590
2147483526
2147483552
2147483552
2147483552
2147482020
2147479575
2147483535
2147483552
2147481043
2147483552
2147480173
2147483535
2147483300
2147483191
2147483526
2147483613
2147483535
2147483552
2147483535
2147483552
2147481043
2147483535
2147483535
2147483381
2147483552
2147483613
2147483552
2147483437
2147471822
2147483535
2147410538
2147480001
2147483526
2147483613
2147483437
2147483613
2147483300
2147483552
2147483613
2147483613
2147483552
2147483535
2147483526
2147482313
2147483552
2147483437
2147483552
2147483526
2147483552
2147482313
2147483535
2147483552
2147313099
2147483535
2147483552
2147483552
2147483552
2147483191
2147483613
2147483552
2147483552
2147483552
2147482906
2147343818
2147482590
2147483552
2147278034
2147483552
2147483535
2147480001
2147483437
2147481621
2147483552
2147461914
2147483552
2147477267
2147483437
2147483526
2147465904
2147483552
2147483552
2147483552
2147478233
2147420711
2147482906
2147483552
2147483535
2147480173
2147483535
2146779770
2147481621
2147483535
2147483552
2147483526
2147483381
2147483613
2147483613
2147483535
2147483613
2147483535
2147483535
2147475338
2147480177
2147430343
2147482590
2147483535
2147483552
2147483535
2147471784
2147483552
2147483526
2147483535
2147481912
2147483552
2147483535
2147483552
2147483613
2147482313
2147483381
2147483552
2147483552
2147483552
2147483552
2147483381
2147475842
