2147483294
2147483384
2147483294
2147483465
2147483384
2147483631
2147479241
2147483465
2147483465
2147479241
2147483631
2147480545
2147483294
2147483465
2147483384
2147483631
2147470662
2147483294
2147249085
2147482519
2147476240
2147482877
2147483294
2147466704
2147483465
2147483631
2147483294
2147483281
2147483294
2147482638
2147482281
2147483384
2147483294
2147483465
2131945674
2147479782
2147483294
2147482877
2147483294
2147483631
2147482281
2147469518
2147480188
2147483631
2147483631
2147480982
2147483631
2147482936
2147483294
2147483294
2147483631
2147482877
2147483631
2147483384
2147483066
2147483631
2147483465
2147483384
2147483631
2147482638
2147483631
2147483384
2147169837
2147483465
2125958574
2147466968
2147483631
2147483294
2147479170
2147481159
2147483384
2147478819
2147483465
2147483631
2147483631
2147479170
2147483465
2147482281
2147483294
2147483631
2147483465
2147482224
2147483066
2147479831
2147483294
2147478205
2147483294
2147483294
2147483631
2147482281
2147483294
2147480584
2147483465
2147483631
2147482525
2147483384
2147482638
2147483384
2147482638
2147483294
2147481438
2147235849
2147483465
2147483384
2147483294
2147466868
2147483631
2147475383
2147482638
2147483631
2147482638
2147482638
2147483384
2147482638
2147483631
2147483465
2147482638
2147476240
2147482281
2147483294
2147482281
2147483384
2147483465
2147482877
2147482224
2147482936
2147469482
2147464867
2147482936
2147482877
2147483465
2120162777
2147483384
2147483631
2147483465
2147482638
2147480982
2147479241
2147483384
2147483631
2147483465
2147479241
2147483631
2147481438
2147483631
2147482281
2147479782
2147483631
2147483294
2147483465
2147483631
2147483294
2147482877
2147483294
2147483384
2147483384
2147482519
2147479236
2147483465
2147483465
2147482281
2147482638
2147474265
2147479241
2147483384
2147483066
2147463226
2147483384
2147483294
2147483465
2147483465
2147483465
2147483545
2147482326
2147482281
2147483465
2147483384
2147468487
2147483631
2147483631
2147482638
2147483631
2147483294
2147483294
2147482638
2147482638
2147483465
2147482281
2147483631
2147470923
2147479241
2147483465
2147483384
2147480486
2147483465
2147483294
2147483631
2147483631
2147483294
2147398193
2147483384
2147482519
2147483294
2147483465
2147483294
2147483294
2147483465
2147483631
2147483294
2147483384
2147482281
2147482638
2147483465
2147483294
2147479782
2147478560
2147483110
2147477570
2147407233
2147482638
2147483294
2147482985
2147483294
2147482281
2147482525
2147482638
2147483465
2147476571
2147483465
2147482638
2147483465
2147482638
2147482519
2147482877
2147482525
2147477170
2147483066
2147483631
2147479241
2147483465
2147482525
2147479599
2147482281
2147479782
2147483465
2147479782
2147483465
2147482281
2147483631
2147479782
2147466704
2147483294
2147483465
2147483294
2147482638
2147483294
2147483465
2147483631
2147482877
2147483631
2147482638
2147483631
2147464431
2147482638
2146273564
2147483631
2147483066
2147482877
2147483294
2147483631
2147483631
2147479782
2147483294
2147483631
2147483545
2147483465
2147483384
2147483294
2147482877
2147464431
2147483465
2147480486
2147480486
2147483384
2147210917
2147482525
2147483294
2147482877
2147483465
2147483294
2147483465
2147482281
2147483294
2147482281
2147483294
2147482638
2147483294
2147483294
2147479782
2147479831
2147468487
2147483631
2147483294
2147483465
2147463730
2147483631
2147483294
2147482519
2147483631
2147479241
2147483384
2147482877
2147482936
2147483294
2147483294
2147483631
2147483465
2147482936
2147479782
2147479782
2147306853
2147280918
2147483294
2147483294
2147464867
2147483294
2147483384
2147483465
2147482281
2147469714
2147483631
2147482638
2147483281
2147235849
2147483294
2147483294
2147482877
2147483631
2147483294
2143965401
2147482638
2147483465
2147483294
2147483631
2147482519
2147482281
2147483294
2147469482
2147481438
2147483179
2147483465
2147483294
2147482877
2147483294
2147483465
2147483294
2147483294
2147483294
2147483465
2147483465
2147483384
2147483294
2147483294
2147483294
2147483465
2147483631
2147483384
2147483384
2147483384
2147482638
2147482877
2147483384
2147483465
2147483631
2147483631
2147426804
2147479599
2147483294
2147483465
2147483294
2147483384
2147483384
2147483465
2147483465
2147483465
2147480486
2147483631
2147482638
2147475315
2147479241
2147483294
2147483131
2147483294
2147483631
2147483294
2147483465
2147483465
2147483631
2147479241
2146861547
2147479241
2147483179
2147483294
2147483465
2147483066
2147483281
2147482638
2147483066
2147483465
2147483465
2147483384
2147483631
2147468955
2147482281
2147480486
2147423272
2147470662
2138743550
2147483631
2147483631
2147482281
2147483294
2147483384
2147483631
2147483294
2147482638
2147482525
2147389676
2147483294
2147482281
2147482638
2147483281
2147483631
2147483294
2147483294
2147483465
2147483384
2147483294
2147482638
2147482877
2147475383
2147483465
2147479241
2147483465
2147483465
2147483631
2147481438
2147483465
2147483294
2147482638
2147483631
2147483465
2147483294
2147483465
2147478560
2147451751
2147483465
2147483294
2147483294
2147482638
2147483465
2147483631
2147483066
2147483294
2147483465
2147483066
2147483631
2147483294
2147483294
2147466704
2147483631
2147483294
2147483465
2147464431
2147483631
2147483384
2147480584
2147483631
2147483294
2147483631
2147479782
2147483294
2147483384
2147482638
2147482519
2147479782
2147483465
2147483631
2147467463
2147482638
2147483294
2147483465
2147483631
2147483294
2147483294
2147482638
2147483066
2147477570
2147483465
2147479782
2147483281
2147482519
2147483294
2147483631
2147482936
2147483631
2147480486
2147482638
2147482281
2147483465
2147482331
2147483294
2147483465
2147483294
2147479236
2147483384
2147483465
2147483294
2147483465
2147483294
2147483631
2147483066
2147483294
2147483465
2147483465
2147483294
2147483465
2147483294
2147483465
2147483465
2147483631
2147481438
2147483384
2147482638
2147463583
2147482877
2147483294
2147483294
2147483294
2147483545
2147483465
2147483631
2147483631
2147478560
2147483294
2147483631
2147483465
2147483294
2147483294
2147483465
2147480486
2147482281
2147483465
2147480486
2147482281
2147479599
2147483465
2147483631
2146663214
2147483465
2147483465
2147227647
2147444868
2147483384
2147482326
2147483294
2147483294
2147483465
2147483066
2147483294
2147482638
2147483631
2147483294
2147470923
2147477570
2147480188
2147463730
2147483384
2147483465
2147482155
2147483465
2147466704
2147469518
2147481438
2147468487
2147483465
2147483465
2147483465
2147483281
2147483631
2147483631
2147483384
2147483294
2147482638
2147483384
2147480545
2147483294
2147380215
2147483465
2147483465
2145405543
2147483294
2147479599
2147483465
2147479241
2147483465
2147483294
2147482638
2147483465
2147483631
2147483631
2147483465
2147483294
2147483294
2147483631
2147482513
2147483294
2146412365
2147483294
2147479831
2147483465
2147483631
2147483465
2147483465
2147483294
2147483545
2147448852
2147482638
2147479782
2147483294
2147483465
2147483465
2147483294
2147482638
2147482281
2147483294
2147483294
2147482281
2147483465
2147407233
2147479241
2147483631
2147474265
2147483384
2147482877
2147478455
2147482877
2147479170
2147483631
2147482281
2147483294
2147184062
2147483465
2147483294
2147470211
2147483465
2147483294
2147483294
2147481438
2147482519
2147483294
2147479241
2147483545
2147483465
2147482525
2147481438
2147483465
2147483384
2147482281
2147483465
2147478560
2147483465
2147483631
2147483294
2147479782
2147483294
2147477170
2147483294
2147479241
2147444868
2147469482
2147483465
2147483465
2147483631
2147483631
2147483631
2147483294
2147483465
2147483294
2147483294
2147483465
2147483465
2147483465
2147483066
2147483465
2147483294
2147483294
2147483294
2147483384
2147245813
2147482525
2147482513
2147476571
2147306853
2147397061
2147470455
2147483631
2147482936
2147482281
2147479782
2147483384
2147482638
2147463226
2147483384
2147470662
2147483465
2147467908
2147469482
2147483294
2147483294
2147483465
2147483066
2147483294
2147483294
2142185665
2147482877
2147483294
2147483384
2147482519
2147483066
2147479170
2147475252
2147464431
2147483465
2147483465
2147478819
2147483631
2147482519
2147480584
2147483631
2147462115
2147483384
2147483294
2147482936
2147483465
2147482877
2147448852
2147483294
2147372773
2147483384
2147483294
2147476242
2147482326
2147474265
2147483631
2147483465
2147466868
2147477570
2147463730
2147483631
2147483294
2147483631
2147479782
2147483465
2147475315
2147479170
2147483066
2147483281
2147483294
2147483631
2147483110
2147380215
2147483465
2147483631
2147483465
2147371127
2147483294
2147482155
2147483465
2147483384
2147483294
2147483465
2147482281
2147482638
2147483631
2147470211
2147483294
2147473666
2147470211
2147482281
2147483294
2146756599
2147479241
2147483294
2147474265
2147483384
2147483465
2147482281
2147482877
2147483631
2147483294
2147482525
2147483631
2147467888
2147483465
2147482877
2147483631
2147483465
2147483294
2147483294
2147483631
2147483631
2147483294
2147483066
2147405161
2147483110
2147477170
2147483384
2147482877
2147482281
2147483631
2147482638
2147483066
2147483631
2147483631
2147090388
2147483465
2147483465
2147483294
2147481159
2147483294
2147483281
2147482638
2147483294
2147479782
2147483465
2147483384
2146554282
2147483465
2147483294
2147483294
2147482638
2147483465
2147483294
2147483631
2147483631
2147482281
2147483631
2147483294
2147483110
2147482281
2147483384
2147483294
2147483294
2147483465
2147483631
2147483294
2146580702
2147479782
2147483465
2147483294
2147483631
2147483545
2147483294
2147479782
2147483465
2147468955
2147482877
2147479599
2147476571
2147483294
2147477570
2147479782
2147483465
2147483294
2147483545
2147483294
2147479782
2145410881
2147483294
2147462115
2147483631
2147483465
2147483631
2147483294
2147482519
2147483131
2147483066
2147482638
2147479241
2147483465
2147482638
2147470211
2147334392
2147483465
2147483066
2147483465
2147483631
2147483294
2147483465
2147482326
2147350255
2147477735
2147482877
2147482281
2147482281
2147436724
2147463583
2147483465
2147482224
2147483465
2147483465
2147483465
2147483294
2147483294
2147483294
2147483465
2147481438
2147483465
2147483384
2147479170
2147479782
2147483631
2147482936
2146803370
2147479170
2147483294
2147482519
2147482153
2147466902
2147483384
2147473666
2147483384
2147380917
2147482985
2147482519
2147483294
2147482281
2147483465
2147482525
2147483465
2147339988
2147482877
2147483294
2147483465
2147479170
2147483465
2147483294
2147483465
2147482281
2147482281
2147452067
2147479782
2147483294
2147483465
2147482281
2147483465
2147473666
2147483465
2147483631
2147482877
2147483631
2147483465
2147483465
2147482281
2147483631
2147483384
2147453712
2147483465
2147483066
2147483631
2147483631
2147483631
2147483465
2147483294
2147483631
2147479170
2147483294
2147483294
2146489048
2147483066
2147466868
2147483384
2147423272
2147482281
2147479831
2147482519
2147483110
2147483294
2147483465
2147483294
2147483294
2147483545
2147453712
2147483294
2147483465
2147483294
2146285346
2147483465
2147482638
2147464867
2147483294
2147483631
2147482525
2147483384
2147483465
2147482877
2147483631
2147483384
2147483631
2146255136
2147483631
2147483465
2147478819
2147477570
2147483465
2147479236
2147483465
2147482877
2147483631
2147483294
2147483631
2147483465
2147482877
2147482281
2147483294
2147482638
2147483294
2147464867
2147483465
2147483294
2147483465
2147479782
2147479241
2147483465
2147483465
2147475252
2147483631
2147482877
2147483384
2147483294
2147470923
2147482877
2147483384
2147482877
2147483465
2147481438
2147483465
2147479782
2147483384
2147479241
2147479782
2147483294
2147483465
2147483465
2147483465
2147483465
2147483465
2147483384
2147483631
2147482281
2147482519
2147483465
2147466968
2147483631
2147483294
2147474265
2147483294
2147483384
2147482936
2147483631
2147482877
2147461779
2147475252
2147483465
2147483384
2147477170
2147483384
2147483465
2147468487
2147479782
2147483294
2147418359
2147483465
2147483631
2147483294
2147482638
2147483294
2147483465
2147483294
2147481438
2147482519
2147479599
2147483465
2147483294
2147483294
2147483465
2147483465
2147483294
2147483631
2147482638
2147480545
2147482281
2147483294
2147483294
2147483631
2147483465
2147483294
2147474265
2147483294
2147482877
2147478819
2147483631
2147483631
2147483631
2147483294
2147483294
2147483465
2147483631
2147481159
2147483110
2147479831
2147483631
2147483631
2147482936
2147483384
2147465443
2147483294
2147482525
2147483294
2147479599
2147483465
2147483294
2147483631
2147483281
2147475383
2147482936
2147483066
2147483384
2147483066
2147483294
2147482877
2147483384
2147409606
2147482877
2147482519
2147462950
2147483545
2147483545
2147483131
2147483384
2147483294
2147483294
2147482877
2147482638
2147482638
2147483465
2147483294
2147483631
2147478560
2147483465
2147483465
2147466704
2147483294
2147483631
2147483294
2147482519
2147483465
2147483294
2147411932
2147483465
2147482877
2147483465
2147479782
2147483465
2147483384
2147436724
2147483294
2147483465
2147478819
2147387987
2147483631
2147482638
2147482525
2147482519
2147483384
2147483631
2147483631
2147482638
2147483384
2147483465
2147482281
2147480545
2147483294
2147483631
2147479782
2147482638
2147483631
2147482638
2147466902
2147483384
2145375742
2147483384
2147483465
2147483294
2147483294
2147464431
2147483465
2147483294
2147483465
2147476571
2147482326
2147481438
2147483294
2147468487
2147483294
2147483631
2147483465
2147483465
2147479782
2147483294
2147483465
2147478560
2147482326
2147482985
2147482638
2147479831
2147482281
2147483465
2147479236
2147483110
2147477570
2147483465
2147483631
2147483294
2147482281
2147476571
2147482281
2147483294
2147483384
2147483294
2147360836
2147483294
2147479782
2147483465
2147483465
2147483294
2147481438
2147448943
2147483631
2147480545
2147482519
2147483465
2147483465
2147483465
2147483294
2147428604
2147479241
2147479241
2147483465
2147463892
2147483465
2147483294
2147483294
2147483465
2147483110
2147483294
2147483465
2147483294
2147482281
2147483631
2147483066
2147483294
2147479241
2147483631
2147481694
2147477170
2147483631
2147483631
2147470923
2147483294
2147474265
2147483631
2147462115
2147483465
2147483294
2147483465
2147483465
2147479241
2147483294
2147483384
2147483294
2147483131
2147483294
2147479782
2147482877
2147483294
2147483294
2147482638
2147483631
2147482877
2147482513
2147483384
2147483294
2147483465
2147483384
2147483631
2147483294
2147483465
2147483465
2147483465
2147483294
2147468955
2147483384
2147483631
2147444440
2147483631
2147482638
2147483465
2147483294
2147483631
2147482877
2147483631
2147483465
2147483631
2147466902
2147483294
2147483465
2147483465
2147483294
2147483294
2147482985
2147482936
2147483631
2147483294
2147480486
2147483465
2147482519
2147483294
2147483384
2147469714
2147479241
2147483465
2147482877
2147483465
2147483294
2147483384
2147483465
2147483294
2147483294
2147483465
2147482281
2147482281
2147482281
2147483066
2147483294
2147483294
2147478560
2147483384
2147474265
2147483465
2147483465
2147483631
2147482281
2147479599
2147483465
2147483465
2147483465
2147483465
2147482877
2147483465
2147483465
2147483631
2147483631
2147483465
2147483631
2147479782
2147482877
2147482281
2147483294
2147481438
2147462950
2147483465
2147483465
2147483545
2147482519
2147483465
2147479782
2147481438
2147482281
2147482638
2147480486
2147483294
2147481438
2147483465
2147357320
2147483631
2147483465
2147483294
2147479831
2147483465
2147477570
2147483631
2147483631
2147482525
2147479782
2147479782
2147483465
2147483465
2147482519
2147483465
2147469482
2147481159
2147482936
2147483465
2147483066
2147482281
2147479782
2147483384
2147464867
2147482638
2147483294
2147483384
2147482877
2147482525
2078080905
2147482281
2147483631
2147482877
2147483465
2147482638
2147483294
2147483465
2147483294
2147479782
2147483384
2147483294
2147483294
2147482638
2147483465
2147483465
2147483384
2147483384
2147483294
2147482519
2147482519
2147483465
2147470923
2147483294
2147483294
2147483631
2147479782
2147482877
2147483294
2147483384
2147482525
2147448696
2147483281
2147483631
2147483465
2147483631
2147483631
2147483545
2147483631
2147479236
2147483465
2147483465
2147482638
2147482519
2147482638
2147477570
2147483294
2147483110
2147483631
2147483465
2147483384
2147483465
2147483384
2147483294
2147479241
2147444716
2147483294
2147482519
2147479831
2147483631
2147483294
2147482638
2147479170
2147477570
2147483631
2147483294
2144614628
2147483631
2147483294
2147483384
2147483465
2147483465
2147483384
2147483294
2147483631
2147483631
2147483631
2147481438
2147482519
2147483294
2147483631
2147483294
2147483294
2147483465
2147483465
2147482224
2147483631
2147482638
2147483465
2147483294
2147483384
2147482877
2147483294
2147483631
2147483631
2147448852
2147482877
2147477570
2147483066
2147458079
2147483465
2147483465
2147483294
2147482638
2147481438
2147482224
2147483465
2147483465
2147483631
2147483631
2147483465
2147483384
2147483066
2147482519
2147483465
2147483294
2147483066
2147483465
2147482281
2147482281
2147483281
2147478560
2147167807
2147480545
2147482877
2147482638
2147464431
2147483384
2147483465
2147470662
2147483294
2147483294
2147466868
2147479241
2147482638
2147483631
2147479782
2146968869
2147482936
2147483294
2147483294
2147467908
2147448852
2147482281
2147483294
2147479241
2147479782
2147483066
2147426804
2147482877
2147478560
2147478560
2147482281
2147482281
2147483294
2147483384
2147483631
2147482525
2147483465
2147483294
2147483631
2147482155
2147483465
2147483631
2147458555
2147483465
2147483384
2147483294
2147483465
2147483631
2147458079
2147482877
2147483465
2147483294
2147479241
2147482281
2147453712
2147483465
2147482281
2124128539
2147483294
2147483294
2147483631
2147483384
2147483294
2147483294
2147483294
2147482936
2147483465
2147482638
2147483294
2147482936
2147483110
2147062551
2147482331
2147482281
2147483294
2147483294
2147483465
2147483294
2147482638
2147483465
2147482525
2147479170
2147483294
2147483465
2147483465
2147482877
2147483294
2147479599
2147483465
2147481159
2147482525
2147483294
2147483294
2147483294
2147482877
2147483294
2145883664
2147482513
2147483294
2147483281
2147479782
2147479782
2147483294
2146298175
2147479241
2147483465
2147483465
2147479782
2147483294
2147483294
2147483384
2147483631
2147475383
2147482281
2147479782
2147483294
2147483294
2147483294
2147483384
2147483294
2147474265
2147483384
2147477170
2147483384
2147482525
2147483110
2147482525
2147482519
2147482326
2147483294
2147477570
2147480486
2147482638
2147483465
2147482877
2147479241
2147483465
2147483631
2147483384
2147483384
2147483631
2147483294
2147482519
2147482155
2147483465
2147483294
2147482638
2147482281
2147479170
2147483465
2147483465
2147482281
2147461779
2147483294
2147483294
2147483384
2147483294
2147483465
2147483294
2147479782
2147483465
2147482525
2144078566
2147482281
2147483294
2147483631
2147483465
2147482936
2147396306
2146951164
2147482281
2147483294
2147483631
2147483294
2147482281
2147483631
2147470923
2147482638
2147483384
2147482281
2147482638
2147483465
2147483631
2147483384
2147482281
2147483465
2147483384
2147482281
2147479241
2147483631
2147483294
2147483384
2147397061
2147479782
2147483294
2147482877
2147483294
2147482877
2147483294
2147482519
2147483294
2147482877
2147483465
2147482519
2147483384
2147483465
2147483465
2147483294
2147483465
2147483066
2147483465
2147483294
2147482519
2147483631
2147483631
2147479241
2147483384
2147483294
2147483631
2147483294
2147483465
2147483294
2147483294
2147481438
2147467463
2147483631
2146871831
2147483384
2147483294
2147470923
2147482638
2147482281
2147483631
2147481438
2147483631
2147480188
2147453712
2147483465
2147482985
2147483294
2147483631
2147483631
2147483110
2147483465
2147473666
2147483384
2147483631
2147483294
2147482877
2147483294
2147482638
2147483294
2147475252
2147482326
2147482638
2147482638
2147483384
2147483294
2147482877
2147483294
2147483465
2147483294
2147483465
2147483631
2147171516
2147482638
2147096319
2147483631
2147483384
2147483294
2147483631
2147483294
2147483294
2147477735
2147482936
2147482877
2147479241
2147483465
2147482281
2147483631
2147483631
2147483294
2147483294
2147483631
2147483294
2147483465
2147483384
2147483631
2147483465
2147468955
2147482877
2147483294
2147483294
2147483294
2147483465
2147479782
2147483294
2147483465
2147482877
2147483110
2147480486
2147483465
2147479782
2147483294
2147483465
2147483465
2147483631
2147423261
2147483631
2147483294
2147483294
2147483465
2147483294
2147483465
2147483631
2147399567
2147483294
2140137952
2147469482
2147479241
2147483465
2147483294
2147483465
2147483294
2147483294
2147482936
2147483631
2147483631
2147483465
2145610142
2147483465
2147475383
2147482281
2147482519
2147483281
2147483465
2147483384
2147479599
2147483384
2147483631
2147483631
2147483294
2147482877
1997544262
2147482638
2147479782
2147483631
2147483631
2147482281
2147482519
2147479782
2147482326
2146930594
2147483631
2147482281
2147482638
2147483294
2147482519
2147478560
2147482281
2147483631
2147339988
2147483465
2147483465
2147483465
2147483465
2147483465
2147436182
2147474265
2147483384
2147483545
2147483631
2147475383
2147482224
2147483631
2147482519
2147482877
2147482525
2147483294
2147467463
2147480545
2147483384
2147478742
2147483294
2147483465
2147483465
2147483631
2147479782
2147483294
2147483294
2142743715
2147482877
2147482519
2147332119
2147463730
2147483384
2147466704
2147483631
2147482525
2147483294
2147482638
2147457329
2147479241
2147483066
2147483294
2147482519
2147450960
2147462115
2147483294
2147457329
2147483294
2147483465
2147482326
2147482985
2146974929
2147483294
2143922246
2147479782
2147483465
2147479782
2147483294
2147482877
2147483631
2147482936
2147418880
2147483384
2147483631
2147483465
2147483465
2147483294
2147483465
2147483631
2147483066
2147483294
2147483294
2147483465
2147483465
2147483066
2147480584
2147483294
2147477735
2147426804
2147483281
2146487054
2147483294
2147483294
2147363929
2147468955
2147477735
2147483545
2147483465
1996577204
2147479241
2147480545
2147482326
2147483294
2147483631
2147483465
2147479831
2147483465
2147483465
2147483294
2147482224
2147483465
2147483465
2147479782
2147482877
2147483465
2147483294
2147479241
2147483631
2147483384
2147483294
2147477570
2147483294
2147483281
2147483465
2147483384
2147479170
2147483465
2147483631
2147483631
2147481438
2147479170
2147483465
2147482281
2147483465
2147483384
2147483110
2147480545
2147482281
2147483294
2147483294
2147483631
2147483465
2147476571
2147483110
2147483631
2147479831
2147479241
2147478819
2147479170
2147482877
2147482877
2147481694
2147483631
2147483545
2147483294
2147483545
2147483465
2147483545
2147483465
2147479782
2147480545
2147483545
2147474265
2147482281
2147483294
2147479782
2147482281
2110373742
2147483465
2147482281
2147483294
2147483631
2132745001
2147483384
2147483465
2147482877
2147483066
2147483294
2147473666
2147483110
2147482281
2147479241
2147479782
2147482877
2147483110
2147426804
2147482224
2147425666
2147483294
2147483631
2147482281
2147483631
2147466902
2147483294
2147483631
2147482638
2147483465
2147482638
2147483066
2147478742
2147483465
2147483294
2147483465
2147482638
2147483465
2147482519
2147470923
2147482638
2147482877
2145689729
2147483294
2147463730
2147482638
2147482638
2147483631
2147482281
2147483294
2147483631
2147483384
2147483384
2147483294
2147483294
2147483465
2147463226
2147479170
2147482638
2147483465
2147483465
2147482326
2147483631
2147477170
2147483631
2147482281
2147483465
2147483294
2147483465
2147338453
2147483281
2147482281
2147431972
2147483384
2147483294
2147483465
2147479782
2147451065
2147479236
2147483465
2147479599
2147482638
2147463583
2147483465
2147483384
2147482638
2147483384
2147475383
2147483631
2147474265
2147483465
2147483384
2147483465
2147457640
2147479782
2147482638
2147483294
2147479782
2147483465
2147483294
2147483465
2147483465
2147483465
2147482877
2147482877
2147483631
2147483294
2147481438
2147483066
2146871831
2147482519
2147470211
2147245314
2147483294
2147483631
2147482936
2147479782
2147483465
2147483465
2147375347
2147483294
2145563924
2147483465
2147483465
2147483294
2147482638
2147479970
2147483631
2147482877
2147483294
2147480584
2147483465
2147483465
2147475315
2147483631
2147470923
2147483384
2147482525
2147479970
2147483465
2147483294
2147481438
2147483294
2147482281
2147482936
2147483110
2147483384
2147463730
2147483294
2147483294
2147482638
2147483465
2147482519
2147483631
2147482638
2147483294
2147482877
2147483631
2147483631
2147482638
2147463730
2147483384
2147483294
2147483294
2147482326
2147482281
2147482877
2147482519
2147483631
2147483465
2147483294
2147461386
2147483294
2147474265
2147483294
2147483465
2147470662
2147479241
2147483384
2147463583
2147479241
2147479782
2147483465
2147482638
2147483294
2147483384
2147483631
2147482877
2147483631
2147483465
2147483294
2147483631
2147438108
2147141046
2147483465
2147483631
2147483465
2147483465
2147475383
2147483631
2147482638
2147462115
2147483294
2147483294
2147482638
2147478205
2147483465
2147483294
2147483294
2147483294
2147483465
2147483465
2147483631
2147483110
2147483384
2147482281
2147483294
2147483384
2147483631
2147482155
2147468955
2147483631
2147483066
2147482638
2147483294
2147479782
2147483465
2147483631
2147483384
2147483465
2147483294
2147470923
2147448943
2147483631
2147479170
2147483465
2147468955
2147461779
2147483631
2147479782
2147483631
2147482281
2147483294
2147468487
2147483294
2147482224
2147483384
2147479782
2147482281
2147483294
2147468955
2147483294
2147482936
2147483631
2147482525
2147483465
2147477570
2147482281
2147483465
2147481159
2147483631
2147483631
2147479782
2147482638
2147483631
2147482638
2147483384
2147483465
2147468955
2147483294
2147483384
2147483631
2147483465
2147482519
2147482519
2147479236
2147483631
2147482155
2147483631
2147481159
2147479782
2147483110
2147483066
2147483294
2147372773
2147480545
2147483294
2147475252
2147482281
2147483384
2147482877
2147478560
2147483465
2147483294
2147483465
2147482936
2147483465
2147461779
2147483465
2147483631
2147477570
2147483294
2147483631
2147482638
2147467463
2147477735
2147483631
2147483294
2147483384
2147469518
2147483465
2147483631
2147483281
2147483066
2147483294
2147483465
2147483545
2147475252
2147479241
2147483465
2147483384
2147398193
2147483294
2147483465
2147483465
2147482519
2147483294
2147482281
2147483131
2147477170
2147479170
2147483294
2147482638
2147483631
2147479241
2147483465
2147482281
2140552285
2147483384
2147483465
2146997885
2147483631
2147482519
2147477170
2147482281
2147483465
2147479241
2147483294
2147463730
2147483631
2147406921
2147483294
2147483631
2147483465
2147474265
2147483465
2147483294
2147476571
2147483465
2147482936
2147482519
2147478205
2147483066
2147481694
2147479831
2147483384
2147483465
2147483465
2147482877
2147468955
2147478560
2147482877
2147483631
2147426804
2147482877
2147483384
2147483294
2147479782
2147477570
2147482638
2147483465
2143987076
2147483294
2147482877
2147483631
2147481438
2147483110
2147482638
2147479782
2147483294
2147483294
2147483294
2147483631
2147483384
2147483631
2147483631
2147482281
2147483465
2147478742
2147483545
2147483294
2147483631
2147483465
2146951164
2147483631
2147482877
2147483465
2147483131
2147483066
2147483465
2147483465
2147483294
2147483465
2147483465
2147483066
2147483465
2147482638
2147480545
2147281467
2147483294
2147482155
2147483294
2147482525
2147483631
2147482877
2147479782
2147479782
2147483465
2147483294
2147483294
2147483294
2147483631
2147483294
2147483384
2147483294
2147482638
2147482519
2147483465
2147483294
2147456002
2147479782
2147474265
2147482281
2147464431
2147483294
2147483465
2147482877
2147482638
2147483294
2147426804
2147466868
2147483294
2147479831
2147483465
2147482877
2147483294
2147483465
2147483294
2147483066
2147483294
2147473666
2147480545
2147482638
2147483384
2147482638
2147483631
2147483294
2145276219
2147483465
2147483294
2147461779
2147483465
2147483465
2147483465
2147481438
2147479782
2147482281
2147483294
2147483631
2147483294
2147479170
2147483631
2147479241
2147483294
2147483465
2147483465
2147467463
2147479782
2147483294
2147479170
2147483465
2147483465
2147483465
2147483384
2147483631
2147483465
2147483631
2147466868
2147483631
2147483294
2147482519
2147483631
2147483465
2147483465
2147483066
2147483294
2147479782
2147483465
2147463226
2147483294
2147483294
2147482519
2147463730
2147483631
2147483631
2147479170
2147482877
2147483294
2147483465
2147483465
2147483631
2147482281
2147478560
2147483465
2147483465
2147483465
2147483465
2147483384
2147483631
2147477570
2147463226
2147483294
2147483631
2147483631
2147483631
2147482525
2147483465
2147482877
2147462950
2147483384
2147483384
2147479782
2147483066
2147483465
2147483294
2147483294
2147479599
2147466868
2147483384
2147483465
2147483066
2147483465
2147483294
2147478205
2147481159
2147483465
2147482936
2147483465
2147483465
2147483465
2147482281
2147483294
2147482638
2147483294
2147483384
2147482638
2147483281
2147480545
2147482877
2147483631
2147467463
2147483294
2147483465
2147394914
2147483066
2147477570
2147479782
2147483294
2147482281
2147483631
2147483465
2147483294
2147393122
2147479831
2147482877
2147482638
2147483465
2147483294
2147483465
2147483384
2147483384
2147470211
2147428849
2147482877
2147483066
2147483631
2147483465
2147479782
2147482281
2147483465
2147473666
2147483631
2147479170
2147483465
2147483294
2147482638
2147483545
2147482638
2147173173
2147479782
2147483631
2147483294
2147483631
2147483294
2147479599
2147482519
2147482638
2147483465
2147483631
2147481159
2147479782
2147479831
2147483465
2147483465
2147483294
2147483465
2147482224
2147483294
2147479831
2147467908
2147483631
2147483294
2147483294
2147483384
2147477570
2147483294
2147479241
2147483631
2147483631
2147482519
2147483294
2147483465
2147483294
2147479782
2147481438
2147482519
2147483631
2147482877
2147483294
2147483294
2147483631
2147482936
2147483631
2147483384
2147483294
2147479241
2147483384
2147482281
2147483066
2147483545
2147483465
2147482281
2147483384
2147483465
2147482877
2147479241
2147423261
2147483465
2147482877
2147483631
2147483631
2147483631
2147483465
2147479241
2147483465
2147483631
2147483631
2147483631
2147398193
2147483294
2147483294
2147482525
2147483465
2147483294
2147482877
2147483465
2147450238
2147360836
2147483465
2147483465
2147483128
2147463892
2147483294
2147483294
2147478205
2147483631
2147482877
2147483294
2147482638
2147483294
2147483294
2147479782
2147483631
2147483631
2147483294
2147482331
2147479782
2147482638
2147482638
2147483631
2147463730
2147483545
2147483465
2147482519
2147483465
2147482638
2147483631
2147482638
2147483294
2147482638
2147483465
2147483465
2147483465
2147483631
2147470923
2147483465
2147482525
2147436182
2147479782
2147479782
2147482638
2147468955
2147482638
2147479241
2147483465
2147483294
2147470211
2147478560
2147482936
2147483384
2147483465
2147483631
2147483294
2147483294
2147483294
2147483384
2147483465
2147483294
2147482877
2147483465
2147483465
2147483631
2147479405
2147483465
2147483465
2147483545
2147479782
2147482281
2147483465
2147483294
2147209181
2147469482
2147483465
2147483465
2147479782
2147461779
2147483631
2147482224
2147482877
2147479782
2147483384
2147483465
2147483294
2147436182
2147483631
2147482281
2147483294
2147482985
2147483294
2147474265
2147482877
2147483465
2147481159
2147483631
2147480568
2147479782
2147483294
2147482638
2147483294
2147483465
2147482877
2147479236
2147479782
2147483465
2147482525
2147482513
2147483294
2147482638
2147483294
2147478560
2147483294
2147483465
2147482525
2147483384
2147482638
2147483631
2147480545
2147483631
2147483384
2147481438
2147483110
2147482877
2147482281
2147483465
2147483631
2147482331
2147475383
2147482936
2147483384
2147483465
2147483545
2147483631
2147483384
2147483631
2147482936
2147482877
2147483384
2147477735
2147482638
2147482519
2147483465
2147467908
2147483631
2147483294
2147479782
2147483294
2147483384
2147426804
2147483465
2147482936
2147483631
2147483465
2147483294
2147483465
2147483465
2147483384
2147483066
2147483465
2147483465
2147483631
2147483294
2147483465
2147483465
2147479236
2147482638
2147483066
2147483384
2147482638
2147482519
2147475383
2147483294
2147333531
2147483631
2147479241
2147483294
2147479782
2147483631
2147482326
2147483294
2147483465
2147477570
2147483066
2147482281
2147483294
2147483384
2147482519
2147483294
2147436724
2147482638
2147483294
2147482281
2147483465
2147482525
2147483631
2147483294
2147482638
2147482281
2147483465
2147483465
2147483294
2147483465
2138204659
2147483294
2147478819
2147482936
2147483294
2147482936
2147483465
2147482877
2147482326
2147483631
2147483631
2147483631
2147479831
2147483631
2147483465
2147483631
2147483294
2147482638
2147483294
2147483294
2147483465
2147482936
2147482877
2147483384
2147482281
2147483294
2147483384
2147483294
2147483465
2147482638
2147482877
2147483631
2147483545
2147483631
2147482281
2147483465
2147483384
2147483465
2147448943
2147482638
2147482638
2147483465
2147482638
2147483294
2147444446
2147483465
2147483294
2147483631
2147483631
2147483465
2146763763
2147483384
2147483465
2147483631
2147479831
2147483294
2147483465
2147483465
2147483631
2147482525
2147482638
2147482331
2147483294
2147483465
2147482519
2147479782
2147482224
2147482326
2147483631
2147483631
2147483465
2147483066
2147479831
2147478560
2147482281
2147483465
2147483294
2147483631
2147483631
2147483631
2147396306
2147483465
2147483294
2147483465
2147483294
2147483110
2147463892
2147483294
2147482224
2147483066
2147482936
2147483545
2147483631
2147478819
2147483384
2147482519
2147479782
2147483131
2147483465
2147483384
2147468955
2147483465
2147483294
2147478819
2147483294
2147483465
2147483465
2147483465
2147463892
2147483465
2147483465
2147483631
2147483384
2147478455
2147483294
2147482638
2147483281
2147483294
2147483294
2147478560
2147482519
2147483631
2147483294
2147483631
2147483465
2147483294
2147483465
2147483294
2147478205
2147483294
2147480545
2147479782
2147483294
2147483294
2147483294
2147482281
2147483384
2147482877
2147483631
2147483384
2147482155
2147483631
2147482638
2147468487
2147482638
2147483465
2147483631
2147483294
2147483631
2147483631
2147483294
2147479236
2147483294
2147483465
2147483465
2147483465
2147483294
2147483294
2147483294
2094750003
2147482877
2147483465
2147476242
2147483465
2147479241
2147483294
2147483294
2147480545
2147483294
2147483294
2147480486
2147133018
2147483545
2147482638
2147483294
2147483631
2147463583
2147482638
2147483465
2147483384
2147483465
2147445091
2147483294
2147249085
2147483384
2147483631
2147482638
2147483294
2147482877
2147483465
2147483294
2147482877
2147482519
2147397061
2147483465
2147411932
2147482281
2147482877
2147483066
2147483465
2147483179
2147483631
2147479782
2147483465
2147483631
2147483294
2147483465
2147483631
2147483631
2147482331
2147483066
2147482326
2147483631
2147479782
2147466704
2147483384
2147483294
2147483281
2147483465
2147483465
2147483465
2147483294
2147227647
2147482638
2147483384
2147482519
2147483631
2147483294
2147483294
2147483465
2147483066
2147483294
2147483631
2147481438
2147467463
2147478819
2147483465
2147483294
2147479782
2147483631
2147483631
2147483631
2147482877
2147483294
2147483465
2147418359
2147482638
2147466902
2147483465
2147482877
2147483294
2147483465
2147481438
2147482519
2147474265
2147483294
2147483384
2147463892
2147483631
2147463583
2147483631
2147483465
2147483465
2147479782
2147483631
2147466968
2147483294
2147482281
2147481438
2147478205
2147483631
2147483294
2147483465
2147483465
2147483465
2147469714
2147483066
2147479782
2147483294
2147483465
2147481159
2147478205
2147479831
2147483631
2147483631
2147483384
2147483294
2147483066
2147476240
2147483294
2147482638
2147476242
2147482638
2147423272
2147482281
2147483465
2147483631
2147482638
2147483465
2147483465
2147483066
2147483384
2147482877
2147483294
2147479241
2147482281
2147479782
2147476242
2147453403
2147483294
2147483294
2147482224
2147483631
2147483294
2147464431
2147479782
2147482638
2147482281
2147483294
2147483465
2147483294
2147481438
2147482513
2147483465
2147482638
2147479782
2147482638
2147483294
2147483465
2147482331
2147483465
2147482638
2147468955
2147482326
2147483294
2147483294
2147463892
2147483294
2147483631
2147482224
2147474265
2147482638
2147482519
2147478455
2147483465
2147482936
2147481159
2147483465
2147483294
2147483631
2147483465
2146629315
2147418880
2147481438
2147483294
2147483465
2147483465
2147436724
2147483294
2147483294
2147483294
2147479831
2147483294
2147483465
2147483465
2147483631
2147483631
2147483465
2147475315
2147483066
2147482519
2147483465
2147483465
2147483294
2147483384
2147478560
2147479831
2147483294
2147483384
2147483465
2147483294
2147466704
2147464431
2147483465
2147483631
2147483631
2147483465
2147483384
2147483294
2147483465
2147482638
2147483631
2147482224
2147482936
2147483294
2147482519
2147483465
2147483131
2147483384
2147483465
2147483631
2147483066
2147479782
2147483294
2147482638
2147479599
2147483294
2147483465
2147483294
2147483465
2147482638
2147483465
2147372773
2147372773
2147482519
2147479782
2147482638
2147482877
2147483631
2147483465
2147483294
2147481438
2147483294
2147482877
2147483294
2147482877
2147483294
2147479241
2147478455
2147483465
2147483631
2147483294
2147483294
2147467463
2147483631
2147483384
2147482877
2147483294
2147483294
2147483631
2147483384
2147479241
2147483465
2147483631
2147482638
2147483465
2147483631
2147477735
2147479782
2147482519
2147479782
2147483294
2147482877
2147483465
2147482936
2147481438
2147483294
2147483294
2147483631
2147482638
2147483384
2147479241
2147482525
2147482638
2147479782
2147482281
2147483066
2147483465
2147483465
2147483294
2147483465
2147483631
2147483465
2147483294
2147483465
2147483465
2147482877
2147482519
2147483465
2147483465
2147483294
2147483066
2147470662
2147482877
2147482281
2147483384
2147482877
2147483465
2147474265
2147469518
2147483294
2147463730
2147483631
2147483294
2147459296
2147482281
2147483631
2147483384
2147483631
2147483294
2147483110
2147483631
2147483465
2147483384
2147483294
2147483631
2147480545
2147483631
2147479241
2147482281
2147482638
2147343636
2147483294
2147483294
2147482877
2147482281
2146148143
2147483465
2147442300
2147483465
2147483465
2147482877
2147483294
2147479782
2147482281
2147482638
2147482513
2147482638
2147483631
2147467463
2147468955
2147464867
2147461779
2147483294
2147483465
2131079362
2147396649
2147483294
2147483631
2147483294
2147482281
2147483066
2147482638
2147470662
2147482936
2147483384
2147483465
2147482519
2147483631
2147483066
2147483110
2147483294
2147466902
2147404386
2147453712
2147482638
2147480545
2147483465
2147483465
2147482638
2147479782
2147483294
2147482638
2147482936
2147483281
2147482281
2147483294
2147483465
2147483465
2147483631
2147483294
2147483294
2147483294
2147483631
2147482877
2147479405
2147470923
2147483294
2147483294
2147483294
2147470923
2147483465
2147483631
2147482638
2147479782
2147479236
2147468955
2147481438
2147482326
2147483631
2147483384
2147483631
2147483465
2147479241
2147475252
2147483294
2147483066
2147483110
2143233546
2147483631
2147479241
2147483465
2147482638
2147483465
2147478455
2147483281
2147483384
2147463730
2147483294
2147479831
2147483294
2147483294
2147483631
2147262539
2147483384
2147483294
2147483281
2147482638
2147483294
2147483294
2147482281
2147483294
2147448943
2147483465
2147483294
2147482936
2147483465
2147483066
2147482877
2147483631
2147483631
2147483294
2147483294
2147483294
2147482638
2147483294
2147474265
2147482877
2147483294
2147466868
2147482877
2147483465
2147483066
2147483465
2147483631
2147483631
2147480545
2141179674
2147470662
2147483465
2147483384
2147483631
2147090388
2147470211
2147482877
2147479241
2147483631
2147483631
2146072126
2147483294
2147480486
2147482936
2147482525
2147482638
2147482877
2147482877
2147482519
2147479241
2147483465
2147483294
2147482525
2147479236
2147482281
2147483294
2147454047
2147483294
2147483465
2147483631
2147483066
2147483294
2147482281
2147482153
2147483294
2147479241
2147483465
2147483465
2147483465
2147483465
2147483066
2147482281
2147483294
2147483631
2147483465
2147482638
2147480188
2147483631
2147482936
2147483294
2147453403
2147482525
2147479782
2147483465
2147475383
2147483631
2147479782
2147483294
2147483294
2147483465
2147483465
2147483465
2147482877
2147483294
2147482519
2147483631
2147483384
2147483631
2147483465
2147483294
2147481438
2147483294
2147467463
2147483631
2147483465
2147483465
2147483465
2147482877
2147483294
2147483294
2147483294
2147466968
2147483294
2147482638
2147464431
2147483066
2147478560
2147483465
2147483631
2147457640
2147483465
2147483384
2147483545
2147482638
2147482525
2147479782
2147482281
2147481438
2147483294
2147483294
2147479236
2147483465
2147483384
2147483545
2147479782
2147464867
2147483294
2147483631
2147478560
2147483465
2147480545
2147483631
2147482519
2147483294
2147482877
2147468955
2147483294
2147483294
2147483631
2147482281
2147482638
2147483465
2147482877
2147483294
2147483465
2147482525
2147483294
2147483465
2147483110
2147483465
2147483294
2147476571
2147483631
2147483465
2147482638
2147479782
2147483294
2147483465
2147483294
2147482985
2147338453
2147483631
2147483384
2147482638
2147482326
2147482519
2147483294
2147483294
2147479782
2147483294
2147483294
2147479782
2147482519
2147479970
2147483294
2147483465
2147483294
2147483110
2147483384
2147423272
2147483465
2147482525
2147482936
2147479782
2147482877
2147483294
2147482525
2147483465
2147483294
2147482519
2147483465
2147482519
2147483294
2147483631
2147483294
2147483631
2147483465
2147482638
2147483294
2147462950
2147483281
2147483631
2147479782
2147481694
2147482281
2147483294
2147483465
2147483465
2147397061
2147479599
2147483631
2147483110
2147463583
2147483294
2147483465
2147480545
2147482281
2147463282
2147480188
2147482519
2147483465
2147482985
2147010029
2147483465
2147483294
2147479241
2147483465
2147483465
2147483384
2147483281
2147483294
2147482519
2147483465
2147467908
2147482936
2147467463
2147482877
2147483465
2147483465
2147483465
2147479970
2147478560
2147480584
2147453712
2147483465
2147480545
2147483465
2147483294
2147482519
2147483294
2147482638
2147483294
2147482638
2147483631
2147483294
2147483545
2147483294
2147482281
2147483631
2147483465
2147483465
2147483384
2147483465
2147483631
2147483631
2147483631
2147482519
2147482281
2147483465
2147483294
2128058950
2147482519
2147483631
2147483384
2147483465
2147481438
2147483631
2147483294
2147475315
2147483066
2147483631
2147483294
2147479241
2147483631
2147464867
2147483294
2147483294
2147483631
2147483066
2147474265
2147385454
2147425666
2147483110
2147483631
2147483281
2147482519
2147482877
2147477170
2147483465
2147483384
2147118445
2147483631
2147483631
2147477570
2147483465
2147483631
2147483179
2147483294
2147483179
2147483294
2147482877
2147483631
2147483465
2147483294
2147483465
2147483545
2147483631
2147483294
2147483631
2147483384
2147480545
2147483384
2147483294
2147482638
2147483294
2147426804
2147483465
2147482877
2147473666
2147483631
2147483465
2147482525
2147467463
2147245314
2147483294
2147477570
2147483631
2147483631
2147482877
2147483384
2147479241
2147483384
2147482877
2147479831
2147470662
2147482281
2147483631
2147483631
2147483465
2147483294
2147470662
2147483631
2147372773
2147482877
2147483384
2147482281
2147482638
2147482638
2147483465
2147483294
2147479782
2147482877
2147483631
2147483631
2147478560
2147483294
2146847154
2147483465
2147483294
2147483294
2147483294
2147483294
2147483066
2147482936
2147482638
2147409606
2147483066
2147483294
2147483465
2147483384
2147474265
2147482281
2147461386
2085422677
2147483465
2147478560
2147483631
2147482877
2147482224
2147482281
2147479831
2147483465
2147462115
2147483631
2147483294
2147483384
2147479241
2147483294
2147483294
2147466968
2147483465
2147483465
2147483384
2147436724
2147483631
2147483631
2147483281
2147470211
2147483465
2147483545
2147483294
2147483465
2147483631
2147479236
2147480486
2147483294
2147483066
2147483384
2144826288
2147482525
2147474265
2147477170
2147482877
2147483294
2147483465
2147483294
2147483465
2144951437
2147483294
2147482281
2147482224
2147482877
2147483281
2147483465
2147469518
2147481159
2147464867
2147483631
2147437210
2147418880
2147483294
2147483465
2147483066
2147479599
2147483294
2147483294
2147479831
2147482326
2147483294
2147482638
2147479782
2147482519
2147483294
2147483294
2147483294
2147470923
2147466902
2147482638
2147483465
2147483384
2147482638
2147482638
2147360836
2147482638
2147482877
2147483384
2147482525
2147482331
2147483066
2147483384
2147482936
2147483465
2147483465
2147482638
2147469518
2147483465
2147483631
2147482936
2147464867
2147483465
2147483465
2147483465
2147483294
2147483294
2147483294
2147483465
2147479782
2147483294
2147442632
2147479241
2147483294
2147480982
2147482877
2147483465
2147479170
2147483384
2147483465
2147483631
2147467463
2147479782
2147483631
2147483110
2147463730
2147483465
2147483465
2147453403
2147469518
2147482519
2147479782
2147483384
2147483631
2147483631
2147483631
2147483631
2147483631
2147478819
2147470455
2147483465
2147483465
2147483294
2147483294
2147482638
2147465443
2147483384
2146858607
2147483631
2147483384
2147483294
2147483384
2147483384
2147482877
2147483281
2147482936
2147483294
2147478205
2147483465
2147467463
2147483465
2140173040
2147479241
2147482877
2147483631
2147483465
2147483294
2147483465
2147483066
2147483066
2147483465
2147483294
2147483465
2147483465
2147476242
2147423272
2147483631
2147483465
2147483465
2147475383
2147483631
2147483294
2147211258
2147483465
2147483465
2147483294
2147482638
2147480486
2147482326
2147452067
2147483465
2147483631
2147483294
2147482638
2147483384
2147483294
2147474265
2147483631
2147483465
2147480486
2147483294
2147479241
2147483465
2147482281
2147479782
2147483294
2147482281
2147483294
2147483631
2147483465
2147479782
2147482638
2147483384
2147483294
2147483294
2147483465
2147281484
2147481159
2147483294
2147482936
2147483631
2147483384
2147479170
2147483465
2147482877
2147483631
2147482155
2147483631
2147483294
2147482281
2147483294
2147483631
2147483465
2147482281
2147483066
2147479782
2147483384
2147482638
2147483294
2147482326
2147483384
2147483465
2147483631
2147479831
2147482877
2147482281
2147483294
2147483631
2147483384
2147483465
2147482519
2147483465
2147236232
2147482281
2147483465
2147480545
2147483631
2147483384
2147483631
2147483465
2147479782
2147482281
2147482525
2147461779
2147483294
2147482877
2147483465
2147482936
2147483465
2147483294
2147482638
2147479782
2147479782
2147482326
2147465443
2147483465
2147483294
2147479599
2147462115
2147483294
2147483294
2147482877
2147474265
2147483294
2147483465
2147479241
2147483294
2147482638
2147483294
2147483465
2147483384
2147482281
2147482281
2147479241
2147481438
2147481438
2147365872
2147398175
2147483384
2147475252
2147483465
2147483465
2147483294
2147483384
2147479782
2147482877
2147482877
2147483465
2147483294
2147483465
2147483631
2147444446
2147483281
2147483631
2147483545
2147479782
2147483384
2147448943
2147483294
2147482281
2147483465
2147479782
2147483631
2147170118
2147483384
2147483384
2147483631
2147482224
2147482519
2147480188
2147483294
2147483631
2147483066
2147482877
2147463892
2147483465
2147483631
2147479782
2147480222
2147480486
2147483631
2147483294
2147468955
2147426804
2147482877
2147479241
2147466902
2147482281
2147483465
2139965429
2147483465
2147482638
2147475383
2147483384
2147483465
2147483465
2147483294
2147482281
2147483545
2147483294
2147483281
2147483465
2147482638
2147482877
2147483294
2147483465
2147482638
2147483465
2147483631
2147483294
2147483384
2147483066
2147483465
2147483631
2147483631
2147483294
2147482638
2147483465
2147482638
2147482519
2147483631
2147483294
2147483631
2147479782
2147478205
2147479241
2147483631
2147483066
2147482281
2147483631
2147469482
2147464867
2147483294
2147465443
2147483066
2147062551
2147483066
2147479782
2145741339
2147483631
2147483631
2147483465
2147482638
2147483066
2147483384
2147483294
2147469482
2147483294
2147483631
2147483465
2147482519
2147483631
2147483294
2147483465
2147442588
2147483294
2147483631
2147483631
2147482638
2147479241
2147483066
2147483465
2147482638
2147479241
2147483465
2147483294
2147483294
2147482519
2147483384
2147483631
2147483465
2147479241
2147483465
2147482638
2147483294
2147483465
2147479782
2147483631
2147483465
2147483294
2147483294
2147483294
2147483465
2147483294
2147483631
2147463892
2147482877
2147483294
2147483384
2147482638
2147483631
2147482331
2147483294
2147483294
2147482224
2147483384
2147483294
2147483465
2147483110
2147483294
2147482936
2147463730
2147483294
2147483465
2147444868
2147479241
2147465443
2147483465
2147482224
2147483384
2147478560
2147451065
2147483384
2147483294
2147483465
2147481159
2147482281
2147483384
2147426804
2147423261
2147483294
2147483294
2147482936
2147483465
2147482936
2147483294
2147483465
2147477570
2147483631
2147482519
2147483131
2147483465
2147483465
2147483465
2147483631
2147479782
2147482877
2147483465
2147483631
2147483631
2147483384
2147480584
2147418359
2147483465
2147467463
2147385454
2147483294
2147483631
2147463226
2147479241
2147479831
2147483294
2147474265
2147483631
2147483294
2147483465
2147482877
2147411932
2147483465
2147483465
2147483294
2147483110
2147483465
2147483465
2147483631
2147482525
2147483631
2147482638
2147450960
2147483465
2147436724
2147483294
2147482638
2147483465
2147470211
2147483294
2147482877
2147482281
2147483110
2147482281
2147483465
2146305782
2147483465
2147480545
2147482281
2147482281
2147470211
2147483294
2147483384
2147483384
2147483631
2147479782
2147483631
2147483631
2147456002
2147483631
2147478927
2147483294
2147483384
2147483465
2147483465
2147483294
2147483110
2147479970
2147483631
2147482525
2147483384
2147483631
2147483384
2147483631
2147479782
2147483631
2147483465
2147483465
2147483294
2147482638
2147483465
2147482525
2147483384
2147483465
2147483294
2147478742
2147483631
2147483465
2147483465
2147483294
2147483465
2147483465
2147483465
2147483294
2147483294
2147482281
2147483465
2147483465
2147479782
2147483631
2147483294
2147483631
2147436182
2147398193
2147479782
2147483294
2147385454
2147462115
2147483465
2147483294
2147482638
2147479782
2147479241
2147483465
2147482638
2147483465
2147466902
2147483465
2147481438
2147482281
2147482877
2146949543
2147482519
2147483294
2147483384
2147482936
2147483110
2147479170
2147483294
2147459296
2147483294
2147483631
2147483465
2147463226
2147483465
2147482326
2147483465
2147479831
2147463730
2147483631
2147483066
2147480982
2147483294
2147483465
2147483294
2147469518
2147483384
2147483631
2147483294
2147483384
2147483384
2147482525
2147483384
2147482281
2147483294
2147483631
2147482281
2147483281
2147479241
2147482638
2147483631
2147483384
2147483465
2147483465
2147483294
2147483465
2147482281
2147483631
2147483465
2147482281
2147468955
2147483465
2147483631
2147482281
2147479782
2147483465
2147470662
2147483294
2147483294
2147483384
2147474265
2147469482
2147483631
2147482281
2147483465
2147483294
2147483631
2147483294
2147482877
2147483465
2147483294
2147483384
2147463583
2147482519
2144235269
2147483465
2147483465
2147483631
2147483465
2147482281
2147483631
2147483066
2147483294
2147483384
2147482638
2147483066
2147479241
2147482877
2147483465
2147483465
2147483294
2147483631
2147482638
2147483465
2147483631
2147483465
2147482519
2147483545
2147479782
2147483294
2147483294
2147476242
2147463892
2147483294
2147483294
2147463226
2147482519
2147483631
2147483631
2147482936
2147483465
2147479831
2147482877
2147483294
2147483294
2147483294
2147483384
2147483465
2147457640
2147483465
2147483294
2147483465
2147483294
2147483465
2147479241
2147479241
2147482519
2147483384
2147483384
2147483294
2147483294
2147483465
2147483465
2147483465
2147483294
2147483465
2147483110
2147483294
2147444868
2147483384
2147483294
2147463730
2147483465
2147483294
2147482638
2147482638
2147479236
2147483384
2147483294
2147482936
2147445720
2147372773
2147483294
2147477170
2147483465
2147482936
2147483631
2147483465
2147483631
2147483631
2147483281
2147483631
2147482877
2147483294
2147483631
2147483294
2147483465
2147483465
2147483465
2147474265
2147483631
2147483465
2147483384
2147482281
2147470923
2147479241
2147418880
2147483294
2147483294
2147483631
2147482281
2147483294
2147483631
2147483465
2147483066
2147469518
2147483294
2147483631
2147482638
2147483465
2147482877
2147483294
2147463892
2147483294
2147483294
2147483294
2147483294
2147479782
2147483294
2147483384
2147483631
2147483465
2147483465
2147483631
2147483465
2147479831
2147483294
2147483465
2147483631
2147479831
2147483066
2147483294
2147469518
2147482519
2147483631
2147479170
2147483294
2147483294
2147483066
2147483465
2147479241
2147479170
2147478560
2147483294
2147479170
2147483294
2147481159
2147482877
2147483631
2147483294
2147280918
2147483465
2147481694
2147482638
2122033094
2147477170
2147483631
2147483631
2147482877
2147483294
2147478742
2147483465
2147479241
2147483294
2147483294
2147483294
2147483294
2147483465
2147483465
2147470211
2147442300
2147483294
2147483465
2147479460
2147483631
2147483631
2147483384
2147469482
2147483294
2147483384
2147483066
2147483465
2147483294
2145174814
2147482638
2147481159
2147482877
2147483631
2147483294
2147483294
2147483465
2147483631
2147482281
2147483465
2147483465
2147467908
2147482224
2147483294
2147482877
2147483465
2147481438
2147483465
2144356595
2147483631
2147483294
2123635540
2147479599
2147482877
2147482519
2147482638
2147483545
2147483294
2147483465
2147483294
2147483294
2147478205
2147483294
2147483631
2147482877
2147480486
2147483465
2147483294
2147479782
2147222680
2147483384
2147482281
2147479599
2147483294
2147481438
2147482525
2147483465
2147483384
2147483465
2147418359
2147483465
2147483294
2147483465
2147483465
2147479241
2147483294
2147483631
2147483179
2147483294
2147483465
2147483384
2147196498
2147483384
2147483631
2147479831
2147482638
2147483465
2147483384
2147483465
2147483465
2147482936
2147483631
2147278519
2147483631
2147478560
2147482525
2147436724
2147483294
2144528825
2147483465
2147483631
2147483294
2147481438
2147483294
2147483631
2147482519
2147483294
2147482281
2147483465
2147483294
2147483294
2147483294
2147483631
2147483631
2147483631
2147483465
2147482519
2147483384
2147483631
2147483631
2147479241
2147483631
2147483066
2147483294
2147479170
2147483294
2147480982
2147483631
2147482877
2147467463
2147482638
2147483465
2147482936
2147483294
2147482638
2147483465
2147479782
2147483294
2147477570
2147483465
2147483294
2147483294
2147475252
2147418359
2147483384
2147483465
2147479782
2147482519
2147483294
2147483631
2147483294
2147483631
2147483465
2147483465
2147482326
2147470923
2147483545
2147483631
2147483294
2147474265
2147483294
2147483465
2147483294
2147482638
2147483631
2147483294
2147483465
2147479782
2147483384
2147483294
2147464867
2147483110
2147483465
2147483631
2147478455
2147483294
2147482281
2147483294
2147483294
2147483294
2147483384
2147436182
2147483631
2147483465
2147482638
2147483131
2147483465
2147483465
2147483294
2147459296
2147482638
2146962773
2147483465
2147483294
2147483294
2147483294
2147483465
2147481438
2147483465
2147483066
2147482638
2147483465
2147482638
2147483294
2147482519
2147483465
2147479831
2147407233
2144804651
2147466868
2147483384
2147482638
2147483294
2147482281
2147483294
2147483294
2147469518
2147483465
2147483465
2147483384
2147483465
2147483465
2147483465
2147483294
2147483631
2147441772
2147483384
2147482281
2147483631
2147483465
2147479782
2147483294
2147483294
2147483465
2147483465
2147397061
2147483294
2147482638
2147483294
2147479241
2147482281
2147478819
2147482281
2147482936
2147482877
2147483631
2147479782
2147479831
2147483465
2147483384
2147483384
2147453712
2147483384
2147483465
2147483631
2147483066
2147483465
2147481159
2147483465
2147483465
2147475252
2147482638
2147479241
2147483294
2147483294
2147483294
2147482936
2146968869
2147483631
2147483294
2147483066
2147483066
2147483294
2147482638
2147483294
2147482936
2147483066
2147483384
2147483281
2147483384
2147436182
2147483631
2147482638
2147483294
2147483110
2147463583
2147483465
2147483465
2147483465
2147483465
2147483294
2147355422
2147483384
2147483465
2147479599
2147483465
2147483294
2147479782
2147483631
2147483465
2147483294
2147482519
2147483294
2147481438
2147479782
2147463583
2147483294
2147483465
2147483631
2124145968
2147483294
2147482638
2147483631
2147482281
2147477735
2147482525
2147483294
2147483465
2143282667
2147482224
2147483294
2147483465
2147479782
2147483631
2147483465
2147483110
2147483294
2147483631
2147483465
2146250187
2147481438
2147385454
2147483631
2147483066
2147483294
2147467463
2147483384
2147481438
2147482638
2147483465
2147483631
2147479782
2147483631
2147483294
2147483294
2147483465
2147483066
2147479599
2147483545
2147479170
2147483631
2147463892
2147480545
2147483631
2147483465
2147483465
2147483631
2147483465
2147483465
2147482877
2147483631
2147482877
2147482877
2147483294
2147483465
2147483294
2147483294
2147482519
2147483465
2147483465
2147483465
2147483631
2147483631
2147483465
2147464867
2147483294
2147483294
2147483131
2147482638
2147483631
2147483465
2147466968
2147483294
2147448943
2147483465
2147482155
2147483294
2147483066
2147483465
2147483465
2147464867
2147483294
2147436182
2147483294
2147483631
2147482519
2147483294
2147464431
2147483294
2147483294
2147461779
2147464431
2147482281
2147482638
2147482638
2147482519
2147481438
2147483465
2147483631
2147441772
2147483294
2147483294
2147483294
2147483294
2147461779
2147483465
2147483465
2147483294
2147483066
2147482281
2147481159
2147483066
2147482281
2147483465
2147474265
2147483465
2147483631
2147483294
2147483294
2147483384
2147470662
2147483631
2147483465
2147482326
2147482985
2147483294
2147483294
2147482638
2147482281
2147482281
2147479782
2147482281
2147483631
2147483294
2147483631
2147483631
2147483465
2147483066
2147483631
2147483294
2147456149
2147483294
2147483294
2147483631
2147483465
2147483294
2147483465
2147483631
2147483465
2147483465
2147479241
2147483066
2147483066
2147483631
2147483066
2147483294
2147483465
2147456149
2147479782
2147482519
2147483294
2147483465
2147479782
2147483465
2147476242
2147483294
2147483465
2147483384
2147483465
2147483294
2147482224
2147483631
2147483294
2147483294
2147479782
2147477570
2147469714
2147483294
2147482936
2147483066
2147483294
2147483631
2147482638
2147482638
2147483294
2147482638
2147482877
2147483631
2147482513
2147483294
2147483631
2147483066
2147483631
2147483545
2147477735
2147482513
2147483294
2147483631
2147483465
2147483465
2147483465
2147482281
2147483384
2146717294
2147476242
2147418359
2147482519
2147482281
2147483631
2147483631
2147483631
2147482326
2147482936
2147483066
2147483465
2147468955
2147483294
2147479831
2147483465
2147483631
2147479782
2147482877
2147453712
2147482281
2147483631
2147483631
2147451065
2147483384
2147483465
2147483465
2147483631
2147479241
2147483465
2147480486
2147483294
2147483465
2147483294
2147483631
2147483294
2147483631
2147483631
2147482877
2147483465
2147483066
2147483465
2147483294
2147483465
2147483465
2147479241
2147483465
2147482519
2147483294
2147483294
2147483465
2147483465
2147475315
2147483384
2147480486
2147483465
2147483631
2147483465
2147483465
2146589203
2147483631
2147483294
2147483294
2147483631
2147483631
2147482519
2147483384
2147483465
2147483465
2147483465
2147397061
2147482936
2147479831
2147483631
2147483384
2147483294
2147483294
2147483465
2147483465
2147479782
2147483465
2147483294
2147483294
2147483384
2147475383
2147281467
2147482877
2147483465
2147479170
2147482513
2107755999
2147482281
2147483294
2147483465
2147475383
2147483465
2147482519
2147483465
2147483384
2147483465
2147483294
2147483465
2147483294
2147483631
2147483631
2147483294
2147430595
2147483465
2147483294
2147483294
2147483465
2147483465
2147483631
2147483631
2147469482
2147483294
2147483631
2147480545
2147480545
2147483465
2147479831
2147483631
2147483294
2147483631
2147483631
2147483631
2147448943
2147482936
2146925257
2147482281
2147475315
2147483384
2147482877
2147483465
2147483465
2147482985
2147483294
2147483631
2147382656
2147483294
2147483066
2147483631
2147482519
2147483631
2147483294
2147483465
2147479241
2147483294
2147483294
2147483465
2147482513
2147483384
2147483465
2147483465
2147483631
2147438711
2147483631
2147482519
2147482281
2147483294
2147483294
2147289707
2146978756
2144860429
2147483110
2147483465
2147483465
2147482638
2147483465
2147483384
2147483465
2147483066
2147483465
2147466704
2147482638
2147483281
2147483294
2147445091
2147482525
2147483294
2147474265
2147481438
2147479782
2147482877
2147463226
2147483294
2147483294
2147483281
2147483294
2147483384
2147483294
2147483294
2147483465
2147483465
2147482638
2147483294
2147483294
2147483465
2147483465
2147483465
2147479241
2147483294
2147473666
2147482525
2147483545
2147483631
2147482281
2119290911
2147482525
2147483294
2147479599
2147483631
2147483294
2147483294
2147483294
2147483384
2147483465
2147483294
2147483294
2147483384
2147483294
2147478560
2147338453
2147482877
2147478560
2147483294
2147483384
2147482877
2147483631
2147483384
2147360836
2147482877
2147483465
2147483294
2147483465
2147482153
2147467463
2147479831
2147483465
2147467463
2147483294
2147483294
2147482281
2147483294
2147479170
2147483465
2147474265
2147482638
2147483294
2147483631
2147483631
2147483294
2147483465
2147483465
2147483631
2147483294
2147479241
2147483384
2147483465
2147482638
2147482281
2147483294
2147479170
2147482281
2147483465
2147483066
2147482281
2147442300
2147483384
2147483294
2147482519
2147483465
2147483465
2147483465
2147474265
2147483294
2147483294
2147483294
2147483465
2147483294
2147483294
2147483066
2147483465
2147483294
2147482638
2147482281
2147483465
2147483465
2147482877
2147483465
2147482513
2147483465
2147483631
2147483294
2147483631
2147481159
2147482638
2147483294
2147483465
2147483294
2147483465
2147483465
2147483465
2147479782
2147483631
2147184062
2147483294
2147483465
2147477735
2147483294
2147483294
2147483631
2147482519
2147479782
2147483465
2147483294
2147483631
2147477570
2147482281
2147483384
2147482877
2147483294
2147483465
2147483465
2147476242
2147483631
2147462950
2147483631
2147483294
2147483384
2147483384
2147459296
2147483465
2147482281
2147483631
2147483066
2147483066
2147483294
2147482281
2147483465
2147483631
2147483384
2147483294
2147483465
2147483465
2147483465
2147483465
2147483294
2147483294
2147474265
2147483294
2147483631
2147482638
2147483294
2147483465
2147483631
2147478205
2147483384
2147483294
2147483545
2147464867
2147482638
2147479236
2147482326
2147483066
2147463730
2147483631
2146554282
2147483465
2147482281
2147482281
2147483294
2147482638
2147466902
2147483294
2147479782
2147483384
2147483294
2147476242
2147483631
2147436182
2147483066
2147479236
2147483465
2147483294
2147482281
2147483294
2147483294
2147479782
2147483631
2147482155
2147483294
2147483128
2147483294
2147483294
2147483465
2147483384
2147483384
2147483294
2147483384
2123099957
2147479241
2147482877
2147482877
2147480486
2147480545
2147483384
2147483465
2147474265
2147483631
2147483465
2147483294
2147375347
2147478560
2147275725
2147475252
2147483631
2147483384
2147483294
2147483384
2147483465
2147483465
2147483465
2147478819
2147474265
2147482638
2147482281
2147461779
2147483465
2147482638
2147483294
2147483465
2147482877
2147476242
2147483294
2147483631
2147483631
2145889176
2147482877
2147483294
2147482281
2147483294
2147480222
2147483465
2147479241
2147482519
2147483465
2147483631
2147482638
2147483465
2147483384
2147483465
2147482519
2147403083
2147483294
2147482877
2147483294
2147483465
2147482936
2147480545
2147483465
2147453403
2147483631
2147483294
2147483631
2147483281
2147457640
2147483384
2147483631
2147483465
2147483465
2147483384
2147463226
2147483384
2147480545
2147481438
2147483066
2147482877
2147461779
2147483384
2147483294
2147482638
2147483294
2147483294
2147483294
2147483545
2147483631
2147483294
2147483631
2147483294
2147482519
2147483631
2147480584
2147479241
2147470923
2147482281
2147483465
2147483631
2147479241
2147482638
2147483465
2147482519
2147467908
2147483294
2147483294
2147482638
2147483631
2147482936
2147483631
2147481438
2147483294
2147483384
2147479236
2147483465
2147483465
2147483294
2147483465
2147482638
2147482638
2147483465
2147483384
2147334392
2147436182
2147482638
2147483465
2147482877
2147482638
2147483465
2147483110
2147482936
2147483110
2147481438
2147465443
2143139618
2147483631
2147483631
2147457640
2147483294
2147473666
2147482638
2147483110
2147482877
2147482877
2147481159
2147482638
2147483631
2147483294
2147483631
2147483465
2147482224
2147483294
2147483465
2147482525
2147483294
2147483294
2147482877
2147478455
2147482936
2147483294
2147483294
2147483465
2147482281
2147483384
2147483465
2147483465
2147482638
2147483545
2147483465
2147479782
2147481159
2147483631
2147482936
2147482281
2147483281
2147406785
2147482281
2147482638
2147483465
2147483465
2147483465
2147483384
2147483294
2147483281
2147483294
2146979203
2147483631
2147483294
2147483631
2147483384
2147462115
2147483465
2147483631
2147482638
2147483465
2147482638
2147483631
2147483465
2147483384
2147482638
2147451065
2147483294
2147483465
2147473666
2147482153
2147483545
2147482638
2147483465
2147483631
2147483294
2147483066
2147483294
2147483465
2147482936
2147483294
2147482638
2147483294
2147483631
2147483631
2147483294
2147483294
2147483631
2147475383
2147411007
2147483294
2147483465
2147483294
2147479241
2147483631
2147482638
2087163834
2147467908
2147483465
2147455903
2147483465
2147483294
2147482519
2147483545
2147479782
2147483294
2147483294
2147371127
2147483294
2147483465
2147483465
2147483465
2147482638
2147463583
2147483294
2147437210
2147479241
2147482281
2147483465
2147483294
2147483294
2147483465
2147483294
2147483294
2147482155
2147470662
2147483465
2147483384
2147483465
2147483294
2147479241
