2147481488
2147442625
2147483647
2147483647
2147483399
2147483334
2147483334
2147483647
2147483334
2147482753
2147482753
2147483647
2147483647
2147483647
2147483647
2147483306
2147483334
2147462985
2147482387
2147483647
2147483385
2147481749
2147470296
2147483334
2147483647
2147483647
2147483647
2147483647
2147483306
2147483647
2147477765
2147482737
2147483647
2147481850
2147483399
2147483399
2147483399
2147483640
2147481488
2147483399
2147483647
2147483647
2147483334
2147424627
2147483647
2147483647
2147483640
2147483640
2147483647
2147483399
2147483647
2147483306
2147483647
2147483647
2147483640
2147483647
2147483647
2147483334
2147483647
2147483334
2147483647
2147481488
2147481749
2147483647
2147483385
2147483647
2147483647
2147483334
2147481774
2147483647
2147481488
2146726894
2147480457
2147171138
2147483647
2147483647
2147482874
2147483306
2147483647
2147483647
2147482701
2147483647
2147483647
2147483647
2147482874
2147483647
2147483647
2147483647
2147481749
2147483399
2147444886
2147483647
2147482387
2147483306
2147479923
2147483334
2147482656
2147483647
2147477514
2147483399
2147483647
2147483399
2147481850
2147482387
2147483647
2147483399
2147482874
2147447492
2147453551
2147479375
2147482874
2147483647
2147483647
2147483385
2147483640
2147469272
2147483334
2147483647
2147446563
2147483399
2147466064
2147483385
2147483399
2147483399
2147477514
2147483334
2147480782
2147472067
2147483647
2147483647
2147480457
2147481749
2147483640
2147483399
2147483647
2147483306
2147483647
2147478909
2147483640
2147483647
2147465854
2147483647
2147483640
2147483640
2147483647
2147483647
2147483399
2147483647
2147483647
2147483399
2147483399
2147483385
2147483647
2147483647
2147483647
2147483334
2147483647
2147483640
2147483399
2147457026
2147481419
2147483385
2147483647
2147472067
2147483647
2147483647
2147483647
2147483399
2147483647
2147483647
2147483647
2147472590
2147483334
2147483647
2147480457
2147481749
2147483399
2147483399
2147483647
2147483647
2147482753
2147482753
2147477034
2147483306
2147483647
2147444886
2147482874
2147477514
2147472067
2147483334
2147483647
2147470879
2147482701
2147483647
2147477034
2147477514
2147483647
2147483647
2147444459
2147482753
2147475196
2147479375
2147474290
2147477514
2147483385
2147482008
2147483385
2147482737
2147483334
2147483647
2147483647
2147483334
2147480457
2147483647
2147477514
2147483647
2147483647
2147480782
2147481488
2147482753
2147324801
2147483334
2147483334
2147482753
2147483647
2147483399
2147483647
2147483399
2147482753
2147483334
2147483385
2147483306
2147482753
2147483399
2147483647
2147480457
2147472590
2147483647
2147479923
2147385382
2147480457
2147483647
2147483399
2146040984
2147483647
2147483647
2147483647
2147483306
2147483306
2147483306
2147482008
2147483647
2147479375
2147482753
2147482753
2147477514
2147483647
2147483399
2147448505
2147482647
2147483647
2147483647
2147480782
2147482387
2147483647
2147482753
2147470233
2147482874
2147483399
2147483647
2147483647
2147483334
2147483334
2147483647
2147483399
2147483647
2147483647
2147471340
2147482753
2147482592
2147480457
2147483334
2147483647
2147483647
2147483647
2147483647
2147483647
2147480457
2147483647
2147483399
2147483385
2147477514
2147483647
2147482753
2147483334
2147481304
2147483399
2147483647
2147483399
2147483399
2147483647
2147483647
2147481488
2147483306
2147483647
2147481749
2147462985
2147483334
2147482874
2147301841
2147483647
2147483647
2147483334
2147483647
2147483334
2147481774
2147483647
2147483399
2147482753
2147483647
2147482874
2147477034
2147483647
2147483647
2147483399
2147483647
2147482008
2147456219
2147483647
2147483385
2147390406
2147483647
2147481419
2147483647
2147483647
2147481574
2147483647
2147483647
2147480457
2147477469
2147481488
2147482387
2147483647
2147483399
2147480118
2147480457
2147483647
2147483399
2147483647
2147483385
2147483334
2147483647
2147483647
2147483385
2147483647
2147483306
2147482592
2147483399
2147475196
2147483647
2147483647
2147483399
2147482701
2147483334
2147483399
2147483647
2147483647
2147483647
2147482737
2147481749
2147483647
2147478603
2147483647
2147482753
2147483647
2147483647
2147420652
2147472590
2147108447
2147480457
2147483647
2147457026
2147483647
2147483399
2147483306
2147482753
2147483399
2147483647
2147480457
2147483647
2147483399
2147482874
2147483647
2147483306
2147483647
2146802281
2147482592
2147483399
2147483399
2147482753
2147483647
2147482874
2147465181
2147482874
2147483647
2147483647
2147483647
2147482387
2147482387
2147483306
2147482753
2140181125
2147483647
2147482008
2147483647
2147473157
2147478947
2147483399
2147483647
2147483647
2147378295
2147483385
2147482874
2147483647
2146800701
2147483647
2147483647
2147480457
2147483399
2147483647
2147483647
2147481488
2147483385
2147483399
2147480782
2147483647
2147190255
2147469272
2147483306
2147483334
2147430779
2147483334
2147483647
2147483306
2147483306
2147483385
2147483306
2147483334
2147483385
2147482647
2147482874
2147483647
2147483647
2147482647
2147483306
2147483647
2147469272
2147483399
2147481749
2147483385
2147482753
2147483647
2147483647
2147483647
2147482753
2147483334
2147482874
2147482753
2147483647
2147483399
2147483399
2147477034
2147433514
2147483647
2147480457
2147483306
2147482753
2147483647
2147483647
2147483399
2147483334
2147482008
2147483647
2147483647
2147482592
2147464899
2147481419
2147483647
2147483399
2147481749
2147483399
2147477514
2147483306
2147482753
2147483399
2147483647
2147477514
2147483647
2147482753
2147483334
2147483647
2147483647
2147483399
2147483647
2147483334
2147483334
2147482874
2147483647
2147483334
2147483399
2147483385
2147483647
2147483647
2147483399
2147483306
2147483647
2147483399
2147483306
2147483647
2147483334
2147483647
2147482753
2147483334
2147482753
2147470879
2147483647
2147483399
2147483334
2147483334
2147475196
2147481749
2147470233
2147483647
2147462927
2147483647
2147482753
2147483647
2147483399
2147483647
2147483647
2147483399
2147481850
2147474290
2147483399
2147483640
2147479923
2147483334
2147477514
2147483647
2147481749
2147483399
2147483399
2147483385
2147483647
2147483385
2147483334
2147483647
2147483647
2147482647
2147483399
2147482753
2147483306
2147446255
2147483647
2147483399
2147483334
2119108281
2147483647
2147483306
2147483647
2147483385
2147483647
2147483334
2147483647
2147483647
2147481419
2147483334
2147477034
2147483647
2147483647
2147483647
2147480457
2147483647
2147479442
2147483647
2147483647
1013335731
2147483647
2147483334
2147483647
2147483399
2147483647
2147483334
2147480457
2147483647
2147483647
2147472590
2147483647
2147483647
2147481488
2147483399
2147483647
2147483334
2147379044
2147322147
2147483647
2147483647
2147483647
2147480782
2147482874
2147483399
2147483647
2147483647
2147483647
2147483399
2147457622
2147483647
2147482387
2147483399
2147483399
2147480315
2147467682
2147483647
2147482753
2147483647
2147483647
2147470233
2147483647
2147483647
2147483647
2147480457
2147483647
2147483647
2147483399
2147480457
2147483647
2147483647
2147482737
2147483306
2147467163
2146495204
2147479442
2147483647
2147483647
2147483647
2147480315
2147478603
2147482874
2147483399
2147483647
2147439409
2147467163
2147483334
2147483647
2147483334
2147480457
2147483647
2147483647
2147482737
2147483399
2147482647
2147483647
2147483647
2147483647
2147482753
2147483334
2147482753
2147483647
2147483647
2147483647
2147482753
2147483647
2147483334
2147483306
2147482874
2147483334
2147483647
2147479442
2147483385
2147483647
2147466064
2147482874
2147478947
2147483334
2147479375
2147483334
2147483399
2147300503
2147483399
2147483647
2147481574
2147482874
2147483647
2147483306
2147483647
2147483647
2147483647
2147482753
2147483334
2147483647
2147390406
2146732083
2147483647
2147483647
2147483399
2147470233
2147442693
2147472590
2147483334
2147483546
2147483399
2147483647
2147483647
2147483385
2147483385
2147482874
2147483647
2147483385
2147482384
2147483647
2147483647
2147466064
2146121342
2147482592
2147483647
2147483399
2147482753
2147483647
2147480457
2147483385
2147483647
2147483647
2147465854
2147483385
2147482701
2147483647
2147483334
2147483647
2147472067
2146992144
2147481749
2147483334
2147483647
2147483647
2147472067
2147483334
2147482753
2147483399
2147482753
2147480118
2147483334
2147483647
2147481304
2147482753
2147483399
2147482874
2147480315
2147483647
2147483647
2147483647
2147483334
2147483399
2147481488
2147483647
2147480457
2147483306
2147483647
2147483647
2147483399
2147482753
2147483306
2147483647
2147483647
2147483399
2147477514
2147483399
2147472590
2147482753
2147483399
2147479442
2147483647
2147482753
2147483647
2147483647
2147483647
2147483647
2147483647
2147483647
2147483647
2147481419
2147483385
2147483399
2147480782
2147480782
2147483306
2147483306
2147482753
2147482737
2147483647
2147480782
2147483334
2147482737
2147483647
2147483399
2147483647
2086363825
2141272740
2147483647
2147483334
2147483647
2147482753
2147482008
2147483647
2147482753
2147483647
2147483647
2147483647
2147483306
2147377098
2147483399
2147479375
2147477765
2147480457
2147479442
2147064107
2147482753
2147482753
2147483334
2147483647
2147483647
2147453551
2147482753
2147483399
2147467163
2147483334
2147483306
2147482753
2147483399
2147483647
2147482737
2147483399
2147483334
2147483640
2147472590
2147483399
2147483385
2147483334
2147483647
2147483306
2147480457
2147483647
2147483647
2147483334
2147483385
2147483399
2147483399
2147483647
2147480315
2147448505
2147481749
2147483306
2147483647
2147382774
2147483385
2147477034
2147483647
2147483640
2147483647
2147483647
2147483334
2147483647
2147483306
2147481749
2147483647
2147482874
2147483334
2147483385
2147483334
2147482874
2147481749
2147350507
2147483647
2147483334
2147483647
2147477514
2147472590
2147483399
2147481574
2147483334
2147483647
2147483640
2147483647
2147483399
2147482753
2147482753
2147483647
2147457622
2147482753
2147483647
2147483647
2147483334
2147483647
2147481749
2147483647
2147483647
2147483640
2147483647
2147470596
2147457026
2147482874
2147482737
2147483399
2147483647
2147483647
2147483385
2147480782
2147483399
2147483399
2147483647
2147483306
2147483334
2147481774
2147227617
2147483334
2147483399
2147483647
2147483306
2147483647
2147483334
2147482753
2147479442
2147483647
2147483647
2147379044
2147482874
2147483385
2147479375
2147483647
2147483334
2147483647
2147480457
2147483647
2147483647
2147481488
2147482874
2147483399
2147483385
2147483306
2147483334
2147483306
2147483647
2147483306
2147483647
2147483399
2147483647
2147483647
2147483647
2147482753
2147483647
2147483647
2147462927
2147483399
2147483647
2147472067
2147469272
2147477765
2147483399
2147483334
2147483647
2147483385
2147483385
2147483334
2147483385
2147483399
2147483399
2147483546
2147480457
2147483334
2147483647
2147480457
2147483334
2147482753
2147442740
2147483647
2147483647
2147483647
2147482753
2147483647
2147482874
2147483399
2147482592
2147483334
2147483385
2147482874
2147450097
2147483306
2147483647
2147483399
2147483647
2147472067
2147483647
2147483647
2147473157
2147483399
2147482874
2147466064
2147483334
2147483399
2147462985
2147477765
2147481749
2147483647
2147482008
2147483399
2147483647
2147481419
2147483334
2147477514
2147483399
2147483306
2147483647
2147483385
2147483647
2147483334
2147483399
2147483647
2147483647
2147482753
2147483399
2147483647
2147483647
2147483647
2147478603
2147379044
2147481749
2147483647
2147483647
2147479375
2147483385
2147482656
2147483399
2147483647
2147483334
2147482701
2147483334
2147483647
2147483306
2147482753
2147483399
2147444886
2147478194
2147483334
2147483647
2147483647
2147483647
2147480782
2147457026
2147483647
2147483334
2147483647
2147482874
2147480457
2147481574
2147483399
2147483647
2134023389
2147483385
2147477514
2147482874
2147483647
2147482008
2147483647
2147483399
2147482387
2147482701
2147483385
2147483306
2147483399
2147483647
2147483306
2147457794
2147483647
2147483399
2147483647
2147482874
2147483385
2147482656
2147483399
2147482387
2147482753
2147482753
2147483399
2147483399
2147482753
2147481774
2147483647
2147482737
2147478947
2147483385
2147483647
2147483306
2147482874
2147483647
2147483647
2147483647
2147483334
2147483334
2147481749
2147480315
2147483334
2147483647
2147483334
2147482753
2147482753
2147483647
2147483647
2147483399
2147446659
2147480782
2147483399
2147483334
2147483647
2147483399
2147483647
2147482387
2147483306
2147483385
2147483334
2147480782
2147481749
2147482874
2147482647
2147477514
2147477765
2147482753
2147483647
2147483647
2147466064
2147482753
2147483647
2147472067
2147483306
2147483647
2147478947
2147448505
2147483306
2147482387
2147457849
2147481749
2147483647
2147483334
2147468291
2147480457
2147483334
2147472067
2147467516
2147481774
2147483647
2147482701
2147483647
2147483306
2147480457
2147483647
2147483647
2147483399
2147482737
2147483647
2147483385
2147457849
2147483647
2147479923
2147482753
2147483385
2147483647
2147442693
2147483306
2147483640
2147483647
2147483334
2147483647
2147483647
2147483334
2147483399
2147482701
2147482008
2147475196
2147482387
2147481488
2147482753
2147483399
2147464899
2147483399
2147483334
2147483334
2147483647
2147327116
2147483647
2147483647
2147451554
2147483334
2147483647
2147483647
2147479923
2147480457
2147483647
2147441486
2147483385
2147480457
2147482008
2147483647
2147483399
2147468126
2147483647
2144366436
2147482874
2147483399
2147483399
2147482874
2147482737
2147483334
2147480782
2147482737
2147483647
2147483647
2147479375
2147483306
2147439409
2147472590
2147483647
2147483385
2147483647
2147479923
2147483399
2147481749
2147457849
2147483647
2147483399
2147483306
2147442740
2147477034
2147481749
2147480782
2147477034
2147480118
2147483647
2147483399
2147480457
2147483385
2147483399
2147483385
2147482753
2147483399
2147483385
2147483647
2147483647
2147483385
2147483399
2147483647
2147481488
2147483647
2147483647
2147481749
2147483647
2147483306
2147482753
2147439409
2147483334
2147483647
2144954857
2147482753
2147483385
2147483334
2147482647
2147478947
2147482874
2147483647
2147481749
2147483647
2147483306
2147482874
2147483399
2147483647
2147483647
2147483385
2147483647
2147483385
2147483647
2147478603
2147483334
2143593674
2147483647
2147483334
2147483399
2147451554
2147483394
2147483647
2147483647
2147478947
2147480315
2147483399
2147483647
2147483647
2147483334
2147483647
2147483546
2147481850
2147483399
2147483399
2146630892
2147483647
2147483334
2147483306
2147483334
2147482753
2147483399
2147473157
2147483334
2147483647
2147483385
2147483399
2147479606
2147483647
2147483640
2147482874
2147483647
2147483647
2147483647
2147483647
2147483399
2147046970
2147483399
2147483647
2147380314
2147481774
2147473157
2147483647
2147483647
2147482701
2147483334
2147481749
2147481749
2147483399
2147482647
2147483647
2147483399
2147353164
2147481774
2147483647
2147482647
2147482874
2147483334
2147483334
2147483647
2147483647
2147483385
2147474290
2142701599
2147482647
2147483334
2147483647
2147479375
2147483647
2147190255
2147483647
2147481749
2147483334
2147482874
2147483647
2147481749
2147483647
2147465854
2147483647
2147483647
2147483394
2147481774
2147480457
2147483306
2147483334
2147483647
2147481304
2147482753
2147477469
2147446255
2147482874
2147483647
2147483640
2147483647
2147480782
2147480457
2147481488
2147480457
2147483399
2147483647
2147483647
2147483334
2147482753
2147483647
2147470879
2147482874
2147483647
2147483334
2147483306
2147483647
2147483647
2147481304
2147481749
2147474185
2147480457
2147483647
2147483306
2147483334
2147483334
2147483334
2147483647
2147481574
2147482008
2147483647
2147483647
2147475196
2147483647
2147482753
2147480457
2147254487
2147483647
2147481419
2147479442
2147480782
2147477765
2147483647
2147483334
2147483647
2147483399
2147483385
2147483399
2147481749
2147482737
2147483647
2147481774
2147483647
2147468291
2147483647
2147483647
2147483334
2147483647
2147482874
2147483647
2147457622
2147483647
2147481749
2147483647
2147483334
2147483647
2147477034
2147483647
2147483647
2147483334
2147483647
2147483334
2147480782
2147483385
2147483647
2147457622
2147482592
2147482753
2147440059
2147482737
2147482647
2147483647
2147483399
2147482753
2147483647
2147483334
2147483647
2147481574
2147483306
2147483334
2147483647
2147483334
2147480315
2147483647
2147477514
2147482874
2147483385
2147482592
2147471340
2147483334
2147481574
2147481574
2147483334
2147483334
2147483385
2147482753
2147483647
2147482753
2147483647
2147480457
2147483334
2147479923
2147480457
2147483334
2145537770
2147482753
2147483385
2147483647
2147483334
2147481574
2147483647
2147477034
2147483306
2147483647
2147482753
2147483647
2147483647
2147483647
2147483647
2147480315
2147483399
2147483334
2147483334
2147482874
2147483334
2147472590
2147483647
2147483306
2147482753
2147480457
2147483647
2147483640
2147483647
2147483334
2147483647
2147480457
2147472067
2147483647
2147480782
2147477034
2147482753
2147483306
2147483647
2147482647
2147483647
2147483647
2147483647
2147446255
2147483399
2147483399
2147483334
2147483334
2147483647
2147483647
2147477514
2147483334
2147483647
2147254487
2147483399
2147483647
2147483334
2147483334
2147479923
2147483546
2147483399
2147483306
2147483334
2147483399
2147482753
2147445801
2147483334
2147483647
2147483334
2147477765
2147483647
2147483334
2147483647
2147483334
2147483385
2147481488
2147483647
2147483647
2147483334
2147483647
2147483647
2147483399
2147482874
2147483334
2147483334
2147481749
2147480315
2147483647
2147483306
2147483647
2147483334
2147481304
2147483334
2147483334
2147483647
2147465854
2147483399
2147483385
2147474185
2147472590
2147474290
2147483334
2147483385
2147435167
2147480457
2147456219
2147483399
2147483385
2147470233
2147483647
2147483334
2147483399
2144366436
2147482008
2147479923
2147482874
2147472590
2147483647
2147375754
2147483647
2147483647
2147472590
2147483647
2147483640
2147470233
2147483647
2147483647
2147483647
2147483394
2147483647
2147483306
2147483647
2147457794
2147467163
2147483399
2147483334
2147483306
2147483647
2147483399
2147483647
2147480457
2147480315
2147472067
2147483399
2147480457
2147481488
2147483334
2147483647
2147483647
2147483399
2147483334
2147483334
2147479923
2147483399
2147483647
2147482874
2147482753
2147483647
2147483647
2147433514
2147483399
2147483399
2147483647
2147483334
2147483647
2147482753
2147477514
2147446255
2147483647
2147483647
2147483647
2147480457
2147483647
2147483647
2147483647
2147483647
2147483647
2147483647
2147483647
2147483334
2147483640
2147483399
2147483647
2147483647
2147483399
2147452709
2147480315
2147483399
2147483334
2147483647
2147443150
2147483647
2147483647
2147482753
2147482753
2147483647
2147482753
2147483334
2147483399
2147483399
2147467163
2147483647
2147483334
2147483647
2147483647
2147483334
2147483647
2147483640
2147483647
2147443983
2147483647
2147424627
2147482753
2147483647
2147483647
2147483334
2147481488
2147483647
2147483306
2147483334
2147483647
2147412409
2147481749
2147483647
2147481012
2147284810
2147482008
2147483647
2147483334
2147483334
2147483385
2147483306
2147483647
2147483647
2147481774
2147483306
2147483306
2147483399
2147483647
2147483647
2147483647
2147482753
2147482592
2147483399
2147483647
2147483647
2147480457
2147483385
2147482874
2147456219
2147483306
2147439409
2147284810
2147483306
2147483647
2147483385
2147482753
2147483399
2147483399
2147483647
2147464899
2147483385
2147483334
2147482753
2147482874
2147473157
2147483647
2146872499
2147458517
2147483334
2147480782
2147483647
2147483647
2147483399
2147482874
2147414314
2147483399
2147483647
2147482753
2147483334
2147380844
2147483385
2147483647
2147483647
2147483647
2147133327
2147483647
2147483334
2147482753
2147256576
2147483647
2147483647
2147482387
2147483399
2147483334
2147377098
2147483647
2147483385
2147482647
2147483647
2147482592
2147483334
2147483647
2092807188
2147481749
2147483647
2146654323
2147483647
2147483647
2147483385
2147483399
2147483385
2147483399
2147481749
2147483647
2147481488
2147483647
2147483647
2140243519
2147483647
2147481749
2147483647
2147482874
2147482737
2147472590
2147483647
2147483647
2147482592
2147483647
2147483385
2147472590
2147483385
2147483647
2147481774
2147483306
2147483334
2147483647
2147483306
2147481488
2147483647
2147463243
2147483399
2147483394
2147483334
2147483647
2147481774
2147424627
2147483647
2147483647
2147482753
2147482753
2147483647
2147481749
2147483647
2147482753
2147483647
2147482874
2147481749
2147483647
2147483647
2147482874
2147483647
2147483647
2147483334
2147483334
2147483647
2147482737
2147483385
2147483385
2147462927
2147481749
2147483647
2147483640
2147483306
2147483399
2147483399
2147483334
2147474185
2147482008
2147483647
2147470233
2147443150
2147483647
2147482387
2147483647
2147482387
2147483399
2147480457
2147482737
2147480782
2147483647
2147483399
2147469272
2147483647
2147481419
2147483399
2147483399
2147481304
2147482656
2147483647
2147472590
2147482874
2147483640
2147481574
2147483334
2147483647
2147482701
2147483399
2147483647
2147483647
2147483647
2147478947
2147483306
2147483399
2147483647
2147483399
2147483399
2147483334
2147483647
2147483647
2147483647
2147483647
2147481488
2147456219
2147427942
2147483306
2147482753
2147460667
2147483647
2147481774
2147483399
2147483385
2147483647
2147482753
2147483647
2147483399
2147483385
2147470596
2147483647
2147483399
2147483647
2147483647
2147483647
2147483385
2147483334
2147483399
2147483399
2147483647
2147483647
2147483334
2147483647
2147380314
2147466064
2000791544
2147465854
2147483399
2147467516
2147483399
2147482874
2147483647
2147466064
2147472590
2147483399
2147480782
2147483385
2147483399
2147483306
2147483546
2146644593
2147483576
2147481774
2147483399
2147483647
2147483647
2147479375
2147483399
2147483334
2147483647
2147481749
2147483334
2147483399
2146348784
2147483647
2147483385
2146772535
2147483647
2147482874
2147482647
2147435167
2147483647
2147481749
2147482874
2142992213
2147483647
2147469272
2146620541
2146537009
2147483647
2147483647
2147483399
2147483334
2146955048
2146882936
2147483640
2147483647
2147483334
2147483399
2147483647
2147483647
2147482753
2147483647
2147481488
2147483306
2147483334
2147482753
2147482753
2147442625
2147483647
2147483647
2147330244
2147483399
2147483399
2147483647
2147483647
2147483306
2147480457
2147483306
2147479442
2147481488
2147483334
2147482737
2147480782
2147481749
2147483334
2147483647
2147483647
2147478947
2147483306
2147483334
2147483647
2147482874
2147482701
2147482753
2147483334
2147483385
2147483399
2147483399
2147483647
2147483334
2147483647
2147482874
2147483399
2147481749
2147483334
2147483647
2147483399
2147483647
2147483647
2147483306
2147481574
2147470233
2147472590
2147483334
2147482701
2147483334
2147483647
2147483647
2147483399
2147483647
2147483647
2147483647
2147483306
2147483647
2147483647
2147483647
2147483399
2147483306
2147483399
2147483334
2147477514
2147480315
2147483334
2147483647
2147483306
2147483647
2147483647
2147462825
2147483385
2147480315
2147483647
2147482874
2147480782
2147483647
2147483647
2147483334
2147481574
2147483647
2147481304
2147477765
2147483647
2147483647
2147481488
2147480457
2147483647
2147483647
2147483647
2147483647
2147483647
2147480457
2147480782
2147483385
2147483647
2147483647
2147479442
2147483647
2147482008
2147483647
2147483399
2147483647
2147442693
2147483647
2147483647
2147483399
2147483306
2147480457
2147483647
2147481749
2147483306
2147474290
2147483334
2147480457
2147483647
2147482647
2147483647
2147483334
2147483647
2147483306
2147472590
2147483399
2147483334
2147445139
2147483647
2147483546
2147472590
2147483647
2147481488
2147483647
2147483647
2147483385
2147483399
2147480457
2147457026
2147480457
2147483647
2147483399
2147483399
2147472590
2147414487
2147483647
2147481304
2147483647
2147482874
2147483334
2147481749
2147478909
2147483647
2147483334
2147483647
2147482737
2147483306
2147483306
2147483399
2147462825
2147483399
2147481774
2147483399
2147482874
2147483647
2147481749
2147483640
2147483385
2147482647
2147483647
2147483647
2147482753
2147483647
2147483647
2147483399
2147483334
2147482753
2147482874
2147483385
2147481488
2147483647
2147483334
2147483647
2147482753
2147483647
2147483647
2147483647
2147483647
2147482701
2147483385
2147483306
2147483399
2147483647
2147483399
2147480457
2147483334
2147482874
2147483399
2147483647
2147482874
2147481749
2147472067
2147483647
2147483385
2147483334
2147480457
2147483647
2147481774
2147483647
2147483647
2147483385
2147482753
2147481749
2147483647
2147483334
2147483647
2147483647
2147483399
2147483334
2147375807
2147482737
2147479923
2147483647
2147483399
2147483399
2147483647
2147480457
2147483306
2147483647
2147482387
2147472590
2147483640
2147483334
2147481850
2147483640
2147483334
2147483640
2147482647
2147483647
2147483399
2147483647
2147482753
2147482753
2147483546
2147467682
2147481749
2147483647
2147450097
2147483647
2147292713
2147482753
2147483647
2147483385
2147446173
2147483647
2147483334
2147483647
2147483306
2147483647
2147483306
2147482753
2147481749
2147483647
2147483399
2147483647
2147483306
2147483647
2147480457
2147483640
2147483647
2147483334
2147483399
2147472590
2147483306
2147483399
2147483647
2147391730
2147474290
2147483334
2147483399
2147483399
2147483306
2147470233
2147483647
2147483647
2147483647
2147483399
2125865219
2147482874
2147483647
2147483399
2147483647
2147483647
2147483399
2147477034
2147483647
2147472590
2147483306
2147483385
2147483334
2147481749
2147482753
2147482753
2147483399
2147481774
2147482753
2147483647
2147483334
2147483385
2147482387
2147483334
2147483399
2147482753
2147483399
2147482874
2147480457
2147483647
2147483385
2147483647
2147483647
2147482656
2147482701
2147482753
2147478603
2147483399
2147483647
2147483640
2147483334
2147465854
2147480782
2147480457
2147483334
2147470596
2147479923
2147462825
2147483334
2147483399
2144171646
2147481304
2147482874
2147483385
2147483647
2147483399
2147483647
2147483385
2147483647
2147483647
2147483334
2147480457
2147483647
2147483647
2147483399
2147483399
2147483647
2147483334
2147483385
2147483647
2147483399
2147483647
2147380844
2147483399
2147483647
2147483647
2147483647
2147481488
2147482647
2147483647
2147482592
2147483647
2147482387
2147483306
2147483334
2147336292
2147467682
2147465951
2147483385
2147481749
2147483647
2147483399
2147472067
2147483385
2147483647
2147483647
2147481774
2147483647
2147483647
2147483647
2147477514
2147483647
2147482753
2147483399
2147481488
2147483647
2147482753
2147477514
2147483647
2147467682
2147481850
2147482753
2147483306
2147478909
2147481749
2147379044
2147483647
2147480457
2147475196
2147416741
2147483647
2147483647
2147483399
2147482753
2147483647
2147477514
2147483334
2147481749
2147483647
2147483306
2147483334
2147483399
2147483306
2147483334
2147483647
2147481774
2147483647
2147483385
2147483399
2147483399
2147482753
2147483647
2147472877
2147483647
2147483334
2147483647
2147483647
2147483647
2147483334
2147483334
2147481749
2147483399
2147483647
2147481304
2147483647
2147483647
2147483647
2147470233
2147479923
2147477469
2147483647
2147483334
2147481749
2147483385
2147483647
2147483647
2147478947
2147483399
2147065728
2147483306
2147483399
2147483647
2147483647
2147483334
2147483647
2147483647
2147483647
2147483647
2147481749
2147483647
2147483334
2147482753
2147481749
2147483640
2147483647
2147483647
2147483399
2147474185
2147481419
2147483385
2147483399
2147458867
2147483385
2147483399
2147483334
2147483334
2147479923
2147483399
2147434111
2147481488
2147483399
2147480782
2147483399
2147481749
2147483647
2147483306
2147483399
2147483306
2147482008
2147483647
2147481774
2147483399
2147482656
2147472067
2147483306
2147482387
2147483647
2147483647
2147483399
2147483647
2147483640
2147483647
2147483334
2147375807
2147483647
2147483306
2147483306
2147483399
2147483334
2147481749
2147483647
2147483647
2147445139
2147483399
2147481574
2147483399
2147483399
2147483647
2147481749
2147482008
2147483399
2147483647
2147481749
2147478909
2147483399
2147477765
2147480315
2147483647
2147483306
2147483647
2147483334
2147483334
2147483334
2147483647
2147482753
2147483647
2147483334
2147483394
2147483385
2147483334
2147483399
2147481488
2147483334
2147483647
2147482701
2147482647
2147483306
2147483647
2147475196
2147483334
2147483640
2147483647
2147483647
2147483647
2147482737
2147483546
2147483647
2147483647
2147483334
2147482737
2147480782
2147480457
2147481749
2147482008
2147483647
2147482874
2147482753
2147483399
2147483647
2147483647
2147481774
2147483334
2147483334
2147482753
2147483385
2147483647
2147482874
2147483334
2147479375
2147483306
2147483647
2147480457
2147483647
2147480457
2147481850
2147483647
2147442693
2147483399
2147483647
2147483647
2147483647
2147483399
2147457794
2147483306
2146214336
2147483399
2147483647
2147481488
2147480315
2147483399
2147483334
2147483334
2147481749
2147483647
2147481749
2147483647
2147483647
2147483647
2147483399
2147481304
2147379044
2147482874
2147482701
2147065728
2147483647
2147481749
2147483647
2147480457
2147483647
2147483334
2147482874
2147483399
2147477514
2147467682
2147481749
2147483399
2147483647
2147483647
2147483647
2147481304
2147427942
2147483647
2147483385
2147472590
2147483647
2147483647
2147481574
2147483334
2147483647
2147483306
2147483334
2147442625
2147483334
2147481749
2147480457
2147483399
2147480315
2147483306
2147483334
2147482874
2147482753
2147480457
2147483399
2147483399
2147483647
2147481749
2147483647
2147483647
2147482737
2147483647
2147483647
2147483334
2147483399
2147483647
2147483334
2147482008
2147480457
2147433514
2144948578
2147481749
2147483647
2147483399
2147483647
2147483399
2147483399
2147483640
2147435167
2147481574
2147483647
2147483334
2147483399
2147483647
2147483399
2147483647
2147483647
2147460667
2147483306
2147481850
2147483647
2147483385
2147482737
2147483647
2147481774
2147483647
2147479442
2147482387
2147482753
2147479923
2147483399
2147483640
2147481749
2147483306
2147483385
2147481850
2147483647
2147480457
2147483647
2147483334
2147483640
2147481574
2147483334
2147483334
2147477765
2147483306
2147483334
2147483647
2147482753
2147483640
2147481304
2147483306
2147464899
2147483385
2147483334
2147482387
2147472067
2147479923
2147483647
2147480457
2147483647
2147482647
2147483647
2147483334
2147483399
2147483647
2147483385
2147483640
2147481304
2147483647
2147483647
2147483647
2147427942
2147483334
2147477765
2147481774
2147483647
2147467682
2147483647
2147483399
2147483334
2147477514
2147462927
2147483647
2147470596
2147483647
2147482753
2147483647
2147483334
2147483385
2146520446
2147482008
2147483334
2147483399
2147483334
2147480782
2147482753
2147483334
2147464899
2147483647
2147483647
2147483399
2147483640
2147480457
2147483334
2147483306
2147483647
2147483647
2147481774
2147483647
2147443983
2147483647
2146293257
2147482753
2147483399
2147480782
2147483647
2147483399
2147483334
2147480457
2147482753
2147483399
2147482753
2147482701
2147483640
2147482008
2147483647
2147482737
2147479375
2147483647
2147483647
2147483334
2146454473
2147479375
2147481749
2147483399
2147483647
2147230124
2147482753
2147483399
2147477514
2147482874
2147483385
2147481488
2147482753
2147483334
2147442693
2147483647
2147483647
2147471525
2147482753
2147483647
2147483399
2147481488
2147483385
2147483640
2147020206
2147483334
2147482753
2147483640
2147483647
2147483647
2147374050
2130923328
2147483647
2147483334
2147482874
2147483647
2147391730
2147472726
2147470596
2147474185
2147475196
2147483647
2147483334
2147481488
2147474290
2147481850
2147482647
2147483334
2147472590
2147483334
2147483647
2147482874
2147483647
2147482753
2147483399
2147483334
2147483385
2147483306
2147483647
2147483647
2147483647
2147483306
2147483647
2147482592
2147483334
2147483647
2147481749
2147483399
2147482387
2147444886
2147481749
2147483640
2147483306
2147483399
2147483385
2147483306
2147483334
2147483647
2147483647
2147483647
2147483647
2147465854
2147483647
2147483334
2147481850
2147481749
2147483647
2147483385
2147483647
2147483640
2147483640
2147483647
2147433781
2147483647
2147477514
2147483647
2147483334
2147481749
2147483647
2147201904
2147483647
2147481749
2147483647
2147483385
2147483647
2147483334
2147483647
2147481574
2147482647
2147465181
2147482753
2147483334
2147483334
2147477765
2147322147
2147482592
2147457794
2147481749
2147483306
2147483647
2147483647
2147483394
2147483399
2147482753
2147483334
2147472590
2147483399
2147483647
2147482874
2147481749
2147483647
2147483334
2147483647
2147482874
2147466064
2147472590
2147472590
2147480457
2147412409
2147483399
2147483640
2147169277
2147482874
2147483647
2147483306
2147482874
2147482384
2147483385
2147460717
2147481749
2147483647
2147483647
2147483647
2147483334
2147482874
2147483647
2147481574
2147483647
2147483399
2147483647
2147481488
2147483647
2147483647
2147482753
2147483647
2147482753
2147483647
2147482874
2147430741
2147483647
2147479442
2147482737
2147482647
2147472590
2147481012
2147480782
2147483647
2147480782
2147482874
2147483399
2147483385
2147480782
2147483334
2147483647
2147483647
2147472067
2147483647
2147483647
2147483647
2147481419
2147483647
2147483647
2147472877
2147483399
2147483647
2147483647
2147483647
2147480457
2147483385
2147482592
2147483334
2147480782
2147483647
2147479442
2147475196
2147482008
2147483399
2147483647
2147483647
2147465854
2147483647
2147483334
2147483546
2147483334
2147483306
2147483647
2147483399
2147483647
2147481749
2147483306
2147479442
2147483399
2147482753
2147483647
2147483647
2147483647
2147483647
2147483399
2147483334
2147483640
2147483399
2147472590
2147483399
2147483306
2147482647
2147483647
2147483647
2147483647
2147481774
2147483399
2147483647
2147483399
2147483647
2147483647
2147483647
2147483647
2147483647
2147480457
2147483385
2147477034
2147483647
2147479923
2147482647
2147483306
2147483399
2147483647
2147472590
2147483334
2147483334
2147483334
2147482874
2147483334
2147483640
2147483647
2147483647
2147483647
2147483399
2147483399
2147483647
2147483647
2147483647
2147483399
2147483385
2147482647
2147481749
2147483306
2147482753
2147483647
2147483647
2147483647
2147483647
2147483334
2147481749
2147481749
2147483334
2147483647
2147483647
2147481850
2147479442
2147483647
2147481749
2147483647
2147483647
2147482387
2147481774
2147477514
2147483334
2147478909
2147481749
2147483399
2147483647
2147480457
2147479923
2147483647
2147483306
2147483334
2147483647
2147463243
2147483647
2146067561
2147483399
2147483647
2147483399
2147483306
2147483385
2147482753
2147483334
2147483334
2147481749
2147483647
2147481749
2147483647
2147477514
2147336292
2147483399
2147483647
2147483647
2147483647
2147483647
2147482753
2147483647
2147483399
2147472590
2147483647
2141754791
2147483647
2147482874
2147483647
2147480782
2147375807
2147483640
2147483306
2147482753
2147481304
2147482753
2147483334
2147483306
2147483647
2147462927
2147483399
2147483306
2147482753
2147446563
2147483647
2147482874
2147482592
2147483334
2147483394
2147475196
2147483647
2147483647
2147483647
2147479923
2147483647
2147483647
2147477765
2147480782
2147453551
2147481419
2147458517
2147483334
2147483334
2147483647
2147483399
2147481749
2147483399
2147483647
2147483647
2147483399
2147483334
2147483647
2147483306
2147482874
2147469272
2147483306
2147483647
2147482701
2147483647
2147483640
2147483399
2147483647
2147482008
2147483647
2147483647
2147483647
2147483399
2147483334
2147482008
2147482874
2147480782
2147483385
2147483385
2147469272
2147483385
2147483399
2147483334
2147483647
2147483647
2147483306
2147481488
2147477765
2147482874
2147483334
2147483399
2147477514
2147474290
2147483647
2147483334
2147482753
2147483647
2147477034
2147483647
2147483647
2147483647
2147483647
2147483399
2147482753
2147483647
2147414564
2147481488
2147483647
2147483647
2147483576
2147477765
2147480315
2147483647
2147456727
2147483647
2147482753
2147483647
2147483647
2147483647
2147483334
2147483647
2146950286
2147483306
2147483647
2147479375
2147482008
2147479442
2145090431
2147481574
2147483640
2147483647
2147483647
2147483399
2147483385
2147481749
2147479442
2147472067
2143040911
2147479606
2147480315
2147483647
2147483334
2147483399
2147483647
2147456219
2147483647
2147483385
2147483647
2147482387
2147483647
2147446563
2147480782
2147467682
2147377098
2147483334
2147483399
2147483399
2147477034
2147477514
2147483334
2147483306
2147483647
2147483647
2147482647
2147483334
2147466064
2147479923
2147483334
2147465181
2147483399
2146411849
2147479375
2147482874
2147483306
2147483334
2147483399
2147483334
2147478947
2147481749
2147483647
2147467682
2147483385
2147482737
2147483334
2147483399
2147475196
2147483647
2147483334
2147483647
2147482753
2147483647
2147483647
2146935902
2147483647
2147483647
2147481774
2147483647
2147483334
2147483647
2147483306
2147481749
2147481749
2147483306
2147483385
2147477765
2147483399
2147483647
2147477469
2147483647
2147483647
2147483399
2147483640
2147420652
2147483647
2147483306
2147462825
2147482701
2147482753
2147419282
2147483647
2147481574
2147483647
2147483399
2147483399
2147483647
2147453285
2147483385
2147483385
2147482753
2147481749
2147483647
2147483647
2147483399
2147482753
2147480457
2147482874
2147481749
2147483640
2147468126
2147483334
2147483399
2147482874
2147483306
2147483399
2147480782
2147427942
2147483334
2147482874
2147483334
2147481488
2147413888
2147482874
2147483647
2147483385
2147483334
2147483385
2147483399
2147483647
2147483399
2147483647
2147483647
2147481749
2147482874
2147442740
2147483647
2147483334
2147483385
2147483647
2147483647
2147254487
2147482753
2147482753
2147466064
1998830540
2147480782
2147482753
2147483647
2147483399
2147481012
2147483647
2147483385
2147483647
2147483647
2147482753
2147483399
2147483399
2147483647
2147443150
2147483334
2147482753
2147479923
2147483647
2147481304
2145044706
2147467682
2147483647
2147483647
2147481774
2147483306
2147483399
2147483640
2147483385
2147478947
2147483334
2147483647
2147483647
2147483334
2147478603
2147482874
2147483399
2147483334
2147477514
2147483647
2147483647
2147483647
2147483647
2147483647
2147480457
2147483647
2147483399
2147483334
2147481488
2147479923
2147482753
2147483334
2147483399
2147482874
2147483399
2147447458
2147483385
2147480457
2147483647
2147483647
2147483306
2147433514
2147483385
2147483647
2147483334
2147483399
2147483647
2147483647
2147483399
2147483647
2147483334
2147477765
2147483334
2147483334
2147483647
2147482737
2147483647
2147482008
2147479923
2147481749
2147483399
2147483647
2147471525
2147483647
2147483306
2147483334
2147483399
2147483647
2147288076
2147481488
2147483640
2147483399
2147482874
2147483647
2147483334
2147481774
2147471340
2147483399
2147483647
2147483399
2147483647
2147483647
2147483334
2147483647
2147483647
2147483647
2147483385
2147483306
2147483647
2147470879
2147483399
2147479442
2147482874
2147482008
2147483647
2147466064
2147440107
2147483306
2147481419
2147483306
2147483334
2147481304
2147483647
2147483647
2147483399
2147483647
2147483647
2147483334
2147456219
2147386878
2147483647
2147483385
2147483647
2147481774
2147483647
2147471525
2147482753
2147483647
2147480457
2147483334
2147483647
2147483399
2147481749
2147483647
2147482753
2147483647
2147483334
2147482874
2147483399
2147483399
2147483647
2147483647
2147480457
2147037737
2147483647
2147446173
2147483647
2147483334
2147481774
2147483647
2147483334
2147483640
2147483399
2147483334
2147483306
2147480457
2147483399
2147481488
2147483334
2147483334
2147482874
2147482753
2147483399
2147482874
2147483334
2147483334
2147483647
2147483334
2147483399
2147482656
2147482753
2147483576
2147483385
2147478947
2147482737
2147481574
2147482874
2147483399
2147483399
2147375807
2147481488
2147444459
2147482753
2147483546
2147483647
2147483647
2147483647
2147483640
2147481749
2147483647
2147483647
2147478909
2147475196
2147483647
2147482753
2147482387
2147483385
2147472590
2147483399
2147483647
2147483399
2147482753
2147483647
2147483647
2147483647
2147483647
2147483334
2147483306
2147483334
2147479442
2147482874
2147483306
2147482387
2129875492
2147483647
2147483647
2147483334
2147483399
2147479442
2147483334
2147482874
2147482874
2147482874
2147482737
2147483647
2147482753
2147450097
2147483385
2147483647
2147483399
2147479442
2146907118
2147479375
2147171138
2147483647
2147481774
2147483647
2147483306
2147482737
2147483306
2147483647
2147482647
2147483334
2147483647
2147481749
2147483399
2147482647
2147483647
2147467682
2147480782
2147483647
2147483647
2147474290
2147482874
2147481774
2147483647
2147483647
2147483647
2147482753
2147482753
2147483647
2147483647
2147483334
2147480782
2147483399
2147483647
2147483647
2147481749
2147483399
2147483647
2147483334
2147483399
2147481012
2147482874
2147480315
2147483385
2147481850
2147483399
2147472067
2147483399
2147483647
2147479375
2147483647
2147482387
2147483647
2147483399
2147482874
2147483399
2147482874
2147483647
2147483647
2147481774
2147457794
2147470233
2147481304
2147483647
2147426150
2147483647
2147481774
2147482008
2147482753
2147483647
2147470879
2147481488
2147483385
2147483306
2147429620
2147481304
2147481749
2147482737
2147483647
2147483647
2147483640
2147483334
2147483647
2147483647
2147483647
2147483647
2147483647
2147483334
2147483647
2147470233
2147483399
2147483334
2147481850
2147483334
2147377098
2147483647
2147483385
2147483306
2147477765
2147483647
2147483334
2147483647
2147483640
2147480457
2147483647
2147086594
2147480782
2147483399
2147483334
2147477034
2147398711
2147446255
2147483334
2147482753
2147483647
2147483647
2147482753
2147483385
2147483647
2147482753
2147483399
2147483647
2147483334
2147483647
2147462825
2147483334
2147483385
2147477765
2147483647
2147483306
2147483647
2147483334
2147483647
2147483647
2147483647
2147483647
2147483647
2147482753
2147465854
2147483385
2147483647
2147483647
2147483647
2147482008
2147472590
2147483399
2147470233
2147291626
2147483647
2147483647
2147483306
2147483647
2147457794
2147483647
2147483640
2147483399
2147481304
2147478947
2147483647
2147483647
2147483399
2147483647
2147481749
2147483647
2147482753
2147481304
2147482753
2147483647
2147478947
2147483334
2147482874
2147483399
2147382774
2147482008
2147483647
2147483647
2147483385
2147483647
2147483306
2147482647
2147483306
2147483306
2142199309
2147483334
2147481488
2147483647
2147483647
2147483334
2147483399
2147481749
2147483647
2147483306
2147480315
2147483399
2147483647
2147483647
2147327116
2147482701
2147481749
2147308638
2147483647
2147483647
2147345900
2147483647
2147483334
2147483647
2147483647
2147483399
2147483647
2147483334
2147483385
2147465854
2147481749
2147483334
2147483334
2147483399
2147481749
2147483306
2147483647
2147483647
2147466064
2147481749
2147483334
2147481749
2147483399
2147483306
2147477765
2147483647
2147483647
2147483647
2147481574
2147483399
2147483647
2147483640
2147483647
2147482753
2147483647
2147483399
2147214067
2147483385
2147483647
2147483647
2147482753
2147445766
2147483647
2147483647
2147483647
2147483334
2147472590
2147483399
2147483647
2147482737
2147483647
2147446173
2147483647
2147472067
2147482753
2147480457
2147483399
2147431672
2147483647
2147483647
2147483334
2147448505
2147475196
2147480315
2147483647
2147483647
2147443150
2147483399
2147483306
2147483647
2147482874
2147483647
2147483647
2147483334
2147479923
2147483647
2147440059
2147483306
2147482647
2147483385
2147483647
2147482874
2147479375
2147483647
2147483647
2147483647
2147456219
2147483306
2147483647
2147483647
2147483334
2147480457
2147483399
2147483385
2147483647
2147483385
2147483306
2147482753
2147483647
2147483647
2147483334
2147483399
2147483647
2147482753
2147482656
2147481419
2147477514
2147483334
2147483399
2147483334
2147472067
2147483399
2147482874
2147483385
2147483647
2147483399
2147483647
2147483647
2147483385
2147472590
2147482874
2147483334
2147481749
2147483647
2147483306
2147482874
2147483647
2147483647
2147483647
2147483399
2147483647
2147483334
2147483306
2147483640
2147483647
2147482753
2147483399
2147483647
2147483647
2147483334
2147483647
2147483385
2147483647
2147483334
2147483647
2147481774
2147483306
2147483334
2147375807
2147482753
2147483647
2147483647
2147483334
2147483647
2147483647
2147483334
2147433514
2147482753
2147483647
2147481749
2147482387
2147483647
2147483647
2147481574
2147483399
2147483306
2147483334
2147483334
2147483647
2147483399
2147483334
2147483334
2147479923
2147483334
2147483334
2147475196
2147483647
2147483399
2147482753
2147479923
2147482701
2147483647
2147483385
2147483334
2147483647
2147470296
2147483306
2147482874
2147483334
2147483647
2147483306
2147483647
2147483399
2147483399
2147483647
2147477514
2147481749
2147483647
2147483647
2147483647
2147445766
2147483399
2147483647
2147480782
2147483334
2147483647
2147483306
2147482008
2147483647
2147446255
2147483647
2147483647
2147483647
2147483334
2147483647
2147465854
2147483334
2147481488
2147483334
2147483647
2147483399
2147481574
2147483385
2147481574
2147482647
2147474290
2147483647
2147483647
2147483334
2147483399
2147475196
2147483334
2147477765
2147483399
2147481488
2147480315
2147483647
2147448505
2147464899
2147482753
2147482753
2147483647
2147482874
2147483385
2147483399
2147482753
2147377098
2147482592
2147483647
2147481749
2147483647
2147483647
2147483647
2147483647
2147480118
2147464899
2147483399
2147483647
2147483647
2147483640
2147483647
2147472067
2147483647
2147483647
2147480457
2147456219
2147483647
2147482753
2147480457
2147457026
2147483647
2147483334
2147483399
2147483306
2147483647
2147483647
2147482874
2147477034
2147483647
2147478947
2147450097
2147483647
2147482874
2147483647
2147481749
2123844252
2147478603
2147483647
2143883548
2147483399
2147480457
2147481419
2147483334
2147483306
2147483399
2147483647
2147483647
2147483647
2147446255
2147482874
2147481749
2147483647
2147033598
2146821725
2147483647
2147482647
2147483647
2147483647
2147483647
2147480782
2147483647
2147483647
2147483399
2147483647
2147481488
2147483385
2147483306
2147483334
2147467682
2147483306
2147483334
2147482701
2147483640
2147483647
2147483647
2147483647
2147483647
2147483394
2147483399
2147483647
2147478422
2147482874
2147479923
2146563127
2147483647
2147483647
2147462927
2147477514
2147159133
2147458517
2147308307
2147481749
2147483647
2147483647
2147483334
2147483334
2147481488
2147483647
2147482592
2147483647
2147482008
2147483306
2147483334
2147483306
2147483647
2147480457
2147483647
2147481304
2147483399
2147481749
2147483647
2147472726
2147483647
2147483385
2147482874
2147483647
2147479923
2147483647
2147483647
2147480782
2147483647
2147483334
2147481774
2147479442
2147483399
2147483334
2147483334
2147483647
2147481749
2147479375
2147483647
2147483647
2147483647
2147469272
2147481419
2147482874
2147483399
2147483647
2147475196
2147482874
2147446255
2147483647
2147483334
2147483399
2147483647
2147482737
2147483647
2147350507
2147483334
2147483399
2147483647
2147483647
2147483399
2147483399
2147482753
2147483385
2147483647
2147483647
2147483647
2147477514
2147483640
2147482701
2147483647
2147483647
2147380314
2147483647
2147483399
2147483399
2147483647
2147443150
2147482656
2147480315
2147482874
2147483647
2147483647
2147482874
2147483399
2147483647
2147483334
2147472726
2147483647
2147483399
2147477514
2147483399
2147483647
2147481749
2147483399
2147483647
2147483647
2147483334
2147483399
2147482753
2147483647
2147483647
2147482701
2147477765
2147483647
2147482874
2147482647
2147483647
2147483334
2147483647
2147483647
2147483334
2147483334
2147478004
2147482874
2147453285
2147483647
2147479606
2147483647
2147482874
2147472590
2147479923
2147483334
2147483647
2147480457
2147483334
2147477034
2147483647
2147482753
2147470596
2146926120
2147483647
2147482737
2147483306
2147457622
2147483647
2147482874
2147483334
2147482701
2147482874
2147483640
2147483647
2147478004
2147483334
2147481749
2147483647
2147420652
2147483385
2147481774
2147483399
2147483647
2147483647
2147481419
2147483399
2147482753
2147479375
2147482592
2147483647
2147483647
2147469272
2147483399
2147482874
2147483647
2147481774
2147483334
2147482874
2147483334
2147483647
2147483334
2147483647
2147482753
2147480315
2147483334
2147477765
2147483647
2147483399
2147483385
2147482753
2147483385
2147482008
2146889972
2147483647
2147483647
2147483647
2147483647
2147483334
2147483399
2147483399
2147483647
2147483647
2147483647
2147483334
2147482874
2147482753
2147482874
2147483334
2147483385
2147481774
2147345900
2147483306
2145503937
2147483334
2147483647
2147483647
2147478947
2147483399
2147478947
2147483647
2147482647
2147483647
2145694245
2147483385
2147483546
2147483647
2147480782
2147482592
2147481749
2147483647
2147482656
2147483399
2147483399
2147483647
2147483399
2147481749
2147472590
2147483647
2147483647
2147483647
2147480782
2147483399
2147480457
2147472590
2147483647
2147483647
2147190255
2147483647
2147483385
2147479923
2147483399
2147483647
2147481749
2147483399
2147483385
2147483647
2147482753
2147483647
2147483647
2147473157
2147482753
2147483640
2147465181
2147482592
2147483647
2147481749
2147483647
2147483334
2147483399
2147483647
2147481488
2147452223
2147483647
2147483647
2147480315
2147482753
2147483647
2147477514
2147483647
2147483647
2147483647
2147446173
2147483399
2147477765
2147478947
2147477765
2147483647
2147483647
2147480315
2147483334
2147483399
2147483647
2147483647
2147481488
2147483647
2147483647
2147483647
2147477514
2147482753
2147483640
2142912505
2147472067
2147483385
2144628076
2147483647
2147483334
2147481749
2147481749
2147483640
2147483647
2147483647
2147483647
2147061718
2147483385
2147483640
2147482656
2147483334
2147446173
2147483647
2147480457
2147483399
2147483647
2147483647
2147483334
2147483647
2147482874
2147475196
2147479375
2147483647
2147482737
2147483647
2147483385
2147474290
2147483334
2147483647
2147483647
2147483334
2147481749
2147483647
2147482874
2147482753
2147481749
2147379044
2147467516
2147483647
2147483647
2147483334
2147482753
2147483399
2147478947
2147483647
2147481488
2147482753
2077912083
2147483647
2147483385
2147482753
2147483334
2147442625
2147480315
2147481749
2147483647
2147483399
2147483334
2147482753
2147483399
2147483399
2147483399
2147483647
2147483546
2147483647
2147483306
2147483385
2147467682
2147477034
2147480782
2147483647
2147483399
2147483334
2147483306
2147483334
2147483334
2147464899
2147483647
2147481774
2147479375
2147482874
2147483647
2147482874
2147483647
2147483647
2147483394
2147483334
2147483399
2147483399
2147483647
2147482753
2146682824
2147483385
2147483385
2147443983
2147483647
2147482753
2147483306
2147483647
2147483399
2147416741
2147483306
2147483647
2147483647
2147481574
2147482592
2147483647
2147483306
2147483647
2147482737
2147482753
2147483647
2147483647
2147482753
2147483647
2147482647
2147379044
2147483647
2147482737
2147483399
2147483334
2147472590
2147481749
2147482874
2147483647
2147483647
2147483647
2147483647
2147483647
2147480315
2147482737
2147479923
2147483647
2147482737
2147483647
2147483647
2147483647
2147482753
2147483647
2147483334
2147483399
2147481012
2147472726
2147442693
2147472726
2147483399
2147483647
2147483334
2147483385
2147483647
2147483647
2147483334
2147483399
2147482647
2147483647
2147482647
2147481749
2147483334
2147480782
2147483647
2147483647
2147480315
2147483385
2147482737
2147472067
2147477034
2147483647
2147482874
2147483334
2147483647
2147483647
2147482874
2147481749
2147483334
2147483399
2147482008
2147483647
2147483647
2147413354
2147483647
2147483647
2147375807
2147483647
2147483647
2147480118
2147483647
2147483647
2147483399
2147483334
2147483399
2147481749
2147483334
2147483399
2147483399
2147483640
2147472067
2142787066
2147483399
2147460717
2147483385
2147483385
2147483647
2147481774
2147483334
2147483647
2147483647
2147483647
2109117459
2147483306
2147483647
2147483334
2147477765
2147483399
2147483647
2147480782
2147448505
2147483334
2147483647
2147468291
2147478947
2147483647
2147482737
2147483334
2110182732
2147479923
2147482753
2147483640
2147483647
2147480457
2147482753
2147483334
2147482753
2147483647
2147483647
2147483647
2147483399
2147482753
2147483647
2147469272
2147483647
2147481749
2147483647
2147483647
2147483647
2147479923
2147483640
2147483647
2147481749
2147481749
2147483647
2147482737
2147482753
2147480457
2147483399
2147482874
2147482753
2147479442
2147483647
2147472877
2147300503
2147483647
2147169277
2147483647
2147483647
2147483399
2147483647
2147483647
2147483306
2147482387
2147481749
2147483647
2147483306
2147442740
2147479442
2147483640
2147380844
2147483385
2147483647
2147483334
2147482737
2147482008
2147483647
2147483385
2147483399
2147483334
2147483647
2147483647
2147481749
2147483647
2147483334
2147465854
2147483647
2147466064
2147483334
2147483647
2147480782
2147480315
2147482874
2147483647
2147483640
2147483334
2147481774
2147483399
2147480457
2147457026
2147481749
2147481749
2147483334
2147483647
2147483306
2147483647
2147482753
2147470879
2147480782
2147483385
2147482753
2147481749
2147483647
2147480782
2147481488
2147483647
2147483306
2147483399
2147467163
2147483647
2147483334
2147483647
2147483647
2147472590
2147479442
2147483647
2147483334
2147483647
2147483647
2147483647
2147483334
2147483647
2147483647
2147483647
2147482647
2147483647
2147483647
2147168728
2147483385
2147482656
2147480782
2147483399
2147483647
2147482753
2147483306
2147448505
2147483647
2147480457
2147472067
2147477765
2147482008
2147478947
2147483399
2147483334
2147478947
2147483647
2147483334
2147483306
2147483385
2147468291
2147482753
2147450097
2147483647
2147483334
2147482753
2147483647
2147482753
2147483647
2147483385
2147483334
2147483647
2147480457
2147481850
2147483647
2147481774
2147470296
2147483647
2147483385
2147481012
2147483334
2147483399
2147483647
2147483385
2147483334
2147483647
2147483647
2147481749
2147483640
2147483640
2147477034
2147483399
2147482387
2147483647
2147483647
2147483399
2147480457
2147483647
2147482753
2147483647
2147483647
2147483385
2147483640
2147483647
2147482008
2147483647
2147483334
2147483647
2147483399
2147480315
2147483647
2147480457
2147483647
2147483399
2147483334
2147483334
2147483399
2147483647
2147480457
2130899571
2147482753
2147483647
2147482753
2147483647
2147483647
2147483399
2147483640
2147483334
2147483647
2147481488
2147483647
2147256063
2147481749
2147483647
2147483647
2147483647
2147483647
2147483647
2147480315
2147482874
2146829136
2147482753
2147483306
2147483399
2147483647
2147483334
2147483647
2147482753
2147481850
2147477034
2147457026
2147483334
2147483647
2147483306
2147483647
2147483647
2147483647
2147478004
2147483647
2147477034
2147483306
2147482753
2147483647
2147483647
2147482387
2147481488
2147483647
2147483334
2147169277
2147480457
2147483647
2147483334
2147474290
2147472590
2147483385
2147483334
2147483399
2147482753
2147482737
2147483647
2147478947
2147483334
2147483399
2147483647
2147472590
2147483647
2147483306
2147483334
2147483334
2147483385
2147483647
2146255904
2147481488
2147483306
2147451554
2147483647
2147480782
2147483647
2147472067
2147481749
2147477514
2147482753
2147477034
2147483399
2147483647
2147433514
2147483647
2147483399
2147483399
2147483647
2147483334
2147483334
2147472726
2147450097
2147482753
2147483306
2147483640
2147483647
2147483647
2147483640
2147470233
2147483385
2147480457
2147483647
2147483647
2147483647
2147483647
2147479442
2147483647
2147483334
2147482874
2147483647
2147482753
2147480782
2147483640
2147483647
2147483647
2147483647
2147456219
2147480457
2147483399
2147426150
2147483385
2147481749
2147483647
2147483399
2147483640
2147483647
2147483399
2147483647
2147482753
2147483334
2147477765
2147483647
2147483647
2147395656
2147483647
2147482753
2147483306
2147483647
2147481749
2147483647
2147482701
2147483647
2147483647
2147483546
2147483399
2147483647
2147483334
2147483334
2147474185
2147478004
2147482753
2147477034
2147482753
2146620541
2147483334
2147483399
2147479923
2147483647
2147483647
2147483647
2147483399
2147483306
2147467682
2147483647
2147479923
2147483334
2147482753
2147483334
2147482753
2147482874
2147483647
2147483334
2147483647
2147477765
2147479375
2147482008
2147482874
2147482753
2147483334
2147483334
2147483647
2147482753
2147390406
2147477514
2147481749
2147483647
2147483647
2147479442
2147481749
2147483306
2147483334
2147483399
2147483647
2147480457
2147483647
2147483399
2147443983
2147483334
2147483647
2147483647
2147483306
2147483399
2147483385
2147423390
2147483399
2147482008
2147483647
2147483647
2147483647
2147483647
2147483399
2147483647
2147483647
2147478194
2147480457
2147481749
2147480457
2147481488
2147483647
2147483647
2147480782
2147483306
2147482737
2147483334
2147483647
2147483306
2147483647
2147483647
2147483546
2147380314
2147483647
2147483647
2147483647
2147419282
2147483394
2147483647
2147423390
2147483334
2147483647
2147464899
2147483334
2147483647
2147482874
2147474290
2147483334
2147483647
2147483334
2147483647
2147483334
2147483647
2147482753
2147483647
2147481574
2147483647
2147481488
2147483647
2147481774
2147483647
2147483647
2146495204
2147483647
2147483640
2147483334
2147482753
2147470233
2147483385
2147477469
2147474185
2147483334
2147482753
2147483399
2147483647
2147483399
2147448505
2147480457
2147482753
2147482874
2147483306
2147483647
2147480782
2147477765
2147482737
2147483647
2147483647
2147483399
2147483647
2147483647
2147481749
2147480457
2147483647
2147480457
2147483647
2147483334
2147483334
2147483647
2147481574
2147483647
2147483647
2147462825
2147483647
2147453436
2147483334
2147482753
2147483399
2147483647
2147483647
2147483647
2147482656
2147483647
2147480315
2147483334
2147483399
2147482387
2147483640
2147483640
2147469272
2147483399
2147443983
2147482753
2147482753
2147483647
2147483306
2147482647
2147483306
2147480782
2147483385
2147483334
2147483647
2147483399
2147483647
2147483334
2147456219
2147478004
2147481488
2147472067
2147483647
2147483334
2147481749
2147483647
2147483647
2147483647
2147483334
2147483399
2147483647
2147465854
2147473157
2147324801
2147483334
2147474290
2147483647
2147483334
2147483385
2147483385
2147483647
2147483647
2147483334
2147480457
2147483306
2147482874
2147483647
2147468291
2147483306
2147483647
2147302952
2147482753
2147481749
2147483647
2147483306
2147483334
2147483399
2147483385
2147483647
2147481488
2147483647
2147483640
2147479923
2147482753
2147472590
2147482874
2136044572
2147483399
2147483394
2147480457
2147482874
2147480782
2147482387
2147330244
2147483385
2147481774
2147482753
2147482387
2147482387
2147483647
2147483334
2147483647
2147480457
2147481488
2147481488
2147482874
2147468126
2147483647
2147483334
2147441486
2147483385
2147483334
2147482753
2147483334
2147483647
2147482874
2147483647
2147482874
2147483399
2147483334
2147481749
2147483647
2147482753
2147483647
2147483399
2147482592
2147480457
2147483399
2147483647
2147483647
2147483334
2147443150
2147483334
2147467682
2147481749
2147483399
2147477034
2147483546
2147481749
2147483647
2147483647
2147478947
2147483640
2147483399
2147468291
2147013649
2147481749
2147483647
2147482874
2147483647
2147483399
2147483647
2147483334
2147483647
2147483647
2147483334
2147483647
2147482592
2147483647
2147480457
2147483647
2147483647
2147481749
2147483334
2147483647
2147483399
2147467163
2147483647
2147480315
2147483399
2147483334
2147483640
2147482656
2147483647
2147483647
2147482753
2147483385
2147483334
2147483334
2147483647
2147483334
2147483334
2147483640
2147483385
2147483334
2147483647
2147482753
2147483647
2147483385
2147482874
2147472726
2147483306
2147483334
2147482753
2147483647
2147482753
2147472590
2147483385
2147483334
2147483647
2147478603
2147483647
2147483647
2147481749
2147483647
2146293257
2147483640
2147483334
2147483399
2147482737
2147482753
2147483647
2147482753
2147478947
2147483334
2147483647
2147482753
2147483647
2147482753
2147480457
2147483647
2147483334
2147483399
2147101116
2147483385
2147483399
2147482874
2147481749
2147474290
2147483334
2147483647
2147483647
2147482753
2147483647
2147483647
2147483647
2147483306
2147481749
2147483647
2147483647
2147483647
2147483647
2147483334
2147483385
2147480457
2147483647
2147483647
2147483647
2147481749
2147483647
2147483399
2147479923
2147482753
2147483640
2147477765
2147472590
2147483334
2147483647
2147475196
2147483399
2147483647
2147464899
2147481749
2147483647
2147483647
2147483647
2147479442
2147483399
2147483399
2147483647
2147481749
2147483647
2147483399
2147483399
2147483647
2147482737
2147481749
2147483647
2147483334
2147482874
2147477034
2147482753
2147483647
2147481749
2147483399
2147469272
2147483399
2147481488
2147482874
2147477765
2147477765
2147483647
2147483647
2147482753
2147483399
2147482753
2147483647
2147483306
2147483647
2147439409
2147481749
2147483647
2147482753
2147483647
2147483647
2147483306
2147482874
2147480457
2147482874
2147482874
2147483647
2147482753
2147483334
2147483647
2147472590
2147483647
2147483334
2147483647
2147474290
2147483334
2147480118
2147480457
2134023389
2147483399
2147483647
2147482753
2147482753
2147483334
2147481304
2147483399
2147481749
2147483647
2147483640
2147482753
2147483399
2147468291
2147483334
2147483385
2147482753
2147482737
2147483647
2147483306
2147483399
2147483647
2147483647
2147483647
2147482701
2147483647
2147483647
2147483647
2147482656
2147483399
2147482874
2147482874
2147481488
2147483647
2147483306
2147483334
2147322527
2147483334
2147482874
2147483546
2147483399
2147483647
2147482647
2147483385
2147483334
2147448505
2147482874
2147472590
2147483306
2147462825
2147482753
2147482701
2147483647
2147483647
2147482874
2147413888
2147482008
2147482737
2147482753
2147483647
2147483647
2147483647
2147481749
2147483306
2147483647
2147483647
2147483306
2147477765
2147483334
2147483334
2147483334
2147448505
2147460717
2147483399
2147483306
2147483647
2147460667
2147477034
2147483647
2147482008
2147483647
2147472590
2147483647
2147483306
2147482753
2147483647
2147482737
2147483647
2147483399
2147479375
2147483647
2147483647
2147479442
2147482753
2147483399
2147482874
2147482874
2147483640
2147483385
2147483647
2147483647
2147477034
2147481774
2147483647
2147483647
2147442625
2147483334
2147483647
2147483334
2147424627
2147483640
2147483385
2147483647
2147482874
2147482874
2147483647
2147441486
2147475196
2147483385
2147480457
2147482874
2147483647
2147482592
2147446563
2147483334
2147483334
2147483334
2147483640
2147483647
2147483334
2147483647
2147483334
2147483306
2147483334
2147482753
2147480457
2147483647
2147481749
2147483399
2147483647
2147483399
2147481419
2147483399
2147481749
2147483334
2147482387
2147481574
2147482753
2147483647
2147483647
2147483334
2147483640
2147483647
2147483647
2147483334
2147483334
2147483334
2147483334
2147483647
2147469272
2147483334
2147483385
2147483647
2147483647
2147483647
2147483399
2147482753
2147480782
2147479923
2147472067
2147481850
2147475196
2147483647
2147483306
2147477469
2147483647
2147482753
2147478909
2147483647
2147483334
2147480457
2147483647
2147483647
2147482592
2147483647
2147482008
2147483399
2139682040
2147483399
2147483306
2147483647
2147477765
2147482874
2147483334
2147483385
2147483647
2147465854
2147479442
2147470879
2147483334
2147474185
2147483647
2147483647
2147483647
2147483399
2147481488
2147481488
2147483399
2147483334
2147459838
2147483647
2147482874
2147446255
2147481749
2147481488
2147483647
2147483399
2147483647
2147469272
2147483647
2147483334
2147480457
2142912505
2147477514
2147483647
2147483334
2147483334
2147430268
2147483334
2147483647
2147481850
2147482647
2147322527
2147481774
2147483394
2147483647
2147480457
2147480457
2147483647
2147483385
2147479442
2147482874
2147483640
2147481419
2147472590
2147483647
2147483334
2147475196
2147483399
2147482737
2147482753
2147483399
2147472877
2147483334
2147480782
2147483385
2147483647
2147483647
2147483306
2147483647
2147482008
2147483647
2147483399
2147483647
2147483399
2147483306
2147483647
2147483647
2147480315
2147483647
2147483647
2147483306
2147483647
2147483399
2147483385
2147483647
2147483647
2147482737
2147483334
2147482874
2147482874
2147483647
2147483306
2147483647
2147483399
2147481574
2147483647
2147483640
2147483647
2147483306
2147483334
2147483647
2147478004
2147483647
2147483647
2147483640
2147479442
2147483647
2147482874
2147483647
2147482874
2147483647
2147483647
2147482008
2147465854
2147483334
2147483647
2147482753
2147482753
2147483334
2147483647
2147479606
2147481749
2147480457
2147483399
2147483647
2147483647
2147481488
2147481749
2147483647
2147483647
2147483647
2147483647
2147483647
2147322147
2147482753
2147481749
2147474185
2147483640
2147483647
2147467163
2147483399
2147483334
2147483334
2147483647
2147483647
2147483399
2147483647
2147472590
2147414487
2147480315
2147483640
2147474290
2147483647
2147483306
2147482647
2147481774
2147457026
2147483546
2147481488
2147472726
2147483647
2147483647
2147483334
2147480782
2147482753
2147482753
2147483647
2147483306
2147483334
2147483647
2147483399
2147483399
2147483306
2147483647
2147483306
2147483306
2147483647
2147481749
2147483647
2147371847
2147483399
2147483399
2147483399
2147483334
2147483334
2147483306
2147483334
2147483399
2147483306
2147483640
2147479442
2147483385
2147480457
2147475196
2147483399
2147482737
2147483334
2147483399
2147483647
2147482753
2146165934
2147483647
2147414487
2147483647
2147482753
2147483334
2147483334
2147483334
2147481749
2147483647
2147483647
2147483640
2147483399
2147483334
2147482737
2147483399
2147483334
2147483334
2141346017
2147483647
2147483640
2147483647
2147482647
2147483394
2147483399
2147483647
2147413888
2147483399
2147483647
2147483385
2147482753
2147477765
2147483647
2147480457
2147483647
2147483334
2147483385
2147483647
2147483647
2147482737
2147477514
2147483647
2147481850
2147457026
2147483647
2147483647
2147483647
2147481749
2147483647
2147483647
2147483334
2147483399
2147483306
2147483334
2147483647
2147483385
2147483306
2147483647
2147483647
2147433781
2147483394
2147483647
2147483399
2147483647
2147470233
2147483647
2147483334
2147152496
2147483399
2147482874
2147483306
2147483334
