2147483585
2147471570
2147483585
2147483585
2147483385
2147483468
2147483603
2147483603
2147477682
2147482421
2147471570
2147482817
2147483585
2147481926
2147483385
2147479559
2147483271
1823778727
2147483585
2147483288
2147483603
2147476200
2147483603
2147476200
2147483585
2147482817
2147482817
2147481998
2147483585
2147483585
2147477521
2147483585
2147483585
2147483585
2147482817
2147482817
2147483585
2147483585
2147483585
2147475357
2147483585
2147453622
2147483585
2147483585
2147483385
2147483585
2147483585
2147483585
2147483120
2147419073
2147483585
2147483585
2147483585
2147483603
2147483603
2147455930
2147483585
2147483585
2147480914
2147466123
2147483385
2147483468
2147483603
2147483585
2147483385
2147483585
2147483585
2147483585
2147483585
2147483603
2147483585
2147483603
2147480404
2147483603
2147479756
2147483585
2146882730
2147483603
2147483385
2147483603
2147483385
2147454452
2147483585
2147483385
2147483585
2147483468
2147482817
2147453622
2147483585
2147483585
2147483449
2147483585
2147483468
2147483585
2147483585
2147483271
2147483280
2147482817
2147483603
2147480914
2147483603
2147483585
2147483585
2146999734
2147480914
2147483585
2147483585
2147472639
2147483585
2147483603
2147385551
2147483585
2147468085
2147483585
2147483585
2147483603
2147483468
2147483585
2147483585
2147483603
2147483449
2147483585
2147463889
2147483585
2147483603
2147483585
2147480914
2147483585
2147483585
2147483120
2147483585
2147483585
2147483585
2147483120
2147483603
2147427134
2147483585
2146167462
2147483585
2147482421
2147482073
2147483585
2132890229
2147483585
2147483515
2147482817
2147483385
2147483585
2147483515
2147482353
2147327960
2147483585
2147483603
2147483603
2147483385
2147477712
2147483585
2146511155
2147483603
2147482073
2147483585
2147483585
2147483603
2147480468
2147477682
2147483585
2147479072
2147481926
2147483585
2147478090
2147482665
2147483585
2147483585
2147483585
2147483385
2147483385
2147476200
2147483585
2147327960
2147483585
2147464987
2147483585
2147483603
2147483385
2146078188
2147483585
2147482817
2147483449
2147483585
2147483585
2147483385
2147481741
2147483585
2147482353
2147480914
2147483515
2147482421
2147483585
2147483585
2147483585
2147483603
2147479418
2147483603
2147412005
2147482421
2147483585
2147483585
2147483603
2147483385
2147483468
2147478090
2147483585
2147483288
2147483385
2147483585
2147477682
2147483585
2144932159
2147483603
2147483573
2147483585
2147483585
2147483585
2147483585
2147483603
2147482665
2147483585
2147483585
2147482353
2147136896
2147483585
2147483385
2147483603
2147482817
2147483603
2147483385
2147483585
2147483468
2147471484
2147483585
2147483585
2147483585
2147483585
2147481998
2147483585
2147480914
2147483280
2147483603
2147483585
2147483385
2147483585
2147483585
2147483585
2147483585
2147483585
2147483385
2147482817
2147483585
2147483603
2147483385
2147483585
2147479418
2147483585
2147483271
2147483603
2147483271
2147478090
2147483585
2147482817
2147471484
2147483603
2147483585
2147483585
2147483603
2147482585
2147483280
2147480914
2147483585
2147483271
2147453622
2147483573
2147483573
2147483280
2147483603
2147483271
2147483585
2147483280
2147481741
2147483585
2147450811
2147483585
2147482817
2147483585
2147476200
2147483271
2147482817
2147480404
2147483585
2147483120
2147483585
2147483280
2147483385
2147483585
2147483385
2147483603
2147483585
2147483385
2147483385
2147483573
2147483585
2147483385
2147483585
2147483585
2147483585
2147483468
2147483385
2147483603
2147483468
2147483280
2147483585
2147481741
2147483585
2147483271
2124193431
2147450635
2147482353
2147483585
2147483603
2147483585
2147483385
2147483468
2147483603
2147483271
2147483585
2147483585
2147483603
2147483573
2147483585
2147483603
2147483585
2147483585
2147480914
2147467130
2146307572
2147483603
2147482817
2145949199
2147483585
2147483120
2147482665
2147480499
2147483385
2147468349
2147483288
2147483585
2147482817
2147483385
2147483603
2147483385
2147483603
2147483142
2147483585
2147483585
2147483585
2147480914
2147483603
2147483585
2147483603
2147483271
2147483585
2147483585
2147483603
2147483385
2147483142
2147483585
2147483603
2147483585
2147483280
2147483585
2147483603
2147483585
2147483585
2147483603
2147480914
2147483585
2147483585
2147483603
2147483585
2147476200
2147483385
2147482817
2146642211
2147483585
2147475818
2147447200
2147476200
2147483603
2147483585
2147483585
2147477521
2147482783
2147483603
2147483585
2147483585
2113830692
2147483585
2147483585
2147459433
2147069593
2147483280
2147483585
2147370974
2147483585
2147483280
2147482353
2147483280
2147480914
2147325276
2147468349
2147483585
2147459681
2147483585
2147483585
2147483585
2147483585
2147483385
2147483585
2147483585
2147483585
2147483585
2147427134
2147479559
2147483385
2147459433
2147483385
2147431572
2147483585
2147483585
2147483585
2147483585
2147450811
2146312742
2147483585
2147483515
2147482665
2147483585
2147431572
2147483585
2147483585
2147455930
2147482817
2147483585
2147483585
2147483603
2147483585
2147190696
2147482207
2147483603
2147483585
2146949809
2147483280
2147478090
2147483585
2147480468
2147483385
2147483603
2147483585
2147443344
2147483585
2147483142
2147483385
2147477521
2147483585
2147482817
2147476200
2147482353
2147483603
2147483515
2147480914
2147483585
2147482421
2147483585
2147483585
2147476200
2147483603
2147483585
2147319562
2147483120
2147483585
2147480914
2147483271
2147482353
2147479559
2147464162
2147483603
2147483280
2147483585
2147483573
2147483585
2147483385
2147483585
2147483585
2147483385
2147483280
2147483603
2147483585
2147477682
2147483280
2146898099
2147483603
2147483385
2147483585
2147424180
2147476200
2147483585
2147483280
2147483385
2147483585
2147483585
2147225776
2147453622
2147483585
2147464987
2147483585
2147483603
2147483585
2147208531
2147483585
2147482817
2147483585
2147472639
2147483288
2147482817
2147482353
2147468085
2147476212
2147483585
2147483585
2147483585
2147480914
2147480914
2147478696
2147483603
2147483585
2147483271
2147483288
2147483142
2147483585
2147483385
2147483585
2147483585
2147464987
2147483385
2147327960
2147483585
2147483385
2147483585
2147480914
2147483585
2147483585
2147483585
2147483385
2147483585
2147482817
2147483585
2147483585
2147481741
2147483142
2147482353
2147478933
2147483585
2147483271
2147456294
2147477521
2147482353
2147476597
2147483585
2147483585
2147483585
2147480914
2147483585
2147483585
2147483271
2147483385
2147483280
2147477521
2147482783
2147483585
2147483585
2147457993
2147447200
2147483585
2147483468
2147480499
2147483120
2147483585
2147483585
2147483585
1873816261
2147483585
2147483585
2147483585
2147482353
2146508731
2147483585
2147483585
2147483120
2147483271
2147483280
2147483585
2147446536
2147468085
2147480914
2147482207
2147483603
2147483585
2147483142
2147464987
2147483385
2147483280
2147482353
2147483585
2147483585
2147480914
2147480914
2147468863
2147483585
2147483603
2147483585
2147483585
2147483603
2147483585
2147483288
2147483603
2147483585
2147483585
2147483385
2147482421
2147483280
2147483385
2147483603
2147482817
2147480914
2147483603
2147483585
2147480914
2147483280
2147483288
2147483280
2147480914
2147483585
2147479559
2147483585
2147483385
2147483585
2147483385
2147467339
2147480914
2147483603
2147483385
2147483385
2147483585
2147483585
2147483385
2147483280
2147483603
2147483585
2147483603
2147482817
2147483585
2147483573
2147483515
2147483603
2147483585
2147483385
2147483449
2147483603
2147482207
2147483288
2147483120
2147479756
2147476200
2147478933
2147483585
2147483585
2147483585
2147483280
2147483585
2147483585
2147483585
2147483585
2147483603
2147483468
2147483585
2147483585
2147483603
2147483271
2147483585
2147483585
2147476200
2147483585
2145961028
2147483585
2147483603
2147477682
2147483603
2147483585
2147483585
2147482817
2147483585
2147483603
2147483271
2147359908
2147483585
2147483385
2147483603
2147477521
1929581736
2147483385
2147482665
2147483585
2147483385
2147483603
2147483585
2147483585
2147482421
2147483603
2147483585
2147483385
2147483603
2147483603
2147483603
2147483603
2147483585
2147482421
1840419528
2147483603
2147482353
2147480914
2147483280
2147482817
2147483585
2147483280
2147483585
2146891428
2147483385
2147483280
2147483585
2147483585
2147483585
2147483142
2147483271
2147479559
2147483603
2147483585
2147483585
2147482817
2147483271
2147483280
2147483585
2147483280
2147483585
2147483603
2147483585
2147483585
2147483585
2147483385
2147483515
2147483603
2147482817
2147483585
2147483585
2147482665
2147483585
2147483585
2147483603
2147476200
2147483603
2147463067
2147483585
2147482817
2147483603
2147476200
2147483585
2147483585
2147472639
2147483468
2147483449
2147483603
2147483603
2147483585
2147481741
2147483585
2147483585
2147483585
2147483603
2147483585
2147449883
2147483585
2147483585
2147483585
2147483585
2147483280
2147356166
2147483280
2147468085
2147483037
2147483585
2147483585
2147483585
2147483585
2147483120
2147470899
2092516196
2147483585
2147483585
2147483585
2146989620
2147480914
2147483585
2147483142
2147483280
2147475357
2147483585
2147483385
2147483585
2147468349
2147483585
2147483585
2140347919
2147478090
2147480468
2147483585
2147483385
2147483120
2147483585
2147483585
2147483585
2147480914
2147483385
2147483603
2147483385
2147481741
2147483585
2147483449
2147483603
2147483585
2147483515
2147482207
2147483271
2147483585
2147483585
2147483468
2147483280
2147483585
2147483585
2147483585
2147471484
2147482817
2147483280
2147483385
2147479559
2147483280
2147483468
2147483585
2147483468
2147483515
2147483280
2147477682
2147483585
2147483603
2147483585
2147475818
2147483271
2147483585
2147483385
2147483585
2147483603
2147483585
2147483271
2147483585
2147483585
2147483585
2147471484
2147483449
2147479559
2147482817
2147483585
2147483585
2147483288
2147483585
2147483585
2147476200
2147483585
2147483585
2147483585
2147450635
2147483585
2147483603
2147483585
2147483585
2147483385
2147483585
2147483603
2147483271
2147483120
2147483603
2147482353
2147483603
2147476224
2147483603
2147483468
2147483385
2147483271
2147483585
2147483385
2146726757
2147482585
2147478933
2147481926
2147471484
2147483603
2147483603
2147483603
2147483280
2147481741
2147482817
2147482817
2147483585
2147483603
2147483120
2147483585
2147483385
2147483603
2147483385
2147480914
2147483515
2147483120
2147483120
2147483603
2147476200
2147483585
2147483280
2147483585
2147483603
2147483585
2147476200
2147482817
2147483385
2147476212
2137616595
2147482817
2147483585
2147483585
2147483585
2147399309
2147467130
2147483385
2147483585
2147483585
2147483385
2147481741
2147480914
2147482353
2144717621
2147480914
2147483603
2147483585
2147483585
2147476200
2147483585
2147483385
2147483585
2147483585
2147483585
2147483585
2147483585
2146689439
2147483120
2147483585
2147483385
2147483603
2147483288
2147483585
2147483585
2147483585
2147483603
2147483585
2147469892
2147483280
2147483603
2147457993
2147483585
2147482817
2147483385
2147483142
2147450811
2147418355
2147480914
2147477521
2147480499
2147483585
2147483585
2147483585
2147483385
2147479559
2147483585
2147479072
2147483385
2147483468
2147483385
2147483603
2147483585
2147483585
2147483585
2147483585
2147482817
2147483585
2147483385
2147483585
2147483585
2147483585
2147483585
2147483603
2147445692
2147471484
2147476200
2147483385
2147483585
2147482353
2147483585
2147483585
2147483585
2147480404
2147483585
2147483603
2147483603
2147459838
2147483142
2147483585
2147483280
2147483603
2147482817
2147483585
2147476212
2147483603
2147403280
2147483585
2147480914
2147483585
2147457219
2147483585
2147483585
2147483468
2147483585
2147483585
2147483573
2147139409
2147483603
2147477521
2147483585
2147483385
2147483585
2147483468
2147483585
2147483585
2147483385
2147471484
2147477521
2147483603
2144738542
2147483585
2147483585
2147483271
2147476200
2147483585
2147480914
2147483585
2147483585
2147483585
2147483468
2147483142
2147482353
2147483515
2147483585
2147481741
2147483385
2147483603
2147483142
2147483585
2147483603
2147483585
2147483585
2147483585
2147483142
2147483585
2147481926
2147483573
2147483585
2147483271
2147479681
2147483468
2147482353
2147483585
2147477521
2147483288
2147477521
2147477521
2147483585
2147403280
2147482817
2147483385
2147483142
2147483585
2147263992
2147483385
2147476200
2147483603
2147472639
2147483585
2147483271
2147483385
2147483585
2147479418
2147480914
2147483603
2147471570
2147483585
2147483603
2147483603
2147483585
2147483585
2147483585
2147483585
2147483603
2147483468
2147483585
2147483385
2147483585
2147457993
2147483585
2147480914
2147482817
2147453622
2147483271
2147483385
2147482207
2147482353
2147483585
2147483585
2147483603
2147483585
2147483585
2147483142
2147466123
2147467246
2147483585
2147483585
2147483585
2147483280
2147483603
2147446536
2147483585
2147483603
2147483585
2147483585
2138889744
2147483271
2147483385
2147483585
2147482353
2147483585
2147483142
2146254496
2147483585
2147483585
2147457993
2147483603
2147483603
2147483585
2147483585
2147483585
2147483585
2147483585
2147477682
2147483585
2147483585
2147483585
2147483280
2147482817
2147483603
2147483280
2147476200
2147479922
2147483288
2147483585
2147483585
2147482817
2147478090
2147463889
2128638588
2147483142
2147476212
2147483585
2147479559
2147483585
2147483585
2147483271
2147483271
2147483585
2147483585
2147483585
2147483585
2147483603
2147483585
2147480468
2147480468
2147483585
2147480914
2147483585
2147483585
2147483288
2147483603
2147480914
2147483585
2147482353
2147483142
2147482421
2147477521
2147483585
2147483280
2147483585
2147482665
2147481741
2147482817
2147483585
2147483585
2147483585
2147464595
2147483585
2147482353
2147483385
2147483271
2147483603
2147483585
2136864780
2147483142
2147483603
2147480468
2147483573
2147483271
2147483585
2147483585
2147483603
2147483585
2147483585
2147483280
2147483603
2147483585
2147483585
2147445361
2147483585
2147480914
2147427134
2145141283
2147483385
2147483280
2147483468
2147471484
2147483585
2147483585
2147483585
2147483585
2147483280
2147483585
2146671886
2147483603
2147483585
2147483585
2147479756
2147483603
2147476200
2147479559
2147483585
2147480914
2147482353
2147483585
2147483585
2147483585
2147483385
2147478933
2147476200
2147457993
2147483585
2147470146
2147483385
2147483385
2147483603
2147483271
2147483603
2147483603
2147482421
2147483468
2147480914
2147483585
2147479559
2147479559
2147483280
2147483585
2147483585
2147483585
2147483585
2147483585
2147483585
2147483385
2147476200
2147187679
2147482421
2147483280
2147483603
2147483603
2147483603
2147478696
2147482353
2147483603
2147483585
2147483142
2147483603
2142983031
2147483585
2147483585
2147414869
2147483585
2147482073
2147483585
2147483585
2147483585
2147483585
2147483385
2147356318
2147483585
2147480914
2147483603
2147483271
2147483585
2147467246
2147483585
2147483585
2147483585
2147483585
2147480468
2147483585
2147483585
2147483603
2147483585
2147483585
2147483385
2147479559
2147483585
2147483603
2147480914
2147483585
2147478933
2147483585
2147483585
2147479756
2147483585
2147482421
2147483603
2147476200
2147367794
2147479559
2147483280
2147483385
2147483585
2147483585
2147483603
2147483515
2147482353
2147483603
2147483603
2147482421
2147483288
2147483585
2147483585
2147483603
2147483585
2147483585
2147483585
2147482817
2147483603
2147483468
2147483585
2147483585
2147483585
2147483585
2147483385
2147482665
2147483585
2147483515
2147483585
2147483585
2147483585
2147481741
2147477682
2147483603
2147483603
2147464595
2147482353
2147483280
2147483585
2147483585
2147483603
2147482817
2147483585
2147483271
2147447200
2147483585
2147482353
2147483585
2147482817
2147483585
2147482783
2147483585
2147482665
2127362111
2147483603
2147483585
2147483585
2147483585
2147483585
2147482817
2147483585
2147483603
2147483585
2147483603
2147483603
2147483585
2147483585
2147483585
2147483585
2147476200
2147454489
2147325276
2147483515
2147483585
2147200268
2147483585
2147483585
2147475357
2147483271
2147483142
2147483603
2147423069
2147483603
2147483288
2147483585
2147483585
2147483585
2147483585
2147483585
2147421622
2147483585
2147483585
2147483585
2147476200
2147483603
2147483585
2147483585
2147483585
2147483585
2147483585
2147483142
2147250354
2147483585
2147483280
2147483585
2147482353
2147350989
2147483585
2147483585
2147483585
2147483585
2147483585
2147483585
2147483585
2147483585
2147477682
2147483585
2147483585
2147482353
2147483585
2147483385
2147483585
2147483585
2147483515
2147483603
2147483385
2147483585
2147475818
2147483585
2147483585
2147482353
2147480404
2147483573
2147479922
2147480914
2147483585
2147483585
2147483585
2147482101
2147483603
2147475818
2147483585
2147478933
2147483385
2147483585
2147482817
2147483603
2147483585
2147190696
2147483120
2147483585
2147446536
2147483449
2147483585
2147483385
2147483585
2147483585
2147483585
2147483585
2147483468
2147467339
2147483585
2147482353
2147482353
2147483585
2147483385
2147480404
2147483585
2116186881
2147483468
2147483280
2147479559
2147480024
2147483603
2147480404
2147483585
2147483603
2147476200
2147483585
2147482353
2147483585
2147482353
2147483585
2147440648
2147478696
2147408079
2147190696
2147483603
2147483280
2147483585
2147483603
2147483585
2147483585
2147342571
2147483603
2147483468
2147367960
2147483585
2147483585
2147483585
2147480914
2147480914
2147483280
2147483585
2147483603
2147483385
2147483385
2147483142
2147478090
2147468085
2147483142
2147483603
2147483585
2147483585
2147483603
2147483585
2147476212
2147483585
2147483585
2147483585
2147483585
2147483271
2147470899
2147481741
2147483585
2147482817
2147483585
2147483271
2147479418
2147483585
2147431572
2147483585
2147483603
2147483585
2147483603
2147476212
2147450811
2147483585
2147483603
2147483603
2147483585
2147483603
2147483385
2147483585
2147483585
2147483585
2147475357
2147480914
2147483280
2147483142
2147483385
2147480468
2147483585
2147483585
2147483585
2147483468
2147482817
2147483385
2147483385
2147482353
2147483585
2147483280
2147483585
2147483585
2147482817
2147483288
2147483603
2147450811
2147483385
2147476212
2147483585
2147483385
2147483515
2147483468
2147483585
2147480468
2147483288
2147483585
2147463111
2147457993
2147483385
2147483585
2147483585
2147476200
2147483585
2147445361
2147483585
2147483280
2147483585
2147483585
2147483585
2147483585
2147483585
2147461484
2147483585
2147483585
2147483585
2147483585
2147476224
2147483288
2147483585
2147315335
2147483585
2147483573
2147483585
2147483142
2147483385
2147454452
2147483585
2147483585
2147483585
2147476200
2147483449
2147483585
2147477521
2147449883
2147483585
2147476200
2147468085
2147483585
2147483280
2147483585
2147483280
2147482817
2147483585
2147482817
2147483603
2147482353
2147483385
2147483585
2147483585
2147483585
2147453622
2147483603
2147275619
2144823271
2147483585
2147483585
2147483585
2147483585
2147483585
2147476200
2147421622
2147483468
2147483385
2147464595
2147483585
2147483585
2147446536
2147480404
2147479756
2147443344
2147483271
2147478933
2147483585
2147483585
2147483585
2147481998
2147483585
2147483585
2147356318
2147482353
2147483585
2147483603
2147482817
2147483585
2147483585
2147483585
2147477682
2147483585
2147463111
2147457993
2147483603
2147483468
2147483585
2147483585
2147483385
2147457993
2145146014
2147483585
2147483585
2147481926
2147483585
2147483585
2147483585
2147480914
2147481998
2147483585
2147447200
2147483603
2147482817
2147483385
2147431781
2147483585
2147483585
2147469892
2147482817
2147483468
2147483585
2147483385
2147483585
2147482207
2147483271
2147483468
2147483280
2147483585
2147480914
2147476200
2147483585
2147483603
2147480914
2147483280
2147447200
2147483385
2147482665
2147482817
2147483585
2147483280
2147483468
2147483585
2147483271
2147483585
2147476200
2147477521
2147482353
2147483468
2147483585
2147483585
2147483585
2147483603
2147483573
2147483585
2147483385
2147483271
2147483585
2147483142
2147483585
2147483585
2147483585
2147483585
2147453622
2147475818
2147483585
2147483385
2147483385
2147483603
2147483585
2147483585
2147483603
2147483449
2147483585
2146912322
2147483585
2147483585
2147482353
2147483271
2147483585
2147483585
2147443344
2147483271
2147483385
2147483142
2147475357
2147482665
2147483585
2147455930
2147483468
2147482817
2147483585
2147479559
2147483585
2147483585
2147483385
2147483585
2147482353
2147483585
2147482353
2147482665
2147483280
2147483585
2147479922
2147483585
2147483603
2147483585
2147327960
2147483385
2147483468
2147483603
2147483585
2146408407
2147482665
2147481741
2147483585
2147483280
2147483385
2147483585
2147483585
2147483585
2147483585
2147483603
2147483385
2147483585
2147480914
2147483385
2147483603
2147483585
2147480914
2147391223
2147475357
2147480468
2147482817
2147483385
2147480914
2147482783
2147483585
2147483585
2147479922
2147483271
2147483585
2147464987
2147483385
2147483385
2147479922
2147482817
2147483037
2147483585
2147483271
2147483603
2147483585
2147483585
2147336049
2147482207
2147483585
2147432016
2147483585
2147483603
2147483120
2147482817
2147483603
2147480914
2147483585
2147483603
2147483271
2147483585
2147482353
2147480914
2147483585
2147483385
2147483585
2147483603
2147483585
2147483385
2147483468
2147476200
2147483603
2147483385
2147483603
2147483585
2144007591
2147482353
2147447200
2147483585
2147482817
2147482101
2147483449
2147468349
2147482353
2147483585
2147483603
2147483585
2147483585
2147483585
2147477521
2147483585
2147483585
2147483585
2147483468
2147476200
2147480914
2147483585
2146898099
2147483142
2147480890
2147483385
2147463067
2147483585
2147482421
2147483385
2147483585
2147482817
2147481741
2147483585
2147471484
2147483585
2147476200
2147483385
2147483585
2147483142
2147483585
2147483603
2147483585
2147476597
2147483585
2147480914
2147483585
2147483585
2147483585
2147482817
2147483385
2147483603
2147471570
2147483585
2147483585
2147483585
2147483585
2147483603
2147483585
2147483585
2147483585
2147483468
2147483585
2147483585
2147479681
2147483603
2147483585
2147483603
2147468085
2147482817
2147483603
2147483468
2147483468
2147482353
2147483585
2147483585
2147483603
2147482817
2147483515
2147482665
2147483385
2147478933
2147483271
2147483288
2147483585
2147480914
2147467130
2147483585
2147483603
2147476224
2147461888
2147483385
2147483385
2147483585
2147483468
2147475357
2147480468
2147483603
2147483585
2147483280
2147483585
2147479681
2147483585
2147483585
2147483585
2147478090
2105503099
2147483585
2147483585
2147483280
2147483585
2147483585
2147483037
2147483585
2146989620
2147483280
2147477712
2147482817
2147370974
2147483603
2147483603
2147483120
2147479418
2147483385
2147464595
2147483585
2147483585
2147483585
2147483385
2147483585
2147483585
2147483585
2147483585
2147483603
2147483603
2147471484
2147483603
2147483603
2147483271
2147483142
2147483585
2147480890
2147483280
2147483385
2147235182
2147483585
2147483585
2147480468
2147483271
2147483271
2147483585
2147483603
2147050391
2147483585
2147483142
2147482665
2147483515
2147483468
2147483585
2147483585
2147483585
2147482817
2147483271
2147483288
2147483585
2147483385
2147483603
2147483288
2147483280
2147483468
2147483271
2147483585
2147483603
2147483449
2147483585
2147483585
2147483142
2147483585
2147483603
2147481998
2147483280
2147480499
2147483585
2147482817
2147483603
2147483585
2147483585
2147480914
2147483385
2147483585
2147483585
2147482817
2147483585
2147483271
2147483585
2147483385
2147483585
2147453622
2147483385
2147480499
2147483585
2147483585
2147453622
2147477682
2147483603
2147459433
2147483142
2147483585
2147478933
2147447200
2147464732
2147482353
2147483603
2147483585
2147472639
2147483603
2147483585
2147483385
2147239542
2147483585
2147421622
2147483585
2147483585
2147483385
2147483603
2147454452
2147483585
2147482207
2147483585
2147483603
2147477089
2147483385
2147482073
2147483585
2147483603
2147477712
2147480914
2147483120
2147483585
2147479559
2147483585
2147483585
2147482353
2147479559
2147483603
2147483585
2147483585
2147483603
2147483585
2147480914
2147483585
2147483385
2147476200
2147483585
2147483603
2147483603
2147483585
2147419073
2147477521
2147483603
2147483288
2130508104
2147483585
2147483585
2147482207
2147480914
2147483585
2147483585
2147483585
2147483603
2147483585
2147483603
2147483385
2147483585
2147483585
2147483585
2147483585
2147482817
2147482817
2147483585
2147483585
2147483585
2147483585
2147483585
2147483468
2147483603
2147476200
2147483271
2147480914
2147483585
2147483468
2147483280
2147483603
2147483585
2147483603
2147480914
2147483585
2147482817
2147483515
2147483515
2147476200
2146898099
2147482817
2147483585
2147483585
2147483585
2147483585
2146989620
2147483385
2147483585
2147483468
2147482817
2147483585
2147483603
2147483585
2147356318
2147391803
2147482353
2147480499
2147482817
2147327960
2147483585
2147483585
2147483515
2147449883
2147483585
2147483585
2147483585
2147483585
2147483142
2147483585
2147483585
2147483585
2147483585
2147360424
2147483585
2147482817
2147483585
2147483585
2147483385
2147483585
2147483385
2147483603
2147357540
2147478933
2147483585
2147483585
2147483585
2147483585
2147483585
2147483585
2147483585
2147483288
2147471570
2147483585
2147483468
2147483385
2147482353
2147483449
2147467246
2147483603
2147483385
2147483603
2147483603
2147483585
2147483603
2147483585
2147483603
2147483585
2147483603
2147483585
2147483585
2147483585
2147483585
2147483280
2147477521
2147483603
2147482353
2147483603
2147483280
2147483585
2147470146
2147468863
2147483585
2147483585
2147479559
2147483585
2147483468
2147483585
2147477521
2147483385
2147483037
2147483585
2147475818
2147482353
2147483585
2147483515
2147479681
2147483385
2147483585
2147482817
2147483603
2147483585
2147483585
2147483585
2147483585
2147483585
2147483585
2147483585
2147391803
2147482353
2147483585
2147483385
2147483585
2147483585
2147482817
2147483585
2147483585
2147483603
2147450635
2147483585
2147483585
2147482817
2147483585
2147479418
2147483280
2147483603
2147483585
2147483385
2147480499
2147483385
2147483385
2147475414
2147483449
2147483585
2147483468
2147483585
2147479927
2147483585
2147450635
2147483515
2147483585
2147483585
2147482665
2147483385
2147356318
2147483288
2147483585
2147483385
2147483603
2147481926
2147483585
2147483585
2146197521
2147483603
2147483385
2147483585
2147483585
2147479559
2147483585
2147483603
2147483585
2147483585
2147478090
2147483585
2147483280
2147480914
2147476597
2147483585
2147483585
2147483585
2147481741
2147483515
2147483385
2147443344
2147483271
2147483280
2147479927
2147483385
2147482665
2147483585
2147483585
2147483585
2147483585
2147483585
2147475818
2147483585
2147480914
2147483603
2147483585
2147479418
2147319562
2147479072
2147476200
2147482817
2147483603
2147483585
2147483603
2147482817
2147480404
2147483573
2147480404
2147483385
2147483585
2147357540
2147483585
2147482817
2147483585
2147483585
2147483385
2147403280
2147483585
2147479418
2147483468
2147481998
2147362819
2147483603
2147483515
2147483385
2147480914
2147483603
2147483585
2147483585
2147482817
2147483468
2147483603
2147483603
2147483280
2147483585
2147483603
2147479418
2147468349
2147482353
2147482207
2147481741
2147481741
2147480914
2147482353
2147464987
2147483385
2147483468
2147483585
2147482817
2147471484
2147483585
2147483603
2147479681
2147476200
2147453622
2147483603
2147483585
2147483585
2147464144
2147483585
2147483585
2147483603
2147483585
2147480914
2147483585
2147483142
2147483603
2147483603
2147483280
2143420819
2147483585
2147483603
2147483585
2147482353
2147483585
2147457993
2147483585
2147483585
2147483585
2147483585
2147478090
2147365422
2147483585
2147424180
2147483585
2146999734
2147479418
2147483585
2147483603
2147483603
2147482665
2147483585
2147476200
2147483585
2147483603
2147475357
2147483585
2147408079
2147483585
2147483271
2147477682
2147482817
2147483280
2147483585
2147483385
2147483271
2147483585
2147483585
2147483585
2147480914
2147481741
2147483603
2147483280
2147483585
2147479559
2147483585
2147483385
2147483585
2147483585
2147483585
2147483385
2147483585
2147483603
2147483585
2147483585
2147483142
2147483585
2147483603
2147483385
2147483585
2147483585
2147483120
2147483585
2147483271
2147483603
2147483468
2147483603
2147483585
2147459838
2147483385
2147483585
2147483385
2147483585
2147483585
2147476200
2147479418
2147483280
2147483585
2147483585
2147483585
2147483585
2147471484
2147483142
2147483120
2147483585
2147482817
2147475818
2147483280
2147483585
2147483603
2147483603
2147483585
2147483585
2147457219
2147143614
2147483585
2147483585
2147483385
2147480890
2147483585
2147482353
2147483585
2147483585
2147483603
2147483585
2147483585
2147476200
2147483603
2147480499
2147482817
2147483585
2147443344
2147481741
2147483385
2147482353
2147483585
2147483585
2147482817
2147483585
2147480499
2147483585
2147483585
2147483585
2147483385
2147483385
2147457993
2147482353
2147450635
2147483585
2147483585
2147483585
2147483385
2147483585
2147483385
2147480914
2147483603
2147483515
2147483385
2147483142
2147483271
2147483585
2147483603
2147483603
2147472639
2147483585
2147480914
2147483585
2147483585
2147475357
2147483585
2147483603
2147476200
2147483585
2147483271
2147454489
2147483585
2147483585
2147483120
2147483385
2147400233
2147483585
2147483603
2147483603
2147483585
2147483585
2147476200
2147482817
2147483468
2147483585
2147483585
2147483515
2147483142
2147483142
2147483120
2147483142
2147483603
2147483585
2147480914
2147424180
2147482353
2147483585
2147482353
2147483585
2147483585
2147483585
2147476597
2147483585
2147483585
2147483585
2147483585
2147483585
2147483585
2147483585
2147483585
2147483603
2147483142
2147469892
2147483603
2147483603
2147483585
2147483585
2147476200
2147457993
2147482817
2147483585
2147483585
2147483585
2147483515
2147483271
2147483585
2147477682
2147480914
2147483585
2147483585
2147483142
2147477682
2147483385
2147482585
2147478090
2147483385
2147482353
2147483585
2147483585
2147483585
2147483271
2147483585
2147483468
2147483603
2147483585
2147483585
2147483142
2147483585
2147483585
2147483468
2147479559
2147403280
2147483385
2147483142
2147483603
2147483603
2147483385
2147478090
2147483585
2147482817
2147483585
2147483585
2147483585
2147483585
2147483585
2147481741
2147483585
2147483603
2147482817
2147483585
2147483271
2147483385
2147483603
2147483585
2147483585
2147287501
2147482817
2147483288
2147483585
2147483468
2147483280
2147483585
2147483603
2147464595
2147483585
2121835636
2147356166
2147483603
2147483585
2147483585
2147483585
2147482817
2147483585
2147483585
2147483271
2147483585
2147483037
2147483585
2147483585
2147477521
2147483585
2147483385
2147483468
2147235110
2147483603
2147483280
2147480914
2147483585
2147480914
2147480914
2147483585
2145613768
2147483385
2147483585
2147483585
2147483585
2147477712
2147482353
2147480914
2147483585
2147483585
2147483585
2147483585
2147483288
2147483603
2147480914
2147483585
2147483585
2147483603
2147483585
2147483271
2147482665
2147483585
2147483120
2147483585
2147483468
2147483585
2147480914
2147483585
2147478090
2147480914
2147483585
2147468349
2147483585
2147483585
2147482353
2147483585
2147480914
2147482353
2147483585
2147483585
2147483585
2147483585
2147482817
2147483585
2147483585
2147483603
2147483585
2147483603
2147483585
2147483142
2147483585
2147477682
2147483468
2147483585
2147483603
2147482421
2147483603
2147483585
2147483515
2147483585
2147483585
2147483585
2146642211
2147483468
2147483385
2147483603
2147483573
2147482353
2147468085
2147483585
2147483449
2147483585
2147482817
2147483585
2147359775
2147471484
2147483271
2147483037
2147483037
2147483603
2147483585
2147483585
2147483585
2147480914
2147483585
2147483603
2147483585
2147483585
2147483585
2147483271
2147477521
2147483585
2147480914
2147483585
2147483585
2147411920
2147470899
2147483585
2147483603
2147483585
2147482817
2147483585
2147482353
2147483468
2147483603
2147483385
2147483585
2147483603
2147483585
2147483271
2147482817
2147482665
2147483585
2147483585
2147480468
2147483385
2147483120
2147483585
2147483603
2147483280
2147483449
2147483585
2147483603
2147483142
2147476200
2147480914
2147482817
2147478090
2147483385
2147464595
2147481741
2147483585
2147475357
2147483585
2147483280
2147482353
2147483603
2147483585
2147482817
2147483468
2147482353
2147483585
2147468349
2147477521
2147482817
2147483585
2147483585
2147483585
2147480914
2147483585
2147483142
2147483585
2147483603
2147478090
2147482817
2147483585
2147483385
2147483585
2147450635
2147476212
2147453622
2147483585
2147483603
2147480914
2147482665
2147483385
2147431781
2147482817
2147483468
2147480914
2147476597
2147483585
2147483603
2147483585
2147483280
2147480914
2147483603
2147483585
2147483603
2147483585
2147483585
2147480914
2147483585
2147480914
2147483585
2147483585
2147480914
2147483585
2147483585
2147483585
2147483385
2147483585
2147483585
2147483603
2147483585
2147456294
2147483585
2147480914
2147483585
2147483280
2147483603
2147483585
2147482421
2147432016
2147483585
2147483603
2147483585
2147483585
2147480914
2147483585
2147483603
2147482353
2147483271
2147482353
2147483573
2147468085
2147482665
2147483271
2147483585
2147483142
2147483585
2147482421
2147483385
2147483603
2147483585
2147481926
2145476477
2147476200
2147480404
2147483385
2147483603
2147476200
2147483468
2147483585
2147479418
2147456166
2147483585
2147483385
2147483585
2147483585
2147483585
2147483385
2147483585
2147483585
2147483603
2147483585
2147480404
2147483585
2147483603
2147482353
2147457219
2147483585
2147483585
2147483280
2147479681
2147483385
2147483271
2147483385
2147471570
2147476224
2147483271
2147483585
2147483585
2147450811
2147483585
2147483585
2147483271
2147483468
2147483585
2146891428
2147482817
2147482353
2147483585
2147483603
2147480914
2147483573
2147483603
2147480914
2147483385
2147483585
2147483585
2147479559
2147475357
2147480914
2147482817
2147483603
2147483280
2147467130
2147483585
2147483280
2147482817
2147483468
2147483280
2147483585
2147483603
2147479922
2147483585
2147483585
2147483288
2147483449
2147483603
2147483585
2147471484
2147483585
2147483468
2147483603
2147463889
2147483585
2147483585
2147483585
2147483468
2147483385
2147483585
2147031560
2147482817
2147477712
2147467130
2147483385
2147480404
2147482817
2147483585
2147483603
2147477188
2147483603
2147483585
2147483573
2147483585
2147482817
2147483585
2147483603
2147483603
2147443934
2147483585
2147470899
2147479418
2147483603
2147483585
2147483585
2147483468
2147483585
2147482353
2147483385
2147483585
2147483585
2147483288
2147483603
2147476212
2147483585
2147483142
2147483603
2147482353
2147483585
2147483585
2147483449
2147479559
2147483585
2147482353
2147483603
2147482817
2147483603
2147483585
2147483142
2147483603
2147483585
2147483449
2147483585
2147483280
2147356318
2147483585
2147483603
2147466123
2147483585
2147482817
2147476200
2147468349
2147483585
2147476200
2147483585
2147483468
2147483271
2147391223
2147483585
2147483271
2147483280
2147483603
2147482353
2147480914
2147483573
2147480914
2147483288
2147478090
2147479922
2147483585
2147483585
2147482817
2147483603
2147483280
2147482353
2147483603
2147483585
2147483585
2147483585
2147483271
2147483515
2147482817
2147483603
2147483585
2147483385
2147483585
2147483468
2147482353
2147483585
2147483585
2147483280
2147483585
2147482207
2147480914
2147483585
2147482353
2147481741
2147483573
2147483585
2147483585
2147457993
2147265551
2147482817
2147483585
2147483585
2147482353
2147471484
2147483585
2147483468
2147483585
2147482783
2147483585
2147483585
2147483585
2147483585
2147483585
2147483585
2147483603
2147483585
2147483585
2147483585
2147483585
2147482207
2147483585
2147483585
2147483585
2147483603
2147483585
2147483603
2147482353
2147483585
2147483585
2147483603
2147483585
2147483280
2147483585
2147483585
2147483585
2147476224
2147477682
2147483585
2147481741
2147483585
2147483515
2147483385
2147483280
2147476597
2147482353
2147483280
2147483271
2147483585
2147483449
2147483585
2147483603
2147483271
2147483585
2147483585
2147427134
2147478090
2147483280
2147482353
2147483573
2147480914
2147481998
2147259845
2147483385
2147482353
2147483585
2147483603
2147483585
2147483603
2147483585
2147483142
2147483271
2147482817
2147483585
2147483603
2147483585
2147483585
2147483385
2147483585
2147480914
2147483585
2147483288
2147482817
2147483468
2147483585
2147483280
2147483037
2147483585
2147483585
2147483585
2147483585
2147483385
2147483468
2147483585
2147483585
2147483385
2147478090
2147483585
2147483603
2147483515
2147483585
2147483585
2147483603
2147483385
2147482207
2147483271
2147483585
2147483585
2147483585
2147450811
2147483385
2147483603
2147483585
2147483280
2147483385
2147483585
2147483280
2147483585
2147483271
2147475357
2147483280
2147483603
2147483585
2147483585
2147483585
2147482665
2147482817
2147482353
2147481926
2147483585
2147483585
2147483385
2147483515
2147483585
2147483603
2147483585
2147483585
2147480468
2147483385
2147483585
2147483585
2147483037
2147483585
2147482817
2147483585
2147479559
2147483515
2147479559
2147483603
2147261151
2147479418
2147483585
2147482353
2147483603
2147480914
2147483142
2147483603
2147483585
2147483585
2147483280
2147483585
2147483585
2147483385
2147466123
2147477682
2147471484
2147483585
2147450811
2147483585
2147480404
2147483585
2147483585
2147483585
2147483585
2147477712
2147483585
2147472639
2147468349
2147482665
2147483585
2147483585
2147450635
2147483585
2147483585
2147483585
2147483468
2147483585
2147483585
2147483603
2147483603
2147483603
2147483288
2147467130
2147450811
2147483585
2147483468
2147483585
2147483271
2147483585
2147482817
2147476200
2147483585
2147483585
2147483585
2147483585
2147480914
2147483585
2147483385
2147483603
2147476200
2147483603
2147483585
2147483585
2147483385
2147483385
2147483468
2147481998
2147483585
2147463111
2147483585
2147483288
2147483468
2147483280
2147483585
2147483585
2147483603
2147483385
2147482353
2147478090
2147483585
2147483585
2147483603
2147450811
2147482353
2147483271
2147483120
2147483385
2147483385
2147483468
2147357540
2147483585
2147483603
2147483120
2146734455
2147475414
2147464595
2147483585
2147475414
2147483603
2147483585
2147483142
2147483603
2147464675
2147483288
2147483603
2147482353
2147483585
2147483585
2147483585
2147482353
2147480914
2147468863
2147483585
2147481998
2147483585
2147482817
2147483280
2147483385
2147483585
2147312997
2147483585
2147483585
2147477682
2147421622
2147483603
2147456166
2147483585
2147483585
2147477712
2147483585
2147483603
2147483603
2147483585
2147483585
2147483585
2147483585
2147483385
2147483585
2147483385
2147453622
2147483585
2147483585
2147478237
2147479559
2147483603
2147483585
2147483585
2147483142
2147483271
2147483585
2147482073
2147483603
2147483142
2147412005
2147483385
2147483585
2147483585
2147483385
2147483585
2147483585
2147476200
2147482353
2147483585
2147483603
2147483585
2147483603
2147483585
2147059544
2147482353
2147385351
2147483385
2147483385
2147483585
2147470146
2147483603
2147480404
2147483142
2147482817
2147482817
2147483585
2147483585
2147483120
2147483603
2147476200
2147483585
2147482817
2147483585
2147482817
2147457219
2147483385
2146762812
2147483585
2147472639
2147483603
2147483585
2147483385
2147483142
2147483271
2147453622
2147048423
2147482817
2147483515
2147483603
2147483585
2147483385
2147483271
2147483585
2147483585
2147482783
2147483585
2147483585
2147483280
2147483585
2147482353
2147482353
2147483603
2147483585
2147482817
2147480890
2147483603
2147479681
2147483603
2147476200
2147483585
2147479681
2147483585
2147483288
2147483585
2146875146
2147481998
2147483585
2147481741
2147483585
2147483385
2147483585
2147483585
2147483585
2147483271
2147483288
2147482353
2147482817
2147483585
2147483585
2147483271
2147483585
2147483585
2147480914
2147483468
2147483585
2147483585
2147483585
2147483271
2147483585
2147483385
2147483585
2147483585
2147483385
2147480404
2147482353
2147483585
2147483585
2147480914
2147483449
2147483585
2147483585
2147480499
2147483585
2147483585
2147483585
2147483585
2147483585
2147476597
2147467130
2147483603
2147483585
2147483585
2147483585
2147479418
2147483585
2147483603
2147477712
2147482817
2147482817
2147483573
2147471484
2147483585
2147476200
2147482817
2147483142
2147483385
2147483468
2147480914
2147483385
2147457219
2147483585
2147483585
2147483585
2147428396
2147480914
2147483585
2147483585
2147483603
2147479559
2147475357
2147483585
2147483585
2147483585
2147362819
2147482665
2147482353
2147483585
2147476200
2147450811
2147483585
2147483585
2147483603
2147483603
2147483468
2147481926
2147483468
2147482353
2147483468
2147483271
2147483515
2147483385
2147476200
2147483585
2147480499
2147483385
2147483585
2147483585
2147483385
2147483603
2147482353
2147483585
2147483585
2147483585
2147483585
2147483585
2147483585
2147284176
2147483385
2147483585
2147483585
2147483603
2147482353
2147483585
2147483385
2147482353
2147483585
2147483585
2144132934
2147477521
2147483585
2147483585
2147483585
2147483385
2147483585
2147483585
2147482101
2147483585
2147483603
2147478933
2147471570
2147483585
2147483585
2147483585
2147483585
2147483271
2147451007
2147482817
2147483585
2147483280
2147483585
2147483585
2147483585
2147483585
2147401557
2147483385
2147483603
2147450635
2147483449
2147479681
2147483585
2147480499
2147483585
2147481926
2147467339
2147482421
2147483585
2147483468
2147483585
2147482817
2147483271
2147483585
2147398188
2147483603
2147447200
2147471484
2147483142
2147483585
2147483585
2147483603
2147480914
2147403280
2147476597
2147483603
2147464144
2147479559
2147483585
2147480499
2147483585
2144007999
2147483585
2147075057
2147483585
2147480890
2147483585
2147483385
2147483515
2147476200
2147480024
2147483280
2147478090
2147483142
2147483585
2147483142
2147483385
2147483280
2147481998
2147481741
2147483271
2147483585
2147287501
2147483271
2147483385
2147435261
2147479559
2147483585
2147466488
2147481926
2147483515
2147479559
2147483385
2147483585
2147136896
2147483585
2147483468
2147482207
2147483585
2147483603
2147483585
2147483585
2147483385
2147483603
2147483585
2147480914
2147483142
2147483585
2147483515
2147483585
2147483585
2147483385
2147483585
2147482665
2147483585
2147483385
2147481741
2147483585
2147482817
2147483585
2147450811
2147483585
2147483603
2147483585
2147483585
2147483468
2147483603
2147483585
2147483585
2147483585
2147483385
2147483585
2147476200
2147483603
2147483585
2147483585
2147483585
2147482353
2147470146
2147483603
2147483280
2147483585
2147483585
2147483585
2147483385
2147478090
2147391803
2147480914
2147479756
2147483585
2147476200
2147480468
2147483585
2147483603
2147483603
2147483385
2147461888
2147483585
2147483280
2147480914
2147475357
2147483585
2147483603
2147483385
2147483585
2147483585
2147483603
2147483271
2147483603
2147483585
2147483585
2147483585
2147483603
2147483585
2147468085
2147483585
2147483585
2147483385
2147476212
2147483280
2147483603
2147483585
2147483585
2147483585
2147483585
2147483585
2147483603
2147483288
2147419073
2147483585
2147483280
2147440931
2147483585
2147483585
2147483585
2147483585
2147483585
2147483585
2147483603
2147483585
2147483585
2147483585
2147483603
2147483585
2147463111
2147481741
2147483280
2147483585
2146898099
2147480914
2147483603
2147483468
2147261151
2147483585
2147483585
2147483603
2147483603
2147187679
2147480914
2147483585
2147483585
2147471484
2147483585
2147464987
2147445361
2147483585
2147483585
2147472639
2147483585
2147483603
2147483585
2147479922
2147483037
2147483585
2147480914
2147483585
2147483585
2147483585
2147483585
2147464987
2147483515
2147483585
2147483585
2147483271
2147483585
2147480914
2147483585
2147483585
2147477712
2147483142
2147483585
2147483280
2147483585
2147477521
2147483585
2147483585
2147483585
2147483585
2147483585
2147483585
2147481998
2147483585
2147468349
2147483585
2147483585
2147440931
2147483585
2147483585
2147483515
2147483385
2147483603
2147483603
2147483585
2147482817
2147483288
2147483288
2147483385
2147483280
2147483585
2147479922
2118029734
2147483603
2147483585
2147483585
2147483468
2147483585
2147483585
2147447589
2147483585
2147483585
2147483385
2147483585
2147483603
2147483515
2147483585
2147483585
2147478090
2147478090
2147483585
2147483585
2147483585
2147483585
2147453622
2147480914
2147470146
2147483271
2147483585
2147480914
2147482421
2147482353
2147483385
2147483585
2147483585
2147483585
2147483585
2147453789
2147483271
2147483585
2147482101
2147483585
2147472639
2147482353
2147483585
2147483280
2147483585
2147483585
2145714394
2147483585
2147483585
2147483385
2147483603
2147483603
2147483280
2147483585
2147470899
2147482817
2147483385
2147483585
2147483585
2147480914
2147480499
2147483585
2147483603
2147480914
2147481926
2147480468
2147482421
2147483585
2147453622
2147482353
2147480914
2147457219
2147479681
2147483515
2147483585
2147483603
2147478237
2147483585
2147483585
2147483385
2147475818
2147482783
2147472639
2147453622
2147483585
2147482353
2147480499
2147483585
2147483385
2147483585
2147483515
2147478090
2147483585
2147483585
2147479559
2147483585
2147483585
2147483280
2147483449
2147480914
2147464595
2147483468
2147483271
2147483603
2147480914
2147483385
2147483585
2147483603
2147482353
2147483585
2147478933
2147483603
2147483585
2147483585
2147482817
2147483142
2147271039
2147483585
2147483280
2147004945
2147483585
2147483603
2147483468
2147483585
2147483585
2147464987
2147483142
2147483585
2147483385
2147483385
2147483385
2147483585
2147477521
2147483603
2147483603
2147483288
2147483385
2147453622
2147483585
2147483280
2147482353
2147483585
2147481741
2147483288
2147483585
2147453622
2147483585
2147483585
2147476200
2147483585
2147483515
2147483585
2147449883
2147483142
2147483585
2147483603
2147466123
2147483385
2147483585
2147483280
2147465116
2147483271
2147483585
2147483585
2147483585
2147483585
2147483585
2147483585
2147464595
2147483603
2147483603
2147482353
2147479418
2147483385
2147483585
2147483603
2147340999
2147483585
2147483280
2147483585
2147483142
2147483585
2147480914
2147483585
2147483603
2147483385
2147483573
2147477682
2147478237
2147483585
2147483603
2147483603
2147476200
2147483142
2147478090
2147483585
2147483585
2147482353
2147483468
2147483585
2147239542
2147483449
2147467130
2147480890
2147482073
2147483585
2147483585
2147483603
2147483585
2147481741
2147483603
2147482817
2147483585
2147468863
2147481741
2147482353
2147483585
2147483280
2147483585
2147483288
2147480499
2147483585
2147483585
2147483585
2147483585
2147483142
2147479559
2147483585
2147483585
2147483603
2147477682
2147483585
2147483585
2147483280
2147477682
2147483603
2147483585
2147481741
2147483585
2147483468
2147483385
2147315335
2147309313
2147483585
2147483585
2147483385
2147483271
2147464675
2147483585
2147483515
2147483585
2147483585
2147472639
2147481926
2147482817
2147482353
2147482353
2147482073
2147483385
2147483585
2147483585
2147483468
2147483385
2147482817
2147483603
2147482817
2147483142
2147471570
2147483385
2147483603
2147483585
2147483585
2147483585
2146543310
2147481998
2147483515
2147483585
2147483585
2147483142
2147483280
2147483385
2147483585
2147483120
2147483585
2147483468
2147483585
2147482665
2147483603
2147483585
2147483385
2147204178
2147483585
2147483585
2147483385
2147431781
2147483585
2147483585
2147483585
2147483585
2147476212
2147483585
2147483585
2147483573
2147483515
2147483585
2147382259
2147483585
2147483585
2147482817
2147315335
2147483515
2147481926
2147483585
2147483603
2147475818
2147483385
2147483585
2147307225
2147480404
2147479559
2147483280
2147483385
2147480914
2147483573
2147483585
2147483585
2147483585
2147483585
2147483585
2147470146
2147483585
2147483142
2147483585
2147483603
2147483585
2147445692
2147483585
2147483585
2147480914
2147483585
2147483585
2147483468
2147483585
2147004945
2147456166
2147479559
2147469892
2147483585
2147483449
2147483585
2147478237
2147483385
2147483271
2147483385
2147483603
2147483585
2147483603
2147483585
2147470146
2147483468
2147476200
2115903290
2147483288
2147483271
2147483585
2147483142
2147483603
2147483142
2147483585
2147483603
2147137562
2147483585
2147481998
2147483603
2147483603
2147483585
2147483280
2147478933
2147483468
2147479756
2147464595
2147483585
2147483288
2147483585
2147480914
2147483142
2147483585
2147483585
2147482665
2147483603
2147483585
2147483585
2147483142
2147432016
2147483585
2146415020
2147483385
2147483585
2147483585
2147483585
2147483585
2147483603
2147468085
2147480914
2147483385
2147483385
2147480914
2147480914
2147483585
2147483385
2147483449
2147483585
2147482353
2147482665
2147480914
2147483585
2147480024
2147482817
2147483603
2147483585
2147483603
2147483585
2147483468
2147480914
2147483603
2147483288
2147483603
2147483468
2147483573
2147482817
2147483585
2147482353
2147483603
2147483603
2147483585
2147483585
2147483280
2147483385
2147483585
2147483603
2147482353
2147483585
2147482817
2147483271
2147481741
2147483142
2147483280
2147483142
2147483585
2147483585
2147483585
2147483585
2147483603
2147483142
2147483271
2147478933
2147483385
2147483603
2147483603
2147483585
2147483585
2147483585
2147480914
2147483603
2147463889
2147483585
2147483603
2147483585
2147483585
2147459681
2147483603
2147483585
2147483585
2147482783
2147479559
2147483585
2147483585
2147480914
2147483142
2147459681
2147483585
2147483288
2147483585
2147483288
2147483585
2147483585
2147483585
2147483585
2147483585
2147482665
2147483585
2147483585
2147480468
2147483385
2147483585
2147483585
2147483585
2147483603
2147483603
2147483585
2147483585
2147481998
2147483585
2147459838
2147482353
2147483280
2147482817
2147483585
2147483585
2147483280
2147482353
2147482353
2147235526
2147483603
2147480914
2147483585
2147483142
2147483142
2147483585
2147483468
2146898099
2147480914
2147483603
2147483585
2147480914
2147479559
2147422488
2147483271
2147483585
2147483585
2147483585
2147480914
2147480404
2147482817
2147483515
2147482817
2147483585
2147483585
2147483449
2147483449
2147480914
2147483585
2147483271
2147442236
2147483585
2147481741
2147471570
2147483585
2147447200
2147482353
2147483603
2147483585
2147483585
2147482817
2147483585
2147456294
2147483271
2147483585
2147483585
2147327960
2147451629
2144135843
2147483585
2147483585
2147483280
2147483585
2147483142
2147482421
2147483585
2147422488
2147483585
2147471484
2147483585
2147482421
2147483449
2147483603
2147483585
2147483585
2147483385
2147480404
2147483385
2147483385
2147483585
2147483468
2147483585
2147483271
2147483585
2147337482
2147483585
2147483585
2147483585
2147480914
2147483603
2147480404
2147483385
2147483271
2147483585
2147476597
2147481926
2146366496
2147483142
2147248109
2147483585
2147483280
2147483280
2147483385
2147483603
2147483585
2147483585
2147483385
2147477521
2147480914
2147483603
2147483603
2147483280
2147483585
2147483585
2147480914
2147483585
2147483468
2147482817
2147483385
2147482665
2147483585
2147483585
2147483585
2147483280
2147479418
2147483037
2147443047
2147483585
2147468349
2147475357
2147483603
2147483585
2147471484
2147483585
2147482353
2147483468
2147483385
2147483280
2147482817
2147483468
2147483585
2147483585
2147483515
2147471484
2147483585
2147483585
2147483603
2147483585
2147483585
2147483585
2147483585
2147483585
2147483271
2147483585
2147483585
2147480914
2147483585
2147482665
2147483585
2147483585
2147483585
2147483385
2147477712
2147480914
2147483585
2147483585
2147467130
2147483585
2147476200
2147483585
2147450811
2147483280
2147478090
2147483385
2147480914
2147483585
2147483603
2147479756
2147483585
2147483585
2147362819
2147475357
2147479559
2147483585
2147483385
2147483585
2147483271
2147483585
2147483585
2147483603
2147483585
2147483585
2147483585
2147483585
2147479922
2147479559
2147480914
2147479559
2147477089
2143608094
2147483603
2147476200
2147483468
2147481741
2147483515
2147483385
2147464987
2147483585
2147483603
2147483585
2147483603
2147482817
2147482665
2147483585
2147483603
2147483142
2147480404
2147483585
2147483585
2147483585
2147483585
2147483585
2147483385
2147482353
2147483142
2147480914
2146466733
2147483585
2147481741
2147483385
2147483585
2147481741
2147480914
2147483585
2146996512
2147483585
2147483585
2147476200
2147483585
2147483585
2147483585
2147479418
2147483603
2147483603
2147483603
2147483603
2147483573
2147483585
2147483288
2147483288
2147408079
2147483585
2147483385
2147453622
2147483585
2147483468
2147480914
2147483603
2147451007
2147483385
2147483585
2147483603
2147482353
2147482783
2147483585
2147483468
2147483603
2147483585
2147483585
2147483573
2147482817
2147480914
2147480914
2147483585
2147483585
2147483280
2147483585
2147483468
2147483603
2147419073
2147478090
2147483385
2147482665
2147482817
2147483385
2147483603
2147483385
2147483120
2147483585
2147480914
2147483585
2147483280
2147483585
2147471484
2147483280
2147468349
2147483585
2147481926
2147483603
2147483271
2147483585
2147482817
2147467130
2147382259
2147483385
2147478090
2147482353
2147481741
2147483603
2147483585
2147483385
2147483280
2147483585
2147483585
2147483468
2147483515
2147481998
2147483515
2147482353
2147156331
2147483603
2147470146
2147480914
2147483585
2147483603
2147059544
2147483585
2147483585
2147483468
2147483385
2147483585
2147478933
2147477089
2147483585
2147479072
2147483603
2147483585
2147483585
2147483585
2137610186
2147412005
2147483142
2147483585
2147483585
2147482353
2147483585
2147483585
2147483585
2147483468
2147483385
2147483603
2147483585
2147482817
2147483603
2147483271
2147483585
2147483142
2147483585
2147483385
2147483603
2147483585
2147483385
2147480499
2147483603
2147483585
2147482353
2147483585
2147483585
2147483585
2147483585
2147483385
2147483585
2147457993
2147483585
2147483585
2147483585
2147483585
2147483585
2147483585
2147483585
2147483585
2147483271
2147483585
2147456166
2147479559
2147483603
2147483468
2147483385
2147482817
2147440931
2147483468
2147483585
2147483468
2147482783
2147483585
2147482817
2147483585
2147483515
2147481926
2147483585
2147479756
2147477521
2147483142
2147483603
2147482353
2147483585
2147419073
2147471570
2147483288
2147483585
2147483603
2145792317
2147483385
2147483585
2147467339
2147482817
2147483585
2147483585
2147483385
2147483585
2147483449
2147483585
2147483280
2147483603
2147483585
2147483585
2147483585
2147483280
2147483585
2147482817
2147480914
2147483585
2147482353
2147483585
2147483585
2147482665
2147483585
2147483585
2147482817
2147483585
2147483142
2147483603
2147482817
2147483385
2147483585
2147480468
2147483515
2147483585
2147483585
2147365422
2147483585
2147483585
2147483585
2147483585
2147483585
2147483271
2147483142
2147459838
2147468349
2147483271
2147483585
2147412005
2147483585
2147482207
2147481998
2147480914
2147482817
2147483585
2147483385
2147483468
2147483515
2147483585
2147483603
2147480914
2147483142
2147483142
2147440931
2147483385
2147483120
2147480914
2147483468
2147480404
2147483271
2147483585
2147480499
2147482073
2147483585
2147482353
2147480914
2147483603
2147483385
2147480914
2147476200
2147483585
2147483603
2147475357
2147483585
2147483385
2147483385
2147483280
2147480914
2147483603
2147483280
2147483585
2147483142
2145893226
2147483585
2147483515
2147483385
2147483288
2147483603
2147483385
2147483585
2147307225
2147483280
2147483603
2147421622
2147483585
2147483585
2146701828
2147483142
2147483142
2147317190
2147483142
2147483271
2147483585
2147483585
2147480914
2147483585
2147483603
2147483515
2147483585
2147483585
2147483585
2147483585
2147483288
2147483585
2147483280
2147483385
2147483585
2147483585
2147483603
2147483585
2147483585
2147483585
2147483271
2147483585
2147483271
2147477712
2147483585
2147467130
2147483585
2147483585
2147483585
2147482817
2147483585
2147483585
2147483585
2147483585
2147447200
2147483585
2147235110
2147478237
2147483585
2147464162
2146415020
2147483585
2147483120
2147450635
2147483142
2147483585
2147480404
2147483603
2147483142
2147467339
2147483585
2147483280
2147483603
2147483288
2147483271
2147483142
2147476200
2147457675
2147479681
2147483603
2147480914
2147482817
2147483585
2147468085
2147483385
2147483573
2147483585
2147472639
2147483585
2147480914
2147483271
2147483585
2147483603
2147447200
2147483585
2147483585
2147428396
2147483585
2147480914
2147480914
2147483585
2147477521
2147482817
2147483271
2147483603
2147483585
2147483120
2147483585
2147477521
2147483603
2147483603
2147334638
2147483585
2147482353
2147482353
2147483603
2147483385
2147483585
2147483585
2147483585
2147482783
2147450635
2147483385
2147483385
2147476597
2147483585
2147483515
2147483585
2147479756
2147483603
2147482353
2147476200
2147483271
2147483585
2147450811
2147480404
2147483288
2147483585
2147483603
2147483603
2147483573
2147483585
2147483280
2147483585
2147483515
2147483280
2147483603
2147475357
2147166424
2147483585
2147468349
2147483585
2147483280
2147483585
2147483585
2147483603
2147483288
2147483603
2147483585
2147483468
2147365422
2147483585
2147483585
2147481998
2147482353
2147483585
2147480914
2147483603
2147483142
2147483585
2147480404
2147483585
2147350812
2147476597
2147483468
2147483385
2147450811
2147483603
2147483603
2147483585
2147483603
2147483585
2147483449
2147483385
2147483585
2147477682
2147483120
2147482817
2147483603
2147483585
2147483585
2147477682
2147483585
2147483585
2147483585
2147483385
2147483288
2147483603
2147483280
2147483585
2147455930
2147483603
2147483585
2147483585
2147483585
2147201300
2147483585
2147483585
2147483280
2147482353
2147483120
2147483585
2147483037
2147483603
2147479559
2147483585
2147483385
2147483037
2147480404
2147483603
2147482817
2147483585
2147344650
2147483468
2147477682
2147483468
2147483603
2147235526
2147483280
2147483585
2147483585
2147483585
2147483280
2147483603
2147482817
2147481741
2147482353
2147483585
2147482817
2147483585
2147470146
2147483585
2147483585
2147483271
2147483603
2147480914
2147481741
2147483585
2147483271
2147483280
2147483585
2147483585
2146930181
2147483515
2147483280
2147483385
2147483585
2147479559
2147479418
2147482665
2147479559
2147483585
2147483280
2147483385
2147483280
2147483585
2147431572
2147482817
2147483603
2147483585
2147482207
2147483585
2147483585
2147483585
2147480914
2147477682
2147482353
2147483468
2147467130
2147483271
2147483585
2147478237
2147480499
2147483585
2147483585
2065113484
2147483603
2147483142
2147483585
2147478090
2147483585
2147483385
2147480914
2147480914
2147483603
2147483603
2147482817
2147483585
2147483585
2147483585
2147483585
2147483385
2147483585
2147451007
2147483385
2147483385
2147447200
2147483585
2147483585
2147483585
2147478237
2147482101
2147483385
2147483280
2147483585
2147482353
2147472639
2147483515
2147483585
2147483585
2147483385
2147483603
2147482353
2147483585
2147483585
2147483603
2147483585
2147483468
2147483142
2147483585
2147483585
2147483585
2147483603
2147481741
2147483585
2147483585
2147483585
2147483603
2147483585
2147477712
2147483449
2147480404
2147483385
2147483585
2147483585
2147456166
2147483585
2147421622
2147482817
2147483585
2147344650
2147483585
2147483585
2147483585
2147476200
2147483585
2147480404
2147483585
2147483585
2147483585
2147483585
2147483585
2147483120
2147478237
2147483603
2147483603
2147483585
2147483385
2147480890
2147482817
2147483142
2147483585
2147483385
2147483585
2147483585
2147483385
2147483585
2147482783
2147483385
2147483585
2147483585
2147480468
2147483142
2147340135
2147483585
2147483449
2147483585
2147483603
2147483585
2147482353
2147483585
2147483585
2147476597
2147479418
2147456166
2147479559
2147483468
2147483585
2147471484
2147483585
2147483585
2147480914
2147483585
2147483585
2147483585
2147483385
2147483585
2147483385
2147480914
2147482783
2147483603
2147480914
2147483603
2147482817
2147483120
2147483385
2147483585
2147483585
2147483585
2147483385
2147480914
2147483585
2147483603
2147483603
2147483585
2147483603
2147483585
2147483585
2147482353
2147483603
2147483288
2147483280
2147483585
2147483585
2147483585
2147483271
2147482353
2147483585
2147483585
2147464144
2147483385
2147483585
2147483603
2147437923
2147482817
2147483468
2147480468
2147483585
2147483603
2147483585
2147483585
2147483468
2147475818
2147483449
2147483585
2147483585
2147477521
2147483585
2147483585
2147483585
2147483603
2143261699
2147483585
2147483585
2147483280
2147483585
2147483271
2147482353
2147483585
2147483385
2147483142
2147483585
2147480468
2147483280
2147477682
2147483271
2147483585
2147181000
2147450635
2147483468
2147483585
2147483468
2147481741
2147483271
2147483603
2147478090
2147483585
2147483585
2147480914
2147483585
2147483603
2147483385
2147483585
2147483603
2147483468
2147422488
2147483585
2147483585
2147479681
2147483385
2147483585
2147483280
2147468085
2147483603
2147483585
2147483288
2147483585
2147483585
2147483449
2147483120
2147483385
2147482665
2147457219
2147480914
2147483585
2147483585
2147483603
2147483585
2147483603
2147483288
2147483585
2147483585
2147483585
2147483585
2147483603
2147483468
2147482353
2147483142
2147482817
2147483385
2147480914
2147483585
2147483385
2147483603
2147483603
2147483585
2147483585
2147483585
2147483585
2147483385
2147476200
2147483271
2147476200
2147483585
2147483385
2147483288
2147483603
2147483271
2147467130
2147483585
2147483603
2147483585
2147483585
2147483585
2147472639
2147483603
2147483603
2147483573
2147483603
2147482817
2147483603
2147483468
2147481741
2147483603
2147483585
2147479559
2147483585
2147483585
2147482421
2147483515
2147483385
2147483585
2147483385
2147482353
2147483603
2147482353
2147483603
2146477211
2147483585
2147477521
2147483603
2147419159
2147483585
2147483603
2147483585
2147483385
2147483585
2147483585
2147480914
2147357540
2147483573
2147482817
2147483585
2147483585
2147483585
2147445361
2147483280
2147483585
2147467339
2147483585
2147483585
2147483449
2147482101
2147483585
2147483385
2147483271
2147483603
2147483585
2147440931
2147483585
2147483585
2147483603
2147449883
2147482421
2147483585
2147483385
2147480024
2147483280
2147483585
2147471570
2147483288
2147483603
2147483585
2147483585
2147483585
2147483603
2147483585
2147482817
2147483585
2147483585
2147483585
2147483585
2147463111
2147479922
2147483603
2147481926
2147480914
2147483142
2147483585
2147483585
2147483280
2147483585
2147483585
2147483585
2147482207
2131799662
2147483585
2147483585
2147483585
2147483573
2147483585
2147483515
2147482817
2147483603
2147483585
2147483585
2147482353
2147483585
2147477521
2147483603
2147483385
2147483603
2147483385
2147414869
2147472639
2147483585
2147483585
2147480914
2147483585
2147483585
2147450811
2147459681
2147480499
2147483385
2147483585
2147483585
2146052524
2147479681
2147483603
2147464987
2147483280
2147483603
2147483585
2147483585
2147482817
2147480914
2147476597
2147483271
2147483585
2147479559
2147481998
2147483585
2147483585
2147480499
2147483585
2147483585
2147483385
2147482073
2147483585
2147479681
2147483603
2147482353
2147483585
2147483603
2147483585
2147483385
2147483468
2147483603
2147479681
2147483585
2147480499
2147483271
2147483585
2147483271
2147483271
2147483585
2147483468
2147483585
2147483385
2147483288
2147483585
2147483603
2147483585
2147483603
2147468085
2147476200
2147483120
2147464595
2147483585
2147483585
2147483585
2145009985
2147483385
2147483573
2147482421
2147483585
2147476224
2147483603
2147483468
2147483585
2147483585
2147483468
2147476200
2147482353
2147483120
2147483585
2147483585
2147483585
2147483603
2147483385
2147480914
2147483585
2147483585
2147483515
2147483585
2147483468
2147483585
2147483271
2147483585
2147467130
2147482817
2147483585
2147483585
2147483585
2147483585
2147483585
2147483280
2147483603
2147482353
2147480914
2147360424
2147483468
2147483585
2147480404
2147483515
2147480914
2147476200
2147483603
2147483271
2147483585
1755526150
2147483585
2147443047
2147468863
2147480499
2147483385
2147483585
2147483280
2147483385
2147483585
2147483271
2147483515
2147483585
2147483288
2147479559
2147483515
2147327960
2147481741
2147483585
2147483385
2147481741
2147483585
2147483585
2147483585
2147483585
2147478696
2147483385
2147483585
2136543895
2147483585
2147307854
2147483585
2147483585
2147483385
2147483585
2147483288
2147483585
2147481998
2147480914
2147483585
2147483603
2147483603
2147483515
2147476200
2147483585
2147483585
2147483585
2147482101
2147483385
2147483585
2147420606
2147482073
2147483585
2147471484
2147483585
2147483585
2147476200
2147483585
2147481998
2147483585
2147482665
2147483288
2147483585
2147483585
2147483585
2147193287
2147482353
2147483585
2147483585
2147483585
2147481741
2147483603
2147483585
2147483603
2147483585
2147483271
2147155802
2147483585
2147483280
2147483142
2147483271
2147446536
2147483585
2147483585
2147483585
2147483585
2147477089
2147483603
2147483585
2147483603
2147312997
2147483142
2147477682
2147483468
2147468085
2147483603
2147479418
2147457993
2147483585
2147483585
2147483468
2147480914
2147483585
2147482353
2147480914
2147483585
2147480914
2147483585
2147483585
2147483585
2147483449
2147483468
2147483603
2147483585
2147483142
2147483585
2147479756
2147483585
2147483585
2147482353
2147483585
2147483385
2147483585
2147468349
2147483585
2147483585
2147483585
2147483585
2147483603
2147483385
2147483585
2147461888
2147483385
2147483585
2147483585
2147482817
2147476200
2147432016
2147482817
2147483585
2147483585
2147478090
2147483585
2147483385
2147483585
2147483585
2147483585
2147482353
2147400627
2147479418
2147483585
2147483585
2147483603
2147483585
2147483585
2147483585
2147483385
2147476200
2147483585
2147483585
2147483585
2147483585
2147480914
2147483385
2147482817
2147483585
2147483603
2147483585
2147483288
2147483585
2146733276
2147483585
2147483288
2147483585
2147483603
2147483585
2147482353
2147483585
2147483142
2147483585
2147483120
2147483585
2147481741
2147476200
2147477521
2147477089
2147483603
2147480914
2147479559
2147483603
2147483585
2147483280
2147483385
2147483603
2147483585
2147483280
2147483603
2147483585
2147483585
2147467130
2147480468
2147483603
2147483585
2147483585
2147483280
2147483603
2147483280
2147483573
2147483271
2147455930
2147483585
2147483515
2147483585
2147482817
2147483585
2147483603
2147399309
