48025
101749
59604
6114
73869
89717
104829
21570
118694
56785
47132
37390
57214
67382
68715
106546
39782
81231
72521
56261
33335
66622
63220
13572
114778
30351
67356
81567
57122
53574
95996
11806
15648
64165
56232
89454
71735
48254
49091
55725
97337
84481
85768
22961
54904
67789
45504
34846
67105
41734
97095
26589
41142
63154
115306
74600
106200
25234
100251
130196
92591
73207
77816
75709
111619
95832
37366
105723
37182
126736
52443
73562
71077
21687
36497
106480
27812
49981
45421
86958
81980
31280
66299
35871
38197
38404
76903
66261
56367
117011
74330
96857
60227
109301
81821
52445
7081
86306
42666
61487
