72744
58028
61424
83410
99814
76951
27978
108834
18185
102747
37341
91263
54984
37701
60879
110628
28525
30565
21053
48818
47898
91988
88716
113871
74052
94460
92043
55824
57934
37363
51236
47053
38670
82360
72332
50904
54360
62923
71931
48139
39816
68666
66636
45678
82356
74372
67247
89513
36672
103093
78441
67709
106669
55996
114576
35525
85238
50148
58304
16412
50795
55775
106513
56762
39429
98636
54764
70468
82875
60452
55376
103192
30757
79114
51595
85438
68428
110711
89981
76352
27437
76335
97962
69937
46054
72929
91519
51511
49891
42007
70319
64775
31300
108197
63537
71297
50886
80865
81196
63998
