9260601
5443134
8094896
11214968
4645724
9682416
1694145
6408839
6445239
3701304
4243726
10272907
6164731
8330814
8492424
11375043
6433537
7019367
4591878
8488317
7067058
6055960
4522547
3793505
8851149
1123968
7109311
3143351
7380118
7642198
8647502
1187654
6077808
7837348
5412707
7693053
7345250
6099009
1834158
4698469
7765671
4518066
2279361
3116684
4291504
6275979
10393203
2256808
13031996
4112734
10735457
7427973
3442190
5879589
2383111
5325982
9730701
12237924
3917948
4972270
8375881
5818603
8334381
10759089
6118254
5405446
4934927
9590904
436144
3587452
5774013
8545401
10620315
9226381
1793457
5039377
5242604
6747242
2927593
9968731
6456435
6076506
4697226
10731366
6981027
9180381
9356833
6499934
3171519
4659563
3838194
4489558
2595167
11636266
2805482
5083395
1970725
7140733
8995948
7027731
