741111475
578490452
403041394
662215609
898372936
449025980
653381556
697461947
683751571
738621495
596610697
812550473
427706345
566306530
445401947
325885819
576227932
754008695
869964770
356477222
563279340
414135996
765858154
873608741
537809472
900182478
530427362
346043048
561201695
964399690
1033393542
149661573
826509718
1073330218
708486093
322575418
656581264
933987893
267583740
396813372
437125374
195140957
231423481
1088761770
382339542
573667897
759664847
701464208
818909386
289494313
716615940
231807481
68839098
1035769065
216712441
596300008
761260348
113207263
382412025
649730005
461325472
581349185
608858788
847274640
806851411
861487521
81745135
850388707
200345402
428391414
854337821
634544041
721157891
947581592
777463396
499289959
544134295
1188471165
627639082
746058881
810322676
1000894482
175442660
424526607
268830244
618079782
491778066
609224748
324687931
573923697
728421877
292975377
713249071
133419215
340316939
156107131
240600407
837714988
334639632
578509129
