287489795
1206890065
272848715
266001755
619872395
636753064
246819525
91928625
881101212
1223173961
349371918
794985261
739859088
351116151
253979933
173907023
840658842
201587881
816008800
310538473
563229505
296319716
521559756
643775679
994063804
147503523
351420545
818188562
1049342183
1020361619
486057748
651990606
643201468
553920129
746240857
350746943
771425149
741837897
655922145
639209110
495425751
699051841
353299837
146117878
538195534
622972248
1065421802
146076416
660462906
600707061
745461124
517648438
496259405
463390497
1068752465
1022978254
730446002
761888453
673889981
677732524
420748660
323529550
30262412
320185926
161804580
635927540
680783871
573459978
271867145
524222878
787311424
748976236
958997248
470540713
255401806
654811233
647743562
584118580
245841805
683242107
500463827
498073711
491114644
247684961
792338240
1056111217
773749080
211725839
546818337
439885580
961614595
1105983774
391064017
886884754
709305555
941400638
958552125
1014271931
1020677382
886849102
