62 abcdefghiz
2 11011100000100010111110010010110011111001001100011010010001

10 1234567890123456789012345678901234567890
16 3A0C92075C0DBF3B8ACBC5F96CE3F0AD2

16 3A0C92075C0DBF3B8ACBC5F96CE3F0AD2
35 333YMHOUE8JPLT7OX6K9FYCQ8A

35 333YMHOUE8JPLT7OX6K9FYCQ8A
23 946B9AA02MI37E3D3MMJ4G7BL2F05

23 946B9AA02MI37E3D3MMJ4G7BL2F05
49 1VbDkSIMJL3JjRgAdlUfcaWj

49 1VbDkSIMJL3JjRgAdlUfcaWj
61 dl9MDSWqwHjDnToKcsWE1S

61 dl9MDSWqwHjDnToKcsWE1S
5 42104444441001414401221302402201233340311104212022133030

5 42104444441001414401221302402201233340311104212022133030
10 1234567890123456789012345678901234567890

62 123456789ABCDEFGHIJKLMNOPQRSTUVWXYZabcdefghijklmnopqrstuvwxyz
10 361097996547231939420324315862125604148156665886431480862914942937732101183106158332978897913678986703118641

10 361097996547231939420324315862125604148156665886431480862914942937732101183106158332978897913678986703118641
62 123456789ABCDEFGHIJKLMNOPQRSTUVWXYZabcdefghijklmnopqrstuvwxyz

2 1010101010100101010100000011111010101010101010101010101010000010010101001010
2 1010101010100101010100000011111010101010101010101010101010000010010101001010

62 abcdefghijklmnopqrstuvwxyzABCDEFGHIJKLMNOPQRSTUVWXYZ1234567890
62 abcdefghijklmnopqrstuvwxyzABCDEFGHIJKLMNOPQRSTUVWXYZ1234567890

2 0
3 0

3 0
4 0

4 0
5 0

5 0
6 0

6 0
7 0

7 0
8 0

8 0
9 0

9 0
10 0

10 0
11 0

11 0
12 0

12 0
13 0

13 0
14 0

14 0
15 0

15 0
16 0

16 0
17 0

17 0
18 0

18 0
30 0

30 0
40 0

40 0
50 0

50 0
59 0

59 0
60 0

60 0
61 0

61 0
62 0

62 0
2 0

2 1
3 1

3 1
4 1

4 1
5 1

5 1
6 1

6 1
7 1

7 1
8 1

8 1
9 1

9 1
10 1

10 1
11 1

11 1
12 1

12 1
13 1

13 1
14 1

14 1
15 1

15 1
16 1

16 1
17 1

17 1
18 1

18 1
30 1

30 1
40 1

40 1
50 1

50 1
59 1

59 1
60 1

60 1
61 1

61 1
62 1

62 1
2 1

2 1000000000000
3 12121201

3 1000000000000
4 2001233301

4 1000000000000
5 13243332331

5 1000000000000
6 40120440401

6 1000000000000
7 104641226121

7 1000000000000
8 147100244041

8 1000000000000
9 216334733161

9 1000000000000
10 282429536481

10 1000000000000
11 356108A259A1

11 1000000000000
12 4282B9391501

12 1000000000000
13 4C8A27BA6011

13 1000000000000
14 5A78C1C38921

14 1000000000000
15 684B13509531

15 1000000000000
16 7600EC618141

16 1000000000000
17 83A97C164E51

17 1000000000000
18 9133CH8EHB61

18 1000000000000
30 1SN5O9KJEJ6

30 1000000000000
40 1ARBIHZP0000

40 1000000000000
50 3LdkaO000000

50 1000000000000
59 85d0Upd2fDBH

59 1000000000000
60 n2S23AuBL5m1

60 1000000000000
61 o1VtFv93P4n1

61 1000000000000
62 p0ZmShLvT3o1

62 1000000000000
2 101011101110010101110010000011101110100000110000011010000001000000000000

