2 9747
3 4873
5 2436
7 1624
11 973
13 811
17 607
19 541
23 442
29 347
31 324
37 270
41 242
43 231
47 211
53 187
59 167
61 161
67 147
71 138
73 134
79 124
83 118
89 110
97 101
101 96
103 94
107 91
109 89
113 86
127 76
131 74
137 71
139 70
149 65
151 64
157 62
163 59
167 58
173 56
179 54
181 53
191 51
193 50
197 49
199 49
211 46
223 43
227 42
229 42
233 41
239 40
241 40
251 38
257 37
263 37
269 36
271 35
277 35
281 34
283 34
293 33
307 31
311 31
313 31
317 30
331 29
337 28
347 28
349 27
353 27
359 27
367 26
373 26
379 25
383 25
389 25
397 24
401 24
409 23
419 23
421 23
431 22
433 22
439 22
443 22
449 21
457 21
461 21
463 21
467 20
479 20
487 20
491 19
499 19
503 19
509 19
521 18
523 18
541 18
547 17
557 17
563 17
569 17
571 17
577 16
587 16
593 16
599 16
601 16
607 16
613 15
617 15
619 15
631 15
641 15
643 15
647 15
653 14
659 14
661 14
673 14
677 14
683 14
691 14
701 13
709 13
719 13
727 13
733 13
739 13
743 13
751 12
757 12
761 12
769 12
773 12
787 12
797 12
809 12
811 12
821 11
823 11
827 11
829 11
839 11
853 11
857 11
859 11
863 11
877 11
881 11
883 11
887 10
907 10
911 10
919 10
929 10
937 10
941 10
947 10
953 10
967 10
971 10
977 9
983 9
991 9
997 9
1009 9
1013 9
1019 9
1021 9
1031 9
1033 9
1039 9
1049 9
1051 9
1061 9
1063 9
1069 9
1087 8
1091 8
1093 8
1097 8
1103 8
1109 8
1117 8
1123 8
1129 8
1151 8
1153 8
1163 8
1171 8
1181 8
1187 8
1193 8
1201 8
1213 8
1217 8
1223 7
1229 7
1231 7
1237 7
1249 7
1259 7
1277 7
1279 7
1283 7
1289 7
1291 7
1297 7
1301 7
1303 7
1307 7
1319 7
1321 7
1327 7
1361 7
1367 7
1373 7
1381 7
1399 6
1409 6
1423 6
1427 6
1429 6
1433 6
1439 6
1447 6
1451 6
1453 6
1459 6
1471 6
1481 6
1483 6
1487 6
1489 6
1493 6
1499 6
1511 6
1523 6
1531 6
1543 6
1549 6
1553 6
1559 6
1567 6
1571 6
1579 6
1583 6
1597 6
1601 6
1607 6
1609 6
1613 6
1619 6
1621 6
1627 5
1637 5
1657 5
1663 5
1667 5
1669 5
1693 5
1697 5
1699 5
1709 5
1721 5
1723 5
1733 5
1741 5
1747 5
1753 5
1759 5
1777 5
1783 5
1787 5
1789 5
1801 5
1811 5
1823 5
1831 5
1847 5
1861 5
1867 5
1871 5
1873 5
1877 5
1879 5
1889 5
1901 5
1907 5
1913 5
1931 5
1933 5
1949 5
1951 4
1973 4
1979 4
1987 4
1993 4
1997 4
1999 4
2003 4
2011 4
2017 4
2027 4
2029 4
2039 4
2053 4
2063 4
2069 4
2081 4
2083 4
2087 4
2089 4
2099 4
2111 4
2113 4
2129 4
2131 4
2137 4
2141 4
2143 4
2153 4
2161 4
2179 4
2203 4
2207 4
2213 4
2221 4
2237 4
2239 4
2243 4
2251 4
2267 4
2269 4
2273 4
2281 4
2287 4
2293 4
2297 4
2309 4
2311 4
2333 4
2339 4
2341 4
2347 4
2351 4
2357 4
2371 4
2377 4
2381 4
2383 4
2389 4
2393 4
2399 4
2411 4
2417 4
2423 4
2437 4
2441 3
2447 3
2459 3
2467 3
2473 3
2477 3
2503 3
2521 3
2531 3
2539 3
2543 3
2549 3
2551 3
2557 3
2579 3
2591 3
2593 3
2609 3
2617 3
2621 3
2633 3
2647 3
2657 3
2659 3
2663 3
2671 3
2677 3
2683 3
2687 3
2689 3
2693 3
2699 3
2707 3
2711 3
2713 3
2719 3
2729 3
2731 3
2741 3
2749 3
2753 3
2767 3
2777 3
2789 3
2791 3
2797 3
2801 3
2803 3
2819 3
2833 3
2837 3
2843 3
2851 3
2857 3
2861 3
2879 3
2887 3
2897 3
2903 3
2909 3
2917 3
2927 3
2939 3
2953 3
2957 3
2963 3
2969 3
2971 3
2999 3
3001 3
3011 3
3019 3
3023 3
3037 3
3041 3
3049 3
3061 3
3067 3
3079 3
3083 3
3089 3
3109 3
3119 3
3121 3
3137 3
3163 3
3167 3
3169 3
3181 3
3187 3
3191 3
3203 3
3209 3
3217 3
3221 3
3229 3
3251 3
3253 2
3257 2
3259 2
3271 2
3299 2
3301 2
3307 2
3313 2
3319 2
3323 2
3329 2
3331 2
3343 2
3347 2
3359 2
3361 2
3371 2
3373 2
3389 2
3391 2
3407 2
3413 2
3433 2
3449 2
3457 2
3461 2
3463 2
3467 2
3469 2
3491 2
3499 2
3511 2
3517 2
3527 2
3529 2
3533 2
3539 2
3541 2
3547 2
3557 2
3559 2
3571 2
3581 2
3583 2
3593 2
3607 2
3613 2
3617 2
3623 2
3631 2
3637 2
3643 2
3659 2
3671 2
3673 2
3677 2
3691 2
3697 2
3701 2
3709 2
3719 2
3727 2
3733 2
3739 2
3761 2
3767 2
3769 2
3779 2
3793 2
3797 2
3803 2
3821 2
3823 2
3833 2
3847 2
3851 2
3853 2
3863 2
3877 2
3881 2
3889 2
3907 2
3911 2
3917 2
3919 2
3923 2
3929 2
3931 2
3943 2
3947 2
3967 2
3989 2
4001 2
4003 2
4007 2
4013 2
4019 2
4021 2
4027 2
4049 2
4051 2
4057 2
4073 2
4079 2
4091 2
4093 2
4099 2
4111 2
4127 2
4129 2
4133 2
4139 2
4153 2
4157 2
4159 2
4177 2
4201 2
4211 2
4217 2
4219 2
4229 2
4231 2
4241 2
4243 2
4253 2
4259 2
4261 2
4271 2
4273 2
4283 2
4289 2
4297 2
4327 2
4337 2
4339 2
4349 2
4357 2
4363 2
4373 2
4391 2
4397 2
4409 2
4421 2
4423 2
4441 2
4447 2
4451 2
4457 2
4463 2
4481 2
4483 2
4493 2
4507 2
4513 2
4517 2
4519 2
4523 2
4547 2
4549 2
4561 2
4567 2
4583 2
4591 2
4597 2
4603 2
4621 2
4637 2
4639 2
4643 2
4649 2
4651 2
4657 2
4663 2
4673 2
4679 2
4691 2
4703 2
4721 2
4723 2
4729 2
4733 2
4751 2
4759 2
4783 2
4787 2
4789 2
4793 2
4799 2
4801 2
4813 2
4817 2
4831 2
4861 2
4871 2
4877 1
4889 1
4903 1
4909 1
4919 1
4931 1
4933 1
4937 1
4943 1
4951 1
4957 1
4967 1
4969 1
4973 1
4987 1
4993 1
4999 1
5003 1
5009 1
5011 1
5021 1
5023 1
5039 1
5051 1
5059 1
5077 1
5081 1
5087 1
5099 1
5101 1
5107 1
5113 1
5119 1
5147 1
5153 1
5167 1
5171 1
5179 1
5189 1
5197 1
5209 1
5227 1
5231 1
5233 1
5237 1
5261 1
5273 1
5279 1
5281 1
5297 1
5303 1
5309 1
5323 1
5333 1
5347 1
5351 1
5381 1
5387 1
5393 1
5399 1
5407 1
5413 1
5417 1
5419 1
5431 1
5437 1
5441 1
5443 1
5449 1
5471 1
5477 1
5479 1
5483 1
5501 1
5503 1
5507 1
5519 1
5521 1
5527 1
5531 1
5557 1
5563 1
5569 1
5573 1
5581 1
5591 1
5623 1
5639 1
5641 1
5647 1
5651 1
5653 1
5657 1
5659 1
5669 1
5683 1
5689 1
5693 1
5701 1
5711 1
5717 1
5737 1
5741 1
5743 1
5749 1
5779 1
5783 1
5791 1
5801 1
5807 1
5813 1
5821 1
5827 1
5839 1
5843 1
5849 1
5851 1
5857 1
5861 1
5867 1
5869 1
5879 1
5881 1
5897 1
5903 1
5923 1
5927 1
5939 1
5953 1
5981 1
5987 1
6007 1
6011 1
6029 1
6037 1
6043 1
6047 1
6053 1
6067 1
6073 1
6079 1
6089 1
6091 1
6101 1
6113 1
6121 1
6131 1
6133 1
6143 1
6151 1
6163 1
6173 1
6197 1
6199 1
6203 1
6211 1
6217 1
6221 1
6229 1
6247 1
6257 1
6263 1
6269 1
6271 1
6277 1
6287 1
6299 1
6301 1
6311 1
6317 1
6323 1
6329 1
6337 1
6343 1
6353 1
6359 1
6361 1
6367 1
6373 1
6379 1
6389 1
6397 1
6421 1
6427 1
6449 1
6451 1
6469 1
6473 1
6481 1
6491 1
6521 1
6529 1
6547 1
6551 1
6553 1
6563 1
6569 1
6571 1
6577 1
6581 1
6599 1
6607 1
6619 1
6637 1
6653 1
6659 1
6661 1
6673 1
6679 1
6689 1
6691 1
6701 1
6703 1
6709 1
6719 1
6733 1
6737 1
6761 1
6763 1
6779 1
6781 1
6791 1
6793 1
6803 1
6823 1
6827 1
6829 1
6833 1
6841 1
6857 1
6863 1
6869 1
6871 1
6883 1
6899 1
6907 1
6911 1
6917 1
6947 1
6949 1
6959 1
6961 1
6967 1
6971 1
6977 1
6983 1
6991 1
6997 1
7001 1
7013 1
7019 1
7027 1
7039 1
7043 1
7057 1
7069 1
7079 1
7103 1
7109 1
7121 1
7127 1
7129 1
7151 1
7159 1
7177 1
7187 1
7193 1
7207 1
7211 1
7213 1
7219 1
7229 1
7237 1
7243 1
7247 1
7253 1
7283 1
7297 1
7307 1
7309 1
7321 1
7331 1
7333 1
7349 1
7351 1
7369 1
7393 1
7411 1
7417 1
7433 1
7451 1
7457 1
7459 1
7477 1
7481 1
7487 1
7489 1
7499 1
7507 1
7517 1
7523 1
7529 1
7537 1
7541 1
7547 1
7549 1
7559 1
7561 1
7573 1
7577 1
7583 1
7589 1
7591 1
7603 1
7607 1
7621 1
7639 1
7643 1
7649 1
7669 1
7673 1
7681 1
7687 1
7691 1
7699 1
7703 1
7717 1
7723 1
7727 1
7741 1
7753 1
7757 1
7759 1
7789 1
7793 1
7817 1
7823 1
7829 1
7841 1
7853 1
7867 1
7873 1
7877 1
7879 1
7883 1
7901 1
7907 1
7919 1
7927 1
7933 1
7937 1
7949 1
7951 1
7963 1
7993 1
8009 1
8011 1
8017 1
8039 1
8053 1
8059 1
8069 1
8081 1
8087 1
8089 1
8093 1
8101 1
8111 1
8117 1
8123 1
8147 1
8161 1
8167 1
8171 1
8179 1
8191 1
8209 1
8219 1
8221 1
8231 1
8233 1
8237 1
8243 1
8263 1
8269 1
8273 1
8287 1
8291 1
8293 1
8297 1
8311 1
8317 1
8329 1
8353 1
8363 1
8369 1
8377 1
8387 1
8389 1
8419 1
8423 1
8429 1
8431 1
8443 1
8447 1
8461 1
8467 1
8501 1
8513 1
8521 1
8527 1
8537 1
8539 1
8543 1
8563 1
8573 1
8581 1
8597 1
8599 1
8609 1
8623 1
8627 1
8629 1
8641 1
8647 1
8663 1
8669 1
8677 1
8681 1
8689 1
8693 1
8699 1
8707 1
8713 1
8719 1
8731 1
8737 1
8741 1
8747 1
8753 1
8761 1
8779 1
8783 1
8803 1
8807 1
8819 1
8821 1
8831 1
8837 1
8839 1
8849 1
8861 1
8863 1
8867 1
8887 1
8893 1
8923 1
8929 1
8933 1
8941 1
8951 1
8963 1
8969 1
8971 1
8999 1
9001 1
9007 1
9011 1
9013 1
9029 1
9041 1
9043 1
9049 1
9059 1
9067 1
9091 1
9103 1
9109 1
9127 1
9133 1
9137 1
9151 1
9157 1
9161 1
9173 1
9181 1
9187 1
9199 1
9203 1
9209 1
9221 1
9227 1
9239 1
9241 1
9257 1
9277 1
9281 1
9283 1
9293 1
9311 1
9319 1
9323 1
9337 1
9341 1
9343 1
9349 1
9371 1
9377 1
9391 1
9397 1
9403 1
9413 1
9419 1
9421 1
9431 1
9433 1
9437 1
9439 1
9461 1
9463 1
9467 1
9473 1
9479 1
9491 1
9497 1
9511 1
9521 1
9533 1
9539 1
9547 1
9551 1
9587 1
9601 1
9613 1
9619 1
9623 1
9629 1
9631 1
9643 1
9649 1
9661 1
9677 1
9679 1
9689 1
9697 1
9719 1
9721 1
9733 1
9739 1
9743 1
9749 1
