2 99982
3 49991
5 24993
7 16661
11 9997
13 8330
17 6247
19 5552
23 4544
29 3569
31 3332
37 2776
41 2498
43 2380
47 2172
53 1921
59 1722
61 1665
67 1514
71 1427
73 1387
79 1281
83 1218
89 1135
97 1040
101 999
103 979
107 942
109 925
113 891
127 793
131 768
137 734
139 724
149 675
151 666
157 640
163 616
167 601
173 580
179 561
181 555
191 525
193 520
197 509
199 504
211 475
223 450
227 441
229 437
233 430
239 419
241 415
251 399
257 390
263 381
269 372
271 369
277 361
281 356
283 354
293 342
307 326
311 322
313 320
317 315
331 302
337 296
347 288
349 286
353 283
359 278
367 272
373 268
379 263
383 261
389 257
397 251
401 249
409 244
419 238
421 237
431 231
433 230
439 227
443 225
449 222
457 218
461 216
463 215
467 214
479 208
487 205
491 203
499 200
503 198
509 196
521 191
523 191
541 184
547 182
557 179
563 177
569 175
571 175
577 173
587 170
593 168
599 166
601 166
607 164
613 163
617 162
619 161
631 158
641 155
643 155
647 154
653 153
659 151
661 151
673 148
677 147
683 146
691 144
701 142
709 141
719 139
727 137
733 136
739 135
743 134
751 133
757 132
761 131
769 130
773 129
787 127
797 125
809 123
811 123
821 121
823 121
827 120
829 120
839 119
853 117
857 116
859 116
863 115
877 114
881 113
883 113
887 112
907 110
911 109
919 108
929 107
937 106
941 106
947 105
953 104
967 103
971 102
977 102
983 101
991 100
997 100
1009 99
1013 98
1019 98
1021 97
1031 96
1033 96
1039 96
1049 95
1051 95
1061 94
1063 94
1069 93
1087 91
1091 91
1093 91
1097 91
1103 90
1109 90
1117 89
1123 89
1129 88
1151 86
1153 86
1163 85
1171 85
1181 84
1187 84
1193 83
1201 83
1213 82
1217 82
1223 81
1229 81
1231 81
1237 80
1249 80
1259 79
1277 78
1279 78
1283 77
1289 77
1291 77
1297 77
1301 76
1303 76
1307 76
1319 75
1321 75
1327 75
1361 73
1367 73
1373 72
1381 72
1399 71
1409 70
1423 70
1427 70
1429 69
1433 69
1439 69
1447 69
1451 68
1453 68
1459 68
1471 67
1481 67
1483 67
1487 67
1489 67
1493 66
1499 66
1511 66
1523 65
1531 65
1543 64
1549 64
1553 64
1559 64
1567 63
1571 63
1579 63
1583 63
1597 62
1601 62
1607 62
1609 62
1613 61
1619 61
1621 61
1627 61
1637 61
1657 60
1663 60
1667 59
1669 59
1693 59
1697 58
1699 58
1709 58
1721 58
1723 58
1733 57
1741 57
1747 57
1753 57
1759 56
1777 56
1783 56
1787 55
1789 55
1801 55
1811 55
1823 54
1831 54
1847 54
1861 53
1867 53
1871 53
1873 53
1877 53
1879 53
1889 52
1901 52
1907 52
1913 52
1931 51
1933 51
1949 51
1951 51
1973 50
1979 50
1987 50
1993 50
1997 50
1999 50
2003 49
2011 49
2017 49
2027 49
2029 49
2039 49
2053 48
2063 48
2069 48
2081 48
2083 48
2087 47
2089 47
2099 47
2111 47
2113 47
2129 46
2131 46
2137 46
2141 46
2143 46
2153 46
2161 46
2179 45
2203 45
2207 45
2213 45
2221 45
2237 44
2239 44
2243 44
2251 44
2267 44
2269 44
2273 43
2281 43
2287 43
2293 43
2297 43
2309 43
2311 43
2333 42
2339 42
2341 42
2347 42
2351 42
2357 42
2371 42
2377 42
2381 41
2383 41
2389 41
2393 41
2399 41
2411 41
2417 41
2423 41
2437 41
2441 40
2447 40
2459 40
2467 40
2473 40
2477 40
2503 39
2521 39
2531 39
2539 39
2543 39
2549 39
2551 39
2557 39
2579 38
2591 38
2593 38
2609 38
2617 38
2621 38
2633 37
2647 37
2657 37
2659 37
2663 37
2671 37
2677 37
2683 37
2687 37
2689 37
2693 37
2699 37
2707 36
2711 36
2713 36
2719 36
2729 36
2731 36
2741 36
2749 36
2753 36
2767 36
2777 36
2789 35
2791 35
2797 35
2801 35
2803 35
2819 35
2833 35
2837 35
2843 35
2851 35
2857 34
2861 34
2879 34
2887 34
2897 34
2903 34
2909 34
2917 34
2927 34
2939 34
2953 33
2957 33
2963 33
2969 33
2971 33
2999 33
3001 33
3011 33
3019 33
3023 33
3037 32
3041 32
3049 32
3061 32
3067 32
3079 32
3083 32
3089 32
3109 32
3119 32
3121 32
3137 31
3163 31
3167 31
3169 31
3181 31
3187 31
3191 31
3203 31
3209 31
3217 31
3221 31
3229 30
3251 30
3253 30
3257 30
3259 30
3271 30
3299 30
3301 30
3307 30
3313 30
3319 30
3323 30
3329 30
3331 30
3343 29
3347 29
3359 29
3361 29
3371 29
3373 29
3389 29
3391 29
3407 29
3413 29
3433 29
3449 28
3457 28
3461 28
3463 28
3467 28
3469 28
3491 28
3499 28
3511 28
3517 28
3527 28
3529 28
3533 28
3539 28
3541 28
3547 28
3557 28
3559 28
3571 28
3581 27
3583 27
3593 27
3607 27
3613 27
3617 27
3623 27
3631 27
3637 27
3643 27
3659 27
3671 27
3673 27
3677 27
3691 27
3697 27
3701 27
3709 26
3719 26
3727 26
3733 26
3739 26
3761 26
3767 26
3769 26
3779 26
3793 26
3797 26
3803 26
3821 26
3823 26
3833 26
3847 25
3851 25
3853 25
3863 25
3877 25
3881 25
3889 25
3907 25
3911 25
3917 25
3919 25
3923 25
3929 25
3931 25
3943 25
3947 25
3967 25
3989 25
4001 24
4003 24
4007 24
4013 24
4019 24
4021 24
4027 24
4049 24
4051 24
4057 24
4073 24
4079 24
4091 24
4093 24
4099 24
4111 24
4127 24
4129 24
4133 24
4139 24
4153 24
4157 24
4159 24
4177 23
4201 23
4211 23
4217 23
4219 23
4229 23
4231 23
4241 23
4243 23
4253 23
4259 23
4261 23
4271 23
4273 23
4283 23
4289 23
4297 23
4327 23
4337 23
4339 23
4349 22
4357 22
4363 22
4373 22
4391 22
4397 22
4409 22
4421 22
4423 22
4441 22
4447 22
4451 22
4457 22
4463 22
4481 22
4483 22
4493 22
4507 22
4513 22
4517 22
4519 22
4523 22
4547 21
4549 21
4561 21
4567 21
4583 21
4591 21
4597 21
4603 21
4621 21
4637 21
4639 21
4643 21
4649 21
4651 21
4657 21
4663 21
4673 21
4679 21
4691 21
4703 21
4721 21
4723 21
4729 21
4733 21
4751 21
4759 21
4783 20
4787 20
4789 20
4793 20
4799 20
4801 20
4813 20
4817 20
4831 20
4861 20
4871 20
4877 20
4889 20
4903 20
4909 20
4919 20
4931 20
4933 20
4937 20
4943 20
4951 20
4957 20
4967 20
4969 20
4973 20
4987 20
4993 20
4999 20
5003 19
5009 19
5011 19
5021 19
5023 19
5039 19
5051 19
5059 19
5077 19
5081 19
5087 19
5099 19
5101 19
5107 19
5113 19
5119 19
5147 19
5153 19
5167 19
5171 19
5179 19
5189 19
5197 19
5209 19
5227 19
5231 19
5233 19
5237 19
5261 19
5273 18
5279 18
5281 18
5297 18
5303 18
5309 18
5323 18
5333 18
5347 18
5351 18
5381 18
5387 18
5393 18
5399 18
5407 18
5413 18
5417 18
5419 18
5431 18
5437 18
5441 18
5443 18
5449 18
5471 18
5477 18
5479 18
5483 18
5501 18
5503 18
5507 18
5519 18
5521 18
5527 18
5531 18
5557 17
5563 17
5569 17
5573 17
5581 17
5591 17
5623 17
5639 17
5641 17
5647 17
5651 17
5653 17
5657 17
5659 17
5669 17
5683 17
5689 17
5693 17
5701 17
5711 17
5717 17
5737 17
5741 17
5743 17
5749 17
5779 17
5783 17
5791 17
5801 17
5807 17
5813 17
5821 17
5827 17
5839 17
5843 17
5849 17
5851 17
5857 17
5861 17
5867 17
5869 17
5879 17
5881 17
5897 16
5903 16
5923 16
5927 16
5939 16
5953 16
5981 16
5987 16
6007 16
6011 16
6029 16
6037 16
6043 16
6047 16
6053 16
6067 16
6073 16
6079 16
6089 16
6091 16
6101 16
6113 16
6121 16
6131 16
6133 16
6143 16
6151 16
6163 16
6173 16
6197 16
6199 16
6203 16
6211 16
6217 16
6221 16
6229 16
6247 16
6257 15
6263 15
6269 15
6271 15
6277 15
6287 15
6299 15
6301 15
6311 15
6317 15
6323 15
6329 15
6337 15
6343 15
6353 15
6359 15
6361 15
6367 15
6373 15
6379 15
6389 15
6397 15
6421 15
6427 15
6449 15
6451 15
6469 15
6473 15
6481 15
6491 15
6521 15
6529 15
6547 15
6551 15
6553 15
6563 15
6569 15
6571 15
6577 15
6581 15
6599 15
6607 15
6619 15
6637 15
6653 15
6659 15
6661 15
6673 14
6679 14
6689 14
6691 14
6701 14
6703 14
6709 14
6719 14
6733 14
6737 14
6761 14
6763 14
6779 14
6781 14
6791 14
6793 14
6803 14
6823 14
6827 14
6829 14
6833 14
6841 14
6857 14
6863 14
6869 14
6871 14
6883 14
6899 14
6907 14
6911 14
6917 14
6947 14
6949 14
6959 14
6961 14
6967 14
6971 14
6977 14
6983 14
6991 14
6997 14
7001 14
7013 14
7019 14
7027 14
7039 14
7043 14
7057 14
7069 14
7079 14
7103 14
7109 14
7121 14
7127 14
7129 14
7151 13
7159 13
7177 13
7187 13
7193 13
7207 13
7211 13
7213 13
7219 13
7229 13
7237 13
7243 13
7247 13
7253 13
7283 13
7297 13
7307 13
7309 13
7321 13
7331 13
7333 13
7349 13
7351 13
7369 13
7393 13
7411 13
7417 13
7433 13
7451 13
7457 13
7459 13
7477 13
7481 13
7487 13
7489 13
7499 13
7507 13
7517 13
7523 13
7529 13
7537 13
7541 13
7547 13
7549 13
7559 13
7561 13
7573 13
7577 13
7583 13
7589 13
7591 13
7603 13
7607 13
7621 13
7639 13
7643 13
7649 13
7669 13
7673 13
7681 13
7687 13
7691 13
7699 12
7703 12
7717 12
7723 12
7727 12
7741 12
7753 12
7757 12
7759 12
7789 12
7793 12
7817 12
7823 12
7829 12
7841 12
7853 12
7867 12
7873 12
7877 12
7879 12
7883 12
7901 12
7907 12
7919 12
7927 12
7933 12
7937 12
7949 12
7951 12
7963 12
7993 12
8009 12
8011 12
8017 12
8039 12
8053 12
8059 12
8069 12
8081 12
8087 12
8089 12
8093 12
8101 12
8111 12
8117 12
8123 12
8147 12
8161 12
8167 12
8171 12
8179 12
8191 12
8209 12
8219 12
8221 12
8231 12
8233 12
8237 12
8243 12
8263 12
8269 12
8273 12
8287 12
8291 12
8293 12
8297 12
8311 12
8317 12
8329 12
8353 11
8363 11
8369 11
8377 11
8387 11
8389 11
8419 11
8423 11
8429 11
8431 11
8443 11
8447 11
8461 11
8467 11
8501 11
8513 11
8521 11
8527 11
8537 11
8539 11
8543 11
8563 11
8573 11
8581 11
8597 11
8599 11
8609 11
8623 11
8627 11
8629 11
8641 11
8647 11
8663 11
8669 11
8677 11
8681 11
8689 11
8693 11
8699 11
8707 11
8713 11
8719 11
8731 11
8737 11
8741 11
8747 11
8753 11
8761 11
8779 11
8783 11
8803 11
8807 11
8819 11
8821 11
8831 11
8837 11
8839 11
8849 11
8861 11
8863 11
8867 11
8887 11
8893 11
8923 11
8929 11
8933 11
8941 11
8951 11
8963 11
8969 11
8971 11
8999 11
9001 11
9007 11
9011 11
9013 11
9029 11
9041 11
9043 11
9049 11
9059 11
9067 11
9091 10
9103 10
9109 10
9127 10
9133 10
9137 10
9151 10
9157 10
9161 10
9173 10
9181 10
9187 10
9199 10
9203 10
9209 10
9221 10
9227 10
9239 10
9241 10
9257 10
9277 10
9281 10
9283 10
9293 10
9311 10
9319 10
9323 10
9337 10
9341 10
9343 10
9349 10
9371 10
9377 10
9391 10
9397 10
9403 10
9413 10
9419 10
9421 10
9431 10
9433 10
9437 10
9439 10
9461 10
9463 10
9467 10
9473 10
9479 10
9491 10
9497 10
9511 10
9521 10
9533 10
9539 10
9547 10
9551 10
9587 10
9601 10
9613 10
9619 10
9623 10
9629 10
9631 10
9643 10
9649 10
9661 10
9677 10
9679 10
9689 10
9697 10
9719 10
9721 10
9733 10
9739 10
9743 10
9749 10
9767 10
9769 10
9781 10
9787 10
9791 10
9803 10
9811 10
9817 10
9829 10
9833 10
9839 10
9851 10
9857 10
9859 10
9871 10
9883 10
9887 10
9901 10
9907 10
9923 10
9929 10
9931 10
9941 10
9949 10
9967 10
9973 10
10007 9
10009 9
10037 9
10039 9
10061 9
10067 9
10069 9
10079 9
10091 9
10093 9
10099 9
10103 9
10111 9
10133 9
10139 9
10141 9
10151 9
10159 9
10163 9
10169 9
10177 9
10181 9
10193 9
10211 9
10223 9
10243 9
10247 9
10253 9
10259 9
10267 9
10271 9
10273 9
10289 9
10301 9
10303 9
10313 9
10321 9
10331 9
10333 9
10337 9
10343 9
10357 9
10369 9
10391 9
10399 9
10427 9
10429 9
10433 9
10453 9
10457 9
10459 9
10463 9
10477 9
10487 9
10499 9
10501 9
10513 9
10529 9
10531 9
10559 9
10567 9
10589 9
10597 9
10601 9
10607 9
10613 9
10627 9
10631 9
10639 9
10651 9
10657 9
10663 9
10667 9
10687 9
10691 9
10709 9
10711 9
10723 9
10729 9
10733 9
10739 9
10753 9
10771 9
10781 9
10789 9
10799 9
10831 9
10837 9
10847 9
10853 9
10859 9
10861 9
10867 9
10883 9
10889 9
10891 9
10903 9
10909 9
10937 9
10939 9
10949 9
10957 9
10973 9
10979 9
10987 9
10993 9
11003 9
11027 9
11047 9
11057 9
11059 9
11069 9
11071 9
11083 9
11087 9
11093 9
11113 8
11117 8
11119 8
11131 8
11149 8
11159 8
11161 8
11171 8
11173 8
11177 8
11197 8
11213 8
11239 8
11243 8
11251 8
11257 8
11261 8
11273 8
11279 8
11287 8
11299 8
11311 8
11317 8
11321 8
11329 8
11351 8
11353 8
11369 8
11383 8
11393 8
11399 8
11411 8
11423 8
11437 8
11443 8
11447 8
11467 8
11471 8
11483 8
11489 8
11491 8
11497 8
11503 8
11519 8
11527 8
11549 8
11551 8
11579 8
11587 8
11593 8
11597 8
11617 8
11621 8
11633 8
11657 8
11677 8
11681 8
11689 8
11699 8
11701 8
11717 8
11719 8
11731 8
11743 8
11777 8
11779 8
11783 8
11789 8
11801 8
11807 8
11813 8
11821 8
11827 8
11831 8
11833 8
11839 8
11863 8
11867 8
11887 8
11897 8
11903 8
11909 8
11923 8
11927 8
11933 8
11939 8
11941 8
11953 8
11959 8
11969 8
11971 8
11981 8
11987 8
12007 8
12011 8
12037 8
12041 8
12043 8
12049 8
12071 8
12073 8
12097 8
12101 8
12107 8
12109 8
12113 8
12119 8
12143 8
12149 8
12157 8
12161 8
12163 8
12197 8
12203 8
12211 8
12227 8
12239 8
12241 8
12251 8
12253 8
12263 8
12269 8
12277 8
12281 8
12289 8
12301 8
12323 8
12329 8
12343 8
12347 8
12373 8
12377 8
12379 8
12391 8
12401 8
12409 8
12413 8
12421 8
12433 8
12437 8
12451 8
12457 8
12473 8
12479 8
12487 8
12491 8
12497 8
12503 7
12511 7
12517 7
12527 7
12539 7
12541 7
12547 7
12553 7
12569 7
12577 7
12583 7
12589 7
12601 7
12611 7
12613 7
12619 7
12637 7
12641 7
12647 7
12653 7
12659 7
12671 7
12689 7
12697 7
12703 7
12713 7
12721 7
12739 7
12743 7
12757 7
12763 7
12781 7
12791 7
12799 7
12809 7
12821 7
12823 7
12829 7
12841 7
12853 7
12889 7
12893 7
12899 7
12907 7
12911 7
12917 7
12919 7
12923 7
12941 7
12953 7
12959 7
12967 7
12973 7
12979 7
12983 7
13001 7
13003 7
13007 7
13009 7
13033 7
13037 7
13043 7
13049 7
13063 7
13093 7
13099 7
13103 7
13109 7
13121 7
13127 7
13147 7
13151 7
13159 7
13163 7
13171 7
13177 7
13183 7
13187 7
13217 7
13219 7
13229 7
13241 7
13249 7
13259 7
13267 7
13291 7
13297 7
13309 7
13313 7
13327 7
13331 7
13337 7
13339 7
13367 7
13381 7
13397 7
13399 7
13411 7
13417 7
13421 7
13441 7
13451 7
13457 7
13463 7
13469 7
13477 7
13487 7
13499 7
13513 7
13523 7
13537 7
13553 7
13567 7
13577 7
13591 7
13597 7
13613 7
13619 7
13627 7
13633 7
13649 7
13669 7
13679 7
13681 7
13687 7
13691 7
13693 7
13697 7
13709 7
13711 7
13721 7
13723 7
13729 7
13751 7
13757 7
13759 7
13763 7
13781 7
13789 7
13799 7
13807 7
13829 7
13831 7
13841 7
13859 7
13873 7
13877 7
13879 7
13883 7
13901 7
13903 7
13907 7
13913 7
13921 7
13931 7
13933 7
13963 7
13967 7
13997 7
13999 7
14009 7
14011 7
14029 7
14033 7
14051 7
14057 7
14071 7
14081 7
14083 7
14087 7
14107 7
14143 7
14149 7
14153 7
14159 7
14173 7
14177 7
14197 7
14207 7
14221 7
14243 7
14249 7
14251 7
14281 7
14293 6
14303 6
14321 6
14323 6
14327 6
14341 6
14347 6
14369 6
14387 6
14389 6
14401 6
14407 6
14411 6
14419 6
14423 6
14431 6
14437 6
14447 6
14449 6
14461 6
14479 6
14489 6
14503 6
14519 6
14533 6
14537 6
14543 6
14549 6
14551 6
14557 6
14561 6
14563 6
14591 6
14593 6
14621 6
14627 6
14629 6
14633 6
14639 6
14653 6
14657 6
14669 6
14683 6
14699 6
14713 6
14717 6
14723 6
14731 6
14737 6
14741 6
14747 6
14753 6
14759 6
14767 6
14771 6
14779 6
14783 6
14797 6
14813 6
14821 6
14827 6
14831 6
14843 6
14851 6
14867 6
14869 6
14879 6
14887 6
14891 6
14897 6
14923 6
14929 6
14939 6
14947 6
14951 6
14957 6
14969 6
14983 6
15013 6
15017 6
15031 6
15053 6
15061 6
15073 6
15077 6
15083 6
15091 6
15101 6
15107 6
15121 6
15131 6
15137 6
15139 6
15149 6
15161 6
15173 6
15187 6
15193 6
15199 6
15217 6
15227 6
15233 6
15241 6
15259 6
15263 6
15269 6
15271 6
15277 6
15287 6
15289 6
15299 6
15307 6
15313 6
15319 6
15329 6
15331 6
15349 6
15359 6
15361 6
15373 6
15377 6
15383 6
15391 6
15401 6
15413 6
15427 6
15439 6
15443 6
15451 6
15461 6
15467 6
15473 6
15493 6
15497 6
15511 6
15527 6
15541 6
15551 6
15559 6
15569 6
15581 6
15583 6
15601 6
15607 6
15619 6
15629 6
15641 6
15643 6
15647 6
15649 6
15661 6
15667 6
15671 6
15679 6
15683 6
15727 6
15731 6
15733 6
15737 6
15739 6
15749 6
15761 6
15767 6
15773 6
15787 6
15791 6
15797 6
15803 6
15809 6
15817 6
15823 6
15859 6
15877 6
15881 6
15887 6
15889 6
15901 6
15907 6
15913 6
15919 6
15923 6
15937 6
15959 6
15971 6
15973 6
15991 6
16001 6
16007 6
16033 6
16057 6
16061 6
16063 6
16067 6
16069 6
16073 6
16087 6
16091 6
16097 6
16103 6
16111 6
16127 6
16139 6
16141 6
16183 6
16187 6
16189 6
16193 6
16217 6
16223 6
16229 6
16231 6
16249 6
16253 6
16267 6
16273 6
16301 6
16319 6
16333 6
16339 6
16349 6
16361 6
16363 6
16369 6
16381 6
16411 6
16417 6
16421 6
16427 6
16433 6
16447 6
16451 6
16453 6
16477 6
16481 6
16487 6
16493 6
16519 6
16529 6
16547 6
16553 6
16561 6
16567 6
16573 6
16603 6
16607 6
16619 6
16631 6
16633 6
16649 6
16651 6
16657 6
16661 6
16673 5
16691 5
16693 5
16699 5
16703 5
16729 5
16741 5
16747 5
16759 5
16763 5
16787 5
16811 5
16823 5
16829 5
16831 5
16843 5
16871 5
16879 5
16883 5
16889 5
16901 5
16903 5
16921 5
16927 5
16931 5
16937 5
16943 5
16963 5
16979 5
16981 5
16987 5
16993 5
17011 5
17021 5
17027 5
17029 5
17033 5
17041 5
17047 5
17053 5
17077 5
17093 5
17099 5
17107 5
17117 5
17123 5
17137 5
17159 5
17167 5
17183 5
17189 5
17191 5
17203 5
17207 5
17209 5
17231 5
17239 5
17257 5
17291 5
17293 5
17299 5
17317 5
17321 5
17327 5
17333 5
17341 5
17351 5
17359 5
17377 5
17383 5
17387 5
17389 5
17393 5
17401 5
17417 5
17419 5
17431 5
17443 5
17449 5
17467 5
17471 5
17477 5
17483 5
17489 5
17491 5
17497 5
17509 5
17519 5
17539 5
17551 5
17569 5
17573 5
17579 5
17581 5
17597 5
17599 5
17609 5
17623 5
17627 5
17657 5
17659 5
17669 5
17681 5
17683 5
17707 5
17713 5
17729 5
17737 5
17747 5
17749 5
17761 5
17783 5
17789 5
17791 5
17807 5
17827 5
17837 5
17839 5
17851 5
17863 5
17881 5
17891 5
17903 5
17909 5
17911 5
17921 5
17923 5
17929 5
17939 5
17957 5
17959 5
17971 5
17977 5
17981 5
17987 5
17989 5
18013 5
18041 5
18043 5
18047 5
18049 5
18059 5
18061 5
18077 5
18089 5
18097 5
18119 5
18121 5
18127 5
18131 5
18133 5
18143 5
18149 5
18169 5
18181 5
18191 5
18199 5
18211 5
18217 5
18223 5
18229 5
18233 5
18251 5
18253 5
18257 5
18269 5
18287 5
18289 5
18301 5
18307 5
18311 5
18313 5
18329 5
18341 5
18353 5
18367 5
18371 5
18379 5
18397 5
18401 5
18413 5
18427 5
18433 5
18439 5
18443 5
18451 5
18457 5
18461 5
18481 5
18493 5
18503 5
18517 5
18521 5
18523 5
18539 5
18541 5
18553 5
18583 5
18587 5
18593 5
18617 5
18637 5
18661 5
18671 5
18679 5
18691 5
18701 5
18713 5
18719 5
18731 5
18743 5
18749 5
18757 5
18773 5
18787 5
18793 5
18797 5
18803 5
18839 5
18859 5
18869 5
18899 5
18911 5
18913 5
18917 5
18919 5
18947 5
18959 5
18973 5
18979 5
19001 5
19009 5
19013 5
19031 5
19037 5
19051 5
19069 5
19073 5
19079 5
19081 5
19087 5
19121 5
19139 5
19141 5
19157 5
19163 5
19181 5
19183 5
19207 5
19211 5
19213 5
19219 5
19231 5
19237 5
19249 5
19259 5
19267 5
19273 5
19289 5
19301 5
19309 5
19319 5
19333 5
19373 5
19379 5
19381 5
19387 5
19391 5
19403 5
19417 5
19421 5
19423 5
19427 5
19429 5
19433 5
19441 5
19447 5
19457 5
19463 5
19469 5
19471 5
19477 5
19483 5
19489 5
19501 5
19507 5
19531 5
19541 5
19543 5
19553 5
19559 5
19571 5
19577 5
19583 5
19597 5
19603 5
19609 5
19661 5
19681 5
19687 5
19697 5
19699 5
19709 5
19717 5
19727 5
19739 5
19751 5
19753 5
19759 5
19763 5
19777 5
19793 5
19801 5
19813 5
19819 5
19841 5
19843 5
19853 5
19861 5
19867 5
19889 5
19891 5
19913 5
19919 5
19927 5
19937 5
19949 5
19961 5
19963 5
19973 5
19979 5
19991 5
19993 5
19997 5
20011 4
20021 4
20023 4
20029 4
20047 4
20051 4
20063 4
20071 4
20089 4
20101 4
20107 4
20113 4
20117 4
20123 4
20129 4
20143 4
20147 4
20149 4
20161 4
20173 4
20177 4
20183 4
20201 4
20219 4
20231 4
20233 4
20249 4
20261 4
20269 4
20287 4
20297 4
20323 4
20327 4
20333 4
20341 4
20347 4
20353 4
20357 4
20359 4
20369 4
20389 4
20393 4
20399 4
20407 4
20411 4
20431 4
20441 4
20443 4
20477 4
20479 4
20483 4
20507 4
20509 4
20521 4
20533 4
20543 4
20549 4
20551 4
20563 4
20593 4
20599 4
20611 4
20627 4
20639 4
20641 4
20663 4
20681 4
20693 4
20707 4
20717 4
20719 4
20731 4
20743 4
20747 4
20749 4
20753 4
20759 4
20771 4
20773 4
20789 4
20807 4
20809 4
20849 4
20857 4
20873 4
20879 4
20887 4
20897 4
20899 4
20903 4
20921 4
20929 4
20939 4
20947 4
20959 4
20963 4
20981 4
20983 4
21001 4
21011 4
21013 4
21017 4
21019 4
21023 4
21031 4
21059 4
21061 4
21067 4
21089 4
21101 4
21107 4
21121 4
21139 4
21143 4
21149 4
21157 4
21163 4
21169 4
21179 4
21187 4
21191 4
21193 4
21211 4
21221 4
21227 4
21247 4
21269 4
21277 4
21283 4
21313 4
21317 4
21319 4
21323 4
21341 4
21347 4
21377 4
21379 4
21383 4
21391 4
21397 4
21401 4
21407 4
21419 4
21433 4
21467 4
21481 4
21487 4
21491 4
21493 4
21499 4
21503 4
21517 4
21521 4
21523 4
21529 4
21557 4
21559 4
21563 4
21569 4
21577 4
21587 4
21589 4
21599 4
21601 4
21611 4
21613 4
21617 4
21647 4
21649 4
21661 4
21673 4
21683 4
21701 4
21713 4
21727 4
21737 4
21739 4
21751 4
21757 4
21767 4
21773 4
21787 4
21799 4
21803 4
21817 4
21821 4
21839 4
21841 4
21851 4
21859 4
21863 4
21871 4
21881 4
21893 4
21911 4
21929 4
21937 4
21943 4
21961 4
21977 4
21991 4
21997 4
22003 4
22013 4
22027 4
22031 4
22037 4
22039 4
22051 4
22063 4
22067 4
22073 4
22079 4
22091 4
22093 4
22109 4
22111 4
22123 4
22129 4
22133 4
22147 4
22153 4
22157 4
22159 4
22171 4
22189 4
22193 4
22229 4
22247 4
22259 4
22271 4
22273 4
22277 4
22279 4
22283 4
22291 4
22303 4
22307 4
22343 4
22349 4
22367 4
22369 4
22381 4
22391 4
22397 4
22409 4
22433 4
22441 4
22447 4
22453 4
22469 4
22481 4
22483 4
22501 4
22511 4
22531 4
22541 4
22543 4
22549 4
22567 4
22571 4
22573 4
22613 4
22619 4
22621 4
22637 4
22639 4
22643 4
22651 4
22669 4
22679 4
22691 4
22697 4
22699 4
22709 4
22717 4
22721 4
22727 4
22739 4
22741 4
22751 4
22769 4
22777 4
22783 4
22787 4
22807 4
22811 4
22817 4
22853 4
22859 4
22861 4
22871 4
22877 4
22901 4
22907 4
22921 4
22937 4
22943 4
22961 4
22963 4
22973 4
22993 4
23003 4
23011 4
23017 4
23021 4
23027 4
23029 4
23039 4
23041 4
23053 4
23057 4
23059 4
23063 4
23071 4
23081 4
23087 4
23099 4
23117 4
23131 4
23143 4
23159 4
23167 4
23173 4
23189 4
23197 4
23201 4
23203 4
23209 4
23227 4
23251 4
23269 4
23279 4
23291 4
23293 4
23297 4
23311 4
23321 4
23327 4
23333 4
23339 4
23357 4
23369 4
23371 4
23399 4
23417 4
23431 4
23447 4
23459 4
23473 4
23497 4
23509 4
23531 4
23537 4
23539 4
23549 4
23557 4
23561 4
23563 4
23567 4
23581 4
23593 4
23599 4
23603 4
23609 4
23623 4
23627 4
23629 4
23633 4
23663 4
23669 4
23671 4
23677 4
23687 4
23689 4
23719 4
23741 4
23743 4
23747 4
23753 4
23761 4
23767 4
23773 4
23789 4
23801 4
23813 4
23819 4
23827 4
23831 4
23833 4
23857 4
23869 4
23873 4
23879 4
23887 4
23893 4
23899 4
23909 4
23911 4
23917 4
23929 4
23957 4
23971 4
23977 4
23981 4
23993 4
24001 4
24007 4
24019 4
24023 4
24029 4
24043 4
24049 4
24061 4
24071 4
24077 4
24083 4
24091 4
24097 4
24103 4
24107 4
24109 4
24113 4
24121 4
24133 4
24137 4
24151 4
24169 4
24179 4
24181 4
24197 4
24203 4
24223 4
24229 4
24239 4
24247 4
24251 4
24281 4
24317 4
24329 4
24337 4
24359 4
24371 4
24373 4
24379 4
24391 4
24407 4
24413 4
24419 4
24421 4
24439 4
24443 4
24469 4
24473 4
24481 4
24499 4
24509 4
24517 4
24527 4
24533 4
24547 4
24551 4
24571 4
24593 4
24611 4
24623 4
24631 4
24659 4
24671 4
24677 4
24683 4
24691 4
24697 4
24709 4
24733 4
24749 4
24763 4
24767 4
24781 4
24793 4
24799 4
24809 4
24821 4
24841 4
24847 4
24851 4
24859 4
24877 4
24889 4
24907 4
24917 4
24919 4
24923 4
24943 4
24953 4
24967 4
24971 4
24977 4
24979 4
24989 4
25013 3
25031 3
25033 3
25037 3
25057 3
25073 3
25087 3
25097 3
25111 3
25117 3
25121 3
25127 3
25147 3
25153 3
25163 3
25169 3
25171 3
25183 3
25189 3
25219 3
25229 3
25237 3
25243 3
25247 3
25253 3
25261 3
25301 3
25303 3
25307 3
25309 3
25321 3
25339 3
25343 3
25349 3
25357 3
25367 3
25373 3
25391 3
25409 3
25411 3
25423 3
25439 3
25447 3
25453 3
25457 3
25463 3
25469 3
25471 3
25523 3
25537 3
25541 3
25561 3
25577 3
25579 3
25583 3
25589 3
25601 3
25603 3
25609 3
25621 3
25633 3
25639 3
25643 3
25657 3
25667 3
25673 3
25679 3
25693 3
25703 3
25717 3
25733 3
25741 3
25747 3
25759 3
25763 3
25771 3
25793 3
25799 3
25801 3
25819 3
25841 3
25847 3
25849 3
25867 3
25873 3
25889 3
25903 3
25913 3
25919 3
25931 3
25933 3
25939 3
25943 3
25951 3
25969 3
25981 3
25997 3
25999 3
26003 3
26017 3
26021 3
26029 3
26041 3
26053 3
26083 3
26099 3
26107 3
26111 3
26113 3
26119 3
26141 3
26153 3
26161 3
26171 3
26177 3
26183 3
26189 3
26203 3
26209 3
26227 3
26237 3
26249 3
26251 3
26261 3
26263 3
26267 3
26293 3
26297 3
26309 3
26317 3
26321 3
26339 3
26347 3
26357 3
26371 3
26387 3
26393 3
26399 3
26407 3
26417 3
26423 3
26431 3
26437 3
26449 3
26459 3
26479 3
26489 3
26497 3
26501 3
26513 3
26539 3
26557 3
26561 3
26573 3
26591 3
26597 3
26627 3
26633 3
26641 3
26647 3
26669 3
26681 3
26683 3
26687 3
26693 3
26699 3
26701 3
26711 3
26713 3
26717 3
26723 3
26729 3
26731 3
26737 3
26759 3
26777 3
26783 3
26801 3
26813 3
26821 3
26833 3
26839 3
26849 3
26861 3
26863 3
26879 3
26881 3
26891 3
26893 3
26903 3
26921 3
26927 3
26947 3
26951 3
26953 3
26959 3
26981 3
26987 3
26993 3
27011 3
27017 3
27031 3
27043 3
27059 3
27061 3
27067 3
27073 3
27077 3
27091 3
27103 3
27107 3
27109 3
27127 3
27143 3
27179 3
27191 3
27197 3
27211 3
27239 3
27241 3
27253 3
27259 3
27271 3
27277 3
27281 3
27283 3
27299 3
27329 3
27337 3
27361 3
27367 3
27397 3
27407 3
27409 3
27427 3
27431 3
27437 3
27449 3
27457 3
27479 3
27481 3
27487 3
27509 3
27527 3
27529 3
27539 3
27541 3
27551 3
27581 3
27583 3
27611 3
27617 3
27631 3
27647 3
27653 3
27673 3
27689 3
27691 3
27697 3
27701 3
27733 3
27737 3
27739 3
27743 3
27749 3
27751 3
27763 3
27767 3
27773 3
27779 3
27791 3
27793 3
27799 3
27803 3
27809 3
27817 3
27823 3
27827 3
27847 3
27851 3
27883 3
27893 3
27901 3
27917 3
27919 3
27941 3
27943 3
27947 3
27953 3
27961 3
27967 3
27983 3
27997 3
28001 3
28019 3
28027 3
28031 3
28051 3
28057 3
28069 3
28081 3
28087 3
28097 3
28099 3
28109 3
28111 3
28123 3
28151 3
28163 3
28181 3
28183 3
28201 3
28211 3
28219 3
28229 3
28277 3
28279 3
28283 3
28289 3
28297 3
28307 3
28309 3
28319 3
28349 3
28351 3
28387 3
28393 3
28403 3
28409 3
28411 3
28429 3
28433 3
28439 3
28447 3
28463 3
28477 3
28493 3
28499 3
28513 3
28517 3
28537 3
28541 3
28547 3
28549 3
28559 3
28571 3
28573 3
28579 3
28591 3
28597 3
28603 3
28607 3
28619 3
28621 3
28627 3
28631 3
28643 3
28649 3
28657 3
28661 3
28663 3
28669 3
28687 3
28697 3
28703 3
28711 3
28723 3
28729 3
28751 3
28753 3
28759 3
28771 3
28789 3
28793 3
28807 3
28813 3
28817 3
28837 3
28843 3
28859 3
28867 3
28871 3
28879 3
28901 3
28909 3
28921 3
28927 3
28933 3
28949 3
28961 3
28979 3
29009 3
29017 3
29021 3
29023 3
29027 3
29033 3
29059 3
29063 3
29077 3
29101 3
29123 3
29129 3
29131 3
29137 3
29147 3
29153 3
29167 3
29173 3
29179 3
29191 3
29201 3
29207 3
29209 3
29221 3
29231 3
29243 3
29251 3
29269 3
29287 3
29297 3
29303 3
29311 3
29327 3
29333 3
29339 3
29347 3
29363 3
29383 3
29387 3
29389 3
29399 3
29401 3
29411 3
29423 3
29429 3
29437 3
29443 3
29453 3
29473 3
29483 3
29501 3
29527 3
29531 3
29537 3
29567 3
29569 3
29573 3
29581 3
29587 3
29599 3
29611 3
29629 3
29633 3
29641 3
29663 3
29669 3
29671 3
29683 3
29717 3
29723 3
29741 3
29753 3
29759 3
29761 3
29789 3
29803 3
29819 3
29833 3
29837 3
29851 3
29863 3
29867 3
29873 3
29879 3
29881 3
29917 3
29921 3
29927 3
29947 3
29959 3
29983 3
29989 3
30011 3
30013 3
30029 3
30047 3
30059 3
30071 3
30089 3
30091 3
30097 3
30103 3
30109 3
30113 3
30119 3
30133 3
30137 3
30139 3
30161 3
30169 3
30181 3
30187 3
30197 3
30203 3
30211 3
30223 3
30241 3
30253 3
30259 3
30269 3
30271 3
30293 3
30307 3
30313 3
30319 3
30323 3
30341 3
30347 3
30367 3
30389 3
30391 3
30403 3
30427 3
30431 3
30449 3
30467 3
30469 3
30491 3
30493 3
30497 3
30509 3
30517 3
30529 3
30539 3
30553 3
30557 3
30559 3
30577 3
30593 3
30631 3
30637 3
30643 3
30649 3
30661 3
30671 3
30677 3
30689 3
30697 3
30703 3
30707 3
30713 3
30727 3
30757 3
30763 3
30773 3
30781 3
30803 3
30809 3
30817 3
30829 3
30839 3
30841 3
30851 3
30853 3
30859 3
30869 3
30871 3
30881 3
30893 3
30911 3
30931 3
30937 3
30941 3
30949 3
30971 3
30977 3
30983 3
31013 3
31019 3
31033 3
31039 3
31051 3
31063 3
31069 3
31079 3
31081 3
31091 3
31121 3
31123 3
31139 3
31147 3
31151 3
31153 3
31159 3
31177 3
31181 3
31183 3
31189 3
31193 3
31219 3
31223 3
31231 3
31237 3
31247 3
31249 3
31253 3
31259 3
31267 3
31271 3
31277 3
31307 3
31319 3
31321 3
31327 3
31333 3
31337 3
31357 3
31379 3
31387 3
31391 3
31393 3
31397 3
31469 3
31477 3
31481 3
31489 3
31511 3
31513 3
31517 3
31531 3
31541 3
31543 3
31547 3
31567 3
31573 3
31583 3
31601 3
31607 3
31627 3
31643 3
31649 3
31657 3
31663 3
31667 3
31687 3
31699 3
31721 3
31723 3
31727 3
31729 3
31741 3
31751 3
31769 3
31771 3
31793 3
31799 3
31817 3
31847 3
31849 3
31859 3
31873 3
31883 3
31891 3
31907 3
31957 3
31963 3
31973 3
31981 3
31991 3
32003 3
32009 3
32027 3
32029 3
32051 3
32057 3
32059 3
32063 3
32069 3
32077 3
32083 3
32089 3
32099 3
32117 3
32119 3
32141 3
32143 3
32159 3
32173 3
32183 3
32189 3
32191 3
32203 3
32213 3
32233 3
32237 3
32251 3
32257 3
32261 3
32297 3
32299 3
32303 3
32309 3
32321 3
32323 3
32327 3
32341 3
32353 3
32359 3
32363 3
32369 3
32371 3
32377 3
32381 3
32401 3
32411 3
32413 3
32423 3
32429 3
32441 3
32443 3
32467 3
32479 3
32491 3
32497 3
32503 3
32507 3
32531 3
32533 3
32537 3
32561 3
32563 3
32569 3
32573 3
32579 3
32587 3
32603 3
32609 3
32611 3
32621 3
32633 3
32647 3
32653 3
32687 3
32693 3
32707 3
32713 3
32717 3
32719 3
32749 3
32771 3
32779 3
32783 3
32789 3
32797 3
32801 3
32803 3
32831 3
32833 3
32839 3
32843 3
32869 3
32887 3
32909 3
32911 3
32917 3
32933 3
32939 3
32941 3
32957 3
32969 3
32971 3
32983 3
32987 3
32993 3
32999 3
33013 3
33023 3
33029 3
33037 3
33049 3
33053 3
33071 3
33073 3
33083 3
33091 3
33107 3
33113 3
33119 3
33149 3
33151 3
33161 3
33179 3
33181 3
33191 3
33199 3
33203 3
33211 3
33223 3
33247 3
33287 3
33289 3
33301 3
33311 3
33317 3
33329 3
33331 2
33343 2
33347 2
33349 2
33353 2
33359 2
33377 2
33391 2
33403 2
33409 2
33413 2
33427 2
33457 2
33461 2
33469 2
33479 2
33487 2
33493 2
33503 2
33521 2
33529 2
33533 2
33547 2
33563 2
33569 2
33577 2
33581 2
33587 2
33589 2
33599 2
33601 2
33613 2
33617 2
33619 2
33623 2
33629 2
33637 2
33641 2
33647 2
33679 2
33703 2
33713 2
33721 2
33739 2
33749 2
33751 2
33757 2
33767 2
33769 2
33773 2
33791 2
33797 2
33809 2
33811 2
33827 2
33829 2
33851 2
33857 2
33863 2
33871 2
33889 2
33893 2
33911 2
33923 2
33931 2
33937 2
33941 2
33961 2
33967 2
33997 2
34019 2
34031 2
34033 2
34039 2
34057 2
34061 2
34123 2
34127 2
34129 2
34141 2
34147 2
34157 2
34159 2
34171 2
34183 2
34211 2
34213 2
34217 2
34231 2
34253 2
34259 2
34261 2
34267 2
34273 2
34283 2
34297 2
34301 2
34303 2
34313 2
34319 2
34327 2
34337 2
34351 2
34361 2
34367 2
34369 2
34381 2
34403 2
34421 2
34429 2
34439 2
34457 2
34469 2
34471 2
34483 2
34487 2
34499 2
34501 2
34511 2
34513 2
34519 2
34537 2
34543 2
34549 2
34583 2
34589 2
34591 2
34603 2
34607 2
34613 2
34631 2
34649 2
34651 2
34667 2
34673 2
34679 2
34687 2
34693 2
34703 2
34721 2
34729 2
34739 2
34747 2
34757 2
34759 2
34763 2
34781 2
34807 2
34819 2
34841 2
34843 2
34847 2
34849 2
34871 2
34877 2
34883 2
34897 2
34913 2
34919 2
34939 2
34949 2
34961 2
34963 2
34981 2
35023 2
35027 2
35051 2
35053 2
35059 2
35069 2
35081 2
35083 2
35089 2
35099 2
35107 2
35111 2
35117 2
35129 2
35141 2
35149 2
35153 2
35159 2
35171 2
35201 2
35221 2
35227 2
35251 2
35257 2
35267 2
35279 2
35281 2
35291 2
35311 2
35317 2
35323 2
35327 2
35339 2
35353 2
35363 2
35381 2
35393 2
35401 2
35407 2
35419 2
35423 2
35437 2
35447 2
35449 2
35461 2
35491 2
35507 2
35509 2
35521 2
35527 2
35531 2
35533 2
35537 2
35543 2
35569 2
35573 2
35591 2
35593 2
35597 2
35603 2
35617 2
35671 2
35677 2
35729 2
35731 2
35747 2
35753 2
35759 2
35771 2
35797 2
35801 2
35803 2
35809 2
35831 2
35837 2
35839 2
35851 2
35863 2
35869 2
35879 2
35897 2
35899 2
35911 2
35923 2
35933 2
35951 2
35963 2
35969 2
35977 2
35983 2
35993 2
35999 2
36007 2
36011 2
36013 2
36017 2
36037 2
36061 2
36067 2
36073 2
36083 2
36097 2
36107 2
36109 2
36131 2
36137 2
36151 2
36161 2
36187 2
36191 2
36209 2
36217 2
36229 2
36241 2
36251 2
36263 2
36269 2
36277 2
36293 2
36299 2
36307 2
36313 2
36319 2
36341 2
36343 2
36353 2
36373 2
36383 2
36389 2
36433 2
36451 2
36457 2
36467 2
36469 2
36473 2
36479 2
36493 2
36497 2
36523 2
36527 2
36529 2
36541 2
36551 2
36559 2
36563 2
36571 2
36583 2
36587 2
36599 2
36607 2
36629 2
36637 2
36643 2
36653 2
36671 2
36677 2
36683 2
36691 2
36697 2
36709 2
36713 2
36721 2
36739 2
36749 2
36761 2
36767 2
36779 2
36781 2
36787 2
36791 2
36793 2
36809 2
36821 2
36833 2
36847 2
36857 2
36871 2
36877 2
36887 2
36899 2
36901 2
36913 2
36919 2
36923 2
36929 2
36931 2
36943 2
36947 2
36973 2
36979 2
36997 2
37003 2
37013 2
37019 2
37021 2
37039 2
37049 2
37057 2
37061 2
37087 2
37097 2
37117 2
37123 2
37139 2
37159 2
37171 2
37181 2
37189 2
37199 2
37201 2
37217 2
37223 2
37243 2
37253 2
37273 2
37277 2
37307 2
37309 2
37313 2
37321 2
37337 2
37339 2
37357 2
37361 2
37363 2
37369 2
37379 2
37397 2
37409 2
37423 2
37441 2
37447 2
37463 2
37483 2
37489 2
37493 2
37501 2
37507 2
37511 2
37517 2
37529 2
37537 2
37547 2
37549 2
37561 2
37567 2
37571 2
37573 2
37579 2
37589 2
37591 2
37607 2
37619 2
37633 2
37643 2
37649 2
37657 2
37663 2
37691 2
37693 2
37699 2
37717 2
37747 2
37781 2
37783 2
37799 2
37811 2
37813 2
37831 2
37847 2
37853 2
37861 2
37871 2
37879 2
37889 2
37897 2
37907 2
37951 2
37957 2
37963 2
37967 2
37987 2
37991 2
37993 2
37997 2
38011 2
38039 2
38047 2
38053 2
38069 2
38083 2
38113 2
38119 2
38149 2
38153 2
38167 2
38177 2
38183 2
38189 2
38197 2
38201 2
38219 2
38231 2
38237 2
38239 2
38261 2
38273 2
38281 2
38287 2
38299 2
38303 2
38317 2
38321 2
38327 2
38329 2
38333 2
38351 2
38371 2
38377 2
38393 2
38431 2
38447 2
38449 2
38453 2
38459 2
38461 2
38501 2
38543 2
38557 2
38561 2
38567 2
38569 2
38593 2
38603 2
38609 2
38611 2
38629 2
38639 2
38651 2
38653 2
38669 2
38671 2
38677 2
38693 2
38699 2
38707 2
38711 2
38713 2
38723 2
38729 2
38737 2
38747 2
38749 2
38767 2
38783 2
38791 2
38803 2
38821 2
38833 2
38839 2
38851 2
38861 2
38867 2
38873 2
38891 2
38903 2
38917 2
38921 2
38923 2
38933 2
38953 2
38959 2
38971 2
38977 2
38993 2
39019 2
39023 2
39041 2
39043 2
39047 2
39079 2
39089 2
39097 2
39103 2
39107 2
39113 2
39119 2
39133 2
39139 2
39157 2
39161 2
39163 2
39181 2
39191 2
39199 2
39209 2
39217 2
39227 2
39229 2
39233 2
39239 2
39241 2
39251 2
39293 2
39301 2
39313 2
39317 2
39323 2
39341 2
39343 2
39359 2
39367 2
39371 2
39373 2
39383 2
39397 2
39409 2
39419 2
39439 2
39443 2
39451 2
39461 2
39499 2
39503 2
39509 2
39511 2
39521 2
39541 2
39551 2
39563 2
39569 2
39581 2
39607 2
39619 2
39623 2
39631 2
39659 2
39667 2
39671 2
39679 2
39703 2
39709 2
39719 2
39727 2
39733 2
39749 2
39761 2
39769 2
39779 2
39791 2
39799 2
39821 2
39827 2
39829 2
39839 2
39841 2
39847 2
39857 2
39863 2
39869 2
39877 2
39883 2
39887 2
39901 2
39929 2
39937 2
39953 2
39971 2
39979 2
39983 2
39989 2
40009 2
40013 2
40031 2
40037 2
40039 2
40063 2
40087 2
40093 2
40099 2
40111 2
40123 2
40127 2
40129 2
40151 2
40153 2
40163 2
40169 2
40177 2
40189 2
40193 2
40213 2
40231 2
40237 2
40241 2
40253 2
40277 2
40283 2
40289 2
40343 2
40351 2
40357 2
40361 2
40387 2
40423 2
40427 2
40429 2
40433 2
40459 2
40471 2
40483 2
40487 2
40493 2
40499 2
40507 2
40519 2
40529 2
40531 2
40543 2
40559 2
40577 2
40583 2
40591 2
40597 2
40609 2
40627 2
40637 2
40639 2
40693 2
40697 2
40699 2
40709 2
40739 2
40751 2
40759 2
40763 2
40771 2
40787 2
40801 2
40813 2
40819 2
40823 2
40829 2
40841 2
40847 2
40849 2
40853 2
40867 2
40879 2
40883 2
40897 2
40903 2
40927 2
40933 2
40939 2
40949 2
40961 2
40973 2
40993 2
41011 2
41017 2
41023 2
41039 2
41047 2
41051 2
41057 2
41077 2
41081 2
41113 2
41117 2
41131 2
41141 2
41143 2
41149 2
41161 2
41177 2
41179 2
41183 2
41189 2
41201 2
41203 2
41213 2
41221 2
41227 2
41231 2
41233 2
41243 2
41257 2
41263 2
41269 2
41281 2
41299 2
41333 2
41341 2
41351 2
41357 2
41381 2
41387 2
41389 2
41399 2
41411 2
41413 2
41443 2
41453 2
41467 2
41479 2
41491 2
41507 2
41513 2
41519 2
41521 2
41539 2
41543 2
41549 2
41579 2
41593 2
41597 2
41603 2
41609 2
41611 2
41617 2
41621 2
41627 2
41641 2
41647 2
41651 2
41659 2
41669 2
41681 2
41687 2
41719 2
41729 2
41737 2
41759 2
41761 2
41771 2
41777 2
41801 2
41809 2
41813 2
41843 2
41849 2
41851 2
41863 2
41879 2
41887 2
41893 2
41897 2
41903 2
41911 2
41927 2
41941 2
41947 2
41953 2
41957 2
41959 2
41969 2
41981 2
41983 2
41999 2
42013 2
42017 2
42019 2
42023 2
42043 2
42061 2
42071 2
42073 2
42083 2
42089 2
42101 2
42131 2
42139 2
42157 2
42169 2
42179 2
42181 2
42187 2
42193 2
42197 2
42209 2
42221 2
42223 2
42227 2
42239 2
42257 2
42281 2
42283 2
42293 2
42299 2
42307 2
42323 2
42331 2
42337 2
42349 2
42359 2
42373 2
42379 2
42391 2
42397 2
42403 2
42407 2
42409 2
42433 2
42437 2
42443 2
42451 2
42457 2
42461 2
42463 2
42467 2
42473 2
42487 2
42491 2
42499 2
42509 2
42533 2
42557 2
42569 2
42571 2
42577 2
42589 2
42611 2
42641 2
42643 2
42649 2
42667 2
42677 2
42683 2
42689 2
42697 2
42701 2
42703 2
42709 2
42719 2
42727 2
42737 2
42743 2
42751 2
42767 2
42773 2
42787 2
42793 2
42797 2
42821 2
42829 2
42839 2
42841 2
42853 2
42859 2
42863 2
42899 2
42901 2
42923 2
42929 2
42937 2
42943 2
42953 2
42961 2
42967 2
42979 2
42989 2
43003 2
43013 2
43019 2
43037 2
43049 2
43051 2
43063 2
43067 2
43093 2
43103 2
43117 2
43133 2
43151 2
43159 2
43177 2
43189 2
43201 2
43207 2
43223 2
43237 2
43261 2
43271 2
43283 2
43291 2
43313 2
43319 2
43321 2
43331 2
43391 2
43397 2
43399 2
43403 2
43411 2
43427 2
43441 2
43451 2
43457 2
43481 2
43487 2
43499 2
43517 2
43541 2
43543 2
43573 2
43577 2
43579 2
43591 2
43597 2
43607 2
43609 2
43613 2
43627 2
43633 2
43649 2
43651 2
43661 2
43669 2
43691 2
43711 2
43717 2
43721 2
43753 2
43759 2
43777 2
43781 2
43783 2
43787 2
43789 2
43793 2
43801 2
43853 2
43867 2
43889 2
43891 2
43913 2
43933 2
43943 2
43951 2
43961 2
43963 2
43969 2
43973 2
43987 2
43991 2
43997 2
44017 2
44021 2
44027 2
44029 2
44041 2
44053 2
44059 2
44071 2
44087 2
44089 2
44101 2
44111 2
44119 2
44123 2
44129 2
44131 2
44159 2
44171 2
44179 2
44189 2
44201 2
44203 2
44207 2
44221 2
44249 2
44257 2
44263 2
44267 2
44269 2
44273 2
44279 2
44281 2
44293 2
44351 2
44357 2
44371 2
44381 2
44383 2
44389 2
44417 2
44449 2
44453 2
44483 2
44491 2
44497 2
44501 2
44507 2
44519 2
44531 2
44533 2
44537 2
44543 2
44549 2
44563 2
44579 2
44587 2
44617 2
44621 2
44623 2
44633 2
44641 2
44647 2
44651 2
44657 2
44683 2
44687 2
44699 2
44701 2
44711 2
44729 2
44741 2
44753 2
44771 2
44773 2
44777 2
44789 2
44797 2
44809 2
44819 2
44839 2
44843 2
44851 2
44867 2
44879 2
44887 2
44893 2
44909 2
44917 2
44927 2
44939 2
44953 2
44959 2
44963 2
44971 2
44983 2
44987 2
45007 2
45013 2
45053 2
45061 2
45077 2
45083 2
45119 2
45121 2
45127 2
45131 2
45137 2
45139 2
45161 2
45179 2
45181 2
45191 2
45197 2
45233 2
45247 2
45259 2
45263 2
45281 2
45289 2
45293 2
45307 2
45317 2
45319 2
45329 2
45337 2
45341 2
45343 2
45361 2
45377 2
45389 2
45403 2
45413 2
45427 2
45433 2
45439 2
45481 2
45491 2
45497 2
45503 2
45523 2
45533 2
45541 2
45553 2
45557 2
45569 2
45587 2
45589 2
45599 2
45613 2
45631 2
45641 2
45659 2
45667 2
45673 2
45677 2
45691 2
45697 2
45707 2
45737 2
45751 2
45757 2
45763 2
45767 2
45779 2
45817 2
45821 2
45823 2
45827 2
45833 2
45841 2
45853 2
45863 2
45869 2
45887 2
45893 2
45943 2
45949 2
45953 2
45959 2
45971 2
45979 2
45989 2
46021 2
46027 2
46049 2
46051 2
46061 2
46073 2
46091 2
46093 2
46099 2
46103 2
46133 2
46141 2
46147 2
46153 2
46171 2
46181 2
46183 2
46187 2
46199 2
46219 2
46229 2
46237 2
46261 2
46271 2
46273 2
46279 2
46301 2
46307 2
46309 2
46327 2
46337 2
46349 2
46351 2
46381 2
46399 2
46411 2
46439 2
46441 2
46447 2
46451 2
46457 2
46471 2
46477 2
46489 2
46499 2
46507 2
46511 2
46523 2
46549 2
46559 2
46567 2
46573 2
46589 2
46591 2
46601 2
46619 2
46633 2
46639 2
46643 2
46649 2
46663 2
46679 2
46681 2
46687 2
46691 2
46703 2
46723 2
46727 2
46747 2
46751 2
46757 2
46769 2
46771 2
46807 2
46811 2
46817 2
46819 2
46829 2
46831 2
46853 2
46861 2
46867 2
46877 2
46889 2
46901 2
46919 2
46933 2
46957 2
46993 2
46997 2
47017 2
47041 2
47051 2
47057 2
47059 2
47087 2
47093 2
47111 2
47119 2
47123 2
47129 2
47137 2
47143 2
47147 2
47149 2
47161 2
47189 2
47207 2
47221 2
47237 2
47251 2
47269 2
47279 2
47287 2
47293 2
47297 2
47303 2
47309 2
47317 2
47339 2
47351 2
47353 2
47363 2
47381 2
47387 2
47389 2
47407 2
47417 2
47419 2
47431 2
47441 2
47459 2
47491 2
47497 2
47501 2
47507 2
47513 2
47521 2
47527 2
47533 2
47543 2
47563 2
47569 2
47581 2
47591 2
47599 2
47609 2
47623 2
47629 2
47639 2
47653 2
47657 2
47659 2
47681 2
47699 2
47701 2
47711 2
47713 2
47717 2
47737 2
47741 2
47743 2
47777 2
47779 2
47791 2
47797 2
47807 2
47809 2
47819 2
47837 2
47843 2
47857 2
47869 2
47881 2
47903 2
47911 2
47917 2
47933 2
47939 2
47947 2
47951 2
47963 2
47969 2
47977 2
47981 2
48017 2
48023 2
48029 2
48049 2
48073 2
48079 2
48091 2
48109 2
48119 2
48121 2
48131 2
48157 2
48163 2
48179 2
48187 2
48193 2
48197 2
48221 2
48239 2
48247 2
48259 2
48271 2
48281 2
48299 2
48311 2
48313 2
48337 2
48341 2
48353 2
48371 2
48383 2
48397 2
48407 2
48409 2
48413 2
48437 2
48449 2
48463 2
48473 2
48479 2
48481 2
48487 2
48491 2
48497 2
48523 2
48527 2
48533 2
48539 2
48541 2
48563 2
48571 2
48589 2
48593 2
48611 2
48619 2
48623 2
48647 2
48649 2
48661 2
48673 2
48677 2
48679 2
48731 2
48733 2
48751 2
48757 2
48761 2
48767 2
48779 2
48781 2
48787 2
48799 2
48809 2
48817 2
48821 2
48823 2
48847 2
48857 2
48859 2
48869 2
48871 2
48883 2
48889 2
48907 2
48947 2
48953 2
48973 2
48989 2
48991 2
49003 2
49009 2
49019 2
49031 2
49033 2
49037 2
49043 2
49057 2
49069 2
49081 2
49103 2
49109 2
49117 2
49121 2
49123 2
49139 2
49157 2
49169 2
49171 2
49177 2
49193 2
49199 2
49201 2
49207 2
49211 2
49223 2
49253 2
49261 2
49277 2
49279 2
49297 2
49307 2
49331 2
49333 2
49339 2
49363 2
49367 2
49369 2
49391 2
49393 2
49409 2
49411 2
49417 2
49429 2
49433 2
49451 2
49459 2
49463 2
49477 2
49481 2
49499 2
49523 2
49529 2
49531 2
49537 2
49547 2
49549 2
49559 2
49597 2
49603 2
49613 2
49627 2
49633 2
49639 2
49663 2
49667 2
49669 2
49681 2
49697 2
49711 2
49727 2
49739 2
49741 2
49747 2
49757 2
49783 2
49787 2
49789 2
49801 2
49807 2
49811 2
49823 2
49831 2
49843 2
49853 2
49871 2
49877 2
49891 2
49919 2
49921 2
49927 2
49937 2
49939 2
49943 2
49957 2
49991 2
49993 2
49999 1
50021 1
50023 1
50033 1
50047 1
50051 1
50053 1
50069 1
50077 1
50087 1
50093 1
50101 1
50111 1
50119 1
50123 1
50129 1
50131 1
50147 1
50153 1
50159 1
50177 1
50207 1
50221 1
50227 1
50231 1
50261 1
50263 1
50273 1
50287 1
50291 1
50311 1
50321 1
50329 1
50333 1
50341 1
50359 1
50363 1
50377 1
50383 1
50387 1
50411 1
50417 1
50423 1
50441 1
50459 1
50461 1
50497 1
50503 1
50513 1
50527 1
50539 1
50543 1
50549 1
50551 1
50581 1
50587 1
50591 1
50593 1
50599 1
50627 1
50647 1
50651 1
50671 1
50683 1
50707 1
50723 1
50741 1
50753 1
50767 1
50773 1
50777 1
50789 1
50821 1
50833 1
50839 1
50849 1
50857 1
50867 1
50873 1
50891 1
50893 1
50909 1
50923 1
50929 1
50951 1
50957 1
50969 1
50971 1
50989 1
50993 1
51001 1
51031 1
51043 1
51047 1
51059 1
51061 1
51071 1
51109 1
51131 1
51133 1
51137 1
51151 1
51157 1
51169 1
51193 1
51197 1
51199 1
51203 1
51217 1
51229 1
51239 1
51241 1
51257 1
51263 1
51283 1
51287 1
51307 1
51329 1
51341 1
51343 1
51347 1
51349 1
51361 1
51383 1
51407 1
51413 1
51419 1
51421 1
51427 1
51431 1
51437 1
51439 1
51449 1
51461 1
51473 1
51479 1
51481 1
51487 1
51503 1
51511 1
51517 1
51521 1
51539 1
51551 1
51563 1
51577 1
51581 1
51593 1
51599 1
51607 1
51613 1
51631 1
51637 1
51647 1
51659 1
51673 1
51679 1
51683 1
51691 1
51713 1
51719 1
51721 1
51749 1
51767 1
51769 1
51787 1
51797 1
51803 1
51817 1
51827 1
51829 1
51839 1
51853 1
51859 1
51869 1
51871 1
51893 1
51899 1
51907 1
51913 1
51929 1
51941 1
51949 1
51971 1
51973 1
51977 1
51991 1
52009 1
52021 1
52027 1
52051 1
52057 1
52067 1
52069 1
52081 1
52103 1
52121 1
52127 1
52147 1
52153 1
52163 1
52177 1
52181 1
52183 1
52189 1
52201 1
52223 1
52237 1
52249 1
52253 1
52259 1
52267 1
52289 1
52291 1
52301 1
52313 1
52321 1
52361 1
52363 1
52369 1
52379 1
52387 1
52391 1
52433 1
52453 1
52457 1
52489 1
52501 1
52511 1
52517 1
52529 1
52541 1
52543 1
52553 1
52561 1
52567 1
52571 1
52579 1
52583 1
52609 1
52627 1
52631 1
52639 1
52667 1
52673 1
52691 1
52697 1
52709 1
52711 1
52721 1
52727 1
52733 1
52747 1
52757 1
52769 1
52783 1
52807 1
52813 1
52817 1
52837 1
52859 1
52861 1
52879 1
52883 1
52889 1
52901 1
52903 1
52919 1
52937 1
52951 1
52957 1
52963 1
52967 1
52973 1
52981 1
52999 1
53003 1
53017 1
53047 1
53051 1
53069 1
53077 1
53087 1
53089 1
53093 1
53101 1
53113 1
53117 1
53129 1
53147 1
53149 1
53161 1
53171 1
53173 1
53189 1
53197 1
53201 1
53231 1
53233 1
53239 1
53267 1
53269 1
53279 1
53281 1
53299 1
53309 1
53323 1
53327 1
53353 1
53359 1
53377 1
53381 1
53401 1
53407 1
53411 1
53419 1
53437 1
53441 1
53453 1
53479 1
53503 1
53507 1
53527 1
53549 1
53551 1
53569 1
53591 1
53593 1
53597 1
53609 1
53611 1
53617 1
53623 1
53629 1
53633 1
53639 1
53653 1
53657 1
53681 1
53693 1
53699 1
53717 1
53719 1
53731 1
53759 1
53773 1
53777 1
53783 1
53791 1
53813 1
53819 1
53831 1
53849 1
53857 1
53861 1
53881 1
53887 1
53891 1
53897 1
53899 1
53917 1
53923 1
53927 1
53939 1
53951 1
53959 1
53987 1
53993 1
54001 1
54011 1
54013 1
54037 1
54049 1
54059 1
54083 1
54091 1
54101 1
54121 1
54133 1
54139 1
54151 1
54163 1
54167 1
54181 1
54193 1
54217 1
54251 1
54269 1
54277 1
54287 1
54293 1
54311 1
54319 1
54323 1
54331 1
54347 1
54361 1
54367 1
54371 1
54377 1
54401 1
54403 1
54409 1
54413 1
54419 1
54421 1
54437 1
54443 1
54449 1
54469 1
54493 1
54497 1
54499 1
54503 1
54517 1
54521 1
54539 1
54541 1
54547 1
54559 1
54563 1
54577 1
54581 1
54583 1
54601 1
54617 1
54623 1
54629 1
54631 1
54647 1
54667 1
54673 1
54679 1
54709 1
54713 1
54721 1
54727 1
54751 1
54767 1
54773 1
54779 1
54787 1
54799 1
54829 1
54833 1
54851 1
54869 1
54877 1
54881 1
54907 1
54917 1
54919 1
54941 1
54949 1
54959 1
54973 1
54979 1
54983 1
55001 1
55009 1
55021 1
55049 1
55051 1
55057 1
55061 1
55073 1
55079 1
55103 1
55109 1
55117 1
55127 1
55147 1
55163 1
55171 1
55201 1
55207 1
55213 1
55217 1
55219 1
55229 1
55243 1
55249 1
55259 1
55291 1
55313 1
55331 1
55333 1
55337 1
55339 1
55343 1
55351 1
55373 1
55381 1
55399 1
55411 1
55439 1
55441 1
55457 1
55469 1
55487 1
55501 1
55511 1
55529 1
55541 1
55547 1
55579 1
55589 1
55603 1
55609 1
55619 1
55621 1
55631 1
55633 1
55639 1
55661 1
55663 1
55667 1
55673 1
55681 1
55691 1
55697 1
55711 1
55717 1
55721 1
55733 1
55763 1
55787 1
55793 1
55799 1
55807 1
55813 1
55817 1
55819 1
55823 1
55829 1
55837 1
55843 1
55849 1
55871 1
55889 1
55897 1
55901 1
55903 1
55921 1
55927 1
55931 1
55933 1
55949 1
55967 1
55987 1
55997 1
56003 1
56009 1
56039 1
56041 1
56053 1
56081 1
56087 1
56093 1
56099 1
56101 1
56113 1
56123 1
56131 1
56149 1
56167 1
56171 1
56179 1
56197 1
56207 1
56209 1
56237 1
56239 1
56249 1
56263 1
56267 1
56269 1
56299 1
56311 1
56333 1
56359 1
56369 1
56377 1
56383 1
56393 1
56401 1
56417 1
56431 1
56437 1
56443 1
56453 1
56467 1
56473 1
56477 1
56479 1
56489 1
56501 1
56503 1
56509 1
56519 1
56527 1
56531 1
56533 1
56543 1
56569 1
56591 1
56597 1
56599 1
56611 1
56629 1
56633 1
56659 1
56663 1
56671 1
56681 1
56687 1
56701 1
56711 1
56713 1
56731 1
56737 1
56747 1
56767 1
56773 1
56779 1
56783 1
56807 1
56809 1
56813 1
56821 1
56827 1
56843 1
56857 1
56873 1
56891 1
56893 1
56897 1
56909 1
56911 1
56921 1
56923 1
56929 1
56941 1
56951 1
56957 1
56963 1
56983 1
56989 1
56993 1
56999 1
57037 1
57041 1
57047 1
57059 1
57073 1
57077 1
57089 1
57097 1
57107 1
57119 1
57131 1
57139 1
57143 1
57149 1
57163 1
57173 1
57179 1
57191 1
57193 1
57203 1
57221 1
57223 1
57241 1
57251 1
57259 1
57269 1
57271 1
57283 1
57287 1
57301 1
57329 1
57331 1
57347 1
57349 1
57367 1
57373 1
57383 1
57389 1
57397 1
57413 1
57427 1
57457 1
57467 1
57487 1
57493 1
57503 1
57527 1
57529 1
57557 1
57559 1
57571 1
57587 1
57593 1
57601 1
57637 1
57641 1
57649 1
57653 1
57667 1
57679 1
57689 1
57697 1
57709 1
57713 1
57719 1
57727 1
57731 1
57737 1
57751 1
57773 1
57781 1
57787 1
57791 1
57793 1
57803 1
57809 1
57829 1
57839 1
57847 1
57853 1
57859 1
57881 1
57899 1
57901 1
57917 1
57923 1
57943 1
57947 1
57973 1
57977 1
57991 1
58013 1
58027 1
58031 1
58043 1
58049 1
58057 1
58061 1
58067 1
58073 1
58099 1
58109 1
58111 1
58129 1
58147 1
58151 1
58153 1
58169 1
58171 1
58189 1
58193 1
58199 1
58207 1
58211 1
58217 1
58229 1
58231 1
58237 1
58243 1
58271 1
58309 1
58313 1
58321 1
58337 1
58363 1
58367 1
58369 1
58379 1
58391 1
58393 1
58403 1
58411 1
58417 1
58427 1
58439 1
58441 1
58451 1
58453 1
58477 1
58481 1
58511 1
58537 1
58543 1
58549 1
58567 1
58573 1
58579 1
58601 1
58603 1
58613 1
58631 1
58657 1
58661 1
58679 1
58687 1
58693 1
58699 1
58711 1
58727 1
58733 1
58741 1
58757 1
58763 1
58771 1
58787 1
58789 1
58831 1
58889 1
58897 1
58901 1
58907 1
58909 1
58913 1
58921 1
58937 1
58943 1
58963 1
58967 1
58979 1
58991 1
58997 1
59009 1
59011 1
59021 1
59023 1
59029 1
59051 1
59053 1
59063 1
59069 1
59077 1
59083 1
59093 1
59107 1
59113 1
59119 1
59123 1
59141 1
59149 1
59159 1
59167 1
59183 1
59197 1
59207 1
59209 1
59219 1
59221 1
59233 1
59239 1
59243 1
59263 1
59273 1
59281 1
59333 1
59341 1
59351 1
59357 1
59359 1
59369 1
59377 1
59387 1
59393 1
59399 1
59407 1
59417 1
59419 1
59441 1
59443 1
59447 1
59453 1
59467 1
59471 1
59473 1
59497 1
59509 1
59513 1
59539 1
59557 1
59561 1
59567 1
59581 1
59611 1
59617 1
59621 1
59627 1
59629 1
59651 1
59659 1
59663 1
59669 1
59671 1
59693 1
59699 1
59707 1
59723 1
59729 1
59743 1
59747 1
59753 1
59771 1
59779 1
59791 1
59797 1
59809 1
59833 1
59863 1
59879 1
59887 1
59921 1
59929 1
59951 1
59957 1
59971 1
59981 1
59999 1
60013 1
60017 1
60029 1
60037 1
60041 1
60077 1
60083 1
60089 1
60091 1
60101 1
60103 1
60107 1
60127 1
60133 1
60139 1
60149 1
60161 1
60167 1
60169 1
60209 1
60217 1
60223 1
60251 1
60257 1
60259 1
60271 1
60289 1
60293 1
60317 1
60331 1
60337 1
60343 1
60353 1
60373 1
60383 1
60397 1
60413 1
60427 1
60443 1
60449 1
60457 1
60493 1
60497 1
60509 1
60521 1
60527 1
60539 1
60589 1
60601 1
60607 1
60611 1
60617 1
60623 1
60631 1
60637 1
60647 1
60649 1
60659 1
60661 1
60679 1
60689 1
60703 1
60719 1
60727 1
60733 1
60737 1
60757 1
60761 1
60763 1
60773 1
60779 1
60793 1
60811 1
60821 1
60859 1
60869 1
60887 1
60889 1
60899 1
60901 1
60913 1
60917 1
60919 1
60923 1
60937 1
60943 1
60953 1
60961 1
61001 1
61007 1
61027 1
61031 1
61043 1
61051 1
61057 1
61091 1
61099 1
61121 1
61129 1
61141 1
61151 1
61153 1
61169 1
61211 1
61223 1
61231 1
61253 1
61261 1
61283 1
61291 1
61297 1
61331 1
61333 1
61339 1
61343 1
61357 1
61363 1
61379 1
61381 1
61403 1
61409 1
61417 1
61441 1
61463 1
61469 1
61471 1
61483 1
61487 1
61493 1
61507 1
61511 1
61519 1
61543 1
61547 1
61553 1
61559 1
61561 1
61583 1
61603 1
61609 1
61613 1
61627 1
61631 1
61637 1
61643 1
61651 1
61657 1
61667 1
61673 1
61681 1
61687 1
61703 1
61717 1
61723 1
61729 1
61751 1
61757 1
61781 1
61813 1
61819 1
61837 1
61843 1
61861 1
61871 1
61879 1
61909 1
61927 1
61933 1
61949 1
61961 1
61967 1
61979 1
61981 1
61987 1
61991 1
62003 1
62011 1
62017 1
62039 1
62047 1
62053 1
62057 1
62071 1
62081 1
62099 1
62119 1
62129 1
62131 1
62137 1
62141 1
62143 1
62171 1
62189 1
62191 1
62201 1
62207 1
62213 1
62219 1
62233 1
62273 1
62297 1
62299 1
62303 1
62311 1
62323 1
62327 1
62347 1
62351 1
62383 1
62401 1
62417 1
62423 1
62459 1
62467 1
62473 1
62477 1
62483 1
62497 1
62501 1
62507 1
62533 1
62539 1
62549 1
62563 1
62581 1
62591 1
62597 1
62603 1
62617 1
62627 1
62633 1
62639 1
62653 1
62659 1
62683 1
62687 1
62701 1
62723 1
62731 1
62743 1
62753 1
62761 1
62773 1
62791 1
62801 1
62819 1
62827 1
62851 1
62861 1
62869 1
62873 1
62897 1
62903 1
62921 1
62927 1
62929 1
62939 1
62969 1
62971 1
62981 1
62983 1
62987 1
62989 1
63029 1
63031 1
63059 1
63067 1
63073 1
63079 1
63097 1
63103 1
63113 1
63127 1
63131 1
63149 1
63179 1
63197 1
63199 1
63211 1
63241 1
63247 1
63277 1
63281 1
63299 1
63311 1
63313 1
63317 1
63331 1
63337 1
63347 1
63353 1
63361 1
63367 1
63377 1
63389 1
63391 1
63397 1
63409 1
63419 1
63421 1
63439 1
63443 1
63463 1
63467 1
63473 1
63487 1
63493 1
63499 1
63521 1
63527 1
63533 1
63541 1
63559 1
63577 1
63587 1
63589 1
63599 1
63601 1
63607 1
63611 1
63617 1
63629 1
63647 1
63649 1
63659 1
63667 1
63671 1
63689 1
63691 1
63697 1
63703 1
63709 1
63719 1
63727 1
63737 1
63743 1
63761 1
63773 1
63781 1
63793 1
63799 1
63803 1
63809 1
63823 1
63839 1
63841 1
63853 1
63857 1
63863 1
63901 1
63907 1
63913 1
63929 1
63949 1
63977 1
63997 1
64007 1
64013 1
64019 1
64033 1
64037 1
64063 1
64067 1
64081 1
64091 1
64109 1
64123 1
64151 1
64153 1
64157 1
64171 1
64187 1
64189 1
64217 1
64223 1
64231 1
64237 1
64271 1
64279 1
64283 1
64301 1
64303 1
64319 1
64327 1
64333 1
64373 1
64381 1
64399 1
64403 1
64433 1
64439 1
64451 1
64453 1
64483 1
64489 1
64499 1
64513 1
64553 1
64567 1
64577 1
64579 1
64591 1
64601 1
64609 1
64613 1
64621 1
64627 1
64633 1
64661 1
64663 1
64667 1
64679 1
64693 1
64709 1
64717 1
64747 1
64763 1
64781 1
64783 1
64793 1
64811 1
64817 1
64849 1
64853 1
64871 1
64877 1
64879 1
64891 1
64901 1
64919 1
64921 1
64927 1
64937 1
64951 1
64969 1
64997 1
65003 1
65011 1
65027 1
65029 1
65033 1
65053 1
65063 1
65071 1
65089 1
65099 1
65101 1
65111 1
65119 1
65123 1
65129 1
65141 1
65147 1
65167 1
65171 1
65173 1
65179 1
65183 1
65203 1
65213 1
65239 1
65257 1
65267 1
65269 1
65287 1
65293 1
65309 1
65323 1
65327 1
65353 1
65357 1
65371 1
65381 1
65393 1
65407 1
65413 1
65419 1
65423 1
65437 1
65447 1
65449 1
65479 1
65497 1
65519 1
65521 1
65537 1
65539 1
65543 1
65551 1
65557 1
65563 1
65579 1
65581 1
65587 1
65599 1
65609 1
65617 1
65629 1
65633 1
65647 1
65651 1
65657 1
65677 1
65687 1
65699 1
65701 1
65707 1
65713 1
65717 1
65719 1
65729 1
65731 1
65761 1
65777 1
65789 1
65809 1
65827 1
65831 1
65837 1
65839 1
65843 1
65851 1
65867 1
65881 1
65899 1
65921 1
65927 1
65929 1
65951 1
65957 1
65963 1
65981 1
65983 1
65993 1
66029 1
66037 1
66041 1
66047 1
66067 1
66071 1
66083 1
66089 1
66103 1
66107 1
66109 1
66137 1
66161 1
66169 1
66173 1
66179 1
66191 1
66221 1
66239 1
66271 1
66293 1
66301 1
66337 1
66343 1
66347 1
66359 1
66361 1
66373 1
66377 1
66383 1
66403 1
66413 1
66431 1
66449 1
66457 1
66463 1
66467 1
66491 1
66499 1
66509 1
66523 1
66529 1
66533 1
66541 1
66553 1
66569 1
66571 1
66587 1
66593 1
66601 1
66617 1
66629 1
66643 1
66653 1
66683 1
66697 1
66701 1
66713 1
66721 1
66733 1
66739 1
66749 1
66751 1
66763 1
66791 1
66797 1
66809 1
66821 1
66841 1
66851 1
66853 1
66863 1
66877 1
66883 1
66889 1
66919 1
66923 1
66931 1
66943 1
66947 1
66949 1
66959 1
66973 1
66977 1
67003 1
67021 1
67033 1
67043 1
67049 1
67057 1
67061 1
67073 1
67079 1
67103 1
67121 1
67129 1
67139 1
67141 1
67153 1
67157 1
67169 1
67181 1
67187 1
67189 1
67211 1
67213 1
67217 1
67219 1
67231 1
67247 1
67261 1
67271 1
67273 1
67289 1
67307 1
67339 1
67343 1
67349 1
67369 1
67391 1
67399 1
67409 1
67411 1
67421 1
67427 1
67429 1
67433 1
67447 1
67453 1
67477 1
67481 1
67489 1
67493 1
67499 1
67511 1
67523 1
67531 1
67537 1
67547 1
67559 1
67567 1
67577 1
67579 1
67589 1
67601 1
67607 1
67619 1
67631 1
67651 1
67679 1
67699 1
67709 1
67723 1
67733 1
67741 1
67751 1
67757 1
67759 1
67763 1
67777 1
67783 1
67789 1
67801 1
67807 1
67819 1
67829 1
67843 1
67853 1
67867 1
67883 1
67891 1
67901 1
67927 1
67931 1
67933 1
67939 1
67943 1
67957 1
67961 1
67967 1
67979 1
67987 1
67993 1
68023 1
68041 1
68053 1
68059 1
68071 1
68087 1
68099 1
68111 1
68113 1
68141 1
68147 1
68161 1
68171 1
68207 1
68209 1
68213 1
68219 1
68227 1
68239 1
68261 1
68279 1
68281 1
68311 1
68329 1
68351 1
68371 1
68389 1
68399 1
68437 1
68443 1
68447 1
68449 1
68473 1
68477 1
68483 1
68489 1
68491 1
68501 1
68507 1
68521 1
68531 1
68539 1
68543 1
68567 1
68581 1
68597 1
68611 1
68633 1
68639 1
68659 1
68669 1
68683 1
68687 1
68699 1
68711 1
68713 1
68729 1
68737 1
68743 1
68749 1
68767 1
68771 1
68777 1
68791 1
68813 1
68819 1
68821 1
68863 1
68879 1
68881 1
68891 1
68897 1
68899 1
68903 1
68909 1
68917 1
68927 1
68947 1
68963 1
68993 1
69001 1
69011 1
69019 1
69029 1
69031 1
69061 1
69067 1
69073 1
69109 1
69119 1
69127 1
69143 1
69149 1
69151 1
69163 1
69191 1
69193 1
69197 1
69203 1
69221 1
69233 1
69239 1
69247 1
69257 1
69259 1
69263 1
69313 1
69317 1
69337 1
69341 1
69371 1
69379 1
69383 1
69389 1
69401 1
69403 1
69427 1
69431 1
69439 1
69457 1
69463 1
69467 1
69473 1
69481 1
69491 1
69493 1
69497 1
69499 1
69539 1
69557 1
69593 1
69623 1
69653 1
69661 1
69677 1
69691 1
69697 1
69709 1
69737 1
69739 1
69761 1
69763 1
69767 1
69779 1
69809 1
69821 1
69827 1
69829 1
69833 1
69847 1
69857 1
69859 1
69877 1
69899 1
69911 1
69929 1
69931 1
69941 1
69959 1
69991 1
69997 1
70001 1
70003 1
70009 1
70019 1
70039 1
70051 1
70061 1
70067 1
70079 1
70099 1
70111 1
70117 1
70121 1
70123 1
70139 1
70141 1
70157 1
70163 1
70177 1
70181 1
70183 1
70199 1
70201 1
70207 1
70223 1
70229 1
70237 1
70241 1
70249 1
70271 1
70289 1
70297 1
70309 1
70313 1
70321 1
70327 1
70351 1
70373 1
70379 1
70381 1
70393 1
70423 1
70429 1
70439 1
70451 1
70457 1
70459 1
70481 1
70487 1
70489 1
70501 1
70507 1
70529 1
70537 1
70549 1
70571 1
70573 1
70583 1
70589 1
70607 1
70619 1
70621 1
70627 1
70639 1
70657 1
70663 1
70667 1
70687 1
70709 1
70717 1
70729 1
70753 1
70769 1
70783 1
70793 1
70823 1
70841 1
70843 1
70849 1
70853 1
70867 1
70877 1
70879 1
70891 1
70901 1
70913 1
70919 1
70921 1
70937 1
70949 1
70951 1
70957 1
70969 1
70979 1
70981 1
70991 1
70997 1
70999 1
71011 1
71023 1
71039 1
71059 1
71069 1
71081 1
71089 1
71119 1
71129 1
71143 1
71147 1
71153 1
71161 1
71167 1
71171 1
71191 1
71209 1
71233 1
71237 1
71249 1
71257 1
71261 1
71263 1
71287 1
71293 1
71317 1
71327 1
71329 1
71333 1
71339 1
71341 1
71347 1
71353 1
71359 1
71363 1
71387 1
71389 1
71399 1
71411 1
71413 1
71419 1
71429 1
71437 1
71443 1
71453 1
71471 1
71473 1
71479 1
71483 1
71503 1
71527 1
71537 1
71549 1
71551 1
71563 1
71569 1
71593 1
71597 1
71633 1
71647 1
71663 1
71671 1
71693 1
71699 1
71707 1
71711 1
71713 1
71719 1
71741 1
71761 1
71777 1
71789 1
71807 1
71809 1
71821 1
71837 1
71843 1
71849 1
71861 1
71867 1
71879 1
71881 1
71887 1
71899 1
71909 1
71917 1
71933 1
71941 1
71947 1
71963 1
71971 1
71983 1
71987 1
71993 1
71999 1
72019 1
72031 1
72043 1
72047 1
72053 1
72073 1
72077 1
72089 1
72091 1
72101 1
72103 1
72109 1
72139 1
72161 1
72167 1
72169 1
72173 1
72211 1
72221 1
72223 1
72227 1
72229 1
72251 1
72253 1
72269 1
72271 1
72277 1
72287 1
72307 1
72313 1
72337 1
72341 1
72353 1
72367 1
72379 1
72383 1
72421 1
72431 1
72461 1
72467 1
72469 1
72481 1
72493 1
72497 1
72503 1
72533 1
72547 1
72551 1
72559 1
72577 1
72613 1
72617 1
72623 1
72643 1
72647 1
72649 1
72661 1
72671 1
72673 1
72679 1
72689 1
72701 1
72707 1
72719 1
72727 1
72733 1
72739 1
72763 1
72767 1
72797 1
72817 1
72823 1
72859 1
72869 1
72871 1
72883 1
72889 1
72893 1
72901 1
72907 1
72911 1
72923 1
72931 1
72937 1
72949 1
72953 1
72959 1
72973 1
72977 1
72997 1
73009 1
73013 1
73019 1
73037 1
73039 1
73043 1
73061 1
73063 1
73079 1
73091 1
73121 1
73127 1
73133 1
73141 1
73181 1
73189 1
73237 1
73243 1
73259 1
73277 1
73291 1
73303 1
73309 1
73327 1
73331 1
73351 1
73361 1
73363 1
73369 1
73379 1
73387 1
73417 1
73421 1
73433 1
73453 1
73459 1
73471 1
73477 1
73483 1
73517 1
73523 1
73529 1
73547 1
73553 1
73561 1
73571 1
73583 1
73589 1
73597 1
73607 1
73609 1
73613 1
73637 1
73643 1
73651 1
73673 1
73679 1
73681 1
73693 1
73699 1
73709 1
73721 1
73727 1
73751 1
73757 1
73771 1
73783 1
73819 1
73823 1
73847 1
73849 1
73859 1
73867 1
73877 1
73883 1
73897 1
73907 1
73939 1
73943 1
73951 1
73961 1
73973 1
73999 1
74017 1
74021 1
74027 1
74047 1
74051 1
74071 1
74077 1
74093 1
74099 1
74101 1
74131 1
74143 1
74149 1
74159 1
74161 1
74167 1
74177 1
74189 1
74197 1
74201 1
74203 1
74209 1
74219 1
74231 1
74257 1
74279 1
74287 1
74293 1
74297 1
74311 1
74317 1
74323 1
74353 1
74357 1
74363 1
74377 1
74381 1
74383 1
74411 1
74413 1
74419 1
74441 1
74449 1
74453 1
74471 1
74489 1
74507 1
74509 1
74521 1
74527 1
74531 1
74551 1
74561 1
74567 1
74573 1
74587 1
74597 1
74609 1
74611 1
74623 1
74653 1
74687 1
74699 1
74707 1
74713 1
74717 1
74719 1
74729 1
74731 1
74747 1
74759 1
74761 1
74771 1
74779 1
74797 1
74821 1
74827 1
74831 1
74843 1
74857 1
74861 1
74869 1
74873 1
74887 1
74891 1
74897 1
74903 1
74923 1
74929 1
74933 1
74941 1
74959 1
75011 1
75013 1
75017 1
75029 1
75037 1
75041 1
75079 1
75083 1
75109 1
75133 1
75149 1
75161 1
75167 1
75169 1
75181 1
75193 1
75209 1
75211 1
75217 1
75223 1
75227 1
75239 1
75253 1
75269 1
75277 1
75289 1
75307 1
75323 1
75329 1
75337 1
75347 1
75353 1
75367 1
75377 1
75389 1
75391 1
75401 1
75403 1
75407 1
75431 1
75437 1
75479 1
75503 1
75511 1
75521 1
75527 1
75533 1
75539 1
75541 1
75553 1
75557 1
75571 1
75577 1
75583 1
75611 1
75617 1
75619 1
75629 1
75641 1
75653 1
75659 1
75679 1
75683 1
75689 1
75703 1
75707 1
75709 1
75721 1
75731 1
75743 1
75767 1
75773 1
75781 1
75787 1
75793 1
75797 1
75821 1
75833 1
75853 1
75869 1
75883 1
75913 1
75931 1
75937 1
75941 1
75967 1
75979 1
75983 1
75989 1
75991 1
75997 1
76001 1
76003 1
76031 1
76039 1
76079 1
76081 1
76091 1
76099 1
76103 1
76123 1
76129 1
76147 1
76157 1
76159 1
76163 1
76207 1
76213 1
76231 1
76243 1
76249 1
76253 1
76259 1
76261 1
76283 1
76289 1
76303 1
76333 1
76343 1
76367 1
76369 1
76379 1
76387 1
76403 1
76421 1
76423 1
76441 1
76463 1
76471 1
76481 1
76487 1
76493 1
76507 1
76511 1
76519 1
76537 1
76541 1
76543 1
76561 1
76579 1
76597 1
76603 1
76607 1
76631 1
76649 1
76651 1
76667 1
76673 1
76679 1
76697 1
76717 1
76733 1
76753 1
76757 1
76771 1
76777 1
76781 1
76801 1
76819 1
76829 1
76831 1
76837 1
76847 1
76871 1
76873 1
76883 1
76907 1
76913 1
76919 1
76943 1
76949 1
76961 1
76963 1
76991 1
77003 1
77017 1
77023 1
77029 1
77041 1
77047 1
77069 1
77081 1
77093 1
77101 1
77137 1
77141 1
77153 1
77167 1
77171 1
77191 1
77201 1
77213 1
77237 1
77239 1
77243 1
77249 1
77261 1
77263 1
77267 1
77269 1
77279 1
77291 1
77317 1
77323 1
77339 1
77347 1
77351 1
77359 1
77369 1
77377 1
77383 1
77417 1
77419 1
77431 1
77447 1
77471 1
77477 1
77479 1
77489 1
77491 1
77509 1
77513 1
77521 1
77527 1
77543 1
77549 1
77551 1
77557 1
77563 1
77569 1
77573 1
77587 1
77591 1
77611 1
77617 1
77621 1
77641 1
77647 1
77659 1
77681 1
77687 1
77689 1
77699 1
77711 1
77713 1
77719 1
77723 1
77731 1
77743 1
77747 1
77761 1
77773 1
77783 1
77797 1
77801 1
77813 1
77839 1
77849 1
77863 1
77867 1
77893 1
77899 1
77929 1
77933 1
77951 1
77969 1
77977 1
77983 1
77999 1
78007 1
78017 1
78031 1
78041 1
78049 1
78059 1
78079 1
78101 1
78121 1
78137 1
78139 1
78157 1
78163 1
78167 1
78173 1
78179 1
78191 1
78193 1
78203 1
78229 1
78233 1
78241 1
78259 1
78277 1
78283 1
78301 1
78307 1
78311 1
78317 1
78341 1
78347 1
78367 1
78401 1
78427 1
78437 1
78439 1
78467 1
78479 1
78487 1
78497 1
78509 1
78511 1
78517 1
78539 1
78541 1
78553 1
78569 1
78571 1
78577 1
78583 1
78593 1
78607 1
78623 1
78643 1
78649 1
78653 1
78691 1
78697 1
78707 1
78713 1
78721 1
78737 1
78779 1
78781 1
78787 1
78791 1
78797 1
78803 1
78809 1
78823 1
78839 1
78853 1
78857 1
78877 1
78887 1
78889 1
78893 1
78901 1
78919 1
78929 1
78941 1
78977 1
78979 1
78989 1
79031 1
79039 1
79043 1
79063 1
79087 1
79103 1
79111 1
79133 1
79139 1
79147 1
79151 1
79153 1
79159 1
79181 1
79187 1
79193 1
79201 1
79229 1
79231 1
79241 1
79259 1
79273 1
79279 1
79283 1
79301 1
79309 1
79319 1
79333 1
79337 1
79349 1
79357 1
79367 1
79379 1
79393 1
79397 1
79399 1
79411 1
79423 1
79427 1
79433 1
79451 1
79481 1
79493 1
79531 1
79537 1
79549 1
79559 1
79561 1
79579 1
79589 1
79601 1
79609 1
79613 1
79621 1
79627 1
79631 1
79633 1
79657 1
79669 1
79687 1
79691 1
79693 1
79697 1
79699 1
79757 1
79769 1
79777 1
79801 1
79811 1
79813 1
79817 1
79823 1
79829 1
79841 1
79843 1
79847 1
79861 1
79867 1
79873 1
79889 1
79901 1
79903 1
79907 1
79939 1
79943 1
79967 1
79973 1
79979 1
79987 1
79997 1
79999 1
80021 1
80039 1
80051 1
80071 1
80077 1
80107 1
80111 1
80141 1
80147 1
80149 1
80153 1
80167 1
80173 1
80177 1
80191 1
80207 1
80209 1
80221 1
80231 1
80233 1
80239 1
80251 1
80263 1
80273 1
80279 1
80287 1
80309 1
80317 1
80329 1
80341 1
80347 1
80363 1
80369 1
80387 1
80407 1
80429 1
80447 1
80449 1
80471 1
80473 1
80489 1
80491 1
80513 1
80527 1
80537 1
80557 1
80567 1
80599 1
80603 1
80611 1
80621 1
80627 1
80629 1
80651 1
80657 1
80669 1
80671 1
80677 1
80681 1
80683 1
80687 1
80701 1
80713 1
80737 1
80747 1
80749 1
80761 1
80777 1
80779 1
80783 1
80789 1
80803 1
80809 1
80819 1
80831 1
80833 1
80849 1
80863 1
80897 1
80909 1
80911 1
80917 1
80923 1
80929 1
80933 1
80953 1
80963 1
80989 1
81001 1
81013 1
81017 1
81019 1
81023 1
81031 1
81041 1
81043 1
81047 1
81049 1
81071 1
81077 1
81083 1
81097 1
81101 1
81119 1
81131 1
81157 1
81163 1
81173 1
81181 1
81197 1
81199 1
81203 1
81223 1
81233 1
81239 1
81281 1
81283 1
81293 1
81299 1
81307 1
81331 1
81343 1
81349 1
81353 1
81359 1
81371 1
81373 1
81401 1
81409 1
81421 1
81439 1
81457 1
81463 1
81509 1
81517 1
81527 1
81533 1
81547 1
81551 1
81553 1
81559 1
81563 1
81569 1
81611 1
81619 1
81629 1
81637 1
81647 1
81649 1
81667 1
81671 1
81677 1
81689 1
81701 1
81703 1
81707 1
81727 1
81737 1
81749 1
81761 1
81769 1
81773 1
81799 1
81817 1
81839 1
81847 1
81853 1
81869 1
81883 1
81899 1
81901 1
81919 1
81929 1
81931 1
81937 1
81943 1
81953 1
81967 1
81971 1
81973 1
82003 1
82007 1
82009 1
82013 1
82021 1
82031 1
82037 1
82039 1
82051 1
82067 1
82073 1
82129 1
82139 1
82141 1
82153 1
82163 1
82171 1
82183 1
82189 1
82193 1
82207 1
82217 1
82219 1
82223 1
82231 1
82237 1
82241 1
82261 1
82267 1
82279 1
82301 1
82307 1
82339 1
82349 1
82351 1
82361 1
82373 1
82387 1
82393 1
82421 1
82457 1
82463 1
82469 1
82471 1
82483 1
82487 1
82493 1
82499 1
82507 1
82529 1
82531 1
82549 1
82559 1
82561 1
82567 1
82571 1
82591 1
82601 1
82609 1
82613 1
82619 1
82633 1
82651 1
82657 1
82699 1
82721 1
82723 1
82727 1
82729 1
82757 1
82759 1
82763 1
82781 1
82787 1
82793 1
82799 1
82811 1
82813 1
82837 1
82847 1
82883 1
82889 1
82891 1
82903 1
82913 1
82939 1
82963 1
82981 1
82997 1
83003 1
83009 1
83023 1
83047 1
83059 1
83063 1
83071 1
83077 1
83089 1
83093 1
83101 1
83117 1
83137 1
83177 1
83203 1
83207 1
83219 1
83221 1
83227 1
83231 1
83233 1
83243 1
83257 1
83267 1
83269 1
83273 1
83299 1
83311 1
83339 1
83341 1
83357 1
83383 1
83389 1
83399 1
83401 1
83407 1
83417 1
83423 1
83431 1
83437 1
83443 1
83449 1
83459 1
83471 1
83477 1
83497 1
83537 1
83557 1
83561 1
83563 1
83579 1
83591 1
83597 1
83609 1
83617 1
83621 1
83639 1
83641 1
83653 1
83663 1
83689 1
83701 1
83717 1
83719 1
83737 1
83761 1
83773 1
83777 1
83791 1
83813 1
83833 1
83843 1
83857 1
83869 1
83873 1
83891 1
83903 1
83911 1
83921 1
83933 1
83939 1
83969 1
83983 1
83987 1
84011 1
84017 1
84047 1
84053 1
84059 1
84061 1
84067 1
84089 1
84121 1
84127 1
84131 1
84137 1
84143 1
84163 1
84179 1
84181 1
84191 1
84199 1
84211 1
84221 1
84223 1
84229 1
84239 1
84247 1
84263 1
84299 1
84307 1
84313 1
84317 1
84319 1
84347 1
84349 1
84377 1
84389 1
84391 1
84401 1
84407 1
84421 1
84431 1
84437 1
84443 1
84449 1
84457 1
84463 1
84467 1
84481 1
84499 1
84503 1
84509 1
84521 1
84523 1
84533 1
84551 1
84559 1
84589 1
84629 1
84631 1
84649 1
84653 1
84659 1
84673 1
84691 1
84697 1
84701 1
84713 1
84719 1
84731 1
84737 1
84751 1
84761 1
84787 1
84793 1
84809 1
84811 1
84827 1
84857 1
84859 1
84869 1
84871 1
84913 1
84919 1
84947 1
84961 1
84967 1
84977 1
84979 1
84991 1
85009 1
85021 1
85027 1
85037 1
85049 1
85061 1
85081 1
85087 1
85091 1
85093 1
85103 1
85109 1
85121 1
85133 1
85147 1
85159 1
85193 1
85199 1
85201 1
85213 1
85223 1
85229 1
85237 1
85243 1
85247 1
85259 1
85297 1
85303 1
85313 1
85331 1
85333 1
85361 1
85363 1
85369 1
85381 1
85411 1
85427 1
85429 1
85439 1
85447 1
85451 1
85453 1
85469 1
85487 1
85513 1
85517 1
85523 1
85531 1
85549 1
85571 1
85577 1
85597 1
85601 1
85607 1
85619 1
85621 1
85627 1
85639 1
85643 1
85661 1
85667 1
85669 1
85691 1
85703 1
85711 1
85717 1
85733 1
85751 1
85781 1
85793 1
85817 1
85819 1
85829 1
85831 1
85837 1
85843 1
85847 1
85853 1
85889 1
85903 1
85909 1
85931 1
85933 1
85991 1
85999 1
86011 1
86017 1
86027 1
86029 1
86069 1
86077 1
86083 1
86111 1
86113 1
86117 1
86131 1
86137 1
86143 1
86161 1
86171 1
86179 1
86183 1
86197 1
86201 1
86209 1
86239 1
86243 1
86249 1
86257 1
86263 1
86269 1
86287 1
86291 1
86293 1
86297 1
86311 1
86323 1
86341 1
86351 1
86353 1
86357 1
86369 1
86371 1
86381 1
86389 1
86399 1
86413 1
86423 1
86441 1
86453 1
86461 1
86467 1
86477 1
86491 1
86501 1
86509 1
86531 1
86533 1
86539 1
86561 1
86573 1
86579 1
86587 1
86599 1
86627 1
86629 1
86677 1
86689 1
86693 1
86711 1
86719 1
86729 1
86743 1
86753 1
86767 1
86771 1
86783 1
86813 1
86837 1
86843 1
86851 1
86857 1
86861 1
86869 1
86923 1
86927 1
86929 1
86939 1
86951 1
86959 1
86969 1
86981 1
86993 1
87011 1
87013 1
87037 1
87041 1
87049 1
87071 1
87083 1
87103 1
87107 1
87119 1
87121 1
87133 1
87149 1
87151 1
87179 1
87181 1
87187 1
87211 1
87221 1
87223 1
87251 1
87253 1
87257 1
87277 1
87281 1
87293 1
87299 1
87313 1
87317 1
87323 1
87337 1
87359 1
87383 1
87403 1
87407 1
87421 1
87427 1
87433 1
87443 1
87473 1
87481 1
87491 1
87509 1
87511 1
87517 1
87523 1
87539 1
87541 1
87547 1
87553 1
87557 1
87559 1
87583 1
87587 1
87589 1
87613 1
87623 1
87629 1
87631 1
87641 1
87643 1
87649 1
87671 1
87679 1
87683 1
87691 1
87697 1
87701 1
87719 1
87721 1
87739 1
87743 1
87751 1
87767 1
87793 1
87797 1
87803 1
87811 1
87833 1
87853 1
87869 1
87877 1
87881 1
87887 1
87911 1
87917 1
87931 1
87943 1
87959 1
87961 1
87973 1
87977 1
87991 1
88001 1
88003 1
88007 1
88019 1
88037 1
88069 1
88079 1
88093 1
88117 1
88129 1
88169 1
88177 1
88211 1
88223 1
88237 1
88241 1
88259 1
88261 1
88289 1
88301 1
88321 1
88327 1
88337 1
88339 1
88379 1
88397 1
88411 1
88423 1
88427 1
88463 1
88469 1
88471 1
88493 1
88499 1
88513 1
88523 1
88547 1
88589 1
88591 1
88607 1
88609 1
88643 1
88651 1
88657 1
88661 1
88663 1
88667 1
88681 1
88721 1
88729 1
88741 1
88747 1
88771 1
88789 1
88793 1
88799 1
88801 1
88807 1
88811 1
88813 1
88817 1
88819 1
88843 1
88853 1
88861 1
88867 1
88873 1
88883 1
88897 1
88903 1
88919 1
88937 1
88951 1
88969 1
88993 1
88997 1
89003 1
89009 1
89017 1
89021 1
89041 1
89051 1
89057 1
89069 1
89071 1
89083 1
89087 1
89101 1
89107 1
89113 1
89119 1
89123 1
89137 1
89153 1
89189 1
89203 1
89209 1
89213 1
89227 1
89231 1
89237 1
89261 1
89269 1
89273 1
89293 1
89303 1
89317 1
89329 1
89363 1
89371 1
89381 1
89387 1
89393 1
89399 1
89413 1
89417 1
89431 1
89443 1
89449 1
89459 1
89477 1
89491 1
89501 1
89513 1
89519 1
89521 1
89527 1
89533 1
89561 1
89563 1
89567 1
89591 1
89597 1
89599 1
89603 1
89611 1
89627 1
89633 1
89653 1
89657 1
89659 1
89669 1
89671 1
89681 1
89689 1
89753 1
89759 1
89767 1
89779 1
89783 1
89797 1
89809 1
89819 1
89821 1
89833 1
89839 1
89849 1
89867 1
89891 1
89897 1
89899 1
89909 1
89917 1
89923 1
89939 1
89959 1
89963 1
89977 1
89983 1
89989 1
90001 1
90007 1
90011 1
90017 1
90019 1
90023 1
90031 1
90053 1
90059 1
90067 1
90071 1
90073 1
90089 1
90107 1
90121 1
90127 1
90149 1
90163 1
90173 1
90187 1
90191 1
90197 1
90199 1
90203 1
90217 1
90227 1
90239 1
90247 1
90263 1
90271 1
90281 1
90289 1
90313 1
90353 1
90359 1
90371 1
90373 1
90379 1
90397 1
90401 1
90403 1
90407 1
90437 1
90439 1
90469 1
90473 1
90481 1
90499 1
90511 1
90523 1
90527 1
90529 1
90533 1
90547 1
90583 1
90599 1
90617 1
90619 1
90631 1
90641 1
90647 1
90659 1
90677 1
90679 1
90697 1
90703 1
90709 1
90731 1
90749 1
90787 1
90793 1
90803 1
90821 1
90823 1
90833 1
90841 1
90847 1
90863 1
90887 1
90901 1
90907 1
90911 1
90917 1
90931 1
90947 1
90971 1
90977 1
90989 1
90997 1
91009 1
91019 1
91033 1
91079 1
91081 1
91097 1
91099 1
91121 1
91127 1
91129 1
91139 1
91141 1
91151 1
91153 1
91159 1
91163 1
91183 1
91193 1
91199 1
91229 1
91237 1
91243 1
91249 1
91253 1
91283 1
91291 1
91297 1
91303 1
91309 1
91331 1
91367 1
91369 1
91373 1
91381 1
91387 1
91393 1
91397 1
91411 1
91423 1
91433 1
91453 1
91457 1
91459 1
91463 1
91493 1
91499 1
91513 1
91529 1
91541 1
91571 1
91573 1
91577 1
91583 1
91591 1
91621 1
91631 1
91639 1
91673 1
91691 1
91703 1
91711 1
91733 1
91753 1
91757 1
91771 1
91781 1
91801 1
91807 1
91811 1
91813 1
91823 1
91837 1
91841 1
91867 1
91873 1
91909 1
91921 1
91939 1
91943 1
91951 1
91957 1
91961 1
91967 1
91969 1
91997 1
92003 1
92009 1
92033 1
92041 1
92051 1
92077 1
92083 1
92107 1
92111 1
92119 1
92143 1
92153 1
92173 1
92177 1
92179 1
92189 1
92203 1
92219 1
92221 1
92227 1
92233 1
92237 1
92243 1
92251 1
92269 1
92297 1
92311 1
92317 1
92333 1
92347 1
92353 1
92357 1
92363 1
92369 1
92377 1
92381 1
92383 1
92387 1
92399 1
92401 1
92413 1
92419 1
92431 1
92459 1
92461 1
92467 1
92479 1
92489 1
92503 1
92507 1
92551 1
92557 1
92567 1
92569 1
92581 1
92593 1
92623 1
92627 1
92639 1
92641 1
92647 1
92657 1
92669 1
92671 1
92681 1
92683 1
92693 1
92699 1
92707 1
92717 1
92723 1
92737 1
92753 1
92761 1
92767 1
92779 1
92789 1
92791 1
92801 1
92809 1
92821 1
92831 1
92849 1
92857 1
92861 1
92863 1
92867 1
92893 1
92899 1
92921 1
92927 1
92941 1
92951 1
92957 1
92959 1
92987 1
92993 1
93001 1
93047 1
93053 1
93059 1
93077 1
93083 1
93089 1
93097 1
93103 1
93113 1
93131 1
93133 1
93139 1
93151 1
93169 1
93179 1
93187 1
93199 1
93229 1
93239 1
93241 1
93251 1
93253 1
93257 1
93263 1
93281 1
93283 1
93287 1
93307 1
93319 1
93323 1
93329 1
93337 1
93371 1
93377 1
93383 1
93407 1
93419 1
93427 1
93463 1
93479 1
93481 1
93487 1
93491 1
93493 1
93497 1
93503 1
93523 1
93529 1
93553 1
93557 1
93559 1
93563 1
93581 1
93601 1
93607 1
93629 1
93637 1
93683 1
93701 1
93703 1
93719 1
93739 1
93761 1
93763 1
93787 1
93809 1
93811 1
93827 1
93851 1
93871 1
93887 1
93889 1
93893 1
93901 1
93911 1
93913 1
93923 1
93937 1
93941 1
93949 1
93967 1
93971 1
93979 1
93983 1
93997 1
94007 1
94009 1
94033 1
94049 1
94057 1
94063 1
94079 1
94099 1
94109 1
94111 1
94117 1
94121 1
94151 1
94153 1
94169 1
94201 1
94207 1
94219 1
94229 1
94253 1
94261 1
94273 1
94291 1
94307 1
94309 1
94321 1
94327 1
94331 1
94343 1
94349 1
94351 1
94379 1
94397 1
94399 1
94421 1
94427 1
94433 1
94439 1
94441 1
94447 1
94463 1
94477 1
94483 1
94513 1
94529 1
94531 1
94541 1
94543 1
94547 1
94559 1
94561 1
94573 1
94583 1
94597 1
94603 1
94613 1
94621 1
94649 1
94651 1
94687 1
94693 1
94709 1
94723 1
94727 1
94747 1
94771 1
94777 1
94781 1
94789 1
94793 1
94811 1
94819 1
94823 1
94837 1
94841 1
94847 1
94849 1
94873 1
94889 1
94903 1
94907 1
94933 1
94949 1
94951 1
94961 1
94993 1
94999 1
95003 1
95009 1
95021 1
95027 1
95063 1
95071 1
95083 1
95087 1
95089 1
95093 1
95101 1
95107 1
95111 1
95131 1
95143 1
95153 1
95177 1
95189 1
95191 1
95203 1
95213 1
95219 1
95231 1
95233 1
95239 1
95257 1
95261 1
95267 1
95273 1
95279 1
95287 1
95311 1
95317 1
95327 1
95339 1
95369 1
95383 1
95393 1
95401 1
95413 1
95419 1
95429 1
95441 1
95443 1
95461 1
95467 1
95471 1
95479 1
95483 1
95507 1
95527 1
95531 1
95539 1
95549 1
95561 1
95569 1
95581 1
95597 1
95603 1
95617 1
95621 1
95629 1
95633 1
95651 1
95701 1
95707 1
95713 1
95717 1
95723 1
95731 1
95737 1
95747 1
95773 1
95783 1
95789 1
95791 1
95801 1
95803 1
95813 1
95819 1
95857 1
95869 1
95873 1
95881 1
95891 1
95911 1
95917 1
95923 1
95929 1
95947 1
95957 1
95959 1
95971 1
95987 1
95989 1
96001 1
96013 1
96017 1
96043 1
96053 1
96059 1
96079 1
96097 1
96137 1
96149 1
96157 1
96167 1
96179 1
96181 1
96199 1
96211 1
96221 1
96223 1
96233 1
96259 1
96263 1
96269 1
96281 1
96289 1
96293 1
96323 1
96329 1
96331 1
96337 1
96353 1
96377 1
96401 1
96419 1
96431 1
96443 1
96451 1
96457 1
96461 1
96469 1
96479 1
96487 1
96493 1
96497 1
96517 1
96527 1
96553 1
96557 1
96581 1
96587 1
96589 1
96601 1
96643 1
96661 1
96667 1
96671 1
96697 1
96703 1
96731 1
96737 1
96739 1
96749 1
96757 1
96763 1
96769 1
96779 1
96787 1
96797 1
96799 1
96821 1
96823 1
96827 1
96847 1
96851 1
96857 1
96893 1
96907 1
96911 1
96931 1
96953 1
96959 1
96973 1
96979 1
96989 1
96997 1
97001 1
97003 1
97007 1
97021 1
97039 1
97073 1
97081 1
97103 1
97117 1
97127 1
97151 1
97157 1
97159 1
97169 1
97171 1
97177 1
97187 1
97213 1
97231 1
97241 1
97259 1
97283 1
97301 1
97303 1
97327 1
97367 1
97369 1
97373 1
97379 1
97381 1
97387 1
97397 1
97423 1
97429 1
97441 1
97453 1
97459 1
97463 1
97499 1
97501 1
97511 1
97523 1
97547 1
97549 1
97553 1
97561 1
97571 1
97577 1
97579 1
97583 1
97607 1
97609 1
97613 1
97649 1
97651 1
97673 1
97687 1
97711 1
97729 1
97771 1
97777 1
97787 1
97789 1
97813 1
97829 1
97841 1
97843 1
97847 1
97849 1
97859 1
97861 1
97871 1
97879 1
97883 1
97919 1
97927 1
97931 1
97943 1
97961 1
97967 1
97973 1
97987 1
98009 1
98011 1
98017 1
98041 1
98047 1
98057 1
98081 1
98101 1
98123 1
98129 1
98143 1
98179 1
98207 1
98213 1
98221 1
98227 1
98251 1
98257 1
98269 1
98297 1
98299 1
98317 1
98321 1
98323 1
98327 1
98347 1
98369 1
98377 1
98387 1
98389 1
98407 1
98411 1
98419 1
98429 1
98443 1
98453 1
98459 1
98467 1
98473 1
98479 1
98491 1
98507 1
98519 1
98533 1
98543 1
98561 1
98563 1
98573 1
98597 1
98621 1
98627 1
98639 1
98641 1
98663 1
98669 1
98689 1
98711 1
98713 1
98717 1
98729 1
98731 1
98737 1
98773 1
98779 1
98801 1
98807 1
98809 1
98837 1
98849 1
98867 1
98869 1
98873 1
98887 1
98893 1
98897 1
98899 1
98909 1
98911 1
98927 1
98929 1
98939 1
98947 1
98953 1
98963 1
98981 1
98993 1
98999 1
99013 1
99017 1
99023 1
99041 1
99053 1
99079 1
99083 1
99089 1
99103 1
99109 1
99119 1
99131 1
99133 1
99137 1
99139 1
99149 1
99173 1
99181 1
99191 1
99223 1
99233 1
99241 1
99251 1
99257 1
99259 1
99277 1
99289 1
99317 1
99347 1
99349 1
99367 1
99371 1
99377 1
99391 1
99397 1
99401 1
99409 1
99431 1
99439 1
99469 1
99487 1
99497 1
99523 1
99527 1
99529 1
99551 1
99559 1
99563 1
99571 1
99577 1
99581 1
99607 1
99611 1
99623 1
99643 1
99661 1
99667 1
99679 1
99689 1
99707 1
99709 1
99713 1
99719 1
99721 1
99733 1
99761 1
99767 1
99787 1
99793 1
99809 1
99817 1
99823 1
99829 1
99833 1
99839 1
99859 1
99871 1
99877 1
99881 1
99901 1
99907 1
99923 1
99929 1
99961 1
99971 1
99989 1
99991 1
