981
980
979
977
975
974
974
973
972
972
971
969
968
967
965
965
966
965
964
964
965
967
967
968
968
967
966
966
965
965
965
963
962
961
961
962
963
963
961
959
958
957
955
953
952
951
951
951
949
948
947
947
947
946
944
942
941
941
942
942
941
941
940
941
943
944
944
943
942
940
939
940
941
940
939
940
941
941
939
938
937
936
936
935
934
933
932
933
933
932
932
931
930
929
928
926
924
923
922
922
922
921
922
922
922
923
922
921
921
920
918
916
915
913
912
911
909
908
907
907
908
909
909
909
908
906
906
907
906
906
905
903
901
899
897
896
895
895
895
895
894
895
895
894
894
893
891
890
890
889
888
887
886
885
884
882
881
879
878
878
877
877
876
875
874
873
871
869
869
869
867
865
863
862
860
860
861
861
859
858
858
857
856
855
853
853
854
854
855
856
856
855
855
855
855
855
853
852
850
849
848
848
850
851
850
849
849
850
852
852
851
852
852
851
852
853
853
852
851
850
848
846
845
844
843
842
842
843
844
846
847
846
846
847
848
848
847
849
849
849
849
848
846
846
846
846
845
844
844
844
844
845
847
848
847
847
847
848
849
849
849
848
847
846
847
848
848
848
848
846
845
844
844
845
844
843
842
841
841
841
842
842
842
843
842
841
840
839
838
837
836
835
834
832
832
832
833
833
832
833
834
833
832
832
831
832
831
829
828
827
826
826
827
829
829
827
827
827
826
825
823
822
821
821
821
821
820
820
821
821
820
818
817
817
818
819
820
820
819
819
820
820
819
818
817
818
818
817
816
816
814
814
813
812
812
811
810
809
808
807
806
804
802
800
799
799
800
800
798
798
798
797
797
799
799
798
798
796
794
794
794
792
791
791
791
789
789
790
790
791
791
790
791
791
790
789
788
789
788
788
788
786
785
784
783
782
781
779
777
777
777
776
776
778
779
780
780
778
776
774
773
775
775
774
773
772
771
771
772
771
770
771
771
771
771
769
767
766
765
763
762
762
761
761
760
759
759
758
757
759
759
759
760
760
761
761
761
761
760
760
759
758
757
756
756
756
755
755
755
755
753
751
749
748
747
746
745
746
745
744
744
744
746
746
744
743
743
744
745
746
746
746
748
749
749
748
747
746
744
742
741
740
740
741
741
741
741
739
739
740
741
742
742
741
743
745
745
744
743
742
741
739
739
740
741
740
738
737
736
736
737
738
738
737
736
734
734
733
733
733
732
733
734
734
732
732
731
730
730
730
729
728
729
729
728
727
727
728
728
727
727
728
729
729
728
729
729
728
727
725
724
725
725
723
721
721
721
720
720
721
721
719
717
716
715
714
714
715
716
718
718
718
720
721
722
723
724
724
722
721
721
721
720
721
723
723
722
721
722
724
724
724
724
723
723
723
722
721
720
719
717
715
713
713
713
712
713
713
713
712
711
710
710
709
707
705
703
701
701
702
702
700
699
698
696
695
696
697
696
695
695
696
696
695
694
693
694
694
693
693
692
691
690
691
691
691
691
690
690
689
687
686
687
687
686
685
684
684
683
683
683
681
680
679
679
680
681
681
679
678
678
679
679
680
680
680
680
680
681
681
680
679
678
676
676
676
677
677
675
673
672
671
670
668
666
664
664
665
664
663
663
662
660
659
658
657
659
661
662
661
660
660
660
659
658
657
658
660
662
663
663
661
662
662
662
662
661
661
661
660
660
660
661
661
660
659
658
657
656
655
654
655
656
656
655
654
652
650
649
649
648
648
648
646
645
644
643
642
641
640
639
637
638
638
637
637
636
637
638
638
636
635
634
634
634
634
634
634
634
632
633
634
635
637
638
640
641
642
643
644
645
646
647
647
649
651
652
653
655
657
658
659
660
661
663
665
667
669
670
672
673
674
676
678
679
680
682
684
686
688
690
692
693
694
696
698
700
701
703
704
706
708
710
712
714
716
718
719
720
721
722
724
726
727
728
729
731
733
735
737
739
741
743
744
745
747
749
750
751
752
754
756
758
759
761
762
764
766
766
767
768
770
772
774
775
777
778
779
781
782
783
785
787
789
791
793
794
795
797
799
801
803
805
805
807
809
810
811
813
815
817
818
820
821
822
823
824
826
828
830
832
834
835
837
839
841
842
844
846
847
849
850
851
852
853
854
855
856
858
860
862
864
866
868
870
872
874
876
878
880
881
883
884
885
887
889
890
892
893
894
896
898
900
902
904
906
908
910
912
914
915
916
917
919
921
923
925
927
928
929
930
931
933
934
935
937
938
939
940
941
943
945
946
948
950
952
954
956
957
958
960
961
962
964
966
967
969
970
972
974
976
978
980
981
