776
775
775
775
775
775
774
773
774
775
775
775
776
775
775
773
774
775
776
776
774
775
776
776
774
773
773
774
775
776
775
774
774
775
775
776
776
776
775
776
776
776
775
776
776
775
774
774
774
775
775
775
776
776
776
776
776
775
774
774
774
775
775
773
773
772
772
770
768
768
769
769
768
769
769
769
768
769
770
771
771
771
770
770
768
768
769
769
767
766
765
765
765
764
766
766
766
765
766
767
768
768
768
769
769
769
769
768
767
766
766
767
767
768
767
765
765
764
764
762
761
761
759
759
758
758
759
760
760
761
761
761
762
763
763
764
764
765
765
765
764
764
765
766
767
766
766
765
765
764
763
762
761
761
761
761
760
760
759
759
761
761
762
762
761
761
761
762
763
765
765
765
765
766
765
764
763
762
760
758
758
759
759
758
759
759
759
760
760
761
761
761
761
760
761
761
760
760
760
760
759
761
762
762
761
759
760
759
758
757
757
756
757
757
756
754
753
752
750
749
749
747
746
746
744
742
742
741
741
741
740
742
742
741
740
739
738
739
738
738
736
735
735
735
736
737
737
736
736
736
735
735
735
737
737
737
737
736
735
735
734
733
734
734
734
735
735
735
736
737
737
737
737
738
740
740
740
740
742
742
742
741
742
742
741
740
738
739
738
737
737
738
738
737
735
736
736
736
736
736
737
738
739
740
740
740
740
739
739
740
740
738
736
736
736
736
734
733
734
735
734
734
733
732
731
730
731
733
734
734
734
734
735
735
737
737
736
736
735
734
732
733
733
732
731
732
732
731
731
733
733
734
734
734
734
734
734
735
735
735
736
737
737
737
737
738
739
741
742
742
742
743
743
742
742
742
741
739
740
740
739
738
739
741
742
741
740
740
740
738
739
739
740
741
741
741
741
741
741
741
741
742
742
741
740
740
740
740
740
740
739
739
740
739
738
740
740
739
739
738
737
736
737
736
736
735
736
736
735
737
738
738
738
737
737
736
736
735
735
734
734
735
735
736
738
738
738
738
738
737
735
734
735
735
736
738
738
736
735
734
733
732
732
731
732
732
730
729
728
730
730
730
730
730
730
731
731
731
730
732
732
734
734
734
734
735
735
735
735
734
734
734
733
732
731
730
730
729
728
728
728
727
726
726
725
724
722
721
722
722
722
721
722
723
724
724
722
723
723
722
722
724
724
724
725
725
725
724
723
724
723
722
720
719
719
718
717
715
716
716
716
716
716
716
715
714
713
713
713
713
713
713
713
714
714
713
713
714
714
714
713
713
713
713
713
712
711
710
710
708
708
709
708
708
708
708
707
708
708
708
707
706
705
705
705
705
706
706
705
705
703
701
701
700
698
699
698
697
697
697
698
699
700
700
699
700
702
702
701
702
704
704
706
706
705
706
706
706
706
706
706
706
706
705
704
704
704
706
706
706
705
706
706
704
704
704
703
705
705
703
703
704
705
705
704
704
704
703
702
700
699
699
700
699
699
699
698
699
700
701
701
699
700
699
700
700
698
698
699
699
697
696
696
695
697
697
697
698
699
699
699
699
698
698
696
696
697
697
697
697
695
694
694
694
694
695
695
693
692
690
689
689
690
689
690
691
691
691
691
691
689
690
691
692
693
694
694
695
695
695
695
695
696
697
696
697
697
696
694
692
691
691
692
692
691
691
691
690
689
689
688
687
687
686
684
683
682
683
683
683
683
682
682
681
681
681
681
680
679
679
679
679
679
678
676
676
676
674
673
673
673
673
673
672
672
671
670
671
671
670
669
670
670
670
671
671
672
673
673
674
675
675
675
675
677
678
679
680
681
681
681
681
680
680
679
680
681
681
680
680
680
679
677
678
678
676
677
677
676
676
677
677
678
678
678
678
677
676
676
676
676
676
677
678
679
679
678
677
677
678
678
678
678
678
678
677
677
677
676
675
674
674
675
675
674
672
673
674
675
675
673
673
674
674
673
674
675
675
675
675
675
674
674
675
674
673
673
672
670
670
670
670
669
669
669
668
668
668
667
667
665
665
666
668
668
667
669
670
671
671
672
672
672
673
675
675
676
678
678
679
680
681
683
684
685
685
685
686
687
688
690
691
692
693
695
696
698
698
700
702
703
703
703
704
705
706
706
707
707
708
710
712
712
714
715
716
717
719
720
721
723
724
725
725
726
728
729
731
732
733
735
737
738
740
741
742
744
744
744
745
746
748
749
749
751
752
753
754
755
756
757
758
758
760
761
761
762
762
764
765
766
767
768
769
771
773
774
775
775
776
