448
446
445
445
446
447
446
444
445
446
447
448
448
447
446
446
445
446
446
445
445
445
446
447
448
448
448
448
447
447
448
448
447
448
448
447
447
448
448
448
448
448
448
448
448
447
447
446
446
446
445
443
441
440
438
437
437
437
438
438
437
438
439
438
437
439
439
440
441
442
442
440
439
441
441
440
441
442
441
441
439
438
438
437
437
435
434
433
433
434
435
435
434
435
435
436
437
438
437
436
436
438
438
437
437
438
438
438
437
436
436
435
437
437
435
435
436
436
435
433
433
433
434
435
435
433
432
434
436
436
435
435
434
432
432
433
434
434
433
433
433
433
432
431
430
431
431
430
428
426
427
427
425
424
425
425
424
424
424
425
426
428
428
428
429
431
431
430
430
430
430
429
430
430
428
428
428
426
427
427
426
425
423
422
422
420
421
421
419
418
418
420
420
418
419
420
420
419
419
419
418
417
416
415
416
416
414
412
410
409
407
408
408
406
404
402
402
403
403
402
402
402
402
400
400
399
399
398
397
396
397
396
394
393
392
391
392
393
395
395
394
393
392
390
389
390
390
388
389
389
387
387
387
388
389
389
389
390
389
389
389
388
387
386
386
385
386
387
388
389
391
391
391
391
390
388
387
389
389
388
387
387
386
385
385
384
382
381
380
379
377
376
375
376
376
375
374
373
372
373
373
372
370
370
371
371
370
368
367
368
368
367
368
368
368
366
367
369
371
372
372
374
374
373
374
374
373
372
374
375
374
374
373
373
373
374
375
375
375
375
376
376
376
375
374
373
372
372
372
371
370
371
372
372
370
370
370
370
371
371
371
372
373
374
375
376
375
373
372
370
370
371
371
371
370
370
371
372
372
371
371
371
371
370
370
370
369
369
367
366
366
365
364
362
361
363
363
363
362
361
362
362
360
361
361
359
359
360
359
358
358
359
360
360
360
361
361
360
359
359
358
359
359
358
358
357
355
354
353
351
350
348
348
347
348
348
349
349
348
347
347
346
346
348
349
351
352
354
356
357
359
361
363
365
366
368
370
371
372
373
374
376
378
379
380
381
383
384
385
387
388
388
390
390
392
392
393
394
395
397
398
399
401
403
405
407
409
411
413
414
415
417
419
420
422
424
425
427
428
429
431
433
435
436
437
438
440
442
444
446
447
448
