993521856
29994288
333203466
145562807
175597089
39446495
811992701
462199081
39571517
1133048236
227793258
703262328
11133926
67123949
320968596
203264938
208444176
916376618
26623356
1487031030
795173591
17983731
251439955
428746044
499099657
855940048
509421278
91525879
372082599
296812803
708150530
367038655
12203145
361390353
81984977
474238331
390845748
401946
778860924
698858845
1507996742
175400545
313120833
220937481
11423246
88722510
385065244
208929122
168948393
70379613
50769776
572876774
681616500
184646342
235010006
950513379
739000353
289730943
286347020
595263213
723304657
23701575
5098203
570539179
143752136
301216908
462065532
222647588
643012521
143164705
14233320
733135580
715978227
396410931
106343324
533181809
431646315
301420684
95897491
358010255
175211110
194137352
61758286
5309343
478917357
1120738211
1322130514
270777346
296046526
566078755
623033358
872655040
110788655
647976467
444395869
382694603
751257361
67587033
354997784
254719030
