10254
2634
1702
27
5623
5747
1703
8040
19570
1602
5774
6646
21564
1090
5494
8792
8051
11054
8798
1423
5544
3681
2685
16304
1300
127
1706
450
2771
3697
4046
11109
19808
1301
2347
331
7538
6909
568
20914
4467
4715
2751
670
746
3149
3783
190
12484
1030
4334
18612
5686
608
18171
3061
8730
2206
6871
8925
866
6580
4809
121
1129
3319
22390
12655
7112
1639
3948
2161
197
2091
13420
8312
2500
1020
31
2085
3208
11779
3305
4028
1491
5236
8331
16943
3575
1545
1137
3934
16375
241
1736
1112
2685
5273
9595
8375
