89056
2347
41318
1234
60743
87916
1347
29523
10131
56253
20416
5974
817
41421
35911
7175
1664
55084
104475
32058
61996
11850
3354
47640
18544
27556
109111
70521
26863
81562
76947
31557
74810
127
59216
27864
8712
94155
20225
41934
7156
28342
65195
23478
7602
19862
89671
4421
41833
119948
4693
9289
50712
55707
2766
11721
25390
28805
39076
3163
866
18279
128861
16996
19543
91454
27345
910
25540
126159
35700
25873
15589
33025
63734
35912
38675
116919
5786
87510
12064
44495
13636
4135
159100
125446
97383
16801
18665
76448
119142
876
62766
83151
25051
125396
27719
19991
126917
83254
20532
11071
83379
151421
42267
10228
40835
148986
19582
28900
137347
11259
66812
19872
50297
24449
2876
62289
80751
106517
58783
33528
4200
57175
2319
109642
28661
15977
68358
7520
21366
76682
74066
96661
5092
148049
55580
76929
1705
51344
99907
4212
57773
59154
14923
15427
95714
127728
9599
187472
19675
125356
36909
66069
85561
53398
10671
44014
62121
128857
45205
116505
29418
81101
41680
20650
27254
910
84437
121331
106489
74143
11480
73987
15177
23179
3098
39650
38422
96572
30911
97831
153516
30924
16027
84785
72574
33412
17909
23011
58111
652
161025
111723
58614
123195
8934
136320
57806
8810
5917
15985
23506
8024
36969
70726
122473
16371
57884
23336
47783
1520
39777
24755
50919
174718
23236
15364
113714
1516
43656
2742
20484
34378
71669
6602
7092
11341
4552
1351
114993
30849
11388
97524
39289
9917
7732
82554
1697
3010
24626
134413
2690
2750
56616
85990
146
89579
29794
49874
72840
28120
115516
29013
123118
101791
95003
27169
42854
7009
55718
3594
6472
78589
5261
60970
19762
35005
42481
1909
90119
95619
107343
30630
39047
15798
7927
34455
5418
19583
115074
23220
38878
26385
6944
119954
41224
4355
60407
72740
134531
7549
140787
25192
9988
54932
26138
8139
13395
136227
11274
7745
118705
3467
67879
59248
8263
133210
37115
61090
159027
128687
60973
15822
162090
18629
5570
113086
9383
71744
73311
5943
42412
96571
50631
23222
9064
49356
179
21580
40370
23269
98521
7460
76271
25511
77739
26524
39262
15080
662
17937
1020
14249
64494
32906
125265
120910
9083
26004
51205
9427
35932
61506
46764
40993
40951
40064
12927
49356
40520
6043
18222
24029
43284
60259
47522
7676
17920
6809
66339
121623
4477
14044
67560
21134
12611
2808
124624
20099
21899
131629
46610
102786
42954
141500
35309
19338
5309
9786
25634
109289
29985
10869
13951
9190
27544
6180
56843
65553
39233
8183
560
73891
31991
306
34990
96591
393
4900
20723
117810
120513
29763
26587
48848
35685
141855
34402
90355
72483
11672
31020
10489
62581
82134
19933
55815
73450
115279
70176
46066
16592
39033
26381
96906
303
70811
3626
18315
20287
34801
48971
20586
11331
41035
28633
78578
132337
8310
41800
90842
2699
115190
142038
25204
27042
3206
51819
50654
37136
7439
29789
23673
2713
6140
113650
42906
149630
12896
12019
70809
43741
3568
31737
8095
18927
76269
6577
1329
42571
22932
29633
42533
38912
26081
3341
70201
60705
121629
35505
60413
1456
9885
26033
61364
138904
844
55394
2400
7725
93513
158708
60752
30942
85400
12165
6111
71528
61759
43525
57686
97233
6918
122673
44825
7569
31531
120238
29667
8607
71342
34617
54099
27967
138903
15831
39843
36197
41585
137209
11391
121842
4459
15139
59268
7599
36774
26249
18327
5511
8250
13656
90538
29221
56429
79191
47507
22006
21628
99521
90784
10263
27525
8661
16469
77549
98222
17065
65166
92453
2285
4172
7767
2683
4487
1289
74731
41871
49907
38158
601
2148
9510
131467
65934
111894
59641
77861
49700
13234
16968
43243
58604
10706
2363
18441
90261
19796
79872
43417
5211
34750
27483
39406
45278
9029
18499
123209
49547
93864
35163
124756
80632
12247
36988
102154
55019
30068
25429
66720
17749
122761
2271
101705
128083
18670
163973
107669
33263
68473
16625
69437
39206
1565
59836
114963
21526
25176
9230
152090
48389
53281
127516
63378
148633
1634
32718
3947
69632
11565
162898
12199
4716
3688
106657
7478
15063
67519
65038
18894
121209
74500
50683
49615
5297
151972
16430
14770
9446
18068
6382
6892
55637
38263
23409
97997
81297
90858
18516
4374
96728
113888
72043
73094
96523
35068
50703
25399
30068
22981
9396
31538
41467
82439
63151
15648
120470
20847
3990
13265
132857
148413
94383
23918
130709
7058
59970
9254
42538
113801
16050
12395
14525
53697
3185
68787
135467
65181
71092
18489
52196
25533
99122
2619
31299
5551
7861
65383
41276
50728
121758
64630
76976
77619
19460
23821
2446
11255
105955
12900
35472
32421
76435
69529
87
46491
133005
8662
1209
30553
175107
806
28005
126939
53807
44226
13716
17285
121305
21575
72799
15904
105627
37695
40983
43818
84431
97847
143904
69588
22182
5367
95473
11528
87452
43677
4352
117471
60183
2747
27637
48880
49536
16607
18317
16642
26391
95669
62761
22013
3734
25418
101742
98097
28931
90289
51423
52670
47685
20155
34815
112668
8825
21194
18956
20910
84778
6498
7803
73746
15056
31703
129590
119319
18729
40789
33886
69882
84881
35796
111645
22273
52984
70657
30035
7537
76274
40340
4891
31136
20697
102932
106644
11637
71175
104532
3471
153107
94872
17833
23833
2727
29712
111610
10486
93502
2498
101553
117996
28274
23511
39921
90049
2543
1167
2582
26162
109362
13318
14668
595
53654
2325
6544
86395
166086
23064
25734
95171
48080
100730
86879
117488
18275
5618
37593
37922
85595
24419
13015
164961
54279
777
4360
39024
78557
38539
33048
15411
14502
16571
13028
11959
31541
85141
100946
34265
35276
49790
30505
42918
89964
15744
65675
3113
57494
54608
47523
59177
21864
62572
98981
20693
5810
31834
784
645
7584
5612
8509
1059
40247
17321
1144
31279
27445
77359
6673
1612
104707
16595
119606
14637
8418
5780
71965
12510
89387
20715
10581
22626
12140
90001
39559
129017
11131
50017
5803
23754
82518
95766
37900
43636
90472
65559
84068
113459
130808
5920
42328
54150
85651
92730
3364
10248
2024
1592
20919
4971
3033
165976
5251
12214
131386
100041
14123
74433
44570
14791
90308
59943
40635
29518
4208
122069
21873
4723
76981
9103
94966
6793
42224
81172
50769
116403
34548
93098
2505
108795
102208
129858
21706
56690
23820
41180
65526
61295
22382
71967
59355
10537
36355
40207
63128
51660
28445
3990
82019
53008
63192
96444
82680
152999
113068
161474
125640
89465
64052
120156
105330
8461
321
46610
91157
3456
33758
19248
85119
5201
80044
32171
110955
84533
118436
1082
40472
104622
813
66986
171329
131974
699
23916
26543
43781
70738
16304
36118
55138
38006
119548
98736
10435
51854
10255
49927
143374
4571
61062
32507
33391
48843
57491
91903
1120
84185
21638
1201
56750
59253
28680
131918
13792
18584
27476
20966
47295
17865
64975
163430
1722
10591
4307
15089
58620
111854
6472
21226
2835
106573
138956
57359
9700
47901
57383
48975
43401
5563
22362
29666
117237
21880
22465
186
94658
35885
160
7599
37295
4824
3527
12508
9909
198
29050
644
14631
112698
50080
61016
84619
6942
90444
51327
18238
51398
13683
15195
7947
72175
30710
17416
41993
113912
90787
24557
51134
137594
49223
51677
18374
121542
84821
14590
13806
1840
94173
20389
44601
55157
88655
34204
14921
137552
126447
134439
52522
33750
17856
77661
101863
56859
54155
125264
25217
125630
4393
90277
36230
99697
184695
5200
39722
32817
114705
67551
40026
21321
18563
47422
92670
155784
52342
91040
130150
115170
76706
62773
3620
69334
21672
88964
24198
47964
12467
16037
124636
921
15538
17507
80943
27341
135141
6373
22184
10768
2854
53544
58835
63439
5827
5177
30716
10426
2785
77381
45259
22085
7675
5287
38168
3412
42360
53278
155832
11241
16337
18774
27942
51402
57229
24654
5328
81692
16528
6119
65256
50046
13180
118784
18571
11157
34653
93638
18174
119219
119942
82447
32326
29125
6545
55196
10022
1588
25893
44097
3848
78209
6454
114746
23502
185682
27345
22686
40783
50904
6756
40095
56144
67049
26001
110016
38385
9654
4794
3112
45196
31295
19172
79355
32613
127419
61933
33985
10393
83061
13501
22901
65765
61421
33286
138604
31369
71074
94615
30498
24277
5670
35225
13348
87714
6334
18848
8768
28291
125045
7347
22061
31322
338
2620
44457
37176
48124
23308
11359
88537
148278
8732
31677
115559
7278
48690
13407
57198
3201
18465
6138
58602
150803
164754
8518
18747
65565
6743
8283
93597
79980
10772
8269
61681
25831
28538
71153
60650
68656
7984
22726
85569
75929
77841
135461
84691
101049
21028
87163
32606
134272
177045
51823
79506
63857
69568
7343
19102
42330
37790
16652
73030
91690
133477
105629
55144
2285
250
15503
36900
30940
8482
18646
107295
100684
56666
46139
17932
208
69742
62946
6124
27096
43536
41297
48933
72013
15296
72365
79952
7812
132700
60580
247
18678
3369
82704
34279
10670
58282
15241
4746
114033
37587
57549
16832
34225
51225
130004
13124
25236
13089
59478
12195
25693
49814
75740
114994
4021
43782
153923
26678
31049
108978
21446
14739
18240
97928
27729
3719
17239
3252
53024
46259
91415
134106
50452
83983
22750
55187
92544
175979
11353
26529
44410
5438
180419
96477
44062
57340
7842
14326
6965
126493
9769
26465
91276
6222
4689
39980
304
42743
27621
94787
29865
13447
56319
92441
10737
1783
113487
27659
1362
36260
165023
103024
10331
43789
54375
8231
7362
12581
12575
20623
5360
11112
49193
55021
83691
36451
51690
105144
21144
76616
71713
89531
99574
74781
123862
31670
13194
78675
120002
8046
97738
41863
4759
10365
101771
465
41321
58756
37267
1726
66565
34986
2166
6855
59168
6736
127474
45002
148447
16458
20215
75744
73326
33042
146628
7134
88934
7008
9661
45608
18390
10807
19538
39343
12457
8152
7562
89908
82968
11329
28942
8286
55699
132850
24494
128747
23076
4895
5528
64673
4990
8335
38058
52040
5280
32794
904
22998
161762
28903
53453
27571
76050
71672
160043
23873
19453
22700
2055
2686
6391
8693
125532
21758
6712
51487
15095
138203
21027
277
87822
87588
92803
594
52006
92800
9077
51343
11093
19661
70672
2064
60724
160756
19006
31602
4664
158708
28218
74633
58235
31666
30253
49397
8332
10865
54886
16419
56354
77253
56803
56684
40904
921
2882
9408
146764
17399
38081
122968
27742
3596
14731
64678
76669
3449
8981
36082
63121
60226
4320
18840
6642
18246
94872
16458
58735
24548
9885
149905
75443
5868
4441
32105
29161
34575
54027
90867
157441
67909
67300
4839
43934
28422
44626
45001
64278
36600
53415
115491
50218
24074
96481
85112
30441
920
22569
46521
163601
4024
31306
86764
26576
9650
60845
103269
101839
150248
21953
88953
133631
173451
55061
24279
58721
827
24788
123019
31296
105029
12169
47585
120397
734
19113
65601
101904
11108
14207
61622
607
44309
2630
46076
63238
45296
42199
54078
52781
32134
15957
1102
37156
2666
84732
23685
844
154355
130362
114389
129729
51890
3095
36477
159925
39975
4292
15214
17618
30648
52032
84612
129009
69561
6990
85441
49744
1756
8288
2098
31963
23246
113690
78835
40588
101713
19266
77417
17435
189685
4196
66436
17239
29268
65691
1235
142051
123306
8994
37764
42486
6142
2876
67105
50812
20831
34255
64236
70063
122039
64472
4242
72836
73893
2537
49732
21044
49397
64648
16095
5852
42033
33868
50411
54660
26099
48872
111675
24423
140218
44559
51096
66981
8486
46507
27641
31340
28941
5057
6574
6350
7595
34840
58110
53708
93610
115910
47745
6022
34982
16273
108590
111728
160072
19344
15116
24902
82784
947
13845
79611
37811
36686
21239
15072
5884
47342
18119
37605
18767
129580
39076
4584
88713
100078
25893
56016
16747
20490
30448
3045
92998
48313
9944
146632
42842
12399
24684
58287
18674
6114
10655
76620
10888
105019
87898
144423
46540
31235
17502
35489
77002
18008
8086
126009
108324
110065
3132
20867
2797
65709
13847
70454
14854
19310
58960
98187
6607
116676
32062
22775
12850
55758
88064
28573
12001
1650
144480
13107
9972
91665
24057
93793
78340
19391
38819
30527
1814
8703
4963
12763
78672
19393
30189
67400
25674
70847
2541
41141
15358
56328
6946
95832
36079
30423
21043
9281
35781
101244
13198
22964
12666
16991
7950
49211
44131
35564
14889
14874
100968
166584
53516
19843
18608
45896
50825
39048
58830
42119
170159
41384
1749
5897
35252
98405
67249
640
157841
9029
11500
12580
1483
52300
65704
68710
8370
169784
23109
2136
113734
64639
165013
122657
2319
6012
159121
46938
45217
13118
22455
105313
93896
43290
50991
4520
46997
17542
29017
10873
49737
26665
20361
34433
90806
41976
9150
127131
91303
25027
1004
28645
65199
959
2226
125525
5798
62202
132955
2523
6959
55050
17062
106709
71541
18042
69677
770
86841
18895
8488
88993
14800
62968
115
13494
80261
91277
37662
5069
88620
1570
50806
22588
94116
53882
18922
131531
67165
10095
55480
49872
145485
27778
29785
41927
62234
52466
33474
53098
33220
60008
91965
115737
488
15910
71438
10542
72456
188893
59862
27204
14616
9112
48135
1649
2265
23590
52103
100517
92065
956
71746
109322
41580
90855
39096
10909
4534
97075
125136
149564
3283
5447
40575
3437
87974
4096
15415
92839
22647
100191
25971
4515
24485
52665
58570
222
3422
118381
23641
7594
82592
22038
19972
140167
98450
36006
79915
30210
55050
77467
137576
93231
29344
177823
33344
99831
48604
71285
80497
59725
91696
91215
35667
46964
12169
88772
8021
19921
116246
130358
122685
121582
74256
4785
24467
40478
6997
15846
21188
28444
1202
5225
8846
3475
45340
63068
21587
28305
86690
21694
40574
9326
34159
90575
15789
67552
95386
48749
52839
124557
96136
10507
20800
2841
86164
58557
64245
74586
46864
18760
135417
156075
123467
46435
102460
2115
44702
72982
20416
95598
4169
61002
83189
21945
13963
125004
21793
84667
16869
104093
136864
15134
8917
150904
35686
54505
103810
141953
57306
1713
41841
14549
35422
34535
29523
43766
117337
3973
46213
3752
21332
2639
38815
626
59138
145484
31430
16400
62158
56913
11483
52973
35205
7739
5648
54462
20867
10908
149961
126366
4473
5420
52251
25820
16860
62924
9720
26055
1217
43817
33006
36051
675
90312
97055
125882
32077
51830
27423
15172
125462
39548
19300
110750
125649
42648
66380
46611
51876
89054
126969
65822
7940
16920
45650
47956
5655
12254
38861
135473
57224
88374
37585
95723
74725
53195
58765
1286
12196
2251
54542
25375
77161
120100
61882
87105
34103
3615
124714
62454
125411
21708
96411
15264
18464
5240
114929
120896
436
40071
97634
6428
81281
58846
90174
124469
37826
55618
103184
80530
23282
30743
64004
20992
4551
9709
133998
30002
70750
128023
68881
35659
12099
44414
61530
3330
44929
2435
8598
42707
153
6332
1257
78813
1803
74209
7946
74709
29557
25242
43005
117234
34057
187717
142269
77
90489
102984
46113
61677
123424
65341
5717
61850
4528
68352
9798
55788
45503
126660
27357
109250
5904
118655
132539
33492
82287
5005
24470
61672
4336
93610
22968
26419
26528
87994
9150
24996
653
8108
129818
37665
89858
91988
4266
2002
66919
41670
362
78853
5539
51119
13992
20007
3714
89247
7399
8335
46578
12090
87714
35844
71576
14234
27276
19269
126306
41631
119341
7412
2854
61606
19953
9173
25203
141536
24767
14247
19233
126515
872
78842
55322
6507
2059
27509
41161
32293
11611
1279
37737
8284
40772
40715
73401
56336
58854
7116
46138
40413
25187
70105
95075
3812
46974
47559
66400
18430
8961
77262
3947
28838
7835
61928
60626
9735
22382
46935
63361
11466
54576
3781
19191
10405
113509
52378
43097
21865
6971
96045
20490
8149
614
60354
24547
27162
7826
184604
41951
72474
60187
1090
1490
100968
50875
1773
4524
94284
46044
48619
6432
107881
6935
106416
1716
1763
22884
21411
2176
31864
51344
2495
88330
13987
1034
17913
68924
107892
25821
133115
21311
43540
8903
3857
29272
56270
9768
15831
76423
48688
84120
4317
56961
20311
132867
20446
13059
12319
12429
1708
57927
26872
3387
12787
59459
5403
13177
2600
3089
32609
11157
70091
9351
4129
17292
78657
14911
65065
31016
138349
54162
10204
66101
7197
51250
12212
22113
3786
94310
12268
17244
58736
8928
296
28936
15333
32229
1296
36555
44937
916
2205
62542
5524
3270
1746
59875
12315
167610
5378
29910
76740
13041
30286
39115
2309
63129
8978
86329
22144
146289
19938
113271
48164
149466
17473
39229
87594
24755
2889
22698
4300
3397
78421
80393
91447
48323
113821
24926
117720
2285
74916
87201
59352
112275
796
14142
73554
32648
36498
34908
48002
29474
2997
4814
22774
20848
102513
141792
7641
7913
51541
69686
95718
36583
74891
142880
58081
8251
59297
15311
24277
53493
83648
11481
66483
21882
64817
59993
11718
65742
11062
34795
33174
58989
85999
22904
61137
73124
87566
124325
3985
9210
11886
170383
38903
55916
10422
12201
116083
51840
4517
57921
12635
36917
65309
72783
53529
112159
3782
27612
25652
126699
5712
98402
8917
464
509
126193
6564
42436
26445
39669
124302
88487
127257
41868
60148
41567
83844
14889
86608
55591
35053
23079
25587
70610
30885
94000
131986
2526
26572
35161
8921
47047
58841
81824
3723
15436
71838
4363
17488
47128
51558
349
57049
22581
2300
42234
47397
75332
131691
70995
618
79181
84994
5581
123136
133624
55915
33552
121469
112634
6988
77678
71425
41054
12186
7581
13796
31976
65053
17414
45079
32636
7340
3533
27243
41507
22589
23428
4907
19782
79915
603
28107
39961
18431
50921
18511
4544
8578
7820
73710
8967
49147
59
17064
40275
35818
63667
26550
100336
19836
6430
1822
270
52949
30521
46721
115048
653
24528
63452
123123
23021
39417
111431
11388
81343
35395
153730
24012
16714
12471
134024
3014
32109
2488
10944
53188
22655
1175
6914
9396
76708
9490
36873
28417
11155
81725
9384
43302
22448
76424
17939
25877
2625
48576
86158
150393
13707
1646
65082
42255
40261
23010
103191
143669
9401
50750
10636
46551
66175
33828
52935
71639
3597
116975
159186
5779
60859
86803
6201
32856
39560
55180
16711
23021
532
23951
177328
32258
14853
154546
18022
32432
96726
69952
92481
108095
32727
40691
132145
140872
63494
59259
19163
8755
143316
13218
7799
8887
30908
79971
9165
64037
21446
61812
2335
34804
10996
59500
19969
10288
30044
22641
7941
11931
57963
26993
6193
21868
116435
60717
59374
92000
35008
59509
13687
17994
46
7103
139384
65822
118806
40860
4503
9288
146103
73109
21720
53721
9196
20764
17310
115019
101611
9724
18462
50318
5035
60300
21273
30308
34204
158578
14278
74534
59022
15138
18379
63097
37595
102116
1734
32103
38339
22257
117135
10233
48376
753
1710
4667
42775
1520
33346
34185
6415
154274
1736
61939
39088
37482
59622
82662
44761
26535
47280
153219
38902
19952
61970
11237
65640
70376
3045
105318
41982
22981
4509
37644
40400
33703
57729
7724
94890
9949
37056
21022
122603
83750
47265
38480
37453
2151
156428
4477
35094
39769
7942
4537
71934
20723
7526
131971
70835
28108
53049
34249
31637
2496
123652
54964
43951
116753
51669
63918
7622
28573
2221
9061
141409
12881
46118
18363
14546
8004
25938
85474
132308
49200
154548
885
57861
8702
26644
116101
13174
15488
1889
41844
11427
77720
11962
3624
40911
13873
35783
57491
79113
144494
21086
303
100590
112838
97874
4442
4587
46030
7622
14520
46982
45594
78034
32117
43219
9340
13172
56539
327
41539
15180
4399
85577
55618
87586
27033
34121
35583
78996
5483
3520
24157
97349
11362
6258
109946
126910
24961
5829
8330
68156
81477
3410
28408
105219
37749
21663
37808
45183
69485
41891
110038
85675
5581
5078
89924
20486
132454
6307
45633
155716
11129
86632
45879
107689
95276
4705
10238
21128
54643
8327
165724
37087
61669
23852
150353
89680
83802
105525
13195
89784
34059
70849
33673
71520
9281
15209
15468
54192
170896
39373
108744
3293
50004
8833
55262
158761
89685
65442
59789
62759
3764
75839
6813
70593
143835
10863
61470
59962
42818
4159
156548
76353
51180
62473
7502
60278
43228
46660
17468
42588
6204
121020
7360
73343
66515
35566
68461
14578
18604
13763
30994
63424
111860
4498
7255
156834
55286
152474
97239
84813
103935
35243
105587
66625
100809
16640
46579
114068
5893
34998
53891
5572
36628
36025
66900
2867
138050
139596
12297
49485
83533
31616
1780
23311
7629
40896
45290
38166
79748
6647
2760
58784
9603
32390
127360
89899
42432
61631
47071
10718
83721
16213
119143
22689
14925
122178
63867
1743
55604
123573
34891
58837
97361
140049
23894
142071
80023
76345
98510
118236
86848
69338
86016
28927
2276
53919
28218
21969
84531
66075
596
20187
39438
128015
147089
8161
16717
8233
45305
83125
26751
30787
22668
65901
11910
27037
72205
46760
7399
89568
137382
20046
2935
27427
67795
163976
2398
30265
52277
77498
9297
96184
56449
26036
2624
21432
1364
10583
14727
53919
30743
30923
70192
4664
29934
61634
6023
111242
24673
50104
2803
4264
30815
21584
35129
19998
6660
22856
45560
58461
2278
25834
31334
77569
24626
299
9841
95414
112177
104503
137509
71099
7211
15997
1344
21623
65904
5973
76331
60152
118332
66736
106297
77300
129006
120359
42589
33037
8143
78398
13572
143349
29472
86495
7980
7639
117246
130521
23562
58249
9018
116683
2005
92835
126817
61930
2035
6144
33327
61396
74433
100359
177551
22972
4772
98686
116287
71781
57935
18377
74963
62272
21627
3116
61311
15863
106546
31828
93576
138740
15815
23376
77271
77480
118564
80627
22182
4155
1596
3924
113536
95222
26480
1452
27128
15244
55708
18308
29281
8789
34285
78169
123926
75867
9110
715
20600
38296
16927
14329
56227
71748
6032
28611
132022
52160
108969
82976
10745
6037
28927
143510
10410
95994
11005
127870
17169
42994
23488
36316
38999
112779
5817
59463
93119
42404
19616
130623
13857
54006
56268
91307
74170
20166
63622
136929
43443
5068
38685
131546
45434
53510
3311
16700
91279
120494
19047
2698
77319
100110
72129
25694
140322
29964
103856
46968
30960
76497
80493
85714
6042
6625
12105
25241
32373
60647
33597
17561
98922
44648
45264
89020
110
28256
72483
21189
4525
100145
13755
35738
127732
46316
69235
65453
11881
17622
48096
56293
79205
2836
31803
22390
39102
73056
1216
19885
82349
29545
6083
35750
13218
22738
49035
37722
78919
23102
33990
33096
17402
7517
13571
2828
84871
3009
65074
129930
44407
18449
75778
21761
100390
105367
108229
11041
12416
10013
65811
22355
101151
58719
33719
75042
30061
43414
55308
44271
14018
38961
33487
139526
76440
97447
9652
33463
62973
21874
36152
80678
39854
19211
71397
70878
34116
127120
71400
3790
74658
8279
68513
27858
37901
51054
41390
94260
22644
145449
134545
25991
15047
17136
80867
26087
2200
25486
44500
141204
17253
47740
66415
43138
18738
40239
26978
73798
28498
42519
48803
6119
120807
6867
20169
177120
35805
111276
80145
33209
17519
42925
82227
9122
41464
35153
8417
54255
88860
6698
43758
92831
15619
42180
18844
122500
10057
16188
1293
42621
14019
147241
77983
105762
15004
12499
112937
26061
5017
8536
3478
44466
86977
3554
132700
20070
71790
10822
20276
13069
51720
1681
44042
68933
1396
39961
129548
22711
63235
45811
35014
59494
145439
127017
3572
49126
37985
72889
39432
147900
3282
80475
10988
8074
95820
9362
16491
10572
19739
54181
88606
2540
92878
23764
106929
4423
17556
10640
138436
77027
45153
2439
31075
79868
70722
5500
127405
1914
2777
32233
78184
89742
11433
58
65824
156326
22092
48578
6396
1191
63663
42172
13471
5872
62725
26154
11051
96536
40460
9979
103563
53929
40450
108103
60813
59005
81833
50465
84578
123524
27083
128369
29415
2160
18746
24165
28256
70055
53676
115286
3284
2681
91952
32128
46891
14073
17866
14230
56824
185309
8287
57137
110444
17009
54581
51072
10974
101548
88353
58162
49612
730
27017
144693
132257
45915
91099
156429
12354
27043
20077
28025
20683
3328
2511
1925
151311
9166
57723
98748
8309
46899
22857
982
7684
10148
75607
18419
47013
29682
21687
117266
115541
14311
16439
9883
7725
48500
151316
137292
22115
36995
31084
32359
6870
43718
38912
13927
24858
15603
108414
19038
17747
117
19363
26772
2643
22928
90034
3931
102175
54788
121993
50770
9721
161532
691
2124
15808
117993
3572
40394
3778
114557
10075
7404
152662
4422
48678
61784
51456
103416
56536
20079
15799
60607
23142
105697
4340
18387
33351
17088
3214
11055
10523
11663
111137
63734
31275
8411
51852
20624
42769
141
65307
63068
23513
23954
57711
9791
96042
57448
3725
79545
2840
79143
1481
10074
91688
3594
80101
61711
30795
26225
7874
113266
6857
16328
82412
7455
23837
83406
51050
2125
175910
77950
42232
8959
9389
121128
120603
12278
7599
11233
146799
20348
3576
49047
51430
51213
19272
40120
13635
61856
32747
137068
28784
73409
80385
9451
8877
18890
97574
57398
134309
103638
15449
25600
2769
64376
18132
9369
51988
17910
32174
13118
74105
5312
24659
1176
4932
29319
137653
7911
19589
5528
131495
45230
41224
48712
150409
45934
31386
4483
106958
38940
29239
111516
156125
34191
34913
120852
12517
3067
2217
76486
83509
35338
13482
48962
1201
12087
87089
32696
69444
168868
50562
5949
61169
54490
28649
26483
38813
62939
9951
58628
55772
105826
31368
27760
3441
140324
19435
74438
35750
53619
29343
8467
6538
30038
77668
46448
48074
23074
85309
116413
9703
58602
108872
40523
29191
90290
135690
672
3558
102097
128354
11574
9431
53539
24338
5930
26833
58882
45692
17764
148940
22645
144897
48920
5987
66897
82720
56387
11465
27475
15086
10255
21107
50558
27396
111837
37263
14651
5906
105308
10124
26203
25552
90881
24923
53263
77248
37339
23882
81942
12733
100597
8570
22335
34831
106077
59499
5761
46751
14951
40516
9358
15794
1796
61252
58314
89608
62343
16894
47942
31984
12834
2965
41175
109642
20622
161094
61411
11490
159125
1030
3259
15367
24595
18127
64495
14444
1004
92641
20931
4591
61464
3405
80863
13988
142481
8064
3157
63196
150043
4136
44500
87117
28921
2370
126201
11682
6373
1067
93499
2555
7731
23716
126094
160761
10600
59870
9630
1398
22825
11615
8303
7282
28387
24729
51586
65993
13151
37116
150321
38903
11142
58510
54773
48636
24099
17371
120356
50884
5709
116935
31591
1679
5974
108927
3494
3770
1110
145666
45403
32998
10822
104255
50498
39451
3456
18095
2218
79324
153
55089
10800
13589
26627
28045
78710
47056
45600
71727
15934
61243
83130
106323
64048
134781
20630
30405
11387
9458
56684
126572
96039
89362
25269
157969
146446
141474
45962
34988
131180
130579
99012
9467
21520
141623
105759
31158
97144
69227
74147
35216
79714
28760
7354
24642
3081
57938
144793
10473
21332
37025
136186
2769
28243
5336
79083
47978
21284
39617
10731
11863
92015
157621
7222
43338
7903
41353
18287
2174
53530
37514
114132
18539
2397
24793
33081
18320
51670
3201
16438
148425
37322
71502
123058
15569
7423
21848
40688
31136
10055
19213
14276
30208
22565
4078
1776
38006
27506
91945
371
47252
72292
7304
70131
64174
24871
59709
152172
6147
59489
21752
11699
143654
106543
108907
5643
7784
15986
27195
113
137240
26470
36369
24730
65110
10760
20301
69266
4299
59462
25417
58464
23759
64848
24643
60706
10133
5239
38425
44694
17211
14664
78257
780
128872
7591
4627
35719
7740
72028
102393
19102
41003
17816
2665
18279
29341
78866
32135
81420
56572
7328
46556
70998
108449
55425
17328
29437
10037
58475
18157
15688
19250
778
88416
13683
20969
6066
11622
36917
98368
421
17810
71023
71899
29656
100260
54883
98139
78551
16976
24786
119895
65124
19969
39178
108758
7035
83263
48193
18738
126331
50610
14895
2815
85134
14666
85577
16128
15473
30697
10321
839
4216
54606
121540
9652
131465
45034
51485
24833
1232
1750
22426
50670
13799
88467
1670
19960
93694
49505
62467
136219
1193
56655
44716
111515
4045
617
74489
77690
116622
70720
94719
157225
42930
156397
70624
22895
120821
111945
28374
45058
71102
22662
4832
123973
74963
26115
56306
137475
72258
55331
8176
54228
103724
31965
7431
132652
78286
38166
24275
11774
87958
34762
16793
88603
92257
23887
3777
25199
143549
87017
102395
11529
122825
29207
145111
63564
109780
2529
84743
40991
29151
1638
77301
47788
115279
46093
7980
44639
20944
69816
64845
28937
2447
5761
32884
162069
93031
7607
239
45283
12821
16521
57244
160008
309
120428
1210
15827
38724
83352
11411
42946
127405
6411
46911
68882
42621
1613
9344
35161
74708
171801
6774
31060
132068
77362
19864
83147
30724
130262
88395
48901
18700
10947
80422
154509
48288
2319
35580
4238
859
22903
9506
40041
25618
142280
15781
126229
27408
129133
46614
73047
4756
66647
1228
132818
6644
6057
78548
95884
140798
38738
41941
99467
1716
111002
18724
18194
147436
76759
3582
46998
46549
121562
17789
86387
154087
13627
40968
20800
78621
21520
57142
72729
120922
25835
574
71399
50519
22967
1641
14039
14293
53683
3660
76696
35592
31826
30547
46309
127595
16708
4082
23933
6157
75760
88895
5803
21637
160441
37075
35686
55826
117160
6424
40950
11816
28767
5885
117771
98920
8296
1641
23726
105823
5441
91625
76625
21911
17256
1272
31296
11887
40647
15078
7477
42256
81676
145048
20213
20888
7191
107858
48614
5005
49827
7879
2455
83771
129111
112251
454
49433
16831
114443
32139
95350
60875
14644
80702
3063
75619
116997
64413
115513
38378
2141
120582
83509
59382
7320
5653
30601
1027
72127
19806
97906
43174
99676
5013
108972
45270
12477
60987
5321
43164
39151
6586
150611
87012
3418
24604
15774
46736
65130
21980
56330
68832
76457
31746
70029
526
66762
17776
13427
142923
38646
55332
36210
22830
10914
100484
165112
89532
1358
124204
12263
12718
34274
50279
128382
51216
84010
3410
114029
7631
27593
10201
35397
32937
4976
86520
86544
25367
2237
92668
1555
12429
13477
104761
12769
25772
7026
168309
41155
49128
22613
85136
49499
44210
93523
49525
3867
62155
89436
57806
6571
63188
58943
10316
4678
77095
84960
64487
17329
2387
4411
22467
58977
5457
28785
12475
35864
55330
114030
32096
6648
2997
27967
34585
88795
2293
18733
86276
39459
9141
25988
408
67677
15932
17490
40166
1220
123944
43760
152225
14929
2892
11262
65412
13631
415
12474
486
3577
36249
10366
106488
40775
44841
21472
3494
56096
74868
4805
93672
76631
124474
86523
2668
10727
9885
42108
16543
27338
28138
21862
23317
109274
20260
17310
36408
248
16007
62237
69553
73808
113670
23690
99115
39713
60953
25973
23862
2833
51128
58805
3768
65071
15126
54356
17634
19790
66681
47259
1948
1829
108790
25174
119355
87278
22252
73006
55180
12501
134868
50776
6183
2920
113763
29960
58760
5182
86864
51417
11938
24422
19953
12830
59193
75062
9944
13731
47473
21866
14876
35235
12519
10356
42744
23685
95378
6736
2046
70153
27211
26012
164965
2084
130886
18546
4300
37211
63519
141577
45071
100121
50515
5927
43906
132956
560
93327
59125
87331
41974
11202
118524
27476
67888
16250
93836
7003
1600
32992
78604
1771
61055
9663
92911
112231
48065
96076
92970
18312
65611
49581
88487
31565
143465
9631
64114
19484
16440
54942
4752
55087
45805
81883
23986
52696
91711
40776
32275
69465
1004
104794
18741
70518
70329
13895
47009
36969
159248
8925
98838
11010
28471
7905
105053
54485
8159
27864
19712
69151
33096
69506
141975
30608
70249
70543
2107
39876
3905
15078
7241
75763
9889
105521
20406
27394
17574
33539
2057
25859
20916
76638
1233
6867
25206
8371
14747
52863
27474
12582
5156
29328
91782
77514
4399
23917
13221
19768
61388
9258
19461
49030
17580
61607
3105
8886
28798
65433
39466
50624
36733
21507
55913
105449
30948
68292
805
52237
32959
39689
80302
17104
6375
27637
84219
93792
142500
13992
67966
1211
58532
73441
24839
17400
121165
39129
61726
102240
73256
3918
53107
29292
56773
30673
42801
67027
20080
3660
69882
99178
42178
6924
59858
93116
103
7827
29873
4500
731
15543
2419
13866
3518
57251
4822
113687
54568
96234
2628
98839
105710
13995
11532
49353
95116
58433
8404
37565
52569
49495
10576
9172
15068
94384
21926
26193
3860
115866
31352
1413
50088
24191
106879
69763
122174
10058
19244
138117
60975
17762
62636
3232
439
555
16830
189
33399
11103
48028
9797
49084
64710
616
86435
124081
12535
78294
23317
108774
62741
172636
18915
15271
81167
37105
85304
41456
78040
44382
16559
60728
69868
2906
8823
3094
26774
47894
96945
14140
43959
18637
673
87661
8094
55682
99821
42151
61896
21831
46825
97657
1258
116496
9127
13225
7201
11213
67416
47757
143638
76663
825
60515
71809
1848
69290
74750
1287
28409
17148
97474
70224
3465
158726
116818
5843
2907
25836
21574
58152
39556
77697
100497
31544
2015
5737
53687
18798
81779
28677
7810
148713
19625
100266
50234
113796
97002
14015
3017
95439
19698
6419
4625
143424
93149
48194
36187
20271
98385
156615
59685
4089
85592
80181
99387
61348
18127
51222
119699
94075
101369
57897
117514
137819
18212
123764
119527
33603
12044
41199
30726
187975
19213
2644
7428
7156
151035
10476
119228
59455
114975
6112
108899
64069
35670
1311
782
60014
2699
42823
64710
53013
1962
63683
21064
5780
57053
9749
140920
27939
36671
97314
11501
5187
26130
90457
10669
20870
43247
351
38072
78442
21720
51913
27719
137816
54003
50389
36477
168367
70554
110611
69434
52611
4330
13663
59803
23154
12567
29880
103393
5421
28415
118676
20724
2552
82034
105943
85880
46354
67107
139808
128109
4295
22558
103038
6683
61367
2699
29892
35694
32648
4709
39782
14518
118199
14214
41045
10991
167620
34624
83056
15650
73663
33732
118949
53039
61166
8761
44932
5719
22727
26783
16426
34148
14428
67400
39690
125568
19725
130831
25708
56170
16702
53549
11612
16932
72559
6072
2676
1575
52870
41649
33349
153025
10139
26019
71838
1219
116683
12298
10161
18891
91678
54889
51965
112682
4954
82629
74202
26309
6957
2092
19404
29230
3881
27621
139642
48766
25321
5391
70787
17551
24974
95504
63420
6849
94561
24836
156120
93061
36785
50900
2939
70201
70918
67289
105245
22203
49065
2614
147151
7647
6363
39232
9048
21271
90912
375
16113
1866
73426
54020
65217
4839
98755
92839
71136
88511
17483
63764
3567
9715
134185
1074
78621
5119
76020
158087
29826
57290
55233
7279
58139
25876
41364
10744
3690
163655
10382
39529
28449
59138
31469
50979
43168
22261
6403
64796
823
74119
10226
8027
22717
15597
10868
21553
7043
32162
9714
58173
24511
74313
84709
99946
14058
87170
103139
39033
53292
99742
12299
124331
55880
31497
88652
33588
66656
67132
54259
115483
43657
14740
3102
15221
70658
150390
118530
36046
6665
114376
51798
5960
62435
152282
23203
24800
4583
29091
40487
34195
6924
12459
76205
20288
942
31927
45985
14270
62226
15794
52788
1997
127439
25319
34546
130171
99797
102075
49373
44
120431
65960
103554
22147
7861
72657
57139
36043
128383
37807
46396
25790
83833
168068
189685
51385
26105
24060
1370
7699
4281
15004
8467
560
60999
37741
157161
147408
51707
7988
178502
22027
8305
43354
105938
118552
14184
54
105846
38912
2035
101600
5145
55595
94470
16019
67441
20038
11366
2478
7229
13286
14580
83244
17082
93447
5159
74226
60278
62380
79887
120876
24710
100591
46296
37335
23689
93694
85399
63493
75080
27909
984
8353
69439
60195
86023
126127
57527
12429
50374
100654
14604
17685
30044
101628
78552
53264
51660
25176
5663
5487
445
74144
100035
36852
2382
12037
83508
121343
16774
18765
6269
1780
52360
28219
27325
1640
46436
4531
12811
48720
11191
6390
98290
17130
4214
2167
65263
34899
46678
73431
117310
35012
57394
79397
50702
643
9336
25961
41982
17383
95638
24682
105179
140988
66525
11248
121781
69279
86994
68089
5869
30335
2717
16583
103258
6869
7233
51789
17107
82643
52805
12555
3432
88955
42526
20586
96765
88926
4877
58691
27896
51042
14018
14677
26454
58645
13606
69336
95406
30548
14873
35884
9873
112989
5136
39208
598
20795
92265
4699
162445
65025
131180
15032
26993
6526
102190
38936
12870
19480
43615
13535
37389
86905
147109
52873
76840
42319
8166
79142
130441
89515
128781
118778
21368
12767
1385
7197
66205
57070
72661
2330
79806
3327
12772
5388
70370
30374
83905
3438
71660
135090
109562
37917
68057
30145
14286
88745
4730
70529
82671
4715
15567
11775
8527
149
99980
1528
3661
141241
115496
10516
71648
109585
11752
1535
24753
18104
3584
64428
3195
59066
19583
114949
108436
37046
17494
58136
6043
37675
105639
151390
40498
100482
77952
5528
22237
14725
37095
9396
5652
92121
46857
25680
137938
24543
1583
47745
11442
2987
46298
83119
43581
2906
71735
47113
32976
15428
44810
959
45704
1278
67843
9768
65038
37686
20373
16122
57816
5102
30708
83828
19378
11777
497
124248
105374
57727
37013
38680
139001
35640
35691
13285
48707
8363
33752
6491
49975
4754
31460
693
2333
28406
7449
16354
128511
46865
296
3600
9281
22397
9676
144389
154606
137106
36471
82228
50971
89877
7014
45636
135537
557
65348
19833
1563
20335
156852
77146
49617
113309
53753
19341
3710
98350
8626
10565
41616
18231
15965
51018
14086
11668
9698
56254
123108
12399
64283
18442
3309
3331
2338
44288
3528
92561
45092
30526
46012
23582
7826
47847
23659
21456
75111
102745
29873
81245
348
10244
96289
36523
164
35609
94738
30275
81751
98667
23232
52421
74822
17851
153635
1808
16214
11622
9213
73311
52176
420
26308
2990
6150
10756
33600
123085
14887
21380
75836
35099
654
100453
95353
25018
10408
61800
25961
103469
15755
13996
48755
113002
48254
136886
118771
40018
130079
85077
40574
108561
143739
75977
32473
115460
44562
80503
4545
24252
21062
166996
39501
8261
461
117131
31327
14070
78556
73969
1681
5446
1755
81345
20742
11449
52069
38059
14671
71740
45317
116721
68185
7167
144428
67943
35916
93253
38072
18350
65595
16937
58854
1294
21706
53440
4602
76219
68205
11795
32415
10606
87493
90855
5323
2522
57503
70880
51823
46879
20624
12390
152143
154158
41834
18078
6200
474
94332
136180
105062
69291
88560
105691
48901
148835
2892
53348
55836
9734
52377
95661
141282
18754
163346
9341
117130
148811
11290
21468
21066
166784
13662
66148
43722
5087
3370
400
6056
10602
72257
3590
21646
20708
103821
1759
51800
62876
76528
90054
66807
118541
39782
18672
16149
63616
2426
45954
91713
26809
34765
50147
115801
32228
35798
16413
40124
149
22452
3066
25576
8508
19246
90375
59674
23553
81364
62930
22641
13055
122251
100341
75109
6461
46277
89666
36938
104549
23133
139146
67846
48659
9702
72861
5447
9367
76167
76980
6254
75491
32537
31349
9346
7182
74085
78310
62274
14331
40814
130960
31127
5495
3580
56176
24353
68620
26623
5099
42017
45967
86473
515
319
87140
3698
11229
39845
4206
8912
12425
13921
25701
7995
34443
5812
3431
10183
8711
52866
21749
44706
105856
45503
5261
14045
106750
4358
61388
1974
12423
76880
59781
24898
9575
61143
14548
47980
55504
57120
83632
12991
86986
82286
100250
46191
100085
92764
69553
31248
85582
12541
9190
108425
73216
22901
96825
115481
2243
118659
82922
35857
54513
51105
16182
39255
111282
63399
9073
20540
4023
90301
7146
32892
1574
79672
48124
65812
52254
69009
4548
63753
43562
48607
77132
86803
87807
41440
1342
66881
3123
38864
16030
24705
40803
90126
8166
8411
7278
87630
77682
14311
6828
4226
33345
36873
62664
91206
7951
15853
76831
36429
94991
2970
17394
71990
5959
10947
26359
97236
16731
29326
50893
7383
86995
69366
21172
30912
16844
49236
118939
75262
41099
96800
17249
3490
86273
114625
130678
724
30450
714
15853
1105
26787
72077
14897
53045
166560
64257
28331
13565
160127
111469
34093
32599
25117
30696
31000
3962
55818
57441
48914
7587
28890
47405
57499
16119
46006
98231
126073
32434
8860
52554
36996
34859
2386
14837
132059
26166
47491
127998
109362
25854
13766
19685
1755
124023
52958
5173
56775
117326
28479
17657
90785
108570
14513
22509
14833
4522
58885
71990
41730
72589
118964
43398
38864
9243
81454
332
112570
67500
104471
10906
2489
99739
8124
49849
48486
27761
818
25477
102570
48818
82415
23762
22926
48907
83343
68298
101459
71551
46261
24476
18339
47823
43683
161531
30228
38539
36192
18444
121457
217
30264
36493
7154
104509
1756
77027
83069
7336
87953
38146
1914
15092
83254
46649
61845
60550
5294
66906
7440
35607
25762
53045
114603
1939
41677
7561
12811
133761
48861
10240
66466
55013
12610
1687
53512
31185
23633
1022
1737
10423
80854
440
3084
20727
16941
158578
85954
39176
34085
81433
124132
75523
70057
17066
8420
51781
64567
45385
52398
5709
24342
75266
28024
112373
101287
1104
59877
44443
15904
13411
37426
8161
19984
1565
62617
111812
5173
150685
99704
2419
45722
61113
33300
14965
58853
4142
18106
10262
13182
102230
706
66026
57291
21334
184035
107140
50588
584
10169
2682
19663
119674
15524
4348
24230
2651
27128
324
12759
17689
674
87929
6071
141019
25886
53434
41843
43246
166531
22076
51225
35511
113083
30609
66485
46545
18650
135794
7530
4917
63525
75651
12342
115244
25961
23676
55939
4625
133495
106956
10217
40533
20880
6030
35945
58898
110673
75410
105527
96354
101653
136197
11398
7094
119319
17753
49653
151251
129953
23525
139719
31406
49892
66174
2003
1767
85962
107568
49503
85771
5033
85452
119083
29377
59130
2345
2874
130813
1896
74636
8171
4904
44259
12553
114800
127217
52603
30971
12038
32371
80970
133540
70162
42488
45493
23582
9395
49859
5225
11535
4468
85821
43081
44366
20012
105525
4957
21479
11796
5261
99366
26114
164463
62345
13163
138425
54822
29811
72568
141892
9359
70429
127700
17457
35014
13426
26059
108290
22659
48594
67503
132101
569
34489
15087
127286
32074
70914
1605
14628
42443
131246
48069
11800
24762
14578
40645
2686
7644
44471
12307
1516
35374
58661
125531
25582
24303
140875
43244
14050
93099
28642
4509
19782
86369
159664
91480
18809
95733
19934
112691
4375
62315
33696
58917
26620
12687
9605
28166
4641
35023
52329
29379
19379
28663
9204
153945
62462
53221
16616
37796
37649
110416
3883
88268
111547
76965
44423
69893
25180
12421
46262
37505
40369
51604
78835
47666
76968
4856
132261
50902
6508
69856
13293
11480
10081
84472
67416
74161
10694
7902
91782
163598
109132
51955
1298
89329
4495
120915
55841
2672
7720
26008
21101
21920
15740
128729
1124
49044
134733
5063
172974
158388
7695
46462
82039
6917
117611
25687
144224
32389
17370
15006
51108
16808
103242
102244
76284
9797
33657
8928
55872
126634
1280
50206
27074
55250
26517
36278
1385
128471
23553
104297
115459
7908
95276
117623
42967
133674
51978
93403
3201
127479
7399
84821
65700
57162
4132
31443
13520
2518
35157
10825
1169
5851
34840
33903
111954
25455
36000
87261
6074
1350
43319
146504
13255
9909
89742
95520
7059
94001
113059
131629
127422
13584
82283
134338
83319
3932
105009
149581
52920
47277
6815
4890
62547
47523
20274
7591
9336
11792
19293
49920
17992
1247
16234
48212
134405
106044
13601
25532
45088
8133
32437
10717
1504
10288
1398
37417
84574
52318
10586
4647
21784
606
69151
123548
162095
28912
3730
22897
116338
30549
113461
104486
36396
76202
47373
47557
12527
82771
25321
10865
3390
20985
10386
72836
59951
144301
20929
10509
63424
36534
32557
1722
35535
39380
105559
112354
86504
5265
35815
37899
3562
13629
38563
56253
128257
583
86987
133175
7885
12152
13207
142711
124672
23185
43688
662
3807
84106
23719
30886
16822
6548
10659
31798
23746
51545
90620
7524
2133
43526
17793
74615
116315
136219
21365
28907
18071
4778
132441
33392
125859
34417
23656
38973
37995
32432
49080
8667
45430
101113
83035
13169
156710
1677
94998
92865
139911
96447
76471
8022
5183
17741
85558
4800
105726
4841
11424
75889
43947
3055
85073
31049
91904
731
10871
29369
60935
1572
72074
11591
108299
57396
59409
101022
47942
31399
77521
825
41109
34131
48411
78526
28335
86825
76900
30039
53738
24448
28851
97215
89245
29607
113667
173832
26723
23153
145260
15386
93725
15980
142490
127882
33126
6777
120498
80934
28276
2318
1104
4064
6728
21327
74708
8583
9533
23522
893
102580
3077
132332
66990
9233
128015
39048
162469
99207
127987
15134
50965
38111
32019
82108
42169
56169
51246
1076
5976
110547
54459
89804
147913
5506
15636
100626
18776
82239
8093
76
385
25206
93742
7556
52199
11505
124738
75920
68436
61324
14740
41514
13702
69480
154917
46167
51582
4914
24763
142127
13448
6820
4355
134838
23453
8937
16526
20213
20059
4100
41004
12674
141750
72904
136080
110250
31758
2058
42248
149934
13988
108023
5092
45129
2618
3475
58029
15837
12404
10732
38295
122624
39037
65674
3273
88861
162911
14294
44674
76561
81141
93634
8685
128674
29218
59140
54769
26838
65607
18753
27704
665
110615
50803
2240
4763
5467
17057
4682
104631
48357
68200
31529
4348
130879
144624
17458
160714
36913
93128
35698
1796
3548
59948
8362
109275
35534
49785
102210
4916
2457
24185
93416
178177
3798
97064
54540
56261
106933
8384
123750
2548
14453
40275
108272
46316
1894
45125
2886
21862
90714
41962
7308
105185
48083
91998
11753
47219
13151
66638
137786
130175
26669
14379
19137
1630
112531
39718
14946
128479
1660
103900
76151
26049
65974
526
115216
34218
13793
12241
3620
13857
151042
115483
16056
1771
135124
12146
13387
71258
49224
123128
28298
11423
13044
102240
3360
7982
5077
1400
113228
73677
140979
123145
17315
31242
134860
579
30571
42344
4950
8818
37274
2662
50924
3761
5612
56675
67499
8531
30214
77758
88770
5643
38564
166082
4549
95507
91266
97018
30180
40852
130806
49626
66917
71813
35770
6575
103859
4064
54224
60111
3697
48170
81498
1544
23596
15472
10641
131797
59169
19617
10706
536
61614
29770
126015
184048
88338
54231
52666
141365
58274
39654
28492
8044
47220
1542
12997
91643
133833
213
68926
53994
27624
44297
4941
110205
137305
122061
39255
119507
34004
49536
26756
29994
8657
55454
35388
132980
77392
3510
1331
29786
181257
72864
52726
4115
11061
141259
10526
38365
14616
23165
168655
26952
7313
16245
61583
106012
31386
149912
18375
30201
87901
57483
114842
28598
30867
101220
7465
27281
118411
163261
6405
79207
5949
121182
22653
7076
106119
33745
29275
2962
64455
48953
22535
24422
52529
3247
6455
32939
6540
12240
5520
66641
48562
53946
14826
12793
57162
30544
74864
1815
66407
36386
991
54735
37938
2799
77505
43769
13157
42044
38366
6227
82611
4045
89862
68204
50519
141988
6239
4271
74782
15179
36734
6452
54413
4737
105288
5567
5526
15601
29342
8015
20563
3438
61009
16547
24977
89656
40799
4292
57296
110127
16834
3963
8423
72043
29118
46847
26535
41283
15124
56
1075
354
18603
8173
10003
42819
43286
22898
94911
22298
50564
98447
26141
93982
39499
16337
26704
12347
76619
7950
760
18358
25350
101276
23646
42392
33742
101949
38754
107107
26166
42616
6756
3153
22172
68901
105290
46610
103438
26582
9277
98
3522
142834
20065
39489
6930
4361
24633
141841
29859
53334
58950
58937
21895
34639
901
24780
4721
54902
84181
72729
150537
48064
16391
24940
4549
4523
167896
107447
10554
82715
38300
16373
60363
105349
51260
23740
12032
33716
114500
103291
134907
71746
24706
17663
42488
24302
43064
11766
11752
75521
27835
92019
56113
112047
7638
15801
42545
31902
2947
17798
68902
9191
12154
7269
110708
16204
19890
5215
87109
41320
24363
53068
79409
95830
155512
16911
103159
74559
9668
50827
61691
70122
115016
20244
12303
127356
45639
32046
90107
62510
91643
61912
40940
33307
5323
39956
86079
115814
50097
27241
101017
107038
13347
853
60617
168813
116868
43055
143094
169936
84357
19043
28734
2019
105172
41787
52798
26014
16663
67870
57713
69617
34890
59387
3769
37890
156725
41285
60311
5033
5218
29
24347
144901
9160
20970
1890
13539
27926
41225
1904
108288
83577
26016
967
38862
28854
132049
11148
42872
12510
98022
96962
9515
29326
44483
71213
34377
50727
108696
157771
179005
22367
19656
127340
75497
177458
112249
98911
36792
106418
48618
130665
10093
18414
34405
104362
27981
4451
35720
42907
3946
45268
37121
77018
86908
1888
37162
16752
7636
84302
140249
119992
16351
92561
124216
19132
111294
14499
34430
99861
5666
7058
60950
5829
17146
89209
127346
57012
99595
9241
71096
25174
22911
5561
99702
4928
28547
3860
34407
40248
21131
9340
94124
20809
78657
1788
3354
16708
16516
90782
1635
40077
35760
36166
20411
53817
3458
67442
101874
5708
22940
792
7207
54354
154805
67502
1783
155094
159206
56542
13335
75750
66162
19321
58353
64665
6290
26624
138001
49899
83937
2016
22831
167154
11485
2918
129935
44212
3083
35901
107499
72696
101637
16635
36551
80435
8620
63727
28310
1754
148049
47220
26121
80955
46859
25689
67917
28417
4808
60087
30466
11909
21263
48919
603
77835
6997
16606
59850
18687
17869
80795
27896
73005
1330
7676
83181
3169
101474
3457
94266
33472
29407
68574
87339
161511
54433
110378
2347
99864
43090
28702
66901
96645
1103
46459
117262
151623
62428
144332
975
16159
63833
16253
115737
44922
55494
27258
6500
7775
5231
74706
16386
94170
6173
1344
16676
55596
30955
14706
98997
124829
3680
22439
77620
41326
63779
21257
42595
33913
24672
28876
57400
31991
29526
56604
154500
19436
91094
62002
86139
1814
90255
52765
31582
125149
54200
43616
68289
64960
109467
18875
76009
18114
21164
93570
3563
14209
69485
17910
67015
10567
7972
85645
105387
48254
1657
61312
180981
23969
82173
118240
20108
60689
64913
44125
54097
50670
101517
74819
30315
35918
6764
51152
74708
2188
23514
7055
99017
36942
18534
15261
9759
94372
3681
153116
62827
127458
5944
55605
67119
5092
9371
76057
20147
18208
6210
823
1173
56598
21777
25775
143332
6912
167455
122071
8311
18041
2972
12181
28771
26489
9295
9092
36987
47635
120928
59728
40093
73352
5392
35516
53360
15698
35555
51627
20158
66033
56559
23299
23547
358
25486
29117
60120
40816
41673
39015
95154
3090
10756
12840
2488
2182
14721
94498
263
96379
92893
2918
72096
49892
7626
7468
22644
94511
72032
118736
33445
38816
29714
29778
55775
16746
26519
40400
12002
18738
74604
27132
8164
683
86864
52032
108926
14113
13817
50955
20264
7782
21313
48291
34446
7032
60699
104517
10718
20987
111339
128965
29187
50166
11031
43762
109125
79794
41056
42746
59850
51869
90082
5445
2414
110805
133437
17942
110506
16049
6111
56367
71842
66689
64576
47041
56305
4320
39653
97571
54408
11655
70209
34232
41274
30918
22265
24970
56727
80038
90072
68989
51174
52222
24475
84816
138709
89001
16586
6312
36046
85437
83206
48079
96110
11273
98058
80984
12324
21203
108602
50471
18804
29108
5679
51921
74323
120695
91307
103328
31001
34907
38115
105045
53247
40753
37339
130921
5191
30201
7282
73454
21507
87933
31251
4614
125288
134710
35900
171896
43814
24816
5923
34454
4336
2501
74834
15459
61194
68437
85120
96251
44006
94597
11330
36124
31260
8586
46887
26870
14666
164929
79864
2729
75524
5139
13484
15074
51753
142150
68732
77888
92373
108910
13282
110
83406
3622
159995
61138
34350
1703
45557
1304
1596
48271
846
10772
114907
10887
12941
31786
26183
1214
28353
36046
17226
37607
3817
20295
98022
24436
9729
54983
20194
77970
2553
23000
13019
135893
6425
16655
5641
17809
11448
13596
126198
84792
62471
157616
16781
415
178909
20003
98673
7301
110364
6120
1119
90991
14819
173308
71699
11036
49919
7584
30382
138142
84123
79688
10594
5822
128148
102488
91722
41217
9436
59684
49379
109614
60590
13502
79665
49659
150060
105207
63349
30333
13421
63206
4594
8871
11910
116538
121993
73798
86395
1053
20639
33718
71674
208
72851
22727
11801
36212
25192
115283
46990
81390
31257
20791
5515
9927
5582
123792
17442
4664
159267
5779
118978
47800
11095
23225
11501
19741
36494
464
6015
3805
11753
591
57161
30967
3558
7004
114774
63917
19746
94858
28458
3268
164152
150499
6903
22042
68595
1020
3107
2408
2371
39011
96170
35638
119343
64230
130560
42415
31553
6420
1998
51285
9356
36115
1524
4531
106262
27043
21701
6890
51475
3695
8362
2939
5841
120
88661
50619
15418
3181
137844
99860
20473
8262
55607
139517
23495
46783
49632
896
126525
10529
82760
80452
1130
105726
79379
49216
12811
12427
105124
36097
20727
49673
61242
38940
25115
35188
74
93435
76837
102879
1090
28212
87998
9152
15423
24469
56796
14223
33960
25789
7494
87333
21187
4918
94674
28254
66591
28687
127225
36337
32296
15272
3064
50321
25180
72220
6775
76178
17395
17146
61082
124395
20405
41016
95137
6694
55285
20078
127892
7710
36360
151849
67738
125336
142651
15996
24238
20674
27241
42277
22772
29681
15081
74110
39723
6796
4442
9235
56665
45816
126054
97314
8981
23195
90282
9545
136717
3166
53150
86171
29746
14875
91948
36488
29455
47025
93006
15719
55718
38602
6188
30992
60106
53475
38809
29490
14530
880
27721
26444
124169
17314
19381
136287
7996
60258
28025
14775
40414
20646
100964
14248
68052
53794
24466
2195
20436
101400
56695
135928
933
28386
34697
2772
9946
128533
71053
40972
26174
6987
23391
26832
20999
24412
30383
76837
41985
2636
90301
128137
62542
58584
101362
1897
41124
48670
86491
8744
7337
38136
63324
122297
17053
63236
149322
78504
62334
40442
26957
13993
25882
12917
36693
99473
60007
92558
5338
75263
1435
48206
95330
72999
99095
31935
13551
62787
45074
34565
22580
38198
32765
84668
139583
6044
10478
68724
55062
2559
12580
37832
73008
6953
12947
11874
53107
24625
108696
56996
108857
82336
123263
2904
128957
70737
83173
5670
2301
21222
5233
16866
15678
16357
68297
78251
15732
105789
2508
58333
40519
44398
7429
113534
43112
1101
77493
6308
2886
39142
10604
18507
8792
160471
46153
3682
83208
44386
39329
54711
19606
79705
77253
33507
576
1267
4362
103567
14072
4009
19435
28747
57748
63975
20730
40727
142889
11890
34446
38799
19221
30803
69332
33266
29557
3325
7140
22430
36023
30787
13011
23240
37515
142150
10717
15932
30608
103424
58726
20900
9050
22451
39661
21411
4923
28345
1958
3588
1439
44961
78247
21827
13462
2048
1036
31013
146360
107171
4319
8239
130164
72771
7110
90441
62627
52082
104395
26084
128273
67577
56559
32016
59350
5219
56337
2551
90564
31046
147840
48121
60295
56698
19757
4171
55061
6477
42750
6957
39006
66707
18252
44163
17702
13276
39153
115459
49016
62272
32310
62404
46001
113051
91710
40178
24393
45123
45539
77392
15978
7523
10884
177291
83982
25648
17141
4068
22641
4912
109326
11351
15539
8160
33492
39776
14198
127221
73837
162635
35764
66688
72117
33765
8322
8398
19853
93896
137153
88851
140207
131337
8290
14026
10942
32773
4530
19849
3887
101972
20958
56390
137579
1868
135406
5467
161566
24905
1874
7507
4428
103097
58500
53540
23050
20910
5680
13365
55173
52995
9845
59
42505
29706
45469
4892
98817
33968
67434
37220
43859
71572
46391
40791
19351
676
143789
34312
8498
42410
27761
56093
28534
1700
66483
43794
67068
75602
114107
15348
4329
42473
162652
27516
3480
61004
14362
27499
37588
161562
36769
26888
11089
84367
64584
282
76023
131457
8378
173349
13542
14499
9910
18546
48217
35926
25853
42491
31815
113573
2887
141325
75165
36960
30579
107927
67010
3969
4713
119284
18393
56096
6536
83701
45938
17325
147417
11034
23528
156834
70996
4822
133556
11204
173579
29870
76609
38135
40636
30764
506
601
51782
36330
119370
16394
15325
78135
16912
118338
8432
105703
66393
16108
29242
77839
8100
28604
17184
40020
97216
3666
152767
19991
77283
73225
78573
6220
33172
7278
7545
88505
118617
49853
26491
24671
2741
16882
125059
463
99889
7253
27412
34019
47873
52361
2871
51460
16717
24101
22268
60168
126352
134226
14392
21244
4492
45204
29291
91835
116172
31831
26605
3796
22552
56980
26997
56453
47062
103208
3276
18872
12568
46699
55905
104718
2273
31998
31296
34766
8162
113407
62839
97311
20264
155764
5883
92417
51613
55725
65507
34189
148425
134720
19455
46884
14555
34699
82027
81074
61427
5190
142668
37546
33253
14515
23891
12892
58402
57916
104505
117720
144771
99573
15871
2148
119951
124825
66284
45792
41394
45386
82424
5871
5610
51866
50683
76822
18784
60243
36818
3094
2702
98026
110779
20191
9947
45469
44977
84797
548
31921
13079
35316
16378
88087
19786
6540
73832
29259
39848
73850
123508
102358
13516
66080
15955
16551
24449
58351
37486
41354
2267
92448
36069
4696
60393
566
28684
92094
86476
74393
46008
23695
5352
11465
85932
13614
27166
2068
148581
125699
37840
7042
4225
45329
13698
41319
77617
1604
350
10483
33843
22706
137818
48706
117079
47226
86699
11237
165610
14080
6136
16969
14542
63939
34439
22638
20615
11238
97938
108184
119436
5555
138196
11101
8671
108546
20788
91034
6643
118046
32001
62743
23316
21396
59320
28116
38703
40759
21394
124717
105524
100746
81247
74709
98860
112763
2422
12006
7779
27799
5334
8896
19837
12928
40943
125142
92471
96726
85197
14935
6822
58132
143903
72540
128849
23480
128984
86781
150686
42310
72037
53452
43362
47344
9050
138955
97755
43400
775
94110
62178
24876
82051
105418
50359
66814
36519
82662
7494
6057
73539
2808
50376
62582
17802
18548
15437
30201
65113
51919
5133
8654
4783
9296
50769
10817
600
44359
102969
7225
152096
48881
33769
5316
62747
13905
19097
130700
21279
26199
57106
13200
58227
5892
28099
119416
639
35316
32350
83304
2099
46053
21716
139870
107588
57965
106323
36496
4791
16732
53902
78711
61279
93970
120731
21932
38938
16626
69212
56628
88318
148413
50379
7679
2790
10612
59636
48605
45042
1526
48276
47697
140910
95518
21290
28841
5428
59290
32337
53154
64723
10360
60431
13303
168292
9825
63137
59755
56151
20644
53795
97075
10939
28987
48445
12292
69284
36309
22068
28735
6701
1269
8801
14728
51602
123809
124315
4761
14241
5217
58489
32256
7794
113427
81600
64015
188713
12096
220
25909
9733
103281
29858
62623
16218
1305
75479
52743
180824
40613
4701
16572
6208
580
58696
77880
78587
137492
75325
65482
38115
64554
24586
54276
1168
1757
24363
54020
32724
65674
27643
22519
44408
2267
8049
2542
33313
145357
94343
1326
33682
4601
16004
7747
26987
6523
42319
19522
2209
426
13651
31418
9553
9440
26021
76766
9726
15208
129319
72622
67568
108579
9000
8411
45248
64134
39115
59878
61423
85661
6706
19361
124729
3012
18558
71363
82349
27697
34806
69926
172133
14230
76511
4641
22083
19296
36207
3956
447
29174
17878
178383
9735
112771
10331
19767
26723
87505
19855
63289
22886
11167
19609
124090
73616
23544
15265
15561
33824
158153
44042
14820
12181
53555
71130
1804
43101
5473
20334
16332
32020
26207
6816
2034
27551
4337
65844
33175
13516
46550
35588
104828
2016
178950
9852
9022
77845
79124
50735
21621
100459
40021
73967
70036
23557
119345
35621
7031
7082
2367
14355
38309
35778
33607
47797
90868
11726
100477
104683
6848
68370
12241
30366
135762
16455
12623
35127
25829
4982
59087
133300
81658
9816
40394
57232
69014
125200
154244
28751
148671
81653
23662
107942
44364
32110
13958
67128
37182
2150
57653
105
70493
13712
93441
19442
45928
27737
79063
93293
114746
138850
13257
45028
30170
42911
1260
24781
91286
21119
45585
120876
38398
7385
14313
81382
64477
106815
11276
49124
11659
77491
51499
35549
59096
19895
33293
9200
77070
11822
91772
79564
14897
13247
19126
6493
87503
17960
45856
21145
17488
1592
52727
11731
94951
5592
2487
13335
52726
8502
105843
156424
2764
43808
1777
95737
92931
157129
74388
129002
61171
28789
3530
78675
1610
43562
4586
145763
77369
93883
23185
45415
50295
40662
29617
55575
33306
124192
113365
13910
37230
48051
18335
2377
51422
13294
77693
105416
1716
69061
41198
88834
3859
84878
31395
45791
38843
83893
12932
119827
58936
90972
139759
53223
66227
87649
23609
35133
129129
7832
96735
160182
32600
61925
97998
146173
31571
1214
6650
4911
4004
3818
151421
5940
138730
114862
4069
13180
6664
32841
63845
20535
17063
11469
21542
18460
80774
16165
28337
52454
10223
3267
24304
67959
16219
228
31114
6321
12188
112076
7472
19235
115587
6390
14391
59057
38747
88465
91617
21166
3880
16897
52396
17285
5528
92427
16180
2483
68536
36633
79318
17420
70164
46032
42041
76198
61723
82253
10152
144248
28235
29315
6401
81407
4137
48009
11384
16338
4627
52677
449
17870
3540
53728
128
56331
94986
99282
100005
40978
29306
27371
40525
13803
22376
77554
40013
14024
796
6828
75981
4475
11471
95618
5805
59129
7591
26235
18960
10013
12902
108906
17335
112993
7414
22939
15727
113494
24786
19851
27120
139470
33540
33580
44516
65530
20485
2735
97230
171675
24633
101150
93364
20291
131986
10793
24330
28562
8978
35304
13542
54759
11178
28485
89761
25164
31901
81220
118843
37199
87549
3145
80740
36807
42341
69670
57082
6249
66482
13355
24874
3462
66919
71081
11357
38021
101815
11155
4583
104459
105590
59337
122524
1682
50071
3731
47457
3654
162597
82462
75798
25494
82357
58810
4234
43071
1485
94422
8905
27079
5196
62078
90987
9828
49487
24250
41221
75475
146337
21631
28498
80424
57335
63355
3291
7629
12709
12136
20714
33930
61558
133470
50076
21205
9562
59245
188
1208
111196
131056
77054
2005
64180
21715
44982
46637
157378
12767
13144
2152
31718
140314
17885
84
20348
7887
36286
68368
1566
18866
11992
142415
74952
105136
116768
180518
45135
65751
23107
100411
77899
30824
67674
49617
134192
12697
17063
61614
20987
50658
72375
30524
34874
34500
115844
1497
74590
3805
31947
100
151061
4646
43722
85012
64648
60302
53187
75940
63761
51800
9763
40027
11402
29657
1271
138066
107200
136540
25772
23457
31912
21447
60670
112571
21128
48628
32930
57807
39954
5642
43894
64992
17626
12452
103556
66105
21068
25436
101768
73952
13013
46278
20672
63439
4159
137240
25012
59941
22324
115655
31315
9155
85615
16055
70967
100735
53324
70895
11237
52903
703
14485
8331
127264
38372
43887
15343
99199
54898
99792
55986
48872
136495
80152
61898
78890
6087
4163
1216
28865
167845
179112
2243
7961
39846
51490
81981
53528
47536
71037
83662
11571
57562
18648
29587
53008
21420
78600
26827
24761
79892
34474
31058
13238
67251
3536
48138
103566
21484
50555
127434
34464
9923
37300
35938
33081
63921
65510
124760
10250
24097
6507
97980
70072
21546
167128
44611
146878
34583
9223
1193
55793
93524
116936
13633
26469
41600
32521
39025
65727
2411
56269
106897
81649
61142
24864
92906
41536
3301
132684
47758
119880
36353
16108
23121
178862
26454
101324
44566
53258
8445
117257
2048
94852
18395
2778
1581
56357
123199
121705
47222
19851
75079
30555
35503
1047
78247
116154
34693
56730
63486
113149
14662
58359
3099
11562
12907
12002
53072
86817
141728
117345
25350
22957
58905
16600
35436
1748
53240
100717
16316
41837
120062
27498
83493
54251
4863
18284
76878
35025
69635
11465
1128
69863
5055
134104
52665
572
112403
31094
50142
83476
26130
72655
116868
43963
157707
84948
20557
10820
7647
163788
114562
31249
8475
67097
158957
15652
7315
57321
29804
49992
49853
12799
8163
75611
28246
21894
95553
113604
12753
7102
4797
32511
103832
113718
17868
37038
111718
85562
3246
5021
71449
22388
93654
45159
51293
54921
93695
4171
108862
65702
9444
20422
37038
58149
70213
36445
6626
5586
30102
111289
97834
95720
65492
30905
12278
106161
19560
36265
17828
47388
49187
96446
5530
46408
68332
58104
81578
2293
58658
166121
2709
89921
74905
10166
17123
50306
61575
19373
123841
88097
74623
5127
11277
68102
57253
62420
18875
77271
53505
53006
2626
44492
41646
2496
3525
9101
31089
80851
16497
16862
84768
2220
49769
23564
42908
22628
81726
5753
56028
61800
105179
23309
14575
43792
75994
97373
55496
1110
120321
38478
14096
51746
19152
91030
67208
59358
70643
48357
12779
9937
44274
24388
42113
532
3551
76403
9904
2745
92819
19639
17903
93879
60062
833
43225
41856
41600
75799
71809
18367
21497
53800
50776
63470
71169
25090
65961
7945
145003
42642
1584
19854
20304
54045
30344
71004
100111
104875
109720
70941
24487
57234
62504
3846
6349
690
16779
29960
76162
54220
116146
9887
6015
64911
75600
155556
904
18348
1440
120013
53943
11704
37410
37662
4939
157479
22586
96666
55933
71607
18568
37409
39055
8284
2830
6797
8572
18436
58678
24647
44854
20824
75043
74304
7200
55732
96962
4815
32186
37546
56241
13840
14803
52
7296
29772
5617
121678
14339
403
15926
19460
116833
80756
32132
145777
38333
26280
12120
69154
76257
29771
146691
96284
10244
71649
10859
175352
107769
9146
28909
68297
43931
113194
20599
74302
34367
176
73677
454
60494
29224
15607
16101
2475
114754
19762
96722
66864
7895
11971
65085
37275
11428
140796
58032
34893
107
6338
78570
124842
133674
98242
147523
1233
4523
15064
15188
52436
63872
40566
49099
129286
50631
25853
203
82686
2234
78556
91226
29539
58169
23048
44703
30998
3684
53240
59463
3854
105770
21032
170446
18720
3546
34602
65127
16197
2155
78424
21630
121648
141919
36913
5773
28240
12537
108287
19829
100005
18810
4102
5087
87396
97002
104716
161864
26342
40421
144122
89310
3831
3775
6285
48237
15597
55453
14832
15188
61614
24860
85308
153270
305
19827
91027
138795
53654
6700
1227
369
86795
8967
69163
24864
72045
35813
3773
29223
71989
101443
68110
41335
9075
12383
17305
1866
13690
6535
36203
81832
56103
57839
79288
11440
9778
11984
57196
11777
29526
5380
2650
54828
9618
48974
14597
110963
2425
21563
65569
43965
7639
59370
54589
22554
5501
94501
141932
81539
131960
133493
9697
50805
93913
161374
87198
9526
33595
11143
11599
30941
64983
7264
33175
31690
100389
6507
44923
24175
57371
3643
24753
3775
90388
61234
71592
6369
13553
38389
30257
13832
30484
76701
80946
8327
6753
8211
104158
19050
118167
81273
108329
42744
66382
55823
544
8973
5632
70998
20581
25988
34917
17865
18154
20091
112765
84064
112994
3124
14348
80554
131937
5201
8603
45231
43076
44521
11116
28431
17398
13001
79590
44072
63767
96082
64479
36461
94587
2012
99521
26122
9567
6661
96129
116233
119136
103248
15279
271
4274
18011
96222
47817
35731
178582
45547
67521
14444
14389
4682
54651
128579
21184
4160
17674
78639
7664
29051
9000
40831
26564
99974
5830
83473
160399
37341
15403
107153
49845
24494
86484
91187
99376
27323
341
9506
76837
17769
23848
9695
14048
16083
130941
6781
38970
7169
32593
82270
2218
25176
23801
22424
42438
37489
43051
84776
74789
12142
26977
22330
8524
16184
61773
113713
97190
9747
28669
24971
64503
12960
138171
68392
22082
2272
69501
16036
36516
2135
24477
37665
32786
912
95652
37131
2342
26816
1721
127197
46826
6955
135
76398
5456
44062
90803
35140
11715
58813
4103
17677
20988
18751
149732
22851
911
48197
75753
45259
66752
7107
3318
1139
145164
15382
41130
170653
100298
57301
52242
49489
38222
3712
16820
174796
46092
46092
12024
5345
13386
65602
25103
7925
29736
12696
28699
7793
54259
28418
15056
40901
63289
43454
20126
22083
46155
84202
15711
22068
69283
130219
3011
21009
19361
15795
85940
58179
69037
21572
12788
22534
33051
19391
42969
4573
115108
11702
60187
76064
6427
28484
21386
51875
52797
64341
7094
64715
35129
3884
19613
12135
88818
137802
75762
22225
29852
1133
171894
61584
106116
49706
109530
52395
70207
76453
7899
59016
98401
6725
10745
88418
12375
120580
20673
63811
62539
37140
37512
18674
19428
19512
22055
38053
41788
153068
26799
64283
24115
36302
116101
113972
2869
137284
13844
131593
18616
2179
60457
12625
43951
11393
23467
26853
74031
73894
1555
8567
60621
39400
7055
75760
12113
21465
11406
14671
77843
18915
3125
96974
89235
47332
14049
1396
1776
55417
43588
166378
28444
11951
22601
22456
5917
72770
431
22795
73784
4638
88478
46724
83716
3840
51609
45363
14344
50424
77283
109203
61713
63527
9837
108472
97442
24182
13094
17675
13252
132639
151503
6684
28997
27247
7457
12237
128286
7358
72154
108174
46458
6963
50081
127215
55452
89206
13266
80559
4380
52264
88294
6213
125056
111247
41719
2676
80143
30274
109762
46882
80882
7580
136930
117533
9684
35057
112714
1217
7716
15952
66063
50035
22803
45319
79917
58976
105104
119382
105280
48177
1399
7556
41515
40818
9396
115316
17738
10366
3185
8456
26543
19523
57802
1944
15171
44625
81158
12058
33043
45537
2910
32203
124799
20651
14567
42746
100319
87911
64694
101216
9369
134106
49890
60430
19570
3693
6824
75207
159353
37180
34597
68414
6283
20503
95649
23908
20177
19966
63484
45444
53786
36450
18713
21036
74438
62820
126616
14378
1183
47669
104626
50136
34184
12180
13705
35500
52936
61000
7477
27966
43406
48146
127434
62286
11093
50414
37563
34839
8999
1277
56101
23086
43933
40697
133893
98544
37263
2067
167026
129676
12971
8584
3400
19704
47237
3833
127790
108934
104541
36784
28469
101196
52774
20964
62682
70675
46069
17372
7442
59955
9581
23883
56577
10200
213
27397
108812
16825
3849
37896
13381
50349
95241
36067
56597
36209
10612
92145
4471
32479
30473
27325
54311
26873
19581
40268
12719
9204
29508
167549
12336
14490
23911
61341
26558
73376
3392
29495
10990
5899
1244
115153
14000
55796
60612
15704
12697
58211
46016
57080
102416
21474
46020
34428
59795
24666
68850
4014
66436
116449
22095
36620
23717
14420
78573
73402
87161
74674
55277
9749
12647
25176
816
3664
10332
66836
3444
19704
24369
119772
8276
3329
58735
114686
13640
50735
31270
2542
3047
10168
74788
64990
32255
36053
5408
18226
141033
2724
30724
9793
120005
132858
51194
142503
133629
74170
73439
7718
80408
12773
7228
16697
39628
130552
48749
58734
157715
136651
117920
46746
6924
7708
10250
62391
22144
16777
79440
138392
1520
79749
13980
117086
46332
101477
78303
90363
7183
33783
149775
69024
19551
47046
22298
54759
71683
38651
6987
29554
55935
31668
81532
8694
73450
4103
43365
115300
146947
1948
16007
119875
68403
52534
53986
9650
20873
1651
93512
36863
44042
26005
35327
50584
44923
14749
154091
129462
9002
2525
61199
20423
70217
15769
8627
49166
73702
92509
5423
2657
47749
40849
74759
5792
15802
82162
45406
19211
105811
21781
4067
40970
49653
124449
132765
31661
53068
7500
67480
5097
28398
537
102946
44093
98447
36537
6115
56546
27040
1360
40792
63452
782
84693
123056
4253
29305
22994
24695
64416
20419
72892
41365
29636
100347
39164
59757
71737
55018
125568
8664
29330
3455
5581
78290
70332
76742
2606
124016
100206
9790
88843
56988
11998
147442
4332
133243
6160
42845
24955
58621
84330
36812
49692
53309
2735
75291
170566
27748
69933
13912
72
117892
23282
21029
88673
100912
13379
31994
135497
4523
27376
174336
14812
25272
63166
112898
7820
7818
13213
43531
31850
14316
123524
22814
139834
1971
17
81482
33614
47151
134014
16306
33843
31174
22772
64204
138421
176917
69196
16067
9586
2991
77254
7032
14213
90166
6094
31344
42908
345
109301
729
18848
33640
4885
64048
49725
58942
27434
72950
9160
131465
13602
31479
102639
57753
2156
158415
54496
29009
151664
67916
98663
439
10625
130785
29503
133131
6741
27304
32755
105971
19600
3028
34695
12638
6059
12682
51091
9568
43367
8641
3628
60648
85112
58313
4839
13453
31443
405
60692
10126
140225
101508
23938
11784
11612
35805
6661
91653
24777
88619
71320
40127
13363
490
19459
11815
17479
1936
31861
58763
83084
9415
42631
36327
28463
28197
27306
15511
30324
17510
121756
19279
70018
30664
29264
14941
60756
157765
136918
64164
136081
3036
32707
19247
32930
7552
25656
9514
117441
70521
33344
60697
67999
117946
8791
63193
839
39461
32178
26283
51271
2500
63218
97834
31930
101247
62335
40188
60532
67865
1536
13234
63455
19633
17532
71414
167339
57899
115527
4100
165255
150027
15017
31232
144973
29042
26457
11507
64173
55035
16441
88465
10960
103273
6832
34555
17982
120298
24435
103384
32481
112361
58047
71320
3464
23990
646
48475
9298
8774
21913
50314
4473
70670
132858
6242
21470
13205
49786
20765
152506
6389
3490
135420
42809
2100
13447
3924
101771
113375
99586
42058
56540
6650
96753
19633
61701
27235
73718
141227
68349
39415
961
28632
78813
19642
72723
32088
85554
16593
5717
30362
115248
66370
49285
44219
54170
49966
20513
65870
118680
60112
78531
93745
33893
9089
53943
29566
10978
19015
7833
43968
80248
15860
107243
3559
22482
119571
74355
11231
50408
16503
16692
9619
21728
16290
67575
55299
69560
20670
19606
1374
39279
53072
16087
16945
20241
20167
89447
106957
35555
64692
3348
35787
11156
14742
79466
2318
65066
9778
12709
16577
22758
75206
2419
8292
112994
2484
3134
145057
6815
15311
10111
34665
80301
151852
46573
41308
21701
8440
27502
4173
37021
77839
29341
20151
27622
122360
42472
10782
62194
50769
46852
33318
1445
31477
10207
42271
77561
81001
14211
35667
72243
29412
171825
92895
17143
48765
44311
131016
4754
108376
2563
34691
15029
65630
135340
35600
70053
9020
19843
45080
20705
16883
59924
120764
34769
96177
113585
120896
128606
9187
88993
127494
124638
134075
143613
7375
46633
8713
5320
75319
8898
109648
33746
127215
32473
45040
3272
64397
88476
83138
33896
14809
17506
103717
93449
114237
5647
7798
5937
70727
10550
89103
169936
20230
43404
18986
105824
587
42928
10333
14177
9871
16230
2644
2579
10955
61224
1766
9360
8017
4460
20457
10973
32815
15708
42174
29574
62481
66590
18154
30415
67396
59648
122080
36783
146652
22628
95629
4698
12669
29575
54288
46057
144
26576
45007
25588
42407
131669
60696
59613
47328
56880
12936
17773
3068
91109
43790
27449
72834
132036
42019
32455
106454
725
115929
122755
33255
104185
48600
14008
122310
818
25115
168215
46512
406
71328
39
32112
38889
132608
7826
34974
38474
21931
7816
114321
41485
25262
122527
57669
19247
4711
85020
18616
1679
99878
15194
50998
24661
163559
2596
47814
21487
23939
32636
751
3709
19731
76833
58609
36031
498
81224
28932
52828
135084
28210
58795
832
39599
14214
102754
44892
29396
24253
57094
40216
3384
82564
54273
72866
101043
17973
3439
92352
32180
81630
8342
762
1904
150779
2958
54033
35423
106042
30907
72260
19614
21451
147658
101764
116482
15913
76284
85814
95723
145812
5664
108875
42197
33051
1532
132271
27324
9995
18063
99458
26982
116647
24847
122263
14348
95609
15175
157298
5589
63521
471
7593
26947
141005
11881
1466
1814
39849
18521
8225
34373
1674
12048
60397
37540
97166
1945
16041
79924
30962
125550
73758
96765
5732
95119
131475
24719
18197
28280
15436
93268
22551
113605
56260
11145
32281
45731
5957
32522
46361
12963
102068
53611
55841
15627
113161
12473
32260
86224
102523
45137
26097
43684
22192
6572
11884
133409
29343
4900
66647
6890
83783
19311
32234
6999
27128
7448
25596
2832
103543
3089
50941
15004
46557
41577
9173
45824
81439
28722
101207
38314
78084
158529
41972
14228
38763
56635
25132
61063
12784
70468
67631
322
16182
170967
1143
18921
81666
47801
21384
72280
101992
18856
17391
31413
573
43885
52281
12712
46325
66117
49492
3087
68517
61556
111633
71350
21490
5233
39480
91362
14706
67228
76950
157621
39838
47332
128831
45813
100176
120320
73999
1296
60706
8839
10569
33489
24097
94306
146711
3965
42521
5829
92551
80007
35560
1965
9299
17093
23253
16293
1174
27870
64494
2492
26034
32636
12294
92015
99971
1099
22996
95628
50288
64718
5883
61323
67795
3957
18665
32592
10459
4598
35963
8132
51853
24298
30599
27
16398
56561
138652
192
10036
8486
91635
45547
36188
54760
9699
37483
98022
11286
54449
22940
18994
1418
72045
95335
75799
108049
92174
47335
22078
66115
5173
73997
9073
68022
30844
101991
72534
129413
1314
4810
15855
140498
10078
102104
93437
137892
1961
10141
44930
9948
38938
1143
129744
22390
3951
173194
18730
51375
75074
132406
19410
212
39361
70805
110855
129271
1149
48798
36245
90424
87729
48508
159076
102678
21410
23708
71808
43663
73030
100288
45116
27475
74749
30374
44640
19632
7253
87511
65950
124991
42049
142280
65540
85365
45520
23244
118964
82329
34422
31563
42388
96551
25424
14355
16386
8963
1808
160281
17396
4983
2902
57200
40080
106846
87130
40659
34075
52740
50359
13557
54777
31906
4474
64959
17351
3024
19205
4613
131773
10846
243
65919
12053
55806
77484
1216
140557
118128
11036
9979
97788
11051
5444
75493
2645
38404
79338
97653
107349
150686
38524
21957
13506
24999
6307
48348
50634
96804
14429
15132
26130
36322
26520
88808
66377
21463
284
28514
62627
6957
135673
20716
48345
17531
5425
24791
46650
3173
112309
64819
46947
20954
122092
54010
10386
5457
35898
55871
93367
22464
28258
31915
25625
514
48879
141823
172310
356
71737
142878
156557
93206
909
74276
91546
84398
12215
22458
20785
60626
74341
78312
27849
6988
11342
110060
73690
2419
831
23926
137916
71848
28404
123936
105833
69684
35642
59589
4658
23222
131115
2247
2949
3460
2276
5256
847
3467
138561
135449
2726
162226
36973
89314
43080
137742
151251
111541
2614
4932
422
4618
13571
49388
131642
13197
10234
18623
66040
104876
7725
1315
72
13747
58048
101746
62542
2424
46145
35313
42738
28103
78061
11914
2333
6440
22361
10723
46542
19875
54998
118454
42117
6170
61695
58964
95825
29547
6744
181518
88601
24552
15579
8890
98733
78245
57294
20897
1497
103255
25537
112499
85949
9183
24700
1431
60285
4025
33703
81992
2326
89686
114930
12199
73459
88976
11097
142241
107998
24237
5405
8547
1017
82439
20228
14487
162264
120952
88434
76493
73048
113595
121408
76606
39385
7154
29697
32136
110302
13693
35819
45884
137080
4250
55235
3633
95069
6616
48152
82032
1978
20072
118135
67262
15172
68701
46513
50398
50170
6716
31168
81306
17929
8502
97370
41214
24060
13282
5547
146268
125915
126127
11291
30074
162111
82513
21723
22885
69909
21176
110806
20469
41086
163549
33542
45251
25260
133674
50804
52984
8907
103738
62982
23823
97251
66818
19574
6671
25276
160300
55015
9747
28488
139774
2540
12649
5542
89697
70479
125271
13118
1809
56263
178601
603
63229
14706
25020
10212
10809
16253
111319
2082
146557
56156
10305
123446
163341
52486
3436
64151
1672
14572
4933
9478
62695
10777
3197
10050
29550
59128
3216
17536
33934
148154
16286
104209
45320
159444
7342
121817
25003
57576
58073
23659
5097
101090
909
138838
82163
23543
1047
55087
129561
110312
2514
22547
18130
65860
54411
87076
66228
25761
42968
81278
232
61928
87361
14219
126722
41566
34552
61743
60493
29437
12399
9121
1658
3914
31251
73694
20390
138098
137882
30498
2895
38567
6538
