0
8929
149268
19434
170814
128586
21863
287961
355134
634371
196109
556979
717545
182255
431353
546414
55207
434409
7571
238659
143293
155938
646981
1135182
987849
38641
41107
731792
249318
605882
1651120
67916
218162
49837
301025
18533
186871
314384
476299
1363122
51082
1714721
1278743
351694
440990
1653724
1888874
73703
530896
324354
108956
613092
843123
1184660
1531026
1318550
3361
391464
1600099
2359817
49015
2586600
1358613
235716
2632459
1481818
3570076
582253
1233943
78156
1495195
2701380
890201
1248303
1400187
3055770
2130176
2659622
1752971
2531303
2193367
4270100
1775897
1934254
652841
1550189
1508933
1581115
433619
487470
2215619
2683943
5505735
102039
3858711
73709
1671552
2997342
194674
4434341
3548325
552628
1170547
2764005
277640
4294906
1467242
5299626
18727
1013868
783224
1567056
1302582
4036262
1552685
7251
2461486
324780
271607
240752
303512
6292645
58628
1294657
1504476
4672579
5118826
74560
5769673
5840607
1678665
8196549
474754
6353873
7575126
9400453
890753
3043194
320642
3696084
6839390
190809
7570456
74871
3118803
2994766
7683073
3934666
362452
4448005
85580
217861
219152
4055922
3916317
6319359
99970
1660211
1651257
2389767
3637323
4808518
115594
7646244
5028163
3481551
1062122
3480407
10348361
8440975
470528
3632362
11439232
6723714
3092157
2194523
3706787
11115064
1920808
6198285
628374
8065878
1605384
1711404
2660758
10520860
821385
4019333
6318452
170491
10584175
1041701
7435067
796490
2625465
55464
223450
2387719
5920098
6520352
5701411
1743618
675124
12924750
887494
10529935
4725241
3400769
680289
9717251
1255822
377234
12273521
5474480
503765
13040353
4325396
5055960
4678334
1802365
9056234
11623843
5253100
2143995
3091953
1459227
576298
653407
2979757
16095254
5896667
73094
206091
1555506
9582501
14867967
15654090
630793
4892121
2992377
3597240
10222750
4201040
2305340
106364
7586372
1275981
6063849
2482586
9229265
269170
3053511
0
3724423
2880846
88206
11357317
11860219
11526109
4806105
399717
16903657
28164
13135762
394272
3800925
3613095
2401404
2556548
1615898
1461433
37443
526290
6844770
861393
1862554
38547
3158719
535354
1541064
940074
1093960
11750904
75807
299405
6793136
425753
11909449
345026
3866958
1805122
4359171
6805962
7754714
11411055
878604
2944921
25658
329365
9354073
286606
5617292
2724080
1838234
16584741
4023090
9655699
1079554
13156661
1395125
10165149
19468602
3445548
16677636
686277
2390631
946009
15249395
11359457
289839
431147
2774720
6833456
4672553
2436957
3039577
5595930
5491018
2281698
757279
6298211
1818205
1455745
8445707
822313
9951797
1918377
1249631
5193197
1245202
4250643
2468521
2269576
2530596
553193
11637824
7384186
4655708
11520987
15633697
3511551
3560019
18972787
19713993
3211039
6369111
2524300
37491
7924062
16617064
12740891
15568337
350369
7608388
12030194
1040851
3320849
2518452
162243
3662684
6752806
9762438
11368084
6009969
6476809
6768691
13695622
4513060
12904924
3868374
1177473
8531517
974824
14294545
1856810
25881596
5904335
349435
17174771
16754949
129850
7320578
18243232
5099994
7618643
13029074
10689437
15461772
14175437
13177513
6818251
3899014
8724261
6435094
3997715
6131205
345604
3405069
669368
5371075
18916062
6187807
3619999
8063008
8251103
3671209
12265367
10297290
1700887
8604463
14388115
14961879
5175897
9379914
5092065
13729789
15215632
5748094
14324071
16862302
11889378
14960017
856995
9382688
7463464
12908205
2746325
2958889
8595041
5047916
19926502
5855295
3494587
16947371
2224847
11615043
560600
3820946
771112
11518081
3988883
3808389
16119264
11667760
11464361
443704
18231951
892105
3113369
12908438
4388353
11052509
6868903
9797267
338385
4275856
28480238
2250559
13083683
5696297
10911996
1366279
26210282
11743574
8973929
22858788
3781933
1417194
2617762
95559
7312699
1183510
298331
4992433
1272993
14799685
3567757
29135923
3486133
3983423
2753700
14780053
16608566
10346561
489915
14106058
18853440
17651313
14183431
1633630
11271873
6348799
13720291
17172201
7611047
13834593
10344062
20332000
4565528
25932749
6420827
19433938
9192859
941964
0
7781894
2375781
219215
26006957
21993196
20844863
4964676
3814731
2725360
3390018
20690120
34552024
23437048
5175301
28037565
160925
22020053
13817486
4670595
32197859
27580325
292702
22817325
2788941
30569583
25526859
1645776
993849
2129728
19862722
719173
15756105
3200309
4980472
14337597
1275124
4745887
13052891
2508233
3271499
1767000
6453132
18254386
17425817
3468242
1102648
6690786
8145688
27305663
347173
8148187
18193892
672430
19128152
168726
20613938
37797437
7284236
326389
2944363
24039979
13772322
7665132
7003972
9318075
28654024
18762547
20204737
7119619
2818566
2056726
27511802
309668
18127947
37747223
17807004
21980549
12893209
8246588
9665566
14200484
2817208
31507564
1261656
41123
5122436
1400580
7270161
13730470
586392
19991192
303925
16600816
11974339
40979725
19760098
26112362
10556433
19154715
8893558
27309231
14725178
22170322
5528932
12387
31150122
2495521
6164562
2390517
15430120
22618834
7835842
15196836
32697164
4410993
4388384
417911
3079050
31337376
18550099
2962090
24650216
38418706
1980944
35427976
27037033
22207075
18766120
11541976
11474728
914998
1151835
15168764
11079077
29313994
4989387
10918906
6661213
38716757
30681895
3830256
7767065
5887793
1430575
35551542
15055877
6982317
15518666
15374
38548808
17521443
2661495
5749826
23420708
1349470
32024754
1937487
11757904
3708090
12965689
6800616
29834376
8053105
5313871
12460176
9135273
40582013
2262666
11131384
29226704
21647349
38831124
3138476
15466082
5632077
7636357
21711739
30797347
35520169
3388888
3665949
23668752
9166083
33215026
15010636
23982932
1447323
3776666
1631721
6035675
7399786
8780232
3489855
11530801
6957355
43062311
11318393
36711339
1263657
31892061
30654748
1746152
2021903
18795118
1991686
3957182
2972478
47792944
31553274
17030792
49492357
878880
10220290
27647566
15644544
10420018
36243916
616634
7000122
118162
1929561
15510951
6638052
44032
15094716
20774973
2545438
10629125
2128491
4837332
1657851
11488274
15446422
29403028
327190
3346602
36664111
4705147
9177202
2524633
1221532
18630545
588791
4875789
41126513
31734323
27014363
763793
303885
24551662
5455113
3149758
7896411
1336876
23318352
26510260
6965918
6805495
8647207
47174107
11722254
8060405
260063
5276064
33378301
17316472
27782888
16630621
2489642
37406985
17994479
1856201
19404916
34713440
15469490
519030
24782980
31827542
15415005
39796023
3491843
40047505
248238
11436618
30170799
3303578
12808723
10542185
1383385
21573156
20790440
31224447
7100497
6141665
7849905
2855135
37744348
2423408
24176853
11807358
5361746
5307448
3449544
4269044
1594198
9592126
87044
49645
55271164
297027
61000876
6774684
12603619
27235544
904524
746504
1126976
14124899
4222123
907622
31217201
2447547
34699415
40486280
49819181
2147885
5986032
11131695
5280823
3286863
16163841
242171
22574890
18520680
10001615
30487813
6979243
27849016
51808737
5382472
21082412
330004
16553062
2715802
584614
2766564
6225293
36819788
9699986
43599412
4854070
41137802
33211398
13440289
7109669
57113915
16996786
13597181
12861661
37585407
4452837
440977
15048196
13538372
1729936
2376460
9200569
17388180
2156085
44036417
38595636
10148385
6404459
42152111
8813933
13768876
40977359
3966069
19626569
16908323
25818133
18308848
6761901
23293341
9578966
24242704
26025611
23619656
22114258
12269900
11602322
16800236
24160318
21656543
49583420
38070720
7476823
37287039
5258103
29565488
7249550
33654510
18551778
2664019
3371929
3850351
55914975
2691984
22356727
54899856
38888636
48832817
3786718
29139471
36163119
28490372
9086741
12999293
4967812
18393794
7029744
3544509
52044967
12817316
1055851
27359682
484793
14720063
16569324
2829859
12815182
33781771
8606767
164267
38430775
2253717
9023320
47632150
1061021
32341925
2349020
14115744
9687432
4371285
2778089
1687322
20409146
1422190
1617835
46864343
5789473
1986474
24567843
2375421
1084786
33169845
7363775
1093199
17772228
27947018
5083750
10025245
1989054
15568219
21776394
9292808
14500456
1548574
46659201
19179594
11711725
16218910
2356031
14244770
19650627
962552
20889748
48017525
37902813
26339089
49746720
8976425
6700390
31344998
24664980
7752022
16623705
40514392
15034153
62555324
6422142
10900607
16507223
36804213
34665493
62386656
18045221
17937566
10181690
40788192
4005623
6198098
8320023
9111180
2785730
43884900
3479884
21253300
14440259
26782373
47934675
11945042
36874274
15172719
16194288
13476266
3325493
14739724
3350870
53794156
17157299
3871594
18269375
28654330
31864649
0
54303086
3491037
15090461
21359106
13799733
12299595
4177171
28107805
4080854
27248642
39535471
15297382
4186757
11399714
340934
17002834
52021418
18038726
5079241
17953575
74758465
1218764
60510535
36695560
7269080
11077434
2238244
32080045
627787
8565593
34279063
25675994
3570104
28602785
48089048
9255520
2589119
48233531
53180292
12028130
35732897
2938583
44538583
2119248
27184533
43643039
14110084
46382766
48996938
20178201
40325206
41549599
751440
26099363
53315952
1096994
41009969
20081352
8168873
1403604
17426693
40913651
19106714
7310844
1120257
48382505
39446253
26458922
5505040
50988356
16051719
3725669
60497
12915553
7592466
25586193
10187149
17211607
8058915
17728537
71481824
146848
12938725
2379392
43741697
33090615
6209731
4385285
20071594
56639676
14659474
33801097
6672177
9036068
34933670
4327986
85166146
39466457
18027923
8972123
23118343
9392957
9667482
46200882
57530077
37938411
49021627
817945
1424092
29776562
13040689
44212854
13554878
8926883
59060623
8174
17341278
33456806
45862366
8932727
11160073
34279147
2151334
605260
6901402
61490896
30770436
11246073
74031553
40627839
20976885
901805
35067727
24681617
53373728
17496137
7199661
37116042
58663308
8243179
1511130
34657445
26122223
67531847
9061197
17073514
15538755
69809930
16600634
4549831
74134978
12531331
4367228
67200082
10442916
30583686
39081781
25249092
14107635
21553290
14417828
11056780
27979777
8593090
33339649
10810271
5360302
10090509
27630554
715427
11152147
26063271
12119344
5552009
30108496
8997728
25397624
2626387
14858268
4586870
2663405
66332414
23474837
537319
3759229
20466156
41723906
7767712
6795213
38739588
38380445
11884303
16271271
40908166
11669029
37309786
4799911
18613411
25867922
27572233
6534330
45002521
11623705
17892922
36229653
36825980
54992129
40942468
2014447
15970751
14170993
35526247
14225706
53692099
61589010
72460655
6682259
43774769
57361551
60080050
10418779
2450043
36117002
2032271
44382048
30218083
58970765
0
47503084
3125787
8263414
3756469
6908500
26946702
23267208
11078337
42374742
40533447
27882499
7258741
5823309
13544478
38634406
78729449
22161340
32013065
1110701
36695049
15780753
18125481
22314909
47915444
46154435
30804140
9453588
9418949
3539896
9561141
16619640
13698143
12239802
20297040
25834
42835536
11113404
10982767
48407820
1640706
26293410
12365937
1194602
719457
58897710
29145235
27731204
3142528
70842083
43834174
31400005
3236279
24321105
83787942
27001643
54565384
65682045
7214462
68382259
25534682
2744646
60128803
12838593
41086376
1417962
3277172
28293064
17645044
8798128
23409276
71882511
65453876
2317629
77633636
15775355
59220675
68098817
3770547
11233539
12056627
39934255
49960262
17402839
22705366
31784619
18085390
18533599
89489815
12160455
6487743
2017494
15947994
37244702
24252355
21616920
189678
66237786
69632752
39210418
8275483
17385327
23009325
23624638
30022567
402798
39568944
7155448
37561794
15034928
22319755
7137993
19301100
14568000
47641933
8929956
960137
27380111
3485613
11932236
1408214
30494487
21132350
52379475
15008437
45947603
12881904
22073537
4711424
37897916
7868226
24607375
4688881
43652176
1657163
88179908
46607818
11375893
64283443
1227228
16478939
8351540
14834016
26920988
42419903
31222538
23654764
1667034
23302312
6800940
3278533
30642754
26356900
15100874
9075121
64712512
37437236
14343973
69920499
3697949
24565828
48354796
3864068
2979007
14412098
2516418
4750993
71954
9679331
5128561
5917833
11949966
31751472
1277342
31512114
29573458
5906729
52877206
37721960
60271878
25598649
1313414
4173869
88083493
84237340
59364812
25133344
30594499
74613855
45214933
45684817
11634375
1263453
39182120
76585112
23961967
78872967
24483508
76764137
474494
19976782
49976745
6312174
53607668
9118190
16324013
31061839
68929183
15289672
25110345
51059699
31359568
3400987
26985853
2517155
69918923
38523092
41646592
5022584
54727617
5795197
4057807
75045618
51546073
23059735
41258256
9707492
24693579
1071063
11138625
4971222
83249041
59501803
66974227
12792341
44138835
7224354
29154779
2243371
30049094
48590981
64717419
14198657
24771918
13682392
28241380
37631578
128803
39916156
15312513
11452664
41968264
56244782
242394
4310488
35140914
79910229
10222073
84276615
36702128
26308569
87689457
15915746
23430775
2004382
66575723
37904643
3490703
2984943
37720663
10975676
15964508
7573424
65774090
28701595
56841274
28388926
45185192
62356106
18706139
45811697
14576636
16499260
10210133
44745526
7041886
78631807
28811033
11759358
13889145
29660078
17242104
79726214
36047596
9562276
89209951
59301516
13143491
7523990
12025660
74805738
38027130
36918752
84247771
63580833
29374531
90297491
295907
92655514
22872375
2196310
30880056
29206744
73908944
13442735
2638840
19076032
34670902
60271908
3865478
45133916
21287095
45754460
5480665
5927792
55377634
16117183
30003557
47569288
772056
12410533
451983
7061928
39735958
18167855
2609394
2073335
27560154
71753964
5188207
20183319
18273415
13780727
21750339
9483915
2781036
66443100
3359836
20778260
92788361
90618993
63170844
19601400
85757413
34984903
9634016
17542143
2266725
19617480
50122907
1378710
61554289
21786163
3908293
1148295
22260396
4956842
39482673
492063
79468787
23978807
6501730
8262550
47752161
73086321
28735270
40884578
43348081
16720672
17223739
27267313
43268578
71771587
19973626
112258812
18729399
18085755
18750368
24770952
13968759
3760111
49602741
608115
95285610
31916235
36008858
411168
73431339
1935394
2724814
50569559
21915175
54716390
43320359
37717018
16607017
22999958
390715
3782361
24539286
4786520
7837225
47838695
5357411
10998991
21817008
13064382
48926064
37634984
88751576
6174862
2075222
17617374
11087217
28755439
27938856
28152841
25554121
2182275
64186760
60690390
77819218
4944058
22243135
38258151
13462132
47105740
22785054
54205962
2523251
623603
76938087
44459765
2486241
8684581
35696887
1185849
11611204
10432438
34922022
33776310
42561469
10690601
42504203
15164005
23937021
98879737
66961495
3804466
739249
77737205
84651872
2971451
42962879
3987276
28315966
6297287
4805691
69477419
39487512
119080625
55358123
3591165
4904187
5039427
118836408
25922699
3413702
2893252
834505
4193631
5618
3818827
12087827
26929606
17027254
17750528
92670097
66216432
34773103
4324161
70731579
4841481
102586773
29663165
56605694
2065972
24088704
28333
7139040
85617865
16968631
54492622
43940364
33674158
91591706
197139
62744442
23820363
14476304
23799923
22022835
61811781
1415171
65068830
43274193
2116544
55421170
15814864
14064723
28295289
4698042
100362741
4960435
5325754
21359566
53177656
110764
702016
4029910
22309658
6567333
58766899
2829360
53195315
25025822
48454833
85841425
25656143
21802409
7206184
32308208
23453467
10341716
66563829
41757287
81180174
5323866
102375828
16421389
26595948
43033126
93211652
122627901
51001644
36257356
30090970
27269748
11962193
74048617
19620125
5552016
34462826
8842302
56128889
7684711
48605121
25780605
5582739
2297929
60968279
112003577
57567390
21797236
3983286
17654209
54162143
64644104
13547108
14711288
33428079
50572489
36739499
23372156
6028081
44962291
60960478
34021293
40324075
109713753
13194325
40570474
78821311
13333181
28088245
87760174
40235579
52166186
19919750
49876471
4844169
38076478
56641558
32129245
20114812
28296972
4546208
10082069
3539456
85764742
21640376
30020411
79676253
70769850
15801653
37324002
23243493
6387443
13962407
75697478
138717131
103850745
27648951
113905385
35014580
74561026
100798128
19615576
8103291
4715907
56620851
35311178
65022477
86925335
85318896
7507889
96075444
61160619
28859451
6229480
119382413
25475997
1532086
20119946
22293769
4139646
75152111
100028794
1674242
101595003
37086247
3279857
1847258
34534465
20603567
1430152
115171331
6740474
11756199
73760172
31486871
4362062
8008926
1349369
23151360
89187006
75554503
6457131
9632731
106199421
66165174
21337353
7089380
57870484
13939226
20043390
75619061
59735983
4425203
47340642
7994336
113396616
24105134
4751128
14144933
16300494
51877559
30891474
28020512
85555564
10558055
36877691
22750991
19015773
5394717
2734479
7688130
74370715
23711774
94342279
31564147
24697140
22588109
17212918
831551
32303008
17441226
91141370
4948041
5735059
3300846
75319131
42034916
23735311
16795993
9533416
31848145
103389177
32488265
44898993
18182653
33436044
56380059
21993744
7109478
12177888
95936562
84120724
34174375
54756007
57617972
30289108
26546467
51872125
23510064
32002752
50039976
11642974
82226801
66057461
3524337
56889868
29641586
4976346
18628056
4157258
30425180
87464209
96534443
38760737
4878995
3439188
98101140
113887799
21801951
2891678
72472586
95435366
11661971
25956777
18409947
71262342
18592796
303199
10476770
788796
20357436
29084807
29514988
77897665
30820787
42854802
23835837
48869926
40582533
18824573
13841240
61490826
7873707
9906549
58639084
4083584
16475207
5101667
5167977
38758031
64358908
2295559
12907462
2649330
31741609
583400
57794897
3351956
4502076
57958430
34787673
9246420
166962
62760719
71135382
40465340
116018819
96089795
44947915
16934920
20136719
24455043
4070952
31556252
49387463
13969618
108724082
107422740
79988978
15231390
32943900
75728547
29144983
76686776
11894522
68333982
22737568
41694334
18522978
100287740
25374100
24891195
50017331
29149291
128067074
45285926
21462459
27315062
4925167
44242145
6607102
794823
83386447
22447556
26074822
46846
5282019
1691847
120689583
251877
78679201
71376929
80382052
481567
59659054
68655650
40451128
1453308
10747059
63093056
124933517
33930705
4096767
59379622
48289697
14331851
35449475
60769868
12476723
75804413
5724928
53644321
36459219
64931483
13178037
6337458
31114308
96835161
3413629
3809277
40434760
12858548
50319470
23112960
47737779
1790630
34646141
9966966
158626862
40529070
250095
3875372
12098859
20523720
14175227
4881159
61674799
8896698
59158894
23923273
43538804
87402199
10442633
7429665
86399
52924315
107901440
83227607
20399991
3182136
44416662
12250347
38334423
26705506
66049993
21613901
23743059
26539493
88027423
19306228
7658976
141732549
18040825
42523024
20280572
122601629
105714990
62779718
7099073
26857532
90900820
26746567
14850877
14162322
38545061
49862715
344399
41447755
84493952
7975510
124593983
828661
8660648
72193431
24913771
28359009
3040527
9169188
25615777
34035674
2248969
10931480
44623717
118236596
7007742
6853723
55345784
127693398
849702
59513105
25273475
57953514
31752657
24654879
154492094
63803905
87793369
50349895
58169850
37745274
54136230
72814020
107171238
33620765
53801097
18849253
4890235
148594996
137980387
73495282
78833161
15535971
62010140
40165910
101744392
10319207
40806215
148311479
106011676
4325100
16490903
142687318
67862657
59986471
10126255
51892121
1344916
34377229
89416557
54603492
37491998
100611534
32026321
79632795
84025893
74149859
62768049
26623200
13408747
28957874
7136049
11710589
130867915
41622451
60679424
124397473
51494408
10865065
5881943
112036174
24376697
69076388
13105494
62978835
53594347
35046072
104803608
28088870
26198292
18353177
84243703
149310017
79847605
16359579
8469240
97715464
31821162
55781850
55186430
24317256
137801217
3616579
92295489
14755372
9751998
27325837
154028948
111863133
130596569
30688086
63514280
10193430
43533119
1915388
40294800
5044311
19915683
47490696
38688651
27618126
60861543
22865779
8417532
27417579
17324090
46341559
15245405
47135212
7020252
28463834
18297551
34035373
27619549
150262964
7582433
1099399
349143
128354680
53547821
18144036
109305596
20287228
171393322
10141106
852699
5128057
19890949
54624814
18839572
30210142
146663744
883706
155841550
6773813
15410196
4023577
24406744
104760908
52540378
1423652
42732575
2855455
117653944
93843723
18996249
11078075
1888032
65333951
79006417
22638785
50797842
17150743
81828316
2713658
16243482
5451980
35919531
71394210
94593572
35141889
37937665
46033240
63402202
20825656
118537529
72610831
26681734
3982159
77508149
93074686
120061280
27860500
111100297
6464090
146533518
69510679
20898151
21534716
177959040
57383606
7631582
96526441
29929191
3915158
53085807
69623316
68232797
31010867
13642260
17167603
52953280
93840999
24777074
83617152
36275518
13675211
22123027
35467538
74261556
5451750
20114777
353611
73693087
47081865
111909155
48635722
30100913
30097060
8745445
105638522
21032303
56763805
4150384
42340263
48769594
43111312
95433615
44004183
29990847
35754768
36416883
41074517
38244863
6363183
6752348
70701136
15794295
7985070
17049966
51816524
3066704
147750922
14910780
62506554
22690757
135783802
19541262
12501841
29309
149787036
12581438
130953961
61721180
4756342
79750759
143577456
20398120
4424457
23296273
6018647
50584867
19812049
37715304
15025193
20080763
2024661
17855213
1829327
17847168
20513388
5609246
8925259
67180959
75164157
100250584
36018626
64941711
64930315
46388034
65039501
26257336
4361296
13263130
94712297
153069119
49233685
117110086
39429003
14153575
113721302
35624567
2483688
43334690
60157149
22447547
138232760
54453419
3063081
10444337
154211842
35537767
14671398
56160950
34638427
54416126
35001655
12680761
30267736
28685357
3370424
69848199
9887971
34527109
25425634
66033213
1251702
67305129
35244919
19312012
10259721
55985852
55935020
35349250
3601999
13620564
102507793
824101
23718686
14414093
30796740
43074725
19320115
65794223
34540567
49617042
21533228
10327609
33982231
61873835
88091890
178645023
90401943
25185350
69182408
87005624
59514290
88620888
63086083
133269703
70402509
22908175
39918293
58264554
6323026
46667404
41247728
24938299
13879418
164642089
95406168
29910529
112480275
12210480
23409901
20419318
55984194
17324368
20288520
30220850
48404071
34915049
54091173
21273514
8217519
155284588
60919142
42196435
2804712
102412639
80293
3730097
145954410
53443481
34944280
32463858
2647607
201265420
366974
48007796
8474389
1343906
54265443
40378545
9228546
6383251
66809854
18978399
68723563
30289242
26515120
16319597
8628352
45888032
162653116
6614812
12993437
80120186
1450880
8741926
133387225
14696131
22615091
97617
7878841
101546523
29324962
19926482
775606
52800612
155589943
87070314
97029596
9283520
1035876
69633761
72430847
40311894
68718158
160038731
99642298
12352112
53323013
36158035
103298671
25824808
4427651
152962029
36901613
51729010
28098781
20377633
13884938
244172
142793617
25590796
4332287
16806553
69989946
14171797
43930925
6254162
30655774
7180031
9595175
91027694
587042
26147063
34075267
134552242
60209262
39646074
6604506
21933344
32218480
47682287
11670289
29737168
73852034
20391038
6722847
7860894
68447224
82490522
100867064
80292069
59621444
8677682
80551948
175534546
19228486
91835875
51493482
20096287
30988285
21079939
27766957
20048731
27197501
104951806
32235647
22558407
52565827
97571298
124334107
43587642
35267203
3754791
2843426
76557059
63493258
114673818
2354229
10334346
7889044
7442130
85696220
5818122
131753188
26036056
12033298
44654493
123856622
173014431
13595169
102791205
137169383
110747545
46684576
115826481
9831330
208138
115952413
58957426
6047291
21263548
93332466
14369422
2044516
22827513
21625676
41489589
89780244
137117951
40625737
181940547
102138784
115780283
18091112
105227374
18488456
38181133
194116031
95524690
15800593
169302504
14402335
23780714
44554116
32217394
39739435
76553047
91695547
3323311
29221499
23643599
14100339
39639317
36679721
29358306
9223168
60835544
134023784
69916306
4947238
17281082
18040124
50140345
95299033
52513518
46234319
132155838
38040137
20709129
196826471
49868322
12148487
123872730
10043483
15882944
134375863
10030299
123484129
4904632
86874537
1043999
18622490
26550698
34007063
38510448
1115481
79707160
37760226
4139690
16076166
40556409
130799785
133872424
37898856
46337353
33303829
57102262
21620237
45590671
85971849
98795054
205894456
46429164
29424915
16024804
273827
19901581
23618739
17204213
29521290
11511418
149577169
92364986
335730
1672925
156984178
45247666
57407650
137799272
20200955
91028215
41013775
6916281
49668608
9098051
12083812
29803213
61875596
1409477
54324667
147068287
163530369
2776748
76045137
1019810
33244219
23303792
9597316
28099540
75677290
56477577
50036438
92508440
86545032
8203964
41742615
45723459
26252505
73031666
54530118
115734304
2360598
7424790
63549697
57885306
7172531
135911708
111156971
35801819
33002030
19642390
16586008
2991535
127840200
148473695
44630866
40150150
22549347
15565450
31437372
77047648
4246776
95433218
31884673
695198
26202243
23018295
84198207
22382635
14001643
45820064
135799039
106504950
98690582
29307722
85002071
191849001
68508479
58283663
65730578
41536879
176113775
63901385
55572859
75771318
8723652
158849001
63585268
6679531
93556534
16466378
29968303
33484936
11764057
10344772
95691547
144789655
387355
92224864
1078861
88289559
177675928
31933848
86293839
63207838
32979971
75626564
50412221
23324241
92221783
85216050
6999668
60633291
29076806
139336918
71717573
32931947
163968098
142042032
68619510
35858895
26852983
86970975
121191003
157410917
34606858
196205379
169061243
32484263
18640653
4982786
90494350
147606711
9189809
93700601
10733756
60241198
136397113
77620175
7910504
118235463
14340120
97153396
74252923
18588822
194024382
92165748
111624595
77263396
1931091
39450070
72472715
40788470
192126393
43963402
98520790
21363045
557316
131381071
98998769
18303033
37531377
11721674
49282561
94328430
3127657
481046
1248290
34106862
77760780
36044060
95523490
9798552
16970016
24663955
171001918
6843392
111744856
217172284
5934652
64090274
24217660
18406823
21558669
11069417
88855682
61475311
67854226
769229
42926418
133964559
130622142
6627623
31881569
13214157
24723945
28544549
1275548
3923101
44046615
101380390
23891374
6761122
33956828
41159078
25104995
86298471
17979347
132645796
93657487
25719371
18799607
358907
134381707
42541606
84605529
81050709
1656104
15939638
50809433
488536
10379745
28177620
79387571
36934508
84371313
132732680
48271724
95222807
65444779
21269933
11374672
34401446
149454773
24564581
9240299
99001701
10992900
23221355
133291906
15291774
43229436
85850688
21466901
1614919
24084393
26863068
314284
74273684
5056618
151420126
174465888
12974724
64309039
157557726
24271981
36811490
11801199
19447783
76449662
202062124
92698051
2134583
20002330
25928704
63482715
15771348
42819732
48554917
23928962
61415744
10252124
16864444
52528888
78023649
22335052
81422142
1936143
41653287
71241496
39730984
6152658
31903319
159244073
35925067
471061
31596135
43106894
90975054
52941144
179433
72061041
110246960
120641150
55930565
170695991
40375578
68770026
5175742
36354238
14681679
53470488
64405173
5765328
3114335
7299020
89082363
36481916
59651993
23170961
40455496
2749520
30774416
81697776
29566130
26514392
43237426
171189
33594390
38520318
150513564
68400816
148497771
57402705
26451827
93598383
101091286
23535551
23373802
20033418
198926750
111877670
44119822
2463508
38311439
28278593
34815698
2557946
51302707
30192982
208346877
32595593
17911952
26045072
58957154
12922076
174507508
188756858
69483556
72741896
3267507
6593093
46819112
155964301
109724530
206212039
122225516
27476857
877337
127039716
53070611
4455933
149748406
4893061
12971468
28048563
92669821
67073373
158266955
10210240
14857874
170193027
17228192
60471753
87482860
22835804
7478813
155265145
144162070
101583590
10399569
81264380
19682863
52068990
37091976
6988813
1080802
82503722
1338783
11998961
33471758
60828821
1864315
28053795
19222244
174341565
52388729
64297210
23908151
1417999
50516021
33676136
107404150
19644194
6480896
61301422
27891814
27720137
203170306
7797414
41864841
60816017
36338370
37150211
37889292
222132339
102764146
94267404
18216195
69867754
67993736
139164202
10443271
40199960
184596618
13230434
181895712
28861496
210143312
76453358
28305339
38640810
159320246
69502677
34537899
153394473
10782698
83892526
1272889
25033147
237570778
7122094
77021105
94056377
73273182
38401528
140230172
179070809
1947649
206524099
80912328
11249231
77435152
52802335
99316994
108906767
111939073
3058071
23500403
59169714
184821199
53545509
72850174
129490006
193185922
95871477
17852800
151052336
19009889
10877040
46942514
109854192
114137670
11299348
40885277
164522954
130828882
77324648
14109865
51597640
74325389
121483555
14008468
93832541
2748900
51349675
112198130
5083063
110551737
36513034
89107615
185147411
129988827
157410970
10843592
22975658
228409960
153274427
6014011
46576513
84151061
4172451
14585572
22326101
75165325
191516401
244855064
75210533
105565520
109907706
46554002
10860030
5276682
27441822
168662417
68450658
201465610
8403050
2881533
70090562
5105099
33247464
134228693
16347256
71606582
1709235
38244489
101379757
26407505
32365907
35664403
57216713
23959589
114563356
56860593
62562624
10905488
116467908
138649751
50942877
94113242
23447258
57173096
160513068
75896023
34442505
22861835
43596979
89893753
79319508
129983091
63395320
116599518
207224375
69067212
76576450
30949562
213888376
104613167
45210390
16882915
47634896
20589713
18377548
131890863
123591489
225097164
145674015
48580374
10407322
44030850
8927135
21795751
3787712
136855980
87792586
81367980
15562
25223074
2140163
111169206
188694775
92640077
3518966
19337180
125654463
67019212
30518742
35550548
60589085
31315319
23863486
100966669
69006702
25922821
132067423
31985615
45705524
149164268
70944822
103631913
113029963
24004319
70090886
111749250
20480065
177170395
55883463
19395734
82968290
17740365
1384246
156694316
68511120
126331531
24547652
103901172
13026542
32818499
12206500
79674484
172996390
1724914
97373802
16259146
177574631
16208039
58004488
25064771
230400128
53090782
15120488
44840162
125444532
76778682
195331267
10179412
224443068
4188425
43193466
75981393
290077
12245428
89055618
4239912
21052451
5932094
56710388
151362064
30020401
6591746
7831646
115735669
72540195
10735112
4870462
76559012
101354639
26760762
87080631
11602468
36522523
14475110
128522430
118130186
15072793
12568845
19477197
24934761
71708533
174412659
42111541
15007793
13311057
23262830
2324904
65864322
72780498
73614119
37239846
37266389
175005252
72458383
19949593
237035885
4675682
219919039
89371604
73443747
7535164
13448892
230001327
116058431
35240043
34480574
4226294
132273884
20937916
199899205
22394815
19273212
11100460
39775078
6529686
2453503
19188011
68542012
36699646
138635557
48352722
13125148
42901936
94362551
151989522
248159412
16856934
106512190
7498315
151342845
14317946
44795349
14865608
217154061
47712482
127185724
134974529
17477875
61974237
20368008
68885504
5924534
29525673
165932192
16270477
152704292
60992089
208955
79308249
116900465
5727911
40719178
24083904
51304106
6572492
146124490
90390367
133442384
240047860
255955366
48020297
10518400
18072844
69853790
52709422
139877830
26862448
1479502
39733073
109897805
10380133
13117495
110720880
124658028
9547340
181259517
67514763
152081249
98450096
12345565
46616928
191244584
16417766
34961611
78478199
66518086
54734234
203630833
42841087
173314689
5387438
29117874
72342627
63382796
82586394
19965135
20049368
8393727
99653725
91112919
1432951
147847491
26615731
188544363
105049394
25452165
53763901
12021879
14741530
78796368
10535120
218723767
6584248
18599527
133508232
4043187
75615818
16777502
90964030
87161543
50646345
13715269
155246847
82798041
14791942
110915259
57271572
75276489
74439583
30411158
14191385
51933570
181081136
60852938
65101518
45798082
109858176
7184879
218531272
145479929
226879130
1100207
36371728
101962220
5788583
55716076
13012823
75271792
1996207
37782809
112120804
50712496
227465610
25430346
213280150
167415075
5804563
82398819
96247604
50356445
111543540
110622125
13198431
66320490
110982
119054056
76166497
29054390
52752106
86895182
126623098
50290023
176256204
22265004
35237638
445133
7682076
48642812
94840689
170875427
15811790
127739135
839296
13653606
372476
241172979
33882007
26012585
224030068
30412472
33781526
67271087
15788256
2419553
9524191
81303422
148935687
124262981
14263169
8417487
75767713
3673920
70470393
17039665
157441925
14927749
81842648
185144540
152841039
23164233
2643529
248547684
40660119
101347058
5680466
32947518
30109991
2105616
8335527
16748547
82628727
81828738
146925271
42195666
63374093
75744071
29456938
4868885
85860007
42128857
7948341
130287301
113012706
40641521
10084277
68201143
52342503
6174798
42157451
168389343
14809726
5702542
63211769
70642373
29927840
119084424
33479052
29229735
33478895
42139755
270895979
62284098
93031210
125474468
14824901
190441881
5625125
178188273
70171017
34971566
94893339
44803450
115017783
3985428
1494246
144579315
91860947
26991928
88544660
103141652
26515261
77094823
10191285
57746660
147002457
69915456
10111950
18125303
13231758
10413172
67362569
211604758
23623684
143483409
1713734
21606164
1123686
86945300
114870568
89181924
3604353
50230388
176174033
32634376
125381772
21242859
36860027
128247533
1645187
60336488
3790563
123379895
8551437
6160955
8324660
180038162
2145264
53831313
125862880
101279419
208812145
148107361
82454045
50370245
48169260
132533332
11500739
222171222
44793505
2622005
52077430
52797750
13776203
134100954
40164864
177231283
56766179
10733178
44748793
96515154
121722
96535867
2866216
8842154
9383701
59140894
5212489
147682261
8209538
94387469
74589729
183227408
82895804
140914928
101285075
68175430
76522633
14526359
30768119
88704441
1413879
56445058
21991767
7093582
42547419
54973489
36297588
20037022
4570184
118457744
183540868
47545241
131524159
36478103
79990703
217093946
104893424
22689589
11845421
12731893
245786864
71245525
172020986
38956754
7885105
10674199
136337515
68427887
47734135
186567616
12361569
24133804
215840822
45531421
62480328
6976398
80778611
5463818
55873670
176814953
15263490
193421578
232230503
37867113
4091106
87716430
77215355
211571
30041725
9238785
85499890
108972762
10283696
63237499
10868682
3652941
184125146
12362333
58997055
42204952
82789242
33325508
209320250
8203180
88524601
5481861
113800522
60121066
99478364
4594479
24670501
43030021
17287651
160364707
40744633
74557120
119556184
36778037
272404296
14658268
6481240
161471920
1053922
39939826
53448514
8486841
4613140
32447128
143219828
4309476
83468794
104186452
167644666
87954590
132446816
121611556
92660410
68503270
221931444
75074450
220149140
169735952
76990940
134648959
26431466
41849031
44618376
120788847
5534123
45738485
95723495
30740081
2419089
75310194
64712358
30560305
586217
5857029
210564591
24502302
39483529
85101656
86137457
20874321
49486164
285018319
47279118
260948864
137762096
12980788
33527938
23182955
247835846
130739530
84601983
43585976
179746356
206686785
10257054
28566775
37899141
3116715
34355470
72712113
5528684
36317136
118865976
157398073
243436023
28597547
40588979
1558591
10900024
51923375
138591980
94686077
8023584
55435879
30401810
116695934
49809395
130188380
125132934
34322451
30668153
152416681
150518235
141071879
15708766
7898784
21531023
57115032
112004305
48515417
82041807
101218308
154697376
128398375
59250059
44531019
47940745
15128518
248290315
16335315
58318193
13871101
211436503
41144605
22150609
159139085
173087862
230938283
33735932
38388809
71411483
31972125
218117740
15669655
75874262
203221833
97276442
44429593
28384459
33249133
4668085
229812830
32424098
91123211
199667643
75394856
79074656
62733179
39977130
15195730
55224801
58015753
78340695
85727332
43026025
96020910
138693367
146364806
199685855
7744665
65971737
42938624
158440306
22394084
6958142
37915968
19889388
12756198
116516769
31284597
26145685
9597113
71799411
49913732
22604005
189123111
74881562
3638806
5491420
23669228
87485230
1405749
16399075
9428456
3635157
80678679
44163630
3174585
58645595
116768508
72696252
197604328
107136639
72331827
75416472
39850359
16229333
79927835
26043057
231705445
66283175
168906840
49781559
1980789
135545897
43287561
34039235
25205710
5762682
98530091
31076158
70960493
141823869
60395619
124322310
73336373
110003934
56193783
48199374
2350370
2078318
29254339
86812922
89430179
176404367
25704274
49669420
9344482
7761685
270589997
217342014
162736389
61515209
22184326
88049463
31989025
94511498
304119
9442653
69331470
5214815
64233973
26740361
20894243
64157825
80993229
58472744
20782637
44341335
77080792
78415735
37768745
55179798
71396938
66414302
43112110
250442999
161368814
21421550
145177478
47492714
290809356
49739544
177176368
3889182
100175488
26054901
59516438
176294283
128683257
162689951
114330
74051226
75058336
172326448
63849686
153464150
169158333
83177581
90792230
959011
48583474
26564404
102862503
48462973
25453052
32378267
158785355
96958758
11281132
35495080
196485437
80260664
29588252
71338356
14297167
190373550
112917479
214002546
15768098
82458985
174725612
30788338
14013011
3876619
103344679
10737069
67336905
8357036
1992287
1122481
148470281
144082273
178237222
57155802
80388969
95968529
72484514
37562128
131898759
154089981
3441713
72291660
37321451
46957577
7819553
288661815
92379499
116114006
32207656
37563297
38900292
43519395
131861529
138957132
12816224
273111509
118301742
25237152
54124721
40759426
51276006
45106757
43953433
92005878
7672218
213851642
56941648
127525224
109008512
17799006
10625140
23309377
146929415
106149925
31453544
44080477
64820849
106767597
69832747
19044012
9577510
111718654
32065708
13527850
10571395
99953731
18983261
91536354
160408225
22632316
134475610
272197539
64610600
172566813
150158991
146174518
206032984
154768860
198607087
39665367
121448915
44763097
125461424
43425294
13295097
203705843
104203419
94530912
34944873
52526197
30711895
132510090
55425109
141604532
22371995
160018277
15876636
34769745
1021621
151179561
233819700
89385111
56551215
101754765
7999872
4418321
242961693
142337537
108879876
9408987
157218781
76499351
36582749
39886701
78145260
19892335
43142703
75827104
220752751
17364158
79771140
184299095
101275463
121205017
93512513
29093323
23158114
156030142
89530811
293227839
37425169
39936991
30847585
43369648
38597256
282907646
82199663
156780977
541641
122489403
43577478
149717060
99738453
19809943
38589671
22417133
13027540
111969062
19890985
72886575
92087218
54827473
232778936
20531195
209848175
89110797
235703351
48888828
14067881
50504199
191593988
82810811
62174549
81623242
53782397
281581367
18096395
107076876
9765411
717691
18139309
5753199
262058751
251389190
71196092
108487045
118808507
171071733
35190603
59390477
191581779
145822296
46581562
116890464
10868854
187720016
112784455
2754169
260638532
26514352
67935603
8652739
105462047
253673083
425318
128457555
175859628
42316812
142965946
195792488
95114362
29526022
54632027
698958
61891428
127559207
3249605
72197769
2678030
79649692
25307532
50452511
2236884
148008947
12442471
4589847
3622552
83931015
95642764
6516816
38627061
34067352
60901759
220730260
4797640
59271371
50757381
748653
224730634
66599668
72529935
6950150
249566695
91387742
264270863
59103033
153135290
100217746
4559101
106626972
202260037
112126873
226621461
118475816
51036155
7903767
43337070
232679323
117011680
118584467
2784617
22564484
351167
40183893
150515821
133339155
193880178
139220037
15802362
249611766
211027780
11595903
39795418
14354436
61597842
8653868
33850997
50168047
98256358
38769320
2603900
297075183
64335380
135088100
13842567
157346882
60300729
181113276
223008121
176572
2425878
68762534
65694707
276702871
205809780
105030429
165435523
53427175
78175706
233251928
10047122
34798298
60436020
166757188
43650568
126509194
10319495
51871361
40309744
84799017
35853320
132384322
16726254
15555994
45423237
144878093
40899750
167966367
57841059
151308554
153349643
158607030
2668603
155605663
20299876
168028112
199271172
92009276
36197382
155345190
53290669
100976948
43687242
248768
304306450
105963900
189085613
18455614
186765874
7737509
43737583
3759203
12935044
102040566
123694281
106306499
69709869
41357935
37349831
317241
12810522
58991292
93261506
271988219
17297812
67265876
67699582
62356073
531148
292891999
230785841
109031031
154328979
61154732
7210167
211625871
48624301
206576703
297652332
47316403
2821027
69406949
3946182
44871605
35289107
126416061
62607058
22073702
24272067
116477770
49029046
40544020
69081301
40906658
210598469
135869607
142844061
709444
50532593
130030293
10730297
168515862
120500803
26662192
57915858
25323778
454511
7365741
8795976
329824057
58998689
54751639
262606898
289360367
15385152
68224941
133710147
6534069
57716104
104393710
100611836
27058087
50141778
172554244
9936748
155167026
77191475
41125742
3538159
104339458
327189
12408453
74824245
141800913
224784846
99114225
69557679
124298238
163698377
161944840
72425198
64520550
148734004
13525141
5579374
34622473
53875201
66318792
62913555
71832550
85877055
14171951
14652588
34786741
49418316
174855160
8023397
26240622
281912373
38009797
30366850
189687846
161969977
86449586
140504726
4586436
317270093
20913343
173735295
44443737
129438168
152894980
150980048
78603089
5625144
321372496
150755344
12014094
32763718
42392924
30146614
86348169
140089201
72562896
58759378
103634403
31798068
249623580
180401722
4294940
94664132
167381879
267053160
34170949
9019730
15005512
104821511
94485251
153264391
43256218
15413647
93187038
24750285
29194127
219344818
210531981
22870330
72835162
112393727
95580760
92714651
29230957
147320114
60864845
37347776
40572975
121900961
232635820
12014108
63748045
33243870
36269000
11569378
277154234
266436554
166465360
42052953
16855134
29728218
65574185
14308152
59483094
2136676
147943004
76408118
80674965
47111736
49391732
23083370
3320860
88570233
124970338
39930136
174737418
302545690
56521877
97417403
305892081
1761968
80539929
272184265
160181690
52639805
160369919
57482033
119611103
4440049
80185090
42637703
12577983
20899412
258892723
36733315
1947138
196523458
520945
104287320
807031
81092196
92043651
122643373
199677796
221239210
25860516
277532157
93823116
2622212
127958428
28672324
87902351
376291190
44304266
69534427
7918042
273894026
176317194
29037906
217754486
356592437
37713111
165827144
17997629
85508748
104787576
125596168
151809040
168279451
105776983
108179058
33497588
44305357
102137680
152411617
99930150
186278528
7083114
329816298
108013026
273300482
22553320
54040097
224224917
143643285
83175010
238856104
9437352
38684663
211035908
128684234
162116332
111810540
195967118
29284814
2235319
22712884
216506071
150553267
126710900
77276945
37610251
107248040
110250279
194943925
121149699
181025216
7411075
191474623
273727724
43910961
201012257
70420208
322758686
78873838
162658630
37348719
57208367
161520114
235311980
72176738
196873907
328840161
106679592
26805874
5965278
14920908
57150548
148879058
288322413
184890099
222097301
206277400
16406501
170923540
155006603
265597279
208393740
79471028
25706108
111026182
88337643
47807208
175266395
45783655
208622374
8854875
141479575
117179836
56288893
7373985
35523347
43656942
61723386
17871063
141035663
156786700
65002108
131197766
142630798
21895334
13134846
6845261
142223935
152924513
333081560
39661209
15466215
79816025
13950958
35418104
31471824
114755502
74624426
129180543
302003003
119384871
111518354
61752712
196763234
11303046
165496120
7772717
905793
17531825
366522806
71383686
35523423
71087220
32922919
172629180
39180726
160923
10392627
227844947
25753278
121028685
15753735
136857604
21886528
77057906
5388545
77685432
215049309
220516730
180305719
31562918
50866518
54392289
118926608
175542104
40331050
6102815
151218342
154053913
45976000
169254816
38896031
62333218
301468845
102668980
99430795
77891294
128059336
60414655
13537478
4134637
246098068
109069976
67474221
55311081
195099426
43661317
95030314
23369437
14981018
86487469
276232
110612076
47395591
16723345
35745568
52637095
208937908
122295583
138000178
1752862
132560253
60915486
29782123
9862
130902877
147763723
170699560
36874162
235862542
62288968
8954988
43409342
11223071
10781136
106578913
160320486
18327540
2593737
198827129
68376327
39651515
206138999
94104772
15650730
110759377
25244295
87345376
89825159
154142451
62653806
192663450
68231916
149696841
115704353
107677107
13027520
13936763
109201131
236965711
19977123
331229532
175521570
31224747
2625496
8034460
160992907
180925259
121355699
217709585
113453515
136124465
43474144
90686330
100125854
140038037
86886449
184184306
92305138
73591334
244192946
21265937
5429026
123185823
167201166
89388824
212012753
110853648
103350418
29883859
92259785
71278339
205874160
154184851
111899536
132515598
144373985
101597823
36405
209198979
72718996
66277913
14264255
104683647
7349861
3668017
161775302
3602037
124345059
240347398
77876434
186572245
13405897
238877792
52072730
143660542
200224988
57252320
283546387
33902828
247218732
293599893
15172997
4034860
38227543
259139317
2691193
77299090
227352674
19116248
38172948
217103741
109410267
236388528
142696391
227612652
86332412
265766797
42279013
24751142
42798204
97910551
162336758
327610346
108222077
7027655
41220321
108858567
15324734
20139453
340304389
127560130
70947249
17466801
199490686
58797176
72022460
5381988
167646814
7693141
28622185
38113843
84320180
2206594
89016163
224870295
272667576
19070601
31722353
870477
222742050
51360333
71162262
18987303
189305950
130760748
232706178
31192095
114074458
82135981
93086338
4289586
5657939
12276369
5034160
36852339
56978800
42970093
57786115
135872776
148320166
88503206
258128257
73718300
226154708
145913426
114897193
35663975
43472557
94504017
776127
25570180
109246280
126393659
173272318
56040218
111515705
78115803
145631146
291138626
246088624
1673865
101203365
26819443
352968311
15071285
96855549
209213730
65341056
49476264
73008779
112337946
168972047
270629
66786040
40507089
136455502
55005508
33427228
159175835
23047743
265790737
191157825
9490184
24880450
24485208
131463621
47219670
188761966
200127544
275938119
44377680
30211549
97770593
232197361
4096761
94058274
302850280
305788256
136262134
42856222
205728822
30868598
104527970
118425761
234378522
78359877
127494264
459861
206721043
5507926
12595703
62543676
11048288
928874
104568858
252765295
108658352
9263568
13525337
1714371
12087215
310564588
229024896
135452051
119585480
80806434
181045710
80510564
38199461
202392473
136185464
70961418
22979900
36429567
43137664
76778248
154913495
13461190
27552716
93098831
240282661
6585489
27333174
22240993
145180066
214284189
158194650
32140995
252142576
123269742
89053920
30239317
69208783
217884955
124221524
65849613
18001568
210944313
1200947
158103650
230083045
116183461
206033054
80794637
83109200
39659619
35627364
83132795
45143919
6450886
66800375
108525828
56897150
294855999
266940302
23577344
53156399
57658125
12135248
18469096
109177241
46751119
287948023
39711218
33652131
240941796
178955257
211951532
30066181
71089155
63916364
109155436
37492321
39285622
8868993
65529066
327999053
125249733
12822162
320006714
42453034
1219164
210020541
30632242
77553251
291218632
13304786
30941686
18638599
75442044
2259913
40534759
75990771
59853735
127168270
9449147
28869363
114982226
74597825
14719758
15955795
149517286
238408408
10830670
298784864
242791160
253311302
53552453
96257397
337144730
51891602
263164194
2421984
42354777
148835431
171464045
112597533
3897567
109595572
30517466
68794843
175982882
281557875
191806326
155181843
29638783
268110582
75331099
133708799
254039122
2754281
32109666
50899768
257307583
280330842
28932192
62475530
2134744
87477936
33788599
79428105
81815175
161606500
9422261
45557239
67281361
31184264
142558543
54607335
30713366
260110480
2087445
94235627
290529127
355144874
304530123
123660419
92777099
366614879
97238497
9412914
229998631
85534835
30541377
23667236
7444534
10398936
240040499
2380804
22194671
144338381
24251559
27342204
39137655
208804149
9620380
91232893
10822666
238258748
343027257
35516686
4616812
23897189
66345384
26100795
135711549
116173254
91963823
13610850
169298803
296242239
9584880
143387606
172209985
181039672
86135669
46667576
191419714
49545114
219657458
27699586
87496673
162934225
137855883
15357126
204095948
132259504
42458232
243641994
59800247
81449074
12014503
34558201
17891541
113172796
412651030
20631666
15690783
9349020
10338677
5533629
45356961
43540063
377011717
2666071
241911849
174903195
189058641
112416070
8955474
20920368
339137606
139763240
72902057
7838648
20088813
334614631
117830488
46618865
5971287
175242427
93813496
147214139
34985171
143443297
15423310
7747295
121680942
140003101
18474787
6101313
5361871
81217645
10737348
139158472
32254953
74573639
317036143
168711577
16350121
12545420
194285469
15630596
59177011
144383279
3409143
8183074
71301382
37696109
68731623
36591994
251535956
84664713
68063394
48294682
96720568
50311469
40636403
159108553
46462819
72863597
78353024
239586955
152733249
104651676
49378315
189172689
207317972
228903199
184933453
93748451
97067608
165961228
17525828
5844670
162297178
295181824
18154825
141624533
43331510
38811287
61799897
145808919
216067553
66374695
182401150
73801632
804661
36908379
218377085
8187193
64163482
291415534
35599626
63687986
3071376
9762520
40675884
402219761
8760594
11868924
149958003
5143033
76799180
63094614
30980583
28999227
181122502
76679246
6235609
248971077
139644624
224648137
286286081
312827717
50878098
27712662
93406208
7974715
289321035
80435451
27474558
4303578
201206184
55417080
104343363
163384985
126549018
8769918
167021008
226380705
7957683
154443697
50507971
20737490
13639073
8003618
64260975
219910149
351380021
269345641
80640416
106873333
18626747
330015492
33841465
114237247
73884008
39066974
50859261
8210225
122959041
257805689
141910538
17286086
107972534
136788056
8071682
48787165
103677
178226667
39097739
412707298
68446167
68070142
196069018
58666468
52440630
163115631
14211677
76345432
2364419
5874815
85000641
45158409
60066220
211866270
105335896
858106
51435527
24626080
86623627
254927676
133441557
48267946
98581459
87987063
164589715
42484760
11621823
196725177
19430057
12142878
51556511
143369751
35969169
26707859
232429984
33149274
307629001
1844992
174584443
35251276
6042162
158322020
243757530
107279731
3847757
158885805
85605921
407127165
186368854
9131591
82949602
7863430
28993100
92196244
6840070
103750977
64356467
202028580
40938582
61750248
86580912
37370995
217473085
120925196
7947453
50571573
207394592
218773371
31072785
24405364
160372497
139837563
15610215
136195322
88810467
87933669
49785430
83741053
176580344
60054211
48871716
179496082
126057416
43348225
179379302
26511694
93200830
66491595
44312051
186920634
152487533
306944273
10642021
10231686
60284473
322011765
79049086
15874731
125797866
97553963
283376513
50601786
124811372
160315035
376650310
269212
52063418
185097665
59235860
271552406
294848977
155522946
367984915
28209994
123052120
64566109
64680468
240671503
203614947
152656985
38332239
69915856
75927869
72323422
224149556
168614423
41521045
66563843
18500014
27471536
427796434
28762522
61595764
16718332
107786541
74628714
7882338
385818574
19866021
21404111
97003923
76747109
7160117
5672425
54534287
70599677
277454382
361609843
221276331
132928560
46681411
15196130
143074274
6018830
292323425
12800035
101840529
197766096
143413356
159937879
72367923
11038747
23711933
50460488
132472651
6893995
244376671
163200676
2151276
60705552
18735829
287760991
89409520
12646635
4960032
13894783
65394566
181040701
175719064
180205038
137311248
168760846
381964920
36952475
50431012
67962107
2805655
4090662
56135287
22661018
119662161
10472428
217778143
23480139
156727783
138828757
134480732
18655166
35489080
7837573
1391275
262728566
24382336
76938965
371463755
25988327
58829337
188681440
182398777
196120957
42046256
399413295
263658555
327167969
5913979
163147986
56143768
323175516
111723825
28734487
121014892
53912464
277597885
24699712
90466267
70303332
13112623
137150258
38666606
419723473
8102118
896099
359084007
21749625
16040754
83018352
16941631
54757086
57720750
362982060
27782747
360816490
119838982
191461687
178746132
24948926
35053581
223389178
5955197
60427707
195803768
216888408
178988893
35921880
196741667
46474213
285314574
1718938
121439105
116897295
272342513
124440790
2752913
47783731
73421423
297839093
333886123
72891411
50170235
179928080
5197894
42569961
98331714
156172954
251164534
128161147
177943578
219973192
20248165
169974515
60703562
90266570
219802162
341806666
27945073
84661152
79593140
142633160
33096567
60888148
44720881
106205925
810035
4172997
14474399
82096345
9109324
85141570
264029254
199065131
172170117
193898865
180247866
140386277
115711518
14271461
48980788
190852444
211683352
113721274
104525685
153145100
27881021
26935746
159514930
3115129
224533953
141942938
218872697
90045940
213611609
24107821
21386734
165461295
47050367
797682
138277958
40187142
97724419
41020764
7649489
116071996
91644080
80210877
63109847
306282815
59000008
25134985
45805496
112250553
99913497
2085406
10537052
152196955
28925775
314485214
27492897
54082250
162786106
80427876
37665644
156392872
179977230
31578168
58201714
56937324
141470200
9513386
60013239
59679696
101286347
1149162
53056898
157501385
161317010
7234174
254163499
180880277
65104639
93058794
203420054
8211046
285167077
118310241
303664667
2954371
339662856
194767549
20184699
97833844
295139974
114169767
122425366
985447
35541036
83629637
425723823
10610564
254474754
101164032
5046713
53277316
266639532
173527937
329437619
295964195
36433517
182362463
24488171
148120030
14722906
136556884
107335660
221500995
63516976
249861452
147445247
406620868
166467712
39166547
79211095
5478511
20649847
254730710
265261394
136876963
242779303
235022645
111573221
308226752
38279320
155889848
4518146
259185400
134298265
104320114
89124459
13930024
1317108
12368672
12990005
53502302
4427558
111303560
53838843
45523731
947409
55594431
24854869
147082
79032757
58809429
210901129
163311343
154091427
69509948
68220470
47140110
105199695
34325507
125665988
37042257
106435026
232235506
13379360
55704305
68275885
117481894
41555802
127912447
38681681
173979724
5144541
37198363
251415516
313445727
30579205
24588871
171222430
179168924
336590054
24534732
181711364
79882183
64388037
74972414
207826367
1391492
40829301
78489617
45005907
33208801
5283504
158621831
8945388
268029970
76608692
207678160
150856694
33515009
238547720
24251876
372161340
13582176
17447472
13079193
2958903
218316346
107120573
72921919
324150839
25316784
18095305
123724865
188738438
91304113
3320903
97818447
102921621
170650696
40195516
145203486
23117434
264779467
158033489
14259304
277518360
4465478
10447357
6687148
110262847
46286291
53479849
4356104
75189145
92454041
162539406
13670377
64899378
13065749
309075604
172244285
10658009
11405606
31291699
92996663
221282473
147351918
159053962
53213651
376090709
208364287
171999723
186871973
10203438
122221940
87859644
150839550
243087997
267656231
88424181
349333208
279992773
10094964
27016700
14471832
42809555
91367118
91352108
127886937
325521360
280577502
56148726
1088766
147199165
94581782
139783675
25655055
5072365
160793013
169242881
70341092
186320895
23008029
170713245
82945951
13874608
27068812
183242539
168814449
242629271
319754044
115609355
45496362
168986311
221520092
64977527
18230231
53678902
283444167
16879868
220357212
51238124
128136631
425172185
182954042
2641387
300074655
35714150
285269472
133380384
159308955
160273468
38362585
68558029
7546821
221213264
185181208
6862787
35358319
230181760
182569569
138009983
86824478
227267779
43188861
169812117
190633948
60464684
123079938
247858862
50701085
29417303
114579338
10949576
253382786
116111158
68059764
65261686
130216962
4647196
25059833
31086204
84329379
81979722
63773546
33360953
196227866
185558143
157758967
68169686
252287319
4898635
25351553
22768107
219637695
8881886
43933896
128623517
77854308
206565145
136638810
29238849
137672955
76290605
161820235
99461373
259139239
83096496
234689593
287481082
59191449
201655569
126355107
52961229
23766953
29618901
81059312
179491171
6869947
81074253
13095720
4595700
205465391
112979883
3309692
4990155
55547370
12352140
22583505
121385000
17300194
186660073
68428320
175260646
195629195
1975998
60682186
130501464
364133051
10810298
448577243
39222634
34189993
361006735
32815106
78276754
18376414
5682846
196850936
126204602
33232939
229058765
554991
93228071
93131939
408177061
8766700
305998574
10571873
69183605
81745726
226409427
343837658
35868843
91247147
387533908
383551131
238476295
58770195
197021273
36411299
30745454
18742757
48076898
5737926
25080094
40563588
110899935
281695319
12392826
106974498
36612124
19397964
125832529
4599343
241656110
29065759
20591459
88045019
82466405
148987059
104442109
130611439
5275672
121999244
340854311
163208030
1967343
427930316
422620304
102797972
154257937
356877364
244786013
201950607
224591174
81138077
7789788
2093336
335720980
65807242
179845640
11181502
122787656
64778698
69861090
66540136
243380807
31917363
331205298
397308227
330588472
27225618
247247639
46216175
127811199
80420250
20202730
331460830
8305132
30765903
132409186
45081486
60704914
36399594
226542173
375341904
213608496
7095085
262889137
324855641
142690854
357918000
41707405
16306933
249029793
123868473
39785270
369910923
307557105
198994192
3168392
10494349
162725958
4562126
10433807
230543436
50946415
310910370
304563223
39380986
76717918
35941532
26269046
110656958
117192116
181049549
7996517
432172474
61746583
245728931
988005
103343481
182503947
134919554
49208217
48280654
87433710
218932810
152216871
153273988
142817915
120574021
225862305
464796897
70462849
253094152
92204975
27928409
84829701
216430038
196934238
2777486
2493966
15927502
54386098
258075676
278362763
153200651
182184631
64189606
13945087
209347947
34781023
140485621
69290095
54682487
139292954
10112450
110029132
200006427
218307973
39922058
61484367
259234613
43676148
67363758
50288614
1429234
317970911
10818766
32610777
452556986
208468548
119087632
61018936
456147276
5616366
32032993
17475330
53791069
169261001
10048044
56772026
34841471
8380918
102202258
99822436
201210072
183623064
184884574
418237241
222563353
42560249
119056053
131150725
28029212
87891170
356062943
105560417
277314182
32774044
265088208
22128202
104335588
67406332
94771479
24186395
18333074
140142437
327170517
206515783
147381183
298611659
57585698
66399284
168974071
74258878
188715322
258374551
361055441
109437304
279061517
340400527
65335234
122956146
261220958
180297618
33307317
355028096
86082130
10060035
252205815
106201054
37747713
31482910
77586126
74157809
156531359
61653440
101827023
138356861
328626270
79803196
73171749
51512471
68514948
10460917
319025463
143821134
493850407
127127414
429319450
224487337
101491668
15365827
409034450
471907656
340249119
433662384
70138892
126001377
6120
16834293
21471373
126815907
2106992
196373382
226758702
35206149
78164182
74758770
43872802
2295282
1821676
66004396
11580891
393167146
234921513
116051964
12839615
169627465
77389116
77335534
268716430
370664892
137933631
65799708
43338185
42783600
1333261
242835636
93098417
80801767
284665684
11649654
203195948
185246086
63806247
65231770
276267275
52079222
159142688
7411247
111454130
123475213
2614236
36457744
65677396
162551648
218010697
58826370
63867210
132466064
110786140
989989
33847218
85466094
160833677
200878418
204028627
10709
1847394
215644205
80658597
77863141
86574454
44880656
43177842
122939544
28164366
11973129
4848321
114596261
48495742
49434849
4943457
294785199
130700908
228381787
47887438
14111829
47402728
55241737
42250997
43075523
49679431
28878785
8599606
414666109
128921336
1152461
275442025
220419424
154680523
66938949
110088385
328856486
280327482
119294293
77814130
288152344
20052904
111459172
50949651
45870414
369735348
121938322
88896907
5123857
9013558
6151042
184990482
202661906
299345289
143912202
3882797
4293415
59931606
475932483
115367889
27728506
34086906
268221773
264908614
156273376
16801622
131229543
378664793
18772334
126830473
7214127
18601801
359602613
360965431
147731876
423183438
85706276
98492892
309780236
1477728
15651581
98339545
123171545
28513021
215432377
32233318
3373246
24087275
165563124
335755473
362928020
159990512
20376286
375963234
163687220
105283764
121565025
93441602
240477653
11545088
45031777
188468950
60966500
1643215
84658706
202370387
142202306
19092133
73034331
7750133
181128811
236467359
126855919
52525388
138230207
128813464
166908535
407318395
47689878
70735846
20121661
244099070
52332655
32056594
328388129
21749912
244438571
40208726
18840076
164770738
30740835
48864
190009120
90343400
80017813
125943467
33702
62163413
58956879
120698953
159109525
171771160
220470865
145289384
43904848
26786546
367227913
81318937
200134086
16720823
313267272
40228849
96740635
201817505
303142712
12363704
12915320
4661523
420737359
284797546
114893270
82024214
398220409
244431563
290671183
81123821
13328197
47178200
166734642
352503425
116354
78627885
42686897
177035098
241871378
309817176
110719974
6960908
24339469
107832941
448960290
81626900
77431845
396385122
108813894
291868099
126852060
155654961
112373715
304277191
324899196
22496019
26312672
327571738
120546727
107386492
38184523
107979233
24080356
104003880
74030237
23078541
8680339
110459102
3299247
24623511
201997889
222393266
56784070
19137403
361165451
21512662
172496607
512153009
102985897
85391998
190161518
108760756
73793204
164542954
405663980
125621782
121361228
473438610
14115675
145064218
72110788
157980201
158197928
38457161
38554539
140275449
66131398
69485202
88629100
29450373
928040
14430769
167740853
6184704
6328736
506206219
109178608
43155774
19013604
36576947
5333694
38391439
263066376
62818750
85671286
5077207
126620865
280797082
131591560
107100035
85620963
27068391
90307374
17161753
20609246
282362598
59741156
60809340
214348085
371987590
122724570
3743631
9414098
269985195
479928493
41533924
322030606
155923140
222723402
386398402
97240509
360832618
338313814
324888794
12555961
45106747
154194688
148066210
18389264
8090023
131412504
18269429
145079626
249548816
117471827
160200285
158079587
103836377
117328924
55997311
43361766
2179860
12158667
14940203
122037695
40285008
357832834
99420094
229734084
277988568
40608649
82947093
119798144
33888279
2944114
202464370
177177
106327359
44190327
538761040
202453934
378584627
35204165
256678652
16573626
77610005
92873486
109421053
192022747
46451799
185637037
24772286
368367130
35103610
151723480
23390595
171896799
343408431
292087863
22073076
408834826
339081004
166996826
195689133
175699737
320950799
59065005
141011716
13106779
6806594
12894693
61605699
74822558
28063303
409302010
251452884
217852926
46031525
7647711
225908105
21098736
275436709
140227786
79032801
15692578
98092930
80708076
7894123
45468412
3622771
8454792
5889057
30744517
191902352
62738360
46628495
70603611
163575057
104340972
130614150
14289753
439332599
21020744
228616573
9429731
292869
286995665
63428155
257671213
217197775
136220378
262220688
98230631
76218180
44301101
73100480
27589712
127010252
127201538
54277690
442338361
282088946
9724144
186239286
185111402
316246496
182245728
48488321
79184698
77491955
360351617
156924163
50293790
194537521
436987033
55656444
72789583
6096753
364021217
65036384
191391612
195261308
160586621
1992457
10087246
119549036
127606978
227825995
228803301
54930344
187502653
126110125
24725265
11629092
81046796
156340702
40983308
289072152
14913421
2491260
19376740
37342831
466525869
95654536
18521076
386939423
44036429
124464775
1140320
163036044
26006598
93579705
68120200
22222903
31152963
286594915
187105491
137921514
102323348
27190170
203125349
142221042
253806568
104658580
97800500
156180719
113670331
33572707
72364238
257052506
287262290
18364821
109636
10935524
322341622
142343158
143251939
27736751
88597491
155378172
172416546
298800893
212891866
14120722
47422365
16420723
28079226
140940974
378374346
383053505
325353802
75397493
344776220
73926238
74385299
190363860
221647039
190672279
157689438
152779602
284121248
223366619
92492534
2146638
47917226
256463
12505124
15355098
552051
140157746
30398302
275641416
240410990
31930832
7894522
52467785
272682923
143009670
44192126
200950253
74951279
57103168
214687424
14954921
114237613
23893075
15608119
262603648
314079161
122261439
367199353
328543713
93607979
99644303
129008826
153749290
99514114
144770492
244324236
85690483
133164019
14821925
114946535
341766865
175942778
278364494
11668470
20123518
488692279
10205339
53761303
27968671
123962823
170187129
453973
51616281
100100283
29129303
192838409
61712520
179703595
166882091
255688837
17603413
45254401
197166341
34524828
45197460
81804196
231855743
144586048
71617993
115445824
168241783
177677507
275828941
107984948
13267206
146024728
190526574
156557924
253672038
230908498
212564870
78500713
143118078
356083087
22761559
137658311
20220678
106469153
52630617
293336605
19753071
44167875
23580692
1449640
332664773
306956586
150803113
379809001
424886349
102104245
173091773
125708887
257347741
32394368
263342235
83468110
421507646
182706334
71767864
77792507
265648338
7290134
152577764
126780978
162995206
34286654
9110118
1119544
22497480
362349531
239867485
38139141
210711399
291910853
38332610
225274147
5627757
417248100
44175948
292847635
243629849
55701971
9554767
70493660
74356441
2021884
32180115
226646504
172357284
32236022
115337002
213735916
129850359
21355419
4727160
41291840
145057873
30928580
80724448
75170400
59800308
43769328
87892775
496465495
254958
106151230
476948335
60259262
361307215
4382750
144128166
148144728
114080780
25642476
21242924
167303164
271726509
2699619
1093281
124875723
79587605
105462469
133395582
67844298
36288612
66219948
120508160
11543140
193584017
400638591
12655864
57232923
38912113
386049185
469288988
141941473
8800302
433509036
45456516
14117244
117069884
101660982
469861455
44132765
19910875
49627296
134971891
84074926
136622164
3712569
494279460
65669873
28195042
30392993
464281899
56317394
219820008
6989678
151893163
226360316
283290206
136852295
173576844
173300997
393914812
31095472
200057238
213197002
326313914
305980736
3109051
105670252
94044827
374797953
471060158
72881083
117884529
274370070
117917085
1618605
310439504
485697330
57450228
456195469
87541283
392192089
45527946
50795886
101694486
95945191
24276072
15282239
103206189
56519398
81022599
181710310
498423338
210702551
195958562
124324819
32647612
154770725
446108856
235605952
29182634
27428223
546738210
79122266
33710624
26840855
205094680
274805148
84235284
31449160
5066503
266728125
534429417
379763197
18544373
15482325
37651109
21096697
71031072
7320778
7661412
217281771
163983250
29269912
255979180
386317730
138239503
361812101
1120780
134509307
16299116
51656082
71287906
38498923
384196950
153438150
5760955
556712
230320310
10251086
144418786
85491722
483059
197185561
151814841
20188610
38623837
86504559
130000537
19834456
541129503
51643280
99604664
246650522
28654008
292059204
219322220
8111230
53731522
149902765
585734
5976334
43086615
70096355
126667602
22719161
37079504
121306179
312241349
210013556
142956950
7712783
64118765
179113714
81645611
348390806
113297114
1346799
9239710
348807332
184030658
161182187
423666433
90351881
27336652
375095338
204711892
75614872
78027777
446924931
324615318
48449418
404672112
178724785
200559183
234336474
32547346
345940482
13776997
307860781
68223137
325929355
205706553
279742426
19528017
72148480
129775239
108437680
2149543
343981053
19130755
110325314
129015291
324480538
287100972
139561210
98596215
36436965
107058081
235435967
11229923
65719712
40341275
42312676
26154773
174968389
204029962
223712618
231591730
52070811
370943058
80454819
61167284
449899656
61901822
15494286
98469230
449386686
82892319
327349874
7890298
20443113
98781353
332452128
70610908
204768717
809227
270461374
16150566
34818143
26032218
550262712
253178086
82406139
15339232
235164826
93082067
55736490
137382922
62857676
31785607
231667916
336156218
37611894
134050595
155514892
61911691
114301562
14775246
123487297
311928462
62607289
12099453
5620244
60779263
68779384
149113941
246155568
395457434
196632478
229472318
4511894
67058588
131449
120469498
195180497
51658250
380869334
320261162
158688157
202953815
60152328
241276293
155396657
105880874
104664241
175066951
570393164
84322544
19329620
176627595
11942324
30501737
70484854
73243925
53588737
56774009
173721948
18528423
12228743
24765668
16816155
133101067
399893922
44542376
110366131
9300702
214048129
78286958
69141446
3352054
136517621
25240612
353752180
69986769
442836654
115754986
423665472
480881656
463832871
453263267
1604868
48733105
44604639
84051771
12786772
349400007
558673
21448750
7541901
489096
41920840
43194941
322153801
54768164
145956822
29536039
69894137
70251811
142267597
355773342
56395787
326326927
215944785
170238121
96678573
167317770
286704837
197377198
193564153
208332879
1066001
241767931
139226684
102568393
225013553
68214817
15286586
701980
40150641
314109775
86618455
65581054
111554113
14875756
261242362
229172704
9787633
556831670
36061554
70547203
138192627
46823323
281247495
56513759
294094551
242023216
45036538
134819795
207625020
7014584
97716009
112913711
139340751
522896159
74569064
28713810
487104040
334334583
100098371
103185143
52221011
272279529
107200467
89006410
343594968
92348182
27544937
51218439
5915286
150727175
160480640
104854224
18913996
55218872
75732286
317044291
66317772
92318246
369406440
39963703
322869170
25148795
362919822
38703494
316540793
1552175
245671092
7281677
21505944
26287078
21634285
295221273
121988118
156161868
483470180
327857651
59723968
464605893
54281255
255685401
8036930
149035401
532345604
320223832
149365419
279560880
229934057
196013699
64315908
314264490
136071149
292726626
518969239
10906085
23208261
181547412
380773819
21066038
17550217
78617204
215355344
130690571
29963950
329136071
218215186
471641216
45337367
296321
4039805
33109846
232831339
260461570
8935924
4977012
243089761
43713549
68931627
164516428
108422661
5979277
370849622
234226525
184492067
23465306
122844526
63472532
175231662
239853150
72139283
218708945
247006141
1972533
6206110
8431427
71022889
181648753
93090735
362158024
51301606
230264068
155857420
369710578
75429201
48251932
246877460
85720771
280132480
375380615
152241113
2975696
23093774
181505868
149650841
76551083
35669501
263263809
161382909
178257944
155155573
12733001
140644530
97377923
833574
17390257
135440269
99985908
288393170
192940663
29599720
52127045
40341893
51760347
204327036
89093189
27495297
77692644
131810776
186417533
145987795
10542954
460557457
390951088
11562660
225247907
60252808
213295591
8411158
126248050
28745101
308343364
121842711
145712458
366461774
568195769
184149218
196329300
251723696
417955654
63590788
470682811
307392660
173647681
419806976
477957670
152529884
130099090
94597284
110910383
163340192
67775091
63708062
37849105
239425881
105669464
122765979
6461984
37023871
241933303
305871103
182280969
122980372
175752866
223177121
8079849
191592751
7529069
26674078
79568566
148060802
47965586
3986285
23588055
234541577
292782156
17692175
12173966
104965032
37915773
431326299
3264165
281665038
534215692
295021258
231988431
298761772
263832606
54884183
188564185
28911910
135471596
203792103
48707864
29692409
328054922
214330454
154705670
93257192
389900798
416746729
41062952
46808483
249977715
39812621
120184418
308055197
15525600
14738181
37904191
381003027
579787760
29876228
14109793
390727035
101943917
430660529
259677231
27644036
3115760
148227433
398947140
123043051
349551046
56238914
185200543
24479125
130483807
239545201
80190986
131603729
149955067
434134652
71835131
359509342
1175408
65892407
22673976
98852625
167392405
100562622
377970398
63395418
269052425
365497551
6450194
269553107
137241801
3521594
300091486
2339305
444962735
43113171
62171010
63857731
114669611
55471125
271846500
27278106
287569972
142015948
137425843
228125388
223466150
94409272
157802470
117822656
52588500
100276628
39636479
79315279
179649779
20597870
258952777
171397905
15480867
257991429
176069983
433597173
1371281
138820184
130155340
75639685
206311230
496765224
29031031
38799390
425890786
57694531
108039620
77579780
75032086
305083837
286388979
43213149
47003007
487001534
26320496
556426051
405802332
426766561
69254223
62107868
193248224
221555732
210326759
41033057
132609995
67045703
14345329
122739561
193173622
232684021
203887103
276341930
33444050
14442559
108035083
167100813
126246927
209988252
364944249
48092265
531813968
254286098
13169052
20674720
16836283
78324790
50011131
179181880
209765570
184018028
599258771
41906282
76211514
222927215
6676436
111875917
165504715
307257147
10307053
27648579
263421686
130837525
1489716
405034724
11125770
226839055
6913779
220571394
461427837
26609132
82006796
522001074
429331932
103785939
369463967
554558557
18755272
23766077
181857597
492066769
78259447
402352223
119486130
160442457
342377993
362062011
52728612
17981828
39145032
6917484
195054574
35345361
332156365
8659069
244609157
78327967
61779142
26399089
643003948
11051589
156371785
85007948
189725222
52626626
134305127
226184359
16409414
191082597
398840384
527064244
31864166
308036544
21212460
55332567
116024015
156791013
22124995
35813472
229231833
350661927
28842087
127531919
268022804
409128756
83691945
35657633
46295511
142746624
294766301
44065274
178315384
223463736
117213256
185734134
18955414
214835599
4262674
37082505
100301246
141622654
30948532
113258117
115023245
481699140
60389825
356497655
67497287
197489606
205482381
8758358
73340162
47635236
122906491
202710043
50239125
70997526
202795819
75643186
66112417
16185322
405992331
372337341
116529541
44217931
14852911
170325668
143340450
49318448
76547198
43374803
88815223
8147801
159991416
193776811
386558569
501816552
113637826
16384075
69662250
15253300
551544161
2558711
849115
407183077
11347300
53804567
339124651
11582892
342515667
138834206
143885557
12940219
283088071
161532011
116289596
111364179
48708789
287785994
78994666
205839314
149999708
202933805
110969808
28858175
327437602
352073332
8649064
192821674
777275
283026837
491490817
164801262
2056307
139907368
111997929
69081613
343245433
259965839
191967902
317617661
134725306
81906719
144797452
2103309
20565272
518396896
105021370
459403085
86313146
50467129
68045670
85615147
434112298
29686887
163003240
161571372
265406413
207196214
10249800
70213465
269985953
264858263
97590551
34724571
94010712
222478630
212794888
8110588
156433875
203874416
131866244
123703116
105006453
202297246
371294746
130482706
398580194
127987635
284546615
433252758
57459421
14585465
615729095
211946886
456993082
188647551
10200114
417852791
31927364
111282510
79724375
405017450
20209482
308386407
385981989
417131563
291434207
332974935
489808137
83574504
25645551
88613714
206968899
47136393
69144478
365908611
3760909
196456740
586169
361740657
602395196
11434167
272141125
439975
71147974
81180823
183599614
171819864
219802927
27111268
214904029
119965739
137487445
139438708
361535264
432720586
222789482
53224324
76819028
254607231
32535697
42392148
91580480
125582723
224737808
39253798
131793375
135297592
192944656
44074799
442561145
195901846
48175733
53033847
93085562
113966196
662494
78411908
231003181
446974248
12973146
33636368
63026110
503751076
217443016
50553334
541136762
537539219
3161231
56481737
80729155
81075364
39784980
238449583
72242093
429565251
93102501
103244100
28564966
128516188
187513728
124420508
3436175
191658539
9178496
134836958
121906893
4223799
32513222
39772555
214758318
44687066
479152048
126913423
239533413
64456471
266105070
13971542
7311568
80656059
475369296
210096476
249518511
40071933
309334942
8091721
98674928
12106682
493613214
189450171
124428036
13997208
58549613
277502980
470191203
44348804
194279251
162600587
141489069
319719078
66708188
364000153
142656316
346801248
135491748
243206823
384984674
60581527
118221401
317035
38831700
1221507
52295012
113626604
393305521
425941249
445120440
326939443
13118912
34845416
45822029
310434431
29811826
184145019
100177067
285108929
148520033
17160835
12741706
156224306
42574678
352676206
399831891
20018493
183059605
11667909
64140146
2228653
513044899
87911058
75641161
98794062
128296770
71821054
133953783
234980480
231489651
79737657
57301060
214894717
317412496
381278849
18413617
466592210
185260231
520076500
212416376
358664370
84222752
338629054
174868175
348328156
22354595
13530885
45937959
176537819
252457360
435816724
135239909
166005998
245345390
219534277
244605355
15635656
320199909
149971370
2095289
582228423
8181459
239668716
148970598
129679680
213843119
3076597
106440553
327989172
131845101
563325955
323867714
2711392
1376759
347439061
53853611
484144058
182651474
126906195
90013245
43924102
79610130
98191076
336839389
79324900
562034707
71752519
350807750
140585984
25649508
90845427
306165199
303269164
195743918
280218450
295339721
27389306
81085449
369107767
162426566
316726594
169364400
213880220
378911100
59730904
6935760
463629990
223449033
326319525
5428069
255938282
51959255
88289501
317684954
366496860
67895229
83114299
233517065
106710955
361576499
13972003
362471742
30857502
13192879
135820005
187258359
424238139
196271062
4617798
6040406
26563289
7185928
91925652
220237360
4550677
401912739
68112304
109081133
58783304
342630250
32304128
145933429
26199863
14608315
290386204
147743403
206249104
13834351
434948482
358692016
265881360
490445354
57873507
139662882
196840622
47094603
472448455
140672117
212371016
215253099
144518653
16864485
6844857
219769486
74419679
10487546
70084940
50077837
236478225
123289986
53218394
194191296
334483987
30411921
106737417
370995341
28678266
36460527
155035298
236969386
270734531
89277887
142400262
220217310
44476365
67667431
50080881
193316650
83856330
27855682
12812877
323073412
66354981
238722506
270572209
76431350
31622971
33542210
198074169
303587316
250274385
224643849
74748736
287033
353283985
189411919
456425281
25964859
103918054
363666760
1752278
2871068
56256797
130867231
69078566
275668844
94000383
309188545
492920482
167673534
10826541
449060819
118285383
31414250
86847781
124202509
108472986
434401845
2563479
75848508
377857355
286361294
58973611
446591352
17777283
112980518
134273010
290602874
195577432
419406613
246994981
23522641
7370618
651678958
329177250
146437878
466164461
118964796
145363623
435328334
62425263
62834967
119028755
1917678
323093886
6712412
263332235
14161424
254470264
43852002
280995513
42893588
89484563
248415832
22721425
80614517
43687729
43258598
107734624
384639337
321275858
245891742
77651188
85684761
241039898
242123658
25838353
204818401
122508582
95690176
154867735
15747593
42503022
15539411
358359085
30630826
193911503
98625512
511148825
32043897
93919576
114321977
462852450
36917553
316593894
236991817
184905187
27646807
292136807
54725308
494662384
11956008
635839645
24979267
264948039
305499809
2714075
21635622
22363557
20084414
221736006
79180156
126241786
7616659
270014568
87479418
49917238
4549595
46524483
269262033
337303191
60618665
75291664
160220653
277601821
528876622
527202266
24143521
194874603
29338784
319388448
77191291
22020721
207311739
171621608
211766968
420165100
411035806
307357942
69925391
308717924
347516307
250538503
64164573
95743050
39173169
245618435
10037366
333997218
16182824
87779805
17872224
239440809
122844465
336090815
105581345
9223419
269012051
30720921
248612712
372063683
209204644
48040823
219849130
2027359
33685077
164907822
152129566
31870023
234035844
299607692
345624281
21730268
191071034
80278268
70149810
175000021
290336277
342834214
37534262
171776768
343768356
277442499
204798151
18874497
304514454
199709350
435598345
125638851
263629821
15307759
390908704
48913286
194613628
60473303
479432536
54966648
56366014
77925805
83719509
147877292
49509248
365280693
270408236
60996284
323934856
34145471
119451795
170649937
369532349
2320713
166953915
306084012
342815360
20710061
173470855
443167301
186202650
288221396
363812301
86974020
229380740
284154225
164558674
21653892
333737493
3532844
23287793
354014112
23403355
125610955
226794893
453481910
619988758
94962323
65756817
65221465
20620557
97755785
427349489
10358813
100194778
198067309
303564325
104790024
318232803
106801067
231497137
77909074
355505084
95150137
169767651
268208269
62507783
8422617
171305812
436737544
285515073
167363249
233077941
182698877
92649192
82709238
113112861
17478733
151922740
270117688
37352732
29674167
206200777
352930543
86788847
1726977
49857779
28592818
205349642
123120083
84483193
45250301
51807890
542421591
315742551
170784606
13948105
128257870
180966343
381407905
20631809
597840698
170915649
34670340
73302793
157594217
92919466
54018197
66129353
37523696
465882014
71852215
8820907
50495152
294909426
104230159
152729777
86903587
170193677
595363787
255349170
112780687
166428655
405417502
266908373
49961263
26087891
260497002
514480476
63870168
21804552
376604357
82633513
235768957
197219142
98339055
240286404
505552842
2188250
81782005
54153626
45926323
301256790
196553006
76892943
97256871
147241192
362501645
226959141
366077968
14664601
158520065
154573156
51130423
195979912
171975932
451739400
157018760
321808222
31667282
55992965
96013207
338005406
8745373
39675132
611279114
14802332
14596380
90404001
51072681
534853200
80413318
187904038
98184905
426603822
266327804
354064124
279910386
340271454
150027242
219098977
158613873
249649009
20359305
147013111
72033029
31330432
9827668
92932945
148154504
136121420
144209339
37177412
169157290
171166330
233265177
356070007
70717164
576736
301403812
140782741
22324169
31171240
118737058
285375649
356407901
160774897
2607862
41620575
79656658
59191924
491526959
69516962
18035685
293940956
85538872
193100220
321054287
13928441
445199065
180602982
664172033
37339786
44657637
11291236
103771595
1911389
385315425
404022497
64591756
2101293
147430963
86707535
57894553
146898394
366212009
31438763
408949639
214030881
170550891
40235471
87810354
467930341
174782102
37503991
294579
655424
69431631
148238873
11159167
18048292
372695258
184775546
217891082
339439516
108768089
424290722
12197408
61533211
262387016
41771151
151714884
59000310
62627033
225285780
464470097
155655103
121886839
80063071
416942482
194767529
245488887
285728839
107285744
38962746
104674905
105484478
71550267
105230099
170947182
28775237
201112627
368362702
68772937
17416176
55061931
356240259
8666205
75512498
55536958
42192670
8511078
169365140
231829974
34333270
3558151
25058314
192268879
9171989
201196830
332248319
16620202
307485686
55519778
19426277
33773457
13915298
54018168
63110438
122968018
215931102
402350072
23710252
20424174
158743495
253078545
247345695
96403182
244975572
279428873
93384202
427673309
32132419
125941518
197934610
73416598
124898779
215618978
392260465
32317217
12886462
1892609
77849603
53850924
296035517
536661474
33204801
104353161
229703924
233118168
612635
221523803
326516101
593253542
80388656
336455495
78086258
171255460
44395284
304809629
372800521
56580034
244878018
80062180
187454056
114061001
62107391
91252870
600463837
359155910
201417641
324708475
72090183
44338190
80797818
22171739
306438717
79577263
184991426
42279671
394436155
12322040
362619608
307668794
130254059
38901248
17833059
449474688
141246153
22010465
110019863
215402053
366045958
426938316
22961480
12111123
188755295
223130830
101749326
9927983
325870299
65192620
256461486
83388033
209221766
219432517
6255808
90694181
393216418
48209469
460070432
131574031
4283210
171267602
197195988
23714807
485262111
46147034
196554888
88756383
26006914
213558722
308067432
33077972
315152265
4684337
258383518
77464618
340868260
129932199
35489945
340139855
210053202
45344009
424847620
15713566
44973583
103236172
291695364
496478943
125800809
591173654
97684801
125496886
211825181
326489942
99692244
338880728
617972177
158532901
116886047
388307727
50018032
204843053
201522956
177644699
316514701
97917356
65574667
234527705
549936209
20549768
16735917
83824946
207367072
70413682
296671081
469343741
280709278
538813301
54536346
338455794
288590924
120916172
162155023
173467176
22361348
360945412
58047866
420454513
348418275
58573985
52997654
435848035
48742857
8152431
423421042
99930164
49273305
88143166
65513146
106001760
10259093
72665719
112839769
72690049
195846821
12601231
60273910
582813663
357069142
139003831
132741353
94682702
226286223
174873480
113945896
55443326
37035390
225824790
250682485
28264639
386342866
9006006
301530749
177952612
428584109
178946511
212490776
364433358
190598430
538257661
596758542
7303016
183839499
175776860
51077916
393814737
529558907
665280813
133752760
465475883
82059592
423029706
86757323
133788781
3672499
108807841
48169631
48410997
88662625
10598051
567735795
322738938
68840813
135394
145457297
274619571
137198335
465566609
41037249
43502780
212370359
87913166
80699785
673642031
8082190
310993159
5437585
444199763
19479050
268628718
15274531
9908014
533716392
213115037
18440358
69805982
89998675
399205112
86858832
25552583
4687374
15418823
361011590
221438076
77261087
201086009
209669716
62609652
74057708
26471172
602451375
572323053
269389605
150621271
457902406
293053085
5100263
328336590
471509952
387238249
14864645
65818729
289588822
87343720
18334109
559657619
320571110
539185397
111911057
386221336
70537287
18436129
34296262
46558022
468910200
73716163
40540480
37805604
198320279
27251928
197589812
73439107
321487502
338468931
622346513
507136955
113333899
244783188
220116184
605335139
50343139
504508603
100427815
390329200
261024204
298239038
97503500
2040214
51018190
369220999
168013446
272624538
1466291
415043249
3520273
37236884
23543182
144810383
2637290
181074025
193227534
32634950
374148036
139856461
493417882
17033819
71601985
284732041
53711779
69985896
69927152
33993932
135533172
16945653
12598859
247473922
172157041
358970222
219424725
173860079
8678738
20034827
44490248
162926876
66444237
281715023
194900532
298694859
6215689
84152625
102774033
85841
381993089
271915268
271323101
180619542
187661150
337712535
46294718
4247952
206965207
29339684
26164885
169865394
357067152
1000610
90032148
59910819
104662533
221004692
241736050
379976418
273887749
140168121
118150336
73324829
128831910
34900517
41509309
152675623
221970701
284228454
158980716
245772957
139342923
52375797
82106718
175119222
88201367
600910103
27454618
328290496
221419742
130211171
14477422
90934170
14858887
466671371
101754991
45986796
3724489
221744535
150386622
15565480
30688527
104164527
41553542
200171190
140216709
546585044
477796294
217070132
109693656
292967940
390036480
69231210
8594257
251737924
38820186
518223741
140397899
26888816
180161795
73801271
216003714
502178883
4360533
55741328
37357
251951890
141563214
150039278
512736052
218518459
61633441
80446060
96544015
81217899
144018301
383154219
511866401
184959246
131553963
29397244
408966794
127170271
90183520
199226090
58520929
19416141
197071068
179671795
124525906
12149858
126678022
6275923
168418965
613113039
412613831
43369642
241838852
84439341
688272042
183171474
172551579
119704432
209987288
592110045
127094420
459531009
231684462
372564223
45329261
266739547
65354245
22489905
9603053
19465629
168532176
113283649
570421064
63648942
96172898
162416110
397257856
99469462
6882779
44026463
468818784
168066515
632267267
78803766
72274449
272347408
208612980
18289952
13967330
7596960
106685332
58423040
123994259
1011880
371776006
130760758
209965561
951610
1035559
151341158
131416120
203543929
116191478
366946063
147267893
482153002
259107893
355882773
152782831
296102213
608973471
147150389
324675972
148062720
56635783
979491
80536411
13066618
69122174
464133888
14431337
315245116
372361010
280856629
354713494
137596981
218252169
129007245
66210108
136544862
77276551
105066079
87837820
31770473
120016197
64084359
359181600
210829
7374103
340807579
49646009
399311470
16759240
68769523
217389278
9661973
231118033
55909168
10995666
17660735
118614571
266690678
554831234
26063020
16306073
197479600
29324808
224761694
37502937
387145884
290689657
200882193
386879869
24476463
53862667
65832589
117276511
70215714
206877935
13228361
151590226
332052790
123211250
444820627
527583034
326970428
51929522
24875775
478359237
174811096
431367408
47677268
168980316
36791937
262568893
49099190
439143774
6038060
45623079
9483516
63988988
72982518
3399098
5980480
240287328
148277359
400144326
108529587
307195447
199156618
18821610
35586795
72157296
157500238
71163618
341883953
259221228
18508637
6137689
56263436
527853448
225277646
254129876
346133077
401519392
30337802
40440401
91570838
13412944
523402038
144516967
516586450
358534569
174318883
15706620
719580920
27050184
247835449
71001015
189311323
441797725
645416583
32574826
969967
52225283
61216624
159861490
496716032
135661300
22504029
382601898
193582563
38137248
403310309
520424749
185881716
259903649
591389104
94428007
17577065
31766218
10633799
172482084
245848846
433501014
19467356
244926808
52859288
97585883
54746543
33828208
638864757
198822576
310091181
12550687
7787449
190368211
246899682
704445785
94201944
158699729
67278070
215532048
535564179
69359368
5342109
5012534
478614043
89198781
13210181
423015695
84204547
80418339
387068412
128570112
77998758
100392486
96719354
152695075
48778679
501087984
582545036
73974177
250107915
42921332
96588524
73926228
62292540
792326248
