0
0
0
0
8202
0
7689
0
15851
32197
22993
7025
59779
18713
87440
83611
20304
120013
19011
40869
39081
2193
107675
0
32988
9657
166886
0
13740
9263
26700
24358
33772
123
159273
59994
60235
9808
39016
69461
20701
0
82297
69441
80706
46140
134870
70860
10781
2193
21180
39519
8162
84514
56744
24945
29728
21131
4439
82919
28772
42985
120685
164651
18956
95024
2392
54395
2577
200988
201417
126625
8644
121711
107124
41225
22122
372328
282037
54400
0
173654
328076
234975
102229
80124
315134
38191
8056
226017
38279
12415
187362
465879
0
42684
248295
40833
200321
429879
125568
22528
434825
99859
222145
30783
200696
28891
133146
467550
416102
372640
199600
204946
315593
30641
218470
331478
4599
341057
65215
21027
22285
0
24631
26424
129977
704929
117242
5409
41130
610112
556479
12219
188460
321260
236850
250078
46983
49317
170808
148761
67293
618019
247938
9222
0
222367
78780
0
731087
786475
41373
287047
804229
395349
22690
357410
139014
157847
43825
263990
83949
210692
25445
17544
78516
85492
26467
82778
291158
246141
28181
540269
208356
107027
96090
16645
73596
32908
192872
141708
135531
175155
119361
100382
378033
158549
308546
202890
148661
400158
138832
122385
417535
29433
109953
4842
632770
9555
0
65905
627065
130962
6380
349659
328884
74648
486511
19272
0
69159
221403
370047
286750
161250
20069
273872
21020
268995
498944
107210
440591
3627
296426
1073881
496905
166166
312965
249008
776227
264204
298099
2567
372523
858334
310610
117827
472268
360557
1220430
779227
1103123
10014
661886
303622
31049
45649
507629
11622
1012649
347798
141478
128678
255671
306551
308117
32948
317259
1301573
160705
555271
229608
630403
25772
171289
413347
206486
714908
973683
224540
1022979
551288
880899
758432
119563
525304
39622
269216
241869
75203
497582
73884
104643
7398
272628
92733
624392
422899
874602
211642
660128
397681
132768
969100
24301
633987
729817
268200
138249
104000
131735
639997
266339
560682
51933
884962
296895
575873
278638
447883
8199
266289
424348
7679
47503
1050463
266737
1297822
107576
66652
317670
326778
822186
234515
55834
282062
206709
64081
268570
0
238220
507469
894871
19068
0
90880
130278
573308
235560
204368
0
283865
339104
88352
786919
55135
162069
1107556
182445
1209548
128304
6131
301306
299404
585263
896436
194071
429804
720944
194392
191370
3587
80244
95396
19565
1214504
213441
154461
428500
872569
153173
331726
686057
1348737
676788
688681
449123
82744
534849
947526
1270939
75348
312809
970157
1310718
855551
22073
469681
354328
428479
194780
1041331
6159
1022113
1532258
761180
286390
1011822
122583
1751688
411065
154579
107162
631953
159109
594243
1228130
57506
564290
704961
390923
28782
1463365
530448
782626
309375
1089396
153370
333324
73975
31515
840388
923774
1001334
1052054
120693
420344
114450
943068
1034819
11450
1062374
715294
166359
142460
79489
274285
278902
676994
607044
221423
84836
445971
893779
81025
295007
906984
493800
112477
1449071
1171659
289950
539236
1163417
1440525
701882
748341
1141046
1008719
271968
886547
290472
723846
1779888
347437
951348
112637
8618
183434
92949
830381
323485
1241751
158618
778355
403173
26720
2115469
515196
1075107
516764
2157660
762123
129523
263415
188235
306068
102862
438035
596708
106596
2155150
74043
0
490409
34352
788562
237932
22755
0
499019
1214332
40409
34541
181940
1081975
570447
301045
763272
1194337
21984
511487
1056325
813556
1486878
1141856
164207
1238005
914665
58411
645958
547566
771608
1269643
733997
713958
1440629
366775
1562286
40375
402266
217878
77964
1428775
65060
2172272
282523
192375
560964
950362
2121687
1116371
491918
385811
1602007
1160353
51569
356401
1572071
302963
1300537
2262104
1816877
1099138
117139
716737
170213
313709
253340
175576
1098675
493790
223874
522942
241087
247752
51134
1027307
19783
576256
1117138
40443
58807
1176284
401484
1528937
335659
436764
1558640
624463
860817
843434
2155247
1630556
447804
309154
194118
2050691
470620
770790
889875
231820
300562
85879
3447
85434
614667
409194
144932
2454
238645
1422015
788637
602221
127243
828928
829977
199288
1459810
530522
3791
245385
450823
938651
991836
326319
1060015
118704
234967
9649
443016
70395
396063
2169302
1072481
526694
791681
20922
220170
343775
304865
393408
2215414
519007
1243771
185134
1475817
77555
1088763
62199
287422
703882
64542
179435
158486
162126
1514315
534479
616000
1750849
101994
82744
291850
428159
104233
879216
240665
1168144
491546
748784
413496
124752
2408118
702674
2950859
1137312
276325
522584
1293892
343740
221031
69705
40675
1623600
405453
180464
378200
294041
669618
670546
37418
1806466
1710452
137584
2302635
61124
2161190
351133
687804
525775
181283
20193
1491084
1732449
70230
139909
274777
490434
85615
2192699
93981
658938
486470
55647
1267563
982592
449511
2730232
321105
2034210
1942185
46105
2677546
604417
65906
183536
85051
433226
200209
83936
387827
407865
178515
423240
2468261
1380892
99438
1901400
1176178
2675703
4765
1297884
660627
1454416
504289
1871412
337538
771942
206228
1916453
567151
654427
292684
311820
718054
594843
572860
1600194
181911
417645
348198
2617077
533311
761744
1271085
435856
71756
977098
1073875
68394
71417
45632
6747
1442466
1437258
1638031
267655
374084
1159517
922020
436471
941789
803965
835335
2567846
11300
693465
2518879
1746027
859016
2166599
206307
736610
455666
390484
581604
11244
340294
17175
394620
2967814
524554
1025679
1874145
662717
1109205
856207
699658
889974
1148110
46031
1135973
2651429
129104
322317
912139
921345
1350154
1456518
2822369
313809
406593
67131
2759844
238933
1847151
167463
243379
436626
1000509
3365439
272586
750122
47103
337711
1169825
774632
1447790
259702
415402
2079202
380350
195214
565722
603404
190035
295698
19859
189117
3173619
1044336
1573486
104362
2108855
1452249
177217
645164
58259
409588
43682
1855585
3485297
14254
783208
130947
2048825
942574
394082
136608
319957
976383
3707688
87813
2934212
1300995
387828
2949090
423822
2090697
1994689
1022461
664968
363441
474079
498598
2103909
669851
2659740
99351
246852
2190659
1153147
895207
1858660
213973
2577843
1301855
0
1572102
1555653
815231
164381
3213789
2053774
412359
3151468
1660920
410887
202400
841378
54126
1452215
1126476
854440
3323660
3220538
1448020
781519
2112901
1182706
1420
470847
2583003
1211202
2038320
1946273
519267
2754198
2121324
745702
1438761
485820
33484
1979902
238685
1633206
3115688
0
500835
2548324
1674991
508244
3043691
3395779
1776674
1631928
62129
517666
67181
854871
3137827
659112
0
158277
967813
85256
1290595
27137
2157078
667550
360755
2379076
1683623
930291
542279
1625296
472960
870203
607103
1864996
1130965
8618
176420
638077
1595729
1611129
1747523
27541
1629566
560252
1573396
0
402126
1615575
56062
210246
640344
942259
1478345
319990
225119
2566723
151935
30447
3078464
2083234
354990
2274833
1475583
1932155
3057665
1643090
37165
1165959
1712244
2648791
404866
1403711
2326642
163992
1620313
1827716
1716742
1983975
739869
842272
1947546
215643
590733
544186
18844
24828
375944
199494
592245
824936
269225
99092
21193
899867
599464
4114626
46951
506035
679822
1945368
2577463
4972489
