0
4670
127980
8986
6162
37015
35249
97881
41482
49104
169088
21994
177176
174995
63106
21875
257590
19019
111636
5084
280636
85085
461132
1038960
1257021
388013
1600644
195220
374298
335567
398094
1435480
1800910
492208
968604
257378
1031351
994230
144369
931999
1436173
2167452
709758
845071
602194
1503162
136487
24489
186235
731225
1527599
848446
337765
245663
152034
461429
3703430
411331
1579876
934327
816344
1685889
535790
40872
2256973
277599
294514
825195
1304483
4648927
884482
413787
974768
9909
1042623
2316401
50471
1824358
4922458
2692572
547534
903809
2610029
1213122
1181369
1285763
1504500
241602
556722
431112
1473117
1323071
425233
2016324
3435316
46145
765583
5284840
1411428
3256504
5020840
4000998
3870475
4279763
37420
662743
134556
1364091
108695
5231096
2378157
2194391
209959
3281029
3367596
110242
1551385
6475859
778092
2921060
6479781
2449281
8962125
2778285
745454
3211681
2071228
5886593
118395
5549484
5903227
2863637
424668
3151423
2726414
3866201
6232173
9753305
2251258
76777
3726352
797376
3400975
473773
8297958
1036842
1392338
1984507
5053872
1747748
7408408
2448958
5301515
7161636
317597
390580
2537236
353215
3545559
1947420
32805
242188
6342336
3091593
3239992
239611
7692778
4884149
6866028
7867670
2581103
10147825
786543
4658428
2742031
2522760
289210
8686049
2108446
0
707753
2403482
3737604
7526245
7779039
1889796
173988
1304343
3838838
1424424
5128108
9386146
3952189
5784969
7004964
306684
948886
2861738
12140459
1626431
1756308
2542709
3482346
10119797
3085236
8707619
7978494
1062696
2652968
6727089
9861123
3293991
9380842
4358658
4446567
7212619
156127
2460394
48217
3881433
1140034
2096212
8289414
42339
693399
7985469
8788124
556631
7709662
1425169
2231347
5706944
615016
9464061
3772269
11757762
1469088
339630
4766994
44512
9068243
12722947
9778107
16029817
15699521
2091233
3532831
10647705
3887009
1318487
1553191
1986645
2641735
2082942
2166928
1143199
13991273
1273442
3076947
1151618
614180
2525037
1338409
252060
18398250
881506
5936323
24133
506664
3789400
14489467
11331730
279089
2939020
3618898
1895525
10056264
6211471
8373479
60303
9294500
2955880
1785810
2302933
309171
195627
2927936
8160314
511625
7554371
10395654
1264474
10763579
1969230
763572
2770878
13164445
10182093
7361875
1948064
1085154
6753300
6505493
14971030
6915139
7513373
3001244
5638304
2814920
8523806
1757304
1244516
3077019
14186231
4460748
2686584
6124866
4581493
3469775
2067124
7208764
5876829
968354
1444357
1260237
10848172
324692
6761122
3314464
17478
12786793
13743439
674662
10741574
9476426
900779
12080610
16773856
9385462
9931732
83215
7827879
8748162
2208748
1830661
466519
8576014
11188701
21206204
5347588
12560999
2476698
14751843
22248187
7342682
15551024
13746091
8090140
1832079
656346
3385479
2416973
6663752
1715321
4663406
3759539
6286437
28372
4809448
3271893
1710089
6662390
11033921
883250
503500
773418
14482921
10174283
15913629
14062117
19177413
13268199
16693605
34570
1523318
8516019
16497499
2555749
5981946
12527816
2513133
9957540
11577459
8860736
14484338
6544708
2434432
3134879
4533450
772688
3026835
11575367
5290392
2377128
13954741
2368562
328129
6711644
11080818
14007886
8726920
12024612
14522934
13009312
15400635
206948
19251072
25825226
8348175
8179767
15066025
4763840
11304628
10206671
4147544
8863929
6681591
2965814
136216
2971790
6078640
16739173
22030485
7521612
378109
2314850
9630338
465891
4927488
5320256
1902172
25193647
5483378
31292182
2279488
200506
16486423
21904073
3431268
346142
1824859
3011280
304478
8519992
21118749
6024596
4546530
472534
7946848
1137898
16169499
6824274
3526107
10525394
748488
3210653
2742325
19638434
5494640
8176350
4762105
6124465
16203849
592668
5646050
1783304
6861756
19813399
3953720
14290035
7392027
9412910
912784
5185023
10868025
13318276
12578101
1387669
5315674
2915976
1382918
19812008
4571181
2393744
1732867
29987738
11725364
4256003
8550217
13784315
16495696
3091499
249665
2707283
1130191
5871690
4723730
9826957
8681758
10699830
14720226
20729920
8359196
10073451
17629242
9838098
23799355
5736478
10968514
18228
13179947
124790
6467062
28259422
18365882
1735269
4985256
503491
132704
2030794
731554
1960353
6841159
19456282
8802246
6252305
10502980
10368370
2755159
22248234
191277
699043
1909406
23936194
27134930
4666460
32159602
12918091
9293549
5176367
2530904
1410628
17738907
8959986
22005469
1566673
2805981
4199685
25940140
35691553
7282074
1250108
36321515
5338506
6373475
2551115
31559210
764348
9282925
12014892
500597
25240927
8980979
14615570
1719972
4887848
15512485
1546331
45074839
23701082
6364367
19678129
9847747
7892330
4518965
22864957
2589259
20325353
6628674
12395074
4253218
4439507
14426348
10266870
6968752
21489475
6939456
961789
2140624
5726944
20143173
3616625
6729861
330062
6478140
1829314
9631836
8491241
46396
371613
7524698
189571
10396018
21598432
1805714
10096285
5197722
7560738
6970200
6546327
3383358
24068357
31726947
15692063
6144271
298354
11172170
1727493
14860415
9114146
22584338
4741705
8047731
415415
21534828
21406157
13346537
2897459
15455588
13949425
35224182
6554688
22390584
38549517
41118229
14558116
10478548
19427850
4927202
3446621
29885604
18379
31613796
533732
14133371
584644
13898981
5397651
1226765
35404568
32880219
11142712
8290095
9087717
19271917
34965167
1065736
113731
2953959
7538046
4104887
10959797
24483284
2794326
10926878
13282977
772322
12464863
1421918
24584787
18983591
9977012
4396075
631649
4123785
25212959
17179961
6743365
6916117
8240446
23076772
10005242
11393043
3432892
7769274
9894624
2264410
26493666
7198838
204154
13273496
10410057
14969102
444198
594865
3280164
17816305
11152903
932060
14078859
186729
37722722
7197011
1368931
27332974
3680534
39208146
1553586
1173737
5116777
8814088
13775937
28466243
13951571
7041352
11370839
15794604
5060740
16731986
4725689
385425
29845555
2209175
31636099
14669484
975288
11734487
4811728
12169505
11159712
17677628
115090
39319084
1087863
15218428
10438373
18274597
4901277
1549892
4532098
25562126
8436563
37713778
83736
5844749
31794
9892842
7322434
41143878
19655319
15036980
13901474
48277072
38227851
5482996
4112909
4458232
36343375
42388991
28253715
39495531
11962869
24305268
12444068
32239117
814959
4538135
23194530
8163801
5934422
2499815
10593210
14543840
777545
12924103
17187510
6262840
5338828
13272222
3085188
8673599
6826218
16249673
8389328
47000660
13992636
2432206
17669752
22856522
8569250
19017731
3376614
20445481
31545067
39387900
14005409
25408514
15012833
3351680
36417018
1639219
20498987
3879240
36213924
19588593
2673407
50978970
3724071
11536321
715792
16476105
5802061
11902471
4463835
8358296
6231331
21365731
1558571
15060207
2169208
1135780
2355371
9001904
3276656
8675413
18078010
35941778
13796113
46517302
41709729
3184152
22781502
17914222
32352547
4569987
12832628
54648283
1940018
2497236
43068971
1569565
35028625
79353
27521052
9110883
132531
877221
55933070
24746611
10062720
8091552
12651364
3785665
40807720
31110949
12482721
12661809
30382968
40348749
10221089
15965430
12068463
52866801
16450217
56180133
5895080
4690442
691499
53887270
3086252
28598503
16386513
27424116
3072605
1198688
6509995
958507
10308294
39045956
6755351
2027646
6488405
15385076
8662937
5967413
28762028
25626921
22194567
49021229
1726275
865368
22449385
25919668
18227041
36270941
45523795
10890250
18075067
10734552
20753248
2231048
39045747
31440446
10683728
23361664
24515711
536364
15284457
16132589
44930915
9429038
1253753
1048375
27088399
11560908
38185891
5141807
50801300
6518727
15391292
726284
2480142
6942958
1190268
4124281
28557713
33843899
31977390
14629190
1453891
28318206
24957988
17110404
35337148
6194836
33739015
13831860
25290293
23484760
1051343
3734677
13874851
3293710
378321
4358639
47743585
27816192
1237214
42116860
4679847
3742580
3493078
18106613
45718642
14138658
1729418
27857471
3758384
8232299
34706166
20145459
3418195
4019747
3045061
26743507
3142596
4828787
11693396
8501373
4154890
209427
10985692
12772749
24001104
10777770
5780053
27515375
60391783
7558592
12098523
14992808
22539546
31398148
9289692
6771825
754304
44411102
767787
6823833
252438
26856348
49334015
153697
37390657
38234252
65057344
10624135
40736977
5514757
30053875
2989021
35342664
2339650
5788952
325058
29937029
251995
19187150
46836524
27477167
30144506
22573359
18422221
9580191
1874070
523810
4108401
1856026
16151012
44276688
29642865
41958306
25912612
1020054
41132539
23117611
16899567
48302548
4616092
7868883
7533170
37598128
19571461
1047360
3411462
33801833
16943901
38313735
5804110
11451831
24363801
16030625
21701807
49825
35953187
60137641
41836564
33513381
11402949
17103077
11701491
3329167
43366552
916456
17884714
94613
36832920
9981161
29709856
27980353
15764431
13370454
49751717
14704493
2539599
5766934
18246456
73492435
24524790
12601395
41105938
5925781
20377348
852684
45524985
4807933
5658297
9002453
12587970
2236592
27839956
54353499
23522281
12239894
81768874
42951596
32768470
27230501
709117
16290837
38241838
3920712
51368731
26250671
6904801
1299344
39808318
14338830
12929576
41127985
33514090
19654142
5922435
53890343
11914128
11834016
35246789
36875847
45676931
14067061
232246
28224474
15687650
4212462
22799198
3576628
3849462
54234689
695965
77271149
55109233
5059696
35844827
47448061
27109855
0
7901411
24485680
17338141
3323493
37591900
12918218
34402782
45053646
6082265
15810074
15236625
62979774
35548123
4457311
26019919
5865224
47919222
3590135
22764832
46224271
25809440
42047340
16723117
46172010
10030696
8319255
22733003
1372711
19703833
43221400
1464193
6688206
7166175
12983023
1075708
21554426
55609673
28605576
11180747
37079170
22815696
9055180
617633
69595
14599347
19354469
6647390
26693962
5272266
7961943
27798923
5165444
39713066
13594240
11444927
251302
15888663
4400468
1771932
50465239
25480147
5613961
7338073
6317096
46991295
24429568
10533361
26419479
1190040
21030504
16105242
48839733
12801143
4680587
13451080
26945692
640239
480862
27902501
43860119
7371902
198843
2612671
30224210
11161145
87403562
9357232
3201800
54145000
5416944
8781468
5287561
14776873
89117901
2501054
44320879
3192896
1509881
20356063
60142091
45709253
11793820
28991380
8772870
25766696
51554437
37469042
2592355
27637138
38023418
33506176
57357500
9326611
51943025
40433490
40570
4095737
3244344
66507761
64498730
53541574
37737697
3972895
55107365
1799813
869466
21557009
78960122
3608532
14159740
3675699
38542076
31158628
14396111
8190213
24608877
50837354
4834224
6083959
74772559
40859690
12450407
3537415
3207982
44641800
72184182
24002245
45218490
1026556
15577627
5700593
33581900
37199640
23855485
343336
18498290
203769
10353154
272306
1226675
4475553
72220489
23431256
508289
39486593
36137133
46530825
17221631
46886342
23071827
11796428
34518442
5746577
19458826
26074714
33051040
27593704
42776209
31958105
1822945
143638
2844945
11199440
5238048
79745229
3838687
6007567
23264244
44783677
57707789
2159239
4988120
15462725
11120406
89970685
27189554
3255117
39137708
34237829
15737662
1026410
80578655
25171928
30893454
3381918
26201285
9872650
303098
18403134
37450393
56244770
62076362
18662508
41084781
10608234
20374819
21035507
45425275
6012386
6148551
9512154
895912
6414222
3843292
10650110
69955981
1894563
64453035
8504472
5316451
153997
34922084
982022
63968410
24665804
4271233
1420550
976004
35676356
36441767
49608024
67886217
39103956
2272387
21073050
35088327
48180517
80093746
35703683
36291881
12449732
18036016
19692322
64001441
72361243
66537103
517669
34658240
1653072
34756550
22878195
86975342
56572640
27541706
82626884
9680178
83299260
32807934
12052177
11494490
3363879
50519994
3543378
20230345
7097533
6612916
53837693
23476926
24534639
30842431
27877651
4874162
27581795
8263012
3186558
7182941
75577205
4938547
35049895
64063304
70664475
18899207
24034333
42416769
372934
95949222
6392925
54493555
100150433
20631451
38455981
11199751
89582036
27388415
2352557
5217869
13031904
3426167
24406227
7506219
66555090
38533318
80928318
68569996
79320925
14867854
47265856
77942839
71627678
12293846
42579326
9355861
11710534
5728980
36775356
63281975
45539551
942140
14542936
906309
30114137
69553298
11078142
2539344
4063206
10655302
22369143
10357685
2967077
23388978
7346532
7365455
53195771
30116239
4368468
12688303
23155816
29204794
4698946
71988450
11292384
33370945
3327020
22382565
29566427
6616863
55987082
75120123
242912
22644026
3448605
17754076
40602996
36377371
3149077
1279615
71571568
22363806
32318867
7119803
7768916
7040106
37063892
49376972
45914118
54740409
648885
78086083
7529605
14646320
4712428
9019354
5825451
9744790
3998698
26410252
85050289
86912028
57920347
15146103
38404852
66887975
58369587
40611683
19194139
33484704
57191321
75077675
38456841
22273133
3640912
11949749
15745564
249363
17081337
1854234
2740917
62412319
42238703
65673903
57649126
6386998
8672882
28521736
40678527
10188860
13890384
24762887
2913773
30842659
24205725
61201900
67656765
13539719
3364020
61986542
8144874
50662073
38450216
11982380
53186938
11017332
38892922
2196566
5552019
3279806
11620388
66311231
10063920
5149485
40131571
41989176
1748911
28305053
112817690
14068884
117494957
919301
40662995
7497418
33322098
48373475
58793502
7217295
43811800
41396658
7661560
15517234
22150828
601828
14659533
20375036
3152524
71862792
13624037
1749208
42147149
76127835
4436420
75078580
106676518
13259852
21387
34336836
11532085
9218646
14092723
2714781
61815633
47571900
15816955
34451703
11606605
72233005
43330908
101692558
27481360
24577549
387814
62424219
38069724
56223615
50564347
41863440
23381622
49645418
30630865
50583360
29844809
1269551
72275251
19316122
51691768
13149952
31469258
9793096
93751599
96416418
5644337
5198920
24094317
3807479
127034732
79485328
120215024
2867500
33955608
86240833
24617218
15838582
31225824
8350812
78590123
8954
17977738
22542733
72544779
59558389
59274688
32411797
68695622
111341
28961607
14830761
27086995
14276911
5921424
40546206
21306012
15391013
38093889
4497700
437322
45293571
33047967
13358103
1188429
2051032
26388817
28241879
49192382
57477135
7579619
5971258
43687706
38670328
29598261
24723113
3709533
64609007
20146815
48990014
35893637
34981560
2383083
97880774
62887267
9664706
40861226
3671093
38850368
67910635
44159495
5804142
5896978
7963098
62745587
5273226
2388356
17009153
107639
561315
21364055
5572901
18686125
48017698
87747383
21658017
22037183
18850773
14305936
54587678
67966483
65395295
118288460
3021062
29143178
24250974
22885513
5561819
5712333
7029777
53819582
12603735
7473477
44761337
6978452
8699716
8065697
60722034
36672785
17913163
940832
43875016
83006911
87580159
87062039
16696176
79100623
58403219
15294682
96121355
34937180
74866208
3190371
1659845
6547880
35154326
63272808
849530
9588567
3204625
44636608
3052463
37135461
13068151
24595039
13997585
61650742
36393508
66908933
98683101
40994937
42162480
17481025
3168665
101430734
14980269
42062942
3982149
30733570
22429098
1673684
8862304
11572515
102402844
51744208
44310528
34219475
78387969
2738077
9237381
112846984
9085537
21564535
64198278
1834672
116830816
21953726
10813914
39960357
17870832
9725712
13134518
3539048
121920419
15400759
45926560
2073600
17327261
7305291
105173818
63118243
27006899
38073780
4906819
98228104
41174320
39638904
54393653
47345174
23568482
21159925
55533914
108424646
48140
19541057
12447672
42640374
13456315
71279264
17564572
75259806
1334361
19918724
17114751
72022957
15089172
93205907
24148260
11828266
81553289
4533973
10065329
19263564
46061882
92831603
2690832
4796665
38492123
53982877
39577275
23986173
7043361
17251751
8617454
41511908
25811276
11001886
123196169
52078381
56856515
27439135
42623409
6882232
9922879
9926475
21450246
66018076
27592977
4074631
366323
52166625
113529
69735182
38474271
42889578
86487234
44776062
268419
28041532
53680106
61587231
30436268
15870471
58369821
75228824
22479
11115439
12662412
11198881
9931809
25115577
31260718
1179130
78613085
2153914
47548488
28581687
108740246
127546565
12872225
6530116
51674022
6329822
52896299
109089740
44311697
3514792
30417962
84688682
42689772
110000250
44397902
57366647
57618539
126288021
47979
23535104
43625133
45357860
17246421
87573244
19955716
37804727
53591812
5516408
51912322
149158990
76509873
9815227
6175868
13896686
50986493
17243265
40619760
72519748
392762
61751855
80365519
57331114
12414560
63353
9960974
3029625
69850954
113736152
639356
41406308
46644791
26767177
1390464
124587116
671896
42268774
22159383
24014758
106745853
30291231
8927720
6855458
60098000
83258703
120995655
22541100
986900
53452277
38642780
35374170
29460720
49516729
111358199
58197419
18871374
10071801
2330365
43922505
93468548
9618634
86038806
87389094
26843452
16839300
33149600
705856
3014179
16555921
103598543
99264318
90722995
70629582
8422382
13148351
49180761
13664286
57566411
357795
117796076
7732395
60631958
28237418
70813410
3623248
8689383
23471013
56687610
1134274
48862331
5324890
62239735
73250479
22832474
153935
9822801
95835887
30877727
29093607
63050318
11496667
8757050
58583514
47443919
56262262
14318661
431269
7275198
38157992
83145949
112208703
60041251
6564737
1967853
26845713
58388669
56143851
9592138
53240207
21250958
2685968
7323249
110341469
22571630
8024796
36078387
16818416
80853023
30163643
45883388
13681949
601690
10467127
55431382
48479887
41150874
21871345
24775327
126110312
18937308
115691019
38324650
12808064
5599300
3796446
26857585
111363719
16820395
94439230
8531967
103143301
96731592
13436105
8881402
9343931
82346341
43776527
801470
85049647
24403624
43993350
76100101
13346448
68484351
12433559
80984672
10702651
1171743
7074112
2653222
54278557
121965006
96241041
12879487
46884676
148704883
65354250
4063333
255777
8653812
25594747
59435408
42472236
48348155
26845531
34579428
761616
52825378
61558881
79807175
115235732
110424954
52127367
93287109
1609197
4553204
2093911
101789255
115604489
8157445
1255985
18502109
45288100
44329289
5615830
27974385
121764565
4627387
130716130
91962941
11656673
13368548
156838766
54520321
11165002
89088793
36439361
2068205
44528353
23234
26551034
11381841
128940
39602539
5523121
38432958
14116860
26961133
18624797
78793826
49877894
62385077
115307349
7617912
91938902
88781001
3452626
27693334
46310902
3121563
95819149
128778122
2798907
26241599
43996318
5527272
42343291
142437124
12360760
68250630
42813788
14023657
84723291
25279489
140769290
123122757
91044339
5455630
92950096
22338709
2136394
58045068
12803928
4425751
70443849
82182402
22972144
38303790
20608125
39867130
16923822
128952614
48460167
85492375
865317
17332811
2886299
5762255
10209772
79045984
589551
15866920
44449521
81727936
109023254
104471897
10079774
6556646
18711249
791056
7821212
85504667
71943636
19192405
45318611
26772357
798139
34254607
53355681
92587927
16901457
609545
139647300
113199458
35349337
4549311
77824015
24541385
1921913
38701975
57485846
32749877
28321538
15563534
17864031
27280563
34962207
10608246
12037594
11113036
33573945
846693
37284496
66318898
103296009
6419410
70599442
614046
38552588
11275444
480104
102774822
25224854
256440
36553357
15301106
45479882
15676066
43493970
163986748
8649902
26647337
84655759
61493021
49188830
73585738
1131546
83661122
40894198
1656802
154026318
44972866
69646802
1406495
6689686
2722615
66923002
23307230
20276348
92154659
72873664
21095790
45728151
18974732
39922011
90354538
67109935
1265218
73643305
56872949
19523009
5030394
1659737
10852692
39328671
2197765
112371788
22116184
50919911
46536623
45449056
34237879
87237967
17391378
6738600
27588111
29652264
41119695
64846797
79855978
122736991
24947292
41059055
26012290
10809888
10028723
64906642
2692515
2107679
17329278
204552
15836692
75629129
62619357
5432570
125166580
124445269
6847357
13063411
50844093
109323081
64528676
2287612
50153415
7580430
28320949
10688480
38913428
27538885
32383932
1866074
92891498
131603827
48527127
54494633
120042457
60032723
23067046
3300384
107871092
20124581
856885
108948403
80728789
1002681
100257141
81610310
26126733
103889076
41276161
107656163
121330425
20028703
14350472
170806369
7044310
2914961
15634082
120510690
2497236
5226751
151033499
10052706
159086611
36569462
938610
3959607
59780093
109762243
79564419
85592380
73100939
6784419
13288339
11540442
1244003
61769544
2531638
48354776
82578419
13009928
8086116
66778504
57944226
42531468
2635859
25619345
18147628
8272951
7698102
9990168
128786372
111051507
8190567
40682526
3174242
5426
63357665
89734785
116153266
32565946
81911139
9821832
98027106
18256281
85090729
85300095
51127568
131940980
51182820
90833536
75007911
77690706
1350308
46956250
3722959
74677860
31535504
29784247
30826709
18230112
52189442
56049509
75401529
5778471
113950112
80006222
40849651
2611106
8812895
23430646
26813743
108849656
145580734
47236690
3978432
18617011
26768045
64995392
5224217
98502788
46166535
5784986
42224943
14033873
171622223
3468507
34405792
77477499
17445055
11961762
148406153
115369410
24244563
23480768
34645661
155037006
78051611
37260839
40361673
158619503
43616188
125193048
61629837
98074100
133839098
13885323
89654968
110656110
145013085
44715188
107330459
4553935
4078124
142085274
33142273
1723926
13759735
474514
105852972
64007099
7273212
38087305
2499130
533397
30835793
88104605
99479306
66622396
104524958
69150416
95827012
78129310
34892143
48460524
40932340
11773558
159992599
15492713
34269884
61572948
9251792
31405574
17833520
13393106
3279411
51350730
65253201
23592114
84585412
101118098
9753196
6761485
52829098
6252433
6606570
11076117
140125480
31775201
15338681
48534722
4062284
43577027
20540251
1551503
65304
46183951
37054220
8097011
13889017
35050066
86396752
106720625
86968045
41594417
66972077
143507197
12250482
917704
35645046
76012093
7016739
103997062
187164740
6038997
12553058
47762965
55794516
100138168
74542978
118844409
18662796
85516131
164314894
19507328
29999558
16779055
620465
13675872
975791
39733795
145018340
149768167
43445247
46552511
2026885
20628346
1057370
1485954
3898628
20748989
42751710
116440551
1115409
52133822
164835939
846573
29269995
14622867
18547714
33336367
89780537
5328927
70953990
10292243
53062600
95599064
68131255
7703937
4132010
123364
103672077
7039000
23869005
106488597
94860165
5899834
65895954
21056032
71071
67832670
136855266
157267741
6464800
38556563
44206547
158768141
85815867
45829781
130402987
57559459
1237009
16015333
92252245
131440060
170578004
29869933
146796130
61432121
83904824
76348923
25691419
95450399
14972337
135982268
112618323
26947021
2970936
22223660
5477823
88425353
1068841
118600985
28459309
88851842
78997396
39620243
23477952
59906552
1951949
7312829
68777107
18149941
21355017
75181
21147647
59242523
6197099
50964421
70658315
7337159
9169184
18353497
122526343
1852174
37529026
68941379
42988189
74472862
100507841
402594
73659821
17991161
11398285
63059784
35059589
9500214
2342280
51335769
29892730
20527918
2379317
18777299
60639820
68969073
42713486
21496981
191591711
17856072
12476819
74278431
137989635
32207942
183538614
32426836
18484139
20846805
163636080
59759443
39091898
1122463
8869749
2266884
48340553
189369176
41991250
10659838
87613883
8177342
23477675
930590
182706340
13767071
124930424
35632391
120254404
7239530
2816469
5424029
7550256
971530
143119355
113459281
4375195
2892070
11645318
213989
50204951
50337736
111960880
79183655
71944689
35322085
9619255
78013135
8728598
3149775
50302883
46981
3756080
18058975
98977762
70616114
36701820
14361701
22155684
4493462
20394831
19422256
176543269
70607572
4568386
94207820
120706418
32593270
2067239
48343978
25395014
75110408
3032592
179729412
9156998
3818621
38244445
22382062
14675822
26148890
97084412
189165274
3649421
132311554
96117142
72328865
38296925
15207414
60026107
71406503
97507557
3211318
66610074
1919080
93471310
170630240
141575961
108322020
90517750
63431645
67090260
27225631
6612956
41542721
29906171
3456336
31265493
44466426
1496833
121604524
66676389
53062587
104706421
53265331
8233846
20078673
75715634
41673363
74196472
89532059
169044157
16144029
60667110
72871872
19771910
59475861
47465553
133623678
3857460
90282222
9735204
1834482
13107690
75548715
21951730
4003388
93153686
9725841
3662460
21586653
100289649
13964119
26443528
10614939
53679095
69705696
182658612
102972277
186654844
181973964
84616787
2774854
621071
132778189
125318457
131287523
26560584
4201363
10948340
30474653
147578499
12734987
147566121
106984489
163351668
44068958
697253
26893791
32325122
76147255
41614538
141053711
90918544
32995716
215187027
33016899
91683574
25398928
38837073
7720295
12504045
60176881
86097293
194244956
131436258
250397
93384380
37789604
86539259
9351658
64145943
1798995
14048019
94188291
8149183
37142137
104083229
3534375
40431812
15734183
39916026
7467872
27190101
143020370
75285961
6009832
78924776
11168174
1500190
74690194
50530483
10631202
161981019
36605206
411429
35670780
12439703
63187767
57161091
5730759
9417697
25633680
20302552
92337925
12325926
73865256
90884711
1104737
66834680
1811472
33342037
71168219
68495704
414406
65007234
79798887
14372775
14574235
27451460
1784233
11807835
120113788
17857956
260785
23344661
6298362
11180575
78922814
17703099
43727555
124827158
58875250
34811062
169271361
21786162
49586164
37573028
7941685
31311117
33459406
211118801
13125320
6645859
49791131
34893011
570145
76533847
28929791
28936071
1244485
83323855
44988186
171791945
35248471
132606873
3448028
50288754
650588
40546607
74033698
111307170
195488770
78322422
54091452
58720307
60790444
33146280
49380809
30457196
163353830
576653
23891403
2007696
28163129
34973126
219904172
94902079
2599465
85609780
114797127
18558178
143659229
3866692
53493338
81793804
45476921
2671976
23627883
13673282
4972775
2608996
13042089
13564546
47501948
9219276
35504312
39462353
4500712
78544353
16136822
87896478
40937802
8229095
61224541
9754884
59695647
154074728
82140088
23853227
10530980
9531979
11939966
4754280
12911740
121431081
4867859
7913926
1103756
92529462
78107784
13553091
106966833
24809090
18481768
18318060
56676781
112684211
30259404
5753453
55062944
72295590
7985097
188893347
75236895
130077685
10314251
180522631
6733696
129227908
124067789
40161772
2733042
8134053
33876657
140711853
31517889
39202521
50628212
18124044
16167127
18486014
32417023
1595026
28199665
1407264
13698213
21245505
56135498
30956060
59105998
30419095
51278848
65837573
158934839
4036409
101067925
42404273
32622421
15599850
63613087
29308570
19277923
18581268
8986275
48576739
77390985
42036777
69501609
67491202
12049213
182221136
58834447
151748532
9128282
130204130
74326005
15321184
107941384
7371010
5273899
54935654
69241214
78555552
194314898
2121182
27203077
16882335
43566811
123457504
14711269
121268995
47020403
17224241
106977297
9027307
45916622
29252901
36471390
28459706
57624008
7816790
3733208
9032079
8482286
4001097
123104844
130700417
33949057
3262583
1876094
50494983
30981559
96050906
160786
27071784
4033934
56560394
40019751
17638800
101292991
150585830
44488314
93020569
210715017
11303695
99970600
177240280
91143747
73731034
149007816
57581330
11858421
16479021
211277066
12868163
26259115
194526356
192424044
37591284
10870550
10208867
102835993
9705787
162320570
62592466
2043986
15062181
215415401
29301613
1632141
53674058
4148678
1269861
18584949
130731964
35183217
66072607
26262084
7177794
14203228
338873
77192646
146529486
101587655
107758242
127681472
15835765
81556357
123644610
17815550
162014198
365372
156386664
78215140
51326924
192115211
20264397
213644502
72649565
5067401
40155629
75098477
43740648
2792995
43929243
214607258
3513437
74354211
4916627
128370568
29001466
139371
102581591
6289918
10275912
84112232
205393204
110982177
36725570
92154941
100353778
25330583
82686380
188202115
92096210
103790836
47880951
46338525
236689272
4034328
2532176
200400722
44179297
164171046
19502841
33801330
519289
126460162
129670077
25014933
18900390
45845607
8424747
13991716
78979832
32420466
154220571
156620278
962561
13194139
112040593
117202626
148056333
58124745
5979012
69011762
34239820
9216451
34881919
78257907
38891372
90038899
57203924
171125529
17214698
6118328
41256115
77665590
1500327
88949112
74298072
100532570
45941368
23812395
71011299
6183621
146426891
25352301
21009084
103747212
88801098
36013366
29814338
23316122
38039582
41580772
102334456
112087
139652565
68007
47923962
36046539
83610186
187747234
166965806
32726857
9449366
22794993
15680758
15480237
12858537
40412087
76276316
65604501
37578887
19389751
191267915
59780410
36269267
124465698
65944562
10638342
100849412
31267581
40383852
223404165
78062807
27363363
157361876
68403721
97379907
83218097
132206770
831907
205627899
81080
2489948
73265684
87680387
217802
86327328
96111842
94872543
4745763
5434740
132079994
33731526
26357352
27914760
104360614
191570133
242431
33862614
3312536
109386377
15658043
81286369
19180565
19834256
96573446
45104664
24819470
53606908
112452886
7625469
1690805
50866977
3767855
205900073
210858219
19115664
126214700
8320602
18811882
59232782
3406246
5406548
6512624
10313993
169734360
1179202
34180759
50836898
22241569
81787856
102193938
38728936
32415393
26169751
207948582
120425706
17841632
17493253
157468241
24362190
60011453
80448735
56708961
35657667
19432283
58912513
193212887
179003
7638508
31253990
1529903
24952841
31874609
117318969
30423222
87069052
144579644
124872552
112367950
166520154
3683592
130350783
16788039
170557294
3515396
14450656
183392556
52358504
41051015
27419181
13324586
45484653
9048
112189195
107207403
81669267
35646987
82517248
1414714
50498449
47397301
73042
7891507
103294902
5362357
62951889
87772751
50859904
148567971
231500223
78251401
31841068
5529968
198307231
6713947
86406636
111939737
39831749
175597005
90957645
148761381
37019765
153101456
112784563
2099640
268121429
77781674
121592894
30189
111084527
191644890
9328465
117441228
88981084
94772843
12294521
2501879
6067594
26240582
27065920
3692523
119613287
7721494
62028932
101070552
5064047
40916961
153658692
122205560
47737525
8946935
23393297
90909830
100079859
62754974
23976217
13981552
1782185
132846924
100102100
103350326
9598358
163515150
73318014
187730563
1630821
29001238
7475903
67860937
177271186
202858996
59080424
73521787
41864179
43566953
15146358
29691618
3052024
95451540
41792126
42260608
3817608
71645026
69607465
46490835
3204951
8748604
7977705
31280478
409127
1283614
67284131
94718168
152133738
187725875
61108147
195143456
8164730
53159158
39947760
296509
121431281
64489950
116566229
105189481
25810261
77947909
161793773
25394441
15075123
43551856
119641581
2243394
159894093
13805111
11096582
70617392
44884863
59004439
97310607
142745908
78652530
102089761
120595963
13775913
187711783
54796173
51852412
33119129
16782092
212825713
133411468
154836747
577095
8031790
18144369
38525196
96846771
131338242
66096912
165638329
17131626
33779290
20846514
23761278
65649357
124173603
158171166
36881383
80817108
41985336
106894748
8937455
12228085
131858522
194834789
89917027
44841844
107539770
8384304
55465058
118724010
135171278
251428145
25354437
52191480
67915863
26231047
109632364
6030383
59480873
4728252
99988759
92488030
151964596
111667061
9938097
103032651
11258921
3716258
165694505
13231212
17358282
51779195
128195503
2266165
112392474
4580385
22201326
24436364
16595989
157921291
70720373
180949515
47178600
7964908
127854532
2796967
2643740
111770027
18144109
184945659
6029711
222179554
23813494
166062958
19847546
61418499
85511109
61165740
16364325
53009459
6598578
62784411
119710220
79006429
32214451
5839994
5587831
128310922
8028489
52721554
144118650
125320011
58611499
56073746
9602052
18091716
3922154
45071731
21882567
76707608
68411779
5781982
30760530
196391840
197860535
218430724
10682795
238527348
83447134
101223806
1575507
8534313
45249639
76840371
128461409
123581175
81240287
152103725
3126196
79832556
62188244
98104678
180367741
151938047
68758930
90427318
99220948
10364375
16609029
169991760
14492623
90972932
139680406
182807876
137077579
1320695
83805627
11329411
18830954
74055449
38968722
168751032
144410050
122955128
7327001
12561330
915962
84005273
112862415
30818398
113627805
160094035
148551346
25707911
77433486
94022372
2373719
92276962
55016313
84499021
128738921
109542520
43405037
14092123
2238307
31415621
9655662
108775684
27153950
25387361
39165375
52006850
51438234
126615706
117924349
201664999
25287141
85480284
104560493
49615498
5792373
179944571
76924873
55990212
57607874
5298320
60570657
2432417
59413858
154970893
14276494
149358649
50158965
32997189
47346251
16813561
17911952
126146357
145297284
119301474
17807002
147438376
7147128
19584815
23858397
34625
1936260
79674627
89249
16913348
6094926
7279575
10681558
3691045
89633123
47325539
234945895
51510613
65651926
7258950
218842957
201220338
3766090
83459582
159341393
24791880
33730407
215682019
134986389
78332816
165378707
12554647
4446056
147338485
258971534
8598001
80508287
91952655
47446736
52188589
12272783
81843226
85115630
55760598
19920965
121331061
141658871
119189573
131093719
106606951
9305866
187895311
34270322
103683164
144853534
55632872
97522660
47301017
161854229
16011342
95146576
18690388
213568839
35047737
43281976
61381666
34879499
24312397
4943627
41099866
208063
88958517
131160
70395355
14537607
114778370
203022713
64327079
10845325
160501863
16496465
88888700
21031322
270905578
34673680
1853596
120060139
578313
158263980
7590850
189245390
81243069
50672218
14348121
164037177
76734079
123806
53113052
21391161
210883754
84520223
31227060
23038797
76557579
203005035
64957695
63282150
137657833
27778352
140099270
44105550
93558510
40651295
6272237
44792980
786097
8652075
199709554
179616070
88136571
25923298
297593106
49011299
24718101
104062750
105842659
28177291
70009485
29218532
265135538
118685351
527765
142524904
523682
65459637
6655934
22614935
2946785
170019281
8042429
57796926
94237184
6409147
201788081
111585393
124646160
44933091
117170756
33191474
155540839
151647197
149120221
32952681
59392763
68092709
165210648
214681657
11444066
36612291
25373615
82781237
91451134
78023520
155453503
28442832
1328900
21248296
74983865
10623526
92650430
109268943
105721872
71925519
2303855
73666760
65978440
240428
87533117
16577245
3244566
8231998
61397423
17605665
6145420
133254869
124283105
9432183
46656254
39080365
137183833
21100718
136820280
156515391
31207429
96042644
121602375
11661753
18485304
173088807
156782296
162686806
44273557
21807073
194024656
2111186
18849537
2527860
58587272
235451697
79091569
118291158
259740391
86377320
68696878
89080135
131233992
13094393
68799509
277723627
8777726
32107853
179101849
239369192
66422775
143379791
5278088
2021071
288859506
73286819
139564470
52406980
34868409
3988939
58519861
3289562
254237275
18415076
4474251
28297031
2911372
124749475
110581928
305904
1954396
11617575
189740490
13522198
116453014
107170904
4169797
67421478
101991523
139568547
104989385
83296845
2957849
3410162
186199145
6893211
203737639
200860907
71408954
90971003
22311976
14535629
167698284
192804584
28640044
6681208
153226634
80748503
34265223
17829519
18262648
6067360
194422701
74691512
82444442
47417761
38463545
2490212
5276972
30826393
43117768
46483480
185148272
92903652
90265873
219181689
3268469
5821651
97811573
5543439
21964847
136169488
179572064
55011069
38351455
146843764
61732971
15908044
147147324
220136476
115875088
199189806
35435325
229439887
129233177
104015840
130227448
76556421
209540784
89860725
75272215
243523224
17288943
16742989
77419564
43942389
23598836
5000852
180107033
31184592
167470469
300370305
125931969
303447603
27145156
25504497
1843633
63537734
28096459
14481570
176880078
174634612
89424810
36142498
15204414
10973493
107471939
124514282
230350198
200357376
62665617
104920754
34913868
65519900
79967397
152018348
97276689
9976382
92769428
59632452
1792871
63227798
36969672
22230124
1127474
85642104
13994851
14118076
24327525
169379445
135428
35606816
14751987
130909490
95082151
25945076
17690617
85503362
97032144
13913771
25848532
216001030
121365660
32716517
170284773
63713491
81134421
60907710
1193418
5888349
74724293
56915348
181644468
297638401
30947139
265290679
723557
184428283
70703103
195030996
92478156
130259207
139474330
34743293
92074900
192291453
6796838
54323329
19412619
24047001
12465377
195932916
159886891
29391888
83858122
20994223
131579523
239352277
929927
45298511
163131757
86809477
142676181
32250889
264606603
195346996
176838592
137190268
4970693
78175892
52913512
114088351
92857119
96630148
9951593
135725834
30162701
152360842
14651892
155366285
11339389
80819950
99835984
49650349
35575101
76235387
39737210
1846167
131341625
71066959
7234117
94031811
276796896
1019232
64118946
39344171
9792576
24832744
50671463
62413773
25921187
150217041
66523633
87244654
40096180
161903588
15895989
24615271
290174643
98638285
7499147
42157907
96602646
11742004
303224222
22480866
2143140
1215842
150259346
76030722
99339276
22424782
226946705
23075693
17979110
48775056
241646116
51055548
3365707
1666585
147674486
132290076
137696085
56933285
210907073
70671758
140527222
166054540
22963014
119385441
189952485
221839791
81191683
65505166
100119844
38108822
1112396
187116834
109135114
6497050
97288214
91126063
11915640
37604167
199831241
16304460
23679755
50994944
64124201
19797942
4129505
20012335
27145791
29691012
14918357
69260926
4328355
242125693
7937771
49518518
198617271
1944574
22612820
8179003
169763033
172622966
34778701
49064802
80587604
92722306
2047492
102549150
39526690
180062177
101036204
29337440
3639919
56853759
36447606
135686985
26436921
236094987
170160378
224298952
34704346
243079450
111732230
278841458
51435837
59883920
1250904
65434082
1672954
46996558
65715507
17198505
56624219
61492801
227930899
66744002
311820880
21431727
93335721
174714437
38487800
73586641
8418276
2976065
14713454
73278932
19140055
277107420
62482985
29179534
102160344
77510393
5935155
184312221
154705876
3530458
166813728
92283307
139497211
248614955
220291907
36956839
10112822
44267250
21725123
26865034
55561053
19021805
229911726
36877394
126087504
20402338
58825735
244784797
85177555
166448015
135499928
54832285
137474622
241747379
50880583
41451441
20653153
163058370
42934608
106539445
23994712
33620696
1033813
46743089
260204945
19389254
277797988
119679061
116217790
69820208
109261815
17568062
290834050
324960673
630366
122428904
170068958
31113081
13430044
91673682
41603236
57290055
54635769
25678408
58483824
116702590
19878275
33492657
107321749
138646076
37943424
159816259
63437633
157397481
104417029
40961930
35384516
33489981
112200558
89404352
58935937
7120664
3832890
28625420
244862393
1513367
6997904
98105786
14729949
123660679
46100829
22213707
17838875
4363144
33996867
3903302
62544590
2749317
168461829
317141050
123077790
30575036
77479445
122435199
61217063
59583681
17126647
141316916
87152451
101109938
28629378
162977951
76018733
120806391
7163877
106689307
4655881
124270197
60929599
12283079
45589809
12019431
58118830
16450052
66335706
12775232
347024
55552175
179858183
10750067
29668541
24297015
12693068
105369765
49831580
10729945
67684275
64624291
54233403
96698751
8825724
2229694
253947865
155515605
53429
31155454
126083259
10189502
19011231
3829682
59800977
10190174
3715963
54548557
61908004
36840231
79772639
128943065
18637924
231405074
156376808
18732182
260366640
29993882
154860183
27372607
156809785
169326313
315900644
3133222
5120073
46795644
58680075
120136039
19452009
3682538
91368958
169691488
5211549
47890961
2118302
2281608
854266
124066722
115775932
113779954
8633325
210362987
150078607
24021852
33212526
140063815
10340332
11062086
79990698
137331127
124609257
30869571
26804895
211869
83193115
54880450
188555997
185044592
7642947
132903280
117073747
80456276
80908256
203581232
118265906
41045143
10329335
144205973
10243059
22116050
241438100
95087039
27318589
230747544
77980743
209916746
4168442
175379023
265074806
31228328
130807649
51813187
67449335
5225451
92903875
207354173
23941399
62216643
19059552
173392769
60700912
212199163
46646349
74083743
116874174
171517959
96440695
71061200
22310080
78138820
4709133
82794468
7421955
206731075
75318270
312717871
46343265
54961875
61894891
1889196
5246024
35118033
197344091
121526645
199963074
15886845
173118436
246063625
19864562
58980366
195587187
95855549
168204958
254538222
10439545
147467009
4312988
45191554
58558988
11227000
37041553
32471459
475862
24997880
157563376
26678773
246492638
10664675
28366405
104911290
35904723
191834999
84291910
125144
28796441
294966580
167840290
67489969
20014822
62142750
203267905
3632990
72076009
148230613
106614179
95547972
214459238
99660299
117134547
62341895
57041929
47321025
29882478
18414358
23457654
3165812
1704613
15051205
207531599
2593453
10599018
58443560
103154635
75603734
229999886
247311619
120339378
211615707
316295
70620050
10851184
6588248
41340995
116225025
168900288
206179836
6421094
71587618
94757310
18146508
219694129
85382332
54671506
36451066
155828127
64487563
60135242
4913909
62223317
8287815
96124487
20378622
299488907
33441795
167058790
118800977
46859021
50621781
25575049
154981675
62456560
8275648
127554877
18564922
46381820
69777125
115164089
158786486
109532149
72971158
103741470
75308008
149791329
104984830
141552624
17178823
75788039
3590893
108353245
247983840
56708022
207494257
66717975
18941284
48063048
34035650
61227513
36695030
186274118
213587537
233124970
1885808
30485931
253457057
228981930
11107826
72710260
107575635
166131393
43702852
95537755
9958354
36363455
108851643
154576920
93072125
17842888
147979411
42228372
206157775
40209063
62740815
9190204
12588825
170795554
77421300
14997247
90278641
50102345
39355721
133305203
93891341
26253102
94479379
245947698
7054061
141326272
31746995
275621600
36204143
66822435
122841214
192364225
106604292
4803716
93142970
233465868
219422089
17779681
28166838
142066079
107554205
105552305
42064877
212036973
30195290
4780639
33807257
13820198
127610338
36406610
216441876
203951404
8756970
37217117
213504274
28443283
30885610
64282091
836698
88047687
168700365
54568464
135807023
70331047
4949827
151889264
3062603
68724873
68093432
47517209
56091518
64535316
77053554
23449040
23249949
59266426
7352211
253841743
6222908
48041892
61328927
255959384
136733369
122616955
11444622
110421816
124839399
31224221
29953718
14276390
58303876
82182077
15403019
118049080
4018394
18192529
53614456
294364733
145302283
8899035
9807351
324288
9612632
300691923
24971799
28047207
93505372
25310082
80825058
90021212
5051634
142621559
122117605
215238259
32419
45773984
96284822
4392606
37931001
4505977
211314608
56406115
149237289
66775757
295202890
163538940
46101304
89435272
88436403
6847496
40583701
187410133
44790245
175010515
159888071
279988570
26541904
39661777
137103395
34985759
105880018
156776394
91028819
2381423
145964000
2198342
72299863
30535551
120007973
128614163
38596513
18678596
173002431
36704608
3204942
3106792
157493729
11035467
185530425
295963994
268850818
12074322
20647591
192360768
8388940
10285357
47493797
106629320
167340103
49534260
54404609
4982230
1689663
19471501
140329934
34976193
80678184
115300568
16449849
17048795
26417963
4006138
197684925
190330456
67796195
18354650
88101172
120996612
232427175
134780834
22732901
322823066
69206494
312874836
202187851
346294576
107127656
28417820
339973420
87191708
68659882
182344421
219991813
121473340
790496
40622114
40729715
125139507
144798086
72991221
169176498
45721775
11575330
6432236
107814782
224370217
283733152
115785358
205320228
74854366
69670103
24406438
181665208
205215282
65548776
44094069
77911419
77757670
33802900
77807307
105135911
132755580
74344289
5616855
63285557
103174586
67533300
204935945
2890233
47666226
54889958
255910250
111622497
270253614
37901206
179958534
20353091
21395555
13809368
45770952
39192857
39221061
48620764
107966884
89998393
47034938
11953953
37254102
69219575
72323642
102920397
70036782
68616030
274530539
155622220
66084916
16076681
29943080
194103636
20411089
182714044
104514006
84707350
50871770
63768665
153363597
1087902
133675335
70511536
14901882
36542860
5316524
107113659
39644901
208895235
135025695
63079234
49353982
74853995
13134487
258154617
46499705
91252707
356276947
188162947
286021
86508438
171632421
56165586
223289037
62364383
164887252
73655886
242105274
194951444
120525022
8516640
80436296
170564568
48763512
55526641
295384607
160254480
22729244
284234076
95861025
2597211
1810064
62399789
21773389
68276357
75193582
35368527
207721093
219883572
2666585
45725269
21730305
95002674
199843587
206240849
364406360
51594294
9532879
7307172
90090129
73442379
45395519
55146796
5521310
61394336
29379235
50261103
238265598
58214638
126247493
3961923
369755430
124952115
3390706
89211023
39347402
59332682
36508630
33459606
106660968
14859547
32845810
8545851
135743573
15841033
3346839
54532501
58394728
169111675
77231947
58696805
46193783
195667194
233310584
39622882
186872447
117129663
81430451
73481182
281369011
144577385
122067546
165623552
224527386
195110161
79654641
51415261
29475595
23659564
17800087
105284558
66828275
105338868
12289234
880068
70431766
135944149
24342543
361024116
8233063
24824599
252521721
4413135
100884817
142095433
69682959
279056728
55805932
18123864
164721638
5048947
47324149
74161867
41655888
395125
218785724
110380031
83619842
75745462
109650228
29814738
113974508
52248040
16644325
80189828
28676584
142437939
146222419
74656815
174932881
68183554
337589855
10779946
128178091
257374563
50313856
166124967
74837629
130204899
12972235
4311261
189860842
77932451
35782093
81585360
212323712
75186062
52688
235608237
150589406
50843876
205914024
8175296
29818777
275246852
14712002
218068004
256831032
110742278
81287885
91544602
44436730
102556954
165519468
32436525
25826421
210766277
74781690
154256460
145576511
63727114
140809932
100743739
128810248
224168413
122394075
59318630
141466479
157979747
17206345
9309353
97656259
60809832
123948579
33841126
95049114
283873567
14703012
316714575
7098176
25955731
97111871
20832536
55471247
94951572
22976817
2039351
79772035
11558363
50120937
71611594
7288315
30188560
211348052
217614420
175477456
184932329
223349805
28473762
177749968
44956530
13969286
52454332
70762457
107786629
237646921
29994700
68684078
59842127
39990684
25746290
37955447
129965023
174067973
43705353
18832334
220746559
204467059
20967729
187903111
65100165
14453319
87857015
62869835
36760462
305270181
8327098
70362982
202540447
186500998
140885745
85049306
170667735
337746481
8287957
244249818
121467000
207208534
129845169
81294480
41350811
155829959
159435860
62340720
363047966
47262884
365106684
1990952
36228821
7890718
194714991
63309544
232712645
78544834
123570837
5703366
2394255
65345121
205624530
308368298
260550309
20291145
63919473
112773964
45502142
41532720
31151091
85457211
95062224
25409149
189026136
17491511
7832107
178797650
195966821
61505529
26955803
6475742
192207443
103278
267203445
103549206
369821837
173820957
35807606
99833752
176118883
122246481
328347241
370379586
5163305
123841637
17020872
10831102
155739989
82910843
5581769
47881102
246686623
118557271
197534786
21272321
109759458
167311667
19429729
19632535
44919868
32542610
94605820
25404961
38008575
32770242
20523008
251063231
17893634
113475393
3541228
164097216
313647911
14397151
121459951
74632048
129611126
317341516
137454772
44392316
28062624
61772286
275352626
236133752
137126641
3477361
20096770
263075948
162435795
5741659
29460061
103318949
77296272
25301926
69853110
51071959
13547781
6245624
184390963
13692476
3093
219096825
127432084
178618165
7983124
93177522
159678204
211341228
101792440
18612511
19844636
38941753
52820035
1602798
210638972
35422844
221497358
82477095
88951150
59066069
277058197
272790330
227770199
12262231
117071651
183629712
14294534
133642977
72743789
39001292
73058940
179351340
126065657
14587204
174535553
66961590
237775687
134357163
286997683
21156207
245210449
16412248
30485125
118105213
56818074
56645191
10061000
155048906
27256383
5797376
34201463
168019854
10923299
133387834
254164562
94203668
23102805
52132463
111553911
22215463
44421039
29309694
340561929
98183999
7648383
115901386
312832157
24650294
214619346
56830503
120044825
256357166
291907025
3672471
228438471
294040441
98695481
5815831
59203901
58326565
402965113
83880350
411649188
113002622
263627807
223487044
91536764
52089942
294830960
6156301
327282959
116008024
150512228
151256148
48713144
13899828
259145214
3535909
79545828
11940524
329443783
74559917
42743109
54052165
141821491
177594559
36111039
4016435
236753962
102819688
128567833
170645697
151966718
193296367
107433603
169414598
271273914
179970808
64595986
67710830
174526584
140226112
41986095
8885728
247036324
213010662
2245849
231988597
26927645
254962316
128150201
54002084
74987746
57411817
103100650
100792180
191346719
132498271
19136890
58777202
62930058
48015414
25833174
159849932
96731222
54552746
44251704
10184613
58383468
107295515
2374910
95112605
10534816
7624378
31461743
138170655
97696430
11436549
58131188
7512945
61424755
31020694
53309663
119655220
256956588
97794350
20626800
349992802
222775853
106518512
191753010
40534108
159926309
125433841
113967678
48729800
68749028
279088110
190194254
208552268
47644290
60774823
78429371
356474511
14852588
6094695
149012079
298798636
139230247
217280244
310476344
68707327
10318814
133523248
39801975
33755757
82342938
24330767
236001169
264502584
77187999
195581965
80234896
228607618
300879148
24494642
46297508
219559206
80551913
222967793
75747575
49605986
286144265
129554234
51046671
145152366
178644457
41734008
269929511
9193943
147419582
119691050
22732153
39897489
28407608
25677381
644590
44623771
48725126
204685890
304425836
87800794
100230049
62513115
247859903
109448277
17840454
251574516
238763228
100932264
92848725
10275729
428082566
146518618
27813274
16793085
354255158
246974716
41489492
37272013
111268470
157826088
193068336
399805343
100465146
13524383
5678765
84983347
3837218
81399943
349137696
155414719
5272219
12070962
243310286
41083124
13696423
191672709
137008731
12873417
57771621
71249216
244681701
302018670
292734989
372710924
3798429
184745182
10214058
17642710
31015674
25304725
74646436
100044439
7674264
11336396
72467204
18044033
53121270
219344213
18613851
32584474
29963992
29578266
22018990
173621069
48724982
48237767
74084001
14332713
73608675
273169610
17808622
91585492
5578611
6393408
18995259
53643717
101666242
31170774
130531939
24281987
21806304
82230794
134656396
18727224
279292823
151821094
20422379
65682450
59770933
163000875
6644309
75750374
372972931
46586768
66854097
192473279
5488050
24429987
62914134
432629608
55761434
13162180
81280412
101000852
237730575
301413340
7652029
195179761
110347927
200973598
36059665
397331925
56558457
59679714
9989897
2895378
133009663
75942135
30239
130840211
311737046
127404913
153691907
169251737
77728961
121409940
35266217
96317651
112484966
25020131
118454765
183568377
104322239
77132812
120489025
36741185
32477558
125478252
19792619
177363121
38768950
225392366
79947787
35688606
6778815
61110033
8638232
13770255
322975373
300475269
106574251
6038358
330127816
36313731
100097518
1008772
54606866
241184535
119013867
2128707
176821181
279735370
112710551
193568014
174206012
240196368
1456017
69611993
68109238
52841506
396391479
201191193
342794978
28242782
109993665
183049123
137910162
219107661
14350552
14953140
158109378
93988999
83739715
808200
212069974
28437922
67828792
34200165
90998707
35932684
27287916
362527431
101553293
128910366
72124336
239415568
216384750
61215651
86693393
11623805
28328057
166187371
23041601
244197775
227893179
58333513
90354612
396834638
181371309
53646460
82261622
122194738
68880714
42654698
171936810
172161978
226710959
28727806
4452073
19332832
348072032
129104973
132729291
45923931
127617923
272663267
39716675
132289588
207631528
16067724
57982404
348494368
31152218
54912087
2457820
100976472
190733125
121607251
296377088
148529960
52425462
107315066
136337879
99003389
107598566
287374245
7430629
100203474
262337969
160544752
94003115
65797865
6098961
57902317
805689
96430954
132164142
148605267
191594902
108210195
83870861
10738465
93135451
49183157
93153190
112452556
218070141
32348867
207399720
60116186
3440209
191139995
121343657
77410291
311423493
414932966
340312612
26637488
17913804
381614137
41026877
198337698
292538114
66329530
23900786
158808687
18176102
302303276
197260330
130860436
500086
91840819
45679653
29088728
30669871
4162726
36753632
435136692
242701297
195349391
267536380
144690102
319656223
71177861
119544017
4318531
140689700
172993525
42489719
17272570
271336292
181544935
465992731
156686071
237802616
120571307
114042020
28169688
28072581
121001402
45255359
204584166
308882402
14521109
28789546
51767837
149772559
3473344
32049303
162292908
79279317
3957580
23690711
246821066
90038731
58574234
39197012
105694016
4649148
35546954
94951139
20530338
7571745
50689941
32870795
324173545
8784729
5855529
103991072
95440332
109299680
279200892
110183680
283495175
17921
103823412
152571362
67481772
62839616
247432887
292096113
86989628
7975981
98739082
12064578
10467364
84018940
139057807
73694624
25543341
36264340
109392278
276830871
28514148
182546893
53136069
107759460
49733051
366468042
37150083
277281919
11068656
137637843
26554375
84194920
115330715
68895010
74390235
358722180
98115100
128767076
11663289
146957408
5332626
20865612
149746280
212086033
25794075
78524927
80584787
133773478
159459689
303283153
398700130
155998701
297477275
10705963
321073178
32019
166124600
10060436
8478208
92954192
181532206
96120973
91306951
131728391
30807389
231007451
49462738
218506119
110574140
30487554
97557305
144790805
200913803
106115146
702657
62280803
31997813
17297727
28763734
38153587
143681315
80868533
61232997
245936474
37624984
290065077
13005620
255317851
330239511
70902458
5363109
16244139
39010836
207279301
314470675
378202258
41738587
116044886
169966416
39312784
87428911
150063924
29360253
39410905
31757921
161064672
236287665
107359077
67146673
134837138
12488759
145507102
22716144
20906830
744163
270513624
21048778
47954460
406288378
19867111
97282267
127467734
277333782
25399595
103214940
325798150
13051151
45462766
22718741
214643309
152806354
120401458
122121562
196372421
183158928
222233775
62019282
118192962
53670252
52847193
58196483
45114724
147818743
23319682
218622781
190034846
97069730
145213965
104228176
43004716
95179763
42036519
247008160
55258869
16942197
143037645
48302660
3780231
187517754
10694671
435778615
307955382
126156472
110971581
123068412
344546943
194006498
26510331
48805985
103300414
91231526
160477343
370952785
8303606
168863051
97581255
323816979
105244961
162804227
211161136
31201575
134743029
257801285
227137153
109369654
120851371
54738919
176058830
131247813
253390954
6514373
443111910
12470471
107427074
175530031
175246067
80554771
35423818
50533214
53109133
18028870
69011023
66046713
79420585
304564520
424398587
113490384
223263946
203073304
198789431
383921
2602897
3163493
279304148
99937013
80934547
51897465
104720155
10411050
34517315
101297648
137600360
45338550
22607641
25730384
64033283
67124147
199200413
191837490
350633613
82404794
4927998
296186952
51935726
2369073
2055393
116994346
124324611
193358
18011212
294787218
7261285
3739451
20155145
278751457
5778117
4111730
285445114
110559617
128723077
60975992
7531893
243983860
281852087
45264458
26592042
39229644
116231043
221625511
361309014
58333934
111819793
184100079
236984264
316359909
118462019
33169437
12033044
469824328
148855397
144814008
249085146
332554168
91221281
5454306
126216335
67563151
429927599
158893738
259446447
144360059
79872273
238568973
307219007
22116042
161660072
80350091
177147433
21005634
343807352
53629482
9684840
87855728
177939033
152774564
7655146
30987474
174494332
43882722
103538161
29462850
312547835
42325911
85179453
110506276
19967004
253277647
65003656
43220148
418812116
403635267
134937055
28855713
252852236
153445378
23437434
577147
148284197
33212987
19790019
275541246
295329842
110487058
5395070
53870321
53108221
296940569
97955414
315484149
42407412
373238442
38213399
131365418
388180640
3165399
30055357
172150642
224614972
167028862
7184918
19542975
251106878
34169168
35022574
80838015
95923170
19788757
211342848
258681813
26717737
236336021
254841827
29573150
27377861
131131661
103121378
68865200
26841974
21293530
104011308
62401388
116302316
147507484
23469294
134765140
51117505
3948959
170256611
67788529
124701246
237431826
163616355
438616927
6221201
10410159
99807085
94523025
14333747
407447798
24233779
170617337
16637526
278652464
116019232
238135498
92044837
19880349
68531765
103998003
193173319
176731119
359671283
6828510
202273381
14752791
81809576
21033847
187812086
28733400
130016881
849388
80120215
66532310
180809390
4252789
257517056
3453803
391601822
293270206
78025263
24516638
36539059
131478863
121457358
67874558
107821129
247657318
151276660
312584187
167886092
314705695
48423981
58332184
26080045
58194350
321032152
126932592
171094861
274753956
163667334
95253291
374950440
149312796
2656311
204496135
79240558
41088484
257476496
298820932
102929425
101410216
210226574
167155401
188225454
6739988
140917719
138979837
144141296
98915444
114194245
25027766
181678277
101925083
236967577
44236976
255853731
312630172
346334949
58426442
529659
51050453
3466472
295280052
155224190
164540701
12724275
91258582
151209755
78236606
89943520
23377723
8644428
321193268
104948270
44244840
16849950
126456217
33358708
421329467
76691532
329195861
50978822
191717225
118878418
4515500
211529810
50545325
74343907
54312123
80509738
213521655
137001074
2051199
300378130
115167557
287285007
153725603
11627801
168107385
334571757
5940573
8081234
57651488
415985677
309379653
52420483
341313920
325664479
35321705
152982712
327674
73333920
237486754
341997708
33936601
93652973
37750977
40658090
198022202
32736030
35205137
177314957
22916989
140700533
249124232
346807214
62456568
50964659
67973060
326499774
109654483
144353895
442202356
84821528
73062129
73994757
108258555
180289763
43738271
23644475
420236482
26492299
116136540
199138995
1099820
299468086
44354469
441027005
2550470
204551138
90240630
191707896
252177785
264823785
262407444
146682304
75823961
161880477
8452690
334726764
63934875
21907510
5903529
136951885
355648633
268578996
97443757
373649833
60875162
106966971
17771205
6876630
30127809
17202424
202291170
32090044
65004619
195073845
183518197
200770857
4232881
373040478
200854414
31911840
132738703
67171714
34312181
67184212
38171365
70698821
237786252
23424827
109788196
310883764
64162683
231605881
389523851
146774704
300113920
133308434
143657638
250767083
8359388
83575597
361445999
140248822
51770758
37108938
43301616
119416801
13037178
59838800
207806743
18219558
18546575
274786169
160802930
198508527
409466074
178597811
293947903
8239884
85199040
3576379
196395988
62220960
221695150
22750349
49069720
169461802
184280070
136334701
101034279
352554175
287869790
32886892
68903761
160145618
41300972
241641640
3714130
86469050
52938462
26474490
18551082
128722958
6703773
150137341
43422864
391506304
301713010
89921810
64220670
304828199
219381416
198298529
43200219
22803846
69411911
58752316
63359270
366072901
45190010
372475416
144564712
181220608
9903019
124976347
138724423
116394469
126176690
6140413
40384403
17537379
2436326
1498118
129503547
47616744
414149703
209892336
193011458
92099280
202354512
133895123
440076163
393623367
107999764
61639299
178581465
229337203
19247879
389357075
92023192
88112407
52135125
67933512
3658869
239809847
78333739
157097422
370356318
174620052
128031489
12970070
231141808
7721007
13200207
226376975
292316475
187835623
42204345
175496142
14597527
75157332
238463884
231712423
42085316
332329725
223285411
463197122
55532128
78957911
116502956
23634041
426077155
245867322
99380085
2091405
30534306
15423026
18284945
155109286
164820261
76166956
17591752
168264643
214221551
57260214
97112572
185227351
202769942
61509729
23517222
204680750
214108059
63214589
33278709
57201024
17972572
34638613
4158154
25092510
45991549
94273118
1986784
94663034
353365305
116349185
101911231
89582679
440708778
48272223
151234305
428183937
6442893
705546
162384035
238148149
213192663
98265548
4133258
158658638
21694545
89395356
75886882
82078193
95786888
166989108
178956195
81251978
211504680
174471158
92192520
19484734
155781467
37155302
202445975
7477713
1424211
169175802
41398895
104723985
36730429
133547823
66963588
94059793
71984042
44826854
280989541
396827864
429572380
299335098
284189651
44048776
127919599
103948772
78522366
10243671
116807628
114353376
221114751
82630198
182409894
182226175
44268434
332438910
61372341
102112949
127774913
20126655
12539995
107566818
99678096
213525850
18264214
33149970
227427346
55843703
14428926
5129016
286271716
369889530
178960412
10278688
18574703
25491830
19920627
253735594
132387037
420351128
27284335
209522736
3267404
37316696
81628729
32923558
28181180
7725364
210271209
51575304
69098707
83888787
1919756
176031615
159337068
408234323
267890587
115759958
241625536
1902721
41943938
14197290
193629779
1274245
6825110
351112110
306691846
67088301
140779244
159578
8482200
120241626
51318453
412518253
158933683
168985305
45279757
135374244
79057305
94496466
70784086
83567433
294450861
191038669
390256336
389297641
176539434
49811881
37379055
275332689
185488305
248179231
8886023
307086804
24369454
8541777
404968127
412911845
152196453
163279223
60518620
62617753
428509154
96861504
233570181
173822260
3334067
159732494
7978829
164487434
26316046
265459375
320808291
149971549
10631955
69791954
170359424
284072134
63931014
57295295
178406809
175812142
226589852
163530167
20615278
46159191
366977350
529519982
72665899
108050255
66618230
59214884
29170742
215041962
175486072
393552599
89845371
418199268
120977348
70834223
346733776
3482212
485013704
31808024
2573467
141816959
382447189
233505469
182413062
178169039
22416054
70425116
203834801
726733
101375768
12807215
144703646
37884354
226081952
51504199
86566598
250459498
157504408
324777929
274009008
137800304
87175746
22698450
258211374
178794693
8696861
13028604
153220415
181021894
292519982
9911977
62251333
80485052
30531540
55993640
372566764
39146175
79159153
148735837
62975774
225793850
28308378
86987660
387667800
69658666
258811403
11975412
122567085
196863850
59815411
148558012
24689403
45661822
133464663
111895381
339386806
27512575
146648682
83646429
361113138
305649343
9538163
180375312
95037847
162122820
88224804
79689078
295261060
7790732
968724
351272147
148932445
43434976
245513350
217660784
142678204
414695305
182079113
71443469
150847066
25053315
140998125
78970322
63207508
155433531
132154893
331767960
119769160
59148502
63501379
103817994
125820390
7552528
145060095
41259562
235597417
214965187
109510367
312081415
185299956
36861188
51245415
232541499
1914732
341792927
106720333
327695478
132805858
10606712
1951830
73028705
21471964
11054652
38180942
126685228
103561621
63964938
212395330
46467497
397763471
9226845
3161693
5373927
51361998
10191492
330773898
230073977
352847973
108351053
280871451
153374027
135118957
150157171
36748426
168215982
29381801
233557842
400412580
220683782
89064056
240560762
184717259
103870198
46298093
404204574
10395790
55837667
72057773
2737842
5574252
43237340
212711046
120931405
892077
7731075
40575704
350807466
303609713
44636542
149449559
175147126
54585797
63581413
27946084
76598220
178998601
20858252
364926427
15001315
95061397
97032193
115524762
361340442
163937170
53900572
44941904
58515839
38200491
330510553
86644164
49599281
6075202
80846058
30690296
73627156
189662018
65349269
162439008
334735793
208351281
962383
26562349
306480631
36420047
106951267
441258921
10639654
236106764
5119237
237925638
55866627
72595195
58012345
89856833
71640094
3433604
106148066
208699031
130772739
113387791
66920287
304414781
40388912
81191389
4584893
85393146
27241204
78791185
12974624
85169152
226733934
151767550
179751326
337507810
16851307
150122464
196987519
230837395
414937967
147533235
71372280
12003005
149323609
29416267
9590782
368477028
4604714
119990856
218224819
8581711
28624118
186159118
277598101
8725352
240900337
3443208
330499072
65990494
51588316
80993519
4377938
138885685
92993541
55523497
56554256
239436461
11289351
6104825
52794273
68211654
157746584
259970941
405045100
197227143
27690956
148618343
83167189
313731571
27200967
357143273
30423158
426344494
84471654
9823876
58358934
37336173
173795536
219813467
192193463
16324884
19917228
73690991
299014923
239908506
224128924
115884
53325240
4777566
189674772
142623202
91816642
27015489
162899303
90824850
147033613
8112437
26698758
12617235
48134799
24714155
325299806
147672039
118355028
34804770
64506362
27552529
70618659
78474814
994388
1055280
286962771
154632870
1188716
409216819
65822434
96931997
513254308
178692745
8437861
66589351
185737733
243743428
127754113
53467503
27441523
21114477
303441766
84072083
16004593
58046094
186085961
188998106
179335778
54319244
23315625
330480698
27107249
150563322
328885115
17645709
253454121
229015061
108414894
48231630
251316319
12165018
153490084
24886779
41268260
76287692
348725551
310362053
164871170
148371328
500134414
206666592
112934594
25274096
172440446
292832608
143792329
51217046
2902401
178285209
38789422
1883278
62900686
38365938
90489085
223046134
109099500
86019304
90112908
68826710
38731787
19628829
281019508
2556478
306879353
80383432
338237929
68775933
392721606
5337340
115791819
17703760
128459219
193296800
36505451
301911110
290271300
49523593
203791543
430442293
54256687
254997750
15459653
89963245
28785801
25132591
208191710
42465087
315406
278824309
33171891
196216504
364485410
98913337
8258192
107041177
132349681
430973052
452246851
12549287
136136503
124295899
15580296
83563030
190602110
89076546
15833466
320801279
126252363
251128325
109452694
6743206
387038251
266862276
16853467
75526763
196579977
17835367
4280925
19077186
8296534
71809026
125878804
478692782
196782535
72628882
180181846
6317324
339498895
53276171
114349614
186648172
69818578
109065381
186920190
225035040
52131531
28403875
15473232
74094210
55636689
34909473
364181327
144807313
3975797
17696880
139745864
448904399
295224901
160521437
206154224
93137392
226965667
26602776
304013838
107839171
59079305
134374377
119900896
86849155
48548664
147856602
207849378
96743740
373622807
340559918
34118306
249744690
185352279
199128212
138096698
28748560
121572768
96640519
7099742
121660850
57258600
44906775
109529146
75715878
38991014
9734794
15048555
183885710
222691213
82074301
22851834
46539564
103247090
367606716
57021952
268072658
49304090
313488053
386781343
191739821
268265565
65082053
39350571
75123467
156422552
82893704
60993539
52982393
88933568
67544882
92959872
85876977
127693242
20126917
66757154
159316211
13586740
26071575
115033668
33134724
371167689
204176414
460357115
254565824
223724265
185862650
251505571
5558726
383638577
105318134
13729492
371178976
296255498
162550561
45926586
129192972
68063256
140116605
9242219
105394103
153583546
211399719
561380925
1181514
111261425
79865811
44853866
234491685
456280527
46690473
391423205
345848762
398797787
158969
136587446
181535602
146379045
112522754
460930119
228738401
769193
306596940
4210814
10522047
158847900
36091929
152785115
255759310
312453683
127158718
29280296
122250169
125931913
57952871
3889183
475895076
48575740
215063876
30844852
378646942
325071552
105136508
475593569
55240277
152656478
16622390
139326281
164751894
146781059
207466170
112338830
76135453
343773467
312442579
146647831
86380605
34121318
155079224
253209955
300202563
383461248
300004551
17175862
298671213
187221917
413011581
401164515
229945475
366573950
154973270
199062781
105093246
175902767
59556097
3132477
153348304
487478049
68202016
516323498
1669830
6813702
2457129
249886235
8448892
239200290
257350969
1251630
84363680
91631174
13579885
77744685
255357196
221101675
146498632
194126278
13425097
365317420
119016811
412486834
1382503
9241859
208967955
141470996
287481793
163115251
111640818
126995770
6994254
457867533
10778324
14269780
23295495
155175987
25558320
156028186
94558668
4977290
27323897
44394632
14755505
176427258
60390046
194310105
42652643
71999789
256136371
108122727
92800229
140378908
11181493
2391679
86056123
61409462
62853440
186312565
206733396
161346704
63792357
40599405
204195515
12385899
228174182
364931545
5928362
1454534
7588787
147067234
23374770
14030963
424426807
101447349
25090358
196833756
35164123
152200895
255420356
179258930
2909222
54198167
270626651
182444241
132902460
486298268
63283124
221736097
164619325
106396756
54948061
87986707
77474815
346545711
230450780
18939255
262658984
13727844
21512446
47320508
128075801
5542160
285569746
82847082
219471044
4418679
66593347
162182140
269888396
194955824
267844879
476926526
197476045
34500212
366482168
205879094
29156966
148907351
182410427
58202881
7633686
64960647
215591221
23575409
28411691
1202495
43796937
49631988
6572299
203598451
38082918
261528586
103384448
623789
102559186
3071947
17173601
18699822
345970706
82643449
428619626
1040175
136638830
2842381
7309648
112414841
62085987
137641774
19346833
83912354
326509529
84304054
267334085
179430338
3033336
49502641
108197586
20829535
25623195
357428094
4804353
75703432
19496848
112312261
1485585
42940980
7713188
51398774
44052296
537602258
143065020
84304997
174219843
277268969
280758072
76008309
59814974
3545569
43859353
711101
24363085
10478939
120991885
5370739
24215748
105267019
313415728
28643248
71290774
62667126
451685684
413830084
33410086
248324252
219624987
51357973
81556844
14237791
22957573
16647263
60835248
299627249
87972005
32558374
63259687
93432610
308260716
19270937
91180583
1325481
70050472
152995399
93722194
21386573
31140729
143039821
179340516
341213911
51264038
215209483
163603265
4952013
45948457
124761666
326002817
39873371
4481882
298341178
563856022
71034032
118312718
262554703
240786
13470606
5182353
6827977
288851774
11020506
29809522
530993344
138431475
7843643
230789756
28740999
164610662
280347238
42521208
472999238
26058687
140849442
112398948
385595386
79487570
176148596
3873990
45319421
378268429
521071608
5677576
52738291
152596592
96764387
33268910
501952941
3454542
223038568
334251571
382871735
235656871
2535921
183265093
48645606
238161614
45197188
10929303
362893681
77249428
7319891
20242687
11002502
169360580
457037184
86096051
256456550
8406867
99488258
271951927
333105581
577365051
26480450
110849001
9172863
3843520
100828414
39482587
113943603
229037
79286935
492467012
408875843
34571876
283268850
226645176
38798451
147042355
64478974
333581854
245049834
206163001
293850338
9280111
103009009
168070744
172012616
160396896
55132922
137927570
218981554
25893423
116524584
509055294
22066621
13870076
246197988
70677881
272847638
246073394
9209266
119754497
43851065
313297039
39210256
136071681
113836103
485995117
54011613
1794085
19664364
1621471
32450182
137512007
151221179
132852305
250577997
197068563
116911845
104224528
43620082
96035894
217112765
106548546
106232614
464086018
276162075
1505769
2972258
255762143
42205297
141925907
163672491
308812042
347072227
102517159
29814561
260885015
496166906
67088435
218747465
246141835
94219235
3418414
280257830
320145609
24637322
554806807
271713806
28359643
4545362
160371328
107060284
179868778
30444355
311774454
599344772
363675355
194297308
47352279
142408580
385255909
48884079
285642273
121061974
29254105
5119027
22767911
361969104
20331172
582693879
50576910
178185191
233979166
2308096
18092077
12765454
266824995
295919922
99545213
270039524
5822291
59704469
111575029
84875639
72470719
332691534
246878227
515125919
259717332
50512452
24354950
545313027
371819868
72157868
3574004
45845337
40651372
57801299
33949571
172054568
275352783
189252062
45422530
281710125
26948100
103527143
13492966
107743698
525718176
18463842
211560956
29039004
224511454
57270720
349570396
61277682
258219145
188367414
268242448
15183105
90063323
9238397
193080258
277449002
26414746
116194244
167606888
88415914
24689231
347359734
245738177
172874989
216527077
144683959
266650424
304484819
364674456
251570671
277600889
433877214
977016
48909545
134130201
13119540
220316807
232727697
40908061
416141564
59880568
142977195
321486542
287882753
28989297
5622152
309849
8861215
270213875
34289091
254792065
32027002
51699434
20808311
250113887
130313286
173955375
173346038
547065031
80204090
542137320
138460003
239519234
254475075
76963399
92150988
417218986
429030362
60232548
306446374
53211156
308406129
491945800
25144792
281000790
537321388
15570402
126436478
6474695
182521992
5485920
214569472
139345820
294465993
31031702
78774343
14905761
28946203
237557442
22812485
574082422
24013397
267691275
32190080
149374601
112186459
292821491
273534718
99045443
68008658
77415177
26977752
471860140
245554888
146362470
203000995
280988079
11362930
293548015
37126375
6590238
289494650
3992059
12629466
196457948
187367417
220729072
155477470
140379881
41044075
247277969
24961979
194768947
6121394
471081461
34399133
3620747
741470
21987231
180969818
75153747
73929906
151546471
571454852
433667044
321657192
152580600
274668712
313579580
410334074
241425772
177341855
36304750
265554705
61059557
163610193
60474299
110107667
1205456
12779610
103346614
115706727
99175475
144616980
270525091
224672492
32308833
88910158
137195415
295854872
52977844
116948144
374809186
163060490
457347684
68565952
359402125
3133240
114284391
187078615
212984068
53775522
143354395
172343745
6775003
163257976
606986610
324558831
291418899
279743342
414657502
240324799
38335878
228210807
5634697
55146394
227292041
495644153
40648045
23475473
397974162
152977328
183691223
259857392
341855145
83172115
173067236
461046287
32729648
188477787
75112333
4084741
459225615
111705479
268064595
33228245
53231274
323882709
75280972
77156850
11394982
56590597
97146926
136090905
167611121
226716844
339368996
115921498
61959257
373277532
306208
194594875
171406023
66671593
84517262
318144727
302825792
66279274
390642452
16939158
23351461
1726937
166959043
122301108
305988377
202816536
179497912
363259575
290393685
65217903
68149847
3837358
190655316
23000364
122255390
439315105
200168312
34973571
30320618
14077442
549870410
505359874
210242114
75693052
123777259
15764343
20667828
208046500
68036713
138972257
282786562
50293566
160344515
257078524
13382509
225696073
51099959
13035543
540042815
69364436
17686919
255171513
363355378
29618573
12476714
268822112
52482677
564669311
101013553
80720951
42051738
247557138
201993016
13354737
165439231
51202784
139228206
342051361
400411683
120352702
35161686
61908089
39083896
19502348
260752237
275579221
353944252
196010065
42672328
5916118
92381638
72458660
433151752
432955846
213886231
71410167
3838559
28251779
346170203
67900294
65468905
209100116
397342126
11818326
51314516
447462708
180887345
340291499
21761723
157335426
323119841
90110193
361182166
139295095
456316687
234956243
241708511
205269232
104382278
100242559
246396347
134377863
224012204
42881072
9618497
22652788
208998210
106638890
36357476
17696071
1176426
381654355
90568745
19178188
56659121
565398746
45344705
8332283
147159380
79151075
9511576
43876294
15212552
292066737
182830065
68176590
133759400
17699187
141112395
261844505
129962461
350539135
52304481
16740026
207927160
42591741
35608165
123897782
30666531
386318620
269660147
229421340
287816593
25819670
221587659
255551945
67394832
102081317
231452655
10546218
163286984
269259094
106107230
68975954
126516312
92232368
64455148
102995096
160067488
304965485
4523833
160926975
230450850
381082363
120427772
16628447
8213192
166082
511163966
258513254
245917751
392745231
19046700
12111201
350393454
118987436
156179303
62125900
87165048
144921439
36214628
235068444
219952250
79017281
383508
159566168
23724023
209685429
59957770
563743142
26341500
113130067
548159061
60087283
109314409
62585198
39615431
16933081
40057018
7662328
60319632
18113375
33600751
494814987
21688950
31688551
590852743
253365960
69811970
4926281
424843609
462128266
64445137
272587592
7097208
19472563
352543819
2826288
67512486
211043094
487530465
51169076
35424271
177690435
66698542
71772659
550582
343838143
175334357
17512989
200442976
379056164
16580985
276587536
402861663
421448775
200058800
235028524
7328482
209877348
273324798
12580456
48889601
390046080
502918376
179502334
109185431
130376606
187823266
67842046
349126420
372654611
184778202
325215125
206752912
32015911
31825454
275728693
64959500
42599880
208486273
231037101
67756026
172878837
53113993
186903357
364208338
337167448
57226312
54635659
12866345
65815178
170042332
588988728
336599658
282278921
427111082
11866867
16157540
35251116
262048367
391095879
271464666
35367134
259854230
137042310
538384176
6766428
420367797
168297794
4111028
74516658
25981266
8143222
276103881
8942471
84155340
388739629
507592889
476868887
226902115
108488357
24406589
107625209
52607836
186210310
279181534
24251116
39981530
18165732
49342818
251730736
156988723
5823437
106445843
303637086
59752495
27724532
83380577
261841280
177324357
2445995
276516791
67563631
2199439
36031653
34160646
16092147
49695018
3679355
13756287
40333405
243398238
3129028
108020721
118098965
33370006
53321619
6408250
25414315
265150461
237480909
22587173
80398547
15458673
112593892
20996442
8051646
106264742
65025708
109452636
184720864
247030042
11910002
9886964
29786301
306526353
202247968
14653380
588635260
242599659
338803631
340054951
284170677
353579286
29812503
89889837
240507062
24924403
297889735
2525261
53105495
216231441
121349672
123367091
174824011
12655986
56150947
66459946
172300154
99486022
86521593
171215403
398152316
233733472
170833542
228230921
161966628
9248777
86812952
39526340
531977782
14453438
145757854
491374692
64160759
43858087
385749275
23758281
64902168
116838878
96006266
362155249
240222604
12532588
301677389
184921643
252189208
86139838
330617560
20381748
456283015
433641721
5102645
177859762
375973563
519916243
87207914
315697901
156196767
38592558
150951796
464279657
149190120
151869271
14437263
88585573
23620885
162614705
241203452
13057604
147126013
497019983
53677700
89347007
238438685
632695574
152625825
364439660
13787613
226153802
10549452
14540399
123255804
169707184
170702592
18753157
11904293
6176429
61355695
102226255
260773751
353143761
12788524
589215530
16349614
77334089
117614782
10523234
164071763
124602290
430699845
94984237
18452858
166806334
304494527
35901671
193537706
103001682
75250964
40744180
452384216
224202333
531298002
214243135
114955807
15371586
603686452
13815703
17929504
117645998
99711373
215667592
26982149
27986694
324621102
165375703
189378286
399472666
232846724
6979921
369076624
30319145
135598850
46998296
219812000
566694551
43845620
455066578
538851505
397873037
103073074
219428930
540330696
470575976
134734996
173809777
46954299
134269916
169821747
121552150
608341053
314069201
34079676
943713
135481001
298147194
17208762
66057441
73575511
50897716
175327243
39852109
169893837
303564090
37268716
268613267
438571631
24335384
466297057
165349845
275354997
4410376
29236169
14602004
367470365
131834377
620150161
138086842
261903
125598277
258399945
25220471
145314941
30275407
165437352
189168357
334557587
368710678
112762844
155498927
31644687
13640245
105092920
453129285
12405382
51434994
562592483
46564326
147551825
68984569
204023193
22323838
143995537
113251399
548567157
375119585
304489507
311316443
23903564
30446753
596109166
608014405
1725347
526411734
10949403
194662763
239870261
617139632
26439011
444522061
2778597
2821280
118466179
15913887
163353911
607282352
208550494
1708330
111597962
450214094
234906732
14009020
151721073
157772799
156740655
3056161
44387363
13002522
88582594
11299571
77905098
69381
316094739
221957622
52940930
156486166
238682620
57865660
291996495
14886265
23269510
367173897
310535252
9232489
90233688
76154128
256950870
59620005
111931997
488751019
123945121
469749690
402471897
297660607
4480677
399921185
10628310
118449977
367751371
258329736
233212415
506580806
57807518
478761608
257001134
27548328
67213781
238886703
232750856
150772172
75629940
290157394
155173659
3436783
50230474
184782626
321262578
114664914
96049179
2634889
260270230
158417341
353660775
120812169
258212044
220909964
148097563
361133399
184683043
17454039
254851451
159971196
394169665
59109401
61298447
17923836
30649900
44792127
9151263
9027580
562266475
295816455
212309707
1061321
271122380
232635346
161254052
155916809
150554003
157130692
90540673
25956668
113290573
31069032
449251216
150617804
193557615
554021635
271518846
89052334
270171780
261008437
2642195
44812742
53290768
74900853
116618976
268417377
21356062
151671839
135130809
177937271
403412886
377309592
102034757
43768916
350604495
253715935
430094503
64725285
89390074
11088352
118949482
161255630
56687755
33759116
61803170
41303316
13509757
78006886
1094244
296852904
191176918
191751862
351843112
180458869
14532643
172171025
289433675
3389101
475108001
10103404
376750025
32595394
205726
91367988
133228955
239970315
34700289
23549941
185343825
422542314
12572870
1996876
67106803
5831572
273179715
203259142
12097755
10968819
223178858
97847840
95997308
314896695
86489622
322723324
67374153
293803865
6143557
221538352
124730064
409448953
450148981
38059349
66162631
61613575
29803200
6085406
147072317
9996739
388979960
13919696
126110675
17537856
41460631
104699465
365974711
96761871
241292997
140726478
269057343
182621629
413300433
9298372
550393796
60312655
93704647
4658086
330402276
401121458
529962535
169731749
42445377
892959
212964806
46895662
32507750
649153149
77794798
301500699
43340813
357264364
198783017
14402483
52209745
573307989
270113493
233011130
84236814
246793184
170339269
76885113
105706456
76695050
105930205
51738885
20114936
562650756
14682554
32884677
1343332
257074256
35673621
136268354
17689384
615321860
607213635
15089670
41067396
206186385
46672640
20175206
495188405
128870268
112013434
198449789
62301566
177973126
65453896
260721044
19878759
284023734
24302486
154280542
329341145
39384249
168988401
104427896
167967329
174567872
447601203
99295658
90635882
4472324
344907930
244798350
116113422
167559677
418889508
55908887
509711295
139027230
30134895
173934934
2940675
35255025
5169497
341793328
206861995
95353107
145274707
151459406
43195443
289930267
2233631
91456466
66110052
189990365
20578857
84051165
387352127
377150855
218024726
148330448
323140725
41582046
123972154
227381821
406458347
357550704
13225356
114360428
92788815
73727015
70033326
55501855
242984284
643467622
127995889
550150678
519918180
6662690
291411357
3586881
68896862
39674178
26119618
74412446
340053754
35630593
551814264
275628701
289719937
32386233
178856550
121669694
332703002
59682323
23086374
65173937
230605403
372991935
184522804
118003153
22440752
147741366
199575606
341726544
55034469
102904340
99709550
210050558
122737171
34909040
158148911
194494678
220284420
410579525
161276238
35488109
158340254
502385672
613598401
66140548
217500692
192532397
49700069
92567750
10892939
66573559
49845735
163548152
116921669
65521404
148882689
19628291
229652543
51653755
498110267
11283526
138540381
432725559
69778449
107154956
455531086
62323412
484819381
173622308
141384300
242269533
346084926
16332298
316462161
149024293
17464064
183356184
122429675
320819005
18819654
33852540
642667990
247991916
6338438
45680124
155780
142944434
75907678
272207557
576826797
99036278
517566792
34860165
167622390
893388
35071538
171492948
946019
558882972
127959628
613770992
543478060
129212901
352855863
115568158
48499878
587190545
462534976
177487406
121011879
24527354
34139422
34956819
39348198
169350091
90607269
164007365
23035795
288459215
336577340
278035382
44160730
9598628
15994049
548021894
129973117
338716503
38010031
86617662
390656706
168027895
216125327
12778360
214616204
361598200
235724731
265571340
476783187
193007355
80357853
161931340
200948525
34839778
466137121
70819012
68345737
3283489
528498071
361459796
513902167
8281236
121648135
322189256
167085223
425961168
134823586
267805849
519369349
515527044
401846228
320213661
135698437
109330722
175433859
123712186
83907865
97078682
24119395
612996764
37355295
94768874
376446457
69700149
177882668
224857785
276332978
513714576
116282750
56047988
9790503
6973842
84917282
12921974
170359854
21341404
40888926
113145316
615660158
92028732
160329973
390150572
69953550
171902150
233330721
6749010
1978870
331398669
368557413
71390468
131862122
120163587
40026385
282821102
20835349
305710428
33803907
252157462
49873363
74313555
126127199
57246803
261382636
531271797
239712384
93446068
326617468
1322790
674546047
22593833
439673378
89905840
134524374
629894864
10171328
276509604
446241
147226974
45831715
92803605
179274727
218779638
326056695
188888623
303331775
103039920
3784735
9151267
194616839
714968661
268115327
111650960
142586348
2131080
78169922
41378919
77421359
625652885
223985145
32005719
38499144
462413650
592277535
39570976
418439594
380885631
2923115
249972305
129529291
24908139
487411118
7800191
585462500
120676797
389103262
676160205
253747118
41496917
45737726
69268461
73707183
328192127
402097361
596932399
377383112
24101977
48045551
196261104
209060961
113067802
16267430
3976553
166119664
22891760
146883075
104057370
330034280
508853415
455109734
308692743
21671599
329299
169670407
30761291
179632882
77540135
77995409
2841273
169059297
294845004
68840784
131697028
296360701
5585418
152298739
225561683
72280373
47344512
106901410
17072101
321214395
303397150
46458595
163215892
229786223
7631134
392790349
294500833
228920382
94269041
206761856
326931145
33657515
18057286
313647820
296671762
591723937
59248245
271490435
191200984
197617903
554412906
343468956
17581667
51193589
168096441
179472683
19735855
61242182
2622604
182757733
508923367
267745748
190107864
131286614
71965453
527589086
168249372
155909156
304594954
150529224
289384181
590712646
27315050
29553460
13280823
656835064
154604746
198663532
167799700
209760776
65381757
311479904
362277162
45401077
193053812
492349006
210972257
26880567
623524749
469317992
146151582
136158725
246500778
4455683
416285704
99823208
225792407
142829854
608608179
455262125
62740952
34684474
79869744
438563228
223396283
39450708
244373427
107351663
535796606
289821867
728026530
22670670
96428742
7819694
38539414
11314511
90645715
155563237
140893862
108829337
70807532
584670191
170463541
82491211
402073491
300399670
99439521
8260949
84072462
200441868
396814726
94158658
334027836
81738490
169988435
21546710
517722657
169636989
41120136
2488329
12436341
220001833
145203613
394214306
301655676
254809656
154591258
16198835
491415585
1532748
189509177
5026363
21252917
41265477
390444300
14345212
28236420
140226182
220637834
131550687
334480511
49570671
17216445
288364939
306398243
384633490
147761504
287457742
8554604
421179694
555722514
110836240
134930284
30638319
173686921
323456496
46683139
253462649
309738288
54934222
26950859
533033646
163943864
242425225
309370938
186114012
80666540
276583541
211333079
47052816
253365637
31098477
147157111
578319898
143644958
187888831
218050622
575715208
76353202
264417535
79653873
1382159
32544169
95184173
58295826
204612289
20494093
90890644
182948661
58501902
57807162
241405518
1391865
697941731
650067867
131001865
254703981
176083118
90505390
238914854
25193358
194880499
307619996
155283405
300342372
588637222
104313105
8331819
145403076
21121560
151091177
82965093
489855537
47480815
435810946
90951587
171945675
90331726
62911116
4018735
281751711
440496601
33820493
226969673
206281077
154484252
44939565
222789807
29809995
134978971
728491255
31822754
37718227
115412589
239898052
116769476
438813379
435167943
184840312
279644985
170507780
147826848
234227630
18297016
215473788
193029229
145878928
197945394
264165923
189660327
11449941
148694527
80335987
577139457
134184586
651071214
242226797
16921355
13260636
503808173
168042401
343966403
355916451
438608318
176428471
413399663
10480816
197103306
6083503
235750252
158090191
214291393
172650211
688032046
274152335
105241277
28920293
13368821
428404886
62442131
189040657
278383629
193217009
71458519
183909927
107044715
7569802
230151748
345275620
170524443
15890
581730373
455927921
407646735
28198874
238320009
273655540
115209672
318941248
78747206
349533086
17837590
5971303
343889246
76163016
97809494
243180210
153793839
37530508
2233323
581253583
237757661
30174139
82305939
25938512
238200170
247180074
493191615
385524288
346031689
82009379
287123070
182489286
124264607
199363990
82849332
51450461
69308703
583666732
277424126
102473342
258071289
5560666
34692340
684877467
193980926
43610803
220776468
168666517
92040816
177147147
291782391
206064841
28039740
111895400
50526071
270078187
225125567
21196086
119012454
75107889
47872354
54753515
395268499
58773303
20657785
418539745
53172875
251838695
134957481
215960399
563729079
238870039
358172378
535493164
476961359
47111221
34971606
8603131
214297045
225374027
99913053
69071938
402062016
276519586
16923854
22578298
13390155
310111573
440780489
53348410
8762629
186778839
351758950
23724148
16018123
481064226
6618229
623871431
108460065
790883966
