0
9791
203
15006
0
17392
0
20269
70824
19632
2338
36346
7454
19429
23291
94773
0
9929
15214
17938
22814
6786
57250
9730
0
0
0
130115
41269
4448
54408
215097
24505
18003
2193
19484
311641
78905
37734
7014
24119
143048
191388
97053
142180
39109
133601
59124
139054
15093
11776
0
54729
240047
116660
124192
0
134772
331753
245901
5263
94465
12690
231480
5968
11947
59673
0
41659
212202
121663
178447
151979
355925
244883
8206
69928
83452
64259
31354
125758
86409
0
83612
519804
35685
52810
0
90591
73175
415648
47749
207685
31911
245947
51777
28118
340227
585465
109121
41315
189455
70252
544881
164260
313819
85939
271593
412063
28526
611863
71920
49078
557574
23582
656571
78876
465847
848659
84828
163041
99030
537881
90727
943926
723968
85449
68954
279178
52769
591861
914741
210201
264538
116793
225636
826013
172113
688889
445476
177724
236566
509071
127725
60115
572235
1185293
248183
780912
99844
367939
595742
222701
148037
62973
275722
552724
216856
764697
287789
792038
708180
666062
368357
73995
216465
752010
231636
247834
601409
680622
250715
24616
22740
366203
140549
138
94636
1400568
83933
124914
134546
993018
127213
977367
186922
96376
513089
384557
429962
109006
596333
37861
1215814
220454
138683
211635
220164
336310
805055
1298451
875460
0
1031139
287348
12580
162016
79977
71280
229753
425585
165923
700588
1259824
56782
1108204
174997
105966
461101
297342
289401
1079582
133669
6245
420158
15752
462602
999861
171525
309665
364368
709265
281603
77825
297707
858677
541418
468876
0
379608
363856
83338
729530
937379
570009
884540
87573
51163
23898
35029
74937
1033313
394858
194698
1463894
145666
1365185
53399
542697
239785
130562
551475
340163
890411
940554
209564
774069
915294
136454
577118
557260
782580
415147
1619362
859484
1786883
22475
257970
1381449
16597
173743
377676
995677
81561
689685
741568
1195664
856978
84700
530873
27261
1355569
3889
579965
120858
254399
267422
1107867
182227
31531
391911
735407
83779
544174
1237697
197854
490411
359615
570348
516188
1614329
1032524
758176
609267
154316
446614
186686
487686
2088598
86214
0
517621
842627
1680203
472123
273065
193380
405116
931263
1963515
590094
995418
1142158
354846
138683
750697
18067
74964
1776998
588018
408977
7673
728971
2082796
0
152492
1434467
240742
658634
1075599
58060
16683
861821
2020286
84401
21243
491758
178731
2160873
284174
522052
1276930
1142891
544149
1221066
14695
1635677
192714
488974
143713
139726
1249800
88959
37204
1372354
770262
838446
0
2437159
189072
783730
219618
979108
1697384
474324
1012063
1075947
447792
1440029
428398
20278
556808
130597
172336
525319
129667
62540
1545673
1730807
1253909
461475
522393
855354
241743
773550
756279
54202
311286
54600
1177923
462028
113931
1769220
1552096
850985
499559
768536
583444
219209
853037
325314
20445
112329
189015
37758
1115153
1838212
1818743
559179
118736
1988997
6814
1307088
562629
971190
1283488
1875486
690752
616650
1196839
735660
839150
1341317
19939
2070545
1619493
877611
442887
9134
56070
2877701
1548473
327191
172851
544617
199123
397929
354262
821596
82656
2156732
1704784
1186282
66881
828066
34611
988258
2322202
521625
1547244
256473
27607
691014
823923
879340
809162
996012
994183
1214825
1291336
197583
1855669
450542
265538
1157258
1231440
1204854
102588
651291
576684
3015364
1940813
313385
927132
558754
274681
104859
382993
1394687
576541
821017
2516368
791791
1096153
109945
156294
100412
2165355
371816
965608
1513825
1189146
782287
1230074
297084
1415451
235667
2149868
406362
2908227
453577
127459
434611
831540
331299
578464
798728
1430247
250604
1860066
8478
133868
566004
1532589
61757
2135644
403148
718265
850515
271183
173929
728516
305169
545532
1268244
73509
711289
2096010
459003
684691
34427
263353
2725376
1377836
589384
901677
63772
1441051
3482549
1526477
8986
99063
2276837
38015
638414
3003674
1118835
732627
773216
21499
1932453
6542
267597
157572
3085528
1411543
212262
424704
2017086
2427583
515904
563062
2398230
1920314
2955082
3941
80830
2291943
452036
1488510
3361179
69551
87866
428292
778060
1626507
563883
2240961
1667160
1519511
494826
455858
332827
516597
646349
1025275
2136153
770647
411763
306958
1958755
3616006
292192
711616
1891114
108831
427906
228767
2654480
116842
493154
1219842
2574372
1333763
543478
712036
2857636
1115923
877426
919046
1019072
765397
315418
993274
103653
2043242
682590
638773
1935305
1370228
1321429
92898
375
1314655
1321302
1562304
1105393
3412604
33057
2553499
1322123
1954401
458360
737941
1338729
366315
413053
764515
276264
360880
2651880
680312
350132
1531575
86459
1465557
3926553
3511138
351495
2458399
732904
557461
1428905
4293907
704088
1020981
194576
1262069
824924
113929
1311265
66870
239331
1177842
1700912
1300639
96305
575596
2056689
500816
295352
3541098
149293
2196847
96450
2534994
1978080
368522
44851
2174933
4296782
204275
2959318
3767474
864811
2234776
2092702
93663
2032686
420946
1172694
63894
1124712
3402896
791108
406008
0
2561199
2673422
2511994
3645481
561182
4131774
779705
4621882
2399030
1116396
47668
553045
898772
696119
1279637
869779
1568065
658446
22035
20663
3245367
2611837
3931594
4167227
106648
2182726
1536775
907496
5213263
1812449
167849
552235
907033
1623758
1572292
1197621
57888
2938853
2283928
0
693005
2913951
949409
411823
260578
39617
169295
430836
1320419
340018
324898
444950
3092412
1506202
4141838
2137484
2932046
868314
1484107
1334929
575515
3166466
3795605
0
1505451
2087825
3691963
3314685
2401849
2658780
30839
3279511
301798
1165632
1093301
88921
549089
945876
5134851
4330269
501819
1115393
295091
2119586
3120429
47995
1376181
144992
1981264
526882
1377558
246631
3735658
52742
669344
1003967
2335726
2870791
388477
24272
1712570
1917702
0
687545
1536299
351310
570554
1287219
5151452
76821
1019241
3093151
822366
296561
8247
9202
1863284
4177079
3602557
58826
1038385
2957435
4050137
2330575
1573494
2597473
389170
20496
261987
2018671
829448
1185556
451074
1216893
846153
3811725
4415651
2172913
3286217
3397957
5738368
1600278
93591
57751
344824
242059
2129261
1517722
1873369
1702238
317264
889448
3402094
142535
3617395
611969
346936
2267334
1551165
271058
1135012
1944482
760902
3626490
1847577
698043
1723718
2861615
30004
18504
562233
498348
373272
1086319
53039
291457
1540724
3105872
5190230
776202
1044359
1903585
4870
794057
137033
1734443
2685373
5568995
152522
1960868
2195675
3784049
4802028
242526
426651
1843671
2978943
1115469
313741
2683442
892292
737086
813991
4766447
500996
8907
395431
5830040
3207439
318411
1065781
189465
1157849
553578
3872104
291521
4859353
785293
3735190
5227039
3478705
210338
36905
109421
342674
3232398
2019468
1055811
4980934
1717755
2013900
2468553
2368163
3688247
2546862
280782
4018591
1856109
1693482
4045711
305258
88332
730761
1189875
6286
4905153
474952
1659900
405351
168076
4716793
1401102
2106995
1101418
1307857
1661453
321324
1595717
183890
2091348
253341
135266
298076
3179155
32084
2410532
2011474
3425948
1971984
1209865
932446
3641150
2634498
826189
3076827
4539974
777332
490207
933869
3905891
939597
3930537
5520352
121316
54257
637859
6672711
787706
907126
389742
2931106
1147106
150037
4070422
6008614
3613085
22995
4969696
4735682
812156
3227102
2588584
2171168
2221417
2553582
1240130
1629479
35352
2124119
1571132
2249648
3092370
1597063
5021337
2203331
1671698
1055205
1451785
1557792
32347
1301925
2138285
1018457
2049641
4161095
534790
2725336
1384220
7490169
1132023
945998
1333001
282865
11687
2204455
926782
2051924
58907
587661
3113510
3090880
4054566
1230603
406688
1127220
2599923
1210436
889557
1565497
1342837
183256
6829580
6093710
2014939
1432384
2933945
2393827
1863326
2019093
1224149
1544871
1857562
5433108
2163072
4698046
3820042
1351005
2954702
1443097
443247
1207594
21868
2534730
55569
2072940
2410092
250803
147324
138174
7404197
85858
90421
2882639
3407764
4144111
811960
538520
2679458
97338
1618302
1457042
177238
908090
441918
985402
382191
1663566
6990886
3220
1662667
2788533
369353
471336
1024249
2238572
1203004
653423
165661
1185303
2041772
66144
7175863
5369958
376181
4239190
1633419
2182877
6394938
2108043
4515015
1270685
6104464
4268818
4633908
3171520
5153320
6382594
617685
1560581
871792
3347885
687690
2465644
1583230
3428697
88242
5157743
4486283
3673868
245297
1567834
1262068
1424045
323365
85242
1268154
6014867
4345085
3878606
5029790
942342
1664145
5044407
6673748
4361575
1201753
37255
1609049
1274447
2988399
121717
2054836
2149394
3903590
1595099
575381
1769728
557095
35022
4957511
903421
1910012
2196579
934967
3226060
69731
4143653
1086508
5484473
7315607
347249
5157177
1357295
2531418
129760
291746
1759273
88435
1407455
299024
7581802
2083428
2268577
440511
332181
319461
807864
609806
3898871
511157
1330111
1119451
1758007
146609
3049333
2757351
1815173
4901614
4509549
1904606
1347200
1954801
1706226
197572
3510790
151601
5676778
969344
786634
1018593
936570
892956
3283949
1676113
1752508
2232890
5562639
2427619
600299
4806188
564206
764828
745869
249360
4237270
1172700
2791885
184352
6043352
2531451
0
2122864
2830492
1322082
5394384
4838806
1286335
2423896
855019
2181750
3931007
3114202
6715302
1407079
2757781
127661
359356
2677115
599430
1806389
1004308
2793
3725641
4287991
656462
4776176
9607406
8671819
147568
1292229
3839930
2895129
67890
547815
3001762
1816891
1984117
2191232
2616840
5572989
4609821
3410909
3438145
382123
1478326
257585
3444826
1087299
1714339
1671035
3322570
2493058
6180718
4203932
91341
3108329
744643
1216545
4695198
4761403
1791636
2639812
3155551
1589744
953634
4648063
2385941
3980753
2525392
2242143
1995724
112432
1624225
2852355
1284559
8803366
155358
2971191
4364143
1197475
2741951
3674931
3634867
703266
1737845
7191103
7944805
866202
15617
662576
3898671
944877
977401
858495
3113875
6167309
1752770
2356189
122221
819041
6570315
207820
915324
2109907
4250167
2609225
7702744
529365
293611
4448202
7797884
1453717
5353503
1151614
89754
2085075
2242470
1722321
2864233
5693409
9460863
1307284
134101
1051615
3094261
2579546
338467
204692
3826415
516750
184231
129529
671377
3920944
2921800
2428992
838235
1803584
222296
6816906
8289353
154731
7405664
4285646
5866374
9816901
2532294
1355805
1650393
379080
2211876
3868094
4286691
819545
8183785
4019213
6113747
1211676
1536298
809666
690860
783652
987123
1313172
4662165
218776
3671230
1112968
395314
8212660
2305595
269260
780119
3486088
86801
952946
2490010
4800160
10497878
2992660
1948132
1381725
3422070
2752462
245497
4907525
1415055
426166
5627646
1285629
1431383
3713986
954242
330382
919726
2079395
2856
2126836
3178726
4566588
5803721
8213682
8095104
3520662
5093427
176417
670917
1074282
1010377
7852748
3563207
5829862
1797090
4281408
1240360
7897991
1251488
4397358
2722914
5337170
3433671
2196432
592752
914678
3231047
4285975
221595
4063777
8244320
5326176
1406841
1311729
4970495
473143
28350
236166
104567
835666
1754160
60034
5613174
649294
5075344
7931464
975004
4527213
255098
1096029
4299636
1166471
4791352
3198751
69147
505660
1164950
6610998
424139
3820934
2685043
1522995
6148
5923335
3762281
4412336
2112937
6186663
297893
236511
2776207
574409
5843825
1527528
7235040
6687068
829039
155206
7429028
3430786
553277
2470368
1255816
809061
975846
1341563
1205042
442473
20724
1035289
6588055
4758757
136992
6788476
223200
804907
1575867
6623928
3609962
899919
3840441
473487
3160283
5495169
526341
4416923
2703419
3728545
8946842
2595314
8908008
745378
5753289
3132659
1205194
1689480
465918
490858
3176979
767290
4594288
1710347
954720
4247625
1911573
414179
3920855
1821688
11332
5220453
9904212
3116155
670160
1574726
3635307
6163762
4793345
1275416
2409060
4136455
2420529
1406643
594221
6251146
539002
31703
798399
2948827
4579341
7493847
8018147
5072192
1121432
420688
1672607
6886866
2508063
1028953
71558
1135744
253752
2122155
6516749
125982
502118
4734921
2381828
1259418
1553050
87472
4993956
343342
7550574
424559
11517611
3753837
9701673
83644
1202503
2099661
3483775
10225785
5897923
10132992
700080
6402660
7312140
35419
441912
3234305
3336951
2435244
4079798
5957911
1873713
144703
1229815
1537463
7957308
2887227
1077470
203611
449398
250361
349118
6064183
1434296
302783
9395164
8563281
2836035
5007060
2518627
937475
2009733
5243007
859296
8524480
207262
1869943
367820
832966
188611
6989731
5377173
3877504
1231789
1706670
6149634
11568391
3225305
4813753
325218
1450941
449550
1290177
4976583
944027
269355
662965
2388710
2139916
6180667
6846221
810329
2398571
39776
1498438
4685564
7081422
782753
2808356
512882
2324143
3662226
6681954
1508209
3572471
1021752
1857741
2108978
5636559
5680593
4320477
8574273
1501448
83911
512460
55572
642613
1738591
6559206
1897672
6760360
1236633
3807333
4273165
6503953
1008196
3033113
197680
2423264
292337
33069
2410311
1645777
4200840
4286672
278988
2116405
2732547
10072729
6788
12858000
1218744
2786315
5503821
379518
8850749
6330508
6169555
925710
2333709
7873382
982887
8168290
80297
10351109
1712721
7246408
464712
4090936
410461
7752833
23890
5568398
3260644
1800942
1416031
5458013
749031
338558
6865837
2304053
1504756
6603714
3115341
1649970
10658279
2141737
2638723
1293744
10255118
1511958
5263455
567279
765421
3037
228689
2585191
264519
3630939
4274907
8970044
1674754
1014077
5343306
7455372
139484
3892136
1939014
4677594
5734386
262889
626135
402074
550175
3636775
1937431
705316
1985910
4456349
4037257
2768125
1253200
1457985
607433
1306706
736841
8363412
209224
981468
239138
6460642
5559092
8684377
4551427
8404014
11371
7015427
40923
9736479
1032544
7279
9700394
5452966
2363921
7810742
6963209
2630742
969174
5810603
1584347
1156478
6507155
4094721
2461614
580673
4641117
3638837
12798836
1156740
5705872
5390732
4238222
2876397
668805
721447
12166784
5626943
435144
2729559
9752114
24933
1407375
4448881
3521963
8079500
1625936
2176825
8261580
548695
1779538
241822
111752
5236799
290776
6051218
540736
5547196
353789
1174171
13378543
2786603
66321
1478165
6533707
3400123
3560168
5964632
349713
5879760
4890964
2657073
279431
5251166
1555432
5631734
841294
313361
9159746
4479587
69436
939506
1109273
60111
1289486
176673
2686104
343113
7450441
157943
3457413
7495990
6381760
6596947
1497500
2482820
6074871
1426680
7452359
5028377
4653925
6175103
4433604
1368364
1366298
1254785
5525218
3078520
423658
3468988
3363
3194948
8776982
7196052
1613106
1591425
647521
2606518
181740
1899107
9412531
6208045
7797018
1856630
2076812
3104286
1299139
5254553
2849902
817430
2034246
3321781
860473
265185
1623603
3200574
1901754
567440
2244743
1602123
5937346
4099455
775303
1112316
592874
6665255
5712464
608451
889068
7845302
759957
7334664
3408074
1522057
12115833
4755144
5417856
1457628
1098526
336439
121944
7592109
20700
6425848
12872955
2322347
10077223
178359
173913
139772
14452221
1404161
2364094
2022082
4617019
5219927
2211186
5586970
3166566
1438866
2207877
811541
2408582
6942517
3754099
402974
3542815
9742864
242034
916776
6805912
8916318
185752
1190684
1779515
5709851
2809336
116655
3667343
10018845
1986460
1537995
2362157
13657583
937175
1490639
1426081
668291
825110
3327737
9952678
425036
4062768
1977409
5812203
2501394
9059902
9248137
347699
9174218
4245855
291600
13114194
3320248
6295707
4661420
2233320
3077435
1314224
1898200
2092992
13024194
5305357
57013
3930715
5188852
217919
994071
1122481
1907816
2556839
1421907
4423747
448961
816269
11559570
1883621
1105786
4600675
624739
185496
2848144
4772409
994440
79902
11887611
4704562
1870284
9426011
8559226
2576459
3679529
1649688
2441782
3546280
328839
2049866
8189980
1431199
138515
5770202
6327757
130868
8433178
5626135
6134706
14479030
3629434
4343174
12686725
2423431
4876769
4705908
3739697
1156702
2792472
1049956
581170
1611426
2575499
3541036
311501
668041
2692311
705268
5426245
876740
1683906
1393794
7339886
1821481
7907441
1883335
2762646
3083950
8154
6356499
316173
6356021
248916
3981284
14592580
6052227
2513864
121085
14761066
3356719
3484270
9175318
1336972
8216438
263470
5704343
15245090
7887969
6007208
12853357
5682188
6350832
11523328
6615478
3000151
12837370
6978700
788807
4546933
3936184
1762283
7505
2060894
2395470
4923278
2425156
5126968
1334669
4761009
4793296
11282024
3510706
1351215
1075747
2493294
11067805
575771
5110153
2824199
9283634
5560667
7613583
648506
8334344
12138212
3070800
6219597
11346179
7081649
164300
523078
13407936
9027013
9213717
964328
7750525
1742792
11118005
2932603
8050237
2396619
5176133
3304980
12714460
3561608
6949208
141730
4376689
6427450
11977440
94258
4955863
436309
293546
5438632
4465431
4306596
2517005
1004213
4647525
8589962
14266439
3432569
1753378
15473534
4488111
11308121
8461523
481300
4183695
8418331
6236607
1329308
925687
6043431
5592154
10030554
4453983
565614
189047
795376
260879
526291
2773279
2109641
11253529
1064212
2445405
1367171
174530
3497851
4292225
1339527
731589
5621304
6284170
552978
3337701
5761098
1911058
103584
1382316
3964995
4900239
3562889
249715
4556541
16579077
2472305
2870661
7874657
2544128
4969326
4995824
5595201
13454805
3904243
1340158
419058
143272
2271109
606522
721092
2619749
4796039
5732352
4205719
2417142
63283
1036625
2758876
734141
12646015
5495152
10026060
3461954
12836976
7357023
6415074
8591183
8255094
11420082
720726
583558
5034137
2777037
1421685
8083505
13605820
7684298
9147808
803879
2365839
6544056
137967
13081793
100778
12710807
6499732
1092590
12822703
2811892
861974
1113903
256705
911523
1248489
4611407
3631283
4873362
2052370
3254226
2465527
5803326
6389382
7382317
7142541
179262
1206297
4154604
11551058
2130461
1873312
2273466
1503845
968781
1016530
585092
7657536
4700376
36250
85771
113294
2760996
2294915
1480066
7844019
5528122
2064852
7689571
2653756
4160235
969329
6769528
6729594
918493
3686718
4037029
768225
876593
6784951
17446675
3446945
2495821
1130536
5830034
8294689
3987393
4819430
1883402
4659061
4470091
1232553
3180855
3323878
6621792
2223360
11030678
6354112
2035120
2749101
1114454
8941506
5733885
6806973
26440
7686401
1424993
10848090
2850447
3070429
3915496
460583
8278392
3326580
1511622
3888171
1255828
768316
6054893
1262814
1329804
292890
2160378
458476
1394063
6636979
5683804
2501912
909066
5844106
1383125
4489115
2709714
411581
4581311
6191206
2683228
15582036
1131541
9012272
1467658
2855484
8668782
15949151
308001
11375944
13955089
5145381
9420738
17645194
2517641
8333187
3987283
403195
453408
3269668
351689
3750751
2796259
4635100
6904742
8566961
535188
754252
2548326
246976
8520455
4065539
7798429
6798069
9884741
8905993
1644018
7575238
9860
560916
3445049
3735134
12458644
6727994
10992723
243425
1835607
3318403
177513
1668392
6354566
3871637
34206
8193829
8685172
13416423
7703030
16730694
3347125
4195167
17159584
128495
2445916
2807320
2739143
5443792
5244611
16188101
6610247
972874
457225
2062675
7626415
3501219
18213633
992687
18492818
9851004
11172404
7333923
1071942
1452356
2181348
6780518
9269496
3503840
2114873
1319290
2742581
4190244
559925
65532
368932
6103977
6058198
1472567
6486974
3899637
520747
3007410
1707700
3934461
1768018
2868760
5960925
2535978
2230688
6904283
10106665
2751735
2054396
5443868
13224783
15046493
10725431
8028906
578759
1283006
79515
395364
2800776
3065385
8138964
12642091
1136148
554298
8637704
44231
6190742
7323521
1396961
101084
9549648
13321666
123728
5611180
900812
3452374
594307
1603717
1099574
1693880
36331
14158226
4368655
13451356
1937406
1668149
10864792
7912064
132138
3932012
378663
5018962
10786946
149595
3935911
15675793
4747858
27683
5403742
7440962
9247339
4322227
10157399
22400
2146492
1988288
4879690
5459421
4248681
14284342
5046762
4376981
19822364
2962892
1531968
4216715
145893
4849888
344282
386730
467682
1619376
10810125
14189785
7501619
11574478
3829532
3381172
8729415
5164098
522111
1419895
7986340
4189849
1271201
9544816
5966645
1039227
4816045
5688292
8310238
4577447
2689436
2776020
1940694
3877548
731784
503269
3992620
1398106
2593011
5610151
13930464
238223
4115667
330219
12842305
686098
11887084
12144766
2423436
1226975
68181
18252979
5580269
483365
598040
10370500
1323084
13718629
281167
4424911
1266893
248238
1588170
1767838
4783137
4739398
413842
16522823
6475378
1404770
2723481
447463
18783630
1326767
2751389
3788605
598261
9700143
1338175
5661981
2347673
15940057
0
48726
768598
5793673
3146537
9294932
1953878
3784827
8090092
904240
4464377
3905287
2177020
8162237
1466336
4546575
147365
5064895
2726364
4194617
12938893
5196644
2616480
4931384
1774278
2344721
121474
3296181
6618887
12203154
885756
4714240
6450316
2719361
3727715
2364813
6379912
2330435
1189590
1566158
381235
5352249
8563856
16181810
3689243
854432
1560410
2800580
345286
6407503
542595
373459
6029252
4226135
5812238
8428914
1051386
5647762
7485305
1275072
9543376
4385865
4633987
275845
107360
11205219
8010891
23493
15721322
9842285
3684087
1034005
5492857
8079775
1360841
10040843
2434634
11952238
2143862
60924
3969921
1875962
4899914
19577303
4243048
3638408
9989355
8063385
6731318
3605203
4042296
1346283
2517105
922796
1716985
2186691
733876
5908056
3252368
6255138
918815
1694622
2287009
435012
451048
1098178
16322231
9914581
1039627
2646602
5417823
1092422
1657381
890610
546694
8973707
634201
13117689
3285994
5541782
914800
2803824
3955596
1517592
1214080
7664379
1863918
6691735
7767184
6960799
398738
1639575
3166887
455023
2743392
3680863
662845
46013
2365768
5483985
8433068
15792954
5328248
1409486
265019
9879409
8688919
12944321
8967733
1968310
8932389
66668
2925703
3616173
6708125
2175149
2521872
16331381
12483862
136952
4176317
3096650
1124579
3263975
1451875
2683902
11752737
2892118
7109991
8233070
6359856
1614795
4033004
148727
3915512
6327432
14414693
12911476
114890
7100699
3841528
12417057
1962330
186193
5782908
253051
4205710
434691
11550003
12925920
16432321
5028100
8678367
3907705
1450337
7114278
8285382
6236520
5163665
2923360
12479465
1637164
5153852
3821756
11793563
4767550
4342350
4691065
0
699877
4620644
154787
5484206
3978340
3667064
3124259
12980526
18718856
15432337
8625645
2114265
1460496
6082979
9231390
5194797
9933480
1700885
1279325
572313
2374794
17581502
601523
3186151
4573099
246737
15061510
2643072
176966
4161639
10779440
14361486
3947528
7501151
9180723
10009679
10295237
1860907
1487756
765613
100744
626113
12626026
8193809
2294178
370023
5311008
1047603
107376
3498807
20474660
6688721
9242863
4813381
1178488
1102367
8187079
840878
7524573
7934279
5808429
13730029
13571316
2259869
12350425
13354152
1767700
6064865
3886225
11200142
3057030
12173840
4920625
9084837
658777
908883
1859067
281805
12016176
9030186
1295188
374023
1748599
712242
15397280
4659040
6956425
46915
5406557
4622988
1075233
22199212
12909571
4028935
18196523
1297378
14279447
14550821
6957702
12179914
2526236
5492224
679307
2416543
8038076
2884780
13906060
12022649
1610850
5732557
4123710
8088065
5766646
14684349
8332822
6541626
7039052
2902471
10816967
9367240
9908554
1480584
8339940
13273381
6760174
4693834
112945
6049294
3289477
896973
7641910
6197758
2603076
4045848
7354472
10451293
2916211
9915542
1197984
12930984
17369583
1911338
5743913
2124036
2397035
4242340
13864741
4503207
519103
694332
9491857
1108004
4899586
6444144
2643971
5887845
238528
2359957
7518409
10998122
3876335
5506109
7164049
14292007
11946945
3592068
4109674
10635816
2629848
11047409
5401026
727109
13935265
20722803
6444202
1085058
9840382
12576863
3323728
3045164
7024154
6039485
605028
2877069
3251706
11965275
3775808
2225841
8753079
1396069
5907908
2305188
3206321
386882
14791626
21018932
367443
2403289
4304412
8541786
7119328
9161923
5996632
4844164
369910
16754821
3982671
7897956
595173
4117934
461522
2484883
1209008
3471141
5279428
15464297
12614077
3219230
3047913
12428014
370284
4686105
2817440
5126339
501132
5215395
4278767
9712676
3549953
20233240
2482676
4278454
8935247
5423262
4154591
17052011
13758108
3245550
2026897
1069770
15300643
2069927
208171
5598745
10456082
313442
14306558
11927402
6613673
1001697
11331438
22804666
9621084
2406289
7118188
3282989
2594739
8751812
147679
6541371
551842
4635350
15879706
3517451
16101203
11583050
5693936
1063959
7822556
12480812
2194732
11995315
18210187
1474666
10657719
8027988
1071248
4499970
317204
117130
7920459
17729017
1783703
5777442
3945753
3791109
15001239
10281627
11944497
15848552
4381602
1557511
9469572
12310667
6390066
0
14312558
2249737
24287793
3464740
11428514
16460408
3657943
3782564
12232030
4136621
7662529
2797200
138597
14717578
17591831
626518
20917214
507497
2549279
2088846
3652427
311645
8888164
4177956
1606938
5288164
5090993
2466700
630853
4533470
3454833
14876984
11362974
11619182
1053748
4937555
15818573
509687
8049504
2131521
15210333
16676039
9287176
3203049
162495
18777954
4575345
13911545
5602706
12068097
10834551
23533780
3077226
21712241
17913909
313310
713722
24340908
9290092
117558
4081711
10038167
20446573
2569031
8942619
9055477
6034803
22396563
928799
2918419
13082762
12265308
14973579
3425429
3253770
5874864
1024418
15818298
1617855
3959876
6003918
1907790
14379222
1755475
919136
2736878
15659549
1483614
4437727
14584642
632509
3449917
667160
9621928
1699917
4191971
2774351
4317282
6379301
6909774
12087056
12025750
15812128
8188510
11543530
11731543
2574820
6097594
12836230
17278992
11922329
3661016
2086195
690301
145613
8970730
8547652
1830327
9923929
5095488
1700042
1339526
16499333
4594705
7569884
21952
1643548
527036
3500794
1407789
43088
1405481
8321186
7828527
7240977
6593818
10143966
539151
15811897
15414611
12442073
12322925
3847371
23303140
8693676
964357
421051
17764525
4059753
561608
2334406
7854880
15605999
21416800
9123324
1950943
13868435
5558931
18641961
20798143
406099
555230
1184561
6720819
15375507
1408834
7210453
2511350
6874391
3748573
22202407
606617
12116501
9483027
3204820
8933344
9803758
2396409
1218771
3895559
4327968
4584313
9393625
0
12827369
1288683
10583270
8582683
16991632
6846286
145454
10280847
4913299
9874209
11596976
8970660
5993124
8541587
2227321
6367300
8603669
1725882
9928799
9681661
10507807
16159482
9219582
12615602
733221
271434
1551276
1603807
2739789
4347588
1982029
6126355
9739147
1481627
1903762
8491924
210501
7671362
1412792
5529619
23396571
9244159
7959080
11485402
8436558
12026735
3630238
1391356
1177323
265744
11365460
1729510
555631
16173901
13639287
1543257
0
5520708
10726077
91237
7005619
7660090
8075005
9662515
10764993
15478309
947581
213938
1622225
9460741
18711725
14489542
4591594
314031
64265
190830
19265181
16617984
11336614
3802140
4374218
9960441
3031748
12445460
8087764
10386442
16680860
165113
15589774
17992430
10849888
9165255
1216416
9149952
465494
1854763
1899941
9470983
11478177
1194055
12650079
134490
4766466
1962711
1172847
20876347
1803662
26792543
1600871
8801434
1144737
1472958
10729668
11205455
64860
4014208
6933741
1095181
25110238
787840
9556358
26720
17602532
312540
490973
84198
19881
6102043
418800
8616926
2423051
10669368
2143972
1968395
654797
6536940
985899
969790
1975980
1737558
3474720
84861
8295404
295072
3645841
13471852
2646311
2482353
2734890
484778
1315921
4439507
13144111
4228845
584488
742604
6875072
14650140
4167959
9048987
956615
3349987
5267204
6247061
41733
8082169
1091037
18195295
9086862
5904687
2916997
2314047
7981417
14566822
13748647
801365
4921548
12277424
8568906
409887
15173593
6870123
20328971
16732780
19085868
11488702
15363762
5058509
10826827
15445463
11190926
6536534
8113081
1791011
220292
17144149
4281663
7856913
721176
11158038
11869161
11687645
13683454
13532965
1795392
3331652
18016446
2293224
2815274
1526240
3901435
640993
5032310
9571223
16133907
24567008
7997214
2070435
6264480
21570023
5637781
583829
10558180
10824309
137174
5323104
2117737
7660468
6331203
1394039
182432
15073186
913671
1287127
6157490
13421552
464204
3471550
12476583
15523569
8620180
3339948
10715530
3643244
3835203
19039853
672722
479353
7783741
11667209
2844102
1065743
827714
4691785
3281714
13158185
7104978
3626315
1552461
3347198
666679
2753595
4136426
168284
206773
4937378
6111072
9375204
12463408
10730417
15557360
7243983
100309
25855530
4349674
614933
6714209
5734152
415208
6506265
14454722
13903415
13294772
10916682
13850957
1184305
170611
3574784
6025129
16901664
48338
387583
3263402
10565846
202995
19018783
5016023
9591810
7536894
12326074
19412294
5541720
904776
5449317
11179230
8550773
1445155
7235574
4061432
7387497
3509242
42752
8985291
9064983
7313219
922814
2686159
33736
802040
15516565
13211925
8868225
24124431
4716504
17461694
2234582
10270272
9280822
11312961
383927
4852342
1056207
3073901
4070253
20126712
11390397
4330973
1238215
1695763
1183207
368594
15314232
324615
2762631
2750818
12810941
5148585
1975709
33682
13727183
15213698
9805933
9015641
11464396
8393468
11062433
246452
4899022
84102
12015598
6872873
93902
35826
1444624
5887729
7024615
1256110
1951605
6862427
10554213
11798338
1243459
683308
9146112
584145
18541171
15180134
17287380
11356166
8127034
4483108
14766454
12742627
1731203
9959242
18805065
947587
9311671
10076993
11032107
2924701
10340122
25544775
250342
171210
16144409
599854
2790604
2522963
355602
6574899
2819862
412771
12752079
4639407
1039628
10093107
10825111
20672989
5319161
4510267
10389756
1644975
2942935
3032327
11537900
432068
13322510
3812945
8928539
2105286
14271673
5416023
6385081
4033559
6848800
2174093
26000708
10156136
15081
12448303
615906
6276267
3140673
3937925
422262
15257840
5841466
8892391
4133125
1978745
3903481
12675239
3883563
4566866
6384391
23557274
23033416
11106885
25668277
1540900
10852765
18947154
15924922
5356790
441537
17892595
6607968
7398640
8183357
599406
22451168
112646
1626344
6941035
25221579
2267966
6270555
9045139
2312813
15695214
2841956
18406694
16820151
8019485
5884578
10985462
20768005
3400398
9301512
5457630
13510290
4952843
23649940
3157406
8832046
19875596
11484435
15640924
22139093
5625298
1393705
4179531
82741
18372264
21319134
10792800
1195743
731140
17021309
18105023
4566885
16530219
5225483
15836430
23115210
7347887
7095993
1302816
5175769
8081589
314918
12021431
457106
6832193
5585953
909634
10203148
10884344
18778685
9292253
9772490
19380605
5131527
1938402
1772096
11804045
26759859
7610001
15090465
8414725
5853357
2321334
8862317
1416618
14134192
2587302
890525
2947753
11664404
10093326
4768672
3421542
228409
14432893
7854934
5494991
12855356
9811
16462183
3664010
1981667
3489769
12518647
1007654
11609712
4919464
25523173
7755158
21314221
4599317
1283602
9734600
741364
19597737
5960222
16011637
15266685
8664257
11510826
5997814
12271886
7216280
20186323
8435489
8000668
17827766
4164454
9342416
1460349
4456393
365540
19382680
2724630
2286602
4016237
3698833
5642241
361167
4100429
21411274
20374727
5389622
17097719
11118065
11182102
5432371
1075670
16771341
1818
3683914
17375578
23793266
9201947
1576376
351088
609252
4894429
164925
10330988
2122395
7149793
1347806
18036862
14885313
1750738
566936
1807362
11142188
7900140
866887
2105556
2340093
2247638
848360
6896827
523880
106872
7887045
4453325
21046586
20644094
7117240
5612797
1513732
15618548
19171090
6528597
224106
3287864
13657977
5294923
21319567
432630
3009086
12502975
1955052
10760595
2625757
5668269
2079990
14226385
9237945
13222451
10513249
8055
10055331
24219162
2292042
15113634
273567
22642346
18060775
4962786
17919897
582456
1059040
2160348
3735114
7391738
1814788
9433150
273397
242973
1032584
6004504
14832040
22040192
6076135
10495624
4891697
7119869
7258193
11739427
10928869
5403630
559411
3858275
14918790
9965437
7049861
16275868
16867635
729756
4224426
25170866
4659378
295824
9461741
292896
511354
2503267
6164364
28077193
18242694
667074
20806539
7876464
28299903
3631156
5313753
13124006
6671010
5610472
8680026
24005526
2624667
4548890
22834023
2100782
1348944
1266048
1034574
21679963
6411660
8382216
3244211
23395462
11118593
3830394
562251
1689234
15096987
888688
583017
9946416
879980
13908474
137781
5665797
15208119
871053
1549992
8685250
2834698
14731883
1385225
5395761
3183547
20203092
8853296
32532384
1667896
1618705
236965
30998006
22924274
16208956
21476307
29026992
6680810
3636648
1427089
1104590
4866373
1343542
257697
265752
9161769
1707071
892621
2153893
7627075
10816423
19785070
4486371
1265976
18305022
4967394
20806048
15425789
822655
5727238
7211231
2624540
1727012
10777004
3661609
1310766
5761584
15081439
4313283
1431750
6369382
12773292
20218763
6923723
7748658
15458624
3797024
1895884
4054085
141292
4808027
8556877
4918725
2554912
9437268
3831917
4310885
18951660
24147103
6658477
279736
7581716
4691854
5252916
735764
11947827
13927434
2372509
9900774
11613382
3444030
851005
8621220
1307124
27712283
5495581
14020039
1693756
4552212
2718316
2851031
9710741
26186292
30232074
1414359
2891051
2188156
27759936
125209
8506005
2895656
14867526
4379859
3903807
9362589
6633296
32450213
4608570
6049328
20821948
9740291
1737294
1611764
155655
643570
13479209
1799300
6171052
13562271
19145480
7976830
2075036
8666227
3527355
2998232
511121
2919150
24846756
279049
1330323
11390937
2310774
0
18939300
4253290
4488130
16408632
5420764
6583993
5384476
5537341
6277184
2659883
12406285
2090747
3263791
6366616
22511156
11163009
3881740
11599639
11047178
2564551
5308686
4647315
2776028
21393789
254888
7563670
16387045
25292270
2181755
4190735
9031955
1150427
22641332
1396832
5572162
2059391
3377702
2017485
7159275
12737589
1020519
2079851
14017706
1810861
23652508
3764171
4506021
1610115
13016646
5991495
6599269
22338015
21518349
3524367
22332613
6680096
2111450
17278280
10270982
8222848
1447868
26447485
4718058
13714943
5310606
13842298
20421796
425426
16727664
2069934
10006635
1591044
7265486
3709544
6043432
3240829
2981696
2888463
23074432
14148442
2739802
131861
1644949
1323947
829393
587320
9525913
12421901
2977611
218846
22737759
6076332
1933740
17249953
11271254
5991
11706623
19399285
2371791
19233203
6036507
2248951
3629109
5013407
3501682
8539158
742607
16376800
10815528
8869047
7960700
1893105
17293
17996418
4944914
11366770
9724289
8195629
716096
590555
231467
11436262
1529189
1747291
3454494
23405837
1483313
142961
2507395
4182058
464281
1326823
7066275
21234822
3039812
6090670
18342278
12041597
8398601
10620258
13473217
1935307
17123934
19289127
15787078
292428
5390668
2150060
5267693
7851221
9778593
3959686
751851
3232115
1620150
3311732
7362227
15685663
2726226
14848843
11973771
961909
6498517
1317513
22485542
7744695
7112797
22497194
16075646
2261069
8219248
1730956
20380651
6675726
12040774
11090033
13251504
473837
24134565
4123868
26957205
25935571
14453374
1169094
8135891
2045284
16750851
16055019
4016070
13604366
9537702
848269
1351540
22856847
151037
9413248
10629636
9763856
1475388
3348022
3037941
20082187
3514854
10796523
14830520
2172721
12972964
12532475
1595059
1313363
18164666
174743
10610470
6404083
26592612
831352
163757
181883
17013735
3160451
1257362
19386940
12597224
17581935
7263771
16706524
244501
6109891
8804856
9894820
16728681
372913
5018102
2097846
599582
8727739
10898041
3164332
11135553
21684170
6551981
11623211
167563
724671
9424344
2630917
786288
10419552
11775937
18482914
20774555
7357072
532056
1853429
17212648
2642566
27889544
212383
17767559
899058
20623029
13505546
1139134
30733113
8505443
17285040
12225256
5891843
2396580
2543356
9174525
19678865
16738195
937061
2542438
144724
15558456
1860891
9812229
3559557
2053806
25476992
8121773
1232107
4321264
6106805
465910
8864637
3692393
4063668
890692
16784201
19403744
7971312
2640179
22021546
12602480
1048308
187191
423299
2071559
5492994
3668236
9536951
11576355
1426906
9631502
34005861
8775082
5201507
4810590
427613
3743764
17850441
123319
3969734
25065992
3917426
8396577
21748506
821986
3341087
21533748
1899319
17854243
13871057
9282192
875499
503488
2118960
208730
13007538
9439781
10548799
2543266
17719323
2502265
18959666
920987
15371974
2956452
25943954
12905206
128004
16890181
5902283
13411358
619184
3093664
2949215
9400061
17526940
14767251
2758343
6282370
4752399
4631020
2045145
3655197
11759649
28038027
3225087
27999830
19239214
36021
9591306
2102666
3485939
8996743
1800004
18642773
18897804
20311527
29218108
813044
19598016
10656165
3066936
3122818
12554737
8304405
1068115
4758309
2208660
8939197
690520
29202060
24015869
73577
14818636
9026490
10290492
2637766
14550645
360067
21074690
3273580
20320802
14632340
11855730
17569606
5740905
5705626
4326053
3985128
2509633
2542877
5736409
9736179
4969792
3924422
1579852
12507474
0
2426101
1309546
28407905
21885411
2158240
13274051
12819254
9935016
11122168
1958408
7199451
11704918
23447708
27697405
7015906
32402266
24457901
1579368
5968422
1297790
3932730
3841928
264714
9229820
25158719
7416053
100958
33125501
356782
2338396
1847832
19116079
6030374
11274281
165014
22588086
14408254
33130559
4672312
8309016
2113920
23422
18802799
166294
5804206
1890242
1103551
25116653
15984900
16881429
15739762
14844900
10857642
21696705
20779338
193369
17528228
247927
5999563
11370055
3358332
10011010
16180417
14137506
6111176
22255069
14537679
1345972
860467
11733
11224109
3773141
9641956
3090902
14509804
6229048
9070
18049294
3553104
9766947
22421773
3508921
4133270
3145947
15347739
2985077
3162761
1692034
15955801
1050895
13175090
1145875
21245740
3500356
14652105
36085346
1413739
11707596
1374183
15481917
2359660
4450794
1173981
3911330
984906
2444360
15242388
7701016
9469483
7325545
21395348
12437532
11799748
283071
15143617
19869388
6390785
2704339
2761703
7799289
13837351
14552171
2055211
1736690
1895997
499048
9677296
860589
9059663
6185579
579435
6349496
4237508
9842985
8411664
1256043
12156486
2603224
4104418
283852
1081648
13164648
631158
16735734
11221639
20548898
6984122
3136491
2377562
17474513
15298116
9030025
8436054
20867551
21038240
2025265
7058408
14210577
21869528
29945419
6945867
9915628
21967850
10371477
92966
18785156
20952
3098915
3957654
651244
24118659
3250547
11826718
1694229
4019202
14981648
2930769
14244883
3995126
16465361
7659320
4209633
6366502
21891762
3009177
15163560
6800982
2742255
10631495
3793167
16545616
5761695
331130
1250960
1601508
11815723
794065
14845981
821368
81776
1860562
2332224
3098514
12444765
9236367
374747
1564732
1678045
2272006
13263665
4854802
1242458
1265854
16795606
5094954
12238755
7637834
1664557
1164102
28969242
13737791
5598904
7781639
3236759
8759729
11447551
6177118
4600368
1776951
5401366
6153009
13129180
6556088
1579570
834814
34780906
1225210
13438257
2396978
8369527
25878994
5078672
20882182
9844198
2043117
653620
7941596
4978083
9333567
4201844
453891
1015250
10791947
241859
28108392
1888312
1546291
2703765
1397966
17310546
10063061
967342
7159656
4096125
31403192
1123777
8840522
14774155
1322829
19797881
7141403
3898885
18862448
4320682
3473328
10588169
18594768
24251379
12787851
34408826
4370210
9924572
121365
13885523
25304624
4199370
11795972
898934
699417
15502499
6686729
15045375
17997965
3467882
16478512
306352
1899680
1432109
652121
11284680
756404
4568546
9739893
1890579
1090442
58226
11714881
1162505
17069064
2483374
4432239
10922300
8060510
26588598
4257265
2768259
312063
1125209
3114559
2445781
8873776
1971881
6717985
3865526
8778681
543082
22603855
24486698
11572120
2289140
16931847
30476584
21139634
15237643
6451329
10051711
1125579
16884989
9399748
17520761
21367469
25569144
5868624
5661523
13168388
1521990
17492950
33607582
22148351
19743252
8388791
1452448
26042187
11185608
1346451
3571692
1337748
26789150
415282
28481534
4821833
3918028
9140808
20047481
5604389
869335
11164866
1601379
3444920
638184
11394453
605712
2126891
11046613
3448685
16883181
1407436
35940980
1030056
1779532
33282012
21027344
11151468
17107212
2677717
5061218
18380440
15809545
15612222
2904761
26428960
11925583
1090363
10531372
771036
1038377
1299584
1645479
18832045
941249
20410748
14406406
6261011
1911705
3643890
13413802
1701172
12869034
22220462
5327061
20433461
8531896
1562740
12815787
1122654
3460157
10444437
2953653
10747113
22665758
13411713
7789074
11640774
5381618
9920481
3858192
21827307
872797
9451453
17449593
5123392
33213360
3357861
11095961
1024199
3367599
10706855
16339751
17800946
1726095
5684633
13175554
725881
5969608
4491114
10345750
30248396
8771205
1429250
1317397
114941
10047865
4994193
7592619
22732542
12261306
5945086
16692296
5679099
5178996
8505096
416345
16990949
13025637
2252198
2520860
3570575
9081887
1913251
8793179
16225097
4877681
19831338
19581161
12849323
1656575
15900840
11057894
3539832
7485160
1870070
10156883
6710107
29590831
619533
5937814
12063402
1821889
56055
6373992
1312535
44598
10689525
456369
3656582
2544629
19898837
988438
5952054
14965114
22660441
11834371
8177994
309661
2530901
21925463
4109773
15679750
4182125
12646030
11795436
7356636
15099108
4531391
1111973
1045620
3650442
12077105
14558982
1056645
1887950
8999966
563391
14129685
3034073
15640501
12447
4815075
14859616
18592778
12596574
232953
3208558
6053028
20815793
17078087
8936285
9329748
6884483
29071709
2886477
3985954
21087346
10789002
2922507
5139466
466245
9380906
2814680
8482107
309142
216661
35079579
4522752
11565654
12828821
17327362
1310612
3649730
7136203
11021007
8145963
14051966
11577316
12461837
1648110
143858
861123
15235549
23128641
25085615
12046693
1728285
2887076
14026278
1004467
861191
24135711
13530397
250457
7797780
3918702
30439780
996561
5461776
6550355
2523683
19973733
36471049
21535220
3633994
18823573
17718138
12556184
4896985
7589752
29587090
8185182
575120
29700668
13184094
30084307
2809659
1305315
3980935
2776400
10591798
1864976
742558
2420657
722293
17172104
13913822
33289455
6783505
31443353
2410492
19655400
2589932
351119
5621387
14825311
16670200
36285
5216971
2880273
3413540
28871605
11467012
2696393
615693
651830
1907023
23400891
203803
4601477
16111707
12583554
15798696
11910146
33035502
14220105
620940
29849074
140679
497301
17926521
3868822
4193248
17834370
21403519
280801
20601050
1625325
28082097
99330
296520
3353632
7189247
2764572
8161679
6191683
2323482
20747490
14810121
21810852
11872678
21094188
29614376
27735893
7650749
10299441
2787727
9703565
16280971
12769180
1265703
6052474
10273125
7420514
26560269
20833738
19236088
8141769
19484485
23704829
1758254
9752797
18079799
13416417
9232399
3012713
11434661
270636
21968713
14850172
12169597
1260016
3252868
7474894
427507
18531
5704427
10943570
386933
23369627
6305018
8774371
2215257
4877082
12078449
3348850
22222365
12874714
3098965
465668
63599
394559
1838211
20483612
5636235
7714698
12350788
3975273
23089945
30290994
1020056
27458477
5704714
214669
1103304
2561455
4265044
28966527
7563618
3487252
12715797
279983
29244576
13035121
10627518
2803975
16839416
27786517
5643967
21003985
13377763
1442098
23158312
2231982
6509562
10810531
21666990
13546078
4007967
24913721
8504182
1709691
5960335
14624850
2284615
2302519
192603
1963949
18857323
19625862
17032594
3889129
3753477
24549014
19659647
8119309
2650906
8114222
75486
16111116
12643749
16764499
7743609
18714709
14548059
1808092
6222523
11305291
1064479
7560050
5895689
5161068
1187517
8195816
16133847
18501077
5860077
818168
24743075
1717647
285550
22327450
190591
17591312
15792958
477751
7225274
2572143
21228543
3404520
28029418
1181205
295899
17173109
5864387
12058610
11490870
2916531
212887
1008725
7707787
17277119
14686005
3099543
534570
11510986
18087296
10572675
12424501
6798282
19979784
37943478
11334498
14783310
203560
9190531
2783986
15286337
1965454
9951097
2279525
18486079
1955161
7891401
12025500
11263050
8511857
14188898
1819849
11155469
1241389
1171810
9355819
2600677
10144173
15988412
4085714
15468016
3623496
615434
23209467
11082758
3200048
7266162
1315741
16253252
4475569
33028876
4323484
28206779
29679444
24720158
14692046
6500594
6728718
22978081
2493163
20293561
1248525
7032079
4688511
5392778
11624674
37803580
11923374
13100144
3158346
6625556
1049357
26368521
40722585
8355541
100551
11360662
22612210
18916
15857781
9963859
22512931
4955616
10386819
5100740
3262935
32425270
8790555
599426
2543676
12632827
4041225
17214
1218687
3931996
15580661
13112786
16522425
15144696
38071685
23715545
10559733
5070762
6588602
1703725
23750265
15778071
36814472
13451145
1878760
1978048
12991023
1644776
20061666
4642283
207621
3316386
14710100
15221858
23507038
19053305
18344695
37323677
6755336
10342199
3337755
492873
7132574
2691801
28819688
3191039
1857720
12027613
30465983
8839392
26258492
34327995
24792762
27850887
321723
11968712
16121743
35808730
784106
22383216
3938469
138469
7582180
1542058
11680982
21909036
6364541
7706806
3008552
5442833
6550176
170244
2128533
927618
5872991
7499125
17098002
11649520
25497234
4671301
15140622
1420645
15542205
4603897
6167949
24187247
28343294
7905185
3716336
25056090
11040120
11586612
329050
7394432
28230261
2652427
83512
12996848
11297798
11614709
11008986
30140607
12683821
32452923
1737736
9181228
806097
13966157
8427773
20564412
33460346
28052739
17419287
3718047
2128787
11603250
6552860
13489881
7661843
13981399
29331649
18172602
27298624
16140204
19270700
299135
32631096
4476169
2387003
12519900
20815609
396940
7334792
21948308
20449363
15028068
2880686
2586771
5915477
8114437
3491368
5350231
7413792
4008264
472036
19005349
2131444
637868
139054
19550822
19048749
18292977
27300
11455904
37217162
897777
22566018
21109071
6393485
7808959
1329524
3729336
7834006
16727396
33061207
9645126
4544556
8421914
6098448
39935014
3440736
13199464
5621189
1506724
5482782
2578776
9087746
23291772
496670
13073800
10575628
6854983
33350870
1923588
39279672
9166664
3445410
19611100
137868
1302581
8810439
21484170
6193935
421041
2164451
33713340
21588207
4375929
1303091
2238236
5927964
7278195
8477288
1544055
4862773
21346
854286
24264470
12930720
3494856
14532020
3484294
16866970
213468
13668658
16684862
2103261
24818288
6152114
9167911
31161670
5530770
9189745
6756910
9920621
17325594
8715424
16555291
37155408
8969728
1492539
1041302
26042270
32923752
12766791
14598162
12077662
7303643
7523795
10235034
5826260
3345520
3723183
12156866
5019048
25378861
30753172
4397108
14367342
14789264
23525335
24859726
16031497
13962079
7211989
8374887
20407756
10940451
742938
2940011
3145613
16843148
30672962
4017127
8900909
4417612
2302612
888189
28994084
21645147
22594967
3609735
13690528
36526744
670610
2263191
15151158
19975379
30566326
1023324
2050969
25183676
2837035
14615521
9727103
9917675
22297868
16079992
4437224
31932166
4060120
2835857
19217741
2672850
18562975
1686124
12306930
17432296
20242218
7837669
108249
39521989
7077506
1303372
23675873
4909628
13668212
11378207
24120929
27872629
6417748
12898428
10029065
17324224
9250362
2131061
902996
3463904
5425042
3402806
16705180
2663754
130051
40757909
3154608
2406996
179208
5889658
455933
392133
8045814
8459543
7019124
11043740
4182046
1163322
2798994
16440484
270628
12473125
1829814
1008468
14259079
22868546
32107308
29492696
815908
23535586
14522222
8913972
15089009
6924173
13881080
17564870
24891042
94864
19768396
6268390
110132
34279549
2721949
3991107
2382318
5474517
4268019
15067480
1263184
42554500
623326
5637490
294009
1178875
13399535
973536
6978474
935415
24804859
8206613
543876
1027553
163186
6065988
177906
4654243
40996908
10711589
1024471
11218201
20886072
29868599
17616057
35079676
587018
10077271
8022128
9475959
12705453
9579761
4027196
954683
14892513
24572557
1564810
2632063
2902050
2016670
24862973
96603
22171373
357359
3384402
6411432
4369457
17726344
4807934
23683318
25047421
4309776
12409757
22705011
6881082
2428839
1072830
28256446
3573583
15962121
9869880
3515800
38249958
27998567
3331731
5997624
25548788
6376760
3354686
16368252
6855335
22076055
39750543
3504964
10514757
15421122
2849587
240790
585747
15310238
2737482
12288579
5153718
5360821
13329780
11491766
22276597
26352988
29201972
7696553
13158015
16537500
16018626
9226243
13497077
17970354
37584551
28123378
10591429
99619
819789
10263914
17634002
3507976
11654995
2898476
9478157
3429781
21031077
8896773
8750349
18264702
20935122
27693738
7438508
41448188
2921683
27617208
502086
1684238
20694055
2495988
11213032
434026
6178885
1574110
6402425
1379555
20019611
13127854
1134725
5429274
7262286
28670661
9163205
20062452
12165134
5094792
553928
25305086
26075222
17997666
5586620
9542974
4393631
2042943
9136725
28416343
946529
6528630
14491931
4427579
31682
9462015
12782426
17018733
9970916
12235741
9173656
3902678
485896
27283777
22761907
27440859
6039863
3969343
3006877
4941173
18957816
24807567
3360789
860715
18938372
8656174
21843543
20465681
22707444
10247800
13188658
1828521
576479
7176491
317888
16224735
2844486
6681454
113224
8150175
17082162
34370802
28204427
19310061
669735
8617770
7851127
6116542
888562
18802202
1140553
4677277
8699898
14451707
29512852
3701241
24557946
10844093
1044117
23391498
427316
17412786
1502819
10664044
14156354
19934195
32711381
4202397
352085
7013873
6325173
3590702
16651031
17264651
739638
8973896
357876
7776536
4560447
5022047
5279563
18634768
507901
2145815
26302937
5424555
5647058
3896476
10396480
13554828
1063886
3947211
41914944
11144187
35903939
2345940
11536851
1239357
3283179
9193354
10658879
643342
1061351
31862943
19847337
8430247
3068341
8872563
179661
22987224
2468679
6842208
1956418
21339060
10984229
20894761
17081452
2170397
4295833
3103032
24362147
3517142
47313594
4680472
6315061
209423
15555215
20164065
19676918
134237
14826807
23794764
967912
26387199
23942315
20085379
88343
9434588
3964567
16807191
32224487
1972665
29839455
22731375
22018779
29022429
12290276
30326234
3508685
22640626
20894152
1210260
12893652
25776341
4379609
9396454
2909210
21693
15929286
20185648
3932645
21409905
227779
27396931
523074
7674690
3923476
19676148
15619272
5952651
3555192
5305194
17527071
5182423
37934549
20379379
38237079
5208506
12594929
34263497
19235730
6257463
507792
17519
1580831
1383221
1135760
8972301
5669910
14951394
22623619
26702351
6153743
976895
27714344
8303039
6965256
10416249
14163552
19719922
18956325
38127261
118752
7650273
42640369
4187805
22683531
15143642
35268359
19639288
16297834
46472485
24305998
4413672
26053188
44117351
18122039
19746445
24046799
6067166
16489676
29056084
12415798
16003048
1313601
4173791
9464050
7982291
34348269
11468639
4080778
11181413
15828567
16728591
16609936
6058625
8684516
15176324
16756928
4103068
32876527
13435989
4996131
6900994
5877944
5375503
170814
15224390
8470421
2343718
18232587
13091801
3019549
1317872
22639402
6334770
1775649
21296384
16301955
2674567
8138876
956197
6515953
43675067
31118461
2806191
1321875
7352044
19116829
12961839
12229987
7027783
9919799
11277713
23856755
10523350
25201609
6382275
40281
3346380
35983246
20723170
1412885
5207765
8146175
251932
18215368
11585610
1871402
9358429
10626735
5717596
35903476
8143006
6921030
4442664
135062
19142985
8826183
17562499
2730965
13755821
15944588
39474747
3426573
14717471
9325140
14819250
2907152
4471310
9697825
1603296
22893453
10137446
21650523
303362
4871098
36821362
371833
3742742
13931870
19948433
17904267
11108489
6264118
10248255
15122771
4499371
6396371
4251798
18322130
2068669
30578302
6601491
10943964
14609289
3909560
4822456
4190911
4080677
5755300
14462442
4117185
18781038
4605625
9004964
5570885
21072058
2391423
21362685
260047
27654915
15454173
23878366
2725600
304550
35604652
43091375
11544992
19640997
3424146
855422
426400
22204794
24670580
26064701
1208294
547263
2725075
5210306
18139390
4347819
6904690
27985072
10659505
1636809
22900306
7345689
34432754
18940344
1762509
3782369
22986640
7660162
26086196
4226348
18608686
2100881
18474435
337991
15703381
12497373
11588285
1105987
2088913
287755
14721506
1825326
14065602
233895
8118290
1859578
34441021
26805030
16758188
254209
7093708
34663111
5615271
27655587
3191187
18220537
25409675
1533644
3329716
4851060
18408418
47724589
3210857
664692
7850611
9088389
13352927
10075389
6290
8295677
19179228
3965489
8297740
18885019
2689581
28265712
13941843
20853448
6478458
21210891
29126987
9634673
225641
13088304
5564088
32183869
45188733
9364409
15868596
5886648
6379992
1052616
7631292
5855883
2101835
8236707
8350596
19165037
8722151
5552033
7738789
14063523
26567255
18574572
12891300
9495676
2585020
263896
8736342
323906
20338500
4761668
4668973
7695381
12394845
6308809
47999172
7649687
29724036
4589408
8066325
1537297
7383200
8295764
6749769
19619872
3987601
3950479
7666730
30583106
33277431
18574177
225236
178263
3370441
2457078
4340234
47705848
19070759
10167308
19489442
7231445
9323680
11529587
43483575
1065838
3056676
19370547
17181308
40738169
5061891
5493103
27478165
7683188
1858036
11108214
15925772
15833926
22347264
6366555
14113790
4131721
9495700
6913522
4064569
26160552
2414295
3162468
6308276
16135150
24716466
6366576
1095291
13304150
8195553
3563378
584151
21738442
31652958
17214525
3445123
1381490
9091371
10491525
11025472
28815494
33087343
111064
35000605
8403415
26668936
13645815
21953844
6165057
4768879
13001327
18424663
4596534
7120104
1211707
22855031
234932
141331
5890325
41910358
4451277
2104706
6500577
18373539
27860658
5831434
5969777
1567986
8374013
4002698
11722237
10066413
14691227
45465539
17062556
9015989
10566365
7548616
15341983
27862727
10346044
16315447
222782
32524024
29318347
1126073
4271412
9824044
12158108
6418891
17326522
11405583
9849287
11118690
29703028
37671570
21765043
5335600
21059686
531088
5064452
3128127
1621683
2224969
14987898
27390090
18098750
29952872
629405
93666
37245476
4858270
9357911
20377158
9718479
6343621
16716885
3929586
28099081
22967876
729847
19917501
13241880
5154257
4054172
592268
7575745
1200564
23974044
19469702
15237351
19817207
3927454
448840
5342985
2360926
2439595
23907374
8217
366190
11107161
6504649
13397081
8197319
1332553
53145
34527062
23539086
24888568
2480368
1018678
8135964
28983778
860566
2127011
19809773
89880
5789008
20804378
8193360
427389
3604139
3990622
21197442
13482196
22699037
36391898
41607779
13242522
1275798
11831400
2300410
30564542
24353523
661857
3644190
8349449
12794878
4827959
45003330
38730347
19396988
23429368
13101944
1826086
39519288
34352454
6104473
2687013
2166450
3497035
2294810
10286515
1624138
1578164
533223
8516554
1612578
9305191
8774168
8485617
26068737
7940524
12173691
1146502
3112803
1247598
1882069
17965969
335409
14580080
11931753
16918423
1397216
14879251
312494
14016352
4245702
683306
21385721
21875943
5335163
18985440
21297284
1797057
7750824
7611261
762726
22892117
1689793
9413303
12689727
21532313
16618794
3290562
16762516
1695100
16723960
19615699
23594602
2123577
10366415
7677677
6424080
30552843
20297560
5799147
17859534
14783418
5895505
5351385
720885
5028298
25336945
9226159
902637
10963199
20179034
10704755
27032645
10097980
3471220
10648406
3601010
2948055
3068717
24783614
17128449
22144658
15757711
30760438
36804359
13887161
458646
2170851
28396861
7629480
23702050
5655590
306207
9459274
23727592
692790
14844951
11581203
21776953
39761291
31689494
12276393
1407081
12256663
10761000
8367977
22919651
2248724
11877177
51861982
13839992
27318309
17552441
528789
8669809
30822607
8854835
2616387
4760501
36349475
41358225
13318136
1005014
25112551
16725774
8851153
5141792
2944957
2231345
9301103
34048699
2104251
8740858
1306036
2329600
24559636
10245501
5534190
34657514
47853905
24644268
22683679
9291964
37582954
24845501
21446364
15083293
10284385
20045253
15986641
216094
10183675
2186899
17739941
5727528
30059287
17647401
10348463
39445649
327310
5205788
17163127
27813010
12843426
11534061
17961196
8644769
2141839
27035955
1837261
1895498
24119463
1507386
15124249
1814249
24746018
11335663
207257
21022334
4114852
21098142
1179142
4707989
23225772
25415860
3656136
14884568
2068225
8496784
7301545
6515706
7292097
10026930
3461505
19206939
5745800
23549198
30881705
23669912
7642112
1704030
734616
24995560
6661095
11257899
9134014
21897669
11004490
28909082
85068
861341
4486398
14134541
12135718
28567376
9768155
11651280
23433100
17232369
5662033
4068211
372985
4079002
509937
1257911
6022712
7299617
10224192
5312797
7592880
38165496
3492906
13987567
325656
6365532
1249446
4250182
36800461
5646814
3525491
18130808
414477
483202
9807190
17256813
1177527
13731733
15938962
34298934
15641673
634363
7483554
53215269
10384863
20826593
49991
15197598
4788579
10107450
6293334
10231253
3039916
2914977
33316367
12689945
17071435
13342891
23448484
26195143
19120940
27515448
22149145
38635182
47871989
12735329
10733100
39951178
15118124
14394392
6863003
7747184
8670124
29503658
8726355
22634781
24142150
18563947
14777532
11971981
28934890
9324823
27772405
1307764
16237017
382726
17858762
256118
9734136
1770396
14307441
11591701
36749933
1379739
30472547
11512425
3119087
33443199
5101945
5443993
8061140
1940905
1783916
30676765
25585134
10411908
14194524
1672359
5014039
9149218
6119696
34454113
40812982
8449472
5348834
1368418
12491881
3822774
1063139
30934074
25062443
1016601
4362388
6423870
15386358
28050305
21237261
23125418
5850675
6354129
385200
27393150
3399021
17511714
48395018
98395
1254989
18138662
24341614
21034484
29473313
10129747
41679440
7531104
11790177
9073141
3320522
24700655
285419
18239008
24608788
447763
4061978
4305820
6632308
21418421
14216050
7615091
5340482
3812319
17359800
55642
8842894
10794953
22120519
759048
10610469
380027
9706925
8717241
5912766
15574237
74708
1347989
7824083
18611511
28078843
9118619
2185427
48453611
1172228
7698444
11605294
5260398
1082859
9215774
890489
26018729
14367996
22619036
16855427
11832819
107596
12201426
1252665
35582939
2714894
35527128
2532613
1745380
1787901
24139715
15677209
33228461
8306155
16905448
22909288
2533152
3944052
28536960
11160486
4054802
12784712
23123959
12781182
28958632
25438988
33897023
35290549
27910084
17734560
5292745
3014167
1870556
72911
37484
27598249
3464256
413434
10728240
9946732
14981209
21111689
34225646
11016097
13193732
4275474
5448248
20842960
25332512
12054703
5659594
1302954
7957827
3441062
3761899
19460808
108115
22828853
16264536
11005511
3168910
13534365
31315274
19516944
14859655
21593722
1185020
11915909
41414412
7127043
24165646
17943265
21702197
15354656
2596404
33648670
33790381
14913158
25436261
8118812
35634930
16076602
41555111
189153
8312811
13497231
10033273
2403602
449471
80981
572059
1297992
11959584
12821494
6513682
5259748
2903702
2051603
5552268
7969062
16590661
23761223
13033843
608106
28475069
2113217
28160680
5974406
1110776
4572853
52516696
4941356
10875983
8770545
682060
11574600
7021644
4895664
5831265
8987847
20043658
7143681
1068897
52573912
31762852
12149481
17790059
9743889
46643619
14955654
1231912
16236406
5553036
11206632
20413136
11956783
11429601
6172805
9438526
6763478
7543494
8233864
17762
1838116
8133494
14300520
15925682
912824
1562962
2259386
2519243
14121681
2665731
3300649
9991287
12541190
19411481
7047185
1794415
2820501
305854
49443773
780440
11858141
6410693
11708082
11574984
34558524
41797351
690783
40624573
5707879
36802462
17953627
8773519
25256498
8003516
7111577
400000
614703
31854937
6529268
181517
8255090
4217289
1307849
27587990
30785702
18039765
17373977
38522205
8217084
1909687
25982438
709292
6309549
2996797
3177919
33167497
31333536
4312131
25904619
1819405
34957795
41225085
3321327
885401
0
30246835
37273245
7880072
946717
15039460
36358616
68906
2368514
2311127
33081024
21329788
4844240
5660776
39063699
12600073
13585316
8678339
30893342
989895
13181547
20798535
11892040
10005891
4088621
24150649
2251643
783603
7692487
14480214
423694
425444
326464
11330348
26880715
747
23954145
19362347
36091775
4731568
1164091
1567902
63335
8498611
20294644
12344991
876662
4535420
874593
28366789
35285462
3814100
10488222
14058089
4561549
32994777
11710767
31223361
600419
8871259
4894275
37423962
33999887
6393257
1151358
3610075
11781785
42229585
22812251
49137134
39582260
1851464
691331
730709
12963071
26864345
13075352
229655
378204
7723343
19452242
13606686
20339575
1137529
10228853
317158
4712492
11041689
529324
5846351
8733068
28381381
6968794
20197896
14598577
14369699
19075034
2109705
36855369
3722932
9546015
4497221
20431385
6421665
16503434
36791494
8654311
3803662
13506890
2754739
5532668
3195019
12617389
22251349
10081461
629027
46908172
45230065
4577418
28686745
24291824
37719775
5239266
840587
11087765
5770190
1472554
5601561
24644206
14440853
17544320
19655682
27366598
26088375
4846560
11604032
30932564
12087240
11528
23372387
39027004
544217
18129573
6802697
7291963
4212996
17083378
23617701
10381530
21247508
5636309
10500274
9202000
11754238
185313
13242545
2075995
29768606
27768139
7096996
3512385
7866419
14778185
6418679
9235766
10186323
13265513
35530851
47907940
18616081
33912551
17828242
8831864
9790097
28274514
7550395
32504942
7055790
22425347
39137885
26580127
1670863
24036212
3957076
1280844
1464988
1861373
2075589
7699072
3773673
13711991
15588307
3797425
17253395
300212
29264187
7177579
9788240
5093755
6711002
4388898
12262292
29344531
18313089
861735
32681481
9271514
14978329
4625868
3878167
2938161
3334023
2639117
37255872
17750604
27557140
3361691
11919354
29125073
17720493
15740356
33669540
4361752
47936038
4426390
14337176
28342924
16948462
33874430
8535947
16509244
27624394
40231073
10513250
34266588
20273024
18349026
4375243
47288417
19179752
17485139
10006279
11568582
33151964
741589
30584516
388136
6771334
524757
1840192
22611387
5061637
45095519
24760413
5910725
1251475
7855711
16815375
4727284
1956426
10398406
16459681
7592168
9833979
45716062
748112
310491
6625719
13741064
2374614
38369598
87199
7809988
15919950
1926705
2313099
13728862
7824787
14840258
43766199
11468916
7208916
8801170
8280432
12796652
38560010
22784477
2412140
25811634
22568775
20954120
976488
8869440
29242787
2364523
5006594
23666453
13545211
8342266
36038082
3687619
5192392
1010464
4756021
9371592
15500869
3756398
5968645
17197412
4821732
23436492
22322169
11513650
6743584
7424353
19183574
36587804
23335962
52762
8648521
4558738
20830704
11401380
28256587
18850005
21993087
2280632
11369212
1224529
12970613
25052406
4136477
36793761
1104637
35369384
4641384
11350718
11385177
38956786
2676286
938119
28573518
7394046
13480326
7361590
2372815
34684328
5585181
7113580
6023810
1960558
6447878
13843783
5320067
2310914
6645681
17684352
10262637
1660569
611775
37312264
9868935
1011374
16091644
5486135
34148282
46452572
16766501
5524168
25075504
44891766
1462176
814162
11383529
27388721
2458986
11619055
7935106
7330553
3746587
14155699
8444375
284468
51204235
9121957
2581021
27409620
22852404
9936267
21823967
16339476
1734043
22859622
17831935
22107126
30793405
49995504
2115287
3982656
48389284
13920102
770480
8586193
32049951
35040154
9238679
16279883
5301196
317477
18494174
22046774
14711832
2247322
17963728
5138995
5594677
10971036
34341278
29917717
6693744
8930714
7470852
12028050
1380919
7910060
21182445
4799877
35290318
8223646
3479990
911037
7171826
27090148
31866985
22231236
6091987
5052476
3369463
7150372
19125342
11872834
50354066
668735
5172704
9426123
11263192
36147448
9937277
2179181
8093631
1174255
10349574
20664250
9552439
20998223
28883899
1524504
24948792
2836889
29730297
56620962
16740062
9889195
4441258
19571918
702410
6720881
872971
31617275
7632492
30453162
10827059
23007007
12567247
2463050
6609367
11925470
25024855
21751862
2518175
25914977
11119332
10491260
54403573
34220592
21573250
15015800
15285842
6825228
1614137
5635808
8942155
26776804
2824609
13502933
32424143
9665043
8791428
26418825
155169
15438180
54372275
9899757
31476042
7913961
98160
4848624
682229
6413002
37057116
1572071
2058199
19064030
28813237
315607
1844312
1479330
12397982
24518119
5847012
10828061
3175240
1271308
8714513
5952276
1594792
24770437
14678158
979507
27158086
33436857
384018
1465876
21204458
8279390
9205455
10748374
9378046
5063656
6624784
5923597
2878033
10554941
10011630
11426924
14468536
19031614
10739050
697934
14887979
9578285
26331800
38741356
29766472
33602932
30725740
12190428
4077143
23841563
2016338
27626869
33352116
1984826
1267495
13660126
698086
29620515
6401788
28745102
11310766
3159873
15188198
21120960
20391
26364301
43864886
26664932
20346448
2829244
13246056
8429370
133879
1629415
8289100
15427046
21729102
19457738
7375173
1160472
27485926
1524294
28600055
36168576
31628516
20738605
3786465
293088
11576652
27570405
1052371
5634856
15593334
1064374
21527408
40733353
16000995
9311076
1382874
4140785
10999127
42672490
22520863
5002802
7928534
10519928
12875225
5586101
7322002
16985720
2555766
6799994
13641375
2195921
20053899
4029747
0
1291768
605349
35593496
3973265
5947755
3664002
26625867
5165614
10942869
14721639
35624949
17000354
7600269
9306702
1182967
36000379
5851121
19753168
297688
29188493
1918988
13136096
17997921
1333242
4841938
1092021
5486800
7758624
2453796
1507895
3382973
38119369
752785
26089653
2364975
15307087
27559053
4364735
6490978
19880201
32372826
8880503
22240121
25194297
11701824
4912737
29745671
8703945
931435
5841127
2800718
18264870
9392578
27876275
44495686
9827131
41708236
4159654
21626339
3208070
12332783
23733423
26032155
63407
1300355
3503983
1306803
739345
9266553
16286370
25943225
44598575
14518917
1847581
16378026
6115144
5903651
3930945
3777485
703517
25091016
2447030
275331
14663747
4848376
809566
2030256
12016584
4030784
11065491
2741078
10696626
3293418
32095876
23067462
3388428
7094087
33666294
4676489
28994375
9753
14951764
15029298
35943783
14463167
52119630
26715645
1048782
15324807
7432530
1740489
22690114
25068215
18996475
1310348
24039244
12572589
19515296
3190595
913389
42036635
2252353
10755448
38667531
2507871
14089732
11777057
7117611
9190204
21640412
27702148
34976286
21574454
26627899
882516
14866283
3379273
22155855
24060794
822471
8711013
6563130
32596698
9183972
12337985
25712415
8195204
20382231
5957361
42207198
1715607
12365440
16256836
31081525
4802397
9031013
16960131
3846717
26357307
15461537
8508409
9557360
4688795
15106736
15673176
28995217
1849787
1666158
8332730
29569153
39044669
5459393
29852547
6845714
429375
33971148
21136163
13679760
3126127
20712478
420310
4261992
13122876
3411137
13090284
39968074
1655287
43726046
37331593
15253035
6859734
6638829
7690525
7507705
3028332
9335983
28670153
4596988
16385128
401411
3627067
28800879
19962989
30064776
43130843
43322860
3583902
8624841
9592160
1660881
56142403
17349626
5849601
21689257
3345131
15779290
21719737
21659610
3154480
2836000
27326281
3171966
20899692
31326858
31210355
8886833
27899278
6744454
8778279
23849692
11797935
9023149
4107755
3813277
2699689
26849361
17796252
15660338
14543338
23178099
3377149
24365486
32563645
23588607
3295158
2623563
3092112
308916
7626391
2158859
56651759
2342799
16127502
17067852
41696069
8993992
285206
14016624
4983818
4578863
6926133
16472166
6195691
2754631
26092912
3144279
44700326
913685
2259448
5774826
1456246
4871992
9477202
1915276
23382196
22016732
976861
11185265
56238933
1162000
16919310
15409311
1639258
18746526
26307214
27731921
50177129
9128552
14378753
169319
34518117
6082856
18046563
2679515
5479821
203234
1576339
6361403
35016792
1881581
13985017
9220925
22018633
24275172
30361604
33140224
18054374
18076691
17626823
0
6987881
419917
8991377
24063405
1573368
742920
10127019
10555229
44971156
2709635
5289531
12015265
3271189
36933617
9688998
15803438
43370301
3621373
6128865
42401380
7580869
3629930
40130193
31356274
9291321
10265679
17548583
21299251
7422117
27980461
38577651
1152599
6897812
10999880
13791852
2145902
2470772
2759020
14984586
60155717
22459487
33973662
7027883
3312752
7239072
28123343
2095376
17217190
5239199
28938745
11545027
35423028
2341402
20439716
5242794
52720525
20193310
37572656
2521827
3731027
7021614
5143345
47048161
8759690
2232561
665976
9621627
49722771
7046413
9247593
57919
12353606
9345144
7478978
12467088
1180076
24676393
28700059
5674472
981231
20730377
38662594
12292043
32347941
45087121
20012129
7784542
5436997
3806859
13694586
12738819
3800323
10349099
14011545
54074169
5413742
17241427
1292691
9643859
5089740
19484089
3910410
24524913
1556085
7917406
30955521
25327497
4783158
32167477
10947900
23028476
3181894
21006743
26094801
8421383
46408422
8719591
32200730
2743335
3634041
38820061
42026479
1686808
9472240
35886579
10636538
36930191
3671509
177122
46186328
26646745
5288205
19566475
1168291
18789
30961212
5035851
1860278
40835052
22577386
29210225
2208228
52629683
416842
5975072
469664
56008300
9179159
13391350
39323299
5961776
2088399
31846246
3055975
9960098
1681212
40067975
1656890
1850789
13399496
39252053
8482009
19118283
18152405
1142642
22204657
3767149
18054646
8227490
8800976
941214
165721
6319499
6911346
189934
289230
2299883
6090783
839242
2694459
4020373
16228819
3928683
35496502
18388242
34560299
34025330
57275358
19009717
20496158
21380009
7106888
527935
13554870
4230756
14261064
15094477
14273810
19879581
2217154
27696573
13534004
9799920
12957708
37099115
3667365
8441146
27819139
29043457
36352324
5336882
55628973
5983436
45128590
10765806
19352681
1429101
1095853
36549793
2318938
34955524
9529495
924944
9081691
28688051
23645632
9145002
7575867
21038972
9304946
4481593
50029713
11342702
25922379
2277831
19204638
38775574
1489797
18883210
9445673
35001176
48091003
39463901
17334009
10529684
11871705
14740085
27285531
46831
1153055
27899971
13766385
3417365
30814143
52616060
6478176
45708200
209073
42676887
17608032
659753
2702589
21141206
2060770
2487294
9969785
26874134
1946612
11816632
9913659
2635933
319546
18630642
14974697
7003826
8762465
22406641
28040571
41604683
29002929
4564745
10135895
15712788
7818779
594907
8699948
11961138
15330714
1040403
10577847
1603678
11119574
31247918
10728742
15674681
41612315
10277311
24555984
7084262
18461563
2221887
11471128
4905676
11263367
6702383
10414601
16389565
16626433
44150770
8025771
1478584
19115588
28279128
11355144
13497897
4838479
6977763
1537185
42611380
12140959
18053733
132239
7054475
10555993
15047525
35193642
40030742
23196505
27134673
10349316
50239
29872568
7817099
44696272
39619625
5491856
18051547
16663939
5904970
17960342
8136958
24246283
60060421
6302065
7801591
14651171
330802
7041755
38332612
44795678
2098898
2762049
4445052
38341651
15608877
6187118
41032150
13684464
2703915
35838465
42702889
8719625
24406919
1429662
47682683
2055649
380487
9561339
15331
31207600
299671
10240489
2986140
59788492
2812861
27098336
698657
5580219
54176238
12129640
6453139
18827654
488222
10907135
7688294
30952043
18855168
14001762
43870
12054451
153452
25688780
10754420
4623949
3158259
44085
6625832
806461
2878595
33174949
20877573
23238588
5804289
51716111
45828694
48661163
11963299
2580656
706464
4752893
7871468
2644798
44421019
20450532
31634170
31060870
53212071
27512655
16364214
4548124
61380512
104137
1915910
35327128
13288575
7732201
22819451
31959284
2384046
17068153
11010935
13014208
8758611
39590301
34056410
23031891
56140923
20384860
9464488
15530848
20892787
10757414
1801638
15260798
30618872
11644979
6722048
15106991
9385361
6581779
10132583
321965
1240189
19061963
9792033
21996174
14665468
9377289
33020792
25567134
2712079
46292061
59535614
8892624
3417890
10835003
10001790
4894523
37761324
4244130
2907771
2572516
25285431
10976472
3144845
18238312
44476144
34218257
42182124
34353147
3052007
19232941
43421228
7389182
15723597
9927075
3574039
15275068
44318197
61155
6036828
17158921
1178504
7886976
8619124
59876258
46484849
26712817
662336
2470742
36876854
19498369
5021230
2654934
1833957
3852030
40218740
58111630
16317932
10833692
13427796
29003367
17084724
13262744
26650105
12559648
11527424
1748359
49804948
11767622
3499583
16561545
9571811
13728574
6691099
39307502
25201644
10523740
33007056
3556824
14379239
19851564
15569860
31070926
24639688
8865889
10385712
11417911
12292757
198849
2271203
19483822
1817134
8448151
34970460
29416984
10753152
8531515
50949
18837873
4442153
7317744
2428953
826970
27833416
12053943
1120283
6273026
11797043
44326349
947494
1400150
33373771
6610059
4543248
15215717
24991869
4829665
4422986
34616902
22962117
57409783
48583891
16488724
50057904
2375133
62542670
50178186
12913975
32495504
21558852
60296422
23038628
20021903
9993878
4140028
10266865
3608089
9884314
484312
4560902
11976615
3713398
20850664
59952081
5010208
17808093
23040368
27428651
248004
15660154
13462492
3707206
4541577
12576310
21574667
27441123
49626742
27733744
51944178
39386288
36638793
67859526
14791623
20034089
7257156
13856540
21558002
13028235
10195749
24019327
3602494
2953232
9757908
35424423
41006658
1699767
3754918
26632288
32762807
36575118
1105083
5389093
6224012
4794458
746133
24799379
687633
651292
20892598
12864320
42467249
1319615
31700027
1019533
23467314
803808
4800706
40271455
24576609
4289840
20876869
32681303
4823683
9618420
40183096
17835119
7578049
20563559
35118765
13628398
17497
23510951
436679
35968347
14350876
46212066
7316168
3627676
20351582
24507793
5712863
53144374
1475701
16738689
10425103
13507277
13774452
13853447
13566329
1333772
2815829
10629128
17054269
42739560
11458001
14842217
34907599
45451
12949570
21764671
25921262
4239409
10432400
15402559
24058557
32676769
12893912
48401728
43317482
22097398
4268788
16026474
11767588
4977280
29384762
19873271
10116061
8258956
11363513
12471526
8367705
30052455
46797761
1114592
34066121
20397154
20519563
22581205
3513611
15725338
683291
17666602
9024928
19214259
4534678
7725147
6981670
18048256
6846325
32495756
44121695
4313142
651711
7541803
12828573
9661508
11869673
11438939
10495973
3600209
1399990
4235189
24604204
14811817
3761377
16796796
22253696
12047281
12267019
14752626
93280
3992662
15333014
12280672
1349173
2802624
4700383
6695548
1243611
6896111
3778021
1763965
782878
880735
8615900
13266084
631295
56434320
8795643
54351572
33232508
21185706
10207097
46510965
60412080
194652
245884
24967581
4037496
31643334
7825267
14690355
11092369
11487654
5658930
9292086
39359734
431630
42806098
5957371
13220137
8169913
8367675
37553320
5753501
36505745
1986122
39799476
11162146
1227990
6381182
47209399
1202567
31981115
1838964
2857133
41088178
7780029
48442378
36946894
4233071
4082597
6840449
8490420
23082873
8482886
2389809
120638
499324
1474884
1478360
12653225
34743805
19358263
10582438
981786
22843662
50943
3110089
35753193
46894370
28172951
16544208
5097109
12954527
26962063
5932596
43625464
2630027
41549507
20731281
58592383
42558061
22402176
7341124
9833169
16421469
705
18110272
39915349
6238886
25323706
27819398
2088093
27735095
46512038
36091073
43823287
10903590
19315859
47083577
10165631
6410806
5113320
17391788
12160268
19673049
17955174
4525861
15086885
47370157
38259429
21351589
45462930
32527154
17149681
1158069
23695317
22470006
27412594
7201939
19326814
18493512
7661895
614307
54619161
3241890
10184864
9071830
31376995
5308697
15243969
8501444
27232627
4998052
52261966
2709479
38736720
1678372
2575892
36246085
743487
43857396
9199829
26206915
21276335
20654316
21908318
17755961
7819225
64294315
10863139
24325641
57099020
13494849
37160253
32858216
2904311
35645963
22768252
624091
56302166
5878712
25864061
10570121
3442920
2489777
65395084
3199905
53984006
1473211
1788477
7557606
2375844
12374235
924883
12079791
42876315
64617
1106311
1111628
7942946
14739480
763304
584497
39860254
290274
4563609
8936793
1608952
31370134
56446575
26840773
795489
14013918
35434353
934482
4219563
1164634
14519636
9710887
1404540
525411
23280994
28472866
28365620
41621088
6196590
25314651
17733598
6394749
17190471
3908764
46051396
17141363
2362063
2226592
1713220
16540618
274556
8788352
16533409
20073962
33533215
18188044
9717055
4875906
17290997
12004965
20200183
2823601
15477782
42703334
20603355
35060951
54090221
1198163
12696099
27654128
3958292
14980096
48374357
53868762
58913455
6694684
46740489
6506015
20335437
7058567
549164
20338123
4171125
34451775
8631998
818705
36217775
14990757
3305787
8544929
34014437
19250371
2091767
59844793
13716627
66162860
2094160
20057609
23200580
43137003
6390824
30451724
11660529
12529673
44435371
17696382
1247542
36096318
6902855
60584552
42316372
42870746
20562456
16492
19367333
1423768
22144260
39583078
45730609
34033215
7477998
20132096
997858
10368017
1208246
46640153
22153397
4713754
39590648
3190432
37432992
1896542
20775431
29085918
31831039
9394674
19781563
14391677
35442643
4936093
8137437
50711042
4319336
26181908
11065168
12254108
28788743
7745240
1037376
5715656
1760509
21586557
27910578
1475242
20453615
13105030
7910096
13583690
61293812
14145468
39730699
6759333
11322732
31466654
1566129
6391973
1272391
1559288
50531572
493780
3201784
43693412
14618656
16368046
32243445
3479228
25624380
10893382
58387986
7961569
16601571
23986411
1259319
10373676
15419115
14860568
23579768
19317296
10432759
39685770
12590038
6664740
879514
25534217
37025389
23856505
5843124
35339872
43823706
16920658
14558758
44487404
31246486
47614432
1872175
19560902
2656868
39445810
38902771
35778776
36940776
21431559
19826129
11703304
48493252
1831716
12677201
13681134
6286200
66879198
67710091
3305408
7809632
2934067
106597
27562654
27721035
13081949
4503603
56302336
17823985
21868376
431358
22329286
12407346
171939
732085
42736709
33442182
22128070
18013115
23139039
32084907
15950746
9031538
29857043
21032979
7768816
64821520
11298860
4804786
126329
19026641
30863836
241853
1957733
1049636
63963656
25493627
24315775
2988770
62586915
7466885
6677842
18145507
27084425
16630780
2984981
2064485
1815914
17096607
14710015
791356
18498865
802161
19788332
31100673
14581704
3899907
48169849
6593682
2686168
9773649
32541824
12979428
19418473
67179170
6008131
27912791
3646339
3667505
24408278
3360424
15162191
25968045
1970930
96375
16059665
10000
56068205
23953571
754353
1009736
53088833
11757001
9073739
10477422
3277546
6041440
34982721
22098301
51622536
35204197
53443822
10290014
4271249
13890992
11178780
9124467
31963384
1167229
11116348
800617
5495238
32261097
17995506
16072210
5462561
3986823
15166666
61538849
19154475
1174991
3709782
5416719
16565275
4541243
26609401
850068
14895420
21276567
5293548
8134738
59769856
1469607
6142481
13558398
362490
4880822
22092799
27983795
899299
35244930
30392442
4038550
15842021
46231934
31874452
13932081
44804985
28771676
19381928
6231357
52047547
11799220
5609930
503505
6815682
25207799
7234479
162671
4991169
62585031
17725214
6420629
17645180
10329422
27643370
40409772
11716109
3101631
2695883
31010983
17611021
5258292
61968484
38943400
43512478
35553288
13812914
4930107
588066
13753347
33005671
14465189
36221289
21093997
660006
6009490
2643894
55761028
4705998
16320155
6016246
13654005
5149491
12133209
34970960
4974309
43128580
47973127
4403959
1960627
24698516
3767270
40085394
20187258
3236079
29220840
31814965
0
593006
16266984
38104061
27411777
14410284
11663533
55544312
3483815
27107504
6506809
12122484
3092416
222303
11353174
9306165
18278312
16516524
27286831
39969321
52122458
14261907
34643623
36181132
8745481
34956856
23556721
4213815
28290135
12554010
75931588
