0
51552
109971
28862
27786
147551
265456
276080
32383
397623
391569
7648
7198
81164
444231
456900
57215
34979
379051
875323
477089
5113
124111
514568
241637
68332
118883
471956
517082
88265
215581
1393674
863968
1972399
904663
314308
39151
462794
1018361
1342985
398928
2729807
351367
1540107
119753
98639
667056
217198
19404
1031296
762286
493351
225103
3682563
2244980
435277
46196
828361
1052900
3756738
580278
1137808
196166
3028035
495742
2097729
1219470
175609
203870
1757017
869318
0
980436
209398
1232524
2809625
891180
577560
4667304
838492
981567
1155300
2246612
1783848
3764684
161037
4253441
124677
138994
655960
2356467
2935055
2780854
2735872
4041944
1996404
1331763
4505230
2920048
1905551
1884537
1543607
3382062
5322676
134865
1334009
896834
281520
1970081
2060888
4492326
521434
654836
2287544
5996800
4457972
1195814
5742397
311535
5485306
1639994
97336
1889855
3126361
1526675
3764939
905468
4125435
2830918
2588188
1854693
2542289
983061
45147
2749347
1199128
703145
8394212
5978518
160316
225921
803581
374640
983673
1588515
3228803
59
733761
1351509
312563
4149269
492155
3685802
6742309
3764859
1366860
1712315
1858246
1190311
169452
181243
2984914
1191428
266524
5981237
336175
2833850
1322962
4670935
280421
3976569
3309304
2429
9862475
5453754
2362942
4715214
1244850
2674058
18735
5525671
2043887
509452
2449198
6398606
1890091
12696730
1111054
9048527
2441684
3990569
111396
2356313
3277239
7840253
14359990
1509963
7078366
4013703
273690
1528348
1409140
4465393
1174506
3469115
10128569
8332524
2767716
1328672
13389265
5267447
13973755
13675552
11590488
469620
7821617
419951
1763050
4288442
2694446
4677883
681246
203794
1164269
1807893
12945176
15033263
3951612
13866430
274984
0
3868184
14173733
443121
1064859
532999
1155707
5784717
1143784
2233850
8925510
20084
424192
14333042
4933953
11870752
4947102
7090422
331761
2054064
3596218
5333642
13092345
11521577
3972151
7044344
230537
240950
11491391
5852682
11825825
7807879
1195573
9434231
2513638
1237366
709549
1458059
18800386
2098578
11041563
6448757
161980
6124555
11056635
5815223
2835745
46519
3702578
2287395
1260812
1204
2596891
116477
4313667
3773011
4639469
2265866
11523003
1696876
5837483
9874559
2082049
2609661
5656694
79034
1126457
6471251
6032459
442955
5204995
1825374
3331618
8188674
4204085
108308
11038933
2320359
2656230
9294308
1573590
4856653
216231
12174096
2922157
5649762
943171
1670288
2648619
4912457
4297646
12902586
220313
1625521
494634
2259020
8001805
10416133
6803928
14725166
301125
11175081
1436824
11964882
3536968
625156
6344165
7736339
12722999
1879919
118124
6015785
962484
936524
14561514
12105730
5228101
18789738
12903163
10916419
11962787
6918931
1282947
17862424
1172235
15714654
18369693
0
5196084
8985240
5134537
1898702
14538243
23080331
6587121
4181251
2192179
10893564
424154
11378853
13646
9666072
15417813
496315
11618960
6787420
6077518
20197767
10478631
3467193
4664505
6611569
18206800
3517259
600872
82910
459187
6031635
7739635
26966387
2961879
7380651
17795690
3935069
5751569
8537997
9148567
5515045
1441335
804689
418417
5988866
9463076
11403253
23335125
5113608
12498102
962916
13458354
18866034
2850900
8301178
376164
4036682
1362241
5440804
1517339
2303833
2840162
6195836
4010698
3727635
17732951
13946626
20519118
18625792
3214745
4905826
1212470
9821337
15103502
10297079
6952501
4281933
27346722
12153719
2814378
9991936
3350222
1586700
24030844
7218825
3094662
10228128
1293680
765983
4233872
23030577
8351735
26171934
9220161
8938553
3390550
23535966
3015263
192254
9430333
5848002
5279522
89638
1334747
19673137
18801024
21632692
14742736
419827
775843
24996049
28764195
22104916
124824
6117951
3958113
78032
1396647
2668695
4384835
2448493
12250235
5519446
83346
6958118
13984631
30707125
3997799
6797574
7271593
14642540
2482726
2496938
8722377
17762052
574668
7803485
13826655
4915541
2738320
22452519
4225169
6900763
34252985
126526
1767848
14985381
5218075
5542682
4397391
8374835
6935137
5831238
1956480
1454105
19662541
29864367
2578217
1816241
5399475
2351069
8631
14481104
13849758
1455362
2752241
8879510
7372238
445443
4706997
1686480
931900
9805130
14293819
849091
4336167
8869226
22927091
257000
1525796
16241223
1884493
5837173
1412666
1930117
804143
22207464
3703982
14524241
23820340
18847011
18882852
3384791
3411361
29110709
7406271
2284170
2979425
15847478
5129000
6900241
3977497
8612474
50022
417670
12365855
2878645
3257846
4678273
2576716
24742850
23104122
5899594
28775925
1749628
38019283
10863756
33053854
9908508
12035582
10852417
985448
21974821
40193521
15512947
8023651
11721424
5037074
20648260
839362
4677656
8899502
14251387
2686324
23180588
6643826
18911437
5258135
425977
3145340
2435087
548720
19008054
42924432
18291288
42901699
17615096
7240665
14363122
2769176
37090429
21312898
17014036
2187937
32067104
30796522
7218381
7479950
7959010
215517
11768373
2406035
17758131
87567
15650653
338817
5048384
12819246
8610536
8897710
4880239
10087778
2970381
27724099
3443293
4014688
6893932
28547090
13002268
1888662
2498280
5123119
14295143
16056205
11297699
20603980
560806
1543946
22435731
25589608
10863020
29624617
2166900
12435764
41478007
2647612
16710353
11141957
19769973
6047252
9457565
1740798
24171506
4548069
422857
12285345
23202497
1986710
1296073
32687779
25400981
5886753
10281132
3509705
41093
10839056
6148118
26761882
4104377
22874415
2204513
15078434
2770046
22031755
25070477
34305604
42507616
9757114
276851
2702264
945573
1655453
9591733
8769914
486514
23333687
19034662
31345792
11099976
9477700
6526609
194715
699462
4663520
18886678
25644857
20234794
30231809
35850376
23466243
3339175
8289998
8064426
1243165
41840694
3687140
38094598
8307830
4158253
35638687
33354904
31864164
1082351
12163650
3457401
12366710
20755461
13511125
25108886
8373818
4656169
2105180
7985212
5879978
529485
5331199
11485900
20887079
8220882
6267936
19972642
2536181
15327893
485320
16540233
13468883
14707054
18348126
2516828
3604939
29838049
1882176
10123649
1806029
12135428
28190828
12737988
10608215
15346340
4048421
35857903
32952417
3381507
42998518
23181190
21986731
1815345
2355896
6021299
11460183
2852352
7809769
40471632
45833562
11381318
22238414
5430247
422166
10171843
2372500
6480501
16980388
755973
2709139
1282844
32778330
25501825
16020574
18956230
8279779
30337319
6471499
1602348
7067603
5891853
4982091
4620986
7947679
24952
18731044
327425
1428793
13321251
38956698
390268
7222789
759809
47261135
2933160
9410680
3005511
5973368
35272004
8084331
16132769
11793144
39445588
20007684
15639607
17662671
1519294
6784824
45179979
5796630
50570011
14703363
32282432
63630
32733539
33770805
33780877
13287523
23865967
4688531
5839557
8286003
12721940
45191838
869802
932162
690959
10096347
5305771
18868438
52337005
18702931
1169293
6035825
14845810
25838731
13048845
31542292
811893
9969860
14206088
16923177
803467
14906690
35701
53195183
13282138
49759406
31132768
29572718
28133517
15749525
7082368
10183137
10253988
4449090
722524
21393541
2799537
25347823
2099440
39337878
41614097
7028977
2925342
19443632
15186111
1926315
16979671
3157757
41184679
35850949
20579950
19644191
26382713
9912805
281208
27079814
55226036
4807072
7665742
10959163
14982366
47551488
40847784
13246234
6294111
40306206
51836219
51461915
972617
42196332
14865410
13651074
5500750
9634768
34511524
4454186
612314
5917294
2092108
17989779
38185630
10298977
49830057
36563419
33874086
286538
27388067
1290767
48006191
41338713
165054
42634754
28080259
54777892
27247256
23608052
1564865
10246497
46034856
7813416
47455666
5700396
38395336
16131179
5367696
41916552
3098630
19809087
19969640
44228436
55535466
1159486
25809328
22017950
4351170
12528047
28099117
18698640
5188045
309148
39252881
520841
38926021
30723542
14004819
32339279
54473888
50588382
27286565
2733557
5137789
66256868
4110012
5762839
34100336
5570014
5988510
1599061
30129136
21696537
41530760
18271084
24806280
3277461
26144820
1818997
6045003
863140
46586543
21543598
52768243
16408066
39951550
46105771
31854808
53064757
34592426
12751244
10829345
37221395
30442146
22895937
17645796
11551162
4883165
17912867
9836079
49233731
35513321
553320
4569008
72414236
7643408
19474
12249698
18508085
42291088
18554634
737816
874124
493458
6013117
20102180
46505337
322420
41642690
22568723
623712
26935004
29093963
38021601
44906735
6378464
23822182
27537673
13490109
8510156
31905695
4176230
17611351
6314069
32213441
47842759
44116481
65253398
50524646
72615952
5498328
13238891
24433759
11954814
201663
47020448
6402632
8652516
8269518
3252641
381281
17333082
18354229
28028596
13672320
306770
4411246
12715763
42305257
21896
19868270
50853659
5843932
2190209
11901144
18080621
21659197
8940129
50995528
19886956
52400424
43728757
10965704
44218505
35520855
1623310
269175
1151611
17138921
24579046
9279788
29282374
9134402
2463600
2990272
67464077
4175767
17592165
4824674
20564671
33367577
4671616
36549764
26616174
23543668
34523420
7569662
23679145
38121058
1243261
1596164
10158099
13606959
27316491
36479774
28618062
9414471
5281685
18844360
2235590
52688239
43434039
26394087
1016356
14846082
18301363
3236860
5016861
55482839
1710565
34611913
58263455
43008479
13539156
33443291
704376
952837
11521746
43565134
4013224
429087
43256164
12594398
41332856
11410082
28232809
31605070
4154678
43119433
64052609
10824164
45443611
41572067
22935090
9858435
29233771
3434630
14690303
31483889
21927635
6635782
6745121
9264796
25486946
56139449
12778746
5259978
49428169
1972495
2924036
360425
9067508
25179000
16054945
43685820
11226329
10142278
10105690
49759344
1299777
27684030
2207353
3759619
9928115
577511
56695950
17820481
35194574
70713005
31964660
1874746
5994124
1624850
44732917
983028
33642650
29283245
4552681
20077934
73149195
45399266
4618531
50710580
289455
25487094
46778220
82616480
53151217
21834244
26495360
2166369
15289182
11747298
20147763
4255698
54295714
21622504
10986517
6434572
78408011
7796677
20745829
60320918
1030944
56385151
9206170
43934110
6785525
10293035
326346
2665409
64552632
14009064
15434548
2662166
11901177
59962954
25846558
22599035
12758784
7222151
33589381
56533557
41882228
27417567
37504541
4614367
4513896
2295920
711222
7681878
10286349
8780353
28162153
23722675
30497002
82868375
16857297
9978578
4972247
67606023
50682855
20877329
39322222
31886765
75686409
13874157
6614466
3009740
2855404
27936402
12604737
2040819
94200101
13276922
5880878
124798
60640570
633794
7219339
46466661
1375732
9978227
62684761
45549244
212834
1950452
1630970
11562610
22121915
20683042
61389727
1089754
9526566
18105082
22317617
67003813
10556503
21145117
10843071
21268906
43317866
4521610
59294501
6303265
37676263
17150602
54732427
20862336
644434
18438844
8285403
29764911
2902748
3355168
2577852
42011229
2720230
58605599
10205242
25668004
3823861
4852358
14730768
34544387
3325282
29324638
7722284
5208550
7455343
27280830
37819561
70818370
20042039
34657850
51484046
4740721
11756829
25333640
6884220
39840705
42094406
60665163
80771
2416080
52653895
2866416
50995414
11334680
114695
1130881
6338429
2804929
26447380
2123787
2756776
30582738
7590369
69568751
27260414
4326071
34114456
22040114
13385699
48083543
28537752
26366088
15173256
27437348
14821771
9346224
553325
38990968
42658831
152641
18787628
578487
1509716
73512665
10037192
40902058
66021532
18755039
44950297
20103588
68424650
10375381
36674263
4924877
32959956
2184901
1945010
6945670
488503
17778197
73808098
7234513
15062399
47477432
15011462
37516984
50740711
42874683
28439310
33022821
19577246
10853306
54830950
55235035
13506523
42293227
2447828
2944871
4495755
6803061
23355729
15199556
50933948
35915295
12162717
41873978
11950275
21079165
53778498
340312
26956861
186416
1894370
790130
47663107
8440841
32016858
30680470
6735147
59600439
79441551
69429623
536816
17060534
1903852
6315532
13340525
74232806
21013317
32200407
12755202
69583264
53435715
40952030
63491290
36092337
57098858
47629115
38680820
21747306
38182827
14665435
23619024
11069065
23611169
3527899
12701924
12307949
59235
35551981
21806882
53188147
17039449
17857515
1899305
7727935
9712609
3812908
78467682
18854932
6784729
25949197
57149906
43077241
3438910
17740303
62072482
77815820
2617632
10262172
73866722
19927939
1260344
9198126
17198089
8717746
12074345
8340834
61869127
5561846
48502963
32848219
67473948
84442607
64494554
49781799
11977291
38960564
15460752
62469214
69513243
26737036
50952896
13287132
31843140
2601584
15406612
32638735
818908
53965741
53943781
618836
63612499
20095133
797709
7729210
93031474
23315483
1879490
85935661
55923695
39980245
28871388
24380262
6639363
5308063
1400717
43850782
36371709
26525033
46959700
16083046
145027
13847000
27563386
711516
707382
49284590
89562039
83622772
59004251
7203676
83208067
55771088
2508949
25230020
72566327
16292954
18696157
36449194
5974244
1456904
16392356
26891695
35685760
66251854
63680962
4225888
32881350
11845257
5065162
60781024
15083535
8779605
11083048
99948655
28418767
755678
278251
4116880
8703056
103200215
4811328
49051055
107104128
11910278
85965295
67522871
28989245
4864057
21527
31434122
51326365
2216034
21640773
19564830
10206236
32970868
67025721
25134166
5445047
89116908
94043214
1388591
108756220
57993662
61084745
39310637
17463688
77715841
65988179
68905900
34725153
796317
44371490
38701516
43569738
26654400
26649180
69796270
6801231
44174069
7865059
29687541
24744442
24592911
86791780
23733690
605844
19267622
37746661
19829120
94100895
16262604
9191730
10308499
82281101
4926520
13692471
19249681
31163446
9011934
109608110
4091508
72140630
46792552
2398863
40165396
12868644
99947657
33570464
27446737
57355810
5231915
35761973
3138066
3841532
19678110
5986222
13187207
2325569
7610348
34398350
54033023
9036498
15497824
38511901
37906005
28655096
126784611
10924685
11011142
12954678
66235078
58084540
11355537
44916375
61652597
8111151
12629739
23972421
7018198
111516837
40486396
88926780
7997834
7674991
107527283
75579761
18415846
21414102
3666638
48028624
22069354
46923699
145965
26430807
921313
9690571
38977087
44668725
86126210
72628764
36039069
4991751
9528679
4396644
24978004
101312908
1976768
72859304
4300518
135599
67587110
18884769
53635939
91475822
28063471
7986844
36504166
10552950
22957283
41959140
33979606
123973832
26032784
7545599
42531800
27460843
29653601
58177322
101145957
82744444
23716094
99352622
27295217
1094863
50046960
80686132
65290299
50353248
69128
44317873
60837438
81187045
31560446
4456439
6207350
56388147
19247031
11023508
5585694
81201553
10407199
103752614
46323872
990871
540583
37361928
86412443
9977440
55621395
20257923
51589398
10448426
2356119
35831773
8945141
11076106
47649933
16384207
48618054
19719119
70316140
9295330
94845229
24127468
4859654
79866659
25098408
12709882
81570816
701034
85964851
54552510
16908333
11276761
5875989
11656699
103260384
125610015
16023036
17536794
69744332
85761943
4187817
971235
22384606
21841641
78211177
110773702
24779779
13648734
60322683
104762
70251118
22180010
102609210
9522516
57154925
20258718
8046680
4143704
11587705
89243239
8072602
2250020
8885803
60978896
6433948
73292063
25571817
2534384
1977006
96324730
3688085
11169798
5540200
95256838
62369217
56471805
5911343
46163614
127110561
3615910
105582295
35620106
126231202
109425538
6660596
2569553
4853015
71953698
1185255
44519537
8585138
23206839
67129366
15709130
67035043
2042595
72572863
10515852
56497953
19182438
80533438
103748943
35862706
10184501
28122036
43099205
47386304
31235729
11625070
24928435
75522253
72126700
45277829
7502610
10705339
24413552
21248242
53243921
12819853
40490181
28273562
28653157
49885
39454550
11504398
38383667
118112265
21336024
39521314
49327009
68008689
1446075
53084150
29939114
4057048
121896583
970026
7490791
50079056
48743067
22692105
21056473
21555129
48764029
69733307
123674546
18465067
1267586
34899406
29000978
30562206
33662429
87901362
35514160
24520387
93489698
26146578
5594040
7803923
117660897
77587008
19581268
8346601
60354038
65182384
30479516
3043841
57946488
23970828
44493731
17250818
107108580
130878297
51324337
93271773
37456859
55199208
56192097
56326522
53466378
2145505
29814912
2186461
17399152
44042461
85683048
62639688
1215235
57188203
43989534
6609439
99139564
325060
89571664
16813753
51786285
68354587
11917919
27524319
68628368
2714608
73948539
18619649
20144155
47590714
115922079
37568959
5534448
1062420
3018635
1308192
6771555
11431557
16039275
27213168
62740016
55155074
28985699
43781324
129028816
36321386
18000442
80291470
2356023
51969178
73517549
54341874
44351754
34723403
69700749
17276733
18623524
63525127
51990842
107141823
1318814
24815623
3442895
20614694
32004467
40019809
56385
19006271
35190020
303066
1531559
25797182
92863759
18422381
66629950
12807162
59389823
17396935
8178658
8065718
66461005
31701796
13618302
17363010
59343522
45074209
34904258
11308939
13898299
34711925
13971832
30265543
11636876
45003445
32251116
75415112
59948230
17072022
31999555
15885206
7770080
7529730
67317434
86192976
89195540
16916650
87278474
97806689
10490552
133801821
7360020
10306119
88364053
73360780
22735507
3989201
5945756
32671990
106339854
990846
3986690
66402724
41703885
28283176
19743538
16922643
3100751
54701986
58475908
43397895
46474206
4302729
59885675
3336866
53998243
49723775
106285605
39059231
1802266
11645967
17287687
77665488
22496706
136740103
19132062
132855385
33626092
50925558
58576294
9697347
6085018
18274972
773621
593641
54527710
17901186
17942360
65534524
40427352
1166459
117386088
60191795
74209965
15943701
4138607
50814939
39866595
89016288
10367332
6452864
72046526
11229869
51697825
34460277
6736745
67441473
728144
24062073
69687516
81206
125145263
53233364
26422470
327089
73030899
47884805
8011924
17013167
70024828
79560098
32811227
21784321
43567274
31241588
72737487
56531336
30363392
35625899
4280392
64051411
87367132
31584077
3922995
96813019
37073718
11664696
25816907
3424685
89095801
17274438
53528182
44391265
84903304
8794805
10314157
27402592
78470866
45640103
53657434
33776998
23977957
61912455
40338856
1106254
5868210
65072082
24953517
6532684
50360272
66947873
67948315
16585393
7661529
9455988
2852329
767294
10897649
4586167
101464020
30586159
77067909
61305641
6874299
35757957
39303903
11505826
51477082
126373400
286127
28054124
21748033
23074884
47509489
58272085
4566622
6431313
63395392
20982776
66877645
59401862
7195095
3298020
55526553
51385047
2284496
53495082
24966258
34403666
14018912
150931647
6000911
30597917
38291326
10227960
70258740
39232723
86491682
1396608
151064941
29554641
17473427
5639976
55240924
119990933
33995061
4079397
133633599
86274940
1224357
2123269
20359731
21977279
124626236
45501964
19028990
51193718
36209140
25534232
21694411
12565076
86426236
20348455
23919913
26941099
9154626
10838970
141807480
19791360
12144966
58353047
36466127
52988738
283492
3176075
66246803
1999414
137076770
103446053
39760209
35253781
9532123
51738247
18915373
3047383
29847866
65148329
136270599
7310442
18306397
65218399
65932551
18284223
62538425
41325653
39786271
149529390
129151017
23573783
1905486
38212417
23217519
39463031
334203
57122105
145001056
12768608
1502236
54788662
824130
43210756
59010510
32689663
60832445
94939007
59355667
53464580
6705143
5957208
2070684
1657100
3149064
38553784
4325771
61398630
48238256
43450910
31186396
145493059
14727560
23355059
92906809
32455558
70743452
11776611
37996770
145321571
32184998
49274477
12585644
46055285
15792836
36364391
125510126
11577531
22276831
22109084
54826663
18252471
63092285
881258
39661110
3395929
86389512
137470250
73469695
402176
10007084
12948534
13436083
99645521
54535941
8840173
160968902
28875721
28525567
34945838
816148
14262554
18677915
52453669
36518954
53407167
30820808
88460650
8089452
107836584
6486080
149544550
62503168
84381907
33378123
2230083
49523393
18616835
21308118
66937464
26303706
41854627
16521696
97713607
170128088
2121149
48417877
154308984
30078570
1798734
48367329
85716839
55449840
11786467
45885352
61914015
32981593
11218413
34848041
47094524
34331852
28857229
117127784
21700702
43147873
7316864
73745444
70404364
38208927
3384017
51839157
3124249
113261824
4921350
18449591
29483905
51433185
60673678
22549313
72717362
70694325
6447617
27444279
3540071
18799711
24553154
4336821
40617584
37437044
97105098
2458813
2103161
26596215
16185207
25517479
26386580
31534288
112980549
145915389
96206518
90585941
91810807
100840736
24696914
114088181
55047652
33506774
42246319
125834342
11292551
130302963
19076924
38651583
25613321
62389605
150249960
18283
46728092
127182679
82396642
188961707
2169749
35559006
12760302
39394794
124991127
18476374
2469872
14682293
1548019
52652129
84950294
57344527
63216440
23970803
19537123
5342228
75571832
21481406
1339365
9383956
130939196
12871336
5345748
62250113
8995588
47453003
44307518
10052132
16390535
10470507
5869584
38006558
3786024
108116631
151418671
69548708
4483637
1572409
25172352
6834194
35420453
19322239
55131273
77771389
12351320
41951234
30921734
1609605
5554826
14542559
55187118
23677898
26422082
29742900
9396068
19329686
108303484
95371369
22054340
102502742
36201331
1093540
34963455
17051954
17159880
165904762
97746979
120241449
72272215
92424119
99109347
107154385
19458055
4416123
27979058
75598458
28112706
8099820
50354063
7533150
11366799
90481338
95050660
71983611
53674646
25022043
116264317
40541351
97072064
81058081
26437436
41149611
32915073
27603642
43432484
7214980
89620748
51250529
12016304
71570931
3909631
23338303
5927957
59417490
27530265
111270671
60228053
55359487
5163102
112285963
16106314
72669243
9855373
63344587
16127877
112506419
25872997
43977697
17352424
24640508
1720288
74028094
52428333
38099400
21324281
21577771
17124870
37589953
40073655
1595763
80855595
36216131
55834764
97875896
4887536
35226716
62134972
98606991
52403127
35348768
22440200
109538541
138394770
172868067
24729136
45788898
15319728
10728270
39952692
52544272
107350753
16941154
31122596
117488108
87583499
14137791
90046247
9818080
33918614
1956907
5120156
72297027
60036167
41542808
165924921
128869218
121542890
9801207
27256659
100077246
54913441
23081860
9599522
1839619
29300315
914239
64328661
56317863
2900945
13152582
3550392
34002728
146395299
4595658
43269813
29356288
86994580
4106219
1037120
29296053
10184464
140589495
86992094
43795377
37425913
95639683
152037438
89207592
41262824
179307286
29298760
30437065
14629653
74314379
70809221
19880064
26797840
121334830
27868734
1498439
35580340
9673680
150298349
16597564
17088993
85795826
49762198
110331063
11489983
180546582
1846948
51324422
2565122
137073312
52375167
109315160
97754544
69697021
26066684
1654354
1731038
73154174
24442714
56875811
15631499
10203261
38315441
27091154
102140453
49331792
107282490
76598456
74493589
1237487
29378209
33851572
115987175
3175766
2827069
13660647
85739359
144720848
73872678
124832569
28726476
196745036
14275462
83383472
370737
139283350
51058160
151068543
111330932
1252343
55535470
29173434
7267238
45060852
3652575
18032566
7836670
62976306
50440178
2810257
9898653
2076517
37949586
175146979
147656512
4350703
118662932
152583661
32126028
38588682
170728119
28193231
9598384
17559301
11856038
80116245
30351696
2439628
64058512
10023043
134858114
2226259
23704036
5939174
159126496
903746
50162058
87818839
356852
93306783
153143465
64539671
54301191
13158875
111041028
19104718
95580009
26520945
66121924
45474763
9919523
54101785
66563539
120319554
147156112
65656010
28529714
40899290
36924480
44494121
7479527
57708705
75899954
131407522
136465418
85009835
22359097
51367980
165098331
1835581
76377704
43850016
84567716
149276503
63067242
26929804
78570366
28434428
131519630
8464177
4966122
60351338
149080933
28203472
18351517
98243525
62424486
67499801
12004510
19125018
100605734
78044095
1585963
144437956
135736588
6124010
40079712
54119149
35777622
17847842
61520830
21836671
44271355
23317087
34467956
60569477
52179411
48762624
12783149
105553453
10523848
39267794
27716397
37462872
113330433
131663108
57196583
96345084
115725746
18132164
57180408
66608753
756891
3000267
6187052
128783048
7021086
42030885
1742633
125851455
130378609
42533980
33084459
31586696
2505432
46976
5698645
41149892
26790356
4380451
26456832
16358257
35092325
614671
142224776
144481240
26638459
40397287
21687823
87033193
56453124
146069309
51976641
155601452
75733613
52937331
22101634
209693873
7614135
64279023
88807114
2848069
63607494
10142784
2780686
12537249
60460051
19089173
104478394
6747167
30360380
66322244
4293295
27852295
75799411
88995335
98270237
59083189
111068204
605990
117219662
11804739
106250630
144807040
125845333
51580891
116131529
40691836
9952350
18918810
34997563
17113684
23310092
1099936
88469552
131618779
98699244
75551536
21745943
33547606
10312717
169911939
115425999
4653934
3965119
55397514
6776518
64948000
1164201
88687086
100476736
20096379
88245865
562835
3874813
37615233
59011659
145289835
32293136
5706301
17788486
18838176
151209870
30064313
19449517
10105270
28970002
21511539
61834836
63621702
1117631
109692624
32579867
85929453
138852
60606835
79924
132091076
74447238
51883003
23162410
24973977
5427215
34126742
116018026
64672645
4582237
147321305
50953831
16447859
27302258
13738249
3526350
16391069
191648551
79506958
8656769
89567934
45373251
86023878
97990293
64222029
153399644
34669450
54182610
3266968
34268738
54049267
122189703
103069037
9319790
63977269
73204306
85714891
7618967
37546843
8432997
47108320
61851758
8622210
38161054
37106861
2789091
12673072
29896973
117587907
189721969
137931325
88020389
11729298
33610773
9633369
1040231
13594181
84538635
43293000
121332986
1458278
68956577
46005302
164520932
11873150
43883229
59096385
131761161
14964728
37188587
171576465
35302547
67583266
38732468
34299109
56431605
30756289
5444399
191482012
5987075
53072501
62771870
162520985
40858343
69092486
20404759
3069865
73641409
19976109
119461201
7531583
81947901
69406223
149528
44272871
151658190
89126624
8489218
48168361
114274893
33068879
7807361
139192900
185032071
81485325
15613461
18746970
56903447
7697684
167468555
60680092
36357919
87404
2590625
5987318
53946140
158358813
13896663
78194655
108677379
88242717
12298339
150714388
24182718
49062248
169495658
10478087
75036311
8945857
36789031
104919253
7959159
25755236
151867884
144347211
26941812
125822259
49825423
40257573
58720015
76787042
207477077
100537597
289651
139445225
32379223
42063551
17793592
128649329
135576802
4639071
7008776
125208146
149405859
107344622
12243258
12967623
88574460
128030424
3045766
9611813
4631337
29862637
184437726
48526651
78083573
59733898
9296447
130285051
55418448
15567535
103027193
18731588
26232374
51977181
149819365
158054202
40250997
2545578
8921170
33722677
38329966
53064994
54782127
22734048
94029004
111070490
188673034
27910210
101686966
171189093
28603783
70454543
148591416
9994842
82617589
18068962
94326460
34376900
219959301
2435734
33178926
8719593
10136325
37116515
17625671
672108
32299215
30027614
74390885
157681541
6858720
96163739
53486936
93131421
1270125
96190707
281662
45214794
168841707
35699451
143977409
197705893
158732513
18234026
150208550
60062772
34261710
76402931
389657
5532816
2419201
59030990
18413626
18560334
28081496
47644412
21045565
119937638
46959448
1307275
73594065
20589732
45548201
8022725
115630103
12833516
10027268
95742006
64855718
1519136
129564226
3739230
10948937
67695407
39388368
27843000
90019811
184795487
26266382
6395422
42456722
79836901
104335603
16018976
22609351
117025679
6826082
1416029
116394344
99346744
12192785
159445387
35376137
95142795
1981545
5458749
6807961
6976155
3342756
48930568
79739426
12321061
37381736
16653124
78694941
65725073
4869695
59681173
202880373
1689868
118296194
72571731
20290479
14576467
1201523
97497150
33384945
20012281
40261036
85659311
38663045
5966103
142453002
114038974
2758668
816221
102902519
3467947
191008789
18510485
478271
82197473
11075987
176992041
9126601
4154069
20431139
50246560
63205457
24099283
92163073
9564388
80355293
24522912
47474505
151435502
3161371
40180004
189461705
12697319
7603722
247097947
480821
19173681
14367161
62633158
165211796
100612964
127651989
45006665
33855277
138378933
205060
8317728
204196779
9373948
4960331
49747932
2650623
79549732
136034510
134292327
29092449
49954039
95830517
45087539
23484234
205354
23293740
10355518
15535653
11047449
23156486
105679629
62187879
126749187
60489184
131134389
4077067
26889865
27295290
205078114
2403342
179509284
199889294
910693
131300499
127040113
17618991
41098476
144855803
197713981
133495433
57086032
99783483
60777664
14559435
146610672
45074959
152038612
25846270
4043172
93125566
210503895
93343074
94311057
156701913
14150922
49925695
19158848
58036779
45060553
193264463
74459616
51016172
99697186
100742277
115122268
91211366
66175229
57885114
41124761
66006337
112736737
20132842
79188076
96101587
1140221
6751850
66637087
115752921
30818696
124312682
17854807
23989675
4017008
6797101
77636200
39541802
63812850
48257528
14580503
233586508
16036021
53429896
7914997
34289352
29181095
124097812
21141852
126894276
32139999
30621564
119815888
21761158
93442612
32995660
647186
103792257
157422830
92082120
102128891
48684591
7966274
61545393
97304896
52633514
4713580
81526439
25868921
28457441
9807934
172392732
37350100
25820064
46352570
1376066
35583606
1079315
89650046
69306325
147026499
94043531
189704334
9553130
14460787
669703
108394666
57499281
143460444
40479479
60735493
15997467
16123783
86894800
521856
82554228
78408869
16952055
49721021
139057330
63349471
1767029
5864078
6937185
48685517
80329738
68296955
6066161
32779
177678900
52762405
116426803
147997739
21886607
71996188
121707806
146131392
122172316
45693466
191291352
137415889
55560703
17422913
3518751
75785102
3565840
11432090
1233321
65238409
93096048
35182490
63381955
61953436
179710791
131674617
1074551
75467162
1827906
127223027
187314808
36380133
25807531
46940355
116129183
10148839
105116395
3525198
151346825
24182752
5819053
73606875
161250295
68296259
148741564
18370680
8475991
96801764
23763167
67477358
133825098
169772928
22214165
8077140
3917824
130210969
3035137
86326088
153937664
43690602
3124147
142426545
31843880
85855806
25844252
21760733
148883485
36133493
64411661
25381683
144944673
5833847
11226942
141715304
36747681
38089281
21920905
40186805
48105559
34525507
42676655
5388456
2000240
27140616
151375385
35133912
187470652
9380259
2958426
214313443
116896932
23933312
219846205
75053812
127320168
142491696
36421267
130041859
22796573
121661199
32308883
27251350
27865680
4731499
8371598
28690257
118061401
8139416
50480881
222245968
70804437
150955239
68616991
4284210
88052430
118304910
1296769
2609803
44262378
57137576
34659706
248314946
182792481
50369318
25882
28439675
146417639
114937197
39902005
56612492
81192792
184088350
31927007
5581604
129765481
11257687
51457267
93497100
631875
24375096
39381830
138585577
86388190
93809044
150168532
173018871
115117944
206416530
26930998
55958055
75769957
95819770
7270886
186172439
33747669
88025590
15477352
133402838
44604091
72132914
2613567
46391018
27485327
21676412
99725887
65912115
26742196
17828444
72917161
33505007
54690650
32082589
5689435
177355525
4563095
192944238
35289119
14337635
162036933
175323777
90109291
79917398
234608597
167226111
47375651
47166843
136183037
36275580
61393529
41648578
34524359
21925949
263762618
193462124
222846982
44161586
239778457
722115
6161117
29339934
145621812
2017013
174715036
4399627
29822014
38832845
89096466
11096479
30783719
8741550
96500528
13227166
89273126
97181276
8787631
35609542
170103709
124679880
5701496
21651249
9990600
61128851
90243842
18935922
53893431
7856075
4751286
30921621
100563252
1341533
36760083
185035393
264173147
86043582
30060460
8078119
65518561
11659058
31967688
11496410
45984395
20570320
84689086
76807619
3025465
11901335
217701262
118680873
108141809
170283460
166248077
56038961
5917087
172664342
10480889
125649419
17133035
83041793
10379377
64258315
109834214
44369000
179311485
36331245
24831323
30496589
4658462
115674960
7933061
86802842
10961763
26388008
36950465
177220199
87108994
46817779
10246072
156212479
3260347
128957115
1223357
14316679
9695902
90013499
14111946
20656657
139081869
130641043
26006072
154932865
49219474
63761507
82908007
12431833
9386647
52331824
1599281
4124531
83121026
226834812
75331641
254976008
16647212
105550610
21394562
61609093
169857925
74218621
148947976
46445164
94157398
65855104
48343046
62229485
16031388
27494861
8391652
5172227
9696506
203051638
146451829
90416031
39867747
63300688
122196017
22500635
205128539
138448275
2225956
75854327
134014510
227880156
29900793
107644254
61240799
132433206
79086138
10204637
148684981
43677023
38241067
160119380
19761342
69097163
26108544
35307109
113627186
115402565
226096770
35765909
194692790
154086700
26973571
89908597
40114638
12525271
71475256
136009125
3474878
162632466
118769370
8572539
64032055
41258608
75551230
77766369
212613415
80748073
2218257
48106860
76708898
110682117
94666098
1877954
9580912
48067503
69643207
78130615
15077893
47113997
2360563
24122861
36224380
917954
174113670
16680247
173837971
170434822
36863479
69674273
15707506
11287578
122212100
88177235
30720701
8308729
2852551
48973010
3912728
63069503
40263662
39387703
61294512
2100091
145088886
107242407
19451111
73313248
27317014
134581011
16101545
119233902
11343517
35689997
157272303
4693557
82594110
37908608
148616601
172158597
14522560
25662327
112914378
12451309
180976936
18334340
123782412
44985679
40079123
611025
925035
48654880
17563910
81529534
17845308
73561675
40953292
18347314
171373687
26211538
147907587
27606165
88806168
50537258
2643198
134098334
9109178
31973350
11617156
101377855
2763199
2624584
5830818
19528011
109946717
7183865
274141
27816622
25997452
7409902
27336964
12112392
40292471
73207980
1181280
51242130
24498359
117563834
51524430
52863373
62869115
55705535
42627340
27190820
44730632
30741653
77295041
19229665
6013281
5316589
104243106
28599285
12983984
15603833
67030561
148060387
29243065
13392002
3193214
19264997
258532019
59970051
95677450
204453755
154852404
136903010
185624150
107906647
95469382
88065530
65537590
142380709
20321016
3447930
84897777
9298500
106187400
24171928
164233729
63728986
82319976
537793
21031982
138143862
29693137
35208242
58866711
1211182
11650976
92282392
1605733
231479651
55893914
97904999
168613702
212930027
2080585
87454544
16881099
114801432
97713107
92334025
31837303
30195286
105283595
47007895
206099056
2028059
18619704
12932043
85942
3505214
258497800
29195295
55595355
6607160
93590735
119455389
44155212
141460160
8606858
158563272
186104182
181678136
17044215
48162421
158886617
90218236
154845822
23739549
318243
81344868
72084905
44308
7829499
36798800
227828787
109457036
246482885
86345586
167923224
102931294
69471491
130138248
250377414
40674640
66486061
80976250
40326275
182062761
16340912
41862968
231974415
66111238
69825221
78977246
5371165
59569066
8256397
4459585
179562347
76937017
9459978
211567169
4367796
13301683
229922960
55597931
225334779
1218008
3550465
238727
154561936
85299192
52647969
128391925
56848216
197540870
18556010
27208754
79912258
12600197
115359708
62576162
39691381
25976107
155904575
35899452
37319026
309441967
6694539
41054438
65812408
8362845
63530744
96061495
123090613
28865387
92231231
178677204
57314897
54419122
9166627
181098437
68922218
29003891
30402830
7694674
30985994
15480808
158789278
220692375
79197609
38650136
55967754
92525280
28203390
18037247
6471777
31102326
244846572
165252420
108136592
34230381
2386848
15879655
54397302
783129
141378609
9157477
102735045
210953774
21610132
100480622
73590684
11644033
201987865
87581750
142585388
125096451
444451
121007379
35994046
26502993
89040843
103589132
111860079
11307720
195155307
53354683
158458732
75258728
98807670
21057356
210159410
203301027
142885018
551604
133560707
154269562
150785370
105339734
39511041
109740387
20038217
179168674
12496018
96069970
86149553
110419273
17160909
140612332
21759333
103698128
15214289
32258797
211983621
57936321
182358211
307586305
67573813
116338616
197724590
62499260
90758364
95125330
43079799
157536035
66728752
88046063
113556879
12347226
143404194
67401454
143972998
1244739
50591920
203686137
30525663
9533325
58288105
90504584
119029354
40458181
94987377
55204544
131718412
9382857
51212536
78588000
211314149
20914076
201827994
29471070
63880387
242947859
33577662
111883425
64029498
83577727
28827452
127763127
52543493
113912766
22947327
52981744
182378126
170443045
44210372
111113636
49220835
106471005
38314707
14223032
10282449
51436476
100000290
145559105
43724936
2886783
100047051
2199967
51870384
167636307
221440171
307618720
113434132
106007424
89656852
188201515
237211166
84501938
62637105
170550300
58239316
55645476
90398370
34160522
36874396
9556422
131326067
23852341
57731493
25160814
24666717
16025211
103143747
71750708
85141198
91864163
113726672
47802112
65051550
269865852
137548383
109260603
63303375
25387922
169882198
194947366
82904771
145771492
18816270
42018048
4916067
1658428
42802323
36254957
48418346
191528858
28470680
126138921
20958207
84681502
21602857
149072030
39403965
70011727
47779139
65086399
140671535
96394779
48907183
244847870
29058714
34916993
159316559
131236591
40954417
215694305
13393021
46113702
1863277
161677093
77866450
88646126
109323028
308670372
162166158
3761739
219323194
37440282
3515265
25612168
3571867
2947739
11460030
292559219
28545342
265863362
67795240
84804687
311206692
26515444
28117807
29517425
121976526
225424192
231278893
62593735
12029333
210329939
34038561
19558588
234614
106881177
151515683
8926315
178318079
207713584
231004307
28019462
186264167
45599586
77722101
80853454
144490269
80177979
115353544
501089
8658209
25753350
2156378
57883420
30180820
68279078
280197688
265302007
524222
37503006
37518605
145174065
67519469
39501419
11397673
189212538
111685990
139638010
57755945
35175207
3329558
79086903
63444251
79083617
236036520
216453708
21585468
28191895
143732310
190399530
32804817
37412399
268898992
177589505
25946768
235417717
8400683
233783996
63753362
4553906
11449231
37274983
46044122
4208526
89727059
86322123
90589791
299365661
47958268
32362598
202632767
128913319
123023743
13871723
5184328
156621089
34040133
81875260
9575936
32978286
6774902
61993317
11551497
37190968
41754227
4824255
19406843
64597860
30798580
35910383
29290336
135679999
183012769
274525470
47386185
31888587
16428770
61351514
185030411
80538398
25049399
42945126
37993355
140635827
100465671
40511866
243463225
56499393
70579650
219771613
59498
79993404
267560929
77048675
21582122
148317707
87019214
876053
30187176
10532343
112073806
339149399
189176883
45529012
202010369
15845929
24986883
171498972
29232150
19909623
100882019
19387325
204714061
54364080
22799931
90435084
163546002
57117108
42628180
20480734
109456915
2103667
37189042
146961243
7181851
64491749
99603328
114172824
169736875
131234278
61574451
188786676
133482563
41712285
107961346
14346245
24603389
78015655
105885749
65383058
62835753
85506573
93129159
149102277
52388305
90676409
33297607
151520571
9053531
10390669
26195414
63892029
29626969
11919588
726326
81260704
67327395
55277994
163749879
172057903
1036248
175045539
153380
153275760
15466786
11462035
91382286
304074399
219131579
97665591
193770271
76943093
27376052
35328081
14102798
42497322
104007779
42250221
29241591
37681639
23179885
45622772
295772241
229967220
131888430
37355928
26670176
32439368
122690027
69384195
266157277
100579548
23732071
61850631
71247755
4847578
525449
31656102
102392829
109496456
31420272
126100599
39646481
5876724
169413301
95513223
82961166
30596467
47853054
172365692
77721617
2979200
174824019
69929273
172889693
166689504
252075797
73490680
257560329
27016606
11052850
61957853
8526925
69871305
144234379
132201849
45683458
63281727
143257321
275693573
23957015
88783649
15968669
90298124
66141749
43750238
106445652
172606778
36516078
77326171
66208365
169496898
13680308
11031929
229016173
66269801
263711701
10238761
1425162
14736243
19177556
6966795
121964956
222507880
176517218
33077705
13055597
32829153
4136548
198974992
66750451
68403617
1323456
28415444
6500241
57131621
17135932
135246005
214998588
202200295
183222401
176496913
125009190
110136290
19169460
58678836
129979928
71426613
85117731
153090516
47942459
40243902
48704155
40852265
77012548
21218670
12945263
27492180
185724899
14183995
23438484
31108695
77092182
6411622
128903740
7697291
96964843
211313580
117083853
51807306
189890103
66670966
75448795
107759022
170252116
121487784
28267963
15112791
18617378
27622396
52530411
307637518
185781099
102568172
50767276
145525761
19120221
58629123
8254764
194157464
249932364
94334829
56739288
230928220
70772307
53913058
54054471
66718027
182046661
31676389
209602728
134074984
204232954
88164392
41885689
7199995
227091638
7119345
289250942
5470321
11169378
221305395
754831
58199202
37588037
99970846
180235153
67825696
252239627
198290474
9612185
116236599
39114489
73109432
52667316
38262465
51368413
79266796
10255394
275878216
2718755
15694871
33200435
61518473
113066134
314966452
106301102
108982579
85551562
88999416
65046214
93348650
74006663
221855313
75669671
42065142
199756584
36924644
51348552
52435830
16519288
1992813
61342503
136012610
108311010
163111069
86238329
94553384
11827657
150378928
32338587
4781693
58565949
570022
76542520
104790541
208180441
198257996
200444414
529058
21435074
263233543
158800334
258132431
395960
7005706
144708435
47172734
32049584
10484228
44264931
150136965
70326851
166146781
73259205
8183380
65627139
111035310
94406285
66131743
39941425
79317379
9953432
1013956
16600710
81183654
146602524
19506735
93288358
19422302
142657021
23024939
70070525
142813046
73110696
18426764
100894439
6705821
21713152
30656436
23157282
39191956
117073850
63544101
6570644
62799734
32220074
78573819
19172859
50041236
1664724
768623
42820418
8511371
14518753
24846150
95124724
12158093
208447555
15080229
123002603
14051287
15714846
84346300
104057547
19046547
61170928
1104325
328221022
296277
30773549
154318833
2905787
107911800
111827164
93872097
50028382
367211910
12537612
39679578
88644305
29644022
212323124
265891224
81929066
262554623
107492630
151326050
118648088
2760315
9017718
112797118
264437428
33984167
169802014
203141262
37366285
207639049
97345172
116389397
108622324
145439915
117667803
177514065
32773534
17100629
28784714
2003179
11178749
2485176
202251416
30362203
15275340
131763806
31129914
24651713
66723076
98280676
2003287
2867190
6052522
277119508
65510139
119573168
77786772
52230528
2780889
146022651
66497137
32941615
2861058
142296846
312718158
2086366
62772594
156952314
161606870
28448512
34487242
103501413
254671949
312337204
227309994
74954393
14992974
130806797
280099499
74561690
87256552
19546342
43907636
51094308
169900717
199477848
36584614
16047361
2704429
74710051
114837767
223596427
299935395
1920949
241319701
34334587
5040873
12640338
54818025
83267964
128082048
3133611
5652587
311694028
40091490
178034634
80001858
5929530
70352940
87011
79040005
161587231
7993018
70289872
159015527
13362567
9652722
25168574
86454044
65989178
1420852
284678954
40479357
78221694
51701690
225778622
58507878
300497974
209316820
37355795
53871188
183323971
45303341
71835843
357584367
156373478
100730388
236146687
60252341
4168497
68475971
18550967
140734738
36894371
86948024
284437757
96132204
154210423
82009575
8628039
49285403
136121450
38175989
80731919
30875730
136883024
9263155
182498607
153527162
93890497
7018817
44075289
59997471
239344723
85739281
87790473
79994134
184180861
23254586
57304212
10134822
240978629
14672970
177715896
15320024
67174606
42201772
3119614
25675715
52729836
49337632
23163922
191670043
369315436
55844876
52638406
23441692
35257165
359456240
191782523
6321498
41778888
209634206
18593642
231904869
197637167
6941085
32208585
1132474
175073718
166873702
8325164
56328943
20439025
43723603
249368363
70977554
156618023
41762827
76809211
74124168
80721743
65123723
175409832
100807643
3316146
108161552
99282251
51886587
7073421
8406008
33488559
123028256
109124
6508228
146436019
167944388
149692528
129915175
83545964
45040125
61458529
89217993
247550054
43147891
12435084
25488208
68648352
10959445
4251116
70507042
238657251
9775583
215135857
327432567
55012555
169329278
104334883
184392348
204718529
4415883
63041003
76578035
64845750
140918372
284402991
204232283
58397849
164749193
107237227
255261
16246601
223171416
6168117
366989877
306344437
82582372
130842568
35541300
75995422
180207743
80865735
14011871
228752449
2590413
772930
166354927
246474457
117673513
105633441
108704216
110132533
313063839
7965428
29614368
721896
274859501
190185859
146092821
96462348
9905301
32241345
252054951
273204734
38125388
8875447
221798748
260691011
118072314
216388732
18514339
16815009
167174912
128727868
99226191
28162088
97555701
75157498
32312076
7440505
254624428
7541233
115025879
79205764
33031004
189166528
175917410
313803196
19175213
13835456
4412360
148932854
68626967
255480123
335057644
18280780
185644529
186823339
6955828
53405588
10344225
100379000
38847972
84828977
99527171
179728958
99453390
313278430
230109257
349559860
123971346
191691341
44304332
11103043
8536428
42712565
135427676
352996005
55442440
49014648
128538242
61251845
39778941
32052534
23643216
325346100
10660399
36825512
49230351
89206890
120911713
10431121
284279840
62319100
19635572
37469237
269568204
20188569
77638324
62594873
139826677
9074016
48503323
133636229
17025555
15364831
9743429
18139734
75505706
321725287
26689872
64340710
98462364
37601539
20630982
15460889
142651441
3097338
46189046
40380140
148094663
93619082
26093985
38187116
212939843
6518150
14331999
120634077
1752954
251217032
205050798
53585448
296817244
104976947
290979760
649913
60826313
158214656
136913451
40118173
92113255
303723807
49809487
88412340
166074297
177623947
16498075
120207320
43491780
47349231
27831160
91542042
10664072
69073219
46132353
39417887
9634739
204610860
8139835
6783900
114681351
24417198
77153961
20798365
208371811
58841912
5536859
2465040
207777306
343759095
99109663
37839437
65605116
9373312
151033695
165956227
86797988
27701388
77303527
284060084
168740614
6169643
288721156
39919764
161717832
22533478
5931415
289478486
135040287
204074283
35566883
116598680
303120082
270542095
59466989
237170183
4306567
1482344
345020251
296142505
348556670
66533865
22618519
148383694
110090552
132434136
27723991
7239660
54153141
6952113
228981801
35724725
60579016
43547358
19006773
203320306
225033777
7585378
73418347
73661022
34737749
14937098
11626471
15060643
34935042
324433950
28034074
227283474
23449217
23692576
203968240
59287365
70827659
177939489
162694037
68645697
63423677
107409090
243968054
14412925
62674137
116514507
154392989
16357803
151691974
50054874
4826654
49183913
4263894
50283638
22587564
469453
265346642
283087067
2526584
43005743
8211247
23673619
83426675
116583830
81084316
769716
68121261
14099306
52194713
86752189
281243874
220924571
361534666
278295531
4964348
10425518
1418366
65106027
32109379
78269431
85611988
164028208
112438366
85526469
111103144
57880576
231727727
7361299
255764712
3508074
34739932
73528425
90573155
39185871
8802352
87274765
15247596
129939228
304992248
75948197
138724412
94902947
217822497
95050961
106051943
177156792
14659328
132553388
133379874
70659414
11221630
61374743
12107964
97510347
72571058
8137526
9148416
271057724
74877122
28003922
17133758
204881303
153205483
89720478
111111987
266387233
94429322
51115295
77674905
117590585
27641902
109530276
90493226
119363881
84726
106327939
16112920
4359445
162203770
177663134
78258334
254766000
30666198
54618535
260116601
14665091
32992277
89631825
182292696
277823320
93890845
12092369
12881559
107385775
3647030
9572281
214099729
155817275
178846041
126397512
127563482
64774422
81357076
170127168
649936
280746317
6929090
144736207
79437906
138740854
18780318
1500757
288605053
25301041
61903995
235040476
422036375
31984437
52396986
26010937
5818562
152558270
160487971
196040026
57790114
4847676
87284305
49006272
111814819
58611797
49284266
126562931
121808984
163318381
88070887
41539108
51213126
169133259
94203902
197246930
37314271
64115836
5907651
20599815
44051116
311729885
164437808
11704550
51057306
124829100
133530947
268779032
21346917
67318547
40558458
415425538
30475928
110162897
32301562
31342915
28550598
39446714
27961509
12774003
224504554
124408612
205632631
100413276
178138111
45626554
147651944
34730337
89698026
109431602
135221110
18481838
351205593
139710453
41184404
54593069
283013659
31919049
45507859
197247141
44170240
118826843
24365398
143226326
157945398
10038707
27553229
41499101
18163525
95494267
35011265
78930758
211310947
73062455
23752092
287686051
4323317
164485783
20293837
301739988
86174885
325450722
99226335
32269221
12374705
179071301
153745594
67923166
101861269
83127019
316502221
190807358
110821394
141163296
27721719
167586500
134908111
189997798
69564986
35515164
41000951
247116727
27044682
128420570
161532992
15581851
198906676
145908651
14300866
35549314
173222874
103768693
40946910
55860722
14704127
39712786
139201468
140620734
76318101
63501467
28448871
74373464
7437627
89650242
32881515
221628759
29448843
150731037
1092380
271594683
299663191
179245305
34209257
180521586
126291111
398229418
130755705
165308598
240577
125114665
380913535
4664183
262209338
72816911
8043450
295561519
210012312
246582357
375629869
214837319
162102990
80234004
70322834
186563976
321388689
6670021
112777163
57541590
46620792
1911066
10768775
297132129
203216734
81090392
86692845
9268629
188638005
101915703
182433972
196832519
41519321
352260361
215217658
21806261
251747953
120278607
285372
38589002
123229007
39445639
14496887
60846679
34729090
30380169
2461026
116910036
72436583
151032893
54690720
318390686
16629583
165654214
47832169
140853126
43596280
245676
83599722
77689188
40325255
92863821
133342787
223612188
315303526
10599284
75224555
73466289
208097786
233782530
904552
404157270
388756086
314701080
152614438
349934282
282623739
65424526
135407091
425975294
283244061
7330955
2693841
24771073
112897650
27410933
439147962
115488626
173251318
49763077
292801381
90201432
26971913
138226858
38277193
253098306
53257111
127031187
85045624
4527487
4744977
380844666
3383270
205429887
27962852
111736753
34340182
73068283
34228138
269427416
74276805
8890251
18602039
75404824
5044733
125078736
19683519
135890873
5526669
42304024
115444106
97904350
169063089
15523428
40765404
294127295
168063123
251486890
92904208
107074314
16689879
239695932
21588163
64221436
5197553
125363157
19688604
203205742
228535009
52518429
54265586
21076594
38965475
179929960
230581883
50210333
4455896
101465122
128856066
67661067
35154418
15169274
312886459
33654658
4643667
248021064
48352314
2973883
2075325
234897685
8370522
78319639
319161851
14867490
80974268
133030043
339028689
255354322
32625241
165938153
118047084
202913420
284743624
55276001
112434370
75201189
315133940
55917014
19127630
184638732
47654869
169132861
20794652
65537845
17622866
145815957
232709865
57378963
73438251
44604724
83146405
24833548
50590326
230461221
245049133
76198154
156101895
35831201
96746476
82397666
121404222
368298463
292962683
92392905
5024024
224658253
165244502
11916462
229279631
313704251
53727581
1870101
10345006
134736467
8812876
16471889
212131204
142385762
57625472
1796547
308213354
107542883
104789753
76730989
125609244
71435583
5953597
230980609
45467129
206388397
277954421
148983181
245137730
84262361
11017
66532712
181247804
152761778
232939352
127532429
111377994
63594896
61458244
135699951
178600383
131620018
41331522
6653373
162004964
51509642
7069703
256155848
102276139
367501139
272867699
96594632
134335960
98788420
106628568
39166276
73894171
289372815
165848990
169723374
7895256
65150104
176186052
168400547
61004567
13416105
201865177
79873594
93845472
248955364
57336689
101646194
214643623
90328545
27426428
44217952
299571796
163785235
108601187
36006648
141985749
136368399
15440821
9783235
19310344
106456088
330877162
210636008
75404869
271784269
52574455
96302430
75110932
55559064
2927512
90035724
203624647
238105434
354748096
56525939
253838381
2769103
47556171
262357305
14598420
321175566
80590424
62534346
120867928
150134019
53317156
33698021
225983482
156966863
170600401
61669343
76537171
141756874
176866807
378580124
111335535
328018505
54939171
46633907
1936985
349191596
57778135
63407104
101949122
30039833
90385755
163575953
54569320
389625259
5289348
86283413
75117227
6168847
103292948
159254387
58895971
13261039
204856663
4991126
93440870
76427785
115140234
80635538
38579620
183190902
163021548
13324308
342068116
391865760
451198688
182338689
2503289
66368555
27532608
52779536
147475012
49446313
135460783
76142501
11552462
63132773
23166523
131373219
197736070
344165600
54869471
73046878
224229295
55689843
10892814
95100497
209503137
34857235
4955275
410771110
104911205
326481305
282213440
36726112
258839034
19997912
86354779
237287780
253014708
206103583
139425095
250971782
4947585
102511102
151808375
122250365
178010740
57242356
7669136
25301587
249449415
187133888
173978732
103092569
14246583
132412095
140653198
273073768
118264148
168589586
165430009
41027310
17718062
6275084
192889556
341653088
270576193
90194071
110001971
137262074
33078846
91398799
158851529
347230581
25832779
8977374
26155556
159446934
245168053
25279927
331543538
4828400
283113076
56722438
22582114
132141388
90310760
163318137
7581358
77746715
1007453
54793789
320906751
209880238
6952067
72908797
130993658
5112931
39745795
32552916
29325886
10346645
102055215
293024755
84305852
9696981
146664452
115369172
76801651
116310926
36253408
22365591
154766251
107709739
47409803
153482987
321237132
238030506
5881663
248508121
90696931
21773729
221956482
342174423
210860938
102160249
336491008
25204239
342708782
13243778
105116400
96069559
118568202
31649896
101712154
190927824
20564303
84771146
27108261
322913443
302065936
2261056
20116689
50666747
229939954
2959979
4331767
86243792
160872701
281130342
10910246
59530121
71610726
270289710
235985555
108300619
196876392
186869861
145753871
129071989
567352
264587637
67176774
218716668
43290610
276297533
899770
195597911
160501227
66068403
194451246
155265626
70269909
217535255
339202201
2934756
246601794
16657354
292985764
116447
319335
30631206
82839953
56700867
74695295
36603962
267671862
206075787
15237059
15800894
108672865
95119096
3415319
64299325
58178489
105625602
235967500
28483899
104317023
209024134
415609701
10500434
27533189
3577207
60227961
67296232
232801701
168013820
2438109
39952505
77820763
20088516
41643846
16680445
56563737
2175232
51090320
193854376
106533483
19417276
77451758
125267453
62410650
23495789
29578964
245439188
15372107
63500591
57577513
30305759
258313609
240355179
102363469
261615687
224449762
118670436
42455697
8165359
117512609
142301109
240604023
353441881
368729109
95932261
259551725
39537953
72629411
5903164
350626001
226081927
5216493
171372950
134194083
13259947
115192368
135121155
242962497
240136599
10062649
8383198
440145856
97584925
60304602
13343919
53250287
54206841
122860401
24327362
257165048
77380928
174897998
360273372
167115273
34532607
12880186
128468842
62369964
94784516
332617831
962350
50478719
31840504
167150202
83494456
12161799
114636391
267330405
271640538
66197318
36826246
328135847
16610775
5758295
175396006
106174417
88634670
145357889
37834398
44046363
9960499
161683781
66752937
5860477
70924661
4890358
61192457
12159164
217380198
55080808
360370567
400941268
130861895
336627429
143789397
416379977
63416415
20738853
257283786
113269393
37561757
99310155
189643025
51582365
58083407
86328298
73952820
186464502
47760715
6971601
217376580
150980509
28531726
139232399
298588976
133125429
32223158
166734956
448636998
10302412
214033704
303152722
137733376
81911858
55896401
16226174
65131077
112950630
215343209
238521618
323337921
14808221
103610692
1263141
153940632
97590853
244750153
131218773
430380292
33598521
82405670
38813212
16595894
284762484
332700707
203458141
128468057
54380707
71799516
281010203
116861674
12382472
163686678
136274508
213981574
1460095
27598572
37315880
8481065
63603709
180707510
31733454
102946946
62793759
524135
210327052
259995424
195534468
200416883
14221489
145812355
26018892
16687163
144902943
305214592
22031195
267910095
474433941
4253671
85062472
152797932
181325962
107559879
394929997
17794476
50453518
292774839
205470542
54471821
54874655
176826431
305032670
185320546
350079474
81380280
267912288
29590555
155111658
10040772
56697882
352713
27260548
469404773
1962182
65661610
46366571
175617941
25234663
12003231
164995383
116714732
171802698
99201299
68938230
45160796
907255
268594030
316148044
373418587
110108973
176771191
202905758
394283251
133682724
23646276
57878029
165321209
155047951
258622513
26569658
141745377
70216827
315430250
24372789
103250525
289924772
428222692
274196370
124189904
368264200
33001039
79364899
259499779
244605401
316484871
89412831
277213923
145317549
110160855
862902
258602226
125895026
117419642
159551163
20279116
3845732
77739243
49745669
17927899
82300661
139476760
112251883
17329996
287159848
194476603
45207132
386095227
8945239
359551146
305036838
193356212
186512685
16617518
18492587
378090886
11257812
202597676
27368516
455960176
43987025
144159510
15570432
150996579
95243006
24605878
164031262
38056091
21241497
24684347
54219008
93628536
112318397
30108053
250030536
44549746
170763499
5280628
6648687
444601876
152075649
271588016
104336417
52757580
276659942
121037751
69518503
38709945
33272945
38913385
204625390
91393607
40390991
28690495
98906471
405819870
150606095
117491805
4797272
268966346
356208066
236622319
307954504
197471711
182794112
189011315
160287392
170872786
100965057
276554617
15051000
30934047
217862484
136656284
14258745
33140065
47985880
10772176
249604145
91789516
15331308
143266986
76535813
135257516
124850992
40277400
91255239
5089745
21763287
80360550
323764248
39668240
124515257
243691879
276877356
71640284
102120390
332061306
7846636
94987954
68074240
230375879
197325
332313633
101205164
4384739
149734813
38706847
46013378
51048100
200039749
156981284
138019061
146573922
367467459
17732006
278593696
59229449
93348256
2814539
184684911
62184671
245859981
230151729
103044885
11540469
99660790
11678493
426640609
129974486
510669266
26766110
53841513
15682721
70597165
43529519
82035221
222259614
82799413
19845236
19716198
160592017
389879695
83546096
21385749
408367385
108362995
69086384
116594757
9301000
297257350
35641506
33973758
138355538
63831518
66620792
144699
122698136
5068073
5651147
228710786
220772092
183008323
115352874
38881450
181308398
308484470
132275512
161433754
225972998
230197430
109696705
37751176
222406510
15504348
175857152
38225060
88414715
481271
36922776
82570282
121573810
351315835
35265703
256727682
35828139
132120254
91812975
34684812
23489611
117340010
420411505
43000204
85393180
206514449
66165970
118365548
135046432
202360033
114547807
328437780
147207030
34804506
26998407
452193013
4120256
243925585
130154264
97586559
154440536
118335428
88037447
20696083
4534027
241887263
2204234
46348293
2034539
327284259
1263851
80588599
72206949
372036392
71122690
30701784
24463955
49445486
6181440
62196184
254037946
60389402
56973899
52289512
96656759
407775778
3469423
488588041
210609869
250142434
296695182
194713970
83343091
17321886
168977190
35491404
141230953
311733510
218741951
49941418
211362575
231540304
122327143
140025893
102916241
18692730
19126864
29872708
170418167
312039526
3964185
115045501
312486380
31319370
11675513
60030038
325850826
70791317
23100893
227375422
11940320
183888576
41179160
158007411
449066629
400338
209480641
404010550
102997282
127912543
108990657
25136733
52163193
89146634
1983792
51521589
7537726
1161159
73941262
396308342
363206956
184280742
150384634
19858703
16852323
92177454
3397516
41182085
46088387
2159426
149171397
20350552
29628330
171420603
63520711
144484185
60899303
58527237
46954195
207044849
66062741
18784435
11046069
59500068
42282103
18909721
58185263
254866005
58144862
40013596
9851387
16320223
137376774
98782957
124767856
31064624
60888380
75820356
109974725
185058563
305407029
114310012
111285810
146972602
28162316
433992855
130172734
65990580
75032275
42855573
167125500
153209182
332411255
10062495
265701657
40588003
158174889
290262856
68516387
409465512
44575296
38980478
229424816
279648833
232267570
16522148
226224897
211527017
6067526
181397000
335967527
64258494
49650854
4188309
185107744
140452926
204089395
284027943
10683357
97566980
202263880
91650791
79049246
17683077
56121936
88284259
291061970
0
280042617
69426649
28806131
137355401
50319206
322422606
2730016
14360649
5370453
303906465
175764695
29932753
14379236
5479259
97483397
12477141
37451
18298583
88217237
248043892
83001445
41396553
196485915
81663117
6269447
243317069
152318532
17883840
28053007
4262011
168969928
391088865
36502643
397363671
16058382
44400467
132989221
533375
109417097
150325773
329550513
225828742
240851232
149607338
306365559
280659565
154328075
29051349
210483017
71673828
15026376
110264814
23923246
522638821
12788315
71524402
21035170
80623
84842056
18962356
127175730
96019207
32571422
149478810
223215842
74842402
263820003
288493852
57311987
119190444
87765795
143402295
17709462
432262308
130839749
166998506
64080214
246607664
25778415
449980
277201296
61435956
299370450
91946058
109082096
1621060
247923313
4888149
60241839
255304179
190416394
77035575
101462613
143039387
340380484
124654383
41140087
108492647
118232385
29689050
197080275
325345435
5392642
29221890
216116297
24920885
163308072
208465109
145006085
236631914
176694489
1475039
263256
388510301
375295373
171221005
98058461
60942143
28905881
132086906
175353048
22534763
130368017
188589603
106893739
22617695
29660437
92661982
311020562
451881975
148878602
36984640
333574680
36845016
85251274
112154106
53942335
187738111
216389183
215561361
42016747
349031141
3793402
36613459
213123254
147531819
369593755
28811255
95220803
349595584
107531806
154229072
371159218
109045900
185452464
81744756
153160414
153939701
65056389
48574392
408874175
50128253
54591884
169071079
33325402
142239262
442512450
91309432
31595690
29824006
447300948
219423402
42326386
82220216
181739916
77224565
136495908
207861840
280058460
131190302
136760832
153471064
188904886
155844730
264670143
28547609
234902256
19567672
101786196
172370024
46404755
263406920
288198752
32160743
87168442
32752780
146911933
25241384
380713390
41733776
338081394
77552729
316848573
15217327
23578946
36457538
346012344
146013193
35422176
209794934
115914634
93524069
27205672
144462004
149441608
35099012
75663690
255198995
39230920
94810236
380396326
27636152
60504914
434576264
302040155
14424778
3034471
278596934
154466542
197175913
335448130
211410291
402300580
3307707
14259090
50681312
118480980
112700430
337623703
198622807
105595434
12071008
248934433
315042073
12761505
43680143
72700440
377922830
208522755
391631905
300366943
277975266
95755607
19788396
334453246
112332343
308733801
377005622
157099064
6103718
45758584
41846279
63499614
159582011
183072764
178157250
276366186
269988536
456788830
245965962
212756885
270182996
40419948
382708346
68710907
65417001
187389013
128669733
218558681
45733688
189910466
175701079
71680948
330162221
132789286
9058727
40495250
17214316
32585977
87498039
453880193
20674288
169313888
59985057
89307784
115916865
190864443
213282247
44557130
76198473
47720414
341949906
267380408
141292354
92866089
28614862
146906306
317355542
85971844
99029976
101613769
439789862
162280224
300756075
139777206
251928790
6594458
402431022
50484204
61657399
49377140
58924434
213757200
377820827
66215279
49502167
20217792
185411270
277493713
189518282
3844757
28714628
502558209
281294371
159898923
92763842
188174987
383308506
63085831
203721874
115762989
285351425
97308862
325656855
21094413
5543243
11538501
281118
42909698
216064382
124205690
38339032
151362932
438918899
242119539
250994519
293048747
32995523
28606462
239607122
379583214
11346067
96823206
12903661
7078231
249695304
17129071
161074420
73578227
8930256
46443856
378548433
6440412
172410921
110670515
29585189
142947397
68962631
118454421
29224937
142396201
32640818
72931249
254524942
6269770
74800289
239144657
199275463
141322956
95212877
46184468
32207255
245037326
218856867
29829973
115883649
31434544
333994834
12634809
16340309
281919228
16146070
383000488
62259527
82234943
21090491
478509785
50560738
4928947
154128298
19352320
1966812
201558587
101762004
257916144
93882355
241365996
185189163
179445868
119753171
174046791
256219162
229300200
417732140
38559079
20019405
54116409
64779501
10818464
7196009
158972072
14408680
293624737
10214039
119475988
129022898
275158705
20021538
128849785
124760611
352370792
176296423
193966158
46096812
243588122
310302305
92598811
81766958
40165367
84813262
494494454
209510283
19903518
148497064
108128845
283358102
125112060
772951
17262733
38518092
197865893
175916719
77613053
320072636
139036802
81641607
80298127
65196275
112274591
231403509
415742100
249646619
101101251
50082108
403866390
121722427
9255277
9730051
225542651
457570833
3234080
20293366
13070006
130587525
296680993
458139933
92387082
155445399
414672
262532175
328267661
160485235
88948765
381452125
191347957
28963706
290771414
99888816
362320483
70119780
160871841
242131248
231158825
17979632
87351732
346180152
159891798
167211265
103786446
296254374
29213813
2242089
97478504
60808231
145442019
117385685
397628500
187639897
212144753
185621415
102605441
240664479
412223850
93965462
112770073
180324881
54994493
115308557
33415316
385241218
593270
81894342
97590469
8931441
183005898
134601147
157518467
105183917
6227531
396927599
55695748
152587164
102208885
379062678
397872675
13227480
113120211
284578722
65201119
365077849
160424994
72265048
125978245
111477769
51898775
118170540
98075788
285260407
424815280
85550476
50545564
406319986
294096041
196506821
203621714
20629082
67054595
88910835
243995936
72334517
139553467
26047145
79420621
265565489
81603763
229000261
86796923
19667329
70149501
117905998
46037520
25391336
18321591
335063147
42097791
465932289
287018163
410281359
92722184
4721300
41570973
60268936
463091162
7736639
74701837
20368628
357681620
199766675
478882610
265066928
51430607
46251278
31270324
32358443
152409666
48811217
340625219
101414214
14991437
104032949
26135743
243304776
269081732
329872082
164557889
5228857
263813447
57942910
122800635
90916511
131780621
396959527
56378416
70519556
27080170
69700934
111996091
349582464
123110365
34541981
3459621
88267007
294572082
21753141
540548281
31712624
197499698
266049656
296528208
136144982
24516395
157700294
36630151
30617818
159249310
20661645
261062815
82327613
281882295
48347302
69837863
36752170
417685350
12339421
176655538
47708398
12741245
19028167
255098945
9966379
38171316
161900768
8873337
4044356
443623845
323439132
23691931
300856904
19406966
1626380
366699581
195786135
255691255
82137949
48241402
57194166
359816932
171647482
286925323
314928732
276065435
415339405
31015248
441293427
159302049
250944971
37716700
21850053
35746965
24376311
71112916
32123261
54589020
259709951
401181678
12197229
118272755
279230289
11752020
236113656
122215572
9423606
134722434
84484561
63276286
64059517
406679733
82866180
440775887
390260684
107019364
55209968
104902945
1627435
105322054
240935774
365204722
314910374
26679344
28017540
498461679
176529082
63922088
109548939
39789330
136586555
141596681
32018440
24831992
35854865
26228920
52598218
154468830
40018366
156718734
13377693
104223577
333324766
289030207
114829318
98966670
21518605
172023748
80685718
221489618
76017529
605887600
27433209
36995156
35282809
5201245
533477992
14891074
2352307
394509319
78619962
291095051
66201154
10127265
281316806
323260290
185026218
77679042
10871502
196289392
37970301
573560826
3660486
320499818
533184832
80794347
184704503
156257360
42716161
8966444
13255071
23852636
145704179
373312754
253557782
469320112
275815264
130751183
59641028
23323558
319149718
35733595
10538075
434430706
200363846
145011544
53038019
71384224
333030148
71748628
251992602
170094634
9280491
8397697
120165545
40232093
261464854
222159993
198139970
330677662
20831038
60679606
3294870
113257702
103924237
195950034
25672132
50193420
478367611
6049952
166370
146426851
378262334
91822667
255818183
62255167
30227274
284996196
198128956
323102112
172378197
167538797
5368849
422539318
326534024
301773701
20806375
65116514
64041219
118275513
228088198
160632926
30419207
454673624
131914500
154946441
263772792
93625805
208340602
205192112
108591335
386150009
11540372
346075599
9675911
425190812
198709543
304029755
3762608
63822215
257006350
251193785
27384068
202031902
47511921
24428024
485531742
32009091
42843482
62662841
1071516
83088726
98673302
331940556
201939223
335457566
41690642
21774040
17991561
200781833
207972479
56844291
26553557
171101193
14778796
393000089
291507495
160426770
260257353
140318455
22167906
204847977
29073027
87616016
301794325
166326967
304431373
20479713
215796558
322109660
170440867
1372577
153456387
341157765
98221819
514468413
328828402
299673221
94356642
284137513
28025877
226330460
218978098
2623774
68434361
20716697
383289579
23779761
178894867
904634
22286814
350743578
248906360
9907379
41787967
14119092
94450588
180730635
7610885
56262748
9192218
151993610
284102202
89656970
105650312
91463674
371795079
395902657
187650902
185347579
82388080
261397057
122300313
99037710
122955680
134315652
76944954
119850405
74344360
301064506
46050365
127539588
32150346
522399746
244910807
131953816
247300954
190495525
488373506
383539944
408012927
91268862
136540190
4992510
258247617
376656645
97911562
35730185
192159450
206612568
514787581
50531639
396060859
129779582
334842970
207099626
169762515
288126288
183117933
242468898
160595823
105100045
196560302
2222747
428437997
302055781
436153153
74171454
55816948
215540690
24817463
161064463
257009685
239414990
448015432
115326763
293756343
197248237
101285052
610960710
206135311
94003150
46894017
164668790
630779
15302755
449070421
33324375
222317705
170195353
11786306
137276214
412006213
162760439
233748649
1057184
91431939
251137959
379331074
149231463
11329397
491413414
125198079
180326446
14450547
15900825
296587850
232497033
462398330
392073472
27952064
3077153
285364953
49077928
109293728
8507888
221446363
22700603
16862165
60315332
281953921
340509613
411741423
172632196
574699918
196473756
30986608
50878599
298160359
282658491
367759237
22291009
24505182
212830719
62956846
216830784
82826527
25084579
67105723
384237783
100829693
187114607
44513505
151251980
102362905
64481605
109707284
89149345
69974347
33944503
581622060
334923120
7101272
370505775
255881533
27150241
8028192
121530071
175707685
60010508
62796274
88011467
124441804
353808941
484059565
208667994
260249294
588318799
61300292
286446447
18774880
113450710
412257870
29107108
7676520
158964782
85834011
10394062
496169
24936939
21499435
123028345
348449185
6020539
129571950
3997773
485474427
20883058
42080600
5096051
400906682
330010809
150327938
269610478
74668586
231987037
19846540
242955391
83752265
215056200
14298898
128610221
147146344
111085007
19276161
168292828
213589990
123626708
378500468
83390607
2174859
139631086
64881466
5063594
145008798
417897668
286604154
38123672
8284691
96453378
527772829
8588793
57638383
5750039
57155468
176657439
23766192
204231695
241778091
139112182
38011851
248794782
18754122
3254013
10740161
47608187
15903842
554559646
13926130
12946184
226878205
213645221
246052039
9923276
241552785
533021655
108295767
401881
35090326
253349701
486242989
106936228
73197911
177561065
470609674
273225994
118089535
51535799
59846842
263500713
60131689
207875397
23254838
77102281
1828623
134964884
172837146
15574263
216118261
214581042
363485907
354283253
67279084
105017923
215212393
282254724
46488745
1410747
363458701
86175024
60009703
42849155
588328784
154051582
46086299
4888631
86325030
19016842
143762347
29794
160806278
128066119
57122513
1960515
141339538
257123183
303101679
312602864
195265930
181449297
32497809
7495215
114094488
165168830
6432814
115440985
8600170
15066316
221447181
231478002
356085741
11208951
48812079
27028539
58425360
76282135
150861226
289074764
120192971
205871
67576859
426303362
151153496
169518752
396763852
339370658
78184181
449804177
103526981
346244156
414998760
69667596
306922229
131103061
8940571
90688926
338465879
134161415
95077371
1183290
53006208
185555705
198220670
1744471
18100742
280681842
26091119
413799371
4834405
490004680
42360754
12256764
54660060
236325270
191182068
183477806
18907585
277151821
247649461
206490983
128627846
3730171
184259122
178242292
67185431
77835826
143223431
73146466
465249908
172035240
249743810
226624669
297325814
164880003
398104868
38900535
67947498
126226746
101045758
132838557
99489283
235322390
25810653
584219818
163887850
616386659
29312216
21142110
260516917
21686622
11770647
86170034
13606417
228007407
131482492
11123108
82515439
473144857
109188619
242543530
264685023
236372613
113536966
274885027
4884881
49539903
13643849
60433268
132743394
27295130
163834745
528724671
147098144
66891573
256419144
177342739
288640303
503599202
407323589
162177230
80285818
148722317
351109326
85284113
1168850
81159011
96170773
85436595
93200432
384787992
77188655
150998160
21519991
134721337
45151846
302978
362468398
39026267
25175020
186037450
120693153
368056011
329609669
392559584
23093920
176898411
68668274
377692105
256216146
555740806
16723858
170640011
156371444
103033288
53396194
119782998
12882907
141986496
10566666
119106897
182995755
198685531
6710812
85131634
153009961
52244007
123231375
81364103
121046185
291478023
334403409
24325712
80078932
36552123
15786889
11077744
5721715
27783889
423207565
275301398
127351730
184877177
29534960
451429692
42179966
978641
137072747
74109039
94377709
43123685
164549707
4884104
279732366
86407040
5243118
339529558
8956757
40405550
49374750
140712601
317443253
3096708
114412219
101071206
47876313
245275161
72046760
536633031
44348934
59740934
304677544
278805810
29066473
45197580
65533907
311758226
70813927
13946634
15486887
56809962
134708410
193836596
84430293
355231
95729086
183484602
348876332
583764036
86243186
143524949
324538628
92411982
281264264
6913114
82405332
153305433
46327496
96501545
107147064
453690950
142656381
37729784
256314324
177837552
220153751
236220141
281151395
284021190
32632570
8676596
239461748
80206088
97539282
112210235
3446908
285384764
70319027
272607816
312360040
19598227
16920650
12247521
131377879
322430692
292821421
178353364
255361243
242417079
272526348
60719527
84590027
149038059
29719783
302285877
59943933
113246367
98081794
23925041
474192217
235482127
242036341
81388608
416034722
255644897
399384238
252316242
74287278
15088532
226816071
552119905
349088174
309293138
478295048
186107478
35559296
183411026
548527126
270519680
25146253
560273427
472847417
223093144
104464523
160311737
37118855
20945396
99727753
97028921
291899660
183955243
194049216
163929138
437090413
80851838
145846033
86170749
133470959
8512741
51237027
401363433
111688264
493348910
46350457
107975963
24800874
54086227
298171441
177959288
139268383
76601569
10982348
6161216
70021098
36103895
29235270
219362641
12524566
18066036
252598263
212698660
337409740
408752255
124158931
416600156
10354310
83148286
150913786
19415417
141119958
14707265
203773494
21546650
313120739
52412767
320328892
105265784
465480966
353890651
164185832
10223140
286366029
165538843
53591386
8411839
3748848
97076359
81499753
45394300
56557800
350279436
369586845
480464855
69611565
70217665
67507735
96897983
202973417
77427542
172891773
109642776
151457678
301011939
45882018
276219351
248921633
170016545
41543511
104014285
92690912
6728877
151673361
112626325
317559521
271771417
454662301
416723804
83762609
6307799
62940818
17396530
32581253
19509131
112130758
19460131
242877479
276108308
207103191
273608077
46402057
9217727
513233493
578554
204355684
204222785
48442023
493601163
16695950
60024026
59180229
126082260
79748143
51889343
523653087
212846290
617069745
19098461
217720813
93844957
4997489
160069761
6097322
71435403
32518778
566740
316063595
237496078
500147624
45784859
369942471
33085370
372979098
74320490
37157879
244261209
19114677
206555974
65530902
59808131
244837942
242028481
170083631
49480057
276814407
96398647
293645468
128210231
172658901
437324426
178680171
296838184
91452134
247207444
11554825
1218770
9726025
379039851
58665602
232012051
48130034
21955327
501646119
285942102
87062774
260289003
68171675
283426074
32245511
115833416
22291374
497121434
38767772
612738
445795153
54546586
213331154
85342719
95040010
269587
50933384
27902300
185249535
25617198
21232424
199417822
52329076
112467696
153277649
117233349
6539806
343774780
138638893
471344241
63115549
179941883
326000271
107167538
58041596
121792865
128500552
126766476
63186268
202874351
431699103
227692392
87223128
149712907
438463457
64297172
253961187
633858557
18109024
16564403
197808629
158891056
106125246
401135
141715686
8058992
6614531
303675034
199746190
504970313
287919630
17718046
309307667
635298416
242889691
14429119
5310293
49702055
18696663
249098336
282313237
270812454
204549966
84431432
12764210
252045186
145057736
524590078
25391685
99567272
76687241
538179978
200895037
588557502
18560707
592945283
231681949
155880860
242026895
246772553
116867498
261172616
387599859
231193453
35338576
238600830
426721285
271012422
447665432
242828588
11897920
392340024
61227630
565086739
26679841
427252452
321262518
72626699
532117380
520519804
75459516
34010068
22027433
254634745
10656051
6113245
43708975
160263122
299208431
303723112
35741732
168359892
30565488
306422212
60440864
296083945
22897243
32381225
354517167
92868514
395297
93360601
42688617
23423894
50876604
378940726
123310174
463659537
130099582
290673254
425110429
26043021
468036176
333470271
83015835
42449409
106087846
118443737
74198602
147408368
354699034
89275080
413845476
18823691
311771549
277737012
368979473
483788731
174815584
144027853
155403623
191193201
233692830
641250759
13694467
162812684
84683698
320890454
240804545
49734773
90374794
5206501
464184608
170518413
87921605
34131459
63684626
52588284
121726817
371281520
89926695
443036117
41906254
79525
96129621
5719998
316539580
179641057
373436398
17525107
148458995
437818858
193427430
12018453
484156515
625315750
193734092
149058923
243915187
45539790
3623532
160188625
73571966
147068778
612566775
311479986
569336691
195794874
267569702
59131425
322290711
210064068
161737875
111388375
63904934
37904613
310546338
332277763
322306494
302658757
49853809
70159763
168183638
141752072
15457515
515812955
143396030
71363331
142230677
95028611
424625888
5743656
240704887
41756457
103888267
14178273
160320098
132059790
1719574
62846729
189973036
9012715
13872559
321111253
4745931
68644387
188732871
62158404
94068601
235345862
522946017
285275607
27130314
164461725
47609490
186299531
67261212
63209437
91502688
68084522
23250473
23298512
43670362
53552230
42901629
195040966
34808608
303974285
415086348
282394203
240680221
203645083
12967823
606224943
254073977
65192267
83887109
20109468
25876725
73530926
189673025
556591698
19179689
160068987
3336777
136628577
72699974
117438484
60072639
172388444
20340432
117374410
7253626
297345982
183021751
501140634
59947215
125602256
53769926
20421105
80796250
222103406
216035220
102746215
13904143
124710902
21568924
395660024
383223075
147403808
143769583
261050056
380117537
40695095
7920882
117818723
9520049
168665945
158223707
151455532
214557491
334177650
267267424
308650643
222004294
183658234
35288266
52270951
385708850
120391720
501480803
64254691
90278503
105821583
151331081
628051152
45843371
65103696
206161920
15017199
78350803
165171894
68677757
56826205
153441432
375642183
2031749
13405299
379570563
153905810
4505398
34107786
575434614
395684152
414139730
89205330
428614145
303775158
254324599
22382011
297676223
177116079
270594783
112306451
404143945
7093028
113901887
166378705
552610902
468209038
6279373
366908689
319220348
2959818
289172316
154063969
119475151
294065789
405226827
81895422
4701371
292774840
2898058
355613138
91949675
10381509
33244345
258726859
63853723
78018911
95963706
599942394
451897504
39626485
35670223
49018509
69460950
11401735
15357716
123129483
349584279
21312392
99167084
20827213
340156830
119020954
152021268
96478814
479721413
269998174
412388108
3585831
269748286
233591750
16856561
585533420
360523428
376565599
121654870
80204
169201683
266683764
17529982
264606133
18827609
47361455
266755662
382839239
5231604
361960927
170685826
12247746
166398054
210706227
478535332
3832172
184502731
272656850
107844559
46215300
291009507
38871246
103998499
19908133
440511699
136793347
127246004
228425354
56898620
166183997
33590592
289049907
6977474
94856866
625724425
233275401
70839081
19828594
100403095
93646955
190904529
128591840
41838782
602377186
445879688
204292832
116919701
152176280
254557463
326132664
334726149
742131
173446908
364609708
422391
7619407
153066209
86959
312921606
26359824
45255311
310816586
271501179
1980579
34173828
39452851
106900
49203475
288159027
87260537
320666
114932599
255057043
503499390
6594317
5161396
34469745
214382800
91787485
67079155
104123289
87211607
5633898
104469049
459688304
646739360
82585957
903499
74583165
464790746
580561669
307036703
132671973
1324990
217166149
131595991
43898799
115265818
32305351
86583950
47288717
102639013
429689269
244363098
346053816
123814389
21660174
6397300
1999861
52022573
110424710
98976388
79568912
214914317
463740728
47083241
128837789
56735571
209866384
10444634
341083269
57492823
156212054
549122325
17229035
97641034
483413414
181354159
43767832
420302362
89368079
92404260
55855068
215644808
47339879
190361368
513424314
178445457
308004467
290668333
287343618
200515835
443137558
2705385
62013941
263622130
92936890
56847156
53609939
152725457
228117336
220027175
102031810
87723431
83218459
100372663
470446824
163566676
80165271
76228002
41249195
40623953
255146417
508018962
120187687
472623267
331529964
193228198
146809078
435900454
383356261
309940662
226095365
309933989
67353258
31263323
505623620
570514596
593751124
439452954
544010106
31042824
92312211
257103335
129344809
623298489
18746725
104167071
64521087
373764120
284951652
549849553
81789510
19413679
197765442
189474723
566416106
71519931
168170775
9212887
200979079
32948030
167200209
139291736
75902116
55303895
268162064
158320247
209779770
11682542
161950030
364260332
298133842
209146
78056724
4120016
90327070
250897587
151037706
26408660
415859169
6492774
33899201
56552857
314937495
212607532
9809223
54344305
245053884
50047434
127733356
602297708
43475681
42964706
170788315
289795868
177641149
121855452
533128073
2602864
143608166
170324335
264016074
228058210
81837668
91296302
35105946
153695892
139469061
46721943
23265404
174127941
59188243
197360020
661916149
51128317
53510569
291433142
52725939
28740694
395549281
62055734
85726954
46894136
64383772
263069603
89850494
17033078
233524329
14669955
80963432
37298860
17697964
201694961
14112424
63664516
25910585
193522929
12165845
247452798
189153988
103671439
34764837
36268141
45135816
514723752
5555260
505903978
130043213
500415827
205362922
179205494
211374470
114325884
81537157
155105106
455081076
54118267
63329273
86688405
100394304
7587827
294700774
393824
106337514
46228965
156933591
660721
15601292
632065282
1886751
145749403
174139662
55595754
109109101
456535930
158646809
113272602
261963453
178082026
3567365
5487196
353890194
56911298
63773635
103180520
234834603
24961090
136951251
31097944
51376213
147201957
503495010
136872436
212132916
124687767
32435102
469589459
37024982
157385127
312569016
142439362
9771873
50837289
190364770
173209386
161202995
125518167
376969611
177107879
287735992
46529458
249102214
90476662
178733578
52756481
170802159
192602100
238309947
28778568
244686156
82322948
54925913
465113667
126371911
85498816
728070221
7713992
3786053
290293431
19223605
2225477
347280678
464623565
14980232
531942882
35072520
175167229
30460772
331449336
12756683
530808462
391980766
139383120
84435463
7888638
100649585
311344972
101534636
92284167
115445426
410044740
235991875
672270622
22852625
91272640
233488075
66093456
104648775
118241405
76630758
1585731
45817323
88216473
2350062
212867174
201382434
291522681
60487435
283209262
16953586
86515701
25389305
369122574
213385270
401165271
101057561
543227881
27909378
3915798
162899593
616510223
124877422
105337713
450581948
158545444
216555318
91174912
185396439
216236926
23309550
18206580
168601157
235629355
322279999
259840018
147148931
81518351
45691694
1710983
3896797
8945651
446876262
49353248
526681532
318942023
305678015
282320527
386908258
139106331
61474637
131905699
15417814
5594711
10447223
37256003
240580932
2217493
304449682
232438588
480053230
328579097
179957185
111410836
6487032
17020217
250852383
164862130
234614946
255121496
387000089
31751342
293181485
16429346
127010497
324635882
155136423
256047916
32675914
121483248
529943556
32393572
35188996
5975828
28979162
138339773
674964419
62994524
40313217
39940653
77211717
17539292
4201570
87230362
7012279
709394967
123459215
136977011
491206851
123074754
71406300
46599844
477465355
325365599
35803838
129079858
21833430
1275042
216089499
165744902
261974828
491740529
142195985
223077671
802404
127176844
106863435
912507
207931339
74896783
68845436
332328084
64474418
13197516
242506134
246300550
622905
167942569
405604935
435548130
337710843
184303156
8605204
4163360
660554883
121676341
1256347
55890652
197728155
64368368
63140719
667815810
15482348
3305836
440470663
505279686
40569927
290409884
26479783
37242676
556506251
226759694
198363664
51033687
28029484
216572134
39730375
489947953
262720818
522901701
227337296
229833361
187827443
63823454
114459295
594075929
18050268
354612595
331086775
58169602
37438170
480890962
99946139
155924268
71316450
359354997
171897353
140437257
482927349
490812694
102067552
314179398
219773808
279897597
354878395
238965599
189719058
46279094
204214267
24771169
76238164
112707063
25544021
508940252
191998224
482168252
60568529
149205461
8750202
263505963
137103891
459884957
165391249
743571568
19024369
131267147
4494484
64964825
14291674
324912897
498386027
21634298
235061195
402612345
13188246
87411880
176128449
3626075
240810465
140785892
292213071
186418291
225019537
105156790
196960705
868090
202558034
95727521
211765214
66939721
510801572
564515573
35058885
152948030
181849051
224397228
18609956
49619780
369613338
2427116
39050816
95912801
351391826
21757484
42870292
60699090
326774349
1957951
27245776
435961895
211089440
103537966
54888056
106328635
186421120
120435428
30336363
3371810
178751001
291312134
397791319
62856816
204829892
5312116
179068257
15028354
64130475
146766848
18449779
144978707
66989953
43189771
2987219
5537134
106177187
417086394
123446304
286139562
46663355
316285651
81221426
182215016
281392402
74531325
6641354
102375351
89400200
395329754
524698251
633536931
244732025
455461957
291242405
81242045
213886492
2244484
70802852
265135515
420727080
2362735
85034352
192003240
47270583
449571077
13141236
39549707
308244374
48461797
276562830
45831108
238283317
97342107
170132885
203808767
161412922
15807855
585476152
179280335
184614964
69828953
135407786
320299835
17430500
23979617
224926890
56765904
315696312
41367520
111021443
281740772
77128148
77108969
22515556
69611807
334100441
243232803
207496867
100691532
275388521
54531995
128414882
553635682
96194099
6457848
4258961
119956689
400991390
272722697
146285155
278166141
128597827
35998526
43096473
22079514
749323652
342492586
306810646
403014894
60880991
292071650
508764424
269106959
130196496
389878989
443571050
65903769
412667927
63227502
6883434
328300014
83041746
235115782
94637387
570417425
43984391
120552653
46608320
247028945
85303479
39022105
127950555
29357439
55560532
557423212
205161748
109717071
110841668
471430782
89449268
174106590
136857747
350346401
450405746
388829080
38104163
131339210
418644198
91438113
269468649
667371207
307567415
144963679
63303827
26235343
0
83450081
210915561
103760651
329398774
186024630
245297593
219569809
282580896
44864059
424027971
20413986
315161529
402291616
82153788
369657793
529324421
106699475
101951706
624965834
67795806
98110102
13563766
433118099
32196122
16225967
160264157
45014820
81106613
269707507
5638425
94456830
9740890
392699715
13826752
186833396
315023023
651088750
308461813
72721414
21052787
85124208
237290664
184230261
254938112
83029884
18462960
397691862
159610268
254297669
89868169
195340898
104084337
19496265
81524586
563187009
262426715
1518803
480195043
49443555
12218675
333158703
487062465
98569099
14277176
420497138
79783423
95936811
4972743
292241056
232401226
412633221
9668702
447727583
314023888
274521025
69148636
328065846
173914066
75089063
760866
61419893
49029548
44760556
73113183
348925582
26599232
56695568
46746490
47340868
146812024
244919267
260687116
258157631
130493718
3774939
342158238
426327909
118273344
119372844
252716343
280882886
399566305
436288053
518136697
150430821
6329940
246861428
247179233
161234679
767835362
6700526
128090041
79644188
72640890
79819650
415005712
59732329
115020016
90311581
322667360
242932953
25175655
379813408
101843435
102902289
1321100
536644732
475727427
60416004
161082404
14635947
305986737
199485969
158690028
151516851
152040229
539656241
295094398
789464317
