45413
7583
0
68720
23950
71412
0
71532
7320
23477
88141
54622
180209
216930
228266
95042
0
232726
331358
56268
39947
257268
571471
42251
387381
10754
16370
168537
9464
365256
266635
757996
309556
146476
1242857
509920
513023
255380
631704
739132
131987
43594
107828
501773
154650
49059
876391
132499
1011852
1345004
162182
715524
2982623
382690
1753997
1407095
2059974
2185185
2000062
576176
57152
808654
2411897
1070644
1144620
1455402
965574
3297529
48629
2272640
1881041
1558512
977037
2384163
2856886
364881
1625826
5604248
1597445
2112501
84878
2050397
2550487
507058
548890
46942
327528
1152341
1115704
1010213
5116257
29041
250316
5567017
973684
444064
1862503
1105629
2743603
3842376
1433769
1679364
1058012
4901981
628314
168517
3026172
1250743
2533205
1229626
55969
1915231
6118262
2712140
1819345
6814084
2152124
1535499
3183317
1690698
314708
3174921
5198227
1642194
3073198
3224903
2232071
8294314
97204
347794
473715
1279744
833607
3740702
407931
1152291
517082
493789
9863684
5598646
157580
9940284
10064797
4477779
4522391
1996002
8391143
865637
4255812
696074
1423756
2020871
158125
346534
11469072
5497701
1811374
709406
259290
8085302
6883556
6000999
1696348
1034804
1439487
684959
1954084
5397284
6105465
3582200
1529593
3378184
84468
2663757
417857
414348
2008525
4677430
1679392
1137082
681392
2339424
1163869
352411
1267633
1851606
706461
2010249
1213393
4020421
4748545
390992
216506
5373582
4635297
4553846
2359222
98869
3991399
151287
1246799
673926
481668
4905978
7837785
6480062
839062
6500213
381383
838817
5552949
602590
5098699
92276
8670031
3239646
4653336
1690405
1381073
7998961
248773
2612018
9796182
4305489
8394996
807616
280609
5275797
7035026
707274
3129190
3146145
3614699
3831349
5418136
1763007
7371078
99310
8002092
1173198
2863392
1722832
3793824
836182
10259404
1097172
7727146
329223
5097493
6625076
446253
13099492
11153925
7032148
4102169
2773649
2209231
123363
6344629
803026
8040473
6489476
382819
5026238
2296081
659995
5302259
3702410
288151
3698657
4935966
6402952
94488
290477
6292083
1245605
3454466
7165237
13190
8691807
263628
1463423
1291483
12017477
13112242
4601801
2750899
730365
7495023
12887599
23079296
962383
12391145
1194607
20148357
16130291
12448189
13302283
4243684
0
16421062
3106016
3320600
9278243
404639
3171678
12143654
147324
16699282
878138
3093313
2797389
4742242
13728291
17456423
4793738
1599760
11530080
373910
1574489
97790
2550623
10163581
11440789
16360306
575593
7248825
4002924
9097730
22893861
1358956
1488775
1500696
7691283
11862178
4778653
773854
5621384
17661593
4039667
1661738
4092480
5337543
15300963
3489578
11136937
3895955
2463531
8818331
7481056
7150946
11331469
2581507
181785
329248
7696455
1351927
6397466
3215656
7127422
611274
2360714
5709305
7582210
8338148
28790892
3845060
4280581
12956941
12787677
7138510
17785292
18975784
4072607
1731358
14143722
1958650
14075901
2090407
2426975
1667454
15785218
16082224
5188578
4917954
4317630
585771
6519286
22654669
8208476
8502345
390851
1138248
4681050
14157807
11408596
18739222
3532870
1530405
10681133
25407017
504485
3238987
8181882
10844077
3591880
8012491
13833658
8816735
5402880
12275244
3165492
174158
176001
3736917
12754849
11394294
263660
18974077
2147783
1796523
5183343
18297963
8179443
8092892
323854
7206985
13997220
26531489
12799920
4299752
16208487
3625717
10443846
11683347
21187739
4157726
4964321
9869650
2483773
8499250
17227919
757479
11993139
3305095
218221
16490502
20567793
26304648
36610
8114892
8364058
2365838
17606007
4027624
9125919
2034849
7360833
5730640
16681495
535478
15489044
7748902
5658636
4188353
1875255
569544
3304075
13700252
4671496
5636388
3213855
10409758
27074119
9752035
4462259
974687
6182437
10576544
2718001
72451
2511758
721455
16078398
6808725
157636
5249693
9519780
15800769
26417684
3171983
7614383
38442762
9009711
132987
14113519
11558247
6427774
8277484
32688803
17141809
17758896
78567
12560659
1983964
17793176
2662861
31346112
33690006
37126731
14009147
32262285
30066676
28396274
2461468
16270646
4383737
1735969
11147946
10108283
3080052
22331772
24375505
14297099
9987121
130074
10043944
611323
32812645
12743386
37281485
1521857
5351307
2208558
11274528
5626045
6209137
20255827
542106
32084547
19403451
11377800
11328021
2963815
7795422
200948
2342622
12030196
18918119
14791922
13262660
3824639
23293163
1106002
26136758
8351468
26256457
3104132
42202499
39475682
15849935
7149179
4319454
5937495
919525
9844926
23417775
3662444
6201556
22625567
13454154
12571666
14722913
14313591
12332468
15777342
2103217
5920436
31234151
940727
4701207
8871863
100966
16298552
11749134
5803933
38025383
27802828
6824878
18385907
1760990
23888298
731215
21282898
19938163
4413511
591505
9011382
21511644
9258079
9020972
26324705
2999399
35692013
11640758
3820080
29025734
2055512
9074430
2555487
9388758
21177832
3128323
1678076
7378569
9967235
1211306
5124104
4207935
1111388
5311629
3392917
41074014
164657
9055162
575703
5198508
8172162
618004
12812268
6791091
17392620
27631520
1010028
39747399
41298156
20276956
26787409
1023828
26164408
448079
71237
35464967
20387273
23450477
8485517
10585732
42627178
6437330
2911298
3157984
3317213
1195402
28267305
565769
30283846
178236
3005683
9419256
4707287
308843
358551
26057777
8333539
22191322
5759357
25748
29909923
2975832
13667911
16035996
7003488
1183465
73143
5699273
20081433
1895830
23619392
9061794
2054959
3082552
5572063
21620597
44228435
5279955
2594799
13186000
1041847
5132923
326466
9180295
8069593
568861
15119242
10998783
10451321
9223837
20174044
7483713
18087608
10803589
31432370
4542974
23689249
11317378
19608708
11891661
6396037
7090515
4337019
11688439
8908700
14833586
113122
22148658
4120979
6130740
2772512
8380732
28220468
34640428
12277725
6575351
35356369
20170140
15697700
2619707
16439901
22802149
42581701
8834530
13254370
13086073
33032674
8438383
22662892
28570850
5880710
25846959
27502423
136117
639775
10550981
6683770
14115168
51935935
13485608
1652903
987089
14191980
2451685
2688426
3650300
67746
15858067
4447522
1814759
23755918
1803791
21560611
24684
17725103
22526971
27072887
8085126
8499296
5385577
19623676
6885130
18962785
198121
9872396
9964865
2475815
944585
32602177
40587887
153986
2309703
5574129
1781314
24074494
16886727
34544814
14955956
4753984
3584813
1753243
38187582
13100003
30203761
23654850
9877497
28225920
16530045
30930704
14899510
227149
2488319
50777573
7718301
2253377
14880571
31918202
45709743
15837136
17251146
30018945
23658717
42695854
16430429
22284421
9556142
31676025
54013556
49481546
1163185
26585904
12128647
6327955
11143074
17604583
640201
2311952
35167190
54056
20143452
2380731
31418203
35493062
118138
32566611
3695104
31085031
24975543
930938
27675856
8945505
2248685
19035717
16815335
57204430
4441086
16226590
4669704
10620386
12429715
5408775
11087018
3572334
17748854
10038962
10927752
9507535
58912722
866627
38771142
32206361
4519841
16104362
2865108
44916832
22523793
29325001
3068278
7613789
8657649
31092026
13464132
45016055
1558251
74860
11467879
49772734
3857816
1122545
10133055
1020190
40059896
14893050
48105765
59939369
44445645
10107658
14773387
29526288
4925472
15785625
12681675
3529554
5638814
7202392
50007267
9666324
8535279
2171838
48151822
13589550
5453446
23363943
26076628
41477008
8931952
17959726
26609934
68634123
934985
41743947
14721284
28090203
11079728
2867150
1087966
4919962
13403615
3556904
23254985
9932488
48936896
14516194
42157777
18899943
3365115
64647244
32232745
11898559
44431603
179799
4443899
2275847
54072165
373904
16079929
38285677
66112532
43517581
63448465
10958637
10230737
51072200
92471
22960039
46072512
5301939
10759861
1763415
642843
3674534
25463530
18698678
22034563
40135967
12726484
2747570
23187353
23778365
32384465
2773435
29108076
18128681
51248173
7304097
32289377
15163794
31851165
15340341
3961351
95234
9575722
5234042
31143459
17989163
68397055
6371523
36665694
483442
1351771
5712216
30209188
25725276
4050046
49755046
1058901
4545198
8281762
23863593
53578984
75089137
23882924
14157948
31065346
14155398
44957662
6194890
79571551
41914460
4894828
56204897
59938305
5303817
398358
22562454
38718716
10019548
29862811
18330244
20990437
5315969
71225075
6457120
10158293
21776
74013383
31063087
3194673
41433235
1152047
32046029
658853
27393729
52105922
53950109
39079658
4505383
1508205
35767980
434363
17622640
3440501
5670858
17793140
12137804
42906769
32689565
7138288
1750264
6867144
18266746
107438
1578185
17040347
13488619
15491858
49511382
82088559
17415958
973655
65169750
660129
45692155
1303950
14468433
9910388
560457
13982682
33158658
60536218
38118642
6916764
13121873
45079645
21773305
10190313
45588909
3097545
24287546
551643
1813459
73336079
32004868
3971440
1624478
969557
46622986
18079148
22449861
17754428
25919947
12021553
12503827
145147
22308465
10534771
3639825
10902603
21008610
17465089
8701154
12010022
7086482
58342288
22114082
16896148
4542326
13467495
31950870
4699716
19564238
8492939
47630561
420222
43903379
3059916
56351260
38422694
33344901
3070976
7109348
11696192
0
13352952
27091507
2347584
64606955
50406104
242482
23072844
30636168
4730328
16893750
7968483
48553437
32142321
1405493
67336311
14012708
65978434
52501127
54678826
37895291
58284723
16116532
45000873
980195
18662159
42926638
32292974
460350
333941
18432469
5509443
43104028
18838509
8036561
12372220
12490015
22660156
57703226
39683117
47433039
61971292
54586388
5583968
10557181
194889
1717458
29855795
50741009
27363
8268475
8536706
15743263
783946
11363356
473951
351789
5628046
62667892
31073588
71034691
32229731
15473495
30811550
2190735
14015890
5709716
4808122
14805343
75065899
6676175
38225398
38867885
3651159
14264614
37963670
9544769
29567377
16735409
9640852
41688705
12344361
48801185
17526370
1088038
75475182
32316896
56708868
50292361
8153023
3250627
20774945
47567386
5043530
538754
25097904
71319482
7502750
24897306
8249320
3823975
59716871
33363541
38088159
53054745
5122478
50550589
14033337
4695889
34056601
44892813
306048
389577
37017976
67546718
8631115
18430901
38629215
1778519
25994086
11616395
7251140
68583733
49226790
45928487
190590
11183928
36591577
23578352
207559
15393408
16248150
19143127
49310997
22253783
1125170
4590304
17408928
26525004
14512056
17776524
2203663
29187573
39930046
31853784
10528332
44961857
12964429
4793620
19903342
44451376
72299222
11841790
49006481
8982386
8836864
380919
27480265
14038490
44639685
33605402
68520850
17698586
58075559
19768345
26882057
25301432
77305251
8884691
25471791
0
44607555
2171101
37755266
3089437
24496096
8503953
34960440
9980269
14080030
7776286
16621202
16746508
788083
84129605
3445121
5817351
30634291
5976138
2432636
9048687
2982596
701492
42941255
31563146
3491790
3571715
257529
8257963
11628786
28868603
13434781
3788286
31589897
8583831
52968425
45507554
21451323
40251510
38679242
4516980
17775866
63408726
14342853
20266901
11869557
8986478
65539903
49976239
10046427
437250
10748090
12218204
89731146
52892136
13014130
43357616
780133
17622953
495513
82571119
22840262
24504299
498205
31720458
11012516
1674042
7525206
36626577
4008393
19297574
11873088
40311592
1394084
301405
42519206
5055
12348624
1317039
22784161
4866226
62690635
755964
82661950
100209821
37349502
70699579
73585354
22201221
15587885
3543185
87438909
39450228
9900736
3086462
1759223
25426602
85959842
48605905
6525585
37344191
66502955
8732945
65605858
17245015
17859268
36877144
7140675
6480482
10560381
8302469
53317902
21553075
40534035
26746937
54076623
5131019
5005033
11419558
24715722
53004541
84102099
5483369
38819742
45223161
22222357
6021170
82321386
7200012
29227026
12435115
85043
47778677
22377552
42777355
742352
2092121
16854105
6074111
134928
13707180
89474660
92853419
35181813
64373592
31643149
66810186
102346646
24398317
13185296
24881578
2966505
67591824
2224139
19201072
20920123
59481432
58409
11739327
54968977
40724848
21846392
1763759
6161104
34615463
47031011
31536099
2593536
8509257
9617197
95922325
85445000
5695055
2630896
78453914
15647071
44506326
5025896
2765976
31074719
7746889
1460074
51206344
9852455
1962443
28995689
5992990
9088821
20306273
31420658
30272161
37910139
6421316
24888709
16488231
87089176
2867521
33232299
44849179
4019959
19204293
250196
19356396
29479232
7019076
8513648
25826333
1881242
29210
38989811
10714108
38099159
31646316
8209110
27833162
62030015
26362451
15719888
5194268
43264845
74681169
91683549
13146016
71137038
457790
15858468
32918745
7157891
422981
4199687
53417503
98655578
31678263
58525670
50867534
7455796
58365786
43001354
8740929
72544778
17566705
1700285
60060320
45721023
34061751
12262459
524685
9992570
63170474
16102979
25565625
76326077
2208554
70087950
32796460
63320139
17742632
386054
22880155
639159
7091131
29926347
31550064
123389764
28967921
21932075
1257968
45756572
37323085
50557754
55456706
23705822
68591249
226878
26988832
10370315
59463669
67537407
4236890
26256706
91532866
94956020
4748756
93804222
41992817
3591670
48456033
2880924
56162885
21376925
3935899
67331519
48863870
44873587
69418913
25357776
91024081
21486601
38766
33195896
33690895
42638351
21093985
42067399
25635315
22652317
59894812
101780886
98728177
39989289
41205243
108902514
11528134
62474173
48533646
49665299
101317122
39512337
58306435
20933142
51590490
40762079
105976184
23658726
21638216
37292137
11983742
74077250
24963410
9700551
12731774
6170896
44802847
17478764
27345909
75360152
47195728
8738573
98646950
82545482
137217
47989167
718962
80499190
4461300
4238183
383906
92344150
43023544
18132307
74001378
27715579
18231694
7239504
388558
12603440
31241688
85922735
2809232
6124673
43453896
28609420
94979757
33284645
64899568
3000241
1354605
8415076
28710079
22234603
8937560
34635383
37033193
503
20579764
30232322
49446052
9096406
62086150
2887809
60234258
34971972
35926922
4730229
9306534
29587810
1020710
126040138
5916607
27506329
28392266
13105680
22939535
30449480
63876465
3175658
72616997
24346201
33851613
8921854
1365707
4249301
9008773
11642248
61070768
28338669
35812683
805846
25466345
3096222
58705516
25129762
1163210
54129566
52868435
36991096
9853289
1532404
15566139
5399846
93249326
10817653
100414923
33131339
82772534
14566717
92796416
90648419
60084666
12916105
3256250
8028294
21709288
31722197
3370436
20801061
3579464
1723312
47277196
19120172
79896193
6729369
24815511
121340024
15734325
4085204
29348831
53969202
27392579
30083505
47473389
34721313
79454740
94034337
7623275
28210570
8170934
15178587
15265163
68504967
40399643
136204460
64341373
69960745
41792681
115661351
766069
124300
1013031
85855119
81704
62567394
73104112
92344
24518804
74981596
56341084
10290320
81186716
95003078
133082690
8796887
5541204
31443380
28069921
7079825
1601438
10773027
9397913
66613003
18556058
86811371
136300677
7093438
2808300
30607814
28109408
80504926
114372480
9278415
30536470
17371618
11994734
54013531
61497557
12506859
24479614
61369639
3999846
4468858
48961888
48880567
5325396
67259871
42533968
14793621
74358233
26606770
1682370
11300365
29695
50910560
1941936
23342247
10489733
43111917
17202418
38888775
23217589
125771325
38507177
55998262
85706191
50469693
1301917
13415461
6184096
31832603
19279545
32997927
23180422
6501271
14867341
4493281
10306076
50478848
53717117
19539035
35331725
51507155
2111014
7091589
43027513
9092267
50875902
40332741
18243189
3636883
894248
18577091
12709750
65256608
760698
102352422
84416260
654932
41867836
1123059
101362498
84673168
27717808
18835246
70940318
52370262
39919818
643445
7866787
12267841
47471017
4594510
46938704
92767091
7014346
14406761
13032614
50556950
10886078
614429
49194407
71845889
89987521
26834052
25205034
89693340
33831770
92174094
35224802
61012547
89662533
26779048
59501270
9634213
64550937
87054477
85622166
10572686
30537257
52608042
66329178
5982000
9342847
12560671
3756882
7041950
27407415
145697863
3994516
78462689
27107505
9255444
31592429
16338236
4343082
19017097
12111002
22720258
68822512
23894872
31776886
37891786
62140608
687984
24717534
20385694
8819130
89786520
31555827
31115477
91399050
27784134
8063676
93598172
2033938
81520906
109174737
60368487
42647671
92494064
59292164
10032050
85711862
114203646
6257730
107355467
20970276
30521876
4393833
56254740
51772018
2836900
70250
50989156
94196369
56568828
33492888
35609371
16131608
2232593
3860986
40401074
71927199
37752614
83009979
53812421
91040054
54496546
77443404
2075101
36896403
6034870
45439775
107158322
192531
29321595
21839922
15000100
71837360
1631815
79196365
92160381
149617024
28208049
23357217
1186816
87554933
99309404
3717429
5488375
10906459
63250206
53045742
58337874
35804692
113025399
87359079
22610100
22542894
68306451
57861543
116515342
2103321
56126348
1416921
19044053
93256478
3881027
72091803
30270038
63381272
35793985
106396589
3250109
12806746
29339004
88951172
89223582
127354427
70109170
25547745
97116697
67025463
9852319
12483447
26723480
25532052
1799411
15370450
69310742
25995570
44123019
711804
80025898
72406161
52770205
63642950
4999278
58063230
12803057
14107891
86884420
5856698
4596642
122466749
116001002
26947863
61531902
2169752
22637662
91608359
66958645
19259552
68867567
53736372
5690298
122753082
109887627
31282667
63429326
40785162
1832437
10344770
73135214
32388526
49822116
16069163
43136006
134944542
146403
12208824
7773649
781576
85317583
4680910
7402448
22187031
33814151
34756760
98025941
2090354
7434802
35860423
8884912
156541256
38337388
8002633
3057125
2514576
82094922
1313511
9600849
3733126
10545875
6268127
69278154
79853087
101361112
57977728
14575333
73692069
30571353
16350503
7345337
15417909
26889100
7718635
3110514
47913015
30626244
49692470
1756371
45158353
7802256
10047899
59460900
66161619
807266
3748976
10005156
73060043
34184794
25347580
21644736
28473806
24110853
16534426
30428564
76692058
122602004
71411801
76810779
39087770
34254329
96556533
47630269
23911458
56640942
4321183
35683527
89840604
12470981
42994847
1855694
51172131
32366421
11398193
103733276
5993670
34279761
90823475
13372825
18452617
17477728
7528673
5992909
32480953
9342976
120135907
15956926
118098034
22842941
35197743
43947160
4655006
41797339
3217917
5789098
5146071
66351826
1661165
118062132
1009307
19439
23486109
49057730
48515489
132393781
50894893
47182605
15442956
38463743
80729
27500279
5955064
10212505
27238872
32630931
38393732
26733993
23154865
153257119
2426823
8079338
15690507
17881436
17279062
149571722
3866844
138158184
79794088
44348076
7800724
35548441
16852035
11464666
106246711
19380680
39715517
5515767
5017721
68176241
20261186
96387874
74440165
5936864
63789085
110667414
44348541
1185051
27357923
9696794
72213779
97645725
57805846
50833865
27343967
17788011
71651090
95519540
96555363
116348516
26483437
61000129
77509562
103907474
4932535
28751980
2294659
46706146
29634582
39089500
62141893
69857459
67912527
9740841
101359904
15091165
24558806
66062937
6033760
51687821
14511720
1809532
127659017
46599457
80420610
110186560
10245034
67946149
67582840
37351437
1565336
8199402
174561202
64630807
5048912
69979534
17972812
16867974
114104385
44457925
130957633
22241551
102378044
164105702
42242813
101994952
24087317
13473194
123633139
25988487
38296997
61333548
15394266
91749031
48054676
64237649
76487074
22414506
14950535
50982789
36788623
1263033
143672919
3136761
7363356
37402302
296708
106606394
138369826
652854
2931806
37243920
19411051
79632676
50802076
44922900
10721944
44046995
4008046
67044119
27951823
148676746
62394302
2575513
47680018
2540710
2014166
658435
87060404
79412761
2950894
35889633
78902796
36367075
33239454
60166490
14970999
94206052
8419293
18067960
154431836
75378938
1869888
77518371
103039896
101180702
8899989
95042073
101365587
2396482
33362559
34783474
51401513
4091238
41242261
61694057
32450810
1796678
144644528
14227100
35929258
3570789
5282251
115930036
48632489
24317917
419432
49262609
157541922
42080533
35546018
39075440
114733635
18388345
22756954
148060774
130263426
87693566
108006654
165296428
99942176
11118312
2528061
5308535
54216633
16301754
6358065
69267185
94851282
7660560
12067349
142906303
93109624
75240360
26929725
50162469
2891244
67795500
40391598
36164660
47693936
27512417
50460680
46833608
86291
41482855
16492466
60520798
136615841
28389702
30070666
49361661
45620021
20515292
36966434
2539917
10801741
218804
5422978
100634087
56562378
40901484
13862463
141113187
5927524
47570835
73319328
23856641
47025595
36340793
8349587
92532954
27664100
16189576
14450622
2621233
77690200
10568735
45106504
43312761
41141005
20730356
22890781
139282575
75010095
27285445
45537139
62259038
140072019
22597952
58953827
7336201
178703752
87453828
60983098
79893850
93312676
103271570
6424773
107186208
11569959
104642712
9151724
358997
4547249
26018520
137043705
59752356
65038797
74773166
112255402
37117125
49911662
44351802
39376708
73208
43747825
81711040
17691116
16491580
8864348
147566838
2389994
26437943
68917444
168637683
115335779
6287460
90472451
116124988
1341142
66190771
57263855
181812178
62905056
6854579
103943395
62857689
135370715
35332736
65928559
134299370
39158489
279169
111192107
72506002
117387706
315789
21312314
89000401
74830710
1245756
24886495
15063812
39050747
25423061
6324353
165025721
115670391
36514213
64253448
33605679
52637041
73828632
82242828
46524889
13458376
29286085
132990962
2282973
56535238
27204790
152276203
25816297
84146200
4825873
21348613
114308103
114422180
46825458
114116920
7996809
28061890
178456645
13777091
151144123
58196900
27146262
30643825
4910405
12155709
36006342
72672888
21666052
28070204
70995146
31569035
52290819
19463531
24444755
146676410
133937268
14636609
46974884
54038862
65945157
47786182
36648668
107119871
29760790
91084882
31672317
23743975
48096494
31334512
28199129
26511366
31307629
132645478
71834752
32835612
2343615
33162820
157084669
45362791
136602503
18918194
25188843
2349558
154870733
8212322
29495750
38713812
20830213
28137556
89084776
17675318
10436165
74731048
1960990
50246408
2834520
43207581
25350940
40681459
92505744
50247851
95541027
5126491
1462050
79071425
12172986
71713212
103567919
16510433
6715749
18447790
128980937
37974525
17855468
107947003
98819124
16217939
60978269
15928210
76677156
3758246
5045394
16259382
66490544
58989153
21584076
92924177
23295889
118410040
11033834
4545958
102037050
8232256
123494920
60847206
104631877
2319186
1741768
162111738
213399961
83990583
6170928
20781465
19687869
32341119
40809393
37464260
63554981
17948494
9041923
89488265
57942283
164264825
17591867
15952574
862851
139985912
161818974
22229570
89252647
16422533
2739499
50023608
181546154
9932908
11854069
15204384
41913129
14190923
88217785
17305552
17387194
14122182
59520557
10392292
129182094
121283710
32976839
24255700
5710046
144187620
47242103
115212638
89267346
10359736
22012756
42378804
68050664
41143009
41025169
2765598
19713913
37222088
11495398
14065953
6867517
114475892
18636662
81207551
101086781
27880922
164841387
14008778
113379494
12510368
37473685
159515219
24667864
14742006
63185524
115509431
36620987
79103047
7763478
161629707
4010271
91220416
53540017
2089093
7289377
99215345
173438450
18646285
26842264
6727391
8125908
109463103
495798
9169287
34712832
14519204
50787143
73467358
26269382
28428896
42079475
16714773
105480775
66837200
7376149
23465476
5425872
166526594
80745910
39658464
22947574
37703915
163341215
47318480
40732053
106720307
58156238
101666682
28667379
4312204
79931603
88042018
5478432
48375741
41529794
26889158
30781377
14021569
131282002
32034060
55486765
27432963
9502
11366019
120188104
14411959
13777573
10034417
5406340
26431459
52157421
30254895
17691412
13691193
77231569
73396020
7358657
119791409
14954081
3967071
23980119
65130209
60595324
48098378
70579056
16213587
2795080
23778677
29095820
36644266
21367323
985298
4230320
28353928
33550021
10892294
23562163
5316797
93148725
63945743
50290312
17349765
52923914
27334568
6107811
44116846
8550386
73240893
7356593
145879448
45900947
158039434
3543525
54137826
40230778
133095230
19108423
200018824
106971852
62435263
98725904
33639681
49612776
111305278
13961117
5515459
139939750
133578788
15215866
43870154
22388343
160687850
178376751
76362880
74050905
91488793
16951485
131966177
36238413
24396681
136121696
13157247
140578195
44450764
80368968
36824437
56087589
1480379
102657175
44880576
168135614
20813289
63636344
4374454
100953744
63900191
821897
58968148
98153749
150561368
1057880
31792742
70602168
61215632
44554373
21629510
12985952
9176404
47039893
28639240
4656556
25223912
217019792
61603113
144842039
89514087
1202932
91497831
52608556
47604595
60326891
149754220
8009900
42795458
69828752
4625754
131224359
24002765
101779399
63277339
57950874
123299123
24430596
188056129
6746229
287208
63267940
105806763
71827883
15855553
113405276
52998344
30016458
10282268
32548430
180841556
64699319
26416192
208065495
31146126
31707048
52326081
212603445
4261635
17613687
7583195
4128306
36464006
101747095
81622098
21483156
8594790
22060842
99867958
66546307
74216548
145610341
94844679
32242642
17308925
58238514
3602669
10860497
25505302
111262697
8443971
18434809
45810690
5044993
61755803
13758894
91660037
59181898
10386304
45561372
74459527
49687147
41979847
88790591
27820336
47250024
18085468
23334670
11633643
113137665
71805269
62500425
126587262
14211335
76491724
3334473
43139551
124632204
85665735
43264342
25101576
41684407
12315980
34107095
94852781
54747490
12313447
52391677
22053724
34276421
149401367
47865180
91214
51412
50905189
61609309
14222282
23160617
38494012
72115515
69707072
9701387
8028859
80498250
21460804
35301572
33560148
68468517
58403441
192609250
33584160
54341350
145040503
3906542
39870362
100886515
86854515
40971752
11569848
173953722
195324765
32137770
92717599
114992935
123836312
114896212
76896298
73897854
72821947
93446897
68975924
25403857
32695409
111950438
119985257
56386799
80527051
74279457
92289364
52771809
64996244
539320
18193750
13568022
150966145
226479
5872112
85826196
116648919
13155523
51566168
9803174
158633952
98668292
90320686
95076632
6962958
42648858
26173000
138290771
104261753
35646396
16487140
81267446
168471901
8867623
52301948
3285532
1121962
147987180
95457656
11566550
101162156
88880924
82887086
90911132
14899545
47009241
37177758
4664251
20128732
2473535
164784515
6771515
29234900
8376832
83441095
84249487
192645279
91700624
104474802
62254736
149895194
98611153
12017677
2797189
14694137
18534646
29821904
43512861
100785920
34705462
158125611
84566495
13699520
56040324
45771580
107642815
80988621
82585310
3513224
172722118
57665565
20054819
80721346
63137333
13332991
53850263
74355766
6398866
155386148
85706006
143085964
165929759
631297
17808198
178404023
11601315
81283727
161427347
83921801
96798588
23002148
98519994
6971357
18368865
40324530
56334637
61002476
96849161
3005854
1567556
4007400
66144369
5034953
617503
10079542
26804140
10126640
53479868
9768488
17552042
84101921
39277902
71519608
105292266
79082113
22275259
1617660
119438637
97052380
6512588
55705704
96440426
33842490
109253131
121507654
2761662
55557429
159868024
170050120
16297705
50362958
41485537
3000902
54019010
33354041
42445123
24357360
2815394
173624476
8503445
54114315
124123999
35216357
69652849
36227386
39486556
108533776
131361316
206153252
5388684
42327533
14049865
115453186
2189257
44234215
79079702
137603958
22479758
2734942
48333743
39446363
70288869
181426880
19156156
15104
95005506
9366516
139739277
79632946
99201730
151614276
42442363
22768299
114108323
82102066
159291056
82285516
122429496
136487462
37451937
91151710
50197140
224547543
148603623
93184928
237461986
11265239
24650664
110570078
16496956
8794640
41997497
24873026
54364864
208708449
115694949
98081803
127390629
163346720
254997
1820741
27452612
65970506
100710587
88026277
28643554
124997555
159457922
101878906
6087558
57668604
60038046
146306596
44500230
102412129
20033480
27294255
2719511
33572508
88709912
38580816
70763275
231805466
9777579
21880120
84227701
26253348
39298048
7824574
167145586
3320779
45155687
65690966
18338655
34755808
15270001
6919235
1421852
61594598
73965862
0
73205372
10298150
20647046
90408485
26523316
29076311
22924728
22999972
46200112
142854910
3334579
110699251
107274523
87240251
26585424
3446527
69701382
77369564
85449854
96607119
4204159
28701246
187550488
45280081
1902474
79414334
34174270
5216262
200310261
13190987
174510208
71555622
8890377
13755411
45168791
19883317
17176363
5550556
81596913
6478310
121267415
8807615
209822537
47472562
234669728
105425237
796894
48850882
39383355
20689946
373087
45116346
39229270
56612489
104457763
125203245
153792441
26957032
6906668
65062178
51908331
5086164
197716191
75397530
38023518
8077712
59874050
12640938
12645914
85448154
81761880
85316503
53522268
2900017
10340272
2884636
53297885
60308185
57667606
848708
91161743
69245342
21268302
80103384
157224791
44484819
105127557
16230197
99346255
74588555
105919486
69650159
24347688
45767784
43179475
58214473
200963153
101925098
6986081
72725144
547386
40018139
23585283
70870626
203056946
85398846
25552076
205542793
45701746
18424964
101979399
35245091
109779359
97885461
22199376
69498260
161843597
7681304
1157033
186187137
121892497
146699243
119269230
72137348
12152033
76500920
98984086
12151467
28240883
226145683
3822263
115311218
88285782
100043671
155895653
164507540
9187477
110120093
30582994
29266396
26821380
88203859
56104427
138789987
27362252
28129168
180896735
5483624
3334574
120049590
18566384
80981850
46053871
42200237
56181951
10794132
12738841
7961536
15647730
112473674
162591373
178353603
15996383
72272393
107154345
6103089
61562837
36895617
74300684
22390964
60511892
111229096
1996204
38698513
19780251
7809861
29454591
52153822
66249868
145353465
19014282
37920701
102936976
25895580
21863143
6056753
13202059
776344
34288630
172238227
109493030
97998559
75617216
96469655
50044909
4298016
12053447
25788393
49022572
3043529
80992132
54917004
35679264
179334047
638641
10925748
72112111
67734988
233198432
225314009
5653288
34567619
3489372
1734073
142797560
84768690
202298326
26023166
155862087
27796724
39701192
43738785
45672902
65215440
9338863
101992155
204303925
49476026
53934490
6257911
25535274
44363064
32101397
14375770
108857841
10520373
1532019
12902596
217363200
50292189
114190830
268177264
7013691
4435288
29930897
3400444
40191235
166094968
48263687
19015813
74368231
66073664
85557241
53305490
218020645
73501310
71855085
113674111
17149456
102263984
49177458
237798362
3439931
64219135
112701613
132047270
8449968
153080818
18158651
2819550
23561074
8394655
15383248
114296391
108839301
90109721
63495525
186409515
13084946
6623943
131637497
1518156
161471955
122296180
103019527
85402791
80285027
357485
44263117
1119881
108558786
238609674
16481571
60805955
48566628
5556071
6019799
53910056
130965627
17490501
37791662
10580027
97794551
232285812
172561206
199332745
96573036
32994641
60440817
10177689
77858829
169055981
33653286
16400151
127379044
35552345
19215578
48614544
130244506
17380109
28591734
31082994
99504572
25292928
36778847
15104192
44333066
180464417
198519010
210920052
13045262
16038619
7167163
59386292
84819119
136649051
102148635
185690707
16192101
32516880
6930800
66582
204133926
65139908
146638454
19139397
4835558
63539694
276066536
27808660
38905639
76606720
88826695
64037703
116302097
32505976
11377595
75561314
24116980
80084756
37942375
2940150
51177319
99035484
5234508
206660700
89349541
13618524
144465960
28809647
75885036
93894405
114260591
186518465
154599704
55460242
41871253
86388017
49543036
56729998
12210640
160890589
14245396
208145875
5463070
422518
202851461
8412102
3866101
28647364
51482943
153654863
87877812
13349341
199109393
64996783
42877559
70995273
73451238
57174959
265924389
197788079
67041518
4915483
163444784
19662409
181169097
183708585
258777658
103606033
29529121
109455610
16045504
152091115
55090983
172010977
160754617
114808
25794222
5518305
109295496
68379017
67624276
135657304
36313118
104520941
64698334
215355457
29787114
78960841
57581139
31366999
71250329
3809446
206909737
59027623
10720688
65887193
20581929
63415312
189216149
131687357
72908585
6182049
6200052
72469631
114125185
59230244
72092949
87169578
53454515
23131474
19107674
116906963
12612924
78742756
124402247
20805139
48047115
131325102
16585471
2631830
242166677
15613627
5236538
93224838
259255626
57389011
2153815
173304665
18288565
169343377
7869791
16163434
68810937
441438
52212464
2101248
157351390
7156446
121210274
190358477
53415959
227419046
15970553
160610
56601061
68915170
116383655
112579502
24786793
99702308
129601775
68752359
142691272
46091868
244551865
231498861
184537470
109881472
74460302
29834634
141870841
197794408
615757
20513937
49780027
67598114
51852735
156567890
9669593
140556917
26113656
6619679
1160779
146396363
74175652
38091563
18514445
113230666
160211495
145354749
41332476
185953593
119193778
17745069
54125789
2605887
9653300
4985139
7508681
11595750
103067693
4298831
216603482
59273001
179408027
6718528
127636783
83721264
23542585
33452331
33638180
29423809
660921
31437876
117010501
144290593
75891235
31777458
480680
25693691
14779117
18849956
9401585
24268982
166747280
21690678
69104891
64099713
75064371
62462264
75361775
99827036
115946469
31727477
140596119
118251164
98197137
107610481
4457788
41145200
173350121
20540111
16303321
152676739
18746783
19591153
207157411
190865624
157815680
13934263
6104733
168354480
16153141
11094376
106199973
74581158
165621447
188035628
81157379
78579379
119026929
153742049
46965371
22022449
39756046
58650072
32089556
33258976
22904616
176333997
79444321
40766053
81855912
99350384
12741263
149790429
73950579
167245794
68990805
26339715
3056036
61553005
51591514
118634962
117974526
134859369
154555105
56809787
118889923
140377699
105008227
26609305
68011655
184353917
210744992
1198006
123832206
56932082
177865158
16312887
84266711
14526815
22884294
144760815
99465196
115579001
132187882
1894986
93276342
256380474
3786490
36591887
48768997
299400
266581094
22357154
37517007
122731385
168291147
74829672
1549108
92588686
46303771
1121526
5043456
151461549
262219823
120680658
32259744
32562410
4612424
72113211
55786249
82371663
1502108
147916860
10786116
10487187
118955926
19066426
120712015
180041495
73339142
187948383
226917503
32849711
149432548
61569445
2812892
174984682
122519028
261389935
247049235
71321711
6958009
28043098
62143282
227677345
131724134
125937738
6569083
21983523
24906296
126563111
95346624
34954539
188384248
116814367
288437508
20579399
59957613
123203535
119766082
13262406
248056509
5699999
8014325
157513115
3315388
21112413
2258001
48613247
313076078
99964984
38247902
42404186
44014003
43424074
192421602
18464123
130585771
162053279
178730793
74656974
153289806
25009725
29328930
7804014
24912990
17649545
86665851
54745495
8085845
41594590
44420393
40498032
2884386
12397263
230287028
100568719
38073554
18143106
284396211
227780438
6383275
248091881
140570669
237579616
42420053
295969220
13426190
142829696
245273849
116864807
4693445
242043878
1481420
54078231
225536601
18141742
76255223
80149668
52385582
173370583
63502583
36301620
5984947
102806914
78695731
58631528
78893997
9899016
211682072
148311593
131664052
163072222
48854087
52913338
1695513
2635553
17187385
14308846
91197248
3369302
177348662
219446269
72070660
201674800
32999563
161614035
96564236
40638650
174081455
196208911
58488076
73468435
15667305
10481590
158190649
35241347
13022153
4215145
164258054
11884868
57759656
140460549
23443053
754
92056160
42736633
15495516
31786470
30236888
24142876
122731561
132682737
190066109
5177539
83512575
79953373
77780154
45549596
23322093
13032486
72247731
57602042
62020703
6028914
76536540
40937693
86906583
85397328
122966746
248662721
42742240
241026331
76413297
23939809
24195688
162023192
361514
225236383
26091978
27181702
97879694
161737503
136005193
246893314
186644462
12161161
46175545
33608605
65040249
166435030
10217886
43337835
42236816
52774002
27579441
161751902
42862667
83946483
220006660
2357904
43262238
56405185
27738168
138432861
155602265
112561788
176382534
1480467
135811873
5810387
49840188
149589092
165116042
233607634
45393414
39765587
223127543
257911765
129028113
377310
248398834
142502304
119878489
22280593
80516155
63091928
14332543
69402573
38127377
41207364
234558364
11240918
67497826
276243026
16089043
162904747
160884673
116754707
66648947
116622993
231554833
145673725
21827811
92104063
115072255
4768343
143999324
224673188
23050943
5891740
130513364
141389589
30997894
88673310
238182557
47603388
155534969
68790570
136082741
66381736
194558782
83347749
146505768
247580106
33897167
158115882
150473875
18960587
86940637
8769444
238553816
60165123
137797449
240692925
121189196
13652521
6201333
85278299
29718407
16090855
47274053
4555952
204426898
239399738
105392174
13595516
163296355
132495768
302429915
160397028
105890966
196160102
57561145
224535719
11093727
26372354
262942230
40014224
49634433
61173856
194180277
143754014
4546863
15773759
10980721
119403161
35155586
170627298
52172693
13438227
16759785
176990699
59920404
130838759
38057408
3686488
706105
39337278
10279599
20148273
175835980
4227930
45981931
84763484
18263755
74457442
36462800
133119053
217125028
125524538
9257187
113134035
175314359
45070145
144774152
95233163
117637414
152920950
208260185
13185985
78044794
26184124
206510478
56234820
43902009
133627596
98051539
17221302
184809355
83983045
2271339
214233319
244398744
70157386
23968194
260495103
27343622
4895466
59933282
227132187
56805003
117992453
61895297
53213463
151175268
86852
195490167
203351962
14127245
72384112
127253772
16323666
80666473
115097584
52153362
148904898
233632111
45224057
104587035
28105522
110641185
96778785
9440204
50311575
43773521
336114898
99959163
191817605
6608639
52576047
50284190
155893768
38363762
234997576
44863317
27563891
8746136
132224307
4587765
103975411
130759466
45802150
63565307
31988188
75280127
6388808
195543467
266113913
57186202
19165549
142379646
75933016
48435399
57127422
30776487
109867725
83289722
20804085
110618242
6228480
27203047
97884283
14130169
42132185
149215675
75006375
103212384
68962851
19265455
130140661
82336881
492167
49609659
25871204
514975
7072919
96831846
25161545
273282726
179666836
277294289
98710100
217592204
189140987
676431
23296530
15085938
133244437
145800496
23290765
4701146
90358633
21987116
15937456
17154014
142901999
16184451
21581911
87686964
26319280
62460799
46609351
27939342
132216083
63654464
3816215
15868868
67849469
13611649
41151257
121319948
109432449
388411
55792140
216793415
55746085
116110221
18167645
24569822
18319472
41850314
239200485
15968682
114259544
47587300
5817878
85463211
33595488
37567929
214366194
251985609
100508099
220160441
93817172
44374556
22906068
13391575
75630451
55731388
17014491
138442832
7696733
9269436
262616619
118873897
148036406
254905150
135051435
57420460
60503010
50814967
41461518
7587788
4675724
130772723
41502081
208636864
90761548
20732316
79316194
7644395
9278603
125305674
123276153
165204710
3618724
115413700
26591684
11173754
8323082
36912788
70522284
223524780
92666421
1162045
142312344
152286574
239514400
4026927
47915771
38183068
196278434
180634267
3207029
48617793
69823907
219479565
152489573
16163041
195351121
6275980
154420080
5130214
101932530
134580798
6967660
197979853
895294
26019667
13431719
44268139
156879664
2452232
26359262
19849766
200344507
154191089
150936242
168940883
142544943
117473906
59453235
19215299
81716343
397212
207105840
1019449
46069077
164551057
155479277
26736163
82801589
92663425
8863974
42531775
66967384
235524780
2257443
5953629
80052855
95354326
77797579
68460819
10425719
5956646
228474663
35961397
27591616
8720425
231819630
122999559
3608354
120322119
68644198
100179608
259563785
16399912
210368953
74705666
80514471
196124285
1182261
20514943
213448699
1650384
158859903
74359588
13158040
52382146
13060034
1940080
207570646
71268736
114435312
10549484
21478546
78339360
43826145
148893938
18700945
53361537
63383017
248024729
40927821
17976125
71727916
46926544
1066361
90376099
168903743
35098137
89745802
12182945
3063210
113105998
26606886
229922276
76211023
223127621
12521555
14366499
235699806
291647316
22130151
7177949
108385071
114078080
25756891
180348624
65603464
28419037
16003415
56743441
33009933
121397334
224128457
81561413
3836163
35812109
65535516
259241548
244127730
47803729
39773522
47754529
106972713
41298791
35282508
166456576
34663591
133862557
48532530
68683170
25190638
53163474
272356354
82585825
82271106
8370793
78388013
160120146
568133
12590020
11922378
28290662
54828248
91915960
1772361
100537241
220910858
299992911
97465109
82997608
35409231
48806800
196946558
60914621
59295889
65235488
95931156
85270181
67733701
1127226
103059473
174260930
110518412
136377311
21396423
49509558
1952788
77048834
76790707
146740749
34237739
48098281
17335588
4181821
103613246
94985421
108836971
94214866
121835990
62303875
135473903
117175589
2288356
196933732
83368203
48950992
149146961
31554573
116096421
52716099
103904441
70279915
200137866
21480840
5618685
5888782
38150682
144752244
67109621
177046598
235371711
4144817
151461308
74779437
13249917
36344821
122370189
4906681
44611078
63818843
43697752
160696681
25882235
2554816
12619905
163412435
167628712
68828606
18094902
93393830
21267532
307807752
136663694
127926593
166157631
45330526
33971587
161783456
59804126
36426448
157492765
284074990
15093961
137932360
339306446
154716733
78896640
20533317
182000459
132707573
23666480
30274206
49348337
56286181
133270580
49447725
4139614
36150052
18073313
50084658
8111917
55793657
133758847
41142026
6222802
128321176
14906778
250395805
64973970
224185108
61427391
100003783
182138944
84039802
235905963
1443854
204569542
9030060
83735487
16236974
17771850
12613130
136696176
56244074
12159609
29541975
4669183
178295137
80917683
74093720
15206171
6187676
33466
62210872
70458738
85618014
263554987
29092324
118470149
27733212
168836849
144269432
42036788
38276017
25116956
141679382
6112796
167648925
85756635
62907005
271736904
105513934
41035098
28186402
219455470
121158807
22462224
152326752
119299525
190149871
26399710
8054111
285491962
188745283
132673325
166126764
88125495
74063626
79527046
34657057
89342522
134536456
184815577
15387172
122525398
46392197
53884932
119953086
8258339
123900267
16161558
193092206
102494438
294906244
65558860
197135575
13475750
72533668
188203929
269487376
35083826
55394943
172480741
61256206
14567628
23928791
120938094
201957248
55527645
25490374
79701977
12536012
80239867
303884230
261333483
49624459
9509131
120014114
4636842
16740458
87209454
142373803
227943563
241972587
101685491
60628199
212474123
127584334
132878425
402775
16379657
226847843
146911991
183952932
2052265
2974663
178386331
48444405
9018229
94308238
507857
219939525
20898371
20657596
285198014
3674940
93260075
268179021
7491853
50632987
336528675
104676425
276037658
1047291
71575139
66958375
55517556
62483396
43420430
318930677
351380
42704923
92889778
126220652
95096756
64675798
74808954
119996115
4725940
144950616
31479872
65253690
20814699
38040814
196187257
212319121
33684158
5036564
21238497
57577980
96437135
133185860
11038253
8678732
11364024
26246275
29654051
124187546
124205618
10277582
181359040
20949538
184134869
62498089
143245685
144391103
235466881
16413353
111360100
113092782
143264880
148222026
83115036
332404866
35039090
165801534
36149274
37238604
97900770
123209800
5062844
227354559
58827489
167938117
171919458
41669464
148047816
234555277
11614566
192346118
21904553
6863317
86180031
28994955
2872026
1593976
164533516
75961942
9066274
115784209
150913365
17964475
2600818
254090659
103163957
143858463
43307045
36632157
11101759
89033095
5998622
150142022
1985056
211215888
103952869
189067786
24984476
82080982
165929141
58279540
301319782
11369220
25612649
32807835
92551689
6720889
87184276
21575632
42221657
159395094
11661695
22926636
91492193
24242174
153404298
44739902
37767865
30031710
321514972
190212788
223069712
80414682
77677881
294738018
87535169
108750735
174620993
73427587
36024385
4716693
147733376
154136495
301937538
199551919
9436800
44717273
12414198
47486537
20958663
216020884
11327476
46181922
19419307
49085881
48177557
46554278
2011553
216495273
110134048
158568757
14909653
190186119
5845798
23675017
96873966
237197448
6671282
8287738
155625632
36979994
50508934
59473799
61996257
2400229
21665852
33789665
19168844
203342819
3647042
9724501
170513775
220688709
62795516
168048
14579449
46876618
49709162
179359503
167049762
293384234
8037590
26234909
61135630
138325585
126179300
178645025
198600571
101641340
49481999
178211529
138545832
72523264
69526303
14010942
20782065
1936355
335906041
314519491
10119448
273300680
131023016
90484383
23250786
171389617
129405780
4634365
47210288
286353857
264906688
124181774
42172307
44402043
7327696
87552928
129497351
173195160
283705759
254624225
37074594
1763071
119954761
51083169
100067541
17642535
152788843
23619515
216889241
127243817
94137461
46737689
1630473
42816018
23922636
158241
30705785
95546806
191014776
4049890
219701724
105221008
68254955
64540318
42554320
145419568
232960547
186077370
91505911
1289906
3218197
8506851
357261556
46811362
12763106
6739929
2895113
89801780
71972439
323069209
82715221
109905913
5361680
27263698
197491266
806976
103912496
74461278
28696076
13008130
39786934
130469466
355303052
139685239
8029892
76617381
150634944
98112388
352521751
205713551
132066135
199244589
104594842
206663734
45376102
22935977
43694049
35196445
142048689
90499037
193680274
113248648
90368836
77543314
134294639
190318765
9825489
264707025
151978921
149583410
73682761
13362331
262482725
142662884
159190691
16215395
28494482
6617795
242013005
265593363
278747373
14314521
4999611
194208526
6626072
208601683
58560624
83594436
60460301
122593806
80700089
200474397
4934117
102540391
51786053
327443646
20057644
192546638
11684799
108289357
49039973
65400693
241056887
104001500
36186976
11526835
211308530
7088876
19879712
132201503
245763904
166936602
245852494
21946696
145352
27453905
168890031
13641861
154951171
2165700
323885148
265646408
13259504
131846612
79529961
319041044
45141497
86324793
145845242
151405584
38631455
128400417
185561777
339969786
90181760
115575325
17318541
62481444
264180
22231256
7880595
95884371
40439958
90628429
109512449
177226424
203868250
222660469
55427747
194153223
5553185
196835103
20855795
161202062
125214504
67192940
72119943
199521816
2173017
298848281
4285395
259493987
15466864
6171321
65253117
162868016
254677893
94547634
139210322
60213702
926827
87119245
195423577
8987697
227727719
90525935
315297684
197518755
24535292
3442662
139706088
60622962
11984562
131391022
4317056
10276978
69989051
5577501
5866156
10640380
4151554
47037449
72940719
128893085
1713691
113465388
20914122
111643308
37095464
84338407
246327279
44998019
33205325
75407114
150222121
126766076
31401353
61459654
121656785
98230704
110877925
158947730
177210286
125990059
66807516
271653905
71441369
245650236
306287086
59304188
147691968
276163484
75125846
67149237
7209693
141452950
77371426
20101561
23127986
132918512
33271447
14007675
9704047
153482753
129466492
63427330
261740936
116571315
660740
43469392
26592928
4203297
27906081
38471242
16961813
100821352
80801528
24157212
286319330
150843526
79026076
35020684
71780786
10355441
115688749
29780408
7626319
145901928
143180981
112610974
76827065
25956382
57114256
4968533
43164223
235334797
117859748
86702620
228310793
67331781
89022874
20793988
40584894
98532453
62903031
12910925
126374
42207195
90201839
60121706
80706730
25089806
218819195
20741517
86819479
12126938
11721834
290324808
17517920
408260381
41808215
372462379
96224332
252872755
244113139
47330978
572444
115735634
406538531
184666482
68868737
151136719
5351961
80035165
107847753
136618824
53562784
183235900
10752384
84826323
88860023
164388983
74184933
64446428
27631095
46613259
19133694
60594052
68950068
335864814
9786697
118981491
62472117
20334159
140055249
142193465
30832908
80265445
80358373
290946139
165200205
123778873
96469532
5082442
53914057
51228062
5278952
42441597
102835416
202702300
18720122
52907537
122710044
149134820
1212972
34550850
192541115
331370014
33849974
20949244
125324592
40747483
110483598
116064262
48933431
81140726
269810063
103391630
108576068
50494961
187086666
48879623
55303112
176648297
15371885
239737764
1628916
109848474
199336829
48717915
270098985
147786115
150885934
240740309
105268502
26950863
94027594
125757566
159999344
45723303
84374655
35845287
51933879
213408741
32798592
193945850
355437788
16615557
123935846
138554533
137586
125325066
2365173
62175400
24124910
80633933
245618850
262512631
40629035
395328595
9245981
52508558
17101818
204263770
18442851
168999333
75731909
6287996
37274718
26820647
71601593
91300003
43825997
142840584
263257533
232621190
124300509
51750134
11822168
24476844
48124150
79894145
53147060
146657854
22928839
32633464
66858757
342407303
14925007
274746515
244656870
14978013
12492688
46091563
306657799
53685119
126019678
169489963
262099131
225943529
104775635
20396267
112185625
278606757
139246160
79624030
29896068
163739992
367936040
114741417
339567532
67342424
63234653
354769861
46366980
210385813
17289908
209936273
49963413
187735160
83578316
37256450
315931250
154798102
50186408
22956032
31437912
67188658
166600849
287505480
165217565
18703068
206501413
260464983
35399791
38899318
0
77961961
83671613
12284342
94831118
14855043
286386259
376450964
195269859
113008713
176881119
69841514
231219180
225249765
128329476
76495510
4703563
2268870
152140201
126660313
65224359
172617831
21579808
90299937
1420170
94894939
309447226
51807853
134084350
199569052
71687457
2352971
116445754
29899391
18563599
147217429
74519605
16248158
160055438
338425489
26822635
147560978
974475
148027012
128066014
104052811
90499691
175333000
72064468
64987550
173843990
274690885
28969154
145331555
75899585
42925711
9139778
26540933
4901643
40254463
270766014
237460183
68640115
61482088
11518443
275286237
13164600
66920139
192869110
69316479
86813911
199247416
35523027
96440672
64811111
62902987
25709181
224951204
212766304
26180648
153425382
186607688
247472357
175879034
35447242
86524441
122175711
166813397
33026562
37164957
66404946
137129563
29094849
11928087
148804369
122976671
358129904
210048694
150130322
278026538
14974126
33739620
255839529
6316177
13980480
91889207
189712918
16521464
233340147
3216975
67920086
116371198
96113997
223502036
166550555
64007876
115977279
1964497
90916908
95029193
162105637
57982705
162095014
32033654
36366983
33263510
38149791
132626890
41049555
100384496
60887238
309695221
99715613
68356114
62783115
28006968
145474339
9008180
117573338
18050917
31763872
132422882
70016625
23478438
202736144
313318297
289189728
273047433
196571540
127605469
5525165
20658975
191160792
99132077
318602335
14159031
168348382
118664788
86500632
140601207
5822161
99426289
83312518
168093263
4267676
58123302
106336881
170424284
207628858
62940463
2331866
55584245
259796088
31222619
84927326
96906986
231575234
85076394
81752291
141639891
80592901
97631600
181091465
361504056
299463467
109190236
363363903
102917203
296690136
94830971
271713721
18915071
2854450
2429922
97486466
220404310
179837415
19125314
1448105
48028344
108737424
248172503
266003189
288299579
54050464
212454756
180722144
78064232
10715272
7626558
46738502
82065540
63066872
44414672
118422236
30269964
119380522
317469236
193661532
75464899
217723678
118283819
134619639
75381392
205844861
10079994
237894
30508979
3019992
189865042
64572293
110031066
175112951
175628997
361332521
322734771
313872358
200624888
54504592
64284896
91168329
9293019
235324651
72373507
98726252
225109723
240569537
88880036
319548778
80559912
47515495
36628078
29970310
40490541
20536866
5049605
28513060
48587722
93657033
143484076
162293021
6467865
345716123
320789
1662504
106880434
18101115
98942830
345044077
214815639
37067206
8271491
106878515
263354486
66037375
116303167
80245114
51125763
175755337
114403162
182593809
22516125
1780122
123933309
797120
21962535
242521937
3327716
61476191
217577088
41833303
217467680
3122502
34017679
370604202
2176470
215471944
15170114
133473923
160353060
3820699
2630716
33431829
180582301
290734100
61926510
257661768
279944867
151264298
368624031
1877442
151747425
33442617
225998500
128474723
229857269
1163287
17481660
269134724
311166067
93960845
287828596
138394946
6346920
101285716
265495163
105000110
23346339
115950683
961308
369219100
26225872
61390572
122035799
217038712
26747729
106761480
263074011
254818913
246120758
30743324
42583412
100793710
304144154
231478052
142277171
235715935
66213896
25598587
264072048
17717976
103933821
7066433
235014322
45002921
244316467
26601859
268486666
189420858
26965335
88657267
198433658
45516549
79329741
204343041
90347609
1759977
31089043
186709709
181676013
9273203
62478285
40531504
5117709
392420170
152332665
72739001
8536569
10735212
58411512
143890724
158309529
57862777
86498766
124239276
601512
65589701
179270844
256390589
226647606
242657005
269707934
30956217
204875961
7571167
9155475
15199401
4210943
24779262
198498937
288984670
27718663
74098015
43189648
13717905
249222241
359918212
16264124
25919149
354792219
1208618
168421566
154975225
20741163
228933285
268467196
36000772
253198684
91274978
169547384
271807606
106717905
43734755
4875586
37856061
64468382
65610657
19297996
2552881
83155762
25369100
40621859
15686678
80540832
259015124
289813277
88254297
3581430
11639809
13477642
132925261
5564375
121039341
1367139
126800087
139282409
84555542
36773930
110303745
62314500
78856909
22020454
154520846
25251716
24863888
47143137
276693975
179496049
301095316
114067271
167139997
27010882
41822677
66647667
272685847
79327026
29509135
237092604
161248416
18421630
52666380
154960278
213760726
192273357
24687587
52262594
46850998
30955715
61540187
6333045
20702438
2459647
127168550
18870592
149325632
159740825
239998053
144399702
46667212
11097651
45843564
207432070
60247703
339862439
85382481
161062069
3741675
227889594
60346768
97886381
320683653
64495458
126830008
5491920
280262289
3678298
48574112
182040337
50342974
31293059
19114562
272171644
92260741
155030034
408203
207674136
3223046
98548568
335094791
182758131
161364246
21590187
4990244
65292970
114738924
91619770
421553077
234450840
139854709
54139779
8229865
31998590
62481847
119342099
169467802
277112262
76428843
213551900
130654662
5711367
47212694
16151058
51552215
37957639
313008755
58827319
248208963
119612607
42949567
71121996
71446464
70149908
11061527
25922014
105404554
100154769
273587973
75489439
12320373
253263365
3719487
102030188
2246310
215774972
297031003
59294166
74342511
1684187
420134206
55033217
226234927
30649141
428515683
492304920
262627098
112333735
159348226
74179336
142806096
269146517
278470086
36995792
227711584
201420034
307145762
336895514
155783742
198163796
54353
215013839
301208564
104483737
343919409
206027802
7965580
56301442
145980573
52945019
8671711
147828768
27281780
15475676
73375743
125331733
93449610
57942256
61929429
50377628
45526352
214576846
295033729
221455600
14258806
257362028
278038816
238380751
266465389
65687018
142838948
334838268
38926136
100132602
202949392
103333018
49275834
89977373
45217314
140129746
253956025
69070282
326114289
123670686
211578398
207178112
20970961
60113925
151937952
53839409
97129156
17820385
300346139
29889418
71331540
47618036
30369503
156578328
10449018
254313668
129985787
68410060
440607988
189498428
161830528
66708660
111488900
47031878
15620992
232373605
185266380
33819313
124985173
102181223
308219163
157421570
12419715
34138617
269854344
47699406
21926444
262730647
3363253
17308660
290310573
227951953
198156005
96876
88051525
74623393
233383557
460365888
9819584
369713029
27540950
94330236
222982324
198584608
103343157
154302926
121124693
310847337
75688458
8232003
49266507
267749237
80894091
222631275
31824492
2623061
5198953
387911850
7873030
15781333
29317154
81349467
87479662
55613127
64835465
44583517
217604213
93128116
329028256
141050323
3916631
271595548
3855413
14343052
147943816
365465
36169117
64646822
241699815
1118361
63243772
430594548
247071548
22005218
67474569
23484170
152318395
109652796
108076701
162461266
243546686
14399583
5793303
182034878
50771708
417694008
154054988
27302111
72018213
69147722
294850215
117021757
43981648
141022569
17660952
3164757
11751099
393678247
144499535
3857744
56944390
28627644
24677990
297056642
222676540
45246345
6438123
7279602
255030250
108254881
107365181
151168622
75163486
674842
248557589
41444676
269942343
332092660
171376678
246250015
99250329
115765113
4017137
183363003
96603467
70284630
37494654
1245182
17935427
260984702
257192663
24650695
35450086
171882011
13993138
126502392
13486667
41369258
61665238
226242370
377947353
39013156
18606180
81091545
49317848
333799903
40493500
168635246
48293714
129632074
83484016
265441655
77070316
198812868
339419435
13543063
104082306
20895279
193334660
205541728
16531391
143730318
154545286
67996199
88919008
16247706
148245709
197559460
1681650
63148923
1321695
264127192
42820173
145867567
104509373
52466193
17102134
21441344
53105337
34968823
331212783
196792108
84114043
445453190
213052252
10269082
120045417
199079794
51030448
34066552
40015509
8036575
127275771
219298503
67751805
297747782
866737
18200467
271710563
26665148
240247422
155434047
281041793
77242601
34430874
20441483
49728119
38318337
246575694
52063253
127784568
60435477
39302150
101911146
65163353
32049685
183719092
63900578
334306062
37927078
120067689
42688237
35369099
79534087
73833711
206117935
41009947
13685685
80769224
43473476
424360600
367917059
49356835
100035098
391602473
464892093
144928641
25992255
348242983
465301682
245433745
48514954
58114623
246093201
5598946
181915348
461098377
23406545
79669038
66326185
339536334
118559918
334382599
44066890
90140690
120163971
39716638
55487513
125998833
287985724
88838328
280967081
214725686
438638535
46231964
251642991
54279439
197065038
398713838
226096952
253544012
305690874
154236099
210041591
270410200
2417282
75350547
217519438
987645
441468516
9364496
292864327
86662865
167683754
45350562
131386030
1356637
8816195
37243811
324719360
25405397
48907614
1244031
14189350
81157288
93516030
48089442
146686401
7800589
27931673
130573980
106037757
333574680
96583989
1850452
193279295
133240752
58869719
144807911
10712940
87395604
242090562
159320604
194881631
55003281
155920712
84897465
272258431
93108465
35201133
76220620
255981681
89079
36973633
15940714
9556974
5188444
126127291
170445153
46562492
39389693
160242798
301054795
89404818
19650855
238557869
302138878
138130634
31351885
6743011
402737561
9499344
805470
180353950
105691377
118341701
21513609
220051269
57335205
114337197
97768908
147147402
66117710
39236745
110139531
182391777
34001317
96654417
400417916
203378323
56695273
56621206
17269724
10933727
28726165
249014120
144181329
87061510
318943695
4810753
97183175
207570161
310540438
182219165
246735353
315827605
380697774
337249
2888528
82984463
145829105
185746281
141804189
77840151
111243693
38278864
222844077
47331625
476652647
38583689
105410270
425273818
177982098
5196634
88510336
176260500
48300806
271531798
187446850
108227094
2310406
282672053
1100707
34364198
95371412
143178259
37048304
124764424
82158712
334586434
44144928
131467969
280774726
48053107
19182207
18064340
427638982
59839561
238503765
25503104
32162779
75142434
23324223
275345267
116643408
294075512
64465245
55538935
8150675
100908328
123266500
184054202
12814252
1588564
493026969
22529703
282576713
76259306
3926585
59165348
446890307
101737405
137311124
272899499
97643793
66456918
62507583
41266012
79995378
215312900
52411601
172849652
18781004
41663556
29312753
44179584
36000745
13589563
20615308
25217502
266426315
11514257
13379012
438454884
5220972
55910484
156121970
67182379
210575314
158210404
309261378
259466816
134264240
19621385
221139134
178023557
281617315
59531990
130946826
74144364
48520750
88571965
23881557
144556353
156192966
292983681
414243504
175222299
36131300
1984192
280214042
4491673
15095779
389938007
155239625
123420233
76598534
1038941
209574044
111973813
5883897
135481358
31611187
164705315
107153188
35431617
484318323
60948410
19077012
370462189
14800168
85788489
318895921
156195200
203920242
114332844
65070589
71899192
47328860
269620185
414795
13583111
155366490
159933205
130897372
98371789
14411481
39482992
74239041
127947764
65496282
124079948
257673150
116680907
290582556
10440504
61353072
519810736
221717464
115110934
70769477
39487248
4218964
14208120
32783274
82313962
162170526
123976662
275583201
29835813
195713500
311975667
23188449
150528126
350023841
1196892
255657094
175098553
3551347
211940396
51009119
215328366
109223657
15710465
108789590
25014341
142363774
288484712
8222719
197851537
66866902
82728962
6533032
47450408
431020790
142455144
50704438
293465574
73635609
227148793
77709816
418632281
146696002
117982911
187220413
60988167
462091791
53326711
170292818
426722234
11168175
134680294
178140860
245676501
312267954
5027699
222461211
36357307
227952337
179700188
6876726
11231579
48492931
30795483
51444907
144169367
175439712
239043171
444369
204194756
53028131
445505743
1705866
396535963
236354323
164189485
85084587
119043004
312189881
143821849
40057298
260481599
77096953
193846286
198487287
206626133
132725551
37456360
75701069
7035382
323151610
397009709
57438886
504813060
188066594
281810885
356379030
393668898
21181447
77243592
174318393
324178592
44617878
282763976
137150002
28248243
230008333
260152387
151559827
168668262
145409720
216622420
75847266
365120471
424044824
155048024
3416614
10565600
224172717
286720977
271138387
6433787
66626134
277415783
10184565
110090858
181073694
21483870
85405059
54024009
8808902
503041150
359978385
7858807
182835544
38360656
143540320
123630118
164656483
58864774
283593325
247575475
24198007
51889184
128008790
9993627
112164745
41403910
267705602
189255847
303143238
43108718
5507851
71516038
38398607
347963991
375959720
336354638
9081702
181021841
353377066
90988196
112257664
26419444
11802141
27792640
228773201
2889540
274455
166645824
55755702
312356491
126972393
21948455
45169585
33441928
489198545
107524886
175087297
812511
10977743
126702092
459521912
21016368
94231886
120011808
30772561
77732020
119086878
227418048
54487983
141676629
165746928
46599516
173926572
12585437
46968029
450601803
234033030
239182510
171992301
102899855
231773685
9744780
53555947
69079350
237493366
443065194
109050734
219904541
378921363
32158892
46034284
117190762
131833036
225363965
12994502
66599440
255299932
188442820
5100720
73238553
13480031
255683329
469089203
12409019
32753341
286453272
66191732
65539734
11449477
98829439
246305653
99763932
51826934
345165573
321300733
204452330
95014387
197353808
105613959
261656998
69085335
865143
216092398
133803132
81110668
121219820
156390982
101115612
37938221
37480011
44984664
27696362
172933768
295463310
137874228
169944593
11737273
5306490
133052144
22766259
96814023
8011839
105057317
9152360
63204560
105704791
307628075
39757247
180103312
90357828
228502507
110547943
53350585
44364891
17905524
136500467
169844462
47221509
141505188
96191795
15054315
171549804
9165892
59558827
266951753
332046229
76595502
41870049
31799445
27539847
61378471
45259567
20978901
46502869
140417774
100596215
170753587
145053049
164953583
69069397
58047391
275098943
2287449
41398964
10269688
359317407
136620361
48482185
130500983
19189138
68543160
89317096
166772002
238502942
100136852
25767159
165606753
148087418
3649103
219434589
129580098
19719424
120333062
400227261
97464432
18871742
302796659
67698283
215639761
421614188
88997664
9642025
82537397
328173291
133281753
190028649
193228901
375906679
29300736
10359865
20241987
60715211
172933091
46932677
207118923
76447629
38767606
6256671
274007540
136698513
197892857
10754906
56242256
26261478
380310909
63207084
493175453
19851030
50721218
303081050
7904866
111972523
68722222
435206791
58707012
71525324
292298833
192989260
373482832
2830910
160821089
76785485
51437041
265270507
246055566
56623362
350363970
48048933
13068304
261207645
333594493
313905379
8058862
5583954
456112683
301231570
151058516
174988594
24240273
238680514
31282401
374399413
123772892
5499264
250130524
213743157
2032332
440767406
152237317
358053071
15559910
26919998
74802206
174170937
97828870
528764096
5105046
48412627
82616146
246379706
276766947
179220504
6183367
333305518
21605730
72489862
16896247
350712331
249746950
256568063
161484839
243973530
203566513
16872262
130798285
74067678
52803847
95792272
21309516
64096515
26206936
7070227
35300643
56834788
2326431
68677979
264541861
428501879
44402457
133366618
35696872
281890303
207345957
80899718
209509102
222654940
121380305
20297938
324550966
51421441
124787946
159587207
241186389
38408311
229918380
421872103
30744543
221568982
10745866
14693654
404055309
121826404
14344245
122604268
10497394
564817610
213080233
58579835
198916227
19933235
5187207
27945222
377897334
143928334
31992812
51436399
215006531
253037864
6118621
166514036
203938523
11608640
249396357
297281375
15974393
260193933
156582338
203180115
175609523
60365148
229417107
136460716
227639284
450030390
3723707
58469156
134816468
12617507
50868404
3968776
317004216
41559848
226410338
331453457
138847651
20161030
357046788
49582695
5788169
83565558
249637119
191220310
268896901
33435687
3555320
81858408
261514654
494730939
38927170
2667088
9214210
102374327
13651474
85316413
538627074
30066748
163576839
26006873
555067883
7666342
60651315
182908951
14561500
81114557
9759972
340453224
242707596
14097619
395087851
23349450
51795204
85677496
74114050
167927359
476937304
32943341
423884991
51507694
212296400
30226719
23301418
133476674
6884788
2430580
115514398
168297798
42787548
24129889
85583122
333317321
18937497
46784762
105248071
299986942
451031379
86020073
112897366
10899074
24256928
76405953
99552
44694833
235477770
775673
166387375
245940611
275519063
117735639
229909838
40728292
184909200
204707623
102675093
57050847
248518120
117233169
370091506
250583674
178524694
288276243
145035757
98522563
139883084
534745505
481947163
448894262
441894668
87557029
105583948
170991431
310926031
36840296
243361040
119212168
62763801
188528734
143371427
93838034
301229272
25334175
563048
134609302
117679499
157939512
36823529
176619469
276871091
272875980
78574255
310713533
244743685
17777273
9454862
43503968
20315335
199407379
33300498
40482402
407712155
23441973
1051310
208034257
180516697
310461809
367330547
240162629
53834830
91390685
289916671
181795977
91112490
16987869
161281897
38174904
26390224
337764664
3991262
12989221
160965419
231801426
127347539
289064367
159593599
273846175
109785786
394954929
202437371
168664227
35110238
25077530
3500410
64403563
242309299
103911877
71500708
154040735
284551932
116846887
130332282
201519356
90015989
60684189
3273913
10665428
317361041
24211085
240514013
148019036
190580870
99700710
15486483
248694001
167167536
119400421
24921460
81771101
161761950
8929959
367871709
129817690
143883309
3151906
44719729
142662526
203559907
233295230
15135436
190246763
9176451
195196796
7385450
53076228
49123693
446458824
19634422
391260787
116337302
232550541
29661403
59464677
480272953
574265607
10305533
291551268
12612103
66257376
34486901
3313859
226466926
63634986
217749902
290710480
394854375
237063727
127753116
420117369
52068862
223601894
22287930
196114
283111024
136441390
55625052
68516753
94295
500594991
390005476
3582006
336661183
48149149
975275
113580734
28638123
275487538
279031013
52672656
106249708
21276113
167019977
862738
148458812
228070327
397714694
211836621
166264983
196203802
276207074
265401881
334874283
2515912
106919971
71784972
98718009
323121854
210157897
161269593
47753173
176094020
31646800
378007577
85271674
884571
320821074
29258300
60271246
431808085
162699376
113265144
79047818
29788991
585646829
95190020
26042243
68008289
229815517
298147831
28947218
42570161
224242610
112150618
14379162
87649617
65448607
188635834
553282226
73822558
31601222
87185089
211139876
187156519
64186874
81989749
84042888
5961049
84708564
190495079
656463
903925
19887877
313811946
284060861
38030761
343722377
105230761
253614546
483467682
223197519
13106688
201567375
41171886
152428583
23566757
292181116
461383663
5071535
444147191
65501023
17600100
45964207
106020868
96601017
91629153
92226874
163008144
381184267
86042283
196576106
147040627
249284766
208208274
7811426
511497223
13248932
265492588
45900411
110456584
121454867
16041559
385978644
120153169
225137696
104885734
22100019
176637607
156958982
344946299
198678349
32793893
252569082
125633246
146799246
263711523
14709418
122482914
60463007
357486220
59635395
143128497
161875440
76434585
50056154
3531188
21691510
611696
28825881
4329697
299206971
63930492
14708024
221043600
497442706
507426915
13310537
72345533
46307455
4165766
134225847
11871244
71921564
363510767
38214133
3672001
204013223
527162075
29916593
71714776
283764454
231697709
37561697
38022822
259742391
131889310
399253323
45629243
81612203
161209163
34828777
111865013
137749433
212535455
137236285
69459895
231916880
122283651
151104000
111860592
25116546
24811540
412609925
135947129
114330885
59107039
66050491
70812685
28534016
182195480
105794556
21933009
239755788
42074557
30363734
1487533
269181975
190169324
420824445
389403899
109332423
235109073
38480220
499582181
3297666
434237348
42022907
24988876
43252307
328347575
33141710
326621587
18310169
137170211
26304672
200407751
575463878
426922019
208982574
428425665
73544466
84593677
14375044
66318590
529673829
24487969
83081646
352117345
220642680
525279140
24838505
294040214
387949953
101909560
138008976
95934690
24907268
17080074
240655690
190334997
271783723
46091395
157885682
255343448
90558823
312137423
252838274
3389417
69949475
52260423
176974816
130785536
203242896
890276
54082400
56753660
247523198
123045581
78736362
70651574
165293451
25985264
155176909
2097182
136248922
129706061
247221712
38461430
31834599
73797902
56275402
53387969
66425996
7114135
198514946
399654450
372777523
382306942
28998272
254148785
62550508
84283706
401846005
5971715
139760077
57041051
153597566
163198349
220770561
158105038
404088771
32925332
385860965
114671406
304447779
154751460
9622591
212660481
22968377
124193117
69461781
188697763
122523433
204986062
90111421
134145662
604071445
168660995
17528151
9517631
237931566
4063247
21295511
34649114
348230093
109727166
136449867
93945690
21958082
336330474
136509590
3500363
302371620
24506188
228511101
96165667
24948253
201377970
1274982
309247443
22029518
184629109
68319552
66043379
178149239
27001248
34730668
50191566
57196074
25781679
147333271
243391505
1045080
96643338
56177044
459896391
11090534
5292599
190822767
86193243
38458359
31339845
137232279
3473308
162165356
120008022
44428710
37910395
165570722
454358660
29568571
214976440
207769544
289679462
200650578
54691664
48691149
285177490
145786397
235463634
136329696
104201758
46464843
168618131
302238214
291820146
80902905
213053116
8146555
121074539
114599222
290988569
28065218
104414601
90447729
41642132
398946095
315000196
439627546
59465870
341870757
247747559
524392213
299618692
107463020
182498233
86735204
446013305
205814062
530505454
325493603
24558275
293562288
48916072
379595550
454254319
514503791
171550939
497343599
266789387
83927412
281432938
139214077
237801255
343066473
122353061
32210712
82056294
83592947
42174477
322328118
442742422
60396254
168907788
216948818
2234137
85832199
140729055
13585426
407542212
69163106
768364
135653435
117865285
383979254
4130016
90226610
21743153
48967930
26752118
486944366
20929613
321319992
116887724
325613939
294745542
50562157
185402105
64885111
328921156
117730049
107596818
84047098
372128757
112173993
50336824
245926455
285356392
2710324
69813893
17949350
294354787
212465978
57141059
75487029
261722854
85667962
170243305
24525596
159220764
91513460
216642176
58605792
126808101
151865281
381225440
50203740
225540714
31771067
186654562
19226552
98212734
36543391
1362891
107126664
797830
173384534
145750668
82230260
222921047
250263531
368668879
101393308
364287588
51410362
206099911
221199753
430348577
134679558
36565218
258236528
114513941
337526251
14453068
165469299
243646041
98171064
99116597
140171521
164644142
271620222
105028176
63131838
68423360
196819107
5833536
163500220
315994108
456290513
71911403
251750624
466785921
56095583
174667126
88397755
761721
89159920
3298251
50940002
195252064
32456448
460796254
471722970
18054425
35738865
253916622
59851394
39287229
159951563
240392035
386412011
126079258
49915541
143774644
239807977
139967856
1707088
100003568
53896589
90927043
15554747
186203427
1381229
203809200
142836023
67875528
240472177
128664652
136060851
67626726
195690482
271451233
61585548
258506894
29040840
204578062
353659646
106280829
107512011
15146278
201456991
1122647
121175435
20230750
146752150
36920218
238880026
358217168
208610068
154025115
135921731
103568069
232353209
450538201
11776938
185758300
182070176
51404547
52230263
10559875
132231150
246171995
37463433
52877587
44549404
21811416
31905353
62768934
30255324
235002213
272882333
35475283
12640078
197768163
202747181
347968620
130106262
159620973
469872792
130334724
117584211
15395516
37391304
433019671
35449465
37251101
49741644
31729402
810399
83292750
174892312
173754342
287459349
17714946
309605360
139508703
220385949
346157898
212906297
3814353
37887346
141294837
72143951
34835167
23722219
310131330
79345136
190898786
64094994
157945154
230535561
2141585
113778191
31486215
65232229
183018512
317499787
62151789
442005786
320294608
59597408
197095887
180458385
109347034
4401356
121486275
254192339
125530228
80209245
98161123
81473679
142521247
611819409
113251597
176719776
273585352
191916848
38113839
81421051
207198395
124710391
12229363
89702473
120285400
188933
408661831
111769263
240516604
8776429
286975866
3273836
412681457
342784425
299787412
84285907
38286374
228735297
133711455
104322636
269468972
505622477
237836084
124197988
70088509
51275124
353481900
8942829
192031789
458994834
53633953
103168253
86629548
169436955
431241277
298521443
273498594
3239823
133778131
69187269
223966468
138359667
85670848
153974101
229308098
115768797
275792904
532217388
123113769
438600399
396901553
27546469
13195597
24739137
13809506
9361438
157584079
87855378
66129108
377136857
137679747
87176019
121012795
37531053
259431242
353430712
87316051
78738279
8142277
217932507
247667677
402972604
91870770
240104969
484706379
157189808
470775644
246839338
114099938
64069109
137496547
59773618
45237795
992188
173765065
55619275
195847291
5390890
113890308
115689089
20592057
2176267
126955301
165942768
13491958
180628163
43015011
59586567
189827593
224822954
251834265
59184600
324293762
281931612
95447375
24500341
400927206
39691515
150674920
165189675
69158901
322285988
102874831
16400991
14585911
565513094
309959541
6028921
8193329
40873346
42739697
174301532
2342035
17039679
239535534
282752924
29252145
98477050
328917767
100716445
126975408
44111427
254624293
41845875
61026802
262859518
65907045
435654823
59261498
72093085
18069274
163766390
209726296
201991195
92961113
23819626
552646029
142771831
20771032
393931713
85507435
204794565
19554799
91150827
100082310
256852750
489883652
173917714
567422466
1001155
221094263
491607099
88881761
359394983
99308695
434327218
247103087
31506248
6709605
104760721
112484768
157880329
58453886
111259739
16792038
2602957
183164288
51581503
321494242
242743826
67721426
344780405
194088826
269925186
130244585
142227152
103504061
31139219
22382499
80201994
107958480
383210418
82159378
319911961
61028947
49406088
40987179
528890114
220565150
48573767
561145093
91619037
1273445
174701409
71317504
459456900
112646531
142592736
59154193
979984
175854902
167145227
54695470
136908204
391695219
46059289
12748315
352897610
53281882
17868478
114158046
337175807
510675
158098453
228414449
12497491
369970878
433356294
214130590
208308846
268956688
376815684
135493643
52556725
271962853
297173391
14854356
39064163
416816097
223835085
108564520
150366887
67753497
96096381
372945806
128052899
132228104
24528499
2332600
129825271
297441992
24218559
312168540
96942685
144847758
118287602
456155595
260515946
407113354
1933224
65985868
351621847
59455275
55167710
40605576
187892899
166456839
179288625
282281094
89536355
201076667
82053678
3578259
27854160
50644727
6129556
17283898
187700314
298341837
19726714
112719535
141882248
48151674
45138102
98543488
41434676
238279970
133538424
115728393
240287799
487529435
427288237
26644965
146521445
323679454
91183706
68363511
411177617
37347537
151218342
221837348
90416237
155525402
5303026
258582708
87334165
41691404
375396443
254524706
274976300
209630013
229171202
187268422
6583863
397689223
183387346
384971366
52506655
54059946
419065031
28769508
238638833
343253234
305383637
549967869
63285680
129780274
123036159
36092215
108259680
147420335
16241692
477922743
3337832
7973748
252346946
354954977
53591771
129929197
453743253
56458085
42347780
19733091
64365140
403533795
28311377
29156545
372449707
190506483
444337550
464960846
304952903
79131985
204479939
105077931
9935574
78051586
24266233
174098305
295395628
260121955
1686213
657547463
425514520
186559571
35206598
1478286
57582165
43296514
70111289
180750546
20822255
616462506
139314989
423983774
375437338
56970257
7793105
222018259
203550094
57776023
14236252
159120466
130272390
224379398
304057985
158300533
266165315
9696736
3068144
70194017
211453737
109082184
57866569
206220071
41751779
65895480
270449150
15287654
81905858
170112470
119161864
499529231
23398319
5122574
1076738
414447161
109198855
22832092
89286195
170527052
243168492
262879172
27916736
343584763
54108132
285512096
424412284
275045450
74420830
120040971
30476687
74162031
59996470
11400849
232693486
26663330
289948692
60814919
273811580
41809195
200990503
14032336
158363074
38003821
4178862
173259457
468001349
381046253
90727340
222182052
24540704
14046635
293792301
128222452
300389449
16568585
194530731
1398612
433721136
160202274
294242629
9921974
212579410
13672169
202195787
365596051
27676323
3901534
77685127
33004525
341252
81481173
16822348
485863988
32019072
41237631
148574804
146031426
58393563
34359621
34893045
263368775
460751767
158870616
408434465
154752607
266120958
63188204
60327530
27825811
113429209
22301212
122929535
233923596
426719784
123656043
132314841
23508060
14503045
282969980
25347902
136722909
97393292
510183879
120703740
44076400
146662683
30817977
199135976
94459604
11749564
62413601
126391975
177736613
39680911
369695072
353040419
172391394
448105460
29219296
125834342
517436577
117777285
56782975
235719973
423790343
71597687
22401022
265774360
33878860
531426591
350603423
91238742
103609055
2247933
15564566
330026869
19527666
128267257
406804205
155186478
4070265
54307241
305283192
404771994
311749759
20145249
258012689
8093167
166384283
251793777
57257464
398935922
487545692
92274041
96239731
477201443
492138563
456490692
661349007
9296632
177143506
303052500
13360515
250364667
140572849
13776534
169537436
15001066
2086971
118417562
7713735
296467064
32217963
523963870
385120530
19112647
139702621
193959405
33199883
6081225
181549631
77906740
84544550
300518816
18919924
506146390
190106868
25781252
260349371
373936773
63118966
12653478
72511287
19274905
26890680
140287654
157949314
225592636
21458630
68050376
64041805
300841246
75182281
85678593
160174245
208066990
47109812
55786734
46929812
138259979
266057080
50943642
33275203
35848922
40166108
44625323
304106202
165837459
76059432
71847244
268053278
605665804
81297313
100948559
262971926
110953068
42803120
263266137
11548481
152063634
258040564
94298388
330045875
86270827
5009920
59536824
362529651
180009413
131805756
321652
191800987
109039411
77869028
25770268
604397909
14647242
98262037
120564253
112251711
118967946
2576417
248391972
140471390
14199515
4447431
275039551
16836597
431945978
107503607
456562886
91270352
236973353
155505255
569252702
37080407
429988191
1291241
240253297
132667737
23089033
180960814
160445470
163384669
640933744
118241206
79786193
14601134
396762417
465227573
195379260
141151481
301964557
453431559
192366546
382869577
79880493
534733003
177344122
99257573
60069751
312526987
438245526
145655558
291640761
128163196
353064745
140912450
137208356
91795940
302553445
532688229
336918828
13953110
343604323
17115156
446650172
21923122
14220573
29562341
27624963
24373020
156230333
4088469
67051354
115217120
85343488
21314570
495844611
353418462
2753508
102760908
300741467
204427320
172701725
6134253
7277591
10086499
247357669
25641718
97414681
249243634
281110783
236491888
9314655
124916292
183340792
210559254
262627098
126871754
11356471
130816694
281706053
35784291
61735588
361224845
297043466
199383285
33793535
282677676
88503315
327867172
294061937
57047957
565342934
327628013
349249448
192504594
164802174
174907746
483861975
59206652
217865558
24055709
53593330
317611873
125455701
938218
248430367
26012477
356773690
79348879
27376439
440957938
47009109
347131397
11619830
81563819
389125881
306135847
21688627
89023583
237355387
188391675
14548717
345707830
15198809
488651629
415873635
96727619
240209449
84115947
549988132
248705593
27181269
32200312
237108144
427485779
254865068
5476922
290181178
249565045
361365048
105738164
254671881
176954519
210702594
77243863
55539409
227362480
6192978
22166863
278693714
99221651
193528187
395629577
115142602
209598296
15583831
374354400
51428127
187210045
105330
235005750
574383426
548246045
92059392
192108592
409145346
39768341
173540562
86718530
644705945
21007648
394044599
459881244
48244963
9473419
144102323
357018629
371883898
176361771
565412674
25272616
139841659
48305752
414572324
45288462
10926534
463920542
419242676
21424813
26818344
341320519
209019634
2789566
118856330
174955205
358907
353577609
172619412
184958677
52558233
237721303
173701625
641433972
114027917
218351195
62868280
299547775
303598731
111363997
4254200
138627324
398608131
36832977
47291239
606001355
508742815
517960253
481073173
328425155
362751876
138275165
51213586
341201924
264696364
45210944
14112311
14335114
503302654
297765906
249705013
310045268
322461042
7958836
193699818
177403137
331550683
492999619
41847765
69849767
397999894
467774761
591305111
408793425
349074277
192176989
12781701
605382899
430680750
201435112
256124038
25627514
32052309
277848468
199862639
183040041
188534427
373706312
199013625
29153419
347491605
17665624
305086649
436840103
27545131
129664669
195415330
312838286
14257649
128439398
231347102
230496870
268266033
6486462
60403086
105486766
270821893
230554410
77483629
219961011
96309794
178570912
235298770
175584169
73084252
407043897
285301129
101311278
453330877
63663732
117081217
52066637
79336660
18201085
93272788
239047957
32069180
275920781
27650927
273937947
15476404
92508715
315529260
8965080
4011566
184546764
247905086
352601970
151342497
216930595
34310583
42626594
151224114
4691652
43881817
135812525
205399201
89952932
65862738
81194988
197695050
287431091
64966343
412874778
196768543
44085097
114764462
274335030
26605910
55889120
77697705
168620276
70221209
133473532
263660900
228370878
318300749
635677919
483319554
26672211
215234917
370970184
193270555
119971378
90082899
107119703
215827977
439892448
235052343
285710178
153439675
182741259
21461354
274392481
110357602
238013008
12541600
582306561
391314670
73534286
54122188
237032221
313525126
39806057
81932365
387295096
3029570
383379411
126473984
9307740
88910458
404404904
97351934
345621270
171796783
242890431
48525587
279800014
88099898
133375410
227915750
133265585
58996770
13712048
13260659
199022246
478054294
209807278
4870100
632732443
10905771
15983919
286041541
205341971
767636
182921
224066824
435404874
6688845
86649812
14962847
342367183
41657267
1719304
116990376
158100295
270675286
326128245
436205800
98482228
118112391
99238450
38396473
669615455
392469509
10572566
99255544
36895301
106249475
527019863
293012974
236233878
30478739
70529639
84778148
47309087
25054701
5846673
147118133
686700179
60609951
450728845
95081308
417149477
82848571
653247813
48256378
79204590
199878963
277245752
118256801
85072317
166223984
318565174
19833170
7403314
67830975
46761846
180483273
265654362
346828865
21422165
2786979
467149948
135794216
66765646
640279603
564476989
206227802
17098799
224286367
3043532
472557098
189428572
231053978
7869523
418677480
299429975
240560962
27098379
230001907
65210408
480446442
159014553
356515771
27831362
68514644
11211071
472759003
109699559
204422575
455685468
31321530
138144671
254885037
113079651
386017656
145423154
286398747
104950471
445005936
543169231
211538553
68018212
340973532
379295077
375035284
11471125
517192839
38217142
60258423
184487794
22735588
128844949
423999802
487749310
112940767
191038578
29549886
33812461
18830341
172004198
71322592
13720623
283224552
149192738
305172597
173319278
77287233
6327585
253853459
23800387
21817662
35428453
223106041
177931124
314948856
482393412
37105864
62922984
406546694
254015301
257122396
22816540
992645
62976791
63545040
141085367
74507578
351248540
239055839
513555142
15718475
179269838
78605650
140844023
465407951
157188343
41016644
271153149
385858667
430043990
469580528
766423
46326213
1635671
363931086
309778938
201996630
16332482
385373100
188300285
663924449
656303122
30190249
40131041
4195062
146989243
28608464
454718603
142354280
507107794
402525219
89557201
380613358
79089997
228569153
192220061
186807396
584704283
6311198
410858249
547583894
158778669
236596870
25597936
130424168
27200064
297261829
110735938
417590149
321890801
574522885
166019514
16833325
110855517
101191518
51533256
193328027
89833195
129290184
16240850
22044615
1262692
37208431
179557018
410260896
179826242
216715702
77859324
105954903
69368355
340415452
38607586
267651649
157954964
113241272
658548133
204754388
31572039
388645561
6618742
171424434
28058698
28596469
549005213
28554690
673379477
65368841
124302458
59548538
496927556
99399549
246861194
301030146
144118749
72973323
226438300
16512538
21466006
306640904
340767612
51012840
98663
77802845
20514423
316071741
252717647
312913119
155537557
30565388
138427476
172756204
24404141
270509965
148216384
41314327
34947192
5675559
642799508
203796993
21492170
61586308
106850
263473488
11307348
201022613
308230101
7665238
201182353
537541609
692437670
1014965
7279927
197747044
315025100
252403208
120115142
261161412
24040135
135659904
62541871
594476608
211440893
271164806
465204153
169874558
9105881
313444469
288976467
191961935
152588767
272651076
164779562
351878484
151912932
7800988
497938152
89588221
306473115
194001130
399548632
444384206
266943620
216531881
248657396
184708468
187380464
190639956
17633054
31642032
86731409
530260780
258061096
129782746
9049376
631321557
520055254
317880461
427279267
616217672
179140581
110773593
303676668
495576248
19896934
3011817
549897
99772353
63553681
22771280
331650613
233988436
357213636
523600245
215734454
6260305
260255192
458192853
570387148
419405642
124247014
285711428
8583192
65890260
248446189
79687995
410159933
21356753
270204398
18401142
80894753
284881746
377035351
29492519
226954673
319506175
20761796
91763927
262653296
142985181
139029421
556473070
119978133
666796447
7092707
16412782
133436433
284856076
142412398
39046738
152367113
615910480
60843056
566590353
167263641
12896748
144685857
245573775
221489601
75360731
217808131
95106613
456938370
53829062
128331750
300222032
8517906
146753347
167951758
120522623
188917094
439563586
48795509
360529180
482641033
456209209
349802253
148521285
132170852
405433318
203399282
62767518
421128248
371000766
297599190
146522309
70008408
265746591
639984445
55231769
163001021
94934503
371842375
27686050
6425030
74530159
64121528
4675105
316010161
72854560
691360432
538072865
460851753
193878046
90250924
21008059
335786521
33064653
293366924
265079525
72812677
19349256
208326658
7890885
125581867
63678089
176234195
517214416
112016835
58412557
530985410
11629188
18185319
86926360
107897381
268649044
558070739
525335168
95896597
551402443
141158440
153701656
148194016
74337621
42755862
348195175
93391375
51463870
20366231
709514
27074733
128109371
617402334
9288203
392997595
463740635
119883226
46330172
56155189
44471890
148730118
328891433
324005768
647986706
56456934
378342578
215375805
53422947
295323824
320215184
213964037
11673594
59306701
23750647
170283286
89773803
31095053
130559568
312307379
790466266
