21.372
17.737
20.321
14.719
18.892
17.910
19.970
20.222
19.324
21.227
18.668
18.009
17.345
18.263
18.268
19.574
18.925
17.402
17.918
20.126
18.920
19.352
24.018
18.895
21.908
18.928
20.157
19.490
18.506
21.008
14.341
20.116
17.511
19.040
20.141
16.912
17.207
20.339
18.686
19.581
20.294
17.142
19.909
20.081
19.090
23.863
18.094
18.062
16.847
18.681
16.982
16.340
20.266
19.997
17.471
16.972
17.563
19.257
19.798
17.828
17.098
18.346
19.570
18.633
18.702
19.938
19.567
15.391
21.753
17.020
18.347
19.701
23.327
19.128
19.194
22.041
17.789
18.529
15.139
16.170
20.648
18.619
17.556
17.872
23.656
16.026
16.275
16.285
21.544
23.981
17.210
22.339
17.371
23.007
21.392
19.855
18.828
18.533
20.590
17.249
