148.978
90.426
179.623
77.660
164.922
67.747
112.060
72.788
63.639
110.407
38.720
83.390
36.158
54.056
78.431
47.408
94.415
58.919
41.259
86.408
50.649
127.636
103.278
23.012
114.938
40.618
56.967
80.234
85.593
66.869
38.240
36.876
105.072
100.673
25.881
122.993
72.018
60.890
118.911
24.050
172.847
57.305
18.893
75.390
161.112
241.337
109.511
73.871
55.512
81.041
70.629
109.287
113.687
39.077
58.708
119.416
78.202
154.183
84.069
55.300
126.012
107.330
8.545
67.664
100.908
64.979
69.746
79.605
139.192
104.685
100.507
30.924
36.378
59.535
85.081
76.783
106.384
49.902
163.491
108.938
126.232
102.681
128.300
220.774
59.658
173.595
89.124
153.105
126.864
182.063
118.722
137.537
100.041
95.220
23.844
120.777
72.266
74.422
71.558
82.596
