1.000
97.000
97.000
578.000
376.000
376.000
1118.000
637.000
637.000
1622.000
880.000
880.000
2090.000
1105.000
1105.000
2522.000
1312.000
1312.000
2918.000
1501.000
1501.000
3278.000
1672.000
1672.000
3602.000
1825.000
1825.000
3890.000
1960.000
1960.000
4142.000
2077.000
2077.000
4358.000
2176.000
2176.000
4538.000
2257.000
2257.000
4682.000
2320.000
2320.000
4790.000
2365.000
2365.000
4862.000
2392.000
2392.000
4898.000
2401.000
2401.000
4898.000
2392.000
2392.000
4862.000
2365.000
2365.000
4790.000
2320.000
2320.000
4682.000
2257.000
2257.000
4538.000
2176.000
2176.000
4358.000
2077.000
2077.000
4142.000
1960.000
1960.000
3890.000
1825.000
1825.000
3602.000
1672.000
1672.000
3278.000
1501.000
1501.000
2918.000
1312.000
1312.000
2522.000
1105.000
1105.000
2090.000
880.000
880.000
1622.000
637.000
637.000
1118.000
376.000
376.000
578.000
97.000
97.000
1.000
