1166.657
196.031
48.562
250.873
0.000
0.000
81.689
189.617
25.278
620.586
31.911
162.077
46.786
208.256
236.501
904.166
19.855
184.538
14.900
23.962
35.702
314.643
408.027
22.738
919.700
749.237
359.763
271.860
22.067
1072.018
346.205
310.574
361.213
653.594
138.694
90.752
88.402
0.000
181.425
0.000
244.052
78.397
15.686
58.919
143.861
602.928
138.557
337.089
76.657
445.238
247.463
426.676
153.187
51.675
231.272
499.460
385.636
46.627
474.115
71.752
303.570
423.798
1053.970
0.000
0.000
159.112
64.794
184.707
322.369
147.390
55.971
758.413
172.874
39.800
605.815
922.243
103.853
47.000
8.794
316.538
334.104
229.062
600.493
216.256
1040.846
51.458
146.286
230.118
37.100
0.000
535.892
365.629
407.883
275.367
97.613
452.070
157.420
115.179
273.225
43.405
