0.000
1308.000
0.000
196.000
196.000
0.000
4288.000
576.000
0.000
0.000
0.000
3774.000
0.000
576.000
388.000
0.000
390.000
196.000
0.000
0.000
6484.000
2178.000
1456.000
0.000
0.000
390.000
0.000
196.000
196.000
196.000
0.000
0.000
0.000
768.000
2450.000
0.000
1310.000
196.000
0.000
0.000
4054.000
0.000
1318.000
1456.000
0.000
0.000
4588.000
580.000
0.000
576.000
0.000
760.000
0.000
4718.000
4798.000
196.000
4036.000
3268.000
0.000
0.000
0.000
196.000
388.000
0.000
948.000
196.000
580.000
388.000
196.000
196.000
196.000
1636.000
390.000
2380.000
0.000
390.000
0.000
768.000
0.000
1780.000
196.000
0.000
766.000
0.000
2686.000
196.000
0.000
196.000
0.000
0.000
4438.000
0.000
0.000
0.000
388.000
2308.000
0.000
580.000
388.000
0.000
