1 0 1
2 1 1
3 0 1
3 2 3
4 0 10
4 1 12
4 3 16
5 0 253
5 1 200
5 2 150
5 4 125
6 0 11968
6 1 7680
6 2 3600
6 3 2160
6 5 1296
7 0 1047613
7 1 506856
7 2 190365
7 3 68600
7 4 36015
7 6 16807
8 0 169181040
8 1 58934848
8 2 16353792
8 3 4695040
8 4 1433600
8 5 688128
8 7 262144
9 0 17714036
9 1 205506012
9 2 397804430
9 3 500828832
9 4 121706550
9 5 33067440
9 6 14880348
9 8 4782969
10 0 466997276
10 1 39063515
10 2 506421323
10 3 215391377
10 4 583679895
10 5 376799979
10 6 840000000
10 7 360000000
10 9 100000000
11 0 845693904
11 1 92803380
11 2 157265632
11 3 457696985
11 4 525832570
11 5 11931194
11 6 819535810
11 7 384605039
11 8 646149582
11 10 357947677
12 0 161626910
12 1 458690208
12 2 333877073
12 3 978164264
12 4 744588242
12 5 655222424
12 6 865151985
12 7 912056687
12 8 469793437
12 9 787917379
12 11 917363797
13 0 231090500
13 1 581679746
13 2 980422453
13 3 212152647
13 4 858907411
13 5 330208311
13 6 473870320
13 7 380571039
13 8 917026979
13 9 898457297
13 10 660398348
13 12 160381493
14 0 423732983
14 1 861076780
14 2 307419697
14 3 409758861
14 4 730212520
14 5 673569766
14 6 747433921
14 7 671043617
14 8 526683843
14 9 537202413
14 10 307440484
14 11 81022730
14 13 911978445
15 0 516677179
15 1 723675300
15 2 397847265
15 3 556404149
15 4 791990924
15 5 725909013
15 6 550074753
15 7 472744830
15 8 479326923
15 9 239301324
15 10 463935118
15 11 107729223
15 12 665398463
15 14 54736010
16 0 469887059
16 1 761629643
16 2 857517001
16 3 140471009
16 4 45035786
16 5 507352774
16 6 625367038
16 7 554831639
16 8 269837970
16 9 697992999
16 10 637273235
16 11 804868013
16 12 68506855
16 13 563756381
16 15 533524785
17 0 111021348
17 1 226825120
17 2 292044502
17 3 719691285
17 4 909207416
17 5 110933199
17 6 105866702
17 7 999982999
17 8 17092387
17 9 522979520
17 10 745989755
17 11 586202423
17 12 976195436
17 13 13791028
17 14 690738165
17 16 472854576
18 0 113400431
18 1 195756961
18 2 945845944
18 3 270266327
18 4 569032946
18 5 278622559
18 6 840068139
18 7 672180760
18 8 533529211
18 9 333620858
18 10 660462875
18 11 137621800
18 12 487217732
18 13 941981044
18 14 34791181
18 15 132524826
18 17 517540054
19 0 888217589
19 1 516170657
19 2 103217948
19 3 418462950
19 4 205181169
19 5 594408618
19 6 561297527
19 7 306812395
19 8 335283460
19 9 280026887
19 10 738896468
19 11 868772492
19 12 532859111
19 13 187946506
19 14 184575138
19 15 384243416
19 16 286886718
19 18 94449985
20 0 523336239
20 1 3695070
20 2 242765586
20 3 830556874
20 4 801003001
20 5 628880449
20 6 503674941
20 7 473655369
20 8 935934494
20 9 818001257
20 10 710734420
20 11 513298402
20 12 106890037
20 13 844265882
20 14 324021013
20 15 806582023
20 16 511171483
20 17 709825233
20 19 12845056
21 0 664614141
21 1 589126731
21 2 948432026
21 3 525172297
21 4 697179638
21 5 654637093
21 6 711076523
21 7 657478867
21 8 925055291
21 9 151713087
21 10 568912226
21 11 47224226
21 12 314301618
21 13 922996013
21 14 4793322
21 15 5837344
21 16 860523512
21 17 273957349
21 18 645885076
21 20 292439931
22 0 884769636
22 1 774340272
22 2 983699236
22 3 318989036
22 4 429551131
22 5 131281734
22 6 614046046
22 7 739463106
22 8 473181845
22 9 680654843
22 10 462835657
22 11 507974087
22 12 163132176
22 13 748527588
22 14 760444199
22 15 931427707
22 16 917687103
22 17 890397206
22 18 640268560
22 19 432935396
22 21 969164667
23 0 345991850
23 1 152754349
23 2 741793211
23 3 646609158
23 4 92842881
23 5 372929489
23 6 208254041
23 7 295839669
23 8 757523464
23 9 654981380
23 10 873459485
23 11 657067336
23 12 37915824
23 13 571550855
23 14 128233496
23 15 902607096
23 16 319584870
23 17 191740628
23 18 192848678
23 19 946069059
23 20 561393827
23 22 488796791
24 0 121016314
24 1 29006960
24 2 189887924
24 3 789028800
24 4 887851012
24 5 447596650
24 6 515731472
24 7 145020813
24 8 636472136
24 9 643953781
24 10 580073188
24 11 937890086
24 12 106173289
24 13 163979958
24 14 362616219
24 15 2489620
24 16 99909674
24 17 317034810
24 18 784039195
24 19 420709573
24 20 994174392
24 21 283716934
24 23 279878288
25 0 550370272
25 1 907873424
25 2 954559568
25 3 729258914
25 4 317298959
25 5 577443839
25 6 879919470
25 7 942660579
25 8 988002644
25 9 849891531
25 10 318059309
25 11 112017234
25 12 833632365
25 13 692804772
25 14 874956958
25 15 525506660
25 16 243137718
25 17 795800002
25 18 196889338
25 19 82676365
25 20 494590834
25 21 248378342
25 22 39219889
25 24 355001804
26 0 803237716
26 1 57598225
26 2 653654241
26 3 369167295
26 4 313027278
26 5 429119275
26 6 572349024
26 7 429626638
26 8 675965631
26 9 616986397
26 10 495857827
26 11 248190207
26 12 916466984
26 13 675128358
26 14 903204699
26 15 154691352
26 16 319529387
26 17 944544595
26 18 711480195
26 19 724058676
26 20 28454202
26 21 440411074
26 22 134929160
26 23 871845547
26 25 922226620
27 0 741617311
27 1 895144328
27 2 83298901
27 3 276526878
27 4 424931925
27 5 228431134
27 6 664057290
27 7 15210453
27 8 645205002
27 9 869995385
27 10 430404776
27 11 177067110
27 12 37328972
27 13 720686043
27 14 813060027
27 15 480120669
27 16 591846793
27 17 76963822
27 18 283522115
27 19 143916772
27 20 222403973
27 21 490682642
27 22 115688888
27 23 349045116
27 24 167802727
27 26 100094381
28 0 111957617
28 1 418206641
28 2 703638992
28 3 248929878
28 4 92366829
28 5 467265446
28 6 77902298
28 7 846595657
28 8 142566220
28 9 645464588
28 10 724117794
28 11 936792903
28 12 60019625
28 13 308010673
28 14 593455810
28 15 808479868
28 16 797942566
28 17 597007616
28 18 839526967
28 19 513824559
28 20 518516380
28 21 233339852
28 22 71142332
28 23 318142222
28 24 277991628
28 25 949405193
28 27 919040876
29 0 349071896
29 1 984938974
29 2 401155115
29 3 349018003
29 4 778103987
29 5 702566030
29 6 258611692
29 7 855511792
29 8 317499345
29 9 929673071
29 10 685082811
29 11 219201092
29 12 154197243
29 13 280221644
29 14 928082105
29 15 676457058
29 16 415682332
29 17 511634323
29 18 104673094
29 19 538005850
29 20 359285019
29 21 526861
29 22 403439757
29 23 680477627
29 24 345255434
29 25 351445701
29 26 190676062
29 28 115157688
30 0 492947389
30 1 851592291
30 2 888890058
30 3 727514136
30 4 825656696
30 5 843171659
30 6 181974661
30 7 623288593
30 8 5434206
30 9 639368295
30 10 382617935
30 11 511632148
30 12 721107639
30 13 145443140
30 14 390513968
30 15 267217029
30 16 848569511
30 17 21108033
30 18 801689507
30 19 361234292
30 20 499584650
30 21 721558532
30 22 500252978
30 23 426575595
30 24 554081887
30 25 130458878
30 26 607475456
30 27 869158490
30 29 428755556
31 0 651152739
31 1 601476064
31 2 979428652
31 3 980290152
31 4 858500474
31 5 863049271
31 6 786305036
31 7 397957201
31 8 731199804
31 9 490215147
31 10 762847857
31 11 612015163
31 12 640415750
31 13 575457847
31 14 399146108
31 15 197141433
31 16 71523031
31 17 288476685
31 18 239153913
31 19 961891463
31 20 646090718
31 21 575426752
31 22 129695933
31 23 855040531
31 24 950823099
31 25 108247572
31 26 856908732
31 27 240076853
31 28 769025531
31 30 680091479
32 0 376150627
32 1 209140734
32 2 771478
32 3 976616663
32 4 733162645
32 5 664687405
32 6 255662601
32 7 925008427
32 8 774355857
32 9 227118088
32 10 1844014
32 11 628364154
32 12 229554245
32 13 713199140
32 14 538142812
32 15 692933938
32 16 284749450
32 17 189065121
32 18 442950749
32 19 387641879
32 20 253923932
32 21 919954866
32 22 981910952
32 23 73254848
32 24 786494259
32 25 588495812
32 26 175865005
32 27 846742297
32 28 245918536
32 29 122786826
32 31 769740174
33 0 422957236
33 1 47545146
33 2 636455275
33 3 167486295
33 4 90229896
33 5 932248729
33 6 429548059
33 7 755349285
33 8 545917527
33 9 283393711
33 10 799800674
33 11 13501898
33 12 690983611
33 13 370335106
33 14 206947568
33 15 69316677
33 16 811760501
33 17 287518936
33 18 134871943
33 19 170589117
33 20 306521696
33 21 230083208
33 22 534857360
33 23 470698390
33 24 945638763
33 25 295439808
33 26 14837002
33 27 65076255
33 28 714571972
33 29 770411854
33 30 994235917
33 32 431068118
34 0 9620889
34 1 891062648
34 2 799815381
34 3 597119673
34 4 146019967
34 5 195435183
34 6 458091360
34 7 22106377
34 8 740425555
34 9 994613294
34 10 754716760
34 11 854364819
34 12 718452058
34 13 368439567
34 14 476471842
34 15 162188852
34 16 268000245
34 17 74816735
34 18 955019702
34 19 944069048
34 20 727559773
34 21 592953391
34 22 536293895
34 23 834338090
34 24 568252254
34 25 54947164
34 26 322567037
34 27 541763582
34 28 528542730
34 29 847811139
34 30 513041488
34 31 78484618
34 33 285356966
35 0 131422965
35 1 33536608
35 2 235394859
35 3 711092171
35 4 281036059
35 5 89418819
35 6 212393919
35 7 616380383
35 8 657833429
35 9 292657996
35 10 835075194
35 11 410744339
35 12 58351378
35 13 792912565
35 14 944226
35 15 325468947
35 16 553038136
35 17 234692149
35 18 788966855
35 19 197276019
35 20 466872501
35 21 84612795
35 22 418974864
35 23 26778062
35 24 666255647
35 25 588111037
35 26 827267557
35 27 15154269
35 28 647606584
35 29 433542509
35 30 32527103
35 31 446679016
35 32 271566553
35 34 432272426
36 0 13484144
36 1 200661800
36 2 983028501
36 3 316360235
36 4 543208668
36 5 6657064
36 6 656391176
36 7 628059385
36 8 159949666
36 9 602278788
36 10 705371161
36 11 741289391
36 12 570557521
36 13 159013299
36 14 374765856
36 15 857921456
36 16 42854502
36 17 107599112
36 18 995864190
36 19 972137741
36 20 792089254
36 21 466623164
36 22 229462291
36 23 378226461
36 24 317625666
36 25 588406378
36 26 45115558
36 27 422739649
36 28 616663451
36 29 94087829
36 30 478813504
36 31 14802557
36 32 733139066
36 33 439936423
36 35 666954141
37 0 832486579
37 1 495564518
37 2 580844768
37 3 462073447
37 4 87920294
37 5 475766395
37 6 314554624
37 7 499017238
37 8 753790706
37 9 353613011
37 10 397651052
37 11 6188085
37 12 15347097
37 13 441930789
37 14 150788044
37 15 865998203
37 16 513177315
37 17 624189290
37 18 899884765
37 19 343714372
37 20 142069571
37 21 60832778
37 22 103862217
37 23 757263060
37 24 231344766
37 25 575374132
37 26 245991648
37 27 29896491
37 28 955228951
37 29 336421765
37 30 419681832
37 31 867143689
37 32 963217031
37 33 830907464
37 34 118325671
37 36 846631831
38 0 19656424
38 1 131111237
38 2 419444823
38 3 189484019
38 4 586630422
38 5 686164398
38 6 780175225
38 7 799942357
38 8 706608382
38 9 874813486
38 10 218748482
38 11 181038688
38 12 144474314
38 13 361519261
38 14 69757593
38 15 658345228
38 16 982020960
38 17 704424124
38 18 238112117
38 19 766698187
38 20 318177096
38 21 725519039
38 22 589480969
38 23 34331130
38 24 758268956
38 25 701056075
38 26 519299999
38 27 876426473
38 28 951740738
38 29 776504331
38 30 407731493
38 31 261559448
38 32 384551462
38 33 660383111
38 34 42428336
38 35 808105235
38 37 358420421
39 0 951346501
39 1 593988382
39 2 656490790
39 3 593038236
39 4 107383679
39 5 488516677
39 6 808354463
39 7 802368372
39 8 398346776
39 9 952944734
39 10 316176564
39 11 300138930
39 12 699468053
39 13 226446461
39 14 224154797
39 15 741288252
39 16 9374318
39 17 321539698
39 18 907770497
39 19 617423186
39 20 365670464
39 21 54803414
39 22 238592925
39 23 514924986
39 24 321127373
39 25 939443138
39 26 420494837
39 27 192335571
39 28 276113357
39 29 557582841
39 30 530900303
39 31 709303395
39 32 806507433
39 33 22060196
39 34 911624313
39 35 801378993
39 36 585448175
39 38 181838520
40 0 232300243
40 1 390169825
40 2 362073241
40 3 943140209
40 4 898654231
40 5 770550235
40 6 964190783
40 7 253402022
40 8 957040504
40 9 633463221
40 10 695416846
40 11 267389940
40 12 309700600
40 13 589958766
40 14 979912741
40 15 605010719
40 16 713035466
40 17 520945107
40 18 582336624
40 19 478037204
40 20 581805923
40 21 790816590
40 22 871888015
40 23 913260760
40 24 339805548
40 25 273797525
40 26 492391304
40 27 320094868
40 28 467065389
40 29 732238306
40 30 420112198
40 31 424471599
40 32 317487021
40 33 664965252
40 34 704696646
40 35 908560056
40 36 954507772
40 37 282543061
40 39 721054961
41 0 608231334
41 1 80641968
41 2 116007436
41 3 506249414
41 4 617839064
41 5 712031421
41 6 412812408
41 7 56175047
41 8 452744015
41 9 705604536
41 10 71126450
41 11 605231345
41 12 115869820
41 13 614884456
41 14 830361601
41 15 566259756
41 16 224071438
41 17 304885176
41 18 431796911
41 19 101971500
41 20 193029478
41 21 294561357
41 22 688123792
41 23 417858697
41 24 244160177
41 25 747429708
41 26 447717847
41 27 728542649
41 28 767329777
41 29 653000818
41 30 312128160
41 31 263086876
41 32 955568853
41 33 109345845
41 34 462709228
41 35 224720937
41 36 942669232
41 37 45891857
41 38 822749212
41 40 638118873
42 0 462297220
42 1 846194849
42 2 822848490
42 3 942418791
42 4 701757512
42 5 765646191
42 6 182117623
42 7 539341034
42 8 841702175
42 9 683885900
42 10 924228175
42 11 94685349
42 12 266373727
42 13 105714381
42 14 788387934
42 15 94590846
42 16 639996687
42 17 321612777
42 18 346330674
42 19 586657456
42 20 466069140
42 21 9419547
42 22 634679741
42 23 284663073
42 24 523229275
42 25 357900423
42 26 565142731
42 27 468841239
42 28 944888266
42 29 417850811
42 30 679530658
42 31 402504362
42 32 612093528
42 33 17841216
42 34 665694975
42 35 975979262
42 36 268276605
42 37 863036907
42 38 372028776
42 39 612501608
42 41 704542770
43 0 10326783
43 1 80975986
43 2 21229736
43 3 667449996
43 4 308520334
43 5 827786680
43 6 57820398
43 7 139120052
43 8 497522371
43 9 137454143
43 10 296370415
43 11 881999354
43 12 885339345
43 13 93760780
43 14 357801110
43 15 517148738
43 16 787550817
43 17 614449797
43 18 623389731
43 19 622021291
43 20 21322789
43 21 481068086
43 22 143599060
43 23 389151584
43 24 180234401
43 25 820084408
43 26 531089922
43 27 341946835
43 28 559257555
43 29 778993808
43 30 208505683
43 31 840690194
43 32 554113442
43 33 437832721
43 34 786463222
43 35 697421251
43 36 241115569
43 37 40046136
43 38 259193800
43 39 79215632
43 40 265547043
43 42 532425698
44 0 366835421
44 1 919988416
44 2 357688942
44 3 46153799
44 4 835446745
44 5 837271479
44 6 87243023
44 7 67079407
44 8 83414624
44 9 350552641
44 10 862964149
44 11 981892802
44 12 540463060
44 13 519933470
44 14 262069248
44 15 805309025
44 16 40530351
44 17 26141742
44 18 365076162
44 19 934900946
44 20 70111011
44 21 597289368
44 22 335014904
44 23 312053926
44 24 251271379
44 25 426176844
44 26 320641024
44 27 477994653
44 28 216231372
44 29 773837439
44 30 850208237
44 31 29678578
44 32 15508517
44 33 196784603
44 34 295670132
44 35 936850863
44 36 452634899
44 37 339173695
44 38 498798235
44 39 702081104
44 40 548355594
44 41 971665709
44 43 962074526
45 0 973337603
45 1 165751338
45 2 478284125
45 3 271086367
45 4 440242987
45 5 4490058
45 6 240673383
45 7 25699530
45 8 648300891
45 9 297770488
45 10 898586617
45 11 918542968
45 12 508167343
45 13 630542383
45 14 655762781
45 15 953627009
45 16 524186516
45 17 861249018
45 18 905068346
45 19 62955071
45 20 703608267
45 21 702768019
45 22 711814810
45 23 628507951
45 24 641684103
45 25 886241568
45 26 859059396
45 27 33766842
45 28 592885832
45 29 612350266
45 30 876444664
45 31 175490125
45 32 236856559
45 33 454236181
45 34 503293753
45 35 611255065
45 36 182135479
45 37 950982564
45 38 734239117
45 39 868553526
45 40 387640780
45 41 285735528
45 42 663272138
45 44 168971720
46 0 557720389
46 1 817495077
46 2 798014828
46 3 894136422
46 4 279451110
46 5 202577079
46 6 980649175
46 7 594557965
46 8 180007022
46 9 739540046
46 10 703688129
46 11 644308625
46 12 915534636
46 13 592959191
46 14 170775516
46 15 243387714
46 16 488611857
46 17 161428300
46 18 432801646
46 19 238148524
46 20 983200666
46 21 880546993
46 22 605902474
46 23 979239647
46 24 983807976
46 25 186779597
46 26 519425135
46 27 209394987
46 28 408525079
46 29 533885924
46 30 554703492
46 31 85273236
46 32 312119562
46 33 758700317
46 34 237828562
46 35 540239847
46 36 735170331
46 37 206904740
46 38 193874584
46 39 405402167
46 40 207891239
46 41 92982359
46 42 985504537
46 43 506975876
46 45 268000901
47 0 625380715
47 1 315946104
47 2 505269722
47 3 288765557
47 4 432759663
47 5 341920398
47 6 876416358
47 7 198690245
47 8 82730592
47 9 146609289
47 10 157546106
47 11 35303025
47 12 86460751
47 13 249849704
47 14 203300794
47 15 163295544
47 16 443771993
47 17 98756881
47 18 835949145
47 19 44322161
47 20 486212847
47 21 601350951
47 22 165301076
47 23 807729598
47 24 998442287
47 25 42806047
47 26 806057423
47 27 875737837
47 28 711206755
47 29 661252651
47 30 69475839
47 31 317383508
47 32 912897617
47 33 609025065
47 34 102249076
47 35 978523151
47 36 869405026
47 37 188223697
47 38 567501370
47 39 848354702
47 40 387684310
47 41 518458124
47 42 196267757
47 43 853407589
47 44 257569250
47 46 717010396
48 0 902072646
48 1 865553256
48 2 790414481
48 3 572664839
48 4 728045905
48 5 483570357
48 6 976991363
48 7 835411661
48 8 446449706
48 9 467861126
48 10 70773454
48 11 686450514
48 12 785760885
48 13 33350040
48 14 753869528
48 15 596564300
48 16 160017857
48 17 290870414
48 18 354708906
48 19 597606247
48 20 844912224
48 21 569889380
48 22 151489010
48 23 821079808
48 24 527593261
48 25 318357691
48 26 560922811
48 27 118975507
48 28 60643953
48 29 368399965
48 30 220641249
48 31 264348643
48 32 836083417
48 33 791661310
48 34 704793224
48 35 3961147
48 36 810275885
48 37 702612223
48 38 720956362
48 39 347538372
48 40 767293685
48 41 338933450
48 42 773725316
48 43 523110737
48 44 547618555
48 45 375237939
48 47 442193732
49 0 642608652
49 1 270031884
49 2 446340386
49 3 610171669
49 4 401885233
49 5 956501741
49 6 84986220
49 7 577291051
49 8 908348251
49 9 295549173
49 10 54762998
49 11 118871066
49 12 654794768
49 13 389093737
49 14 692180387
49 15 931062907
49 16 425826609
49 17 740053387
49 18 667824413
49 19 560766265
49 20 796544382
49 21 503025420
49 22 279586432
49 23 211127000
49 24 724196835
49 25 745463248
49 26 195457192
49 27 876713806
49 28 549021568
49 29 914683331
49 30 314470518
49 31 847918859
49 32 152451976
49 33 245656142
49 34 233873951
49 35 595670058
49 36 709597166
49 37 992905753
49 38 237660482
49 39 222108576
49 40 383463311
49 41 972284541
49 42 20273339
49 43 249183979
49 44 452264458
49 45 285508708
49 46 856456049
49 48 30998534
50 0 710214653
50 1 681455032
50 2 637032864
50 3 276576555
50 4 132190323
50 5 481609212
50 6 387933108
50 7 936499593
50 8 281251948
50 9 67649660
50 10 789737668
50 11 469201849
50 12 274233647
50 13 964298485
50 14 578697870
50 15 993905133
50 16 403636439
50 17 735758714
50 18 713914293
50 19 183042917
50 20 492756098
50 21 329450667
50 22 844306109
50 23 516078433
50 24 541351125
50 25 995173907
50 26 396136641
50 27 666730834
50 28 555557088
50 29 100322753
50 30 915150940
50 31 921821287
50 32 727397434
50 33 997484622
50 34 108969306
50 35 618384662
50 36 392969294
50 37 131354181
50 38 332160348
50 39 131098559
50 40 990200802
50 41 738352619
50 42 536610218
50 43 89511833
50 44 964091731
50 45 551586972
50 46 697847043
50 47 499312888
50 49 48440174
