Case 1:
13456
13456
13456
13455
13455
13455
13455
13454
13454
13454
13454
13453
13453
13453
13451
13451
13451
13451
13451
13451
13450
13450
13450
13450
13450
13449
13449
13449
13449
13449
13449
13449
13449
13449
13448
13448
13447
13446
13445
13445
13445
13445
13445
13445
13445
13443
13443
13442
13442
13442
13441
13441
13441
13441
13441
13441
13440
13439
13439
13439
13439
13439
13439
13438
13438
13438
13438
13438
13438
13438
13437
13437
13437
13435
13435
13435
13435
13434
13434
13434
13433
13433
13432
13432
13432
13431
13431
13431
13431
13431
13431
13431
13431
13431
13431
13431
13431
13431
13431
13431
13431
13430
13430
13428
13428
13428
13428
13428
13428
13428
13428
13428
13428
13427
13427
13426
13426
13425
13425
13424
13424
13424
13423
13423
13423
13422
13422
13422
13422
13421
13420
13419
13419
13419
13419
13419
13419
13418
13418
13418
13418
13418
13418
13418
13417
13417
13417
13416
13416
13416
13416
13415
13414
13413
13412
13412
13411
13411
13411
13410
13410
13410
13410
13410
13410
13410
13410
13410
13410
13409
13409
13409
13408
13408
13407
13407
13407
13406
13406
13406
13406
13405
13405
13405
13404
13404
13404
13404
13403
13403
13403
13403
13403
13403
13403
13403
13403
13403
13403
13403
13403
13403
13403
13403
13402
13402
13402
13401
13401
13401
13400
13400
13399
13399
13397
13397
13397
13397
13397
13396
13396
13396
13395
13395
13395
13395
13395
13395
13395
13395
13395
13395
13394
13393
13393
13393
13393
13393
13392
13392
13391
13391
13391
13391
13391
13391
13391
13391
13391
13391
13391
13391
13390
13390
13390
13390
13389
13389
13389
13389
13389
13389
13389
13389
13389
13388
13388
13388
13388
13388
13388
13388
13387
13387
13387
13387
13387
13386
13385
13385
13385
13384
13383
13382
13382
13382
13382
13382
13382
13382
13381
13380
13379
13379
13379
13378
13378
13378
13377
13375
13375
13374
13374
13372
13372
13372
13372
13372
13372
13372
13372
13371
13371
13370
13369
13369
13369
13369
13369
13369
13369
13369
13369
13369
13369
13368
13367
13366
13366
13366
13366
13366
13366
13366
13366
13366
13365
13365
13365
13364
13363
13363
13363
13361
13361
13360
13360
13360
13360
13359
13357
13357
13357
13355
13354
13354
13353
13352
13352
13352
13351
13351
13351
13350
13350
13350
13350
13350
13350
13350
13350
13349
13348
13348
13348
13347
13347
13347
13347
13346
13345
13345
13345
13345
13345
13345
13345
13344
13344
13344
13343
13342
13342
13342
13342
13341
13341
13341
13341
13341
13341
13340
13339
13339
13339
13339
13339
13339
13338
13338
13338
13338
13337
13337
13337
13336
13335
13334
13334
13333
13333
13333
13333
13333
13333
13333
13333
13333
13333
13333
13332
13332
13332
13332
13332
13332
13332
13331
13331
13331
13331
13330
13330
13330
13330
13330
13330
13329
13329
13329
13329
13329
13329
13329
13329
13329
13329
13329
13328
13328
13326
13326
13326
13326
13326
13326
13326
13326
13326
13326
13326
13325
13325
13325
13325
13325
13324
13324
13324
13324
13324
13324
13324
13324
13324
13323
13323
13323
13323
13323
13322
13321
13321
13321
13321
13321
13320
13318
13317
13317
13317
13317
13316
13315
13315
13314
13314
13312
13312
13312
13312
13312
13312
13312
13312
13312
13312
13311
13311
13310
13310
13310
13309
13308
13308
13308
13308
13308
13308
13308
13308
13308
13308
13308
13308
13308
13308
13308
13308
13308
13308
13307
13306
13306
13306
13306
13306
13304
13304
13304
13303
13303
13303
13303
13303
13303
13302
13302
13301
13301
13301
13301
13301
13301
13301
13301
13301
13301
13300
13299
13299
13299
13299
13299
13299
13298
13298
13298
13298
13297
13297
13297
13297
13297
13297
13297
13297
13297
13296
13296
13296
13296
13296
13296
13296
13295
13295
13295
13295
13294
13294
13294
13294
13293
13292
13292
13292
13292
13291
13290
13290
13290
13289
13289
13289
13289
13287
13287
13287
13286
13286
13285
13285
13284
13284
13284
13284
13284
13283
13283
13283
13283
13283
13283
13283
13283
13283
13283
13282
13282
13280
13279
13278
13278
13277
13276
13276
13276
13276
13276
13276
13276
13276
13276
13275
13275
13275
13275
13275
13275
13275
13275
13274
13273
13273
13273
13273
13273
13273
13273
13272
13272
13271
13271
13271
13271
13270
13270
13270
13269
13269
13269
13268
13267
13267
13267
13266
13266
13266
13266
13266
13266
13266
13265
13265
13265
13265
13265
13265
13265
13264
13264
13264
13263
13263
13261
13260
13259
13259
13259
13259
13259
13259
13259
13259
13258
13257
13257
13257
13257
13257
13257
13257
13257
13257
13257
13256
13256
13256
13256
13256
13256
13256
13256
13256
13255
13254
13253
13253
13253
13253
13253
13253
13253
13252
13252
13252
13252
13250
13250
13249
13249
13248
13246
13246
13246
13245
13244
13244
13242
13242
13241
13241
13241
13240
13239
13239
13238
13238
13238
13238
13238
13238
13237
13237
13237
13236
13236
13235
13235
13234
13234
13234
13234
13234
13233
13233
13233
13232
13232
13232
13232
13232
13232
13232
13232
13231
13230
13230
13229
13229
13229
13229
13228
13228
13227
13227
13226
13225
13225
13224
13224
13223
13223
13223
13223
13223
13223
13223
13223
13223
13223
13223
13223
13223
13223
13223
13223
13223
13223
13222
13222
13222
13222
13221
13221
13221
13220
13220
13220
13220
13220
13220
13220
13220
13219
13219
13218
13218
13217
13216
13215
13215
13215
13215
13213
13213
13212
13212
13212
13211
13211
13211
13211
13211
13211
13211
13209
13209
13208
13208
13208
13208
13208
13208
13208
13208
13207
13207
13207
13207
13207
13207
13207
13206
13206
13205
13205
13205
13205
13205
13205
13204
13204
13204
13204
13204
13204
13203
13203
13202
13202
13201
13200
13200
13200
13200
13200
13200
13200
13200
13200
13199
13199
13198
13196
13196
13196
13196
13196
13196
13196
13196
13195
13195
13195
13195
13195
13195
13195
13194
13194
13193
13193
13192
13192
13192
13192
13191
13190
13190
13190
13190
13190
13190
13190
13190
13189
13188
13188
13188
13188
13188
13188
13188
13187
13187
13187
13187
13187
13186
13185
13185
13185
13184
13182
13181
13181
13181
13180
13179
13178
13178
13178
13178
13178
13178
13177
13177
13177
13177
13177
13177
13177
13177
13177
13177
13177
13177
13176
13176
13176
13176
13176
13175
13175
13174
13174
13174
13174

