Case 1:
68
68
68
67
67
67
67
66
66
65
65
65
65
65
65
65
65
65
65
65
65
65
65
65
65
64
64
64
64
64
64
64
64
64
64
64
64
64
64
64
64
64
64
63
63
63
63
63
63
63
63
63
63
63
62
61
60
60
60
60
60
60
60
59
59
59
59
59
59
59
59
59
59
59
58
57
57
57
57
57
56
56
55
55
54
54
54
54
54
54
53
53
53
53
53
53
53
53
53
53

Case 2:
53
52
52
52
52
52
52
52
52
52
52
52
52
52
52
50
49
49
49
49
49
49
49
49
49
49
49
49
49
49
49
49
49
49
49
49
49
49
49
49
49
49
49
49
48
48
48
47
47
47
47
47
47
47
47
47
47
47
47
47
47
47
47
47
47
47
47
47
47
47
47
47
47
47
47
47
47
47
47
47
47
47
47
46
46
45
45
45
44
44
44
44
44
44
44
44
43
43
42
42

Case 3:
64
64
64
64
64
64
64
64
64
64
64
64
64
64
64
64
64
63
62
62
62
62
61
61
61
61
61
61
60
60
60
60
60
60
60
60
60
60
60
60
60
60
60
59
58
58
58
58
58
58
58
58
58
57
57
57
57
57
57
57
57
57
56
56
55
55
55
55
55
55
55
55
55
55
55
54
54
54
53
53
53
53
52
52
52
52
52
52
52
52
52
52
52
52
52
52
52
52
52
52

