Case 1:
710
710
710
710
710
710
710
710
710
709
709
709
709
709
709
709
709
709
709
709
709
709
709
709
709
708
708
708
708
708
708
708
708
708
707
707
707
707
707
707
706
705
705
704
703
703
702
702
701
701
701
700
700
700
700
700
700
700
700
700
700
700
700
700
699
699
699
699
699
699
699
699
699
697
697
697
697
697
697
697
697
697
696
696
696
696
696
695
695
695
695
695
695
695
695
695
695
695
695
695
695
695
695
695
695
693
693
693
693
693
693
692
692
692
692
692
692
692
692
692
692
692
691
690
688
688
688
687
687
687
686
686
686
686
686
686
685
685
685
685
685
685
685
685
685
685
685
685
685
685
684
683
683
683
683
683
682
682
682
682
681
681
681
681
681
681
681
681
681
680
680
680
680
679
679
679
679
679
679
679
679
679
679
679
679
678
678
678
678
678
678
678
678
677
677
677
677
677
677
677
677
677
677
677
677
677
677
676
676
676
676
676
676
676
676
676
676
676
676
676
676
676
676
676
676
676
676
675
675
674
674
674
674
674
674
674
674
674
673
673
673
673
672
672
672
672
672
672
672
671
670
670
670
670
669
669
669
669
669
669
669
669
669
669
669
669
669
669
669
669
669
668
668
668
668
668
668
668
668
668
668
667
667
666
666
666
666
666
666
665
665
665
665
665
665
664
664
664
663
663
663
663
662
662
662
662
662
662
662
662
662
662
662
662
662
662
662
662
661
661
661
661
660
660
660
660
658
657
657
657
657
657
657
657
657
657
657
657
657
657
657
657
657
657
656
656
656
655
655
655
655
655
655
655
655
653
653
653
653
653
653
653
653
653
653
653
653
653
653
651
651
651
651
651
651
651
651
651
651
651
651
651
651
651
651
651
650
649
649
649
649
649
648
647
647
647
647
647
647
647
647
647
647
647
647
646
646
646
646
646
646
646
646
646
646
646
645
645
644
644
644
643
643
643
643
643
643
643
643
643
643
643
643
642
642
642
642
642
642
642
641
641
641
641
641
641
641
640
640
640
640
640
640
640
640
640
640
639
639
639
639
639
639
639
639
638
638
638
638
638
638
638
638
638
638
638
638
638
637
637
637
637
637
637
637
637
637
637
637
637
637
637
636
635
635
635
635
635
635
635
635
635
635
635
634
634
634
633
633
633
633
633
632
632
632
632
632
631
631
631
631
631
631
631
631
631
631
631
631
631
631
631
630
630
630
630
630
630
630
630
630
630
630
629
629
629
629
629
628
627
627
627
627
627
627
627
627
627
627
627
627
627
627
627
627
627
627
626
626
626
626
626
626
626
626
626
626
626
625
625
625
625
625
624
624
624
623
623
622
622
621
621
621
621
621
620
620
620
620
620
620
620
620
619
619
619
619
619
619
619
619
619
617
617
617
617
617
617
617
616
616
615
613
612
612
612
612
612
611
611
611
611
611
611
611
611
611
610
610
610
610
610
610
610
610
610
610
610
610
610
608
608
608
608
608
608
608
607
607
607
607
607
607
607
607
607
607
607
607
607
607
607
607
607
605
605
605
604
604
604
604
603
603
603
603
603
602
602
602
602
602
602
602
602
602
600
600
600
600
600
600
600
600
600
600
599
598
598
598
598
598
598
598
597
597
597
597
597
597
597
596
596
596
596
595
595
595
595
595
595
595
595
595
595
595
595
595
595
595
594
593
593
593
592
592
591
591
591
591
591
591
590
590
590
590
589
589
589
589
588
588
588
588
588
587
587
587
587
586
586
586
586
584
584
584
584
584
583
583
583
583
583
583
582
582
582
582
582
582
582
581
581
580
580
580
579
578
578
578
578
578
578
578
578
578
578
578
578
577
577
577
576
576
576
576
575
575
575
575
575
575
575
575
575
574
574
574
574
574
574
573
573
573
573
573
573
573
573
572
571
571
571
571
571
571
571
571
571
571
571
571
569
569
569
569
569
569
569
568
567
567
566
566
566
566
566
566
566
565
565
565
565
565
565
565
565
565
565
565
565
565
565
565
565
565
565
565
565
565
565
565
563
563
563
562
562
561
561
561
561
561
561
561
561
561
561
561
561
561
561
561
560
560
560
560
560
560
560
560
560
560
560
560
560
560
560
560
560
560
560
560
560
560
560
559
559
559
559
559
559
559
558
558
558
558
557
557
557
557
557
556
555
555
555
555
555
555
555
555
555
555
554
553
553
553
553
553
553
553
553
552
552
550
550
550
550
550
550
550
550
550
550
550
550
550
550
550
550
550
549
549
549
549
548
548
548
548
547
547
547

