6179
-107912
-252121
-19193
11101
303409
115628
93783
-9634
312000
109147
21915
147883
-53805
-23484
-4198
-19184
330674
169220
177873
8617
188762
54550
148369
244448
-2928
185092
232876
531733
-234873
414441
-6416
27334
25213
832209
33661
-5987
-11305
659179
221915
941718
39025
-12721
819333
154426
380729
179794
14202
314392
463641
710448
60112
8330
-32219
435528
507153
535935
30516
-25846
576550
10516
42421
73168
729820
-73066
-31570
99839
1922319
410432
90034
65334
171972
66346
31783
172977
138315
1146337
510900
31047
-27504
-441
-551028
-104441
-159312
379632
-813497
-24628
-67695
263491
199156
-167558
-34899
-237232
-12896
638687
-883436
192428
-203854
-870446
215986
-133872
1025434
23431
-202705
-801338
18833
70338
679223
-103608
-1868944
-2367341
38582
-3064620
404598
263085
-1504060
-599010
425044
-204465
-882798
-3472378
-148875
-1510771
-183149
-145154
83468
-437590
-1892056
57708
-2047936
-7641
-35772
-1678465
-2485551
-3485237
-2618337
-4994825
-4951
-1185155
-71911
-5304592
-4485530
-5126245
-5045807
-3006384
-3958971
56975
-4312657
-122967
-232132
-5622547
-1190231
-57747
-2108528
-6194387
-1034377
-445056
-433336
-4312467
-5354782
-5782670
-10540
-345416
-4957756
-3210715
-1637751
-432784
-1363387
-5490004
-6294966
-1915619
-147734
-1652308
-569636
-1885
-5869270
-4244373
-2321782
-1332639
-1150336
-44458
-1157495
-3526067
-106234
-837718
-246266
-46328
-649087
-3938029
-470324
-5556678
-468442
-543247
-1627878
-715858
-4271089
-2124523
-125484
-408629
-3299106
-3324002
-3965254
-4632951
-4573477
-9777
-812718
-2244205
-3772084
-3796482
-218003
-306589
-189744
-1239203
-4896220
-379381
-172143
-5224094
-9083
-1298637
-1925090
46571
-898211
-4001419
-29429
180321
39540
97741
-105247
-140576
-4392860
-25835
-2685640
12817
-2180609
-3628246
8779
111249
-2117502
-214346
-712678
-412442
-4183644
59492
-495583
-2390347
-5870880
-558416
-1702107
-2934627
-2341417
-1434143
-2567068
-467590
-100848
-3830502
-2431
-1124224
-116091
-1967873
-5827294
-314021
-3636817
-5258710
-2943222
-5405270
-3192460
-6953825
-218363
-1345547
-389318
-485547
-105368
-5566133
-5569
-1103145
-533545
-4921111
-147297
11744
-51023
-7815193
17295
-3649858
-243862
-851973
-657891
-6095578
-904639
-6995639
-2944652
-4257212
-790038
-21960
-3080
-601776
-4888226
-2546731
-245704
-379254
-414164
-8640937
-4461633
-479107
1712
-236925
-468991
-903892
-8246400
-923878
-1895561
-1260682
-409358
-484705
-331859
-3215083
