1442592365
422332380
2288047496
1203339254
367340865
823020062
1078214786
362212034
60181610
16800062
8151887626
4989370506
984455059
156809767
20266442
15547583337
6940982408
5402993139
30559363
4714013799
34470869
191053487
1026021234
7021779790
42598700
36181135
265009303
1298711201
865201827
136477752
54166968
359743979
27339089
30367675
1434126240
6079404280
1131862750
1016089131
63191234
12204574865
1510621425
1080669215
1395569014
9901844
58142423
25030197
49683805
78174686
29447275
281314657
323437978
45300832
28809550
1003144265
14397672082
3041595640
20069453792
7953639840
807972983
1023815702
98690275
464962739
302686940
3714620973
69745990
37165455
16101747
6704535705
21403478
1421294978
2000796343
16269456
1945654195
7398514594
2987207443
23027848
1197699582
4487150119
125703007
6040540523
26527126
7018717351
23046666
9960912108
597911817
23874258
618339770
34799509
1166361543
694702980
2055102612
20242768
2306397189
9228681212
353166696
27331242
50240259
47879835
138427791
13749212373
485241678
796069644
8960401218
20063752
56260331
91715980
26236658
14013377934
2048167055
11327250
124699685
5451817368
89832959
36009403
49373789
150657132
9486434224
42085049
7828829477
571095452
35421225
39520774
10318240
2768373337
76329891
65897679
10407072
316761230
478991453
15799976
20857994758
99879748
805851145
245951260
92968191
68968186
37050198
7611336770
9600370608
59102370
32991674
4085378563
20983992
140072517
174102702
846261605
942198724
77039636
19058954704
172281880
81522502
1218448838
881705402
9823556958
133834770
12850940831
282115490
80014252
571145916
3496772421
476920028
646077618
7519054987
63354963
6089010197
86803154
169597918
18571705169
295794038
4191955287
1571152324
2400647185
796535804
7682426136
20482172062
7158126068
12195879
251788620
19903126
299758428
19104801
6580466838
386688807
891438257
594465709
16393843886
241030952
2285762593
13066142
7128052
8791264317
648289542
30974333
3217290070
57503512
78712006
5728301676
339022438
2110298125
40314488
1378254500
6820178581
3870818235
4572345285
7623681
18623791
57410046
548705247
30602354
16657940149
3117014167
63260001
345811329
63681251
47719726
133370697
11321949023
659363775
524074842
742006479
35161511
13789426
4103422969
38967494
211139556
678561457
123155033
208097308
935628355
24525627
13245364
153472991
204833694
1470564938
9823457359
20924812
749514457
84101795
37405064
6728402
5216042014
62642009
34084152
227491030
1727691231
152847895
3882115227
155827813
741058163
53568901
36214051
1469694687
24343227
154948873
973401744
1046330059
18625216
6843656521
1878472035
53820221
18287833
78858202
588005556
20520011
4193493273
173478610
6086917248
2412780
15088093219
5797248632
147191772
67865241
677534763
31280126
902508187
760359503
15143760168
66056968
9627614585
34146696
61468845
2398260609
1666845575
68142627
17782319464
17726952
21820872
15821273
480473671
17117915201
17698642936
83231534
6253066625
946993988
10162657
1219635541
22186471
1134627798
6885221447
4349737815
270984381
319025690
945930051
4634868
364096497
67344016
311807017
50094739
44301663
49393663
276802227
19712744
3376008481
165330692
2109979661
2047106613
1630361133
36323985
3930413576
1909133572
3694624417
22429956
499624424
1895836885
20938877
911526414
52239113
8712223806
105748891
173929944
249591872
8492936059
16303129916
1333035531
115714785
79691656
183971670
5005328870
28124750
8200588607
2877322737
23992190
3262817938
2217894331
5327779864
1295591532
28682770
65007225
3273802364
521622609
13296948
33191866
3144100434
102406360
30048370
561453123
1592034492
4660245154
278547064
286732044
292035757
128978090
888238063
6086809851
33293062
54178377
39302246
64722402
38124899
132184892
3205339683
30944674
38818194
23530666
499358639
588644850
110097482
4741115508
3868308557
799212473
339472429
17505679
2688075512
1584301794
412480991
604276251
5026943688
4200847427
1018792417
6120589
7466595888
881871254
10603432437
1281157465
759024272
4187696035
33298853
4492541399
2444557613
105214595
973988257
72883695
37560647
377948561
227690421
4002445583
58819103
304636715
38790081
68413431
2612220034
35084588
37172570
390669572
3179163691
11436883
2567745431
499191537
3581228788
1127257740
249011932
26092721
1597605356
796154138
17012345
141310582
305511755
9236238499
17488486
21011870
2400019302
2080689645
143146124
3931692179
8421177815
52547685
65088195
851975761
2028974502
4339565152
7049779775
4011948307
10654036445
825798862
17589231832
76775175
420828518
2855622202
45958293
2727935688
2445764578
1160158514
248687296
15435638222
9850284290
147921794
1896889357
398606313
6317916908
53250831
1156528297
336031544
372130883
43858130
9246228885
4079029008
3528828874
66207920
688417293
746280875
3609866094
26265559
28994454
103953901
235664552
1396005321
953660798
433901169
5495184663
1982127891
9632998097
2062666208
3915150848
771026756
1293734187
11755344138
9530011035
377333451
3483151173
4262928250
533041808
7238298595
1262382363
82992957
379682734
1169056869
455387205
898556270
6416745337
27554621
246503909
397803551
187061214
534834445
829940867
334256433
115019125
15853670938
11649419
22775583
883798963
348968212
23541496
1488268259
8408882365
10578902989
18321369404
12801876028
282423556
41181765
155976854
202294579
157999747
4655700483
12859853648
23804902
277884649
7579042348
199036497
200804086
8322650181
527147710
642419272
15590089
457445486
16746845
4940971221
91774991
59391446
52581892
80322308
1108980453
461929047
488714782
296409512
741729522
7055324323
460161564
130848973
168938311
19551087334
232614316
249447311
4985913283
379739652
62742573
69162432
3519292722
83304186
182971630
781159788
58946608
762437120
6135712417
952678248
135208273
7822512865
26755078
292073771
179994543
2488739232
59185665
282838996
79256190
3380114136
19445723
26215250
6097930156
2409515984
184986077
940452921
19943440
4980534297
11486136344
86450071
7281771560
7845435
7936330496
76450887
1351695354
5264141888
121068213
2835231782
55662018
120630049
48071230
115614576
311507136
1113769867
11773250502
2467908473
57897465
144658515
102659824
13742791499
13551622424
169727751
317350719
632667334
4885878665
907183802
138996185
728049162
16292664850
225134907
4656540286
2724333612
1427214482
1668499895
31505687
171920550
9804217789
75470880
844108336
1067923243
17517690325
4676177120
100335023
18895995668
5210266
34542573
385126571
1744527159
4021936160
23448415
128184153
33594095
1345602713
24821218
4387327741
38467719
53042844
7662697775
291430173
517540640
7224593651
126763845
2414293360
126030129
13506041
2311331647
21297719
1322058084
633776986
3333178587
1094945230
5668819310
705823597
513922515
32115272
6289279402
48904932
143505195
279760571
173373327
78498504
33377768
28580267
9484633405
1709466355
148060956
476786664
2942767086
554470668
68580839
14324585
540330140
13967772
3574328906
428818791
340118542
77656845
771808715
4886391872
1849472562
139816997
1122254576
57036198
497261148
10822004012
223080425
5186830623
10763775439
210876616
34008814
56709690
1354086527
9768136246
30393466
2683068461
153235606
1678040647
2807201104
4331615976
4071185858
65283492
2274931296
44863472
836324403
8639001904
25184848
263477262
163374359
7156043516
1616233298
20474639071
495110854
163111224
132372994
2144694058
3332110989
390015915
159160993
6425867421
80523825
97104698
44322119
70583695
17901052
2540521084
10766537
865270881
126704555
1115782947
67940105
414560922
178724980
157837560
3092258150
65084735
650536443
961357971
26765646
687292078
6210941970
18145468
268563057
83335250
2234766150
1005200812
123816426
1156882702
13262509938
74579082
151728589
1170821025
8195022639
85358934
2155381113
234778362
104762847
16858545
39632844
9286374
2756152102
8542899725
17009914088
328668728
1018568081
163590612
5075779314
17643811
4018906960
72465534
1534904462
13206809
117135393
277526914
117300011
26204019
6879866924
506039934
315294399
22054243
65026316
87722656
28871962
8101554076
367669956
60830060
1420991072
5922841251
187510624
1246520635
1842926051
123905621
51785696
689146563
33674990
3041271688
150277076
1365800625
1253784593
1049550106
272367042
26657375
4645231256
50672021
22360159
32781990
7270577059
28237590
609623073
69225511
777063988
579639128
1362831423
102574949
1630734038
1206602071
38465226
54192537
513234036
222065742
14993618
2052034728
54762465
3528380954
35799246
603973466
2992206327
94529239
814565123
2061343664
5925805956
62502359
7939920544
5338495259
158388852
42084281
125288432
35798656
14006645
105502099
15148034
276980073
123760841
6959063815
276808022
654537233
1793014287
189565118
280479383
2318186403
961029289
42312740
2265580823
5210665
142121337
282361964
9322523315
7312754133
363743450
21036455
30063239
12576826384
37807444
3409664451
679379988
548560862
7540242816
732350558
1573026509
4094593887
3060632148
87514993
9942923984
249536559
8175917406
4019651680
50601119
881938830
80331691
142463399
2113690202
51367192
74345773
4461354
266704348
625218588
776266342
146934469
4605583120
396758278
128804909
39549199
1608562526
58589268
32015487
21966550
5951349469
87232166
163373419
59943111
10727560635
310563232
232139554
75890628
174458813
35026931
1103121506
38030253
1404937236
607806261
1801260790
152608436
221281326
104171473
456564042
811608147
149625241
540099552
1592716597
48263744
4963212374
9895715004
398970807
2305389337
1804149390
10291783
784101943
657637154
126891914
12998110
724944480
1104235545
3917154865
26195914
442065250
1669397624
22276927
62296916
893028466
5049291924
5244484893
5836360566
548147106
2552264829
43716913
9711941907
942301295
204961542
326509105
13794617204
3161828921
50745407
1185473712
30024687
673394543
8259016
6745226470
6285253047
328181642
105038821
1213956436
6299991523
123120074
93860375
657811090
909462111
116454419
130634957
2937357833
24287199
3708771
8764324673
7160229
206634503
4340717294
670245666
144898604
39008952
2270014824
2034586258
5254100267
550560740
16953455412
25039029
59651331
860877366
14398014687
310442164
2592153030
356900063
77357713
6678996389
32476319
1132591232
4252408066
171780022
