21031455
2041181980
98253253
556805753
409403960
133554520
130029314
279386518
2893389261
53796004
213658123
155874411
79752706
77846954
1879815700
93876699
4426884666
8957335392
3981576178
30947595
20162823
219458281
36808104
11100104293
32024267
25001427
4009076
7503364960
23713595
3457515757
31565232
1101602233
50212584
7334734951
296329423
511059169
551250526
427046637
9120757321
3675704954
77600626
851985430
2744192355
134458792
2913863747
1441245551
480415674
277386429
74388670
5358376032
262202487
749943497
9824098
157314680
233162008
492507095
324468373
5048044584
9464587950
369318185
451875835
685827544
70477771
28484972
63657087
440395907
10942308759
59046272
130928626
270785700
176506022
199245886
1309001429
150627359
37098303
1715833546
9738154011
112443117
25567943
23293480
12283026967
876408995
23480283
3413822835
164242306
363161722
4029841073
30479036
46837528
86635265
317969467
18371117
186001703
782284294
1264900478
2288265083
23287338
286561188
225639709
7375454830
238146669
18125201736
18413640851
1453159795
5879505761
625813002
863762
557270694
28375094
9503692
520249573
2456758769
521674165
3705297429
1539069860
248889754
220978096
76765651
27168694
5436792119
3389920423
207449542
128625324
64192348
7197268
1077925770
6512838985
6418049
5443365
2126908175
46073520
279091472
49439012
1885521104
193243657
318135321
22495161
176898481
38872864
1392430076
1580542923
21767964
7664544352
40209965
4663121799
525625218
42544891
13479685729
2014615787
179645247
4771292335
2871828192
4320501448
22792154
2692336731
20296649
761351539
3742780253
938445446
175956175
88071821
44061624
2300054414
1791805082
104602014
58372880
565746366
111688367
3778393573
1513140416
18984632
25843380
4309078814
9067719069
111141457
5864186643
16503147259
13882898
649560246
8539957585
26497678
83482460
345871973
18074824
51454226
217839860
726127261
389609015
195669614
22983150
54672630
51144967
50813289
4152731913
2356540306
17591794
93825411
3206097176
16450340
84939679
92377031
23952519
63962168
18126643
435231980
1160260102
4728325203
141903348
47441094
11176915128
44756674
678409961
8259345
1547474821
59147557
115484670
146074530
27015613
1845594490
71071922
2002128944
396059011
1175849292
16243394785
342608330
473855584
282870925
4940502046
301517784
71535781
13021604759
2340193493
755659512
816374128
453434555
131399810
43882861
2176217806
45032817
565710540
88931536
26556217
9652588806
379570428
26039790
36568693
635295370
2092145887
159882687
13631064312
2427411333
10176366999
209928576
512743596
62626505
20854634
244748788
192697762
157798441
9858009504
949770362
2451911559
917000423
13190564
593000901
1475520423
250911530
2194840011
525311817
3328350441
18568998
142871729
3190416082
1952546421
1230262015
2075932657
5527446057
147667608
343299652
4077155449
620776631
117863603
1574058818
300133220
30294082
400972407
6495184667
12127553
49386559
5458239810
3932118737
410663424
72616937
67716471
30901539
123557378
56977250
850673481
270805422
215002578
1032748506
24598432
7704361489
2223679127
7594740016
51914479
214558013
26929582
370223477
1171237521
860616777
67886901
78329744
3998816578
1094688048
5111057252
1064023792
1076423241
34358135
51205840
56322451
65604571
1184329050
156501204
5797918025
528019520
23812387
48000896
1085848306
203880354
1333452851
44600830
3141869118
385344330
170395977
776773821
61966668
106533906
45107315
202020460
92868525
1559119224
17354294970
168911383
2583444386
43320148
13878201
1659898381
236582330
67377249
12283458536
2506495865
270798853
30301730
2042393815
377482656
2826379071
18624742
322815392
1063432395
6192826044
2316320417
3472776819
614268388
353498330
124564625
5999966352
18126284495
15817586
22120541
78439112
1047713629
16109841789
77872490
170178407
157666047
148886607
386723671
1281722364
6095830801
786149094
630974500
17515373
5524548908
189743557
209483821
11450799318
2737111201
30523599
73541802
118168702
32941371
966869200
7782350308
19710809923
1370455793
132272612
19468592
1772195453
17467734157
1690617399
6518722738
91386239
52062218
30371906
396226087
1646329161
125435393
1855440746
1930684484
31375794
4643234778
3725553
1795459977
61244828
79375880
884831252
5853034257
7994820369
390890102
293471938
17330305
2480705002
65863332
323767739
784213440
52252369
328092242
6807228716
402429315
647241520
10433613249
51819433
4062955708
2864910900
1518354528
64199676
34618438
117437034
902578613
2386115470
140387435
79954463
2969452559
6812024
3130813772
53012458
18447038411
52150062
18095608802
27586739
1013889494
14782603
190086994
87330817
637248094
184570976
432735066
125215354
146090632
25697419
8232715689
62489705
173777889
59755631
1461884619
10803980
797336813
704154202
541211613
1272522218
8547828
27455850
14559671642
6349895905
200359980
14838509
1135013756
21619071033
3007393082
3704404379
10257199810
9683475788
3636637606
34906768
12371825660
213384856
114331775
69271654
11710762033
379247174
22760102
21601398
68292211
27626800
50157060
888863495
6226183933
34114016
5562624032
138368191
107038973
18303537880
283407623
2178187565
139824222
533029760
7764861013
44814337
3156856431
259237060
1551120103
111652052
94720524
641592334
5095537039
35781180
880130996
1411451316
15276868366
47062066
1009876481
550256635
36718835
526226676
8120855804
159455519
6978276527
27294364
264705589
23239131
199507372
41485709
12203152678
158587642
579856579
3969125316
50732589
416193772
137084345
72620291
263565525
339360834
344234853
183379832
260971661
243082342
204307940
83513619
526992852
698656414
25326408
170749841
318041297
1999271091
2516500024
220899138
2958623465
13402687
54703545
139499867
57774269
5019932378
13452629
126753173
401572483
639585064
18183765
292899426
111641477
166124849
11261364556
7175427
181484591
30196143
17602170176
37130316
14081756
20331851
108118498
7575188332
1684570104
59061832
39603109
27722712
1985665128
785359190
5167122159
23904179
274335909
119564912
2415300112
107894703
13147038
4203483596
2714458317
1098881799
121921567
1345487332
1086812715
6436825306
4348391595
15275323
319254557
31781028
279794041
111606077
127077813
47045530
720194215
234809057
916742354
82949308
2441238964
16406474
1319564112
677205884
416958594
43628493
17557905
9517786146
284407040
10006488093
2483417486
75551441
5838016443
9850027754
5947302
1728691248
163004192
1492687940
2029668011
179890975
4580271970
3407359473
14768504
338887606
867925183
145687714
88191024
50292410
31240619
15626518
34882753
29600983
17807457
62077918
13778031677
744846525
169910473
53116994
437346515
458029414
104118081
498345554
332912928
7548970968
1906691310
990198291
2236343163
9790257020
19820967990
544903591
4181785676
79314144
1587774401
3154477398
1792480054
1220006952
149431921
5594219068
2321837415
6753014443
41306629
13387076822
877321563
273082401
137832618
53684982
2546015025
1475122745
549547488
38114733
98151052
4378107611
491413321
476889916
89216097
44331002
14285792077
3182433031
5141741023
1210772981
91585578
21822964
61636971
4065182347
9497279063
21987256
1156226142
15094320
104893537
51048837
101149902
461853768
9663440701
66485340
943989626
2342523753
650484931
168625838
4175307815
701948328
489646531
90088091
117032307
67052005
3095580074
4929727610
46203457
8088559015
618816573
2684128
19448353
683941463
4394277509
1431258956
12466334
43406011
75093864
50694858
663960568
124091533
70803144
614780057
60374089
1377410223
20180348173
30428704
31526425
177417093
454129330
36573260
1998585075
46243365
590468233
11774451534
16858262046
13205928532
1385219952
312871794
216535442
26726036
1621180083
879311997
211037913
2240572176
5083869339
244145562
2344471645
69872800
34522828
1946278639
459954758
931155807
6958813615
7368016892
7253558995
51536280
50305601
3396287595
204987748
585233777
537725085
11564547162
33675388
138336292
60401721
1889561582
960253177
2434640056
12746147
486203658
193818028
1027250895
22937370
36595557
729733263
92041941
319798721
12941401496
6592315105
1470836283
499489709
213787775
140579002
8790657
131937036
360578010
1306876044
407870889
2957417322
511862115
7711390403
123642423
10843681298
1247479042
39415489
14157913
8968916606
8872236
22267845495
79835533
456097111
343291370
428166286
3559466265
54912673
44774362
491860893
40319417
525077520
102113617
7116077806
1597690996
35173614
28510030
172501482
6532178962
8707580284
907752004
2054172377
22075966
7387487
23135161
2251317562
11898010741
7720056546
53174667
4266888549
38825612
139880879
421335709
951534416
2402302592
318765676
845369051
2019337792
7484344827
23491570
3232882654
27303991
1807413561
4308716604
61462140
18818530
13291668
616955853
21984974149
347497882
78475567
536767491
242267396
62497763
83968324
189726122
8517686595
200386170
84406405
530310889
54142380
1429096108
82792642
253174200
2299948655
6736394826
8127773174
172285992
332667549
31797899
832626162
237031061
67126180
14091757
297463935
1029204070
1289913597
936935403
2285891844
102486331
39086536
37323092
1586547458
129821164
52986514
26709428
89552389
65312217
4450911653
17060863857
1060178899
283119748
2360752272
8111883
38624285
15832174683
850753981
28206318
4350741002
59013121
8276809888
5816369034
1833920570
6396870575
31763865
5801421251
242141599
256930905
34038075
27934252
1372456881
695680641
328940933
6490886430
2900515134
30339890
381624989
54305527
4279458579
395058479
765607660
138688009
4475362085
7217141
103107131
39477050
55993283
358775724
23965950
5725497690
268829908
62633464
93035402
4709334823
20835667
1130505590
57866453
141998426
2314922562
29826517
317167691
17036822526
206500154
1969845107
16644012
75732697
715836691
591480617
332238991
258547173
3373933152
112608800
5888821637
540524762
1993782990
78037610
839317394
4149204786
44835047
1105602426
148503395
4090561083
351453391
22680799
17685654
2225086012
2510029938
12040461362
50886017
9694056
3094402643
1917470168
6256977289
1324201183
5217803695
548833894
16825971
10962049
51448534
10611947
43358001
511704535
18522798003
25322894
1295104003
165490497
26334440
4750141485
12349787751
1424459712
