498355772
6736374648
234757714
1154353539
13449592380
22533060
56507215
8294999497
7116676936
13649239148
3428268129
1969022113
1149411154
989378303
489662464
22475568
609774042
54430874
25455785
491241629
47838582
430285807
1118957262
291591274
150067915
87960072
2123301964
96377455
1579113895
10996831
35375027
1535848097
3228869479
286294594
74490897
6935925672
36978400
42240959
184197269
1709885139
30083332
42469265
373078608
726270672
1374745323
1039987308
19854492
412014253
12489123
50700902
7146271328
20982243617
35774185
65698823
115318494
99003374
1676353425
2171095426
5679737
810781400
11597165264
55220012
1266440853
25849066
15907770
30135740
6089746027
2568697918
58224846
4146826208
127238222
7991800460
988850501
37205733
1574525055
1622724325
387895489
119427475
4811801152
2406364953
97535774
54462050
266310141
27806440
3927888598
30639368
1082044045
311234010
17829047113
251959503
3470332706
128601191
30771737
150097253
156501963
35485747
1843562698
360349567
746608263
6756563299
1215428358
7143190267
2745161353
1235622116
33491121
108566858
33908809
26763356
1867670166
2261053488
14087625749
8802740809
1142178623
298214499
2584704073
10929760157
64267890
72086145
1061405630
565326475
3135880
234252584
44382153
324820252
543624514
598780930
1586216743
226884879
64738279
782745653
1172950477
3052613554
49804812
36074856
10696982
61658635
1048141698
528219136
143061444
8577239585
3392555464
7323714254
122463083
6936114930
2417000169
4023174715
276897008
48976794
541777587
347996003
6537117591
38797414
55664546
200085077
1840772665
29031215
146422068
1137504781
10577012
69956185
9800660
2940105447
18321071
37240632
206707167
3186948965
1037746498
44339144
2343226589
61499905
70983689
27653760
102321051
808324161
4281410613
9775876
13156455
3759021820
8642157792
8974963845
6239298147
338936711
1072624860
15545279
2483014047
26602009
236097625
10440342960
1717162593
31791056
53637829
1066583396
115260835
2429358592
46590352
69263985
2380235156
4502797233
458636274
853699687
8589028369
25891674
1880338403
3279863907
3218497208
4550530678
83046491
102312234
3985675684
314703608
1660544363
547335516
1332420767
459807032
47350813
1275684630
1432332010
295196056
742724205
3360861595
219395584
4371140041
1982601149
2303890973
78939872
5744369138
1116567971
15593691441
16193688765
622944033
24017622346
15075264148
101355550
44877398
538930421
8110691025
20535223
240960098
71428272
343474401
11516615922
10045982
209376649
12377599147
97370496
1671995940
1617680206
28203016
27973240
76953596
91555753
225553776
137425500
2508012547
6477690710
662048420
8590031207
47092668
187813564
10595628470
222216195
1002410877
443368552
59978663
3760448053
84428442
82449443
10649507342
7431380231
6591828233
2584425404
2461836595
2811764919
8688137974
649290622
43276429
476764304
50936585
1416611036
9988216
81484063
911477506
7858105496
123111433
32317013
2488617918
33652122
318791154
66110145
3057244694
3954589515
414970865
6106976409
1128277402
114887046
13545041
4710155788
268971533
10021716982
921910229
101150428
2135209545
113770822
3549997901
3206173239
5032595635
5838022
7253152503
2914203299
167465167
250534769
303197939
207971793
101674998
888125316
1415541524
1992050822
2667111884
12629257615
87020944
54147989
945626717
45823302
1603160809
14489535
59427063
11311136015
1039408635
24852253
378389637
75115294
562752
74538576
73537848
14706945
106780852
11219712744
70143249
1479174328
16723437553
7946871461
85545355
257068150
3766508219
23128283089
609294442
18245127
637169022
240230979
333673825
7458237431
2752721772
4987082371
42613412
219611574
972604961
6534266611
877434401
4991729552
57322410
73473006
123918753
5470521024
229603249
871621629
55139494
7456146537
33977636
35577711
76620331
178735983
25390853
23144539
34273760
27580107
6749723918
5502786585
26526281
11345943
305210175
19165310
9250324859
977214291
437157637
3984638813
3367324357
132193273
8629365055
191433264
125377565
178413065
509390216
4625709973
30813396
232279067
2917158215
2601242699
7797451879
2610331306
148697033
307841652
141324976
3878015710
19128136
1307338056
40551894
15793813732
150370873
63652706
5016602688
520158758
74744247
26328813
748376914
296328238
331999312
331927526
16831298
5540860186
31611284
1160928952
189931892
656956027
212168941
9659996100
24351511
23890268
299682826
82545884
7037270
772480523
329460591
86365424
39181601
49739062
1696174861
69072267
271436014
39709217
928978733
444662693
19282925187
291471544
4130193798
14619546
366608687
1477348721
684524084
15703261
689584327
46567818
2081451712
869651194
986027697
4808289125
1510004162
65841718
622814020
87222925
188880714
5787845273
665879754
71638964
1133870084
4459435523
136432463
10774033
585689951
749034832
278964452
7831223110
1182546979
11525933
1879032316
1000500763
307523723
11899525
433880280
19791121
7986831296
4805960143
177922668
1431606664
485135191
71654491
29342230
292105476
32479532
15407575147
72665024
46205369
2329296862
7270180226
3156924774
2821406132
15182641421
22345240780
2030638856
863468743
91240688
206773196
9982467328
11823859278
752194866
7545693186
5771585
34263093
59560960
37543587
1804206888
40975751
5240756103
44873346
19968275
1490385198
29451093
46154835
9137896257
56546264
2866203230
267178321
27038651
3823320641
1950864891
5423290790
10414165456
277626882
15291793175
987518767
13726504635
7622068276
1061985581
69100634
28238109
289422953
1453207825
18830129
605026420
802492300
236667230
4509111927
489215615
17818869
1693813331
80548078
1119836349
31612195
151870321
1117581681
7126885479
2063461471
3726583194
148163685
23493742
3054551793
12577767
668785701
2163923268
266909166
27262863
348529903
451022848
2725417418
41988373
26898655
51833705
11364165
524537088
15690898705
215669153
82639252
228866878
25895732
32566241
32838840
4354813233
447474725
7516203450
138063624
1414131667
13184879649
12133551878
232536137
33441202
221457298
488399036
3245963081
369318678
2438636402
101008205
13110028327
57803545
491614157
40682984
5589584088
70999673
376184651
1101896393
137302478
4048365057
62591246
103811924
958285702
28803719
352838512
371981803
209406020
153531219
16842444
377061393
14955899935
20161788
35323017
289900701
670370643
2883746079
39027864
778369932
7458585259
20970489
534943678
28770787
12981469405
232065228
65353019
249721447
30878836
134656359
15004434
9544781856
302294793
382198827
10461106250
26448797
3101746424
97642170
33677700
6870957916
251347112
4103807348
157916482
337518274
12167030
3018741890
3503709595
179815159
30724440
237769698
27005487
41987261
10908754909
1602368967
3864554883
105275931
6634204
630518516
4594336
3346296602
1840706827
151679718
283946995
901153559
3906352
3593059683
239866761
38032930
98946007
100280917
8676650945
154325314
708091684
607725046
75915481
244572170
211061051
665208296
1203195864
344555602
2186949256
26807684
149374201
15523667745
3725156583
1656627301
708950497
571141826
412691538
6984586700
10907743666
994954696
97504496
9275725144
12221968
499253736
8874102
7143428434
8702288
6304776425
2824746702
2612537
13800791512
3965011433
2254014049
25589537
14315912496
47267714
4688152417
539386841
1738211668
584569158
119796260
96646987
8456353406
117019269
91556948
11389232216
274668957
166183912
725212824
1855158190
1173345544
9113879838
75474141
16076569
12518411871
10033337247
4034600748
1142138167
8009368896
2253792604
182369412
1252225483
3973891086
7018005
17932606
49852612
66003096
1262076309
269382883
3545789535
28970465
185572575
1094455036
1026588973
222907556
4357652247
42789784
4130751155
40240256
101494603
2764864906
5122606166
51975122
377803713
661379454
18981375615
454569021
3787970773
2496073402
53133885
7767095852
9186683524
14953850
124712626
196334684
909809137
1514390433
1179646477
109550955
261683953
6090887194
1297709158
11057317520
3689664725
238039684
89884195
35824135
413266920
80197312
6051446774
102403608
2597222821
1041645051
1774698167
9562920938
348824035
10943376181
318971203
19135068
139094343
17703737
650976995
75822339
10250058272
119761632
6839801934
478892136
341906104
5283374732
3662538651
91114832
58437561
157617621
504528390
10067313423
13131335666
912960298
18666486
5213820500
59432090
794445669
20460405732
2481595943
2248635220
265038451
108032161
4487700054
4932465812
44382746
453734822
357641230
11898756
130153236
989890939
5495366781
4269384
28565982
8292172886
31212505
2169961233
118240946
32981155
74420112
29994980
71302828
15638330590
69544472
80422863
49064519
5440586460
179996286
376589458
18283221
76537152
66232865
3490786614
63763301
43183952
3173579607
7268267567
5599468591
4121776716
1400368990
1535687213
517413749
11094698691
1009381691
61009077
69549343
1512562734
13419253
3345825309
18158323
21386488722
20614930
62851842
129557984
121839574
5017836027
26105937
383445327
104006530
41538218
13097116
19781216859
890885573
2260501593
348211454
90469068
137830503
21051438197
57028445
25586136
26300597
72763080
72747600
3160536988
9693384
4945105464
333652258
2505780812
133442944
14319484195
485114418
598989955
230575097
1727643649
7570534264
2187121526
277914771
48647223
37553759
47241589
6330503505
214312265
879423707
11537772331
1503533879
125970503
33305581
2989967281
458107344
21578809
6528732340
467780755
2932589076
262224874
1624207129
10759858450
2903498782
15470128
1322865842
7498780170
4949537077
107498912
19110900
166896084
41301904
13135750
2387712757
174333863
5375330807
7466334020
4920012098
14084402
323335112
125293502
143008211
5324048663
30220551
2101305214
301117709
17295052641
96740109
22975891
238642333
92156251
893446893
5498980923
618798202
342879499
444942578
1910550098
5727146206
110854094
198584141
221868338
12518634598
1287951894
149536424
5628697
10284186556
4024847965
820535292
229911373
460590547
434846702
17608852529
48161951
14386384
65366959
306431766
22039189
189295923
50535359
20238633
2756730846
80924088
16786708
1976571667
1502670476
773444331
277246853
16895980
234267784
4599044337
231569128
1098901708
29418795
4284072448
97953889
2997320689
26017433291
3495617238
3948806193
23641995
369421660
39362529
3976333814
4541198386
