7613132165
2306764247
54287104
320110876
744865789
182141634
2088256955
1010499426
372168325
234500007
3320870032
33272300
217025072
25114915
597317154
334427281
278366630
5611406147
62285909
206642952
1838609752
1750167360
18876833
13942827
448608406
2607061965
10547671
1290820589
35259405
8154145519
1519774274
21817170
80543625
48406605
147093227
163795811
1090484472
5355306478
9250774
1448375856
64470321
4908308919
330658070
1306678300
275730517
345663335
2638955228
222758459
16883850
1592694229
24642249
2544062900
1003900862
22057990
110615667
32335052
111587560
40126637
1704806054
10159246981
28882531
2311534307
737579881
516538126
72411266
911153987
11780965892
37272736
5830394284
71482597
327418246
1154129051
9759215879
7243066948
2248136851
125209180
6940634031
1520401108
55552444
479995400
102004895
573459584
178756810
1950162078
155217950
389843043
15839280199
3418213056
187868428
1169428038
653676666
3258902881
2569668895
11234553773
82509499
371287303
2434065023
2856675553
4578698455
279493486
134882760
28127414
42454366
568516069
335980716
504709041
333862692
915443534
25610778
149977995
15234573481
6539028301
16905658662
7605015
8245072934
16913255
90703786
4833438372
766134281
3596908
2918510735
7801495071
28952718
43134750
959384282
90490886
2335447872
698460741
68588333
2957914434
30631233
17656452
172804828
314719535
7415716855
29985878
2405320842
2767696143
19035405
1538572804
2062569695
985132299
1187757428
177354111
57218008
282914007
21135708
285468778
598891258
8362326589
232676029
281172390
13300788997
6106642967
544634916
483559758
1353561401
3889834781
3040063706
52831892
3038765521
1362195561
597768674
428672520
10246964968
44582356
33615085
40893412
174578454
1345857437
12576879
2225550171
88516806
1227946088
3748998536
21633713
16414273472
1065644913
625982772
61470571
13085903
217137019
324606617
13929529
116033954
1928336272
2609352428
22411644
468871079
4789670789
451657857
7018979222
12902409
7087063
1031624601
618879914
52838203
4214483807
35873143
2881868218
1339564332
50039652
1993626706
346147729
52508314
193040010
49564295
411026607
29087830
1789880560
21652161255
6489816405
49487712
16368151
78735795
53578258
59166570
137229871
4462886752
76013784
3037518771
4885430271
651673833
25425719
95597561
2197570286
324434565
1385737464
345740533
3420327103
52535240
1133639929
14306947
17469572107
1006145722
54604604
23873216
176526042
500465875
80295590
7343150513
462383334
687301540
2241704977
5342555002
104258450
2026069449
112195362
4314753396
1665192123
14953482
29970481
9654885934
34249684
4875406486
1125139710
21654427
11071555122
17737100526
86550561
38970560
399982649
24669944
180929355
808763430
64230638
5954808092
619606492
4656092209
15032852178
10117503208
4517765086
2451446977
1813785845
279898470
14830359379
6534663392
1776313297
15638331058
458898932
126781166
885345718
4273043456
11906680924
1614006052
495486890
2343272463
13907026
394583141
3870834869
45981774
5128926709
3215004659
19236737
3939291386
2903850435
28408549
2216854982
174297284
37824939
86281314
112043488
1048631372
860250695
45190667
106460567
234126518
125522141
465049588
39557438
25065161
310635350
315233990
8773078288
11302077292
93175078
24393195
46139718
277330469
2224513720
321163927
249405432
2648635988
55407941
124688743
11472869274
719759986
74446741
121102936
1445484939
2310188901
44944280
69520674
5758525629
18220394
586347901
587640892
23322627
668987079
18139248959
94801930
2446633061
553282370
100959282
2916751238
131679542
513342378
4407271648
777510963
190947359
8803438701
7910888452
53815663
28423518
33985685
277015768
16147429993
3022090480
2173894250
370371516
1102647348
465147210
37432360
27703332
878494566
23657127
3912730101
1172519300
15671753612
471461172
38033350
19609619
845957296
939809597
3760020242
28939738
2545822331
1668620439
323459890
57675978
34003921
4129373904
3760923248
2030065940
347283121
10087378715
1785766732
4596827298
62703161
101969210
19030215
928379523
10169861775
44546158
59197985
1617609575
1276054014
32020277
369350159
179734501
314568580
1334503361
30118722
14617120
128531839
18954282
1236797658
4063152630
2240694546
18454894041
149536130
1791668105
37569268
1615913106
1954592997
214067232
7210635206
334695883
204276501
14253470
1439985718
147178369
169451359
4676236169
69899342
2377118140
19050733
6154091088
28583286
23994233
3530828100
27225577
144805114
2277527715
203494824
1005102297
2345730278
27521540
1438807986
10068099131
5624168765
5650226560
24870336
34796950
9457562
3304318126
98811358
25795719
909163060
151080656
57652123
48133968
304648232
637476766
63914478
83614028
320193103
190027405
120735022
340523706
282327331
893252718
11169073172
14106484719
7349324814
130731349
487886731
250119884
442902138
108097967
67034144
56954606
2522282227
196890617
5094594070
186668104
523668928
2919613729
38437365
1236502722
14238469670
728503480
140557368
457051500
24089775
217783028
3430491965
2186552211
138006131
6568922435
4269518366
63578068
3399025749
1076386959
5449415056
161917062
5764283997
146026877
666957830
1160704302
2992911324
38195240
23393582816
19541404
81460488
404781307
2382821553
241489413
384192860
3496306001
53037761
153520863
39319992
14460600021
1342819084
749357084
218236948
302427834
3351937299
4143667195
85617472
58659856
369246089
192818442
2474107476
4001315070
6371862989
1334198055
8918761
451613284
743548514
25117335
573550959
326878764
826640964
89438699
137231085
4473105835
144647149
20379420485
46513587
314982721
7392234299
9132037774
52698724
45473985
58441839
14227516317
292341418
1613611331
4046987249
3785320574
10186650639
617614349
8637138955
553547651
16227791644
2114424748
297620776
171144496
77940933
2862919910
8790874230
3436339748
42057453
297512070
289773827
345018306
1324953609
40093758
11468444484
30206661
10032155269
9997388623
942893383
757695073
162072241
21219187
112944358
11561257
2173061242
1846529791
152255133
13780748627
117856174
146567444
23964816
447098085
1561437467
116637537
188758166
200529469
85926781
461994889
3980290162
6008673179
18727057
217830414
108103765
34865130
105300982
65608156
237208264
153378847
1235976818
1146836504
498853101
4176025043
108370049
18133188436
364282565
698526137
195764183
199792131
4982728000
10710577
5124667194
41793829
1773565249
2988717408
38939475
21249983
230843351
96227951
11147424668
160325268
33288239
23746617
202789855
181880483
82715239
196958418
528877673
577771938
2927408339
1367273226
14676968
599725624
1091356726
32757833
1680395952
990520452
20508515
9823924490
562842552
1124327168
75226739
75319843
594152383
231394130
1034997957
74046051
3797752615
323662135
450391551
413741083
252982979
5265055711
200507183
8316624471
4337281106
23448910
95122351
172806932
6149557148
12937689
11663343927
541247214
85551843
590096679
21376000
308727610
137949928
113011790
2499794395
382685681
1132874889
7124559590
811148945
449561367
294524577
64940499
571644512
33289499
948472635
157889213
288546531
19063904
14732298
463599838
1526695075
8254097520
1218694543
526282258
1883764161
683134417
748931078
2615153519
296583341
1234140530
5982180658
9437226292
8826204662
210421835
13459914
14440204
8547807963
1183145012
1637839601
1465092945
9994861725
9764470412
490966480
131604100
95886696
225086605
548525224
506384675
480559871
139427610
1193131009
242906566
209213965
11688390195
18789229670
7850051168
1539886249
110440295
23245347
4421054935
3687985833
6913865473
270997693
705049156
111154756
1241047435
112471646
35278959
5926052784
53115029
169124402
1236637050
16148028921
16511024
3858700495
55415259
584710139
1257889896
8774447223
3957721894
960857780
5121569275
7912784592
732499597
3053909218
818130296
541849226
364007117
69861289
361690715
1354458286
76662492
12532081948
19819007
962452955
2433625844
14515522579
139966816
98620275
531424565
18839593
190637036
572561617
9775918488
30673234
34774849
50411077
2529681760
5209241752
52807630
462762184
11105799408
581774250
705840539
66079288
1703097150
58847940
73670686
601761238
5562222946
5079861586
14378523764
28861170
1137059270
22154090
1358218094
1512998654
7491490573
56484923
255211492
2555845692
13600782318
146252255
84309926
10511626753
248108135
4554641
2426546977
782828266
2047437948
329804836
2549358895
243267507
72942240
660496703
68166858
43506582
2323865116
9606475987
83807169
23448397
61322503
53660120
165879687
103532006
7562132523
751283238
152629349
2960066
1671194538
407682316
15734055
78612640
13367609994
207522777
201104429
109650587
21415084
2631565090
185246739
472443036
258550584
147212142
37520553
23547132
301420780
389365331
12956913294
3239202426
56302842
144553724
3422219713
1221126702
27711811
985875207
325031530
18895216013
15880810
89927445
226382887
25226236
1797872694
14904058958
5957202471
1316332814
511645018
560428781
48222814
2602750460
598121852
717474577
135014331
810468996
120947020
2169571696
326105376
5926388
24959632
60032460
15338072
7452696381
5559805975
22716943
94320341
34597582
2051671609
47338572
1205221128
3132368468
698342165
2381578
1624013860
5492880711
300390150
24923987
793031285
761154180
3670052653
296661508
2475078128
1074195593
166115343
72123259
2146966504
10142106642
46259832
71574393
714142338
2105491159
5891662109
1762420269
21749674
5328640849
72003988
4936108
8397280016
132952447
43924258
14028328684
880004388
32700570
830552166
234327330
10143217166
145588772
32148177
17802059
2891856682
78306875
735078305
3626107320
38097055
338608106
32510876
2759192966
2966805127
31907520
18092202
395784852
465742622
42751053
6927861816
1841516736
235727206
692519895
29390045
19236764
5638123411
313652776
10361018
14115723921
7979969861
591662242
79093122
3724364870
34703273
982826502
1968377469
1692812655
807324289
844960750
31966393
2923863954
7062871041
138539067
37528617
81887489
2030422479
26099798
171936212
16843995
1599011783
1705124248
62742898
211946683
9836059945
806516325
892076471
1110467780
6357930361
18747913586
12997617190
121119308
43127422
13045581603
115892657
334836635
9745818283
6093629891
4867709857
7498774612
20852886
15934155
10502089
67386446
5089096606
1349601399
9615885411
4665893974
8634502
