70676979
520046376
7268407
286029494
618910231
756663605
4229803197
13036199
73950161
18198644132
573366517
1700037751
173962080
2512806734
4398296163
4199145726
566810413
123710271
982551223
31345813
2802694715
3569455827
317503137
1203825634
3873457691
2906990833
28158939
1632908410
3827273085
2689468151
1916407938
21424175
289246596
112121146
593562823
8949954103
17539960
44172211
388781390
293984180
1585923328
2776890791
1050560688
1042153639
3081951377
12229684305
1810247128
12094881
3301452944
1410023872
3384188414
6078393490
1065190590
1115514798
133478402
112641975
38727836
7588121997
7449738054
38601871
33053884
671919395
6347544422
955552114
1859715279
16196791
372022681
229808160
239430853
494609703
1893623901
43047558
3837665038
9150199851
31375877
10188494102
2331969852
10704418
1911518935
2511103523
7939000710
149636346
22149468
7262009032
180814925
13477128
70046796
5984587354
4400686477
282811971
3823892269
3589362077
3875860851
30235606
20294364
6059374485
94729174
415610003
5055783275
57878425
16285721964
1012851080
757016394
79711889
9658042508
58906342
36584289
440298384
29478259
9527090274
6378545
3999345414
29382039
179422626
8454820140
700778006
42050208
16674613065
16279842740
36106133
1504575647
1604552268
205102332
2308746466
113879641
19231233
109179093
666190863
40571912
20386850
77539137
29520769
483836480
573806963
211641069
163252339
8669247868
111748983
477679462
851194203
1679904412
63184977
92361882
55431337
5569250942
3690905124
2158109915
523950625
212146785
106586287
79636686
696685240
483613926
87505473
72057364
892135382
2103141417
54396605
1156033742
389042447
107511056
24642000
47687616
2358880412
232382819
58752464
685555630
14195586
184735138
2433046358
28013546
39618766
4596824619
47748912
14426294713
53986680
6728788487
216588325
244025608
2044460990
1142746178
103642302
361028745
69126273
916904348
573260079
28935109
2738424106
1369601553
30079062
41640021
5895972364
1980535304
7975906036
926781064
145675504
6253453601
452593531
5978577300
78601589
82299627
896866368
942616652
206142517
6900888299
109606533
75281399
222291647
840629631
93630417
373585464
455469098
22508077
332842841
135271480
79587361
92160707
113452633
4669559312
30778027
2737134690
74776318
1203952241
75003758
5234925935
9021938914
523258796
873041257
815576081
39299610
158623650
221707598
236793013
1118618
111390382
3321759414
1707617405
300056374
7631582
1641479712
307777070
75285414
11534717702
15316909967
6196091338
1105424259
67739798
881434789
103173770
1878038965
1201131184
7206310988
104124489
956337076
21624483
836123770
16120795175
13136783812
65360386
2414383583
4165838147
1057626304
6618920887
175229306
632668219
929525702
16751944260
1038686155
46012069
26593169
2902059414
4618354406
1694886642
2775967970
142107744
30900689
116503319
16002301
44543950
4518775173
894406773
490615804
423346450
6383011436
32731918
48662702
3256746927
3470342291
958951192
464814037
210162066
1327403906
2761978086
1506408519
126578011
33655935
9450156873
35824900
2101270742
43831330
1355511195
131797125
852224630
317440471
2750169776
2180502573
48926561
667892517
1084103631
19705841363
3975813383
15665689093
4364026
179559775
44044661
16624658
170860152
253136153
115763260
6998583226
1508444470
307516685
195086615
10364374
531458337
131763638
269714470
12827438
924002754
10338049304
176706173
69702585
2407361
16865516
4010709909
225609645
2481239816
200245980
9028450324
1387111306
1094579734
54105218
1187018463
1689694560
21841502
1054787715
653128378
937023097
444137066
59575709
1206888398
165052566
1241182135
15138096134
691890844
472672751
316814187
26507204
2834404441
945641607
6813923785
1311998671
200822631
49526541
4504250823
580672208
698851631
630766581
38015174
277705074
5788046329
13643069893
1366796503
95426948
4353236291
2183995920
3034351081
350416698
139244604
1823342076
483356010
38593862
16165130699
87474448
39324780
530250109
56108152
184995666
186377700
1279827097
30155144
21199279
12193613025
13340904431
60176985
1589273852
1963655643
1118810463
95805381
30697337
13380576855
71006097
503264627
2909457390
16688822690
2371365644
266939749
173132326
2416661898
3316509255
1042098736
10485792
2439759213
36829622
1506820661
1143503313
405098169
24942738
42745615
20281261120
208406918
29066712
29163180
12986658536
7258923893
2582330538
1990462950
656056343
446812168
238449471
33192127
187448590
1252941413
81409392
4859400901
26509101
1820549038
77534797
29970680
116524383
85566577
5895458290
12400138733
200380018
2090962061
1966806696
2862187268
967723528
476582144
42568328
51284904
254187288
30213829
153723553
586651042
347581943
247080153
1887434832
1378469796
4265699597
129408092
303017918
7107875604
541090452
1183299903
795892213
1458644749
10613049
90204495
2992091094
1613862087
551426924
6726376110
15278082
617537045
6200931
9359542937
6641696995
755555764
1083053659
16489719868
8944277602
4799864163
8203177
369460227
3513579136
4090687537
700679650
92767287
9734462
308600060
1249301717
11376606803
62564610
7645548035
44311408
30549914
139039958
1014319332
17639888
3118177389
312620280
497429720
7572294
379523010
22776705
25730382
23300021
76032937
6120084644
841899632
9820016536
2492733786
14528491217
3872366
11839257976
270242729
83748997
612410542
115774346
22083843
39670173
3356532331
24274325
94044449
968207830
6873289
45789962
12778190701
623986837
185432774
144021372
34967095
8844002074
34917623
9109431
1207841094
3696689441
19082722
284148200
6150279666
3559926684
140541687
2299459285
1748572559
64555925
44646358
9134720643
11509539629
627146018
4535355422
260110520
22257530
30477978
332759292
6818667950
18256905607
52335059
626432744
1635715321
18792148
524590030
280746502
974381534
2408004490
8394732
1218915914
139282076
113347983
141477772
10229490027
69147218
241607758
47783910
7601464381
202387242
294118692
381400436
139365732
3758428086
20672712331
10461018719
19267453560
216779366
5320447439
9998093287
605763752
670615
1381538705
4822085686
156635671
385514394
120281138
1860162337
27660383
16433155704
244405399
40807543
3373954151
1641958861
23527747
507690983
165446315
81978552
52352197
1834961725
795151389
7841539259
9948432531
14535144
1384494519
546612746
1634381017
502862286
738403139
34554109
38501095
26258090
1523618579
269486117
1122375308
4576114073
244307972
409632493
115463399
144838208
9521736147
58712012
29010706
3843018637
184633628
1682571610
640674309
25920926
291391938
640159194
4057468526
11969309654
8145512
3316844319
130496493
7514764167
20210946
1939332668
473979700
590628816
2441818855
2666601105
38303063
60012774
1155461766
333826562
389410265
11907017
3915995430
267384498
2023074426
93493057
3099916821
628000056
7980809402
12870709210
419958086
6047528684
41081283
100567756
244441261
506778641
27521619
1712717082
2615339177
1120985491
173175377
369115047
459188118
14505715872
11203355795
12360896
1826672196
1714780943
25165780
17512763
97496089
6789568022
36623822
108512233
19794765170
33684774
330395216
32353192
9297669057
98310066
182187764
14494315
554459003
2101556649
732286351
1526392404
108225450
30456667
41641743
198718003
793397605
695841133
603594625
144918986
1243311051
1598864665
1323222611
307088846
18019396
69183463
246718473
300413963
4588108790
21227604
2908018936
899086358
362418584
3122034004
43584167
962961430
1867512564
82250999
569174102
297533774
5330535948
46228503
3559355727
232943533
3272342934
54678741
513462212
1826230622
1665210786
152117206
3933555008
17036522
209227019
182768910
306623280
2981217382
4923390633
14385599476
343104915
57358677
9595299724
235508599
453071666
334466457
14294000
56187692
20371590607
282587703
4356285891
286228433
74043118
143313010
1347340011
1188025564
8245513233
1883489825
115970687
4681669342
86321992
573512607
247040212
25503942
487628405
628054981
5493633620
156660862
30431433
143711952
392770239
9153214
47487739
17041863278
398976679
44110336
22228864
4177834879
510279265
173444223
12142130677
769345087
32578648
4805507005
5029867978
16405942
16959230
19453647
550778157
642151358
75182100
21948792
8805547990
1369183014
1817508125
418200173
125804530
7386315052
129314291
1156263647
6364101537
7492010
1863169295
2504747780
2364548419
233357815
160229031
154732593
3025625601
893253749
34455526
6420255760
358542748
17307117
637648694
470744673
40467713
1842340859
207741233
38923653
86389169
324224506
8104847417
7539817902
57594621
2536566606
82016844
967054845
252627035
94827408
18207003
795696669
195479836
40646219
2395972842
25473853
2228918214
7675189222
662639014
422022833
8850750232
54080699
98252958
2156023158
36330271
147569391
43192107
3730586357
38342876
11783413221
4347044184
1308119307
535583875
42954701
56412347
4203337592
155495759
2178353214
4393573574
569237306
1269607334
6640467866
19041577140
98535639
487992022
459681663
1121688245
8050876330
147473806
85126085
12733393503
136724818
2122404182
100670613
40636113
10243784
4639828177
1275835738
3941892618
1127468528
873487270
13054184438
136669083
8836672876
21581078
3377938534
98386877
35028858
47146123
1263384936
13173146196
58782716
46037355
104205498
1786268954
141971268
872075795
1116565483
20924789
66369214
21118116
350251992
169833922
2947007425
45681653
707068924
28142461
4135560901
454734692
543950449
38420454
39178568
1777442429
9013499392
4240163516
258560632
42095181
3995489042
75397712
1402319956
986930335
267010842
4484010
3499563338
16086418
32918812
48640509
7109455947
56338684
369710531
1009947171
1409459001
1467552347
26633607
549723851
7480992738
261938138
2617877389
364710231
27899634
3810309851
150920245
760609471
37038920
211120623
4458250170
306992543
1059850575
35786526
918819609
855313033
723809946
505684958
10897984766
455470281
14108675251
17571346
25511586
28708115
18013773
5577830138
6971843
10598438
308136938
116381025
449995503
9714065332
6481488122
5382321912
959758332
4718585149
81795783
1048830808
808863419
2886394695
8444452216
476504985
1054169256
148132996
312655101
8574843770
158139736
449894003
2203522157
1440554377
526735353
147176249
929962267
21243100753
70778729
268629094
2006681905
18458539
664301243
617006287
1230540549
