30115061
2755621913
876872571
461878374
7280710310
10712763
499916121
251421490
11278207847
22524555
1739702426
2350486
223943297
1840694299
54152420
16071748105
55069787
6875513
1153363786
17997553046
14608698165
12677182279
35725404
4287543482
663849375
725650832
570122679
37682599
9170424040
175806211
20453012506
5284014568
306572126
4612069729
12893036699
82583015
70484819
4917868456
115107455
26402358
1427490111
784533239
25235777
351882809
2456660740
153367047
1324226973
132544505
6457214
127959373
136187033
4596129991
6724349256
835943526
523086971
48173510
49574852
312682236
2902928982
232776605
5840724674
757808981
1359610413
74464737
12082484968
216485521
17039315
6350535490
19828749
2668648804
404206813
57157481
30818139
4396317628
1156627608
4583684820
2560493218
1341595569
3156932458
7188601480
203493368
741371380
9352669744
45700667
372276963
4195595839
3769398890
569128889
32151256
5416451338
2792625949
10508010972
23049715
1965787115
205943427
63921865
77456832
1610367108
34977492
28433978
124363164
2809780833
1640379839
2326099079
70232009
71035277
473198118
243735233
24051513
388940740
1793832811
470111593
2848555964
564571084
57519456
33782308
8835864617
1085128808
22281658626
207426665
1363707904
100831482
894038108
636705827
62918262
875934735
383696765
20271346106
214561863
618305540
36658246
60268517
18082536
151926007
410035255
462360361
576240566
1610286606
273359454
22939855
76430125
69080780
601548332
848005160
11325947502
71654469
23691892
2492403304
34800474
3843649834
1003740984
1424744421
1995881356
82628764
36350020
6957192937
17590050
191760972
791912464
1038600592
2554629077
61394409
22751291
6833291073
154525711
71849205
582199024
91027971
1460598249
4921306622
28523624
14035619
216057784
75835327
131204786
15987075
12393425096
121335099
239836798
181056339
3741180386
2965097541
6559438611
1142821233
9637012135
216370996
21134922669
29428312
3883016494
35363128
1269322129
10936124643
102770848
297704831
476547494
136901985
313862369
205089132
433383775
181350370
11107717657
241094067
183682475
45976865
3364067201
8781334201
6777180848
23520967441
353459825
273360948
4957992592
403077895
993008697
1575267479
613667138
97465002
6326600387
70775259
5347182111
66966574
26852038
20649718
438482327
434824566
297034082
1834822807
504101348
4210781341
258138995
302868069
30820289
647988997
321183429
10363849485
623156077
994144496
11132680055
12716773315
866437575
882945163
16756839829
3234494807
118448290
58786889
1493391319
4308870253
3536575
2348088368
63026014
194703384
5701019
3246360540
281594027
2054519995
48024314
210882458
70903341
61555259
9487118
133574679
3896251383
2528681303
151130888
92394917
35504733
561606071
3728522076
466971682
4511577709
10838453528
24237651
19269140
8313512
803539587
1634349987
3728572410
804450547
69011889
3668069848
1786791541
46469778
551468013
22020738
674021683
12410595632
170756263
360130360
35358488
335514452
136185632
13827133
55624032
642509889
115886778
1511249418
2680282511
186347747
199746250
1882476968
5808582
5690649135
1185862654
4846890346
1993486581
5104070924
2768831624
137194591
5656301844
826625708
209863827
56759505
20575619
3212337356
1876540898
244347352
470502881
13022200318
112044069
124769730
25558401
5692633916
164811063
1250178063
94498864
2022852695
95221665
2473617988
16596354
46272483
440177624
365114460
3405870102
5979953848
450548727
581653990
34720593
10256530922
206413604
349513112
15721618981
130253337
26899940
65420728
14815664
1936159940
6857440671
60372122
234428367
20776283
120730290
664877543
4037816790
1784667148
6667874578
547974401
631606504
16332223
652429918
27587048
2287408155
79329303
6049097454
34368268
9183619073
60531569
113057125
138773266
392478189
533445289
944374171
6946700825
24615055
5927968600
1896534832
625224695
57483556
72366422
142176132
267322092
2894021884
8466550795
2148550628
8187264751
26922002
1080156940
19857567488
10817744
992642378
66095129
502575702
85939169
540177961
5785012392
240078095
451761319
8124166059
32594812
29346149
288722407
21137648
4727856392
211427510
366954116
39254595
934013782
18447490
54827252
126439863
3882591908
421146969
124017822
5932462275
19672552652
100385447
6802109
2778669265
658125548
464047704
35968031
95898785
739514712
12100384
4049857253
810294452
653309856
70286319
14611031801
5027415265
59442899
296773288
121020123
26868353
7305624261
1261646048
192297479
44067420
3677433737
17246154
2800129787
35716645
19842260580
1123772869
1728833790
1087391664
94172742
130856949
5478357362
51047334
127675151
1246610867
315119140
14064215923
12006459
10248087208
426208535
1131138856
14649486391
29887327
898320093
566488531
2461715227
1034913017
380593903
20904909126
267620091
1412693583
13515700881
224750534
765823794
64135253
25536061
58743119
9961180595
19780663112
2959869883
1116179726
5567325
191465504
944258269
3926960160
62049362
101184030
15291352
432320567
3939051672
1747035423
3211298507
288348419
4811673175
83695013
4418959467
108706999
50207711
7317545694
10537032
128279925
474708598
10252995
33369054
9038382413
15252047
3539456634
38090955
4446374442
14364890
2295764801
286419890
567910159
612128101
1179118419
17426476106
190495045
1539579563
52273667
8861397412
1945356328
141945928
100966254
66457845
1353950757
381077304
159776834
1370517915
15746571153
38481594
204740336
2368676623
25246126
14330842
45389659
5440903075
31396989
427661708
10692995177
6812166
3078798248
77968278
14640538
102487145
19837720212
8307600539
3736973620
125304155
710634641
45002070
4627300331
46482209
505215170
24584125
742354002
2908430224
1958076567
2307486029
141949478
2944508105
4381876950
1303279419
14189913852
1535497388
20099173
3348734432
1690561480
14936483
32392570
1304609319
488811150
2340428956
4359531773
42426282
2128340343
27207604
1138888772
31625565
26232768
213197122
8476469021
76497021
4890978393
42576377
27047641
274261828
171168157
7385322597
1057320374
146164912
344765670
7272629418
18983003697
37360647
43516374
8735271694
86117654
62152975
6590205031
430724745
311158368
880547613
3444858431
18319620
340973538
4489406
4964649052
785236924
1297445384
18716349
2826337601
47078234
563906299
428864701
666874486
1001743759
21205697
448006949
39109088
14052673328
269156729
4199391994
5581344522
122123653
15979506594
9078295296
3336941635
61389811
1048322594
2348611239
987142845
171366839
38647389
170223871
8046113262
13396478110
4512707028
297031415
6116862329
415095281
276945549
52352192
5024981405
1039044280
25075439
60921502
41075383
541522903
4792105506
593304564
96746881
13206819
168655264
114371099
3065562958
506912384
384247515
866556566
215330836
1310462445
298663873
77140041
2722268496
1191898598
228743438
618366092
5986065045
23776223
4398730528
863525470
517221525
472873437
951540690
544667175
6174530128
75339980
463543756
71962006
4413948153
1779223039
86391100
27399386
115917479
281696015
1382181698
3227764763
40341714
906516124
23904619
19798771409
6073901000
3904446939
2434542579
2524902888
994399396
35756927
1203578077
1888068150
4120924356
3157019731
14840519
41931130
6188789929
2949446271
5559109680
774083859
1119395419
17012843533
391661406
51255686
11815474890
8656560010
23861965
351688403
14793166
1411327685
487002206
270590420
6278871465
18752607
31542608
5759408908
159662912
88057103
29993251
9349561808
19621148
10271146159
8699127707
42562781
192100291
417186990
141417928
6278315790
173052658
4199200252
282875018
3538312428
24150018022
1683605254
168984123
531843611
7407093012
229588691
242187976
6126914598
68463192
16521553
3303004987
67653660
666333095
47795464
43278613
2770946924
849137867
375250746
289615722
13027631
766463092
274721436
546280023
247359229
265137758
2188292224
6519332389
11737633344
800500163
362045696
2343573689
147642223
9640897
72379632
2229527674
326332090
7873914479
293816838
133903531
4955765
32762677
26353493
4060343303
112429279
271154139
399733235
248599685
235089747
30253002
87725025
36955284
108865264
14946192183
32233767
2131769496
675768543
116975395
25799590
1521048950
45190101
69777768
4957149238
2911561270
157219996
578235102
1921904677
1219525399
134620476
3862077673
464662631
992777825
21203428172
88896901
32547856
2253672836
9563379560
23649067
461313399
4344737447
2339004268
34876928
100170722
5789908455
728735399
10153743
1651930582
36216230
19800934
27394377
27316487
99562227
14606783250
1679075602
10258032
2387996953
7059750
92838302
2052820569
309354746
134592666
1028026366
809432482
27164863
91336284
9427639669
20022924546
6761944200
11182210974
793946508
11667795
351590703
1349808814
1921536396
269273993
144062920
9707172003
4501676647
828626095
41595165
2431877353
2012704112
6863912921
30210279
5590316812
3366383806
711511874
2977861694
38767764
2134541706
30168461
16101407278
5669506037
163569043
603992281
6566754334
302137451
73695873
370614748
3721774590
172679088
7366383807
137793061
1571196417
6645256169
5104178218
271974742
505930704
4995704477
4968501311
61018565
2173393036
17617533821
3547169137
19509578215
35895082
2547459958
243122137
3714953917
813092981
129266410
24397490
30445411
104716348
62267938
965850535
57946024
42298265
528339900
56964530
9324424459
232644624
5949860536
57504490
249039550
4326378127
25311117
114519762
5296869157
23695067
92124382
2415094148
244393900
9153874810
12100669
640870283
153508816
156802709
552012584
1289388641
1300315985
129371052
13326669
1444201664
36412147
13850728105
7280706936
6018900997
160232479
8028982
1125288764
2618169836
257197233
344164914
5661507937
4924927395
106326324
286598218
32751315
427227626
32566700
1455767916
417781663
365408137
22385427
37693555
1457652662
654729165
4243621638
61807232
9142575486
528560132
134946405
468712303
317547531
4816302971
177827157
621841344
212472829
65935614
892409216
4778777732
4104274664
104118254
16444036943
113981074
3492190504
6613563
19181098
157870021
41903201
1626363342
467735124
17595015
337667252
108489879
654652342
11256221
2642453284
96038079
587024198
17363605267
253802695
60848563
1001900904
1202426763
2095726847
245331565
2795386120
1299784564
25922703
2805045073
4712900689
292603828
16412310
2114390011
2315752221
40693981
