9689959
15563311
1345149143
346814389
298264461
3530338747
886879775
43700246
12898813
114409492
155678923
27085136
1187913897
2943988825
488547583
4428097787
37525139
4892861658
128846502
85222802
571106676
916356553
754089510
26011139
805869347
11355192
17928115
4392565015
92177570
1454079214
5145263151
282140180
16898054044
13698793303
61279790
317675548
1519092315
520768617
3364033
22093648366
1066776861
942974516
7688364151
35052285
403631346
4449680713
1103711603
221095686
3827511182
225665645
40825997
44161751
31894928
1013490187
18171473
238884234
642343847
870264075
9317100958
4877222208
1786027922
9879691943
7313102634
281580244
4231342826
428093023
192884867
12444911261
22383035
4555859024
63517251
194645912
253474813
100819345
20554010
12722000935
17444267750
3459458773
64731486
936790745
893509357
16151021739
13455131
6257937
48078776
2762130719
23729494
576248171
944718228
1155217887
165383561
80649754
180654367
175088388
2955765
197785491
716202213
3391141767
824467901
734193177
385677283
5767891439
517948571
671763839
63959050
884098248
45422138
2205839005
15796662893
20473341
627851879
4742911
89802821
2229270862
768558291
2913698851
70737836
150381640
291872947
1466473901
3399283637
121007053
809857253
200774138
953658376
4906781
3887893578
20128129
98832525
206289457
64431199
18493545
4579229003
6741454
54782260
3408380292
107140205
667618593
16561192953
122977263
2046105724
4514250943
30515612
24333993
5046350457
3223033639
47347593
22297231
118001980
25065370
422103588
4540186752
217182062
162211977
7098683639
51325687
119346678
4572157320
46088373
5008241925
6940753043
673179881
452467548
27718436
133590506
211723889
18113053
15302433
2386900468
19193524
123786120
33487914
31173511
4486103299
554917431
68091654
68727585
108691629
47431755
21799267
20993468202
44920711
2142750567
14793330
10998714
4157228329
8572618420
1797583598
94597915
44837323
554799589
97886110
2434750302
729340791
146452511
64286696
6100907500
2839630763
10502698884
58115361
29978742
2927601566
362276502
2752655847
8679647760
17884143
15902958479
64656032
101255282
3001194118
641611009
1187375106
5290306662
1194470789
73857737
652922154
4096020939
12415785
1013778975
450271473
142060334
16825469876
857612137
208194114
1072228162
25305238
13698424
41899492
118760933
162625022
4324247471
7930151855
242836645
1706599976
6260608
485727240
39969397
996352924
6417790739
16938106
364282931
5806184879
14254808981
3335100910
12435705
8033794328
61302981
275861965
179671056
20403002
484372626
19220532
190120335
1199865326
52532616
18666414
54850526
381604775
3539692885
3798187294
23810340
117381890
31169084
7886878562
18405989
4817447639
1245242265
3564584226
68862679
30139893
21176107
66727228
19271386475
5648069951
20582839
587005412
7580901982
18669050
521375899
283493778
28917767
32503048
2614677329
16198838
892906684
4443424245
14401866
934583585
10932533087
142801000
2291277090
85453927
12836268800
687417828
70629642
15151752143
4815314269
23269014
149393621
28483678
674738684
845471723
14228566
2202888586
1389046837
34167012
1655529242
1424131227
18083784215
1608333077
2376039585
2555394
1123453647
16610410765
2517689003
13808947
597899346
19427858918
51864383
4099619465
5218343532
14993616727
12720346471
60990995
37130322
24169321
695512164
1714091531
32012582
7033726654
3126267568
359837145
130780503
2280277686
399980933
75756701
74038845
4624225702
911500489
2009824630
126867990
2694163740
103271189
87732918
61376963
1290285952
9961523893
71433353
110128701
1089453103
34619447
77212537
223482500
286894923
1058087787
2901045869
6121100400
1593649822
10634735
4456293773
22828600
12127248
31792150
357952970
48417902
894833477
420526641
92332770
616730670
4166631924
491580407
9733530531
2603339104
213505083
1179302953
1272269348
15081927727
61523464
25974087
38406890
12360743
47720109
3694608449
3948753438
397175026
11064873334
778930556
826375474
569048427
197618964
396384111
54757872
154733060
222035297
41490833
231511575
109913150
31705933
63508591
44337715
27273800
1894489316
118567133
42503831
416149556
501852088
301376010
9532208155
1256101840
460396817
1813000416
1623999732
148102889
21262595
3093488639
38482490
53210331
137616487
2145573234
570771763
1457129182
5270687139
190897926
822518297
1134162767
1050816481
172916676
20550795105
89362242
205066139
471585259
630164415
22647183
4297249895
943233578
290830578
134847236
371591434
320902187
1900354256
352919756
40513835
4259199855
8112397
28649992
533719647
10356085
1740981430
3204072314
4618952387
13390898545
224153025
439235994
600420419
40166806
28797792
1053783138
33845760
7217642
5355506978
4525195730
4264569212
47476649
452492103
49383693
540220630
3273318035
1648024252
84514622
551285584
523050143
1561260567
150967753
7098003984
427493202
11184175
3595398704
61850558
10235156575
41235444
4718084985
5033065177
60621446
35736986
512696634
1358304081
3146062632
16077439186
285269832
186480716
128651384
953118643
51273994
4303989541
116398920
11105643508
482861809
911867691
420478838
1189697625
293895506
399311401
8344270855
393625028
50434639
23426052
728688161
934314758
5738482543
446707224
47982166
1273490591
1171757803
1025195649
136623109
1302783606
119670295
10545567
39725555
20063530802
82394365
187296969
160229910
169848216
249890895
2733113908
36969028
107323780
1515791259
104287332
74523126
48516089
7916182649
37923771
56250507
15649196
182001022
408132965
701879396
16300359
47006686
1622475528
45489348
10684542880
68860255
49014338
7141505472
112922931
96929125
22102983
336525867
81733122
260501373
25121931
576040609
1099629218
1735896527
5200909
20179070
147186970
1120873316
271261514
4029895243
825210387
652940247
8630083
113203016
7452916292
2037083949
415310913
132484414
207947722
817022984
679041594
2120772294
2511601353
31729992
955529714
4324583166
1479868627
4036726260
30732452
822501344
434710452
244945346
5050626570
18930757
34928317
1000217466
57003617
4469868184
37607540
4172490402
12384332862
15582534
166813879
9324355522
657097429
146872688
67045378
113254383
8686601631
1526711953
1772272230
536044084
1821365495
136642490
40176188
4025492946
6534798
719612793
2133047932
42131420
608478786
43459203
4108671048
6762175083
155829073
12727564
1761589842
42498959
16328273
1347689583
418620493
10505894175
1218961613
28933449
38522463
10519063
352630650
73983957
133613078
188532935
45284646
21938543
10871300
4088938499
1077129321
1753632
1562525810
27723736
17376856802
298239264
1240002140
38806500
276369201
351114442
87766536
263471155
11698787
727542822
4487283584
3706781762
171366902
807228703
3089641996
2094586421
829444918
66235803
121410752
13434605200
5638995421
16262089
10149494
15104518138
725434524
93180375
5910163
61094579
455237217
243981685
1092602770
16554443972
145709167
45281364
115270756
763006925
388506212
684220740
4034925843
10117743241
292522955
8163222719
1828493714
55888481
37405163
413080698
1515454362
2829685434
23935677
3095896431
2844167624
26152670
1855476456
258220632
4033321920
892007118
2327407568
677198589
381351410
2313473628
49455863
453455957
308154762
981857217
168416909
668238124
872683492
609031140
127496191
2736277658
39285268
31804256
235135582
652575582
65889498
413829882
239595352
1695619005
38311146
20414079716
904078136
112537077
926544532
1070200242
48956365
264294871
8619541642
29865133
643212078
221474414
83750288
467073499
10115451145
113691308
1389081904
1024489371
2570384097
103438487
588442426
560384461
189828711
86254706
13358575
106911815
926627216
2660329773
173120894
92218269
2671964920
1889782705
346874091
156111886
62832271
65470481
159908186
2385528366
2778556196
26386733
2978984906
266288828
450257513
209210315
25144926
1577798998
45735736
1086019173
3365337559
8209854921
139452591
1580604206
543698549
6626823701
1588579571
577282806
371780734
43099631
5197288235
2310745894
175858917
5956529828
119871941
925347381
429661643
98367710
13518289
843053922
377434468
98483944
391934793
5315963538
5137968616
38133184
29054336
64778416
158662028
1193536435
75145396
233495524
15512121
4971860657
166342247
72246481
387253873
39168417
110563729
1423129719
9536958606
4849222966
13533835094
5352450252
205606934
40456420
378468773
55837154
1521893956
45491951
11753467
43365392
3545835472
4317694111
11401471974
307078697
2822067377
7088107310
1968632728
823299725
948164402
36833148
11688150503
38977847
280697802
763731262
502152850
1214312962
26164185
80154157
5504377931
5116913082
10200008750
104082135
98759960
11696681331
262201158
74815314
1168183930
20993852
72058672
213583628
486772465
5061696962
278980652
111846043
85488751
2416852136
1222671253
6872018756
338791492
12123750623
68382159
2318579398
13265005437
64108572
321593895
247320818
1148148875
854009897
971030160
926924594
1292343272
1579509627
1514990265
84213697
16779581
113502036
20305731093
28760706
619898674
397292204
377541706
166798207
1078356471
4895777188
946191329
143265345
44484047
253742590
97526686
5403927242
97422572
3110124333
417139641
579774446
7255714315
7478810627
193956407
147744509
20646447470
211351581
67328011
258013663
5470589247
266228064
65918882
134922087
3844778299
572140035
2134306515
6648435552
72280874
463095444
5519802233
769340461
756433127
1464219578
541315711
11853624258
6883970251
63447788
384533792
22578713
143983488
906319411
300363675
304244600
680384461
17363865
62886234
13078912
902220426
1967338012
1176350352
298249476
8313586
277518223
90696680
310471407
356750491
149691689
1012015080
2113241271
201263431
27364549
77964655
170664743
19781586173
2249704461
3097588171
193487122
13496285042
71006735
22842469
19626818788
6107480
587276921
22142503
8389368038
5775484241
704520393
188667936
12521048575
18386048751
1778237215
75903461
153470504
220751368
1240985446
46626882
844403697
255195392
19070484
290739012
79616041
399099230
1121534096
5872895675
2270126350
28807903
506563337
27798142
9104624878
9756288386
113740726
2733014
12804758364
126136245
1949696856
239915828
73909437
1512187554
30457020
55418310
30951782
4591646342
8676736804
13072334444
169593233
98420106
309780569
7478021908
