49300749
86222735
33177645
11029222
700803903
1564986386
1016361504
490049735
9806274
30775960
324449667
1113266068
20023992
1698623
36438129
1215229716
184781626
1507481867
6574055912
228759913
2150039490
2055484130
16923636
5556096737
642030982
8507258612
15094425727
4228372822
129010972
319352558
83713436
74339553
6068318084
5506072809
19458458
9720349332
513833331
8115249160
1632528388
2083592667
3518321227
304004461
943849206
2478904000
8931178
4737350773
23958638
789725503
137975725
121207114
61681631
7704995313
101903433
2165273048
4227864906
7266131652
70700697
5909924449
7203668651
1590763700
426255658
4635950070
205669111
1934317822
147762976
49664127
850004816
750165555
1726790859
3172999412
4951069459
5638966115
2342869030
900112100
7818713712
36453890
14357866614
18195460
15302752
1072614571
5382085994
475971806
514988309
833556718
40396210
2282427024
188678119
26116607
114812866
39904616
719274871
4577398381
119325352
2557527229
207586770
27615787
244770305
26152530
746531414
16162591
17013845
360674441
83720197
16519380689
65137959
477438124
17518268
4202216277
75722928
154243190
57528707
6757872040
1187011291
7132384672
640352782
5204600222
220286934
1348116506
893435897
82780566
525133815
11667675861
111660778
788174733
556814138
2104547804
5327244576
69051738
674327768
11087581
113113388
38273109
20734361
3040016547
10037805111
2207477267
1708399399
14854860457
374252464
26842425
394412617
12110888838
1152854743
81982874
378220180
109589589
3123527048
6283371
27455117
8673160038
5058195905
748993515
25532885
15374995511
56564742
2989246856
9350121596
72686165
2669056982
5853362
125972594
13541552577
71694795
51498113
215920819
30806102
364157508
486733657
76660236
797233208
874264051
2341406903
8916942
2266437092
35565106
4330458892
232089457
48293250
376186925
787875961
179074445
235755184
1005742154
4512196911
1189336831
10309512826
7951156377
52271089
901359874
628146400
10780511521
160502594
565230423
34052976
8799450
1331229318
830350761
24901924
1067827843
131771968
146475474
664168179
11795385616
4616439897
201087118
1718135036
967945904
4444362
38813480
977538850
56318870
414274926
10173893071
1988394681
1533995510
45164287
7718598188
3424068867
53140967
33286502
103432397
49407592
69878066
66944642
39736991
103758081
270325758
12452457
4154945800
21674596331
32053515
41143639
14269350
21341312
297108834
537782056
1452911431
366871037
316383641
6553231840
137846054
991874527
134772217
4116942055
214585396
1343363800
153163895
250825791
1212760538
284901152
395419306
550640426
51765671
94619729
2567670740
5591788693
325241140
31220630
14455423
24522854
491729132
1336981587
38270342
112986567
2016376084
9917936965
461926631
37500302
489652095
25971890
2385975568
1991161945
467759997
110771293
505856804
6961755
6489104907
288869361
494976337
18759365
55672762
44862122
13475828362
440862256
661530891
42401338
560131644
9133461
294624938
2009613024
133422261
147663659
596283777
95345090
520599590
286134522
22831459
18933652624
3385664345
1999406154
595515678
319449084
811825467
68965845
7703357284
46594877
63108069
119476852
8744147237
195092907
176993908
1334553161
82973677
158741815
2636776402
856618863
16181347594
350309365
7524477452
48030345
3426784354
51458203
8479869649
5286002151
6235811256
2352149535
402078752
315104198
6269788162
1945592437
6502088
179806929
25519919
1666066222
23737543
695791569
206380597
323419087
814313117
6988044662
1885347058
1300816367
1361644756
72015999
1067010260
1047406394
256236925
126168519
959360385
10001627968
2260180208
1419780166
1704790117
17354985336
5454428591
172636980
17653561842
75861633
253019320
47338097
13998520
5479118
23450767
19509341662
424863074
23064136
4879643583
664379653
15422964394
176580237
1431336749
1327090780
275645720
814276628
745303968
3208929923
1068131527
115383735
111257485
392739230
40279799
187833006
4104438450
3275205641
608160489
3134891246
9196406980
16408619948
1666748203
125501179
4342847525
17655333
569561681
432997658
640610574
8152186960
3612785105
219792020
161765180
106251603
951116289
9565135436
426098663
4701355926
4997650853
7647468478
42397860
2821306325
140457038
1043576972
948826401
419430264
19088410677
325243728
2786350450
479889770
2894993803
42426377
405277713
28362410
143079758
37703444
154800048
568241088
865533335
1593368877
379426215
180539989
16389018
147866313
61955049
187349298
454041481
5450712648
134618813
10728304876
521894448
1049544930
29747845
3481130705
1432533662
22731563
423864957
64888877
45439375
156584646
3708731946
77324780
2549375095
348564460
1019881290
3012593736
8456401
35268982
383997935
97837794
162118876
343319681
415230723
222082707
2704302437
108510558
670172819
34344444
55368081
28496888
4125297334
6603034449
1310949440
74426891
26786105
2466788435
247203227
61633506
12428345416
74794820
7865235191
5171649
35850043
2032462400
3680594914
1426159112
2611738229
274932832
88468260
228418323
151854854
434591469
1101195674
29519375
659643118
310770081
65871833
2055448984
61114815
695971636
500267218
5655749610
7881064078
609706007
825562079
5577818916
498236106
4024821846
146884819
137523191
52691349
112998003
4299269186
45160647
3567556459
15264596673
163017992
115970246
3638558286
127412253
979449395
46104016
7266915
346916866
24176049
5218485293
277052361
81481012
11086006751
706369520
2295415735
4084204117
3881584309
398328638
1033557594
66763379
23273805
82492764
67179695
1088103149
220953973
2083298993
55718255
26425864
24808933
44194681
4336994764
1444894855
60531906
7194119071
25803586
6455911934
732541796
679748057
1115206507
280984593
36332990
489149785
51352290
22336634
187616013
1906902170
76588328
141344105
10355458804
7284948184
191384932
18798698
5623211600
2401832256
38363365
15682334
1327982825
11516233
2588636380
4635629175
449431914
22298275
12792625455
2125686094
27672546
212725515
1431835177
11934855
7730219493
81800710
181118061
96554219
17542258
20038750
5559712049
81796837
1065589885
48448106
8135456536
99855163
1750303
151846617
44563453
304226607
75168786
1560378482
36451941
33844618
13698074
5484460130
292726722
1060248583
1999778906
19241091
432967970
1852788553
20590480
10210882325
458172394
1946013685
18428946291
201846864
7664398747
6522586
4554486924
149970218
61305962
10428776488
86377776
1963519772
189406363
31820987
395581787
107074644
34419378
10343354406
31019022
1146334841
5772739243
2235529957
232634063
412083607
467440381
206325395
189653684
354415642
6211645176
3829898410
702362360
56254817
13567302
2583391020
22284737
747016925
10882599851
331403381
31993126
1423291243
69269403
713361459
2390733947
25016136
9447584511
7889175
204402393
5661890988
181241768
1067514099
1428598048
420383158
151112050
3420022276
10672347825
899220442
1075276984
77004059
6489392352
214577200
277504684
16731832232
6537192468
21739225
5119998662
17614111
54427476
3309987
647121544
9524717808
401036937
2674282015
14758025
4721166255
2699040236
147720387
187043016
19367149
13318408
400975485
32389058
9863531678
57111190
2873114066
650859788
808642612
3161053399
5509671984
17764560907
645574530
2050454364
105807877
153618086
3906008
52156687
4778389857
252038730
7702129
288655690
37385598
12122105
43517829
299032872
11271865410
19747778
22142795
93740455
10696532966
71102315
1387094324
649324597
39281840
239728472
26365258
141121696
49831132
35390882
51836135
12597596
54524197
1711795456
20429784
1134442454
5608251827
538662042
973436324
107975557
3331028669
186935822
123543329
1207783013
188075546
42979546
592967965
21767617
1372280205
31674535
683935783
13309412877
12094448
5953073541
117678568
21195008653
4581737
13246350
51981172
84628468
31730038
8497539
2617324512
561502378
191229577
333178444
231795183
45700686
17883423640
5450707259
2059279665
6773387268
271291874
2578152431
186051387
28273908
11986035540
227482825
77315391
163079826
24335186
15660840002
1792773839
1930101133
477771880
8236899
7235675396
8303755
1277725083
275138863
13927762
63181196
8042684
3060269101
12431407
1014689295
120459049
2280936553
23676151
55486435
1444299693
5854204791
150960319
35675427
170823654
294124984
5042901869
264354036
24985720
28938245
747036391
484351801
391548541
819673896
1530409269
55332132
471155571
2068515311
116034169
907501967
270325568
2577643472
71490796
233167100
833519973
3273876095
30487638
4645313346
1629291571
1282404704
102830745
1723761041
34023987
239490563
1055700672
1932775240
8314914
591084939
20159810
199629585
350519513
1765612154
14944757594
333113179
4472066110
783269417
71599108
19321219
650416167
17476195885
744362950
129166732
1719872466
118215792
1474453673
13623206492
14762416
1272990870
447367279
68537212
80841102
3625882502
43647375
2049016411
1048241662
9192302645
34782921
7405637133
19546212
28674328
1981637129
2480289655
2757296838
14449327
987671500
94140464
17670569
171913108
28678111
11132448
28749795
2828045375
261449841
34705991
13192052914
93256529
176028590
3618908987
3976109000
68915196
566020303
147290174
166133355
4414303989
2078952143
2554808562
36304618
31305345
1465517621
322753180
7750153800
20697215
104007358
108266125
28327914
12022979279
868977574
141176590
972906595
741396207
225319497
236787214
7279395328
8358214272
11459018072
29317849
325109333
127728060
27297266
132213647
182506595
550221721
28969295
138053704
647697152
54296247
542940771
64649979
289428799
87697428
52770255
194965776
12176294507
4147514649
15682464630
29338354
68300450
196310749
78647181
1822761462
563442466
23246673
495343317
529394813
1803632657
83892702
34988314
26953094
6712300719
4334004111
85864680
65866144
32012177
6735183653
336312549
754202485
7224510284
8668361
38553484
2464590188
237665309
886585465
90244698
191931462
2983951613
266208147
27522611
419427798
259561890
1203116034
55384890
589306432
84270281
16975926
1028203756
596217416
228272802
2062816325
9617838611
158625563
57303509
6102978417
130148649
2833216576
2064544214
270100932
155486426
5875485
607769791
1304730238
58610284
619898820
176526425
13558612803
2025202386
12049134
959483231
398132915
267644047
261820421
93271294
8700625901
189334516
