3881
3921
4300
4342
3915
4607
4336
4592
4307
4384
4646
4640
4615
4860
4684
4930
4743
4433
4738
4950
5010
4554
5305
5065
5036
4775
5193
4866
4744
4959
5019
4833
4607
5272
5480
4528
4616
4887
5069
4756
5152
5090
5511
4955
5406
5082
4868
4942
5201
5857
4713
5710
5126
5058
5530
5673
5987
4960
5407
4572
6010
5005
5616
5263
6359
5675
5154
4951
4905
5242
5119
5896
4686
4649
5438
4903
6664
5005
5558
5218
4995
5671
4412
4715
4773
5256
5680
5078
6005
5549
5772
5055
6061
4777
6314
5327
5320
4829
5189
5137
4750
4084
5114
4904
4925
5264
6107
5318
5066
5003
5442
5591
5478
5064
4376
4215
5307
5137
4565
4862
5538
4660
5178
5003
5911
5740
5525
5459
5596
5320
5481
5207
6422
4746
5275
6858
5572
5696
5753
5554
5989
6597
5089
5829
5450
5135
6013
5029
5638
5439
5292
5281
4770
5387
5870
5719
4977
6504
4218
4980
5678
5253
4922
6279
5142
6983
4745
4997
6436
5007
4735
5428
5226
4757
6422
5781
5332
5377
6440
6511
6398
5394
7256
4936
5441
6143
6391
5305
6168
5404
5931
5066
5936
6506
4941
4769
5322
5356
5915
4992
4392
6343
5259
5396
4903
5165
5742
5403
4743
4245
5550
4665
5086
5042
5988
5972
5151
4820
5211
5769
4556
4581
6405
6111
5835
5223
6829
5309
6859
5902
5157
5388
4915
5841
5102
5189
6276
5396
4976
7070
5554
6057
5872
6796
5355
5021
5012
5579
5317
5587
5205
4908
5738
4944
5874
5231
6677
5379
6330
5311
4913
5342
4988
5375
5864
5274
6069
5815
5245
5574
6891
4940
5200
5198
5680
5786
5464
5790
5585
5293
5002
5402
4954
5370
5462
5971
5622
6255
5685
4825
5701
5319
5422
5174
4605
5875
5064
4934
5196
4574
5695
4909
4587
5187
6010
5480
4781
5233
5257
5595
5183
5073
5392
4735
5262
6301
6826
5055
5409
5916
5266
6124
5347
5420
4973
5448
4867
5352
5891
5581
5621
5426
5729
5194
5507
6209
4843
4649
5563
5114
6625
4984
6188
5572
5384
5001
4833
5999
6801
6081
4643
5543
6334
6387
7279
6937
6643
6934
5321
4835
5487
5045
5259
4856
4928
5417
6189
5689
5875
6985
5708
5822
5751
6543
6886
5983
5449
6746
6385
6043
6512
5109
5907
4257
6618
6295
7219
6537
6207
5699
6461
4809
4387
5046
7244
5387
5179
5810
5726
5236
5256
5336
5813
5521
5358
5985
6461
5285
5533
6497
5368
5349
6545
6349
5360
5902
5546
5444
6995
7278
5253
4686
5647
4900
5158
5557
5605
4859
4897
6001
5611
5881
5410
5014
5109
6744
5824
5600
5045
5233
6736
7375
6314
5753
6472
5589
6750
5317
4348
6927
5601
6668
5705
5663
6815
5864
7005
4988
5465
5447
4946
6583
5341
5601
5598
5763
5465
5706
5640
7375
5418
5546
5437
6516
5228
5419
5627
5451
5612
5450
5644
5184
7043
5265
5930
5365
5652
5858
5500
5801
5779
6726
5599
5490
5608
6224
6013
5738
6245
5407
