109750
111838
119236
115652
127169
136011
124160
122109
115005
115653
115900
113706
125623
122728
127844
116015
123060
135242
117751
142965
111799
121008
116475
131653
123336
136861
125125
139808
135082
126224
125309
134061
131768
122176
126591
140235
137087
129043
149001
143211
135087
134968
119488
124536
128296
142330
130824
133987
126402
134913
138823
126688
137327
142891
125337
132255
126350
130674
148797
124114
127680
119993
134739
142625
129448
130568
128659
127448
120511
149075
132520
140088
137441
140580
149645
134294
155100
144602
136506
124538
118263
149604
151002
127005
124821
127341
143638
135195
131463
124889
144990
120510
147077
119499
125361
147766
125326
116298
148828
127814
126645
147315
147742
116246
122237
126525
117143
131565
147227
143291
124324
142134
123836
132626
132608
121088
124739
147255
134691
128112
126697
135295
150519
119385
113308
149354
132600
129836
137898
132975
138495
137297
148096
152509
128283
119795
123178
134748
130507
133833
129824
131330
141185
140218
135120
148774
131618
141339
140534
122636
135688
144931
128672
148714
137669
154610
139229
126934
125508
149980
151256
145522
137948
154247
134034
142152
136583
151997
142332
151590
131450
131360
136855
141321
139314
126797
151400
136513
128568
157484
141023
152852
153024
139021
135534
147701
144219
131225
124735
144962
141742
138204
142723
136355
153877
162763
152382
128427
117970
152740
158777
143806
157257
139955
155920
132517
128269
124204
137609
150360
144219
160260
158921
155871
144409
133797
142396
152853
123292
162904
140218
130092
171349
138286
157614
137153
139852
118993
136717
134186
152199
154649
138668
132243
154702
131397
132682
114920
115307
152588
136009
125166
157083
125304
140274
143149
132397
159562
134741
144403
130175
123231
142040
156858
154872
119409
135783
133477
124619
145743
126051
147456
146279
142640
136251
129316
159305
136119
139818
119024
159030
117143
135150
116919
135313
156505
140980
127541
146479
134858
135233
138964
156051
141453
143983
147851
151319
143839
133053
136592
123672
148108
155435
156977
142212
154482
148947
152948
126960
159363
145894
154478
143331
153621
165981
127612
134257
166596
150563
138508
134279
138619
142466
149311
128854
156399
145572
154512
143198
131372
158963
146842
148056
149665
157465
169696
124110
138336
149568
140881
142258
137205
164639
140782
150746
132989
124663
142815
133822
140115
126289
132550
149787
164620
156307
152964
139494
172548
144749
141156
139454
135132
134769
142789
128717
148675
128539
135992
153072
152524
140982
158359
125609
151562
162820
134340
150736
136157
136410
131931
155248
139177
158435
152663
137467
149251
154143
138802
163638
117297
163620
148298
132905
136415
166683
165771
152735
151007
112255
147921
134555
140169
138651
129286
146521
156463
156605
148305
141397
142486
139955
152046
137686
127968
154369
143311
140720
143597
146762
149212
161060
174987
121467
141114
158367
136943
130354
136885
140773
151893
152327
123398
149522
118469
125850
148900
154890
157684
147229
131720
153918
112448
171417
142660
139322
142977
145088
149632
146884
138123
137077
138461
151828
118334
152679
122902
133128
150749
143872
126974
124803
127422
160020
131503
144022
145836
152294
140768
131555
156554
136607
119464
140959
145628
131116
153973
150075
148137
142796
166354
149378
161485
138558
157324
138261
134763
139559
124671
137807
148948
138544
150316
137524
146970
159116
152987
170820
157552
152613
140013
141885
149082
128051
121014
138430
135789
137594
146507
148120
152400
129855
153467
140623
124497
157747
136786
153371
147100
149776
173593
140888
163328
129375
124309
150358
130734
172065
150918
137928
141245
158614
140971
142266
161271
150105
139118
125042
130500
145122
145356
161061
128788
125908
136395
156070
156951
151697
124025
122140
141737
129392
143641
157524
146014
147282
119183
128217
149217
119189
145141
133153
137453
172758
132892
143226
157635
142022
135270
160282
161838
135220
138098
144833
133912
133275
162812
152018
122769
130897
130679
126045
145104
150499
143718
165617
124992
129664
155636
145187
151886
156451
128000
153091
161267
129535
150881
166387
152736
142746
161764
152340
126464
146493
157680
138074
135277
142500
156988
162276
124784
153071
150179
140195
141509
162638
129896
160402
138554
140385
156470
150366
157050
156819
154717
142502
117960
156875
132591
135917
161034
140846
136693
154038
133909
131706
124092
148393
137440
153666
156935
142866
116619
145714
146624
131202
165413
150892
157880
166878
147592
150895
162928
151406
140296
129579
141396
132571
147939
135986
125191
157027
143881
181489
162549
129207
165599
154872
142689
168242
148349
131990
137928
169932
147022
145470
157415
171796
129296
143221
151540
149176
133630
125735
143843
147448
125464
138099
146410
168837
136994
136027
121951
156959
168322
117789
148966
130286
156959
115779
147203
134284
140392
140110
154843
147950
150659
132009
145545
139732
153545
133678
135122
172586
121711
150643
144892
150378
165660
122447
131847
152133
134758
156781
148001
155221
167431
137356
160822
133384
143227
161456
144803
145280
180523
153457
151018
138618
127078
156124
132679
127289
134871
153971
167544
154498
142494
121765
139318
156429
152967
154430
167359
121105
135516
145966
164815
149496
157161
167509
151340
133303
164128
141626
158844
171846
147702
165538
161666
134428
150466
151371
144627
131436
153983
161615
116275
153077
157708
144613
153082
149578
137858
147873
126670
121394
159825
120411
133863
133391
129710
157271
134202
152081
143142
149887
142860
146611
129114
142581
159087
127536
181857
155820
162050
183002
164668
130854
164627
129957
191638
140152
136853
157318
129708
141352
141476
156734
125773
157140
168093
165342
184217
125973
138026
162709
146257
148005
125344
129444
129620
123552
156741
158874
139073
138894
161974
142566
141283
140651
159302
158412
150020
130079
139487
143381
132832
137675
148510
167251
144765
142667
152421
155376
131549
140306
141805
175018
135078
152437
129698
139912
172511
145829
138656
139337
160392
156039
164819
132631
142943
174959
139910
162759
172898
149622
150089
166708
151338
153144
121559
131025
154599
126282
135984
137939
140958
134035
133222
159137
156636
154270
137375
135830
151799
156178
132866
157978
140353
127939
153139
161102
122268
158141
151193
150505
138784
139770
149983
129445
131567
126293
141101
132766
155012
153108
160072
135473
148506
124469
129765
158271
153635
117044
126666
149361
152294
141823
135334
150143
131320
132677
128936
151718
134719
159551
177591
176320
124071
116888
168187
141003
150638
137116
137670
151198
149955
125695
153731
143260
153821
151841
144285
136225
136841
174663
159440
138723
167686
161150
132649
146792
156166
149971
162389
154317
165512
133561
152515
118851
132208
151018
141010
164371
147863
164887
159000
131663
165630
147761
149876
134437
157691
133336
145354
161954
131096
134277
130692
164815
141010
153311
130046
171152
146230
130971
147150
157141
144295
170677
137895
142449
159380
133185
147983
155391
152478
150115
127359
159857
181893
132474
156320
151954
160872
160505
177729
165787
152625
157681
174860
150481
167951
138764
149270
143098
138370
159448
121034
131533
140138
138721
141634
134732
153921
160561
134247
132949
132646
139712
147182
137707
157302
157138
145606
140515
131584
151224
134992
181885
118709
152921
139376
173192
158216
161267
125879
151976
136441
161932
160792
164668
128807
134163
131636
157379
154627
141210
131064
155035
122888
169842
129408
156072
161515
145738
130648
139525
135040
143877
140449
161333
158809
155250
161961
157254
153325
140826
150929
153020
150566
126601
131534
145142
177245
189460
145978
183962
145408
148425
136419
127859
164225
153493
156800
130083
128545
124295
164568
146582
165198
164889
146293
136992
132515
127698
142047
157727
165716
146933
133632
139380
154233
170167
132087
137658
154616
157217
146572
131087
140291
147105
160716
135096
145442
125760
134937
148092
151511
150458
151141
127258
149085
164089
121614
131957
145630
145640
138313
162744
145314
131353
136950
154402
156615
144931
143905
135275
142901
160608
147407
167952
151963
158790
132069
149267
157819
190015
117908
156053
173219
165592
178231
163434
141789
141004
151845
141642
148457
142552
141994
125841
174328
131401
131833
160076
140999
153636
158090
125902
140073
160206
150594
131131
128291
163375
153645
166601
138477
137396
136232
162952
150299
156602
140605
132769
142838
150902
127891
127630
132174
141963
134926
130474
154872
149528
130624
172355
147872
170237
158433
157331
139887
145209
147367
155459
149399
162614
151575
134268
146576
152076
157591
191382
133915
160950
149950
144487
129875
144753
133591
165839
138249
144812
149012
148217
157957
130111
155908
160349
131330
151844
133633
149334
154720
152400
154305
167303
156784
145458
159843
145456
135490
147209
162111
148418
148769
131808
117523
164037
156846
132879
147335
167040
164396
116677
130595
140837
127806
133397
158388
166199
160892
157163
156083
131663
151013
142722
136274
182880
141770
127525
162371
129938
170519
147312
155145
150866
144876
131744
138012
116753
151964
164811
133023
138958
137941
152462
150111
153236
159311
137523
146699
165469
147014
140744
137677
125040
121187
164092
132693
156681
127537
137954
143580
180020
154618
153102
168754
133053
139048
142208
147395
155086
132666
162229
130084
164686
157696
150820
143387
124675
119360
162149
155060
165337
157818
142764
145173
165568
129698
131605
150692
140552
144989
173170
158427
152109
138317
189025
161678
142060
168111
122947
176068
133281
156601
142352
167089
131000
129134
123441
152361
128212
158917
137024
181158
165834
142378
142193
144282
150313
152441
135865
130625
140174
151612
157965
137302
144113
166610
163732
173748
156962
151338
138052
146704
160976
163687
128665
155013
146044
141612
142747
130873
179619
139104
179292
152442
147258
149783
167011
125537
130294
138116
167082
124935
163519
156894
140248
146183
137490
136122
158955
150521
137273
129413
142534
157633
139261
130003
156221
139323
139998
123854
161968
150652
172710
129161
156923
160350
140887
149243
154818
139705
142888
150154
156152
141282
142016
120424
151670
166995
139355
144878
151712
141570
151717
144200
161856
166089
185962
144888
152241
147250
136582
134678
148721
158585
149864
170075
126356
138766
155002
144278
180295
165234
159648
141929
165823
134195
134341
147267
157436
156188
142279
164824
155730
151187
158039
145565
149069
163878
171025
155079
148997
155559
165890
156709
128813
153018
174410
144047
157325
145686
170708
128711
146509
181192
166461
148091
138175
156235
164497
135885
130396
127681
197950
157428
158020
134720
170221
155960
167942
141739
136885
143224
151493
151188
136504
151437
170689
145343
130613
148655
154369
173109
130189
146490
161953
166194
172242
198155
131839
151254
158396
134386
149910
146794
163616
160242
160095
158908
153624
136918
197194
150351
121155
153082
164069
129474
130681
143795
147307
132445
155381
150956
151183
148291
158073
160206
132757
148335
167206
156882
137490
160206
157790
151111
152400
137745
172490
165213
132523
132538
172839
145440
150989
146495
125893
149442
143106
161079
158868
151774
133216
151565
156311
161372
151498
137682
150888
126225
165512
140630
139588
142121
165919
170122
133835
163258
167762
158334
141557
170630
166949
143087
148845
130748
138491
150741
139008
134270
137836
130267
151597
167897
158692
161671
143536
152163
180324
145161
125893
132359
163134
147508
147737
140031
136147
140724
169734
154697
153377
144995
145694
130164
159966
165031
143034
169126
128403
146656
160280
136363
129876
146369
139048
153274
129546
132386
145667
152600
143071
163218
139734
139305
151517
148519
157968
157356
164817
160225
165420
160107
148695
149578
179259
145349
153607
150483
158669
152987
152889
179022
135310
151337
136959
132818
163695
165638
134604
163415
167782
157642
145944
157597
135940
179692
150965
152921
156937
165646
151462
136188
168739
157179
146632
158805
157173
164241
148705
150143
150955
131886
164507
129310
161234
135222
141816
162388
122641
147882
155858
161643
189500
126275
143474
172355
136097
127660
156197
163214
176801
136017
150882
123641
150202
144846
147463
167058
121817
174353
151960
149349
162993
142768
142437
162072
152461
128216
131607
165619
150856
184202
145084
159990
155099
176222
156782
129195
133651
129682
137915
144388
137322
136386
150070
127369
140654
152823
158852
157281
149123
148787
181346
160720
156731
147473
145864
144909
155217
134958
155309
139925
174396
185134
146076
151634
140566
121181
138791
175656
146026
144710
117836
125269
157164
134090
170250
133142
145949
154217
150872
142827
173361
158350
142694
136244
159731
164583
156630
145254
140390
134042
154976
138176
158186
157307
146432
159096
154732
182071
151456
132649
143674
163980
136548
144367
139223
160200
147467
144386
137495
139244
148081
166447
130200
160301
162474
132189
140553
139843
168843
135229
125679
166003
166045
137555
151015
154780
136726
161749
174090
125143
180088
148934
145837
159013
154227
160262
139630
189636
124075
149084
145118
158756
148732
120719
144826
129606
147855
147876
147928
140056
142798
145684
159708
162183
160531
153766
141012
163672
162814
149402
142395
132683
173344
150607
125488
131770
140843
139087
133352
146891
135536
149688
143683
148184
141189
179753
137457
151622
141515
170655
132750
140338
140955
134845
155201
150902
165376
135977
149691
157618
156437
125410
128897
171839
177290
124354
143362
159434
134667
160818
137527
134075
143272
168387
138951
149126
153693
158970
133040
154785
154954
145792
174664
128226
146151
157127
133048
135817
126762
138220
134671
162020
149229
162703
165022
141961
147815
140946
155601
180420
156077
163472
143335
149138
155328
159039
135321
171403
140677
144152
176648
149279
164912
143375
126405
159784
139703
137152
127835
145462
154544
142614
175928
144657
155516
148552
155871
143469
154400
159443
149040
164248
137388
144169
150455
162847
135066
149166
167820
190786
140488
147786
145796
147887
171908
162811
156188
140256
174956
122330
137232
138700
159764
157522
123358
156270
148732
148870
151241
152376
147125
191864
128274
157836
131007
171126
163468
140175
127923
145111
175018
155677
146560
160322
131934
149114
125558
154624
170663
175934
159801
174201
157551
159379
173120
152022
192780
141926
155245
180006
129732
173498
135869
141085
119909
155543
166291
131646
138166
147391
153409
130102
145738
147820
150603
159877
148341
142437
169050
137309
172507
144268
150070
129777
134535
148189
137460
177024
127067
148256
150124
157234
164480
119372
164919
177124
130931
159781
174774
141875
155839
168266
135244
144820
136022
139175
164038
132107
133061
161092
171438
174621
155177
158342
169153
162571
130847
136556
167523
122548
157930
158977
160843
149337
170869
164716
182146
140529
140817
130717
138092
155558
146431
176129
166143
136156
162117
144776
129580
119104
148883
160141
148819
150289
143035
153806
124168
150514
148576
174566
173849
137172
137573
137939
148605
144970
159387
155553
162125
131428
141740
154404
137474
138172
155269
171800
134009
168359
158657
170891
175140
143525
145676
130405
134176
148547
142970
145168
140920
141343
161407
152610
123802
179046
163357
166397
135153
135465
146727
161055
167289
133960
137462
132659
132902
176436
133338
117186
157171
170126
160870
145819
130508
170553
157805
154022
159486
161968
149666
181124
128877
180324
144834
172909
140745
168819
156811
147412
159033
129025
180546
127563
133449
154763
167876
140116
146559
148466
156316
163938
154742
132388
138883
157491
151937
157985
131704
168128
142591
152796
160132
163508
148584
184473
166699
136357
177128
133725
162903
154704
153505
143501
161621
142062
150458
152917
164340
155402
148350
157398
154235
149915
138952
145975
165195
158061
161144
165206
148822
160877
157694
147811
161323
143721
141489
140780
161283
159609
155928
132172
166379
185833
135859
157084
130940
170576
183585
150159
127910
170220
170375
141098
153792
134133
143040
142849
144437
145255
157431
156356
151769
139646
142895
139766
155597
138256
147588
144877
145567
141418
138897
169737
126080
164503
135380
146866
152036
155338
157376
138121
164673
187255
154346
169110
135046
140814
154521
150593
140230
130940
152249
141612
159937
135281
137441
174013
149339
166204
155688
141596
154474
143704
127923
152540
162428
139714
134531
177904
143840
164949
156574
150988
161283
122168
143824
158431
183268
157806
124192
159085
154237
136457
151978
151004
129960
143613
138547
162708
141914
185538
158962
137914
162191
142985
154489
156559
152496
152746
168495
159927
158610
154382
150727
160661
146673
176167
126035
150988
137817
141607
155249
137375
148344
144070
170482
148361
130596
140451
166111
143146
124773
174300
146651
143190
137326
141878
143756
155433
127722
159586
174820
185953
158124
133986
166464
153043
166345
164693
171541
135640
137496
139377
141431
150925
165706
191497
137944
157862
168428
161664
146980
146689
125078
165314
140737
132942
153835
157739
155469
136921
159926
145344
155343
145976
157658
179802
169637
162343
149077
142221
125102
160343
130612
149846
128983
170135
118562
140476
152258
149910
133315
163741
126841
131202
186885
163037
156327
135267
142469
157543
165373
168920
148483
148362
179593
151308
137729
149695
151308
155659
146374
169763
173026
152010
148891
145107
135516
122926
152437
140045
155133
156894
145785
155195
135889
142265
140603
144211
169834
131157
168798
142806
118105
159632
161868
183983
159851
166262
148242
126514
146123
167603
157034
135730
145184
123866
164562
144237
127515
154262
165794
172102
171593
141415
160081
155968
159816
140307
151833
153736
138476
153199
160389
150372
171834
168165
123648
146883
126257
137667
161192
134857
141418
164134
144810
159267
137027
142478
150680
142213
146196
137263
171624
151604
166751
176095
141129
164602
138299
168337
168795
136407
144363
136790
171931
146267
155207
142467
130414
173937
146810
140808
147901
156632
179704
128913
169277
156080
161959
155126
138545
125230
150031
157964
163257
155130
156114
140565
141006
136816
142281
167428
128350
161972
156359
153011
163563
132829
127322
161663
150268
141332
138235
153167
126691
167622
160633
145125
129895
181911
143933
171948
157869
157463
157710
141609
163209
124179
169825
151345
121591
141263
127750
175638
151465
151328
122662
165072
136119
139193
205873
122072
173799
132259
168517
143257
173293
150303
161510
162040
134923
167073
158542
186938
155748
150940
160603
151326
153403
126258
144342
158618
147233
154936
174998
155271
152886
181077
141236
172847
145078
145124
154010
153379
154311
163607
167402
154594
146923
131529
161798
125560
159024
156321
132042
133069
142459
177858
166226
175189
163339
146332
142547
186379
167864
137371
137047
139772
169923
165480
136985
149816
139714
163621
145204
148678
128189
130807
151192
162437
135969
163734
164906
143624
150674
153297
167081
165114
134850
156233
162595
133430
143193
169933
144474
165191
135708
159277
155352
144112
145133
131524
121157
140985
171637
168256
174831
135181
161730
136476
125454
143179
154862
160035
164590
163203
128805
135616
141706
142172
159436
173290
158895
142659
159235
140708
141471
162976
140259
164489
167431
167747
168390
133363
138204
155821
141910
142734
151536
169437
168825
165827
160235
145747
128439
145667
148750
143211
160520
177291
173658
138624
171231
136149
137732
146656
146013
163476
146612
141510
142185
130597
167557
169347
150079
136934
137763
157727
166975
133953
144512
172083
136892
135011
146626
141459
151338
145529
176755
156783
141857
143125
177647
162815
146947
172525
147976
138777
160500
150783
144661
137868
150935
125282
153806
134238
158583
143519
176724
162508
133855
163043
143806
136758
163098
141792
192549
146137
186747
138854
156846
157298
128860
143335
176629
127246
167932
147843
128137
162465
157323
141273
136705
142218
129778
167686
163265
138962
141620
129922
145304
143191
164000
201784
128499
181577
171234
170188
149478
150451
181662
168031
160890
142443
160404
130976
157560
167668
147918
168367
146109
114133
158896
156119
142515
150611
153351
145810
165650
138300
145021
133322
159352
161608
150006
133965
155936
131941
155749
118863
147675
185485
147989
145016
146214
162500
167469
129315
173951
160497
163411
150592
140192
198884
174474
158896
164736
169312
180011
152414
167805
139395
170490
161608
151667
132581
131505
138908
133697
164024
159930
127491
161879
153134
142747
155906
165217
139282
135795
163491
182740
127054
167762
186884
155642
130501
128191
132465
140679
157937
144132
187832
160299
138852
151343
172179
162623
147849
136897
176714
141094
127782
142548
145320
114885
159658
155246
175357
161796
159755
138619
133192
155759
149746
126276
145987
143679
142060
159501
146838
130338
141377
158832
161562
158837
176932
124736
148313
142447
173812
159751
164150
130436
166485
147196
172230
138373
127973
132525
190931
139413
130636
121364
147392
175361
167376
125246
182680
139006
129102
150126
145512
143784
180300
146749
143423
172102
144355
126533
180066
161077
149946
161300
153307
167404
146990
143723
142384
159598
139184
148595
143787
149531
173307
144137
135149
118476
174268
142662
165213
134048
157950
145846
132620
144511
158205
166335
146074
194563
151189
126199
152962
150679
149652
134622
152166
173946
175157
163683
143045
160645
180511
165539
165438
145082
151087
164983
181756
152669
134562
159216
147163
159932
162032
163963
164698
166479
144744
144840
153925
157288
164116
140599
155213
185295
148953
180103
161218
138899
149718
124794
165036
170125
163540
184549
139609
135228
153443
133673
169374
154344
175361
161717
120067
140088
142154
130543
148067
173481
150169
173886
148642
142780
151252
147343
179650
156481
154017
158207
140999
197119
151907
140367
163774
142299
150857
136233
129359
122382
140031
149255
168751
165938
189931
145259
145871
151182
178552
157956
137524
168639
150372
155603
166318
156094
132419
129715
144847
144529
135931
156609
173419
138810
175004
156906
137420
160028
147400
149946
155253
165208
144852
141952
145337
152725
152650
173435
175588
154723
148894
149873
152816
168051
135236
138231
156160
157262
120594
172330
125148
184663
145101
156634
150812
172781
168208
155280
133079
171407
137689
188711
135801
163783
145370
148449
185896
160391
148146
145240
174349
162461
174047
138769
170129
158914
149010
155498
138186
143841
168936
135356
154485
139459
149057
145256
161345
144452
178460
161763
157128
123299
140890
159464
138538
143289
167320
120498
175324
160093
170326
178903
131153
170251
166135
151567
148619
149477
181659
176474
152683
166627
136197
133365
175606
150466
140227
146080
135172
175794
136331
143097
170877
159851
136639
149885
166710
165636
174773
146759
136485
147520
135437
156210
175754
155818
170220
136825
136009
141637
165709
142331
132922
131568
149608
153971
161904
176869
191936
164048
133026
157680
154953
154614
148419
164794
139630
162866
146473
155535
129699
151873
167983
129716
168627
162357
154121
170540
134396
143380
161243
160193
155392
156913
163014
149134
144174
170248
144560
151397
154058
150196
207973
150015
147576
140730
132980
156294
164995
154249
184512
131190
135826
163181
166815
148852
174033
153549
168851
162078
137377
142790
130036
130545
186986
142753
172592
164273
145989
150936
166447
131322
166475
148687
127709
127868
180275
138892
130158
131743
141012
140969
153447
160173
144280
127431
155393
146519
138524
143895
138509
162570
162389
139423
171607
158925
166498
153301
152218
134040
154021
137247
132692
151613
153082
144308
141649
130004
155484
150758
149076
168152
154244
141409
165958
152281
149716
138693
171285
143551
154000
131277
184112
167493
165200
150967
147912
164554
138138
169327
139350
153019
144250
141547
155267
165980
139851
128251
130319
152625
157036
189213
146864
148513
136975
139197
154336
155751
152440
173585
172374
153044
134578
138995
148428
160612
162044
168451
154434
162301
154237
160379
178950
136075
164867
152640
147618
138332
147682
170558
183820
148077
166885
162404
142892
165746
144183
166670
171964
145860
169145
152915
134165
141443
155788
124770
175145
142783
149986
135607
162689
156956
161211
181485
141541
155926
137915
143334
134019
131508
143831
138931
131042
162400
166044
157483
151589
157516
172262
165251
127905
144266
183227
148535
170547
182665
183166
134742
148196
150335
157596
172139
132793
163441
157579
153462
166130
145187
168059
162199
172944
191369
134019
166327
132449
165641
184446
124885
151238
136152
149486
184657
170639
189018
184728
137331
133883
165965
135178
157678
158835
156589
152078
155658
131987
142240
186646
174669
157587
158636
142912
164425
136629
165008
153300
146687
148243
164722
138569
141687
179801
145059
135741
142224
142038
158203
143583
148303
162432
166647
156853
138694
138916
153239
150190
164546
176848
151409
164821
160125
175743
144745
162708
138300
157301
153880
128951
161230
159108
161329
176584
168919
144774
149084
169136
139161
177141
126934
148339
139133
145870
155661
148304
134149
166130
144655
161665
137788
173385
145369
145260
162747
166587
140454
173577
166078
139774
175100
146162
157951
151227
135149
143818
144015
147882
162628
190184
142596
145236
171518
135293
166337
137569
163225
143424
162064
148383
150481
191809
160307
141418
151161
172234
171579
137043
152025
147482
147489
183081
133901
132162
131638
168072
126863
155723
154130
154416
155858
169446
149052
193859
136191
147545
158467
152707
140313
139656
144194
144011
157051
163715
144577
158205
123138
151220
132099
162132
145603
169097
118110
149496
145366
158235
157621
163525
138232
152634
161974
155973
151188
158177
142642
126557
164249
137465
184061
144822
144713
128569
139271
165166
136653
143031
163402
176131
154467
163461
151275
156349
173901
146947
145546
153709
182116
150618
142272
130145
136126
155739
163740
164769
144723
135644
142672
173236
140467
148390
146400
157894
184402
153233
166540
138674
167872
174021
142472
140960
139465
147573
184021
157942
159129
174736
146338
127263
162157
179708
146651
139919
162823
153377
165606
169922
149357
144062
149664
144444
166090
153284
158887
132010
150806
135061
132839
154779
116866
160730
170995
165362
160556
161030
142098
148376
166893
154074
168848
143789
172610
160312
170832
166757
146149
140628
158627
148633
176871
131254
186199
175911
161350
169098
148569
172525
157696
144465
153865
133930
135146
148791
154316
139242
133445
146683
178415
159120
161669
166030
150056
138756
163050
130915
162285
120838
167870
173201
148045
138209
164595
154750
141170
147929
189992
157965
168234
144137
162477
143181
139818
163082
175057
160706
171572
151315
165617
177915
166150
180740
130962
147220
175439
135642
146273
143014
138834
164551
181232
167462
142107
161138
170966
137302
134176
151248
139327
146257
178986
121298
176924
149996
168490
153451
154055
150644
156138
127842
155572
161292
133222
159326
160485
146028
144875
174630
138172
158385
164748
161112
147537
152916
181248
148384
171280
170905
143574
135235
168453
158324
139192
143807
127177
131211
131189
140425
164156
138093
144158
187808
149370
130329
189594
154262
151624
161609
129352
176926
153863
152352
155873
163919
158920
163163
134888
163372
163463
142377
147692
153713
126123
135640
166976
159248
138600
151842
143930
167039
161885
134162
160219
155126
175938
170062
168224
152969
140832
151854
154981
179918
145888
159309
151007
135519
146789
145471
142765
177156
142880
162922
177856
173516
178188
161460
197340
164828
152335
163410
153343
141622
175969
154806
163136
156670
167603
170787
139397
151894
165363
163267
169981
136096
143089
156573
175901
149168
161657
177997
178509
147448
162603
137278
177609
144236
160285
140035
137294
163352
166589
143358
139789
164230
165380
173818
146172
166693
124740
160416
128366
137532
155191
153375
157205
172703
183489
164824
182593
157597
135417
154325
145561
154601
157831
168323
127343
130095
163532
135715
180974
150589
140234
162387
145699
171954
150821
152815
168147
133053
159193
168582
162133
127652
159661
146158
156195
155389
156358
169341
162535
133541
164129
152760
185135
187969
159351
147473
165401
151748
156995
137099
147518
163779
143777
136979
149836
167902
174532
165434
137639
163735
162705
148024
155878
171827
162464
146768
176974
157962
145458
160965
151581
180173
146519
139194
156220
147715
138709
145197
140871
154391
145691
165844
150237
145939
151525
153761
150516
170767
125334
159050
139590
152439
161751
153938
175247
173630
172501
147300
145044
166436
142489
152814
127406
144243
143231
159440
132633
186327
146492
192881
138759
134861
172524
135026
146754
129281
179209
166074
168378
159968
161975
159600
129965
147098
150838
137662
177056
170799
162200
153410
163359
163955
121227
164267
154961
157366
132171
141084
138841
175431
166360
147521
149172
186539
184842
145673
130959
165473
127723
169769
134363
158980
146650
155795
160212
167342
175858
149502
162838
146901
168424
155279
170059
166383
140339
144458
158874
143513
145160
160997
136583
162414
137563
129131
181258
182769
151920
144329
171140
152255
163771
164226
160026
158503
167967
152576
148110
140341
163848
165924
144906
140676
159234
150604
159084
135011
168555
144163
164030
146233
177306
171351
145880
160701
150861
151845
145644
169403
132492
136647
146816
184909
153229
165557
177123
162815
173121
145486
141829
153364
134637
136336
142748
150689
148709
137652
138619
172803
173979
137045
151805
149055
175958
153848
160814
147074
150773
132878
171726
119793
127576
149422
171616
138656
174545
132607
148938
143061
139966
136964
174260
143730
142269
180562
166200
159312
146446
150200
177604
158591
139450
187513
159914
136343
149964
148537
130986
157198
151146
155277
130905
195599
173341
143959
126236
155431
140735
162090
149540
157303
147403
165093
148052
165654
170911
135240
187856
139906
146012
139191
139027
167315
151755
157928
178392
139427
134852
170636
174415
135243
143577
150875
137375
165981
178747
132356
155076
182869
157115
142769
144972
158619
166225
165671
173019
133794
142739
149500
157785
149891
140679
168354
125124
135874
158530
137910
171277
145435
136486
170123
183376
144417
182650
164883
154590
168054
158629
149626
138357
170180
158192
136998
152787
154314
137428
141886
154484
147766
153351
135170
173393
170243
156005
137424
164596
133913
161385
142449
152421
149931
167628
161221
163435
149707
152113
130670
174679
161794
140691
127674
131174
155383
158978
192464
141527
148723
149740
160229
183985
162665
169990
158612
137701
155867
153282
155581
121223
170903
144471
181405
159237
153943
165722
144715
150617
138970
155740
183066
166651
155370
147516
166380
168956
170493
162481
139652
154318
127913
146670
160234
181847
147394
159058
135638
125931
140667
176037
182751
164107
173343
177113
155821
145154
156817
125806
187728
156007
133373
154185
123502
141684
135666
133832
138922
154807
167896
163990
166977
145251
140681
167282
123479
152007
143250
160425
154270
159634
139005
150433
150014
155567
148359
153899
143907
154860
139278
184149
176406
138745
134405
152212
156839
153798
149497
165593
156737
139369
167369
163367
152906
148060
143909
140865
141678
135964
150454
166641
167503
123891
165563
186820
126899
134594
155320
141325
142125
170856
171876
131605
158570
143293
156843
147493
184140
155240
149276
175037
142951
167614
176866
178849
134147
129014
171071
187297
180985
149752
161612
170914
154468
162001
163487
144637
164053
160300
128359
149665
175244
181965
125097
169443
167876
148311
147760
127790
150238
161927
172380
163469
136619
137149
128587
149136
152156
146566
166122
173585
163380
157129
157411
173943
159901
160636
145679
140876
155377
173358
162845
165421
162525
182836
151182
140505
167916
145968
176663
173237
155088
144098
166458
138740
159430
168865
129750
129102
147723
148928
174144
158919
127201
148203
175371
166781
149621
141564
149730
157467
144907
146921
170001
164502
149134
171065
150807
143772
130166
151878
148115
136342
157000
143538
158056
139008
165401
147321
157096
172397
146450
180609
189446
143244
130027
146218
203015
171016
171924
156631
142833
144857
148528
124123
189185
155200
164727
147477
146581
143650
140487
130299
143475
173959
178783
145613
152635
146459
165042
156274
184424
128578
148042
152202
164486
157451
190794
154347
167163
174621
136423
156810
156848
151484
147472
142674
151772
157380
166008
165368
165953
148620
172660
151965
142464
156300
120568
142693
150132
160036
143102
173174
155280
152623
128903
132553
159265
134149
184960
168467
159672
148343
139399
134996
153206
131062
161572
152546
156268
140038
150084
158220
173821
154981
143424
160618
142861
133927
135266
136214
145544
161881
147062
152728
147597
162051
165136
152770
163450
152524
169985
190796
162805
147270
159845
158960
173121
158390
155134
153200
187435
152154
158459
154704
148521
154569
157093
135713
147707
179684
147776
141042
139084
190196
134147
144970
132161
153264
150669
154645
147402
176121
157019
169121
166540
167327
172898
155333
173439
168806
164189
153372
120853
175615
150570
149792
158459
180528
154633
151016
156923
165130
154657
168017
148310
167580
179952
156376
141246
166978
159201
160417
136375
193203
157621
139442
143187
142941
157148
147140
168324
186334
149331
164257
153148
178057
187420
157169
168546
180085
150713
157198
161448
137791
170844
170539
152127
138154
166452
136103
176589
163796
156797
144352
145668
169878
137988
174151
155491
133007
150709
160229
137111
135714
181503
139670
170883
165717
166639
151591
136143
161114
176571
157320
129763
161375
161905
178418
124791
183533
137285
172253
188931
154634
145352
153048
139287
153463
135582
154310
142060
183041
158013
160646
150008
164048
154030
169211
149594
131005
177880
152319
140934
151079
137069
156469
134094
162812
136895
138005
128430
172134
153290
130556
168456
159703
172477
163723
148040
151801
133881
167445
137213
135755
135065
138018
170469
125789
160360
129818
169978
159689
139442
158530
141394
174629
168411
177209
153591
154278
197649
189104
158119
182390
170737
139107
165547
176166
142236
151051
163228
176451
159114
141354
168802
138372
161652
161729
158850
148703
164715
180007
140883
157247
140481
158425
141430
142568
159165
126105
142064
179157
155714
145573
151577
142260
159498
196691
185948
161098
129163
167503
133591
172279
152497
144978
134635
146276
141581
166487
150558
169048
179592
131124
155442
152105
155554
154784
145830
141338
176559
184481
157935
137251
150031
135289
148402
133593
165364
170031
146184
135564
174687
149652
172242
204499
144996
155084
184782
172500
146058
155381
171774
157516
146608
152253
129961
160111
134282
142949
148676
133145
144966
167025
174298
164933
150757
187266
139799
173700
144697
162911
152021
149184
166919
133006
153766
154808
147303
186030
155275
158358
138806
167430
149688
150946
159961
152011
155085
145050
163066
136188
148964
170191
154404
177005
141770
148793
152873
165595
133983
143165
175093
158643
136239
154598
147722
136730
164803
112686
128104
153728
146997
149836
150577
142231
181162
151670
155617
139508
132335
144587
176834
160689
139160
157497
142907
141341
148230
149997
143548
178154
177126
153709
141257
193329
162361
158340
160030
170311
142221
141945
151337
174073
138296
147568
154561
134621
162527
150765
171264
185011
173427
178656
149070
141363
139096
160757
154750
133065
156091
132685
141068
138314
134294
162785
152269
162814
145123
158168
161389
169565
147607
173039
178841
141042
137394
157031
144986
171952
135882
160223
142663
183437
160241
164844
188818
174502
162820
163155
158411
185177
155345
175066
155812
162239
135964
158528
138476
133628
153659
162715
139155
161375
156740
158291
179303
192472
172032
158020
147428
170071
191733
165222
169143
150158
150400
164863
137578
131338
166061
159008
138892
154256
148561
154899
182216
139363
167456
150174
165777
153569
144904
158431
174219
157889
148971
179666
125498
159531
137390
173808
185273
158566
146410
190874
173457
131589
185966
148267
149327
160231
147605
133718
158492
153302
158433
147400
163452
132512
135853
146215
166122
156629
143170
146571
144898
133894
142979
147418
172964
165681
158447
129976
177969
148947
147400
132639
160407
178309
144021
165027
158123
137052
155083
159002
157920
163461
153981
180196
164369
145734
157605
178433
133257
129068
141724
198836
170523
158983
156591
144626
171049
165730
145152
139322
156632
148972
164345
183787
124018
173337
156729
147971
149106
157608
152020
163208
152326
160365
165436
187386
203291
143127
164697
159351
184484
133652
142179
160280
136048
165397
166772
133818
161795
145884
178673
148105
143788
165786
137306
152540
133392
159565
148817
129988
158037
159768
134468
158887
160715
143470
177434
150250
153688
142603
167803
140430
165376
168784
160932
159817
132942
167428
139483
177145
138671
134697
157949
128823
147270
150524
189794
158091
149273
162902
169741
162168
169714
157054
115505
173045
165936
167765
146180
175193
164169
119850
155085
144132
133562
134206
149028
136618
145722
127784
154709
160873
184643
172085
130185
146636
165595
159897
142007
159392
161562
152130
160011
181025
125415
142126
172573
142753
147580
139403
174838
155836
163257
164332
152258
164663
167592
151787
158312
142400
161470
143880
134391
177814
173240
144561
154368
152049
163360
171002
169368
136520
174928
123959
139107
153415
161808
139955
174280
180954
128771
153221
136362
171998
149941
161950
140211
162397
144061
179523
153741
147738
153006
152935
157355
149223
159044
151343
155121
142213
135611
143476
164107
132965
141535
162058
125974
164113
165364
141408
175253
172890
165330
165247
164195
145475
166256
161781
176549
155999
168681
163071
188186
179780
153519
138156
167640
132794
157820
170185
141973
145715
176593
143963
142313
163538
138730
150129
159012
144661
141402
185205
146809
135253
181368
171694
147243
141590
145271
157044
140828
147308
136731
159541
149520
169785
170408
145567
176937
141244
143112
146459
156325
183239
179546
176364
166434
160587
142630
168723
149562
160787
165598
171788
149965
155091
130109
191978
153713
158639
160621
159139
165780
129780
140963
149525
144585
175662
163001
165874
193746
165695
176416
160156
136816
155630
164390
171908
162633
167203
141093
164361
132909
172270
169100
161479
160161
123840
159868
139252
114732
136779
174042
135499
181957
159974
152483
151138
157476
167330
147949
135577
183578
138738
142405
135886
143812
158362
139835
151811
158205
185453
133451
143687
145681
148275
178769
171290
167145
145204
187218
186690
141830
166270
165116
162125
142496
131840
154089
162841
138555
133527
157272
149728
168880
157019
140814
158837
143632
141516
134613
131808
151885
156757
174187
161564
159250
174194
136884
177082
160665
156762
126250
166800
126651
124461
172791
150449
170264
156982
124175
168180
146508
165004
178154
164835
172196
143946
160271
163384
140430
142065
171574
139772
165874
161202
150778
161955
171394
164375
177347
162149
152753
129824
198857
147848
150739
153419
183088
170599
142197
149392
153350
157441
180024
173731
143030
135974
161947
150269
156560
143983
192878
167913
139015
174027
179468
128614
142758
160023
162706
171926
163776
158593
126227
159518
158213
155082
147113
170777
139743
144424
147090
152129
165303
171395
128349
167000
145193
175343
133817
177117
179189
151991
140122
148175
144022
162092
155730
181673
154391
172214
134827
149233
138608
152348
162122
158142
164998
158947
186280
147619
176911
135976
173179
151266
144176
129958
150507
150324
174660
171660
144044
153155
145361
145997
154910
159682
156488
189131
147071
144784
137280
151395
134657
141897
171667
180490
176491
164604
146251
150529
173008
150913
137763
139437
138540
171795
177021
156428
177902
149349
170959
145307
161310
132765
153680
156384
155340
128943
182833
146344
138393
169195
158635
148210
162032
167201
154867
146114
146330
145131
153524
183624
134506
155736
151288
173918
155602
149426
162587
168272
189963
141685
168123
125538
180751
149312
164358
152007
153588
158863
142749
139890
143267
142372
121405
158540
138392
161771
162419
173832
137891
154070
194491
164567
141706
136406
185201
151745
151646
193976
166802
144772
152969
173527
175749
147887
182930
149849
172052
132612
126203
166394
182999
134609
145838
119487
171161
163867
140289
148998
162841
177432
147823
131121
145386
154304
136228
174621
158855
146547
137370
139234
185586
169583
166846
165996
156324
141631
161079
167653
144667
151447
166715
150111
133551
145497
189906
135271
140849
180037
151629
145410
152752
158293
150366
147177
132460
201578
185495
150148
173298
168741
169725
142574
140984
150996
156477
157182
168965
155745
138222
147864
165096
168368
157492
170728
150716
157112
134828
139773
164360
148224
148674
145547
160488
183445
183899
158264
149405
141456
173467
147295
164938
161925
163483
174968
173087
141047
166487
147546
180724
155970
148533
161669
142120
153339
179110
137838
157978
150190
145630
135928
135406
145716
167927
161522
147869
146852
149167
152039
148105
139849
161134
213138
163186
166926
147974
144129
152802
163123
162553
153819
160696
151020
127626
152122
134000
139932
175897
142761
138519
177737
177069
149568
150218
153273
147564
168884
173282
165510
196164
170213
134186
156529
165248
138435
134057
178137
159485
164535
149910
153039
133972
180098
148471
177517
144843
170417
182067
177987
137157
159286
142964
158321
156595
153496
147317
144081
154652
117023
148082
165886
159562
126892
162690
163807
178955
142326
113236
166563
156509
154571
155764
160336
145236
161500
152964
177256
143760
164781
172008
148967
162290
150121
161843
185028
148017
160637
151379
159561
165771
141159
147297
162043
140137
139287
133861
153631
165792
147026
165214
142855
127519
156413
153945
144714
137107
147813
168565
158128
163767
142849
172133
160719
143955
158881
151104
168595
162984
178326
140656
165087
144869
149956
116427
130162
137359
168509
136960
134442
165349
133291
139047
159817
163259
174874
136288
162931
193700
181640
181620
164306
155247
130423
151295
159659
153234
151828
180331
143762
151828
165698
145863
142400
146699
157081
166729
157719
179244
173713
171815
150509
165171
174039
149082
149742
159340
137277
144354
150740
155425
145226
160888
149730
138512
146211
137036
174825
143866
136781
173979
150821
136426
162071
141749
175390
153671
139311
146882
142726
176127
144498
155007
146550
146462
153352
145994
175580
161226
147044
157428
146037
173151
140012
164695
161021
194147
173526
159673
160691
141902
164945
184434
144919
143512
155821
158964
155456
128982
175052
139138
156978
154266
180515
185354
152766
149263
139952
162018
162895
186306
136990
157596
160376
149047
170317
150992
164866
144463
131532
145933
151149
160631
139833
127208
186655
144519
174405
176580
180502
160233
180459
145784
144692
130477
173832
186583
168528
179337
151684
154963
153561
147214
158173
184258
179573
179075
154878
156304
172391
182903
165559
161765
157879
133385
172413
158097
134010
156721
174475
169646
141329
160374
177292
147382
147981
151199
167404
131312
150861
166563
167938
154236
152764
144421
162332
131905
162397
172193
163785
165901
150938
147476
150880
163252
143756
176683
158695
144677
150096
164442
156330
147261
174343
155668
141702
176035
137627
141867
190020
138677
168736
176379
135213
140834
163205
152235
164081
179759
151954
177682
205516
160956
157799
140372
142791
141839
137479
148700
129261
148495
162038
144762
161758
194436
148381
168718
155433
160758
145405
127674
159658
131411
185293
145697
157143
157275
132137
159023
155910
170906
163292
166307
158230
148888
141440
147196
164446
192181
139419
166202
164726
138775
165815
156482
152791
167515
140957
145086
170829
151435
157907
158750
161442
167734
144340
142340
143134
145846
157353
158390
147578
185249
139731
147306
157257
132648
169102
155477
185067
125959
143519
177808
145427
122014
187815
173815
165069
166445
156451
169079
159547
130631
143213
144390
163797
177455
124930
121978
161708
136426
179102
132462
161851
150144
156802
181293
158143
172217
163038
171763
158611
170006
166537
144426
151423
167765
155137
147463
170100
137689
137993
156701
165451
161223
167543
163590
171909
159683
182437
153861
155223
161558
149212
141998
184264
150401
160832
166318
156349
147948
165786
196410
166888
148502
174815
163080
155243
166129
133811
173070
135021
136407
153667
159319
146948
168617
183541
150092
164747
164688
139852
152431
158251
158737
143801
167901
168820
167734
151010
158344
138158
127483
175406
130530
175113
148463
167549
151014
149264
158907
150432
154435
148897
144625
163597
162644
178845
151928
165088
159922
141135
134784
164064
148058
152934
176104
146385
163760
148696
148564
172351
157310
151676
164363
170699
153707
156495
169801
153639
150531
169878
158996
127492
140421
162310
145974
146364
162166
148476
152693
168331
149380
132373
162324
127018
158702
141043
150443
179271
173777
183579
185904
161300
161219
175167
149543
137511
148898
130175
152593
153799
141373
186897
132581
176402
139466
162097
154499
168006
133649
113968
151785
135469
146596
157067
150255
167107
175841
174774
179925
181759
167011
147200
131999
157768
145522
173237
171659
147357
139528
147851
155654
148831
142959
138025
134576
167458
155958
165130
127662
168842
154668
170432
170629
151589
154992
178488
130876
153739
168508
159571
148090
134449
169074
170658
142830
175743
135478
136720
172547
139858
143932
179976
148450
164207
163871
182102
150338
159618
150123
153593
141081
130744
179135
162021
164126
160517
145598
141517
183455
143390
134790
149860
165697
175032
185112
178463
158828
138826
147745
132654
165800
141068
158744
136465
160224
135661
147532
132546
183420
161970
171138
164990
130261
147290
154143
144704
164054
173251
159940
130098
138380
150968
144110
146538
139367
168510
148756
146640
125836
142006
156638
144497
177184
135728
161127
162358
174213
140937
168737
179687
160792
130427
134767
165065
151486
138509
139255
148947
165942
132518
132511
154351
148627
154412
181520
149390
165230
158757
152347
154538
161973
189190
167574
136475
187977
141053
160093
139235
169297
126136
153305
154121
155125
184705
151514
141187
144534
136745
159262
187031
182448
150660
137086
164432
173527
169484
144093
138522
159061
146634
160633
169581
144443
164866
166683
172486
177663
174071
168300
167327
121258
136456
162962
190541
165854
173203
175372
135987
143717
165442
156690
147252
162795
146257
170110
134752
153427
160455
159243
152321
171418
184269
149600
158197
187622
159362
165603
154731
155374
153262
153320
154372
187989
194037
139666
159896
148860
163179
154733
153707
133042
155973
171878
157669
165657
146417
171577
182567
148445
152602
148632
155758
150708
152739
138754
169162
148029
126776
157450
154516
134031
159248
165868
135273
185855
156047
175949
133682
151166
163751
173242
136645
157879
136491
138382
169313
173788
156293
155719
181820
163798
135583
157690
126222
159530
140882
132382
166268
161049
155467
165526
145025
175529
141601
154167
157830
131956
138134
161962
166265
131033
157006
148136
158332
144918
142618
149687
145097
135497
176791
146817
146500
144363
129058
132976
155719
178279
157786
171699
139777
152680
177584
158729
140992
156159
170928
194368
141861
130817
168562
167547
140920
150054
151608
140504
148752
139802
168487
181316
147586
146122
168459
147977
133585
166940
167733
166983
156286
168341
134997
149135
163819
154674
151208
182776
169482
132471
179402
180454
183532
169790
137751
138885
134837
144014
133598
166122
175533
154436
147924
139267
142093
122356
140970
172029
196471
151050
157493
135625
155310
179721
160718
157230
146925
148893
153906
144027
149276
179333
169953
172702
134476
157073
159364
134197
157051
161723
164968
123405
175550
163065
165801
134847
179295
158918
152312
155828
134687
160561
166233
194600
160269
144741
133405
149171
135759
161250
163011
144491
157099
145324
156088
146366
137352
134376
154102
191772
182801
162305
172663
166974
176393
156992
171777
156796
143419
152680
152711
172597
147038
166519
180995
147760
127679
146653
154618
134656
131220
201945
148118
175087
149076
165046
150230
130415
182325
158112
185943
157222
178633
160696
147341
158927
158244
181790
145540
198719
130635
181810
141386
141418
134230
160372
171419
164125
119100
181827
172759
147854
176570
151311
156411
136795
165843
157912
143823
170871
194755
181959
154361
155986
153350
142051
172008
151509
152348
141984
188039
139679
137942
155610
182018
157874
166180
147056
167830
153869
131628
153962
153987
170343
168406
168172
159391
168371
187944
147036
156451
181167
150386
145575
150486
162260
176364
195087
149178
141701
171677
170477
165576
164409
177629
190308
138538
135607
145893
140624
140989
139149
150887
184506
154704
157098
160337
187158
125419
179827
170971
169804
175015
150146
149101
158836
139735
159536
117458
145132
139400
149782
127935
187985
185925
173138
120116
159755
159039
143196
174389
159146
144930
160918
215352
175968
160747
181704
163534
127780
156435
167154
150618
142805
132934
140618
167389
166642
143265
164987
164613
162560
147073
160690
148420
151160
143506
171884
152119
169847
148089
156661
156459
158546
175978
147044
135302
165850
157814
154768
140175
148563
172774
157555
167006
164462
178089
146558
151226
157436
129832
160875
168714
169231
146697
171062
180837
168083
150825
166903
133602
169552
146921
170699
153955
196693
121235
157651
189330
155276
175161
167477
160325
175071
146299
154393
143116
197781
148701
161541
151981
168483
167869
149791
191833
150715
128458
131000
175959
119609
153873
159722
123473
157953
148011
135326
154762
159017
165871
181339
167321
160468
187880
166858
138298
175621
126572
155509
142202
140229
131173
161633
152745
172762
189342
171862
145096
160136
148493
152147
167914
192482
162843
140860
176667
136710
187791
128003
158131
180596
148956
156085
141134
140739
138206
143369
166112
142566
186607
141185
183094
167609
163797
152756
193723
173190
153631
153135
151419
145531
138065
182172
143225
141633
160691
147202
136182
167977
160631
158112
148630
187056
145725
154436
172090
163303
156747
129181
154356
158418
145861
153773
139737
153407
125043
133389
163036
191049
136796
174626
161557
154920
154603
174683
159391
150881
154128
145869
161056
196801
156425
149888
153679
168385
155742
157372
184131
126511
135003
151001
173630
142579
150378
172345
147373
178830
161637
181544
153750
157191
151266
174530
158802
193540
159980
169792
136992
152725
166063
155360
206509
188107
151659
182312
164145
173298
154983
186685
169177
166054
180539
140090
134548
138620
138587
185651
158217
181521
151934
163418
151523
148284
157891
159027
188668
170766
127860
164380
168171
134297
164236
161377
151407
155029
132833
148595
159405
188470
164554
152805
153797
148254
159191
130296
167811
149898
168908
165074
164655
154156
190318
133171
142122
150786
138194
170944
154092
141460
133771
170180
160205
133385
144224
177757
176842
138873
165465
183835
155828
148234
166654
152313
157926
134900
179422
148210
153627
161852
143483
166064
148698
139143
154915
149990
144213
160555
164829
152324
148018
146418
192132
155682
164405
164863
155841
163466
168042
155236
155312
147060
170621
182789
169495
160681
149242
180953
155646
181931
143358
167677
141555
183051
139888
141032
190014
156919
141832
170894
155361
166108
165879
151187
148841
149608
179361
156208
182215
168755
173210
203726
158585
152163
152921
149686
149654
160956
135875
144034
162976
147132
142887
143051
173061
134349
152604
149047
144288
149968
165797
150190
156172
174651
157606
142091
162601
159864
159718
143682
158161
118018
161933
182620
169289
139221
161242
167880
159181
159426
186576
143319
162348
173475
151226
144451
134372
173959
131808
157536
140821
161412
170334
168804
152541
142418
169028
147644
165300
139226
139869
152596
162486
162301
168014
129270
148258
175123
151781
156606
169307
165731
143575
177917
147899
145992
181372
162797
161029
174571
140189
153296
175736
154857
147485
172352
163432
159700
164389
149827
131468
158862
155780
144604
139249
162623
155380
140118
150512
133085
140161
162397
156519
171477
168398
139431
142088
155814
131295
170171
149961
147790
157324
134851
155119
171537
178296
170522
151708
168928
153210
137607
149661
153596
163052
130745
149912
177920
148929
157267
164555
153493
124993
150128
168498
147450
139764
165310
146112
170798
169161
152974
138722
133752
177400
174305
151466
152235
152671
166797
142360
142189
165176
147788
162569
159364
163083
146376
145820
163811
150220
173032
139717
183678
171226
139842
165828
163546
152145
161945
162467
160011
141300
167371
141956
154901
144462
169504
139168
160586
170204
146606
155474
144065
164957
146523
179825
169889
168480
170993
159470
131768
150035
142983
155288
147633
150259
156757
133961
151152
176394
185956
141166
150543
159973
142190
151837
142780
177023
153462
171092
156976
149392
151534
170479
127669
132650
167590
168801
170068
157106
177151
168456
167174
140709
127376
169285
169744
178210
157235
138655
172591
169684
144820
153614
139379
154571
144989
154571
134623
170457
175843
161003
165163
169031
159101
143003
134394
146382
163316
165168
158987
170610
179613
173513
152114
144002
146825
160373
168212
141359
140816
127709
171514
154094
155436
176145
145003
155192
175210
178624
169497
159748
140347
152717
185999
153663
182206
145596
140545
147236
128982
169072
141381
137964
165609
142962
155673
159079
161532
169223
145805
149457
148627
146719
147200
135125
159036
151840
133012
141262
126365
170156
152208
157508
181529
166686
161485
190287
177594
169194
168590
172479
156537
148872
157137
169584
123300
154544
126548
164705
154561
158747
140547
156713
182130
168283
163694
176047
144867
152901
144425
189039
151838
161943
171985
130215
139607
130857
153600
135149
172669
184816
171303
154153
153647
141674
165349
133693
156181
125463
174312
158955
173067
175792
159846
146423
191162
159790
155639
142418
160661
138027
176305
125307
131744
154065
137032
180794
171687
165529
159551
147640
159406
189852
140226
156649
172696
152101
154900
140113
163789
141381
188675
156824
142650
154124
138374
166109
147491
146032
168914
147981
134923
136736
163278
166070
150021
133968
170667
136905
140084
168774
148267
145575
157068
167692
149956
153113
152443
136283
129038
153066
160723
182568
145453
158889
156317
147827
153888
175038
143259
159572
165955
179793
137912
145162
141508
155525
135447
164529
149431
160160
151179
161657
153022
154697
151873
171369
163293
145926
126551
151603
149624
167113
150605
147566
158296
165273
148246
150855
142334
149271
148340
137641
136295
187876
161336
152642
140285
141379
149657
136305
163560
167521
180444
147333
131434
159126
173308
138104
147925
164279
167365
164162
164919
175494
137909
145425
160899
168011
188280
150599
150449
142441
166850
145727
165213
143986
175183
171647
152651
138945
174948
154231
167748
183129
150401
148747
161487
155912
142075
143764
177373
170638
159249
138868
211003
167815
163555
130683
161564
188773
161610
135408
171252
148887
160203
160371
167887
183193
134783
139640
159980
160488
155707
167679
158849
176951
139492
156096
137331
156614
159186
158945
153754
169740
167755
172517
165321
143642
155419
159961
160533
194185
131580
169977
165168
137536
162496
151390
166304
151317
157951
183047
161027
167515
152893
178886
171673
177245
177820
148092
172171
135051
157746
141511
160625
167625
164272
146949
210638
146880
172002
156738
183310
167431
156222
129850
141779
151549
172621
173340
166467
184082
137311
153316
156377
137508
155383
172246
146557
150941
172574
177196
162098
153225
147794
158044
152115
160994
148561
142889
147814
198159
172933
159108
163653
167727
154132
156437
139488
156661
152449
181618
166532
148670
150169
155512
140027
147850
134873
164579
167953
158380
176792
150667
166643
145786
161125
176610
176729
157024
187392
153705
156503
152718
167373
149755
170478
171293
160765
141407
143624
164247
158284
133577
167181
163205
155908
148457
169641
170396
150621
150921
169783
117005
157477
152188
147004
156372
149353
179585
159644
162229
161909
180023
138820
149729
156867
146552
164495
151275
142834
123797
155668
144969
142466
152237
199964
161822
174588
152871
186722
145013
149396
148010
151125
192042
151254
160489
177176
146117
186702
140381
161750
149344
184046
195348
140915
136925
141593
144485
165600
158545
122973
169185
149270
165871
149050
155984
151039
163688
151335
135395
164384
172866
164013
179538
172582
162389
159523
163271
157805
164888
161880
168047
185387
159001
169104
151630
146262
138935
136408
155339
179377
166503
171036
183443
132953
207614
151987
168084
164157
158106
155692
171225
169048
164352
174398
165493
173040
158967
156450
151666
138622
164415
149261
146226
160988
166096
164428
169296
174995
175735
166200
152584
176178
157729
153611
158845
173377
162129
144364
169871
174420
151865
164903
151518
158586
179734
181647
134260
188212
141212
192738
170900
150701
181418
181752
155213
138120
154699
168364
155042
142575
175228
180132
180693
155399
163396
156390
171026
178339
149730
151753
151934
181224
134567
180962
145855
188751
160453
118407
123191
160447
170618
137275
182150
145362
162299
141625
162397
146250
159557
146481
153114
139795
155359
156369
155436
141848
138533
174056
170751
137592
141967
171896
136793
183845
153262
166921
146126
157727
148440
195082
138745
161461
172080
169290
183903
168541
156155
158127
151423
175301
149555
154427
141410
169696
138291
142910
184095
176656
136955
138756
158553
131900
156519
159573
182795
158936
172662
139095
149176
128548
164270
143822
149081
141892
181290
168008
139568
177168
163280
138261
167910
139347
144682
151603
174498
165776
154607
138451
181474
156273
157441
141989
143444
138737
184412
125984
133960
162402
153801
166680
150006
171104
177631
193576
169729
145935
152871
180732
139490
159257
160312
142076
156177
172878
171252
183296
180201
147353
149640
143753
165388
129014
145803
180501
165843
132520
182263
157448
162818
145722
155362
164556
163634
166404
134514
172887
149659
171770
158214
184468
168922
160890
146304
147870
177474
166123
184093
183035
145850
162491
177157
168922
164322
157245
136299
182629
159992
151744
134705
137281
149626
117643
165952
147120
184039
149613
160659
168865
147333
144221
188775
162680
177402
144303
189528
157203
139525
152477
148499
134156
179742
171716
146254
148221
145002
178238
169248
132319
118930
154128
188453
167003
170603
161409
145298
145605
187823
177877
149960
162313
161274
150133
128959
142797
139862
157991
137131
164732
142252
180886
180492
160858
164744
143747
190949
172669
148371
160880
157038
187665
144895
151523
135990
185204
147403
122921
167671
132382
149791
170536
152463
173113
141538
162405
184464
174004
182276
177726
166022
141950
167364
175749
167452
147746
135220
149991
177202
169273
184886
156333
158608
157076
176527
148625
174807
162355
182125
151611
155172
148547
142910
159482
133445
131747
142696
166181
135145
155481
157838
167794
149245
151298
180386
183881
156047
163819
129272
159761
154072
140041
169875
151037
145069
153955
155163
170691
164899
147640
168752
167566
137936
156758
161302
137417
155039
157074
156544
193932
174280
186464
170312
187841
146501
160074
149208
143952
158315
138316
140636
182472
158579
161497
182768
189301
152730
165172
131969
185436
142920
170518
182254
146974
155041
162006
155652
146578
134380
141694
146002
166769
168862
158215
156591
158252
165446
164110
157731
152777
177555
139331
177688
137070
153045
144453
180621
162263
139363
130672
171147
138000
178489
126079
167352
147696
135246
170429
148088
151198
164815
164978
145466
164224
136493
171640
123386
160322
188091
179601
164458
162923
135936
177262
160579
197446
159240
191661
156805
162604
144705
163020
147214
156892
170923
187142
191703
177276
174246
145078
178263
168050
135456
176748
179528
142298
180128
148122
136232
150539
147996
145685
161228
163304
174042
142419
175996
151817
146762
163850
177457
143283
151395
121812
135523
184792
177543
139152
158947
158515
125416
129842
166035
147582
189991
146954
122061
141334
158410
146011
196029
158524
142598
151857
150629
143840
176790
161399
147396
160724
144013
152164
154035
209643
151754
159310
170037
144306
129221
162451
128659
155501
157126
181004
156782
165549
135778
157573
153275
152416
191171
126177
168373
129105
181260
138135
156802
153728
158739
167699
161396
162963
173532
165624
156492
152242
143517
165065
154108
169963
146303
163827
124624
162649
140006
117308
204178
140761
165527
143381
168924
159390
135097
147165
160837
150306
189320
156344
156482
158137
154789
156465
168080
171457
119246
133720
153330
150010
160981
146925
160720
182228
163554
141625
135169
141247
150117
165236
193173
152461
181577
133382
172336
165345
149969
131841
143487
171043
162429
166490
158475
178296
164192
138308
153173
156341
139642
177684
159333
167019
142193
168710
143290
150866
176250
166409
164816
157808
162957
163181
153075
159567
173991
157620
162689
190456
169725
173469
148014
145588
169190
155536
153138
141376
158548
146380
127712
157614
178000
134632
146664
150213
153215
148389
152305
158074
152935
185183
142272
164269
189447
163507
153874
172713
167192
168086
154885
160101
170184
168841
145649
182495
154083
139832
150751
177393
172806
178626
158991
176434
132998
151818
171801
189118
170661
165751
172067
165487
174405
176938
128010
190253
142446
169188
165679
176496
152361
164674
141368
147441
162455
147368
165946
141184
159712
159341
145326
175633
150225
158296
135068
141099
165427
151691
141044
159581
156186
171004
151537
171118
144495
163196
170745
144229
159473
169906
151294
188927
179653
201868
160497
154218
151213
150025
145970
166567
131990
159046
158329
136649
166951
170945
133960
162044
166195
147004
144364
183994
160887
138171
146409
135099
131259
173662
130321
165398
153600
146802
202466
148574
156533
125633
161879
150400
155643
159868
158685
177741
156032
170466
167228
157484
142405
141390
139154
173595
159075
159688
178013
162369
159089
124410
159273
158448
181825
151263
152384
174999
168841
155819
165557
165779
169831
158518
148586
157303
177992
158811
168363
156328
140914
152300
166394
150279
142865
162062
148992
168343
188768
151037
173262
186837
176269
141998
148612
148888
164154
150003
179731
151366
143142
147703
166442
168769
171239
160884
180191
179232
145795
145161
146704
169132
156893
192910
171211
187474
156037
169083
169979
133391
151228
132413
170039
140572
159666
141605
143861
171336
145707
119986
173534
159718
152855
160561
163552
148708
137183
177908
142259
171974
165876
169834
151378
161612
190689
147218
165516
136348
170679
143663
140795
155908
143207
138591
189175
156338
166599
173767
165396
169372
178867
181628
160573
163279
164178
157417
184977
149975
148510
160485
143890
148488
175045
155155
165649
163744
170020
161605
174877
165175
159134
191572
158439
185851
167957
172191
157248
169178
164497
193536
178112
165949
169895
173827
184004
181119
164401
150255
168546
157378
192826
178349
170557
180519
162528
184359
168004
142845
186095
166556
167092
165941
135431
187636
154142
171133
154433
141200
158377
165956
186635
137985
158460
151988
158098
128756
141870
192925
156732
159565
197893
162541
165046
162937
159462
179684
152657
151215
155362
126584
131974
163299
143835
157520
165630
195930
166105
139804
149151
163689
165252
175345
179147
163021
153162
167397
140158
166159
145660
173853
157791
161468
157739
145443
141291
156592
153415
179271
137162
163394
138984
151477
152324
132532
137640
177088
188736
172259
180056
137642
144456
121491
171521
160428
172847
138655
159027
150345
171976
165782
187659
165513
124271
146995
153551
163341
161417
167875
137380
170380
148475
149044
136211
149808
147506
159360
139762
142192
140704
193353
139410
146312
146636
180242
164025
152268
176753
156656
160871
157590
167515
152986
153382
158330
181598
168802
174193
168440
158559
153663
144329
145444
148077
155721
143825
143556
162193
153389
178061
150115
153730
164900
129886
178328
184322
147906
164640
146709
173766
175219
178450
134536
169514
160110
154727
177666
152390
174729
161570
135519
141862
182121
161369
189740
173540
167066
164872
173979
158895
169349
147284
140433
148517
168583
136815
173002
160313
146247
152325
136934
166011
152394
150196
148167
130892
150574
178666
186044
168433
147342
174741
171843
144923
151159
152862
168276
156727
128582
166152
169771
151174
176287
156069
187060
175430
159240
164899
142755
171486
156261
172400
128910
172522
160758
171733
161211
168076
139809
146817
156805
150130
168485
169114
145524
151794
131576
139837
186504
182413
153908
147886
172158
163301
160616
146440
158776
138687
134988
171515
134412
137336
176303
149365
153485
145952
140832
163910
146317
158735
147869
158418
149139
178152
176838
160807
138025
183017
170639
152112
149206
152698
176606
147251
135259
162602
127066
157953
132238
140779
155642
144388
126023
154700
145693
153647
141498
173043
149623
151153
146775
153337
152987
135752
154140
135894
152681
171184
182237
145457
158529
155751
132392
142896
161862
139469
130020
146068
168294
172878
153292
189796
196260
132133
146543
171589
133721
155389
143097
146823
160600
169927
173824
131611
148734
166856
137610
163054
162635
187911
136459
170279
151503
157809
155028
178984
151513
150299
142232
160080
160917
159942
168444
148964
145801
164025
192012
131345
148006
170092
156236
171506
155510
162908
155782
181558
159359
143692
141081
136640
175311
165569
170959
146876
167987
152361
168709
121736
154844
170510
169139
145371
170176
158741
139520
154290
192367
171366
166919
175920
163773
155108
153879
138047
163769
150980
152325
141290
159513
163450
168296
155464
158715
189046
175698
134218
177956
179013
171338
150812
168991
152034
140293
137645
166690
179100
157338
173161
161138
183412
140334
164025
150705
157883
156871
177073
151241
145847
169742
171396
138303
152252
186880
158050
154000
145809
175843
150598
152194
141643
191995
148439
178770
142890
153868
177681
145027
151709
162140
148184
133862
150908
141286
174848
157714
179286
154834
149476
156638
153518
126868
177981
142860
182222
179254
152800
198793
158330
174564
143809
193007
122650
151950
212802
173810
184141
179148
141221
170616
166125
142034
165210
145062
170592
185141
163811
181674
146482
145901
153149
171418
161798
151401
145760
160438
167053
160920
158446
192279
142763
185596
155834
171238
143230
158142
164756
139051
172235
145155
194297
157143
114785
159450
180491
152619
158829
164502
137243
153104
165271
170550
133261
184364
172756
146773
130402
158631
177365
138519
155749
176039
165671
162619
143845
131064
140338
176573
153352
164452
126714
149039
172643
177777
168359
170787
156698
163929
158337
150491
150624
170868
124260
161197
194277
140001
141827
162675
152410
136995
152721
128112
149785
152609
182375
162473
163769
166965
183701
163939
138738
141329
148974
132525
161536
151637
186732
185767
140404
156437
178244
170855
147479
180726
186365
153134
166702
171644
175127
173641
137880
188400
154224
146936
152972
152277
183294
147936
157901
178762
181807
180936
124896
180160
140383
134151
156276
166083
142505
153516
151063
168793
143290
150078
140584
157895
147569
151095
186908
163559
157697
159031
158742
176432
150770
141735
163664
204207
129809
144077
133197
181772
169583
147663
170971
161032
145451
166101
142477
153490
165721
156293
181353
154000
141850
166093
168418
127411
182507
188229
155909
170936
152426
157394
164219
174132
174730
160402
141139
135558
170416
157335
154803
167509
163258
148856
147151
167537
125669
157935
170744
135905
162903
168792
194006
189819
154663
143058
165212
164232
150774
134655
166566
134019
137629
173132
143637
165281
134909
155057
171882
147499
142888
161781
133508
146249
122165
145400
164612
145587
160776
144027
139621
170551
171118
188311
143998
163811
139044
188580
157979
152873
174732
118294
158740
146601
148500
138804
151631
161789
145063
163664
164088
152627
172276
151702
143646
167221
131765
132458
147241
166714
160102
179776
140983
191154
140197
136670
151278
162884
169382
170467
154094
169880
194772
182296
174762
151828
151111
136172
152169
178142
163304
172366
151386
148582
172032
165840
165280
172717
158502
131977
156438
141442
127674
160322
126188
185124
179796
161739
137323
135521
155169
133884
157058
171667
179402
131464
152310
132823
137280
155450
134953
167630
154439
206675
179693
153874
155361
167516
173467
144256
187062
155901
190310
139809
153381
178521
173174
190000
157867
154540
146993
154489
179889
167870
145396
146407
147026
161011
155680
155090
173665
161339
166121
129312
161585
147707
153549
172024
153539
166864
145159
181678
197280
192735
162136
142453
158661
196824
153761
143271
180424
176711
144115
154797
155581
160094
141299
156877
167492
143525
215352
152920
164290
161468
127911
176875
153622
147402
163952
189596
159151
162237
125204
175799
161976
148768
157921
152505
158431
179909
160602
188281
192924
168529
175271
163052
135192
147583
188979
177149
137941
153960
173579
153132
142319
161939
153155
163911
177716
153129
158602
154697
159324
170507
160548
205866
175362
171417
163336
172683
118477
160882
185599
144179
171545
139187
170374
134719
149887
161749
144293
147619
162841
145095
152298
143751
170886
127650
178276
138375
136963
152575
155003
158399
170009
171934
166703
131594
154649
160961
162179
169714
176295
186434
164791
176112
136873
158203
158414
156261
162233
157249
143951
151415
133203
158883
162881
169991
143854
143290
158872
165306
167782
166136
140862
177766
155579
174706
153324
146592
161418
142969
167544
143842
156651
164540
180725
141307
163268
190928
144001
165882
161280
147965
171192
164810
157807
152683
140749
142719
182751
158753
144579
178492
129719
160398
162296
135143
153194
134458
153294
164817
166815
165093
165585
165353
158450
143066
136500
143520
162687
176025
135583
175885
149644
160150
151198
140335
149790
142619
160749
143253
135407
187800
148544
153767
135359
157152
152302
158107
180152
166178
157080
166125
181661
162151
146059
169518
130117
130599
147342
162827
137959
147380
166846
154180
165043
161920
174732
194962
183779
157025
161105
183703
137266
160294
150672
156205
132197
174767
176244
175919
141341
191095
135289
181515
145781
140881
159763
191204
169495
132291
162938
155976
155189
170619
184144
179288
149282
154975
165627
165262
179389
168500
159741
176231
167344
169340
168102
143481
161244
147605
144199
156229
161217
167749
182084
132512
152503
142204
164562
142529
158386
146977
191653
202612
160659
166454
152380
147358
167123
195281
160683
190220
174082
131093
166240
171920
149047
161554
161386
155598
156671
135504
