120630
127633
129716
138512
130450
135816
132524
132251
124332
138684
128452
138239
135572
127120
145600
125506
137641
142502
135220
128264
141199
130144
142584
149349
138352
153848
133439
139739
140562
138850
157386
139279
142380
145914
146773
124794
146842
148336
131668
139093
149377
138525
142931
140581
139351
131102
151451
133396
142704
155667
133904
159147
139524
153824
160875
146107
159187
140419
145934
149814
124894
136117
145074
147151
135690
150411
165047
143100
135621
139453
144306
130090
139050
137204
148907
142373
162706
157586
130993
162544
141442
147831
143900
128761
143951
136310
159915
148098
137646
148216
168280
153470
148130
130752
166782
168671
142016
156766
174490
136487
135287
134928
180558
148985
135201
147118
163204
163267
169662
144103
154521
140144
144590
141981
170619
162702
144580
150460
139041
147600
162370
142220
144637
135428
137796
142731
127207
145549
185102
133482
152677
135768
139791
145705
152660
136929
165105
151078
152748
151662
153672
158121
169074
151399
132224
153676
145880
175478
146186
168397
139648
121594
157587
158321
151331
133319
169469
149163
182572
147118
152771
152060
166899
150877
151788
122074
131009
156643
169315
164388
152482
154623
146404
121044
147889
160224
145276
145225
139605
168653
138177
134178
152171
160112
130964
141477
169539
145389
172315
142040
176978
156981
140579
139245
172635
185538
141554
158442
162608
143366
165660
146962
137503
164656
165975
149650
171745
142102
154019
149470
177580
143122
154189
139979
138371
140032
142081
161699
129864
154262
161486
154956
165117
182604
160919
155237
146031
142431
157905
172926
135156
152037
149190
169972
144491
153176
139052
161253
145941
146191
166041
145238
149056
149937
159335
174429
142258
147856
164668
148565
155124
150290
179387
148327
143797
154133
156131
165230
154490
127996
142975
176743
174607
143333
188186
137909
142968
133905
136880
161902
189428
129973
155332
161321
137904
138691
148562
147173
130269
181196
167741
143434
139946
163407
143398
153938
138920
153740
145907
174315
135486
149514
157802
132764
137916
161133
147728
138427
148020
151762
154897
146617
165008
162577
178865
160796
183696
131024
162982
159731
135557
143399
142715
179695
174463
140348
160248
141294
168925
172178
154682
144198
190403
158404
152370
147040
152828
156155
147014
152747
184740
161262
140148
158894
148966
149435
142185
147860
169514
143288
172280
132469
147152
162886
148369
155151
156876
163631
145840
154032
153895
150790
170726
127749
165119
145743
168879
147740
146137
124916
142774
167217
189288
162182
127224
169308
152053
171235
150487
137981
142156
149990
150307
175775
168118
148763
136591
158662
160667
152381
174684
154172
159566
137175
141682
146615
163090
161020
146941
159045
166370
154397
166709
137893
158634
149168
142105
149816
180606
164210
158081
147086
150862
163863
172790
164706
168055
152391
126532
150175
159440
132258
164417
151499
162974
154279
162219
150148
162851
164515
171551
140062
162903
158158
132847
142883
192474
169083
148731
161034
134786
143667
173372
147958
144866
172742
140026
161906
138630
192021
162271
134661
136699
146981
145488
131157
145831
149779
151699
141335
168573
157062
141355
181281
138408
127077
158466
157005
173256
146451
158559
141487
167588
158112
153741
173389
172416
146244
167537
175096
146151
167531
151179
153238
156986
152886
160075
155880
135886
162477
169356
176643
148006
146896
150645
135848
152331
146984
138279
142546
147834
132674
143561
159224
137591
147130
167068
181155
154305
167181
157518
159594
154902
155728
165621
138684
182421
143540
146752
168720
195073
140202
168261
158203
145865
158386
137314
158797
127248
134961
138401
141599
151138
150379
158425
145369
131381
166533
147338
145248
139554
163921
170753
137525
159078
145895
180634
138052
155175
146739
164097
157121
152224
188236
165140
140575
179391
136406
202224
149496
144773
176658
168346
129150
159101
146678
149373
131770
134592
158183
169652
168078
141668
138606
171941
163599
165736
162770
158256
131024
159163
164035
161345
179384
168547
130788
157152
198179
160404
170789
182152
156285
166564
140086
162023
176788
157526
175447
166846
181844
183702
152083
161082
139302
145569
143479
165252
144829
137168
138702
146572
145259
153495
166085
145561
167990
141024
150157
162160
150780
151341
134305
153214
145770
176418
147185
155185
178676
172945
165313
171174
148117
169662
155046
156159
152775
156529
144904
146855
147901
146352
157802
165472
146830
137617
152755
148155
176250
162968
155676
181409
187109
167370
144550
167729
182690
155311
153215
147273
157252
162817
133313
154196
158489
157499
142255
146657
150964
150725
163942
183850
177797
142744
143999
191740
173651
155456
165755
172526
134023
137215
150654
170150
165342
167894
191840
150572
146295
184401
164251
162652
162991
137491
173023
161834
177584
138043
177754
162443
153909
160129
193654
177972
170449
147483
175330
144788
134070
168728
149915
171381
138005
159284
197277
162217
180987
159825
155149
161544
175126
155335
154836
170341
154966
149913
177871
159828
128451
127967
139657
136454
128732
160352
158442
164806
147996
162227
149724
173841
170686
143073
171569
173362
144047
167923
148992
167687
184941
128057
171176
180732
154797
146055
168660
166814
151193
157661
130320
147126
166189
154814
182021
170083
172743
172674
157344
142403
139213
152231
143005
139722
152210
150448
145748
139038
149655
148939
153894
172767
139374
169256
161247
152856
140711
157716
162634
137841
147753
169462
164522
170980
131177
160620
170669
152498
169433
184753
147787
170966
134557
137930
150758
158110
135101
145748
176719
149584
161588
171943
173226
148046
164541
152427
172854
160748
177180
155189
146384
154224
172194
148027
154178
147483
148559
173684
133973
153712
182474
134130
180301
185332
187934
160502
166076
146126
144268
161753
157804
175568
188425
154156
165429
159840
131208
174765
152463
160963
151906
181334
158405
152116
139247
146957
144642
188811
143896
140842
178063
168165
166569
144039
134464
137989
165344
139975
159392
147052
183485
169270
154597
149304
151892
149970
156517
136080
165709
174437
164011
139030
172081
143923
153653
140607
162148
144242
165642
176711
165015
158321
134688
170996
139328
181374
163149
178045
175069
191537
160148
172733
165922
161117
141337
155526
128895
149135
147364
180024
166978
167811
151853
161649
167742
144277
146558
183146
158624
179461
162835
143840
147060
163002
165656
190722
152810
158127
157948
139683
161749
194357
173713
152238
164326
166733
151283
146602
158688
168089
177640
156317
159093
163382
148362
165757
147181
145521
181196
141504
131774
141185
142807
127874
174042
188802
171268
191994
201431
161066
158459
141370
197564
160089
138111
152044
155824
138105
192217
194094
192235
156543
155531
156316
174749
163983
153194
168630
169765
139102
144817
142306
184197
199036
150316
159446
155673
137353
180741
151839
146865
177652
138604
169954
152833
153064
174557
154987
163913
159029
167118
189021
167754
200421
176276
138973
160641
146697
185064
169676
145154
164366
148835
189476
162701
166044
134389
210790
155173
171194
165970
159466
167435
164732
155815
152376
162170
153871
171161
150940
175953
153652
180925
156180
172003
136083
157698
161913
180138
157659
170138
142227
163997
156735
164422
164882
180137
160968
151476
153038
144343
150901
166701
162312
165540
202113
142325
149564
163739
152418
149558
137860
144289
157028
170904
142773
148444
150370
159569
170477
167728
165830
148844
156318
140961
154757
161141
162394
175465
161951
163025
146722
146305
161197
172487
171477
182057
158532
149690
165416
170920
166906
166432
151943
162414
133027
182161
148695
147950
183300
152144
155623
186273
153834
140003
157261
155137
180169
150062
152377
154695
147380
163012
153940
132603
150271
162029
183986
178249
133949
145850
135397
194921
163442
179213
197845
169060
142425
170939
173135
149882
158765
159366
167599
134731
161741
139464
178318
176839
169112
167253
153668
145989
161964
184123
158547
146294
143143
185229
187244
191143
141026
171159
188556
154836
146689
149299
142762
136911
156210
164864
175800
161506
168421
155307
184854
145942
140349
193009
178029
151871
164973
160523
178970
166288
157418
170246
173280
154399
166771
153805
197111
142140
155214
184760
149071
161544
147446
152970
148207
171888
175771
134460
160378
163594
149233
152260
155704
176392
138927
165078
158111
166110
170067
161960
149444
163953
149999
185106
171346
174504
147911
153115
134114
151893
160345
148217
171403
153224
135673
162936
146308
164307
161184
146719
161820
151787
147256
146186
151361
186934
183155
155542
180160
175003
149691
174111
175705
153504
156919
151245
145991
145862
146211
173052
150054
175974
182634
141155
163719
149477
160484
135238
168905
149750
149375
149872
170416
161692
139473
203805
162286
144752
134833
176814
155636
136420
158767
172574
153510
177468
172503
143656
140803
175054
177247
162881
202637
164003
160212
176326
140080
154574
147420
157391
149491
162353
153581
165921
184530
184571
145992
152028
162556
143666
148602
159936
149571
164020
161183
151630
136405
185868
166644
181751
155192
122078
155237
194036
170981
149543
199410
133855
155788
175491
150992
157593
200137
141908
147881
139616
170594
178672
144800
173122
150816
167213
135358
174707
153795
183550
206514
173045
137283
153593
140760
149555
159941
156057
144889
157310
176426
145314
147095
145962
151367
163359
142245
202242
151642
149602
194452
163034
145893
162371
184616
168957
150166
178554
168472
144770
165862
155223
161294
156173
144493
151333
144191
132565
171175
158753
144231
184045
172609
153837
149392
142239
137462
146737
155463
169177
173318
163095
144610
163026
158816
155011
156603
168561
164476
172025
154110
143217
143923
169021
146772
161818
148115
161809
160342
149240
170447
162610
169120
163048
146278
174158
177476
158842
160827
169409
155729
151465
166497
168237
148425
143763
147606
145512
166189
159134
159031
142580
164824
142590
169604
176767
174942
172293
154260
154408
139501
163784
154338
140580
176474
137598
168993
149248
162309
188126
166046
142032
165390
135832
171096
133082
161892
181801
154784
151832
163549
156271
185143
171974
200768
167494
141668
152423
151224
155060
183476
136991
161992
160426
151194
145719
163239
176606
149865
159049
154420
167155
181600
155758
163207
174665
141157
190373
175526
156736
179389
158434
156502
155032
142876
167675
155948
151376
172162
154226
171554
195338
155946
167189
176829
150281
167749
152212
140197
157214
176949
172296
179158
145371
157995
162019
165237
164008
135050
135092
179479
190701
169865
166412
155552
138421
155238
172317
168228
149421
171635
153847
208777
157982
145836
151504
138212
146587
141656
153589
147450
152255
170663
162755
167665
127425
152741
137126
156771
140894
181174
154346
181685
148303
152509
182817
139206
145185
166114
149984
166777
150357
165005
146074
151788
182258
164020
160225
141460
164805
156644
198750
166428
144116
153023
183396
173991
170510
170344
169970
154343
191611
144456
151361
167616
176994
148100
159732
159796
179514
138135
151249
190489
140249
149512
148540
137464
177188
171526
152947
190500
148608
139267
171426
158855
180403
177729
136899
150093
170566
157168
150319
189604
166224
153984
150717
178320
147489
167175
151119
141428
149929
142288
163827
148830
162189
168315
142191
176160
150791
168147
159637
173178
170287
179369
173382
157297
143320
172025
193722
186836
141414
137301
157766
169580
149017
154098
155260
156997
184318
170904
165910
204507
125900
175792
155366
156421
161603
144636
137463
157929
155591
196322
170182
202285
144010
156508
154438
153981
156825
171830
151748
203316
160111
178070
171031
158250
166119
189447
171774
179819
160502
140803
135674
176666
157061
146840
161761
156304
158279
153329
171719
178081
157182
133389
189241
155277
142927
144759
168411
184510
178836
159659
143411
153898
146773
171690
159286
152051
159615
155160
150512
162744
147373
176975
155900
149629
177061
175619
153578
158636
149168
179357
159587
144330
140853
149224
146644
194313
134569
133166
183103
179263
144954
131097
143452
148169
183443
147475
155195
157491
147900
149756
151252
146962
174008
145188
160197
154525
159087
164740
196672
167693
184627
196627
172102
193552
166442
146156
147182
146855
145824
168090
163999
148554
162512
159387
154717
158734
151848
186894
175249
154401
152709
144006
167320
177825
164171
138418
145428
171480
188023
160306
167193
175250
188031
152575
153091
179373
164415
142168
152696
161203
149363
164673
180412
197282
192598
136644
175079
168835
167170
155814
160411
177103
193937
162020
155797
148101
146669
137045
140123
144111
144465
178454
171290
166282
159266
143084
175499
155382
152252
189325
147919
163264
146676
148070
153796
173639
175238
142079
154855
161983
157534
160004
152199
152620
167977
147658
157224
131397
154476
145921
180974
209255
171800
144472
148816
144270
138199
177931
155954
154815
143361
173087
178869
158722
169575
143447
155661
216212
167916
143477
155186
179299
158041
145363
185938
150310
178398
175471
177770
161569
194954
155733
177726
157979
154026
129924
153055
184212
146500
147638
169627
171902
143874
170102
134888
166871
157734
188659
156045
203250
131272
150625
156567
187533
148660
144663
147141
175626
173176
171973
181792
163423
148074
165011
180302
188587
179024
187893
158542
152299
161615
167509
162629
167109
171215
186378
152496
187736
170230
156260
150788
161165
151491
148190
151093
131108
154936
201971
169149
164393
152208
140957
151077
172574
164849
154172
143061
148061
181012
185744
173299
169737
165816
168102
160212
147340
137191
153651
146699
166200
141017
164820
133460
171550
166217
161322
161223
152318
154679
166604
159605
124413
157854
147961
144865
144170
176284
168809
162457
154512
168575
171340
168968
151845
151263
165790
167895
173383
174931
205601
187210
160858
157048
132446
177569
177057
156052
149663
166073
167036
170125
157529
179498
155605
163106
150284
158355
175311
157724
170426
134581
155291
157615
174645
151652
142480
145670
147987
167737
173304
181295
198399
167207
182862
179630
143562
163319
156033
137854
173209
139978
179065
187089
135622
168040
142070
162177
198923
157809
150283
136245
176457
160819
160195
173303
143295
189134
159168
147987
138624
149043
156510
182157
177169
187044
163242
144488
167458
173243
163101
157528
156978
144249
180512
177138
171038
141439
141921
174970
168033
186559
183934
152213
151278
140988
151712
158136
193877
174434
183598
160198
165028
152897
170040
156970
176956
159528
144830
168483
170245
155626
145438
181657
183004
176801
186373
182727
200233
153034
191032
137678
160072
193880
170671
161587
162114
159572
154634
152116
149887
154160
154053
164933
190765
144129
173826
162772
161795
159148
144999
220091
145581
156435
150254
136245
169020
137466
159904
142730
152757
196485
171638
138790
152502
165688
156960
194783
156819
147858
143476
152618
158059
163693
199435
158403
207419
170087
139149
144763
155024
149042
153665
155759
160135
180615
125723
169991
148849
159606
155604
147862
171412
172072
163853
162285
174501
169308
173035
190937
183996
174133
184093
163777
151250
204484
135388
162995
165051
149540
163499
137813
151360
177865
147671
146999
181697
166985
151228
164471
144402
148859
184322
175406
171700
181520
147139
180944
156924
210974
148629
160521
144310
168315
179115
133650
195682
161359
188343
181523
162363
212266
135350
203025
141320
142487
176334
160376
188297
179414
152766
190292
166787
152886
148249
157762
181997
143538
166502
186512
174643
172317
172199
183676
150641
177361
184698
155225
145211
155259
178313
175873
159381
149835
169889
148102
188923
140473
175837
147163
157515
150772
154238
162700
164432
173431
162056
159549
173499
141481
155045
198532
179682
200962
200092
142113
165657
190179
145998
176661
167857
179225
161358
166016
183365
200315
145415
178714
154830
176457
186333
147473
168601
166617
140638
144662
152805
144570
145214
157568
150769
154945
157519
184184
177073
145218
178969
159576
163432
148320
141470
180977
161867
143372
140382
213006
187360
158216
155674
167673
165652
144865
168727
131997
158377
203939
210497
143739
162098
170923
171055
165432
155147
142966
193268
162394
149976
172195
136083
147898
167134
164759
199324
169145
167322
150033
157577
134929
182367
184896
155456
162646
146954
156462
210561
185565
153665
180455
164768
158845
141658
162363
157321
152687
129450
165724
173820
152778
140411
190541
151796
157142
158659
126528
162791
163976
143628
158491
164881
152757
157706
153766
171192
177095
168205
161928
146689
174284
157585
146971
163029
187041
175239
182034
145838
179827
144393
191480
143619
165304
165552
153617
146036
149559
177729
169884
173159
155610
162763
142459
202334
157422
156201
142414
145156
161385
153308
150309
181842
159673
132950
169735
148843
180075
151952
168496
167589
149832
198240
169788
168183
162563
161722
162442
173812
169069
152505
154461
171274
154552
165027
179459
169372
174097
151514
165841
147519
158139
156556
171730
158609
149446
157961
171185
160761
142150
178318
147860
134692
168168
152687
180631
174786
167008
174410
143812
160997
153080
194672
155929
152607
148369
192313
152073
144469
136780
165027
177547
194772
135620
170581
162269
145862
159634
181409
181838
148021
209014
180928
158344
166079
143828
179912
195057
175140
154977
164525
153042
161225
165964
164454
165007
169408
169476
141776
165398
158509
161199
178374
164351
142058
171848
158045
141527
155899
178202
156716
164680
149232
141691
168280
142675
158394
160422
169348
194867
166221
159867
164860
170214
144982
145080
184005
160228
157753
188009
174792
150751
193324
172084
144953
185100
147546
162041
177716
181087
152530
179969
200674
171413
193134
170950
139861
172625
163487
156351
154449
161133
176508
194166
178438
164179
171777
169089
147732
157432
169154
138543
183592
159733
136652
208234
188412
174772
178837
159207
138571
149393
162530
147155
136965
180412
145832
160013
142970
157546
156266
175795
143057
167609
144946
159725
201018
135076
161793
149749
189260
154998
168478
172987
182682
160354
180919
166575
173035
150791
154263
191848
198426
181909
179143
152240
197326
160775
180122
211134
190306
154596
177153
154471
161074
150514
150429
148858
169649
194710
141782
199395
173892
173296
162214
181179
174356
157338
187400
157647
147809
171575
160870
159478
190331
159224
211004
138468
177309
181769
152789
147213
157399
146829
152131
176403
145207
131334
167121
164588
137068
176753
166103
149651
199787
164413
161384
177925
170173
164122
162825
141076
167683
218214
136520
168369
178743
158376
159707
179798
143001
146908
156306
149587
147485
171918
145501
181870
165706
187578
143074
188960
202421
179700
157726
210265
154805
173227
179823
154411
160223
161735
165659
135040
193774
189285
177100
153479
180875
142803
192497
176870
178102
149861
152623
182731
163480
183455
143877
137881
182832
156891
178370
174497
202391
146613
143479
193075
155267
167273
144366
148583
166076
199558
161141
149665
139333
175148
137996
153848
194074
151150
173668
134072
172804
154978
192197
146486
155562
160265
144066
168889
157899
135867
154595
177160
150762
152206
172459
153196
155881
183839
146423
149816
159720
169754
152190
195013
159422
187670
152533
152405
152002
150471
172276
169087
169344
148604
164815
150144
196876
148571
157829
176427
155811
168607
168714
181020
189670
146884
186396
149510
155701
150964
158192
151237
171873
134961
166333
170244
154299
147474
165594
194731
156162
153323
168528
169717
141142
170707
171308
153030
171740
157618
170085
152796
173538
179179
168429
182664
135087
196629
165628
161624
152015
174093
150072
175353
182959
162325
148478
153789
137448
158813
201230
168484
151587
172201
175246
165761
152413
156635
162904
146135
179552
134133
170709
156864
160829
148171
146628
137869
174090
189825
138909
151488
150033
162940
170547
179371
143804
147064
153475
174859
148780
169836
167003
170852
197959
193051
159818
158936
159202
198681
171345
157802
174264
140266
135999
188183
137731
175580
168764
152578
153063
138888
157056
183447
171862
149733
145663
151545
157900
152797
147681
170063
155146
147810
142371
192009
155392
166943
190204
155950
156527
162940
188360
165251
146257
167960
169616
185572
190636
183725
161570
177501
134248
176616
192514
171714
177486
199036
174285
170970
162585
165574
150764
180998
220297
191038
167774
158733
162632
185846
173172
145576
156368
184666
179548
146824
182471
181282
157208
163399
148924
179049
168497
147755
159232
155874
196516
149781
153043
168623
145842
177614
149430
154026
153978
175503
160696
171044
180563
198631
154474
139838
152904
145425
174607
158954
151951
162157
198650
156759
147759
177896
145427
158966
179307
140975
146936
142816
208293
140602
160529
174655
163500
169849
182300
137019
190619
172115
169207
187553
152429
138803
154899
160184
156453
161785
148550
147512
147012
167126
159666
165722
160572
135898
177559
141076
175516
175198
155658
141941
137063
159407
143942
155039
161642
171862
153453
176311
151770
181745
190805
173185
142169
180894
169790
166397
143287
187165
163026
146745
175837
165511
171095
157189
135560
166017
174694
178305
179459
156578
186207
161381
215003
142245
162463
164771
167928
181905
162524
167101
183724
152329
179043
165883
151902
155137
158148
148647
187562
159190
156948
160535
147797
145794
183553
170766
154745
173801
170528
176863
174441
155145
172253
140437
191731
166853
173267
147975
161125
143264
143371
167974
136390
177669
175844
164177
152143
184675
148438
172091
185530
162302
158674
155524
156215
179955
174887
168422
146857
172611
143709
179858
148832
161754
151572
175006
185441
159199
169025
168528
167172
181280
160045
161103
172022
159116
196841
150462
188305
154866
163878
142906
176057
145024
155535
183027
186507
151794
147102
163802
172530
131630
155718
139139
176241
162421
189999
176581
160107
152118
145542
169061
146369
150883
178162
177372
162551
140728
167019
207390
136617
186985
154357
159116
161374
204928
167030
178993
163110
168170
155019
160910
163871
157970
178602
160182
178882
172564
187092
168839
219307
175556
150592
157293
157797
168660
150906
156194
164166
147480
158650
146232
187517
140393
159315
187683
153501
163889
162989
129248
174866
193867
164499
133176
204651
203240
141708
183365
162898
148794
153136
147152
188850
185731
157761
200167
154522
168995
149577
178326
191616
182204
185600
145951
165394
163502
149634
168949
151519
195757
159548
168668
160008
138900
195848
136960
174316
137770
186607
142994
154240
179749
167997
168813
186556
206736
166460
161206
203326
178780
168489
139708
160839
176043
181442
168920
148330
175497
178246
165315
173674
161260
169607
202902
167521
151146
180269
149683
184700
154335
136403
153916
141978
221624
180097
166800
156211
172876
168311
156295
156209
145238
153124
178477
169780
153443
162976
177450
173925
172004
205647
174507
199436
144830
173293
172695
170255
191724
138751
204234
143962
177597
171392
164681
151776
137854
148391
169227
157355
199635
163918
155614
147143
186039
213458
171879
196101
181548
144141
176497
171873
174589
132740
161244
205751
149912
143969
145254
194952
164956
148763
147528
169878
165131
171495
169469
152854
170328
208386
182050
144223
175210
155216
137694
160601
167527
172787
170084
164731
188435
147318
178760
184059
179594
157740
166485
142850
163543
186885
163332
207143
177029
155524
168211
160793
185608
154286
167091
154377
182259
176395
152655
158897
160149
150182
182720
168856
160640
156523
154944
157100
166185
165184
173573
147744
138595
143312
181070
137539
145792
144800
158837
159751
154302
177646
190486
178960
149722
192317
150892
172882
147026
173500
173296
155093
164548
160835
144779
162157
157191
145501
177685
158990
187370
167346
156896
169522
160435
168354
173677
161243
162543
141026
158354
153339
160236
180486
165086
161559
157596
170966
146360
173731
190787
172947
154156
166011
167667
133323
131831
173459
168854
154933
142864
149937
179522
158011
147138
152665
141942
183576
173267
185870
169186
160243
197943
169002
166918
148696
158928
143360
156407
149728
143192
163936
205631
176961
151657
155414
159807
161590
164530
183834
181343
156624
179818
174683
137214
187489
185761
143681
157980
155464
176787
190710
153227
177831
152511
166225
193667
161506
145584
155048
165128
193707
188734
157502
166975
140737
144385
194219
162290
188999
172139
161916
151036
167215
170259
163502
163467
150573
180765
146755
167813
172120
158254
158188
171548
148367
189884
171136
133567
175390
143106
182144
155281
149993
151565
150336
147412
179481
158933
164577
191653
152037
147495
152557
183389
168998
197730
170768
204937
144236
169533
185455
138494
156003
166909
134282
165362
151979
141176
209115
154589
223405
217986
189774
165451
161296
195652
174059
187166
194317
164184
167735
161999
147131
179243
161204
163495
191754
139544
181263
154614
172717
133788
159178
192655
187138
154559
184159
157762
150094
148181
149324
182661
161399
152164
157315
145910
162794
154939
153467
149165
198984
167083
178331
159425
162481
163392
180097
219011
157379
140994
178824
167694
162092
151146
161966
187439
150119
184919
150189
188465
141582
154570
146538
138845
169981
154699
145166
174352
161818
185860
151220
165124
156995
142927
170806
158395
163193
151282
149400
157131
185132
153327
146418
140590
143463
144501
163640
160735
151623
177613
161329
146766
150726
187268
169612
153558
155435
151692
168769
179551
143212
140891
185770
141314
138205
160152
160951
185149
147402
168335
166534
170837
169095
148315
136013
158711
161037
153907
155868
164863
170366
163292
189493
160937
206270
138444
162508
161903
180448
148991
155972
162029
155885
176112
142325
184298
167700
174247
175218
181726
142967
191909
145142
157197
152743
172269
163021
164416
188030
165473
147723
173080
171234
178978
172416
174032
173047
213770
185181
158097
147203
175862
164478
150769
162190
145862
185312
159492
145857
153162
203228
159861
142774
206152
175814
177060
192965
165501
183751
155022
144912
154170
164216
151587
186016
162176
157454
177056
181666
157896
161938
163721
147663
169619
163302
164271
155449
185048
175885
192361
162828
159111
176850
187081
135756
184931
175962
173749
171328
179350
150519
152545
164721
206131
179624
154866
166959
143326
154484
167520
138943
185989
147834
159746
142898
196693
132393
156422
178842
162654
196766
147194
154083
147462
180863
140586
153566
171517
153133
171142
171472
174230
196759
169453
166326
154654
152166
152788
143313
159033
147289
160245
152275
147842
136850
164442
168014
169867
173102
151190
176570
170209
172140
167394
173308
174825
143613
156201
189794
159866
180743
179421
187574
191892
145454
168018
152292
144573
172769
156251
149665
157722
191917
170599
193431
171165
150308
175939
180883
157038
135141
150397
187595
195362
141584
165033
158631
176737
176703
157847
160709
192946
216437
156201
163165
144881
147950
144695
186400
174047
180186
150518
150497
159742
169407
164585
164158
211846
187994
162653
168415
138650
135564
177610
139048
137399
177526
159948
175112
171116
173744
179531
156441
226440
154180
146111
152853
173115
153394
149148
163638
200597
154476
175842
182041
156266
156644
170037
149650
165225
160124
145980
177875
160013
140632
167329
168840
153024
169152
184195
156730
175561
215932
164708
180238
156350
189750
167872
170942
163626
181088
167349
163824
154705
153500
143164
162458
175915
174015
172380
138384
178837
138851
138466
157597
169403
168148
165772
159628
143322
140833
157941
139743
161262
165466
169050
230590
176549
160087
160331
150206
192503
159676
164479
151683
147053
170218
159164
175221
155647
144912
181700
153565
173056
163059
202170
169807
154976
170731
150674
139215
164571
145318
159284
142389
149311
160333
176899
160574
181921
160207
141767
160642
171569
171467
158078
163921
144480
154064
137887
165495
154711
157201
168038
169184
158524
158225
171790
174163
178839
146199
175466
132188
162903
159439
172382
178576
188441
186177
161646
180102
181310
139036
171494
195639
173989
144358
175229
158488
172411
158071
186183
151219
171474
191306
146200
155082
166038
159748
147346
151422
176110
174759
182037
168557
153945
155262
147843
149736
211117
159944
206602
158972
150356
132803
143802
139482
160932
175613
188686
191679
179633
179739
177508
175336
191700
187806
195195
145577
160494
186864
128998
155143
184822
144218
167479
209197
150847
169825
193579
150363
153262
189654
167236
159120
153166
162212
172681
141069
148106
162651
153321
163845
191492
144605
176543
162378
166649
142433
187090
196219
157685
147048
177991
154096
145734
164345
163940
160647
165921
173602
162957
179104
175726
153578
173050
151652
173640
168922
175242
156035
137305
163413
168321
159917
155099
156449
169485
145193
169143
155482
172855
175656
158001
165542
177447
190072
160501
195121
184394
145610
164965
205120
160977
188581
148233
175135
151025
171289
169170
183785
134371
165354
205122
180120
169981
206043
155464
157025
190490
178318
145287
151549
132874
178481
155928
179366
195270
175069
177829
165628
155079
164126
175635
144219
176523
150895
174997
211245
180196
197957
169900
177777
181763
177270
162537
174834
203928
202306
151018
160851
180438
185487
196670
194826
175418
178917
176634
158091
151615
182836
149967
166210
177587
151885
167623
172797
185878
158926
176006
205199
201178
157218
165982
208554
164323
153757
173810
168409
188432
152446
164378
196288
189883
178722
184107
152519
150727
168499
161610
196245
156540
161963
207612
160901
178444
154582
169357
167028
139664
171911
159350
159998
147034
145256
128024
140792
137829
155294
188559
173679
150316
171881
190060
165500
176158
155570
155975
170021
143163
172473
188994
185498
144140
176360
213241
128250
191497
182577
202847
168015
182116
145708
158472
172585
141955
161477
196401
157596
142197
180355
163495
159540
168646
170653
150884
148638
179703
144933
174559
202189
145507
147516
173406
164879
177822
151113
181265
166541
177226
175339
137379
167955
174062
165990
163212
184722
133416
169815
184882
167393
185341
144328
169352
150845
153568
158731
178876
152554
153421
160072
157563
129301
171560
142115
169298
165381
146186
211485
182624
169279
162536
156253
169090
183635
200459
150548
183128
187769
183639
152537
183875
165477
163419
181457
157635
170956
161835
190601
164029
150495
186631
149962
179057
153759
147476
155939
154813
161545
160667
182209
176015
192978
149077
217816
159678
152147
167173
196352
167110
143536
173527
176587
157600
193187
184855
147734
149811
161560
154752
158445
207543
155847
158479
179892
173448
171357
153210
158035
198783
155520
189678
177932
155659
147031
170939
174859
152750
166051
160106
194780
219097
148878
152125
175423
169869
151549
168869
185741
167495
158971
139450
151041
178272
170286
181491
173115
184751
176910
154978
167207
151904
187109
189096
160147
192635
182297
154202
171060
149304
154495
182704
175854
161116
155402
163163
136467
158818
182246
164539
166681
169573
148949
164668
146859
145601
156548
163796
156761
153237
154624
150662
141411
190938
183029
164741
192087
174671
156613
172168
161323
188402
132385
190700
190046
148571
172652
172451
173190
165849
190462
185755
191449
146163
162860
159995
156638
161982
167664
180522
191666
172543
167536
167126
152486
147833
160835
209840
204270
175003
181130
154389
152759
187403
169555
153741
145523
138263
152721
187194
159926
177395
152603
164159
199602
168394
162011
168022
174086
150531
183343
231104
161668
192527
174779
204012
164995
166893
174006
196594
170221
157857
153350
185912
144057
150682
153221
188972
183754
167189
155261
184884
151454
157408
159844
165222
162476
174100
164083
149483
138719
159510
173642
157562
182949
187295
179742
161139
182931
178095
159470
167303
188410
186716
183607
171405
186835
205660
180782
145202
152683
165815
197270
181852
222796
163816
159448
152858
185987
219723
131901
163959
165465
164360
172585
156977
156944
158199
182895
175027
168113
166896
144181
183255
195782
159094
166056
151615
149033
179454
153953
222060
196471
135917
164311
166231
157872
172415
173208
171870
150253
137628
145223
181306
174677
204837
172597
179787
168697
175129
169711
165797
157593
151464
195135
152863
173975
149529
154049
157045
187577
171660
146881
142946
214723
163065
147047
171152
178553
171438
193683
175268
166329
175238
186646
154665
166573
168316
174583
186456
143329
149293
166970
177483
165320
180584
158968
180413
171599
159190
159603
158956
142002
147104
177355
170952
162995
159043
154344
138105
152216
178949
159102
148146
180094
159981
167605
161009
188853
170303
152078
138712
195854
197784
187625
160568
154689
154296
215589
178048
150135
156627
211361
141534
165116
167060
187198
146399
146427
148572
161777
159757
140207
171067
184387
172099
177669
159436
169303
167545
161327
171558
191920
146789
163930
173356
155592
153661
179917
155500
140554
128684
172502
158651
166041
149348
161674
161887
185411
202613
183578
150184
193749
177663
177802
157179
187420
170254
150780
164690
189583
169202
151345
154379
148793
172853
168416
158768
146577
147981
143396
170648
190049
180675
174730
147811
182637
168423
189960
191675
167039
136405
178435
177137
145173
183838
168698
163938
156855
160767
216305
151606
142052
169545
172380
141157
167350
175674
174517
162872
153300
157664
178238
155902
152836
172806
188772
179605
149490
175213
166482
191430
156606
157587
163261
185773
153170
182854
183867
150231
178235
185961
152246
163553
142483
173267
190400
184446
176577
170430
155550
186735
153428
149994
171058
139330
165261
143472
153971
197003
151645
161675
169310
140966
179401
157301
123954
148464
165903
162748
148318
152252
165365
195916
166805
153668
161949
178239
166973
151060
170263
172554
167336
158595
172295
180341
156522
176084
174541
153327
170402
181744
173659
187742
184163
176592
165149
180513
153445
156151
177906
179026
184250
179940
169642
139378
166665
153958
176528
145559
180739
215907
179000
202078
177644
219765
169530
148934
173884
160925
198885
158998
190114
178740
149322
160626
166330
142270
159092
161406
163022
137669
165879
157574
165267
193016
183470
186174
200175
189253
174639
177636
167421
152825
137070
151145
183721
161206
194282
154817
171727
202928
151198
142057
177369
144070
174430
164016
159901
177956
195757
180306
169726
154895
204162
189764
150821
176158
167604
183098
183916
169131
180420
184732
181143
148183
168826
179485
197294
195950
168322
146149
160989
172120
178372
174072
164835
170328
144240
161907
157723
161933
167435
153289
159262
168343
168905
186114
173108
164544
149204
160430
162180
157153
153721
195180
139456
161744
138421
152438
170338
167910
157262
140074
161357
152480
162214
153373
140032
157738
143888
173720
161830
179485
156025
193731
154159
147403
179159
166721
147463
182246
173843
178910
155597
179498
200003
149306
152500
181151
173910
160550
150165
214281
169535
162499
188161
199716
162164
148479
155120
193881
173245
164482
178498
156583
164993
161394
169575
182162
164870
177986
166367
177114
159726
184904
201574
169324
196455
154435
157739
172865
144759
179528
164212
196713
150299
190406
175647
156768
161719
148026
155139
166760
156549
161457
146915
179703
151306
160725
196436
173335
147413
141411
190846
180259
155321
163613
180719
152608
148959
134842
202565
167436
179600
159563
147917
196956
141117
143595
166215
160229
162925
143243
156688
152160
167785
141204
185170
146998
149327
190782
197664
187024
158786
173379
176966
155333
175806
158428
174181
193191
176272
181284
141911
181920
148241
173683
146829
180241
150311
201549
166029
142230
162080
144957
165251
155573
150669
162916
148213
186500
162680
173377
154423
136982
132759
148271
166751
147660
194563
155970
193434
174964
140129
149760
181628
146859
173531
170088
167791
174734
190848
165614
157564
170242
158408
152021
162876
147846
181753
140524
196404
157832
154743
153199
187069
167848
180178
152514
155554
159353
164148
202546
170044
182562
148865
172635
162481
168682
153433
189170
144927
157034
152311
163795
160964
148778
140352
145700
157415
167443
171429
146257
159227
156258
193446
153661
174124
153843
167654
170472
153369
165712
151753
177229
170727
182249
157695
159729
206712
180776
154195
144927
173353
164784
211098
151347
179406
159009
150447
174940
163205
149921
151631
169413
166049
180851
170964
157142
202950
188639
173659
168723
144465
179025
156471
179196
182710
186652
173334
182332
158999
159530
154256
145164
153666
175115
195057
147217
183123
184182
171797
174906
166556
155952
180174
186770
165031
183785
174836
200686
206047
181995
163411
155170
152617
178404
150368
193394
197537
183584
155395
183678
173239
162135
155835
152981
189877
141105
156796
172132
159566
155285
172354
193034
136811
179233
157114
196442
175557
180046
191773
194575
167768
214679
174576
165577
151275
144263
170385
201849
151859
176227
166550
163056
197505
157704
198264
213005
193043
157687
161256
142337
149564
161954
202857
173920
141269
175996
171197
151675
146207
157103
167537
154897
171815
164680
183856
175888
152955
177625
179568
156424
177087
177142
164030
146188
153243
153008
153399
150882
163665
165500
181448
156919
141808
165792
211826
149740
166120
176403
171855
189440
148157
181257
167651
161612
175613
169795
159656
176868
193088
158130
170703
164857
154491
149895
169264
148513
191386
148093
162453
165704
157860
157795
168955
189859
174014
138439
161262
169339
186899
143196
172873
169115
228092
152075
146038
192164
187359
171758
139709
162250
173280
176438
139895
168811
197509
193588
203456
154309
204668
156958
172343
165512
165569
151373
144742
140103
175384
145534
170597
173094
175824
166619
165756
172488
139855
166600
154427
158547
143883
179673
158140
156053
161758
189078
190939
179664
156972
202097
147587
149750
213261
191533
155350
198313
181871
146985
169660
170716
149521
160207
153921
158770
142582
176283
164655
158200
203133
155189
145728
177195
177766
157298
194495
138678
186706
170319
206172
163394
171386
158430
196261
172459
176295
160853
173211
157194
161756
167278
181155
164106
187913
226625
157347
141001
178529
157380
165349
181310
162765
159231
165602
176489
162790
191345
215140
172171
159090
154625
144378
190142
172029
161961
187328
156872
175099
168241
156031
164666
179773
194417
174370
177206
202164
138509
153727
157119
174503
204934
150464
191218
144368
138967
197507
156281
185661
140541
213702
160757
179522
154730
170025
161359
162628
160275
173317
139668
160562
191198
177487
180411
138549
166221
161814
207868
171951
143485
159233
174427
156106
176610
178001
154644
145912
188097
184667
167238
155704
176441
164229
166381
140514
172086
170103
178240
181240
164635
155726
177713
173512
174423
172771
160229
137952
156591
193194
179491
162648
158888
144360
169575
207370
176188
145237
154365
175711
155777
164715
162706
149069
195002
177982
193927
164620
152733
152768
193008
161716
161193
185722
198058
161678
188861
148981
152347
179180
184905
189246
186785
176280
178539
138753
162072
188435
179026
179608
198479
181935
142914
199405
151324
182011
192481
150328
153171
144427
188122
155358
151324
138152
199601
155866
139876
166057
163889
160166
171723
203906
144118
157558
171363
173335
174381
133969
193965
159445
181074
137647
201772
151384
160105
179177
149755
141217
172689
203630
147883
149998
166166
163581
188436
162727
149095
147354
195006
183778
153861
185106
168162
139767
158436
182127
161650
158137
150510
165457
158535
172661
154139
174223
194963
154237
197807
160064
152131
176626
169157
160118
165289
186247
168772
195489
191285
215686
158704
157359
142698
175678
169140
156012
172655
168235
182722
177011
156893
163416
170824
151847
188911
134561
177083
152053
182775
183529
192751
190352
162778
160502
185485
178917
172987
138232
172826
170692
163047
173537
167287
175230
185559
156748
204174
182432
162938
157998
214818
163857
155188
165561
156103
175745
189247
150020
194350
187047
144935
162594
186702
154888
165054
160217
162588
213499
144040
145938
161802
139767
175523
154515
154035
216734
174054
205519
156555
182122
174538
164608
154276
196598
145928
153277
175292
177453
186218
167467
165095
164779
137544
191928
183285
199241
182105
183608
166489
160326
164872
131446
166194
158588
155233
178406
184769
166997
157656
152392
161751
191908
177942
157859
151996
177429
178216
175771
166162
142967
156105
186784
141201
183352
185809
147148
165317
167433
182026
163589
197309
146996
167506
167747
156916
171393
163999
179176
167531
183486
156925
145159
185323
167080
161018
160644
183981
182939
173109
168452
174865
159703
152719
167686
170953
187977
174997
175815
148887
161975
175562
153566
181660
175982
157245
140600
175954
211139
169908
151830
171896
197688
182888
179757
201484
156268
168224
143750
197103
163127
162060
157188
184174
185308
192069
169001
201566
154162
168359
193962
188394
147196
203443
183905
195351
185423
164970
149865
175255
156995
168977
164940
157932
190756
155559
189013
177155
189388
176448
159438
209176
148946
228501
155486
161691
187961
149539
199215
155834
156541
160022
160678
181689
161145
139310
143133
161122
178243
172453
161089
167014
172492
183418
170138
160238
189384
137873
174282
180345
160639
166123
188687
157965
185449
185268
177660
155215
151279
166501
139907
162419
199954
200627
150216
189730
141870
161011
195302
162695
145253
165937
144003
166965
170861
180455
187706
169872
183388
148692
162090
140347
196991
161490
171456
167429
176251
166857
168730
194188
153390
145310
206794
178301
148729
150066
172835
145248
160238
180304
147756
181535
170273
161432
151380
176768
183404
155302
142338
173898
176276
136745
189026
162653
150527
205098
163225
148814
196229
150922
196083
161483
219913
158975
195601
181501
211216
163844
159347
159199
184701
181646
166454
152187
176598
171003
131582
211239
188724
163548
163359
182776
158219
163137
195705
163492
164816
200531
175091
159564
138611
169118
193634
176160
214889
161088
155006
178125
159423
144666
166573
186267
153053
147836
170678
175861
161946
178704
157854
163888
174813
171085
153427
152253
150525
183983
169527
148877
202662
149771
168285
205032
168843
195968
181752
145099
149559
168136
177147
205904
160803
147313
160982
171970
182933
183309
139627
131814
159801
158856
174853
177582
186357
152078
157605
150893
163265
152032
131743
220773
153984
156553
165423
151285
146271
175892
176401
177513
177034
163586
180307
197300
154378
147173
163467
140158
160566
141632
190903
211146
163451
152482
168191
156912
195863
205256
175312
162067
165368
174701
158084
185945
176519
168475
155659
143268
195971
130441
162536
156108
136168
155275
189688
174233
196308
154770
148303
135301
168876
170513
178244
160859
162755
176893
146840
182068
164505
182863
174044
169507
156630
172302
138631
162148
175529
162361
192291
150324
163882
174709
144482
162182
150825
178716
170556
159574
158700
187965
144072
167121
185165
164541
156754
161043
150352
165103
173179
187967
146578
160465
185770
151821
152774
147634
151153
167257
164527
139157
182617
173697
168857
201452
144058
152835
155957
177233
179226
151468
187608
179069
141118
168737
168954
175739
176588
154583
159162
202856
167769
161784
148354
154419
174091
141416
191720
187462
158807
196517
143750
172820
153543
182229
180910
137940
186090
160863
155461
169793
169752
159900
152384
162938
172471
180461
163520
189114
153006
200810
180263
209371
171357
125712
148848
159446
156292
170528
191358
168942
215744
169003
163421
211539
163444
169749
166870
162928
186462
171160
167546
163426
204653
181629
150008
154400
156213
192280
153494
197041
147191
151151
184674
182035
168496
150158
206521
155787
163409
161136
153497
173984
211551
164213
161543
177749
180850
159328
172431
191442
190746
145749
160013
163133
150857
176636
153858
152926
184842
208905
205315
163184
172567
160054
162412
166940
155388
164631
153144
171992
162064
179569
152368
177157
140686
165137
156820
150193
159655
163285
148119
191816
154194
202371
161398
138648
142464
172128
165626
206705
178645
204605
139298
191752
171014
135167
154702
194772
168269
155205
166001
178053
172225
163159
192759
149399
168771
168971
181318
178970
166772
170185
186353
168867
167435
181061
151771
188605
152304
151915
169037
164511
159856
149477
192803
165989
177811
155948
179206
163079
176236
188172
155813
172906
154528
171336
168715
145106
160949
145040
164178
154378
149382
182120
159555
214812
185094
183224
163080
153519
172950
165284
165788
165994
159441
170912
181889
170259
163482
181655
138428
158994
165111
187840
156626
150853
173972
164476
145766
190547
159463
211678
160715
150188
164147
153120
154764
181413
163023
175370
141947
183382
201549
144321
164849
161527
144167
156280
189070
141596
193513
183298
161866
149973
162686
143071
153826
208578
167373
163342
181837
142735
150231
152900
208399
172348
167911
205017
161888
167307
155813
137674
163722
195652
197358
164626
178254
179126
156293
199420
155339
146008
186585
185075
145577
186131
170373
196723
178142
157053
149680
151993
177003
191647
145153
168203
164487
145823
160540
151095
155789
190061
145267
138395
165690
167564
179886
169984
134444
206133
224844
172737
176236
149343
195890
161596
205486
140243
161650
160919
143450
161315
181914
148916
172500
153389
177084
145097
177457
148083
194762
165482
181987
156103
182651
139927
163377
167847
182366
153277
228757
170693
148092
137843
202843
171751
174476
169405
157348
184794
169045
170443
170261
171005
176655
193907
142164
201012
143996
238492
164606
172251
158910
178617
147639
205246
166195
169664
178600
166688
150272
175586
199342
158987
167404
194817
136360
167515
159866
168073
140831
164032
175024
159018
170276
182961
171958
146191
147220
160444
172736
160763
191243
156214
156274
172150
156015
195285
199400
177341
167781
196994
162064
159913
159067
205120
164577
164999
161380
182244
193641
177259
148310
189069
147497
149901
175764
174604
186450
185703
179083
150063
180193
154502
158920
170947
185607
162115
142200
160788
164392
176809
187962
151049
206999
159992
137456
165976
161696
158136
144243
149051
149405
132599
161237
161894
184488
159798
170674
173220
168184
189108
178516
208662
159423
188187
199965
139713
165378
150836
189736
169555
161909
150742
214838
148034
145151
157608
201338
199617
141205
156460
168973
168402
205514
177181
160295
224727
179132
179372
162264
186428
155377
170156
176565
186036
149858
154725
180065
185983
168964
152641
150656
178545
171091
208888
145530
191398
148401
157125
160132
188972
191393
144509
191516
164272
146892
149565
163938
170269
165586
178088
168368
159250
165708
184298
150288
179449
147784
169734
166456
168417
169961
183736
151193
184714
163162
141988
162043
221556
174922
164994
187639
148272
154547
171675
167236
144510
148651
145497
157172
158543
178603
155320
149500
161111
170710
182036
180156
168690
171548
165576
166505
201693
176062
155185
139965
176945
172734
152699
165397
198210
181361
175972
170296
167610
163087
164144
164807
152794
169517
158121
188050
165296
164720
179680
149034
148649
142986
180252
180516
165360
178815
152030
189356
203165
171731
180476
159504
192819
147559
152506
165950
164943
143017
184557
186175
161863
156610
186545
171079
174528
173930
175330
174850
194719
166389
156043
154164
142545
192724
187309
151682
156059
171605
162136
203462
155339
145443
153737
209944
154074
173506
179829
172748
171114
147028
138835
163788
230900
164552
171060
146709
177566
176853
149814
148139
155401
168253
201239
152970
198704
162561
185322
161653
163432
153684
155716
162833
180782
191981
156083
175341
138151
163768
165819
143342
175623
163353
182154
145370
178187
159188
171858
178435
164732
152006
155993
161804
153932
199227
200705
159881
182946
172996
176908
159516
151638
176274
162115
136307
151097
149317
173607
185149
159558
146245
193291
164752
166863
158575
187208
172140
177007
158855
157140
154153
134761
206510
201610
148270
156675
165127
163710
150799
191157
205911
198031
181297
137007
184378
153858
175523
154553
200015
145944
168997
174004
182983
156054
183018
190695
160401
177209
152671
171804
179102
152808
161285
151792
165150
178771
189833
164795
140564
198013
186180
181026
195831
159438
179147
147703
159965
203617
174158
181457
160689
167719
197832
145884
164061
154354
182124
173264
146363
196473
163878
170512
182336
167231
150010
177484
135229
168614
162904
138953
147428
156615
164676
158837
163263
153726
159173
151512
152413
145311
161521
174152
177582
149859
163671
163011
180640
149080
155970
155749
150715
161401
155575
154553
141566
153939
142944
177251
165511
183825
149853
180960
186228
140034
165881
141995
151986
170033
155061
186979
186825
184514
180603
191911
167600
184971
155720
177339
190161
188518
166714
160305
175192
166937
165712
148344
158075
153257
155933
172199
167696
176878
132164
173597
152930
158842
141621
163280
175274
183921
143137
168702
180211
214899
141265
186495
182301
138260
176792
169640
165249
152316
144495
182623
182153
139503
173894
168820
140560
172813
176153
197307
152172
169032
156683
166749
157521
177455
177326
176690
156632
167137
167376
183134
181234
185189
178502
150001
193097
209899
196279
188802
159304
184277
157219
178948
182079
167966
159462
209244
165705
162501
150225
154992
159796
221953
155136
177211
153131
147788
182859
150047
138997
164571
168704
143195
193991
174718
207867
199611
157115
180949
168567
173563
164444
185831
177837
185768
157604
147703
174392
191334
163234
144848
182101
171101
150198
162108
169615
170057
184447
150729
172142
204354
171758
182580
176936
173233
148088
140917
171646
150393
212308
164610
182005
185717
170373
172640
154317
215616
175635
177259
188514
151086
180974
210986
172355
155655
185840
159996
157969
162388
139923
152908
193161
150184
177907
143075
155920
176316
172865
176290
178466
184216
138508
171333
193001
153038
165766
159721
140429
170863
162482
155964
169834
163318
171279
171808
173561
167045
174730
179260
183937
183948
170764
175698
163773
170553
160566
151143
192573
145202
163654
153216
217702
145191
189611
151982
164486
162079
161557
177075
196896
164481
183943
159328
158694
160571
161681
203946
148183
154930
180826
171369
175634
151345
158564
195508
208465
178197
170160
161088
159548
180183
143034
180092
166941
214708
209549
187452
161434
183513
148813
156377
157964
163209
180127
153002
205528
160838
174475
181271
185941
164605
162138
200273
173323
148902
189322
187717
158315
149772
186363
161528
158406
190291
154790
184600
152895
165658
155683
164637
187303
170454
147023
156643
164594
162463
162626
157521
150372
135537
178864
150745
184531
193175
164967
167229
173572
160723
188313
161851
161560
203371
149064
156227
171604
179883
189296
143868
181565
163190
144715
149999
175445
153445
153709
173563
149774
182671
186689
155720
158621
184836
180506
164499
163465
182423
169998
219604
157542
166773
168637
162228
175012
154994
147067
185069
175136
197095
184883
176719
200191
189653
177539
193057
174774
155902
168737
185042
169612
178838
173046
194553
186155
156148
141998
180685
143410
137821
182833
191976
173204
159901
162598
188747
162635
172192
174968
151080
155106
165057
164786
163601
188155
206783
175357
145553
161638
179300
169420
189393
178473
154939
168500
150254
204360
160065
146864
164454
168929
190501
153103
170260
192178
145346
180819
196443
188187
160400
153175
169561
161845
172579
175514
156587
184977
159454
197619
146835
146682
162237
209833
170207
201671
169615
194261
187694
140872
162200
201771
164440
197673
198688
152939
220669
174585
176202
158328
193825
148602
203558
169910
169783
187879
168318
190545
163267
204731
209563
162928
174627
184197
140472
178649
151924
154864
145227
182411
171315
153579
157331
170113
178974
168369
166335
172718
175532
162642
188831
167094
179626
154849
170798
163399
161980
204554
183775
159786
169193
156833
165501
204525
162887
133615
152545
163897
149221
193769
178077
182053
208141
176255
171382
143849
144286
215155
156471
158114
155703
169172
166367
165991
182898
199378
185529
168626
172643
166912
173407
165017
170446
136430
175222
168995
171695
203495
169528
181439
184177
178743
154504
167493
128704
168498
164534
172114
156683
168463
163667
179898
214387
199242
231374
171527
194227
167463
148913
159325
167655
148880
195989
160263
167322
188689
146528
174104
161926
151724
164780
153331
176115
154348
158351
163780
191738
202986
180378
157934
145663
183619
153646
168231
187990
154072
192131
157141
156165
175457
168028
171940
139782
190227
154673
138810
176227
169612
173725
179660
163988
178608
170461
166731
156177
158202
163283
178086
180396
141639
203343
185079
159593
170124
190232
140214
202336
211905
178633
165410
183763
192420
179567
170864
145828
159142
173487
147796
125535
168356
176939
167394
187779
183782
199660
172010
179006
199775
152898
181940
172779
137949
148972
189685
158420
157140
175071
165787
198912
175788
167101
186526
155613
183128
167309
145402
159454
144618
185253
177701
195348
176998
178515
176879
174012
195046
175624
159045
154446
160649
156710
151438
157037
135641
172731
193300
157874
160101
153456
182383
155690
210008
217288
143716
171688
190094
157751
173379
189998
155257
173206
164294
189647
190062
153637
155528
166132
185714
171027
150668
197312
182632
177719
208996
179973
173791
150784
171248
173411
160593
159901
156222
188367
195067
164897
179818
178042
165823
179743
198126
155452
181619
169338
153402
150339
158753
150076
160208
158237
191924
158196
161809
175412
184480
159977
159013
170110
176578
187724
165336
160694
204031
184603
144765
131620
189752
135731
161256
177302
168729
156508
166630
173089
191599
151612
175686
155113
203009
151886
197626
137021
196318
148451
173755
166977
159670
177033
189963
168785
154470
155625
140656
146725
192574
182504
189557
169934
145741
141528
198086
189567
179449
152914
153453
167739
156287
157266
208820
145605
146729
176357
157001
172174
165890
175664
173722
171898
175861
131414
166127
169183
169997
175553
181120
163625
173783
169889
168784
159816
175430
165065
150994
194878
154382
193044
177605
147607
152391
164779
162093
179466
161048
174842
132330
149994
180371
173076
195121
196034
162244
141030
173729
186689
179112
152572
176938
167796
201275
165120
165052
173723
163452
145984
164107
156255
131426
170519
170973
176163
166339
141915
173372
154189
201406
172818
162706
181569
151380
184555
149958
171131
177293
143639
152578
173090
175326
150366
177142
157800
169753
146875
194745
175731
181549
203095
164413
172998
151189
175532
153759
154628
177069
174546
154882
171577
204518
172065
153723
179997
170970
184290
149300
171983
167450
189266
189171
171981
176266
195263
167738
138379
159774
202084
152657
147094
134815
162978
159872
146580
182529
199933
153259
188190
224686
159494
154460
187380
181673
166539
132552
155203
169532
153272
153551
148091
190069
180878
167184
163165
152962
202741
186758
172384
180911
157453
178614
156259
163673
166202
143618
159634
157798
222857
165981
167820
169778
159742
170698
155209
205990
179440
159169
138915
155428
141270
162807
196373
153426
221872
152037
181672
170936
192183
203425
207577
149105
189212
203318
158799
159254
177131
167544
177344
146495
166443
169017
173399
191677
186824
169869
159643
144691
188891
160957
180972
153246
160050
160258
207976
159376
197050
165500
143525
142934
161931
205026
180156
147010
153452
165038
204167
132356
206607
160610
139567
173863
162506
186956
154785
189224
182654
152351
210493
153481
177448
203662
179040
164461
168086
173052
180540
173451
171091
149266
164293
195779
193046
175006
163201
172857
156986
161683
179061
177374
162234
152424
140459
150306
169634
193012
165394
203133
179757
161004
171271
148002
162908
205979
162662
165366
185869
147456
161421
164101
190249
155733
180437
157075
163558
160193
144905
193370
158093
156012
140728
167286
195038
154042
128667
181362
171428
152547
198758
150867
160974
161090
193682
172140
170486
177023
175826
172470
168189
184463
194359
158746
157761
151164
210698
181866
166625
177877
184829
154383
159129
172131
176915
197995
184369
185403
151520
179636
176499
167034
141676
187746
151073
173741
173840
163519
163830
162987
180622
160778
200500
183659
182650
157764
165151
155573
170822
165204
161374
167604
156508
199455
181151
160031
155387
162740
162302
145854
149372
162703
184058
177486
163833
150280
173259
157564
173094
179008
158631
191511
173987
149921
195579
171697
168889
165248
185395
146448
196418
143531
169959
169461
167435
165614
169423
194806
156823
153754
154676
179093
182826
153169
179082
158552
164938
153288
179263
206643
223731
157438
169017
179158
181577
197507
181890
144331
169215
172216
153846
160001
171458
147408
165458
170147
153114
178597
157775
159905
152342
203328
204327
147481
163317
174899
156955
164809
173957
151848
194245
178516
181681
150102
188338
145313
172775
171056
188064
183864
202679
159142
157540
147360
183754
186310
187816
144018
185249
189367
154169
171192
165364
184985
162937
191711
193553
149805
183257
165250
170439
187825
179224
192377
171140
169123
141556
213057
172736
166707
160879
155260
190117
168878
184434
174296
177218
165028
189968
185110
153077
189924
140072
177293
146856
174199
163789
150970
167900
192237
182636
147829
181213
207760
174866
218578
182499
187178
197174
141074
159221
201092
161956
176720
177362
160865
163902
197530
164283
199716
167627
174244
187659
181641
181721
182784
161094
136757
178140
152027
168756
187586
171594
154415
160517
159058
158145
161264
206631
160901
190714
203623
181059
176310
156532
184912
153826
167625
150614
133961
166465
157869
183511
196330
160193
174464
183086
179969
153095
167933
143079
167145
160174
178375
189837
198568
175532
175837
169090
179676
157732
186496
184812
175595
192653
178027
158335
172313
173749
174259
162281
168077
203542
169972
191921
164087
172767
166226
189854
169042
192058
194846
187701
160169
217696
178211
184524
144471
166601
178232
153669
192788
176306
149880
167820
163601
189943
146549
193139
183545
160663
138223
177630
170119
183712
161922
166694
150842
147326
156193
171652
148961
192413
155782
183390
188467
188030
140055
169153
188438
148938
206031
178484
152537
161098
189942
186694
152782
195658
166703
152100
180043
154019
151794
166375
166993
148363
195823
194188
172985
192413
167566
147948
149123
146614
177009
176217
181327
155340
166741
179317
178414
183430
180928
172817
166322
185948
170328
149303
184628
151455
148971
157665
169896
156289
159609
157942
170263
155996
194570
152469
145862
159989
179578
178806
158062
153256
159685
162505
178787
182723
150618
172527
177921
204804
174188
168923
150302
146976
157646
195034
153407
208055
167850
155790
146521
189272
153168
175113
148302
224645
174880
163097
181443
154219
160173
158579
151197
156867
165732
187578
204140
176703
151045
160839
171915
166705
175951
181107
161802
156230
160469
154106
156961
156704
160471
163384
177667
162071
178387
193333
166186
171478
145155
147886
208300
165557
148932
162815
185891
174069
200098
204989
163998
181884
151791
174262
186511
171623
159070
190797
195750
172450
166260
206739
165335
154120
166175
160849
176253
161486
135331
176961
169716
137965
171155
141374
150733
212528
194507
168844
163227
161767
144321
173769
176273
170530
168815
182012
166538
165013
151231
174905
131427
151429
154918
159228
153978
210709
190187
161848
165801
197996
167812
138877
129458
169464
148286
196076
160153
156787
150310
146599
180277
180933
185379
156984
188360
185177
172860
185968
180691
182723
187696
161022
157350
170224
184689
189699
162879
176538
154871
163153
181815
157768
156278
178412
195590
176244
159760
163341
201986
157419
175021
163406
168450
181706
182847
199392
146585
138565
153640
152395
136679
181200
151023
172011
140964
209295
170585
164700
141895
145097
161944
179990
177035
209870
168559
191551
159927
150373
201397
152589
144567
179874
184605
166863
154610
179807
172777
156754
155150
175082
175892
149056
150437
174256
159136
154955
136810
173129
180766
158600
180717
208189
171038
149116
170336
166327
149767
199155
160242
169226
200900
168214
181569
182752
157280
178554
175058
181369
215245
186138
151954
208418
145247
185038
156323
163196
189618
182801
176735
204142
167426
178942
146754
188902
174908
156863
172037
209338
155279
170677
160612
185394
182976
187226
170362
164474
145293
160304
150972
173696
191242
169044
158019
185167
164567
171022
154292
146558
129312
174424
152631
170189
143754
154020
151334
187250
184202
165612
207819
179193
180468
148085
178325
185593
134954
133544
157003
150882
151206
151613
191321
200138
199415
192817
144543
172142
215239
208407
176844
166076
176891
159653
179545
169734
146027
177186
154350
198240
145979
179346
166732
172563
165015
173924
158456
152378
157551
193947
177674
180571
182083
133664
170849
168263
175356
181254
165981
189890
164528
153347
211078
151282
153424
167204
162457
166354
168816
149881
172491
169211
189966
167057
216394
186643
175901
161515
181035
154127
205835
176415
196970
175244
190175
185959
166260
167685
146797
166547
184109
238492
174234
173278
162404
154826
185181
163888
204369
148563
150980
168466
169085
184790
145415
158208
156046
184530
143960
135889
157171
187229
162817
179729
185504
198534
171349
152598
181595
163584
195087
196453
178934
169162
169318
189389
178145
171743
196464
145479
152727
168179
152998
175605
199493
153785
194701
160490
161927
178634
186266
206897
188779
170342
157120
165336
168587
193292
148699
157952
144717
142294
161201
158015
195482
162290
170723
165696
154150
137809
166173
204186
161459
196875
165609
164668
158122
160313
192618
187677
142650
159778
166874
203155
185843
198370
185875
215686
181643
186352
140642
187580
172634
193904
121330
151715
164664
172410
165280
153938
168225
153055
178564
168368
202218
160420
190137
154895
174276
198440
161289
199046
206372
172747
184236
163961
171036
195625
154798
154189
152314
161585
194969
140990
192259
146433
166237
157216
187117
171269
179636
212359
139260
157734
181113
172869
155994
190539
148978
147459
151066
167799
144868
163448
155269
177934
205589
159350
198136
145314
175028
199459
202502
179936
172078
186150
185479
182302
168858
148922
143681
138264
177628
197255
180980
172930
184823
169407
174489
159341
167780
172778
147492
151070
169829
154310
177578
153530
195759
160377
176224
181311
176074
149095
195299
166223
151768
204696
156634
162922
236809
165039
217737
158261
181695
156516
210394
191797
176400
152282
149597
181002
174835
185164
165364
151985
203018
178671
184128
136659
165519
197388
199447
208375
225616
143540
176459
184041
135555
212337
154813
163857
200710
175573
192306
143515
165940
162455
172991
198055
185028
184298
159707
163718
179006
139059
187171
182306
148948
189567
152923
168457
164981
193601
172361
178860
191102
149536
163271
204830
178350
173598
149597
164494
160747
171967
155889
183016
188543
149687
185030
155026
167906
149492
204795
172168
154449
154806
160995
180536
182142
175842
169000
152899
164654
194408
159295
177195
143644
146834
211284
184446
187498
153848
157675
156669
192741
177590
196243
164598
160902
163770
149379
142227
168012
161142
162182
144091
189696
153559
150032
170593
161060
169498
174739
172672
158613
179474
178358
148547
195632
202119
170048
185852
165569
145465
186317
151803
203785
167495
164281
156522
151278
194738
165105
203339
196326
169928
188151
163889
165241
168172
186867
200223
155545
173369
198682
185293
175062
171419
154810
168696
190683
167194
157842
162507
157235
172211
183993
154992
155024
188338
161502
170029
178351
215648
165791
154282
179568
177365
168161
152664
176201
164786
156241
134820
175024
172758
180659
154082
179807
158945
184304
182981
170154
162249
141143
182903
159828
163376
202007
177910
151316
153187
157376
158150
148604
150778
223833
138838
172106
182277
170037
149387
164718
165956
173648
159333
197764
145624
155815
187197
136526
204036
171549
158699
192522
188909
167037
175771
183125
174249
162982
155432
199857
183406
174570
175245
166347
155038
195504
201617
158388
156085
172829
155308
200850
162153
160669
183896
147770
174113
164070
169016
153113
160452
174098
145749
172913
216826
141083
179774
178689
178090
166354
215630
162093
170431
184533
164574
140748
187220
140939
170623
183445
178184
179203
180676
158044
202704
150003
152279
153835
165259
152316
161136
188414
151575
176841
154640
163182
185379
191825
146383
175668
162136
159267
162576
152780
184201
160320
161445
186330
184897
154924
177540
186120
173565
142522
163253
158154
165143
165995
215701
167103
183222
175179
174668
191862
151858
155255
146498
195717
183064
152929
196705
172164
176410
207419
139346
190702
187082
143608
172264
183196
199420
175259
184412
195833
156156
140967
158423
182746
158521
172074
156544
173093
167482
154230
173323
174383
148266
178209
188245
171301
205278
173555
201023
151290
185418
137971
157382
160214
152338
172713
143550
159972
150092
172620
165129
160517
157646
159563
154953
176950
151616
180082
211605
148546
192697
160904
147195
169515
152128
182251
167228
190055
178365
156295
156018
140548
187482
176299
154556
169156
165087
171040
178782
145455
155986
180819
198565
215532
192407
175499
188457
161766
181248
150053
188445
153193
177542
157281
164272
166551
181439
160309
169140
176569
154844
184974
144862
146409
168048
172171
152030
144525
169365
153267
152208
163676
161061
182595
191693
155961
184946
169842
158401
174472
145121
155079
170045
154046
159707
171868
168752
175970
186377
200937
151573
144574
163556
158925
151195
174675
148927
173756
176968
164941
176913
164741
170245
177840
200762
161980
160906
183143
154542
178384
179132
175652
161698
170568
167425
175052
165388
172572
147580
148394
173020
167888
157998
176394
184911
162674
170266
177515
177523
174086
159566
168758
173313
160918
178825
206446
169816
153957
164725
179239
179778
168476
159857
179265
148569
173698
153542
173198
172267
213081
188164
169958
166342
129934
187556
178149
163623
164993
139289
166874
186566
197187
184655
165921
165906
152616
166452
150019
138728
170424
183865
129118
170344
146880
164109
158749
148337
154982
171812
160602
183148
176396
167652
163946
176518
157521
159427
190607
178927
167010
140223
136093
158966
197253
146019
151049
180578
168956
158936
207446
174466
152158
139826
202202
186860
169955
201071
190835
143782
170352
187383
178323
171948
157780
174214
174952
167857
158654
190278
169027
158483
165255
209515
155593
143024
175699
151780
180829
163492
181510
178987
167453
161959
207982
142754
187980
149308
206246
161522
195954
197114
183473
152783
159582
160959
169642
182263
189931
189011
150120
183565
140280
209979
162123
135498
164588
187581
154913
153384
154586
143695
155083
160677
160906
188790
184063
170249
181802
178960
161613
156700
163297
158598
183549
198809
182992
149118
179350
167827
178966
144150
158801
194874
153817
191815
152055
197253
166216
200948
162235
176367
183278
142673
167103
151837
191806
145816
158705
180737
202519
157936
158732
165093
158037
133965
181914
219971
172237
210923
178159
152840
151435
135425
181784
206188
178242
160844
160281
178819
172504
135889
143067
157486
157310
176870
163696
150040
196022
166103
161275
179917
183538
211660
199877
177339
161539
157421
214429
166270
149949
184686
159753
185892
211861
171220
178171
171264
203921
168917
157213
156696
179196
139252
168552
156589
191890
198940
150328
156398
168200
161038
172931
196690
171192
155106
213274
144038
160525
173000
155751
174000
157357
150285
142726
158778
155550
153421
166260
188448
160087
165265
136560
172943
174542
153907
155605
198891
187486
167534
157927
174918
174798
182804
185870
157363
157127
176262
165714
161279
173550
192383
168796
192504
171205
159815
171835
172755
159226
141212
178321
166842
204588
144381
170206
199554
170100
158165
178609
159687
200692
180243
161337
215498
180564
157377
155461
155324
187049
210400
159610
190749
156588
137011
176973
171726
181016
218737
151401
169168
197755
187993
190350
183656
152159
157635
145875
176670
162871
139264
155339
166003
201044
151570
164184
178210
173898
161381
142100
187475
161467
178200
188032
161496
149442
167090
190659
171834
135480
182963
143265
158675
179156
182026
215586
201882
187673
168618
157411
154550
195967
181065
221218
158981
172900
186975
169131
142552
201675
181677
168220
173652
190883
154516
162151
172113
149163
210804
152454
152037
123210
186695
175700
168934
165531
150062
170547
176178
167162
199453
194001
195608
154042
158434
174063
201863
178050
176624
152689
188502
181362
199050
198805
185426
190424
184860
189777
165087
144372
179981
163331
162096
153467
162221
208260
169213
162135
159588
182566
161483
207796
156498
179087
173661
171957
187506
175893
180194
177311
161668
207142
168361
151809
201686
158912
155353
167929
175660
176359
173732
191248
168547
182411
163803
155088
176794
205427
152280
158650
154162
197484
157572
170675
212483
181292
159825
150591
157619
179255
155953
207082
179864
149963
213314
168864
159776
154161
159564
161587
150287
143165
211241
165463
181592
191719
187608
193577
147136
145576
152104
163956
184400
167728
153092
163448
177281
161546
167205
167674
181153
161474
190375
167182
175679
152471
157975
179070
176837
151776
159769
165239
144941
167690
149267
156887
173094
139466
163505
173889
154955
175296
171430
175838
152026
151784
158104
161161
158515
191587
186405
164908
179467
201591
161290
147611
172985
143076
191362
156418
185348
164530
173094
177755
160631
219557
191765
148933
146068
152377
168074
174668
171335
154520
149693
145852
156710
153427
160602
162419
167936
183955
189359
147362
178449
221284
139598
169414
185471
155652
143874
179503
188595
155686
193745
176942
178714
141242
190110
164248
179709
209334
157163
187901
189558
158098
165359
161157
168631
203795
186269
164912
160188
145040
190743
159722
179414
187428
200286
154549
169406
163823
159789
188829
161931
177635
189430
196153
142939
142443
159727
147894
207939
214429
175285
181581
155709
150930
179494
190860
226438
188014
146522
156040
184147
141606
159815
210036
182830
178673
158889
141744
148631
143287
145717
168747
194485
135373
165297
198276
185818
175195
152717
155024
150608
152656
149388
200085
164468
155187
197290
148165
172473
161786
167787
180731
187167
181999
184699
152263
178613
138766
174456
169963
160944
143384
152813
144112
154317
149940
162758
157774
191623
148646
148248
148583
177071
144651
162905
168048
150474
196350
178148
175522
138016
180840
176367
176397
199205
164393
179450
173806
151623
195736
175248
179504
161777
190237
163234
163217
153797
173201
193775
171036
175996
170538
174581
163494
185726
191905
168682
158281
194156
182479
175753
170657
183301
