317033
312517
322313
326894
326725
326032
319160
323410
324425
322980
325540
318919
326883
324029
321764
320000
320604
317572
318320
322014
317873
322418
322235
318795
320552
324328
318221
324348
321698
317259
318406
318582
323969
319025
318129
317927
321611
319295
323810
317243
324732
319331
326773
317874
320136
324080
323544
326350
320763
317816
326185
325952
320586
317559
322651
322030
326601
326838
319239
319374
320328
326817
319982
324813
326363
319357
317679
325467
324193
323598
324762
326927
320200
321834
324602
324929
320196
324637
318188
318231
320752
324346
322952
317293
324039
318978
318964
318329
321288
319138
317098
318617
321222
325992
323594
322724
319070
326535
322010
321178
323620
318644
322421
320730
318664
321157
324479
321292
317241
318678
322406
319197
325776
324145
325636
324067
325051
317933
323151
319610
320087
323700
323690
326333
323503
322378
326656
317826
323728
322849
319530
322424
324501
319766
324292
324274
319919
321914
321509
320035
317101
322005
317375
320486
319269
325194
319740
317705
325832
324291
319342
321698
326021
326471
325466
322856
324461
317152
322115
324766
318276
318270
317944
317500
322284
323761
320375
322759
321249
323203
319497
324254
317711
325758
325728
320928
326785
319277
323129
324173
321707
320797
322722
321220
318528
318605
326465
325916
325224
320626
323496
318724
317406
317524
325043
326033
326799
320175
317240
323131
319581
322894
318766
323390
318372
324177
321680
324413
318041
320731
323614
319320
322251
317807
319265
322149
326512
317111
326314
319694
318906
326145
326066
325650
322461
323347
322151
325486
326188
322227
319174
324141
322871
322377
323730
318136
324994
325767
317284
324520
318151
322323
324334
318304
317267
324956
321079
323713
323101
318387
325646
322028
324827
317937
326054
321456
321177
321845
317675
321925
317808
324557
323433
326340
325538
317619
321190
321719
324809
319431
321932
318854
325009
323078
317194
325049
319614
323668
324962
325409
319631
324135
323786
323371
319898
318470
319646
324317
324240
318451
321222
326735
325778
324404
325519
322913
326296
326397
323066
318033
322191
325381
321223
317676
323443
326856
326047
317862
323020
324433
320162
321931
322255
324088
317699
326172
324375
324718
317827
319346
324180
323674
322505
320184
317315
324577
318550
320559
317214
325996
324343
326126
321925
318974
324390
320661
321704
317970
325391
321414
319876
326086
319571
319423
321044
322587
317913
325604
322622
323840
326945
324636
326228
322271
326517
318706
325979
324237
322976
320247
317929
325348
324905
318191
322551
321812
321020
322366
317507
325918
320471
317171
322295
323227
323828
321389
323328
326233
320360
325806
319622
326873
324869
322236
317843
325673
320476
317677
318036
324442
324823
326785
319487
323457
318859
322269
320135
319724
319825
317458
321565
322015
319646
317865
325659
318410
319170
320577
323342
321756
319709
321307
321144
320434
324326
325054
320162
325104
318351
321558
321736
323165
325454
326268
319336
321903
324429
323849
318462
319879
319578
319378
323173
323672
317900
317603
326440
323319
324338
318462
318579
320461
324353
322810
317924
323910
320198
319611
321943
324382
326092
324048
323118
325909
327001
325079
319771
322197
319293
326962
324318
322796
318748
321109
325105
317486
321204
324017
324557
323369
326086
324800
323170
325927
326996
317324
326857
324707
320650
318091
320429
319659
319053
317777
317885
323663
326402
319243
325324
317409
325038
321877
324528
320202
323938
317147
322169
318285
318113
320535
324524
323488
323210
317774
325716
322874
320599
317927
321863
322150
324495
318416
326889
322257
318750
319280
318229
325451
324812
320958
317746
318039
317818
321415
320073
317597
326209
320216
326818
320226
322647
324407
324246
323548
317695
317285
322964
322734
319347
323143
319957
318573
321766
320808
323971
323863
325251
320796
317795
318099
321039
319254
326196
325708
323970
318110
319877
322083
317479
323313
326061
318416
318965
324158
318608
317699
322463
321043
321074
319011
325837
319683
319876
324788
325895
326113
323512
318668
322775
322437
325655
320139
321129
319802
320478
323907
317243
325954
326288
317237
322144
324911
317572
325009
324241
323557
324796
322164
326917
320836
322470
325876
322955
318963
324043
322783
326978
319684
319430
317142
322606
320794
320313
323318
323671
318308
326789
325537
320430
324211
325632
320024
324351
317749
320124
320063
325345
324635
319904
319802
319732
326179
326157
321154
325147
320777
320154
321334
323927
324715
318219
324283
324880
322026
320076
319663
325030
319474
321694
326444
326639
322999
322849
325654
323844
320383
318731
324336
321872
325467
318490
324775
320015
324527
320844
318958
318770
319939
322402
323976
318120
317309
324583
318234
325482
326167
325770
323196
326239
322364
324731
324661
320559
318673
325572
319678
317786
326692
318035
322599
319160
324322
321566
323267
320555
319878
318293
321283
319255
321136
317151
319057
317734
324049
321524
318241
321047
320038
321511
317911
321654
324566
323921
323815
318703
317623
325310
319428
320858
318749
327027
319404
320472
322982
321965
326163
319980
324364
326255
326257
322900
324049
319560
317148
323343
317070
326568
319600
326171
325666
323448
322941
321748
325006
320857
321897
326833
326389
324979
318547
318454
318293
323171
326886
323056
324906
324422
317631
317438
325852
317548
320401
322034
323573
320895
323242
325517
322537
321095
324955
319571
324529
321165
319404
319026
323262
317764
322832
325554
323836
320896
324064
326438
323180
323236
322685
321527
318078
325723
326577
320620
320674
322273
319767
321970
324989
325159
323216
322973
325176
323219
321142
326290
325830
326811
325278
320572
318242
324870
325190
317258
322483
320992
320944
318190
322246
317562
317349
319930
320247
319907
320312
326939
326873
318954
319198
324763
323418
321302
326338
321822
319221
321251
321574
322900
319659
325048
321480
322108
319641
326030
322273
317397
321991
326362
319557
320058
324574
324336
325245
320725
324387
325450
326778
321566
323841
322413
323715
325322
326781
320669
317334
323633
324924
321560
320972
325857
320817
326579
319327
322072
321417
323628
320464
323489
319274
318163
319711
319979
318206
318024
323737
325536
324903
321387
318951
319939
324938
323591
321638
326420
323557
317358
322374
323340
317884
326411
319682
325100
322564
322949
318307
319822
323516
324673
319138
321134
326439
325385
320461
320451
318250
323122
319843
320662
321597
321326
326469
318354
327006
326698
326968
326385
319815
323878
322458
318681
323001
318876
326655
322627
326946
320632
320848
323373
318355
317287
323486
319998
323695
322037
325962
318651
317127
320012
323144
319944
323960
325226
324156
326845
320784
326404
324911
318716
318507
322330
321925
324819
318332
321699
325699
323782
326398
322930
319417
318970
319136
322393
318295
319232
326986
320160
322019
319963
322377
318042
326404
318497
323559
319657
322228
319563
319003
324284
325897
323442
318075
325947
319711
320976
326100
321236
319198
324841
317865
318823
320251
319080
325586
326204
318407
319277
321197
322545
326130
322368
318107
317506
318134
318474
321578
324890
323453
324275
319588
324445
320373
321951
324303
327025
320352
320671
317809
320069
318088
324699
322900
319343
321546
318649
326913
323619
325720
326809
326496
325290
322244
324918
317113
321707
318661
318785
321639
320359
324007
319438
320275
319487
324011
326827
322764
317498
323847
324236
323369
319082
324289
323065
323665
323664
320335
317039
326075
319214
317119
320813
323768
326224
320802
321234
321568
321408
322750
321274
320484
321351
317806
320353
317175
325620
321655
320118
321865
317322
322105
325458
319996
323819
321681
317241
322650
320139
322680
320408
325781
323607
324176
326735
317219
326204
318670
322560
323505
324006
319007
321126
320672
319393
323971
319752
324571
319648
321411
323292
326812
322079
325189
326934
319524
321585
317243
326069
323796
322976
324669
326599
323931
322267
326493
322597
323271
324369
322137
319502
325658
321972
325663
321397
318219
321845
326223
324775
320833
317915
325932
322779
326161
322060
325508
324112
319538
320021
323263
317863
319084
325292
326088
317967
318409
326336
318801
325904
326606
317396
320496
324953
320242
323765
319584
324313
317199
326184
323712
324994
319596
325699
326025
326902
317777
319414
325371
325808
321260
325079
324086
324681
326966
322939
325521
317470
320915
318225
323356
317927
319174
320041
321488
324016
326589
317315
318260
324371
319425
322808
326273
319983
325766
320675
325525
326325
319245
326470
320064
323830
326763
324240
320959
320045
320865
326620
325551
321696
326546
322011
324332
320091
324888
321320
324582
324709
318310
323365
323754
324723
320291
317828
317222
320769
317589
321061
319116
327022
323127
322656
318405
322863
318730
325091
319594
317997
326170
324916
321559
317230
320914
326969
325153
325254
318371
319133
321317
326113
323520
320179
320590
325919
324993
319198
323786
324295
323431
324471
321869
317778
319831
321575
319313
321301
323201
319077
318457
320937
320271
322307
323994
318203
323356
326077
323537
325006
320415
323647
317990
319194
320148
318287
324542
318272
319653
323198
319320
322934
318992
318367
326147
319499
320775
321273
317384
324411
321491
319233
324117
325845
324893
321946
318952
317933
322577
317837
322618
323552
318764
321436
323960
317226
323255
324148
326059
325500
318057
317209
325839
324716
322919
318009
322288
319094
326847
320500
323233
325657
320629
326776
323456
319107
324285
318721
323251
321153
318067
325445
319292
325724
321633
326266
321284
326328
321136
326505
326678
325931
325339
320960
320038
320363
323364
325625
323821
321246
326108
320251
324917
317523
322894
325469
319796
326590
324508
317336
323245
321497
324052
326209
319722
317709
324444
320000
317593
326005
320466
323645
317353
325312
324098
324819
325059
326762
319956
321072
319655
317808
323063
326987
324764
326135
318501
325828
323434
326556
318485
324950
325384
324186
324434
318661
324064
323306
323040
324972
320412
323292
320478
320437
326666
319121
325794
324595
323737
317607
321449
320054
320135
318699
317641
318877
318902
321177
323446
320338
323261
324348
317049
319646
322703
318006
325792
324564
325459
320746
325146
322253
324315
321180
317565
318448
318334
324819
323280
325271
320570
318661
319654
319541
317036
325056
322905
324583
321203
325676
323664
321106
325075
326893
317788
317588
317993
326554
325038
324587
318793
320525
319113
321835
322658
320145
323329
327009
320907
324730
323480
318644
322309
318362
321569
321269
323228
318561
318927
321615
324696
317629
325252
320501
326704
322522
317660
318429
324723
326611
326562
323242
326443
321166
318577
320520
318663
325339
319853
322963
318656
319805
321719
321168
321086
326388
321663
321708
320461
325601
320432
325979
323382
322767
321439
322359
319076
317406
317443
317471
326354
326954
325741
321374
323292
325320
325835
325674
321240
317823
321006
322546
325797
321348
324141
324580
326280
321404
319780
324061
323930
323265
323737
325169
322468
317977
318140
320372
325614
322153
318077
322600
322295
325700
319898
323576
320728
321472
323989
325094
318610
324935
324328
322288
320628
322132
320870
323471
322757
326594
320274
325225
320512
322968
318256
326779
321857
320411
323129
317209
322009
320574
318274
325321
321730
317516
326952
324468
322733
323591
323143
320250
323528
317515
320077
324631
320387
320767
319866
327027
326805
322520
317295
322416
326843
321734
326775
319401
323603
317905
319906
319164
325776
321690
322990
319705
326763
321264
319291
326878
323903
318933
324131
324573
323994
326794
321616
322888
318261
319957
323083
317989
325649
321466
318335
322391
324526
321927
324298
324866
319674
325532
317771
322895
322527
326159
318936
317612
326473
321416
321752
325721
322210
326117
326898
323682
324858
323154
325355
319878
325573
319499
325195
319805
324437
320534
320757
317292
321305
318129
320864
326558
324835
322238
323073
323123
322115
319334
327028
318538
325896
322829
323975
325683
318378
324425
320291
319898
318077
326652
321223
318182
324533
322795
319484
324677
325503
323888
322529
317549
325220
319944
317939
325588
320198
326224
320175
325830
324919
323811
324340
323576
325877
319320
323646
320739
325313
320858
326416
324762
317818
320387
321612
320670
319401
317683
318268
322800
320419
326389
322116
322529
324240
324594
321585
326116
323419
319655
325261
321080
324987
320790
323265
317485
318790
324518
323040
324822
325815
319263
323150
321420
318635
319046
317345
325777
325678
320065
324159
324956
326391
317633
323899
322618
317698
321312
325008
325922
318073
324847
318098
317443
322330
325903
325389
324321
321887
321995
321350
326716
323506
319934
323741
326483
324567
326598
325150
324984
317682
321467
320624
317686
322939
325954
326107
317931
320686
326150
320942
320532
318825
319539
319049
318189
323666
317946
319430
323892
324449
318252
320161
322377
324159
317183
317711
321717
324692
317511
321525
321959
321253
324488
317757
326339
325050
325616
323996
325949
322109
318729
323701
319811
326560
321344
326273
318885
325501
326993
320684
319650
325538
322603
321864
324027
326318
319437
318135
322223
326836
324592
319573
323481
317721
326801
320351
318734
319292
323282
320513
320099
320339
320635
324504
319253
322873
323069
321818
317265
325701
326881
322310
323985
318473
320590
323824
324886
325609
319874
325266
317795
325018
319731
323317
325705
321032
320956
321537
326795
325429
321521
319743
324680
322372
319976
320882
326111
321098
326486
317820
319966
321706
318733
321086
320093
326022
326454
319761
324703
319191
321283
318600
321215
325913
317524
322356
319315
320780
318418
317642
324918
321266
320245
320449
322484
321383
320270
325227
317082
325932
325079
320858
319479
326145
326930
322803
326771
317695
325832
320899
321717
320928
318095
318249
318052
322010
319916
318608
326526
325748
323260
325713
319406
322307
317426
325551
320984
318743
320109
325839
326681
325541
318937
321759
317737
324824
318085
321690
317048
318775
320363
320824
324446
321535
320863
319296
321216
326679
320392
326089
325527
326336
322465
326453
323537
324468
323937
322246
317236
324620
321674
321093
318286
319200
320379
323310
326822
318182
319482
323020
319735
319557
318758
320127
322764
321248
320152
326983
318353
326737
326472
323586
318401
319862
318154
326000
318009
324836
323749
321011
322427
321530
317118
324049
317127
325654
322875
326546
318233
322498
318115
317248
322454
320607
322016
324871
319248
322443
318550
325122
325725
320153
324785
321246
319634
323037
325599
322422
317986
317083
326153
319156
320565
323163
324560
318649
323035
317786
321954
325542
322276
323694
318794
326876
324985
320372
325237
324464
324121
319903
322394
325788
325989
323906
319614
325117
324119
317985
326628
325582
321296
322919
321175
325910
318223
324695
326034
317966
318972
326001
322087
322544
318161
318416
323087
323100
325086
320295
322635
321343
322926
319953
317658
319782
324284
324933
319506
318941
325990
326461
321423
318963
324523
320944
325695
323132
326634
318899
318375
319847
320497
319853
321097
325863
319913
324795
324015
323960
324198
320738
319940
325316
319707
322045
323844
325842
326906
324246
326560
323184
318056
320737
318754
320299
318909
317660
318048
321592
319370
321847
325571
320289
322217
323334
321056
326049
321497
323550
321304
321851
324992
323540
323779
319816
321958
317642
320941
321559
317969
323393
319453
324064
317141
318224
324612
317085
326311
324985
323598
320107
321579
323008
323261
322550
319026
319575
321768
322960
326239
319852
318405
323235
326130
317885
325208
326917
318692
320381
317512
326529
326055
317189
318975
322732
320201
320897
323133
322208
325954
322303
318198
320833
324204
325022
317488
320180
322052
323521
325060
326082
321806
319774
320642
318325
322193
323810
326731
319095
321611
323960
319810
326694
326722
326310
318582
325489
326212
325962
324032
326001
320800
320250
323147
323460
321711
322431
325096
324627
321441
322553
325698
317618
326121
319860
321207
318906
318979
320706
326639
318809
320775
317341
319151
322700
323001
320578
318522
319927
318665
318099
320611
318940
322398
320898
323301
320525
318733
325510
321930
318779
323316
327006
324652
320084
326130
322189
322257
322901
322988
323087
326301
326484
320087
323099
323971
325003
323386
326120
326390
324526
326306
318049
324293
317483
326073
324870
324432
318579
321563
318582
324889
324270
323001
324902
318088
321609
325307
323297
324001
318366
325698
324467
323130
320166
318128
326055
324630
321190
322781
318467
319162
322100
326370
321583
322576
319162
326794
319184
319347
322742
317972
322117
321924
323540
323846
325066
324813
318940
325440
324932
318412
323257
318237
324880
317449
317436
317338
325458
320301
324865
325707
321292
321864
322280
321698
318119
319962
317960
324389
323389
318767
320361
323391
323185
318294
326497
325377
327033
326277
321774
324430
325689
323011
318571
324591
318473
325112
323405
326851
324153
317263
325151
322181
323986
319955
321396
325863
323628
318250
322397
325952
321483
319825
324685
325163
326073
325322
325237
325603
325147
320173
322123
325059
319850
317151
322369
326649
325774
325577
319007
326792
318051
321579
317801
320629
322665
326092
324175
317857
327001
320906
326358
319006
326033
319652
324216
319862
318966
320479
322763
317517
325559
318924
320109
319749
320797
320763
321826
322054
324628
327004
318924
320087
325045
323917
324793
323080
320219
319294
324358
324817
323316
325985
326148
319094
317675
321607
326446
322506
317858
317711
324389
319482
325983
319479
317074
324567
319089
325343
326171
317144
318785
321105
325982
320947
324399
324715
318311
319159
319802
321405
317895
325421
324433
323076
324380
318469
317970
321782
326336
321173
321607
318191
324051
322890
318096
319380
319228
319586
320195
318396
322278
317145
324247
326036
317831
320459
323497
321460
318164
317649
320263
320070
325126
319932
323908
318001
323228
320938
318705
317634
317683
326589
319169
318871
326572
323749
325379
320274
322400
322420
322510
319307
326131
318673
317841
318001
322155
318245
320244
317705
319805
326271
323007
324907
322531
320660
318969
318514
320752
320821
318807
325478
323830
324146
320044
318888
326830
323021
325772
325578
321453
320261
326946
317780
323020
323882
320320
327013
321600
318360
325280
326337
320818
326722
321056
320102
322781
323303
326022
321378
317980
321400
318209
318634
321631
325523
319759
322267
317037
325084
319147
320738
322020
325910
324540
317783
320407
322122
323324
322291
325101
325009
326599
320655
323089
323496
326626
319206
324239
326563
318202
320917
320577
321197
325324
322524
325567
325436
317239
325695
323615
319983
320954
320901
319123
319831
325157
324928
324677
325355
326176
323037
320268
320304
325054
325965
324804
325604
319257
318259
323200
324549
318763
317966
318368
317727
325421
325259
319872
320595
324456
326597
318393
324668
323224
326179
318033
317499
318014
326748
324811
321995
320792
318790
319231
325618
318269
321223
318972
318224
326647
319998
318855
326512
324249
322278
320166
326735
321561
320518
322884
322335
326963
322089
318040
320789
324955
321129
326813
318239
318354
324316
318431
317459
326342
317403
326790
321789
318071
322586
322047
324406
317390
318174
320038
317968
318892
320703
319244
317581
326258
320737
318364
321761
319537
324883
323649
322043
322112
323316
324546
322309
323691
321307
323527
321276
321202
317442
318671
317521
319366
318907
321193
322317
325163
322187
320642
326894
319499
326777
322922
320095
319944
322276
320955
326893
318429
323156
326678
321528
319492
322714
319897
318409
318179
323952
320246
320813
320332
318239
324896
322017
322527
319837
317746
319331
321764
321083
320510
326698
318473
320746
319765
325022
319810
319416
317696
324108
321976
325567
319236
322287
317556
326774
326248
318214
318672
320344
325092
325667
325974
324816
325614
324642
317748
320088
318290
318938
323402
324661
323485
324402
317527
326449
325354
323144
326356
320935
325589
319283
324257
321458
324666
324640
326900
321502
322936
317196
325558
325615
317868
326648
321151
321513
325988
325188
318155
320901
326767
319510
324377
325578
319255
319802
322764
325462
319673
324616
320859
324418
318593
317050
322804
319168
323642
323061
324854
324794
321927
320193
321419
325985
322569
317298
318891
326308
323426
318096
318426
317258
318104
322402
321603
317766
317253
317233
325830
317558
317579
319357
324556
326847
322886
323852
323844
318592
323650
318576
322885
319359
321237
321388
322947
318946
325382
322002
318105
323152
324810
324299
318174
326265
317803
322862
326133
317141
321952
324957
320288
317741
326873
320070
325963
317056
320407
324917
320664
318543
326282
326708
322779
325001
319334
325465
325436
324699
326044
325923
326553
318912
323747
318618
326988
321384
324350
319759
326850
318590
322163
322861
317986
322580
321247
318809
318568
317376
322608
323941
323814
325949
320682
319566
325300
325416
321675
322714
325671
318838
317955
318922
325673
323749
320550
320522
320598
321938
326327
322757
326908
320299
318610
324623
318037
321945
325146
319585
323678
323668
325629
318867
326697
322761
325277
323895
324129
320096
324095
321919
320609
324927
318692
323743
322344
323800
317752
323678
319579
318066
321967
323136
322103
322512
319857
318389
324742
319430
321411
320798
325809
321362
320919
322808
320578
319399
325951
317485
325892
319191
320586
325025
317874
325952
325843
320614
327015
322180
326106
319181
325743
320347
321415
324196
322968
321674
319875
317546
319818
322141
320862
323327
321556
319718
325075
323864
325248
326081
318819
323556
319843
322689
323461
325984
322198
319157
317881
322283
321093
319957
323778
322691
325521
324961
317068
324794
321563
322487
324912
318472
322750
320398
326834
320426
324744
321325
322246
319276
326527
320159
324824
317537
321890
321195
323591
325360
325911
326396
324164
322351
322048
326756
324254
326237
320732
320684
324635
319474
326027
318809
323757
326516
320910
317131
317738
320780
319069
321450
320046
326437
317767
318036
323459
317908
317669
319559
323506
319317
319687
323426
317897
317619
320748
320659
322347
317391
324120
326565
317450
325733
318546
326936
321980
318513
323444
323551
320957
317060
324367
325682
323415
318662
322872
321791
322746
319406
321977
318130
325264
320827
324224
319721
324785
320827
321077
317393
324784
321932
322143
326967
318378
318445
317826
318202
322266
324272
322787
318548
323683
319316
318024
321184
320292
318677
326220
317074
326195
326645
326910
326816
326619
322587
326691
325222
320489
325025
317161
318986
324290
320617
318844
322539
326002
326143
320591
319795
324858
323809
322164
318428
322033
325693
317713
324457
321422
326521
324753
318734
321226
321926
323153
324991
326814
325113
319796
318054
318543
321465
326338
317570
323243
325810
319795
325420
325886
326931
323612
325089
318074
318603
324931
320063
324434
317693
320274
319562
326902
317449
319911
323548
319779
323019
324697
323650
318084
322279
322356
320336
317896
323462
323226
325829
323631
321360
317975
320142
322363
317858
319424
321444
318502
317554
319396
320725
322718
321101
320177
324651
320822
317114
323915
318806
320156
326976
324878
325250
326053
318496
325945
321937
326454
320363
325865
320361
320191
323545
319236
322633
326560
326063
322055
323735
317870
322781
325206
318806
322260
324463
321684
325739
324888
319537
326471
323513
326687
318163
323930
322363
322780
326344
322488
318000
326745
322004
325917
318029
320687
320970
318903
324598
326291
324555
317303
322032
326505
317933
317676
323363
322834
324731
322819
323158
324498
319715
324343
326777
321397
322214
320573
324376
326615
326498
322308
320863
318212
321366
320483
319869
326560
320351
321278
324515
319564
321556
322527
325895
326679
325533
320795
321166
319848
318454
321722
325293
326541
317361
317083
318496
319248
320536
325108
323363
322884
324112
325849
319647
322017
319424
321315
323892
323753
326140
326327
320950
325925
324101
317731
319466
320805
323349
318695
318547
321041
319476
318731
324615
322557
321817
317892
317432
326602
323507
318475
322433
326284
325163
319753
321320
320388
319562
324414
324513
324808
321229
320888
318846
325949
325901
321514
318097
319276
321882
317339
321562
326491
320301
324732
322214
320365
323230
320085
321004
325670
324646
318927
317363
326015
318999
325245
319923
323601
324306
320293
324378
326796
317256
318083
317991
326852
321016
324323
317436
325031
321488
318250
322905
326823
319522
319111
322216
322786
321950
325660
325352
325510
325974
318005
322500
321585
320504
323352
317300
322726
321904
326260
320949
319622
319402
323430
320722
320260
323256
317891
317680
325267
318891
325530
324031
317527
322821
318906
323779
324656
324669
317906
326306
322783
320638
319117
321482
318711
318727
320614
317481
324658
323104
319953
325282
318200
324557
321369
319233
322038
322668
320447
324221
320861
322218
317330
326342
321758
320577
326756
317330
318848
322039
321188
323532
326032
321682
322584
319029
322536
318262
321688
324009
326123
322870
319325
318169
326107
318470
323262
326212
324299
323847
317040
319920
324053
324745
323835
325145
324401
324266
320814
321251
322491
320243
324601
323033
324780
321723
326582
318329
326126
320737
321950
324276
318354
318565
322865
324041
322625
324766
320279
324165
319352
319121
319822
321278
325280
326207
322720
325441
319510
325985
318896
326795
321275
319145
318348
322739
323735
320958
318763
319826
320893
324098
322924
317101
320197
318447
318944
324515
319482
324891
318943
325909
317783
318845
321759
318271
320322
326287
318442
319836
326706
323667
322075
324207
319153
320390
322481
324370
319957
324610
326462
317309
320375
317524
320843
317785
318296
318508
325898
317739
323064
324567
322809
322167
326823
320260
323227
319183
323240
317244
319048
323601
320062
318075
317501
317075
322876
326443
318969
321918
321424
324243
323868
317645
317937
325254
317190
319277
322064
320007
320979
321850
317495
318064
324106
319114
320096
317991
322559
325532
326539
319346
325016
326317
318255
324377
326096
318391
323920
317560
322587
326541
325258
319318
318634
321679
322841
323882
324083
320150
321919
319070
325448
325016
320926
318215
321018
323308
318527
317609
321700
324186
323438
321665
326008
318248
324658
325441
319854
325092
323028
321560
321096
323229
319013
324060
321863
320894
322923
319034
319161
321442
322185
322517
322843
321600
319319
322426
318454
319527
317657
322043
324891
324141
322887
317452
318390
323657
325041
324300
318067
321356
325441
321784
321691
324872
324722
322446
321856
326579
318196
321744
320463
320546
317903
326129
318005
326034
321198
325587
326452
323206
321128
317396
323861
321775
326485
323530
321976
322283
326117
321866
318830
324180
319697
325399
326165
324481
324635
319057
317997
321352
319794
326212
322152
323847
326491
322146
323633
326803
326814
325702
317639
318432
317620
324705
326020
319414
324414
322342
317505
326369
324983
323113
318667
326697
321749
321011
321167
325049
319938
317441
322079
318909
319278
318927
318416
322144
320911
317512
324859
325899
324483
321501
319319
325340
325458
317074
326700
326275
319419
324194
324603
320617
323355
326585
320833
324302
323291
324707
325422
324116
326369
318673
320851
323563
321004
318738
320969
317279
319596
324425
325793
321491
322512
319596
318621
323662
318973
320122
321640
322132
319679
317678
324519
319335
323646
324420
324007
320118
320440
324895
317564
321113
326381
321795
327026
325192
322342
322053
318420
323445
320142
318907
325556
320048
321299
321509
319007
317211
317564
324252
317206
317606
322162
319815
324976
317826
322546
326023
324062
323069
317534
320127
323153
321023
317694
323622
326730
326419
317227
319448
317827
321617
321084
326850
322184
321982
319655
320808
325708
318449
324345
325653
324801
318202
318253
322241
323029
325491
324584
318008
322641
318091
317574
318964
322705
325994
323270
322524
324658
323763
325077
321249
324687
323923
319130
319282
320622
325373
324469
318309
323483
318169
325328
318713
323306
319771
319136
318953
322790
319979
320164
326184
320943
326606
317380
323518
319852
318384
326403
317484
326797
326799
323289
319291
320497
324829
325508
319005
324767
322749
317744
321080
323732
321050
318892
320690
321785
324378
319031
324331
320399
319034
324651
318126
321115
324337
324479
323313
318662
326703
319014
322417
324707
318816
323506
323004
324766
323706
326458
323246
317587
324664
325952
319428
325915
321669
321647
324854
326581
320753
320259
326681
321990
325400
317240
317042
322043
323793
319935
321960
320006
326621
319502
319235
326505
324336
326372
322003
319467
321458
326026
326191
320412
319774
322842
317629
323740
318590
326465
323378
326546
319165
323316
321639
322184
319059
325696
320254
320493
323462
326498
326475
320437
325171
321953
317481
326393
323618
326385
325890
323845
321229
326396
320538
326297
323189
322462
322325
317536
318021
324961
325975
317523
323559
319949
321083
318421
319569
326748
318224
325455
323099
321330
320058
318143
318577
319832
319730
323602
326690
317501
321458
320633
319651
325313
325339
326458
322485
326808
317497
317824
320905
324027
318499
322138
324478
323867
324013
318367
321518
323656
320787
324158
317228
320313
325908
325615
326126
317834
321314
326460
321923
324680
326165
325599
324054
322974
325593
325314
319398
318344
320462
326034
318710
324172
325986
321921
323820
320238
325574
320356
321049
326401
326661
321004
319256
319457
326867
320125
324336
317866
324316
320406
325396
324282
317386
320599
323892
318594
320976
322429
317255
323991
320523
318112
323956
323789
317386
322826
318930
322960
323379
321036
324121
323010
322095
318327
321322
321922
320749
319497
317436
323739
326400
325227
319618
318904
325411
321714
323614
319271
326441
319420
322384
322415
317088
323322
318142
323687
324431
320747
325770
321567
321238
319058
321341
325283
321927
325903
322484
323534
326408
317714
326442
322886
319913
323079
324425
324015
323074
326691
326266
318105
325066
318468
326201
319627
318839
317925
318843
324848
323544
317985
318739
319640
317834
325486
326930
318856
319086
326698
320531
319898
325562
321377
319564
321850
319633
325726
323838
320955
323021
325192
324762
320985
317970
322341
326199
326490
326487
317798
321315
319762
317976
317249
318071
321797
317613
318972
318537
323854
317962
320840
318831
323849
317109
319805
318586
325546
320935
324145
320982
322072
317597
323749
322837
320446
325359
326035
318653
322281
317836
318076
319358
317038
326755
319338
324956
323412
320468
320953
323701
326739
326628
320092
323057
325707
321717
320193
324903
325861
326478
325762
320503
317972
322248
320577
320224
319747
317817
326163
318744
324162
325376
322677
325691
324764
318307
319248
320772
321773
317767
324602
323675
319735
317420
326265
321677
326945
324615
319377
321175
317368
322001
319978
323055
325908
326271
321558
325999
325944
320219
325002
326514
318183
326064
318787
325113
325070
324643
320072
323630
321029
323364
321637
325481
323350
317893
323459
326816
319540
324040
318420
317775
320006
320490
325836
323891
323256
320273
327012
326765
323356
323945
325237
320766
319662
326397
319821
326520
323560
318333
321625
321335
323024
325720
324186
322844
320064
326034
324947
318704
326472
319395
320144
320419
326879
318383
324146
317941
322205
326984
317246
319016
326335
322234
323263
317700
317975
325798
318816
324424
324478
325849
324463
324894
320802
326828
317375
322032
321755
318028
318425
326629
326967
323231
326922
317252
317281
322802
319773
317417
319335
319121
319540
323392
319645
324501
322282
318709
325042
321808
325179
322402
320321
326257
321518
318525
324117
320276
321612
326425
323277
325105
321807
326190
319148
321952
326458
319113
317725
323606
320350
322985
319393
324046
323940
322889
321157
321451
319630
322283
322869
323030
323272
323360
326631
319342
322254
320296
317308
322176
322675
317568
317882
323065
322780
320685
318154
320591
325413
324964
321171
323238
326218
321404
324594
322975
320847
322984
321706
322765
318489
321508
320417
326886
324981
325045
320851
321034
326995
322641
322324
325420
325882
319273
321542
318859
324618
320996
319329
326965
318700
318970
321630
320355
318825
317772
326545
324611
321897
323239
320044
318190
317678
324065
318888
317378
323893
321408
324908
319739
322846
321948
320571
326462
317499
324474
325480
322424
322241
320739
318511
320389
318105
318548
318692
325023
319476
324712
325795
324166
319209
323758
318592
317164
320773
319581
317162
317922
319628
317490
318363
317082
321158
322194
321925
317160
320637
322107
318175
319555
325119
320933
319957
318965
322128
319207
320729
324250
322117
321148
325485
318827
319665
324771
317877
323965
321823
326886
318262
323210
325612
326707
320426
325939
317302
320591
321935
325684
319135
324100
321875
321611
323151
318173
317058
319997
325323
325059
317940
326466
325859
324608
323380
326418
321888
320601
317840
320278
322107
318521
320500
319916
323175
323670
317523
325102
320901
325088
317375
324665
319241
318888
318151
317334
326341
323714
318650
326285
317668
321803
326344
321207
324626
318103
322170
318741
319274
320241
318125
326322
323937
318339
318162
320738
323308
320787
317632
320707
323677
325994
324929
318876
322391
319274
318845
322226
319201
320284
322196
324777
319722
319607
319344
326433
318078
324402
320281
317792
321287
321576
318852
320487
325463
326906
324827
326059
326698
326098
324349
318782
317485
323340
322208
321636
327024
318750
321271
319697
321121
320063
323727
322525
320982
322823
318625
326104
320714
317120
319148
320703
323082
320493
324266
321168
319556
326768
326956
319767
321496
324132
321900
325291
323348
322763
322224
318978
318305
318689
318857
324507
317666
324860
320498
320778
322488
320506
325346
319151
323523
325606
323194
317185
317638
317289
323733
321978
320660
323263
317705
319529
323596
319385
320877
326573
321796
320783
322094
323063
319742
320260
318612
317992
320952
326706
319010
320303
321767
317613
321478
319231
317254
323348
319528
318637
326912
325025
325346
317376
318302
322947
323719
324026
317192
318020
320326
318433
319840
321344
318129
317920
321277
323558
319236
324300
317899
321576
324272
318034
321498
320589
324143
321626
319337
317376
323597
323613
326461
322865
320565
320913
317667
317704
323931
325443
326660
317056
325439
320022
321161
320320
321451
319088
324070
318836
324929
325113
319568
320617
321226
322166
323257
322306
317592
319398
319332
318997
321026
326041
326538
322006
317793
322205
319069
324819
321297
323269
320673
318594
321188
318906
322722
317175
323575
325068
324298
325417
317852
319771
322171
323615
326438
322173
323753
325717
319812
323388
326888
317241
320631
323064
325075
320679
323362
321679
319179
319157
321846
322562
319456
320833
323612
323235
320953
318822
317573
318394
323380
322561
326683
320061
325604
323859
322183
319430
320533
323397
319867
319255
323144
318503
324126
322311
323344
317883
324267
326655
324978
325676
324706
317308
317858
320435
320725
325028
320581
320417
320595
326145
326240
319494
317768
322374
318378
324812
323631
320275
320524
321870
325925
319932
325536
325300
324996
323887
323947
319249
324433
324180
317426
326697
319423
320043
326827
326003
326842
323937
321079
321379
322548
324363
323471
317573
322713
324744
319531
318434
320193
324927
324644
326475
324576
318587
320203
323704
319896
320502
324469
318921
318055
321293
324566
325751
319946
318981
324251
317535
319186
323531
323094
318770
324116
320792
318811
317729
326372
323324
321344
322752
325178
324463
319392
319947
322734
318167
326701
322414
320252
318230
317825
322132
317356
324398
323379
320553
324859
318071
322295
326553
322044
319571
326337
320972
317205
319885
322948
317854
321120
320011
324320
322181
326181
326767
323679
323544
321224
318585
320242
320654
327029
317735
318591
325238
317758
323155
322850
321672
320570
321582
326218
323087
317902
320545
324848
326741
322224
320448
318755
320605
322885
320596
317583
317281
321304
324373
326322
318278
326097
326615
324335
319365
323071
326280
325191
323872
324203
323496
325261
321677
321726
324506
325657
319744
321950
323796
323544
323352
320761
318453
324075
323245
325323
326402
326913
324488
320946
325839
326469
326518
319412
321458
320341
324194
322679
318898
318285
318632
326664
324798
318668
323118
317353
318581
319371
318403
319940
318130
323346
321276
320511
323356
324827
319452
326698
318071
324708
321816
321137
324192
317877
323894
324372
325562
320421
320734
323241
320752
322470
323933
318686
317656
325514
324249
317368
325516
320716
320518
323531
323520
319814
317985
323293
319496
324030
319836
318327
319829
326437
321105
326337
317891
322246
326776
326040
323337
325261
322817
321188
321860
317897
325301
317120
325537
320961
317416
318491
321115
323695
323444
323565
326760
320167
322314
324462
318633
322515
321026
323925
325987
320546
324743
325361
321593
319510
320202
325435
318920
319439
325624
319853
320590
325938
325250
323917
325062
322956
323659
318472
326171
319246
324082
325499
319893
325049
321079
321534
319977
324762
318660
320710
322650
317499
317426
320940
324118
325060
317551
318057
326486
325548
325354
325948
321828
325825
319560
319086
317277
317119
321005
319862
319792
324601
320885
323266
324824
317066
320652
324769
320152
319569
320998
317800
326514
321020
324963
319922
318901
317373
318270
324107
321898
321805
318216
324008
326395
326123
317390
321355
319525
322985
325665
319063
322302
322301
325364
323669
322689
321612
323222
324155
321334
325279
320104
321215
320049
323489
321405
322855
325285
326467
325671
319213
319107
319324
319780
318336
325956
323316
323804
325912
325776
326208
318881
325180
323094
322540
324016
317310
322109
321162
319014
320012
325444
320258
320998
317763
319922
322399
317712
322121
321658
321689
323835
326012
320507
318714
322969
325396
321591
318348
317090
325776
326528
323258
325479
319348
323874
319954
326096
321786
320087
325045
324495
319275
320052
317040
321082
320445
325420
317592
320807
322782
322092
319379
320130
320179
321255
319527
324173
322337
320452
326443
324304
320049
323165
321838
326249
326509
326059
320148
319635
317680
319363
317793
318341
323962
325545
323585
321336
322909
320350
321672
321243
320121
317536
317361
324740
324788
317853
323695
320741
325019
322106
321931
318973
325879
322906
322322
319208
320572
323747
321639
324384
326224
324080
318698
323147
317166
325816
317047
319944
323170
317631
318856
320676
320340
324132
319865
324646
317608
317478
317106
323481
322304
318094
317466
321768
319119
319662
326077
326327
319656
321836
320009
318766
325675
318011
324486
319856
319870
319957
323696
321217
319159
320075
326618
326394
324476
317117
321706
320787
321584
320183
325002
317899
318864
323425
322031
318669
321215
317890
323790
317996
321194
318852
319112
320300
319393
324402
322836
319670
318528
325078
326584
326753
324985
325603
323264
324214
325098
325195
318446
321124
324836
323763
326140
319877
327009
324069
317748
321658
322052
319026
317332
318566
323965
319875
319160
322131
320921
321414
326120
326510
324443
319504
317183
327015
317133
319114
321739
321149
318638
317799
326337
321108
326686
318051
317474
319376
324929
319948
323995
320068
325206
319587
325778
322885
326580
324850
319788
321006
318721
321681
317386
319900
320963
321545
325609
323067
324994
318816
326773
323843
326734
326491
319975
324735
324925
324983
324721
319578
325310
326956
322887
320647
323462
325972
319760
322208
324172
325253
320702
325013
322277
317293
319442
325448
321622
318918
323069
318511
317993
317364
321607
321180
319812
321685
323724
324684
326633
324108
323705
323595
322007
323466
324128
323238
326936
317864
321338
319121
326320
321821
319543
326561
318098
319449
320374
321482
324178
325029
325622
325923
324599
320923
319139
321136
325920
326641
325277
322575
327008
319144
326386
321997
322593
318777
324925
321073
320994
322017
325622
325784
322645
323467
318671
317657
320160
323801
325280
324526
319154
320989
320288
322618
320728
320930
324024
326483
326431
322371
322064
321286
319052
323871
318472
318902
322217
318484
323154
323400
321848
319739
326625
325109
326396
324414
320137
325567
324326
325911
319587
317946
324052
324252
317124
321902
325172
319101
324130
326764
321898
320295
319360
321499
326124
322081
323683
319090
320781
320119
324210
319359
322954
321379
319533
326628
319327
317227
321892
318433
323416
321973
320619
322720
326433
324178
319249
324400
318921
324013
321332
322066
323740
321447
323448
323390
324834
323225
323104
323357
321886
318725
318425
324866
324870
322797
322913
323233
325991
319190
325181
323971
321322
321947
325703
323902
326338
317677
320533
319300
318704
325063
318508
325359
324168
321807
324666
322522
319271
319149
320460
325466
317832
318969
325416
322767
321644
326935
322545
317223
323367
319521
322543
326116
323738
319380
317349
317520
325732
324928
321519
326975
318755
326763
325955
323869
319974
319113
318998
321352
325372
326297
322527
319260
324106
323603
322985
320385
319708
321449
326888
319377
323618
321047
326487
319124
326992
321050
320442
319291
325972
322330
325277
327022
322627
326583
317835
326246
320646
319554
318381
325870
323420
324941
322243
326876
317161
318552
324116
317042
324705
321594
323497
322700
317613
322169
324799
317684
317523
322232
319695
325139
317762
326762
321203
323431
325287
321342
323921
326446
322629
325175
324101
322275
325015
319006
326868
317670
318755
317930
325313
323703
317398
326115
326454
319817
319054
326544
319851
321444
320218
326177
323289
318480
319034
323208
324419
321914
317040
323019
324676
321444
321862
323795
317165
325087
321861
318149
326358
325429
322968
318396
325239
320396
323125
322166
321613
322652
317620
325682
325459
319943
321804
319087
317962
319145
319522
325853
324424
324149
322245
325702
326581
321846
317225
325271
320649
320304
325513
323430
321570
318724
324081
320758
322839
322396
324356
323544
321752
323970
322346
326949
319679
320564
326227
318264
319860
322800
320955
325824
324992
326929
325898
321746
320053
322062
317082
325330
323869
317851
325177
322755
321558
325808
323458
319230
320924
325917
325026
320992
325761
322278
320529
318622
326129
321131
324768
323672
323527
318894
322936
322917
325905
326716
320125
318658
322060
317814
326735
323031
322559
325707
323428
321782
322088
323885
325640
322165
317093
322429
317864
321266
321226
323912
326732
322183
318730
323175
317475
326038
317143
319581
321809
317195
321674
319081
320305
318346
324137
320506
325306
326877
320236
325977
318667
319247
322669
326122
321565
319125
317374
324695
323021
320339
319909
323310
326368
323575
320695
322168
320073
317525
322183
323955
321273
325023
323874
317589
322536
326459
320719
325947
324810
323334
320851
321706
322914
325760
320358
319713
319416
319326
320725
324894
322069
318794
322100
317219
320112
322537
323131
322580
320008
319459
323578
324116
326557
319897
324282
325998
317658
320671
318659
317917
319151
319839
323581
318326
326959
319974
318058
323233
325300
326295
320207
320026
322343
326875
325114
317850
321173
322844
323583
321059
320843
323442
319818
323958
326417
322333
322822
326886
324839
318778
318191
321092
326680
323085
325856
322580
317380
321843
319214
320141
317395
324777
320897
320312
317551
322404
319330
318838
317920
319287
323682
323800
322572
324036
322875
317769
323336
320479
322137
317052
321825
320219
321098
324471
321743
322635
321273
319944
324006
324101
317613
321328
326636
324961
317939
323844
320993
321481
324130
317144
325090
323089
317149
318564
321169
326383
321107
322879
323594
321028
320042
318997
323111
319167
323679
317240
323599
317605
324389
319369
323990
319687
319714
320097
317328
323647
319024
321834
317906
325904
324370
319675
319454
323432
324176
318782
320317
326033
325342
317940
322584
322590
320858
318497
325754
323061
318497
318542
320967
321347
325710
324078
325601
321619
318601
318579
322661
323775
319882
321209
317150
324132
320415
322941
322274
324267
326738
319393
317607
321297
320340
324833
320013
322570
320606
320568
325742
324770
317240
321165
322561
321410
321841
322876
320192
326799
321831
324468
322898
326383
320641
318023
324746
320153
325481
324464
320244
318915
320120
320835
318741
321138
326131
324039
321190
325029
320332
320238
323893
321968
322049
317658
322686
324164
317748
324109
321857
326284
321952
322495
317398
320105
322522
326340
326799
319741
317150
324886
321310
326729
324587
321281
323459
317639
323796
326022
320357
321723
326477
322825
326829
325231
318342
321864
325345
326567
326022
324779
323513
324066
319968
326195
318792
326139
319152
326101
324488
317909
320516
321098
320232
318613
320104
318940
326862
325329
319712
325486
318126
317115
319873
322075
320670
320176
323993
326664
323826
323742
323414
320829
324347
324418
320893
324369
326877
319057
317286
321290
326611
324284
324486
321896
317535
324524
326489
318159
325962
323690
317380
322778
325982
322348
319790
320550
326888
317318
319490
322044
319162
326253
319638
320050
325786
322765
325417
319669
317341
317710
319852
325019
320076
317509
318291
322676
321012
320482
323460
318370
326323
322435
320617
326847
323119
325762
326399
319063
319041
325460
319782
317714
324088
318274
319385
322333
325682
320602
324688
321930
322170
324025
320838
317951
317921
317367
321900
321043
320654
326191
324890
320022
319159
321301
321596
317871
321540
325017
318436
321353
325560
325451
323730
318335
319087
317607
324539
325523
324318
317585
321651
322434
325091
319454
322721
321171
324877
318996
318623
320627
318255
322103
321604
324673
321755
317922
326242
319018
324428
319835
323563
319347
324809
322143
325601
323008
325599
319484
318197
321114
321337
324407
326844
322600
319429
322879
323228
321104
325761
320177
318420
320343
322614
322763
320217
318026
322484
325115
325473
324683
320719
325859
323434
321521
324340
319092
325014
326141
321403
318978
321191
320995
319558
326051
317198
324832
324923
322669
319753
325102
324686
326308
324275
320404
322272
320777
317853
322177
326177
319758
322536
325172
321173
317598
326617
320733
324778
325671
326411
318236
318854
325138
326446
319531
326029
318445
323746
317564
322541
324132
326226
322716
320205
326838
317995
324591
318188
319379
318574
324286
323964
323492
319644
323309
322964
324534
322041
323285
320738
321115
319238
321339
317488
324030
319798
320013
317928
322757
319664
322918
326626
319558
325316
324828
326890
323556
323941
319273
320596
318640
325018
323248
324773
321284
326516
321276
324876
317223
321364
318570
326380
321929
321435
323401
326977
318099
326308
322096
318527
318804
321537
324013
318318
326171
319448
325711
320271
322746
320786
324449
324700
319992
321600
326697
320833
322636
324199
321568
321268
319330
323626
317525
320058
326130
321906
321830
325798
321378
324469
325298
322151
318364
323449
318528
325979
321288
322234
319757
326448
326052
323921
317247
323770
319318
320410
322754
317908
325900
319586
319272
317476
324243
319172
320211
323198
320099
325864
317204
321899
317730
317807
319096
323597
323086
322430
319474
318861
325819
325431
319403
319835
323765
326086
320346
321121
321195
319616
319291
323043
318478
324204
320270
324592
322849
326892
324296
322236
320717
325403
319179
317315
320387
319705
321917
317192
321327
319193
322015
319079
320005
317460
323290
322367
325073
322000
323389
320400
326614
321329
324834
319454
322184
322359
323098
317989
323548
318026
319682
318664
320341
318491
320363
324323
317309
325375
322254
322914
319871
324117
321194
322047
325484
320951
324646
318378
319367
323977
325471
326756
326740
322005
321727
326035
326487
326830
324205
320432
323856
325263
326247
326062
323489
325796
325755
319777
318173
319731
317050
323495
326072
323205
322322
323354
319394
323653
323204
324713
323673
321635
318431
317802
324357
322196
320628
324374
322983
327003
325420
325087
325532
318728
320847
317217
318166
318399
327018
319788
322760
322167
326218
318507
322091
321467
321754
325653
322587
317893
320066
318677
323287
317075
326711
324763
320746
326396
324744
321872
321018
323924
321314
325672
322575
320235
318832
320579
317302
324246
322660
323638
321193
326234
326297
319776
321784
318048
319831
325407
319457
318191
326375
325605
319163
320303
322825
324928
320835
318553
320112
323644
324382
321405
321809
319474
322625
321323
320484
320016
325956
323967
319587
323566
321230
326958
317576
320690
322870
320845
317452
326750
318931
323314
326732
324511
321322
322694
326255
320022
319240
323118
326324
317176
320826
326452
321886
317597
321740
320845
321507
320773
321976
319662
318636
323914
319510
325067
326324
319654
323965
325841
326995
326740
317225
322858
324500
319605
324091
324762
318848
325706
318174
326565
322194
325407
324837
326878
325064
321060
322267
317347
325515
325605
325879
319828
317267
319548
321646
325889
323647
318410
321839
322351
322422
326578
323799
322825
325331
324368
321426
324741
324085
321368
321833
319437
319275
323792
325831
318295
319256
323533
322804
321260
326228
326404
322612
318381
319154
325559
322610
318548
321268
326781
324410
325387
326688
317362
319077
318280
322390
326001
321269
320848
320957
318087
318831
325791
323257
324288
320373
319650
320832
326151
319788
321114
323809
317452
318519
321314
323478
326342
326391
321246
326693
325193
317831
319378
324370
322877
317466
319245
317356
317805
322609
318407
324256
326651
321786
321758
320419
324954
317338
317562
319164
323446
320521
319634
322933
324514
317659
318715
326905
319874
317230
323666
323715
324462
326758
322557
317482
324158
324676
323025
322505
324559
320044
325398
321085
323970
323655
320700
322919
323829
318665
318663
322459
326271
318886
326430
322241
319500
320299
326975
323164
320867
321855
317484
317254
325889
321785
322760
322590
318284
324815
322867
321523
319629
321854
325141
318996
323057
322429
319384
319403
320574
320422
325835
319646
323182
317482
323410
322748
319018
318182
318995
322914
322869
317270
321848
324701
323020
317917
317414
318969
326322
320016
321308
322109
325050
325049
319540
323467
326320
323484
321267
326433
320207
317423
324697
318030
325814
320034
321153
319208
321790
322209
320392
319877
326414
318191
322032
322194
323341
322168
324676
318234
325318
322404
318327
322000
325301
323649
318351
318035
323931
322122
324316
318144
320782
323849
319615
323263
325987
326329
318136
324287
321122
320604
319667
317501
323519
325010
325116
321329
319054
318708
324814
317769
319260
323802
326185
323401
325832
317536
317878
322301
317915
325405
322641
322972
322023
317943
318599
319170
323457
320841
326090
320753
325925
323593
322788
320536
321445
319629
319667
321738
325082
320871
325807
323357
322680
320588
325203
323300
321378
326662
325563
320621
324005
321703
320699
320058
317652
318752
319063
321130
324859
321836
317107
321821
318191
322654
317737
324934
318290
323110
322460
324983
318407
318928
324267
322635
324618
318307
321160
318629
320936
323724
319165
321430
320780
323228
321151
317060
326182
323528
319656
317530
321761
322471
326392
319079
321109
324047
317593
323075
323119
319229
323557
318877
324822
324350
325331
324705
323220
325342
321276
322211
321708
321354
321932
324521
317258
318521
320720
322247
322206
321117
325883
317704
325193
318139
323377
318982
324697
321200
319758
324535
325571
317106
318216
320587
322314
319335
326274
323417
320185
322363
326916
319588
320622
320585
323882
325880
320601
317143
324190
319748
325406
324845
322823
324054
317238
320746
323473
319904
317488
322831
322027
323304
319123
318459
319213
323826
324958
324247
318205
323688
321193
318225
319535
318989
324532
321749
322013
321670
321042
321100
322799
326473
321767
321148
319396
326833
324997
318430
319259
325699
324357
326453
326856
317738
324988
321687
321151
323589
318838
321322
318816
327015
320674
325197
320179
320380
320917
323221
319188
318047
326357
323296
320347
319334
322890
321762
318955
320445
318608
326759
319601
319166
323106
319169
320756
321218
321912
325232
320462
322804
322866
317400
321846
326104
322864
319397
319719
317396
317637
321866
317698
320417
319552
319152
325671
319099
320514
321944
320907
325742
323257
321077
326267
324219
319788
320735
320004
323219
318516
326159
318148
326880
321590
319924
326104
320341
323048
319828
321772
325108
322662
321272
319151
322215
317647
324056
319510
324927
325534
324641
324449
323082
322008
323875
320317
324181
324167
320179
320160
320907
321249
320407
322298
323778
319010
319845
320761
318242
321268
325181
323868
324658
317624
326680
321158
317098
321985
319729
325416
326580
325239
322830
320554
319369
320391
324990
317105
325038
317699
323274
324995
325635
326466
324201
317193
326851
317255
325672
320797
321138
321603
317980
325603
325335
326073
317672
317392
318972
317302
324041
319171
318870
318125
318354
325177
317430
319317
320361
326879
320500
323897
326338
317621
320493
324257
319973
325503
322021
326189
321631
317803
319976
320455
323793
326576
317285
324077
325291
319693
324995
322144
319553
317291
323233
325267
322737
326109
325423
325717
319530
325386
324535
317693
324985
318857
326472
323421
323032
323405
318841
326940
320662
324812
322780
320302
323497
326603
326656
319629
324334
323587
317375
323861
323216
320120
317190
317454
326151
325733
324406
326855
324440
323716
321561
322047
321827
324728
322466
320610
323029
325162
317124
322891
323800
323377
326866
324341
318262
323108
324761
322059
326839
326582
318220
320888
324590
318520
325141
321928
317834
318792
326232
321879
325525
319885
323874
321218
322269
317961
322876
322816
321523
325265
318716
326612
326287
325805
318011
323172
326251
325604
321458
317515
326324
320849
326576
319114
322975
320981
324685
320565
324316
323090
322740
326730
317464
320986
325837
324831
322189
324238
325586
325269
323594
317898
326133
320595
319288
322901
325544
319444
320261
317177
324662
320780
318086
317983
321580
319419
319988
321868
326136
324287
317978
323469
325335
324464
321198
318997
323081
320822
320534
323254
326420
322138
324915
322963
322346
325355
325098
322268
321487
324858
323178
322264
323283
326139
324326
323545
317492
324493
319284
317936
317641
323218
322383
319387
322510
321625
322836
304162
316099
314082
313618
319183
312776
314351
315461
317882
314684
313482
321618
317649
322268
313551
313556
313564
319156
318006
313913
314969
322402
315620
322476
316192
313820
322171
317730
317228
320439
316932
322366
314781
315770
321594
319599
313227
313166
314585
321920
319284
314227
319737
319780
318213
315065
312968
312987
321581
318387
321634
314788
321120
321117
319614
319471
321392
321002
316223
319461
316253
319143
321189
319459
315173
319728
317141
320122
313531
313735
321439
316070
314332
318624
318234
318098
321193
316099
313079
329165
325072
331334
331016
323962
329945
330490
328113
329333
328515
325961
322522
324248
330532
332185
324246
331503
327278
323959
323679
329929
328345
329988
331063
323091
325919
329455
332131
329957
323815
323736
327376
326476
324027
329687
322330
327525
331183
324462
325728
330007
325460
324073
327842
322379
323474
325198
322596
322756
329384
327073
328268
326622
327411
324550
323595
323467
322360
324712
329977
329722
325558
330428
327523
330146
328154
325210
326448
327287
323657
324665
326497
331639
328600
328174
326395
331540
327154
326700
330434
323731
330367
324900
331035
331195
325288
331257
323015
325310
327279
329309
324534
330855
330267
329561
324390
331176
323821
326180
323443
323940
324452
331950
329953
323483
325996
329066
326559
326105
324258
323256
325093
326434
329942
329630
328534
327926
329581
329769
323140
324382
329343
330025
328181
324986
324247
327500
327883
323551
330971
326100
323710
329525
322594
326583
330984
324040
330150
324943
328984
331460
331512
326232
329644
327318
327174
326410
326887
328395
330284
323219
326644
328909
323460
326837
331534
324662
324245
327296
328158
322465
328716
331985
324813
332268
331289
329895
330373
329566
327900
325730
328594
326695
323120
330036
331252
331187
326530
328438
322701
325307
330735
330342
331656
322551
322361
328248
323372
330338
331210
325425
324052
324739
325349
329995
327507
327567
324549
331202
323298
325875
328807
323506
326356
327345
327375
324114
326166
331028
330998
328149
331582
327826
322441
328802
326235
325570
332309
328789
323760
322459
328419
327649
330174
328549
331455
323134
327976
327203
328098
325092
329301
324961
323811
330412
330904
329731
330175
326622
336263
328952
335406
336421
330097
336474
335496
327571
336837
331612
331354
327454
336190
333672
336587
328930
327052
327482
334536
331200
327287
328429
333699
330109
335986
334471
327366
331648
329457
335032
329803
328065
328255
331849
334373
335537
327889
333176
332608
333992
331976
334232
331967
336858
333783
336336
332583
333565
335419
332332
330960
336762
334059
329548
336262
327413
327458
335410
329891
332825
328158
330990
328642
333894
334198
336784
333199
331181
333444
330998
329014
333174
329394
335482
329984
326944
331473
330061
336381
329154
334856
335852
330464
330956
334963
330891
331425
330351
330071
331770
334493
329514
335586
331103
330809
333980
328381
329228
328550
333657
335747
335668
335416
328160
335461
332116
331779
331275
327296
328118
330130
327599
334902
327026
334319
333441
331739
332974
333676
329574
330606
327673
335173
328274
334315
329705
327612
331931
329559
327648
330637
334740
334333
335179
330796
328629
334358
331683
335041
330768
328456
335529
331923
329833
335094
336565
332224
332350
329519
327044
328030
330253
333376
336026
328613
327109
332906
329892
336188
329273
336665
330443
334736
335545
331769
332220
330122
335328
331738
335580
334106
331781
334914
332596
336211
336247
327127
334034
335524
332416
335031
329816
329876
332524
327772
332321
329042
326966
332545
327287
330250
328586
334518
336477
329900
336630
330944
336837
330508
335650
328257
335085
336696
333976
329053
327092
331575
328971
333976
336496
336176
328990
327170
328762
334821
329645
335976
335870
334537
332662
328292
331777
333466
328544
327649
328442
331565
331086
332583
335517
335845
329444
332303
330594
333340
331290
328208
335419
333204
334041
328380
329118
330073
330578
333907
326914
334767
336283
327768
331231
335827
331118
333773
331210
328324
336446
332590
336734
330538
330053
335795
330466
332026
335456
336382
335124
328349
331560
331911
328908
336476
331439
330533
326906
334080
329200
330198
328308
334843
334790
336442
330360
335431
336177
336302
329406
329615
329480
327117
330908
329839
330937
331800
328054
335235
331541
329838
329784
327953
330155
328649
332381
336150
335544
334148
331159
336224
330997
327009
328869
333204
330977
333197
328146
335866
332867
333136
329474
333581
327412
332900
336846
333786
328863
327844
326911
328150
327473
329939
327337
333611
329593
328556
331616
335815
336118
327475
332660
327227
328950
334595
327624
336036
333990
335505
329946
330923
334881
330068
332983
333215
332387
328360
327664
336675
336279
336046
335777
332577
328964
327263
328701
336530
328991
333825
333876
329563
336554
329062
332904
332752
335852
330316
330726
333917
335779
331376
333113
333075
336252
333925
335108
327568
335384
331235
331603
330717
334844
334806
335967
331873
326897
335515
327476
336434
328585
331165
336533
330848
333147
334839
329893
335519
328557
327231
335125
327549
334443
332787
331916
332984
331757
330367
327270
332657
333438
327667
329351
326932
334190
329645
333196
326271
327150
326382
326823
335522
328097
327392
334987
330796
328359
334589
332034
326840
331535
335528
335564
327227
327917
326415
324304
327135
328712
329089
323336
320141
321579
319867
319837
328818
323313
327971
323678
325772
326749
323077
323196
325777
320950
324022
322108
320940
321697
320501
324406
327547
328724
326221
324108
323301
321941
320054
321036
322926
329050
328135
324989
322370
324449
324571
326879
329058
320619
323977
322990
325427
324914
328859
322386
323107
321638
320850
325492
326240
328571
326414
332598
329721
332596
332531
332661
334013
324642
331436
332649
331632
325785
322544
295109
306504
307657
309073
306735
305748
312124
310137
305243
310292
307813
306654
306983
307339
311414
306365
308355
311296
312823
304436
305862
311984
305120
305819
312456
313300
309633
311005
308643
305595
314047
306665
305849
307954
305371
313431
306835
311721
309597
306485
307880
311393
307703
313000
306191
307922
309493
304793
312750
313425
311625
307361
311281
312532
309828
310420
310829
312687
304905
307335
309476
313195
307377
312195
306714
309099
312315
309583
304231
309106
304294
313054
305744
310864
309033
305930
312036
311654
310959
311939
304628
312032
311731
307112
309028
311489
306616
304827
308818
313973
312950
308641
311035
309404
312678
307989
306921
305959
308743
304745
307161
305831
312713
307591
307937
310086
313372
305659
306081
311357
308291
311036
307055
313782
307343
313645
304177
306613
310757
306685
310794
304789
313258
313644
308060
307052
307741
307185
313770
310274
312790
313005
307717
307781
308324
309891
305982
309564
306176
307271
308440
305880
313990
309606
307897
310419
313460
306991
304623
308222
313434
310898
304229
314101
309641
312493
307140
304379
310120
308203
308856
312414
307776
305508
306259
307412
313979
311192
310724
312852
310402
313116
304455
306597
310565
308050
306754
308453
304379
310155
310221
308501
307155
304629
310299
311484
311700
314018
305702
307801
306918
305669
308830
305776
309057
312503
307045
307815
307156
307513
306464
306434
311851
305881
312739
307755
311187
307811
305732
305856
311225
312851
314078
304711
311366
313776
308269
312652
310667
312361
305942
309872
313418
307105
306891
311215
309116
310082
311734
308474
310292
304925
311786
311336
312480
312046
304934
309718
308162
312227
306978
312632
311466
309228
313051
307118
305438
304896
310293
305438
309612
308590
307361
304279
312049
323659
320690
324468
317164
319642
323931
323716
322974
320765
320503
320298
325808
318873
317576
321145
320533
316695
322309
319470
324864
316693
324603
321016
317801
322192
318859
320773
324854
325738
323693
323916
323123
323207
323150
325049
317531
317750
324214
321587
317154
316540
324214
322011
317952
320464
323651
325089
317092
323539
323391
316358
319225
324633
319607
325260
322988
316254
321301
319929
325727
324034
322327
318894
325456
320712
316778
318429
325744
324449
316253
325861
320344
316942
321253
324542
324464
323469
325394
325758
324743
323455
317424
325142
323466
324044
316450
323647
319060
320723
320636
323871
316362
319274
316321
317825
324541
317702
325242
319403
320515
322326
322712
318611
317105
319043
325248
324613
316505
324078
324767
318589
317521
318556
319381
323627
317385
319386
324862
325555
323580
323768
320536
325296
325327
319066
319481
323033
324498
321985
316392
318165
316574
317429
321679
323800
319964
316983
323010
317534
323229
325269
319829
323417
319299
322435
324152
323916
316134
320140
317479
320487
318772
323304
320121
323579
323718
320082
320934
320077
316400
321719
316128
319518
318152
318232
321308
319090
320737
324355
318620
321673
324353
316642
324601
324479
324042
325378
316873
322796
324775
317934
323287
325746
316524
318025
319443
324210
317398
322632
322449
325253
318581
319949
320459
325446
317615
323510
319164
323563
318341
321642
318504
324965
325927
320593
317140
318091
320204
319435
319435
322500
319280
317697
324348
316857
323115
321946
317691
318127
325263
325311
318940
323100
317831
316406
322878
318380
322611
324300
319178
319923
316771
324773
323847
316579
323781
318858
322991
325682
323390
322348
316214
323540
325385
319496
325993
318911
319793
321840
321871
325366
320182
317979
321146
318651
318175
316341
324482
321810
321498
320937
322447
317942
320380
319355
323951
325790
322898
316189
320380
316325
322338
322989
324740
326016
320497
316830
321262
318546
325727
320432
317874
323218
322140
322696
325836
325687
323236
320382
322579
323678
317276
319958
323273
321750
316824
325621
325487
322914
324316
322598
324148
318944
322477
325029
318237
318040
324943
321613
319884
317417
317180
324202
320795
317273
317573
325688
324865
322354
325170
321751
316932
320475
323939
323310
318971
322175
322797
323990
321848
319510
317322
316736
322508
326097
324723
317407
319137
325225
316675
320264
324453
318890
325280
318605
325309
318914
316368
324914
322404
323238
325316
318310
323918
325437
320528
321966
322975
317812
320689
324600
324528
320580
324063
323731
320268
317698
320427
317729
321742
321405
318397
316518
317929
316401
324931
322387
323821
319060
322806
322243
320606
318235
318704
323939
323884
325052
316749
317922
316888
316651
316843
318953
323789
326065
325706
318288
317400
320452
318560
318397
325433
320070
321005
323469
320598
317401
325177
318538
318744
320921
316111
325915
318864
322920
316237
316221
317667
325915
324825
320788
316443
321758
321486
325889
318040
316196
324794
318806
324595
322225
326014
319704
323283
321164
325410
320898
319816
322775
321345
324743
320201
316305
319009
321392
316760
320522
318182
321392
316306
322857
323952
323211
323646
321026
325542
326051
320993
322928
322419
320991
323747
325019
321397
322961
318694
324222
323381
317133
319867
325271
320607
323583
320376
322289
316915
319367
321429
318329
317854
316596
317183
326076
316194
316700
320011
319565
317244
325246
320397
322442
317006
318871
318860
323345
318810
320420
322820
317933
318117
318026
323686
317272
318232
325210
318431
318687
317178
323502
319287
323379
317147
322576
320586
320964
321049
324692
321163
323475
317302
325060
324207
322371
318298
325107
321918
322329
322243
319852
319108
320030
320983
324378
317622
322233
317504
323098
324762
324136
323270
323269
316495
324897
320525
325480
317622
317853
320450
325185
325825
322511
326054
320709
324579
317309
318691
321965
320755
322571
325110
322211
323172
319778
321904
324456
318761
325795
320221
323604
322754
319374
321571
321654
317360
316975
322229
326071
320693
322599
322841
325623
319219
321673
319519
320298
324926
325209
321779
321125
317465
316325
322810
318983
316281
316879
323239
317174
320691
321318
321501
316273
322751
318643
324266
321251
325883
325475
320857
318120
322833
317546
324744
317130
319559
323566
319487
320040
317500
324341
318711
321598
325878
322950
322552
320222
326047
318587
321959
324699
323229
317468
319970
320287
323322
324333
324588
316775
317699
323727
322065
314707
318501
316873
317909
320601
314821
321011
321093
320592
319369
320966
322107
315250
321607
321261
314750
321261
323905
316644
318759
318708
315610
315785
316882
318000
320482
317759
323533
320949
317247
319378
314619
316470
314370
320255
315409
322350
322105
315102
321778
317965
319686
315773
323108
321783
319211
323341
320956
317638
319560
317351
316768
322216
316256
315860
314157
322785
316209
317773
319448
317765
322123
321063
317536
316613
315157
320855
323745
321235
321312
319505
322001
318802
317341
320498
314553
318779
315245
323111
321321
314727
314469
322224
322512
316013
321341
316096
314295
317399
314449
316105
322990
317406
317340
317884
322517
317389
314929
318814
316379
317515
316658
316231
324073
319652
316730
318613
321626
319549
314601
316603
322598
314985
316925
319901
314179
322163
316723
315681
317196
315731
320440
316706
315598
321131
314546
315958
320903
321065
315378
316468
314315
321638
314132
321912
320110
322546
321030
314566
318354
321528
322890
322509
319512
317855
316799
323095
318680
319944
319418
319719
320371
322037
320045
324055
318701
316251
323379
321967
322880
322718
321713
318528
315339
318812
321318
320877
314480
318171
320841
315609
315928
318073
320830
316192
321000
316467
322405
317273
319555
315647
319626
314747
322115
321860
315031
318042
320258
318182
319394
318067
318244
317586
318904
323011
320170
323599
322795
322226
320068
317417
317416
320165
319574
314894
323768
315121
321326
320787
319269
322971
321616
321755
314122
319208
319200
317543
321259
319794
317011
318120
314119
322992
323709
323321
314140
318135
316898
321637
322042
318653
319286
318600
323539
323102
315117
322573
315071
319640
320827
320136
319358
323173
315048
317390
318726
314432
318249
323607
317466
319815
319282
318471
322724
320992
317935
314474
321367
318645
315951
321318
324010
315756
317864
322104
318032
319533
316835
321369
323474
316037
319595
315792
315464
321508
315863
320527
317880
318423
318709
319458
323252
323161
322517
319891
319680
316680
323379
319217
313662
317800
316817
322371
315300
315962
319301
315782
318395
318022
321016
315684
317349
322431
318190
316702
318954
320193
315207
322888
323591
315923
320501
313635
317429
326056
319641
319626
326899
328619
327007
328661
325494
325813
325600
321041
328593
324647
324246
325940
326881
320177
321727
319415
323243
327886
321990
320052
327333
326660
327483
327773
319652
326008
319845
322719
319400
326311
321154
328451
324271
320460
328416
322684
327612
328409
327292
324835
326449
323392
326310
328464
320118
322066
323073
321915
313412
319993
313086
316488
288399
299515
298634
296045
302818
299304
295666
299831
303370
301238
296346
304603
304627
298611
295878
299281
295633
302735
301303
295222
295738
301513
301421
302598
299591
302700
298128
301716
303526
303746
295276
298382
300476
296018
304406
301848
296100
296493
304149
296194
299516
297339
295886
301500
297642
304103
296133
303584
298634
297244
297596
300526
302380
296784
303232
303635
296180
296137
298479
299716
304018
296297
303313
300447
297338
298083
297252
300203
298989
298874
296967
302235
297801
300201
300470
295820
303451
300825
302469
301972
301995
304174
296364
295812
304503
303965
300986
304921
303132
300068
302701
295279
302711
300162
299387
300559
310433
313937
311923
308203
309067
312410
307125
308070
314986
310804
316150
307712
316981
315056
311314
308638
312135
310557
313782
313938
315130
310448
311619
307050
285102
289136
289843
292349
292416
296945
294539
294081
294918
291512
295672
294077
297333
296512
292683
296355
292909
291769
297785
290198
295811
294966
304800
307731
301468
301238
304196
283116
275579
290180
269770
290509
266621
262469
260553
251291
245698
239074
238012
236083
230113
229212
228135
220444
212617
208472
205180
199291
192689
192455
185266
181881
176826
174542
169090
171354
177958
184330
191021
196549
199831
204647
210451
213705
222498
223325
227393
233660
238023
241278
245146
248094
257676
262683
262909
263666
270398
275765
285439
291412
294294
300868
310302
313918
319106
322170
326537
326674
331772
332828
333376
336858
