850331
747328
1208197
1105800
943713
1087738
1653476
950843
984878
695176
1483159
469260
488840
1336314
1039574
406202
1053567
1151271
1108852
994618
1272765
934103
1451846
1504522
1059175
1020731
397191
1553031
1176696
1314257
1414582
785669
998891
1047998
882383
1792807
590252
1015514
1009823
744107
1075616
586355
818454
488958
1041774
1407366
817672
1209667
977187
276940
801046
920607
947755
869522
1842036
471139
1205017
1558997
1584818
482323
636563
888442
405388
1529831
675446
911359
1563896
1864259
971656
1311242
767268
1549977
1151466
898981
1037826
1429679
1054899
1861104
495277
1983948
1222325
504591
829528
356138
782625
527140
873595
706337
1495042
732035
762961
2011984
1120821
899425
207752
308517
1123690
1448549
1081908
1758173
982363
1696683
1313901
1124226
1280049
389894
1582733
786183
758755
917104
1655264
1002513
602142
458682
882952
814461
794734
1427304
853637
1144705
741921
491774
880085
1349503
626933
624539
623519
649722
731781
775057
1106089
1010025
1239714
526448
1276199
699143
1004407
1175255
1344530
827841
1954354
752358
259214
942946
1403675
673602
435599
1420550
286966
1224003
1388088
1725877
172962
1786002
1596686
922588
1963882
1368309
795726
336948
1402939
917497
1626938
411876
319044
1221404
560756
1474086
1651166
1114953
956211
565728
1236194
806080
777990
764123
1679912
1531712
1305220
995944
221706
647622
281490
716947
1371075
1143294
671810
1251689
1190321
1414363
817454
624422
1207393
808666
1975360
2017102
1876104
1312085
492470
1604983
1269995
350940
1172608
1255128
1150413
1172766
854873
1353695
503419
335326
513925
871796
701267
939490
558836
1349782
1072504
1016132
976139
1897733
976473
1158143
1465920
1535055
496772
1151598
1562971
919636
613521
680549
1012811
625707
1235168
1181022
410625
1502305
1210330
689462
309903
1507611
796783
1116229
797397
1866860
1208248
1552481
1008426
1202316
1123094
1201241
652425
1157664
783016
1417502
1023883
943947
995717
903291
681125
794222
1780922
1149126
1654788
1515227
512424
648436
1538457
1444575
1302518
1291308
1248333
640565
658907
1203912
1523482
956829
1415322
1309955
591263
1145741
728381
1456963
382465
1504969
483424
1121258
833523
579644
1030358
1247543
1602689
1085121
700509
1746394
524724
1840080
276327
684198
328976
1031460
757005
460237
1323466
975057
1084596
1108486
1005270
580823
440829
1532698
1165357
1293794
1490005
535539
1078457
1262289
792170
1100997
1447054
1398426
1668560
816835
751889
1123091
632853
1102829
800308
1386245
1088980
1242424
1050759
237225
1131189
585925
1208494
1728723
1523465
457412
900040
857073
1132420
1359361
1250607
1434630
641252
1425025
649867
1521266
747657
736145
266712
304219
579759
572263
942311
686110
656539
1073072
1851388
1534467
1156574
1731714
2229375
776403
1030517
1030586
1803347
913939
835308
1743557
606457
249745
1070279
1085540
1080050
973033
1306156
254107
993711
1249350
987050
372392
919409
451565
407939
1251825
1468125
1600219
522376
730524
1350105
1430235
765397
876594
651217
1148587
1027550
2125736
1346517
532549
1310513
1343334
1149031
639074
636866
673399
868887
825735
950085
542353
1707490
1406928
1260591
711617
1371575
564537
906032
1360539
675720
394783
864413
1664235
1585890
1126109
1064970
953308
1042336
997286
1124681
543379
1657793
434644
1800101
1100902
1387623
1661635
1065810
616664
768742
1061105
691927
1520566
1476263
2057475
1249745
988109
356247
1850602
1546019
964748
1329935
1482381
1170432
1299912
646230
1794293
549831
828844
237198
1297689
1506894
475596
1465197
1864847
1191440
1199812
992425
370421
200063
1260085
904939
579974
1273465
881573
1112570
465068
1236590
1320822
748002
1561241
809346
856093
1500782
1030112
778221
1232700
1067514
1248600
814681
698385
1407056
412104
87073
735783
999749
951673
1299589
1236928
1020067
706090
1403301
695028
710710
1150501
1559911
788216
1154139
1345616
2225083
1121609
1347025
1019680
999485
1464829
456044
562627
770828
1042110
1965665
1717043
947847
1491499
561442
309510
970766
893534
1254745
414824
756084
1447281
548742
1646498
1230455
2075823
774684
974435
944187
1860015
984211
256590
1541701
381290
864927
1662032
379158
626198
1111701
1425503
1372976
973998
740917
1455243
1442603
1891475
576164
728337
1401789
515547
583653
1491657
934903
926375
1383811
836634
1363521
1570743
1157463
1233666
1110889
1242482
1267915
1060345
1520942
871365
1423932
1312237
1143793
243497
784638
235886
1030905
1290147
730762
1131176
1103742
1286447
988999
1075059
936717
1428331
1081416
1249147
515473
1167659
605787
571340
1032177
1350882
1231091
857282
864827
398255
570862
736203
1414397
1637365
93507
266127
1576518
684021
708867
399617
1232445
2099509
1391134
1690095
1086168
1338299
1000594
727866
961469
1165081
856895
1479254
1191541
526878
1358502
582015
1037242
525428
552443
871589
1072903
1146942
1433747
728492
268131
965932
1161225
1248984
603550
1826961
1152201
1549479
500100
1122974
768756
711248
1126954
1044565
1207735
1389361
710009
925140
1559720
435830
1445436
1356064
1138958
1451882
778566
762155
1545884
345250
1781586
1976491
1173433
605405
597248
812026
578910
593937
827436
1110127
233396
1240627
388575
865631
1815019
949894
334904
646737
895110
1537997
372539
1363386
913134
645030
442290
1099147
1563865
1367897
1183633
1098335
1082623
395334
835067
1254004
845700
2060014
473493
731175
1287185
964147
1119515
929983
663967
1310081
1234634
863070
730660
421979
334917
564785
554778
1034161
1754699
1048425
257665
328389
721676
1019390
956241
765787
1108880
489298
716805
1288090
1178255
825463
830654
152174
174517
1823755
837781
642637
454374
446864
946784
1871910
528712
1103286
1239593
1580176
1702656
1399854
453305
882008
2056962
439007
1577457
763297
1007675
1896328
1296902
116207
1283397
777104
683442
1261440
800155
894548
1228493
982660
973033
1260635
1081032
654105
408788
2000177
726723
833404
1417006
354257
1223713
1118915
1111190
1081057
984750
394647
621137
978117
1572753
1116220
1079610
1210487
524349
804290
1488300
1428684
590456
1202831
838859
841621
1172897
1342369
897517
562459
880029
667665
1177478
525394
692067
1249040
978071
914862
1472588
2099761
1293746
847435
854216
295954
1130997
600264
1119520
367374
734860
1088126
1798887
1075386
998477
1460233
420349
1234222
1195417
1814281
1370672
527710
427596
1011932
2424472
1512128
805228
591301
1559981
791497
2076358
938153
726270
1160221
737847
1196023
1660448
979425
990153
675320
956589
1255707
423784
1219605
1047225
887707
1834311
1609471
967409
1094745
799473
1267641
1275973
408950
1234782
1046865
1318808
900028
1081021
1185305
997650
835104
1179757
861516
1148643
1835577
1263608
625284
1098937
1712733
1588479
890499
227565
457864
1367425
628333
280833
1284444
1148676
1460112
858800
1795485
558992
1160129
1756060
1261257
1413500
1317712
834124
436960
785121
1943397
1348629
1657547
746601
2021484
504386
780980
1443829
2000033
1526586
698463
1494344
1148097
976699
1030960
1326289
762332
408411
1593296
2059893
420556
1427008
1309716
1783350
762862
932282
929165
1111422
1437967
1656436
1236945
784098
991441
1436957
485927
552851
1247326
912781
1195735
1097417
519440
416533
1036105
1144803
1430532
691219
656661
991544
1004966
781193
1273058
720800
1381590
1156474
336419
984117
540747
409186
1130642
1631789
858181
1080252
1283523
1152888
668043
1537863
1622142
652917
746887
1880518
1069172
691234
470277
403095
1827422
342278
1470987
629256
499745
929582
1256170
613710
663457
480803
545940
1055940
1348759
647075
1189797
984346
1050572
723851
1051514
265612
723515
504153
1483601
1270854
1317367
1172735
957506
652374
1106907
1323196
320084
1527254
1388520
615433
1353076
736178
634670
972910
1054903
368285
383974
263688
789515
746485
809967
1184294
1412145
735136
978216
683751
164832
824867
1651915
1436677
1055486
1228495
944756
1136260
412964
1247596
1287350
1023385
399489
704379
1551866
1475385
1998435
1194410
261898
1250900
1033385
1036845
920336
191531
492121
574376
1100319
256079
364439
355443
1937394
869062
956277
483266
1394053
1047807
1212370
1121555
908322
599433
394144
677942
1854461
456064
2152681
410633
520399
1445496
1103430
387355
1583579
1477642
2137129
1178712
938475
814651
985850
1235355
1156074
1027412
1781917
1110248
1863775
755026
910225
1141718
455183
1073689
1204312
461668
1585007
782602
760366
782435
641847
804991
254441
387592
1024355
297471
746854
1447254
585529
963354
457032
428509
818706
2080536
1040173
1323884
1014692
717084
601268
1567175
881967
1176563
528493
915802
2000660
1405166
823711
2107388
1477521
447974
1563119
906353
603208
1244446
1131210
793166
610405
781969
1149612
1084338
555801
625476
997953
761541
967843
1152403
865465
872802
41696
1440152
1518479
1165311
308858
990802
849951
1418936
1952406
1225387
1289445
537576
733356
279737
1571749
1105008
1195663
752930
444549
893326
1480392
831257
1060631
1090574
1024660
467024
1435085
818114
1711457
742041
1291060
1276006
1555357
728330
1404125
1320962
1286251
255793
1873301
1307135
776302
466150
355151
1034608
1469635
377715
1531590
1780856
1577388
1194894
1056661
903473
1223772
316720
1000897
1683687
720694
1301010
1057095
1307977
140367
1782732
985125
1020732
756127
507906
368508
442693
909802
1919646
1211598
1182809
1942471
390146
676648
1693731
1334059
465687
431275
783197
1165981
1033257
537928
792919
764281
1821620
739613
821749
696090
1311155
1948100
1210671
1345580
136221
1113002
1094468
719040
1196409
1738254
372724
839391
1099622
1234015
543208
693881
948586
468730
940936
1106094
797966
1024672
772400
1296747
1270516
1298226
1850186
878319
994675
644016
688386
1356792
710544
1161407
995409
403979
751248
795522
1938738
1802604
674978
446694
1070551
712285
720451
1669741
991715
467977
1240046
1090364
235557
246664
625426
859337
1282849
622176
704467
601039
280228
1705992
1561063
1095836
1293145
1492770
1440385
1382252
310252
1985398
943025
450477
908760
792927
1056379
811875
626701
825140
846072
938465
635696
1418035
830594
1018910
905240
1653742
813315
1119943
1666764
1666142
431818
499069
1122088
1742636
882034
896462
762990
483973
1436352
1156137
1706900
811437
425256
1576484
802759
1105339
812105
296710
1011248
607949
1189432
796284
2050980
653419
1642278
1666667
1060953
786643
900915
499399
1092066
460767
294179
1522549
466544
1006537
1305860
1462887
792120
1672081
980818
735694
1801762
1961442
765219
1472742
872623
290228
1044109
1462373
1061594
1730684
769863
1627954
1598785
903816
1251736
1059881
682435
566315
536698
1553639
677477
1001596
1104245
1676811
527497
656635
626053
1533441
669990
568275
1657997
80308
613888
1052961
598748
1419914
1584573
1504936
1139760
916562
1025450
741529
1015550
850693
2455251
798597
1060020
1136588
795142
1858226
727110
1124765
480828
210583
1441971
887093
863443
586766
1899556
917876
1648739
366807
977017
702473
426228
1187897
1743906
1226594
1154580
757211
1548384
1030871
888982
1489706
950038
1130008
1228753
1466054
712375
780591
1068349
1149584
1391122
1156022
764929
115434
1256229
1023717
2269390
673379
1415697
634423
1582686
978679
1439105
1086864
797120
1997676
772323
1046149
475552
792960
1743842
1736217
479614
1163612
1072741
743441
1578138
220866
1395164
403019
774369
1116414
1260955
720732
482588
1744702
860021
1644084
297313
885212
1208787
317305
1057151
608239
889861
1098383
885329
1406532
855971
511317
1500718
1027500
1403702
575504
1257680
945309
401803
1326917
1350397
1154757
484576
757493
1566151
1417340
1673226
1442062
1037315
1348276
1607540
1367372
305969
613544
1737214
458050
1949524
843375
639872
577349
1319239
415353
1544884
1203788
1117956
1289300
330740
912324
1488065
1138828
1022801
1371206
1980688
1189053
1331143
1489457
1149403
849029
1532152
1542215
1282070
1658288
1120408
1323693
481109
1773294
689465
1439101
951909
965720
978065
1120930
1679629
989132
679420
943124
712082
1274533
980642
1087571
1174645
688383
989818
394200
2099470
1182365
409579
1322030
847681
664867
1779700
936315
1475178
1095876
240730
1492293
730308
529137
977951
1430519
2071085
1109754
1794346
840726
865523
228685
1994628
621548
1024826
836829
518287
1712259
857054
836786
541716
1134360
769694
1065014
800402
699376
1565942
1374214
815162
1449257
927662
1325073
1423897
911817
1452935
1334943
1042913
838737
802393
1425299
1791713
1378190
899008
1390908
780322
978045
1360461
1741276
465322
1634550
129674
1049593
1022221
1331719
885252
553070
746419
1266930
782996
1207282
809351
301704
1272401
770124
1035424
1359359
1252574
962908
450023
858996
659947
220957
648613
1077749
833790
822785
777365
1390323
942619
781495
1334405
735843
1685913
1062472
1000524
441641
1234212
1309913
1597912
736938
576729
981570
1926881
1683133
886750
749267
1078306
1703814
1036475
914764
1672225
1454094
224150
815271
1106283
1670097
1145162
1072624
1476893
695462
952245
899216
1219908
960384
1264593
996835
918991
1274962
1337927
1390273
1371593
1131165
549191
1247763
857133
1248202
915991
605823
1113958
1122407
821794
725378
1001577
1497007
1263159
351272
1051175
1793975
1000209
1094648
685244
391752
900357
1168183
1505238
974210
926285
805362
757300
938239
1247490
733177
1884155
1407613
1617589
916903
628891
1319643
1142629
1059218
1468569
509555
1211425
1590449
1543611
1391926
1109612
786943
894144
1666673
1952648
1108100
894403
819089
1130503
527313
1338745
1254567
1427256
538289
1017896
1216002
1963006
681899
1249855
1117540
987562
1126487
155382
1286099
944189
1358908
1126403
715560
1010224
1178944
1178173
2040925
983407
701273
957171
1284911
749611
738757
652027
731311
1324580
853515
721627
714484
1364469
623187
1053829
1446173
154779
966862
905317
1743319
1656595
1243534
1156506
891457
731386
1199852
726177
1692287
1372343
811730
897306
1681964
452442
1982685
1099778
1373994
791866
409334
1225791
1784831
1580526
1411160
144586
1222182
145018
950688
916793
1082841
1733761
1342073
855776
1458622
875064
510068
944924
1087515
1367191
1141379
1488684
457367
706938
602060
727051
2106175
1568684
1032905
885779
454015
792861
1064657
508639
870032
505582
1333404
988878
674124
403196
1066295
903921
904508
868224
1833838
457118
1304783
997519
1526674
770665
1368444
1150086
1653004
808182
530107
662921
292972
1420275
960023
708585
1038672
1018150
899031
651167
1351633
922258
483901
1130026
1367815
874360
1328943
1698205
1555262
801802
1242052
771645
1267922
916740
339349
345487
738307
1059043
793247
1260209
591151
1349921
1340838
1004813
1581704
2054094
438735
733473
1413147
1445579
1266412
902112
852704
842464
555823
846231
823507
1096450
1429502
1078854
824169
1337315
435117
1290709
1743827
1197492
92679
1893049
706933
1250585
573330
652705
1624293
827935
447515
1154777
596484
753911
1350320
719313
396565
1400916
672494
1576659
787445
359622
838729
697033
1292964
1374319
1009436
524377
752863
820182
1225999
1128524
630334
406686
1994380
853074
1719501
599814
1147127
2197673
1410497
1692098
1263288
1876804
1848124
866509
716644
932466
1428846
1983422
1334881
626851
755620
1554925
835081
709246
725773
1115203
561374
1902647
1492096
846289
418084
825223
1247381
1948061
1294852
839355
1346775
1165304
527539
755217
2052895
1046148
722355
1629594
809076
1128377
306806
1321194
650800
1692727
936914
778583
1491394
970908
1523524
1018737
1161319
1151236
910278
627922
311537
676874
1342493
1393962
1074337
578941
705567
1306743
837494
1114750
1401069
1304316
1318085
613694
678714
1374904
846424
1676253
971627
1438841
1386530
1420505
918993
1030680
850104
1676147
1601623
613492
499234
606580
1679410
675165
1594544
1039113
1833920
909344
928719
1685085
779239
1170773
1425085
561095
700672
1170120
1411429
789072
678896
1261830
1054953
960986
1732601
174526
1136497
705895
741176
727013
1197393
1940776
1237946
402721
1368529
167011
1096312
907507
1230589
1162121
1333980
803227
610684
2091565
767268
887386
477268
1181830
720031
857289
1256215
1039357
783956
1005642
894142
218442
1148564
980991
913074
651301
903854
661226
641473
1418864
1772043
1417012
1190624
312339
366912
737500
620349
1059648
1275093
466411
1754963
1157902
1864767
1773272
1455928
732777
673043
1234076
1632615
720536
458864
725084
1246726
1154558
1170564
936824
138652
1200365
886266
1120497
681534
1176528
974099
1608362
473916
1631895
1856132
192620
738365
1126621
827214
1256450
1425392
904508
527462
1406883
1154312
588199
1588970
904388
850511
1208912
1197213
1100771
994167
1268503
657104
820674
1767031
600056
1259883
908780
972101
1125557
1735395
1362271
1071447
966332
1063618
1805021
642687
1005177
995304
1138733
684604
1197373
904378
755575
1490901
685859
917108
1762376
2287642
231620
417455
1393503
1510627
1901054
1493261
884050
704777
1775051
1451921
787972
338559
835890
692796
1205186
929073
394053
1017368
895116
663398
1359651
938153
834491
584067
255038
1255092
1018723
1336284
839964
485698
487456
639987
1396591
1179268
998493
1667840
569426
223720
646227
2485750
1531577
1207482
1017217
801261
962100
741635
1031603
727767
1227843
656018
688788
1426730
1485466
1828559
1508378
1386026
611555
1296271
1945722
571629
890008
1635037
838199
870481
1151110
466241
871019
467573
369820
1799388
1732279
1378023
965011
1397341
994493
1571003
1008092
1039393
769391
750503
279090
1738190
921281
695705
1317298
852678
1035334
854338
1219056
1180282
1209523
410723
2071724
1056973
1426549
991258
159639
437730
899692
2118190
636416
1495977
888259
854241
1129458
554448
1508423
1052738
569438
755494
456149
1070294
596561
995432
1969138
1565665
1359010
957373
1387434
1231433
797531
1463168
611831
1452021
438352
1184928
964416
1089683
594167
1089520
1431311
629241
998360
1110585
1996697
537530
403327
1225477
1263359
396965
1567309
490147
1061097
1082602
1311597
1553982
458933
1447288
1172385
560843
482952
1505378
190414
860231
1123879
631287
519764
2149640
1434853
1133370
1408675
1696380
452986
1294803
393002
1412043
838013
1182185
846080
456487
1195823
605413
1177623
697479
1583956
988755
756458
646461
567472
1055349
1215058
1167034
1564574
727775
1101357
772866
594642
1112671
1142738
1683331
1643773
1179938
1325244
1636410
480859
1353903
1426752
1121573
1358708
992317
1285620
856079
599750
963468
810642
1578628
886883
1272679
749020
1607164
459289
1115866
959020
927627
1956000
1151624
817602
1538707
244334
1507699
956441
883785
957953
1349234
1469316
845162
1083512
681220
764321
909204
34651
1327123
1403401
1263452
1336781
429992
1604313
1518372
488176
646355
548433
899136
185550
1902044
994380
852273
1764623
1016589
1733814
561982
520175
1255919
1584108
694580
2005331
364333
1416668
628243
999986
866631
687772
1042536
530220
465358
902386
1478163
721768
646463
401002
948237
1969796
691456
1114314
440285
1032739
959726
1329590
676992
253855
1504029
1276583
970113
1394421
863081
1292378
1424924
1653301
1228992
1571086
556806
1187632
808858
969134
1151741
1328006
1072586
1607393
1587597
315067
1128453
599071
487559
1187977
1351542
1207356
1593808
1313265
464496
880752
727638
194524
1498560
539377
719408
656658
685441
676096
1675013
1700207
1471036
1029956
862038
949592
1758630
1253176
544582
1438339
399510
1304105
874873
1663183
1097498
1143904
718222
1078899
1242043
1257665
1054106
1350306
1715702
942518
1069415
634256
460318
850120
817497
221431
1124190
1623347
406864
1005211
1022935
1127537
1354684
1310294
933152
643255
1863312
670305
1311919
574271
1342432
1506679
725299
868709
644862
1466173
1074399
1131330
1164064
1504328
500387
843491
1304101
1095238
1277012
1354287
321506
860998
1071418
624929
1172161
1648327
786670
350562
519980
1412311
1190245
275421
1060683
1290578
228155
1247692
1630060
1447888
1273012
247082
182778
819010
1013247
517917
1052161
437286
834924
1360879
430038
1614785
1249072
1137230
683961
455500
508424
437520
728182
284614
1556625
1344464
478131
688131
1112833
733258
1148398
1324400
1054077
523286
1240821
674767
1544952
1662186
778088
496411
840172
995351
535462
1200794
617173
1298497
1404067
1407087
1504999
603238
1888833
923310
1465560
1293690
1826451
1001991
699695
1483268
901899
934029
1176508
315759
1258379
1452907
1844315
1044108
1184374
505690
1257739
662676
474291
696393
1669214
948322
1253148
609468
1149361
1053629
801191
921859
855861
1744402
965565
738865
1927756
766249
949714
1601557
828763
704960
677796
409770
766769
566177
1306019
956877
988970
1237654
1597418
648381
499373
1162790
1496293
1129659
2110203
1984610
1063280
1560106
1275471
753370
989278
771963
1154736
1152923
1060135
1250704
902505
1386748
1273705
924962
1684116
1023296
1739309
1172888
642206
840039
661490
1888977
847765
1622999
1501917
560394
1222636
191092
962801
1311865
1534889
1109779
534908
1517559
279771
1318666
556694
501409
1739308
708225
127275
1626482
1897055
1107088
742236
1542727
462087
1021282
1094469
1319096
719102
1155179
1755623
1462807
676344
1419911
714019
1033391
962314
1812559
1586602
1226778
775864
786767
773999
620289
156243
1122999
234160
681381
421757
423873
1216739
517097
514773
895427
612506
286299
661944
615905
1277183
62757
1461706
749341
1252857
1393409
1362510
526236
939751
1288745
787102
576634
1553995
485063
1438672
1523229
1315901
453935
1436656
1528277
1586524
1299054
846131
1071435
1423124
1001772
523883
1432140
990702
658159
956764
1738211
848300
813121
1951404
644094
1139862
751609
579657
611024
756995
363085
1459827
280160
820555
1813024
1116110
866710
1149649
320618
829695
848746
541887
744726
1304603
1660465
634195
1099149
841834
459881
1605888
396726
1131055
966123
968885
840748
1003375
1636565
839126
1057284
1360027
1880941
658093
1299042
556013
644112
603690
1081604
1035547
1523047
796180
924107
481880
1216801
1351240
589110
1167742
1261803
1488631
1487892
1452492
1352306
858590
1299147
1016589
1143718
517655
1506597
739675
1365754
1112502
1232676
1252327
926646
1695368
523871
1237419
702480
694429
1518007
1431099
1733213
614445
1147278
599114
761542
1103321
879273
700638
1577941
461787
1274778
1272105
478956
1411800
851359
1173909
1438112
856287
1357215
953920
377717
1687468
718234
960122
1591934
699648
1772729
1494070
300861
1685046
1286563
419873
1499868
1339996
1176420
830319
1047263
871034
678838
1134324
1789811
718182
208045
120596
974395
971017
236458
1739188
2363261
1450747
980145
562338
614587
868450
501706
1496430
1168802
1246220
822703
652179
1185807
764940
484155
838192
324464
1601826
1315291
444068
821749
1922074
590467
1306729
1332582
986686
632976
1394983
1175828
452895
819722
819241
1148181
564155
1132354
663145
863464
1023857
764827
1494728
1629443
840437
1419041
2142129
1325223
1108659
291497
920715
860111
1639978
314030
1302874
1087758
326032
1286884
595273
247888
1346387
691003
1025734
821145
413353
911270
2100825
1781983
1122136
577211
1177824
656588
1226408
1382965
1171370
816223
1025687
1062782
805952
1097934
1539630
1080984
877065
1688183
850114
1726094
1031295
1532573
704985
1120801
745016
1003675
687492
988431
930301
537055
1551221
719408
1383490
829450
1129103
1107387
1532342
1348284
629549
2329613
1397453
414460
948940
693392
783324
569340
328721
2223473
1301719
1007366
1026988
1525489
387683
1007652
1123591
967845
870051
2030314
917633
2082649
623148
768951
980861
893051
1113192
342096
527389
1214834
840865
1185323
400269
1131099
1515080
1372460
1224321
940423
1379965
1153477
1268220
1018619
1998960
914312
1098552
1451317
1276507
592532
1104913
424090
377554
715704
898912
1616084
723408
1120002
971697
477119
911125
1488091
1173902
1192419
945683
1766360
453488
1282455
1486007
1976050
1127016
1076962
1128592
1713878
909091
735256
386541
979288
570380
1142551
1086911
588714
830257
363955
524801
1331417
911241
229301
1252003
1203862
862608
1434746
1170778
863810
275028
865397
895040
992615
386353
1039425
547749
499996
693849
1420987
1189238
657980
1341802
674197
1413530
226912
1247447
670014
1818878
991871
1004056
1307133
839681
1326598
1330188
1253288
333904
1296069
759143
866999
1326497
829705
1058417
1318823
972083
926269
651451
1131695
705042
827560
923235
1312519
717986
644519
1627153
345963
1658928
540783
1069219
1623254
788183
1260178
177893
1156535
958419
143911
592378
2004239
1076800
1493488
719606
1387366
1032311
1560380
614315
862551
629794
517487
745985
984833
873818
728617
727303
732337
1279712
484594
1234380
544075
646570
1519140
1360549
412286
1540260
1823873
738266
1166848
627329
318884
418467
838220
474467
1767163
1404162
666835
1253541
618052
1053800
796651
1766293
744860
782326
452990
842755
305179
706319
311648
1097984
586015
471565
923894
1101232
1450165
1279200
771017
1169087
714040
1094078
1918627
1116990
773332
709775
759635
782278
1308693
999160
336921
1024175
1014774
1114184
1242660
964178
533569
1160759
1553480
660006
1013190
1217759
1570212
1873062
1295777
1587018
460249
675443
1092022
1202640
1453222
798906
1509116
769536
1217234
1082886
265984
1391538
1220846
557865
1648747
693070
498240
563187
101990
1615227
354205
893891
821387
1107174
716848
1666872
774140
322305
689505
859194
1729746
774819
1297956
1244872
1036187
133738
984071
1157431
465079
975033
596291
551360
615165
1047622
898164
953488
777701
1989489
599906
475536
1222017
477745
494617
310795
819181
1165078
779581
482031
1999995
1675695
1716155
1128428
661360
1188380
728136
463027
466105
1320864
545929
1554158
1577743
680412
1856836
1156372
1159223
1175824
773874
1204446
1008383
656499
929084
908114
973386
846453
1580930
1561052
865899
156642
1020843
206010
1170597
1121679
1219191
1129537
979045
1504809
1018158
1515387
1095177
833295
1548011
60288
1412467
1156911
566690
1122995
608669
777439
1554958
1527145
1194707
603827
653539
1855055
854896
1186809
229215
643591
1263336
513081
935610
1768091
246044
872820
785606
1278587
1899068
384204
993685
945951
679162
90770
1317787
387045
527976
1412942
553278
1227820
1058077
1426037
705622
1112500
1469821
1207693
2244824
993950
1082093
901531
1207919
1292810
804864
1519788
1717652
1375640
803065
1263912
636492
512006
840545
1678913
768684
1192262
778287
1731967
1262564
1062397
202662
991640
552746
712115
431676
141290
1008412
1635959
932994
727048
287771
1394242
597091
1263550
983827
370981
1248988
1595266
901976
512390
1394658
1716300
1955894
962976
619436
1315967
951416
592658
505484
775646
1712675
1012188
921669
1117230
1694176
471996
1390123
790099
1065555
793467
939308
1420984
1339929
1432674
960717
1393018
1660215
544005
1228630
1354112
442420
1480330
1160349
712098
1044260
1159877
979369
1504182
591395
2082217
745697
1372572
1403760
567149
1292935
1231573
1190516
607261
1381429
1309014
1657625
840031
582658
336629
167385
1765979
1273657
1170702
873348
778091
617935
820599
1261897
1229013
782590
1873405
689132
1052317
579722
1421842
1295444
578635
1163483
945318
1412040
1300841
1075401
587718
836089
1661430
667309
758978
1337893
969476
629500
1360163
1452139
510203
820267
1687933
642442
925266
659440
1430003
1918540
1841396
1066384
770177
911072
1761578
1221018
684530
999324
884212
1108798
1898949
2057739
1098541
1174243
1272361
691449
797325
709462
253976
685447
748653
1831991
1082850
314422
794550
539198
2094566
1338003
518412
550498
1044828
517207
745592
436923
1210459
770051
1712996
1159268
1110082
931698
893042
641131
1123954
1498703
1488215
1424559
732983
1385331
1050604
239602
541011
680120
1188926
1565265
546133
1142315
1234157
431903
362021
834154
1846798
883020
913966
1531502
1446924
1441401
1060914
1875439
588116
1165113
1351442
834386
1928646
1086519
691546
940695
680609
1036023
1478066
1560071
877619
1219590
1257181
977965
1023474
1026753
652985
1392175
1210712
1069071
958406
1198295
460196
1802933
1160025
1589966
1002394
583884
680569
1707560
524107
1240575
749972
610075
875806
402004
1210609
1760829
2110796
980012
1158514
861260
1346423
811566
752549
1562331
891037
601850
1065154
1603670
1005909
1452611
1170730
1563486
1010441
934741
1309059
1135298
432756
227721
1973023
426342
1364147
206498
1084053
896837
1030823
212922
1808892
695006
284000
1376951
835782
376203
391594
1324813
1249723
1322126
776062
1051439
1655088
1250365
743313
682402
1139141
1054102
435349
1060366
928803
732962
1171693
1042489
1048149
951565
1044328
1550676
1111731
1251550
853087
729130
1122781
775706
1313083
806565
1519929
676728
373774
702142
1119407
1789676
585457
1472019
504025
565294
1086081
515069
1292460
1094187
610670
361904
672259
976081
896776
1312867
531218
863411
1075212
793753
716294
455914
1214178
1318376
339827
1465838
991782
864940
716451
981833
1726598
894639
1148552
664878
796040
1233174
722867
332768
196639
1048409
649496
712347
2131525
509162
1848845
1234784
1408663
1247840
964771
936421
695029
709193
1436387
473810
1033142
1308835
805058
1227558
745213
1298617
665055
449414
689100
1431352
725847
789104
1733568
1411214
1032206
603934
1521367
1241387
992582
385461
1009125
987512
370108
961553
998232
1302019
1559981
590277
1318654
319471
859739
1547611
905280
1288554
807108
1271122
1022667
565785
1552330
1870961
1220625
1664972
486027
692559
281232
1762632
1075646
1627493
283059
1469919
425043
488282
728793
818392
1427066
1213810
915394
346334
1079745
1214569
914471
1025486
634541
795365
1402384
666538
448293
557857
1887717
519962
655677
811127
1370630
772133
961173
733248
44757
1195669
410612
712717
938314
1233778
898896
788885
117161
949072
1090380
1608761
1291004
1038069
1357560
1584024
1500360
743234
820645
2179249
364875
1499898
1010833
1315048
961780
586812
1340716
1572168
456249
429057
533575
1127994
806905
1378549
891919
1439482
1671685
1464003
725101
595247
923452
1241397
960936
844631
439932
1937509
1638916
1253666
746033
1209677
1249222
1188887
722261
1290584
1756288
1768763
752729
1312971
218862
1015317
1360937
765448
1351181
508434
1344595
1422636
775864
1135348
803138
1675467
1605059
650854
911972
1473043
764995
1051381
528999
257226
1702156
1656636
1425305
941590
457386
641698
460100
1251420
1793611
273602
557382
892107
1646719
867621
338225
458868
1189253
1526187
1331120
813450
1504578
1107676
1411341
1890729
931562
1247616
1219612
1265124
465462
1548067
1517145
1289706
1281879
1316852
1124036
945504
1557764
1128826
2032898
645267
382155
1130121
827131
1240533
1091407
837847
944230
1136635
1439885
1682264
1755490
526776
1092979
991239
1102026
677370
862965
1084577
1270609
312331
1283763
864027
1756584
451320
986458
781280
1537724
703275
311010
934821
996734
588169
174722
769383
260858
995342
668805
1222810
863606
894583
438162
1062626
920479
1680145
840016
495424
1334307
965790
1266652
1459092
1548134
1126192
705477
1938939
1243047
1481689
920466
783170
1327992
1194072
849913
1152248
1162836
1297940
1511396
1864670
1485574
1521566
761597
796696
1299523
557274
1115385
1119424
349187
1131030
1236049
757712
990719
579847
1220079
643035
1270081
746493
749331
1056704
1321035
1766558
1402183
749607
504905
833059
757269
371853
1457326
601420
1007995
2058491
866536
198482
1054969
521548
1137359
1365008
1521262
1747936
1119428
1642885
1286914
752153
816830
1307717
696021
989261
1080072
771814
942245
1464771
500752
1222756
957532
1398108
997038
1333798
676653
885796
846548
1384365
1038838
1341222
923199
1265499
985140
684876
1046581
1281391
435495
813394
554280
1495551
602537
778283
1375708
1328613
658412
1123935
2008026
456175
542687
1122804
1880492
1107918
25638
1263460
1017756
900564
602330
489807
1137108
731677
426300
657345
735047
1055740
1045132
257921
719421
1132521
948512
1306319
1028286
662900
234233
1355654
1280862
880712
1328575
325698
1674997
379941
1233771
1268719
725993
1457600
1329772
294729
1016704
667595
1453478
1711059
1258748
1018379
698565
998194
800566
627672
1250593
486717
1541254
1171364
770292
1799003
956529
569787
506826
415065
1187633
1012525
1110822
1310809
802313
1037713
799613
1633296
497094
1682934
1326827
1022846
245937
336653
1913131
807240
456021
514393
229644
613622
523142
1213006
1341097
1817527
1382694
1079514
1510233
1364080
457348
1041560
1005298
1487214
1026418
181509
445915
1210404
1245340
923182
963198
988960
1261472
654656
1107165
1306137
719957
241041
363283
756092
2097459
1588650
1396281
1005279
1310049
1284775
645738
141908
1148361
962706
1644490
1534175
1131184
357432
902554
1243527
599794
1521829
1147116
1132827
1864053
944277
637630
1271970
1145861
1663284
1424753
622683
1672434
1401102
1024724
1662301
866352
952856
1395751
1236027
1858629
699867
307054
1369057
1175237
109917
699355
398686
534917
1888281
668605
1327150
1061336
1070351
975718
601571
572334
762617
1352097
1681688
640456
565240
181439
936298
1238870
750853
1543977
1562636
765470
1324584
1660422
1572828
572741
288007
859946
744417
1992156
977332
219766
525950
1238473
508452
1517553
498424
505998
834931
1082909
917164
588631
889419
1091433
1294223
1201042
1911652
899028
685868
1053894
942804
929432
1648261
1166635
1813668
537690
657210
414465
1116425
1635509
1224205
1159021
1551926
734416
856132
1608786
1236252
2194322
1161547
946177
1100376
1013486
1077300
1079842
1251350
386383
1215264
1452220
746571
1396167
665228
1342517
904584
759021
856932
798953
990655
1646085
1396563
880020
1250883
477021
1564919
967383
931794
867738
546115
983941
1154934
384921
1354824
1144367
860998
634017
905061
436690
859884
1424952
1273707
539934
514479
459775
390023
1184990
1341462
753244
1754086
1500720
1069876
1268491
697911
550513
1108158
1530126
1355170
1123445
1024867
1335005
1070147
784604
371638
1652905
603106
1967409
500548
1219978
1554685
902494
342693
941675
1112546
289859
89746
484864
1002193
272662
1538953
1272728
1924115
1474142
1204121
1900995
1221033
1209123
835839
851013
941258
1179415
1289709
517727
497286
1064622
318805
1428098
333005
1460786
623816
1374908
1107080
1557022
533678
1317027
1619769
589609
547950
601379
1688100
1164823
1584019
595184
1799128
1456715
1345882
1053254
909717
694580
1001197
396831
1037492
1751352
1134052
827953
1710698
391575
1487677
984785
872587
1030952
1570204
940173
814157
376428
392020
658609
564878
1264451
1597824
1049018
1915239
1451109
320851
1319621
958830
409001
692705
553075
1473537
695664
838773
1579248
1839546
557438
1081557
316549
487768
622946
1495053
1323415
1469713
1309088
779886
1250169
493893
1144550
521097
324206
1222362
1627015
189895
916158
1079799
1348422
2111088
710441
879893
863760
714917
312030
1637062
115826
1824500
1211313
599992
813464
1273033
1217382
565852
795985
2008794
1034443
970745
1146166
1577710
408893
354280
647529
378300
1133315
609709
701667
1425432
1263749
1463881
897349
377501
1076286
1072961
522900
558335
156139
777668
1210908
1739454
514144
1602182
638988
165311
814706
1067508
855813
1766466
1110407
930658
1418248
1079723
728305
921065
1261339
1320232
367708
934724
1269385
792521
1489189
1481638
508669
822618
1494820
1394193
1309457
914959
1448289
689687
848133
762554
299213
1365773
1728647
1915523
1636964
529389
1111674
876872
883617
1445267
687841
868985
592749
1356651
1191237
610447
1086771
1714658
945632
1312737
1157504
1978077
855835
307509
529611
1545906
620357
1099016
1724061
959157
1174998
1010898
522521
1213141
843888
1772454
530685
1341140
1399340
1026685
1117405
205672
993790
1075322
1577721
1414110
1955385
579809
1020816
357273
1779310
878689
954467
1321101
1053453
602081
700098
1218282
1722562
812741
1002880
782543
598813
635914
949940
623591
1182303
1875913
439301
1039130
848109
1432190
2098165
1161055
1362280
1144358
1554385
778882
566479
742958
786598
1574144
639228
776702
1042568
1032213
744755
824098
969536
222726
697533
907998
860121
433190
313233
742655
102637
1582887
1721928
1062390
1382968
1542383
788137
447300
1225127
1026292
1658145
1843906
811215
1435655
1639282
1475383
1222779
1270128
1443122
473945
878959
1512430
770727
467705
1275603
1846246
986336
1312917
702814
413715
980033
658348
584085
961929
1699459
1151706
1399539
191781
788406
909875
690721
1530938
301689
626081
1622879
1071454
992639
793189
1202445
1296219
1076144
601181
102426
589138
884048
1386685
824155
790279
625146
440045
1060861
1502765
247682
1284093
834189
1158577
1495632
1724826
1221213
321753
707377
1076566
681498
822879
1105286
1072565
448298
899262
828789
1331692
868310
644481
1540713
1025678
814669
1221138
147021
741767
1112106
1028675
1194842
726155
449511
1252667
1153188
1259756
877997
400065
584141
396403
628812
2296989
1780593
576462
750011
734675
1523812
1504976
644424
374627
1547752
1617752
1465412
610948
749480
1175263
503169
1249565
1208276
761896
1025675
1038760
1330540
994488
1525002
1840195
2060952
1359200
617484
557905
949234
1105468
1376542
463402
869324
812941
1163632
1115178
976545
704663
993355
969293
881110
886858
1455000
1979374
134498
895274
1812751
595590
432993
1645961
560419
1431025
753993
1049508
1439202
19485
1065164
867043
1418268
1072266
647867
1027316
516241
646480
1215981
1564925
481399
1099683
1497561
1840618
987852
553209
1330346
1142673
1376261
1575164
1007159
826903
895493
1685201
311627
1224673
1315573
1371433
489317
689863
1093000
746247
843948
564474
1705851
1206851
934698
1522150
516020
504460
1188716
992612
1219696
327484
968322
582737
566279
1500691
1323562
436741
575122
1703924
732114
809331
911167
592818
1537771
605292
1321415
1111566
384464
920996
1939747
419149
560726
1370829
1319769
1163334
2163917
918164
1830270
420857
632288
627920
283483
262248
491418
775952
1379573
668830
1002369
720539
436227
345670
1570697
1027189
833167
396563
446606
795023
1709395
947616
2030298
757101
1665161
1094744
1545051
1911564
1539131
1137997
813973
1259660
891269
262081
951124
1541879
653001
722148
1325769
503219
564741
1429037
1377094
253173
321229
1368357
1509025
1116318
1307008
544414
666897
1201727
848546
339307
570363
1282317
1430919
1263598
739225
313063
1250414
1290283
1732251
1141678
1600967
871478
815437
1117450
821334
812739
720047
1243008
1612742
601163
964959
1179296
230751
1082226
773681
1427205
1289443
1375439
406698
1063446
1009395
726894
1108798
884760
1275481
913490
382549
855327
995723
1098830
997289
652500
1055969
1049472
762979
367877
528336
352926
794056
789165
1124888
900031
1358691
608685
1173495
801904
1204449
607691
832307
951314
761215
500597
1149386
146458
1224469
576929
709971
1032684
1532962
978142
1236808
697729
1578513
1519703
1582443
314303
1278095
841888
1866817
927772
440126
1809330
759264
990000
1215625
756369
1430957
689613
409042
1094868
986805
1195028
472441
1607868
1060610
1427202
738619
1070541
1817578
1602166
664339
939550
744009
425739
489275
1075402
1182597
913112
660340
1059995
1081330
1930903
1743297
849839
1247983
1309352
1080168
1098621
1353968
882699
750821
1511504
877670
779199
494551
1147824
759262
1053409
358860
453922
1131820
1325125
468942
1884832
1165464
1188825
861033
631990
1414322
1534190
644112
381706
1337048
1640826
2150278
939541
1332982
1818472
1275129
419148
1547431
1170350
1848927
366155
413873
950152
580930
887474
1748942
1183568
1404326
1464807
691485
1003371
1347064
853881
1514546
194543
1011581
808352
495170
2107416
550027
914629
1091263
330307
1320580
353035
1212484
1219080
1255437
1150833
1177356
988641
1559934
1926058
1559406
1369926
1861287
794985
426224
510456
2105896
1342795
2029745
997387
901175
557388
1098061
755370
1064273
632178
1408641
1802315
1297814
519647
863189
555173
1184997
1369485
801513
1522775
1062193
498234
757803
1518567
651449
781924
846056
891855
1419311
1293552
916276
1441421
536754
962568
983058
503297
1119004
1224030
1337205
1338291
1223134
256422
1192021
655822
1682669
1869544
1100885
1518169
985218
1594042
1379588
1094581
1488293
1202076
1506506
865942
724574
912374
1290874
591584
1536953
1158153
1211491
1507679
1499804
842858
1242121
1388092
1091771
950283
1667831
721481
1205036
1072696
1291238
435704
1695388
396252
379599
1989115
481983
1298364
592710
1714019
1484151
785330
664083
1570902
289170
1086082
1340386
851965
1262680
1075924
870588
1355519
1025015
776027
594413
1064506
360435
635960
1395253
1324636
865446
300110
479835
1128387
1332236
930890
1520415
791185
965610
1378899
343727
500568
866150
1052868
2010077
524055
1441655
1247343
1549912
743705
2199967
939388
568851
1365497
1051992
1899076
1111964
1817360
549911
1291642
1232157
815898
1091821
2092873
1107545
1171238
433135
1379265
942524
994997
414150
859762
554505
775698
453765
712434
1856976
715912
1032947
760491
307706
787147
496057
1430481
1068836
1528279
1264619
304125
888527
1488721
990098
844509
567972
1364291
591323
1002247
1402143
1403551
1457780
1449920
1121349
1313356
947650
878342
240124
1852283
613095
1188880
713847
1224848
605068
1479253
1737460
659871
1112165
821191
737701
973038
587850
1041749
1301239
746862
1237093
1334268
1099476
1358471
464144
731424
1303443
1930064
836876
1062283
220799
1244174
1080832
1237256
1021446
797056
1153198
1828635
419128
992016
254565
1293797
376676
1070351
1330681
903110
1198408
805836
799356
1333596
409249
1676353
1065182
1220627
626589
1688984
1123566
576318
128670
1398021
706819
1242137
1631182
323491
588945
589243
796915
1116801
1467080
1418990
1842141
1413381
1354399
1033344
1284076
1176148
697831
1419908
1542806
1070653
1121960
1422357
632054
686216
966445
535935
2375836
889378
693691
1014550
783453
750990
732554
903264
1907694
1237921
1068949
708118
1354389
913638
792195
767953
1197029
985379
716656
912723
916438
1597455
1026647
796402
1009086
1517084
1035855
759327
889144
961824
1560755
886584
1067958
453744
1550720
356120
1143795
718548
1913449
340172
1026177
856546
1924601
1846597
1090378
842025
900015
405927
1247822
1119165
1271004
1213588
1512230
278848
1293309
1604633
313722
756482
1095251
202355
1110072
1522068
1130380
512005
2113348
864546
852207
1232432
1070052
882596
548310
1283261
1102463
1532387
705386
1160428
164683
1584306
1048748
609907
1158032
239580
1248749
357465
583802
922904
1107890
1585225
494798
1169942
1058060
689561
768827
2107871
1178407
843851
1046640
1350276
451889
788546
541494
435539
734470
1480745
945775
721574
470870
923806
840715
1302046
455348
613260
891573
596738
1021727
1016448
1507622
1697332
1062597
712993
439001
388540
1338318
2009061
1451832
1187690
1085465
677971
547450
604082
2035681
1485610
1150314
922741
668378
909244
1370215
921368
1127098
1466062
981506
1093773
1338200
1337204
626121
1396095
539861
680346
1730639
1088242
1831118
1630984
336689
485406
1614141
1281197
597494
1038516
307094
859033
1235957
601034
1284097
964603
736272
387525
872415
749778
696322
577082
1220522
839792
1385829
339227
1616716
1048068
1061538
1631320
735145
1262594
998121
940289
1085164
1499380
1018529
1623767
626487
737177
1463495
1083581
544508
767753
1115859
692339
994685
374747
1052192
1047510
1033486
276005
1332541
915195
938945
618072
931835
655589
1093569
1842433
2223677
835739
974181
1773279
1342162
536053
1242199
1148209
352404
760644
1443947
768676
572890
1068255
1636048
658412
1568587
1659233
889375
1619218
860900
656418
1056520
1433634
1294241
1595149
1000425
555389
879405
1157045
1775877
757334
990054
809675
1325427
448436
1015831
1674827
432571
669648
831336
1340632
1726093
556214
381976
993126
1254126
905270
1439339
709582
1245513
755628
739897
1336324
796401
374219
523089
755455
946742
151541
1442305
1553168
419739
993514
1419248
889517
1346320
872656
1942872
1309180
807222
696480
1023301
1214334
266378
605330
431680
812730
710142
459783
959259
443498
844712
1261160
1252244
1287138
658248
1651885
1398137
1565455
1476132
929527
1261878
594202
84772
782746
711711
847349
425446
1347300
1454503
1156087
1991707
510871
1024106
769404
1595587
779121
1735167
820545
1667780
1451198
1044929
995087
1081567
1065150
879140
745978
390064
1321847
1059933
1214217
1478116
1541737
1845592
1468556
755672
1616994
770191
1029708
386738
1088152
956447
855973
834764
1212050
695193
472309
1289718
1405579
763598
456600
838800
1541455
561787
1873509
713601
1576698
420407
1570169
462597
1466683
899727
279207
927419
1221527
1093772
831934
630905
1142952
1385957
553495
1019486
620154
932294
744903
859563
861178
1000143
1839130
847413
1888353
1253525
921440
881059
610897
768864
955562
996789
1593876
832302
1138906
1405294
272824
1751272
736654
630661
1008430
1386488
826681
743068
687024
706890
917997
1726772
231654
812036
637104
1095366
1529849
1351449
1481594
659338
753177
1673391
1320351
1076751
1466323
905769
985640
171943
1347384
685689
1103266
675007
203731
796941
1080021
1113022
691785
803920
1004153
1467306
1568392
1161901
692525
1280490
1816981
1088370
506853
1295038
1368682
1480015
1247265
769905
905359
377286
1024828
381194
1173603
647444
1050179
1282845
792945
481862
873589
1118242
1317705
911009
1375922
1152657
255477
856028
1321520
445061
464755
1539458
981285
254784
1148672
1240712
1215346
335117
1448451
1240086
1050121
284062
920926
1544555
738592
971021
644873
553230
305465
1269954
1408055
1331587
1143988
1347404
1352490
947171
782980
914642
1323764
175921
1074132
1148353
1387900
1372263
1264281
950089
1370948
884541
1688075
948457
1461377
658085
1256378
392508
374327
1170580
811376
717650
1335976
1007099
1660077
439579
1607283
930452
1259762
1210250
1320352
1286144
548348
1113220
493468
1041256
229392
1680631
658536
1670994
814452
557632
947372
1226593
1253768
957682
554434
1061239
323078
1810343
712061
945163
425215
1667342
1236683
1390694
989458
1311555
850119
593266
849595
511907
1438985
1617382
1059175
1798125
1100575
380452
1755515
430953
1076685
993000
887855
1865937
1098237
1674465
922109
804433
1128438
1619994
725484
1728058
1494885
1662411
846916
1813125
1466559
1993231
476115
1218647
1493821
503299
952272
706074
595688
1096247
690453
1342018
913166
564134
521952
1886731
872338
466482
650198
760584
1293625
1291902
668170
1034788
449073
883385
1302152
641535
766267
686651
235272
532856
1717970
1626052
997630
1023915
253897
1245348
1093470
891064
1165205
1493820
1202235
804102
1634132
507156
1406367
1746586
1168324
1164769
1083069
1239253
1322345
859575
1062667
1393150
563751
660961
943066
1215553
671694
934129
1332211
1292605
1271509
1109905
961372
1401853
1403056
142256
854414
1340307
798726
1046801
2026982
1305924
399367
1357136
1144489
1913907
1183419
1044633
1449749
185980
1532650
551440
993516
1710505
722849
558367
1269915
1148910
2065649
831079
1079427
1419957
860387
1089734
1718729
993157
867581
818858
677722
802154
793486
1806149
358088
1457724
507476
723976
1041232
1020174
818467
1781417
1076642
815887
1246473
1083922
1213463
896699
1053315
1601958
671618
1209321
523095
1093142
1599001
530650
1964785
1195963
1029602
736564
894720
669011
879691
902087
490698
1373483
1846112
1071516
448224
1238154
842229
1167572
1065972
697212
502386
1309140
1876637
1146540
668962
1662228
1055721
975915
1386664
1508619
1329081
160205
332238
1188354
783039
554255
904943
1369881
624377
1136429
999288
644254
395374
689417
491067
365219
1856738
397159
668580
303499
867517
912070
377007
528752
1291852
814638
920599
601594
613513
849407
867604
1003122
978307
555777
582127
1346992
765680
1007947
1313983
687387
1557135
1607345
1165522
1494930
572293
1639348
726235
1020474
835325
1443021
861422
629229
1767303
668942
1795738
118626
940125
1156813
1032799
1005436
422675
1187556
885192
114856
863354
1490950
656976
1693344
1494557
737559
1557932
829532
257921
2251218
1185680
799107
1444238
1600348
1001797
1193709
418877
856110
1135749
1325306
687848
1662103
97477
1549478
797423
917200
1409340
1397791
753933
1418931
994624
1110465
985309
413885
1075875
488057
1858643
1625422
1603164
530160
1496605
378829
338603
870616
661897
2059777
666406
1211500
1365195
1021324
1382742
1432382
923645
480389
505921
933749
548628
1010765
974992
747706
500731
1718740
1074923
409881
477522
549684
472460
1567241
770572
1029374
1447893
809336
1128443
835058
447539
540647
891109
1529438
872606
143788
393073
1141516
1177190
366015
329935
784449
1575336
1242904
1329045
1422261
798959
1297978
1301627
686288
2103145
626468
1122240
1809839
1038443
1424524
1446957
1167658
703256
1830126
323169
955067
1288578
1825974
1025740
604179
1261156
1388286
852018
641236
1379478
1701730
1270799
634578
799426
793788
1185270
370461
1381637
1319794
1876590
560122
1118460
1204606
1291893
623403
1283040
1509788
1697243
1916639
305634
491409
825780
1142671
1093604
243038
1279670
1051769
1609381
883031
1348258
943971
680712
1236973
96061
1473118
855382
356644
760362
816519
1301710
1097741
1373041
618157
601065
643427
1131750
1158076
2200508
457153
1460983
1717957
986192
1965061
734418
1839013
944074
1910370
793492
1528652
1023974
348269
454236
1534992
1880887
1154069
1372651
921827
1340165
951700
129903
922816
1143385
1330542
804377
1050905
1331253
1434270
1263799
382742
1217417
912209
545721
930251
497525
1289524
1565430
477667
739587
1414538
989462
658208
1762459
480811
272345
452889
935256
856745
645809
464268
1520462
1146294
828089
192368
310418
1111182
1669847
747455
902463
793425
873822
928894
960876
961191
496910
1008410
1502929
794611
1074597
1631769
1320340
1451245
980799
942992
867592
752035
1339276
1246762
1123545
1763320
1157607
1399402
1371209
417388
1202009
628904
526094
713516
794993
530618
469173
1102816
385268
342561
1152281
1006891
676118
1041359
1240402
1402277
1307186
1345589
1445087
1035868
1759297
457613
977813
495937
720555
834282
1270667
169547
1322588
1545388
451019
1252788
1526228
1103822
1048808
777929
1323152
1628484
299188
988613
967974
761333
1944278
620072
604336
1260377
382740
1127349
918387
754926
1205500
391712
1056889
1205735
1168669
614856
1193886
1170648
414747
682194
865818
2097021
1498778
1749789
690598
1545608
592754
829386
1017616
1225919
223538
599101
777539
439701
1445545
542123
2040134
538336
1386936
1842230
1200348
1297388
953937
749910
2062675
93402
908604
854242
1272133
1246402
1055255
1054151
1455902
606322
865558
516480
193794
260011
1438933
1730105
1169531
1063129
1026832
606768
1889981
762359
1455420
504954
1625924
1817155
699136
1846481
230290
383254
1848496
814216
2094060
1149549
1413390
790475
1177976
1172535
1384845
560228
580265
168656
1006298
1205386
1418078
629381
707443
795951
1100318
1369303
641098
653337
736578
467101
1021051
1203544
1130219
734044
920333
515114
1789001
860475
1726127
381140
836725
2096361
932842
171656
1473531
652592
1149353
1166254
1028087
1415394
868692
539449
1160315
1246653
447005
1350398
1241840
1651507
1776601
1391284
1882448
1254004
1169258
1583652
1937063
1087436
1410994
611011
1381576
1631704
1165996
1137126
1319750
1428670
871204
550172
1581880
923604
922691
1277721
1670687
2280091
622974
1368790
1381019
1075098
1104011
1901851
1560935
1120075
1107613
1463609
1313414
637440
1033721
1233447
937353
850584
888635
1009771
674869
611658
1276442
1228634
1921042
1203405
840057
891950
568833
74207
660356
547011
456827
695990
1347198
391500
1354036
1090933
931251
904631
1000029
1869022
1051796
1343959
728428
1304868
459633
1423689
1492366
765313
758512
675333
1001170
486737
413231
1403326
717547
731509
1336986
1368843
1809836
1005831
1115397
1205483
599038
559011
663001
1015378
1081933
1379569
965610
1242013
1876561
1498245
1655648
1801597
958913
1028510
1169113
1375520
1047376
569935
1830331
637860
644792
1074096
1116431
1266542
1089030
2015393
1065457
999473
471338
394222
967260
1237302
1455066
1340700
1029605
1270420
1804543
1398724
1857735
594184
581446
697577
1186922
88938
1779801
586392
1440663
978716
988557
1702369
529482
1512331
642992
780714
1462852
1230019
735055
1498675
842914
188160
762720
891165
1354443
948489
1091000
1078851
939565
1598184
726714
855095
1355166
1048695
1188991
2006747
2065972
1213212
1146128
1610999
1120714
599475
441949
619234
835090
1266100
1352822
1106377
751295
1530207
1531045
894823
853265
1961756
463321
543092
733756
1192341
514218
1363980
726258
1005994
931422
528423
1011828
1284717
1458812
535742
850451
151689
362987
605639
325893
747879
709044
674034
479631
793333
563270
689494
994472
634109
978774
949278
739039
1358318
716284
1260631
1586450
672253
1218117
544836
1415012
961439
1070908
1372440
723095
504588
553793
421122
1119982
1498062
1570000
1406408
326213
299443
1226880
767759
1345427
1022144
1389477
1604734
763443
854522
1327964
1304808
562300
1803346
757664
1181969
1688692
1473419
1365118
541037
1627567
681391
527529
895567
1068274
1210369
771732
1262059
1307128
773347
314833
1768615
1552326
998418
1603709
764527
931340
1093988
574992
748976
449358
831514
1107374
1514680
1130061
1043478
1181789
922165
1286750
1048008
656828
1188248
699574
1641307
1355510
1084597
932640
1497206
171595
1428575
770308
826942
820786
1251597
1719726
499550
573306
1151214
1753476
1183642
548335
1064331
1331706
1353391
1326473
1234320
583776
480575
1117386
416175
872295
857653
1074637
633059
1173518
1111305
517111
1234282
1373223
1088007
1366954
1845071
1531059
450979
1112118
1750733
859189
660571
1145632
1827701
552505
1390405
1029310
1260998
1856059
691457
1239696
840491
692457
1089957
186330
922536
1270315
1857489
921823
1408993
360026
1476172
904032
1081643
1033689
452408
941616
244785
1090651
952684
760047
641156
633278
1052360
648148
205964
856157
242512
866564
1077962
1235386
561250
897301
714877
565463
913941
1287653
749762
1386660
1057129
1220787
275227
1717042
1456646
471711
1375067
133260
1342129
1011869
908638
20367
394769
820538
928098
1053265
1649653
694505
429293
110233
1358409
1652806
1902068
1100169
1163439
1379135
1220214
1814325
1105716
1986887
1106811
871204
371264
1372671
534673
898232
704595
557627
1319867
1145957
1298093
1255962
642907
1013454
1910225
1107094
1506830
476598
1621296
891913
513717
916763
705931
1269804
716555
1649566
378335
1226194
820108
603426
1638866
604569
1361906
1102113
685495
609248
1079931
159628
1202048
1515636
1453522
1305189
405804
1564269
2079279
702861
788985
964821
462905
1618603
768476
1836234
641233
1924615
1327013
266650
974643
1382420
900973
1183968
566830
658942
1988201
720249
1380595
891157
537787
1123192
1443065
1682862
959121
1336162
1041415
568003
1360186
1814051
846554
1593001
1384960
1897974
531026
379582
1125289
1059664
1243671
404053
613093
853836
1387207
1044882
1943711
1929787
1194574
1464834
1738296
1364273
396135
766982
1029957
519605
1451279
358488
1275467
765560
907121
1025773
2097619
657720
573038
1286021
642157
1370854
959317
1096438
800919
458219
1677826
1777154
766536
701637
404553
1437671
1034281
448134
1208857
1934068
931974
1171362
1518027
765641
428041
1035104
1036059
1908042
1291609
540107
1133310
1646148
1130008
1094667
918193
1268187
1682926
952788
1107428
1186365
784728
556807
1121147
1160906
1220183
630331
1699054
575145
531815
1340575
1432221
1566588
868242
476864
411090
885754
1897582
1426624
1153139
553393
1338269
1581580
870427
538068
1731358
787838
848852
1420119
1513300
828202
435913
1258932
929544
720524
1587259
1478618
553605
393193
585705
1351131
999836
1166122
1582531
240034
183142
1572238
866265
1022512
1044384
994313
1407319
1156979
652703
1529807
1150016
1240935
434856
620409
1025780
1148241
1555740
1200118
792873
1317954
1553283
942425
975467
1221552
1644745
1251978
151797
864068
875719
718561
1404443
1019156
818142
721961
844403
368441
1210797
776180
809906
854826
1162709
668196
694490
1419872
985757
612653
1302463
920739
1330345
1333728
112934
596910
1078801
1014381
1068244
513391
1919494
350438
1171056
754527
972282
306925
398815
1046059
401023
716181
656244
1980571
553068
868386
1341628
1370244
842245
1395212
2327187
990322
1840592
985150
692491
922328
444918
268077
1291953
1142922
712857
676817
1194643
1113325
879714
1146516
302442
1544337
1229565
1845391
1630619
1309702
1028305
794800
1303261
1600058
515863
601703
1755238
777993
1532693
833227
1605078
1254552
1607393
325127
890887
588243
1005236
1751221
713871
1528170
1044550
1220006
1173103
348257
759128
530308
790934
762893
875935
1540220
769997
701752
817144
1380773
1229354
580498
853815
701509
688416
1072276
367826
1362324
1868378
1739589
649534
408851
985846
632443
1362225
1198319
375068
902462
557189
461499
869700
1166017
524889
763996
697602
2261792
1094507
1047258
999482
438012
292347
948604
325108
1024760
1757820
897027
1588010
771975
841807
337639
1780514
1132782
999152
1366678
1732945
1774193
910433
1280580
825461
602815
1052232
803214
1543918
1410798
1251349
1088164
1548128
888301
860675
1183673
1492725
1624192
804977
939318
873320
616291
478934
1102584
1854192
885831
333943
722668
1154702
1758852
1272263
1032121
575613
1326100
377767
613164
1003497
1330897
1668447
269303
1183137
1713366
1256938
778512
807012
1342325
1326257
591626
1267193
394723
1110483
512263
1522171
646847
1083696
1595843
650488
1184195
1445580
1375376
972234
1335139
392595
549545
1253981
439648
727703
955019
436124
588774
548723
1321980
895029
806130
1219147
1143308
936882
1941269
1236986
1579290
1596356
355619
1282153
1033323
1547600
512187
1723751
713211
1282742
934322
1329017
1543734
649006
983491
1541276
980117
1379415
877535
856413
939374
1232528
1101654
1706663
997238
951115
1072130
978429
572513
426566
500275
1240989
650149
1491320
1212584
1469269
516263
504438
810330
816603
1091352
133163
1601313
824076
1312543
1213469
747155
1330263
1753289
856280
1388562
634697
1295342
1207104
670905
779676
1440253
970132
1946558
699539
1806025
1273707
1146839
1036430
646033
433866
940741
962833
1272044
906064
656263
1315958
1242310
1280088
476524
1172680
1399307
472433
1606560
1316277
997466
1086680
586021
1102568
483587
1054071
1241051
552472
1302538
614479
811059
1031077
1104463
755282
1041664
1040754
871240
1033937
916220
1762464
710238
671007
1077797
702618
1558614
1530799
1615382
1404489
393947
1354742
1563801
1328187
747227
414388
815052
817450
1526273
2128573
911371
888269
1290244
658013
1383374
154991
650149
390741
855440
644931
1334820
810034
1997019
422005
914215
1586650
1005607
475699
783549
1154933
1278285
638195
1097690
401714
1071282
1011843
1332555
470208
1742120
838669
1716211
793398
1825947
679781
562411
575010
1285395
1219156
854395
913004
1153966
29319
1407850
1118200
226003
250308
1144532
2059677
1728642
1081204
979192
448259
1142338
1107386
1085994
263369
884383
452775
551004
833756
1488581
546098
1500152
1046785
1133325
406666
826876
1041035
1225027
1412707
865875
912163
1246358
554963
950467
864296
891085
1737915
986129
1923906
581779
1312703
1289650
950476
200221
1120074
1713345
910546
783947
826223
972263
816073
135558
1573504
722894
280047
326811
1318744
1526240
1427031
554969
833850
839077
753016
379277
1369940
1419122
585348
1592234
1472105
1327679
699715
1089476
514258
860014
1339824
854821
1096092
1335704
816965
728706
1015485
1075466
444154
980350
1944689
1319119
450353
1452096
1289578
1019879
1502115
1570985
468061
993041
967456
1000283
1608669
1400965
1337471
1118399
928345
211412
1536818
420735
526752
1135768
553515
1643416
510858
964053
774886
485452
676485
599266
1487095
868933
540022
1374687
1504022
274813
1015490
1729729
812189
249410
1448046
638435
1018996
279608
789797
1575362
1103086
930167
842267
662419
1133834
643695
1486788
837878
385719
1925718
1145156
1294786
844479
767556
1051955
1208459
723549
1066312
502048
549661
1573535
803250
902837
789518
1304501
583980
913626
729643
522903
1216026
409221
1925323
1035036
1026527
2235294
711152
316747
855332
1025837
1567472
1093224
1126178
456508
1143691
607835
839036
1293235
904286
581539
1443877
346770
1169477
1205146
573085
1109119
826828
1640234
699185
1985341
1821218
858538
1076062
842921
314722
984125
384299
982278
755329
1566768
1944797
957588
417831
1185057
1253215
285884
583501
877928
1229591
369527
1615855
1106464
356559
1852256
438133
737053
648265
645628
978558
235771
1490354
1802749
1027908
1161994
471397
512105
656137
394970
1048737
637512
1302517
1701624
1151048
1524398
378305
1505367
1195393
1242099
730170
1250671
731765
611225
360206
754311
1169815
696591
882557
635875
998576
1468197
618948
735571
1644502
1154111
834416
1176508
1934374
1275443
1458064
694315
811221
980038
1476401
1281759
1004439
639477
1180299
1261589
1733521
1235005
640338
681178
1409664
1689138
797245
782589
122417
1305958
510933
690324
1360692
1028147
1275907
1234078
1601786
1485069
672355
1422992
1008169
1212638
1045602
773813
1235852
1180332
406194
1058344
1026028
1626449
834775
945590
553215
865498
1327986
927379
258377
1056629
925791
1359206
1594758
546312
1522793
418714
841892
984517
786490
1489001
774328
1255642
1201376
762747
1908826
314062
1604965
1052047
273827
816146
159421
387141
914514
823623
579918
663088
1025614
1536117
1421627
434813
593871
1495873
1441397
493092
1313811
941819
1260035
267058
1039904
1121958
914670
825193
866949
1572885
704653
1483141
1112189
641941
1018053
1034188
1318201
261038
1513013
1490981
311093
1452419
695451
1663938
871661
1067136
1899633
899251
1933529
1520062
1019033
895370
692472
1434683
2133888
493392
516685
1282922
1261406
1566688
554865
601831
806399
735780
613622
632359
337442
1255429
34459
1460511
1913558
529462
437793
2001097
1403032
1433026
389667
1008608
156646
1188250
1250799
558825
1665957
649865
488058
1339156
1413323
640092
2141841
1319964
1116909
1357333
1176100
1776373
616356
752246
1924474
1845797
904244
2068928
966797
1007932
877561
1150465
580888
362695
1191146
907200
1292106
1383820
701209
937037
698520
1570980
1200777
241814
1607533
1563114
1198690
1490450
826081
1115826
495996
1311136
1209965
746771
636832
1074749
1113085
826344
566197
498968
1326322
561629
1144117
1025642
1487307
1665362
2031447
862368
789274
956114
1172609
1236441
464642
1310042
1466261
413132
1179446
397185
1554622
1268277
702096
447075
1083690
1638749
764120
777925
535171
2064669
2117220
1618049
1496030
1115988
1404901
306390
540984
505521
553790
391913
1154536
1221916
777664
2016880
631091
1225232
1607253
1329319
1201526
603768
600731
1175330
1393093
1869207
1419254
548761
1234648
1009242
772929
1354995
415127
879888
1148548
1384103
656436
604468
1412862
1344212
1683705
536069
645974
906330
1331171
1379582
1184605
486381
381929
732852
337151
1176467
999926
962952
353942
806299
818234
659495
1098816
749612
1294915
1811814
809007
636795
735695
1246847
694593
818803
1467486
678910
736105
945613
529530
1168049
666053
940735
733271
1133794
1772258
804318
719822
732385
1297664
769016
417441
1003374
2111152
915634
1163421
1049294
1530880
635204
1243912
1359269
835615
362245
1231334
1499669
852009
681650
1271139
561280
1649463
717704
1110160
611803
1111554
1412446
1249845
935660
1138137
1040725
1324714
1344590
760957
795645
447143
822134
1332079
1832704
759230
624989
945776
769315
858552
697768
1309917
696674
1309892
799898
881142
1398973
1279338
1513371
1500773
994544
803337
718731
1162539
1578529
1178762
895793
832522
1572004
896208
1158850
437327
1353019
1412923
1466326
637227
501413
1321213
1515738
252558
934603
464520
1761205
874843
685038
438835
1468114
449512
1457447
889577
1067489
1672219
905045
793479
1155274
965268
767650
994421
805182
801957
577317
1490978
891523
902538
1217983
310343
361399
1444158
1357818
479596
1333670
893390
956560
1414988
2275360
976838
298772
1224552
790357
848522
914327
1094436
1061239
1305367
980608
656481
1573598
2018335
1757361
978515
316850
753129
1550857
1734050
842596
1468532
1158188
330740
1057560
1171763
830715
1428323
913041
1567950
1117843
1497237
1834544
1007073
1203189
1314310
1309769
1221224
823357
1128779
1279082
1016187
738025
135730
849775
901522
334314
414238
275002
1652881
366693
1528047
974147
1119777
1076513
537507
1264699
672670
1059713
1290731
1367643
1434030
1151646
538506
1048262
890252
1866765
1813977
439613
1408219
978416
541487
864109
1413683
896419
1825424
895369
1001749
947582
1116311
713840
357929
447102
1478353
428751
1190055
441956
861302
405953
429583
617364
393735
1165543
1402686
1598784
819080
1389001
998895
1783451
1136551
481227
1174178
759004
639100
993850
1048478
435853
1408931
1100344
1114737
1888202
1396455
1261082
1441051
1106580
930845
871681
920653
413747
320962
1782450
1184117
462165
106039
1375233
794968
1054989
451773
1186524
980477
789982
289666
1206683
633586
935687
2306215
1416364
725914
916213
1209940
734594
697402
715489
1179326
597188
707280
1841242
1105231
1625222
1170917
859102
317568
1289272
1155478
935138
396239
1467777
864336
849493
1031659
1391293
1400387
459415
1260426
1261797
505231
610994
1477326
596404
56687
444773
639081
1055765
826028
719964
705389
939033
617263
1230461
927922
1580980
1568288
995525
1209344
568485
1801288
668592
1809295
927642
167600
879064
872094
489082
1387272
815180
1726476
350546
974297
251674
465756
1407165
1038242
334234
1300599
231974
951834
304047
1293278
715634
536047
495047
483174
998273
1005583
202233
909061
582879
1783912
661083
378088
711649
1601813
415936
1454681
1374028
957015
1911875
1161397
927333
769555
359511
1268411
2028203
980223
1519862
1064258
1207851
1750754
991439
1025442
1367559
1708514
1172533
1168948
1149756
17599
249610
1869800
1098808
743889
1980978
1613938
51576
1579494
1735359
900367
1729755
1084785
632606
986387
744401
1314384
1115749
1039687
324976
1742555
1554140
1581562
1493928
1009065
828496
1950668
591161
1231999
958101
1536099
1084771
836735
1912044
1191049
391743
780513
1627603
926557
1191995
899121
1393316
919565
1363737
843790
1298776
1156329
509626
1372674
1018632
1668281
1193737
1653511
1604718
905999
1069057
1695380
1867620
997788
582219
1543090
1652895
738994
1115903
892705
696551
702297
745951
1176619
1667674
1083631
601657
529704
806387
972266
1047064
432930
684046
2102831
1980832
1478537
320213
983780
874365
680536
673720
994321
976419
1158288
963214
2282700
1296198
1661863
558788
752898
971293
872693
1060748
1122085
1332807
1747283
471732
792396
1246863
1409088
1232786
1192984
1194361
742791
814497
979018
711816
1497438
1265591
633627
361519
1493819
930116
405733
860369
335088
971617
1113427
842057
812678
2100257
785818
798778
524632
554716
1286571
538473
773799
1047007
1505231
1326669
1860342
1017923
1020411
206220
1251547
1634270
1602448
442630
924693
90041
1792253
963766
1467122
1270877
627873
939277
845912
1408887
689260
1977741
925958
1076180
1963009
867059
899186
1117909
692803
878265
527166
1016486
629202
1601834
1087829
981947
801419
460566
827449
1914767
749629
217635
796412
898204
1035692
868588
540613
204482
943100
821826
2037830
1226351
1145802
1044249
481724
932217
1132534
1100646
1719226
1500098
825631
1485922
350256
729302
920640
965785
936520
941246
952277
475986
1337260
1178987
1115378
603564
135484
1510934
1346167
700708
506382
1112769
940640
1248370
917345
1839738
897141
762130
960956
1344334
562089
1229758
2068776
1862746
1141351
1654189
853976
1047324
596591
1135580
536643
1535304
272885
1337992
402082
1039714
841423
1498702
1414909
133519
395016
762726
1603482
890908
995192
1137592
1463003
489480
955684
1514609
792577
662408
561505
1179699
1266368
1160973
1087561
816910
832430
1399789
1547197
1777718
1085684
1182494
1409830
1312717
1511305
1017345
2095735
1152926
1310386
1196149
1039423
1456149
1252185
433288
340231
756991
430776
551269
1285502
2025402
1301995
1095967
458023
1794996
1446847
1133623
1093642
1787635
1285840
1297054
680799
1186620
1854736
1923963
1371387
1213849
1181261
218581
1465782
795274
1568397
958877
639787
1023762
1053584
1307583
1111484
1203831
370813
499616
804931
1838502
1011064
1126441
899937
297594
957128
881103
1889378
1578279
1041373
1157773
1421574
1800154
1431346
1543758
924457
851888
534849
501302
207453
496655
928842
820589
818813
1155341
655811
334435
1863503
1417807
1650350
608883
1375016
215758
1163060
1455940
748845
1592084
1187951
880399
1494613
994811
848054
1659065
1067742
478128
657891
1590088
1025176
435567
884153
1105611
1140159
1339632
1033961
563771
254321
1325055
1343764
1190933
646684
1188034
1362490
1339269
1038940
1299754
612390
595690
1170809
1360463
1621420
388271
742663
675649
1564141
788332
1678572
1253418
1447517
1317527
481657
1273286
960323
1138077
823543
966667
195438
1554283
1405154
1408838
1223041
1014140
1592654
1753844
646096
369322
1602001
1198703
964825
1020238
611608
518032
1033656
1917507
1241707
886334
1179651
225304
888113
1592235
296444
1361107
566169
1541492
1064329
597266
1460692
1107903
413690
395411
914082
717892
654363
1047913
861144
1079610
990525
1783392
477589
777051
350242
1373195
217946
752590
112550
941859
270373
1278879
1567161
1030823
1005215
1603018
1428613
1239219
349648
1396406
1084617
960474
1225893
527365
710170
354882
1624262
559272
1137917
961016
477013
715859
533425
297963
609446
869958
738062
2106700
943642
2122236
1204041
468088
1347054
864454
867887
677347
886514
427486
1376577
1159021
992920
846529
1000481
595365
886815
832816
897814
338864
1337387
370182
699525
1935407
1223971
877115
1346780
1033193
922963
968119
388642
1234440
940531
1136909
1180017
1911792
925986
842967
985307
689276
684456
1195106
1275357
540054
956431
1051003
1185876
797418
1249268
1820195
959219
1359366
1192562
640077
492281
1246184
783256
1559703
1186758
1069719
1957111
1156938
1912721
1772145
1388502
798231
1030827
1319860
494058
1650587
1432344
1424148
1297621
2051137
1007273
940252
1657668
1014762
945632
651020
1184391
717228
1613598
1103574
789177
1019626
1786252
2054712
1001482
972218
924984
1601782
766723
1016678
1333694
922063
1258405
1041278
1606925
1688593
1104192
811215
1127476
425516
941837
1432928
1516166
720532
1247442
510512
900269
1891327
469789
446059
1318252
1025471
687324
648805
1202328
1892573
1549189
989631
243325
593453
577804
1008296
862482
401279
871778
1000677
1547543
331020
301627
1000630
930862
965552
1481480
461618
635017
1330054
1536385
438427
514133
1398845
580012
1314916
1493045
297896
1932994
386647
263978
733151
1382365
548585
940729
913581
874727
1215964
1413678
558281
504895
1227899
299619
1082820
1395720
1055710
1808438
2045273
1117642
765238
1047860
1426046
764203
307758
1407401
1392733
702257
1261661
1114979
549737
655228
1591385
1145931
631648
1031048
1901545
717460
1183030
1039994
861714
800568
1395328
1724404
402622
688541
1032781
194797
1726077
1396927
1318376
1848558
270378
609810
1323986
1357235
1272328
951610
588383
256988
493638
707113
984156
1499522
432765
1056278
554133
1385090
1149962
691925
735809
894864
1117790
1751820
615550
1007905
1374191
1527172
1071546
1471523
825721
1256509
1961229
758796
1077561
1889268
1473557
1043990
1653770
755874
613300
1514213
2043883
563441
1510659
1756083
1192952
993006
1072165
1937413
1518937
1623933
1030586
430240
106425
1809059
1173832
1308226
748780
931232
364744
479314
1441991
1767909
1038206
1560065
1805979
589209
572950
1106097
1901868
406352
1267308
1426201
521880
1354877
1566477
1117917
1226903
714343
1313176
1359978
879335
1696371
1151295
734818
398564
1073627
975997
951865
1162477
535513
1155745
954277
757703
1140878
1633589
2094731
1334268
628022
846093
419196
963099
1195420
792085
373837
245365
1501351
962358
1131983
1516178
1251314
1106808
958592
687995
994499
757098
1597210
1479343
881532
0
500275
1439166
1063017
541348
783649
580676
864839
1625167
662339
1171463
447689
743048
694725
1264699
1233654
1044726
443464
894292
990146
780728
1025211
509251
909756
1173277
1534992
614540
1278396
536120
865211
1075609
1270545
1260936
1799657
1433507
179634
398030
629414
995968
1505228
743424
553208
933997
1406907
939050
814352
1076434
1068987
1405531
718649
268197
1004727
1191114
471009
1183580
1142855
1200651
507224
2085361
1800232
987649
1474272
1280064
1113060
415485
344429
347474
1210882
1036215
1384893
1271760
729361
693606
1798894
1273570
1930455
1390190
488580
649704
1811469
963778
1080406
640337
1001865
1973266
1339329
1099473
721184
1637116
643000
732005
1906901
1806392
347934
495843
2113830
709630
949605
1145619
1046625
884194
393028
1207347
582320
1389209
1401180
1176892
479041
938158
1128088
1832802
1604282
1014766
790311
1055032
747225
689305
1012553
538965
823855
884971
1023805
1479595
1050734
991810
230193
321219
1289261
1087292
892899
990431
1056960
881314
1234513
735264
1593251
426436
839473
1559157
1101537
1616227
1125532
996825
266997
1896125
490076
913178
284814
1316563
1498270
2036482
1108944
820443
849647
1172813
110600
1444815
1174294
1381109
1037982
1199753
829208
1529253
869789
1130102
660415
1546978
890240
349690
406428
1078201
1727036
1302875
1304005
665917
731554
1366243
741787
1162004
1040075
536851
867173
1335310
2100459
363306
929048
839336
1330104
702497
1535212
1506364
1383363
966548
1171097
605192
614195
495279
960653
300188
1251113
1741725
1329696
1573021
1454035
566956
596920
1341991
1032259
1487934
1298688
802390
1047934
931183
1282682
1128475
768200
1317450
917136
1044473
1596823
1290207
416079
1026360
963766
879693
668563
544229
581404
821751
461345
841959
989518
1198377
595548
645893
606017
714205
1614648
887459
487095
1950655
1586843
433009
988455
331083
1680586
1056360
1000777
1085328
1936186
789354
528682
815163
942672
1126687
1546898
1591950
601241
1732180
1193940
909930
210561
1410445
1083234
1368040
1646143
1048319
1892204
1147880
968791
785292
1337643
1723283
2104690
978457
172371
437601
36065
1581216
1179966
1508897
415554
859412
672117
1259468
750420
768751
839469
381117
1225960
630725
1250839
1593839
1534066
1496989
816142
1033604
609036
668701
1169152
1411160
1624533
675044
1200978
1748309
1135471
250850
1269471
687066
1368448
1481189
404477
1066969
1596958
907870
1189109
587077
1215718
479914
1478305
1784429
1369140
1404325
943260
1594301
590134
1181116
1129135
1916585
1671054
1344337
1270401
289309
2254002
137678
813773
1412841
1346384
839774
1206337
1253010
1303426
1022978
642667
973430
1406708
879090
1965140
714330
1500456
1251532
1178300
905214
1118504
1119795
1415506
1561384
855418
1878061
1348241
487012
1313808
1006042
1206521
792238
1096468
1219880
1417462
944658
1018959
1135961
999489
294382
1143906
1506127
978009
1520764
691226
831082
825115
989665
1307812
585586
370795
1686238
1062584
753563
1567048
908621
1103720
1597395
575634
882340
635130
347852
741183
534459
1214161
1016485
33654
1307659
325711
750445
1033812
1868533
885419
1112816
937765
1041123
366191
1676918
326461
1320055
718931
499395
191923
1609343
1012449
1058511
534003
883285
1559837
1178519
633772
1286586
1417195
985585
242891
1041117
1215639
730306
378095
1400488
1209008
1412021
1135029
1395708
1039769
1490713
925167
1321181
598713
1238021
1800960
1896578
685753
1027034
878651
1101261
1391508
668885
957245
1420634
730210
1908592
845307
817874
753166
1061867
1614424
1453165
2101703
650201
1616737
1477393
895539
1543182
1271602
1343392
874969
1955968
550059
1328800
1593991
777466
969156
561345
1344548
1099189
642062
1347183
866509
1049540
802560
1388356
562676
945336
1026927
1523816
662015
1017336
1393546
1426673
833514
1067236
1369930
711126
1088587
1055273
407582
1054903
645619
692894
914830
837477
647291
2211359
734713
1153095
1431407
725648
1182570
1199310
1053479
402159
1459277
1423516
733655
1265776
975005
1458350
1686164
1100513
1728877
1033513
712868
513285
1336696
1844780
1424118
1783954
432429
1021729
947178
1598831
586548
485862
669663
391772
821222
610497
772001
1705700
744890
1378293
537042
864151
1227086
596724
1487458
1073756
1423191
1471099
1330907
869174
521303
1091932
1341660
1297371
474666
1179994
1198134
1355033
1076897
1097055
815983
767022
1337011
754172
1095221
675758
1270527
1000694
818466
378376
646070
590916
1019444
1431117
1544799
829209
926311
358803
1066958
112085
1381491
1135289
741628
305431
659617
562536
1282269
1422792
1358099
1886156
1250785
941777
966903
1579089
926992
1246578
1403442
975754
936964
1165475
1031480
673073
1309123
587326
1118141
1205810
914466
1506029
809959
1390739
594239
365203
1062647
935566
788628
852828
719446
1209170
371288
325988
1292297
1229982
1152064
832298
1120918
1134779
316717
1520478
362683
695377
1024986
759139
1491755
414379
1378970
661451
1097243
1857737
922770
1638957
483137
717948
1086701
985919
1043731
1611392
1343464
963775
475112
165333
2084031
1077964
1268945
1180618
679704
565664
483431
1070551
1018401
1578506
1511817
1062517
1222462
318611
1168349
1241187
876379
412441
