1136145
791177
1109587
399994
2072450
2543941
1334624
685274
966120
527250
1114845
598235
1975518
2468529
1209997
749392
641129
2228735
926332
611084
2781628
855458
1183084
973885
2123840
754855
968882
949884
1782229
313035
714167
1174506
665235
1217948
1239258
579283
764700
820019
1972370
454519
1340689
240361
961296
1212852
863218
1049176
2115548
1438425
1105790
1010777
1999294
295865
624914
705576
1086185
402657
1844632
2486080
2059605
2066087
430291
456333
1349242
789992
1169593
747977
1377739
1446876
1845868
954367
544995
1322173
1236089
1286543
537268
218153
1222869
974628
1537009
135739
1128925
1784570
583091
290100
923555
1217074
574665
1681104
445517
519491
593874
1035829
1065226
1487677
621111
865942
1152481
2112061
3025967
818056
1027390
472099
1099966
652203
1126575
1633178
2137099
1769436
1173498
2333892
520448
170164
2425707
922353
1654314
712495
1335312
945603
695147
1448310
915907
2619602
330077
586895
1297985
754217
1322984
1885634
631560
898818
302759
1977310
2231494
259683
1284487
960594
543463
1041334
513238
2219260
1727123
661370
1227946
2069351
1816940
1150730
1016689
1168962
1239524
1116493
1275193
353623
1096615
1283078
1323182
2107498
2570166
2326135
437837
2219505
995310
1106527
2250919
840990
788416
526221
1336468
1971848
944886
420349
227078
395070
501525
1127997
1336491
989218
1027243
1112164
2164993
1160306
2081780
2209397
1182802
520787
590553
1127254
569463
1334146
1688184
974830
1128752
1231587
1426681
1423436
1280919
433947
838688
972291
107360
2572226
810658
1898283
1250302
412839
1391078
2203723
208260
363723
753651
1376232
1385956
2064969
1971416
692576
898728
1670903
718535
1043838
321930
2708315
763736
968409
1489140
892486
949933
2086020
2114260
999828
1585408
1455034
1324964
150817
1533572
1006721
476159
584115
883367
780711
426174
2211945
1851727
842120
1671424
1798711
292588
1767497
1154300
1316710
2588622
1019438
756400
720441
1824956
1255202
1197333
1204730
1542661
2064327
820267
1531815
1609574
1074413
1242319
895186
888754
568401
1218743
867861
1329414
1947335
765631
915577
755806
1543070
1014119
2112102
409919
882103
1481678
872423
1109793
391432
1232585
747814
2221775
2075971
850497
702987
1239851
448454
2167077
1865433
568257
1400130
1616518
947087
2253245
892093
745452
1297250
445742
1615620
575252
1706729
2393269
1136346
315013
583233
1101766
1277173
1687860
1835801
1400897
1214045
649039
961431
985970
1133119
1920618
1181690
1378455
1625054
2099445
724164
2198695
1339947
633808
552836
1585246
415236
645425
1078678
1340216
1282376
1434507
861491
1757052
1106939
840873
1522980
1500493
1048737
363240
439689
112155
584765
473360
662543
608760
649193
542978
1498893
1618440
978889
1588300
1945092
1272223
621893
651980
1229013
806714
1371210
2349020
503693
519255
1316457
1821134
705350
974527
2127390
2511720
1786857
1730185
1552310
1500646
2117180
986763
2427076
2074327
324982
1543580
1175227
1563113
2305289
890674
904052
498732
1297116
1027435
642037
1047689
1244539
1768163
580414
428262
1870879
490718
1569575
1028706
1871977
1959282
243913
1748667
312858
301529
2009362
1223099
934465
532541
607482
1913297
1229071
2020436
1462046
394696
1564687
309906
2500806
378222
1506034
1635816
1398888
156343
1020875
1341250
1974936
699650
2907579
2216549
2835063
1008397
725677
2074626
403747
2076582
2438326
632895
2090788
2344213
814162
2024212
97174
318969
837875
763615
730032
2257206
1963388
1088724
2299809
683825
218501
1922382
1215067
944303
88364
2010890
658424
2403682
1570242
1506053
2132009
2596328
1512819
799618
1568391
1235582
791424
777296
825398
1952469
639264
780629
925428
166479
1400591
663796
1751215
1248564
590672
1428396
909865
195163
1481207
1272462
1261293
1955871
1340926
2618999
621714
1896650
1026467
2180703
764568
733424
1622218
969581
844937
737459
1808516
1045379
175411
1056873
2054896
882194
523579
1787551
1293627
439638
474614
2086623
381128
1150035
2017200
750115
2402067
1364395
1253862
1556868
398534
1277423
1300406
1334357
1408239
1513984
1190356
1239260
2242646
1559033
2143716
1551684
1625528
1743059
1685163
1028172
475286
1146244
1740373
1900666
1282202
1928603
2039422
1975707
1089634
2876097
528529
743505
300757
1108519
649704
569707
1523602
2152527
857473
2327582
578414
1034474
2369207
906207
627613
575777
2049184
1515024
924069
2036635
789232
1277525
652091
1605344
904428
763473
1740946
482359
626237
1797919
375681
1083638
1076117
1033996
1660368
679811
1889803
782828
387402
717906
2224024
401832
478923
897718
1771118
1914163
1809700
2454968
1996355
866916
826554
590248
632879
1846696
1062769
1114129
1722858
876274
2442818
713919
1815640
663050
275240
2362088
961241
479656
608535
865988
1616896
703830
849584
1999107
2414741
1109247
1465621
833408
1083916
1386996
1872151
1243247
2214344
1419143
506036
766206
1396684
1252170
1981786
1790984
2055116
1212575
1453322
717382
369589
831045
581314
1568016
1634533
1750294
1344086
1572613
2170952
2081636
996949
376498
783466
2822634
1369570
2297683
1158528
753131
369655
2949872
2072317
1517422
1166019
1153457
1196812
1330135
904626
1640934
1459520
1231859
1114160
1246916
920842
540648
1286399
2112290
764577
2024288
865405
1029777
697448
1042954
483679
119280
1804528
1445185
920087
1850026
273902
1025572
907922
1070248
2415519
1662034
680479
2056190
651371
2025495
2264155
1703915
878928
587584
864353
1592113
830962
678168
1269996
1008061
1700879
1322429
951399
458102
1563679
1718058
1836245
591118
1604562
365449
1933080
1686445
1019232
372966
767045
1616420
1457089
1390210
1571719
863172
849315
1819446
1232016
1268154
1064358
1655564
762156
1863697
1417154
286437
1185673
1611378
1291537
1135951
1784521
996342
2697962
990561
1856516
1618609
419943
1936108
912865
562903
679793
1170721
1722064
700608
1150810
1751061
1471891
2884549
1419050
2183863
703964
1378767
1278972
755107
1827407
515052
542888
1656890
1712752
2103093
253729
1620126
837970
1290092
2218141
1825770
742861
984972
655570
1502168
1050714
2204517
953056
1161346
1189016
2151278
321981
986385
1276052
1503575
1113768
1988578
2125146
1859321
1424171
1915004
1099891
2685314
1781643
1180362
1236335
179649
2419983
2134443
365613
333097
1543955
1965715
953207
2933821
852743
2625658
1712672
1016214
1442403
1357715
1242181
917166
2247655
666269
1823044
527139
632401
2526463
595959
239120
2495336
297256
524104
1081793
457521
560135
467765
1681940
1812309
1409941
653375
934783
1947155
509289
1477949
1096918
2215788
1631225
1022352
2629587
1471186
689576
1248774
2665526
554649
2025060
741535
797354
277973
1203923
1018014
837033
1383012
1559446
1220529
495918
1786417
1209242
766375
1211453
349915
629315
1169894
2439991
1326485
851484
486075
774119
1299703
1059980
1916373
1563575
857786
1163648
1259894
440128
517737
847902
2227057
577898
507041
1900997
1203678
2417127
1592352
469560
1728184
2091012
548904
596567
361450
1416195
1843975
1307139
852349
1109717
2842014
1153807
2639384
1631775
571121
349216
784210
565162
1455454
2191690
514936
1025827
395350
1208148
1755531
1064912
437205
2391643
865962
2337371
454682
1204001
321143
1164246
1244042
975413
371308
873879
344530
938741
1303897
1385063
1171356
171802
1086159
1974003
931790
828669
1398108
1039836
431885
1458203
1881751
1097915
1320898
348635
1088886
591467
931807
343333
2848693
648914
2191251
1456442
2511770
1578484
573671
704061
1598763
927598
1821529
2327422
1246560
307648
2021063
345158
1491972
1729880
1571359
1842805
2532235
634981
199305
889544
922307
527670
1401574
1236106
1368584
1499157
1567138
1433466
1261019
2368042
1007345
1288458
653760
1952460
1642946
1287674
831036
897585
1060519
1121004
2060536
2185434
386082
2352549
767447
1425814
492078
965552
749962
2414992
2456569
1103277
1572973
1947319
499531
661792
1087686
633322
957485
1342192
1924517
1316824
542906
1931449
1176839
1012502
2151074
1777313
1642599
2162997
1307369
410821
907819
482715
704948
327922
1205718
1180556
1521089
1704500
990501
2269442
1607497
1202450
1183362
984738
285520
313339
745451
1127375
763246
1873111
1735072
2314974
605965
460385
2011332
1778456
2089453
1449059
1665518
1742123
1390265
1168132
642051
1366735
1551416
255017
768702
565399
1388762
1173534
617824
833645
956423
1135068
2116124
1232498
2685622
1007651
242849
468717
1697479
1364351
1420329
1575519
1812453
1705546
1493103
536379
2582161
698095
696524
1069273
1573296
572667
879443
1405099
2995080
412184
806155
1650770
498682
892830
80494
1290614
1028026
2449928
604495
1622858
1168957
567709
1690899
1627163
1878544
366420
1610547
885353
1626364
627316
729357
1172311
1480837
887152
1246204
1494085
1244969
573282
771233
163990
1877367
1093324
974474
2670665
1189943
989914
1404782
1797147
1220665
1196318
1601100
975433
1343512
557207
1568768
1299635
1468970
1759887
2192238
1341919
1376404
737331
801317
1510489
233050
458230
1647450
1829164
332380
395610
724391
998389
1766424
563253
1827570
2267102
1314672
503810
1242767
726489
937894
375653
1266073
1543571
2214719
850299
429207
1523499
806977
1732342
2058723
1997402
2981910
1189550
1669104
848691
579192
562406
1197418
1751883
1461688
843860
910286
1390743
1233715
560814
1369926
467890
985032
2020026
1790930
1551963
774959
1092611
2118583
411298
1173156
304554
715627
1879507
774305
422253
1905916
2469422
1533352
1702465
1413007
513742
698116
1240073
956932
1560337
1586808
616661
336313
1203006
1560008
1549793
950915
1354998
2089048
1675325
412174
1497150
1927084
1321114
838806
818275
1228056
1240411
897069
712167
1728943
873212
713206
689246
715185
1826979
1326803
1394414
201437
594215
774232
133241
1350571
918256
2107021
980380
1821029
1595521
1557505
1163452
1806298
925106
1558300
1264651
1430802
724226
2494048
1053315
521134
1082878
1836543
640608
799659
997082
1441938
222393
1709172
2009992
2086863
198468
631649
1693452
1580734
939508
1234148
890662
813480
477461
2058872
463686
225241
2037873
1678408
2290791
1075628
614844
1556357
1640681
1502103
1476894
132024
714764
2549891
671462
528828
564594
1909332
895852
1688431
3124151
967075
353846
680706
2000527
665096
1244199
3024323
464753
2082678
1365111
605352
1057610
1313324
918611
1593219
2177710
554658
1854797
1317098
953092
583015
1399329
2183981
496337
16230
644259
1116521
685107
407927
1684308
1644980
1304313
539746
1950523
500527
1270685
1798449
205910
1343762
1198142
1638580
878235
2002323
1125981
498900
1227525
1572277
991151
1359109
599796
405204
2136965
1173738
1296512
1787509
1497247
565890
1296901
1576318
1222175
1155973
1964412
473236
1528874
1366919
1483657
1338334
1933691
875440
802323
179216
2314811
775113
1616928
635799
1285300
2335493
1256998
1466349
933833
1596565
1869230
1148038
1089451
981103
1336702
1861078
851382
1797632
954435
1059872
1420093
831618
1561643
895721
796145
1001464
95459
728607
2201718
412973
1305009
1222253
373733
249000
2265588
1372424
2125589
462952
1395535
430555
1210836
1794809
1415159
1220982
396589
434771
766937
531332
2166730
1227519
1988096
1509651
2089611
1660581
747534
1039748
1712536
683425
446911
1010193
1100480
484754
771761
1664218
1527781
1088729
1033478
616300
1366320
287556
596928
1219178
1762142
742140
965192
1035734
1590262
1478508
2157298
840169
2438814
1439261
683813
479876
1694304
1287416
524449
1858764
1719557
585118
1212265
500165
848427
1007478
764789
488498
1890314
1369687
1369335
1038294
1547238
1432889
789746
1191090
1236563
915229
914247
1680729
1242369
847615
575267
1991919
1702729
824953
1483945
2008274
660771
670425
826109
321037
896241
755606
1182966
599262
1701627
1822527
2624953
2106131
1665525
318013
1051029
662184
859991
593811
2197211
1205085
662066
761697
501608
721945
1259290
591512
756764
1152629
1851297
1223653
1726382
1618169
2843067
1703138
251121
1428122
1493177
1103459
283612
2746188
1021158
974420
754534
1945619
1389608
1728149
2212463
933195
242263
1398204
927956
1919034
1138141
1112432
1207825
1318223
659111
687094
885788
390684
604187
1290662
1787258
1761228
625867
994095
2046894
424198
1227131
2265360
1819706
938799
581824
1511054
1269119
640187
1972538
2227910
907193
1427977
1634122
2059814
2073595
1152074
2508891
1681918
1851498
979154
1134742
1241478
1242797
1946060
764257
365442
781892
2734227
374303
1951170
1736585
714063
2074411
1012830
1142126
808696
263288
1269707
1771924
1670142
645754
1951713
1876329
2481394
654972
936442
1218632
1388607
1185128
1213649
1633212
1088171
1170634
1705843
975599
772026
1334042
1606124
1281264
695040
1643687
1014577
677895
1289161
1048914
465759
2461061
1873823
1295251
1103978
1486765
919165
851753
994655
289440
877569
1262888
431630
1043954
613361
1442382
308844
1209313
1915656
1213336
1829019
1513258
582747
1637521
1263567
753975
1584716
1069671
2281283
372324
1542904
1672970
1521004
895844
1074583
404136
1995347
2127458
1124450
498299
1763841
515588
664749
2592028
806676
777241
1649638
716437
1220415
537222
710001
1547532
1128572
456637
1274142
1468842
820056
1304134
1155604
880522
1889703
1928791
1848779
2275752
750566
861403
1445432
831754
1308244
1355014
1978126
1160454
285097
951130
580141
743536
984765
1798214
2098917
2827610
2118698
538734
1376099
349464
1984711
1239282
597291
1429570
1309129
1715916
1533343
755862
965967
1229105
1931674
134605
1581166
2455482
1286333
577100
2909441
1388765
1246673
904262
2033014
704696
1235673
1071892
734398
643242
747156
1309435
2537378
1545623
1787730
863527
833752
1593385
857197
2410292
1190607
1535047
1906441
1285960
1060977
1621182
1923604
404397
1797587
92538
1175037
2098542
328750
2173303
1380629
950636
465950
249205
799575
2754538
1242548
433830
909548
1009561
1442847
711353
737826
1201337
854799
1050427
766109
1867871
1276991
90016
633277
1756645
1810129
797709
877497
1804008
1015933
994142
1648971
1402613
2271149
256865
1408788
1156248
1490054
262705
1317477
1496624
2426430
1003540
1486463
881563
614836
877687
1111292
500252
1376390
414615
2454576
376279
1108719
1594121
530750
645461
1652994
1001604
1079592
930270
2040169
651280
104855
441756
198011
1160787
1458540
1520410
1061330
407291
888901
1595920
998439
1468193
752076
591370
768209
2845106
1420255
593919
2116581
1921255
2088638
568341
2436153
2360539
1845763
1533552
1629368
1090568
2215573
840292
1169096
1715889
1063156
2209917
526338
902314
1055629
1060943
441750
1124259
982274
1571389
590128
1403277
563286
1477826
2052906
864616
705405
1386991
1233443
1076423
604435
1054774
637983
1088054
1653910
1331849
1149549
282132
1268468
1005873
1695659
1734140
1440899
1219140
1518074
2010294
1111891
1050663
1457610
541797
1602795
129706
1224154
1518332
1331591
2046177
1200296
1670647
1556681
1171806
1104058
1402942
965825
714397
66064
1456535
1122605
1228020
1585328
1807640
1358951
268154
864535
562004
1611319
1725152
1054674
1314327
2013105
851838
1897525
1795020
578677
1037228
1974120
1880836
831876
1914554
1611641
1154187
1009541
1281373
750341
481295
1428200
1528239
1913557
1249709
1413653
530830
1746058
764860
1702167
733001
1680080
1735224
469238
1446983
1775592
1346634
894110
2896240
1748694
537203
757225
2307598
385690
1210759
922173
830140
3043964
905895
1099265
947822
822731
2094443
707703
518410
604737
1660933
870391
927710
959805
561683
1258261
602866
1037425
923471
561170
2656322
627347
1044739
235836
874028
1114325
1868059
921845
1599323
1555557
1489829
524988
290609
1272869
1469952
1316506
1118399
503189
1252397
647620
1430781
2118366
1264966
1277454
1161630
1765996
975247
1603457
1103608
1529015
1460282
1461021
962855
2179968
1471937
1238316
1070696
1383927
1612832
1359515
1803469
1100815
1221418
1390681
1227680
1181097
1042387
754734
888576
1392953
642748
2437035
997818
746390
305507
1857309
1839508
1000609
1769760
726489
2723845
1309049
2574676
2404337
1405879
349885
1765355
818124
471701
1756959
1709137
1130888
1827311
343508
527970
2163296
1581563
1194541
920895
2008623
1308918
370237
917083
332910
418165
1591169
631155
1068358
1630641
501198
2050292
577164
384890
1886751
806008
1714237
889432
1061840
1347359
1856076
1319717
570950
1293955
708224
781262
1877419
1901338
614005
1084183
358081
712217
417853
1829350
1188276
1670668
1603014
968542
2096192
1750560
561546
1923310
958109
1415115
1657691
1358396
2763611
1898458
779573
1394585
669367
1868050
1282506
1118186
868810
1723646
1016571
339186
1460890
973141
1000671
1581089
1080416
2886091
310749
826273
1542169
1231523
1516249
694800
1425217
629894
2243700
1655769
1646175
1636543
511811
1507856
1235697
719523
1751168
1004655
437235
1481430
2511974
1236808
1079809
1312975
944262
348835
970808
938109
1615276
580399
639548
750160
319248
1584032
1475732
1120256
2140734
1389921
288629
2632188
1067344
801938
1255546
1424239
1330183
537239
2786049
753904
1079240
1324245
972347
1248909
1480409
1810468
1352095
1037576
1258805
1164099
864338
2411272
1727184
1452361
2129770
1455901
1755780
1840243
870388
477123
939779
888637
1184692
2104144
1488756
2150106
1066729
2117222
895853
282958
474103
1013416
2253501
159695
1169592
1789254
2220138
2090548
664262
518353
1160219
1609429
2030757
1846124
1147084
1205705
1178425
2155118
254743
1324861
649710
1538021
487720
854547
1074298
935535
970769
1527966
369044
1104074
1103801
1567949
958652
1016814
1593706
2139771
990949
926893
922686
1262130
956891
2903578
1666516
733602
1000596
1841582
1318189
1895008
1291027
964209
1908372
979341
1513391
932330
1075414
1796140
1622218
1349754
1252012
790573
844429
619282
261987
1629532
595539
1322469
1575265
750653
1090085
323480
965272
1803796
1121364
2294426
1222933
1760863
1288521
1991619
1131272
915635
1541465
920419
833149
1673011
959089
1960214
683117
772236
370794
490811
802376
1310696
268838
755361
204617
1411732
918138
1757697
1103942
1064987
1345936
2397507
922063
417961
1986468
1274645
916173
1733471
1685171
1237196
1759070
1135427
872787
1492190
1092439
247119
789501
1386088
575269
661203
1058787
776739
2151849
672928
1638621
405391
1882125
1972336
647752
1299424
853274
780812
939633
2513916
901146
1358299
552935
1137558
1874573
708971
1973128
560059
1815859
1640548
913087
2042586
532114
1487365
747960
967879
1021981
759507
53849
1736829
1221652
1676025
1282053
163951
456036
366238
2188960
1926542
972337
867329
1013425
671987
1394069
2036985
1272700
3059973
976162
1622973
1311750
1425664
655876
891750
1687805
1811206
1832228
1612325
806932
838004
690487
282728
551507
1351119
1372133
1166142
693962
746957
318139
112103
393961
1861668
1279193
1261171
346749
2003384
2331834
1835560
1276600
1430325
1998109
1914141
649266
763261
1410849
2033518
409410
794212
1400044
1009531
1210426
824689
941105
1965650
2040902
1649158
2789299
1106843
774887
489936
691619
1165002
1262048
1774101
1103032
1667702
2210238
589653
1537627
201412
369747
448523
1980815
395344
2541206
2131692
1183543
1150459
1106931
1000795
1057246
1123483
668412
94510
1139121
1328889
1107537
844552
401441
1045117
742566
882548
1049248
1645933
1225227
1108533
1214938
2341791
919177
971018
483539
1948440
1205162
1230699
322185
1316789
690408
1853303
1082286
2471078
1138134
564277
2465297
962865
1103655
2132974
969792
2066190
1524349
1866403
586832
580818
1256615
1206830
681408
670990
1931322
650154
1875035
1382781
732191
1814225
2486775
1314586
443245
849889
1358008
793310
1216701
575664
2218671
1791163
1536357
1156401
447820
412747
589203
950106
2461163
1091579
869286
1814666
1680127
1210096
1749509
832901
259731
867605
1638896
1549531
547691
1389257
1686451
788968
457317
1472393
2651486
1150333
682094
1030046
362651
1110632
1945479
2036872
733754
1891895
412875
1875038
866602
744443
998229
1331127
1670072
1300957
1011806
1192336
2242829
975635
1823956
1164661
1354767
1388659
685275
684394
481819
1464362
1311117
1285495
1506978
788270
2212496
1205295
622471
171412
314630
2492290
2083704
844412
842091
1455509
823318
2100308
1455999
789103
1684885
853611
1810536
1269204
2008930
1618531
1455225
982508
658379
2081490
2516358
1800664
1582605
916929
1223096
542379
226306
1394830
1273801
1258430
1218352
945089
2552167
2171970
1156616
1553920
1177067
1198819
1344947
603518
1529557
2128959
2165580
264160
592509
1571559
722952
845927
1123969
1016243
367278
2103733
943184
1544391
1362127
2889636
1023014
582662
1982588
1694755
796399
1308123
744460
771054
271579
508499
1533959
1399395
1689909
454064
1925516
1640308
1103768
541077
3021215
554797
699815
998010
561778
1315143
1963153
905939
1028178
2307242
549233
1273291
1574290
1057806
705258
2489091
2515707
545926
1867867
535587
1519354
2111506
1539393
695115
747858
654925
1339857
1229321
518732
1438732
1253810
1987230
918504
2517839
2016589
1186522
1551325
933019
1592892
1977584
843816
811392
1390801
481494
531983
1130369
2274081
1897922
2397277
1344743
1636503
2761495
764370
1826451
914833
2341118
655406
713868
444994
2096864
1959684
725064
1036554
886743
1747670
2107591
1383595
455698
651172
1463628
1553729
790470
1583957
1095227
1370874
690369
1416156
163621
1027375
1001360
1741113
1911958
1008720
1297719
2770570
726071
1560650
905225
1330643
1413248
1574606
765445
1764480
1267026
2776737
1256224
1239011
397001
957155
895785
1714447
1077702
206766
1883497
756623
2133090
561971
1247173
1433718
1998483
1080197
1022061
1951124
202646
2500596
312151
799792
1720746
669155
1835143
886427
1369868
2331720
1719613
1320231
954477
1776377
1695569
1052240
1513563
1158342
1476137
1429119
1024739
1153664
1165395
794596
414204
927267
132699
1501427
1629496
1685432
1758569
2417464
1061605
2022496
1255710
1204133
589222
2386127
1444942
1163377
915182
1409419
567845
1722214
886582
354395
618935
2135187
1797367
366856
1685357
160374
231384
1152963
162349
1288266
1791658
1158773
1700340
1153364
641015
1392661
1473783
1353428
1836927
1583908
1216395
1604064
860375
1231184
2213615
2247730
1386417
1156107
638603
764767
710292
581981
462460
1027004
2151250
913237
1014138
1396491
2027095
933434
1727010
2113811
711981
452874
1187076
417420
727047
1820694
1060676
974143
1667817
1047431
1898178
465950
930702
1993088
699621
664007
1149193
756907
1640563
2216720
469763
1417937
934644
386408
867867
374664
1304346
818388
907225
1160926
435324
798275
1508713
860172
2183993
1878357
1289679
1182415
653451
2198895
2767528
520285
1638324
1519126
1087574
905322
609438
255489
1367200
260299
2253496
232304
1633016
2115240
2645452
1352262
1959191
390561
1264272
584843
495783
718189
2131040
1081409
1855058
875700
1266536
406538
968031
2138133
1309648
2025620
1052874
407253
771960
1694653
1642031
955599
456871
905903
534731
1573626
1408661
316583
367845
522750
2111260
827528
1201017
745673
1753212
1967722
1673735
1063033
1279418
1466452
834346
728455
1500297
1835905
851068
2631746
1661868
525188
1347603
627487
938882
1532026
486837
684460
1454585
824764
1842134
2211897
1640983
1526959
629640
1765524
1305063
2027493
1453168
780738
356791
1380535
620886
1802004
594739
561084
492110
2615339
2134441
175139
330873
1711447
91395
1751865
173351
1189862
967829
1370743
575163
2556867
459648
593427
1906960
1120615
2049171
1392365
329173
1195277
881337
1136052
1261908
2650210
961144
1177606
1065674
1175677
2514144
857262
2058983
311507
810547
783870
1206711
1009837
1593835
1162253
1160790
104195
1342259
1188103
618409
1660478
2442589
1638839
1344032
1147365
2106751
402590
1319960
494532
981465
1350605
664897
1189627
1071118
1678495
1513008
649737
993314
1108999
2338801
1252696
1553991
1141168
1319564
1231108
1156680
725928
1217152
1995893
898958
1970354
479419
1894918
754790
1099359
916608
1284421
1382150
1726697
1061872
365592
1789379
534488
2417277
859120
812559
416991
1213585
1598218
1727164
571627
2029487
737650
1577067
604986
1531330
423633
715383
1545289
1124120
1452461
1036036
1433296
1960104
665886
2065997
319680
2167683
659640
1491110
351959
811032
831930
1954427
1904551
779367
1099489
1565974
1472600
943884
478915
2712536
1175378
1071652
795997
522204
827804
1010765
1835764
1687431
1027895
2155450
1549129
1676182
982360
1970928
954238
1328662
641223
1018867
2507586
648441
1220158
1070971
1560645
1666458
1571852
658553
294263
786467
1220751
1767286
363382
1155069
1609448
1084262
1064283
1897677
396980
1624981
2082203
910426
1604495
1097086
2525487
2097811
107243
805113
451544
2491381
970333
1724191
1436637
1967255
1581462
1533469
687897
718380
873580
1417125
642556
1503817
974071
1617440
1619311
961601
977723
1027750
1258776
1318907
1629131
646969
2650932
2180939
396981
1764574
985533
437986
1549570
781167
1844808
668357
1928931
1166605
1322372
1136795
711613
1504139
1224208
631790
1460188
446922
440849
1358077
750864
802894
1415988
1146007
1425491
2120953
509446
1487134
1474764
2990914
2458590
1843579
545642
832519
2683918
2131221
293536
1367430
1847547
1550724
1993189
1132685
1036801
1148612
775062
893155
1654710
1489278
308879
1943640
289283
849326
1070026
554946
1164621
1732230
1642104
1576948
870668
1383683
1191836
1496402
793515
329123
1752999
2107729
2524947
862066
159426
1720736
1136182
1299857
1352245
1080886
1266805
1990539
844121
1607229
1548212
354255
760630
0
1665712
1835836
951070
1488153
1319377
1106655
1310259
1470016
913629
2017295
1191317
1964696
1926240
632611
1892862
433174
1473130
966421
756793
347700
1030643
1761241
2593903
694322
2816150
532432
1229723
1201663
850980
1104874
1749577
461562
1882971
1739093
1010067
1657680
554432
435433
1525104
1216136
1698765
596094
2220149
698751
1174310
1765596
976549
437171
1192554
980656
1349695
622636
1374342
1782237
2105075
954571
711939
953207
1356139
896284
1460896
632952
1604768
1189345
886914
323457
1590545
488499
346141
281809
2158882
863214
1685230
903552
1220451
376694
736296
691224
2023256
1826606
641799
2043934
1220441
1613686
2428341
1469541
609500
750007
1552596
1078004
2343833
2080247
514554
404468
1078961
1171461
201527
1043746
970413
1190081
1860254
458917
410404
1813161
2552143
467351
916915
1652514
768918
437041
1657136
1188772
1293528
771331
1044113
1325729
1807262
1054638
2298734
1830326
1400862
863801
976109
649269
1791165
1185182
2011173
386064
1144418
924185
1684122
893803
1353894
1484648
982798
2093751
1127256
1407117
782540
887684
1715979
1051858
2285825
621998
1722773
1678365
1628289
751184
1002467
1007501
1098073
904764
676231
793652
1092590
1422048
2200055
1434166
1217905
1381256
810156
891496
910151
995816
2111089
1436034
952330
1239908
542716
1366480
1695966
1249437
2777768
1590307
1629123
1179143
2120095
2023464
1461199
963257
578902
1505079
1321826
1587171
511212
1521397
1590493
1515244
3090992
1801510
1283084
1507257
1939864
1797945
1861122
1680991
1468350
616813
2073821
1009398
1063475
933702
2195256
815359
1381914
1486981
828116
1684248
539625
551938
1376908
1244225
150674
1389864
1033506
1634187
2243117
1510520
1324067
777040
2282487
615187
2137098
1300891
1085895
1871116
726536
457445
1774812
1291802
575363
1980342
971903
1526152
1103917
262202
914745
614211
394633
1187233
971818
1857442
2041855
1442091
1964622
555772
1632214
281573
1062118
2472882
1877902
1702697
461965
1248904
268633
976995
1975879
1426131
959135
192353
1759250
1794574
2610102
1897297
1641826
1069750
1514346
547002
1176680
1367112
1152371
1674366
1057764
591213
1221460
970830
2047771
1477927
1050802
422468
2026744
512262
884880
1641605
985795
1439412
1320524
663951
1258418
2241849
358439
967006
1585289
660445
1638353
869372
1225130
1021992
1841762
2136144
1926241
2383282
424014
2229574
253854
1424334
1061794
737015
1391905
1641295
1144425
998169
1645891
1736392
1111797
1021133
830418
1085107
504865
1589984
475491
738236
1760338
1418238
1454887
1550825
1139939
2885274
1024093
736757
690926
1416421
270702
1110231
941007
1009094
475533
2179216
894786
1224136
1578297
1178853
2340235
1280875
759143
1167185
955982
989961
1346605
1777629
1161224
866561
1167013
1065152
677682
2019493
1239397
1152001
1353364
253896
2722386
1431654
1275715
371258
1889124
427936
326470
313619
537235
1166606
523159
1590727
2474630
1211598
2195391
1309360
704263
1552467
315306
134465
2610009
238818
1626861
366603
1421273
368794
1439528
1574941
625699
1561624
392108
1108203
978228
1213105
1905508
751804
786427
1035132
1780213
1077206
809909
239349
277548
323578
788750
1655346
878180
2291650
1328075
527711
859844
1730129
1997368
1367464
1933646
792281
1429705
1477536
2440678
1636723
2514720
2236860
2566591
1611518
1765287
1072895
636473
764976
1741512
492697
1965944
1003187
901374
1503221
1497776
999407
505687
744693
879697
1317527
677205
601147
1990624
1704946
1447141
817188
1861747
1098475
1859909
1242566
1419564
897329
334127
2188346
1840348
456762
1171129
1249962
2521756
892940
907067
1057691
2065544
1174536
1468813
856171
1165997
1642991
552008
706050
981107
1532739
1296369
1231533
976885
1943005
59025
1261619
899324
311626
918622
2766124
1205177
828936
1170383
792869
872058
1674137
876359
1753428
1071536
1200344
1390849
930205
1380659
1308209
1317071
1851237
1504937
104186
1147820
1077995
1336178
900129
1585350
1290208
1332770
289192
1252808
1318727
1498099
780610
1349670
809020
1134857
443731
2300051
789109
2020513
366227
1022582
1194861
657207
2363702
1452196
253265
1712465
1209463
1902625
978517
524897
2102956
1876079
639603
1428465
1976414
1422578
1140021
1451580
1231753
1762567
775185
380281
952187
2004889
554502
563747
2079081
498573
1262296
1593958
1059307
1400333
1036652
826386
1938359
1984225
1566943
1933571
1037663
1174422
1728046
1081107
1921287
1239796
673539
1003952
1270395
442707
2486191
1395694
1732837
1548649
1081674
1417761
1368219
1322147
597517
1245828
1039857
1417158
475889
704056
1577635
1768046
404885
1961971
1215676
2072475
354732
1871122
1621719
898020
1754296
1327855
989442
1798247
270010
1019088
1006258
2665988
1288003
1776492
1356978
1115819
1994428
1223990
1446260
1106783
2249983
1168081
1966714
2153552
473191
1481727
276839
668740
1050875
1562345
1689930
1898493
919411
1051300
297362
681750
1200558
1315849
453369
1305916
1974778
1166050
1775379
513246
1142124
1450283
1157640
1025270
478633
2420114
2765254
1652392
1813927
1745506
2189417
1503639
1170044
698731
1340062
2549737
2533392
740590
938871
2198908
2197056
1775282
959291
1937342
1084463
1438210
1385149
237345
1734637
1155236
532645
1547532
81820
847030
757552
1530107
1059436
1295797
2848649
987964
1666232
499574
409914
1302606
2040176
1535898
894484
503544
2140302
660790
1255069
1578414
1365875
2196301
770570
630399
494173
1130321
1044317
769046
1615836
1532792
515102
1627799
1418797
1200619
1840484
1389750
458601
1704175
1037725
1299510
1213669
657303
1505801
564526
1302588
1968828
1450915
343484
2452445
600040
1181764
1179579
859987
1821563
1135528
746784
972891
2425906
1141165
1033999
545074
552866
1007701
1951497
1459112
1436340
1331035
1185979
1082145
879828
383560
1988246
70543
1145894
1172726
544054
2029373
1714025
922681
1178278
1132566
1373146
900786
1228786
1025057
705768
1088111
1557814
1800709
930271
368817
1389545
1484968
1472736
2480069
2199416
940264
937185
2278708
575031
2660448
2638288
1027687
1268382
1853128
692222
1004614
1589866
1642874
2476379
825838
501081
310012
637540
2098184
453408
263917
1268777
1712331
1172597
972905
2573301
297164
1006756
2004854
1327634
2322695
1436052
1364210
1051842
528740
1103020
2781154
2253157
1706926
1857899
1136017
932726
1315275
488897
1023663
958409
986588
1108268
1840340
1105952
1180635
1100187
1489834
922147
636041
844294
2398355
1959197
1151817
917933
1079184
73175
2711778
1271980
599655
1006627
1433265
1371061
1058466
1498141
775595
1189732
503061
756823
2076271
672510
1123655
323939
1086030
1089382
400314
719058
500763
1236068
2194688
2090180
354139
2121977
1851855
832881
1462365
1006429
242360
2808507
1252800
1035563
2108590
1140717
780733
1704069
1536638
1823851
894645
754771
681517
1586947
735701
2456103
713010
411885
1746146
777339
1397935
744094
2493092
1422267
520078
1271012
2108179
1175614
1741901
657392
704329
302412
2572992
971664
1185672
1415577
260012
457413
1495532
1113710
909416
300763
931842
555527
1386276
812455
1793328
1007883
523737
828142
610389
1425286
1671816
1393171
1529754
106478
888255
393715
1104296
1339764
835396
369498
536029
1249419
1143437
1020098
422701
50711
1045528
30842
642401
1535298
1336496
1104983
249244
630645
302366
1198781
1315182
1238573
1121339
640122
802818
899637
2556931
1340041
2538748
681971
755477
1130606
543526
837527
648640
332186
644384
376172
736055
2001904
1878090
1332514
1228828
328795
188654
1561308
1347304
344743
741386
2297658
887853
971804
1045117
688531
1199851
675666
1537174
589009
404432
755114
1947559
644942
1212029
1534545
2177167
1243335
1965952
1314283
879481
2474663
1159863
1622506
1410651
1725313
2409397
2111070
1032941
1348244
1608027
2172468
744641
1687970
778865
1329392
2169345
910093
1286335
1512064
2787219
1018198
1253803
2312881
2433446
1390972
1061639
1443124
488545
959745
1486886
2246486
972068
1687798
653181
1500169
1260555
652648
1446063
1078049
96232
1252542
430619
675429
1880605
501094
1779401
580841
1172700
374667
461643
678139
611983
910721
1656541
1359294
2389618
1708932
1827250
1202466
1447425
1085425
2265070
692191
2145314
1391420
2201243
1747763
1421520
1282543
863795
935725
869561
825094
1745223
1367722
1144499
1198153
1910690
524244
1496100
670773
1779841
1685613
1132716
1754771
1166640
1224759
307044
882261
953347
1540978
956337
1106415
2873344
1277749
1098582
1915093
593526
2158466
2288616
2533958
2901417
1058781
825182
1705835
1801188
2286025
1724626
2062248
1754358
791110
2410056
1045072
2824337
1046393
1304747
2049338
727020
1698466
525441
1303131
2178539
173200
981184
1950183
1381662
1099877
761662
1635393
484404
1901011
226483
2309582
1370449
1960025
1369735
2282201
1822794
1216288
1917728
2565909
1632141
2724489
720062
978951
1210582
1993133
477252
1142071
1157701
1911221
1925071
1206943
1727796
1053028
532847
1638070
528650
754697
1866760
2035679
3277622
729982
1202609
1539186
1999427
2728688
1120947
1732131
1157380
1776973
1170075
1516785
1060930
585833
1456603
631736
853562
1576467
1414636
2570946
580855
520439
1046055
2022238
1182909
658057
1407635
1320604
571649
1118514
1272814
348833
558954
1117675
467284
1868317
1629236
930935
1568106
670026
673754
721964
1792075
447548
970125
1805935
561574
1702435
1798556
2344949
1497457
740497
472831
368023
716118
1165725
2631177
1769129
287632
566598
938768
2443824
1705658
543679
2128728
648365
2306299
1530702
925707
610066
1718963
1015763
2113362
1138864
1304341
481822
1722475
182939
442175
2057749
852962
364659
1044011
828227
1014846
1457590
1220945
2163553
1971779
241440
1901755
2044032
1734019
661845
1049403
323627
1722669
702377
1279618
2044606
2062992
1727988
1869882
1140082
934138
1533153
1206627
407084
1155924
1128116
1455978
294968
1485004
1791803
1820218
1325294
929429
1621034
2084718
1035952
878544
1106249
1668816
872036
1110792
398010
1634505
1190143
638862
2761749
1779144
2093089
2253714
1039495
1003727
1514360
1311387
1172812
724172
1228929
871211
937222
474898
815851
1759659
300024
1227228
658517
2321525
2636070
1957091
1283647
1338022
1128784
1750811
574156
1136600
633193
1911423
1576841
2035917
1430827
1259962
1164302
1169242
2543728
405674
1076369
1316118
1312003
893235
1304844
2647408
1044047
586675
1984646
2208676
576014
1183003
1191991
364868
1039728
1466514
1180326
1694101
897388
1601266
952837
2357759
2154814
1291218
1589829
490792
1195853
1635629
1189576
1456137
1414623
1298293
2037345
2754767
655092
1699669
1786832
1234082
1858825
353482
2120022
498053
1543726
1835021
1622703
999018
1200266
2210563
1599055
1474187
1845342
471557
1185943
1139468
1879891
545704
952918
994714
566087
849186
1900522
2578401
2440426
1165904
1689286
1304399
404264
1693343
2181955
2385741
2051439
922627
952974
1067866
1420566
2151562
2178362
1235507
1953865
1106308
1865072
778154
1311361
1487775
1794165
976330
926788
1805536
1622923
808565
1854025
925429
862009
1989958
809849
1137922
1034873
1185800
454313
438046
1354611
264468
1668064
621001
851727
1453627
1580557
1025392
498427
423218
1373965
614425
2300497
1107174
959095
1411588
1203180
1740939
962279
806088
1131562
1236692
1910746
1079818
853693
1062098
703669
942844
841895
1852472
1629860
1741783
1833125
1049785
538027
974416
777677
1183581
1096536
1190600
143436
1995209
866896
1810447
1358674
1499904
1228538
1557933
676028
1588554
446377
1027069
893680
617680
372897
1219386
1113716
545883
1235011
794038
852634
2407834
1416586
675471
1197074
559756
1382436
1778809
730023
616878
1369435
1585838
1821357
1064777
1920158
853588
439867
2352595
974456
1458934
1668595
369874
2260145
1881452
341458
2410284
774249
610678
1159833
1125342
1724822
1207745
1412201
430966
1786944
1208781
1675218
1392741
969346
1183904
1375794
1770230
1365305
1361616
1261709
1565468
1303275
1520930
1376320
2127901
1922069
616632
577355
665068
1120993
559457
509592
2074735
965419
1242252
2426020
400502
1117403
2680658
1269048
409000
1080385
346826
592414
2331704
1117322
676275
1144602
1861646
1886482
1158841
1236739
1308747
1606649
458437
2859183
1027718
1438984
982531
404211
148831
207534
1524015
308737
2354885
1203566
1102541
594887
2374792
1788639
1282078
586197
1166089
221871
215417
1433278
998412
1265693
1161050
728533
1317594
808079
1071542
453047
845830
886288
853648
1157380
1022629
1045724
1229383
569346
1566961
1524875
416944
1213503
2100137
1391900
1651866
2312402
439862
0
1250619
1687439
752980
1292067
1318876
2010145
1026004
970256
323665
443076
958057
2518070
1029505
169890
1260183
1317099
1545613
926025
1239696
1208345
737895
1972992
558594
164162
2091940
774551
2273759
1504730
1780531
821040
1718721
882901
1327684
751661
1011484
1784740
1633758
1455701
1333026
2402442
822994
476615
1379865
703493
817886
1423076
448646
1606852
1612815
1066385
1397826
2037762
1218226
1879127
1062965
2044880
852660
1507975
1317462
475956
1088568
2781527
1320248
394190
1149047
402871
1339907
674326
301311
541188
1113228
509985
943951
1472428
892726
1585256
1565820
711165
673966
1025268
935381
802414
1833374
2136538
1124347
1431319
1169604
408111
1807214
934694
577690
1542816
825726
1811828
621519
823315
2076558
1964427
841826
1322028
932084
1224564
945858
1005037
1958027
412765
1259519
969714
807208
798765
2146964
453258
2089200
1406973
886609
1321861
1465244
1616935
1706415
1088741
240879
1299996
1842006
2485589
190017
1976039
1625518
514429
851431
3016639
1087359
1270437
1083541
1525362
1147845
1987805
757790
1402552
1925878
1586393
1895201
1054797
1795852
1535136
1241666
1496784
1305033
296418
253576
888867
1189565
801929
291832
2531163
1818427
1402628
1068547
527092
1279858
1053691
1615175
130489
2068134
1928768
1711560
661006
2359107
268400
670104
1549493
664888
601627
1227147
1583824
1224604
666781
1694421
743552
945568
782495
432483
1029056
394460
2230189
2084846
1905945
632444
1602531
1236659
1928019
2388355
852772
1369514
1287452
1401809
947882
718423
2049434
827110
405137
1052695
1511716
2465863
561179
2169022
217031
2303033
849129
2307823
1452259
1125367
973953
1245595
954737
458016
1957232
1517500
2504224
362079
1230216
2918114
927215
622510
1235295
1224400
965173
1305887
1719745
2044775
1598579
1634209
1566299
1312373
289021
493260
1219118
1344991
993677
1105016
1013538
1248740
827252
582386
2404017
2162763
754139
1905172
476440
1735475
1936964
1369778
1242997
1757938
1255785
1853108
637672
1349560
188626
1328985
1752550
2077527
846148
1736745
332501
1963077
499556
1066703
935771
706830
504949
627852
2056026
355782
852575
1377060
532093
1037501
1099479
1061750
378348
2159551
1975744
1547024
1074139
1371438
1788714
739149
829052
1168713
1530215
1473699
1612690
2373107
1640474
2014030
1238113
1537658
1250219
554293
921787
1466311
1600331
1426228
1192312
1234018
1579777
386851
1396576
1796371
1099657
798448
1568694
1628169
1039385
2469237
482444
2225368
494838
357420
1323769
2164685
1628536
1634103
1123470
783688
324600
970059
320638
1276278
2963323
320092
846606
728521
1142707
833069
704873
460734
1368157
1669630
519925
2004313
2014929
491836
1837172
2263381
1478946
1174535
257499
773093
1720381
2322065
2049456
1883893
1865996
2505692
1620351
1319902
437957
181518
1418210
2807288
1035727
635101
1682832
1500533
1828214
731404
656553
1913557
2889718
949358
375084
361679
229107
333394
1880459
1801472
746578
566629
1779755
836342
2293029
1966904
549123
2236821
1471064
1897629
1968170
2927025
1308241
1198664
1613553
793320
1237050
767452
1340362
1743712
1688354
1179736
1643393
1106342
797795
1029152
369494
205317
479081
1147586
898182
951195
1572054
962665
937343
1724459
1608012
601360
1485558
1054598
1039793
1859135
781890
1419066
261399
1482938
587244
451765
1552912
1378306
2224228
1010962
718619
1264632
1954220
620245
1125999
1874177
2181227
1966946
1168067
798116
1368296
252437
1304946
1842920
1407614
1724434
1798439
1841992
1873369
1670099
1234914
1187688
1721909
360764
2038502
614691
1572070
1220265
1417390
865008
1279686
1424152
1412153
354594
2293251
726841
713739
2171301
2802677
1810170
2189841
2720568
1661933
2441747
406874
590563
896267
441935
986322
1333877
742954
1059194
2018296
2600405
1579249
807490
1233026
2716131
988036
2298109
797481
960222
2121195
1965675
1379465
508810
265698
475900
847082
2548358
1740868
1254484
118729
1212140
1989081
1453000
2268329
1355766
83680
257930
526982
1734190
130068
1317543
1499603
434856
1263004
847089
1972341
1815967
225410
1137377
2350713
1432858
1561171
1033307
942779
2009730
1756858
1379294
1717250
1149794
526484
1942574
923341
1448856
931903
1594874
1899329
2257316
1657559
980977
1409663
534718
1788319
1658795
870497
919749
1779526
1750446
906496
1560446
637041
1077804
2125161
775913
1189750
1053832
1804424
275527
622449
2658597
1571898
684343
1257625
859220
1106288
1224575
1323129
80006
1088471
1002127
1685317
1035331
1009146
1198258
2497396
1646467
582434
794537
696229
412592
2138473
2884298
194934
1584187
1265641
2182797
1032073
1359012
1940600
413488
963117
1640336
648709
1071511
499466
2528143
2397699
1473279
1429989
326752
1981986
874480
1330963
888633
1237733
2172114
1861011
1310369
1552767
1315093
731119
1279166
1837463
2102603
1251350
268767
658854
1145062
478225
1115383
580095
420488
1977899
419396
308389
471150
2098722
1977402
403724
520747
321582
1324616
530393
603263
1525143
2194190
1086063
715746
506973
567701
1956665
1218032
1489338
673311
1745073
89021
862175
628209
1417356
1335669
873859
1202094
2871523
637268
1607165
876815
219374
728506
461548
964366
688773
764967
1386975
1544264
678815
964665
778835
1384584
1252544
805461
1790039
749433
1729857
692912
1902508
1332194
405691
1583928
1932461
1092834
2537381
1549155
431471
1773144
1870450
924719
2080562
710592
1929127
561681
1934738
999038
703512
2325741
2134601
2148084
915650
2170524
231575
1601978
962558
1273334
2068125
1014541
466135
1050735
426407
2211223
1555379
1614348
1654581
760106
2475125
1813278
439553
752008
913485
456042
734678
1219246
1145385
795617
700636
1551631
1592119
1879291
275729
999763
1158045
819823
652520
992948
1347483
1970493
1639085
1097869
387533
1475411
981735
2651824
1446374
709122
1234087
1931329
1808487
1247780
1009519
1578557
1229928
747631
1661755
1260731
1227035
1893118
452258
892315
676013
390675
1641806
754563
1996317
2176097
545553
81320
2151526
612253
2137111
969997
1426974
1541618
1291217
1452062
1156770
1507896
1217835
915226
632375
1122506
1087779
2888089
1496638
1422460
1416018
724021
1004196
328697
2847099
2174697
1121352
1592072
641779
1168791
1201829
926564
1011336
1726917
666848
1245783
968089
1028338
1198146
1554025
2373390
494186
2828565
1581608
894022
1718570
574651
2017667
509761
2190787
713700
599917
2785875
1209154
864467
1109023
1777073
524680
798682
845826
2752966
1658669
669876
366744
601398
1654985
2749477
374883
635248
895181
2133327
1487985
2123073
1847904
2455546
1510695
1421473
1911942
782423
868977
1207488
2544223
373323
935058
1350037
674620
635611
2319920
1921581
1456719
1693573
786300
806771
987429
771949
657911
1672917
1839329
649018
523262
1416999
1138964
1539625
1079345
825888
1722674
2035570
1762040
1481407
1956973
1128605
191028
1317181
1671102
1502115
2287358
1127443
1267903
1984251
811271
451200
486691
564964
1846392
1575363
972620
1038705
550764
1750302
1690040
1625034
1355406
858716
1244626
1269952
1095436
769158
662025
1681276
1515233
341869
964443
1342880
1117353
383026
2020874
476313
117618
557136
773029
743710
477974
104817
812484
855735
649592
676540
962904
772999
514458
819248
429011
1960849
1224926
979550
554506
1179190
397615
701291
1247101
1824357
2387411
699626
910836
478850
1555670
1472273
2394005
1629640
1104969
454187
1548446
381766
1426116
1518618
1240192
1170024
608568
864548
2621957
622373
994457
1887902
1974750
1040043
1489891
1472599
1148487
342193
303783
449141
1300440
649444
2050709
919203
2010344
1335068
2061741
313274
608288
1152691
465753
1653421
530427
2747456
446874
552245
1964991
1410358
1036877
1613043
1294426
1623735
1819363
1651185
1451773
1381877
636085
914868
629924
1825795
2064353
592265
1860685
2312612
492522
467406
1428080
311863
171340
1502690
1065882
1142616
1827790
1099404
411615
1740813
2059274
1887426
1064128
2726124
854831
201009
1390046
583523
825155
1176981
1937775
565881
498298
1073854
954111
1761473
554217
1494912
479791
834866
1097083
997564
570708
1575850
960850
1100476
621130
1340587
2157904
767428
308460
1569945
1165467
2634214
1584914
548816
621928
1627635
927924
456235
1142819
1081977
1288386
658343
1597623
1623329
635291
482571
1143760
936561
1794795
639229
1198889
1400494
1633461
1942487
1260348
469819
1304617
391054
1413711
1502355
852399
791589
1429359
1176240
2132513
287335
1875531
1168129
458294
1245071
1439341
1711397
856087
1720301
1577023
2226564
1221864
1613
1296237
1940682
562133
860262
348311
1932827
320393
1874692
1516897
819791
325172
1411552
1118548
1987653
1539668
2164399
1294722
199727
1584640
824210
808558
2163645
1349088
341728
1289919
1944156
1551018
1695734
1299327
562640
1202308
620561
539407
591446
671323
1697151
698313
2122604
910238
1454570
1167052
562965
973762
1342977
1662585
719595
1028449
557293
786497
1246137
2048186
1636733
850515
488986
398998
2188015
975366
1538071
1622331
398175
775330
110015
823896
2088592
1205128
1611841
131883
1307702
1788968
1325935
2145901
1080620
978799
555979
1114330
940073
1381627
1186540
2206604
1666077
643701
1545227
1079848
717771
946143
1238645
319538
281287
483197
1247250
390276
2017235
1674015
1336838
2203328
571754
1908172
180609
867553
2171294
1232565
887838
1965783
1726849
1326052
2174934
1885528
2189316
364091
2184839
705891
596521
1291811
1326635
1612315
2130197
2320892
1134452
2244105
651866
344077
1730313
2024658
1334415
1405471
1102285
1072463
624997
445697
1336200
508928
919541
1938394
1832719
809715
2504028
1087756
1228181
925645
1033666
1026879
843401
919335
515862
1041401
1074827
818156
1528685
1272362
1408756
203991
875852
1621175
890248
591564
1204346
1778875
2869471
1502160
1718441
632816
1041249
225810
1276796
1289240
642458
976215
2121893
1651249
2505584
593341
1985334
1166527
537269
1321083
1274460
1504437
1565248
1061240
1033388
1521714
1827391
504700
1517381
699149
1428100
756217
892451
746264
323210
1720453
626173
1830802
1459175
910157
1567162
670353
1605644
684718
1371999
884625
1205487
554266
2071042
921744
1830940
814071
385500
491119
675099
2160078
2078485
1941260
2246333
989792
1456516
798813
731200
320725
72668
1757353
1434895
745491
896305
1877483
1037401
1556743
496076
529530
254225
2266973
518592
669144
2628010
1749400
894872
1286807
1214200
1167459
454577
1674902
1011455
1851207
1128310
1213447
1219556
2167985
188752
694241
547330
1322415
1266005
1559351
718463
1936350
675534
1286285
1631304
1016926
1164917
728524
1293657
1390881
1736204
255741
1416272
1776763
1626329
1333741
1032684
1180268
292346
445769
793511
577529
2659942
2024981
1474717
928128
1376629
1717497
1334272
410758
449310
858824
484134
2378219
607271
1990546
1009297
839686
1154988
2827997
2124292
1138788
760245
1006558
616515
2783526
1268099
1252073
2023415
692462
1245842
1683666
1558179
308443
1102533
1065249
580070
897255
1683109
744025
1061805
1420074
1918572
1071965
2884536
1489104
1520506
1558391
2059227
1464829
680266
2071107
636913
1585239
1704011
1397658
2557499
313097
1859838
781223
1924002
1773390
1022606
717531
1192329
1166958
1562337
2094608
1532442
1196693
763238
451545
1043502
1161533
308560
1418620
1603889
939292
962722
1500507
516356
1471387
2190251
1063602
325478
1395997
1428158
1368342
1737944
1751160
2245203
2081998
747586
583296
925491
2627562
843503
2693174
1309265
377061
1994789
1758224
1797285
1571538
1122944
1436433
638490
1998217
1033022
816749
1054669
1838439
489717
1020940
820225
1005225
1399361
1558142
1784440
1230150
597773
2199714
1113244
1120735
2204478
657242
1105385
1255975
736837
1604185
1561770
915211
1493070
986031
2305496
641382
858545
2265081
1881473
1018085
1571177
1491753
724245
792244
1105229
1437811
1675829
1174592
217351
1517780
1624950
287499
1947409
1680112
703915
1479340
1607664
1618685
1105841
1185939
1860919
2253512
1148291
1100268
1695046
1043077
1412584
2586430
1492775
1419200
2609197
1987396
1490222
1878264
520379
1005002
853711
1091843
1754751
1299169
929070
392833
2116873
1730200
544249
2335505
1291131
1245700
305913
1456493
2770907
1578673
1591150
483201
907033
156359
1792374
609822
1246387
370797
1174975
1453799
593338
1222474
411315
1044650
1218093
1312908
2613000
756580
740964
663452
995303
1364840
1139991
1968153
1223189
1312455
274615
1489715
1437889
2214060
1926081
706380
1332817
736151
1097599
352838
1919784
951256
1249634
1076237
2740308
2155625
422907
1084363
1218844
769416
1261119
348404
1094433
685415
1947995
1138122
1482426
2081950
1798478
964021
592384
617396
1054655
2372344
888463
2371202
958694
1789667
1022247
2357232
1461241
1399157
1327878
826201
161213
1192206
186942
1960025
1302078
1016600
691527
1716600
1266907
1436277
1513505
370911
708987
457334
1773031
787365
884043
816115
734960
525825
1435183
966151
1809913
1134910
1388077
811234
558622
1001778
1349654
681650
1050549
3013716
430266
2103561
1163410
1449629
1893984
553445
1253182
841335
1838289
739619
1510622
2194311
1140620
2219500
2327963
220699
1921862
1366227
528394
988477
2390272
835103
1122219
1730386
181955
280276
1839451
1211945
1294066
900432
1902274
843771
1474450
1269456
694869
1642307
1032548
1404288
1450184
2720694
1511176
1834989
835108
1547467
723470
741629
1531191
806937
732460
2560833
894293
588885
1797024
1627357
1536621
1686653
1296769
2355346
209889
992315
1486194
1197058
1851586
1848090
3097879
1706485
1600700
1513810
1767274
1131456
1141429
1275108
1284280
432249
267702
315449
1007872
1393321
987672
1257782
2808223
1408153
1129962
1164391
1882607
1620810
1330075
1651316
2285313
1790979
902798
2318413
581706
929018
1452759
1713819
1085792
2057384
1148024
1335519
2168707
588772
1952779
1555689
1815168
1456133
1340341
1952957
612783
1141231
1423762
797127
1350899
1012831
704450
2685361
1472815
1844966
843863
723688
1502946
1100032
1750448
1808222
672388
1233334
2673900
2882682
994085
1790670
1275213
1272271
1265956
661855
1884725
1255498
1824284
862460
1586485
1595495
708363
477886
1205487
549523
1457265
706894
647034
718739
1680230
1393505
1037685
1374852
993357
1678900
255621
1935145
507327
804687
1764856
1731511
994623
1408480
1634818
212806
1359822
363575
1232346
769703
224167
1853981
636579
2386231
1635918
2654700
832592
2800298
1903353
469226
2436505
909511
718541
1570870
975896
470533
1433970
727563
1841893
2233172
1132509
1674099
2121025
1584448
1093889
1783764
598795
2047357
2115990
1150484
1884267
1503175
1796152
1671660
432926
1979971
1355369
1091197
1239856
887081
1333645
2212411
214924
1742362
1445349
2372764
388954
383401
1219243
784602
1239678
1494018
477317
828437
1216252
2186445
1200620
1036790
2227312
728609
471133
1393314
2496607
566586
535216
2041708
2370119
1694655
1358212
1028797
1376639
913850
2052679
1350645
1883747
1118003
338477
1122870
1767857
1020899
1242604
2117617
1250152
1158443
1412052
798305
2360361
1063223
1601649
317056
637047
1341981
847619
2163975
1094011
2121148
1995623
907383
976370
1414802
753330
1287969
1257695
1318777
1254006
1375109
832745
2737628
369869
774024
582066
1853920
1274569
1341807
1365671
370105
1158540
1287219
683985
482385
1881140
2696297
1896559
455558
939684
1091326
1027988
1878508
1682418
198024
1188080
1322409
1802157
1096399
1150851
1133880
537105
1382281
2186194
1626313
2430348
901339
1164641
1173012
1225612
1019854
964547
1046521
1221631
1473533
1175790
1538843
1008726
1184306
2267041
367365
1204530
413540
649423
2046487
1164411
596053
2132532
1430465
227612
2857
1158932
1213866
725256
1619083
897875
1572717
929485
1142877
1360348
1542901
510053
794284
878814
1148461
666650
448822
1915953
2694317
2978941
2045496
1056316
1574566
1130189
2807393
453993
681563
903313
873669
1218344
1866760
1088961
853942
1503070
1507047
309451
2142165
2150605
2190341
1339795
2036546
1453581
631968
1817990
1190946
116329
2018426
866719
1532797
975389
1388681
2015269
564693
2130753
1169080
1150249
1600486
1493261
530410
2303112
440104
766507
1877612
1973590
1260150
1441664
1536048
1671419
1352751
891757
1253603
1419895
552955
2315311
979673
1056616
1119158
2472455
424600
274164
2573314
683734
1275193
687834
652959
492249
617668
975735
573110
1326311
1826346
1606259
125278
1642183
896090
1178932
1195375
1133005
770753
1130697
408359
1364268
718532
1906423
1454865
1823816
2208577
864156
791675
899866
1895622
637035
1555868
707944
2397382
780338
506105
1094538
613739
2335649
1498055
1501125
1492823
1153695
1550083
2313308
566506
948932
1293096
2439631
1817653
1848717
912909
1299267
793198
1551879
304619
676068
345638
444637
1747417
755707
1245496
826796
1639194
1694299
442227
1583561
1161153
1657085
789380
957108
1133750
507671
1131309
1242055
1807330
844920
2151922
1088430
697594
1452489
1838466
671846
323764
349649
946499
706476
1190355
754654
1439827
1592177
2029508
975300
1021635
1789325
1405425
443288
1711010
1760281
807604
805093
2025331
1522816
938462
968332
2366340
377500
243328
1035707
1476591
638112
2261436
1869343
1363048
269335
2171365
986577
2729813
1077542
1178644
954549
1105134
1651923
288188
880890
805829
2771007
269986
1449184
1513687
1387915
747616
1422228
1695827
2826665
747845
706598
328953
1426552
644193
458217
2053514
1030215
424376
1891423
1209661
1219436
1572229
635344
1689133
1540582
578358
1940403
1014120
968285
678149
2343625
770604
1498385
750582
876103
767032
972508
1142181
472585
252931
1209893
1946274
891490
1640973
1445350
2764693
1336893
587890
782341
78924
454303
382638
1300990
1922410
728877
1735982
1897607
835414
924583
2432225
1784111
2395016
670198
1524234
821035
635923
532555
728883
971776
1457912
733437
1953148
1206116
1623644
1916168
249782
869706
3060841
2196905
1439381
1880584
1112180
993734
1623148
2074876
1801687
562026
1062757
223829
1884565
1250796
1249716
1072442
1121913
542112
1670217
2071497
671651
1886983
933769
967510
1293782
1586140
1356399
289288
498631
1253337
1319608
1336483
901372
1390877
1014438
839285
671535
1199525
231765
346670
1864433
646899
1219058
1044147
2077376
1648429
940965
1309937
955900
1193461
878833
219031
1075763
594487
321550
1505801
1298685
837609
1342490
451224
1058634
700585
977781
1793420
1922966
1110338
836464
1843139
1851370
618785
599461
1100504
701527
498585
356478
2348420
1008696
795851
842994
416416
1320525
834535
1062927
1098234
327602
1147839
2440640
1152232
1547892
1605888
874326
1488486
676433
1266155
2445120
769812
1288654
1530909
66935
2082856
869825
765358
2326044
2209977
2054588
1161898
893290
656974
1468552
1502655
740928
849680
1208576
1297363
1306532
2149771
1010005
471716
1947659
1393140
767402
2232576
878219
1772108
1574495
649615
516641
1219967
2260499
679409
1384883
565707
1466865
1590155
1229190
662878
1945006
1777315
650636
383062
1740893
528819
1062309
1749458
1970612
1341104
1342675
1004141
793982
1682130
1719070
1123270
1474943
500567
737513
1300383
1611061
447208
1061086
2055536
689643
1023244
1957202
1971164
2343118
1199136
410951
1779629
1356944
1802711
991831
1282706
1775323
902596
621294
320430
1636924
1523049
770487
1294663
1696646
2462972
1679994
266275
1683930
1790337
1219397
2109251
1021047
777921
548493
597833
618012
1755233
2015773
808606
708709
683310
596470
1164532
1615221
1174383
940175
2968399
1254785
1807775
1984781
1508502
3048684
1994330
1157791
658565
1202311
1632674
1185358
2098659
1613652
1442308
2583339
1582000
475958
1240433
2232910
421211
362311
1101826
1797307
1457829
566729
1672213
811459
60527
1579514
762533
1367070
790652
1084712
1908859
249667
1287466
428785
453880
1907242
1886093
1335620
1385268
361995
1555251
476814
959554
1185755
1437118
1286922
1608530
2066465
922505
1736478
2422473
1459613
969301
825580
692097
597569
2919748
1015599
965294
692577
598032
716464
1350310
2306209
1436835
257925
509642
966366
812392
1858683
83949
1259918
1099255
1700377
2075547
1381869
795671
1237757
1041761
914034
950309
1785238
2129406
2597695
965575
1609209
1143341
1085832
916879
700234
1484695
1026664
1133828
972206
740454
1617348
524680
642333
1646318
576020
1932282
1398489
1073323
1585565
465089
1653803
2040933
1566824
714592
1678240
594892
1414284
1490317
442328
1611182
909752
2044884
1825645
1369066
2893116
1396324
1109293
2261548
2327490
882174
1144856
687687
1151340
1685177
1176439
1623263
1873711
1522649
1599503
1270593
1133079
1200333
1739794
2604023
1449649
1762893
596756
1372500
2202516
1876880
708703
1036955
503869
1346767
1376279
1095075
2324797
982717
1047776
1742053
2235052
2005458
1596588
1635369
1636034
1784325
2713868
1921370
708700
998452
1128246
1358283
295817
1570641
1023605
237160
1300622
878329
1223082
575395
1176623
2100575
1839802
2128743
681177
1146154
1589726
538195
1871215
1614915
827487
1101398
1798950
1765257
2101495
1297562
1592309
875861
1275969
616959
1066376
738811
773318
1172775
844423
1706590
1822429
1369973
848091
2335737
1907770
1684495
641585
2402004
653857
466733
1178482
1245704
2090556
936468
1765499
1739363
897737
1119001
301385
796761
572281
1653884
482173
1733822
1814221
769913
1043066
554166
1968545
2153523
2236673
2301784
1233783
1942214
563640
402576
1689191
2606365
2254103
1407026
1090439
1761925
958840
936831
1490132
1802677
1143315
1923163
1142395
2166289
1140170
1643437
1246947
2236449
496058
1173199
766310
1654237
1899794
1245518
605223
1138624
2478566
448443
1156519
1616862
2258834
1115880
1025605
731288
1116399
2167579
2225033
1465338
1096634
916422
2684392
601254
724810
1235262
689003
1479371
1609749
1205851
1296586
1458170
1156043
1811719
1044733
929073
1052063
1507736
1416150
509283
1591676
1358429
915350
207630
838969
1094802
1853654
265416
958872
874777
1582623
2189089
2106314
2489784
2136147
1022911
890012
573838
2345418
1124760
1586983
2274861
1147604
416623
939054
1802722
1234925
713307
660050
1886100
1405064
1367138
1527478
1610967
518285
294771
1989985
1869516
930510
935772
2066175
1123190
540853
376286
1512360
2028284
938442
1223491
1191595
479799
2559653
1748169
1842309
418223
684211
1069796
1710327
1370863
223795
1285706
995923
1792668
1448675
2137059
1799038
1410418
2588179
1349809
295255
869595
1170580
1694192
422991
1154792
1903032
1226642
1866049
578728
420364
1914558
1413967
1907864
1472904
139063
1138094
721962
515225
1164078
2292145
1569072
1504177
785743
1787826
284914
1605057
2743382
2442398
1883015
1435755
3055698
234289
1475569
262540
883410
1065642
1157668
564255
808672
699916
1052082
404806
670385
1619126
900394
501851
619227
770144
1252030
2248319
1038716
1772580
341498
1154584
604105
986741
542631
2019009
1454812
2025849
1607416
378456
2174843
1312026
1282096
786986
1355906
676254
590254
2189527
644955
834578
998019
2701534
1595832
2525430
1237326
1490068
1652876
804508
1469834
519685
2339106
1839288
1630133
0
2651491
1168386
758169
836044
1058951
331952
515912
1009304
1436336
301512
1336136
1516623
2076535
231461
1906594
2832730
1177593
1231324
1134104
2552840
146231
1056881
514936
602027
1127541
2281474
739490
1078737
1482834
1475543
1330027
2377195
2508394
329953
1827495
275109
2293318
1587476
1194696
1465348
424068
734983
522583
1417675
1141682
1631802
948075
1421832
1522514
1471631
1254058
1502110
1984073
1809788
451916
1284395
1249122
1709723
1226945
968026
1253031
1167551
1025116
2271672
1432504
974967
2343180
1333243
1681807
587296
1518439
1141672
391128
1908590
1516334
925446
1263895
1215103
923192
1763195
1573077
1395365
1010038
876150
1231010
752681
564880
2211280
484657
660865
1345668
906938
928011
827415
412929
1724344
2242717
2751103
529843
1314670
821211
1247823
1257680
1561700
2279354
1271132
743904
1897970
481907
2500511
329190
1261641
1317133
423924
412325
1395905
1046998
450390
806411
1001270
1202736
528140
852177
3312270
952120
388886
416664
272678
681430
1658229
1327576
1792684
1714925
827794
1741256
1818848
1548469
2175396
766705
278754
1661321
2331534
2310532
660384
2518317
2403108
1701551
1165804
1188607
707197
1142528
752799
1706256
1176745
1056232
783873
1759991
1248317
1114284
1449052
1645661
2253737
1741140
1077252
2814521
1776652
312659
775198
1897126
1354853
1013040
481085
2695925
1513264
633456
1034901
624565
1279615
684793
318299
472709
1132492
1437661
331371
2409017
1809072
1357313
1505757
1444148
2289458
2827843
662853
747016
1226253
285519
2457070
1201421
931666
1126903
1017548
1262608
187590
656914
301543
1116471
1808133
348587
1235304
1110098
711091
943430
1256484
2133588
1967906
1928362
600601
1485625
1338701
320152
916834
2200252
453181
1017388
2122518
592308
1343970
904134
1652436
1130137
865418
1937803
485236
1096825
1856780
1171002
1366852
2936277
564485
1678833
1510555
591140
465447
1843868
615136
209838
616049
1814735
416659
1630447
726696
1601249
2120377
743683
1020515
2183822
1269283
243991
1038052
1473972
2170903
407268
1933247
876579
514578
1571837
1328824
1850179
2496045
3121353
1305587
1817837
1042473
1118870
274841
1831749
1748629
1988669
774746
1255651
1005000
2431421
294470
1824098
1391190
1025456
723943
1484175
1919689
2427784
1889979
290619
2209940
786083
933200
476149
2318099
1298306
1500876
1420531
1411020
721946
619229
2433246
2536151
2768847
1146722
1855909
977429
1559062
1883303
354301
996492
2581544
653846
1463267
69931
1178393
665763
1048494
1174825
1048595
2180985
1455345
2245499
509294
687527
1279329
697076
652783
1528654
1839888
737403
326805
2117232
1212918
234737
1330561
1412665
1815739
2029778
821755
785387
584246
2226311
470012
1177742
1230998
2027788
271539
380901
1035890
2290640
534972
2060898
1633795
674265
3094310
429443
2078235
2331232
737499
1020921
961754
1996542
432804
695190
1413080
806957
1334290
1660447
328694
2217677
1588190
1362763
266624
1144608
781753
1320312
934340
517343
2195683
981719
1292570
2225607
1778489
393004
558079
1599690
705906
877389
1671641
526948
433830
1534324
290117
895996
1306874
1961277
1214156
2103338
258614
1201491
398843
1245875
397851
1261257
1356138
720234
2239477
1289095
197474
1573879
501630
1202692
1368348
1040257
1869078
1084788
1718167
1757699
2000577
1318462
1762320
1444947
1483463
1022287
1481939
1909224
1270671
2044801
698812
899799
996125
845014
1480069
2130205
1312251
153804
626662
446887
875635
1534402
1456196
224799
979630
996594
1199185
1221694
1546557
1968229
1101912
791374
914799
2159555
102510
1818518
2191847
1332249
1467249
944585
755939
986153
2286585
1224165
679051
818170
1970143
860596
265264
2401328
963779
1051572
2691094
1805184
1657374
1576007
486527
2114929
1660964
859229
1188210
1252867
1317360
2069864
1301411
358291
1315696
961860
1352065
609916
1761617
2097194
974302
1659672
1302084
1039402
748045
2015821
2993594
1355158
476237
493406
1024198
1658830
488776
888134
1388404
2334633
1830214
734122
1349375
1292228
621038
718066
451964
1168562
1586298
1771037
2009787
2699744
1043956
1481464
1387928
333310
1126329
1550462
1148424
1274589
419271
1210170
909433
1227603
560015
1227731
997998
1244599
1515754
1552574
463640
2346394
530988
494372
1053884
547773
1532971
1288962
1138146
629531
1909919
1032421
1053143
845980
1190152
2929474
2351778
1457206
1856119
489088
1085827
1744292
1553685
1404829
1220829
1688139
2462097
1090072
1618292
1866614
2189038
1091126
912667
1683450
1858210
658541
622621
701977
1460024
1246379
824169
2558287
1658412
1076481
1561685
1501100
1247245
1235784
2106586
267351
1001024
1434201
965121
1225843
1873431
1952178
1160147
1582341
1274749
1878794
850592
965185
765757
1284949
1153680
2137915
798074
1112893
2325127
2456859
1963354
1438571
2521782
1098081
379922
914866
2240446
1169701
2827709
1380998
313863
1565084
91133
2895005
975307
1201177
1456608
1459072
1142496
241328
817542
1537653
805593
1649803
874397
1954393
148996
1139111
1825057
839959
1630679
765419
2901640
1283976
806585
1371332
135424
1498067
2792673
1855130
1970629
1097901
1765399
627636
1011938
1219269
2250516
501640
2244534
2029181
876093
1969149
753476
2299963
544019
2531570
1266585
1601060
747273
673005
870364
438854
1197650
640425
2120605
1278202
516097
2269417
3001359
2079017
780097
1520356
1424737
1985896
1007015
1271663
390490
1799885
1592141
1019266
1736280
1537838
1935943
754035
1276718
1896583
530477
1237124
946032
1317218
1672708
1766049
1292795
1627093
2565437
2878847
1714075
1744584
2785145
898476
633484
1804659
550257
1437945
1738314
1756805
1201040
566921
570315
545689
1788413
268404
1830150
171253
496115
731307
1486092
702897
458449
950382
1157891
766518
1124264
494761
1726132
864495
1887289
1744164
1408011
661188
1160096
1332631
962896
1606867
1111529
278413
1698657
1349623
1724013
1165632
1428062
922202
1040333
2130794
620415
1381612
620890
692501
2266916
802264
1260105
493456
1089998
960661
1529064
1635709
2100538
1211640
1335073
633304
1934768
1592536
459506
1135343
1622794
945380
939999
680603
1522244
540538
1681394
1400710
313782
772510
2495187
581284
246822
1591096
1207831
1760785
1942503
1094390
1122184
1687814
1493747
2114019
608328
729360
1390040
843821
452676
2462661
2207960
1654825
1079023
1343196
1212153
881550
533372
1387491
1006130
317642
523933
2017416
3033556
1356016
1119588
1885692
890332
1371790
1165681
1340802
1715716
1296390
1885996
879969
1465092
1126617
1207105
436001
799773
1819197
1248554
1097173
1167390
1067215
463084
1243010
541718
1835955
2565278
1896213
1718731
2969891
2909638
1843034
937235
1309292
2063600
1079306
905386
2128655
1202832
1454373
1836067
900626
1580361
1448421
1095103
657571
1193892
2259272
1094476
2091780
738308
963503
1348610
655645
377106
2773555
555245
1923350
659551
509205
1737018
679724
1692272
519759
2161207
885191
2149970
612290
235293
982339
1639530
1901261
960588
638697
1009174
1073762
1832082
2522103
1679689
1753649
1224260
1573317
1438601
1007959
1644001
2657424
868706
601616
829679
1029044
267494
1342013
628994
1944501
1082878
1380262
738419
742589
1611089
1488475
1379464
1511030
1171642
1794028
1397026
569847
1062383
2240067
1615914
485257
2033780
2032509
1151659
1935781
1468220
803469
650878
1267336
1453124
406788
1113093
1227163
1300376
1301851
1000817
2135727
659023
2626926
1511943
1908044
872346
160319
683401
1279197
772271
1203931
1248106
1433363
619670
2200337
1156525
1101981
1309271
2406267
1248818
1835331
1249784
1619658
2125873
1488592
1168107
1367652
2035206
2074308
2039478
1369938
305916
747943
1403081
823389
1956227
824710
913633
1206263
250525
1340650
1293171
1965468
1293867
1132828
1112111
2879935
928832
744171
2441076
2279296
1027904
1466850
2611342
1301969
1805517
1187403
633267
2049958
1319781
991447
993413
2311484
783154
1339357
1924620
1140241
1366217
1644123
2321404
453601
774956
454213
1838288
602543
1283996
1012198
643702
393841
1380948
2854188
1652097
672814
877421
1344980
1084542
1665307
931626
1077344
1256259
1600392
1659289
1100203
1479949
1650023
1092951
1543997
2411182
994569
697183
1878292
1337182
1233579
771496
1117184
859866
645856
2085501
1139266
1617709
1079952
1454430
1110889
509084
898378
1300676
1160354
781417
1503981
1781358
1450071
1356000
2078696
186250
1496688
2638370
1938607
929642
1540249
1904959
863712
1826285
950819
2162553
1358265
1887206
1017720
1269544
1878849
1244986
1306569
2194103
928727
1165631
1714261
1556883
1472384
2188255
1044901
972586
1342460
1447170
1574401
470790
2341268
1504451
2176400
425446
285031
1659847
1155522
736707
735295
643491
1139616
1168500
1176903
1394007
327978
1357715
1569247
1418988
689564
430406
211124
706995
2460867
1152195
1889014
365094
926880
1205610
898462
2730558
1634550
725960
1352904
1618077
716684
479638
1264981
1411916
766453
1492393
1136057
1716175
975768
1111271
1010890
1824043
1989360
2160825
1351760
1026884
1603137
699296
1029391
2604758
488996
1323390
1495164
1115254
696382
262841
1216862
1536513
992933
281009
959978
182034
1291526
2731871
1345293
1713591
1720889
2533332
1401537
842173
2191260
940908
549027
969865
1169800
434616
1538091
1038635
255502
258226
402802
1349161
1747388
1651522
623350
1647677
741745
1401043
1248008
1597554
2639447
467988
1274085
439137
2123757
1172868
1801754
1602315
347534
2040152
2499329
180860
460039
1510737
1034257
2387557
643648
1042956
585941
1812069
1178923
270406
786862
2236454
183343
1147995
1614418
758976
1594443
515147
935342
1970028
1562843
642077
1148308
1036195
747149
1429966
1255409
897066
482500
471759
593143
1481415
1323743
1336732
968043
1515624
706563
2098854
1201878
2340728
116124
2408407
1581071
506445
1257377
1217526
1472751
2811296
1498052
775079
1110681
748570
1141924
763618
1138741
2922087
591152
1365677
1374539
1204866
602217
2094208
921256
1165502
990587
1443904
1708866
1512715
389799
1080325
787606
1295461
2047737
1857147
1658862
1024914
503957
676836
649326
1715530
1844210
2197311
1226362
2623219
1056049
2225494
1071897
2271201
1032660
365969
1027758
970220
1790035
881860
1416158
658750
910504
1111779
151391
1292369
1526402
1106681
388859
773314
391698
52163
1386477
1603464
1624170
1404015
374119
1671519
663405
1213760
586459
1954638
1066195
2053765
833900
178132
1011508
1273394
1631504
2026002
1239406
721378
1570797
428267
1115913
1448686
1923825
1373459
1858254
700257
1472509
1083976
1174006
1645364
1547646
545721
2018450
695873
762435
476914
1658526
1438336
160762
1377286
1765809
691406
1675071
198884
1593789
450352
276982
980418
655796
2691512
615710
2321516
914709
1849051
2026826
1130364
1049182
1068125
92145
1180928
237022
1625608
1064878
1924858
1642314
1936935
2780419
883985
718054
1097365
1457390
1641177
628721
275801
469270
972531
1393677
2403336
1312175
1292562
436491
1805780
826393
1208009
463901
164203
1580115
1004475
412377
949851
2026839
1987792
523521
1732430
1544860
876355
1601129
1353483
162843
1072030
1327624
1812054
1311116
1667399
550706
1366573
984668
1754715
2365755
1315361
1697316
2004067
881864
1368073
874544
1092944
886757
1546899
745343
2108353
235629
1850066
509090
723241
616817
800636
630650
1830865
1035187
1124806
1921667
927049
1225530
1150956
1512482
2583021
399525
1166380
2380264
1330019
1816701
2013219
1472443
1193440
728089
1367368
961672
1421583
965870
593200
1808118
1274495
1069290
302035
1533520
2929264
1453218
307126
1075804
1633623
1012652
572988
509087
627249
1395753
800223
1065691
2369589
1239172
1273473
2044218
1183875
1610215
1402580
1024741
2087204
1389313
1561790
698876
1903600
1089823
1197379
346257
2894178
705782
1313865
1816672
1261134
634930
2606333
1203677
1060008
996408
1539417
1104392
1879639
486983
539145
505428
997957
1186317
1426214
1793736
693775
1374086
1589603
948144
1282592
1399809
1088088
628542
1259730
1614636
1146914
985132
967083
360129
1880483
2422657
871120
795069
709185
929738
1078276
1902642
1382895
1105724
1672745
697642
886974
1528073
416615
1007371
1174252
1818392
443433
288593
1453274
1775754
2036825
1651193
1712649
1530789
489006
1780382
333161
1357358
1970236
557414
1544834
1583313
1624293
1266581
1352523
682094
2055867
1221927
550906
325983
288759
1104422
1930988
1091957
1120127
1185183
1785007
2597627
1550653
1393005
2366240
1220513
2221103
429532
2399915
1857465
1361467
1195083
984275
1578453
210851
845709
1937678
1026702
1683290
1416551
1392487
873272
1083793
830699
818205
1658400
1450965
551240
1600270
1708209
1527148
303054
767478
1176645
701835
355371
1423763
769948
225920
1509329
1134042
1173432
2469977
1921912
877877
1441679
400736
3166085
803293
1067835
1220394
488239
831131
2245922
1358525
2116021
1104429
1425983
760680
2202816
913803
2284686
774295
1241464
1107098
1431854
1612172
795526
1558987
1531826
1256914
1352602
1620221
1156921
1202357
1083325
1793643
1272603
1117953
1479562
1192879
2462727
1000961
607814
1741034
724688
2431614
970231
1023249
131911
1875381
1659050
2079527
1548980
1231854
1125655
1614181
1186821
573160
1975244
1000087
2353998
164291
682256
526147
984160
1566672
779451
566453
912595
618456
448081
1247396
449207
1535515
1698779
1149192
783330
814251
437153
977466
719155
806087
1113790
945037
659965
1750672
898333
1541761
2318119
1349103
1353324
1340362
2108792
1785591
2018857
572577
527370
747705
339130
500890
464753
1573661
475769
1245772
1731976
1411226
372924
1532035
586197
549621
2167719
735345
1210476
1632264
516579
1643455
1614600
1844405
2254034
1144592
659818
736163
1099231
670213
873790
1145256
1632663
1784952
734195
1611655
1744385
1498320
692141
497006
679722
768673
2319520
167655
1382176
666805
818533
913363
464629
676030
1458574
1400467
1835667
1051644
389859
1035176
1507844
859063
1232384
1345855
1075400
660097
286342
520651
1483243
2343708
935189
1601777
2470156
1113951
1972992
2295735
1141843
1273503
932986
1519908
1815796
1689273
2041553
1781766
2193262
916580
1018169
2211798
1258023
483577
963418
1496912
1548529
1809683
765472
1215961
322257
1953247
1021925
1390414
1707279
1352646
1113709
1197086
522996
957290
1019954
1933674
1120124
2801956
1007896
2021101
1716745
1570926
1595643
2827832
714240
1517859
1735243
2261484
1069242
1705255
989158
277964
716475
929044
1872112
599207
925926
1761549
918355
710172
1344779
796540
1315628
687124
884844
1352540
868400
1135971
209639
2326063
1886787
153980
1078086
1278394
384812
1062333
2205387
442740
1704547
978124
1548534
2034466
825006
1369813
1783448
1108002
1281241
947162
592308
229824
2035863
1769080
1496649
1658670
2241691
1679049
1147939
659498
2950254
1333288
1070039
2145812
1244346
1159251
970594
1977283
1621219
1718185
1911781
671744
2855065
1983647
2589301
954774
993755
1186857
994838
505280
2040708
520244
1508298
939736
2095265
606075
112684
1040896
1906161
353908
1139658
488724
591792
556134
1843421
886965
879903
757274
1416761
1998083
246610
710863
545539
1895888
1224754
1011710
841528
2034126
1371963
1010030
687075
2119804
1013976
462078
695305
1510839
1358505
786649
1404292
542060
638790
386525
378771
1380193
1258679
1963174
1291578
2044852
893292
1061208
272272
946165
2187352
912703
1855918
570355
581850
493272
431978
379835
314503
2427588
18478
1749032
2208019
1020651
425042
735475
2826586
743840
741809
1467648
1295743
996473
503365
1035245
1651859
1277444
1437719
1383997
528036
701111
1279962
1358337
1550401
472831
1641025
904223
1195934
1075195
585924
1695777
1269929
1987231
228959
1046588
915275
875838
1517683
1604678
1652599
789692
1428090
2219074
955851
1107671
729466
820358
2205928
846007
829925
1049141
583986
1408057
2055907
2317316
1943460
444548
1412209
1389640
913867
1001611
2099909
1805880
1382138
1202637
1072374
2161521
2020689
1638156
776437
754349
391973
1412112
813796
879713
925060
2099743
797204
367466
1603537
1239373
402007
1863002
935393
1582027
655938
375711
967041
1260245
1604813
2208369
424237
771723
1133390
1073973
1542304
1527839
398907
1428797
1077427
1477432
615477
1666080
1165749
1876424
624373
1107738
1636982
1322695
478479
705878
290933
1911733
2727614
347138
995019
568788
1548857
564028
1162496
787123
1316109
2320875
552981
1369497
1375648
1218426
818514
1136939
740337
718039
2235079
1916486
894266
845618
1850601
1135154
299903
1721284
673489
1110163
1753472
2587306
1509866
750942
2276210
1142118
1052923
1199736
1636451
336445
1021130
1605254
483758
1270813
1157487
1493229
905594
1704699
850592
2202674
931318
1485374
967142
1874238
1515197
2886658
2032676
935232
636273
2536383
420811
1389466
1776003
942829
69949
2336555
1568216
1024354
1573668
524161
915297
1984080
1673203
510879
38550
2217275
1057507
1350020
1451608
2076210
1198283
291346
1052917
1183154
1037974
536502
1096859
1032893
771553
660969
1597037
1098736
1888694
1064393
509613
757945
954128
1372017
296248
1261498
2196601
984294
238096
982207
1986050
942444
1374466
1960112
1247075
298464
1314220
1206023
2220063
1354734
998518
974399
886569
1300104
1308907
1392991
634999
418006
29512
1254139
2412448
1784468
1440399
852596
651347
624334
1884638
481180
2331300
489908
2235847
2061565
882325
466220
1529642
552069
439037
1560890
1084914
2662320
1687705
1553109
383317
1165867
1229710
1170401
367076
1408020
1924402
2093617
2310407
1134212
1242775
1210297
