393416
839033
1068593
986132
713271
868137
1860437
899817
745317
1757900
1241589
590192
1015374
165682
1860255
1001138
767070
645286
567232
956662
974488
499762
1783855
953899
497439
707551
1346708
1166956
693567
1761994
1994754
1032160
905655
643563
630094
1440689
451355
1428535
1372390
701563
962131
1370940
968298
1049703
1011625
773046
1007974
335326
587208
1202426
1192419
714691
754123
666369
790980
689287
740160
1476249
1727945
802256
1069375
1663670
1560400
2179508
395769
991376
537043
696014
1479458
697751
1183099
1116297
1675298
1259473
490386
540800
1649762
378449
663302
1086236
1740269
2060248
1175629
440898
392107
138563
1701973
639790
2166913
1628308
999776
1436534
631876
1404371
2020523
675222
892182
1353085
2353824
1103134
1157772
279077
582122
482248
308261
986941
924739
1750300
843050
1225501
1853620
1163617
1203790
2182234
926718
833150
1844386
114521
1262418
1261376
1808963
1086398
998047
691964
251312
822508
713976
1156089
1170345
585577
387525
643991
1333231
1363362
977803
1475624
1309500
1552790
1157494
890180
1853344
981205
1243571
1737662
2260016
823569
1430095
1739316
491995
1298396
503218
649997
635835
1048514
251254
968149
1205506
659131
1354567
564547
2317166
1335861
1056102
1088035
2091206
937710
651039
603518
1702268
1896290
1113317
1042249
1142297
1063477
1515284
1443815
865879
309974
896896
2260271
1514488
1210812
701184
2114935
1490018
1881734
1645818
1149115
374898
1772772
2401569
1337328
821744
1353907
1759593
779214
212114
2173175
1676534
951563
682590
589294
923240
610187
1904961
900434
2046701
1358529
1701938
1369019
1075949
1300829
616687
1882887
626868
1690132
1355651
1749449
886919
1030980
1405487
1357759
696862
1400791
1399929
973779
1093292
2356764
1247327
1034402
1210767
338461
872750
1022640
1784609
454047
1908072
629850
1530725
623439
1520627
836149
1338258
1188720
1205193
1673926
718867
581067
698004
1096446
635143
1535811
996403
462339
726911
1215613
1428747
808129
1105042
1310755
1526407
1041411
1062694
1673663
1412817
1421009
963443
1148074
669053
745438
419030
1430083
791505
876071
1430269
193810
1424959
1594129
902874
1441096
1200430
1161107
1245086
758448
1328558
593455
1028995
1783526
1756559
1165109
1333318
1531035
333578
757664
87100
1065990
1506736
1270402
1269025
1116489
627484
1616642
1488987
1143794
1670613
1647453
1004294
862698
766224
1395167
404743
683031
1186288
609679
1121664
576379
2187427
2030586
1068057
987923
1233139
645532
286733
903368
1749368
1329848
1228284
1362705
901533
1288404
617336
657654
1095665
2004929
697461
2261006
1347959
1336604
990113
1018978
828568
687561
954431
297820
2010564
1419003
314349
142565
872339
800579
1010298
1361696
1250844
2082178
1846773
1129730
817674
1930204
671737
1021373
602296
967204
362125
842740
1292178
1478461
1532955
540849
810059
873448
968430
558036
1441770
448436
1794963
748832
410924
2070284
483707
468753
1103355
874067
457892
771362
1362367
554803
181786
2413231
1142650
1758088
1703380
2043369
1316477
1254926
1070431
746141
1537472
366620
1573439
1532240
374970
1450092
1748833
172118
1195680
648019
1787310
1220781
2249513
851865
1921583
1320426
1217531
1206922
1337293
980830
1776091
1156999
2055258
1872435
1665223
784331
1652399
1290219
1285227
79701
462351
636903
1874032
1472130
389336
763198
1194274
550095
396364
640077
1108602
1035008
1311342
1538390
679230
1852467
1136153
680947
626527
1135831
1164211
836926
1639741
1287497
691731
1028572
939941
515999
1392932
294907
1327288
323210
2181540
1458642
1552960
453862
487592
122326
787459
1044921
1387486
1998269
366336
913870
1398425
247775
1312802
726285
1175213
1518623
1786059
796927
471218
1483690
1308951
1589667
934119
1999297
822230
391256
775393
1826222
1460199
1758709
1544823
136133
1806910
1119112
735129
1408486
2043792
980937
126426
1140284
1375461
733878
1126177
904951
693704
1138136
864272
745938
2347911
1282225
1192330
1084762
1332615
1340517
1055520
549599
1885232
1105836
941771
984391
922663
1298175
2155474
893973
1149977
834906
595121
1565943
910280
2137320
965869
794234
955450
1557229
638954
823158
178730
1154753
689703
858031
168893
527775
1274967
1181225
1566134
582289
1190656
1827899
645176
909962
204199
445012
1356739
261183
1291850
1271522
1074678
226909
1738272
842682
1176551
1071225
1099330
710992
983867
1899631
1538649
1200893
877087
2478576
699943
1540423
1152649
1523059
505536
1146864
621951
1837736
1901708
1242852
1089081
511626
487667
1125895
1617524
1239805
1052289
950900
986549
744097
893248
1784552
1589892
1800768
1904854
1877601
1128091
682304
926069
808070
1206281
765587
392949
1759605
1090946
1255153
374236
1548401
1319484
2082050
645135
924091
1204185
871713
1945125
755859
910488
1155469
1154801
2157099
1633975
1500266
1292412
1545894
913129
734676
1055051
170016
1453002
918392
962905
514842
452823
229785
648488
530062
1687350
1829861
1662806
1029192
1075187
1168226
1248256
1485365
1491609
1016859
1158431
1871455
1232441
1641548
962893
1187379
1309467
1910915
436565
281027
1354990
1205996
739517
526972
330261
1223942
275817
1845211
524381
1543059
620235
1932292
909218
1229540
1436037
1159560
781347
1079056
775218
766257
301094
1381105
1232540
767821
801955
2124859
491336
1713560
1322488
1026027
2261983
226976
1767379
605527
1405621
342310
944374
747773
1153537
932257
1625092
692361
1606379
1219921
653150
1394590
974499
480812
674149
1536538
1205973
632194
97236
444652
1195567
945661
1089670
1333649
1853710
1080678
997560
451514
1843545
2347167
1422025
651177
926397
513331
1165831
2244140
274263
1860452
847557
1616750
1196912
1072911
1625541
1209002
589908
1209546
742636
1640120
1500749
987753
1183693
1012785
1111229
857098
801878
811454
286115
1240013
1522730
1092037
267417
843427
548028
1019995
591396
1943678
336157
1295055
1526398
839335
1000193
1835567
573041
1011557
1053731
471161
1331292
1647392
1415698
770765
548913
1266112
861067
1166037
1617013
2295633
1011059
1034096
366760
284232
158420
760275
1227210
638944
874230
410975
1306037
1830717
1597830
800326
1426651
894940
919032
1163370
1257647
415400
952124
1002403
1282742
741197
1578484
1111647
1058795
875034
1068283
403787
1063502
1377534
733095
1481786
1267805
369986
1348017
1345664
821319
2054925
984620
1038655
1611835
894695
888144
1239101
433591
556650
958417
1977624
1256383
1208414
2103354
1794513
525342
1294454
2070214
875236
1209579
890777
2046863
736929
1122415
246255
526281
692334
1581531
1621617
964397
525775
1473832
1211001
682283
211876
364245
1358687
1030925
435457
949340
1923068
391295
1541979
1021557
449105
985921
1091018
1327546
1135658
682850
671462
256624
1222342
1986511
832028
788212
898182
1430598
563749
780292
1913157
892943
677963
1569260
745797
778239
1484316
449964
1071950
1343356
580734
722713
1784443
855645
250855
17259
529434
1272086
1085545
1362526
467802
1511439
791597
1344435
536782
723452
639994
215623
835437
1909753
979490
1265505
1425329
1135852
1349967
814317
1338636
1415220
421649
1450489
1638302
564343
2298301
1237399
606054
1129895
700264
353772
1712371
873565
1001288
983260
1104635
378949
845853
2179504
1332671
453069
578489
837883
835731
912950
1241913
969574
766040
1308311
1312789
160428
707825
1261677
498101
885064
761601
1339098
223358
841979
392057
1477808
1204297
1276443
1337266
1188587
1545325
2047123
1138933
2330139
1480674
858687
238535
1458369
1949220
1822795
551897
606988
928566
1688512
1493778
681564
1133060
830176
892611
406574
1671411
776800
669332
2184455
1215060
1137472
991784
838201
1332109
497631
1393529
724668
663584
905528
714762
1501398
880184
817763
650818
1484511
613329
112413
1212016
388611
605444
1254709
867736
861346
1294498
1422615
477822
560867
1421601
902514
1329915
890818
661681
1757920
1828918
1223133
563767
968022
1513911
418747
1501426
378992
1928928
703941
551062
986444
1797539
1289272
1507653
1264199
581565
910314
1001823
1029505
2271683
895147
559082
1830788
85677
1456655
751206
994677
1183054
1522529
1445329
2247395
926910
898337
499811
821416
858741
1438788
1658008
668422
374455
1939308
1134523
857584
1943411
908834
1213038
1161964
1675269
1894227
552877
801335
1793306
1899418
1902373
1594994
1783453
1714793
1422328
289390
1554547
1600509
1046500
1779966
663617
914804
308655
1021436
1556573
1394781
1557265
1534833
2178746
1341463
409318
703163
917373
1199718
1362682
766386
196831
177574
911962
763745
1742442
2038962
668175
1119789
721637
1896688
1392240
826547
405821
770410
1569217
1869155
1058953
1084459
1171844
2009426
1310580
1044262
1034366
824318
851351
1349211
1335523
1276100
1449340
1899712
687660
893637
1982904
348979
565697
1126866
821567
901376
1599632
781249
827461
916538
880733
1678065
728856
896294
1210623
1416441
736708
419501
525820
1210464
434529
1002908
869741
143232
748310
518444
668297
562733
1623318
789605
1207529
551794
1316215
1244070
818625
1547116
1707778
789595
1391196
1604532
734354
1014487
936625
184664
823388
581128
135008
1092503
1516847
1036497
1041329
1576595
776671
1053607
1671545
1292969
224340
735856
1125809
286174
566614
667145
721907
770954
1540919
571046
981346
1621376
1533603
1750094
660943
949592
1292468
633866
1270083
684474
1043538
1317146
554522
1292957
1198199
2345430
1026713
725976
736495
1203178
1148363
2075201
642024
600008
953960
1019207
1759208
1861505
574765
1332781
838630
775561
1952033
1577692
802290
796466
778553
2374861
318588
1437276
501677
541747
1002820
535192
790443
182243
960941
542731
1210441
1087456
467709
313867
1663567
963338
787403
648427
1260352
1563931
1012598
1427857
1495268
1792469
1124370
610041
1565189
777428
1127346
1360498
1626105
1152149
968821
1273055
804849
2138880
760395
887578
1012515
619588
348203
1420736
694595
1288578
1088490
803839
193503
1367236
676335
718388
675280
490835
1483549
791228
1933927
1515875
1342954
1324612
446599
1081408
1155672
1030981
1218607
1934210
478523
921973
355322
1558780
1453621
1484778
816144
790011
1584836
190777
1368385
1477675
760703
1921905
528585
277371
1798525
367500
919774
890967
1035023
1247573
1962094
912320
1587830
1046277
827651
718724
972095
188701
916709
477934
1398590
1003981
491842
1134195
498793
1025093
2130047
424669
1032892
986316
793272
158321
644649
759544
670005
1323405
1668954
177632
899384
1466229
2048829
1087856
553252
1491181
1690774
1732934
1100603
1445110
248800
1622935
1480527
1251206
1354192
1306976
1952805
864109
306291
1077835
1859481
2361824
1044325
727051
1508025
964299
1332044
1412572
1165140
589715
1345722
1908378
1112208
1192818
1503726
1702943
1943469
1419065
321591
1218252
606059
1133465
412839
659132
900810
1014384
707731
717112
1371019
916730
492784
1302136
357702
2154225
1649759
1147469
543698
537104
722970
480082
572200
1040775
636483
1377975
1043686
1765126
1092781
1179555
850910
1342606
975564
1314901
1379258
178893
945442
1300282
605652
469521
239994
256244
313736
1057111
1283259
843771
1276838
1284723
2049368
2329446
572468
658048
1613897
1253691
1883176
1587472
1746154
1474421
2122419
838196
713457
1770840
1263921
468810
667201
625046
461609
648287
1666235
841854
1000184
617972
494185
0
553298
1758975
763014
964061
1298613
1213087
957690
1145368
845231
991014
533030
1351259
642130
1436741
1570455
1063886
1853058
1676624
842967
723228
1782242
901935
1116517
877982
1544866
306447
895903
1400242
1928173
1034159
412975
1038613
1471921
699202
1072114
356455
290810
1646330
492791
790485
636433
1034426
488285
252874
1498552
1530883
1708334
685033
1110516
582226
1117967
1624320
1369280
1927203
1573392
1828154
1527609
502523
536080
1285813
444345
563343
590949
622562
443255
724882
1031939
1493328
824429
961874
955611
1585195
855824
506231
371126
709132
1018272
530381
1264459
372877
1719556
624601
772109
732518
1486988
1311573
2142745
1520575
1031873
661229
1006393
1087564
1241562
398605
712490
786345
1426387
1187855
1046406
886019
1394265
917501
410940
769975
1364933
1619251
1131095
1863669
486048
455535
1566064
711500
1181461
2170584
1651664
192872
1137161
955477
1068731
393441
260414
1209803
1508928
866084
1332819
672747
1109095
525901
987672
1105696
1217230
1181991
577681
507471
848537
1893544
987866
652014
827995
1707543
2083608
1287016
1785156
798569
223126
2008484
1178309
1969516
1057568
959538
1018100
642379
1474718
753251
1547749
1592500
1799959
1451076
1309393
725291
1989120
895054
892371
1081057
1491027
776326
1439529
506623
1958588
235105
829631
347468
1276338
1182101
1261668
438040
296586
374505
539574
1421594
1107661
684215
985203
930754
721196
1402756
1208312
932036
1563492
1129222
613051
1156616
769846
36292
1024896
869390
1106197
1330211
611543
1042128
823176
1472478
984131
186060
704116
949169
706641
2182105
1958354
1277781
634037
664658
443964
1144919
800502
957558
1463657
845741
865475
975607
1158943
509301
173031
329729
1101184
1929036
876445
1074062
635578
426594
859646
765780
658929
1352584
1098157
824688
1855576
1013034
563017
1614955
369531
1076280
1552836
82928
2111451
676959
1069489
609209
1536148
1308411
1336097
641197
1799694
338178
1959643
695145
477337
1227038
1746703
705191
1709231
1108013
2357579
1186415
957642
1157751
1982522
402868
1334363
1086899
1680854
738232
1391542
903477
1217480
1458287
980795
928532
1299244
710032
829968
995067
2238894
777212
459477
423530
886307
1224214
1833022
967544
1074088
819600
729849
397913
892676
956979
1412156
800502
813040
1783893
1335074
709185
1101333
520752
190945
1379929
1008360
1070592
570120
1381206
758999
429156
2069394
1519462
1446234
777551
1776574
606887
742233
861231
1022777
920324
925411
1388228
1016160
1366209
1354708
854878
1197425
632416
899820
1281768
1109436
1280210
1991405
1764500
1083082
1616202
1725867
934765
704019
1703329
1452474
1032267
651413
510726
1546047
2492244
1578415
868072
890402
1314225
2180901
1088793
1693428
1451913
865664
754781
623428
338048
217745
665112
1676158
1026125
1716137
324465
1849292
1864330
1948731
1233586
1253057
156660
970232
853020
1579249
1017178
1397649
1057520
1211950
1095119
1178803
540412
129296
1187303
764016
1778323
776942
1531931
531810
768195
1901153
947717
1966766
1318875
701835
1114598
730159
1817262
1295912
867741
713528
1316654
1233118
1991649
685554
496736
248196
1398725
1674896
677677
539002
425049
1216887
302707
1976019
334289
876622
459248
2070664
728310
667756
1060957
352339
1267810
1248210
1360027
1976841
411178
742484
1002766
202382
1750653
258277
1746391
1150309
1846133
1023801
360103
1649311
243288
1186993
1176543
1320585
121891
1113541
629266
1353694
348928
1730582
1582151
1120980
576198
1084799
928010
1415931
757404
1255428
850164
886052
488374
1818942
907320
1259873
567662
1165392
1378734
456318
2072946
1504829
1215556
629732
772833
1223571
1397809
1072012
791869
1633411
606371
925084
2261830
1290308
911952
1177844
1427517
896136
1002449
854915
523102
1216679
1172344
408211
344395
701272
582440
1585944
1602069
1891101
1722277
1156350
1414873
1334543
970729
1109953
608439
1226267
1669373
1488927
1845029
1307122
1300554
1726796
1885817
400671
449893
313365
861105
227141
524905
325369
706371
1117409
978726
1151618
1268149
2100373
631280
780768
283784
1974971
1005251
1307279
999714
1467736
524357
277737
1728718
799480
1126710
1333631
981120
648305
899827
761683
1465675
2125619
773443
1114831
868297
96848
664066
695117
1375233
663448
1779283
1025520
829970
1127922
537965
966209
1080724
1119532
1453973
649988
766437
906790
1284511
868258
1337567
1604675
793047
1696452
1099753
738203
1110204
1466322
2009372
930674
1078767
1595978
1634577
849261
1634718
1435705
328965
1530831
1034100
1395427
1802477
849313
1392150
1559310
633754
453380
1857097
833174
798902
1397929
249408
1589875
1587520
1435904
1213228
1270557
1018462
1757794
1700399
1009557
853028
1369614
993533
1374923
973646
1279865
724324
1678444
1762761
544325
506609
420281
701796
651085
413126
2044372
1290393
1994336
1850229
580333
1440119
1429628
1532876
796704
552463
1654851
1167364
1099012
239176
504595
1854754
685886
1033462
1352152
1329616
1815252
1739374
791823
161332
979381
1627909
1406566
1437233
1171603
884128
450573
1027316
1160278
1701597
1671348
1354974
1129068
795513
379392
243586
1133373
1055527
714096
616706
673221
849013
1198628
1377752
606780
594937
1769955
955521
931319
1579193
952753
854822
1600918
322350
660244
1377627
655987
290755
1157545
998232
1699698
1825557
1233591
1029584
433277
1411139
1899645
713216
1378583
1814044
386753
617966
430543
950271
972072
1128221
1592014
1649329
958266
635899
495875
861389
1603689
1615970
581873
1197757
1433708
580030
521968
886434
1816969
831043
2010321
1975730
1096096
839159
856808
1788419
251850
1379127
1518031
336956
307506
514621
452546
962308
540600
797789
1875224
1332465
1400253
595800
2270559
1450034
928134
486669
1375646
333220
963311
2249248
42204
1649157
1121428
297481
869743
1777497
1457915
1148536
617161
1064140
1170665
671666
1802266
339540
883024
888036
1524606
850408
544495
1027536
667076
1509589
1851191
1335985
427958
894369
2309575
576180
897676
722383
615977
1801986
1179596
31263
1530625
889679
1213033
1123554
600049
2255254
955061
1781961
551357
2079065
847536
655735
434817
979495
1917849
896997
1143113
846761
2313351
1573439
1218258
1140306
911930
1828771
591368
2165951
1346552
1797150
1579544
1501796
1481743
1721342
644037
1083640
1163590
983129
1086312
380602
1838890
560671
262170
229212
1392767
693368
885435
451745
298427
653761
254147
713436
1743894
1420557
343269
922986
1455615
467447
1859960
1097977
361710
254516
1707808
1527510
1736558
345217
1922733
905022
500311
1639692
1045111
2072118
691766
826861
1230236
1694796
2190993
792971
1137024
1789402
1482914
1126760
1395501
1500429
1784863
1493307
1097129
576839
362400
731326
1202877
603117
915567
630866
1390268
959665
451152
1692092
1074535
686151
1005796
933150
1746485
856626
1818012
946965
922791
1654497
1346909
958867
780145
1193086
1609515
907613
519349
1668859
396005
1313241
899878
1233114
543548
1601147
371954
1062595
700459
592277
1055097
1930348
1283950
2102534
67568
973255
500238
1475996
2006974
1255415
2092899
998365
653045
1777598
1613908
1587003
778210
1575303
316386
942043
1620781
801491
1579848
751414
1650264
1813171
1087185
1126364
105822
1254215
637346
873138
1977009
641491
1294172
1286347
597809
1640315
1650463
1104291
1393079
1264104
956725
1569927
894216
1603862
1214657
1068509
831192
1960252
823299
1389380
1302389
1611423
1333190
1753185
564566
2243980
337928
1220210
336285
771573
1411575
390439
1315217
364322
1458664
728189
1039496
1744346
727273
759046
1119788
2429138
380232
1500220
833878
1106684
1183976
1712080
884316
136184
867677
705814
589090
881624
1262985
1059368
1007011
1069594
1698813
1194859
2204652
1402166
343490
1426023
668125
1362556
931056
1111033
1875197
1021734
1732398
1164175
1719442
1663425
1812199
1794936
367785
792943
1573149
1103331
1146104
1331613
790276
902793
535477
1267945
796525
543058
748299
2391815
1461982
1736092
588015
85403
1959001
652453
932608
345157
1174083
1020220
1900120
656301
726405
1580239
639450
1182661
457357
625540
1232860
1594995
780301
1537514
413259
1357181
1929503
1005992
575564
910086
1296305
1895217
1400418
1256354
1656967
985815
505563
1053127
1771719
1952225
1228398
977907
742126
941467
1513831
744297
367330
981064
698120
1060924
935342
1305703
1340236
1055477
1335515
1799776
1337772
776151
1892905
714387
721087
308245
391052
1437045
590712
296127
632879
1736418
579433
743159
890905
567565
1241757
1271387
871595
1699132
998193
1155554
1259125
1389182
506225
1258466
690900
903128
1697744
1001261
851301
1245960
818522
1510384
549257
537503
1020687
848573
1263574
1351382
1174579
913933
1582000
1022563
1771579
379373
1573204
1170623
2285100
558724
720387
453944
1303580
565458
950208
468226
633993
829074
1696495
437280
1428843
932467
813801
713994
1722343
1296055
834765
389825
2146513
1280239
1253300
1555326
1454431
693282
1385511
2164649
802573
2229643
593483
183972
995407
1762851
361502
598727
636614
887189
1257114
1403737
418659
1581746
1109459
525641
151182
801630
1178086
1505203
1442052
654564
1491046
1397553
1627394
707162
1471905
1427576
1832686
1327721
447827
842618
1150315
1754696
386963
595908
1430614
873891
746944
1310028
1449933
784962
1123557
1047979
825627
654589
1889346
794107
1026979
1585043
873849
2021369
894609
1615131
478686
1364716
962798
1771472
1469445
681892
1576488
1032741
856444
188455
378320
1148832
848599
1520521
1290999
1780002
942313
458156
1420649
652975
266834
1038041
830160
456114
791986
620340
1717160
2121488
588373
341387
584413
369911
998312
1806191
1040206
1448325
2256467
1738406
1253544
1703831
577740
1579137
1056603
1134341
511456
1632459
2247770
908843
787902
1446678
1952535
257243
1032746
1413065
627408
1050785
1151968
853611
1894799
2008404
255545
1325298
271193
685610
702644
1716960
739896
215191
1334592
1397983
383193
951336
1673424
174945
631517
1769457
801950
957307
2106454
1912182
1224625
983990
747850
1948947
1271811
1868553
471014
852962
1286089
1059303
872978
573231
1837048
1008790
1721326
1324597
1035790
658536
1627151
328619
1306376
1706521
727838
2342735
1743177
661977
1086262
944986
909795
844185
2122838
1294472
1126141
429528
489840
1530438
231012
1355816
603686
1009331
2236170
1547826
452117
1786206
1221493
1901335
1111665
523034
330175
1435629
1814389
898365
1014394
354999
798878
1211432
671348
1891351
2066850
1654267
391543
1296193
717377
1463647
850784
1033669
1235662
619478
1390076
1667048
779853
1017084
1673922
666967
1356422
1683316
1288560
1266691
196956
1231948
753253
1892645
1508223
495608
651275
989240
339036
1290875
1415744
1253767
1372221
1613166
1049755
754176
86634
1764745
710847
1774562
536149
1679135
1103985
969242
1318347
1634201
632271
392112
870790
1331133
1081944
337836
895166
610966
487497
1167580
1081463
1606924
1323144
1156583
894884
1740466
702769
1518359
1426739
1758041
643319
418750
1842767
1958293
448385
567228
1489024
947168
841933
822370
555464
1003980
383267
902171
753103
1940589
725074
1181293
515142
1842202
795043
904814
1667647
609002
673780
1036364
840962
655870
1849607
544606
950911
1348754
938756
1617041
1589441
701478
302236
898375
789924
818000
1101270
595808
403289
244863
578822
956129
1392650
546104
737597
860076
793259
784999
2287560
1347125
1037356
283234
664670
1399830
1058908
5416
1300355
395395
1071409
651908
1461651
1392836
1522575
1026678
1679065
1154994
1647128
447657
1522622
1212500
1520939
919567
594404
448049
767634
501036
1563750
913485
1847806
788574
871711
1636937
1095786
1052123
755119
1968162
2124909
1460017
700279
1096552
0
1185509
1964736
1291464
678991
1683516
870776
1202087
357532
1003563
1565202
1227332
673875
2011052
1430174
1273439
1389758
1090711
1348034
730309
1981419
828699
977179
1145362
1092512
450922
1243659
1475197
1121177
977995
1828045
978268
1720467
1824000
604801
358704
1533802
1006821
818167
686401
708678
1219390
301991
1052554
1476026
1075945
1747950
1448250
382801
310063
787819
234702
816337
1206587
260092
124620
1169601
1099479
721196
198426
1034363
632341
460182
505004
1606107
1301279
1318272
726693
326455
296558
836159
1443195
645181
682915
954036
1756713
378352
1203669
1792017
700787
697966
759984
931333
1022277
1463589
1434612
1196235
782857
1906885
642531
991463
770997
1561188
1154254
811722
1049820
855464
729569
1165786
674751
979317
449394
614563
1171410
1546709
1390076
1697606
1003483
1520221
1769085
919022
1482238
476311
649452
1331214
915350
379354
1949660
1179202
633711
862009
480980
1240031
1206987
193067
1104824
1737749
1059981
761320
1387112
1786830
534572
1460378
162764
615282
526463
1397707
1965123
1545087
631435
780867
429981
1879073
1669440
470804
1447738
1889386
1249837
404330
363643
1026864
493850
957302
890258
919791
563714
1871822
2168578
798223
778075
2006939
1435535
189011
1096490
862006
1049150
1048660
489325
1743615
2120593
560374
945279
1353419
1530182
885073
1185328
1878418
1114796
679635
1850156
1876209
1612675
819779
1205566
787169
1273065
552387
895324
1123622
1136326
380649
1218085
1360756
840068
2020531
985109
348808
664426
1199587
1166246
519339
676025
1650252
1224930
1157679
531480
1041096
1058018
1619743
878705
1224128
1528798
378155
839559
1464236
329090
774139
1151226
610585
751924
559640
1469583
620337
1004693
1648541
798401
153313
1396484
261974
1625293
1278117
1739501
946236
735778
1431894
1386657
775951
668985
617741
1471449
500570
354589
495582
2391535
77960
446137
1514631
1559990
766983
1302315
1800795
1003083
392267
1137590
989763
657123
509571
1055206
1999939
950487
1342045
1751890
138656
913002
1540551
826883
673714
1338657
982008
1658563
497878
1431645
1240993
1349713
1754404
1515258
425428
1921572
869272
549116
382982
2225962
433294
1081507
1460371
498966
1184719
428471
1489446
1577767
1149465
1430049
849205
1797204
1824998
1410721
405826
712520
1285018
1603030
2095927
1304714
1309703
864239
1198633
481848
891833
1340389
1157920
2045165
1720353
2497159
478170
837918
517080
1862932
410308
589041
558814
1116297
1219076
2184073
1357448
382790
695732
1118973
1348462
553626
1803008
827272
906810
588541
891152
668964
1179391
1508722
615401
932179
894949
1676982
916325
1337827
1927461
1838675
877381
606034
413381
1403111
638537
1469048
634882
287346
1352248
1796256
1038566
1828069
2318160
545419
1023672
1106365
654502
1215260
307057
966144
431223
538719
1230154
305785
1192538
1269097
2219959
1031359
822013
1253756
1245127
1882079
930988
1764521
346982
1483963
1378421
1117629
1395573
1192532
981833
1564152
569415
979636
658092
526866
1159378
898046
959569
485386
1246157
504667
1267133
905908
443470
619182
872775
259705
1644608
1786524
814695
1336296
260881
1146749
1435342
1339808
1377541
1341665
1535239
821784
1204006
429466
186682
417245
2004422
1812657
1229496
1854121
1435497
1020618
328232
1286292
1396783
1541437
1176268
763728
1899394
870145
966538
1002564
943092
1345328
797215
1759086
799664
272372
1436534
454186
1000366
602495
2062237
209063
319901
1244853
783575
384645
1105127
1337817
352786
474706
1176765
528331
877869
691826
1196873
1263170
1613433
634330
817407
651279
384801
1487267
214253
861631
1817393
451117
1133668
1346589
970613
763428
2149518
1478719
1560439
1322308
796731
1706629
1559221
514543
855783
397379
2122580
1401464
1808478
854750
1404621
876172
377125
887531
1184221
1495272
1922693
325318
954912
887704
1492796
1898942
1604333
545677
1428358
439521
797072
476730
935637
1195579
1820251
878192
1359971
318540
1216172
1228941
386637
895079
1202314
1168724
940881
640917
1284256
971270
909933
1751503
691890
995024
873561
1584071
2041066
1562859
2434592
632167
984100
1316967
806162
581109
601231
770438
1204929
981615
688940
464955
779221
285192
681121
2066226
1497795
498340
1087316
2140418
1618949
1406990
1118092
453152
1792581
1009546
762162
930242
397546
1314386
831796
764275
1607198
2073823
782073
864964
1642772
972060
345689
456649
1813593
725869
857599
2114749
1918386
1574565
914983
817649
1098498
361667
997461
441970
903464
1516988
1305071
1376949
1090931
1315928
855314
222751
1925098
291444
859287
392797
1035177
1415246
1233338
689466
1417000
644368
1005573
771353
1096765
776173
1281442
997167
1045945
943029
378265
560562
879978
533181
782089
907786
1072497
1217706
1081542
917267
272751
762930
1175018
1915643
1478493
451063
439781
1037022
1473768
302892
1151317
2577114
1291130
1464371
625813
1597721
393007
1062467
373901
1859012
826779
1172648
1025439
1572290
1101607
1144742
581174
2194819
1810411
921863
1576664
690284
165948
809552
1733940
1486645
1978908
524147
764677
1586467
482539
1232761
944258
684980
1232779
1350285
687949
1145103
1383740
1481446
1258774
831730
845115
1408571
702005
2049980
725937
1003543
1883517
416306
2115831
1882184
555423
1916440
584851
1450172
1057603
1400601
1185530
1005423
1649433
1036672
797572
960820
481180
721788
679624
976384
347555
1802041
912764
2097202
426129
1065433
1668881
773048
405445
1651921
1272438
1453751
1800643
1677665
670748
445972
460729
2077323
366032
2104373
505982
1795439
692941
1487693
1370424
2014141
1475305
1405120
1853812
389808
968823
852662
1380182
682328
1468230
1384732
1578865
1197827
2245930
468433
1586550
1873995
1396493
548747
1445014
850601
1149850
372523
303375
531522
1309990
1398185
595309
1125938
1616759
1463220
1720311
1006469
2096541
839742
1105351
780558
563088
1505458
1468824
437684
1737074
341053
1684882
943503
400603
884421
1924911
1911155
1517354
1602651
714823
643757
1877780
409113
1412567
228161
1605836
1454222
1318461
1489930
872979
300871
862927
946272
804717
759977
740236
864345
1682712
850343
1617479
1089342
564150
1321318
1272435
798400
1418016
1702758
1589014
646233
1079588
2004608
813132
1493108
2154657
786158
703462
2282917
976473
753046
1378471
958924
1468330
1397809
1963178
937845
1372948
783923
1012311
1521673
1204660
1506668
697587
347787
940443
1480273
1799328
592944
722892
1849370
1209963
1089846
1056921
1417864
226325
1111073
1437339
1724369
918334
797579
1605589
927064
723426
447252
378335
1543256
1447016
384617
1938852
1433645
2217381
606993
1217686
1924851
476146
1516373
592419
911343
1838486
1253294
329909
980133
482056
1895047
859078
999312
1828297
1375371
1166632
2269324
1861080
1385256
407733
428102
1166431
1463905
1719915
1018287
469341
1762591
475223
397662
1215392
331820
1041208
2039795
1165004
816611
839743
1543513
511230
663730
682561
1287057
1104421
936528
824876
1177215
1117549
1959853
1186189
1071844
1425697
1822410
1848802
478027
918988
1502337
1900762
1375409
801263
1975490
354326
528887
307374
760388
367924
421010
1851882
659625
1233692
1046577
510724
1610157
666421
1601651
1260268
1463686
893925
1496834
1855673
1131981
1186002
1326633
1400003
285364
867746
573212
1351796
555254
839865
1276597
1236499
1082184
685958
1599113
743380
871077
925543
1203115
498991
1968059
1609527
209840
1684165
634414
1801905
1932242
1931950
1504185
1364915
2108428
793582
1581067
480753
934020
1327053
963768
1683668
779191
1121157
1794766
718662
214624
512232
1595324
1165972
1062180
236518
2157769
2048440
394237
871349
565868
592121
659697
784538
620733
2391807
1869907
1943332
413403
1846104
627142
1318395
575463
722793
1610284
706876
967689
1100723
1327030
1170805
2040375
1167640
1638915
1356240
1630768
677029
1215923
1959005
956823
1112718
2101979
716306
1006553
192874
1402229
1857472
1317300
902741
960327
805384
928989
1095085
1809607
1136685
1690269
2024804
790208
793712
816287
634973
636522
788492
1666556
436846
425471
445331
1728441
376602
1550212
186203
990476
574133
1449321
1571066
421684
914015
494450
912209
1395250
1420850
1891020
575132
894440
564255
1467017
1307135
1736140
1031519
1286333
922201
447873
540116
1847496
881794
691498
342999
1040997
2126916
434560
1506651
1178105
1711407
851598
287573
1208369
1426477
1727085
1256928
1516952
1456999
682939
1315181
367080
2107940
941222
850151
1483641
829630
518823
1489323
672243
728124
884494
892437
1481588
648307
1550794
728453
1919109
713006
1090457
1455413
1038462
2011472
1692193
1167413
2401108
226615
802376
1615107
1515010
60498
658457
828666
913477
945426
1106895
912814
971461
185268
811699
1430980
844563
1184174
725926
253248
887802
664247
970853
978457
1571008
1739113
672222
1511111
1389617
1420519
1139549
324404
662420
30141
968691
57203
580644
503383
2312978
1359112
580147
1873351
1365533
884716
1023868
1696955
975615
234038
1060186
661189
244082
773793
1137743
1459905
1583937
793279
889908
913215
559304
606724
1266915
2289829
768077
531720
767204
872241
254304
1069989
1302929
586443
534432
1570351
937901
138903
1418585
380572
1039331
1057851
745357
767701
1322422
1520601
413609
1849788
1221920
843794
394179
1030547
661737
845789
1184515
224606
1341382
937076
1005799
1297237
1426632
1346570
1916055
766292
851862
774575
974222
1802924
1720564
1002784
1284917
1696346
1336985
1606611
780153
563506
201499
359623
941907
628700
1700395
711432
627311
916637
1652876
503948
1126866
565663
1647391
1063118
1195349
295245
2285452
1166498
1927433
1732850
928924
1710760
1562439
372007
346398
980619
1598003
1906804
1023015
822899
2347996
910115
616081
478929
433984
1761777
1014219
1533303
1373966
1737438
1260084
418199
558575
1965403
713490
940581
185776
886157
965186
1248257
2414162
477914
1188991
485371
1425068
847801
1141225
1708382
2283721
1505812
1502685
1333794
1932935
629418
902819
679002
249652
1547263
585200
710227
638977
369029
1747115
1816320
1308291
1141159
1898345
848583
985403
311463
1003807
2281842
1587886
1487061
466065
488248
630518
902682
155454
904859
550720
1393319
718491
1282952
1634022
1833204
877566
1086245
914257
347834
2116838
1555821
851734
829905
955284
1583300
904449
741644
1595763
1092655
1163132
587819
223758
395620
1198273
1340766
712851
1622806
1618742
1184788
442169
823197
1316866
794134
510784
1256781
1115461
1603440
790218
903801
1058739
1453246
1532802
1024549
732173
1019847
886013
1969967
1014267
858907
826057
1331258
1249285
951720
699390
937151
1822952
883712
1318924
419409
851628
750814
421880
1134736
681243
269260
1606977
2004151
331003
1367192
1478076
995152
890736
1834604
1307375
895588
884046
929411
1352736
934167
712706
1454080
1741485
1892918
761920
500329
660264
562407
442832
1476394
1731934
550110
835214
2516020
1832924
868887
690706
1658322
254438
976679
701124
1112171
1275632
1248515
966338
678066
1268659
1203583
610657
407399
754732
1163535
1011561
488277
1447107
1468755
710906
1762277
1001119
1879961
882858
1305340
1130451
1553062
1357838
448131
1710133
1783462
803073
1200700
1941951
1622802
1098331
1924645
1068888
1597177
1104816
582941
1987230
1070023
1496255
935200
470936
697935
875225
1045912
589619
2037648
884040
606038
1462118
1221647
1173342
1070634
314225
1376015
895759
1491618
1048224
1417479
277540
1166039
1103586
1297703
1259559
478564
1914092
1006702
886303
544208
1425575
806933
665777
615373
1384066
1360711
1753154
1099601
683150
552590
1124252
1034765
1184816
1198699
1935269
1538928
1203877
1433421
1349178
670275
1532354
1002004
553771
1394522
1453592
196529
1420028
419247
1200808
1717754
268815
1468329
444191
963750
1411715
1065985
2331868
751821
163713
1713555
459893
1550932
1496110
1264825
1867990
948149
1034761
1598981
401045
1564203
1108264
761211
493413
1309206
780165
701767
589068
714332
1526119
2205066
850191
458323
827700
797947
793491
1543033
1750577
1198556
591967
1389321
1169425
625774
1498007
1579461
362269
473324
882400
1159041
1417023
594566
1000039
557027
929522
1137387
1632838
804822
654218
930683
653950
1740964
1306663
1610731
1089981
661449
292697
1331503
775254
1257592
1410642
527943
336266
1755971
1809456
736955
1636972
328062
1919937
295217
1010103
682671
1369800
1617284
997589
860179
1468191
1086591
358093
1437442
1152382
1253264
1763879
658223
939489
1197496
1264905
1219770
1472242
1743699
1117474
1226457
1709269
1381511
496330
1829486
816506
656031
923620
1433150
251866
1563155
357525
1544341
886038
1617518
677937
643827
1145209
596757
1327650
323360
925881
1559127
338432
690161
1181334
705871
512057
2038669
2215246
1045078
1093373
1188041
678249
860506
1173920
1272527
1533963
807134
1127160
395784
818804
1463273
1249883
2177975
750593
569973
917207
883618
698971
934611
623119
1028803
1541745
2179575
1179947
1457357
566655
1470996
881868
221982
868947
610205
1259933
1414192
956921
247460
672624
729900
1521900
1204575
1147993
1422713
845519
306843
1299440
1186755
819698
1141866
1674365
2435025
1351993
775585
1015300
980810
113722
756472
1745459
427543
1992895
1744586
745980
423592
833376
1301901
515423
826623
1412807
235669
1223199
1483091
581653
372658
1089150
1235082
1190259
767062
1210244
610031
756004
828326
513667
1163601
1765932
1350975
1425633
1087733
1416111
1798378
316655
279950
502814
1550312
1422777
1556936
900763
286397
360608
1009901
942853
507214
916170
2007511
556823
527860
946712
991345
854108
1660397
1490371
2221936
1417029
2287057
946208
694570
1123261
776978
783090
543410
571408
2089991
230512
1264544
521871
1617989
429260
351723
57783
864942
942407
456463
986198
1241528
1083829
557174
1112743
1185782
1913342
1141239
1020456
2199297
415406
382176
1171158
1452769
284057
429791
1129699
265511
563843
1208381
925971
1299005
418881
221298
671210
252145
2081911
1544612
694395
1079746
1556854
1311712
792491
765731
1740859
1297977
1601837
384815
1139427
1666633
1082966
779322
2032464
680785
1514795
333549
1080473
967807
1519437
486627
2320482
2340393
847909
817542
579695
370394
1889399
2185603
1643567
1133599
979836
1338200
1554947
863763
1397292
1233181
1189749
803864
1389052
1589850
342538
1158675
1289254
791129
1550394
1784738
897210
289502
421523
885947
713764
1094179
346696
885279
602962
1988344
1231240
1821809
2168032
1733962
1017304
454516
1145042
799682
1405034
1158749
795689
1242283
1739731
880980
761828
446735
589739
1256324
676520
1324783
877875
739082
786787
158178
985395
1222273
555679
1656200
303881
744568
465628
990385
817566
259683
551364
641420
1029304
2280777
266102
1406491
307889
998214
1113356
1674787
1089654
1221298
442321
1359984
1440147
522420
931226
1002211
793769
1162531
727358
1013725
316227
1246400
845630
627874
1623808
953088
383390
1267854
458947
910421
1193510
1617456
2017107
857956
1514061
590732
322091
377852
757755
889765
1027809
771212
482228
1424360
1450678
924555
629522
1052421
1687761
901819
1417429
1384379
1667353
872414
1319902
839253
192312
1126020
896578
1734931
815094
589305
368303
1560226
1457586
529758
297083
1515678
103355
1086618
1479069
1944427
1595123
1609314
973604
1840942
1680641
1226446
486039
727509
2250541
1871721
1173160
632816
2175172
676232
815826
1300048
1066524
1111358
796353
1044061
713097
235114
1351352
352667
1046951
1083836
415400
1260220
965624
1139216
943820
1467971
570416
930746
827518
1605663
1238230
532040
601736
516253
521046
1626339
1599975
622824
976981
207599
722183
1090228
705557
1308710
1695781
344825
1122144
917778
619128
1223337
1573339
1202172
1096552
1342526
269061
1644256
753944
1301751
905909
650196
1589364
1741208
335222
1374208
527623
637517
1186733
909330
1217332
909969
922097
372671
1054191
2070140
1100281
1181171
1001732
1319998
1005390
1792353
1120141
828598
957315
390840
1040287
740371
1685807
619617
743061
1643857
452579
955466
730553
868355
313829
1608948
696861
330291
1207645
807625
1033019
1477197
1038822
420928
1902737
1564649
1251877
2350912
1174725
316170
1881163
1027842
996036
1586239
444021
1061343
1534251
667133
804843
1366641
1131664
546975
1618103
1135348
2211907
1158981
864467
430749
1906009
2061064
1773996
826985
350302
2343534
583902
427711
1838866
734545
386082
1083915
706622
208558
184516
900323
928999
1241012
1505133
1066966
321313
606770
426977
485234
1041515
1584960
1267973
556278
367719
640198
1991175
1152876
1593309
1921225
871753
918621
879759
1576632
634348
686791
2070358
1586781
382592
1527715
928924
1929025
1924446
1747812
998833
978677
294830
443583
1176825
2102812
538068
1093510
619135
1580791
916817
1493309
733034
1915971
1048495
822989
1383966
1310309
816413
1256339
1416003
1011081
1589842
925687
2187978
851840
1481411
1068342
1582227
1968866
791488
851580
671904
1347906
923707
978780
766691
578978
1996749
741982
1132798
1315386
357246
1936122
948218
343186
610044
1863069
539040
1676492
2425857
818469
1085592
731362
1728020
1161228
1685740
631769
2019497
1381039
1565336
899275
1840286
177796
953419
1487905
361963
1368218
986079
716253
1374522
515479
200073
994139
1218049
884751
761669
928031
2027274
707200
1627853
309526
1727641
492049
1212070
1824023
1335671
718232
347816
1464310
1508068
807288
333390
1334179
561865
1860764
381054
1668327
804321
920444
1497494
785071
1150461
404433
1379683
1362522
892548
1695499
1042274
1428505
1869094
512406
1315368
511669
869069
906192
1141021
1200923
877172
971520
1149220
1638438
1596017
779973
1199467
656818
1396135
1320227
716785
1478879
1259199
996652
952925
2052320
624704
943282
1505838
1794097
1515483
2193661
1718631
1054624
652977
1680105
908604
1128824
1541272
1694609
1623476
2189736
494289
1001586
636302
1027802
347567
537809
803558
769963
1317688
891798
886760
216812
954256
1317000
811474
431056
1125027
711408
439269
932965
622221
468056
1436845
1643747
705046
1708618
1329821
2020937
1852591
943564
834836
522508
1093821
1419856
2149317
754885
1045624
1804567
1953303
932402
634159
1088469
652784
1486632
960165
1468842
1113116
1791491
787062
633696
754383
1596222
545844
777471
910694
793095
1865714
1825036
534728
1338631
708584
1744148
1193343
663672
1809095
827594
1304075
1039656
1681675
810272
499346
362172
1302849
1129647
440147
662096
238586
644149
782709
253187
786715
1003043
302840
1659646
1032724
837705
1020103
971556
1568307
1554289
1009699
1706537
1232647
2255200
553940
788690
662350
974294
1595387
803395
2295000
1411672
1311771
1189042
904559
1136727
1428906
405963
842815
944097
770946
979345
1354835
1031456
352875
1800196
2009896
1441480
336512
1016181
886352
305491
1695633
1035022
1719148
1323428
536038
447136
1467957
1265495
910038
578520
2114895
1870709
978955
1180064
1433044
755863
332792
870552
1688541
1690648
1457348
1925453
296797
1013444
1898592
1710672
1430977
520603
670293
1236017
1816758
610105
1619886
1948071
1360062
1155073
858780
813330
448213
1527658
1571463
1738118
331653
1752221
376801
1061599
1113755
1167026
986533
170041
919318
1196250
1106616
997916
577241
776512
894348
1187720
829888
542970
1077493
833242
1786814
1575491
1365813
1603986
972438
361270
1587443
1709951
806672
958840
713290
1887092
1736728
2525385
1006839
496672
947038
353468
490665
2468122
658826
854348
2260125
1561579
1378264
671085
1114605
371583
449897
1253904
390844
1446824
1261932
1695386
53077
1310716
1634212
2409045
1459315
743287
1641457
524863
1341235
1873536
917283
1881927
836108
225974
517404
694214
1007487
1566131
1380751
1616278
1145513
1231653
415046
707460
1545863
1619565
273690
1130458
392897
831414
397239
845786
389144
712427
2138118
454306
1752023
509330
1275243
891285
1066658
340975
716440
1120604
943110
238393
582956
1238045
1270691
1343974
360444
778749
1709091
1074476
1755732
285559
1242556
812249
393445
550628
350846
1920847
900473
1141047
964509
906023
767415
194326
1551286
467625
519315
1975309
1815933
1281848
565427
404037
1648579
906299
819687
878410
1126882
1433209
1206207
1096208
1510728
1470355
1429613
833136
1095892
527748
338151
1827881
696876
375602
1200185
380857
242679
848287
1947398
1223269
362947
707457
1754694
2227850
891045
2408813
1385712
1981526
751886
745515
377380
989982
872663
1042910
1022787
1089477
1818173
946238
1059651
608581
1699612
776384
1873823
1363100
690965
1930574
1342839
220794
990384
417894
636541
1030184
2008357
1105137
1380804
293875
1246951
1473320
1288925
414054
2282096
1258151
609054
1012516
1503880
1256084
1112582
189579
1949725
1092143
733241
1937466
472496
592698
402590
628197
966326
1711593
264706
1522610
1179279
716641
552580
567915
614186
1682116
854094
364648
1145615
1462847
587557
1327427
626509
471004
1391194
717617
756823
987411
473618
622814
1068685
911988
546470
1371113
1203672
865941
476127
287134
1214428
451023
1549881
818842
610940
1351213
1032238
1640889
1100396
1204779
468938
1131452
1675783
1104494
379370
448671
490264
1942095
1948668
385465
1936124
571978
1131340
632389
1399809
294317
1140256
1187830
369499
440077
996313
987224
1634339
1216322
556808
1139336
792633
1593300
1049951
824360
1288948
1683487
1039037
1931579
1245915
623675
1421330
579763
1834294
1245344
794438
1688120
1582070
400408
1758122
1531203
1924245
1719327
1348199
908246
286237
2397260
941386
742032
771819
603001
1127830
926406
706845
2100160
1635545
1666557
1374320
723152
1085372
717404
487636
1853193
932173
1233302
410884
1047060
1762526
1744554
1372205
1181208
1138757
547740
986584
1094318
1283353
709138
607161
585388
1422862
554275
2377846
1535043
719170
462535
1693927
487273
1156503
304367
1119627
1184123
939619
1495580
1116805
1552081
644602
1533869
1441909
1150778
1568213
1426285
1488645
1440391
1114060
1249825
641795
1962823
1519396
48956
1512917
1994327
670841
1908620
1055058
505147
1093446
956168
900334
655646
1209805
645020
640629
343236
370196
497032
893661
929148
956086
1185652
613187
1261401
1144330
1519577
927475
705809
643284
1686690
1725777
1752042
624801
858687
1147084
1070642
1356555
379662
975488
1136386
994516
1162866
718075
1132633
1508246
2102244
634492
117054
647942
951248
244236
463706
1661906
427616
799683
1082635
1261229
1237178
1467208
1253185
1072953
1501136
1535163
1639793
829605
560697
623396
1889496
1028486
984187
1375184
1102375
1264605
800718
1048608
2112464
721629
1344655
777932
1850205
1749533
676522
1135063
1482081
256872
1027337
919921
1629715
769630
612783
692844
792625
1227401
838678
735041
992646
1028678
1482126
1814228
1235719
291326
1222856
1448498
777346
1090676
551400
1178731
2360620
1557415
506523
726541
93993
945785
396632
949722
682312
702715
508747
207204
1452398
1436964
1051450
670803
1429822
924802
1226857
673972
1318575
738437
1327805
1004855
233079
1086645
1600743
750388
664137
881599
1105040
173025
1364200
1283897
1503059
1820166
1591269
875521
1377566
1498923
1294110
809269
880644
1164132
1414919
1368076
356186
542696
533340
925978
904820
836709
779294
1652637
1075279
743881
377178
1084037
859791
617322
918161
1622626
260788
908258
212930
1103651
1106350
969743
708981
649618
242078
270219
324266
812395
1226957
1508734
930134
1431161
1130165
1675021
1980702
688237
1669949
444333
630837
1844510
415442
536737
777632
1123374
848649
197163
761559
1284593
588216
388364
626279
1162377
1646745
1283497
766886
1298523
803129
1287488
1047960
1808538
1415415
1318690
323970
2025280
1404454
1060058
1272130
1588612
359441
773764
1589116
1089807
1680442
855033
610797
534845
1198952
1337413
941797
1789468
193651
2362130
1463214
529428
646954
1367167
1265452
858922
683510
1149886
665640
654836
680254
1036214
1504645
1659248
1158268
2156500
907985
239978
1275059
500062
810421
708022
714840
643893
1901542
879644
1343451
720930
918789
608179
481395
1987541
1107140
953343
1161735
1165671
2208368
1315863
1390597
1648355
905467
526776
427868
1565917
817641
2029021
293147
494454
1186906
1226011
1438134
259673
554681
336805
1912626
258282
1271238
334203
906813
446315
1235311
611524
1115717
2306690
1954600
354243
1244303
1391390
1000854
532295
1154593
920284
933146
644212
1731812
616474
1049675
583666
1110843
846349
848885
120188
762347
1318432
1450130
1656874
668713
1566365
546791
406571
806038
1012456
499958
1432720
465534
1156156
471762
1067009
1049583
1578657
1058285
1442665
1002932
836928
786267
1816889
1174623
1576685
1021370
931021
470908
1842126
572704
1122606
1108221
1586318
1228983
794972
1232518
356221
177536
1238646
1792061
1255648
1312488
351927
424908
1550840
727222
859531
1476030
796543
1004688
1443970
173173
1591091
540664
929626
738279
1872533
890339
1523581
792565
1092451
1237772
1763226
1558078
1179934
778986
1035305
1423926
2337334
313313
1507342
1185866
284179
1263686
1300082
1931241
874749
1315488
1567864
1513733
888899
391379
653852
685947
569406
1236881
1900315
1350419
735018
1543496
471399
1670146
1728721
277990
1268083
1510531
966655
1264464
1862244
1614612
657095
1551199
705321
814659
2051225
2053473
627751
1148679
885968
957292
737371
679720
2124955
1222517
1186057
725992
813276
567120
1180532
617430
573585
468012
334786
2474270
1645182
704323
410241
577081
677270
657164
567478
904809
510807
1435785
1293761
773567
84063
1568653
1680609
1007885
789648
1913482
1832133
1120776
1248181
1278169
1052162
761536
897422
448565
891758
1066102
1398651
736776
1393903
371478
468990
1700737
181628
1158473
1387927
1192071
922910
1685840
1120434
394875
1533520
753561
806495
1308714
1149141
1347830
1755121
742634
1146227
1072949
504462
1914147
487963
1334416
677242
327754
339299
1885907
367366
950832
123025
1816301
582557
821990
1115372
1787549
901295
990334
645412
556572
532758
454749
1522162
1278006
973521
640103
1903568
1065786
387547
867570
545017
464611
1169514
303057
1366733
1411330
654445
276515
2076796
1915422
1011116
2158531
1175139
524449
1518050
653003
2135006
1278668
1009119
1157047
232384
1737991
1388426
504248
1822255
1938223
236739
883019
1150138
349159
1231240
1143687
1550375
1049043
1448674
674184
2531115
798436
390595
917431
131271
846504
1434702
893625
1077896
676043
510746
584592
411516
978554
1136177
2219159
1818087
1405083
919458
704143
2028716
2164281
666224
408421
1980645
1752022
1036275
1541991
364769
1749361
955747
923761
646754
2146660
1648841
1077245
1673987
577249
881855
928296
1254615
1394740
1251697
584921
1631399
1462752
355733
1182404
1449727
606152
651637
1985259
853617
1327962
1123025
1164365
847493
1141193
781534
1545677
820900
1495549
778592
1786415
1269670
1645319
936447
781837
864841
1468974
941993
734402
957879
1753397
671220
342574
446015
1704484
1250060
1125042
2160798
1266562
1875755
880312
1184867
1191481
1781672
1896395
445901
896571
933951
1040677
1091564
1726556
1482307
1866249
1277402
1105714
1573926
422829
1302821
1099727
763285
1650420
1149032
1232220
907425
785703
941172
1816815
1212959
1039755
1104050
968063
1719336
1217114
769626
703063
836569
626400
502784
682844
921411
430978
1741095
584947
1197200
682673
1244998
1217479
788729
389154
507107
320533
1255444
1138046
915738
561557
623049
1648491
425003
852094
1158033
1427732
853356
1515271
778859
322047
1184289
490040
477098
982649
1474616
597563
1987831
1192972
825150
1305283
476514
857153
757165
1314441
1586719
972977
576771
2008857
1270605
1574408
2007000
1659614
1341749
1085813
939772
615585
281392
2344807
1186144
741744
1375110
889386
1343795
1048685
1286292
967291
642679
608891
1196348
1985418
383328
1780264
1243272
356233
987171
648534
1638366
1644192
1674775
174639
1330500
1414573
1510336
413480
778850
932480
357667
1387078
1505259
242684
1424309
1827979
1670412
1927809
1439112
1700523
1402262
1275268
646905
1771522
2082378
1480659
513487
1245436
582731
979739
666388
855125
1403034
1368449
2203314
1439495
690918
410560
764542
494021
238961
770390
1138954
1472178
1664023
1843627
1738000
740086
1093810
528189
1589544
1668418
379585
594799
1490131
862062
826256
216857
1671565
929321
1746254
1248060
636882
308883
611256
1159768
1238522
407266
1978955
160705
638793
1566333
804158
1804179
552141
1890004
1111887
1250059
600211
693962
1269709
628459
1073677
1575824
1123821
1892736
2005357
866450
203671
1097045
1571041
281342
1235773
1238552
904451
556910
2067490
966435
1198255
504441
1655639
749227
1919249
385217
1075297
409888
693558
96700
490072
1683914
712818
473441
727920
1256427
179656
2229391
1091316
889134
1535931
1029182
1323326
812197
337074
838497
859933
1134708
1099949
1600457
1772233
274173
989080
1068968
1009430
1725084
491818
1071244
1187128
1383887
2080234
754503
1722686
1192351
926176
254576
362059
986232
1795473
1120035
492875
1539411
1513528
1331697
1140793
1900226
1223451
1115209
1416195
646681
2328972
799353
593697
1710294
1195879
1867328
513065
766276
1085391
434901
393849
1548281
2050008
1010929
382965
1716838
2198473
1777086
677366
612390
1143229
1112730
461744
1705605
1810431
307237
1827564
1599689
1064505
1276303
799245
1088645
449221
888171
1578238
1525601
1477994
864035
357503
1014121
257889
1563422
1035685
1553134
855114
492867
761292
1618157
299308
1409885
945265
1572459
841610
1272223
1600433
1532082
171414
1875674
678364
353305
1747685
1866172
1543908
1877919
1439295
917428
1126215
696356
261618
1233841
560370
1489768
2385755
1728951
175319
1558547
663075
700891
1935761
904729
400749
1333349
1756972
1404776
1698744
1698302
1535879
1225891
682781
1023372
562212
721340
1022032
818710
758050
881935
1447916
1701827
1046462
812887
588406
917599
1375565
729675
628280
1303037
957325
771179
1035951
1553995
1887134
221200
1217265
411802
880671
1720346
1339926
629061
1625043
286453
1153910
1189455
294923
1899458
1250862
825039
1377809
655513
1337079
1553425
1106659
1956144
2011594
1575531
620203
1767021
1291515
374184
1539980
539025
940504
1524047
863926
1330667
202103
1638089
1164834
923327
2379985
919586
955782
809026
791175
1097146
1389082
470496
1135362
985251
259074
894432
1226629
759109
889091
685987
921163
821687
629794
1037837
397393
1854294
1763350
488682
1398535
1931295
1398699
551406
1323875
487908
1177311
1539762
1194297
1663190
701563
793177
2478992
811933
1571836
383677
1496506
878194
1843833
211940
1791480
840076
1198813
904234
868290
1218085
1345611
994968
1071044
1060647
811232
1089466
557881
667808
713985
2017931
847901
792845
1000840
705484
334248
516454
1565038
1250054
631450
688991
613527
1093944
686391
1004532
330706
497382
201976
636472
1785821
851843
871789
1461582
674686
184067
568796
628248
768813
590215
914727
1544994
679892
1085244
1583130
609854
586898
1475768
1398908
1440091
1136319
546068
1665433
1020761
610156
941308
1111357
1552128
661230
2043593
770859
1841972
1105496
989119
65682
770089
441839
401527
470876
1772404
674355
891201
1595879
565163
128390
1190757
1387905
682419
1239478
931442
1739218
527837
1602964
1080186
1298871
610297
1305173
173583
1048186
1512079
1507822
409076
1778407
1291360
614185
1920192
396390
1025713
942640
904832
2168090
1526073
916895
498881
1843641
826941
417983
2030523
2245344
661052
1173580
1339665
789801
891960
1842486
1985842
1311937
939498
1787952
453642
385181
1488457
878145
180276
881525
838407
1487008
672276
801141
1684979
924361
2148026
777988
695057
720489
402464
842975
1386607
520812
1042647
964605
1448578
651719
1542971
116607
502113
1709320
307181
1334995
285949
1594025
586731
323410
516444
544935
431391
1525543
776477
1558156
1385462
946635
880073
1627368
821247
1808036
539888
318559
1314330
643805
1871490
1025687
883202
1021676
1250936
1203300
1182386
1832771
1689033
2003384
1025114
1011191
1275492
648091
1142927
774146
495792
2055731
460451
267728
251721
994707
1211006
632072
505743
867257
1977091
479355
388899
1292166
2173036
1317740
976761
317320
585191
1667520
351414
1468951
713471
485857
333229
448021
1133442
1572316
1061211
956956
538378
651394
667484
1588621
1095554
1952908
630153
840231
873490
1388468
1392655
1496240
965244
476501
1828922
1728946
1187524
699984
1240695
870268
466281
1103646
184302
267021
1537546
1134017
2210105
1259027
1235454
981481
740504
1193000
546282
1887603
440629
957893
710030
1041611
809434
525024
1369357
2200059
286719
1081202
933626
1024647
890748
1752532
958318
295342
2138511
1275968
1782666
1408349
1350954
1702355
1430389
798066
763322
844251
622053
1779666
1858676
546938
2374348
1533085
631283
1263594
945931
579088
424285
1079765
1053446
726382
478483
2305681
946538
979297
737490
968505
2238779
1099511
553246
876275
1162672
637215
1143137
1142693
1282914
1641050
1677038
1034564
889845
1245965
1658615
1309266
851133
624687
1675642
1855029
1353241
1580467
1640034
822504
747454
700229
443719
622513
1254495
2389101
1849059
410193
1133525
292592
1454328
1038248
844434
1095577
2108749
1262327
1520366
1549116
1580633
1443059
2019061
1158357
1280485
1225505
1214296
808775
613355
1183198
1732021
1160749
582522
1089598
747426
1811886
957607
1961926
1717502
1080598
1068770
1647587
739542
899704
972612
1266817
784844
636984
1057885
702993
710589
1180972
648716
291655
733313
783270
1304448
277687
1759149
1973413
1068771
1186550
1105845
443230
1474908
77363
1123737
934297
902829
1054119
897939
802391
777558
1249806
17919
785665
728357
545807
2300435
1625491
1295748
1384217
286764
987947
1589561
1240612
979535
983094
458825
960828
480863
1721375
343482
900164
841535
1538595
1403890
302643
178208
2126530
925803
1747537
1103931
533493
1275968
888721
871432
745427
641261
1631327
671285
1357742
2049555
529014
349367
1417688
450960
1203936
887671
886564
361184
2015282
537192
234111
1326104
2125249
532601
1244422
985558
1159948
408452
912703
364799
1081484
2051287
902885
995719
1384767
991741
1380811
341812
1608418
853807
901646
716250
1900198
702187
1122479
1489699
2205994
1581473
1767645
953678
1316671
420142
1171979
2405775
1017321
101450
1237758
595977
401300
495748
1262609
1382566
462627
1418076
260337
1030598
565525
655264
2041059
1586907
394617
352402
1490320
841328
1235027
1782675
1905619
296141
1589253
713080
1264479
1679330
553799
569940
1233049
285388
847832
841816
804486
709254
1019312
1170613
1676255
1334259
945688
595502
1119513
827336
1386722
1950527
901385
1576469
2312498
1424853
934504
1350522
1293913
584520
1048496
886531
1710463
1304312
1454601
385485
1635882
867895
1492231
672329
414553
1081029
519527
510116
1625904
782398
1140876
1160490
1295216
1044121
1654669
644717
268272
138765
316422
833766
1696756
1388019
1082204
1815148
425566
821224
839228
1403477
954122
331378
1347880
756389
756283
1169658
1126148
1767458
1202384
1580851
1434419
1090086
694383
1103830
1616125
1436766
1045938
1052555
603576
735218
557047
330694
496303
1800680
1844779
2015306
1039991
796185
1139740
404681
549068
1271239
1335987
1790507
395844
1669566
936964
845927
890706
1691190
535148
1530027
382980
792813
1042199
1946150
350710
1550590
1141708
1173680
1389321
1373874
2243542
359456
1336869
616456
649537
676800
864099
1200328
2075514
951585
1579321
390873
757764
1833248
287681
1591273
622922
1443089
728699
1907415
577639
1744963
488109
1368544
1353637
1467596
1393456
1459050
1515554
469158
497245
1498341
1063889
1142728
866822
1115626
2135917
257713
1131768
557044
517464
886712
1250815
1437309
1209158
1328898
832659
382360
648581
1799581
673832
1397424
1145665
409325
1927421
1167917
475725
843830
1176467
1264899
458117
1501991
712101
501595
599505
920361
1313321
1197411
521141
976198
816615
1901348
1301975
894854
625626
1962437
1633261
729764
1767133
721500
832289
645425
548724
906727
494528
850759
2024557
1240091
373834
973124
1736598
1706091
461007
1505539
1801583
568125
419539
1141664
319618
780319
322255
1365937
1054243
426016
1580156
835158
325047
543020
496897
830688
1183219
264254
135853
2279322
1421597
1123664
1296330
906895
1050618
952931
591500
746039
152611
385044
621983
1935099
719448
837044
1312169
1754388
564737
554334
1031139
1936899
1432693
316303
277993
2076294
1174403
1225476
1116481
992252
387681
768820
821897
855755
282321
526484
1753638
840370
1232712
497413
827572
952073
1060864
1113100
1489148
1759172
1702887
1567619
2024357
351375
862216
1726447
1752061
101736
552879
294064
1747339
420483
2151400
1185375
424715
604386
907694
1059397
2108486
696485
1223298
1426446
810826
1284399
554468
1116234
1078345
195154
1289298
1839618
1795181
1313670
434008
800237
1168954
1336593
129048
630959
1762492
1532469
1158229
221774
1299149
1033021
827594
1424337
1905571
425346
1331862
1632432
1275307
437155
1607810
810308
759818
2083031
914543
1310942
824946
646880
803371
703356
1778272
1990837
651891
927111
1713254
586522
377126
880957
1254065
272612
1269235
537300
1667054
1810516
877812
772319
167526
1932512
372741
2099411
1186607
669970
565525
1173800
1451180
990015
1240481
1220802
921708
1673776
1343037
1351963
385365
840196
1710353
1665471
1441303
936729
144469
883643
961358
670520
1834203
1352838
555947
1024873
410558
1188354
860540
1229874
1400557
252420
941443
1731615
248558
750021
956732
782500
928284
1435646
1330017
658800
952706
1181874
748913
2210272
1340497
468125
920541
1451963
788479
574413
1061756
894837
220536
1987244
828436
1062333
1717330
1240802
1868566
390971
934118
1393028
1275009
1256306
383021
299215
460649
715488
673566
1014660
1467195
770780
296030
1231460
954175
1721719
1150591
1610518
900143
1002768
1412214
329473
1290914
1291714
1087652
850104
319048
1445326
1100033
838315
1483629
1047525
676755
1742876
957707
733090
1774611
756952
1063278
2225545
1254321
2067807
1581767
1200274
1422212
815855
1025288
194064
153067
578866
713243
823993
278542
611729
952926
254062
661012
720149
1230119
944024
1479243
836113
1556129
1854884
2113449
1125411
716503
1257557
1136090
1072022
2289400
1950073
469416
2373648
716928
2202331
970789
569484
1042510
1705683
1071650
712187
1249712
1132802
845800
1500996
744070
890261
700018
1295494
509205
1168276
216698
981260
1476786
1763542
553378
1313641
1482624
588120
2348115
1505502
1652616
853599
354761
743987
622418
1059845
357634
583116
1592719
786746
901158
883427
792355
1189959
1288440
614949
951927
1074396
1165341
512835
1945409
2020272
858439
1755587
636545
1705992
1676967
1812197
880343
240260
1159978
1920527
577819
1332132
1515034
2263568
718686
1729942
2254505
1330675
567187
1273302
1148488
1867984
1113397
347283
1313553
764232
636634
876063
1066543
1705595
1638335
466451
1383557
1014363
1017185
494847
1222056
895420
1507261
2309527
1116350
1309103
1922519
636802
757299
1018429
779693
1612627
576668
2131992
819357
1561285
993756
664761
1171986
1052927
1741658
1084235
283182
546822
1945645
571652
623756
568418
1343617
814026
579791
1256521
1239184
362296
1212348
956106
565882
904019
1379151
615392
1056611
1273750
1073684
1445768
1525875
1973036
300789
743319
936762
1314909
1682095
1802845
1702276
819101
472808
491214
750583
1493555
776748
727011
492314
1426768
1967335
1097343
387423
1924033
1602397
1455572
675259
1521454
478929
1105117
1021093
1117239
234781
1506409
1060904
946142
431877
849596
1194400
1482712
969413
435069
550789
2022471
612782
1102862
864382
1908798
1417855
976048
1557404
1171840
950141
1632402
959630
781579
1253471
1733525
1604188
1744130
444342
966347
869674
2181176
1078870
1797050
1113631
1380255
768199
1191248
853582
1623215
1764399
1630016
1009391
1911157
355286
657070
208213
928054
1433694
953996
822081
984237
736701
1022443
1472462
2155412
624838
315611
631731
850293
1804298
215013
720298
1431439
1591495
652303
1426784
714309
221597
814358
1086510
895597
368665
273972
1455527
859650
1236191
519984
1501450
1139355
883285
1224539
1087534
777880
777813
1190293
2403606
374775
980600
1767553
1648458
1361394
789821
2166687
502393
1700271
1576343
1585123
352169
1309088
1229850
297523
604826
2015071
882532
1389561
965344
2039376
386598
1977685
2042690
516088
2526331
307241
1131122
787618
1199711
587879
1345474
893525
1067633
1223429
1954503
1677734
452390
490504
788080
186877
628692
1227155
1932700
974311
538218
1105837
1433755
1824978
793036
919510
1419797
927685
460874
1380326
1798291
608913
1641844
884665
771047
508898
1054655
1008854
721707
172376
1189995
989325
958894
993774
882193
857592
246949
1571661
1178770
1727967
1364002
2202461
1571705
1949997
802900
1798819
911786
716111
1095127
848727
614330
349525
590875
1105325
1590707
740603
996230
1812005
1580495
2178163
1581921
487522
1424245
1563067
767482
376768
1424459
539839
612691
647225
586672
471628
866360
1759253
444406
892408
1292996
829965
720329
1629225
1979099
1459874
564613
922785
481354
1772869
950666
512691
846847
584811
716011
818610
2152320
1292071
1201310
692823
863266
389593
853033
1562512
2140277
1913554
817459
1136741
804858
756004
326809
252913
365763
1354602
1007463
1287799
536245
476899
1198458
1355893
1159672
1244428
1015957
1801557
587123
553920
699955
1020850
532415
2167427
2068366
1539400
686656
990983
1309581
811114
437385
1576588
991632
1421915
1496550
966634
905527
1106375
1255731
1900488
849460
1908485
447750
1532206
500114
943581
1988114
874508
728433
852766
581245
1332345
681433
1165327
772669
1889953
645871
1395326
678293
1156244
815581
1343919
1698755
1068750
1125447
1995979
313932
1738542
393196
1223412
779421
1819414
731910
1811136
1141377
1443426
1857600
1057879
1374981
1188171
680621
880866
1358159
1033170
854826
867317
455486
1323288
1367229
829745
164201
1120510
1527696
812163
1924472
593283
1037549
677492
1242491
837000
866301
764082
1947159
1818149
1092971
1599028
2174292
1925414
170626
388775
1562041
1645403
410217
697783
1971283
357962
811691
672981
1373652
735499
1171092
844347
1581836
945534
761764
542836
1098668
1000382
1351206
900797
784522
777697
1287437
1437630
939899
1877115
697524
1903580
995925
203689
1884073
353923
765361
1719813
1576224
512813
1321450
2115501
626837
761851
815392
652671
433164
367570
1936135
870125
1812839
589780
912338
368840
570669
1217014
1533602
326879
1097769
873688
970017
348208
1451659
898871
1535501
1515790
1033581
1830153
240916
1442092
468880
1381844
744859
1016062
590036
1200186
1211975
1064835
1544942
1815414
252601
1047151
341771
1530644
1181398
411085
1032082
1080228
137339
765849
1009136
555837
1451583
1186070
1399030
1001594
388078
1420785
426086
2338570
714332
981275
982956
721005
478535
1682198
1433040
545698
404585
820550
1595761
1990838
874409
1446033
1331038
437891
1166495
1245778
679011
600030
924646
1560304
557368
37448
593578
713637
1036579
301779
609182
904694
811326
1980516
1151771
180823
1787901
1328007
1244663
1892115
2011643
1622962
814728
423066
509488
932962
755889
562280
1280993
1212232
299524
1842520
660751
1109957
1185283
1420386
1438745
809786
732224
1975633
1856467
1730186
956613
1932638
847142
1633473
806075
1055755
997608
924306
454043
1894207
674770
1641419
1156016
898756
1811281
966416
1223239
637367
1668798
968364
990840
861166
748572
1187745
1943239
2231661
1546341
1379685
1133376
1752757
1297134
954525
524418
528335
626426
1601916
1262794
1809867
1741204
1813122
252975
1324072
606360
1759033
448702
435021
780675
1210602
588709
1907554
1352999
1093619
725412
328966
463378
896669
1668213
220423
1672235
1170898
2034034
791385
781860
935147
689016
825785
792254
1382205
494290
795298
733202
974534
1530525
1121453
396608
683223
458408
1177712
1364999
1407582
1852623
1519606
976076
778891
797741
680139
1988124
843549
623075
1278058
1603289
1400268
1212338
1179528
1193112
1818045
628017
753051
890001
1138816
1710431
1663502
1195601
1412770
733546
1062557
767064
616249
1370296
1304959
1901935
643444
1798077
996515
1431690
1015894
550016
631663
1209435
1252784
489471
854725
415407
1701583
1064620
916345
669235
1222281
1424275
1868597
1385604
781671
1164231
871879
1565988
1602589
1218148
1090290
1104007
1210483
1497290
786363
1565896
865369
688843
845182
1000803
1620624
1991039
1176757
652939
1997816
328834
1918093
1749611
1343949
392382
611375
1207106
1417332
149465
986825
1273846
1745356
359822
406468
910335
2074437
917873
630179
1083557
1262144
488775
1627797
1805460
709554
1221834
1015040
749199
1262421
1220101
191714
1036889
1457866
1442433
305456
622211
1006002
1233656
536931
757821
1548215
805435
596648
1199871
1021645
1492948
2139648
807468
870176
865970
779451
795810
1272355
339699
676777
986810
1766328
558922
894118
599773
1862875
738704
1022640
1207587
1297831
399906
1615116
392084
708464
1180933
1045350
342120
973839
1716965
395479
1593014
652048
1492226
844314
619097
441654
643446
977099
1251794
1009315
1449977
1433613
1245240
484839
1398751
1073171
1056260
765635
379295
1392690
1003774
1737957
1629397
705221
1395563
731007
1399740
602227
717707
518558
1122402
491662
1036543
1747670
1205073
520139
1837715
2088681
306812
499583
1481093
1458168
1215484
1923615
1863015
980858
595140
1494766
1714439
159069
1675197
1412522
759797
1451803
485166
651270
771344
1191338
863753
1837027
1166101
1400068
126549
2251865
1023440
963806
702191
1771847
637573
563665
2315290
2228394
328727
1335573
849361
1229066
1040497
1719429
1852408
493290
1549459
823276
1354581
1825773
469959
479455
1808968
170549
887414
2144150
2059711
1174546
512621
1072132
1516578
1098002
250805
681113
1072215
604683
373998
989924
1552938
604509
1487625
1336738
727928
810860
984874
1043792
1238136
630179
1012831
1567526
410578
1645820
252494
768994
542016
1200359
713411
410649
648425
861593
1325191
1333650
1291939
962702
1416808
667618
876346
256945
750703
348076
1423678
1190757
1493447
941055
601491
1304299
771742
1592021
1269489
946038
1266596
1173803
1296089
1271996
106834
703442
1081476
894768
1188147
1079439
1227230
1118031
783911
167971
1756284
1406313
1074285
1384644
229970
581131
599954
1826768
425886
827763
818399
384405
659060
1750860
764001
431481
1573469
307943
1042548
1247119
1053438
567417
727910
932005
534567
1030368
38920
300506
936140
885553
1540944
565547
1313066
138562
920383
1748511
1546532
1930251
520243
457961
326067
687086
1114265
1207905
1329344
1087325
729878
1410387
354635
1254124
1444921
1135630
1098925
1350784
663651
2110911
777410
382965
2339801
866327
1367120
806555
813375
646521
819993
714205
1104100
1512800
603022
1187298
735728
1449255
1785698
1075181
560312
1436994
740430
267026
1112027
1491684
1227394
1826765
893550
327994
455282
1699010
1893288
1199283
600758
2188937
1122216
1369337
390378
318843
268386
383254
533837
1714173
591506
1783493
617920
770632
1223439
1287800
412443
1086823
1703064
334695
1544148
967779
1405931
764343
805469
1037356
1284228
551717
364518
787147
1515785
1284376
558090
792464
1133958
517217
1031853
1831109
1885933
1484489
934609
1761352
1751907
1948048
1238170
664291
1858805
433706
1070438
1144940
547587
702583
977792
835336
470609
555232
768171
1946822
609003
376691
1198404
1540928
778632
1092151
870743
1446725
1202757
843125
837376
486273
859680
913711
1101767
1627562
599797
1090955
1929443
664797
1448538
523149
1514807
1141955
807048
1437232
1458709
531522
1023252
956169
1409456
719575
1588472
522223
369072
353349
1216623
796990
1423053
1383564
693580
1086712
754202
734037
799459
858567
1289529
1849153
1682921
1503385
1653665
1764235
812063
479394
1121808
706397
839597
503808
639204
910317
970315
618280
1402817
914998
819962
966001
11376
1292840
2152397
991432
1385644
1772999
1444229
1671513
1309124
323785
320640
1206141
1464880
603329
1220726
1078139
1303326
1016995
743166
1415771
1273565
684593
2362095
93060
593391
1123486
1359853
1266571
1463026
1628673
1084387
93686
656566
1108374
396010
580026
633899
1238472
1152685
1901328
1058992
2189946
1855965
1363215
586508
1848810
754155
1042649
655281
1344814
605115
2144450
655691
2168047
1037204
735299
1969667
1219786
705845
1716344
1608321
1502533
705956
830522
632424
1052322
449340
1302449
1743017
1036221
575266
1172359
1759922
985093
288022
569048
1027552
1757105
1427936
1102970
1265308
1353670
1640295
242790
667874
1421154
1131938
1304512
1013416
1223467
921497
474504
588674
1763407
777469
276515
863686
2111145
80802
565745
1280623
995955
1175343
1599103
1994586
973762
897917
1557913
441149
1551107
1283226
1089545
1457782
1270721
1671671
575973
339491
622172
814624
618313
1065595
1544695
1193859
1029971
1241201
814365
1242650
2136130
443290
2134939
1557835
1286138
450366
285830
321181
1065482
734108
2317574
877140
1600420
1978757
1668544
733723
1261000
461708
1677906
717366
743028
1850822
1336788
683426
303536
1468461
1302239
206212
529956
562558
317301
909312
863444
1564802
284202
876968
1514786
1449283
110065
1067579
760609
1250032
750087
981324
162427
704634
1564789
2175290
748400
957309
930420
756336
1747808
798094
1974690
399190
1176546
999988
798430
367919
1240220
1080054
421633
1328601
455109
2268025
845030
1298950
436743
270256
755774
1208741
2052193
934474
814389
1230247
1772829
920209
427265
1639218
963488
1457283
704249
1528372
824829
880011
1121941
1122322
796321
1124806
1621145
2130354
1259472
1415957
1869463
393963
560316
836648
1162067
1281548
1356270
1651467
538776
582685
1935376
1116675
615198
636851
1626343
928895
1075955
1713789
1279727
772359
297063
1555364
1367283
351779
1153610
1304236
1321432
859618
792990
1586542
652426
1560333
372107
883366
1597676
1078661
723865
452133
1180615
629002
980465
1241807
143236
907367
981431
1065007
1359210
1306458
2405668
916112
798955
1714040
720768
524036
1683985
1453988
381870
1548493
1671868
1070016
345229
960470
586736
402613
1815169
1495239
682367
1504333
745807
1699857
1923819
997728
2204642
1167759
572670
1509115
1195253
763384
1248380
1554765
1833272
972877
1423068
1996601
371333
289568
1007666
659688
361925
174444
1321717
732273
1551661
829425
692459
570454
1393231
1673599
504710
1087751
742672
1818903
1713261
1456077
706873
658800
1034742
2335118
474730
1161486
1359485
667297
462083
1017188
430454
1260366
1200546
687816
480894
1081632
1843228
718639
982680
839851
823530
595404
708697
1014400
940692
501354
1297626
388448
1705962
1102001
1489122
929704
494832
1709625
812037
426664
897805
1017789
672808
319521
1952068
370289
1746470
868358
1491803
747654
1173213
1435343
951754
906816
1265697
911672
1506275
996220
919226
1431114
211073
725506
710364
1097322
1039383
1670276
1929174
771352
1799111
2151874
1879569
778476
860741
1931447
285518
906496
565561
565404
820679
936962
1502942
988102
954942
2035971
1280466
1084861
2404934
505784
1413802
1236970
1841080
1876339
601188
594645
1971034
886603
1697780
2061860
437203
800644
1316606
796520
662166
1186961
886230
2105867
1344717
843175
1101943
667228
1155280
1919528
943370
1262630
929562
1990534
2070179
1909318
1789676
1102998
1400484
1678519
7769
1010593
627154
636567
940696
447558
753371
614106
956436
1053961
375940
1714062
1267257
715463
829086
1702456
1438102
940376
1318052
1310756
2011186
1723219
788792
500874
1221520
151865
1445970
718822
1294351
1832155
821505
352546
1074758
245120
1687604
1522109
1739006
2296003
450359
1091406
872526
2044104
951149
850255
414095
511963
1846565
1896620
1030436
2466948
341344
1632459
948961
983882
991274
973211
1751918
1562723
1228845
1075988
874655
1583906
624831
1818877
623852
294490
1461755
720530
521827
1885872
1150918
925199
1036486
1739029
1351351
1564300
577082
1265008
771824
1503215
912307
1277521
896216
1043249
1123404
1479119
1304933
466075
790629
969924
2489135
665243
729673
223492
379808
470873
1275923
1126460
1559048
1439875
338707
862517
934465
1122501
1042550
1513646
592589
142963
1477500
984146
1071398
353873
1777881
1433249
233484
1259337
1231171
403316
1620738
1791009
1063785
462721
1830054
825578
1525697
1153873
628116
1067433
966176
1337542
320791
1399781
1281183
1923763
2065445
1395311
1352592
1548610
1647047
1619067
1302628
980514
1028616
1707718
1547966
906646
390393
1152135
861663
892338
1492800
1152303
1018090
863511
944510
1018095
1119665
752302
1437979
2101629
1083836
1044704
990404
871446
1160093
2310142
1164187
2144640
1724384
1888160
547294
1008703
489659
1756904
768533
458925
2076661
1380672
1044940
1781022
480972
1172982
731250
1349353
906239
930415
840609
721644
267640
1937348
1291625
2003100
1610979
791510
1301145
924663
673095
1260793
522185
868419
974909
1750463
753825
2239838
464128
388747
915086
1904121
554796
426280
527330
2288526
2045837
928962
1153691
422766
1458058
1093580
1488444
791722
1348543
1460910
1117710
1104052
423010
1456337
1258902
1147460
1561591
209655
745694
450084
1468276
678017
475826
1032584
119072
983774
265651
826539
546067
966316
1170347
1355331
997689
1250997
1262870
1359139
1139201
1794917
1145536
925312
600980
997492
461361
870380
1415295
301285
1172475
636132
943966
666060
1235331
1462941
1214030
937455
1365272
831697
607651
717558
816469
1571929
1151986
1223920
1141604
1758830
1048933
1114446
692229
745207
1600483
1751110
1279319
1165870
1525321
578088
1179023
1711162
611608
2221590
1305567
854815
450951
1987860
1067378
1560848
1402289
745799
658203
1077222
1291605
1839964
461291
1328358
1401136
1225821
1894031
359588
447862
2122418
1467904
1043735
1041374
538588
1437470
1565577
719658
1863004
1364100
373970
1516577
204201
1315055
1299627
327776
893346
1246149
1108229
678521
1271661
1896099
1769896
1807095
559742
741458
1215154
1945561
2349399
957462
923919
908615
842289
1241221
453062
946470
1004371
895872
1184143
1144436
642994
1447319
684588
551719
1337097
1388934
581300
338566
326967
647201
1647637
1023402
1280926
1035278
577893
744103
2197152
548568
1243447
1224040
1459868
528249
1639001
1187211
2295721
1448341
414568
1612156
986405
1546664
1068129
1660958
693063
1177268
1140785
682920
1418109
600037
1176103
492239
574312
673669
794303
920856
400441
769825
1179334
979525
927961
956072
994337
350399
801991
961156
535596
1033170
405339
798039
908403
1245500
1901105
1705470
1788873
358487
1381654
790032
441111
1283902
649785
1112785
896534
599638
