409955
919780
1450462
944438
268327
709057
1535736
1487550
796913
670939
593321
776487
324179
888763
468447
1467055
568727
461443
488059
794220
959855
783454
1604070
1357027
1040730
1318349
808101
380339
824419
1064787
701923
1131599
1315267
808719
819293
1598188
870516
676378
941651
836501
795175
828229
1348981
696275
1453784
1077016
1166044
955107
1600468
420290
1250444
1959319
982422
160670
1298268
629026
647982
401770
979655
870029
1258888
911963
513289
696788
554364
1312956
1698585
464128
1046641
1487199
571364
1792051
742902
1449841
1585516
1329888
1206421
1233413
1332465
948640
444424
448890
1175168
828168
1505212
1282561
1352629
805571
871998
845493
1455044
963681
1958433
1146067
763484
1529797
1141368
1664304
1109852
678177
980914
1920113
442933
1626153
186248
1268308
1051549
1759048
1500881
998448
1156318
1861496
239238
1134117
983748
747412
1648842
385222
1006250
1131244
1444453
355108
965564
356435
1451666
1013239
1223990
1309923
721172
818317
790913
698637
586444
1025040
1210252
868734
1267553
710333
1161785
763137
1593419
700417
1110793
505095
1501376
530911
1170897
600653
373366
1105591
1435004
526454
340820
1308963
1166202
1370556
882424
231293
1245545
1502379
1045036
847748
926498
1548372
432300
839913
1892686
611924
1043169
699663
780801
427324
1731054
937158
1554450
1685658
914395
1175656
894190
1269896
491844
960567
780983
714299
1847627
1105515
504486
1883525
320916
1081008
1305217
584131
884159
1022960
515856
1317981
1191685
473359
1662113
1045716
1361141
541096
1120178
565509
805377
973531
1313743
1216620
647871
719348
1163103
413731
572834
696786
695516
227759
628469
438560
514101
366443
1068494
982924
1019406
724963
1051465
378719
926281
1099925
1649753
817204
967390
659867
1029464
730850
1774235
125435
1202374
1008836
1135007
1272127
258658
406049
876066
1395773
1047753
484110
721392
636383
1831708
810227
1850671
803814
1413534
460095
572925
960436
1205939
893521
815068
631651
1544226
1229168
1221172
939534
898129
864929
1598835
671582
610073
570552
931427
676199
2018566
1462622
1528314
1479590
907834
1139684
1560832
838781
1024531
989134
573529
800366
773627
1021964
1586582
593349
1153544
736387
1445933
1103174
859967
1401444
1171108
949432
736105
1355801
1483427
1170470
489492
1094710
1139256
548810
973979
1118752
1322012
1392185
1227009
934075
1163068
727560
1373021
875750
1078615
1209222
616479
1518969
2044881
1010900
980533
861420
1186087
999687
1080761
577431
561472
1037014
1133140
1195338
1167136
942552
1145058
841557
738472
1351545
1132365
1394860
713446
1222209
1740768
883226
794064
1286910
1070000
1130222
891498
478344
1140640
514735
180771
700879
369062
413704
824765
1632771
1701683
829840
956420
1463378
1196864
703854
812446
1399511
794231
494941
688112
601682
778654
629454
1418628
1174336
991331
1281454
568502
1267605
939490
621730
885334
1066078
582546
887587
1038741
1607076
1281387
1055873
620535
769735
848162
792466
1195811
1269415
1116413
624014
707911
838766
581305
954623
881639
1110394
1106526
894890
2326681
895339
993684
759950
620660
1004314
1425202
1793412
1379576
1123386
365584
1365185
1031281
962963
2110850
1414863
1183619
1454776
793483
1638557
840088
1492387
911204
1013684
1465845
1562808
1472615
1207856
1447292
1523404
516031
289444
1080323
935295
1229171
1657660
1750447
843135
1032159
587531
379927
961391
725763
1055797
891954
1109962
410764
1331403
1301367
1011673
528804
238207
747882
837682
941684
733412
437948
1660045
1016867
1281370
817460
942782
1270553
1167097
1597469
881891
1713974
1481567
529157
241682
1035049
1491776
1708642
1131378
1535154
1075231
2208785
1080114
1322075
313696
1864159
1619970
718531
1047082
1042117
441142
921052
266179
1527501
870212
1118471
769217
311485
382308
1073421
747771
481107
1277118
1493465
651864
345980
854994
1594740
324058
1401088
1215997
1460328
1144204
862271
781663
1268023
1104677
1225805
775224
1569904
672593
609204
867907
593819
1228680
1111526
635778
754459
1308769
884153
1838965
755476
1106210
1506490
276561
1016053
280285
965314
1667723
631923
1339296
1027527
1086205
291626
610258
1073801
557768
1515780
749688
810287
1334673
762205
991379
1405498
818872
1738764
904597
909996
971840
989159
412669
1521571
620120
1153418
458934
849558
1321621
1167110
646943
1132171
872360
900331
790181
936399
1031231
1752678
685892
279773
477682
796306
1009579
1265229
816075
1142826
1005245
297023
1364413
832677
1737514
708808
421302
928697
1367089
874343
1634111
1805441
1203174
730472
438441
1133709
1059109
1468101
1152289
553061
462148
1299217
873916
172991
926638
493685
1409832
532550
963097
455141
818826
811263
801579
1246501
908606
1130421
718785
599715
730707
1046621
457076
1192030
841411
1301635
887689
872812
950369
755920
410381
389930
662424
1135792
492007
1410605
721890
1140945
704410
1647479
348139
141316
805649
864499
1009265
1018346
342225
1443729
1137363
1202561
1286060
1594418
1046815
958930
1215433
326600
760792
1048994
1749456
898020
791271
907314
478826
319315
1046921
372281
1387087
814953
1550060
324166
667178
407980
1173810
912499
707036
1206382
1022627
894973
1388869
1052022
822558
378840
1026602
1100635
941449
922035
1356738
931867
1407846
826173
806821
1013946
736642
726013
309802
676228
958093
903458
1233926
750161
1038153
799539
878872
1209325
1256199
943402
206590
1608127
1713900
714583
991596
602727
1256431
985877
533192
2037657
549912
654663
974922
1839557
759047
1088053
958449
907196
828013
673875
792954
708494
1021147
396055
1058044
867926
1650914
1238183
852015
1467586
1374429
746734
604675
918081
1258338
444044
1089286
1097426
1501011
1257560
1225390
1500475
1187572
1483615
1150651
904218
986056
1402258
1236449
815548
565059
2060201
566633
753517
510605
869424
505200
449921
974048
161964
1645710
1451694
1102109
278334
729549
1079906
906104
1547555
1108785
197943
1872191
1519846
1553631
1540815
957274
1183013
283206
1140294
766348
1254459
507747
821518
880795
366117
811201
923550
1144368
805434
1958730
729575
873395
800963
510586
562521
663236
1254804
1621785
943660
455842
681170
1221785
1414732
286191
659292
399984
857911
928992
1401289
409438
310510
817424
813066
577753
1535726
819017
1522984
998338
1016048
1491281
1274333
721352
1037748
1581677
1066432
697156
1681092
1370246
736101
1304326
384688
1160879
1090211
926201
1137248
1132268
633490
1366803
204876
954899
511608
595629
1803124
255889
1212162
136266
1135832
728670
531328
1595805
1626309
1470003
745546
255282
1315696
951573
675403
1634612
781196
1942388
802672
800806
656375
343340
1229265
711574
1051473
741343
627830
883388
370118
986501
598575
664404
1213479
1355635
1204115
1479052
666234
1351522
1269194
957613
1273617
655976
1170518
1183307
1594354
1080997
1362111
1299847
1028249
1263124
1033800
637506
1277736
499319
482086
1197688
1070296
585937
1572305
939804
881699
642701
484155
1361559
853005
1403685
679921
884353
897510
1082248
1060628
1656859
678846
1344827
1825836
978427
757185
529487
1432685
839714
1495889
508078
1179321
692823
1211538
772912
653694
656983
1361079
1477741
928926
1137181
1850298
590907
1417190
754658
526106
1430131
613153
1396070
773385
718204
1481625
1403944
1077279
659429
452364
439010
1043736
910369
888797
550512
831960
601552
1156425
655361
917244
1628300
798155
1418123
745111
943375
1461545
1252238
359582
1271627
936231
825434
1183114
778973
769370
816841
750621
750467
973742
1397416
755261
1001345
218915
472928
923313
642861
1745524
1044963
831675
749196
662151
733923
1784579
1250619
842246
701998
1017361
450604
1243946
973850
835045
1601274
1074587
1225356
671489
1791073
1267206
974539
1278145
1097862
1302472
943805
603601
1727081
1250054
426028
850632
722911
252093
697509
1076190
1388912
591052
969799
1222350
481644
886644
1186664
760035
1534796
1190568
964628
927990
880149
1210833
1040962
919628
562782
318559
1648117
1046159
1251190
644148
1026856
1511133
1283917
947609
1114944
1257336
1337367
714946
1158428
559019
500966
1642151
1023260
630538
1854516
1773026
773381
1327350
1006654
1135602
1091260
704158
950644
203543
912188
702491
926367
320729
926880
727994
1947103
1019282
335594
1012528
1058421
1072708
745595
1105827
1117605
1708025
1162417
1318353
793514
1267686
563391
1335496
1594064
1145321
1118876
902072
468827
841747
661350
820354
219984
716497
1097327
1442515
1564148
748151
1134335
834432
558686
733442
542484
858221
525280
793589
1389659
1450136
764005
1329597
398757
391677
266399
472115
1751443
702653
312717
1409808
541548
1823995
651332
847268
1465777
1110999
615349
717498
887609
1539697
1095523
1446211
1542110
988050
1080956
608387
565911
1363695
317812
491340
769109
1233806
701014
1117750
1392626
1344063
1070098
617719
1393665
1061942
552603
474703
498102
690502
1103967
1806713
1385877
1022631
676488
1301643
2184331
1616982
1206293
1444864
1060746
531350
777062
1648109
929551
1262751
2222511
401141
990462
1162349
1680752
1026723
909061
789832
1106291
130205
355364
1317352
845689
1473773
1080060
1401284
1215261
1333289
1205677
570422
1266490
1236522
590292
980184
799697
1723507
1092788
1345797
1130652
1871472
846265
1078789
442766
961923
128530
1506016
1904986
625538
650287
966116
1393891
1020573
948400
1014910
156232
424032
1101038
59834
332579
477174
1520672
1646683
1356325
1109513
804558
545275
603317
1024827
1535081
891488
1894148
381663
384816
960450
1570180
450131
384828
1014209
614587
1669251
2076436
902753
1561434
745042
1162802
999024
652018
538264
516003
1414368
336060
881370
255083
499654
779197
1034026
1533710
882020
355579
2092891
925662
1071460
741027
1383238
915764
925092
1575699
1116080
1671853
1277362
874277
1558383
940564
771433
708494
1204771
881837
1042893
842437
970820
1066282
1017476
790517
873736
1334550
1084923
920640
476753
979657
679397
1629045
1325100
1760214
1268175
264562
1241824
262619
922014
453428
458261
573419
1413453
255817
670210
672724
1650593
798025
2010316
1228632
725903
241415
507643
1625831
1411862
1656310
552073
335984
839873
727129
1287977
270653
747459
1514265
1089374
1314745
1110499
1212664
1846321
611351
897544
461297
350484
1250774
380081
826823
1300341
1026706
1333284
1539574
344425
356249
793281
824104
842126
1123520
1212403
1168911
917606
768383
1339816
782103
957034
838833
1204854
1004915
786072
956814
1154295
1216180
1420871
1187711
770161
978380
1103126
1316541
1430088
1554672
1844926
697638
1299432
527543
1533463
1040239
727987
144114
1527922
1216442
403768
1348341
348499
690268
1322039
227069
1070301
1083795
1016239
687714
870445
970588
909290
786363
173963
726529
1305808
908903
1635189
1890113
1694242
662534
580948
1029093
1321922
1201069
1530720
732734
821546
1006826
959476
1416722
768526
807512
435042
1062968
340819
1799308
1771677
825222
1455147
953147
1301581
353861
849640
1495945
677571
781843
860399
874876
935312
1080569
896335
1611802
1673748
996325
1122684
981979
480771
1329144
1450372
1298203
794221
1444093
153645
934494
999705
1524421
721423
825533
1134782
1054210
1464919
1076333
636467
737382
735819
1214198
576741
773251
1445697
781528
897869
350321
882472
1771859
1295200
1407139
1793808
837811
999598
1842891
925291
1051663
722674
1727814
1048677
637275
1264418
1097922
1670738
683319
617875
776709
1218905
1397360
893353
1044945
1103989
870240
857553
1733218
880311
768468
1043755
1239369
1314096
1787471
1147403
953862
809287
1355174
1208251
1015682
556464
384091
1739440
748404
871199
1405887
625480
520598
894882
767945
845652
1238277
1331459
1766820
510810
1354104
656725
672364
1502899
358641
1266753
261799
1330066
1033068
584631
1034787
426080
1510092
314892
624543
1038840
598529
796256
626810
1144745
1330049
960747
902834
806138
1676992
1060892
897388
740762
746654
1293060
885946
661337
956487
341428
834666
1168598
805614
1052550
163350
740909
1290082
1161017
997543
798084
1431172
1414742
1360588
1597957
1491490
458568
708631
1185246
915415
539157
1183892
1471363
1448297
780371
1661727
990201
896885
877991
586177
1093225
1916050
1030298
1241563
1305001
1408157
1010469
1026975
768206
813173
1025245
1349653
823162
994489
978935
1662247
1434729
819708
914576
449890
1225144
1561370
1882299
241364
455966
1266388
798225
711523
1695542
1614424
951566
1446656
681928
1399982
984781
930882
626799
460484
509958
1748989
1332283
455283
1017636
1290017
1216246
1353087
945635
1151880
964187
544280
1335127
1387046
1057592
891001
1238578
398028
1051342
975329
1215584
823309
105030
175203
663865
1601154
713280
1176550
722303
954527
709517
536732
1108019
1841262
917417
654746
625998
1144388
1721624
1182022
653742
1525597
765917
1673900
1786516
617863
768140
337060
1219755
844271
899825
1013620
593308
468914
797971
194391
1465950
798021
1718097
1200182
1258130
1388654
772253
331773
783951
526712
826742
1193542
617416
870202
1616375
967216
465133
921660
824842
1400375
1168219
1326209
1506528
728861
779115
183218
1010674
1167025
1086236
1065734
796223
680375
990752
938033
1237256
728908
840218
1036429
738036
754436
480345
1700676
307163
1453908
64239
439091
1200271
1328677
354669
1169630
566182
1455443
1175969
202778
352571
858998
1142325
1008483
1264769
812136
1074396
1357164
1773551
32515
1322092
1122838
534219
969419
651207
1371010
1247759
269192
1075742
850762
259599
557384
824551
917533
403929
1423443
704503
658536
1102691
968158
868641
1668981
348594
925949
655822
1664980
915014
1310109
705209
260456
696524
855974
492245
1451455
680311
1841849
1409283
1575996
1377206
1050433
1094758
496985
920226
1209843
797646
550934
1521095
326463
550476
990472
537511
209941
952388
1190107
1215845
1548197
2057345
707383
1180844
1418580
857034
1373911
1347906
359656
1135751
314495
1357146
798737
640632
603409
1313595
730197
1257108
123650
673994
758701
772412
1439127
760280
1383264
875527
1198047
2214958
1131906
804903
1293605
1093871
560605
830542
1338004
1641968
362539
704829
991078
952892
662623
1077992
450718
1321931
681743
1927229
290015
1387181
1012721
1085968
643889
882793
969680
919680
501049
1854126
1797395
608029
1037028
953823
685690
1157274
1470477
675674
2012131
1013218
1034409
1118654
978582
140250
1339303
1229411
1039731
1413111
1514243
935945
1955579
631340
1036969
624616
1464154
1478328
1002096
1117615
1100111
1600521
966425
986737
1229088
1532009
1460567
621924
548180
1800340
907843
1280093
725316
2002715
846021
850928
984805
1658304
968282
1651060
1327353
1693965
328442
1140113
607763
1778344
1024151
1060586
623701
1071101
982281
843110
759032
748467
362773
1337619
1569499
1794083
982330
886295
1896354
1613321
1000016
1082096
958271
1806003
993533
1809830
780863
939648
272463
1230024
1423208
894661
1660558
1184453
1525196
1087979
861242
594824
495680
1190837
1539228
1323191
1467919
820089
251880
687833
1276504
1609326
1118976
1074073
1118696
1035318
618626
744334
1014652
594264
618837
443350
776277
1449145
2189750
823865
1830419
1059115
1096232
774308
1385864
1302648
1455118
1266759
1473123
856429
1104810
1192716
1361257
1781880
1325390
682097
866358
1442571
1115944
917983
551159
654106
182775
1124555
815763
1250671
861057
1018045
1269538
110349
662998
1138802
277798
1293261
562747
1302538
1741897
1943573
903351
445995
1188425
778177
755798
583218
482961
604899
579094
1299028
372309
791897
1026545
1467711
1385841
1687757
893632
929598
780770
612765
432534
865071
1741072
717176
1134917
833394
1350165
1392328
461656
436638
184496
231325
828360
1088679
1731374
1774320
1808563
316075
944407
1128145
1482968
1078529
604894
1517996
123831
1312092
962190
789508
1985356
1064342
620915
2028269
1370233
727593
1187650
636891
1159254
1536744
681615
1639463
1464492
1296358
646652
907275
970438
1145414
1186449
543336
55417
999455
1140440
947316
872710
734383
1190521
1789832
936337
700330
594154
370205
846731
1146944
1796349
739676
628696
906756
1265974
867527
413235
1033886
1358972
945225
688947
334105
1282560
1098654
886044
1015581
996156
956285
1091925
1565379
2065645
869192
869920
443856
614414
1931518
1028981
802762
824398
1443252
716865
867051
824050
350480
971995
986497
826562
1232365
622270
1281680
1753340
1083556
978561
1850905
1585171
1377640
704139
380519
802013
888981
759074
640002
758399
53186
896083
699963
743391
621315
1651111
1412637
1326706
1952456
1327212
1477062
875107
1685422
774184
318583
888887
1602639
765367
301072
1354491
672007
727915
1838294
1608086
793066
1715845
653673
832639
640046
1768364
937577
1010416
1903884
1546728
858417
1314294
558704
681328
668301
781465
1383860
647795
968680
1375317
1017619
1068065
1604142
1104132
691075
578648
1678771
604127
1097577
1072116
1093823
1407135
763316
1048405
591858
740217
536139
824280
1747591
1087556
1173912
402764
646245
1491344
930239
351002
814216
785038
982956
739469
1396764
375664
1323512
561460
328629
1417077
1142176
578131
1378926
1469276
1148487
442044
1370339
1314608
1149703
1356282
1058350
281617
993465
949864
1753726
935253
443248
1527721
655006
535441
1244558
1767749
881056
1020998
910151
1296925
916932
1262760
1535222
1096580
1577530
1235774
1907682
280999
858867
754813
1363904
2194520
1525570
678287
1289993
646518
692018
1263529
1160567
1120851
521969
1291779
911871
881634
1341196
610871
1445035
531004
294733
543653
1783409
502597
1650479
1459354
1010294
1164335
216824
474886
850413
544376
621838
963924
484841
597970
1225780
1853657
521945
471174
1707666
1145755
799519
1308466
1746417
720359
740025
660764
1555725
935931
1022387
195153
496081
1499362
781363
391423
1644935
1820993
674234
1067692
990792
1759180
335439
1204580
221478
1085632
1258315
262701
1000830
1682079
1769564
1443121
1463524
1829011
1578052
757457
721733
926150
914939
785949
1352999
812385
589836
1780809
1562690
956398
447414
1149897
582868
1082672
1297741
666026
428391
633394
964558
509003
1563369
711318
1893570
966907
1455411
1870736
654781
2095729
812959
1732953
1526967
1052706
975343
444083
1695674
1925772
1032994
273705
1431337
838203
973956
1135940
1100244
985873
522424
1110619
1782458
1045936
1277663
1451129
1361298
1036695
972604
572322
70639
1583692
483408
1365471
299227
991421
658180
1290379
1652765
1574833
687629
1578516
552006
1243008
376805
1255403
1608131
821834
1161428
1547561
570574
1129851
1260299
970487
1513134
1746845
918563
1787460
309751
1060072
484366
1547786
1628512
778184
928824
1090574
1003614
980876
1322865
1166838
722205
1160663
1639780
1221920
1667382
1812073
733204
1346985
921110
384449
461380
639136
858047
1707207
961022
472898
1073554
1007319
820119
1040945
288352
1296619
1313080
1068183
834788
1177098
476431
991028
392262
1040373
1348961
814588
1169604
1995598
1113409
1577129
909723
1215086
1284550
1185317
803648
1262786
1717501
1115531
899661
1261251
772404
287780
1989891
655104
1180630
1160866
996826
563133
1006350
1165114
1373042
838371
1067566
1165398
753808
975259
933942
1304806
663190
1172669
1523954
822220
518138
1048149
1428149
1638532
584182
954084
1348681
1338287
1335770
1242005
632418
1520597
548204
1378681
1708780
893359
511629
981427
1622301
901927
396537
1375819
932276
739653
541036
1323093
1840043
174211
1512428
1329391
433676
678058
937036
961769
791870
1098888
694358
759255
313628
842033
721999
1301599
1416650
719026
1131163
1739358
1515104
1521841
953722
882304
770522
360957
805829
592894
1331397
1455706
1768926
890132
513151
1027884
1029878
871358
1014204
1193966
250478
751626
448944
1204684
1176603
1326745
558750
1243203
471038
370823
1339342
1472686
1393440
1007538
1169707
1431709
837693
1809385
1932520
1447677
1389142
1242712
1511596
1620976
1061558
1110530
967774
661792
1335370
1208369
1044696
817425
1200012
1088261
1575109
1277275
763477
889564
1074460
418649
631506
1601970
1441435
1254351
808656
1812816
1659281
1313855
528753
1513225
674499
1320142
455546
577679
346144
677847
912183
795680
1125860
1071329
993681
1085788
594156
968164
753327
340836
909168
988846
772295
694472
2236632
1083207
1129780
913392
1542738
1659161
641971
817173
598878
996970
1525989
1337902
658381
249295
1454512
967846
1339255
260752
1341468
1646890
291438
1081160
805515
1108514
1329081
1062644
730989
1672536
229593
1259445
554486
765436
1348122
1077126
1095725
758105
776626
1451627
237324
498235
1235703
906835
875815
1557215
1487353
1567830
1120499
1604837
1531494
1408744
1178373
1688316
499531
1274785
1300533
803125
806517
443288
896771
1553627
841328
985504
1163137
842590
505784
1386634
1184477
1429614
1381469
1468692
617207
1008482
865785
876680
1039852
1368481
809335
1059298
226548
467384
745444
964634
470081
790463
1284968
756062
193940
959233
1255363
1094806
1196410
647054
558082
1606831
830406
1084890
1061801
637612
531912
1215488
854027
1144043
1122053
283525
861920
972310
535889
406356
1128188
158388
350945
1598190
675230
1235850
1095735
849891
905052
1262478
858846
599890
771206
453743
1525420
936534
621429
381671
533156
796734
908940
1080744
2001034
1177003
696697
205861
1098321
784525
764739
295724
725644
1176885
914654
1784080
637029
1064937
101665
872221
960690
2021107
434716
851967
1803462
1217304
1109090
1475815
209601
649035
990601
875267
406535
939020
1369553
1348766
273640
1844894
636243
1192790
1397183
794953
834527
2247776
538728
1438808
1112832
897580
217479
1505259
1247115
94654
1130938
285493
1087410
986986
980488
862298
975844
545458
533835
1012804
848981
1118073
982574
1251563
1774693
826943
714812
864716
876199
906584
1061176
865398
932148
560634
1313443
1519665
1066327
1133841
758976
521981
756884
1632145
1456215
1174613
822960
1112651
1077346
719005
685570
1014907
1807102
341667
589861
347226
241065
1521809
718263
511074
1353738
1330712
1449545
787434
558737
1198536
1213800
870817
851180
307093
416172
1280841
1163067
1653707
641742
582293
184429
328186
450742
780549
775410
1111437
1196939
748507
1581036
1361391
2195261
1404587
744295
869526
783025
227368
1132768
1153167
1577210
400759
1046843
634976
1225402
960711
998731
888576
974077
406225
1573464
1751204
586023
1245820
316075
547612
971188
739855
483923
403309
1106319
963490
1381316
1811936
1357466
1381321
1617672
459530
714402
935673
851091
1229474
870514
1246972
376894
1035799
713509
142910
1008128
390384
1757520
927741
1613150
531621
216190
265805
1080277
1430680
1163516
939351
765467
728674
1527539
1401262
205663
1647493
1450044
173854
1080064
1358993
430890
1691412
799502
704471
607615
1147991
452652
974907
1787771
1490462
366859
864945
1342140
1085387
835850
1374664
379473
187102
2025686
888955
1117434
1681310
1222159
195081
1496715
1060957
823124
1302142
177150
1133558
1145921
797030
756385
1260610
987152
665551
1586291
496515
704071
678587
1656375
535261
806359
1434360
642942
827983
1729901
1819687
1166831
245920
899734
1370328
1118326
1032272
543710
739429
723284
760691
551029
1003129
862593
744071
1016122
586144
2067376
1219774
943790
249414
547853
797718
974855
346567
1338206
1084895
719786
436168
533708
952273
1691487
838150
1714028
148485
727958
498946
1696613
927858
744584
578179
602865
705899
626503
1245878
1485939
944760
636506
1014287
607059
895636
919963
736366
626844
1217629
1030068
1411512
1044171
1007107
1204104
782229
325933
1009632
543813
1003252
407841
718423
1046406
377125
1415970
463046
1182378
1165604
1084451
1538108
965051
935985
976620
1796820
1025994
540665
790007
1239317
984414
799131
701163
1021223
777709
1071188
265403
486878
1108050
661994
911142
1196131
902116
519296
1052800
729497
1202438
1638217
1074621
1058503
1244289
667399
1029671
996045
630642
30098
411797
912085
1148010
802492
1249529
1340997
1940030
873120
430232
1201507
575795
913581
874911
567782
1255292
646412
380409
1711628
1073669
1459516
453835
1617040
1380140
949861
1575071
1040799
929753
1080031
362981
1587615
486061
606403
1596101
756166
1360585
351416
1424154
1653131
1041663
946892
572013
981141
1501192
1077025
781199
1277291
343815
636927
1748425
121425
395517
1045963
923314
1167202
908975
1102137
1606233
728474
1134023
1042724
1145490
811476
1304766
199241
996345
945511
1169422
651712
975544
1377436
1542827
1203993
368745
384365
1503986
1088294
952645
411315
952643
2324483
820356
1010815
1067340
1501155
921246
881807
1510404
1418234
1261149
878996
853963
1198674
1665534
1206829
539635
1010777
1559149
1502175
200488
1572955
1099082
1266337
606800
839324
1061693
907745
586811
766903
905669
696271
642518
1090241
1587339
1037136
1998985
1190563
960096
1233741
290170
988230
956965
1271894
1585036
1187867
517600
1019820
1234396
1007718
1411645
1256557
1186046
1087241
412395
977958
1384591
1139580
1250681
411387
1184137
1051379
381186
1795396
964325
1066987
1599765
1425291
539742
718365
934559
563249
1576821
454707
1482400
1175968
1096038
643297
763387
732044
781675
1265887
982823
103302
560698
674801
973498
1222176
960204
1684275
949929
1190354
420780
549447
1430335
500813
1122377
1002981
882304
1341736
947897
1357167
212324
805151
1102784
971240
525441
1016588
798727
874166
1352719
665186
598848
697755
901134
829554
1021472
1172357
1132414
985291
703123
1441824
642040
776841
1631460
549710
2093487
790430
1121990
956553
1072700
1183344
84707
1330070
1382055
618393
970320
1129886
543225
703909
711745
688125
808314
755913
1511730
874157
917499
1026080
185919
149712
218469
869189
460048
1058507
1076501
1564067
1493752
1006407
1116008
1477829
1762907
850180
972848
509481
1651307
724105
1894843
1175578
911455
1169847
1267202
1518598
493274
572501
1167813
693097
1030164
700546
1763686
573507
1511219
1823078
921690
1497635
643918
637282
212848
413584
709586
1412263
904072
988041
749333
1395367
673018
611803
1426184
1041966
1230975
1714569
1776673
755103
657193
867713
632416
1073957
1161371
984313
670194
1227695
884262
1033149
899649
872603
1260533
720638
660146
562303
1586186
600902
256509
814714
395385
1874677
572526
965832
603411
1168486
1366307
1212175
1937832
782265
590575
507703
1511570
1791289
1664409
630673
787464
559479
1010887
775372
916747
342003
1385014
1398998
988080
1163353
1029577
1601575
817187
578372
1383765
668269
2134155
948693
609708
553093
1554434
442351
574655
1187097
1315236
1627594
1383933
1021892
609773
699006
1294140
1171122
1022718
1264961
1101044
1363734
1353838
835616
829142
775520
1068585
1287986
1132013
1048263
833990
1077413
923501
802668
835544
1124699
831385
1452701
1057274
1306060
1226447
1235929
960992
364102
1827630
872000
1115069
969743
1070573
780306
890281
1210682
1309342
602281
1056056
1843800
936653
1339591
1104678
1109115
779435
882218
1169794
848295
617423
885192
1597636
818460
1341421
310326
1075567
1457716
1089479
381401
646314
1129073
868039
119549
603141
1507319
800354
860176
1073839
294664
1807603
740602
301864
581789
1557389
898148
628207
899871
1067161
1054366
1215905
822846
1445927
989460
1014835
1136627
999197
2336035
1130441
1629646
1404297
1591262
1290593
1656852
158452
800775
1421593
1356134
648291
1098349
913105
846367
481304
711117
1300960
795929
757837
984334
298460
1150576
980939
667373
970674
1126442
336138
2009745
1059044
102555
1082106
988928
384858
898395
404594
641859
667369
657512
998962
839150
610371
1569864
915004
834579
131681
1094488
972338
670878
970886
1665024
1164992
393554
1634873
833318
1525038
415932
1406565
1389372
830377
1271935
518865
1571225
449116
779888
454454
594818
1299605
925093
1323128
1668422
1655953
1625809
1487464
1085782
1661554
1777775
1027606
711121
1630278
690317
1568492
1374904
1103105
1164956
1272548
1437350
1813768
351100
415632
1489985
966164
775819
1598099
415679
1144677
816567
922309
1405733
1022164
422245
666452
924610
1687360
1112603
876014
534742
545275
1045923
919657
543958
1025965
685994
313638
1008536
1039533
1607891
1108096
834853
487982
737371
943053
558571
528633
1524685
1569454
831671
340013
1603360
1411627
1280452
1690242
706044
1369706
754074
963647
917784
1344227
746203
1285052
1179409
1706605
1129636
863019
1586860
1478209
1014096
1099993
1115322
1559471
989488
1163557
1287118
1068471
1468463
1568114
2010425
463857
1213148
485729
209174
982014
926270
746135
496063
1657224
638931
1265038
506518
684709
493712
1204018
933110
1469300
695613
1440867
668658
1658736
1764512
705495
816336
779780
1027661
277492
1347709
651248
1177227
219265
390832
1134316
935275
901242
777143
1083229
412418
818154
1107772
1346778
946741
664716
824029
1344765
2159634
685774
440322
706093
1068820
623827
1324030
282712
668911
2000531
1689865
1025013
485293
967594
1078868
835805
1049703
954985
846945
150989
743065
1204099
883029
689744
1000744
1654707
283476
931798
1182626
410503
701420
586565
961959
1405241
1027980
831798
993128
1639353
438513
1306345
228980
1751566
464610
1370731
752344
817019
2118440
194740
998999
1725019
1314501
1010973
1211577
1146202
448626
501584
1210214
598688
831367
1371839
1832229
935369
1132777
697297
365885
268536
772695
1041357
243933
1537102
1076720
950573
1844873
901474
575695
792121
1006833
1005588
1767816
1126268
1410568
723945
497202
546610
1287744
1606577
1597137
102790
966773
1061612
1212564
1977664
890591
1563534
1333542
1531397
979422
917146
959498
1691310
1016814
1232987
1067600
1084471
821371
327586
854125
910113
883314
1308955
833077
748471
1387386
812799
744958
1796149
56279
1425329
907912
437958
766523
574951
918018
806793
446174
551259
570817
533601
1378674
979939
682574
885257
1068082
1020369
961121
799376
1515543
1052403
1294441
1088860
883851
1232651
1252238
579368
985953
1128974
1072697
1528480
483181
910750
961573
1271462
771999
1093434
1644097
760542
1836012
1029905
351788
989390
211400
842801
885237
1470279
1041577
1054880
848927
1014096
931084
784924
1532956
821434
1000709
42340
715357
543389
639989
1033396
1062692
1068879
971078
935413
1268808
764780
1697893
813103
1879669
884842
1521160
1853685
815687
552868
552223
613189
1258426
1928321
809156
1633058
938931
618415
833180
1897657
1813752
1380662
1269736
1269099
1577974
475057
306530
1288081
994803
1031843
667673
1594132
1422285
1656262
1544816
1838699
1174731
1381961
1129707
1120250
1697474
950885
1165909
589706
1291038
566276
789718
841290
635764
1072852
1713631
799726
939290
937864
935645
1166504
1171638
1583641
645805
1535557
499257
916074
699024
1326804
605612
1072087
928872
465636
531277
783108
971567
581420
1207086
521303
1200428
1346121
997656
214526
1032781
1732652
596841
140265
410022
780179
1517363
120529
1663671
1701542
993246
718621
1731661
910474
1256490
1324745
996677
743725
1025798
957620
1296630
1210275
1147640
727269
884096
996858
665377
568460
1386766
1075936
1078637
1630064
1154056
1291365
984147
705437
796777
418632
1471361
525550
908125
617017
742148
1640087
989098
717945
1721758
1872880
974866
777498
320211
43727
516687
1259823
712960
1340252
1217350
860115
1119500
1423923
131465
984158
796576
932097
1052436
1274571
740374
697348
534337
1153420
1634877
725594
1127972
832469
426851
1192748
841462
1574136
486476
1591022
692688
605448
907236
475705
613646
878546
1023232
590838
1041218
1870695
793798
1153008
387122
1544347
1048628
1315262
1100503
909734
1068842
391614
962629
1820463
517588
1679254
1095458
1743976
1165970
530329
1232721
967496
804363
1376610
1093077
363092
469142
1688759
815463
1030192
989723
1039117
1045371
1031125
1048507
1511079
195066
715545
1032756
584178
1270080
1313328
877243
951447
1212830
976550
433166
381434
741019
641598
793522
1196833
1079459
910973
1382586
308142
1700794
1502630
1282338
1246602
1345455
1013258
648078
990929
725537
1783220
1173140
1318247
536944
1249782
833703
728514
1036507
1073689
1679141
1547638
979463
198636
1331099
1376633
288769
1472694
1106522
1060364
599845
967168
1180751
1573346
252463
1135855
1447610
1510016
684328
1408355
246361
665452
690469
1217893
482687
489920
738152
1052665
594528
523965
1009943
843524
1025117
586155
527448
442537
1316098
712333
922584
1239389
1542185
242962
759381
713086
1027895
221697
763208
908716
1200113
830654
1023775
1264540
1165082
1102216
430970
784882
1498127
860015
1031818
987982
572224
391552
523604
1729579
345086
111507
993093
633710
900041
1715649
676878
878021
504804
1418805
1184278
400899
1455609
610622
969161
1622261
2208769
1172189
958662
1951233
1387829
628726
1221585
1305728
1000527
922021
698682
682732
1244326
1517592
1132268
931520
647754
1146479
1237115
1788130
767400
454759
788800
810742
996301
1014357
1252003
836131
615458
1233036
180735
315085
603529
1200437
1420005
937959
906367
1223714
1499810
1436036
1392821
1141206
1478436
769715
1276483
861344
1427843
1473191
312524
999542
1233655
968753
1758014
1282623
750081
805110
1192134
1079245
2034272
1027749
1206880
1209121
301670
737078
930809
1204968
878686
374535
1026724
1211857
595471
985004
1762916
1406242
748370
1670339
1075625
603379
240903
727503
1668148
273578
872001
995125
1296241
395355
1220295
524709
709451
843923
1207822
1353716
1244900
1425558
955380
1008453
892123
664639
671139
943243
1044339
668142
808089
551513
1771279
1032991
1898520
895315
1849155
1179831
1727380
245528
1179925
1124133
834835
1594926
540173
1244985
957007
1328002
1473885
1328965
769545
1051354
433143
1029134
1572572
186517
630421
482761
773377
690029
880471
1440123
624112
526471
1181155
693237
836439
1502671
1051064
105435
1039727
1599200
1890425
2017173
1414937
726996
917473
536888
857128
625729
921832
1121436
1095810
934360
1082623
1542358
1679909
578830
917024
703007
1549199
1061005
420069
1279349
1287308
526387
278960
1314170
1014654
1084957
1367524
443410
923251
600361
1990731
1574991
1129851
461414
862066
699591
456117
1029667
1232082
409712
1551898
1302543
476994
820612
391019
810898
1568550
1558725
365999
449250
741643
1312575
1292440
1489082
1348848
1382535
649858
1438730
1179119
784184
1047923
1300689
843167
1034142
1104372
909345
985268
1554760
1836866
747901
1558837
1293385
1947923
963231
1520745
1173918
1543333
2032211
1284412
1308824
1186119
1485850
807108
1351477
870918
1243893
1186786
1190433
921450
1505797
983856
702235
984048
872997
1172572
549830
1546245
1368922
1093133
1539617
748793
1068013
1034967
932033
155728
1712472
758780
1339218
1199219
923833
1276021
1095582
868124
913739
998443
1545100
737245
1520892
1313232
494528
1669163
765455
716228
470240
949516
598056
826997
476976
940951
471337
901566
1000404
1408083
914839
1738856
792574
1012804
712379
1128793
973114
675269
1645223
952390
1668970
1352608
1338977
1159958
730572
1066751
841623
594859
1035429
500711
1329606
1161291
298880
541128
983469
737634
941021
727660
551897
1767832
945386
53192
817180
978894
1645314
1719828
1010269
1220545
1458734
1717941
1366450
825725
703278
167835
1104329
333238
1331552
1886861
346989
524395
889169
1785561
650305
1037701
1132682
1190306
917856
1126670
1475214
1360154
1039396
933262
829935
1199100
1616751
984829
1075515
1229081
736417
977721
416106
769522
972455
462135
1610872
731815
1612373
802237
1338485
1113865
1841031
293487
829659
1300130
1171337
1159889
845719
844690
756339
1891203
854266
849570
1277583
719078
1188878
1057322
1481773
1089219
1487200
1594858
684761
916841
729026
1452032
990519
1236619
1375726
797039
293824
1675558
1463594
1140533
881098
1292837
616400
1040764
1313270
1010062
375634
1554755
584835
540693
753536
1126438
595944
1512064
487653
1300352
1533410
586677
1697476
1967928
1181426
641132
731327
993808
711704
918871
1188157
713594
628194
1599703
853989
477584
1401296
971210
1457496
901137
872894
915854
1850878
1099114
692239
869464
1521526
1604541
278290
1005270
1535753
1213908
803455
988845
1467585
594122
1487527
1611041
963445
1305273
1111109
1125940
791416
850526
1581660
1029520
1403458
708215
1513315
984744
715682
1831145
1936113
1535601
773062
1594861
932840
1332464
1073408
990021
1593594
1573525
1250200
1036374
361252
934895
1236033
890081
503765
1073617
1614431
586472
896277
636092
121540
1320547
538729
1384540
1138870
1181541
915527
1270184
1669437
722897
422434
722522
700296
864808
973099
897954
736818
1374714
1290036
351217
854507
1930805
1443268
1982223
687587
469287
513249
1398672
950165
527253
653283
877436
901633
681035
396538
921596
1363468
477991
768430
1734088
1241400
1004462
605735
1012641
1115327
1238295
1543940
427056
712099
1525715
568659
588930
788479
740672
1353582
366102
1056280
1160347
898720
1156818
613993
1012420
686229
1400840
1248745
1114057
1420745
668653
1287717
1733672
656472
1381286
626868
1905551
787222
675913
943167
510085
655746
1927286
1549384
1060723
958303
1108895
1244203
1008157
1034203
1514857
935898
895897
524528
1696408
807401
1228375
1375271
1297291
1378185
330070
1187029
982641
938482
715853
1328315
553333
1115000
1187946
429085
891301
634796
1035728
659545
251856
970966
1361287
881859
1730142
1444504
815106
1434703
909977
983325
1651772
338506
1210931
1066140
806900
1123389
1535388
750522
869138
1627964
1491832
899959
774034
1477113
932204
1166049
1367544
1168248
648364
959785
493295
389394
1287259
798423
1246688
831789
712666
284468
682808
1043950
1252979
1087978
1439485
1489364
638764
725525
946075
1589190
991333
356792
1242261
1134015
824161
503880
1286607
928149
1000822
1450898
1192743
1891139
1279523
1238710
866379
963862
497758
1158640
731631
774102
486150
295441
763562
1016049
1276071
291287
303519
1375075
479627
740458
1397859
1628385
1042598
1759469
813988
1141202
996633
918934
1056050
596039
866320
731002
1125935
1241724
1018183
762815
532893
369111
258183
840097
1055239
964450
1381946
962372
894392
778722
878362
1255591
1135730
808823
1181269
1362810
245638
385592
358873
1376462
861082
906182
1037483
346866
1453436
566859
860894
899384
1405776
911972
382968
1076000
340098
700829
275911
1194208
1057270
1097226
382571
570599
1254911
461888
576399
922261
2120618
1448333
381079
1118542
768274
1150098
1402254
352944
921985
818770
1153617
668697
1013095
779865
637053
267766
1424244
1014739
1145080
1472959
872165
1086312
1026200
675648
1504002
662189
1847859
669997
1210105
163325
412107
1623101
1038315
1196329
965585
1038882
971866
1772194
1257541
1605009
1432784
778163
387023
1783580
935041
1370306
900758
1649104
1215085
1410333
782730
1364425
1234442
951701
1141118
1761145
590691
1691030
1031271
1307348
546023
1513311
609228
907655
889422
1039416
1157934
1209690
784714
819023
903623
633987
769114
1571722
597133
880819
639367
419718
1012399
851364
1001720
1288569
1259728
99558
1229159
882513
1028508
1574495
897244
780135
604713
1137825
1064183
1794187
1041401
1259430
893061
1698865
1223342
1348326
1526620
1553926
1488038
782602
177554
1698828
2096428
1420971
549238
265173
706207
756873
1141844
1650492
981886
1465582
1073684
1258897
1473985
940974
1238165
956470
1533575
695035
1408218
1299933
1068521
893643
543398
1190724
1475565
1722780
951161
1290848
1549229
717155
671490
1338326
345231
979314
696492
678071
1172774
513736
266076
844383
1368287
908332
1524481
664114
1155509
975810
1265015
747100
836714
636066
971914
1113206
106456
1042852
398593
1310878
336146
1696381
605379
729378
700717
1780721
479297
478936
476909
942902
926465
759627
1071132
1321837
1565227
1038523
1355238
808660
1830615
653293
785270
720973
703077
1318725
1010167
1759653
1126047
1981956
913432
1015672
545724
1149502
1089931
987955
1296827
1711744
1153194
1413372
748573
1404580
444519
981366
734991
1034016
1372269
942435
785248
1721069
746774
1583714
684004
1134677
743890
1673992
1024866
973948
417972
677195
633286
546330
367802
1099481
1375433
1266150
599375
1723804
872611
629482
433156
2159953
1702979
626188
1986518
699746
765717
1010892
1152093
518281
1322464
758331
609898
690575
1068169
1005645
1266096
710297
913218
534985
1160975
912429
979350
903255
1053609
852756
1377745
702001
1490469
623985
1023323
1011970
1474020
689282
1247640
675216
930350
945758
1176289
1452613
716212
2262326
1235730
725672
1842875
459184
105831
1639589
677562
1074313
836467
1284256
679444
1015924
1280335
1517460
400485
1483267
996322
617314
1711904
871279
816799
1377705
1224631
759288
1079686
1549136
1566778
1224171
1408714
526602
1506648
1480739
654176
966319
688703
1486829
798945
658031
1553350
1397999
1263566
1282160
1117553
1685126
596488
1197269
699893
1790988
826505
575756
885781
253234
577770
617524
1425867
529714
1167060
742112
414827
1844099
1225347
722985
180808
91676
735177
1129686
342548
295475
1159993
757140
989242
1353255
506690
1417350
1285305
457197
693276
978521
1383900
1004063
714383
584238
780344
1461653
769764
739030
725295
1088516
845288
1047609
975623
1782522
985914
1545980
856524
826522
1592091
1053229
544178
738147
344376
1021828
801772
967904
140023
1407813
426365
1221579
786290
1016313
1029360
874157
645430
1277287
1384925
1147718
1398407
1713693
794282
681430
498658
1915012
1443080
779231
1492445
514415
1046810
1287896
1374742
523970
1213286
397894
714996
793521
817673
1176535
724823
699699
1158926
893176
1083708
1054876
1055547
660529
687167
600513
1280246
916063
1275775
1679015
1522821
1299628
711062
1212970
1414774
680809
642712
559682
1374198
1275179
1724661
1022994
1081673
739853
1616021
1017969
1722800
1259539
652093
702634
1301546
515001
627955
1272086
1322092
757980
975301
931988
1368476
428957
1231915
1550752
697008
1336607
465943
525020
869003
785882
778600
796030
982041
645853
524092
1455966
1480307
733651
507902
1225104
415137
139915
505650
1284779
1210842
926867
1122153
952919
318333
653497
627949
1254015
981570
1309122
1636489
1126196
876603
403422
670936
854473
1053640
668007
1715614
1112460
1098149
1346653
621593
1304997
512123
568211
1203913
433760
745449
1184720
1386096
730715
945884
791416
1384289
1213909
700867
1718029
1314831
852154
1835029
866540
917943
791940
1044505
389136
824688
1035038
903297
1316900
1561294
1398758
1266765
774007
787382
1832627
715771
543766
986816
603597
1847934
1316516
951913
219253
800663
1686174
1746112
1300502
1194377
1284706
1121525
1346036
1344627
1101375
533241
926051
876429
1494044
1794214
640434
671059
620339
819946
1049134
943481
1190505
402314
1464598
223675
1637394
505848
1116422
992171
911222
1277771
870977
515880
1292647
1473542
645537
1012684
579007
91987
1077519
1223381
1016509
1648953
602565
1140263
1322271
1454645
576459
1016511
1002015
1064041
564921
998138
623435
843851
958160
1585265
456969
1683262
893759
825470
737273
237823
1741471
1151763
473560
1959193
1411752
609527
977556
1488293
1315878
1011163
1213189
834561
776181
1012249
944205
756946
1469950
1174426
669910
1115343
750464
682810
753141
1850355
718295
1244941
808060
1270053
2110140
1108095
821273
1334254
483998
323004
1182175
1332579
728056
1280988
1497886
832846
1591973
738805
1138273
934827
933072
1332496
1011451
1114516
1138837
874522
989345
935993
684408
1743530
1241414
1030782
907099
650661
1368039
1363731
713539
622298
643018
1185823
445398
1394624
1097742
1710551
605847
527028
760364
934233
842651
907411
827100
1437047
1453833
803041
994419
581422
940172
990406
888124
1527959
712216
1427884
1131038
673382
581297
664180
1110597
1830530
1445352
1563476
1713274
594255
1170073
1581310
1359320
1057160
1395491
1290387
1484114
322247
1227703
781633
1230418
579271
499099
1463320
1970886
1143753
1185673
930475
804561
1109487
1327661
698074
1251350
1263873
335278
1596910
1035810
351577
944146
1139743
939809
719811
447094
810359
952998
816443
1547424
1191143
1703079
661947
1746724
1168872
791155
1618503
880826
1098679
920251
718351
1432690
856360
1977728
412035
854263
1792220
1079512
1038268
294493
862792
1562410
880221
1624440
215147
833325
1207256
1612265
790691
909389
1120902
957816
838919
1335209
1549441
1300047
1299945
434759
743994
1695160
1260137
509646
1611132
747872
1492365
1889318
1244321
678552
698835
1198080
642317
1646296
1005638
620636
1134938
1652347
535538
1079656
1799547
1137888
954462
745762
1050253
555966
156696
1058147
1252156
896013
172661
997160
1125661
1344972
1386581
1648561
1556073
755606
987246
872434
766558
556921
804245
1011080
1645601
1507687
382846
1452841
1162665
962816
1321289
1145378
1050347
870103
1728729
1446179
618924
860592
1703038
559913
1374559
1020445
1791688
766693
1813228
907239
1361410
1098225
1593713
777963
1092386
1819035
976895
426137
1267633
1896108
1063592
1342123
1131229
981362
841668
533803
730582
1520398
872577
892788
1352868
1399818
580327
1663869
589516
1238002
1398519
1265138
579399
945069
1196254
1388323
406863
925749
1670496
896365
1733005
725349
1291286
901439
1127567
1524670
574142
1781173
1496098
1027194
1551619
713478
313387
503475
1603245
514533
1872626
1255989
837127
1627066
1258445
112548
851875
768137
1527027
1374635
1129922
712438
654623
1037209
1488001
807266
739319
1087161
1365239
973878
708372
342332
558883
1284277
588026
637075
821725
937714
1526701
1019870
587113
796446
1512747
1703627
428617
1784002
1346073
896624
919361
999655
422660
745380
1267967
654197
1150559
856406
527406
924167
850306
2080059
1847064
1461801
1069792
1231093
1007700
1617221
1216508
343700
1548039
939005
1136098
834790
947792
1342587
1089488
829618
537193
762648
962402
1760008
567371
1528015
659052
983558
829150
499857
920977
1145699
1189840
953872
1204063
944289
607288
782164
971483
544498
1422159
1200626
1355458
1869537
1287006
762397
1786372
968342
1413506
723529
1097996
1441727
900551
1566837
638779
1589103
1392682
366168
2040622
304533
1799357
1037355
1074010
534998
482840
1514729
1144655
1012149
593310
870609
1024923
2224144
984128
1237204
40095
1108703
590288
690268
1052879
1078635
422967
610615
1059660
961073
300323
740815
690627
562356
718804
972703
1090424
490626
1488118
1134084
1472263
1156429
986543
1606644
738646
915628
1429357
769554
906372
1461657
1119061
910461
1256862
998815
1293698
1185984
1646596
1437661
1368473
465109
647470
1390326
1224110
725297
1328704
1518423
1098810
1368822
198123
1528577
942112
148708
830702
1078973
1399097
703221
586901
1041838
1218851
922220
1605524
1084327
1003337
1641865
887532
728920
1257545
1122757
1194293
668688
995161
1457943
1345824
1610989
1481294
512641
524956
891978
1417190
98080
405354
1078663
1435782
780214
1542738
176520
748553
433537
1646708
1008936
1792671
381737
742880
302548
2115824
1532724
1229643
2185436
1445247
1018193
1205766
1543078
1411445
1095967
1193669
301667
1126528
2338414
76845
973676
964806
1339318
843957
804930
1606319
509230
403727
645884
1386523
661590
369543
1666230
777920
711284
580481
988190
977121
1126155
1043440
794058
2068762
722804
968659
1114458
1364995
506496
1027054
1952260
805319
1441159
1467723
1289429
1149852
863452
608681
973053
1147361
836716
637324
1170586
892466
1247689
1057112
648634
1602852
705620
1466565
978599
1913054
905949
1014749
1393587
1005178
818748
1277866
607128
666330
1109318
1071667
1633512
1602696
753120
1348520
1514712
756689
548968
1773142
570791
1564898
1056681
980379
807858
1606256
209761
512810
1501577
1276650
1327386
18149
1029742
1063246
1686224
1666862
797884
433280
1806683
1323833
1168425
1358237
1749942
644649
1280971
1221425
1214240
1509120
1647030
1612649
808210
655885
1083939
632132
1185562
1079571
1612981
1354219
1210547
481961
888832
1352263
486116
560797
1045057
1121285
1049219
786912
717035
887442
1391885
631779
1262216
746466
1714469
1217919
1331790
1478658
1214515
1255449
1407411
683909
993885
898770
608025
1374836
755144
1276259
1074210
843374
1270181
898534
1220304
1096458
1297752
766167
874760
1214966
774706
1603874
921874
1143565
258022
663323
1084950
1252853
233828
1028745
691244
361166
838107
1440293
970498
1781509
1078954
1654957
1464658
885120
1828134
738663
1256609
780126
1636360
872526
928946
922444
863997
702480
727529
206881
1747566
598839
1060959
936802
891935
1824458
806494
1286344
1088649
648233
942345
1052008
1052689
674696
1915567
1033950
1619486
965601
1509955
305222
1489691
1375781
701472
629624
1309014
461086
1434526
1238865
488258
1522548
1655079
645765
637004
298834
1038949
903909
866422
807872
592673
1665162
815227
1235242
741154
599687
1373524
650744
472593
617918
410083
446670
1098527
496350
939670
1806391
227704
1136203
801017
768201
1213429
1043258
662727
532683
586248
866209
1004232
977887
581777
779768
1832110
1600707
1099840
778274
1797124
1297614
1379371
1392379
1206954
889990
907172
1884220
939296
1453408
1474503
1033282
606409
1023236
1292784
1025743
642588
274944
644037
274008
1207443
671905
272203
617096
988186
1971129
1176572
859312
1238110
1082476
1132478
1004318
1908988
1048434
1173979
1298546
1313634
620038
931297
1009313
811157
1176397
1078382
928263
532165
1212495
1030459
1293061
1506487
758827
317619
1981706
1272330
562006
549954
1162837
830480
1135922
1095199
1393044
314449
983528
378485
1203932
627282
871955
1654823
1478064
1130454
426354
737851
682373
1290206
1037320
1012726
1620084
1103578
1265179
856817
1064807
1345979
1241776
1351276
2124463
1948395
918035
1266362
432387
1167707
1879573
1002505
338980
1323565
936244
1483273
834463
977716
1018853
1408041
1192184
559387
1230064
1240083
595576
1057165
475157
1566846
1048291
1277760
2049516
940018
1364245
1234173
951759
953214
848441
926562
1056710
438839
616332
1101038
1602942
1238199
1421148
1406395
580024
596764
716726
1751246
1481666
1101286
1012462
1199989
1576775
1291008
609225
1446546
1580681
1307055
974524
1105256
643210
1715791
984717
957523
664293
1051869
899820
1650035
1359551
833570
2046155
851155
1634844
1455682
1122098
1149703
1250083
939451
1360905
1061810
1019084
983075
453540
800153
1141892
641187
942761
1207456
947621
1101666
1168930
1082949
850520
1301839
824953
654805
604356
424878
1146578
422969
809771
300549
991901
959344
1142617
568815
754336
977273
1527246
763733
436925
820025
669930
724098
1478505
1045378
642558
1315112
1583990
832738
642855
724645
1220376
1301657
1488973
1186996
1213789
947738
1486843
1474206
1897954
783608
1293816
709054
916016
1279461
1164132
1026478
1269640
1483921
741708
970719
1338642
977586
1246736
469810
351403
1667143
972074
750273
1640770
1217859
1683821
1365004
1342686
1166706
1075043
448719
358232
1560412
1772763
1719985
541771
945373
319473
1151332
1001916
1282958
179270
1360656
688635
830869
1134510
803941
1154238
1328392
958887
1445830
438622
738166
57546
952081
1659845
826863
921716
603068
997373
869269
1163177
1488017
697007
1380068
974249
899883
1215336
531706
842019
503594
1715837
532369
416208
347578
831774
1077131
412952
542066
709973
611505
1750077
1204293
567676
1345945
618967
1128022
1065659
1324015
1375690
615573
1638508
960276
670421
916314
1128948
752032
1020939
1318672
1169598
783754
874684
1207651
1448395
1539292
1273467
1179701
1266348
1235314
786192
614715
1281913
192253
492978
828442
1357639
831057
1223195
1007730
1476280
895085
1027536
372502
583282
1297425
1148422
2280844
1224476
589885
1025172
527107
1058624
1338868
705511
933753
763401
1356137
879979
663303
1047401
921089
857966
992623
1250118
1119978
906552
1982054
731400
2088203
604789
1537575
964389
1498809
809640
980350
1099869
1736263
535796
1257709
1425812
834976
1051430
812809
328112
582097
512646
660950
1391157
937145
1548348
888988
958263
1660341
1182094
1157423
1025268
282552
597742
1571672
1188853
342718
1424737
1349861
1190337
897444
1095918
1139016
946135
1380551
679628
1554963
882003
600487
667527
1595014
535523
689536
899798
1816667
1066702
437173
1500463
546809
1192110
1187336
951329
1261332
529426
1113284
1544156
1027289
902775
440017
545815
962975
1236813
585798
2017978
909553
1832028
1717112
1272909
1388843
989800
519496
1581943
666012
1469467
431544
858280
1018514
1079342
1632826
878928
1210568
529570
1542768
444885
1033386
1565534
1325753
1168623
1172541
1093495
763764
303669
826981
971504
1182376
1388793
944296
1087167
887645
878481
577799
971235
983779
246901
1328934
1088799
752862
842043
483152
1165894
425272
964102
1372899
1374382
827018
874283
740827
1155551
1585875
149713
1777947
667056
1174713
1638576
918370
1780434
452330
1385443
611112
808597
1292595
1252486
1110833
721139
1202477
1137987
1416958
657549
1196718
935737
1099658
1606710
1551474
1001099
608530
890077
1011961
979653
340600
839488
786923
1662386
1866443
320420
396264
1090452
1085018
467149
587734
668039
1542636
466855
593694
437867
1084592
1959024
241821
1501294
1268094
394140
1613049
1001616
1462070
912103
520185
899878
1436296
824844
984807
913782
1473439
1536285
144925
1566461
809437
863204
693422
1010298
833771
1245866
586666
872081
938409
1323769
1023925
1046828
498519
516677
1646583
451313
553137
1252841
1059130
1745769
1659657
1459715
1963755
1445936
276622
1627809
377444
936060
927465
1252960
1411554
1780749
1366222
1309698
867713
1471302
1252892
1341769
1211383
1542556
1417130
854911
298389
418632
364140
800657
735285
235809
794437
1906201
1185714
599964
1501514
681775
756065
1834174
1075225
1008145
337225
1091937
764536
752449
234016
598860
328397
1348699
706900
686111
615576
649406
564539
609265
1556290
838695
1131455
545434
689718
733876
809412
1051038
539305
854411
1152390
712630
407602
381418
1129703
948773
629000
309894
1643328
1606631
331526
1133671
813828
966819
1027482
995358
1103972
1027641
961437
926740
875094
332645
595976
1086284
1389910
1095607
826086
921514
583746
1097298
1174477
353075
1797092
1054768
824290
105321
1811246
654925
951083
1052877
1256962
957083
835097
792365
1496858
866966
1281347
907220
1898986
1211292
877118
493979
1304351
1300917
1046228
978045
993467
692246
1243891
2074710
1321473
889841
886352
697580
460775
530811
905434
393177
1060794
1445276
903902
1257356
1066238
801775
852327
1063215
1082311
1137850
1951584
709817
1016578
1365601
1410268
1480819
1281989
967235
944215
1215377
1287871
853314
985840
1134540
891235
975326
2114968
1167339
1038959
748834
1175265
659717
839159
435208
1209454
1338881
516429
1564815
756197
1147043
1083252
771088
825409
1225218
1348035
996552
199213
929293
1242028
1200435
1544925
1904139
1599140
1241695
1152471
990986
792763
1507365
1836525
982477
723807
610161
1029874
1160778
1296938
1045890
1528760
1539897
947457
1096691
431043
1072744
766066
1467593
1314475
1379403
1548154
870480
1583713
425027
1477827
1279078
294296
1764210
806504
835729
1268487
1083925
1120607
877391
789395
834683
1506639
614978
691038
591227
657648
931180
764327
1227991
1469409
941057
895272
623159
1331422
1495216
784913
875300
1499461
650629
506583
1908921
1035232
227603
311250
1546115
1367390
1713591
910861
198184
959317
305062
1281091
1853535
901775
969975
876858
2068553
974333
760405
1151246
1160786
2025174
1532528
1410918
816471
608179
1008187
855335
1518327
1007835
1259528
757854
764931
1290383
446651
705558
1488879
1229993
1317015
433398
712908
1143253
1753748
1667380
954037
1185266
1276480
668676
1073014
1398129
674779
685334
786018
1224208
1333937
1339129
1281870
1209083
1569359
1204947
996639
850499
924412
876740
1385786
539497
672090
716378
866308
984232
496346
965994
1290062
1030358
1105058
1236884
1717582
1866997
1096796
1415103
972634
867711
736057
682960
1623306
1092968
514971
1311191
1114079
1281475
286976
581802
1205782
652567
829860
422558
765639
1346590
1315701
1024324
1646147
422226
656073
415321
463327
2120174
1090030
968240
1113030
863374
1191469
1054038
931618
1590842
758862
660038
1083850
838201
1088489
420088
1030604
833753
1135613
805741
842294
580252
1170291
967554
1119636
1246650
1399609
1620523
727912
723108
773129
292304
1205553
2094637
1063825
1609711
625684
1512963
662198
1142172
849037
1109155
1074484
1028637
817741
1421426
1328010
753037
1089921
768366
1460232
854451
1270418
302501
820057
1006004
1060760
894395
1336734
399682
439299
1495739
1449341
1352461
429699
1186494
1265790
732302
930800
1558440
1712939
1254650
1068363
743462
681285
1290653
832983
933165
899208
731609
925208
1052467
530106
580733
564884
810549
721059
1136083
571743
1146578
355419
1442372
1201716
775692
887646
1203672
1601315
1082313
513450
1131879
1832268
2133896
860132
539794
419815
955460
817647
658249
1377288
779025
746123
443425
1488957
91775
832722
1220369
1523037
1206770
988306
466067
539650
1357842
596830
1027966
631934
438519
889690
963369
1043702
812356
274961
1412360
731782
186959
1100736
1633581
1006853
1048919
287882
706825
838160
1797025
1646886
1638790
879900
1591631
1097655
641173
946004
828636
1206061
576137
1064019
981711
1024668
1735644
984243
1397484
451087
1359847
813407
878818
234836
1086394
739544
1672793
211666
778545
1318366
1233286
1053152
1168608
811759
1369633
1133218
562684
1433024
1474262
785464
215264
840641
847230
1025259
872434
1411446
891570
693921
401328
937043
1264476
556181
1885963
1967751
1016112
1237671
1023998
481644
975101
1794133
223583
691910
727435
1149204
1034727
1288782
494811
1363860
1368189
1792121
1250793
875937
694732
1387814
1683070
699834
903481
775102
1138701
817657
1330534
1286083
1547036
1481963
1472142
1433885
1112645
801902
942506
359282
602274
435868
1235534
637993
1114971
660395
587763
1469222
934421
898368
1134118
1372804
851620
1035722
442793
1042369
1114724
637850
873005
703244
65730
644420
665999
837033
1530041
995219
172698
1016110
871855
224337
1058295
675510
876992
1053289
1374404
839001
88233
879424
1106248
1019302
1289656
497684
2106648
485780
778305
1384061
1244328
702519
941335
1210310
578249
935143
1010527
1537692
1036473
828852
860898
478623
881514
1056525
677855
533542
335286
720841
1683856
1297589
896361
881063
105378
1051419
1048861
769235
1173361
935805
918515
788525
1073272
616249
1531913
606160
726257
1132298
1147323
930069
678117
305995
796475
1134722
898784
1996996
1313195
713573
1935012
978828
739413
420221
1187122
1494496
1629229
981920
808475
1302175
710740
225804
523769
1365924
766107
871033
766740
586381
664127
1067314
561010
881597
1387777
1722754
652607
451387
928485
1485554
906016
1145767
918807
840267
829609
1263855
263673
783303
1077562
1506552
1584581
601528
1159201
925473
1152248
496194
1029615
1490451
1078696
902518
578923
1503055
455485
937273
1159848
889388
103287
225783
814113
499866
587803
828438
1004573
312100
1409869
610076
1352823
818945
435481
1704470
923233
1264107
1185923
351272
1391292
916698
678928
1213461
637345
856331
310571
1051344
2081229
1622818
1090417
808138
835421
1286255
1393073
1477357
432930
1600745
678236
1965557
764032
1063434
2046718
766112
1201016
1064779
1033322
418186
1141767
932883
1034740
1387586
1258726
1195787
415534
1628686
1105095
211761
1206324
991079
1065837
1681769
1400212
808916
979077
1240851
734319
808751
1414111
964812
492621
248316
1032047
1170487
1426067
1328395
1836321
1076885
903871
1198704
691404
654865
740036
1269127
1275873
776484
238659
672597
538028
874695
840571
1039925
1041633
686651
1205444
689096
927388
810333
620018
55551
708063
1295851
1402985
1299982
635353
969970
862696
1123128
490999
941008
348692
1306067
975203
623822
1527156
1437775
420204
1161277
552100
1254873
560596
1269525
1390791
1476004
2070162
1323400
1134778
635470
586455
1249063
310662
1006459
328715
682532
1161383
1073300
854486
853291
1136722
922877
1115504
1051855
951251
755241
813846
848943
1242181
1138097
1439877
1101231
718136
751439
957767
1072115
1725763
999859
1325444
1132627
1042320
1024938
1136973
1459632
1074681
1336973
697236
968393
908552
1454684
703177
1763642
936723
1673737
875207
1887208
605111
962792
1173076
1440824
662808
1335285
987675
1184135
1665546
1016796
131235
1361251
687753
1369555
1218922
1255000
1350168
1584870
1647516
1045729
391391
744634
935413
448945
1221032
588359
1154352
1321670
688899
896482
392632
1942611
1193276
850228
1090553
919764
445499
785649
1279334
422440
491955
1408772
1203667
632572
974006
1067250
1019909
1510093
463533
494301
1167170
1121700
1673385
1079674
1100920
722388
1013211
1288576
815655
1123260
1290133
1364880
1030305
1488771
884577
758373
895690
497062
1522492
1083477
966603
1260465
737556
747927
827888
1040174
960062
1146207
738216
365800
446798
525956
664728
711742
983176
932954
662585
721025
1565074
927559
546081
967062
1063763
677104
917777
1271084
1369837
476170
1651333
1007589
1431539
1306028
924354
699972
1920231
1848582
1054381
1392066
440146
853577
988802
1138483
674618
1277067
1767416
1198592
1517774
1266243
875619
799779
468872
1043435
880370
1307400
809261
1417658
1266222
280979
905136
1035040
750759
803584
149109
1191468
1482416
1379338
659505
1055261
695622
614611
1825938
839646
1644390
1142183
1063572
959750
915322
599544
1121672
1049519
445108
408547
222136
1303965
1254062
554357
503725
926430
796209
1319918
615130
997852
1111820
1469780
652511
1078461
893099
1525978
1720980
1689422
125112
523729
1080873
1193651
693893
1169321
1141640
1137685
1219660
1465510
369257
953382
1540062
1144171
907351
1029868
2067427
703770
1891508
1218761
532689
897184
1861541
840278
2100407
756504
980893
731596
1218672
1042072
1224583
1307439
521526
665224
1018219
1325696
1173194
1318611
1299741
1053196
322718
879301
1033124
1263025
1202044
1424111
816317
1298822
845357
1248262
1190452
419836
1929357
661370
1486512
1123736
1241739
1888474
1687491
493903
789824
815134
895175
1173975
1126868
435226
557570
1396184
1176855
996735
585759
950334
595407
832411
680518
478726
1342991
1537564
442142
883485
563988
753965
1266482
571228
1193486
814928
649393
1457226
1137317
991188
1198471
1145699
1070102
1756786
511444
1143334
1304393
1120372
1185070
1556631
707174
933866
1228577
799047
973851
1354300
1188873
1089628
510524
709193
1165147
1634372
705467
1888691
1177703
1051601
1781526
1053678
600400
1708096
1055758
1566722
1652165
580627
792764
1740008
865027
1481048
149079
1412847
965498
1278168
1034627
848191
1074094
1039447
1249138
1294665
953556
1199493
74579
562432
574997
330774
784054
719812
1610563
941741
1023917
1453233
1034956
974125
1145255
920460
1005490
728126
417792
851030
455870
254591
1622770
1607459
177794
1111458
1122940
895845
1531357
764309
1159368
295076
1186476
710981
911013
1457807
1008757
927472
1069902
1097444
1258471
1323802
633365
1097748
1882136
892598
1470179
1616233
908259
439188
1145244
717431
464494
398745
1181987
628578
793240
748576
615327
1998330
1637383
802021
1583277
1035672
767073
1293278
1770316
1311883
1524209
952028
756244
1152367
978825
1307504
846296
813474
2040653
722540
862094
951192
394821
779046
1073951
1006841
924950
1175418
1296471
1885184
1178590
1168399
325559
1745757
1087609
623981
1202051
1216885
728665
1624212
946721
1407013
1387289
1415994
1475790
1143421
757162
1295702
1329205
776876
624950
1055686
426456
1727774
1000686
1264704
917755
654853
1248443
988776
1545255
1829171
1319033
1087187
1495708
1115397
837759
820049
884103
299656
140071
858549
1081748
565013
1130074
993090
583118
1395683
1140073
1410387
549207
999262
537874
294516
467014
479002
1435189
369233
604442
1011597
849121
1320288
742313
1131313
797886
552138
784736
1573342
635328
1627502
1201174
643481
277137
1607540
1600417
488225
1317508
679573
1284614
1503356
1507727
1126155
883360
906645
1257373
839575
1251769
760920
1182623
913516
562185
1316740
1259153
650086
352471
1016323
1428781
1068493
1238652
1221364
1456831
1190891
734197
917083
771852
543863
1345656
391259
656212
770821
692332
996000
372276
1080652
1429304
894557
1529124
432450
1409613
1249114
1349047
1009551
1005264
1670258
1377073
1668412
1320348
539190
1036378
1274267
1123643
1247128
1789764
1119008
874745
1060413
1162668
1346983
354291
305162
1125858
618933
851077
1619108
1644769
985158
817133
939766
764698
887385
398024
1770349
617411
293158
1480141
738885
1133559
611515
1512985
557006
2109302
849991
1260173
1532656
678366
1278830
727598
1482207
1688119
1467705
1182068
935466
301038
1439967
1269169
960794
1038572
724974
1607011
1482892
1283850
747144
1015190
627705
225187
1440590
832454
299396
729480
382715
1262974
418843
1092182
1397182
924039
665759
1000938
143650
1104606
1360970
1396649
1304810
1312974
766220
950567
1185678
347355
1404021
329669
530347
441832
1042358
992657
1264697
714430
899380
1078977
778766
913415
1586449
591764
570004
739513
938018
583583
1313652
1797824
1438466
990129
953482
720025
443834
1054556
968811
771098
469522
1500792
1416859
1348590
401181
1111483
629276
605443
1233948
847302
1033451
1778464
181750
1275175
969400
1516217
809204
1267915
1246109
929584
780697
1241763
780309
1236577
1265555
679040
997359
1678381
1035232
1197253
678572
717464
727045
526591
902009
796507
1327689
1031420
2044143
1049949
528876
1693596
1560938
1001021
1067919
1286914
1068103
1260784
942496
1156396
843770
718562
823786
1216082
1110058
234155
901069
1266158
698311
757046
1425652
1630837
461337
570311
1022398
113857
804558
1385883
1458249
755752
1193129
763367
840536
1010054
1005099
1943488
1228477
339014
1869595
1355088
956557
1128432
1614942
1245440
1030932
504769
780321
1130962
1171283
1659231
554067
1572089
1254247
1067963
505557
1094744
302000
919116
999005
1506049
1799896
1414033
1076830
728977
206833
530445
1915976
1539761
1895191
256952
1599647
626638
395608
995450
439294
501754
753391
725200
673852
880223
1264708
899625
1337747
1309660
1237754
1675195
1495741
1005913
1212503
994433
747611
1500258
1173904
884366
1203047
945326
1055329
895147
1178550
855824
1041041
1065540
988701
985221
987774
1015009
732358
1156024
999324
355344
1168056
996938
1021781
723460
1255240
460981
1224751
1133069
438053
1297337
639239
1854507
606026
584141
520339
525192
770471
416603
227298
1044785
706769
759575
913928
1500177
1247657
2262191
768348
595602
680857
673680
570114
986526
796270
460210
477575
790565
1195249
1036778
464777
1837870
1303319
786950
376469
1325641
31112
981365
1164030
374356
1310580
1063776
890827
1168978
1206458
687578
623274
1050057
981272
668327
416388
1844083
1606618
985938
884567
539303
950118
703520
899262
553673
782829
823399
176406
693226
745334
416789
2272053
1265041
1176838
772625
1344234
1176463
379012
1528449
1436462
1108574
1194610
1925982
840827
1013485
963139
1779677
559382
879777
351133
1011812
1697090
1386765
1584654
1110678
234996
1292606
869974
712630
920584
683317
628629
646348
1195887
606888
217670
1421357
919650
750272
861643
1007284
1605226
1221635
1208362
704937
1078824
1473649
1477846
523168
842903
1232221
341847
1421599
918656
1424790
1626873
1138323
1195550
946872
806245
1309589
918209
597839
958835
1381351
1626839
1226440
746806
787951
818694
901403
662704
2019595
1439848
2094469
1468657
415892
1288986
937791
678609
1141842
769182
1283300
653729
518041
938432
1252874
551840
766110
784058
1117125
1358712
690365
1830623
910845
1330609
1545158
410463
880087
1083456
725173
1128087
175965
1393510
1248864
1887122
790258
539696
1580584
799142
1478766
732191
1016043
913606
421612
522011
1583508
1189043
532828
982305
1000837
1004962
1527249
1417134
1830451
1375751
795772
712486
850364
1258595
1327226
211769
964590
1797316
978683
768352
886144
864574
697428
848614
1510591
1088223
1555875
1072101
1408295
1134323
934311
1792917
1212480
1175095
829781
477006
871061
1137182
727745
520099
1463297
975806
1101868
625204
1326477
917635
802715
1432553
1235833
1790980
702323
431918
475915
1348026
1396593
942719
368584
778050
2017532
1488608
1280181
683682
1419669
389134
1157336
591172
683774
1031350
1159868
1780689
1112612
1348634
688993
1396164
820701
1553613
228649
1343655
1565818
1232466
1323439
822949
1743687
1304380
411327
1126015
1045912
1101467
824775
974535
2035095
762575
1580340
1127130
783913
1298760
2144236
1515839
1008959
927193
1050381
1167845
871686
1229335
1089680
1139200
998249
1348920
394556
1790186
1563243
1260149
1314207
1230142
985048
1285546
1328631
495039
1505427
673879
992139
766405
1012647
238978
988646
514268
908693
1154954
757774
923858
489764
977073
331746
1362174
687757
1418842
1061623
705500
1246700
700871
581176
595675
972081
1217375
1525946
747639
807915
1170710
1121499
1142072
216336
995440
864628
637825
1667981
1496848
771489
1141287
651460
519584
630548
1068072
386011
1558191
484377
387407
1945187
675173
1630960
813121
1350048
1044515
1291221
544344
1492987
407080
960611
768485
1093999
1187108
551116
1482857
1231211
1482814
558064
780917
1490355
915788
789241
1249334
1330963
829280
973301
811263
1517117
915059
1179401
828891
1348185
1109660
491760
803935
998931
1334948
605037
797041
1140380
792784
1366821
1126348
1934892
556157
847968
1205346
903884
623782
811912
915562
933274
1370486
1234303
1688642
1222771
1627785
795799
345776
586216
1085185
531071
1541740
737727
430405
1139103
1205249
711831
947044
881913
930740
1075015
856777
1061602
1054029
1165931
445703
775818
649458
291287
1523707
1032039
1516090
581609
963343
305281
736193
787268
657626
1341700
759811
770591
133649
401982
450813
663497
819842
983450
1185005
345415
1881523
832263
941452
877503
1202847
1280244
1059106
983127
1562572
970266
1542334
1183541
83162
1035489
1933846
473703
626142
1463208
1043575
1420272
1290712
1537152
997652
973476
657324
749258
1050546
1226351
1330262
765418
1106126
574816
1096241
605074
429998
791384
845335
711168
1609194
1659525
751534
1573290
666004
441758
442628
876921
875269
1111303
575336
954093
906683
1759632
652002
571221
914634
1500592
936778
1379963
361757
466145
1557088
501156
885049
1185739
556825
1280425
939310
488141
580882
959972
842167
1132889
122851
849416
1310390
1158955
1112251
590317
1823369
845144
302734
893618
926550
991989
821660
788791
234149
543353
1278891
943430
940945
701111
461175
1334114
581035
604200
1426077
831734
853053
1467188
536225
1350532
1091985
709970
682481
1313348
1525596
423336
960734
1359853
1564018
1698796
1019856
994148
815508
1613560
1543060
960754
1043638
1769313
673519
283435
1250576
1772135
500597
1134814
950536
882998
975310
1170161
1506887
1073297
548120
1552297
1043411
1924920
785588
971200
399735
1013894
303607
1482789
687886
693321
785534
748544
1397295
668091
558886
704885
1889523
995698
1058203
2408400
586370
1256545
1252393
1029242
886554
920330
935353
409986
1428741
935758
1246705
788095
1377065
1135694
652107
1076026
1271876
678235
701405
534766
438787
1879750
1441413
726338
1016626
1430120
768590
477122
730071
830625
1480568
718420
1519414
1620110
985504
1245983
426987
1201439
973753
1255679
1264344
982378
1924737
1438521
943532
605418
605279
775337
1323838
1386587
1771524
1521865
767838
1132048
685184
785071
1416914
851133
1446872
709167
1580239
1320771
886890
1462854
1110407
710291
583866
550311
824005
1590335
1487445
2195996
933196
1691430
294978
1627245
1421818
1807495
966381
444386
1590015
800129
2097663
556375
1305429
404188
1761587
1161576
1327758
1133386
1188228
1528819
1138914
1486805
229743
770567
485877
2050905
897385
1004016
1411511
1328595
1071717
974217
1175741
341520
886714
1072214
807757
1048411
1524589
1287187
1816441
1600808
1318653
2206293
1845702
633646
375801
1146136
962572
647144
1549401
977488
676711
706410
644786
1481751
591038
1211149
1832136
671699
1190045
1059710
946109
918819
1349245
1165388
1158995
1160280
1137023
1842042
850347
798143
1216223
963523
2383554
763002
651394
1050127
1179212
640555
927839
1165851
501678
1948166
472989
891017
856075
2126612
195464
1099006
1149721
536481
1204902
912279
929899
1160332
772304
1216885
469889
858373
641495
204487
1046546
1778743
833886
561420
421911
558639
974743
168822
1567573
199923
885029
975837
926002
927372
685802
970204
925900
1171430
760488
1529409
498027
836523
685314
939103
1320687
942834
1103829
1631298
189900
1317951
870930
1222668
712027
1050724
511510
1399860
1787982
766547
604968
986942
1138346
559439
1351202
676513
888527
1508405
1274666
1375228
327482
777487
661351
1671086
1037091
948766
1716832
1014528
610045
1019979
863166
2022318
820852
606666
264519
332210
1555816
922498
725219
956869
698790
766422
1293422
1154824
1606455
1000122
607087
972204
960766
724942
1370407
1157508
496857
1032283
1294970
1241506
1199425
890081
431382
1618541
866925
209689
1242306
1009493
1213460
904533
917207
627317
1018939
1282028
1204017
914349
560233
658692
1355891
1160026
886471
1288462
1735932
1103342
478971
907756
755051
595759
1004478
1043211
1088016
1153415
1589109
1129643
395821
765095
563180
1197158
252716
999538
2168184
453226
786736
1850530
852466
788453
679140
1616112
516919
709292
1474083
1641464
391982
917132
1027157
1309526
836597
1140794
800253
1674122
1554273
247407
1171016
1003419
1086950
1060379
900538
607198
758204
1073874
1245447
1329535
1057224
1012587
230752
1027549
1265168
716275
1171212
728694
765762
1586967
1320523
895043
824504
1113134
1010114
844997
845800
483405
846626
322182
718925
1805547
1161162
753741
380691
857979
772139
441549
1167074
730739
1624634
1002545
606182
1147003
1109510
903991
433406
575649
1529007
753799
1066363
928859
1594439
1973489
1394994
506028
630443
567390
1874783
929897
878177
1089869
1397047
332925
485801
454784
1216682
1079728
258791
1354475
405707
1191383
842992
1657603
834510
998995
1071157
1430991
1048759
1058909
722160
513950
625197
700062
570077
638942
1158292
1130558
1131689
872228
1592024
411628
984083
315878
1465546
1007630
814725
922866
1130972
791330
1382291
2006208
923030
1438434
1324442
1247119
847886
1376307
740848
762507
1020658
1098748
1609128
521510
1205846
497584
643528
1225083
1365900
1531840
1181837
1677292
873908
1522107
591219
1587990
1261202
704790
1406658
881654
1484981
938825
617208
1138962
922224
1803664
1076726
691578
1148747
1247972
152995
819901
849077
1478852
1289472
812957
1579520
1974596
896849
901338
1231138
903508
771595
870543
617280
1036435
1026908
755641
228724
1707065
1310637
583070
1376866
891567
707681
1495165
587392
572503
595239
1197251
702288
1348768
1857773
965755
1724835
1564133
917902
1198064
1666601
1359135
698284
884173
1695574
639866
1678173
1371649
1555803
641480
739362
1384977
959704
1668136
1551178
1369305
1176352
778853
1110781
943895
942056
992742
667014
644604
909992
582410
848466
792588
918729
917260
1042498
1019985
1486122
1010661
690416
603724
155746
724896
747121
1281886
1082014
795585
1416124
1520416
326442
618616
1566955
935409
1160880
1227350
846503
741200
496592
1407232
1076058
1021959
425519
971003
1571918
992980
1542881
939691
745073
1564386
1372660
1563864
504352
1185230
653747
1011058
128640
1540362
867679
994797
938267
1976987
1375747
661314
733346
193108
1319693
504777
1111267
1508609
1054994
1697144
944199
1108897
1692895
1287502
915037
858062
1528938
1311668
1494339
1117094
790746
1117271
828718
713033
1197915
1677282
1148475
1356263
441426
1772851
1470802
1269808
1449476
1446529
716881
1269895
989665
437354
1419735
1735069
1306661
107759
1406742
1293183
1023293
1026694
1420202
1272338
1453674
1876540
803249
1031982
1445391
492419
878451
794835
681144
722568
846057
636170
856722
950139
799347
413278
1439705
322391
947052
1428318
305113
361824
1652456
1110381
652358
354678
531088
1273859
1072814
958024
835159
1119169
1057104
950363
705209
996935
1102289
1650123
1428346
1104141
1828531
1013437
1422417
1203135
1000927
1231904
736587
1139066
515056
307745
1005478
1110363
930910
1124973
1208620
1220027
809229
489007
739107
779802
733133
1133983
1066269
646381
538690
806745
565655
1661816
1725421
1389036
1046783
987715
1377578
1505487
1736902
756318
1946185
1374903
1408793
1038140
1336225
1163481
844809
1615016
264350
824077
599064
1111094
405280
1242543
973995
713222
509969
836000
727067
1242455
1520532
832025
375978
802179
1909197
491883
1853880
897835
1509104
1198434
1348036
1510740
1181153
758795
302224
1107348
1183078
1730379
1022999
1370428
1115530
1621652
1781659
1407268
541630
955532
811169
1853647
853211
1039896
945358
1830878
1404557
1508412
1022140
1035659
1236211
480593
1455824
722751
1222923
231618
743216
1479563
889815
374615
134109
512144
856032
1514401
662773
1389224
1113610
673241
1593528
1622539
615403
363629
1341395
716556
710014
537639
1017685
1537795
1538264
577036
987899
1229677
661908
482598
1985817
1856158
1829620
844564
934888
1287788
360859
334927
1240828
1046422
1168630
906077
660945
780283
1312192
912095
468812
1018946
934980
1087125
953076
559772
838998
557016
1621178
1256358
1065454
1528060
1769478
