1107030
778734
1427274
997300
1183684
595497
1367065
1436402
132158
1464994
1306732
1579403
884708
529156
500599
221637
763166
1378229
689503
1027768
838201
725023
2231133
921750
1123792
1577635
1001843
996551
857072
880619
1299000
432505
902186
492151
1096547
936405
818774
154406
1361521
1501708
1531200
1544735
1406079
659781
1273513
692385
713530
728673
291566
1044672
1563423
1424375
305406
440566
1534310
902529
756613
1515800
1614665
582747
418070
1308296
1781772
1159671
460447
333036
1395859
1380087
956860
1499040
1443686
923561
663382
1176571
986562
849978
824045
1121954
941364
1394755
636501
295800
1089878
958032
1209546
1155892
1211581
1297676
1968737
1606391
711181
925887
651453
1168383
1500873
1381332
903081
660652
1223982
455529
965713
1606058
966945
973847
576300
1299478
854562
772599
1474156
334902
376343
666452
931192
1438764
1305071
892395
1452100
647682
951297
406776
1076082
1430253
865911
701914
1281637
727261
1264802
1315956
1274425
1638342
1436573
367091
1309421
1623209
1072058
1626948
1630708
1062963
726453
1144111
227876
813936
736454
1790865
941489
728625
755554
1437558
684807
806921
882502
1959305
975429
1194779
1304223
691746
483854
1438815
1289208
1434220
642680
1609261
212299
526794
602479
1101717
670372
516669
1165314
189608
1071182
453303
586258
553084
1755298
1268303
1134677
1344940
1812793
1115297
1261635
805477
332973
521203
1269087
998646
695457
1386143
1442747
799017
895609
871045
1003517
1137651
1066807
1320540
687376
1560263
952724
768554
716812
806498
612824
1523016
1011492
1607595
1388914
983813
511651
927379
894855
400673
936985
1665288
244506
1148745
1653136
922368
492966
467036
867361
1536856
1564542
1037619
1616315
1621133
135855
334697
443247
890353
1109016
1554613
717192
1570826
424909
453055
1790237
564046
1379312
555997
1043095
1041112
940755
560678
1338809
861182
691366
424515
1071700
1008030
423739
891257
235499
1636736
1128670
1136322
699100
1275025
971246
1401787
1209814
1538309
601263
551760
807059
826999
654926
100781
1691468
867942
1831061
1121476
497109
231254
902603
561722
1376317
1180954
511305
1905937
669898
1592872
962514
897171
1483269
1009286
760397
581553
1294916
1185223
699361
1285137
1495234
782092
799047
1130003
510537
899999
1580316
1270977
412444
1856838
0
1622163
803562
1374386
831010
574553
1452992
545655
1585852
786287
1401126
716149
438556
726392
1215512
695652
1212700
1187151
400866
1344055
979899
1113686
715835
1393995
418312
348964
473880
239298
667047
585939
653970
233011
1258050
1345409
650984
1331832
183218
650940
646084
674310
460818
1419786
1264746
1776469
775982
648884
992388
199687
602745
1368571
1340451
1658101
838865
1519407
512246
527159
1988752
1481274
423133
1440899
1458583
786595
319630
892059
1214736
1346299
1741969
1834087
1506079
1617837
1030691
1334581
1289536
1241427
892199
564002
1287504
1575138
605402
230297
1710766
1374660
1299559
870199
787019
126840
1092573
1585113
1509419
672790
247868
349012
533398
958216
1150972
738380
1187886
447781
1028336
196798
1119919
1371461
705064
1741122
961438
478311
858724
689531
1377803
1330010
578198
283413
1405729
1532133
544701
1159134
1224252
1004678
393785
407634
1166221
667621
1958576
1195763
951568
1321393
508188
1560795
596401
904777
478068
968845
1442891
1100360
1346574
1416613
248466
1496434
1165148
846627
1316457
293095
682419
1631913
1170653
854240
519706
497631
1380418
997228
730603
1131088
532855
1035878
664050
993927
1438702
1470961
973826
554756
159551
646873
905724
1776108
492731
1438907
889695
1329796
1209157
1395723
1563313
975754
1135946
380313
1050679
992408
1123608
789088
1158676
1014315
794544
1442127
1409022
1233449
1258148
1746864
1651705
1338908
713143
1166176
507526
1372127
1370691
1135787
671091
1566385
1069182
837184
889552
1639449
1186352
1818961
1286149
1535479
409513
669118
1060800
899423
1101480
1497633
764183
1272590
1218405
1505321
1371570
1788805
1719866
1255992
869254
1269050
1036773
1270640
181899
479497
755613
992223
652728
981357
738303
1479758
550317
867501
593421
108745
1591611
472602
1509680
773382
1326763
1068930
1305344
686809
1233993
924836
918744
838717
748555
1193078
1056492
1087607
487706
896276
564807
686653
1052358
247349
1311358
372496
1336091
770891
557899
766228
857911
1196809
220501
1400345
542823
830424
1185789
741944
646038
1103614
853984
814001
892251
1105759
412201
185444
1097233
867210
575603
1203261
1679976
1576261
928971
1344875
859556
244315
710009
1042662
563956
1577956
1244588
1375062
688499
1637992
1540375
1311163
494012
1450848
1042804
725751
1007794
1231985
1227998
1323479
888519
666254
969913
187520
951754
255869
791447
379235
1081730
1177012
1326146
1034953
1233859
906515
943484
447675
750460
698467
411972
646384
1184255
671000
790352
1335692
1755679
1602175
1128692
1408352
983215
1323748
1463632
1419164
1129172
303856
383348
1143766
983062
1773882
1459215
448758
451560
1423789
671794
658248
1181309
1394218
474351
205418
377537
937119
1402403
1153698
1245596
754358
1379744
993978
522400
1067871
598583
570684
1334232
261694
445054
883219
898183
1166603
788990
1094180
695779
1461695
337691
748131
816125
1333182
1458063
417895
1062450
834167
1434962
969044
1502068
1937682
1286816
413136
1430820
1320607
902549
690981
1220246
1366217
1018394
1782977
723581
1578620
1046350
825873
989602
1111005
1283343
1219903
1028377
625808
679587
477195
1455620
1430179
131946
650878
579601
1576889
1341368
1368689
1552289
1555595
1253372
1917426
372620
551327
713592
773152
347374
451684
812949
1506344
879948
1429659
541999
1465123
1197682
1063474
877288
185330
1510935
840227
1653776
901815
1093244
1133810
1117795
716145
962183
555303
839788
994566
1003900
855013
792527
120127
677316
1012300
654079
267362
827453
909879
460577
1090276
786740
1648796
621635
1164967
693118
1411557
1244798
1860310
1030109
734118
589141
1902380
1550149
350320
1168013
870321
958720
1225686
1230321
693758
636256
484548
1824661
866654
1256871
1006665
298584
830100
1047033
1491898
780358
711449
622955
1055196
854457
1369036
270094
1310364
1195501
640955
1184444
1498229
969866
419464
660890
373331
1391661
568301
1028490
1147001
1190186
1217878
1698890
449786
1532353
1565051
1235930
1307975
533374
603078
787306
1268174
914527
599770
595562
1722318
596192
495102
1109177
1559015
1089807
962942
1855639
1519975
1944936
872547
623401
983641
1092174
1323306
1090685
1154959
708094
749040
1033467
1301360
1580501
661850
1177183
1504505
1420324
404987
1535002
321329
767887
1220752
732611
930381
1078574
1380533
1578924
1554264
723846
675932
1207351
310856
1249225
266926
543288
699438
786164
1580000
1311294
1556631
879733
934328
1045185
638831
754941
408996
249207
878293
1187889
415144
632393
1186470
722774
1640072
693862
957313
1015606
1421442
423882
826396
686807
956409
1198737
1197339
707458
638198
1535294
1614494
1041621
736631
494625
1370758
1317727
765694
1217017
332058
1097988
1569703
585469
646399
1405305
525901
1022452
685038
997196
365205
1251831
1872373
1427180
918940
1837957
1088851
701222
429939
1143604
1005587
1546287
935714
1060670
477248
1202874
614742
573446
1005147
1136410
674459
1440582
601507
965285
430876
747324
591560
1476114
820593
824626
1008010
1031399
1426164
581745
300183
651138
380161
1187137
834779
1077061
1127647
290631
1479562
1109689
1180112
372287
823463
611197
223216
1287114
1859168
549085
808903
1797522
412448
461882
1040169
947548
1960962
343430
1198072
1661381
915666
819845
1684400
529840
1423322
809957
720398
879148
1472791
596319
254676
1009823
1525673
530864
729524
339117
577189
244062
933878
1089786
1362160
909924
881849
1012600
1175677
1285207
802797
600156
1392611
1102526
501991
998820
719250
682677
534384
1627989
800319
1036006
729679
356448
1535795
1377027
1503821
940859
1263238
656885
1545852
833273
1206586
1191532
947896
644968
1069193
906679
630715
646609
715326
931334
1434731
1967996
1419561
1208172
1442453
283165
379935
450086
801783
757334
1704212
1193674
1503644
430539
960569
513895
985459
1182791
1584649
925061
1241328
605532
254053
1362048
931887
573310
1059663
342892
1202375
975058
1630602
976923
1230836
1316158
1401672
578085
960091
1473931
1344803
1308326
813469
645705
1668736
985760
917202
786071
1117628
1289712
849585
1402208
687565
1660362
1179465
679566
1430242
1295867
1585825
1214611
1426892
608305
1395855
944775
649499
936418
1086174
1826282
272055
1225757
1118959
825976
603838
1076003
1136756
442757
783712
1248809
1143373
1365225
770170
376157
1450461
1584287
1596548
941333
1368488
379269
1541004
1140685
526168
1125319
1242522
1430598
1001333
682471
1170783
445149
508698
1421108
683058
1108322
245095
663201
877783
337333
1478917
633574
385146
1287404
359224
1283638
1239919
313729
1504522
740297
1109212
535486
1052992
753056
485872
810070
626675
727537
503032
882959
1249975
1615057
978898
33165
1315060
579790
1454877
697164
1290661
700628
661209
905739
819127
488600
999438
1100469
1002334
1561769
1359751
204731
1229048
360221
1389561
1141361
493491
1455502
1696167
845860
492536
754136
1030538
1043103
726196
1204311
1307970
1449928
1047757
997570
525632
790714
1026802
1124039
706855
789548
1428649
896937
156227
1775081
1146754
1407088
981254
713945
1616463
963913
1208921
466732
1557914
1917902
648117
1445224
1736088
842841
356097
920813
270064
786781
1240983
950080
1544419
938841
1118104
895876
914981
468821
1413557
408971
1133146
286648
1276362
1095572
1024509
647239
710514
814629
424014
295360
1074205
663927
1372562
864767
1723186
939957
1507224
1160989
918428
1110019
678955
557889
368388
1454015
744431
1219787
566493
584334
916596
597084
1409974
1230727
851256
1649291
810820
693819
1386409
986286
1683079
1070541
1099094
928731
1128896
698782
1757917
776238
938155
388273
1681923
1234786
1341392
958208
1247175
1325798
1290273
927353
823130
958900
1530330
1188173
1144081
1263327
655082
1410888
1362449
1143923
1706532
905957
816886
1003678
755954
1877943
344262
1414540
1142129
860457
722084
1130616
772503
592214
1516613
1097943
1127288
858632
833508
1864961
365005
448721
416359
481024
1254825
1480792
542154
1853588
908609
1212296
703255
234643
516318
1410519
1097969
1353215
1525674
829195
1321444
1495720
400642
859051
644907
1015704
367862
1388596
1054316
653421
858465
1507756
665868
915049
978592
1015780
654611
696727
1727389
1404108
981524
1811116
492004
572790
557336
608406
1190344
1004189
424041
1553976
1539562
745144
1081557
819521
1275903
598071
902360
1420605
1272809
1057433
1395121
154498
1165984
1131564
838037
701663
462087
245241
1446755
1109339
262583
298831
984383
780492
1331335
835876
955649
900549
1369825
1099186
626852
1084714
777261
1214118
608652
764944
1055337
1587323
641254
1149286
1971900
1467616
835177
1710954
1942030
559668
1053059
1302192
1006619
1128937
973279
376774
1250085
1601344
831736
1291958
1207048
1578557
863829
922431
704327
148492
1412983
1830545
1454439
886932
963084
761561
869057
1925009
939467
753160
1407509
1580401
1587720
1320385
666229
652368
722676
899939
1181957
883418
1475746
1203756
1102194
1425225
1191860
824121
1387592
1523624
1092651
1368507
883359
624101
1394573
894257
645407
678568
1611238
734606
1004625
342308
901869
1329987
1168866
1481012
460051
1087897
890859
1094770
1218736
532200
1209661
708711
1241313
1760656
359834
1180959
880926
544239
660972
1291084
1865661
547504
1339275
1306409
1367538
1215568
1464101
226938
1005213
1698885
1168417
512659
740097
384589
1196385
897616
994869
1422444
1278647
419565
1174692
798511
295272
923223
349793
902235
1716985
764756
85163
733807
167673
819446
1333473
1577480
618793
1203890
552360
883247
1750635
781018
895529
985800
1150489
486550
1145337
1449763
971315
1195258
951943
827052
1444791
976570
936261
290343
1105728
1553840
1196548
400820
659720
576607
635802
1315028
841620
1126366
1055503
921786
1003016
1690024
1561057
1101976
925324
1408685
1408029
978239
1131624
565324
1687940
1370277
1506023
290354
1431069
1109575
1401283
963297
1509135
1741983
1247493
1247558
724531
1151332
1274054
1397818
685397
948958
1073910
726231
1390270
1347434
1036070
1759827
662790
1170590
560399
1127697
671963
702319
166073
655244
521255
549384
1186553
1157878
711112
981149
408324
521055
870428
1169864
1416176
1307573
705466
728929
1317149
1347512
936960
262673
824260
933570
725967
1519764
1432717
746945
1235719
1192544
1106597
1471712
680177
517015
545282
1021957
679168
972649
1093940
522801
421160
1421780
382318
774585
1207779
492632
988688
553339
387040
705935
1222169
1382277
1447205
1554507
602153
1604469
1349097
1335148
1529204
782594
880763
1654538
1365735
633213
1019004
924607
711362
584690
697459
1128450
879667
712736
1336242
1381523
673282
739968
773592
1410989
794935
1033432
1502475
477366
1941861
1493352
817349
910237
889449
644980
930766
1476475
400828
712468
701780
132808
426884
1022813
675503
689756
986454
1567006
1064646
1142529
485203
565911
1158445
1056009
436129
961457
892470
1220033
714488
1162869
1213339
1124442
1493514
1470543
377023
510426
686363
1529954
823664
1429922
1168873
717676
1331506
1403753
636291
257775
974060
721487
916435
1843309
676778
1273077
1269705
740797
284714
510486
430921
869424
1144920
1315858
1025254
1733670
700508
1200234
995436
910872
1523517
556208
657126
1445829
1666170
608293
949314
350112
1075295
934024
774006
1178926
397731
1334960
925870
241150
1409494
387161
1190367
1045804
579995
560772
466629
1016015
1073573
830794
1588713
985743
636262
819433
1092109
1261983
1680608
841007
1628465
353327
686140
497487
811997
536504
868201
504268
1242476
445042
1555164
753772
784725
1122797
648380
1580991
958940
995119
1197480
291481
1361402
990866
1692599
752613
541189
1324251
812138
1018082
928857
1051369
1523303
357633
1258094
1072943
405732
1785903
1158060
1130223
893973
1369504
1233942
1508262
610901
911008
1044410
524773
818026
1728787
1686477
911330
1344081
824253
681293
1502535
1055925
1241261
336849
1364514
1160248
342043
1371744
1200404
936040
420202
562333
1413486
722285
1148764
1770519
1582325
1632374
1196423
416761
1408552
1619526
1276873
1639702
918938
776256
1480392
398483
1359728
789851
1391042
551160
1955059
615943
882323
659920
671304
247527
1196744
396262
664800
1065366
849987
434172
408181
584218
1120706
1516266
1531984
1027157
1157417
1524837
888104
380455
984946
1470218
771427
1167128
906055
525489
748043
1556246
519477
478812
687991
784507
892925
1083618
872182
1071774
2105786
578115
721779
1110298
1457657
1136280
1260371
1069315
886604
1028012
269589
1356698
701542
92845
782368
961950
1443546
2054437
1401713
1343854
1749963
1572694
1380546
410519
971047
1065078
1279745
1606824
547474
953655
890604
740152
927196
1572622
1471877
1211892
811374
953442
909630
966633
430124
541976
839420
1392248
1185910
110408
258785
1334174
926393
1035464
1634749
1764385
1232286
603221
868356
520579
320160
1219887
1259646
617351
1322967
202174
1218955
692713
356019
1199382
1102045
1126745
851858
541917
1796641
935012
1538613
1823906
1826788
959928
931292
1627764
1300194
696538
756000
1158381
304964
1174820
503090
716791
1611622
1039522
1131915
1561455
664230
1108619
1450099
900734
1578493
1078820
1698715
1031823
889652
1285311
1137592
1392071
728811
786521
1463066
1405426
832499
598033
436459
853523
1363190
1542007
965451
506519
583775
888645
1168765
788191
859241
1496601
484021
1145482
527622
616605
613792
819744
1124511
983118
550048
1158290
1294349
1624425
756849
693021
1447909
278885
572833
1607449
1503897
986588
1011575
1571488
370047
846677
1129432
921523
1115251
708413
1382520
1049690
959951
694998
1490147
758640
976009
1891558
446722
1064744
1062066
1556326
1307640
620207
1382305
1604311
1383668
1171937
1506530
1185577
1356929
1643762
1690346
960910
653215
1652975
586360
767430
502035
784632
1135260
812071
706521
791417
874888
710239
460124
1007053
1165458
663337
1763871
984184
1090239
1395632
833712
227587
956909
785963
576856
1378814
1144769
1081964
1080961
211907
957329
1221369
352431
1134360
1118333
668877
621346
1108642
1140279
1086641
1110748
1401691
336423
640508
1283995
1537983
1461127
1253582
1189214
99948
800397
891779
596854
1736930
736557
485834
1402643
1635279
842917
1352243
639571
613891
1261260
813654
459115
282031
802650
521205
1231617
1418630
1031369
514600
776408
901807
1965343
469167
1367865
821886
430932
1262576
1123170
1091603
988154
996691
550725
981413
530120
718704
1392867
465308
1858203
1832855
1259045
757597
1202836
714562
546349
1086291
1659670
835085
1301804
1323888
1498105
1192345
482806
604624
629881
1105870
1964692
690831
1357600
1904626
665475
551045
454738
707294
492306
726723
696352
855850
942671
1400184
602003
1167726
407821
1305180
175827
754505
696745
950416
999504
984635
844670
1205864
260473
926533
262476
684786
1381247
865105
1059918
264867
675431
1250543
495254
498969
7010
1252255
805167
1181594
727225
893941
2088166
1173139
503733
1256049
1536925
1352894
1483331
1625562
1009148
744780
1399156
866794
839548
844162
658870
990558
413079
824754
684206
1201799
494779
786817
1724246
1137734
1288423
1548278
784093
175790
944737
1559462
1698042
819767
1106130
772062
1131880
1090590
908109
1609227
1216468
863183
1545578
451897
1431923
1922616
1278571
654984
727118
1306442
1263494
569898
893001
809958
980985
1213450
478989
1470893
981189
798704
1507874
1174664
1630881
1368899
576031
647441
1202343
901615
506151
566277
1042033
1498522
416248
606623
899035
279410
1652784
582072
1049141
1006288
1218737
1330624
1465471
1662519
1611193
813657
1029866
1068569
667035
269611
249419
632733
1198571
752985
326337
1443178
921599
467304
619017
741196
783714
350655
1311060
1372849
1203098
942846
344336
1260488
208905
478275
1034454
1078221
1372724
371171
1158377
610089
1246365
1207262
1457024
909995
1333425
865064
857296
1260214
1017514
1635550
967282
746200
844130
1926119
1294379
1388560
2083004
897418
903064
1146511
748629
1107787
712735
1395160
1281824
323549
759694
977896
1359000
974489
1326473
728783
1257578
640850
549190
377542
1284370
1419357
232977
1019952
816505
538732
819526
732487
1044171
831300
174945
1627645
1517201
1489740
376682
641626
1579372
1119033
1197284
423943
875339
612675
966051
748873
554892
1104116
1008578
1824786
1370625
885107
615527
1155961
1208722
859114
844367
183299
640060
1048615
1174103
774712
985258
1501227
1140334
1052191
806084
1041100
901930
565118
287046
800131
393171
1338510
1739169
674621
551355
758423
1060032
1067210
594604
1227476
1281973
1386988
1603191
1645565
1250399
1045523
1514256
1031035
1337497
1174531
1130070
750920
1500371
1301568
723228
1492088
1363904
1007394
1936321
403051
537864
1202957
1192847
703314
986514
961028
773609
1518762
1570979
1381627
958357
827672
1225417
1209980
774309
401650
143851
1177806
524364
585835
1262474
1272923
945079
1667292
1247343
991292
88211
645766
959893
1347984
988532
425509
423179
1783011
1741660
584393
1336923
869626
557928
1378689
567922
309737
884550
1774618
893050
1031576
720229
1285892
994108
426023
711984
961070
1129345
1178378
780182
1341430
783279
1551143
1191070
1114072
737282
690394
1707508
989841
442467
923365
854817
1080183
1152993
1534285
1602855
559808
648846
1608460
700422
680030
1354940
623670
1214997
1415046
1843764
988538
632075
682020
502362
346167
611080
1141748
1805910
1006541
668847
1175482
215611
305660
758767
785229
626251
1130929
787679
1451761
1425979
741163
771980
1096731
1184341
740268
1449150
1538883
1147353
791858
790570
811696
893299
206189
1064668
1256770
1018385
980614
650356
946268
560793
536537
1114357
548085
712434
1216932
802289
459211
868472
1122589
647067
437162
565511
529755
1525691
467183
1193335
418441
1048117
734787
1239521
1895993
480496
896639
1418575
955149
985364
1433969
1521143
879501
1112937
1791098
961186
906359
1318484
1460564
772935
1303875
1446696
1481608
1496595
1016801
1473636
1097534
916323
1081619
321198
1276523
1030353
928351
855743
836359
1111450
1561269
1551762
1218014
1668454
1264732
1413507
709170
933768
453577
1054571
442347
529451
936786
872070
976124
1241656
841328
875136
1031519
783407
494863
1729214
1301173
1253019
1122570
1409381
492057
1111595
925447
906358
1252754
1684980
350829
1043532
1963856
820702
1219105
788416
957743
642667
1256782
726554
476984
968910
1412997
1115742
1562024
870241
727302
811877
1300223
808865
795129
1210338
1312789
747139
642969
1449458
1016989
554006
577073
1266599
1372378
1398798
1030728
910080
1337382
336953
1067343
768851
1234136
931260
686158
104383
473907
1502122
867187
297350
985922
925154
1097914
1529894
613193
1097086
307499
986571
230255
476958
1083545
1064443
865780
1128639
598521
925639
1426044
1388269
1387405
1266825
972940
1573283
1558814
603124
1356823
1228361
838914
1000743
1027992
1178867
1279629
1462103
554721
1225106
949847
1461263
874321
1020211
255490
577598
1520131
692505
529968
1229735
450246
1318562
1186600
414934
1388670
899529
512722
960608
1057590
293334
1454229
728034
887906
837134
837504
631479
1130849
748376
370603
1562472
1372730
1132870
1146035
1768374
722299
588552
1698484
1058098
1867184
935963
1914257
1570398
925228
557327
640839
533671
1348546
1232791
722220
1134796
836788
1447886
460546
737230
1257221
1126297
1154862
2043060
683864
1225269
922137
1002463
685500
458784
274383
626649
995347
664834
706884
1404082
1474560
1624530
1029643
1380020
839646
1169567
1787463
896295
1003586
1159677
1546281
1078717
857376
275039
872164
744180
502440
1042447
541974
594494
456315
1572663
465185
1300845
206334
642331
1485399
1906269
1198412
314705
512178
1350476
1376873
1225749
588341
1450971
579067
1474628
1030381
1686035
855398
1048208
841415
1814153
1503522
944563
629568
710079
1085667
1053610
1275384
1298748
1510642
1648277
1307954
345205
1340378
699498
830050
922107
1307789
340102
964136
1048762
1138172
693998
975577
1142574
1337642
794900
1134733
1638051
1120114
953775
1278200
707696
1121280
1611727
462213
363754
596006
557534
1451553
867340
1431906
163061
530154
1613951
1037811
1610677
915224
845325
1214180
617098
551599
1366442
1004831
505279
1038449
891351
1282553
694626
1395616
1453640
1416825
1261512
1359024
1147885
1263669
596489
458200
527271
1335376
1172816
1494805
816889
798276
1303488
1461488
836448
1249799
744785
1133339
1096244
834420
1548815
1579946
1164846
1214585
479399
1683152
853151
244833
732036
997021
414083
1707024
1238529
672794
455046
1269280
1042056
1379594
503190
472938
1157758
1199832
458286
1347857
1783323
1604165
509579
949437
833701
990535
370131
1149991
1473660
1095075
1644017
583662
1444097
669830
1172516
434230
1206045
1209673
962604
1488503
334681
880508
894424
1088609
692948
568215
1113097
541171
1266252
580144
979545
761589
989686
1945398
723145
907607
798845
1569628
1184556
939260
512825
1430645
1526288
980278
407342
1465966
1383688
637175
993650
1154495
1944734
1180230
688594
921832
929152
473289
1107715
976294
1573755
747606
571698
1400573
1312292
166933
794079
581342
481918
1088010
1135983
1484159
1389571
362729
1002777
817396
618690
716564
1032099
540168
544560
655362
912206
595448
1227166
346020
772222
653608
697439
443569
817414
980023
1109052
846797
669745
889113
502561
473817
742179
1088154
109467
1137024
1195461
1258840
1715560
1303670
1194444
381278
208742
1100417
1156617
1414284
1959154
878120
722980
1148489
1475879
681458
1135068
599254
139142
468638
703385
754888
1292856
712481
1288729
1108936
887190
1017674
1583898
1155994
1343699
784184
227333
652797
1026585
803254
603107
1468148
1230710
1541444
887742
1078352
1093499
616478
691912
980644
1345825
401386
1250008
972538
1277346
975260
1277627
1453984
756779
525729
1367410
1245940
1218689
889933
714143
942923
854375
942915
1496788
868238
1380647
770491
974439
920321
1255168
872963
1167463
1106926
961152
1100474
1160448
599386
888323
895722
571723
748617
241973
468406
1149546
836524
959253
1789272
1108997
997716
400828
1437615
1362053
732236
936083
1258810
768873
1341754
508766
314063
540476
562829
435923
1014322
785666
1098936
982003
633669
1107707
1425369
1028837
778547
1574744
774755
945657
482333
934775
513105
1090708
1351245
1261396
1273556
1461063
853223
1432571
155038
895587
505750
926340
1425034
1221564
723368
1236254
1186618
351249
1373350
509258
743816
1490483
793363
869506
451301
1323317
1273986
815406
1425685
665069
724522
620664
768873
1159416
257142
1836861
702370
1330662
780925
1399954
996843
1770243
566694
817139
1304077
444723
1599017
1340645
471091
686500
503674
424267
1265251
1067364
530513
1062620
570580
1000860
1035029
203282
540133
1233392
946068
1650656
1355412
976193
517297
1342223
1027754
1198169
1847935
902460
1163632
1418152
692566
1102704
803351
1284074
1429068
1098438
1001841
942315
890627
687905
376496
616800
755281
409169
1401630
147319
953279
807918
1316636
1290041
1434014
598606
1069060
1665544
306994
1065912
995046
633394
799663
1208426
1063144
1848411
797967
1329412
1020686
652019
277729
1507527
1509044
721870
1321923
548445
1563828
1022308
1667255
1164295
1024743
659110
646949
1652983
398434
600549
379634
1082359
778836
1571939
691112
481647
500203
1475590
1383466
983822
574672
1478191
1999126
1608318
472687
1082034
1010921
1290457
505680
991021
984283
827386
827048
898518
675462
1033330
992337
1144586
731941
608948
753632
1117588
2046558
1945447
1022665
1294996
722850
1442494
687850
1409605
711818
549305
590294
603685
596682
665420
334247
769617
1150972
1627477
838407
1200078
1827905
1690335
1030370
1112671
1700591
345314
730451
641767
557132
876680
1299088
864599
1425893
783596
582366
571244
298537
938178
700225
1442902
1215191
220122
824381
915393
1064901
1408934
458983
1581804
647445
1506598
1266468
1189036
665406
1462717
1621464
688773
1284482
921045
565483
1204758
1149624
508624
554378
1592230
916829
1484247
1527389
1257269
297842
977106
1491180
336304
758702
1057854
1507968
738343
350752
1099310
1054572
910430
1355908
1130777
459766
1537357
1485152
1485827
1129632
848962
728398
1080506
1395847
589073
1047874
1588037
642039
774864
1246607
1559018
1429934
1342297
846932
1022428
456741
1093911
955361
644966
864629
833721
1064143
618021
1045426
1466077
465882
971592
1128776
1732852
836875
601487
1479341
1151564
1657123
881311
1020997
906414
1359006
882153
1162550
1263663
248164
1310230
566555
737940
980951
1385907
1323555
1027535
485699
894008
1572449
255033
508551
1578551
1078792
1124573
916967
35646
936752
1418776
575289
866129
549408
1473584
701648
1551137
649540
1008867
1079273
546704
577189
1368382
1680201
1327005
346969
575862
533528
1583291
1313522
1145548
943933
845613
672743
1035882
1306696
498463
695989
1473807
697535
1564411
1634591
1619120
593357
786293
914914
1001521
338929
1616052
174538
987578
403195
1350692
1203922
1136458
575006
1014754
882921
400178
617178
530126
488749
1192238
1632980
1117975
893804
609167
1084722
700605
1505347
1070476
1677291
910466
491127
349443
812741
1157366
963417
874452
679347
2009484
975981
1178050
1253994
1400265
1419833
1289213
1441965
522033
921470
571869
1275499
1244905
935626
1513187
730557
1277061
996628
1029607
1084475
1142857
437769
1333735
450593
515875
149724
660626
1183111
953634
1147501
1422338
1366784
1346099
450814
623020
948252
1113104
689979
652860
1298136
1637648
1369285
959076
442767
1270571
1116131
1197237
1445272
738247
205280
1209340
1565118
580224
1597992
1258704
1560326
1500731
429366
963943
529578
229275
1253299
730627
991635
1383423
1345059
351912
937253
1243751
740009
683111
684429
1155784
202985
1202544
771578
1510302
274894
1191686
674700
668263
1355089
1633751
508517
1090294
732756
1202197
992844
1461228
496376
824522
1326473
424099
917864
1468009
470503
1023205
698748
1323795
1141694
249075
816962
1074228
1493732
803426
480018
648952
1342738
670815
1557264
981922
1200766
763660
1360004
1028538
1052363
1456552
658596
1191241
612774
1103241
565554
946429
1771831
1138344
1706477
1743561
453850
1214397
659989
326567
1475999
942491
1458465
977499
1011739
445654
533800
907881
417338
1493856
1311739
953088
843029
787367
807099
1353519
1672303
1233967
1041047
121001
1127090
1313659
299712
545534
509430
354574
1205109
574647
1643668
604514
920216
1264589
1388569
775765
341843
1106551
1609016
925301
865621
1603482
1381386
992251
984797
866740
955253
611918
451360
1402842
1126482
42403
1413583
765717
1437017
323003
510839
749076
1007679
1277583
1589504
752500
1144092
1084064
497570
1014498
865056
936657
666739
1057255
561977
946970
615479
627705
855651
445873
1303351
753668
414556
1373644
1119393
552609
729125
1862949
1413297
1477105
1235991
1615224
1762323
1025807
809354
944084
1817869
844124
557694
586890
1715146
270474
1170219
1125329
698377
896290
1207470
1581710
476043
1930822
640927
1909514
385004
1328348
1436296
1537787
973849
1273020
1544172
1530047
429786
296804
569979
1992824
1497034
1032335
948784
1521572
1382100
680629
777340
663464
1016300
966989
445571
1414757
1060063
1266697
1049838
884338
1259093
413936
1039861
365056
724492
813529
397550
412686
1017671
403015
800448
584061
747001
499287
494316
698681
1359067
1041634
411924
1211698
621170
1202476
1017563
999874
1745130
496343
700309
1552509
1518218
1511405
517054
1055274
1224850
63711
1665747
1737088
1362313
903619
653673
503631
582644
1463037
1323927
1333286
905802
1755770
1130783
1064253
1319731
849736
709651
1284285
1333323
879373
1020730
119763
1741236
282934
1096224
1462115
1148477
634316
1172484
1408410
1317327
563228
427377
1053594
405256
1706083
205459
1393206
346375
141482
535509
1505635
1214813
857915
1129177
642151
751087
787767
1437166
1372599
1199105
1304275
1069433
788372
1494998
801115
995636
1237388
1205093
1140991
1475934
1256708
1524776
1395042
1562313
1731942
1201998
1193334
555938
687642
1045247
789993
1489832
916909
1243235
681727
727405
993545
681994
1192320
1464577
1390099
1285725
1119280
1159197
1419924
1014180
1741015
813624
804658
771173
1466437
322565
768014
1335581
1064737
578465
731555
427326
896440
729981
613701
249290
119106
754994
1159199
1223626
1257926
724939
1585346
804728
1549622
729675
1077275
1318769
1534344
850674
1007335
1048677
1048714
418104
1286169
351050
894800
1345590
1035894
651796
374377
179054
1283989
423318
1061379
1080868
1345149
739052
643509
1270130
1590263
1446587
792656
750001
785128
1171535
943902
1275899
576613
1263792
1354920
710589
724026
1062126
694153
714434
1403256
686111
1201190
542500
1038836
1605588
1230362
614134
557957
250283
578436
1466806
465562
733192
810355
1080685
353779
1383804
1378469
702171
578590
995018
749219
1447723
645832
645930
1133611
1494005
958457
1070625
772547
1276669
220053
691776
677801
1190686
420299
233980
1282864
880141
1111417
348982
452825
581099
1312829
1019391
696059
806014
1418692
1043586
1372036
1377625
1369245
756096
499859
1398334
549716
630998
661942
896812
1151382
1642430
1293611
1139601
120775
1404067
1405065
740166
1115436
819836
1389350
98196
178200
929637
1430954
1319290
1748509
1220778
930540
1352847
824927
691346
646024
1514586
517875
1274818
1199878
268882
923043
788890
1084568
622775
1052435
469309
319791
1180057
564325
1114399
1129859
839506
1224891
1465742
1109468
1554188
1197820
721062
1168287
1454093
1075655
1640682
427663
317416
633237
832468
491046
592296
809680
1361731
1020312
1133783
336354
1192812
1379479
1513091
1297776
486217
1072231
949961
1218101
834561
950980
1440076
1150894
1040175
1171942
323395
1541676
531513
1050180
83365
494977
1058404
522523
1429741
1588585
698038
1582506
916988
1594392
1135987
887146
1785755
629469
1162531
1497954
1059308
657804
1300819
779404
1216020
844400
1488679
765416
648923
929027
1316369
1133504
1135413
1774770
1360932
352990
714163
612449
1794873
1349674
1264876
1066648
1481150
805638
737402
1308031
1204260
613394
1966363
1126588
448834
1389590
1101959
972643
1147657
1754856
196987
1254318
243930
1106141
1133371
1493609
1221988
1389817
1659063
864600
997845
646389
810300
1340853
275306
983530
1247533
1120796
1285292
640114
1004390
891436
161958
1358451
903074
851240
1787296
1725106
1645177
565993
1417956
1275049
1188273
1338654
828600
589738
1185845
424755
2055830
646148
1503705
1172018
798201
530112
951815
1055241
604108
781053
891787
664581
770168
645549
815561
682870
1562330
447976
559162
364861
1334990
1283114
758569
518998
537075
302817
624440
1385713
645237
1108367
800060
446092
385322
1403340
1048787
512568
1112431
974041
984326
1196641
646489
1005578
1198342
1692120
299259
1053458
1273012
1155257
404619
1241828
794649
1413326
903580
333903
1158286
427086
504328
401634
116553
1039224
1344777
1350782
1804917
1203902
725555
370241
1009072
863572
1447875
1671447
988110
1829216
1335869
1555278
771325
1865765
1446422
776800
1220454
912253
1178624
515205
537526
823228
455835
616114
768486
298587
617470
402130
1240961
1478756
501387
922608
1446228
587249
1634016
1261468
757392
707566
1110949
56923
155796
806729
1400914
975751
1425035
673942
687347
555212
1093730
891923
1171067
1014029
986966
1365132
1583286
228735
339304
1382880
1514159
483689
1385997
1810160
1060409
938985
726094
601797
787925
1403070
1242930
1098043
372883
1221534
1487388
225418
1291738
455408
1208485
1524554
1438033
926897
1257906
1349800
1285188
507179
1082783
1204096
658489
1151944
930225
1059333
166236
638941
108907
1094775
1404962
946164
1797523
1254701
318979
1588249
820143
571811
1537841
1565034
1032343
592188
1538575
1435723
1123445
878404
827898
452627
1169129
1427817
1246817
906532
889579
536852
1184799
1161972
770859
758517
974137
1002218
1282891
1331612
837330
702598
906710
853597
473905
1188833
944264
1243309
567955
1001177
1509939
1170617
1090638
153741
177836
889116
1427628
536912
454864
1110718
859766
934769
881919
1167391
763338
755067
782082
1315524
668346
1178001
796651
819699
775144
652868
571014
1208079
1407027
1373642
736595
1372555
878101
1213360
1050071
1896159
603171
898578
1499981
780704
1260484
1259164
611176
578720
661855
1124523
836721
769245
1814990
1047099
1184116
657376
980232
1120504
922014
714900
903227
315298
222228
1415489
633770
1383000
874565
290017
1317616
1301528
621071
1425391
891542
1383249
453523
1189131
1531317
1213568
1222450
1135641
859897
1363802
1374257
1366085
1660764
843483
936773
716731
1668655
838267
1168321
578210
1192947
1200506
822416
279129
1086388
268226
1106093
606797
1147982
576580
363675
1240079
1619969
1293880
804474
1623027
1599655
711265
1148333
979951
426709
1476407
460423
863878
864261
548177
896853
1210562
1390724
831112
945260
749083
1295769
1407753
713966
946066
1923944
1099689
679601
252957
641155
1503584
912542
1241363
1169589
675950
698621
406071
828133
941466
300800
1347725
902166
407406
1138029
1339260
783494
1025622
1407044
1270178
576933
1075774
1042261
1248444
195788
1872344
816987
379092
1426809
1324761
533612
1253204
652187
1261550
1537408
986619
1616031
1398894
791952
1294960
1333376
498604
1287459
1417382
216571
1553842
896304
455859
1770526
1111753
717185
890584
916964
563802
1111568
1434777
1068696
1230577
1259403
627876
1356547
898105
1494532
963402
401183
1055982
1129090
599653
650479
1278439
1060608
1207488
1158544
1872158
1692804
1292486
1140748
458857
409318
403290
889353
379619
924512
1217657
438289
636854
1026086
630772
1123804
1073393
918798
1284032
1197953
1217460
1600332
332493
1406150
914297
692417
1146295
1432611
496470
649772
1337304
725779
1138745
372237
580987
1050623
803689
1837702
1774918
1087196
581242
1189405
330887
1233221
1062794
980782
983256
922462
1059332
998376
606377
718374
591505
1414734
996282
1820764
657921
471331
147732
1553667
1298914
1186562
1515757
260060
668376
809017
1278793
634858
719751
1097249
800370
343983
272523
1334309
1254217
1047967
729434
799400
784131
537476
1133467
658681
870020
1005513
1216781
1077153
824128
581286
703336
288266
897334
1622778
1681053
600508
1204638
493819
720149
1944069
929785
1134573
280189
935227
1229657
363266
1008706
780530
1629307
1181441
1129285
1595585
1402870
1504109
859468
530937
1235719
681483
858599
1075608
760843
1260865
447769
833553
1068275
1554422
1444254
685600
1326555
1539042
1458475
632117
884675
976948
1132495
1490197
1019614
1609385
226494
867262
1141230
1406708
526095
1323205
1976518
814861
1319005
543171
1465247
573887
1256288
1388946
1611417
1378669
755302
1290609
1275855
1370867
468953
545176
1146674
1225470
536250
527258
765541
972119
1214134
1265747
404945
1537735
713301
383207
1380207
1673291
1466312
998350
1250957
918352
1121780
698391
1233467
933308
1395410
1397090
778775
887129
872594
639469
734820
1093871
1330910
465728
1347010
538736
983191
1205593
506611
798093
1202907
1093257
808073
1249820
1455261
652355
835968
1557404
402186
588813
957893
710781
788595
680620
1457933
314209
1075996
611692
1147192
175005
632507
699227
1674101
656911
530272
1439782
1645261
981739
1047582
1495703
1661164
1499119
765798
1195704
447611
1358992
434617
1126127
1684729
468752
1060634
1175904
1408576
1594552
781005
1043464
1585378
595511
1178760
996636
709721
637319
304346
521478
1370705
673042
1491135
969578
490414
1224252
1222443
281150
1056024
1767058
1467211
1227981
455239
1458389
1426657
1379724
982822
1357706
1208509
438507
671378
1034228
1191143
619265
1432661
994955
1492633
781212
1199741
442369
1148013
767916
1587254
859536
1068134
1565884
989558
619295
519172
890584
888620
1534629
1671703
1168752
821740
567557
1509262
816783
542456
1480556
433088
810593
1632587
1304325
994967
484785
1281826
604835
888641
980218
983083
543940
1252552
1393187
1366438
1194957
1308710
1054039
394672
1478243
972252
804540
889039
232163
1169449
623523
769667
1555629
433469
895557
671705
1469374
721360
764282
695824
934081
1389775
155922
899254
20493
877022
1484756
473462
796536
1073881
1012563
1048413
370899
1088971
983156
1497292
1243159
1556962
1185819
1221642
420606
997098
1466736
943654
1249755
1637269
1439074
826350
394127
1011038
658347
1066855
882263
1488725
772972
559823
1333575
1602831
966875
1341749
565219
728919
420955
231300
1483887
1296084
1373272
1426450
772059
414494
1569412
764967
1068552
778418
709579
147638
838433
1340968
1777846
527087
260654
590637
532415
345326
798984
1209213
533380
1007968
547915
1799826
431956
1040251
696291
1065228
1728035
959215
1270523
939729
533595
1427151
1228915
534859
705179
482436
784085
550656
1377176
709073
841714
1170781
850643
1498874
1678026
402104
1376279
1799400
2115263
331678
1410754
678977
1500002
1351685
1088655
735832
771388
1014432
453875
1327876
1666679
398860
1141815
1377989
1145512
130310
1099472
1385551
802507
644300
1182333
709769
858490
399921
762469
1167889
1532963
815721
1498558
1000262
1146367
1083531
1169203
1346049
724361
1116664
781032
384942
999349
1347201
1165769
1242684
968705
665065
479972
263481
637324
1068335
1350533
752336
796382
1242589
391933
1587334
478788
651044
481378
447188
961615
572291
865148
866579
1484597
1413865
1128443
630485
715244
1078524
1052752
1478126
648725
247981
903442
1286156
762281
556494
402939
1187050
1082215
1348741
1392883
851758
1013924
552568
650953
1295020
339766
1937923
1256905
836155
450398
1588789
770356
1009057
228575
1616461
1021729
418841
969917
843905
1527705
596668
1340488
554648
762334
422190
1342821
1111160
1194397
781832
1259830
568076
618416
560647
563966
886940
1479848
694976
1055703
1314313
1069353
1330734
1196201
1345205
1405533
1009685
612280
844932
201049
971231
1384630
1091565
1235232
950545
1177067
966665
1465126
335358
1017836
923674
1588361
1034124
1368177
732212
1219028
420389
954315
1793276
691281
1428747
1025222
246025
499175
826847
435014
1633961
671131
1168068
1052279
1235316
701460
841623
1072704
544459
845044
1366341
731888
1412257
1665863
429516
1286094
1438051
1050246
1622030
772763
577862
257361
1006655
866829
1291104
1407099
568842
1123681
1369465
1193010
996752
1361149
1043522
1028786
1461877
1463825
543596
1534332
904333
899175
937510
1249404
859644
641697
1268200
1004097
603954
830288
683302
1051096
1520312
1220386
1636316
1194077
960317
1005661
772972
1416902
325801
730733
866852
1428478
1820256
547562
1208287
506147
376944
1344694
1027797
466776
844321
633241
1409178
597649
430023
598517
1359864
1274304
373946
1551274
1256780
774045
1283262
353646
1790249
128986
1043634
672642
1742468
1153029
1141051
1172233
83580
793954
1240472
831485
1014635
1111604
1124012
799530
1469623
891811
82589
1349317
1147930
1188722
708426
1374931
872244
0
1617879
977829
1336796
830497
1026170
520130
1349922
39110
957424
791081
754576
1181536
20801
752314
1488806
559588
698131
786292
1485861
803297
1140772
2210072
1235624
1835088
546030
795957
465747
1239779
1245007
1295587
873258
761776
832515
1139891
1285991
1043768
561386
500519
703291
1238819
930372
1785309
259550
1301789
517115
1678297
388735
1318596
534483
1389929
912869
1276060
1182757
663342
641576
819163
1196463
2099032
360095
1085706
629829
649928
891309
835378
911342
647040
308314
392448
1359448
154170
122731
1379963
1585309
641282
1007898
1429714
1394159
714543
665621
771777
1267488
377923
1398065
1051757
1116133
1247514
553775
545770
1594010
1119913
1112811
418072
1893554
1212159
904172
580684
1674877
500564
1783546
601097
524089
772607
997999
597691
1085381
494482
554178
737900
1678897
849703
727662
710280
1157490
1239734
1479272
1005727
920938
1114663
410549
343779
1363711
1443005
326846
1238101
545346
1382114
1627776
321491
1281042
930306
923818
1325928
1541810
1428382
483350
540817
381520
906096
1269918
567841
1301766
1052522
529339
1232157
1013651
477886
312133
1064189
1076510
1260515
984217
507283
1622446
735893
1573191
1117864
450092
558627
271673
1084399
882290
1496113
1196316
723758
1121684
955337
1289829
1582939
1270062
1377648
538721
1487698
889739
586677
586312
371071
532820
1616128
515047
1120035
1845928
1323664
761716
1298211
1252021
805248
880338
1290369
938721
593922
733521
304114
1870640
474194
789031
520087
528280
1503190
581401
697605
876972
279615
923657
623553
896262
1563836
1083684
828979
959177
827899
1090709
1076120
1029868
311454
1455657
1059949
1163627
1211291
1695705
1325953
535322
1430371
976392
631249
913158
1376811
1120956
1251817
627069
509310
595095
1185643
1408964
1260417
902499
551162
1200821
1555030
753691
1070784
955464
1480776
805677
1577468
1221646
245626
1474568
1226793
1113539
1174064
713980
1242932
1457718
1240068
1229063
1529603
313742
1401961
1443323
786200
943379
1171200
976323
1102202
823398
1110508
1252206
1266268
1146737
1223333
1184088
1115624
1572476
757708
1101897
1098421
1130938
1043284
1148601
719901
487263
1272285
1103008
1488974
1413132
484317
1251327
1260229
767807
543964
814634
1503611
800723
1546366
978902
732523
898828
1542622
1209372
1506279
1310287
1018564
1008002
1201620
1333650
405169
919764
578681
401817
650753
1146603
855651
1070834
683123
725241
537634
1532107
823318
1311207
469026
1632087
782236
1548092
1253640
1636875
881924
444280
1392946
1202990
646193
1277189
1262727
1579279
567022
666966
1004655
1030198
724703
1598088
1925789
553799
732149
1328732
658771
1274755
1481008
1180048
1593521
522426
1250778
1200803
1683795
1638191
1610478
513988
901298
921215
1392646
1231709
515854
433783
967768
1511696
1117712
1624935
1024439
1151530
1126374
826407
802192
1365126
1055842
895608
1625247
855566
342162
1042582
1104427
1214616
1066165
1170647
1311632
1582650
1631284
1527951
570956
501728
1645749
670644
1438431
716946
657257
1646054
1172505
505620
561529
978003
936811
1271062
1088764
758571
909141
1466593
1419197
646567
669525
1335472
1085954
589949
689813
1482781
1129885
783641
288323
429598
1071646
1035882
505686
260787
720330
616769
1323060
1580480
1534270
564051
1565026
1050624
918987
1602530
892567
946170
1471056
995893
1150172
421942
660904
372046
522288
755449
912283
757175
1580426
1257857
1183529
1111763
130849
1270407
708123
792112
1217842
952815
631908
1196406
925929
1162552
630140
579327
1070760
675614
1470231
344176
504774
717153
1279577
420856
569943
291833
1517771
219703
993857
1299600
1074320
636860
979665
1052935
919629
1470693
1278468
784861
1363598
1418930
1424505
207546
828447
947137
1260897
389835
1425428
848942
252746
1410985
1029814
526514
1148231
690596
1091402
781635
868217
1361307
316974
732749
582935
797001
862512
1370474
1411068
1561142
774468
378516
333350
819601
939924
662543
905471
1292490
588876
948008
660126
1547947
1537314
1375067
599100
418003
1246209
941255
584680
2049587
1026058
1694385
1450900
1212425
1075501
1525667
744845
1388219
1218347
822626
219595
552408
1131761
646829
899327
538307
358654
1734399
1468330
948327
1025212
1077492
793191
1069642
693401
1400634
759497
711022
623761
969822
308589
667474
807823
1404816
1428391
1635468
841162
1607744
993756
681345
814700
740315
1399064
261742
588132
725096
1083568
998586
1588238
384947
1131623
808233
1506188
1492228
847179
963851
429845
1666436
1051639
771181
761203
1169549
1001683
830759
1066153
1312836
330956
1567267
825466
868075
968520
319244
1501196
684037
1016537
898703
1507492
1269118
822841
305292
784696
1670709
195864
881754
693833
323502
879360
733159
765257
529413
990838
1085399
992953
526403
1774211
834512
1091315
1111298
1640040
1442098
1326467
984610
1011613
1650293
627954
818396
1727973
1027992
1038179
711137
718412
1525515
972944
921996
1277160
1398823
1271979
802638
176797
1339618
1039154
416863
1273690
954999
833328
1785811
1540054
610138
209700
770142
1433497
1537373
232199
1143416
1702420
992178
1087773
1461094
1547307
1068935
821735
2030511
1236625
914919
906886
1473403
897004
1526974
377715
1667371
1336019
176374
933990
44525
1390632
1212992
453573
827408
895507
1219423
768792
1066642
817287
1225427
681083
990130
1206197
421404
766508
946960
1426708
472089
264406
502245
723854
1549589
871346
1012112
422852
412579
607718
519791
593620
506773
1449008
1605565
1658140
483123
174663
654027
1038093
1237309
289619
1415619
1195330
991670
1121492
936589
599914
1005816
1252192
1641438
777157
1109898
460914
1014662
931877
679285
992782
735698
1832704
1428649
1562053
1032986
182464
1027252
383681
1244765
1345124
1381630
1193672
1261236
1155492
1175676
698138
1778018
1041334
1187894
1369407
767649
1041040
608227
968810
772603
1286111
1562828
1434530
376244
1251573
1338215
903377
1016863
1371244
919235
622317
1060377
945398
556944
505151
1327052
1251207
1502198
1419419
1517517
1369405
1299110
930880
1020224
456442
701482
1412190
370950
917716
1255596
648845
632378
353069
2015748
794146
1198363
1574163
1112407
951612
1437915
1369026
887618
435263
354597
1107128
638413
807596
582927
898172
1385353
1136179
1155017
214183
741895
1713857
802944
1566182
888460
971510
141324
481714
1002196
871379
1143415
696520
1461036
1218174
1420816
390124
450601
1029928
1753892
726784
534300
945688
898092
1697669
1467583
1309061
737592
220152
593171
1348478
2037788
684419
335349
730763
1191105
1426222
1185880
1107235
1381328
861910
302326
405901
1283104
1387964
1054458
774680
1208122
1342896
334217
1428784
731433
463596
674363
690577
694176
1360176
1259000
1065416
553744
1505468
890107
1246087
1572733
626619
395547
524755
1110887
1308133
404440
526213
313779
1230031
1296254
708630
537950
678474
1639559
1376750
711686
1496568
1340295
889808
721768
605859
982994
310226
60906
1531130
1248292
1117463
1454642
556146
1098609
1149200
707360
282155
739716
828578
813578
437056
327589
1133747
879157
904204
972963
866843
663220
1344900
1280200
605398
1038065
924185
1263283
364059
930465
719004
1169954
820190
1671267
971912
791998
372389
1703382
806860
767039
1233504
1317547
657339
1104532
1010089
1264853
1298261
910860
1324274
681371
1330059
1772970
1164958
962904
241820
1133926
381068
1083843
537994
577466
572111
1429745
1114897
1602977
669958
795633
1060519
904113
1043839
786241
966510
1012394
1174697
1534967
979078
1449302
1395385
1069044
907389
498679
1378044
1528900
276018
194290
1567650
473138
437743
1637787
1408938
734856
1159419
1375524
796341
1087037
298425
777184
945705
1052633
533025
885665
618622
576975
1074695
614028
518879
1180317
1133136
1207825
1877224
859061
1182797
354779
1794732
462175
789695
1101245
574736
786623
1654674
1266932
1368339
1560199
1174480
1294655
1292023
1008905
870864
1166485
1872268
309775
1367068
843575
1085571
1913735
549609
469696
251076
1159014
1059405
584722
984004
987224
918797
491183
1349580
628904
563899
1105810
1143964
1537400
477074
913555
803466
818719
1236564
666634
591735
1717845
1361891
550256
1143261
831959
1168794
1062085
1222013
728102
1081881
1329526
1570410
655500
890562
1374795
1461656
1233996
1188719
1006349
526655
1162834
1194743
849188
665209
415207
1252632
387345
1448997
1615697
1621786
447508
1169281
1187645
1073865
1797136
484444
953316
675371
744632
1455267
578109
1099995
1108298
1353205
1239150
1478195
1200673
1351758
1029079
1181198
717775
913815
1248590
762918
461905
1444100
1431149
1356790
429827
1067471
535205
941305
727005
1828172
983074
1040337
1262218
1087842
1461781
1670834
806250
1019956
1468184
1175801
1093850
1472630
1681252
1682307
1253858
1317844
1002698
1221852
1792781
937271
187854
910156
1448323
802587
1010493
525166
1071397
973591
740247
426235
682544
1057267
864576
556085
1244383
1329295
215440
1844576
394270
1440696
1694618
904125
325390
806692
522853
496490
556440
510524
983912
1072242
535706
454699
764228
1413916
800563
499063
1236427
817501
990949
1105898
1284087
1237049
1854831
804482
524430
482588
665723
922588
1370424
543386
1193024
1414312
1001512
1099768
1283206
1952448
344617
1315581
1290882
1207029
828157
1169854
1392046
999025
604562
1376472
863798
670462
652292
1209163
413757
1378062
1104255
1428406
1225772
1078082
1191019
1197919
728699
238447
1291093
737554
1174116
1438853
1253885
1283910
523528
1505573
1880104
1050666
862442
1100029
959364
1759214
1190616
1262724
1223459
868559
584669
542586
1343589
867113
587973
1049342
879414
1495960
1256695
1131566
564750
614650
1446397
1109044
1206075
1148979
1090716
1554139
1139839
1464234
1462944
948731
816184
608113
980550
1331998
987982
991365
250541
1594687
1544238
961587
1391545
1189323
1317117
1042171
1294741
573874
769837
1687214
1347013
768968
1095770
978153
995181
1873282
935040
1318559
792656
1158849
1279805
613668
1512141
1074101
761588
749069
1281793
1152797
413584
715896
1738059
690221
1578082
372932
1576171
169809
1052918
1367978
1081821
1068260
1320467
1192725
1083558
1659183
486413
1237748
1339815
1398763
1363948
1586714
617027
659069
1400136
450733
639187
876212
596401
545903
1273052
1524782
807096
844628
824080
1737880
1083123
1329943
994982
985833
1102766
1239266
395086
1289580
285033
455362
871883
543421
1137616
535525
1702669
1026942
461402
698762
1288123
1173750
565442
2028348
966258
751668
842705
1040801
947560
195006
983575
850825
806746
836483
1539426
595265
478387
1267164
855205
873644
1019881
1298790
1409318
2099218
494633
605288
918806
245704
465369
1018616
661011
894816
1500824
663937
1124154
1358464
1433838
633095
713182
484689
880766
1269755
614777
443966
655223
847330
1093133
1085550
580856
1110508
611890
920115
1528845
1550267
695378
1258808
1080036
1002451
1173054
1971545
323225
1093566
1518126
1343012
1239191
1180297
1047065
1310123
893282
1609022
944907
1330779
712131
1249427
1245704
1279414
726752
1518917
1004430
1212960
983610
1378374
713553
283560
1002244
1459426
797522
991349
1190273
1097867
1433599
988408
871080
246419
980587
1593956
548384
1217607
1120564
1141024
469824
1003488
288789
1566563
667467
1558114
1269740
1193022
1366182
1941973
851022
1033400
400577
856479
1227454
1022594
1284987
1535461
825663
405010
1738477
950033
1093709
1457763
1393627
1301738
1323947
925491
1586202
1534277
942142
607866
1350647
1133495
1181057
1224095
1490405
1174086
1189730
870076
797019
1286626
1284193
759947
1286533
1601404
1036171
1247157
1117620
788007
1397967
1323223
874278
571727
980735
642360
591486
1314474
830262
133426
525125
766701
1201384
930922
1071366
979089
445117
1396128
791385
1293593
1039230
1280421
1501979
1119438
1565459
972368
1154526
1745271
974394
775095
825279
729787
1001072
272010
277552
1068272
489902
1801527
1387916
569038
1509497
1486991
782271
528909
711412
1534338
650368
1482266
540389
1425142
1401851
1323991
1394174
804237
361140
423981
1214961
548762
1787173
546306
1309155
956454
1028322
1137158
1369506
1044188
905073
1656102
142719
1130365
1423510
853313
755190
563230
726174
1656837
940103
223675
522912
1228526
693511
1168151
272834
1420295
591901
729963
1221256
1200979
1545467
227985
573567
1146180
1158598
1316646
854729
457543
1770592
169907
637649
1159289
1615856
454470
1102999
1435286
761304
1320909
1487904
879632
726492
1107880
329564
607615
1489056
594799
1080217
1121469
1501701
763956
1061618
910005
1200572
1501927
917497
224405
680653
1028290
1243377
1164481
1692277
924046
1393924
546944
1061329
1459740
832309
1341043
576896
1086752
574608
587723
225290
1771597
1417447
1675965
1284425
568236
868044
1902384
969710
776429
517548
1520824
1428044
1300649
1420104
1929954
1403499
1104214
647000
468637
1488687
701166
245925
369477
820324
1364932
1620546
1206783
346949
377608
704628
330995
906959
201034
1436687
555344
561895
1455740
959663
623838
728736
520151
1267560
1183191
1204028
142059
578546
965454
329169
975435
424502
1434119
1325887
981917
1089958
410201
284385
775465
615040
1127270
1361522
367203
127665
410333
760455
1915983
1486243
259820
865221
718675
394573
1109738
1028693
1488134
980397
564429
548797
546584
1414691
983502
570708
1179800
1204678
1046364
1212279
534663
1357503
745419
214700
1542903
895170
425762
1499975
517813
1272687
1000901
1748551
330239
778907
127288
367903
1404147
1597398
1115567
651163
1790214
202240
1255764
1660234
1042967
1336760
512805
857104
705349
370381
677080
369696
1356023
1003529
245040
658389
1017265
1293257
746722
606773
1019160
416664
792304
635156
677577
1389728
1157778
1205501
414591
146683
882270
1510773
720084
486694
1310603
1358197
1425506
1225395
1302975
1338939
1263456
260986
664568
1331892
1017113
1889266
875869
1492390
740187
725682
1290410
285563
1437368
1850889
1740652
913286
184370
1391728
1563633
437371
945514
1012170
379327
902335
1284022
811423
676201
1590125
407922
1386474
930320
746204
775884
1578396
511205
1067479
860130
1469333
1084748
936010
955661
579827
1150867
663796
1140923
145850
1173999
292080
315326
991343
966295
435126
762794
597661
595753
534198
1278315
948365
1170614
1041615
1328780
336466
734156
1151487
765128
665461
612104
570504
710837
1822860
840285
1134664
779409
2073331
576066
1506185
806988
1042440
1177665
864295
493036
823850
1592023
1090420
533961
1430259
1245251
1013300
1278871
1073565
1408324
963620
1173836
547353
1214774
1417469
1234849
674304
1523940
1030926
491353
1388762
1274303
888798
1568376
1808224
1369279
733562
1147702
1089221
821435
1548550
667480
584057
529188
1496678
1366613
1107608
1094068
995513
1238613
312815
1291331
1071530
905698
1231758
1583321
1211050
1467603
257387
555743
603174
283891
837151
1176254
423609
744446
362601
624637
540910
510619
652379
1685507
1210072
720317
767465
1252796
1168555
1193943
1297704
1227858
534875
616288
1161029
1214897
746983
1000882
472505
452017
1058522
1145791
1477075
625834
1656743
1493720
996753
1517563
387921
946213
828453
588352
1668243
1442469
1718608
1298506
947494
1500966
870900
982898
1503527
526243
1405346
634753
1060142
425202
823100
1155433
1020606
1115859
992285
563027
806142
771388
1315663
1301445
266320
914169
1055792
1482706
476243
712227
511104
558371
523948
929312
604286
1002563
1008803
581600
426229
1415782
364813
1364733
1443383
701243
859568
1572753
1223487
804285
721561
1868356
557068
376511
755899
831548
550360
990378
853128
605991
825444
543150
678449
779957
1399236
667648
772035
1437734
1345948
537282
418911
1233864
1517271
844333
1897489
1355898
780377
668318
901463
513395
1363619
673795
364079
500849
733335
1322987
1097744
525632
1178068
432562
235077
750490
1419091
1674166
767900
978598
1068323
807296
977644
1412761
985267
982795
1353245
1769061
789579
552148
214684
967338
850868
1429609
549962
994836
1842811
589185
725124
1190380
1421912
1120865
568179
775460
1158611
934326
841579
1240974
1535511
967538
545092
955019
334935
903408
1415608
395668
186652
828445
1161393
1414574
949951
1258558
1173442
1167028
1061987
2025737
1390977
978220
1096836
765833
1273630
1043561
1284506
624319
1097392
825776
1186665
1253361
218744
457886
1042287
672241
610803
1364779
758824
888054
703178
1328286
1362107
1061417
1053340
427861
1017180
316287
979428
1311083
706920
669610
841363
940774
443324
1318785
1140482
794461
536921
1051096
1231133
916216
818283
1689910
853333
692146
1170622
1016945
656353
1408337
1181206
975172
986415
1185775
1060594
970627
823990
556375
763391
1018111
1377664
1680913
1573882
231228
1262613
523512
1575332
379727
1437272
598551
690198
654238
1373177
822459
405897
597317
386587
1241291
652109
849437
1677249
717566
1642335
738989
956850
1501433
236726
535945
986453
1010567
1296876
1769764
593437
1527980
1711023
794594
254763
1085973
842719
686796
240219
325335
815375
988366
388290
899588
686167
927484
407946
840122
1486631
953483
1654816
985026
1719093
922753
938338
830118
440607
1036393
621290
525651
856037
1436099
913000
1347502
455676
906378
1042656
845922
1192676
456734
1803395
756371
1165649
531039
1319854
512345
882745
715670
1335963
374202
1231273
475800
1405300
1403041
889743
1093353
1454027
1556025
721258
808849
471905
1922315
1402081
1025596
843719
1534780
1196926
1583997
448539
529046
1095968
665037
813496
817299
859940
1577333
476844
525766
1125468
999882
792273
1214523
1312754
414534
355068
943131
360586
321922
500800
861803
1183699
1124959
439828
1110189
1411652
1084713
1047802
864149
1207724
1243705
1704574
918941
1402273
956530
533027
1203062
1385694
871694
909924
1139223
901102
375196
1692221
920178
1431369
1098263
1301515
932797
1569363
1567298
1314550
880522
695367
678554
1167640
1532977
1325834
1448699
890732
1562474
1217793
1289187
1030122
1176362
1179838
493090
434711
1464842
1518450
1680450
412721
1098553
1279444
1697735
1162330
1013355
1712118
569236
1228946
1518606
1028638
1358806
935629
1364811
668102
966542
1187921
1153747
1613989
501761
830203
1588975
509728
1948686
850417
475758
699276
999973
550653
436360
774680
803492
1090931
1520221
1285753
522209
540881
1010226
1216083
906345
1673361
765120
1092842
1093091
517437
1577604
756851
705189
577612
1417581
1464182
1094431
1283434
743083
906774
1791031
1673552
852106
595640
1190150
1380214
1009637
1518763
1270183
1061295
1514258
1626307
996167
1441811
1511172
904716
1536701
243377
676314
680970
1895448
649638
827288
1072152
1285815
667201
293380
924241
241758
582756
1107138
1308471
1090705
1785518
740355
775600
640029
1182969
483902
1761550
293673
393418
783270
1081877
983655
1081549
1803428
1106383
499910
487914
1673394
663615
731231
263368
1069375
1207390
816679
451899
980628
1205430
1255603
588984
979131
826478
389211
1283878
399698
380246
639081
1331632
354214
851671
744639
661401
1496861
882201
583805
1492668
559871
1035297
1520088
1587209
905290
1158767
1301838
463548
1006424
899232
1121772
485952
768341
1047638
1775051
438978
512877
1327127
538014
1376107
303767
742597
775031
1341832
1555832
1183510
903286
1298709
1504494
1463070
1258934
477082
1220473
830947
1031098
312580
1074091
1312319
744815
319481
1126256
879932
1159070
1296668
191303
1141857
988791
806758
926551
1597208
1279479
933663
592914
1002726
1093590
1616356
557870
445559
1196010
1387394
222714
1132365
1716612
1214363
938472
1733887
667283
590272
1065020
419541
1565695
1176931
193895
649839
318124
215610
596037
594756
1089942
464919
1428882
1402626
1211588
153826
549195
1316193
1662010
1046094
1432095
879865
58100
1701855
1063662
1397267
1019549
1089846
446729
1080372
1400284
592411
736539
750582
1503311
646121
828755
817380
362605
1247848
1021700
551217
1402980
830372
1463148
1020980
1014905
1083108
1003916
277528
640124
1042917
178395
885736
1960721
755976
1160286
1129286
704598
985296
771394
784698
1418701
1663792
1364822
1312074
723524
1113276
929441
989018
513792
457104
1151503
1009889
1836768
267440
539045
1204902
883430
1339613
849312
485942
347209
892049
1055052
800595
920819
648913
906296
1283807
808885
1404127
789535
1165967
536845
891598
904010
645572
596660
630763
769074
1633454
1297683
766324
1393319
983470
1505118
1092195
1217866
495791
1635883
813068
547506
495625
1032468
1285006
1531712
1196782
327832
1143807
631522
878463
1432945
1371845
1673562
750705
1357110
768031
688770
1159455
886459
1301271
1243864
820340
712779
1077851
310343
1055092
1455406
631765
835579
964847
1352550
149881
470687
671045
862576
711755
1573727
878477
966425
1620793
1066139
851268
875513
868364
1214491
882502
750036
1370093
1088486
446342
881098
1321386
1163577
657806
1187956
1178656
630576
931559
663080
939369
907969
799666
1141520
570051
1072849
1411223
1091928
1046903
1819474
887390
1523650
707578
1571641
908747
1158904
1578196
190042
1493122
526635
1045315
1254866
468501
1660167
567331
462793
1655983
928459
564974
572761
786918
1518385
251421
329289
1330207
468879
212430
894536
777231
1132999
1328262
801103
1383639
1331876
1159468
1304954
1163893
376632
972672
715890
867305
1481658
891407
422186
1116623
595252
1231325
1072038
1616009
793827
1367355
782791
1249152
361793
411397
407063
1059764
858687
528430
789552
206238
1603998
77159
1385176
1238810
1393231
487435
1722981
844232
740782
310847
673971
879207
1010442
1314050
469016
705019
762719
563981
1300025
1548912
884064
704177
1251170
839514
1074438
1159933
454146
40579
605345
1075125
1039647
1695280
896138
1214275
757127
716172
660164
1446060
1713202
139452
715771
912175
836584
932750
642620
1151674
1386000
1513362
1389089
744913
848020
79997
675063
1012432
241184
803376
719921
1720963
988926
1151319
897942
1550133
1187151
942815
1048368
1593082
905651
1274845
860308
1036759
826092
958564
816175
1544459
612745
1063105
1024761
754593
1106989
1519275
564109
523518
1611857
1143559
966973
881533
1269841
987420
983970
1279264
2048537
1095390
868386
915622
1301246
1406860
1231549
1601303
1167329
660150
334098
1207880
1905098
1068597
705187
1101351
489624
888862
694615
1009782
1185490
796867
810659
781996
1254778
936039
1564571
770250
1257296
615296
1111486
1035224
116630
715874
1278699
423552
1297639
327480
1566596
1365744
957138
692940
1031007
865151
1004174
547225
888347
1261462
1084027
515204
475885
994853
1384856
1058388
1947558
854636
577115
663620
312087
645433
1707694
811658
548049
1044880
590938
1365422
1323463
548960
1196084
713107
967940
1548620
398942
759158
1147326
555202
1248923
1416378
980028
1071754
1117388
1615243
1127161
751286
1392081
747770
1220743
692611
1331078
1257614
1414194
247425
697427
613445
921881
1580058
726741
731524
942501
440423
606358
954162
1993450
436538
1271369
835202
413864
749526
663308
1384636
406142
1209123
1238395
709302
1569945
1852755
971665
1174776
476036
1000836
1144036
1066552
611025
1293974
541084
960221
508330
1509819
1426109
460127
1309123
97890
802947
1376374
1423534
829474
883242
755143
1367730
1411113
895615
1565264
1075063
816637
1291215
989646
1240305
821200
337323
914008
1758300
990226
1320280
1734371
565975
447966
956936
564427
1206035
1700679
700297
630228
1085402
801915
1611326
470474
735948
1602752
941752
1068779
1771449
662713
525218
978849
893958
1020919
1049644
886235
1219365
415318
1168990
477425
1153525
1192658
1665422
560027
952148
1098034
1172115
1350752
850328
988366
1270632
815242
1213704
1242198
766256
193817
851590
1662395
1209810
1120948
1527645
1320276
1447930
613173
864111
185252
1653909
913411
1490637
1198135
908196
712240
1412132
905067
568253
1404145
371936
546979
1108769
756613
1348660
1877659
1147730
736989
1615012
1028725
801738
623375
1406794
1019255
985575
1220365
1067057
488214
1355017
1260237
284618
269000
1527830
1281188
1909387
210184
1018799
985541
760896
629232
918987
1597699
598465
1257768
987141
525813
460750
1495462
592210
1000336
1254859
455611
941564
1652074
1074096
385146
1090100
1069414
1345075
835194
587851
203478
780864
583161
461148
1391299
186833
1116766
1401719
1541161
424990
1217612
1602387
1263331
208723
1222161
1246781
896999
1013840
914826
1231117
1095468
1418757
767838
1176165
1292815
472843
891567
1314194
728658
712028
1237544
941605
1155809
881069
1381552
1308482
1255340
1338978
482849
1221211
427531
1335811
1694013
784391
757713
905540
453135
1550410
1484365
995804
1094398
770652
1312425
467356
1395779
1040037
1213070
1161427
115400
1416292
1272139
943724
918121
851729
1124636
662798
378796
1417587
244239
1279973
850719
223703
1655480
629516
1596981
504320
1396436
888071
862565
1491498
256609
1494002
1407403
987386
1121770
722081
1029388
649534
790767
805327
500910
1370036
943695
1346386
1023824
946935
1455247
877821
1145765
1535678
1321607
1495391
1215802
588584
1493159
1010343
757031
1364935
649687
990275
1024064
873325
1907829
571248
1258807
957881
680109
104100
477443
1192939
1220976
904519
707643
1146868
471673
1395607
1354655
382381
782838
1625179
1169991
477106
1421312
1013620
542875
848562
830098
1588838
1022123
1325964
923404
1452136
732264
1028899
1461013
1343753
521432
976400
592187
582606
450516
911633
417155
132881
902891
1206629
1416889
989719
983637
1502530
1057549
1113503
478606
523669
993681
1361765
494219
1058742
926554
1360563
1107573
478109
1278921
904040
1202340
715285
303637
911826
1371764
1077245
1450151
280912
669724
752832
554339
859668
1157903
536948
444346
1543132
1239199
1659207
846746
883293
1164355
658996
413567
1310432
508131
1161219
979510
1672156
1384560
1722503
1658065
610282
517785
1209411
1459833
892014
385060
732685
1406828
974915
901364
1344202
1539628
1136117
639241
1200451
1004719
1069611
599571
1132168
970072
1506344
982705
1642099
904243
1753266
239918
862001
733151
777539
1546821
1031800
1248079
914210
1433289
1494738
477097
1029494
1079508
1327350
1736618
534156
941319
879476
420569
998350
416643
1007931
1593880
515094
1394229
423743
551313
977135
789648
1113321
412306
768607
1842878
980880
579137
887633
1064071
206201
1327534
488516
1759499
1170054
778325
1031584
1882346
1127090
1149887
1473249
187387
651261
1908270
886182
208047
879586
1005613
624412
175905
1229207
1611143
1092542
953547
1086679
403323
1126581
1117141
1622762
1432534
853973
1301504
654365
1265100
577206
876258
1307690
773094
583865
917602
1181584
151612
768675
537927
1342733
359893
1033611
721482
764014
787065
1589639
1192866
1437732
937675
1488328
1283340
1077182
1670038
655478
672186
892204
906470
597351
687771
1700164
863943
1294474
786746
453708
713256
1170187
1187614
775736
1070550
1426741
288169
1075392
700623
886679
1208680
774241
513692
814470
336564
1000535
1346568
1204637
759317
1666261
657928
1123464
1745477
1257684
477760
1083780
1497845
1251377
784187
1302911
1181132
1469783
1251876
849627
1299114
1347384
1686515
982389
159306
768940
746324
522543
410899
706149
1169299
936124
900732
648568
423175
815123
549297
1426337
1241432
764138
720527
546007
993721
941104
570098
727070
1346984
1094002
1151843
979875
429702
569604
803917
1020923
627858
475464
836210
1417213
1662964
1538033
952983
1157109
462223
718174
1409078
1312472
491034
767828
759072
1412676
1236208
689296
1713157
1200795
845481
1538739
1324909
1411460
1317611
317463
825905
555160
614259
1149103
454696
1180907
487381
946578
1570913
1368176
813013
1262320
459271
1068723
988612
1443309
1278912
707452
1272954
827362
525352
371559
1327634
564886
1009818
682241
571245
1185132
1338418
838020
621235
675792
1050855
1246689
1327799
1190654
1225392
903638
1431731
998732
1014307
1184581
649543
580580
1666286
920063
1600032
646724
739296
726928
1145007
1144282
1357454
702505
835956
1076222
443630
1603647
655572
958308
1264367
1239816
423164
956631
764833
667384
1310055
870810
313099
1439863
419474
844257
489650
615019
1013557
584846
459231
719306
992890
960094
559057
1597106
796262
1046526
848818
650499
626373
375309
626894
1806234
1491083
1063067
902738
515526
755743
957542
512777
1104600
1358350
223544
1605987
1300797
1253951
665834
582892
864932
825841
770368
1250951
1414914
594148
1554295
945402
1635159
340432
1500097
376885
657844
196740
1224272
1005250
506391
839300
1150451
394703
1216783
1390234
817245
1692299
313253
887049
902144
1544685
390366
1062584
829278
989528
836301
248489
790267
303310
1257497
1461062
1592936
1202038
599744
575218
700162
1065618
1177079
837482
1548771
437870
620184
877105
516503
834609
858919
1181677
1047216
605130
1305478
1414691
1626219
1034992
1283590
416140
442677
1271984
966648
776277
1043094
1542214
1003368
1196368
1188589
1196835
1295678
466146
1258658
795610
443151
518965
748179
1134405
1136391
909095
654320
633077
1200005
694341
781296
695053
602402
1540043
207409
927740
354301
1073106
560615
1147652
526600
1062356
1222972
1571407
1246468
675778
538692
462837
650948
896952
317960
664515
1156585
1098728
852480
864941
1037091
975527
1419497
1628381
903568
960053
1196077
945629
590054
415001
1001646
1236954
601835
1406162
596685
1152135
932983
1144828
931215
1806248
220483
1575941
1503163
971518
1347917
237894
1012577
1695307
990097
1434225
1461221
956009
1292008
408979
1264003
901656
459857
1141547
128380
1116697
1294558
850299
1399410
806332
1777080
589107
876920
830710
1148683
1326115
259224
1125000
1473719
1348112
1127467
1040293
583631
1606584
1069778
714799
662090
518721
1248936
834566
1257246
812654
1357037
825475
983448
429538
510143
941124
860802
658995
313565
788519
887844
1067085
1321457
1350428
1012123
1104740
1301839
1538950
675093
1456468
722577
447344
188995
1200421
784786
656927
575739
1557811
559891
1629655
447067
979789
1498254
759868
1256182
241296
1535156
675667
1349727
903100
523977
831469
1140493
688396
1271641
916972
997550
904057
690794
538340
1570958
1005493
740788
1130173
1677479
1815070
1625899
1013618
1571741
516132
181845
626143
858654
1388416
500276
1545758
700570
650582
749265
1820611
1682893
1171775
1539554
1097504
769905
837326
810392
849047
1216187
677392
1522015
313193
838501
873615
1382507
1400708
1021313
1457575
1673970
1023776
1608525
1479144
794518
763884
197911
613084
573464
1304600
716533
533540
1501879
376891
1188533
1679079
854132
946877
1388170
1078858
527327
1197664
846235
810006
1342601
579166
1658525
1523850
917451
1116494
1239957
1218089
943379
1689548
704205
776634
1534594
787146
719010
869577
498453
485133
1148460
1016241
1247903
1021817
878362
450419
346734
498612
239055
352663
622421
1057341
1307630
866978
351991
895699
747719
648186
1029428
481006
514675
1377069
996942
1308314
982877
1091647
351872
740353
692303
1383030
1171009
1492103
350117
521183
1719048
1560281
1696402
546391
822054
1388529
1464790
292295
606779
550080
1617221
1267188
325477
1163925
1297551
1147142
660494
916362
1357099
615922
1150114
1594958
1030507
527251
653896
1523661
1193062
1081111
821027
1052227
787057
1030333
1723906
583359
573415
1652789
436198
1126936
676151
407013
755844
600881
991952
1093571
588126
911063
847417
875523
980186
1626660
1137345
1135703
957510
1242689
807572
878639
650762
1425745
359368
1958495
658657
1200608
610817
1370819
1845343
702200
1133958
430763
1024925
1359559
482842
707751
808655
846751
1537534
1669356
1491580
1119634
1175114
510710
1421106
719192
828761
1129943
1206719
761018
426287
1191906
1133218
990611
331985
1255010
934989
1053266
1281103
684380
1293497
1653280
854333
1007358
1137688
927761
987687
1571056
1127885
484861
614137
1339454
435191
623534
485401
911063
279834
713953
1606619
1128378
213073
530187
1380051
445664
1324410
1069586
834958
208538
533944
1516538
314935
925400
815330
1409730
1398138
1017208
1170532
883551
1146185
1138485
983560
1186686
532835
759864
1614522
1171801
373224
858547
548770
341316
739489
1701666
676101
1304954
1547649
1072869
891274
1245786
2039034
1153448
834241
1234445
1705399
1114869
465396
1401940
1264862
1481294
984983
622594
188323
765433
1017731
531645
1148141
1029344
414584
637192
1047864
1720481
1021127
1028380
513306
1010530
565302
846570
1066116
1120087
778752
1613384
1708666
1612863
1247617
700562
957564
81179
667727
321103
1489890
663476
758846
1020615
1196689
1039250
1527292
1453630
1643488
1229910
675058
1147225
751121
980531
357013
762341
1535000
419906
961204
587777
1141346
1503382
469098
380498
1146932
1678116
1071885
1466837
1586199
510333
963555
654462
927665
812761
730679
1137278
1350224
929941
77035
546774
1274377
683538
1393758
515313
1239403
1683687
1463948
695048
759499
1593184
1325592
731591
708639
1670177
872341
1106817
1209294
741444
1437909
684574
1063054
1149192
1307355
712686
1199144
612830
1531725
1210430
358086
339283
1283516
1142639
1132967
931264
954547
257482
449673
1341651
1184814
251815
754879
1329992
1836705
737876
1468500
1420122
691386
1740132
959451
1057223
1606512
1306522
1376494
1011044
1709743
1236942
654728
1144825
1382082
1081969
1163840
1362291
928004
1344692
317320
619465
828587
1098551
347783
636678
1146630
515917
1091386
1125934
297760
943892
974856
1739832
1787781
1399283
1411913
1453335
681593
1079195
1189302
484239
1063442
449804
216148
865001
1501546
823994
1247101
610891
568397
165514
121509
144548
522205
2107268
947921
1584430
577872
1923083
952943
1456594
546253
1241168
1642023
916951
802215
1108529
1349860
1031464
1103540
1288491
493381
1404565
893985
1329143
1080359
462761
1098509
537221
1112917
1653846
612569
861220
898322
635425
421806
1325917
960057
1553463
1085556
991585
1815263
423516
1236936
938805
1216042
707719
1332891
1232050
1083860
693670
1120272
601105
1488549
1064083
1017293
1650793
1590625
1135800
764158
1469591
488800
362874
640810
826389
404502
714860
1360761
570845
854964
861274
1366131
515658
1219226
338863
729544
772145
609439
1252858
1539424
1049750
1024460
1334560
740805
1257225
1058272
1117963
1312370
1528340
125578
861860
1182199
1086508
944953
1224538
59858
198694
1672049
413448
1514654
637671
906383
917856
1175388
1668710
1607795
1171955
1160923
568154
1341535
843682
879671
1047847
558813
1408629
969432
1660176
1255029
1561657
1440487
760797
705079
676066
968221
1487719
1441343
1192860
826617
792275
1364273
729893
1503962
638660
766330
374740
1259586
1235525
1231265
1223182
1032850
759787
451895
914676
762212
1313980
634454
430888
1548772
1117740
1107017
896440
715473
1272872
828910
1291162
783273
1216845
1745682
793304
647021
977505
517012
1166109
888064
1056785
919024
814862
935442
1363440
1367713
873741
627721
851085
711721
892598
1326625
308759
806331
812269
345083
1303374
1034450
1054242
1424512
1443689
821460
1006402
1492564
361783
589457
1178312
576426
964450
892329
697364
548454
706963
856407
1267824
1377971
1335971
1414469
400971
193206
908491
1007618
1359896
452383
1048372
640409
679940
910694
1109315
523542
1586946
1102864
963696
1299964
956213
464030
716412
494078
434718
1024080
400986
1565965
455884
1353801
1719848
2034641
516531
1853064
586054
124012
681072
958231
567434
1242524
1441794
479526
910243
1210201
748739
1401400
945362
1671552
1068815
1630730
380542
1101310
1516086
1422025
678226
1931866
480938
1858583
1076830
1281425
1099208
997639
905364
774358
475100
415293
1737899
1155519
723792
567663
1029086
1459633
1600074
1342509
1070468
160741
1555449
630805
1088201
1408827
1487601
1020080
1387767
626149
1411396
508007
902820
641111
585290
339989
851391
1419945
1125504
1256028
752414
1276148
871800
1036420
812201
1550525
563806
1618017
1212533
988045
1236231
898374
163240
898955
1333066
821135
718329
628734
624753
191074
641157
615752
1017289
176362
1285988
1213413
697109
1432881
603680
152676
1094510
836676
1268637
1797040
1919668
1091574
859361
1117001
