824481
1575977
1023992
1318542
1736653
837691
452838
382528
2171868
2227058
1481821
1138434
330850
1730656
1509388
2112166
240882
1190359
1909775
652073
1944150
468790
465906
1620725
3090138
1413902
1440371
526964
1552552
1484192
1063075
1077014
1142003
666882
1010591
690173
437127
1646911
687175
1173842
604319
632290
1253578
309927
1035611
1114512
2776463
1803554
895984
927927
331499
2580636
571788
404220
856427
563552
1911815
1836746
1048744
1251933
1159453
2175106
1391739
364290
339486
1800915
2256410
2801288
781786
980804
1134318
2570312
339341
2475926
695269
1375160
1469958
1905344
1018443
873914
1164161
684642
1573305
1038907
1668854
1305792
778770
517946
2830758
1882788
1584655
1594760
612608
961653
1934557
1729171
561449
983692
664621
213724
1144366
1853920
1612028
969845
352018
2173395
2414052
1180645
718499
1361111
1121239
543728
2052055
2279072
1394628
2919531
901040
1041593
2010434
1740448
245840
2210196
1287819
67950
1355512
1074669
1196547
350172
1022207
745671
2645783
2785697
1213777
1381094
1954166
1059021
1895167
1097931
638163
1706684
2005932
967995
1268148
1973336
188894
413495
1451608
1463850
1227838
2017809
2096215
1068209
1024008
2382697
949409
465438
425462
666726
527869
2159247
532625
2185043
3117477
1502923
856869
733111
1844999
1205942
1378639
505059
2826378
872131
683795
1519591
2764994
512218
536579
494284
2063429
959204
2753713
2295695
2082981
801460
2052172
1598799
608127
1662117
1460325
2175887
1710041
244146
2464810
1306794
667213
439713
1308216
355694
311463
947079
1605163
1969904
892722
502934
1723102
874061
1308507
1616222
1007501
2398698
904848
667428
353843
1284198
880097
2149410
916125
1131386
1922451
2129706
1752494
1733413
1426593
1408072
2017455
517393
2878513
2054114
2152217
849199
2374486
803056
1329518
974976
1105501
3086645
3098219
1366234
2273519
575204
1960106
981885
1359961
661189
1694976
668859
2624918
1409000
1753663
1625004
740621
995833
1909909
1745752
1592206
1348495
1127362
2200566
1973932
1545263
363758
1469677
858887
2042260
485791
980784
611455
941109
112715
2273627
621661
2545868
251205
527930
1313565
1084205
1195967
2124929
975616
721565
1139870
1251493
717389
492094
907859
2534160
117741
1197171
1788018
1630630
201805
2353896
2400207
1114532
1886682
1487995
430535
822637
680553
395580
690679
308793
1955867
2387418
978278
1948033
1079435
1865030
2891652
1648280
2620657
1076583
2476144
1054389
2220536
1807553
2308487
508355
1577539
2980500
507297
1079305
818858
2100145
397470
899224
1759320
2320292
1274247
1238717
1177872
669558
2109122
545799
531064
2734847
1234249
947200
738595
463286
573255
237569
978130
2134604
2045711
1935752
2242029
2005039
711290
610327
826891
1460063
2203627
985826
634900
1599994
2327813
521782
2080178
1265760
1630688
481585
482839
2712410
1415486
1866157
263136
1134808
2338070
1890660
762502
1658181
1793317
2032484
173455
1224348
1305609
2699798
870384
1137325
766714
2177461
560748
913709
1556091
2677220
2617876
674724
2388449
778639
318160
2746405
862622
2356755
1924431
1053622
304329
1298589
2879394
736762
407077
715555
1383873
1774413
339986
366347
1591010
2694627
351110
1066241
2037415
887892
1656707
1803017
929611
682411
3030870
1784828
1420172
593638
816088
2208628
486858
547715
3176597
1817067
558807
1728425
2306042
1953289
1699747
1422716
627338
2006210
1803320
3053257
2225459
1764435
693284
806304
603934
1763181
1194320
1639139
1415119
1697736
131564
1690421
1572660
1672330
1956333
415511
1205823
576953
750049
350158
2907670
754912
2580338
1325879
1030595
851510
833212
1807846
1183686
463166
692263
603358
2370080
1804475
2508157
1318985
1216677
554392
725103
2052285
1214445
1999071
713450
1011463
1012206
1842072
2075608
540156
1461166
2576263
1137475
899053
3043283
938065
1153258
378013
477244
2119733
851425
1854345
2052619
2884119
2499097
1631518
721643
358547
606012
133771
670864
2730404
1025797
2179690
808397
2517568
173330
1975843
892712
1015495
115494
1607431
603731
442715
1169095
2278960
371938
1571700
2431509
440401
1779419
2045953
2051467
1079817
382901
1606720
757899
769132
288135
903110
867241
754420
1478980
1451878
1611531
1848819
423256
2520297
2064528
2447883
1467330
1070562
640470
1533819
863351
2222782
1526386
1670867
692719
986418
496113
609648
906743
1441665
1100553
478752
412126
1852793
1401089
2635342
1503831
74610
890601
1513166
720734
2338813
1975074
1996274
507089
1281030
3071919
2076998
317331
613971
326349
2087561
1325370
1953750
2429042
840961
1089400
627949
1411158
539637
1527547
2078437
2736486
1585326
753008
2328213
98120
721726
2773638
800341
544716
2088826
711213
521892
1183547
1968327
1401708
1960047
459156
667207
915229
719712
200061
1380485
1044730
449983
2745831
1924571
98136
438713
1583451
2629646
3167834
1339282
275416
1831018
2154049
1240930
935377
663836
1522959
1708908
472775
707892
1065766
439112
427475
1730566
1406444
770687
1160993
1074732
611734
999533
1834562
2638368
1030487
617094
1001732
2015191
2361277
870140
1039563
2381399
804179
1910457
1412104
2829306
501972
1116921
339066
2333545
1243283
1441244
715630
551067
1497549
1594251
2834628
360735
1973356
1118846
1597233
2604360
808642
1148669
302868
550008
920810
1099191
1117161
865115
895129
1531421
2877086
2405606
1005541
587824
470579
410073
749559
1371423
1400583
694645
1453883
589395
1246244
999550
820816
1167785
1897295
2232037
1206306
956403
2595529
741087
2191967
830883
1532541
2260314
1958582
963999
2314128
675877
1767132
403824
845522
2497420
1412848
936838
1912596
529220
2050619
606906
364664
1284937
174779
1613770
819033
1320881
1962596
1077861
173786
1964629
2128102
622884
799323
2638604
1486160
833635
2343741
2424204
1015661
1873316
1141450
982015
1495897
547320
1488769
1828347
2528338
1882282
781694
446975
1042349
1564414
855490
1575560
1770635
2553014
1572620
996637
977852
838386
1565486
900236
22170
725190
1559144
528449
940777
344766
1795955
325234
1767079
730724
1817925
2648234
2269279
282630
2838142
1128651
1496385
1340028
861064
1833637
1763354
520065
1164644
1740077
1750100
2444573
1205484
2466465
704318
2035822
1906012
1012075
312806
1571428
1308492
626299
2634206
1623557
1810669
454611
1254816
2129920
804251
1180882
506403
460984
2369904
686087
407642
827209
2109330
1114408
317917
807045
2060196
2583594
1636523
2158159
1770668
214953
925178
929775
2381953
1558364
1941121
2093811
2514068
2148715
422733
2283931
1200819
1310940
1942400
1316023
49149
1715317
1716304
1971490
1268489
1289420
2255086
1942995
1174143
1425163
542775
681087
908921
1285629
507648
1919278
1515766
1886449
464037
966101
298016
2884855
2607265
1328913
984010
2283755
735422
595814
843219
886684
2089987
2233104
1446596
832696
3319895
2747367
984927
930539
1625502
2219266
838204
1092065
590810
1024490
475865
372949
1882029
799132
1960697
2617217
1242037
692054
98433
1759162
379683
412857
2245458
1506043
1877384
2029220
864926
2033864
1465343
2276076
2025631
732052
1003205
1436459
1428002
2159295
1458732
1152623
1547207
421318
1661523
1332673
814167
1983865
773425
507820
1868079
1941691
1876825
2663095
798108
2527682
674651
1995752
905344
461430
380503
410480
1104952
3083819
1559353
277172
1768465
1759601
2227613
1853142
553071
1133149
2763644
1089185
1872956
1081991
1407130
1177407
736773
1174486
2170371
826958
392559
572257
751819
790526
941510
2190993
858770
1528466
1743660
2171251
895535
1762716
1165582
799237
950301
1084702
257839
916421
1294212
668379
2383524
631140
243845
2726840
1480357
2113745
288365
1460330
1613796
759405
1850778
2433238
1350284
1892751
2683466
411342
1270602
1407905
166278
2172308
778628
451621
2024314
701150
728239
1567489
1277446
2159130
1904624
1676750
2348896
2462334
915048
2733341
762245
1138316
1857511
2438107
1048007
347460
1803299
618372
841907
602753
653156
1416864
1712745
615170
1699472
2527940
1439777
271561
452016
2161485
2941982
968165
2307185
1690540
841142
1219147
2180480
597945
882659
1054843
1028003
1553075
2918525
454435
1732215
2049151
1187336
328922
1938933
1910102
748685
2036833
2761158
429409
473513
603328
1896738
2257883
865204
1650769
1241595
2587006
2324680
1803471
926048
2609122
800385
708931
1965166
466858
2531357
515398
1754180
518574
663575
1540682
1271243
1234237
2390996
276381
1058332
2110307
2330255
826424
2104994
2049065
729367
402802
2032624
1450654
2142749
1846509
707717
1079386
2046683
862459
553191
2327962
1875030
1796344
2049427
727205
848412
1201761
1815316
582690
1114641
1746257
1112404
109475
1001077
451997
263990
1929646
956792
2102696
1104981
362095
1648722
2337194
1010245
2716036
1917922
2495930
717635
955806
1005704
3348848
1777438
1835257
728565
2439617
560199
2141794
1171942
1438488
1033575
1424886
2213452
1623505
831363
960696
1517709
1651046
1491872
3098680
393589
1407959
2346340
2432243
2381872
1008214
1954218
1975341
1832953
1536079
741099
1434787
2497300
1927532
578881
525940
1318121
1115051
2142678
753969
1254203
1171864
110335
1480970
219383
1130278
735155
1987378
747419
1080050
651989
668372
1085113
305075
456433
1033329
1994336
1704710
1766622
930746
1256793
543857
659573
1539693
106567
565415
1322849
236124
2123358
469890
764090
587382
1356966
895914
361606
1467893
1509800
664880
1761333
1619212
977307
795969
815891
2359914
726792
791663
595339
806858
2791840
1229308
584596
497942
1395617
785477
763653
1084818
1086998
794711
997376
1599520
884862
655565
1525274
2178633
2353864
901698
1410004
1175100
285587
3005920
1926536
1828131
2066090
873938
1026624
1169385
2731665
256216
319256
501516
1609262
1082556
596193
1101617
2412086
1766146
359036
2430571
1387598
1914763
908417
1374854
2747635
845155
266238
2758297
3143957
1988147
1755137
2278201
2230210
498211
660259
1785038
1241085
592423
1342475
1148770
1263200
1568274
1609933
2100599
1282269
757318
2133762
986207
966063
542058
522166
937023
1583803
1818690
2719049
850740
546822
1115696
1087636
2180772
1191214
1293487
1322725
881511
2286044
768062
999029
1352791
876207
2131749
76641
1017184
998198
166881
624436
1801780
608279
1805058
1795094
1231475
973320
1711383
850925
2357155
1676020
1110606
392961
1143886
885526
542878
1926584
705189
2630163
1127558
1814603
1663420
767585
925276
297937
1148803
1730019
1578523
1275264
756465
93683
1696410
224557
233557
975906
1236677
1109472
1429907
650724
1727609
826099
918570
1030820
998031
1065417
1668029
540430
1445451
2209300
1041202
1318738
574284
1587370
832971
535674
927363
2062846
1857849
1936098
775663
779502
1698154
923244
2226954
1866786
1030399
1104151
1169040
906012
1724329
226552
2380738
1816453
1000039
1019795
1359098
875143
982147
2436938
3016024
655961
778700
1482646
1611285
1621375
1703981
1582073
1988365
1791509
1297104
343303
2408893
2563098
1477763
661645
475132
2249794
845187
1192818
2666798
2214291
2307488
1553846
1164438
1623218
2120276
2207235
1029397
255421
378327
481225
1092254
1944511
590978
1555747
1077460
2958992
2511022
1988629
413542
2044987
2344702
90422
882393
1167906
1448716
1205500
1070826
723724
1627973
2602368
541082
738979
1787324
2185858
1996618
370344
2066093
936419
1077208
658927
204669
2689253
1996484
341411
1670009
1548758
797379
2414963
621327
298188
2269182
599439
714378
642848
333416
2092838
1787104
2446206
1536295
618596
2526758
2565466
2264253
2784151
840103
1907423
3153944
518690
836676
1360284
1299455
2191449
1626772
706908
1387502
390969
1076284
317537
900332
102859
1800586
695459
1572587
2331276
659342
2116711
833528
272180
1424116
539621
1714208
945307
2402491
855437
1935089
1147792
781873
2264242
847698
1734450
950141
1999784
1963215
2326671
450022
682878
2075767
617381
351584
1356570
734531
2216107
319957
1666330
1485954
602719
1080659
3084858
1677721
717478
684544
649350
759101
1685737
640278
590431
1826980
872796
1860321
357616
1860277
601575
1014974
836699
1474231
1908170
1722718
1520467
1436392
1925396
1844687
1991981
729715
2029871
1123882
511430
2154825
1455723
89978
552355
1312682
1156634
806805
734666
1733661
600693
714609
886499
2209298
1244205
1004102
1314758
946272
784802
143529
1856804
749599
818855
390071
2388453
197037
1489695
2439751
712494
1292470
599529
1714763
2819927
1508039
1349531
1072035
895543
578594
2270128
672935
414511
392318
1699653
2520104
810797
1181500
579032
2466717
1084123
1152082
2699062
2470094
615670
2207998
1571431
290783
646248
1347846
1102064
2137652
562673
1721734
1077905
1071367
1481597
1793520
1649842
1370082
886485
1800455
1262892
731247
286255
977691
460905
932626
2601114
1009106
1085737
458603
964241
1448586
1676396
2068553
1246209
2424799
225966
395766
223408
1071229
1480457
1328509
2007134
1930852
1938997
1130855
1180006
649235
1511915
1175232
995151
1748429
1032675
658543
1895830
1380592
630532
2124203
2042997
384735
443578
518720
2450595
2367795
2403300
630119
632619
974117
531348
2322953
2182646
1463320
2121753
1310670
1178199
1717373
752048
1053767
260734
765507
737281
290369
1340611
496579
1266852
968479
1731873
237415
1820495
177902
253328
2122901
956697
2373733
1068806
3127292
894207
1423162
1764287
1710215
2232610
1189059
1613155
2159656
1946027
682904
1916840
1198816
1136394
922647
376216
527709
433246
1505152
1163141
2066839
2026779
2002452
796428
2275521
545079
831871
359730
538233
2555840
472129
1295492
263549
1528376
913468
2018133
460462
675620
1103034
1615406
1271215
2157244
2322912
1490832
514265
414495
3262834
433003
2426286
920572
317029
2387593
696954
1012673
824264
2070566
843837
320500
711967
379365
1157642
756901
1567677
855406
2361428
703279
681681
366828
1921442
700271
479812
1042157
1531336
994950
2576957
1382628
1658191
1902786
1458403
219125
781224
2269255
668483
725758
765376
2085032
1986135
575331
633758
714322
372494
1422463
1446408
1650838
843054
909275
1030638
244297
788552
2011768
471878
719020
550281
208281
2697318
1714664
1269857
723847
1029363
1906799
659571
1002222
1131281
547659
371496
869730
288555
2179290
1416159
2564229
1918331
549019
992679
1264771
1564186
677690
248585
1392583
1824666
753373
835330
1169945
1651344
527313
2055841
1690993
1632841
1278878
1514284
518785
429697
430814
334426
2873704
809659
179996
1005837
659563
622824
780064
1393249
545070
1899930
649379
1950086
446262
189232
848728
1452651
259170
2169961
2820440
696120
607553
834238
2375383
942857
2037211
2620662
1501917
1918343
671112
934701
648268
2270198
948247
326877
2246023
702867
803514
993942
655103
682850
1777570
279554
1366433
1905581
1661732
1634669
2146255
1067514
1339472
2427986
1794385
3076531
1012461
1684606
2842273
1050080
1044204
1744925
1590520
1134818
2163059
342408
403547
715646
678459
1482140
608386
2660497
1507085
651247
341527
1522326
2038007
971749
593574
2003573
760321
698413
1124002
1626324
1860088
927670
1207968
443993
925514
869142
1855062
679400
1652289
675582
922747
2673199
653927
181777
1195170
676738
1652293
554566
562695
1618949
1774226
1756831
753196
160562
1613592
2174880
1079096
804135
1107147
440921
1873603
1448802
1573836
1552272
675391
1355498
1625950
1606239
416151
830763
404630
645680
1186180
2401249
1083673
1374950
448129
1888491
2635904
1081460
2326358
2350483
1664436
471567
1424181
1284480
353689
1554876
543331
912919
782537
658452
1347742
1818214
1326961
1827450
735821
1271482
737798
1360363
675544
1878263
2120092
1736827
1197775
958523
471814
1604184
978190
872564
751699
781073
1680337
1102879
2566587
860945
980203
686424
1809375
73067
316073
3288758
1007252
848605
1148153
1182309
95309
580137
472478
97377
1198305
95509
1472552
771536
2058903
1061349
2376699
388892
1971339
1230483
1984925
1656776
1621425
2009441
1310827
1830913
1428063
1699455
2667480
2262150
634841
623590
794597
1811984
1587726
1436356
949591
1212333
2809595
1778541
993557
2249472
1284693
1740732
275296
1981975
1459663
872685
1592220
1288090
2031539
1270165
1831418
1474905
420697
1304399
2353213
1372409
1877042
2817923
719126
1896308
444018
1721013
987845
940700
610065
1099616
621735
2498018
902724
675398
779617
2031927
1440206
367554
2634318
2754718
1541987
1054820
1208957
967405
1972459
1807473
2134091
1634748
2090345
233594
1223534
1021143
1295073
1129922
1980811
1135869
2512025
1056071
997369
296856
1258093
450893
2097692
505019
830504
1195166
509565
2055288
1193898
1847850
523335
924382
2108098
814139
520167
1075029
1559269
975710
837928
2664724
1245847
2268726
1593241
1772119
1511373
1104364
625095
3112221
1257910
483771
2262547
838637
2382698
1698232
806100
792216
866762
221469
1734519
622982
534572
2280669
1669843
1509289
1603372
1908758
1074945
1772461
1034455
1477345
2268509
533682
2326546
705637
2587930
948124
178749
633056
2277152
2073355
829372
1709105
635480
1629469
1070110
603795
699847
1996420
2148464
828571
656368
614352
1144082
2058587
719878
1812270
1933438
1087805
1401705
2101385
1950453
1552623
1272152
295376
583807
1468438
2772308
2197679
933025
1466837
1072558
2290066
712264
1091517
1502998
1111331
708725
1817414
1787849
1165646
965841
2090741
1550862
2907492
2528472
2344880
1406032
2045114
1074919
1593707
1135247
1025905
989066
1008698
887722
1950249
949590
673023
417068
421236
1720824
738134
1538733
542854
1473567
667693
1081988
843612
706518
2441702
2093652
1757300
1767165
2667581
3126903
210926
596958
519189
1300468
1502273
1358893
750503
303687
1517874
2792426
1743295
2974192
655336
2219631
1268759
1432582
985785
1611827
2139549
333125
2327400
762484
1530009
2918274
2250185
419184
888781
1744289
1879028
1528094
1191701
1254400
1363650
465749
585415
270994
639840
2195086
612422
791588
509530
1478796
1185665
540463
906862
585647
1065007
1707782
2644625
329552
570037
698256
1124303
2740042
273815
1468365
2652294
932013
1450991
1339449
1807669
1335073
757335
1736891
1486933
1342526
191080
1961105
1463933
1782652
2700701
932880
1894529
1320559
1805081
1772287
338451
1100056
534520
1431001
1260146
1171386
1452995
1563949
1438758
174004
785304
605126
1861587
590997
627075
2066170
2371870
1083015
1490013
1214299
1029252
330865
2143211
1489707
2087971
1897841
1096770
1317901
1177718
1900754
268160
843384
1240578
915675
1436093
545237
949821
2830055
1682353
1687901
3129669
1487729
1479877
735064
2384682
889044
2040773
799521
2220444
717320
1361537
331968
2435066
305982
1598386
411988
2091641
2079976
589023
1891707
2170411
2792030
2235572
476617
1882375
749057
558052
2535874
733529
1036542
1082991
536716
642301
1286146
2188845
909996
616436
896436
932707
1058597
918607
939377
1351286
2236606
1972519
1431398
1475223
834880
303406
594522
1615656
1574173
685015
485383
133321
1556730
681498
1336795
2054252
602635
726998
2131985
1826055
445326
878709
1217409
367680
775573
444824
1319032
642971
1173979
2579172
1001098
2220339
680943
1260025
789302
2044853
1243607
407485
935613
569025
231629
1107791
1360749
1331130
660776
740107
1967391
419507
1123678
1475733
1859205
1848035
2258041
1330205
1721015
1140969
929205
993652
1325999
1321048
2859027
1597720
807425
1897044
1060565
1220008
1890694
739915
2929715
991379
1249049
2737720
2229457
640767
1364049
1393258
1145006
1934217
223861
512734
606382
1361660
425465
765432
1872819
184132
1350543
1053702
1905116
2282023
932113
1178693
1884131
690395
376399
909527
2441800
2805880
2440839
1475080
1476275
1431657
1752448
2599958
1230906
753990
1611917
845974
847662
1069987
2566557
768855
1280968
1687797
807813
2140257
396884
1649172
2582821
49547
822520
458981
233966
588932
2043187
889569
1918548
1213481
226233
1425772
484376
1047539
1011010
452972
919441
1721388
664322
656833
712822
2809406
486699
797271
440211
1060573
2286252
587626
1682155
1500676
1344162
1879883
817240
862380
1460178
479214
1128958
821008
1120105
853726
368956
361658
1002951
705349
2578619
703510
1754105
755699
801461
1099039
1498507
1929817
627478
684835
503234
1940002
2008674
1693844
1426637
1669459
1388003
2181026
797403
1146401
1064183
1129895
1876562
637745
280985
1630269
805730
1637173
647063
977490
2410566
533919
1550440
721692
2125400
1109626
340158
745404
1951942
1137174
1103953
65671
717591
992139
885474
2612509
590315
1068278
2301892
375485
160067
2483213
2752149
1271177
1086898
2072015
1532571
720270
1075063
915043
417646
2175440
584036
1308946
1422216
666207
2864704
1287293
2110884
1137452
1975175
1536732
1354978
921063
477460
1146395
1183762
1511788
1847162
1901862
1927469
1971446
1150412
778262
2436485
1446615
2416116
1897297
2222899
689321
1281559
784201
1098319
1078939
1929944
822065
1941080
630698
2613960
964745
838313
674139
2417263
1242547
790433
496635
1939318
869647
878658
477675
1355417
2490488
1454279
454311
1897590
714491
2339726
411779
705628
1954551
445880
2190099
1905619
1935692
1920080
1622546
703417
525472
1353448
1924993
2630518
836245
1331594
229083
295046
1495202
909377
754868
1647444
768984
822352
2490917
1729412
1613948
1953699
1712031
2683820
556435
212003
777583
1002798
2508193
2319362
801058
2110257
141735
551073
393619
2561939
1505089
1365069
898951
2513716
392159
3176345
1520963
1017526
1527359
680970
1616768
857411
1361171
1315984
1184882
1736777
1727955
1502712
1665236
1220240
485176
138339
1075326
1092842
1460824
1877584
1517194
1053171
2025528
2999566
2218186
614307
2300138
1283694
805672
628876
1164810
797023
554697
939546
1309068
1183076
477004
330302
2045797
1432349
844140
434983
1071996
345486
1297870
953139
1407039
1635742
1852805
2147680
1823822
566516
1514718
581635
1507654
1490521
492454
1152784
2731185
2820220
2644126
1176715
1360547
937617
876025
1365381
1360045
674227
1204280
581803
741231
663590
1745183
801221
2578740
440640
1495402
415840
760202
814275
595597
1125828
2274332
1896550
1858759
2375478
923625
1946186
1027306
2878643
554830
1264890
1187443
1383270
2067838
742470
867016
532795
204099
633461
763739
264196
223105
2042190
1825732
899902
1603938
266052
1729001
1720977
2565313
2449674
2418382
1549828
1962327
2053322
1437536
2263712
691178
522932
1961937
920452
480169
2313026
1336055
2228838
1520949
1590442
1000443
862604
1549131
348287
1211692
705657
323064
2855671
1845130
764927
667049
755007
1029098
2230163
900357
1555357
1906488
332000
3049459
402848
2416438
1684020
857105
1884832
1074918
631641
791491
846808
1583541
877338
1606908
387730
851719
1101905
570867
1985119
794067
998064
861484
1047770
2018370
2137433
536661
257237
1610860
1458988
775933
817587
776105
1706688
486585
2304740
1050913
865720
263522
544395
1448335
2399537
906210
418415
1419265
763334
2968516
579822
243346
2169424
875153
114591
1599205
889185
296568
1114934
227808
2165338
2059964
1436482
350219
1709121
1809077
893943
881732
969123
748741
691057
689312
451839
1811876
1741838
1730800
600553
1060855
1140959
2996399
1269138
2235697
802693
369878
2023528
1437998
1491324
1284933
1301492
692611
1576249
785494
1844375
1002785
994052
249952
1210347
1969054
1560036
292997
884882
985592
2306108
884685
1742619
739751
421034
1469869
1453794
339561
1667506
1978481
895871
952983
1163734
693226
997531
2500735
863421
744986
1170465
798147
1388813
1156692
1205178
2454030
959621
2625292
1712560
1941545
3129243
2539010
718089
501953
564096
855404
314968
1708664
1438123
2755504
781710
1657710
2145210
1135857
813751
2138720
745600
1194653
756439
1258250
401292
553662
1311279
2153864
1521401
2816289
2305608
1741619
2165308
2108029
451239
2161788
955696
481266
355241
1849172
2440045
609172
616536
1190395
1923073
853801
764192
1430561
555030
587336
2101312
1817392
596194
518529
1089927
1313520
858792
1670107
605228
2003034
1351911
896623
2457087
1384316
760111
2052376
767340
1030126
1984694
2121516
2887558
1860145
408962
2386623
590241
463625
1782736
2578904
598507
1693044
1036265
2939685
510735
1404549
1226756
1520418
1183096
894418
1958175
1506748
1628038
610987
777297
2212853
1195199
1080848
865062
465276
871875
575872
2205519
1108045
1360809
1883985
1103139
1584359
1725404
1319955
2680519
1799350
239419
1637885
902356
581521
1659524
2084025
432402
786421
2146423
825257
684899
1422068
1827847
1983751
1261760
3191107
632468
1071939
1329864
558896
1970401
1278776
1843354
636501
1864117
421642
1475229
1175094
1946066
1012803
1186729
2627637
1543321
649522
380325
921147
1451526
2162178
723680
536781
327665
261290
1314946
2844182
828067
675364
1461701
606872
343203
1767896
1737689
613345
2276030
633066
753033
1785032
1189260
623163
1232732
1684653
901713
1865363
1825034
957707
45735
1079636
1068666
1410439
1948425
357537
717750
890424
1573686
2351333
1674740
1533800
641704
1504257
615947
1894641
1175451
132946
1010605
573651
992592
825473
960172
1871824
1410611
1303324
1024013
1694123
828249
2473575
1039184
1062175
1307360
1904841
1498828
1838797
1000592
2763791
1484394
1788308
555437
504780
1654965
685902
1602245
881646
1539951
2813635
1171812
1215446
2424547
1287664
915209
1880396
181787
1147548
1106717
2407684
1001834
835185
376261
792167
834590
1891009
422798
2485439
2052591
1721181
2143532
2125261
764072
2902668
275099
402166
2572879
2185775
434074
1975506
1306249
442501
1278956
1505690
1872139
2609764
525613
1475653
2032389
1777667
1692581
483480
1185018
974307
558515
941201
233937
1631098
2032855
2221014
598443
1513049
287044
753498
1406804
1274947
1750448
894744
461575
1167474
2296363
577048
1210378
1971447
1163343
667496
1320974
2242263
572702
279388
643713
319566
1314811
2308502
886175
1226197
1466297
379406
1421751
1265135
3089439
2872442
730694
2092583
984612
668968
517889
1057550
786506
2265510
1974781
1469679
1022011
2266201
937306
2121055
653315
1714205
801873
1476451
994003
1089473
757471
2278627
2565483
341067
1326207
1195277
2742574
1829751
1355060
1774891
688765
369990
1755177
2271767
3409224
559011
367040
2147050
1051819
2932892
699936
1590693
1048732
2454441
1462641
800808
1121638
977100
1522135
607395
1233878
267848
511876
1483822
616808
743720
901183
1944121
1691458
660552
727812
2908080
1226690
1075326
2902133
1901676
1509715
569394
1163338
500633
2404460
336657
585242
534906
1630139
1978794
1942262
995024
881782
2076121
477928
1651772
2222574
751791
2363129
419530
733728
1688627
2552298
548618
258053
1971495
799617
973028
1719966
1354276
1441387
356864
1753928
1069608
694508
2078918
818125
1125371
1463406
903631
881395
680579
969704
695571
2013292
2841287
710654
3129146
1766111
2310758
657826
1874069
1217834
535754
766171
894459
750747
1715841
725705
1043783
713190
496913
471399
433426
791248
1776055
540342
609541
2233151
2079776
220327
505963
1594915
1029147
654492
1573845
1629619
491412
714704
1017256
2544514
447929
1006708
1649150
2394060
942818
214578
1435839
1444455
704572
612110
1295049
2134029
1695776
1735857
520467
773116
654406
1491753
1121067
530399
1778090
1791846
1938993
772503
543265
1811872
2119990
785112
1065735
674395
189934
1376778
571277
2534886
662511
865634
1558313
1964582
580513
785499
1945473
839398
1645530
2279297
1727320
1396137
2731567
2246856
1556260
135706
991622
619117
2082077
403437
1603348
1041818
1312338
832662
915364
459345
801702
928269
1152693
887729
493731
1762757
836195
1088536
450574
923039
1018029
1139596
333487
710699
213207
1360298
2507726
605309
965070
1140381
159148
2199283
1583100
1428817
344504
2112863
380089
2214402
851683
1463405
972584
1220735
2075884
565835
283909
1718244
419592
579418
1137912
604466
2358026
2719140
954977
745222
2019757
2475744
407227
3126643
669888
2874828
2167614
2615726
1213623
473637
847956
1681520
1394545
613922
1189753
743833
2593402
1437400
401980
1074415
2281645
1651993
1476297
898692
3197352
2014690
1318853
803268
637465
3052868
1964221
575812
1539167
2576303
1296153
2188238
1416445
1736098
1868115
439149
2471222
827492
1716564
2382734
1142907
694416
640765
1108584
1199921
1295245
2335854
2251198
1790086
1813835
1041195
1152492
893780
490214
2143415
1256562
473731
1819433
470927
1969917
2380775
2829413
1313125
1648062
1599142
541860
2402104
648173
1809554
2210792
937434
2473834
1476583
544976
1127219
1088367
656350
1265980
608052
1902887
559064
898153
1210910
776608
2325705
572292
1912380
2050468
1010819
418607
782383
1083851
525496
555607
2270810
755986
2827424
2206132
2268120
695460
1273649
1231596
1664332
422121
2205786
1210420
246459
1869254
1619063
2185786
2184054
1043326
2464080
1049028
1852134
1884615
1588529
1065238
828710
395579
957756
767340
1006828
1587747
1162638
2435492
408138
1774540
571039
1776005
1196046
419935
376628
548924
1910967
762558
879170
636096
2104154
2512349
1859356
2413859
1288894
1118983
290779
1341409
1760540
577438
1909655
1667484
1779772
1473083
982599
825194
861556
806727
785774
1913878
1999969
571432
860175
757524
1034903
1572327
1143380
1121587
1391613
880998
445487
1636638
2900344
635961
770936
1588338
636035
2550618
2076062
786949
3006787
1545725
819585
2122772
1148213
867110
2305919
1645293
553087
817626
204738
1233968
1027326
1495566
1838837
1013064
1342858
1369171
464212
1622470
1218661
2774152
777481
2103111
401695
1575291
800486
1588562
1086800
1526081
910989
1744149
1020825
2894854
2045706
1908703
539726
2254012
2801715
564826
441813
1107257
527337
919145
697930
2287789
566749
714523
1997046
647910
1857128
547515
1196530
2078678
656156
672493
1558045
1312217
2210314
1008643
2351364
1056442
1620702
1527242
1477915
2261771
739708
2400689
446339
943398
1885815
788173
421778
2841128
219940
400849
1647740
2379301
1213741
1892702
2843167
2274363
771201
512066
605342
1985673
1187462
912298
1663470
1645205
1599574
1857205
277589
2851719
1768176
483632
748829
1096870
445962
455801
493889
277726
969453
1459900
2285756
782152
1867377
2567140
2456954
427538
998267
3062615
1194828
1675203
1921688
2001903
656632
661418
690315
1648979
1273204
424290
2028493
677942
827054
841063
1696491
454708
523582
1176604
1426771
599365
2183371
929396
3025691
1767833
321166
542101
1236185
1799361
2362635
577485
2256792
1333652
2739094
258621
1177831
1418851
1642366
2678526
1384570
754540
1426564
630023
2125894
2299622
2273147
1345651
1630759
2857609
1054734
564794
2174590
751937
477983
261135
727684
2444197
1009076
477591
1348164
2437103
1917108
2030008
1902112
2700417
504633
2434040
940312
2238633
331989
723334
2060487
854055
1596691
1386328
611283
2252401
1060202
368126
2064367
662068
400978
1542337
1435672
739110
1200266
466536
2250313
1308960
2161956
624643
2796826
282233
2449948
1059830
513072
1210877
718991
1509867
1035241
2176935
1015455
1321037
1880901
859486
1155555
817587
596486
1567469
532687
689705
215983
1697447
691759
2042618
2384662
279455
526519
618410
731358
898142
1445635
670815
2177068
1527010
43794
1932101
1060985
992972
510450
1038209
2514408
1899810
3006452
1585778
1162642
1007959
326011
3055360
988725
941449
1287644
421968
943559
1275192
594941
709188
1911003
485533
1008175
2754281
1320497
2263160
535602
1012877
933567
693085
592247
1837840
946414
940861
913789
1518084
1573941
716117
1174709
2015882
1351628
1014149
2099941
1724410
1227491
1454380
1179127
994026
606738
331450
1129605
1470026
1749183
2163727
1832146
1311280
2370317
1157769
1487287
715212
2600273
630166
284519
2010013
1746584
2085866
654460
615350
1101034
2391291
1268806
509262
975471
1128003
630418
1484108
1588994
983817
1691648
558564
1539621
77272
1493087
1421936
3110901
1531632
1460543
706777
1662770
669950
950459
2657580
512712
1535190
471832
1301251
2709937
1972034
1897571
2239201
1021656
577889
752465
1074247
1348414
977328
2292562
2399660
2075913
1133024
1809690
1427400
1168483
1057902
2175644
767590
1403153
2461719
248016
1848629
1070943
1105538
460926
646151
710642
1330552
803087
1324637
809859
620619
883266
476626
626639
1250465
1562675
547483
668962
1218839
1000625
2006249
965898
373179
167736
756725
1184063
2127165
3318810
1755738
1580215
810058
519211
1160543
1283673
2132310
475553
2044351
1168482
2012737
171834
2055161
2984030
1253463
1428291
2201327
1188141
604839
659119
560694
2651791
2054074
2048566
1964113
2027245
1426931
1494812
819685
1032685
824579
1833827
991607
754683
303147
1516205
1768493
274088
1527766
443465
141703
930707
1654218
535732
821811
2831724
1107919
87662
1602051
0
1298602
1511822
1241587
1758705
659868
1653937
1670176
2712369
1082536
1321663
1193949
1507447
1236941
2740475
2307292
2044900
305955
783036
1438021
132809
1928328
516977
1512144
681051
2211795
1281620
1470295
1297590
1579957
1785501
1601904
782021
2647329
2522977
1922096
2050368
712180
1649605
1084339
1712452
389340
984869
337800
1763060
992275
823715
2053659
1639797
1615508
1257169
1048231
762025
1849878
1537014
1419560
2310688
2554373
1721764
2011770
1737861
1175322
1369801
675914
1371664
1806962
260954
2451969
892995
1287924
1319939
818904
1428081
816003
1003923
503239
972859
559130
979753
2172210
812516
2074791
1793870
2426693
989249
1516201
1638585
1428111
1174946
1936481
646355
2435409
2868034
2433767
1620327
485962
1336398
1016932
766678
2305589
588406
1510170
351945
1390881
542064
1907880
2661910
1804958
1177401
1398481
252059
716677
2141014
912115
2694035
411423
845777
774609
1136590
2193539
976338
2108734
750482
650480
2262227
1455803
1499739
1070471
1070841
390810
1566121
1221338
1295590
631963
2068265
1530949
1284331
642163
909754
1524966
781838
1719090
2048975
1380891
1654666
2362611
784587
2013126
1859833
749754
1198654
349719
1373100
167028
1592786
662375
1532462
1517798
1269010
682397
921580
569168
500551
761610
1809876
369159
905105
2197459
778061
2339362
1559416
2837843
807100
2333660
1092862
785277
842868
2419817
2596338
525113
1092644
1145370
2441204
2509530
800741
1532411
953091
1628984
1660868
1907353
2390129
2550940
1262395
1531107
745062
661703
1452773
1470468
2141412
2662748
1798137
1917365
1163189
1911044
708110
2278470
2269150
1501672
2127170
1677272
386035
697234
1327668
1384249
284405
1054492
590647
1086749
2314767
1560541
2186998
1094745
298323
1044414
1955674
1702985
813645
1650427
1639658
1312597
365878
541746
2193752
960023
1327041
1678029
721835
660239
533200
1628300
716843
569666
769659
552429
372314
623919
1889608
443208
1469110
662502
393035
101262
2231557
1721220
1729913
2833183
1309515
828366
922453
1258105
861458
155482
820185
480158
2411677
677712
3035442
1402513
2355169
976398
1816538
953684
2110375
626430
2559122
2329749
887834
916321
2029975
2112188
950036
1656174
1318931
1344835
1189801
2741773
640043
1183779
2442032
960856
1570640
907133
1760661
2277291
1927821
2810115
311225
1313725
1480049
677492
744538
407229
829998
1175880
1298911
2709044
1725018
2270997
2599495
972599
2151267
821907
1783111
1388612
676895
876483
512647
252930
760954
287510
708279
1474769
2918323
621241
1359838
720724
633000
2433587
601061
1121141
1168637
828470
2792312
1105833
1067908
1961137
516369
1644223
881703
3308670
1521070
1511668
1107408
2134318
1117514
699441
881056
1280314
2121271
2612056
1350548
2246938
777330
2006562
243631
2760278
2899324
2171941
1024438
1545170
1454988
1266961
670448
2123105
1630454
1229181
1596958
765495
687433
839696
938997
1361953
1044264
1672291
898466
566272
770632
799484
562555
2284626
964108
2413867
1032767
2146153
1785052
805953
2717941
2222308
1045766
714527
1306270
515325
362069
1003024
1927463
1847902
564554
2718226
762133
570813
487525
1471697
489791
2471665
1526758
1572210
936778
510618
3121816
478165
2708526
796827
1341717
2092990
2577753
1051324
1017725
1758112
1119783
790496
1268761
908680
2109543
1406694
688200
769117
1611734
675476
3053661
1943207
2649636
815559
1251298
740481
2365286
1384572
570537
1418226
1810086
900853
1499943
907318
851224
1915914
731026
728346
497000
874627
663746
1020927
468803
734006
491512
732793
469013
827626
1570444
434031
711474
978619
1956019
929269
2248009
953243
1142742
1099948
679133
2213707
666688
1742664
1452894
778465
976016
1231009
313497
2547181
473001
1658998
775776
939234
1844019
413420
1782427
820130
560651
551521
2348633
453982
1850567
982325
2651526
473803
521544
1160221
979175
2147937
379267
2110471
438853
2204467
2017329
1095365
1521408
1639505
994580
1009668
2180713
1519370
887453
663082
1956072
948158
2716433
1062166
1218369
2328016
1884585
719254
1457807
2083086
1636490
608608
1565681
1192757
932375
1334892
1232056
422479
1949207
2071708
2113950
1536180
1651269
2017588
1228276
219109
1149186
2255409
1886318
603668
809391
2494930
151079
2593078
1754331
466491
210918
582710
1018501
1473785
269392
352769
402480
1053916
787514
2023144
510921
713490
1416949
2126386
183144
716316
1678488
1852666
552762
2310639
475983
2286180
895284
996055
1306069
1145733
2516322
1284633
1105895
1740173
1585146
1852455
1073529
693740
1525951
2048291
348134
1100744
261366
768225
1076944
1762389
729995
1930200
429434
446514
399946
261119
662093
2628022
1543008
456465
1184243
1971947
2355286
507943
826268
872223
395517
285002
711166
1056468
2089458
2344707
511990
449540
1900065
683353
1499993
687781
522288
2452246
955869
2734293
832340
707697
968515
1995713
751891
1475275
857099
1296180
1221526
1565263
1190264
2650926
2152017
875731
1381006
710156
2182678
1042783
206606
2452547
777867
1310156
845136
2463202
1378251
869685
2338598
618440
959301
1018159
1198487
3246480
1556974
1555585
1277032
1816989
1561761
914262
2730178
1323406
1720182
1015942
512793
1863277
1067394
2025599
2054421
603124
416907
329858
1730024
1747301
631197
2596729
642584
701113
756567
606502
1701432
2502782
955058
312968
1236198
2413666
738777
1780567
2134871
1719167
2682016
1364866
0
612948
547351
2397793
2028294
190056
1299678
601452
1168930
2818042
527618
2001824
1887989
369502
281567
1127508
2420399
718633
1485500
2713015
2847715
2733801
1110245
2363311
2780969
1509590
1131335
2393409
1797672
1662225
1638980
985030
1384685
776347
1042868
275954
1977516
1301856
697820
1557617
935351
2244799
690885
623582
1838448
1245553
1163733
1582516
124195
503521
1054419
1171560
1865313
1273702
366069
1057368
789419
1417289
446568
547015
887858
403843
968200
2857649
2589800
708803
1365687
404037
779323
1745172
1711252
2174856
301212
1064256
1928057
1115564
802499
783556
673334
605148
184735
323843
2583717
1646417
748668
2450742
819383
491189
963229
1489045
809978
1757660
416383
2093767
852373
370509
1792891
224609
326926
1220813
969676
706147
1517788
2085214
608387
447549
1995989
323419
2324631
2279543
515343
569754
293636
525000
2212713
1589121
1561911
793377
1022340
430985
862201
1144633
473994
1968621
1455334
932812
1410512
360032
2731840
3050712
640374
1199765
538694
505787
108376
771057
1412118
1594539
1957904
1208221
807565
245289
1246395
1055538
917231
868512
850637
2320949
692546
230754
1384692
537131
1511115
2452285
406970
1789383
2757998
227911
1314532
1116719
439492
1015370
794957
2884600
1185371
1737623
1142370
1259697
2710854
343668
2008281
496294
1290494
2509346
842605
734574
901801
1818588
1104933
1144110
1127417
2052218
973950
1564360
3037092
2647120
1655767
1722646
766062
413108
770241
782594
2340571
2496292
2090040
419360
543863
659306
3210508
2654895
1492200
418873
329477
1613022
1130163
2512056
2143730
708867
2551919
1899317
1043751
910981
2508038
473528
1124755
3007490
616130
1873798
400059
2211475
1031270
1623771
890486
1459248
903035
1357477
2391221
352619
625979
170347
1126823
1880464
726003
756254
1128074
1367241
1271996
538191
1790284
1711159
708527
2086005
1724236
1703085
799555
1628322
554140
2274452
1798473
2358542
910673
564931
2402691
526867
1175096
650368
2190316
1686995
1171136
2376120
727931
323689
357417
1944226
1120739
2785188
622064
1816356
2319787
2181827
1800666
1621244
622785
1870892
1485527
778109
1988894
2186548
1882738
2639388
679600
2167744
1653436
375038
953375
839372
640906
628733
819168
2073646
759937
889270
429925
677740
694800
1058835
895729
1497492
955066
2097415
1933923
9460
993698
1189874
340075
437844
934730
1743535
1809924
1159325
527194
1940534
1163304
2284791
982593
1592041
1443222
1881495
1264677
959258
389939
2689041
1958515
865003
2502739
664891
85794
697042
895590
1915587
768152
2016831
1862056
1464445
1273879
1753482
455951
1852746
2639536
1579272
1601966
2633659
2295947
533101
2223145
497912
3132928
703454
1042117
2449380
977217
2231100
1404581
2134502
1857954
909845
2343259
669738
310401
694578
2384765
2885853
1262760
506653
1397095
1445674
1078501
985467
967694
1681394
1650770
1050676
1569388
2075963
2117670
989802
751336
1975972
1714322
2616603
1714348
1266434
647242
852717
1134853
1856964
1319498
899368
1717915
630516
1383379
969554
1376604
2096836
1444324
1678256
599967
1639214
1326376
236514
1990582
686263
1964324
660216
1819474
1518269
1701726
787953
1570169
1809217
1537241
1620605
1107217
1215230
1891603
522545
1476023
2955556
656844
1176358
797204
1238147
649157
540866
1813664
1576031
2811636
1166663
2612292
1769761
1186760
1961417
1082133
2252576
1642214
1950130
1183125
2059591
989934
1973120
2085090
380877
1715774
743335
2233460
1943358
2217308
1071808
1009903
2467472
1361331
1300533
1423509
984345
778523
949499
672299
1476879
1930565
340339
926582
675545
2134895
289268
590305
2951306
396913
169881
883106
833346
1173520
788026
1041723
2614782
231005
1112908
1053116
1472966
1469709
1273168
737084
1581982
361286
980770
565153
749062
960754
1410984
1762253
981407
2303541
1233668
2116296
1719877
654193
918582
285243
2162023
2648932
443073
1662335
1413935
2788258
1372534
883656
2101093
2852852
1460395
1204594
2225584
1533996
851315
1260175
1178356
175480
880242
1612740
119671
1540774
1264276
440810
636401
2970450
1082213
1326894
633125
2187489
1827458
1611448
1063945
344082
1505585
1730502
2183020
759216
1000168
1340646
788806
699363
1056363
273197
2255398
1013320
815345
1372440
489597
2542783
2810218
536765
1524244
1719931
812114
1299751
817626
1722236
1097162
741176
1164369
621971
1712208
1401896
1722410
1334261
1349337
1821679
860759
2807385
553755
2553978
1624503
749653
372981
1893020
1650407
828964
1800444
429545
1721815
562532
1940235
1453816
1635109
2439355
453559
954496
415891
2319535
1146544
2076781
744019
1251605
982544
1039854
1631928
546918
2132223
2166970
1461447
2244970
332519
1621080
823412
1539892
510581
449035
1548562
1457761
683508
2629643
1465053
1407056
1020793
289680
1227401
549484
777244
528526
753923
1808064
1034740
2945480
1929048
2247240
504439
2027441
1017565
1066165
665756
741789
1083795
1255529
854542
2816741
1450965
2302051
754206
779015
622864
2126678
506930
424808
2244982
618476
550634
2310880
1169707
866042
188356
851149
1115723
802324
2674731
245396
1418445
606454
1013270
714062
1419317
819659
2053512
693668
1366638
2658860
2282727
1207756
2301847
2111582
495490
2795123
670471
1550192
1969831
891533
2259630
1715952
1063641
2672239
1022400
633687
904936
398222
1290440
1269918
2860602
704660
2042845
2287047
1456577
2300692
1851516
395771
1451321
772538
498443
2551092
2642561
1860182
1816051
2440731
2303581
1839991
2220418
491515
1651473
1821036
1521964
2714881
1363980
467269
1005652
1067222
1437920
2216891
1491989
804019
410700
844468
362779
1453653
2506267
1579447
705791
2893002
414829
667677
1437302
1277527
1751266
1991415
1608881
1030080
885954
936101
985172
705081
785301
1963077
684399
695685
1283564
1575482
1659985
666850
588021
1219678
1295834
1091642
479266
1087340
1458731
1371182
1317200
895561
1338137
1257202
1201633
1109631
1062013
2160524
1975569
947161
701961
1987834
1730555
2855510
1819499
1991474
2074266
1252111
1357975
1258252
2166107
1524596
181304
2040918
1184271
1305056
1938872
1910090
1077435
1045826
648432
2070317
3032923
332021
460150
2580361
2375481
2821527
275924
2337990
3070662
764121
2021797
1579942
834043
1671899
312519
180364
1302829
2080037
1277686
657144
2145125
1346712
1766539
1750389
881931
711586
850109
2379349
1989149
1819781
1970250
1040264
1780185
1489701
603257
1864892
1809266
1125872
1002039
1337884
1515413
1868526
2132618
339654
1848954
1885330
2510834
2153912
1406871
928778
1400730
531758
1345144
2173639
1733327
2277050
748689
581339
1149588
1268901
743248
745986
929322
2784532
2508853
1333978
2029225
2066971
1814293
974452
362638
894349
2213341
1386568
1564428
470807
1647269
1945311
1397075
1405777
1093274
728191
535973
189820
885020
942195
2890830
1865808
3124529
490748
816446
1541990
1690798
1279049
1942246
2560490
1452453
1980586
1785016
2105733
1752101
1130718
1925860
2965493
1613437
3017415
758114
581131
1187611
1063569
1508444
2016842
1684969
1586559
514009
1953054
784708
583230
179782
600876
421365
1200245
1931757
831511
1654928
441970
441541
1930158
966007
2547581
677795
888573
2518125
705019
2260421
2159494
545386
452706
1664840
1556934
501199
1081336
1220717
3047827
796075
320999
1544431
2236661
1038501
278491
1407777
1851036
2435831
225770
939247
1052165
871988
533673
2124479
2112759
1273677
677933
1818769
1081755
1707207
1206934
1150705
654403
2304324
2131996
2057102
1971834
1088770
1754573
1017424
842436
2002669
688727
735222
2018204
834218
1654190
1565346
893321
2631554
1098555
1182070
1030326
1164125
714251
345072
1324189
2587451
1868179
1123618
589494
382123
1594284
1204413
699877
735155
1773636
1370745
273347
2057774
377040
449475
2115024
819782
464518
2390298
1205259
1711449
2295878
534558
1214406
387455
919569
575357
672087
634875
666433
358256
1616971
1580935
1134882
1039560
249903
2228927
870309
1190368
1872100
1107322
2483994
1559966
1945236
1214724
627930
1575425
1357100
1077080
1418000
741705
1329319
566352
1382082
2266141
1958238
2084119
1589771
2248130
2179703
1008869
1989665
1338578
736795
740127
883561
1738901
596047
1548718
2052009
1545038
771366
1985489
1498683
1080991
504095
933111
525323
1277931
2862931
756556
2607218
2679013
1597537
994849
2292645
1633177
1402937
1175559
2551033
1578028
610860
543420
680474
617855
2686763
1092500
1779525
1138785
846790
1749816
1481531
345648
1942424
1530925
1877851
1427744
1508596
1804630
1943208
1084763
1031841
794127
805792
79217
881286
1348551
1050802
938531
205083
1216848
772487
2062001
754119
1639869
919015
1517650
1435776
1788600
2034955
2295049
1577864
647288
1690701
937291
1942705
1717393
549159
2156890
1390565
1936311
2726761
2556287
837088
2304292
1991029
887373
2576546
765842
1785341
1988558
986737
2494086
1592419
2402353
2257097
731601
1337568
882547
438316
1089016
2086449
1433992
738152
1911523
2079633
1255306
908326
2227146
306437
744766
1886244
2441495
794848
852243
1013555
2109231
595274
1970425
1798323
774252
1273402
773754
1798220
2066645
557877
1733842
2747761
2215759
932593
1308363
1409220
1744331
1823694
735589
831407
2320210
1403629
1685974
437195
1609096
857705
1913259
1914803
1695565
594895
878982
1958439
1312237
1971528
1554943
2780890
1180662
1708506
733463
1292923
1989337
2325611
2399721
725753
802579
531194
927983
814516
908567
1011498
2004544
569212
1296356
1736712
277375
1419029
1156718
1279709
725518
187980
1281033
670709
636114
650383
2012804
2019814
679762
1364756
896652
517474
1857149
2798538
2156874
772816
1743501
384579
2350987
563613
2645702
2005825
240083
2235801
2466995
1231776
1707423
1292493
457207
1975003
2115616
876406
999294
728460
902191
2536767
620892
1348246
1079499
1545175
437143
726142
246787
728561
2644517
2035127
1081374
2213556
1349305
2431191
579264
2116536
792384
1936780
390234
2147237
1551955
951852
1097785
497535
844856
907212
659602
763349
834393
871650
2611809
602174
1505687
314635
2413311
1224704
715415
1745439
2447801
507326
1049657
1544811
2295569
1261329
1341542
764988
1309193
2246408
561463
624666
53693
630774
2345385
2443469
1568883
2015687
1067918
1961153
2042287
1790804
658563
1046381
721989
704523
2497416
1662292
769559
2572902
1086869
478965
1151429
1502912
1928755
1499568
1126985
2696682
229139
970828
1638546
394970
1700623
944222
740432
2345582
1187109
447285
2793386
1565006
1020856
1734018
1324558
502497
364984
1578456
964287
1267937
609266
755383
1042803
2971512
1619428
1501008
2050132
1970638
1598469
2018621
1969107
2111866
2087030
1550961
1534506
2416703
1270551
451599
1659271
1083174
2211961
1563345
711045
1417211
1439805
1266729
1952720
1690434
738813
2955053
1251735
1733306
101745
1960961
2921985
547779
1357874
595279
400983
841695
2347469
2117760
770748
2776291
604160
1814996
2121823
893442
1184399
1154370
2027849
269506
2430728
677666
1124096
1227736
2498477
1615602
919453
1782752
1505014
1613071
1189977
2167135
621773
319426
1013849
729352
1022498
1042293
602623
274492
1944492
1141810
2058200
528592
808262
1592913
364423
2340310
989071
2262510
643337
462451
689714
625483
324734
1747825
1126482
2086755
557387
1638509
1568327
1108856
834851
1244524
2293566
1422090
859031
1082878
646705
1579104
1872109
560640
831767
1571347
2925819
1175758
1444111
783470
738126
790270
2184922
2399283
710818
1467089
1304582
2232656
640052
887096
1063992
1149332
1443437
187659
235305
1740689
1633171
1794662
923843
1607107
667206
1559202
717299
2537631
744221
831663
703977
920296
1033377
2271941
467256
180759
1645521
454274
402431
1319098
406136
1679372
511476
423334
788296
700970
1271982
2047541
1840244
2493346
363766
1799230
2721873
1016802
1284591
1217746
689720
1102964
1118272
589248
1134963
1620278
1297107
375420
239591
2017344
975742
900425
210641
1779318
1668015
2166669
1434788
741763
2195198
742269
2386060
979589
1534096
647934
1402760
722976
685985
767943
1934491
636463
1817042
566208
2136169
1798943
1900730
413440
2268241
1122176
1959394
963331
1064215
1566514
1081296
912775
828487
473169
1027740
2519189
877587
1679814
293875
226481
1214508
3128353
927159
351665
1500385
1869888
2016976
645473
1521420
1163375
1308443
898033
1233888
1460407
1859968
1640991
702362
619164
664901
693539
2082329
880818
991020
758276
1324521
577988
1944235
510207
2723990
1204478
258840
664651
1752154
252024
2355190
306308
549784
1753127
1105238
1647314
1477344
2196331
2257335
1517885
173529
1789415
2569104
1939761
933287
1396170
776232
934057
1296955
953679
2090548
1766321
2201315
1363743
532758
2516688
441918
592623
1903760
1544599
806604
2026998
895166
1805279
1046275
2574986
870597
2212103
787896
920316
1619706
1804078
1191745
1711577
660316
1078154
642983
3267487
1067351
536311
2484128
2140824
660397
1007822
954007
758227
1700743
58860
1690538
564652
2550384
2049345
1774532
231324
1538283
988153
683834
1043996
1408477
588562
1188348
677727
685516
2365426
833570
896140
665471
662284
1684233
499787
1108434
2134221
655688
671825
1139835
1111081
2818651
466672
542527
264521
1754182
1017503
320959
1198726
703143
732237
456529
612949
1850899
962609
653016
386627
2077893
677734
1444419
1611927
720589
1641903
1476744
2073527
339422
2358805
1641039
2052711
171883
1208260
717094
1373237
736805
2346766
1241608
1578412
1400862
1394354
1181458
1370770
236384
1526114
888945
438890
1026589
617984
487548
640080
755120
747586
2387175
1389453
1457622
2062870
2370126
680591
1166018
692312
2865010
1381715
817579
1468872
1835137
2478418
1457998
756540
1498927
956032
1879635
1958803
90876
1015487
224318
639624
1647761
1906566
2471633
381284
2683337
2130994
1182388
2322177
2150664
1305544
817872
1319155
1517307
150290
1578908
1665693
1091123
2368750
960548
1816477
850128
1293378
2040364
1661593
1612202
2005233
2587058
894032
659814
1205004
1811372
610489
593524
430411
991838
1042682
1814046
889058
1537023
900008
1251898
156633
1824215
2142721
1358099
1066554
1308560
786773
2182032
2969678
728904
1054123
3038354
574504
1503840
168645
269132
890114
270597
2898823
687077
1769556
823971
603435
954945
1734228
465595
1285311
540798
1760092
732996
474214
576787
1224110
848394
1556165
2687481
2342151
2645241
637319
976896
660209
655266
784513
2045094
1630307
500193
1537930
469306
626156
876289
1624979
822203
869193
2767022
1103861
699681
1083198
2482284
539832
1085712
731346
1133885
1284274
2483524
219859
783071
816034
1439113
1977767
1261802
1463186
1344888
568624
1106499
641692
893451
2093326
749491
1970839
879642
1191809
650575
952009
1123217
2978181
805453
1141020
1520081
798793
437619
652197
1773077
505406
757409
2463004
1349469
2092687
828265
2634946
998078
1038748
2582576
490858
1323641
1184021
1740345
860051
620301
1579938
1088573
2279821
666817
389627
2218590
2159896
110860
655564
1602873
2047279
2870894
878976
1593332
1503189
1091723
2474749
948181
887516
1168674
1083634
1100272
1182325
1115791
1034160
1026271
940217
1850144
801485
2226308
607720
1558432
521147
389810
732955
1817463
902912
1364458
1238407
747015
852518
284830
538740
1726175
665772
245499
933411
661266
840601
1039089
1112534
836948
1464778
1572334
1825394
970019
2628247
2280804
1493664
1196581
495308
678030
1858389
1431483
1177335
1476812
662646
2790032
617806
2067170
2578576
1402061
1465808
1660565
844284
1214526
1235689
2274605
415101
2314928
1647277
2523609
2751802
1631167
1768638
1431735
909749
1217312
622807
2170505
766851
1786231
1982731
263191
2294779
743524
812924
2154878
1596311
538972
2463970
606772
1970366
1333986
1802717
962540
1390905
1175916
903843
1843044
1377751
2274775
1351093
2663976
306184
826726
675977
601565
1206374
324340
871365
792169
779899
2358146
1473180
1525437
430138
984021
534310
2115174
1087164
151695
1018321
671888
2360856
2953525
2235826
1769139
1341138
2321668
865210
966716
644532
1692202
1278744
370640
687744
1273268
1073756
795823
1491633
2290858
1883956
2285790
1202530
879396
757871
1331840
1108423
603530
1089757
390905
1733327
774318
2195482
1232849
697590
818495
1247568
337348
2134878
1609805
759144
1474005
16061
1609751
413172
1653281
1736052
1480606
675101
2630942
2145637
1772632
1045514
1468462
901855
1534222
56519
1088124
1768143
1059314
1687591
1094518
588741
448589
668468
615445
931856
1528868
735651
669225
196607
1719119
1047822
2009791
2397420
1973668
1132284
565211
2156421
1364127
785478
2064018
1740537
1438348
662785
2085423
1287758
1083149
2528903
2124776
523132
931598
2720679
1458938
902449
1292663
1453942
901833
1892890
1410892
300996
767687
895960
1329411
1713797
1017337
1985832
693172
2060039
1068769
405283
1252977
669235
447567
1540526
517554
2252655
782833
791512
567918
791573
832333
1080492
352240
2068940
1545047
324068
277202
1893873
975807
1570649
1980003
2092307
1271805
1826872
851032
2375064
515335
1605734
1073707
910150
1651676
775687
677923
656510
2885782
1663971
612222
1321117
261154
779917
860298
251671
560832
2328229
2221203
2014830
1497800
1605758
1042939
1398896
1758226
3439709
718482
482912
535684
1406662
1605222
390139
1644449
1191838
1064525
1269805
2640978
2950447
1476552
2333658
702945
1221983
738488
1708313
880078
2135319
2247942
309993
2723744
2029094
565793
1766072
1165135
2426736
2597070
2402154
651611
731400
979163
1091922
2535711
2343857
1677805
1801032
924556
527251
1289321
641743
2322934
887446
1771881
573099
882643
663533
1886033
1593504
355049
1958835
2848895
1863008
458144
1540545
815998
1000705
1385844
3057719
645764
994435
1893018
856027
612202
612814
563152
382069
2128185
1199961
1220494
945930
2946445
668856
187300
2296905
1110648
1741319
2170469
672887
596305
588148
2084614
2378833
515784
1524484
648879
1069923
2208357
683105
1504796
1361000
875679
1091784
2064917
1056344
459251
1354131
1247900
1890575
2151348
1384589
522784
249165
1840992
1755561
1487624
193363
2264543
1134485
1398977
1497737
452504
733236
1366250
2694256
1013925
1270667
1874316
2972108
2712021
2217530
2545313
965960
222937
1039436
1235765
1715003
2163518
2395430
1260842
1917600
653908
339635
1227551
1685850
609117
1149022
322201
2107099
982069
2067749
567601
459260
393860
552699
630092
1048026
594412
1582405
1959823
2662735
1762893
2193536
1048983
2051612
1317291
746935
2782082
2336764
2252676
426087
1513770
2763954
1106339
1273702
2055888
1769921
445687
474079
1847242
902398
1216425
699187
2102637
679233
1637650
807239
1495305
914976
622576
1165691
597087
1260177
1557697
481499
962219
888492
687524
1023502
1145022
1348933
661334
1813898
271322
946658
785083
1633060
1299267
1514110
569316
675255
2585412
2811191
1495691
1938140
1456111
755078
520297
1100155
795587
2201312
955332
2774975
401599
2190543
676570
1517803
837284
2985007
845752
1833434
237712
1844698
628291
549833
1212479
778870
805111
507543
1416369
1896345
2894654
516186
1624044
1597733
899960
1076088
1490375
1508207
1496381
2711893
231933
605823
1699603
1668626
2133882
630267
600474
1603123
1064593
636027
1760535
1112360
722438
176757
470661
448423
647291
1075817
1542920
433691
2158565
301814
2692085
1684157
1331340
652324
805940
2189972
1729233
2603569
892576
553592
914751
275714
844828
859924
1261547
885975
675587
1417674
1338909
1669225
1380534
681455
1856577
410590
1843147
2107450
2466978
1394904
1873041
1177869
1227555
2447485
917722
1506460
598679
265496
1997107
1836526
630119
1712763
1312091
429922
1644426
1758173
1202782
1624172
921102
845651
1114851
2089214
991013
2339807
809806
2273747
729029
1486046
2266196
1605750
2510627
667053
1195214
2810789
902424
1764137
788437
1041454
480995
1078541
567631
1816705
1991199
1600694
1836972
672776
1385284
1783528
529795
1607136
2465706
887419
1379975
439560
476345
649655
399015
377348
2169200
1455563
293185
2707355
1317624
3041897
1705572
537854
653925
2446750
2216545
771320
555503
1307125
2379013
495440
1737784
1905485
1940802
799986
532839
475701
1168648
1887039
1671683
1512407
1054233
709632
769242
941328
1623967
904057
855840
954590
1569408
1068698
1836692
2456831
1727564
747066
645083
1608538
787697
1915985
1303234
1874610
1911797
848665
1521763
449070
664652
1637941
603895
1970416
2396831
1111861
3003236
1619298
1318800
1347490
2120950
481626
1096281
1845474
296538
1705312
329278
1315407
1970099
310558
1733275
223884
632776
2011058
2952096
1462638
1612164
1734087
1642992
1247592
205070
1142046
689857
740116
1220115
1595939
2616551
70699
542648
464559
1350791
571691
2462167
487562
1702299
1204746
542040
1479851
1717178
704314
1779846
655437
720330
717028
1000307
337342
1906284
1592640
1897089
665438
2097216
2032007
446334
1273330
1322331
887464
1695486
1483048
1337796
2625406
212230
1676587
1388036
1461313
1306102
364598
1043795
490222
2213812
2332701
605698
287622
766230
2307808
643697
439674
1028406
1630164
564801
1559927
325710
352264
1631737
2307026
1305022
1756855
927639
415588
1655563
1278383
1792118
973188
952312
1540888
610704
1174694
2686744
588591
787738
1483416
156650
714762
1881237
2161316
617079
597601
950003
1928832
481880
392754
1747871
1868961
1395926
1119484
332553
2957665
2802023
1274196
761922
1734550
970664
191082
215104
1995497
1804172
2762800
2739069
1159083
1225654
1504528
1724131
533785
734948
933247
2449740
1815915
1533487
954917
1393294
291821
983055
1504164
1877979
1703485
2544166
1140205
1008548
1014176
2506202
869803
1532424
262500
1257679
2350103
1734807
1803044
993253
1080345
1155558
811993
505382
1431542
2909275
3014850
2359104
2508072
535254
766263
1017145
1200101
781262
1035899
497321
2299619
1754231
2220076
2037364
575189
1310947
1675534
1812718
1400407
1089498
1528809
997953
2954285
530250
844946
813580
2878984
1719921
2122535
813780
2654232
722792
804764
614124
732542
630584
2807039
918736
676768
311037
1508749
666812
182422
1080301
1490285
300049
988973
1209632
782008
1199737
2376319
545015
381166
835260
804393
1648838
608770
861293
2982465
2276523
3259935
1652574
1632431
1228093
510329
602622
1138340
1570932
996222
1080122
758156
515732
819635
404448
2763634
1181211
663390
259021
839021
882363
1123529
1160048
1251322
2434027
1249864
1305007
232189
2065017
96113
1265308
1287349
484454
879389
1238660
311147
931215
1280050
1913159
1244949
635289
2014220
839015
1714572
1049170
915610
1462047
655614
1555456
703343
1591901
338167
1311905
1273551
1171615
1224302
871158
1690563
2446596
1263845
1100613
1741048
1718997
2406676
1649610
2039582
2138771
402114
843173
1507529
2222972
1213895
2098116
516931
1463334
995083
1457447
1489289
459087
2825699
2458241
2067278
1313671
709360
1595447
230851
1686891
996344
282113
2430950
1805889
1563464
1724107
188070
1994328
1755992
1200687
313867
2082997
1107997
1294948
1011101
2361506
612381
2057684
721968
411744
2003899
847609
531138
2240346
925969
1289283
278747
2272472
1339159
1879929
1626661
2384320
584777
2898301
1817486
1177081
660908
839747
1334409
1328407
2200646
730487
1031368
1924005
784755
2402232
1199680
1217621
322863
1362682
490548
160469
1027233
1436573
2522923
1659122
202680
1710538
952862
991366
577111
982663
350615
501662
193860
1065789
2678175
643850
832123
1852762
1147460
1107780
1435146
2029221
1174467
2653415
1533743
2066185
1093933
860798
1849263
1613753
834239
1651397
1576572
1026240
781458
953729
829283
1078289
1378363
1758824
2362631
268174
337607
1777977
1865165
1030636
1670094
1161317
1113584
1958606
1730744
2238594
871501
516390
2627022
1662951
703304
1854123
1009064
2165480
1028136
1921729
1628402
1199614
2136196
1716810
1507500
2208669
1953529
711695
1952538
730900
1102749
783062
647285
2852338
1369872
462727
2952967
995133
954517
703998
486029
146234
192885
740114
1627789
1014412
377155
986665
2102822
1907069
1771536
1032240
1405174
2809974
686119
949992
2237766
1943843
549787
1836966
594766
2358158
922433
834063
1104336
868036
1756856
1032734
1901781
803943
871229
1789730
373931
803900
2744480
1069995
1736952
1297666
250997
1523299
903912
1483516
2568667
849717
1147857
1931375
1893786
549028
2495818
1381459
1660999
975979
1499477
1407426
1564630
419078
1773166
1832389
1899328
1951497
2424859
1594217
2643122
1629302
671726
608441
1267273
938056
968602
1749549
777305
1359009
2619414
2085537
1555124
1155835
1366460
560361
1858042
106803
2732569
1084883
1150204
931202
1656104
788255
1376187
682264
629726
798887
2040024
1611996
2381950
1490231
2395830
1496154
779045
485598
2387060
907610
1984208
1235538
2367772
1681266
889453
497425
960513
2013293
2528847
608956
884816
1716998
2496904
1003696
605397
652844
1492642
854675
425523
1267367
1464338
2235056
1736562
1729775
1262905
2192837
946654
708486
918438
992906
1088902
2224377
899659
372583
414296
717667
1497130
263075
2242002
1498464
1152082
1969622
2103185
1789068
2073822
172385
1755012
1153219
839450
1231515
527538
1178108
1014124
818036
318430
1576218
1154955
1113104
1880071
1330444
483045
2588180
378121
1119104
719494
2935368
2331789
418782
1354783
2152612
968745
504250
1136586
2239437
574481
1012399
1605507
1217770
849189
1515663
877977
1552558
1719946
1069015
646919
663630
775714
1538250
794921
1345907
1357659
753974
1181082
319754
1809398
1754494
543916
616333
1760161
2406202
1164867
2442735
495732
887905
316225
554638
546177
1442119
1302531
563745
2635431
1086204
2085224
807431
124275
2523498
745283
486192
1066094
442584
697072
1309185
1313488
1361769
1644239
533851
1578379
2100506
1399456
1956530
1175955
1701345
1382114
1481348
2390573
432188
58266
1921470
1603355
1969837
708499
1608341
1529909
2178903
1026342
655793
1528758
884654
801744
1806508
1276560
763130
905174
1466263
640233
514431
103126
1204804
1267822
1744511
691120
425709
699013
407875
625541
1426194
646942
529753
2130739
802122
3189308
248477
1798167
1805518
1062185
869016
1852182
1963994
2981621
855572
592638
1169231
712618
1259912
1577365
1495670
605972
373631
1596425
1298234
977144
1987349
1783552
840215
1288275
2086774
164125
1577729
1152516
706671
633329
727530
2662007
983047
1086770
1437029
1058479
2422624
948852
433442
808205
2734823
595102
1121835
974271
1650142
825708
473749
2208553
1029995
296182
607358
626026
784277
697507
2392362
2003969
656522
877662
934490
1605468
708821
2419822
916783
1352350
1369485
522331
1673339
1280364
1178006
382834
1624406
372295
863945
2313846
237688
908316
2575760
1903047
31159
1871991
646934
1155509
299217
683453
432511
673065
1985432
918506
789086
400917
733737
1289907
2623421
2626458
339252
684346
2606410
2355569
938132
1369877
772343
103017
884310
772836
1468322
1686686
1910398
453925
751823
1545601
944798
1692391
1295284
1239258
1958742
1625322
347442
1030176
656517
893833
2478619
676806
1961731
854046
2633126
763240
2052080
1290128
2247432
2268494
519760
1614900
973663
1398347
1562816
879220
970110
937796
1746836
887292
2086322
2098816
1053836
1187889
425911
1448761
933128
3072852
579444
2866599
640701
544011
2370791
1458392
640914
347131
1952192
867600
608381
381810
2665874
767384
2007625
1644753
390954
1846634
1120483
678555
1837999
1028044
1303135
1620456
1272751
770131
406415
298237
1519215
1858161
2503348
2093221
445150
385511
1740083
1182476
1729155
2206346
1076853
1332913
697492
349918
1347559
1629791
1074545
590589
1413787
495846
1917846
1451534
2010496
669038
313491
2207366
2354558
1997785
705088
1366945
2612190
1916623
445964
1415030
2263212
634213
1902025
1755536
1596742
916184
2304109
738956
787013
311990
1502884
1307320
784685
527422
1722206
2378576
1597484
1017415
875840
328910
1494139
977126
2147988
2282231
438870
2079423
1570049
1868984
277855
1796815
2298321
301420
716714
2831166
1018989
1665141
1577081
197894
1199088
1376682
1075088
1351084
2519137
1584088
348318
411289
1324112
1538996
1075183
586372
2471819
850134
1427759
1003903
2332655
1144264
1224134
2191113
672622
756096
858083
1921389
558458
332635
468141
1146859
414951
1122988
453415
489985
636859
398825
1149059
1225415
1064548
1740710
680597
298922
1301089
2086607
217471
406692
407529
2095148
501491
1679411
1128025
1479009
1371402
318159
797436
1571496
650571
2117938
2092247
777159
727286
2779967
507097
1420478
889816
1024627
387203
218686
2890676
1415051
1753224
1443330
991271
1009602
1321784
853569
185977
159163
2425212
1130493
982365
376699
1011636
2541084
1347812
1153688
1038251
1642225
1935531
1860990
874646
872186
1219138
625365
1668837
1271493
1542378
343080
1399841
440681
1985322
1429434
1251081
909884
1095085
2921499
53221
1254710
2619310
1621998
2910625
1517760
262364
109702
1746872
1285369
650492
2743249
1720746
743321
2432697
3026091
1731027
342889
823833
1173219
2673179
695670
1988810
1625538
471042
1823287
2285661
690165
2249939
1893161
1647689
2508305
1590938
111570
562673
1740357
2540494
2319518
1378424
1453100
1656824
806170
1858245
1659533
2212088
1715038
2598535
2452450
2370239
519814
1713251
1125229
1691032
1045031
236494
1575403
681870
414505
1643670
2249888
679324
1659496
798112
1998720
1074897
1002451
758666
600259
772170
998546
1181521
726634
1242082
1874952
1858243
718924
498806
1151999
585245
1743208
1075403
558207
2009709
456137
1503939
3166837
1403036
1100181
1709455
1615186
1606700
819940
1990754
592721
435497
2174848
2747963
939633
2654127
1773236
1707631
315077
509364
746409
1938799
578279
1787908
529947
897386
1009179
1694678
750160
1521941
1130203
1785599
608170
1827021
614444
1515443
2435105
560907
1421211
1708829
2354503
365024
1233154
688683
410911
414792
1991042
1609253
1477829
464520
405348
743118
2807248
840194
1438409
1284420
1319412
1151966
531229
356089
1456008
2098347
1234828
727296
2266077
502753
728011
1302945
1571807
2210377
1319956
1773751
369049
2079596
1136497
720742
2907981
1446852
1180483
771966
1158780
2286942
961402
1155784
1283574
602318
2111811
1078618
1846872
948706
641215
2218061
573740
1762770
1530469
781794
1200951
2102671
1302113
552221
824885
1264786
2046215
1332461
1013032
568191
1576271
2219114
1777600
1330142
997993
825037
257730
1486493
1893938
527544
721525
2362631
2269245
860532
1262045
1141142
418501
1455771
584175
1082424
1036019
1138280
778648
2015541
1815963
2406980
563388
2500188
714725
895283
803025
1427684
1334467
955689
897369
1814526
1341755
475011
331992
1535487
948859
1183902
1288328
902548
1216517
2014269
523085
642873
686713
804586
387573
2295827
3026276
1013832
1225427
911736
1297300
792861
812181
429527
1277109
1272955
488234
1379143
1363198
2279942
555288
1049173
1237981
140991
682496
1872768
2791622
2194140
2241819
982197
1226858
599342
1470330
769347
1369989
1059861
1125332
711227
2355794
1757940
1673320
833762
1486514
1609557
1435143
626719
443097
1428072
2807804
944850
579523
1277739
488541
2071670
1216155
2285530
1482959
946067
597058
159807
1830139
759980
1108861
2092432
952408
2042271
1933702
2115346
1838955
1228098
2117201
1952109
1186599
2920600
1548406
1465685
523663
1165148
783139
1290329
2041825
530772
2008140
561397
1311410
2614237
665735
1329671
2600506
1914633
252864
754039
548418
1445500
377448
291205
1860993
654039
1253700
861415
448954
1144055
843752
1597981
823490
498314
2244416
1688991
2251655
2078625
1053938
2272482
1038934
2346814
1509775
1845663
1052577
1055196
407327
552923
860712
2072991
1991513
1697655
246884
1524788
1672499
2008769
1244037
1713251
1069656
1058350
2155162
1475033
2126932
1756304
628215
2000517
520361
506561
1044516
1464497
1090909
554250
2111108
473582
2249779
951281
1485642
1836370
2258455
1798405
614595
1488184
1506168
145522
286465
751901
413131
1435785
1380915
925745
813938
567267
2443175
264519
1523617
904314
204640
1088531
821602
795123
717530
736820
1033909
1502952
1490440
1126814
2329838
2844004
2296868
686136
2235089
646770
2094054
1552072
2495272
1195673
675452
2464749
1583678
458081
358629
227274
302924
1305446
1527012
1179712
961641
1723973
766324
2381270
1585473
223138
2208977
1857776
1671974
903779
1635344
741773
486715
1371884
1448902
1587709
1408970
711073
2174277
1936013
1209003
1470443
1754189
780704
589916
2105511
1605986
1392643
2254677
2232340
1714881
1114915
352882
2363509
2490142
1288743
2397879
1831540
750028
1149941
1593210
2047474
2341210
1293630
587864
1067463
965784
1790707
1833472
1435427
1487335
1813937
1490394
1800007
2361949
1692106
2160585
1791098
722331
336587
2146042
1170257
2038540
1483081
836740
500276
2727177
659198
1255269
651341
2704738
1403543
2448453
1190226
585764
1731922
714441
662937
2507345
1406754
1517494
2290239
1517123
1505442
1589030
958437
1261634
412463
735473
1651349
740995
577654
774588
601811
1068878
1381702
940946
1057017
766256
576029
599904
1018553
981443
1329948
2777336
36545
1916307
2318023
881187
993836
1940288
923276
638803
2562976
1309438
1322361
1155156
603044
1042479
1343079
160375
796028
515761
847044
1670406
671445
854052
590885
735346
1043509
1099682
1619609
625705
1887921
335318
862689
677494
1663552
674038
2524642
404604
708589
2001026
399543
1363019
1713367
1890322
1607319
1229376
1077376
2221058
302845
2404334
365778
1641422
264891
374401
1409744
288783
1879622
648544
2270993
518938
396180
1264605
2026768
793094
1856735
773346
1046759
1843295
2605184
2290884
2143668
647015
621964
649494
1719811
889167
319821
903947
2395425
1119727
2818301
1093056
1075615
1748913
1101833
2016576
2100054
1399276
1823035
1107823
1736493
1509719
508748
2808029
853693
1007480
1813177
1256644
954055
1221003
885506
350911
1643751
3080772
624413
1952832
835813
890531
1296110
1849314
1763956
1552284
735680
591128
2780882
1611695
2132289
2472296
1300413
172274
1320970
2051896
938809
1829539
2126961
409798
400839
1539567
603666
853111
1539396
1189260
1390847
1459921
716719
2194165
1563280
1497403
786133
360716
2737518
1055647
2110882
1141207
364423
613118
1296543
900944
759528
1767096
2427474
661762
460588
1339044
988821
361991
508665
1185298
1180711
2030156
1375370
1334184
2626187
542597
2679187
1763483
712993
52595
1353042
660791
952503
2167653
819826
957523
1778360
292965
1734976
1323750
513995
459159
347467
854359
2157550
842702
256582
904952
1429022
1662694
1924898
1317699
1428820
862969
1016769
3041229
1130426
728264
1306829
193389
2121208
1671328
2255157
2714754
2796894
828152
1155675
783132
685018
808733
1692635
1113315
638586
988437
562982
2243570
1143502
1942421
2066457
2686261
1825849
778709
1942293
1944946
498250
310661
918953
1179649
2541650
713756
530003
2673620
1499923
1002995
509604
2859144
755961
571776
1312778
887874
398736
2373287
2098768
1132858
2092838
2126214
271525
2566147
761712
653093
1556004
1332349
502878
326011
2532146
436476
425441
1501658
2045640
951943
1739057
2172584
525974
1566591
965549
1127737
1116444
1297303
132512
1027135
789364
1188413
1741961
1308287
1599390
925166
2371651
1941486
831763
2222904
811249
739602
554562
923025
302635
1863036
501305
647555
1221272
2072104
476893
1456057
647614
2105480
1555707
1423239
2638919
1982439
288985
1379173
2235838
576053
960815
2382644
361123
403012
377953
150105
1781939
1624113
505668
2295309
1369703
983151
2248045
1758625
1820476
1755641
940387
694556
655441
1847436
713036
391251
1328161
1437677
2207545
1287741
1166568
1541185
2105113
423468
1719096
2547685
2021873
674228
1314990
1443789
2616060
983357
2043102
2759694
572480
717073
1200935
419369
234322
1550455
1074042
631334
1746851
648345
309959
1464932
2801455
1298393
513381
1607810
214155
816598
441740
1456665
1141840
908373
1301765
1935546
1644904
442509
613991
937626
2816050
1322254
608787
2427443
575521
2027766
1940523
935039
723970
891920
1083612
706953
685484
1614822
500250
1343925
670501
1219718
699230
2091733
939724
3074321
2481562
741254
1583771
2042313
634766
1954086
1005955
1259385
654137
1041182
1605176
934103
2230223
1779285
1241005
669056
846416
139781
1517587
412625
1062127
1516743
2069832
1287444
1463918
171226
2643406
1741395
2040402
2115797
260992
957162
2100861
806598
1571852
1058480
817025
1957548
2728486
566709
1426545
1283521
220368
976460
2250381
1329636
1023632
106297
1528809
1807119
2491679
673118
304785
826716
899429
1715804
1867557
1462704
1400314
1283336
473152
716008
343185
723036
955618
2096032
244602
857182
2115954
1220365
801226
789728
1364917
1445287
2096010
515901
781409
1227951
1872999
1666596
1348347
414214
942998
2009585
1399618
2181586
1013143
1573050
961895
379403
2358981
2153721
435337
1510514
1027358
1147570
2855064
1638216
874067
1765177
534197
1013152
650840
940294
482180
1370670
1192559
301526
1549997
857870
2339475
1820037
1628172
1698810
1146744
850654
399466
694557
675760
1949618
2380388
1143659
229177
1229311
2207797
1585120
538245
2082644
259601
1544771
985464
2779583
603842
2143894
512543
583579
1217558
789826
932695
1697585
829860
674331
485260
204820
1244464
750954
387308
1124949
1727985
1514553
705380
688714
334390
967398
1952420
424699
1707116
1845345
1779964
483881
1415346
560126
2016481
996249
587271
2449776
713306
980641
851558
1459179
969683
736605
2161478
1338682
522034
614668
1307356
1190700
915936
1876366
1118422
2046769
1523094
359828
476115
690399
1667531
645360
697759
1007049
610791
1498082
262853
1551562
755820
1709171
639165
812099
1332586
1657965
1030311
939158
2219992
2052893
1557043
777190
2002896
492731
740107
790270
2287071
3210177
1850928
1325314
777945
958277
731034
1197558
561773
393870
1804623
1334000
1018707
2947427
1942693
1034348
1502210
434004
1252138
1166563
2265224
1363081
2561546
1625620
850293
891478
580309
1630269
2754525
1657602
1978928
572194
909487
698161
1935508
609906
1410671
1304296
1609900
1527126
2159011
2262323
2867788
1289765
2191743
857689
634403
2073266
271353
1993538
3302185
850930
1943694
980790
1444382
2685254
2238122
991214
3378642
1247525
447577
2133236
2234499
1858059
1941736
862902
1413425
43721
670701
2055184
1732170
804648
2379531
1101532
2042750
1061435
845105
1306604
159168
991260
1913780
1321324
599056
2622031
2244151
2302665
1837212
510156
2027620
2568285
1439100
1167027
762259
1154042
2356948
905119
1834366
801963
1736264
1932073
393661
1055624
2441681
358501
1482570
1430673
2013504
662796
2536248
791412
393553
737528
330202
852042
581457
1418465
790307
1514794
1306414
769168
328449
2172664
1647502
1506589
508367
535573
237669
3123172
782088
558679
1349893
2157739
841403
1806170
913288
826403
1711876
730720
1640496
810305
886002
1814734
1093368
1836052
928045
2232762
2031681
673501
1551923
1626765
1402114
1135255
2207691
1925980
2183648
1808300
329631
1474112
1496386
1280054
3032917
1062544
1686740
2047821
1634860
683692
2213405
2446695
416251
644127
1253469
2260479
793535
406859
860221
1154224
871344
585371
607305
1923803
1440124
300912
1980842
1677565
2928802
925589
2454552
1477202
1431334
689885
2303790
298411
2378914
647576
692701
691622
1110915
1463826
456453
1864368
680330
332132
802445
419345
1133891
630794
2203372
850505
632200
1124299
2134440
581720
1283416
776453
755214
701930
2232471
203979
2536327
1878879
2845269
248857
375286
754795
1962667
1009013
529989
466709
2187744
449362
2277636
314085
575000
2093535
2467302
878120
2705423
832746
968337
1593682
991446
2103968
1649262
273578
10869
453633
1517909
694428
2120783
1650071
1466423
1866833
2088904
420222
640638
3146412
2353369
1380957
2532019
1988241
706520
878102
1908435
1209294
3094438
1659225
520885
345972
1069782
1422666
1042396
511456
1108801
1993255
448273
1700986
924186
547477
543695
1694340
2770080
2427917
2179606
1785592
2100389
1472396
392189
2750018
527670
722225
2135519
579240
554175
733921
1167168
1171916
2049870
1405974
1192428
432687
531757
2562357
424798
1227581
1152648
614972
841937
1761022
329597
1595686
3110696
1232537
1429429
851204
585985
1402882
1061775
1247907
1111440
1737517
1289315
2241837
1380587
1067446
778949
1363454
466671
1932256
1019485
257391
2020723
1902439
1414909
1832030
1382836
381983
50665
1659338
704549
1277894
1524433
983535
