6214
10675
345355
772753
654619
7140
4817
2536
852467
21564
1297615
385615
821302
1293028
515232
73840
2935
1121717
4395
12217
10769
5799
4306
779831
9323
935556
5715
1114799
5276
419275
564416
8839
10472
6245
7287
6274
1889
6609
2549
8203
352489
687633
6869
1252583
5629
420174
459439
602527
1057437
665504
988919
385850
768282
4954
2639
3963
11680
246966
12874
953802
253594
884286
9560
189538
987964
4891
418820
24370
562767
4624
8045
4680
1086609
480790
435860
3918
5740
1759
846045
8893
672448
654513
9114
1021568
6231
771397
4786
5145
996303
445586
2779
364024
1167078
9106
747197
4188
6695
936689
453040
366482
9491
843026
547447
6850
487583
1252500
9058
6901
6696
11985
887018
471241
671459
227562
799821
647421
4812
152527
8685
3603
1252699
258183
1196269
10820
6208
409896
7451
201433
6468
395770
13651
3929
828507
1064484
1071511
838156
1108805
5922
7504
715707
65270
981246
6602
78267
7802
1231969
166669
776438
4963
7982
735303
219757
7325
3493
7694
273142
696144
7411
529406
649180
2822
8092
4872
9927
3117
822674
165331
9458
9660
12245
792519
495774
17463
37464
1973
291499
79490
10847
189662
965854
258433
2551
11183
888161
173194
201454
6780
7434
559436
1128367
730034
10375
6573
376048
5789
7150
977235
1175723
9830
479411
940454
77643
4657
1222116
3588
7189
941677
1219464
4964
679811
7667
7540
1073711
14642
866369
448124
1067553
211796
1127359
9622
6360
6486
25150
1244034
601830
272961
573423
1228181
568388
1307402
927310
584098
136956
697300
7635
4256
995876
1043501
254393
1134239
4519
3205
279780
317039
634898
253997
9219
494656
4681
460435
832021
94275
1054527
328761
1216223
79031
720170
292607
6174
2041
139541
446820
9664
11084
2229
2535
2760
304482
266864
12961
3910
2298
6086
9455
100461
163962
1203918
430804
1140077
185292
6964
386974
770872
765100
3479
3932
776472
9969
688964
8313
828930
518368
514693
836728
763668
1235098
2573
6845
4776
212510
1035410
622695
443662
6603
106977
360650
4770
296004
8427
716212
495650
12911
5177
9117
303796
6678
448141
210398
519719
74029
7862
603300
7502
2779
3910
4648
1049016
9598
1225053
928481
691171
1267282
12842
1145817
795758
1259487
2992
1008556
176948
242373
6711
629315
153787
166737
2912
407924
7886
4974
965953
8263
660885
159625
438283
562671
5501
36984
5264
313493
5438
34278
962551
8242
6367
4028
5281
7851
7957
4788
455752
7610
710495
204743
668533
398631
517343
14384
981113
4764
195206
7646
994002
374968
3052
253849
60794
3432
3682
771226
6187
5499
382404
619488
40602
1182
984253
1292417
2342
379670
4975
11218
8140
138387
408225
167859
320450
947178
855508
426757
1209883
729930
614162
1265602
6893
570814
655988
183130
7735
10266
203810
107201
2444
11227
5300
904491
6804
137106
1013575
1018013
414434
5113
6420
1023224
800939
12266
6957
651028
1201355
4775
177810
1294763
7341
4821
779794
4065
8697
965862
663041
6270
891800
3382
1049694
6965
429364
1167816
19740
1221358
1021390
11507
5170
7652
373845
6510
4819
249916
456484
254454
1147411
6509
2882
5411
1033862
31216
1300814
284338
8217
378279
9605
998093
569704
181407
4122
839159
328163
1164472
964726
1278444
8225
11312
345269
658390
2752
78160
388969
4147
5972
1028659
1101640
2778
289105
6796
726826
1065322
572474
371293
7750
387114
6869
1067973
492414
292250
320730
4545
197034
188323
226423
506640
2392
1070497
657175
7095
871072
979248
97997
8207
638511
290741
967211
6073
9771
1299720
1069475
6400
7534
10465
391449
4940
1223
8729
503560
7314
8721
6908
671497
1062024
507809
4379
955775
7874
3922
6343
555286
460135
505639
753139
46397
4263
7095
183896
5047
903464
6296
897088
4789
969608
6473
5241
7991
2636
193444
463860
634677
388534
3614
10005
188295
154011
4698
8155
5760
8431
69609
139244
10113
6357
1127948
1095509
7985
690662
1523
4343
5795
5227
2206
1031358
1542
472154
1892
385772
372437
482661
45800
69220
5038
57386
491972
834573
784672
7990
7921
1210452
149587
45677
8044
7107
8252
134162
8720
138555
5099
1213293
606137
1091
6110
6887
8958
290622
317521
433361
44013
6560
9029
11314
763056
1047940
1327
11152
21364
42123
8944
5835
924985
7507
5535
5311
1100438
4078
6508
285086
79128
5496
280284
6294
10392
10242
961079
6785
405697
29404
16671
352524
8091
7042
10566
121781
7706
5959
6722
4884
6215
211217
5774
890300
3840
599445
505225
482256
405739
9669
555147
8806
9189
445673
3034
2601
3626
743890
314494
340020
176787
1608
6500
3798
432346
608359
122586
8500
10766
341026
12294
1265794
7841
5203
107802
105353
7009
9059
6868
483270
11036
1065935
7270
2132
6549
792207
943406
530438
383464
6080
392996
11341
24612
6745
857052
469283
641302
8009
208630
5102
94477
7378
1305279
435480
2975
192512
751537
891334
43789
7088
10292
745808
454187
43880
108368
1027307
165638
5526
1222474
310713
276284
14254
2182
718199
174005
4866
1180285
1175918
2568
497477
122023
1979
307011
5421
119351
49124
10916
10505
1072083
915628
2707
135689
716801
5750
705070
908100
5741
1159474
7796
10572
6123
7242
8499
37032
2453
935834
7448
342793
6312
646878
982915
10777
1292695
6742
7358
4450
1120454
12516
9296
496835
1037837
6629
1880
787789
6518
707054
4812
808852
6775
426779
6741
605725
7759
1054414
950779
176096
353614
748340
4138
761765
12107
136050
200930
2821
958550
12104
1462
1224
959259
796478
307421
9747
5705
8879
596624
511588
825924
1177759
6889
497703
1122276
7681
7721
1225650
750901
484215
256429
988385
1255661
7567
526836
233802
6233
1152753
314543
509163
4627
12333
5722
4906
1268594
8504
1004120
206718
240081
1101950
10683
3340
713957
771086
9225
3982
2068
958547
1063225
1192388
145640
200141
99334
580144
5937
794152
1495
657085
8032
595747
1000170
10237
639635
11840
548318
240677
3976
8783
4249
9746
3360
139778
5635
437307
2549
9414
340179
3240
451437
12435
13089
1261491
10647
1096153
1058610
1274444
68457
581405
2434
2014
6039
6773
8224
765002
5866
1097025
352488
7961
520496
1048860
1237830
8489
72950
559192
5346
2002
430800
789182
5156
10428
104913
8712
423283
337361
7525
6967
95415
346817
5021
390750
821101
158823
951007
291684
1053904
5087
1004853
584485
423720
819619
622797
6600
202578
8549
751433
273982
1163536
912839
6041
291037
1043886
573561
525526
450080
360152
747925
1141018
130548
644955
4238
644064
6259
4902
4927
331120
9456
8800
653455
7330
8968
187656
3688
5245
2499
185012
1023155
168100
556267
1271605
378779
5465
10418
123113
935656
399992
6727
880499
7848
75314
532902
1190571
3374
907575
530780
11211
1247375
490783
7269
148244
5912
969661
3245
5852
9538
439071
54698
3728
865769
1727
7795
211056
180240
163945
143178
932270
202586
171140
9011
844407
619941
718846
529659
5061
6363
360195
233118
337772
3696
9648
681001
830663
6486
8034
293209
138845
1262933
920851
1287644
251322
256451
1153194
405242
5237
6500
822849
56222
1117741
434005
227518
804143
8857
7501
10587
37269
975776
831279
366881
670376
1193915
5722
12210
5293
301462
3141
6799
1003004
7906
1595
329337
6257
4503
6353
2472
953152
1062186
3273
5767
7121
230097
6228
995432
549504
473250
560564
4401
800158
4816
101866
455765
222258
1140004
487929
1161909
295841
5290
32422
6596
1008650
863887
719963
784734
11865
1030732
571009
5127
5726
873737
759524
6281
8525
47669
7916
1191989
648869
1004217
9398
802460
746925
3280
264762
643674
7901
6719
106691
647066
2959
5047
5732
185906
6973
114890
23808
5181
159716
6692
182590
1177377
358631
3925
1105274
5420
6374
6611
1125052
4948
9102
347775
147050
10282
1200338
718255
7491
1236807
1121990
7613
859960
8185
7970
5975
7866
778716
749958
382553
1210609
3832
8637
142280
320816
4697
7934
5454
375154
1168290
5331
1257694
1166378
7724
6852
346438
1207582
4069
146982
5465
747618
902
7248
4298
17595
7897
4008
5902
3478
5740
7114
6994
6850
570839
732883
7096
216390
943038
67528
640348
1160319
1100220
1222007
4781
8653
506620
404522
528832
246404
983175
4637
125277
1293013
4463
5298
23563
4649
754621
3570
318561
4430
1046792
473504
963922
7294
6788
875495
9574
1671
965914
839151
72845
644397
348024
3096
137053
340909
3593
192115
4612
1127357
354995
3763
6421
500230
4811
5979
74209
248394
384396
2172
736507
621539
5166
400404
11937
4911
183434
322925
133327
9323
4316
4295
6596
8663
7977
64067
660048
2741
21479
1238221
208930
194243
2903
1112458
6127
2815
6205
4575
7057
73274
5822
10758
3711
1020088
426135
218237
138889
3981
1029294
7894
106467
2960
475339
3894
3216
720553
101380
3940
994206
8678
276820
11840
742166
43658
7488
582023
12313
6841
8042
9962
5181
957717
5535
287745
8434
17270
7748
610099
2936
1141595
173972
8766
4877
9063
232585
1608
158617
4280
4352
4334
403552
635918
8440
1171606
4402
6912
122277
7454
935009
1271840
326554
101948
375455
589595
678
608504
747504
482328
1999
6824
755662
644180
9992
206159
7607
440116
1187742
11464
598423
984868
448268
6892
1861
286917
5166
460238
123771
950965
123032
4381
3352
4237
10504
11979
989649
6779
5465
1482
6369
166340
7845
3781
7099
6525
9687
1008002
68800
680775
5267
1006325
1888
735715
520428
503742
398912
664447
963361
6772
673487
673551
477513
7088
674350
1283868
1054573
139567
1103455
298708
9341
2005
775398
488150
10046
4253
386332
33504
194973
260879
561539
11186
4970
189580
693426
8691
183802
939021
6337
1083362
11215
1129260
87234
1069799
10174
2855
367762
59479
909078
624826
1043316
4650
315198
3284
2379
5340
3684
127195
176526
8345
3586
962591
79258
964250
4815
6888
4967
1227935
26301
1313022
1161953
6399
7076
1081842
4479
8095
5999
102417
567746
4013
10924
4679
11807
77019
404963
1209147
581602
8213
327367
511133
333653
570422
453727
1234796
7084
1214985
112000
725490
38213
4156
5658
982360
414158
6300
8673
387413
3250
7356
946663
30163
303414
5982
844508
655522
4765
4870
805408
9670
38734
8355
606129
4378
2566
7066
43480
1246265
6755
724202
9805
7850
485812
4668
331894
7073
10582
711826
179327
671268
687135
344190
4366
326722
532165
499783
6256
2733
9825
4099
490007
461550
718455
10677
937646
207192
1064293
6140
815166
978532
900935
11233
32200
2049
8028
816801
6017
5329
1121644
542174
4706
10342
419176
213321
303467
1056030
7700
10527
95158
269537
151007
344035
4327
10238
681401
445669
922041
5475
4927
8345
11751
578191
51817
1265276
9424
4756
371326
665921
50690
9573
1112372
899148
421830
964262
6632
114666
8917
94448
8072
245344
121256
440610
6612
1214164
460540
3590
4658
1048442
7176
5539
652725
9356
77432
4999
194970
868515
314103
151645
3542
11054
33637
6041
374370
892835
412619
592165
7308
3814
496883
737002
536580
56417
154694
1098740
8025
1151
4713
491220
105335
38388
640458
350845
240700
612169
910993
1247603
5474
911362
765625
82717
619358
211305
3150
482738
172959
413576
389170
4615
56301
1131162
2910
385541
7300
476845
572336
614152
5208
811838
12115
1219996
3412
9973
764701
5450
826966
231517
1162109
4355
10391
2739
6976
1021095
4877
6406
9928
4021
203061
6821
6291
1281451
5075
411046
385275
1117710
6286
7138
7153
339381
425750
7627
555565
493391
767280
720158
113827
686701
26192
207096
5189
576880
6905
739882
748136
83223
112630
258072
896721
5781
1209185
9387
1305030
7218
12385
836857
9902
277836
1141523
269899
482425
9345
949148
841606
1185863
103177
471390
6608
3245
410250
7577
34828
2961
619961
904658
633442
9326
866327
9739
5841
10193
63516
13214
7092
1269531
8931
564237
765500
206338
1021953
1117815
318973
7019
192377
850907
10553
1020561
227751
1305664
2693
212840
85987
8121
1228661
43710
68649
9701
5422
954780
7735
5984
5464
705173
554922
2461
7566
572751
1034503
1000304
1209906
1282070
5587
2974
453054
11728
6876
804370
529361
5085
759293
333549
4538
1217408
150078
435446
103845
11931
4441
4507
4999
288804
1150538
10129
5484
340950
6467
996607
169994
593879
795608
8712
81813
6573
10928
7072
3060
7243
9721
51575
135703
8862
1119877
383693
4200
5381
7844
619850
9357
98673
10681
480395
7427
3668
325259
63924
8216
238297
13913
1174751
5563
1253004
900513
404964
202076
5615
5687
5811
170999
116657
3969
295219
4467
4272
399028
8330
8110
72755
1816
145815
6164
610181
9011
217409
34432
94076
7179
811434
341445
7619
7370
148652
321037
10286
4009
293683
211866
617254
753321
7450
781159
822816
338683
5786
843243
5184
952881
5907
2350
5409
5127
3907
260292
388938
31385
834516
354643
6704
2918
3921
5603
64276
7857
5021
1120312
840569
8095
501393
6133
7117
8936
680176
534090
7054
338534
1193164
193868
39929
8404
115627
6102
8122
6813
691467
354260
1168187
694813
170416
723870
170840
3090
337529
11932
247675
406137
794003
11559
196460
1075035
303266
294689
8423
934885
6783
636382
7405
842799
6594
5684
75899
313965
756440
6395
998532
1285272
8452
199226
7415
718804
635719
7953
350903
6721
878832
1042
413141
5116
5453
66909
836508
539457
8683
8714
6386
3362
9999
902106
3854
7550
239487
565949
5431
193690
233555
4261
988678
226067
8914
8867
553665
5898
974267
445739
8581
7778
4310
10809
1293027
4381
883720
1175564
6702
3980
724441
959118
650762
343829
519450
922552
9395
303442
8842
4594
877933
662064
504859
12052
4288
686413
59968
185818
10734
791694
768817
230178
9526
163993
478085
3593
8506
4800
5038
8258
11540
100066
620412
1170456
5550
322499
3552
643084
6030
7298
5572
499972
9240
1192668
612045
1282830
230451
5585
8107
392138
9127
6711
2483
673710
309474
8155
7553
1019432
4429
8725
606357
1076092
549652
6926
377017
1028240
1135396
8748
4963
6265
1183018
910139
1080634
404520
8948
640245
9395
9429
11233
1248583
6358
1047556
983515
3882
4912
4753
7017
68265
10711
838924
5126
10012
266764
10436
4342
709859
870135
1299609
309244
7334
860902
645289
739548
574521
614998
10205
5200
10844
5221
26889
8787
1037890
823030
340470
2827
4981
7698
1724
330575
9721
4145
5954
2850
7792
810096
3441
842811
3966
983209
658140
6452
1192554
4985
4300
5132
419704
250626
429937
366092
1266822
6956
57738
6805
4574
361516
2670
574878
96484
8953
21309
7110
137487
239046
5278
213690
580040
684834
7014
319706
3693
5357
6088
9560
7038
896516
267870
8175
90661
11129
191680
9441
5723
9386
49345
4356
158629
4988
9964
5455
4152
322745
7630
5554
641792
374444
96211
5079
195371
575735
216202
570101
112240
6582
4940
6169
164033
771345
230588
697065
11067
282532
9824
162052
488699
5661
6019
508047
5058
7341
1050183
470024
7604
1272419
6228
345709
410207
419496
6969
727085
727571
8009
7106
5214
4813
10359
215484
777830
4772
1965
7653
4444
773619
352313
4332
1208996
1283575
1221935
1009753
354723
206176
3841
753156
42413
5630
5454
22401
1070809
5434
10297
568628
252041
5349
97296
1009338
455495
9313
70604
144904
771921
7099
4949
713935
96054
789201
5366
714479
865614
314822
7961
583306
122720
10150
5203
5058
1085675
1117760
1248640
128361
165934
199983
561323
1065013
321409
1281997
10410
347989
7722
799657
190092
97305
1317070
955741
6976
6302
4729
1176827
3823
822555
878758
9482
6449
1245942
294131
350992
187935
65484
4165
586427
8007
24512
68395
628843
7175
6499
7080
9709
1022136
9213
179311
5102
13223
956564
481977
399897
1011084
312602
8127
9994
324003
992039
9141
510506
4432
5289
343633
4430
799964
287579
295841
5548
563527
396950
440121
5111
604649
471148
544617
977691
992261
8650
9568
157981
304686
7657
543
773682
164988
7370
286068
200358
373181
9481
983358
7421
351295
1083241
1148704
307770
593999
5913
272372
130975
321289
7158
960836
6680
7524
6113
11255
5911
643272
8955
759999
7395
435607
4379
6476
419819
71242
8159
1178257
8216
4286
1249903
3274
1200283
9781
169659
149739
155495
116063
3154
300410
7666
8077
382655
1709
26767
17386
2039
8299
1056136
78755
211105
3017
4605
3838
505754
687904
8370
74879
7104
6174
13802
296830
533756
71197
57886
4093
6133
10157
963253
678335
271060
4684
4891
625274
6083
9004
747427
8295
80649
11825
902751
65600
21058
5275
601968
8625
6200
8986
497104
310184
2689
7639
6490
24346
198676
6716
8051
5417
963159
6200
279660
5191
13744
7860
252940
7046
109562
941423
1101390
123747
4379
664643
1177497
304223
4181
970541
1090927
4976
746095
254844
137988
1000410
533770
915239
1109491
634515
1117850
5879
612774
5664
362141
216364
959922
287009
8965
1022217
7059
10595
13271
8143
11371
481827
453663
1061416
6179
7236
971057
4340
585295
10303
6098
901817
551990
136045
6448
6160
3277
1182685
323344
262899
1038434
739989
1143442
345661
6044
275187
674917
5334
224595
5011
11328
220404
553917
256215
540476
7445
204029
10544
235134
4538
643732
296185
1015861
117005
598701
6663
6107
394005
588318
8927
6264
8086
1095880
625021
18611
306201
1012710
5969
754679
525277
11130
8515
489611
8068
7316
387683
89387
120241
9523
207125
496549
1315830
135076
341450
47427
6540
436890
1197926
853987
5748
17356
1121660
675481
7985
10247
1006735
167208
241096
2327
10448
1906
7663
558153
20573
1172983
948406
906540
1162701
8223
649370
962119
8914
377846
5231
54274
7832
6175
7539
3667
6863
2448
390989
6393
3851
6494
8487
6693
9345
8621
343294
4090
429186
9751
4810
8708
1225201
91242
7075
96755
637841
67248
401613
164351
7402
4795
3226
1126784
356105
904642
91920
11391
143176
8257
9081
1056235
854195
919979
1190283
7931
1903
466596
300541
6073
150680
10691
49242
5978
1118254
6758
7113
572090
12005
134104
420954
6549
7098
1178369
343220
780400
980132
189104
7212
1097870
738130
1218691
366446
46961
115864
8170
5470
392336
27397
113285
309028
9852
4884
3093
5991
5963
8037
244902
5502
472133
11135
8944
6364
790412
487730
859558
1068268
144337
275507
7305
480335
142370
365989
69517
8082
9534
941560
3353
98615
10703
528849
33689
3747
860770
3066
1018668
4394
491995
9154
3488
1040801
112330
8131
9320
5086
7272
339614
8749
606834
25012
4214
1048210
168154
11073
8002
940819
5772
1148379
230568
578320
1237611
10387
9348
572094
911210
453284
35406
389475
6995
771463
1007307
241789
1164874
383715
31383
446452
44979
571201
9018
423030
275218
210803
763986
1215022
411561
511086
9572
769335
516669
583077
1232072
407081
941800
10364
1131727
653558
873194
2572
86399
570328
4700
9530
175228
6919
5409
797095
52875
9455
5531
531750
1997
5185
44979
6297
6332
1054395
115935
11865
779041
7369
8910
5045
5620
171215
49228
7528
327915
1054832
30041
9152
171621
5864
12554
198789
561517
4426
476482
1167203
540546
327222
90078
397772
230330
236147
256191
292825
3221
345128
7602
200459
5487
578675
202582
3539
9824
5734
51539
6151
643945
853787
1645
7399
516709
773339
1119989
1184907
318750
1317155
8566
895524
855998
792940
7185
12942
4653
3873
659731
325344
7118
278874
206575
943857
6139
195740
1236
3620
913004
6104
841943
531383
61225
4230
462109
152897
5489
240462
29746
835566
5160
242723
8345
853934
82519
6646
7300
916853
916089
1008039
302689
3060
300490
1198795
291664
457808
6246
319645
826950
1157786
544722
6923
1026093
4882
9428
138799
5974
116382
694726
8372
644848
531738
53989
7999
6579
879184
2723
886196
3601
6111
703758
272436
955514
670843
131229
2312
8493
560828
288668
1226968
3151
602776
6765
328084
5222
109444
927057
8819
140346
266925
6014
12765
582561
758330
32047
504592
146773
6901
422964
9963
6645
939144
10599
5368
23563
929438
913779
201174
75311
8780
388363
1193946
5163
970726
898946
618443
653919
622144
280981
1252162
371348
170439
3406
7174
8326
8568
1076697
960950
6345
225595
1094106
29266
389751
5030
91453
5546
7923
7411
1429
7488
1015737
6524
1241247
1288384
6219
198032
1285533
651916
7927
3229
689640
822514
269017
7411
995098
124437
84519
4581
6417
5051
763113
556167
733793
8801
957632
437721
1232995
6054
8385
89667
478973
450779
8427
3446
221977
4013
1074823
10164
1217779
6434
3040
565301
8954
325769
5283
1213527
271595
276415
919630
8513
6236
1078264
70039
9214
543037
5303
829091
453727
971269
1033137
863238
168162
2874
303556
2888
487467
907139
350979
7838
492645
49064
671768
10669
76284
7607
3851
13575
648581
4200
4819
8339
505828
1225616
429373
6955
800662
5512
164030
6119
1216153
1054572
6716
788595
51804
5162
1525
11242
8735
5585
782608
5994
245123
10530
199331
3664
840914
1225627
9109
7768
1020890
1055220
767983
946817
10463
461562
1928
1121137
7284
2989
356186
951654
452268
6391
224310
4537
468339
1052393
1028463
778764
990453
6569
5944
5884
336038
5528
284466
606799
2243
7107
3232
6142
268905
399608
7768
8012
286
479906
9149
8992
553330
12189
1254
328855
789387
978138
1158898
64273
291946
214796
21612
42855
368714
7048
6205
5242
5064
1062980
996537
208527
84593
231399
10231
751945
6740
236088
638713
3892
545461
6043
7062
1782
6003
11025
5237
11956
134886
6049
10831
10935
282390
4388
6864
880849
173047
1074475
7301
8766
4045
207609
2796
297003
7928
1018383
4264
4939
6929
6816
572318
976631
37020
371753
1207954
892411
5789
1311869
6887
165324
922985
240909
563462
6099
4405
7337
4212
6059
10114
242902
585209
9266
674058
815564
858063
7798
1050521
1050689
263926
1067697
300676
290455
249324
641938
517304
6363
944513
509684
8728
26959
6130
351190
564927
728138
121195
130684
7743
485752
232311
606483
10840
1083146
195286
4006
1292209
638737
7598
6797
1047921
10579
430930
5612
666143
1313428
1028465
6179
1158428
7523
196445
161564
77455
5529
994394
7472
863986
8443
8719
10361
4290
841064
332215
11625
449515
8516
7549
1086104
18883
859983
148976
1065778
1074624
1248255
149413
5887
5607
11757
5495
241222
6146
9307
155695
1315434
1050214
10844
647937
7946
287288
9962
486575
806472
7860
1114073
4781
71155
714066
5994
481789
3899
970855
13185
9081
1122867
7155
835575
1002112
9403
222105
124257
871684
6202
1205990
6255
810267
996026
724485
655903
499554
4959
585717
711713
995646
698821
134224
3846
11818
3997
500114
8653
102715
86383
8445
6816
8354
8779
676520
1150891
790997
6397
636177
11413
1066011
7954
6820
1007410
461955
8280
708013
4582
621167
1124801
6518
464957
641774
719087
1045640
7229
6510
5468
406626
8431
63002
1111552
7273
383644
132432
1294467
1007901
842558
334197
117425
604539
289362
582066
7048
368187
6201
317473
447590
604786
10660
328472
183773
259893
14315
1051421
83518
4502
246200
6117
787098
510790
1155101
711130
11495
10428
5709
363168
689812
6865
4271
884698
4493
71177
79475
328812
309647
441935
377199
642927
9025
1278486
438881
11468
760398
7302
7889
101457
9162
1191420
292202
6266
327334
958844
6349
605381
8144
884570
285819
4563
676154
9077
217622
3582
805254
173213
3802
7248
11429
903174
3412
7183
1027289
12210
95337
1164517
455346
576637
70719
512159
1021265
910640
1255518
8087
1303853
1170631
289517
943611
644886
10274
136292
51519
715903
9365
32553
51759
4653
7644
1272007
238938
1175708
236129
5911
131319
873175
7091
776574
1202309
1236404
470248
2025
30291
1219639
6195
764191
4296
792914
189928
1103965
39728
485082
548832
888509
7500
5119
7430
676754
4482
8797
7524
8193
9585
217292
834190
17306
603513
5501
525098
36080
1084040
1004971
389920
12988
5722
619974
647226
180957
6820
331713
2662
438524
4042
687214
1023922
493238
1078450
3898
1025520
923071
147674
8287
3275
718008
2651
5636
917709
5960
1251272
405565
7159
433188
66675
939
407260
583858
710898
1114227
726158
10850
281252
5376
11901
118834
7159
508960
7335
4885
199071
4754
9545
3557
991523
9523
1021027
816990
718338
10100
785349
607083
8217
833394
4224
235319
1298322
862149
6262
1122759
4301
759461
1171744
10459
296662
6731
229895
4087
922380
850754
794752
891698
1224882
179322
933758
144348
96049
90084
41192
5384
2216
593585
396485
13512
7209
175999
305366
178966
13582
4185
544890
964486
5454
6474
2631
731018
5564
9409
347161
970122
320104
492861
5635
3918
294173
10959
843776
5716
6768
3639
908756
1081103
298527
395414
4942
9096
11863
256019
590067
329113
144901
555153
71373
292090
827419
473095
2657
6257
5958
3611
251452
2508
8540
4440
359160
7969
513715
671505
460078
7000
161131
782584
141296
0
273683
554777
338480
953367
5393
8554
9056
4356
1068935
1286709
9434
110505
2051
815464
2705
12304
1301887
8440
7891
615975
10110
11969
7809
10036
645517
9159
94348
7334
505818
10453
236168
1186427
4670
706459
649644
5405
153668
298863
83376
923604
851964
5826
3349
6899
6104
11011
159816
4517
6434
1212652
4847
841466
746084
11237
702635
10541
174394
6769
653874
5148
6229
180749
6823
1091453
3333
648739
10682
6138
4015
453264
8061
1010438
704693
215589
572025
1303609
7918
20389
428327
746817
1123344
826214
376584
6199
171847
7824
242970
4446
6879
1076940
202349
641780
20051
879466
4276
10196
90188
1280907
4477
9836
2924
7100
5713
5921
477309
774577
976333
9619
19635
6081
939159
791839
5461
637785
9384
979886
791079
256258
823539
6782
9722
1217178
4343
1156478
394556
8172
8910
3392
300468
5891
420820
6274
6172
7869
5214
197815
600937
9268
8789
646554
641653
7757
566196
1925
4987
8886
7222
275087
752560
7182
5140
256598
3943
3308
834
804671
5388
5775
871971
5897
7637
2944
359628
428016
515989
9990
209319
503701
4825
1056574
10694
1268771
562826
6573
344065
897125
5966
844124
236075
500422
127646
4620
887948
7474
529558
5083
233651
818435
4607
166668
235400
575516
7983
5699
4896
2620
5983
8793
431484
98140
11701
10881
1053401
4631
1192383
1219626
467386
4686
9174
5274
7424
752564
7752
5782
2432
9532
969638
7554
4741
5741
602717
1119962
534196
284121
138945
5494
5936
2502
1283753
10161
480390
8688
336952
168066
888419
62813
659228
404006
1193320
3970
455887
8460
93190
73090
195051
668136
8197
6875
419804
11602
549935
553440
284577
10773
8705
31453
4704
879113
1103976
7007
147972
10000
4802
4855
131543
11965
203883
1053
5112
10946
507723
6159
950140
479482
860099
931251
5490
8335
1080456
180673
195724
1206477
624553
995466
1295733
6873
145966
3943
3984
1061881
563192
975314
1071185
1052809
8431
1021843
220988
6760
5637
693560
282981
8829
132403
282432
449880
10304
982742
912979
4827
939301
8069
6956
8132
5668
7867
412775
6636
7337
6233
6746
4257
6733
8318
396682
77883
1030937
8699
6390
6908
4412
6676
4280
883942
479709
97869
171328
5844
114341
1107297
133663
551974
8250
5233
1253805
818505
837155
8692
218201
7238
193891
4119
710778
4293
4815
343780
1109785
9125
8618
736189
733259
690729
6703
8156
8558
481345
6324
633542
238713
6725
1111290
3795
1098972
141382
9345
925061
613909
150806
497626
9176
405159
7359
9647
5705
615573
44949
1003264
7338
1034214
236372
436914
650257
1008431
623321
522145
1312726
9962
2740
1176976
793072
5382
7633
8346
6825
447446
3230
6958
75939
1197273
618422
479137
7261
587922
4050
376753
1086214
9496
8965
2873
3541
954537
8302
301597
70677
3935
4949
4976
5830
1182636
719662
1247030
690839
640587
631967
7184
367833
4115
413849
983936
9132
850578
630472
9430
106910
6027
303360
4658
316978
6449
6177
12363
544691
6934
82752
815828
105975
7085
310814
4077
10354
5956
976875
1111961
8711
9243
567576
8061
4306
4494
606680
12989
6205
1279887
887403
6454
507914
210197
528443
4533
6728
915521
6193
824793
6646
493868
1042277
9357
457982
9737
6545
294647
434659
33759
726345
11307
411008
5268
889295
1240301
987781
199032
6083
5775
792258
8398
634732
164892
1082950
1015881
5755
887598
8392
4042
51700
12307
5093
1297903
313265
4280
309598
728729
12414
6727
9915
199636
12160
8018
989358
269308
383129
638670
8518
621297
390498
9381
1884
8497
10487
5356
232188
4479
848235
88165
9070
175712
42268
6424
131101
123377
5418
410685
315223
525621
169907
6203
446425
511564
7227
3851
8024
405317
4626
7136
693217
4095
832057
1016977
906962
6237
361285
477415
888894
529488
9264
5479
207258
109054
841837
6440
1192700
118694
7904
1189089
979291
6166
11820
9610
1189237
471796
557455
80491
1202305
2722
5900
1128300
1050043
5018
6684
647263
475197
786262
6153
53761
1205076
1247947
7029
1282542
616180
2971
392006
461421
2875
1165627
5671
624548
5939
4203
4141
976287
50984
707870
748763
3216
272058
5263
121261
10251
799337
692861
6609
652506
6138
7881
5302
234090
777568
8220
10048
5909
1062482
6367
300002
819275
39589
1391
937237
211340
63899
986310
698437
3624
55699
1059348
6881
49267
5266
448375
2955
1125189
10014
709389
933715
9993
3616
4992
188659
571887
1186434
727334
642160
791648
702899
8475
16001
412673
1062631
23887
129217
1175175
1132576
623491
5474
247340
6302
1093525
8427
8455
771150
496056
644827
6409
10004
329483
709560
6397
421557
168447
146810
390928
529275
240611
965935
133931
6199
7448
239810
3382
1074083
11809
840544
203024
4575
6691
6475
7318
514380
4482
1021037
1029791
6006
5339
736327
280904
5378
270314
7703
118770
6003
4779
1104639
2925
4624
378732
287125
158474
988667
4806
1103438
960494
13314
6149
8406
950278
1211185
5622
364509
4465
8089
963300
1152839
1304345
571944
1083184
4763
515503
194111
9904
189155
416129
954839
236231
252875
866671
67751
10786
3251
771062
10513
110550
138070
1156119
6407
1018788
245679
498715
1274533
684272
4315
8481
5995
60354
900086
1123973
898847
327354
11554
6090
194792
606886
1071257
249287
10058
496866
697764
3293
167875
684556
6712
494125
43528
10668
190594
240414
989047
4812
51230
256845
400890
6100
10977
752517
589645
5045
7067
6595
9556
6599
430351
8930
534987
3699
314307
384719
240494
804525
6249
618333
2692
85995
220663
198838
4028
7833
8055
144420
701041
8783
839023
3255
7307
662838
4246
1015709
6890
827769
4450
598308
391303
4684
63767
7453
4462
74605
6614
664545
428373
1067636
743910
82768
247856
1160123
71331
4135
8848
5621
8481
6015
125993
280314
533070
9747
4742
6988
5146
826152
744019
1175224
7784
227222
1011180
1617
1049501
283563
578196
941425
455038
6113
161922
1196955
579957
1188738
6501
5560
492917
5100
4125
768367
2461
560187
913312
3629
4147
5284
890130
1071977
10647
9227
898422
7645
519264
349634
8391
8138
13098
411053
314826
351748
4955
1065870
398149
382613
1276043
822387
7880
457422
5649
299045
4702
621703
6479
5125
8729
1041824
1286539
7253
5198
8674
102053
27946
1103282
240420
6167
7335
8746
387287
455475
1015177
3116
550886
8130
8433
6092
818437
4923
6027
399624
4822
1188115
4386
348757
3845
7987
573227
6447
1109888
667809
8061
228654
5967
5405
8117
9597
797696
983136
800028
1033625
941129
5669
8745
917111
1129
514211
1180078
923452
1096710
46971
217536
885122
3980
7847
231636
4763
102091
1107198
5004
11276
81652
435398
1111497
3210
4721
5681
630132
1153919
487437
3651
7800
6161
5766
964180
69837
592501
416370
9179
448255
670211
9378
379501
7340
7562
136281
7889
6632
8396
322688
1046182
5849
2483
623919
8335
1225406
3276
1284458
525307
166719
7058
1069418
780981
4231
5295
365851
3410
919908
649223
465148
167214
125870
259518
67710
610532
432773
297607
413978
9593
1036415
422112
984274
8555
8166
3208
9600
321411
1020155
137128
5722
614443
1025094
333611
143195
3688
318877
2944
8503
598118
256312
500613
1080188
6061
6088
7063
3592
291103
4216
6685
6791
6012
174062
838064
157643
9810
1270
5591
9252
238719
7957
518693
7472
5853
2967
803
1697
76613
1088710
680256
8537
386101
44729
3434
4560
367009
533956
840058
131346
7628
7891
6608
11068
1158113
3184
1210512
151986
11806
8322
9897
1026178
615090
2966
1190279
1196678
1135430
699905
1126294
740773
2204
136193
6890
3388
5527
814832
757613
556763
9504
8346
1226570
763975
1085500
4430
536731
159659
8239
2368
1294721
8999
306972
130454
297932
9987
4237
482924
1110995
9405
1103398
1139790
1265021
4373
8482
5258
6570
13630
524983
261064
212023
617235
287148
650671
4757
932654
136035
5924
339725
1102591
324003
579739
8564
1269256
8098
4116
544286
733378
1066864
3606
317749
657767
837248
292189
342220
568777
7513
5563
491678
302698
6297
6546
364274
440018
642617
449401
3718
5968
8922
1124233
3933
723446
1122256
1277283
4555
7095
936521
3808
226163
7549
5605
7478
1131463
90770
923611
4266
847728
6737
939215
1295480
669090
7120
550512
1139646
6242
3961
6470
7577
7749
7305
483034
6333
4463
5093
7225
758210
908367
85554
271062
558086
4639
911755
8826
48267
8728
742765
611090
7685
11572
224
553339
6184
244918
7822
885869
8575
787141
12438
383424
1169045
4755
7113
81142
6640
855872
296013
592145
7912
10181
184688
65156
583217
7197
1205516
12128
60723
1034080
896797
717765
899632
7133
4020
160738
6512
339749
5727
371289
4098
580609
693996
1180902
104021
1059632
6463
4475
4393
290879
241704
679792
6482
66230
6598
7218
200298
913835
1080765
7561
83825
951931
616245
961837
7395
303122
9550
5908
7635
9035
232171
793148
10682
436414
7433
906982
7875
3474
450974
8038
537192
527625
42098
388494
847551
10400
1112203
161507
3832
5002
828914
78792
311352
137318
602142
7443
87826
444206
5838
724209
881379
7361
35746
79755
1197251
136424
824046
1278751
1258505
684407
2961
882045
442071
1131784
258492
798150
6805
5836
216006
236745
10105
1089276
9458
923893
797128
9095
8524
420671
584292
532194
590839
6174
843243
13236
181265
331997
941318
444934
12673
4987
414312
9195
13176
5825
2979
2793
1233064
1303167
477276
5069
7793
6503
127305
1253562
5392
7971
209115
1166976
642034
391569
115803
196442
2034
186762
6744
1027937
10081
6392
644608
146106
1250091
6230
8383
3737
5261
3940
6243
10677
1313335
1127779
795766
518638
320971
362472
1618
1165347
746362
10356
795469
4212
638291
926021
9512
8997
1030392
4879
7493
7815
508368
7841
752473
6677
4594
547843
197688
8818
6188
361855
272847
7365
7257
7245
5227
79858
5603
865335
7878
5690
4538
4848
5579
12172
298709
1272195
982898
132116
7234
7273
558411
7714
27823
706818
74941
12391
1257943
4630
490578
549540
950149
171933
8107
210518
618
7365
4043
3223
698485
5676
790702
9725
4904
7669
3304
375966
123516
835547
4077
4199
1057709
745682
20932
362528
136345
571728
650780
801005
5777
728042
466881
582106
704352
868488
138744
8588
6518
7624
1221616
293058
276651
765614
1102820
428601
6259
625305
697924
9001
74488
8002
1074804
192899
489977
64262
4384
267339
10158
754793
8607
564314
9490
1299708
8338
7491
702968
39200
5158
789097
310092
6980
361915
332079
6077
9142
7384
7074
176714
167604
1111407
5916
342866
7071
63128
7169
129464
10323
5122
5256
6603
686173
136373
825550
708697
862044
214733
8096
7143
1159714
417545
896000
617137
245371
10428
956354
149420
377797
4089
665934
158816
8445
3531
903105
940879
13584
1747
250191
109693
5281
999777
476540
3369
42973
500173
5126
680393
18524
8161
669560
1253492
532164
413612
7149
387547
11714
936010
202351
200264
702724
648116
937733
814417
367168
19841
2078
481360
823791
711905
422333
8394
354328
946913
986407
84384
45193
1097761
1181860
1083771
745995
443162
7212
15088
4852
2562
149134
1125862
950161
10285
5475
1188154
3367
352902
8505
461072
451127
384563
362856
231094
440461
7906
209505
127849
1128347
1307691
4376
4029
874269
8652
139321
655507
869290
5776
4221
8260
352913
6710
1045872
417886
65836
295895
446668
277100
6296
1957
4152
87735
7932
44372
8974
813387
2116
319138
576211
5952
662507
1265156
563550
5252
3730
315793
1207972
5850
973135
4213
1120909
7391
983365
488830
1058055
5471
26376
4260
948944
31758
376236
1467
6919
4535
11908
666605
245703
172916
463010
242635
6765
1099033
5407
3724
7747
1172806
1173765
287274
5169
643663
8793
731746
971455
160135
6966
4511
876330
3553
10825
836438
5821
712252
61917
536432
972481
829045
501226
934875
11287
8363
593258
323727
8109
119252
74684
167103
202305
359001
981066
1201247
6502
5190
1248827
10248
9768
14048
102151
99321
5284
1435
270406
680100
10123
5014
192618
7081
7707
277206
8736
126207
654744
1008865
500110
438453
842265
1304
624909
879558
316031
5003
3978
8793
382298
579538
8809
55061
3276
808789
783167
5806
9303
4272
8987
12816
402546
858311
327554
732365
164781
957677
754194
3815
1314259
510139
4051
91939
8234
484996
773550
302914
6001
28720
4228
1307144
8619
8169
650016
52211
7951
463939
274852
849994
6213
359153
614897
8173
138192
1062005
5142
5414
8393
541209
7502
4114
192450
4059
5509
5724
8843
761732
141565
1186420
968673
1102126
631544
1093819
556745
701923
5854
3759
9482
480212
3530
5781
6135
1093801
3765
10075
114481
9170
317040
956012
761480
9715
4800
228307
1198455
240223
7459
502597
208618
584025
666235
7916
582207
356453
7184
38039
7171
24490
6193
11066
289346
5687
7931
835487
1067838
487253
866394
1120890
6439
120257
5857
624816
956383
187577
373074
4238
536690
788325
4478
126059
8373
336436
1123043
280655
732483
154011
4628
970430
5365
5190
7347
81968
653117
3927
742119
540244
6597
1049967
639695
7023
7418
7773
6253
3714
705660
297229
120353
1100737
1020143
6221
6312
1127977
7600
8749
587320
1201769
6016
780108
728354
513408
47037
1175051
293462
168010
4515
12134
126718
7549
92879
562486
1641
891978
12482
313229
630016
896974
9857
576678
774883
562014
7577
7549
6487
422151
1016402
9038
831222
94898
7525
4021
156212
492903
126712
1694
4517
411674
10470
571871
717708
560840
6016
4212
5553
5823
7821
6529
5942
13815
6738
215111
6711
3711
390922
1098711
8184
4154
788
558253
7015
8354
10348
4813
12513
9342
1069276
703752
1182189
432649
8305
11946
653368
1162270
3949
10102
8797
5523
6424
756316
963008
6256
1194102
6743
977544
383180
10400
102609
432313
5046
491174
6843
1273525
10889
1085014
7618
235834
6522
8482
7305
914342
2692
450847
82051
5144
270276
302585
711937
861217
45444
11336
5038
389724
6001
539203
870725
621813
7235
6120
5498
8416
938237
34408
6435
5969
153779
968714
21362
851877
465720
897373
445099
921697
186761
240633
810300
6650
812393
7862
473531
7207
1085765
778001
598812
416928
80002
3673
9837
1191
893662
11492
961700
1016876
776931
7974
419206
844154
632420
9463
925960
65976
4958
517207
8430
5472
99233
6172
1106745
1193619
7990
5185
9290
1265782
1026024
8744
9981
6822
472502
2320
620945
277185
453731
7438
733934
162693
6158
740645
203417
5122
5365
6770
11280
954886
135207
7065
481281
1044485
8380
529540
34851
11034
269281
7556
914482
5192
338824
670630
6582
395129
3371
3409
2199
762266
7220
10997
302124
8391
63103
3842
10244
7340
1012835
10514
196357
7138
233584
91136
6088
2722
3218
222012
5649
137607
7496
4296
819921
6322
4786
30680
5296
879631
7065
335849
1129535
1131637
10861
275873
12009
369486
6666
9182
1228090
580095
1259876
3991
9540
8086
351932
114886
1034922
79470
5004
9016
4952
5788
849310
454576
7311
6052
3631
3443
6080
8669
1245574
238989
170603
304087
944751
818059
552848
5936
342410
320678
8042
555683
7896
958472
5533
962
219711
538792
425231
1122282
990560
102770
9791
8270
3357
636730
145800
1267590
2789
354020
938771
5095
7469
8096
603500
729580
1535
356887
929238
6887
18131
176425
7044
8329
6974
983832
143689
253193
9561
190294
499359
366191
665612
4055
462295
7314
311922
8145
6154
3216
5619
1044820
761355
85363
42521
218226
876676
5452
6998
361418
705376
573893
559367
4379
8816
445503
5180
6805
553532
9597
5464
6694
4474
4943
129286
1045992
963091
5090
7612
761400
47368
9376
256799
7324
763156
37887
1079464
9309
5767
6982
446695
642280
4093
299662
2635
275356
7441
276472
618215
544346
880099
3420
1082102
7142
477204
4225
7136
10908
669601
619650
291361
4764
1300354
5291
229439
4327
553
2507
523964
6534
2499
462046
941566
731660
7852
4865
6980
9500
76175
451263
1069372
4827
6112
706999
199070
431787
287630
7334
156446
7402
215271
7320
7730
378809
9994
4501
892628
504738
1196258
54478
67435
560185
7296
568923
605813
993364
642649
3353
583294
562501
233229
907023
3853
4818
316287
235377
350733
8848
85806
483676
5591
1063926
156970
10628
579425
315890
6173
594599
446963
177208
1000799
66154
828792
376412
8762
3756
401428
3385
771604
21216
875324
141766
378106
9682
8704
4725
3785
740796
892346
421241
6102
9854
507885
8640
4848
590388
260070
51774
4818
4916
170103
415419
466949
747522
753267
381773
5233
1096615
7790
90530
4641
6344
253414
709007
201083
1152698
8300
6983
779247
92036
1919
445644
418568
150905
60070
5418
473315
7763
819393
200421
5702
189487
5523
6617
3794
2394
4303
617775
83838
133470
9227
954884
8110
640748
180120
139017
6018
3007
790652
867898
74779
635651
4689
498358
6840
5146
507634
8402
7439
10769
5893
8369
317877
664715
5713
321412
2714
927685
767943
886889
317175
10206
4059
4734
7364
74866
7819
4861
7318
5860
6841
3269
5456
8406
40530
12637
8147
4865
354524
5491
207274
793324
214911
6906
4203
438577
68818
5505
3111
44575
1053892
3120
2481
4635
1194813
180646
10456
93498
6276
139830
12014
9043
4834
97094
477184
438265
200836
404511
154534
200856
5698
943386
10290
472894
896088
170355
3809
6595
269152
225679
1070771
3500
540099
3716
8811
5559
654493
221694
4167
235166
437196
8299
313798
265364
6833
1103507
446486
1117108
7002
7341
113871
4328
107912
8791
318421
867266
7747
10854
2600
558767
3986
11377
6641
4051
7334
6721
7177
496427
667765
722440
9594
509253
357904
670891
383503
192841
303667
347664
532610
514121
722452
1295349
982185
6114
748130
925522
1279318
5243
278994
9358
2110
5995
227271
542491
292122
1299145
877820
577545
5718
658517
8947
48431
11546
158276
6239
43011
6010
1190
1257
478459
6395
6579
1188291
371777
1467
2997
4425
904417
341570
1295844
892385
463221
483533
506311
358252
6230
512873
934000
129591
16636
8931
526234
5996
914248
9977
11201
7318
598556
269288
245140
5479
468183
11683
756845
1222346
1056931
5310
150495
5649
1238908
300776
5769
1221474
6303
19812
784340
5723
4938
963156
5605
289995
233315
569717
5270
312845
5874
1977
11005
3045
4712
632169
599543
8092
152407
10119
8784
6275
430849
466123
659137
426140
7424
767586
904358
6638
996202
289522
108583
10066
295137
6517
737213
258068
391095
920753
5355
8198
667732
787192
563496
5195
355824
932950
660790
5667
8447
6363
415406
10626
890691
996669
9088
935252
6218
9289
618126
5877
343866
500883
1148435
3858
617086
7326
3696
1134846
8046
8267
1293911
138630
331768
376587
6959
903225
6905
807056
4536
5934
85225
228332
461022
153735
702796
3295
649530
856034
11548
344702
425986
4802
459685
1230976
1011757
597363
713869
7558
774296
461193
6711
590137
7587
833553
459633
5347
9273
466326
10131
27147
3762
1053332
977877
125334
833107
666564
13811
210943
695189
511192
246646
557938
629351
501034
279303
1031560
1035436
296998
339550
6863
171475
482466
38284
55672
9744
867817
9506
797096
1168315
1089169
340463
1092050
378762
756099
137063
249842
374752
921197
357671
49134
7650
1201582
1209505
4694
952734
457688
900333
8475
6840
686883
6538
12153
771599
111816
268548
695355
5059
250583
8452
69550
7964
896654
723
975121
772536
8137
2873
187409
996152
737075
400308
8973
644787
6975
998166
10726
6665
7419
5869
6750
9791
5886
5757
8584
965811
276551
825402
1264864
1166862
953149
5842
341495
2982
7625
169321
5634
481874
8543
6527
6560
8405
246171
445571
5458
1095527
511852
0
1107749
9289
39423
267664
590515
5202
750684
644142
982637
1008099
757521
587357
900203
3131
639600
5182
72145
6439
9839
419086
12290
2954
967417
8954
872163
7947
168358
325689
8738
4642
459818
1005228
6548
7620
6647
6421
8188
4084
627752
1067722
755859
845994
8270
1300791
3561
1028539
806034
7146
10616
1001811
274506
8823
4584
1129972
7411
457841
5356
2365
804073
9359
12261
92174
6559
2671
1065018
9975
7513
90342
1023188
146570
2121
793872
9412
3990
761171
391879
418565
724399
474617
96855
7383
6368
464174
1058273
285225
4198
8367
353588
1286933
767586
1149523
6273
4773
269824
3291
6715
3273
59039
204900
5019
944782
17604
406325
6656
5573
3342
80547
4653
607483
925003
1248760
231904
3799
5055
3257
7736
5675
220365
521508
130310
9913
7885
499050
8870
7179
5105
8101
7849
910385
8185
1056618
5819
6461
307428
666483
332591
4845
5202
576231
1308384
5442
5492
1140858
11471
6908
6856
759538
4895
9655
2773
236253
1290751
968623
5334
5655
1089078
367924
435706
7520
1006409
5597
586290
8862
804664
243820
393672
9243
1010433
8202
9976
39476
1080621
929738
974131
495131
593047
5911
2114
204965
68195
5624
1165388
830439
4543
7458
6821
23906
7770
1024525
3470
6120
452838
1123905
1006425
7482
525853
3795
5391
1160647
9420
679220
552243
154394
5701
1132400
492974
130106
162415
882819
7402
250728
7372
1317871
1419
647864
11711
433714
421761
5827
1090608
133451
771230
630712
163377
4958
8040
793245
2879
1079090
4951
1262738
1217641
6333
5723
14277
1099028
594555
8611
990780
6597
750669
7708
924600
294641
11237
6206
1152413
9610
496409
350958
451015
6670
11364
7008
7375
8826
594741
807942
6757
994012
1079971
828199
674064
790361
241609
7473
1158293
9866
760363
1028380
2856
677635
434908
5865
479615
2827
391607
8490
323821
707897
670242
409707
7468
457350
80880
2253
1201957
1214447
988177
775044
87915
4553
383493
8255
3853
14670
847106
9102
7840
6590
560974
912845
230219
900682
643603
609292
943783
6685
139281
828110
5731
6572
5784
1245538
11372
694934
5041
552357
10318
445080
613359
12350
8091
292419
716640
11195
978516
9765
27882
6349
9594
633713
1178581
571618
9833
887491
7141
501476
4753
158737
8743
4968
1116516
6881
1105345
674859
5632
176556
1148205
9311
1184231
663263
353762
4413
12541
839788
855460
8956
1258184
198284
31899
805465
1057629
653871
9000
3988
8008
8622
6034
986201
5202
1085
3604
558017
858501
108480
168117
1223632
10060
5727
5171
5553
6403
659
277839
1127094
504615
470283
2332
105220
7698
659027
4582
8806
5026
1105829
817227
340602
7545
132880
3555
599889
1243815
3135
8715
753438
10591
6942
670941
18938
1867
192049
40367
768669
142433
760988
3514
3007
882782
6756
6723
746890
4807
8522
398562
9747
9105
754317
7521
190189
9119
894466
578123
330714
12321
4195
310391
9506
672923
258781
283957
387532
614242
4732
758697
7787
421541
4792
778057
48823
1117541
253467
196817
127120
2107
5436
8722
470099
3577
3702
112263
586567
1004923
377915
610787
5938
130219
1247738
398583
43316
371194
475645
6390
163798
14500
5249
280430
6969
122015
1090085
426071
424848
219637
528381
61357
9428
4853
72723
5784
1014984
290192
798123
4562
11957
290763
103990
2336
4709
446554
10694
3454
8834
7374
600263
1175229
5871
7552
31126
5034
8840
180162
6478
6677
630728
774107
373631
7335
1177845
5790
232100
314536
3124
922087
3957
8367
874301
5328
584923
804649
409454
310071
1143191
1189306
1045849
7341
16359
1033131
156808
1069484
498274
7908
367938
48679
2428
6996
131470
233551
354477
7236
793998
1189496
8129
7403
8265
1267876
393044
72311
4832
887503
351208
11117
300700
7695
910651
1238748
2948
2183
6550
8823
382638
628990
1099813
7669
7559
6657
5335
9264
583270
399576
104677
2779
992753
9676
13690
65208
1220144
5181
1097398
511807
1802
8090
4564
386426
807956
1257925
6184
1366
1188402
8668
516310
1159495
4358
192549
96389
5947
519448
946270
32758
793612
4705
239576
1278963
98824
507441
242450
1080554
882942
955778
750664
9651
496586
66031
86756
586965
948671
1043422
602054
144898
196954
5642
10202
8491
9794
350742
11998
9792
1137626
719497
30811
244887
1279206
10636
1231765
5397
1037897
807773
6819
10107
7609
4508
160095
8033
17745
376909
1045948
134748
9782
258535
27731
416132
290776
13396
1299051
6106
625939
4007
116927
1234283
131518
7438
5570
24045
1045545
7030
916627
626832
216421
1016327
3949
352507
8847
447110
567832
5728
5671
6107
908715
6828
75352
407157
4360
714870
2730
4485
1312241
1182941
588434
666390
82261
1091292
5716
4802
529281
161626
6148
223245
326951
7921
61571
1571
6048
6085
77739
1138861
214085
251991
1267542
148639
19037
10227
663876
3098
6653
1144276
4548
8915
186175
8206
9149
1011497
763910
993227
7009
460530
167514
157024
8046
930707
117862
722440
5739
1284989
1111049
759223
3969
322049
7692
118524
12455
407149
65431
344106
5429
1040373
632744
277432
231459
640957
489958
4849
4612
3840
1049317
1239549
879605
9781
1086889
425466
893231
274311
1022688
7838
5194
924498
11316
315796
2793
499535
168612
114036
887557
504674
405251
1166347
1209330
5552
6347
894536
363884
7731
238129
163897
641959
220674
755393
1013344
294357
4985
11354
6605
1241416
10076
7247
808714
6564
645504
491152
2848
14735
813704
4237
7887
6435
1226611
156671
1188298
810899
11878
4373
6571
5201
577436
2447
8619
156799
196045
7591
3836
6763
666002
1092506
6649
990711
342567
309309
3116
3431
173410
797279
7850
405883
8992
480207
1224412
6845
6571
12372
3260
814167
1217798
752865
621261
1238707
129616
7074
8000
294485
576218
7275
258977
949170
1094973
304891
706610
7751
723665
2540
3593
3814
309337
1087771
11169
6293
5578
184983
3915
510267
466906
764509
3826
584450
5090
972993
839555
1031407
669547
97050
785870
10095
37350
198738
14036
7781
67961
636208
1138970
9361
1078018
622078
7082
1305173
759802
664500
13121
317826
340991
64030
430454
598183
496140
157134
7616
62406
152345
344487
313057
7258
830733
28286
13184
479148
762790
202527
60218
8265
4513
790868
2888
748262
222286
10980
1227405
848794
469057
7353
725726
425923
54312
5214
380776
803061
1249857
8756
423954
473554
1282084
722762
10211
3562
186502
134181
505584
865692
1006281
8469
16846
8634
955736
6666
1081619
1219766
1194615
437021
3138
1100237
568021
8657
64407
54612
434698
543650
10274
917193
6035
1313460
454891
4577
468846
279414
196775
3324
5364
1028735
622273
1058398
171261
373658
848830
872597
6276
5956
879562
5864
1146733
131399
9104
365241
1183468
384718
11547
3483
390918
6625
739574
1256950
133789
1791
116256
3172
5806
228198
5804
56365
8876
705471
7501
9290
3328
768490
599696
9992
5632
862359
8594
138128
5020
84826
5094
7544
1169434
258607
427841
6309
9795
352024
10383
407877
29128
3788
6728
180863
340415
457196
108410
5701
635942
7546
10210
5710
965553
5456
509793
1261123
8422
568502
5095
303208
936236
112727
791202
7857
5583
937704
1037486
419049
1652
463834
828528
361372
8371
250968
4640
1628
886773
21345
362861
4779
516587
8611
407882
489116
10509
2195
322866
8586
3415
6639
828549
6822
8493
10360
1581
956312
3366
77138
3503
661857
514737
4092
712579
383515
7881
9054
910909
398130
12829
1005916
986531
8725
10322
92651
1159630
5651
5343
990302
724837
370396
717834
4644
387886
1212516
144295
871962
1197
21600
5360
6212
801425
341606
6770
644842
96696
548795
6800
160776
1154747
333660
1008322
9727
477231
7428
9733
389844
753380
5428
845582
5295
414272
5407
3587
7030
266091
245665
6120
8054
1166340
692727
324894
1003384
5494
1020413
7587
547864
644957
14403
5984
165194
415657
513380
511819
524371
4152
415881
732625
5023
628372
591121
223548
330173
908825
8024
522946
366351
17694
8466
145867
385249
6236
243275
6600
11057
19077
10036
449558
800531
257816
4349
12550
965019
99571
5167
4376
127343
1156238
524845
1281544
7433
594813
9862
4695
518743
624075
715952
8234
10419
460363
4783
10444
9191
759810
150151
65912
758329
4225
3746
6986
622068
487280
7065
2852
650322
941575
1273369
1274562
13265
851258
3405
652536
704193
8463
844567
1070030
1278256
1027329
7686
1390
6241
2166
765198
415359
2228
7186
53846
193023
5761
874863
926143
209223
1083895
667163
647219
10557
274429
125915
56343
9578
5649
866765
5311
303493
10729
923777
559821
11065
6407
5549
279777
659451
5467
178429
757921
9593
559896
403531
566682
1139037
604290
21709
1124427
593063
8159
31817
9447
633481
4622
9770
564231
7600
3722
229750
2795
4504
448623
3521
276472
252634
8454
4663
166783
66589
9645
7037
441962
1133395
8558
5402
72507
555876
841052
1144191
7552
2297
126098
382443
175176
3102
6500
608905
1006483
6182
408132
6962
538723
577418
8774
2629
872624
529712
1111150
7396
557096
3298
494396
205814
10745
10032
321153
585863
9186
3644
505206
6737
1043030
4128
598331
13295
6226
3542
4916
105077
327148
1313229
1232685
9879
968944
4517
944994
12791
386841
213387
725339
12423
3510
3993
5750
760492
11400
511785
191599
89625
8871
6575
1134181
720493
808427
3856
9404
249427
4758
1101898
4938
10199
85869
35561
6539
9602
6558
1218333
1294159
127237
7179
564537
5104
64890
1113676
1304962
57342
34455
4047
3328
1169813
3824
93685
92083
500349
1075454
206845
439950
8354
6863
4347
6833
7674
241266
60719
395894
340946
3946
9546
7438
1032985
1134809
76375
9008
1301120
936056
534266
1195888
1024644
670581
10534
817861
6419
1408
567234
343151
2797
125130
428230
970555
277689
468574
4390
1017249
1261842
282401
10231
356849
89751
1525
3344
297226
548651
160086
8418
4940
806294
488518
10604
617735
9144
693207
5912
6538
5593
1177986
608882
162921
5522
819672
670054
494898
957087
41056
5013
1187065
273498
4142
3536
6463
99914
3713
617636
749252
474509
5075
78753
2264
838541
326806
8619
948370
174436
174101
634645
2006
301513
6504
1111018
2842
9296
311398
1063351
1280964
238607
6064
9526
6672
7224
6230
666088
714978
171096
1164618
117976
6891
1032869
137141
848066
1262560
8378
687966
5512
546601
926858
2995
10406
43687
1153279
9264
715679
300213
246791
5858
1674
1003692
1062848
5943
8799
24215
97543
6289
774998
409413
9022
74165
659572
122702
363148
7515
1198782
11841
10197
4491
2399
2028
39426
1084088
8767
1063894
4608
616880
43961
5971
131201
12646
5890
804095
2683
678427
827904
44588
265059
102468
7945
4591
749385
8216
5828
6253
1165526
1083761
59140
4283
5534
518519
356332
5800
3831
53793
5322
162660
554957
8681
460829
54727
525558
6036
729166
5633
426773
204298
3404
997496
7337
784705
1172908
43920
4394
985149
12370
853517
7081
5471
7254
834539
8981
675069
1032788
9682
7716
43530
76158
4544
5844
996932
4794
202850
1203930
5206
411555
1144777
11907
11589
425238
526589
177673
1242246
799591
4345
6205
7775
782698
273898
18767
10008
870072
944913
6573
468378
149090
1673
232597
4401
614062
6656
8075
518511
927442
738845
766134
5358
696403
14639
145060
189848
851415
67989
1005534
649756
8407
843182
354408
4938
8100
6317
239367
5773
871135
8870
498551
397460
960183
8401
282569
8161
618838
6293
10475
5563
911680
4982
936754
4994
570528
10530
9754
11269
881454
635930
565798
527021
1013538
1228560
4849
49207
5297
68864
11085
7455
1207911
331683
4865
7583
1185546
667632
7621
4692
231600
757041
2189
1019287
1244864
1458
1319468
267746
184245
4077
4586
3252
7387
794807
4417
7628
1070203
1018647
9325
7234
4131
1015210
10142
3294
7223
613778
8048
613142
114575
4749
953450
5243
843891
77053
6678
9127
472466
745779
10920
8714
7737
1126395
9645
12136
7323
10608
789438
8514
1067879
8170
527680
983218
1004606
489420
1140774
486914
6271
6896
5040
8183
691242
751456
5739
1102072
764610
4159
8388
8356
6134
103404
6717
6751
249151
608462
6582
326369
5539
944255
1869
657418
628827
680492
56766
7246
369743
3329
4311
1085909
14868
10566
9705
1076745
420457
8182
698160
215074
7410
11031
151853
527549
820757
1029386
6150
8251
911706
8367
640960
368928
5949
168088
4186
493405
8067
796129
9035
965724
410355
127878
7610
5072
593131
4680
220529
6334
1064328
76049
7277
1186537
4618
874035
1247747
4356
933358
8071
225633
804953
774401
466507
4074
6802
2929
778475
5460
366493
2096
8311
37027
3937
6879
8693
184631
4260
4961
535639
6417
478255
976998
7180
9016
92261
6045
94855
2743
673534
838858
1156522
613981
296712
537388
410512
3650
8312
430681
12034
835854
23736
320761
923601
503635
632628
503308
6447
4992
842807
332923
3138
941106
6261
873085
1127854
127308
762701
4913
889139
5458
7522
6262
1039245
586380
5386
585654
6072
1167596
376514
699053
2673
269056
9231
519403
3246
7212
1057781
192336
766216
54209
3420
2908
1119832
936074
1200210
856649
199363
263422
100462
793700
1189089
8218
446123
524428
2038
351175
16419
615217
254287
1232805
7361
501545
821051
1139238
1095595
560560
1011364
9490
732992
454522
457122
2689
895265
4548
7455
6121
639909
1033223
320020
1016508
3938
8622
64365
576537
303634
9286
5844
4249
3724
987234
5782
627536
2059
274400
1250853
221610
10187
177535
7148
1000033
848610
793938
1053271
907119
5440
4066
739525
638730
7097
1066904
612411
489454
278868
102384
909070
6603
432507
220287
226866
10081
423630
4020
639049
3828
682057
6056
7503
10645
946712
844715
780182
288223
5216
16784
320129
571918
8375
989515
847156
490134
4106
581764
5449
1095
1187051
4422
1077915
646438
1176997
2053
39409
9942
1115889
9606
11201
32232
520980
438685
18885
251021
6127
1060172
1068970
8399
287230
5233
344114
9531
1193491
970549
7188
345292
786646
947776
245854
9843
38448
760159
10237
4753
7354
227630
54206
9144
46348
638093
440671
219087
1276993
113873
765108
9178
492612
5945
6849
901532
468904
1209408
177826
3892
565626
1140646
103984
7528
4844
1171693
2941
9747
76740
1044994
376716
1141213
1054727
2121
4797
387954
5574
1106684
4786
1310
2499
6563
6885
8607
84927
255904
6651
351272
789573
5440
260963
246794
4532
11653
111764
115488
268972
1000572
171394
407809
746364
3209
932320
845516
1099023
306943
148415
699170
735129
5267
182123
1276230
127057
4134
447189
5486
9390
34685
814233
777986
6488
653863
233463
6811
3622
862096
14315
174954
1103214
5459
746978
1135469
1192967
3452
4633
1217078
966331
446178
1148485
9662
1245197
500021
4630
7279
981443
1001790
304744
1081849
9271
8765
1188002
4771
3433
4321
489550
1181
381465
140135
6737
31592
5772
879196
1153711
10386
820374
202311
3313
436947
776175
4393
889060
3617
2482
6106
477433
958887
237716
694816
675886
180834
8167
730868
1168783
135102
742189
1160843
425262
215241
6716
10197
686617
326080
5628
7718
56329
8788
7936
9050
6638
7148
129201
3089
1064225
450257
787760
963920
7020
78096
9296
5652
526040
537319
804739
629854
797328
8089
696513
1224863
290114
5978
10451
6807
652289
569471
7063
769620
7710
4542
9926
6164
9729
201351
504497
250287
507754
6270
302378
1193000
9328
1082107
768609
572459
59623
579795
8618
4293
461251
702440
1240602
171733
34639
3122
8565
9256
8359
290479
38082
0
534318
5854
4725
1292885
6502
521584
5297
15840
5816
36126
2161
120833
335966
568263
623376
713204
788135
5402
7999
6667
5707
1147455
7172
992155
193181
5248
123807
226201
656983
7020
10624
6476
2720
9144
4670
8955
5723
460336
598669
12678
641810
1061822
141646
9799
4232
5331
340307
8386
331610
1069979
1263151
794845
51730
7846
654168
9744
1079983
18410
780409
5398
11416
802003
24179
873257
7837
570023
5435
1131487
7060
7708
565332
437964
5393
4331
142873
368073
798696
7524
7532
5043
8663
3263
18528
710549
2368
989183
71878
1092417
4545
511126
5122
85163
374248
574100
833578
501115
6753
672251
418366
56046
7672
1254430
451683
7615
4010
269300
3478
24940
146556
627171
9563
1009892
10639
8737
728905
4979
142348
316226
7288
523617
622427
375159
444165
355617
90601
7124
621836
297120
153842
800372
10649
3149
6634
7670
256099
10480
5139
543444
5815
11176
123955
936917
100681
18275
314589
3632
219422
1203538
5858
421033
5730
238834
289235
363636
6678
918883
9559
266708
76987
9727
2934
9258
977949
5168
1258709
1167879
63254
893477
7508
304833
540100
6338
821592
344945
141209
1228143
3668
9721
7492
288800
936418
1015097
730564
4534
1095054
1206569
1175857
41142
123831
7681
6714
1109110
933073
854199
1299441
7010
953428
64444
7472
764909
732154
4198
11085
419529
537232
269289
938126
512349
519710
2970
11207
1249672
949183
7932
6319
5294
6036
189388
107219
8784
167526
5707
421472
3097
274898
1054254
950138
892924
217166
250799
601402
9281
2915
252933
212606
9566
6193
507973
5438
553730
859487
5819
5881
446512
11585
6248
233845
710061
849220
299531
79538
1026860
239152
743162
545921
5438
7320
6555
1062224
1176035
4112
342477
4641
8312
1056171
1192697
953125
717522
603504
327431
786265
282927
194182
4991
3251
5233
6104
375223
11755
703965
11698
303734
856820
597362
6388
232359
2208
4932
1219335
8129
871987
416091
390791
1259328
49702
28264
1105190
1249661
1056955
252970
1230773
3877
284347
416410
1205107
531020
269079
819856
7746
1282327
140164
4941
10522
165086
11110
8200
532411
395932
1123474
281533
149045
8118
1013499
578890
85157
9459
8949
437899
630500
597653
5741
1014308
1012235
560675
990819
81000
3817
420459
5879
7740
9402
9528
1065144
91030
372093
720790
310840
644963
510296
8142
501941
6352
193717
476564
393183
594247
4818
6640
270907
153316
847919
320801
1222876
472451
61327
5166
800470
3939
669217
524269
795493
1235079
618916
3817
942613
8262
803956
5651
60867
5260
1127646
7876
1055400
8432
6602
5948
4488
1170766
5173
448280
495489
55084
3566
7394
7003
118629
649680
5725
1195379
564852
6139
415656
5569
5408
483247
279733
6155
1307234
888917
1173842
646738
1107619
284823
8880
4287
80104
5028
1115175
84242
1202069
11618
590324
457842
699904
5947
1176949
833549
4990
43133
24778
3983
544206
513797
10528
7413
7023
854499
80043
4911
885920
1245587
719447
9284
181215
734722
714846
129299
11516
961468
869241
6305
8248
6442
1272266
584956
354436
526644
431762
440432
960889
6020
1194295
964785
653554
6563
3100
5900
187973
4705
494226
41283
636417
7174
10451
8404
1262174
525839
213638
1174378
198827
5688
914624
7138
1108968
9676
8957
4263
106491
71631
708795
669658
852005
268605
773630
171046
324055
667664
1031757
401842
5861
99865
982402
11280
5503
1559
477794
3712
6910
542175
287727
587220
10729
379778
8476
5854
226016
828265
960804
5937
87934
897892
316584
7587
4673
6149
8246
3674
1101985
3704
23401
6682
317739
1227654
171832
11015
11549
458255
8866
7602
798551
123329
497591
701933
1189276
65529
13214
719962
238977
336292
8713
6274
497791
435861
706537
8815
9450
3857
330360
408613
1083092
542728
704973
467329
10040
12420
375540
954786
557891
726236
10232
173484
9884
9377
218344
4543
7318
1148571
10024
5750
69663
625455
153582
541940
9667
8170
730165
402698
6510
8193
600615
8429
5066
6918
3322
11343
391419
5745
356642
7650
8269
488181
244088
5595
4802
6063
220845
220131
9210
4634
9433
208891
4749
3475
9137
8054
10246
5415
6440
8148
815192
204066
3676
911081
1169369
360001
4443
13014
521881
9779
8014
83847
439712
79492
669028
46956
343918
3912
7931
10396
7732
846
1128049
264234
80446
2658
643306
7051
2873
8859
8631
63019
1064512
15010
6577
5667
1131291
7411
643820
117993
7196
487090
502369
8240
5220
845194
868179
6614
785496
16059
5554
1119901
475457
38591
172441
384739
7686
1040311
1208220
3035
1229803
5715
587814
877199
862672
164930
75358
754076
435742
558610
509543
3952
46906
1172104
323057
568542
321244
7250
10279
3556
2690
966124
7827
1606
612302
159993
504016
2718
9262
6139
824735
4462
7196
11506
1318463
1180316
4371
784402
4728
392277
473895
9055
6145
758851
7075
79326
50610
587368
8267
4821
9942
11103
858543
848822
2369
6167
748420
507776
3659
9332
854960
5242
39357
408954
991505
960967
492678
380793
3729
272879
3056
762184
706137
455891
4456
130809
6661
8651
1078389
5690
7358
556968
137590
561173
9042
1232885
9025
855670
125083
5517
609273
512636
1007723
56889
1032194
905224
555622
3559
965024
1059538
726597
6793
387618
850124
8946
4795
8394
10101
5705
655273
8137
8360
8569
342486
755405
917001
6228
182236
4488
9692
936062
204274
4910
8897
1063454
3804
9820
9172
267027
3939
7354
7501
4706
4831
1033842
6937
7221
409032
965828
385719
235953
7068
323022
1253743
4049
293720
1113741
804402
936
8896
403409
901319
5820
994919
13369
620921
4508
4677
644481
9345
1041547
915552
190476
104523
1218389
7094
5645
10129
642182
837892
815
5668
532339
51642
6768
78198
4046
5989
1186356
1176982
12018
11257
4575
7648
8320
5879
8508
8271
17106
429026
6882
7863
3312
7213
9494
1035983
1188451
605016
2173
644074
1951
9360
36011
1140414
913609
10007
377069
2979
293090
6892
12828
5541
1089395
6253
1096343
817870
1115764
444181
479475
8294
1061090
4833
5715
125073
4361
5969
4591
190182
904584
215948
1920
1126139
4917
7014
200419
4423
346698
3586
1094587
4788
6984
9444
4274
5539
165473
5513
134566
428987
3780
873716
10536
294190
5018
497638
3279
925505
870060
685689
9379
1102078
1048232
5853
8620
1250283
333756
4793
1208840
5711
277570
3114
5875
5384
933492
504285
574155
528112
2419
4654
1267577
761905
7843
1019479
803950
704282
84733
9167
89604
70926
2509
10162
447077
459559
104146
4887
7062
1314850
809145
1202813
10051
888558
7260
912678
326347
916805
9505
531037
6238
1054511
10097
4587
139889
822732
668943
4882
491268
327649
265395
360578
5381
3790
311006
981494
6409
462827
202217
717645
5958
161365
1128090
785516
261791
938361
1319472
733997
10090
68854
591887
7737
2954
1077928
638576
315948
5614
8723
407705
1307734
787443
211885
5663
1172
481692
48587
140682
6857
466071
878912
524596
287462
5682
1274886
152577
4063
5995
300191
6184
469543
17716
740298
1099860
718793
1845
9003
894819
613839
604495
3066
903373
5432
450696
6222
