14506
1892
3348
3597
4105
3238
5583
4746
668
4127
4242
5677
7519
7024
6494
6925
9146
5167
2691
1734
8762
7287
4293
3791
2277
3851
2490
3844
5557
4899
5903
1656
2966
863
7873
412
1840
3028
1479
3474
4500
6239
6593
8817
4367
3585
5921
3255
3497
5517
3652
3218
6426
8054
9787
4439
5733
3516
2061
6629
10053
2778
9615
5581
0
1142
5184
2168
3317
3026
5762
5657
5150
515
10564
4717
6379
526
7825
0
4507
5859
7216
2898
5377
6836
5652
2938
2681
3031
5518
3048
4329
1779
8440
2637
3738
4372
4444
4007
4562
7320
4997
3630
10182
5462
2827
6253
4590
4852
2353
999
6404
10177
7032
6611
4925
1462
1556
4457
8844
4901
5031
6219
5849
3489
5329
7361
4044
3734
7201
5427
4764
11161
5341
996
3754
7907
4784
5965
12222
4807
3045
6920
8112
2835
3631
4983
3844
8572
7558
4951
5474
1689
6342
5967
10784
3213
5100
7611
6421
3727
5112
5637
1699
3112
3725
4216
3257
3981
6823
7546
5338
7536
2376
11340
5763
3245
4003
1773
2100
4208
1607
11598
4913
3197
4953
5532
5268
3421
4950
6675
6182
10837
8662
6283
5149
6498
7491
5479
4253
3738
5057
3082
1677
9769
6117
3825
4896
6164
5613
3762
4502
5525
2554
4100
3221
5468
3144
3076
4263
5702
6138
3840
5088
6666
8770
5776
642
4937
9917
5938
7832
9369
1544
2674
5668
3917
6493
7995
6814
4675
7059
6285
2899
11635
6357
0
6794
6930
3763
3458
5625
4713
10017
4796
4866
3403
4046
4368
8130
2971
9663
7368
5863
3030
7248
1176
6578
4904
4317
6256
2149
5302
3572
6065
3679
3517
5821
3087
7998
7512
6248
3348
349
5088
7909
8507
6294
6213
5424
4528
2322
5278
2498
4189
10249
4924
6532
9275
4689
3514
6544
8361
7742
6462
8149
8473
4527
3263
9202
7908
4695
2147
7836
6989
3433
3844
3806
6376
192
2738
5565
3947
1652
6415
6307
5319
4097
6658
5573
9654
7693
111
6343
4479
6863
3752
5727
3299
3377
7387
2839
6243
10382
5681
9955
5896
5343
5209
5167
4911
3445
2987
1899
5006
5197
5152
2865
8629
3294
5650
4880
4385
5690
2390
4782
4098
5735
7434
7465
4066
2441
3127
2884
6482
7836
3852
6083
7887
5768
950
7976
2596
5917
6372
3955
7127
10774
6177
8208
5526
2392
5900
4183
4008
5806
6414
2094
2953
3650
4991
3191
4761
1105
2527
6383
6013
5731
10685
6988
8050
2231
7212
3276
7683
4057
7283
5122
10878
2759
5117
4004
5222
6708
7141
3708
5978
2233
9839
2669
6918
5094
2276
2189
876
5583
3663
1963
3969
5377
7085
3949
3021
6932
3760
1673
3278
12782
7113
6324
2759
2607
348
4788
5754
6973
3467
5216
6972
4204
12889
8453
7768
2883
9117
6279
11027
1852
1849
8151
4635
2036
3928
875
5105
5162
2329
6887
3494
6439
5144
3272
2823
5726
4990
2712
7307
2647
4310
3752
3932
8573
6905
6506
4174
3065
6484
8110
8076
7103
6720
10476
8882
2504
4289
4234
2997
2473
6322
4220
4010
8082
3478
3846
4449
4167
4683
7686
8079
9226
5947
1604
7887
5705
7426
4211
3436
4264
9969
7365
2842
4723
5917
6076
7265
3319
0
4978
5345
6746
4960
4968
4916
2276
1281
6217
4748
5418
7849
5559
747
1719
5298
5499
6621
4351
5483
3024
7433
5768
4808
3382
1741
5457
9273
7340
5989
8897
4374
6060
3198
5255
7151
7244
3081
4746
2399
4352
7882
4962
1919
3009
6727
7963
7552
9184
6702
4705
8144
12139
7898
6146
5405
4224
6718
4863
5758
1750
4798
8859
2631
8838
6239
1722
6416
2204
7731
6154
7168
4258
6213
8649
3083
4904
7250
544
4989
3928
4184
9172
1279
3768
4211
5710
5273
3321
3384
3892
3842
8716
4419
1252
5395
5223
6156
4968
4867
6529
7893
4558
6026
6048
2972
3645
11448
5398
2575
4854
3041
4674
4052
7543
5707
3525
4723
4648
7644
2364
3383
9929
2261
5925
3644
5244
1488
6685
2795
4692
6060
2017
3447
2920
4404
5287
2423
2980
8140
5330
9218
7508
3110
4646
7784
4356
2153
4568
3035
8378
7836
8186
3156
7963
5004
4028
2765
7297
2226
6910
6131
6698
4915
3756
2699
2147
6918
3321
5147
3281
5059
3844
3690
8335
6833
4069
10784
8380
4613
7483
8812
7294
3201
5716
4484
5676
9544
2585
7114
6776
1078
5436
5137
4582
2463
7360
7244
6242
3398
5978
8727
2538
6758
9981
5560
4870
2276
2148
3859
9717
9798
8617
8869
4824
4312
4537
8432
6831
6213
7983
11411
3661
5239
6218
5353
4075
5843
1878
4846
3644
922
4234
2530
5328
5084
3869
4072
7445
6319
4781
2126
0
3108
6283
5565
3920
4718
3580
8938
4194
4600
6366
3465
2439
6075
5261
7263
4940
8809
10235
2016
2309
3549
950
9566
5564
8517
9231
4742
2142
3082
4345
8313
3801
3859
5615
4189
6589
5908
7237
4179
3617
2967
5451
2478
2674
2609
5909
1186
4206
4459
3736
5869
8299
3552
4338
7231
4298
4793
3724
6535
2255
4464
3530
3501
6801
2775
10538
5179
3508
4896
5542
3764
7746
7361
5273
7729
3522
5428
2097
2647
6462
5313
4287
1751
6587
2694
5352
4884
6106
5421
1419
4001
3714
4526
3655
8401
2865
7885
5049
3319
7875
6148
5898
4308
5503
6693
4928
5773
3466
1979
8749
4881
3628
5149
3453
8788
1546
4660
6664
2800
4275
8921
8388
7203
3568
2349
5144
6329
5770
6736
6677
1951
4462
4750
6634
4657
5886
5539
1782
5696
5181
6793
5520
7106
4548
2747
11304
4431
2017
2429
4037
5159
1323
5180
6632
4514
4523
5495
4888
5229
3578
5900
5517
4248
8574
5130
2010
3239
2845
3510
4484
7513
4097
2013
5932
1808
6461
4052
3314
4122
6066
2724
3733
2532
5717
5952
9898
5510
5511
10711
6077
5456
5414
5920
4057
5117
5925
4898
4864
1866
3595
5500
5204
5019
2187
2811
3509
1466
6039
6748
4524
4190
5545
6594
5890
6152
5289
7155
4845
6069
3908
3985
4020
7178
7335
4332
4282
6587
2575
2596
4438
3217
5085
2466
3859
4365
2458
4934
6714
4571
4127
3595
7642
4368
3954
2748
4183
5309
5154
4234
10948
3318
3603
3499
910
4292
5097
5080
6040
5277
7005
3272
4841
3515
6596
5885
914
3755
1541
4761
10195
6136
6070
4742
7489
7087
5712
6171
2448
5788
3132
1690
4471
6303
2757
5910
4720
8076
6260
4197
3593
4038
9717
4236
957
7407
6763
6438
2668
7390
1138
5698
1619
2481
4982
8705
4851
6141
3364
4491
5558
6928
6061
5134
5342
4738
6373
4320
5469
5831
4722
3274
2908
4866
2963
1099
6463
6527
6652
6199
3166
4900
6341
4138
3614
3549
5055
4665
5151
3444
2073
5340
6885
8409
3469
1493
6619
5785
6054
6996
3862
7985
8683
1769
6572
3063
5965
4775
2395
3753
3522
4496
2426
4795
8089
6291
4962
3274
5109
6378
5603
7890
8093
2818
4530
6406
5285
3839
3987
2762
3869
4166
7779
6456
5407
2957
4630
6350
6761
2607
5018
3469
9340
5532
6963
5087
7885
7582
2332
954
3570
8738
4087
6653
4348
7280
5634
3316
5667
6629
7098
2028
9504
2221
2455
4024
5629
4569
5415
3542
4981
6863
2949
3831
6870
4966
2503
6412
3642
3994
8007
3171
11370
4318
5033
4557
4874
8375
3486
7730
7440
3707
5822
9045
4243
10679
8461
4419
4404
3878
6762
4272
8006
10777
4471
3696
7174
5347
2286
8771
2985
6187
7523
3562
8232
2117
5424
6308
2437
5552
4227
10685
4159
6379
7926
7369
4109
3552
4168
8297
9492
8108
6108
6350
4028
6019
1668
2484
6970
2968
5665
4143
4941
9992
4970
14160
2624
6386
6415
4679
4883
7856
4280
5819
5098
2589
7730
4448
5872
5087
2442
3743
2978
6181
4246
4353
2413
5785
4042
7358
7929
6036
7837
4053
6012
2896
1108
5115
5595
10714
3255
6892
5605
6484
8409
4220
2752
3498
5408
5341
6222
4356
3313
5187
3985
6937
5167
5895
1041
5598
6245
6106
6178
8698
12582
8302
3714
1560
4179
2230
11002
6212
5074
3635
5459
3860
5679
945
4290
6740
8210
6912
7468
2723
9029
4848
1993
4283
8696
5641
6548
2789
10546
2859
5795
6008
3293
5345
10681
4392
5986
3946
2573
3448
2671
2470
8190
4805
1476
7541
2508
6803
8424
8465
5093
9932
2438
10037
4292
2873
3585
4028
4797
8029
3959
4449
5770
5010
3812
3084
4130
2634
2766
7664
5588
3239
6717
2895
5958
7485
4101
6448
3050
2514
6093
6960
4008
6375
5330
1046
4571
2859
1946
2309
7616
4777
5423
3145
5838
4356
5791
5722
3501
3810
4128
4006
4232
7377
6237
6040
4559
11579
7143
12166
7295
1716
4279
6255
5419
5961
12950
8221
8019
1201
7684
5776
10433
5780
4139
4946
7099
3626
6116
4976
4061
4494
4847
4685
3888
1426
2001
3292
4811
3964
3040
8717
3797
7462
2540
3476
4366
5464
7479
3373
6714
5699
4155
4416
4323
6938
5794
5244
8960
9177
8740
10663
5488
3869
4999
5256
8457
4070
5404
4159
9479
4976
7336
3641
6924
9477
8313
6617
4113
4856
2609
7257
2271
2722
7795
4934
3565
3577
3257
7550
7633
4600
8094
9005
5917
6191
5412
6432
3888
2363
2665
2906
7644
4594
8393
7021
2580
5374
6690
11113
7985
5174
3364
6963
4634
3665
7133
1433
10031
7857
4749
1007
4367
2714
7895
6825
3663
3740
3512
6246
6064
5301
2131
3611
5293
6282
5643
4352
3709
3033
4149
1710
3405
9824
4962
5531
9000
4689
1693
3066
4137
8067
7861
4881
4653
2449
8210
6936
1615
6525
6076
5585
6429
7021
2279
9823
5314
5299
6998
5244
7802
2836
9223
3736
4159
1280
3868
6878
3228
5278
5093
9396
5706
4202
3204
6200
4997
7329
7806
4579
6903
5088
7045
11790
9010
9320
4728
581
5157
5794
3825
9707
5055
4983
4524
3711
4227
5347
3794
5455
5032
4431
4623
5157
4809
12078
7393
3342
3110
3387
2269
7047
4437
3931
1647
5087
5250
7087
4858
5238
5212
5406
6714
7492
3282
6425
5480
9554
2232
3810
4895
8268
5474
10843
7627
2276
3832
3942
6078
6749
5248
7968
3557
3839
3121
4008
5326
4051
5003
9132
5326
9590
4926
3745
5309
2548
3295
4700
8861
1109
4752
6532
6422
6975
3593
7215
4638
1387
6107
8597
3654
6554
5070
381
8303
1949
4353
7508
3233
3983
4196
3504
5483
7745
5421
5134
7504
6514
5887
7263
3668
5963
4739
1876
6139
1044
5815
7933
7014
2350
5237
6828
3395
7488
7229
3953
4888
8524
7164
11393
4103
8075
9339
5592
4151
3679
3851
5384
4976
3924
8225
3915
5238
7432
3622
3693
6460
4902
7099
6743
7724
9783
4133
4535
6791
3669
8564
2981
3791
6130
4316
2828
3657
7961
3217
4619
5414
1930
2952
4444
7153
7739
4133
7836
7199
4666
9671
7525
4124
2815
3644
3601
3730
7661
6775
6252
4100
3801
1381
3799
6864
5419
2630
2982
4079
6170
1976
4077
5198
5924
2784
6407
10102
3474
7955
5287
1874
5752
6870
5003
9130
1585
4656
7409
8066
7398
3972
6024
5812
3439
11969
5798
1667
8826
3738
5800
3710
8300
5678
5682
6775
5397
6234
2377
4717
3583
4600
5806
4474
5081
3496
2277
3720
2482
4278
9948
3447
4104
3852
3140
4333
3082
5775
6578
3561
358
2962
5356
4822
1964
4989
7871
6685
7471
2209
6557
8053
1419
4662
2600
3788
4462
3759
3190
4248
2634
5737
4316
4888
5021
3582
4144
3632
6481
6987
6397
2821
5400
3309
2482
2497
5764
1570
7609
2036
4570
8119
4201
3660
5087
8140
3420
3132
1437
6856
3904
4937
6663
6020
8870
3896
981
4910
3197
3279
3535
4822
6987
6143
4507
7994
5128
5865
6113
1921
3551
8278
10560
6183
5308
3455
2494
3613
4136
5309
9350
3968
1013
5499
3764
4981
5762
6246
7359
9557
5329
4287
5374
5045
7978
3844
4690
3585
4617
7562
3693
1301
3110
6022
4663
6118
7444
6221
5546
3032
5755
10732
2866
7977
5975
8129
4025
5559
3380
4841
3720
4674
5723
2112
4315
8194
4678
4345
12969
890
1703
4297
5389
2930
2887
9002
4140
2196
3966
5384
4818
7593
8599
4189
6390
6983
3776
2838
5734
2268
8265
5931
4719
6016
11145
4643
628
3480
1461
4862
2868
5281
5885
3026
6725
2657
3839
2149
9577
4964
7657
1997
3609
4889
4471
1743
2714
1454
4927
4191
5355
5145
6881
4526
2960
4351
3731
5656
2640
3241
3661
3562
6778
2771
2455
4260
5677
4764
4229
5464
5847
2290
6944
7206
1150
2876
7026
5254
4414
4312
4790
6867
1752
3863
7577
2943
6892
9714
4120
8021
5946
4112
7523
4213
6513
4057
10002
5702
2958
6922
7396
6907
4284
6261
5526
4861
5796
2295
5608
3575
5298
3213
3231
5853
4664
6003
3608
4744
4575
5917
9165
5309
1649
7792
6147
8411
6075
3143
4901
4743
5639
4553
5199
10472
5604
4835
4520
6074
3340
5076
8426
2921
12547
2116
2427
2289
4909
4498
6411
4554
8463
6289
2455
8196
3218
6105
5224
10956
1358
6801
1713
7861
3308
5996
4922
3581
5443
6440
6876
5050
2672
9065
7542
4059
2852
6138
2466
6024
6803
7090
8366
6731
7280
3709
5900
8543
8144
3131
3313
4106
5384
4093
6561
6606
8512
4683
3457
4320
2426
5911
1911
5153
4390
1544
4020
4590
6280
8920
4856
4208
6844
3387
7092
5593
6327
1797
7152
6199
6644
7327
6549
3515
4264
497
7118
4576
13595
5128
3292
10187
5274
6674
2481
8451
8797
7814
4056
5584
6180
6105
9122
3974
10179
3681
4128
6084
5923
3401
7027
6361
3974
3629
3967
4472
6728
10094
5782
3327
5845
2124
9220
2601
3140
7570
4948
2916
5878
11198
8113
1512
3348
3695
3385
5565
3103
1964
9396
4195
5653
7043
6766
6112
6370
3675
2813
7256
2733
6745
4977
4200
4864
5464
1338
6635
5563
1227
6997
4784
6051
5585
7595
9468
3338
3146
922
5317
4933
5866
3623
4330
2226
2791
8943
6451
7360
6025
3337
3870
5768
2329
10797
3953
4575
5930
3966
4141
6165
5108
6333
6368
3255
1930
7022
5094
5227
3069
2391
6298
1509
2323
4313
1444
4472
4487
3227
4048
5414
6410
2452
10416
6807
4163
4097
2768
4711
6268
2786
6608
2737
3688
6229
6976
1976
4834
2942
2547
8327
6403
6378
5074
7899
8117
3873
6966
7872
7637
5487
2999
2169
7300
3294
4239
14631
3482
5312
4173
8712
6103
6196
4067
5044
6699
4228
8706
4805
7754
3180
5422
2941
8752
2486
4573
4283
3622
10148
7589
3727
2887
1871
2628
6917
4535
4567
5307
4242
8128
4612
5172
5415
5222
4633
2337
8622
6423
1198
4333
3611
5835
4614
1084
9206
3086
7351
4430
4497
4506
8198
8406
2421
4872
2973
4476
4531
1166
6370
3600
5344
4067
6956
2184
12684
4508
2839
3553
4953
4790
4753
7037
6836
10214
6459
2638
2570
4433
4750
6312
5420
4098
4894
5544
4126
7131
6409
5672
3118
5526
3057
8554
601
2169
4029
4981
1181
1763
2710
7873
3850
3006
6089
6349
5949
5745
3255
4753
8798
8316
7126
9233
3324
3180
7020
5969
3432
9002
2305
6485
11132
8057
5017
3702
5814
8296
4726
3748
6203
2328
10547
6705
3008
3859
5252
6406
6975
7016
4960
5280
7291
3807
5036
1579
5645
6521
5962
6857
4974
1553
9224
3067
4784
3406
6734
6732
3174
5120
5467
771
4973
9692
5775
3402
4739
5329
5221
3305
4559
4360
3849
1777
2182
3725
9942
9652
4703
4453
3860
5108
4266
4933
3836
4537
3927
5859
3392
4665
10127
5709
6078
4630
5701
2120
5999
3256
4153
4104
6203
7869
9588
1381
4794
3264
4385
6058
6760
1986
10874
4929
6585
6469
3221
2114
3430
2333
3858
4603
2916
6711
2190
5735
6951
6249
4895
7189
5069
2776
8715
4016
4910
10042
4532
4565
10636
3903
5504
7269
3541
4978
3042
6290
3747
7797
5731
4016
4856
5293
7402
10701
6544
5580
6738
5144
3131
5191
7859
9807
1981
5580
5410
8190
6215
5011
1542
6810
5171
7864
1798
5931
6147
5208
4279
7285
4935
5317
6081
1532
5432
5541
3660
6487
4852
8790
7854
3524
5153
6107
5176
4089
942
3221
1372
5879
1525
6224
3373
5799
9291
3785
7011
6647
2875
5013
3944
8208
1895
6788
4672
2832
4820
6195
6345
3075
8310
5891
4319
3642
3357
7114
6442
7423
5502
8099
5246
5237
5003
3276
3107
2271
2291
4591
6620
8652
7194
5231
6941
2215
6301
5512
4215
6757
5200
1290
2165
5051
6686
1397
6836
3544
3008
4701
1962
8019
3956
7347
8010
5651
2858
1602
5011
4680
7871
5241
3139
10805
7340
3351
6255
8098
2161
6212
3184
5759
3300
6498
7375
5290
6693
4484
7191
5674
7082
7781
4014
8242
9294
5200
6294
3811
2795
4550
8835
2517
7196
6330
3513
4488
5903
1303
5579
6079
6260
5713
4853
6602
7475
5037
1977
4726
4638
4687
5300
5514
4958
2966
7124
2586
6106
4668
4495
2881
4272
4759
11542
6212
5665
4078
9804
6930
3811
6567
3197
2515
5729
2813
4720
3062
7660
3045
3974
4270
3688
3910
5557
9049
6077
2468
5228
3236
10839
2976
3502
4739
7853
9362
5046
5564
2868
2652
7586
8208
5000
2785
6239
7181
5932
7549
6057
5319
3026
6949
6028
3966
2081
3529
7919
9606
5845
4579
2478
6687
2676
2456
4412
3402
4180
5845
7316
4842
3749
5708
5619
4971
8133
7120
6513
5633
2642
2960
10335
5618
6606
5776
4038
3592
2063
6976
4554
5046
8878
3717
2826
5751
2267
4785
5081
2802
6943
4514
8848
7357
5325
5403
3645
10355
3308
3650
10928
10451
1666
3549
5933
6993
6058
3112
2012
3584
4656
3000
8960
3913
3115
5607
7123
2653
7252
3637
2936
6775
4290
6165
3407
2823
6575
2679
4613
8997
3523
7189
4281
6151
5149
7037
10082
6776
5638
4484
4956
5192
9983
2231
5429
9558
10126
6468
4398
3151
3705
1501
5934
4668
5221
5951
5759
5619
9979
4914
5147
1344
5238
6409
4476
5338
4622
5178
7910
4181
4762
3473
2284
8670
8766
8460
15508
4809
9177
8077
4206
6190
5719
8451
5676
4915
4979
8902
8111
5398
3673
1479
4748
4469
5427
5389
6901
3208
2591
4471
3937
6962
3911
4399
6649
3622
6237
2714
2081
4772
10797
3475
5531
4447
4243
5192
5177
4075
9328
4163
4090
6427
4624
4673
0
3050
7521
578
3350
5997
8922
6598
7365
6499
4155
6284
1990
6148
5583
4310
3961
8719
5360
8183
5769
3849
5354
4547
5319
11522
3870
421
3071
4700
3438
7189
3569
7994
7986
6330
5119
940
1280
7195
4993
4014
7190
6157
3299
4122
2705
6306
7969
3047
3788
4098
4697
3964
6802
7661
2807
4336
7584
4935
4826
6971
4268
3001
2568
2011
4495
7166
7085
2731
4783
7343
9266
1320
2255
9577
6522
10320
8615
5742
6992
4810
5353
2599
4719
7913
5971
2524
2960
5413
1548
6615
6940
7081
5657
10882
11341
12562
5839
5242
6742
7162
2925
2461
6480
5148
6150
6021
10030
4332
3639
3634
6689
2286
7410
3042
6260
5968
5555
3940
3981
8943
9862
4510
4728
5511
4023
6537
4465
6508
4521
3202
5965
7151
4354
8893
2971
7496
3521
5707
4907
2559
7319
6450
4939
4298
3844
4455
5305
5132
8966
3998
6176
6990
5362
8003
4144
4688
8453
3198
3793
6625
3995
8578
8363
5944
5484
8505
8739
6020
2526
4373
1296
3198
5806
15231
4658
3258
7907
4831
5212
2173
3126
4165
3404
6596
3787
3893
12875
7473
2826
5609
8200
1893
7828
7032
8795
5584
4488
3532
5069
6327
2619
4938
4502
8259
1555
2763
5063
2774
7929
6335
3459
3178
4409
7033
6033
7461
5796
5623
3663
7797
6500
5132
5221
4159
8075
5191
4402
8921
756
2979
9570
5272
6250
8492
2133
3529
3564
762
3311
7443
5773
3449
4820
5477
3797
3679
5051
6197
5954
4980
4608
4132
4126
6297
5878
9598
2534
4404
2207
7763
9085
3666
8123
2377
4639
6314
2824
2260
7686
5861
1064
2397
5100
4768
3485
4395
7160
6806
775
4062
3732
4715
3036
3138
6454
5291
9851
7778
5337
6626
7995
4446
2739
9738
3953
1824
3977
7323
10788
2576
1420
4650
5088
3989
5468
6913
9083
7453
4687
11534
3788
3741
12454
3994
3608
7071
9800
4879
8341
4014
4350
5688
3025
3326
5375
5101
4571
3825
3901
2360
5728
4331
5505
3141
10535
11483
5102
6850
5292
5108
4505
4445
4257
5001
7543
9666
4028
4617
6616
5477
2315
2772
7176
2538
5310
3855
5482
5733
5345
4406
2813
4486
4135
3617
1429
2618
10160
5798
3541
5602
4393
3011
8117
2380
5562
4847
3064
1867
1277
3798
5331
6100
3187
4149
4444
3397
6538
5380
5444
2796
10496
4037
5174
3350
7420
6486
4244
4245
7353
3751
3053
3436
6652
6297
4645
7379
6105
7129
5804
7584
6074
3535
1316
4992
1649
3735
6574
2072
6645
4732
1892
2746
4548
1647
4745
6106
3380
4294
9269
6429
4912
5307
2737
6080
8353
3691
5724
6761
9118
4477
5366
6400
8350
4924
5348
6418
5919
5053
7555
4253
12197
3478
11941
5760
6223
3306
5059
6743
2981
6012
2847
6755
3826
6080
8392
5609
4289
4842
473
5783
5363
7368
2462
3001
8586
999
6608
4503
4185
3420
5059
5057
5268
7463
4816
2903
7088
5436
4989
6340
10350
4721
5933
4253
6901
5119
5055
4797
1876
3650
3229
5901
5541
2779
3099
1680
3511
6470
4510
1797
7233
2445
4652
3993
6726
5360
7390
4492
5605
2373
2917
10952
4283
2471
11347
6975
1949
6147
3674
5379
1034
4143
10959
3112
1654
2646
5428
2645
4615
6871
3557
5216
3842
5022
6206
3364
7563
6019
5458
4221
6508
11806
7112
3242
3509
3362
5318
6599
6323
6041
9025
5647
3201
7320
8390
3445
9677
5426
5577
6684
2672
5138
7088
3552
2401
3080
2053
3002
3369
3858
6026
4775
5199
9989
6736
6811
7954
4238
1035
7570
7859
3349
3651
4833
2948
5306
5977
3754
5795
9111
8396
9360
5065
6419
9151
4868
4561
6176
6230
5975
5437
4840
6884
8504
7137
10286
3126
3688
2890
4207
7422
3688
3954
3642
3358
3093
5692
3685
3909
5103
7336
7781
7143
6154
2936
2547
5988
4676
7116
3491
3527
3878
3945
6482
2278
4799
7074
5109
6203
6733
8228
10122
2707
3001
13171
3307
8138
5264
3623
9275
1273
2458
2768
3057
5604
5110
2278
4217
4427
3174
5432
3766
6222
5507
3609
7208
5243
4821
4976
2642
5783
5671
2689
2036
3038
4087
7049
9302
4321
3776
5694
14337
3577
9926
2450
11778
2299
4467
5179
3912
188
5953
4594
6323
5361
4769
2770
5161
6161
3228
4283
8007
4751
10812
4076
4295
1593
7842
5521
4731
8001
7912
2669
4132
4117
6077
1315
8484
6446
3138
6163
10260
3148
4743
2897
3001
1154
3991
3265
3975
5569
2741
8140
4737
6372
5659
6683
8546
4616
6003
4698
858
5418
5428
7745
3165
2432
6626
2993
3320
8065
4972
5439
10199
8620
6253
4686
5759
4575
6702
4827
6449
6789
5761
5437
3392
4994
2325
4603
6885
3532
2386
2920
2941
4224
4822
4623
4176
7027
4792
8484
2879
3921
5092
4635
2866
5358
8883
4623
3549
6005
4731
5038
4956
5337
5209
13378
5371
5376
7799
3721
6748
3746
7626
7044
4472
5731
5034
3877
10099
4568
2565
7406
5851
7710
3919
2046
3963
6080
5434
5184
2927
6162
4666
5480
6506
7244
4733
6777
5866
1556
5409
5367
6308
2738
6149
2938
4468
3639
9710
2200
8281
5957
9971
3940
4819
3586
6707
2522
5747
5623
2451
4872
2671
6664
4925
4490
8722
2991
4112
4618
7142
6101
5749
4510
7452
9097
3980
8964
3466
4707
7798
10398
5009
4318
5667
6892
3225
2215
3748
3490
2918
10029
4610
6841
5088
6251
5115
3937
6241
4637
3481
6410
7637
3337
2741
7280
8229
4585
4483
6503
5948
5545
6875
2444
9720
10704
9086
8431
13296
4598
4398
7346
1262
7327
5843
6293
5317
3481
3073
5652
8333
5254
10992
2181
6620
5299
7570
4010
4308
6830
5997
3987
8356
7133
5121
2633
4175
8477
5863
6470
3481
5673
6824
4170
2901
3828
3139
5318
4180
2728
4303
2620
5683
2696
6920
4774
9356
3322
6325
5844
5528
4222
3393
5908
4770
11704
2249
5077
2878
4811
7264
3465
6371
6367
5308
3423
4070
4152
4551
7736
3805
4125
5714
2671
4741
8869
7725
3791
7746
9992
7274
3753
2182
8135
6245
4971
1675
2943
11404
3074
3399
4672
4240
5380
11212
6318
5049
4413
6743
3161
4663
7440
5917
7515
5023
3770
4403
2706
6200
7805
2925
6107
4119
6289
4442
5102
3550
4085
4624
5039
6307
2444
5245
3190
5366
5435
3445
2376
5565
4637
7896
4926
2842
3586
6904
3013
4019
2203
4482
3769
7431
2639
2271
6371
4140
4276
4092
2773
5962
4931
5876
7999
8523
4847
7162
4678
4097
5716
4665
6119
2946
4242
6133
5418
6406
4533
2792
6230
3983
3366
4410
2677
3403
2478
6938
4206
3522
7662
4291
4124
5857
5006
3925
6310
3123
6238
2248
7932
7665
5447
11019
6948
4577
4451
6375
10481
4395
3610
3684
4680
5223
3754
4882
5232
6836
6914
8558
5393
6527
4987
9548
6878
5373
5084
1244
7070
8217
7177
4015
6781
7866
5158
5235
4692
5636
5522
8026
3910
10831
5917
4396
5714
3307
4615
6984
3854
2294
5499
5265
3787
10111
1183
3460
4577
4307
3818
6727
3630
3561
12028
3276
2597
7437
4767
2854
5116
3474
1985
5307
3224
7094
3910
6269
7521
10269
6450
6066
7521
5848
4529
4817
4424
3773
8206
9796
4302
5402
8002
659
4886
11167
3801
3825
5538
5838
5944
4154
3116
2446
8883
5984
5805
5094
5232
2432
4748
3340
6233
5106
4425
5397
9026
5006
2329
6087
4323
6118
2981
5547
5249
10713
2621
6242
3395
1876
7916
11150
6399
12939
4886
7320
6596
5250
6299
5300
2890
2382
5613
4947
1711
6590
3547
4584
4092
7846
3034
7790
8894
5475
7401
5841
4375
4487
9524
14777
8766
4087
9566
2376
9301
3395
7339
2686
2636
3801
1524
3170
6856
5170
1753
3780
8655
3484
2744
7034
10797
5159
3821
7444
5556
9409
5828
1037
6525
4617
5398
3449
8784
3269
6863
6667
4038
3912
4744
8244
5697
5818
3429
8083
7590
5813
3492
3720
3615
7876
10589
5192
1702
9888
5512
5529
5682
844
2281
7021
5091
3988
916
4148
8790
3634
4204
6552
3982
5799
2822
3769
4718
3671
6317
7703
3059
2297
8198
6207
4227
4112
6314
9935
6133
4552
3189
6144
4367
2229
3446
6657
6618
3673
5016
3633
3747
7002
3596
5570
8396
6782
5954
1072
3418
6969
5127
5143
6709
6163
7348
4857
8152
6460
10782
3962
11236
9263
9751
6877
4972
7903
4878
2635
5385
2390
1394
3746
8410
6097
5858
6677
4020
9762
5884
4618
4046
5694
4195
4414
6036
4948
3613
3369
1337
4448
8196
5447
2341
1841
7402
2792
5401
5251
7262
5002
2628
3556
4436
6632
6271
4522
1259
3958
4669
7030
2971
4993
5750
5625
7727
7658
3392
7411
5409
7544
2452
3438
4507
7782
5663
2161
4502
5073
5874
3526
4362
10445
4678
3154
3821
3734
3862
11373
3354
3867
4948
12397
10545
5229
2889
1831
1925
1397
5638
5398
4498
3400
9131
5632
5846
5988
7698
6567
2883
7813
6606
7076
4719
4783
3351
5750
1839
2301
9737
3993
4208
3129
9550
13091
2947
13030
9052
5239
5395
2554
7769
3286
10147
5730
6694
3477
5552
6111
9852
5453
4716
5356
3175
5475
3455
7674
3737
6364
4892
5469
5889
4195
4428
5258
7459
3526
4113
3570
6882
5940
8042
11850
5751
4889
8760
6032
5451
5198
9066
11301
8350
2882
2673
7633
2248
5830
5198
5021
3744
3311
6482
6638
9720
13057
6942
9844
3671
3767
9074
2769
6031
3704
7118
3830
5886
7218
4367
3791
4432
4292
4173
4699
7867
5586
7230
4082
2934
4628
10350
1773
5530
3983
5995
2326
2379
4303
3183
4552
4015
2078
6011
2224
4398
2937
3483
3263
7546
4404
6245
5632
4438
8141
5835
7915
5425
4312
2012
2860
3663
5428
8351
6862
9609
2747
4999
4367
7419
9446
4130
4616
1303
4593
5589
5067
7356
3327
4204
2694
3884
5931
7333
6639
10318
4349
7432
4490
4305
3636
5808
9713
2254
6020
3909
4543
5054
4513
5426
4610
2599
3938
3003
873
1392
5996
5707
5386
5064
4852
7354
4443
987
3442
6578
5575
10199
4049
4210
2567
5637
5680
5627
5296
5410
3917
8085
1787
2136
3795
3096
428
4470
7853
4850
4542
5650
5137
3901
3688
2673
1797
5050
6739
4233
5556
7303
6594
6334
3271
8734
4416
6545
2520
2171
4373
7949
3967
6755
3912
5870
5552
3495
2095
5004
4863
9639
4969
7312
3747
4025
5755
6890
3204
4287
8358
5778
4495
5610
2747
5211
9756
7052
5017
5683
5332
5699
5449
1681
4002
5451
4918
4586
5835
8155
7458
3207
3235
6317
5955
6066
4035
6691
8837
6092
8015
2735
3835
6578
1527
7242
2946
3444
4787
3445
5973
5003
9583
5878
715
4750
2229
2368
3948
5151
5411
448
5889
5460
6291
7018
6856
3843
5473
4675
3656
4366
4638
7598
7463
6593
10299
8204
8151
5862
4735
4844
9600
9415
2752
5560
4086
8155
3874
4461
2760
3586
6097
8447
9424
2482
2599
6125
4210
5833
8655
6625
2641
4149
5227
1526
5245
5194
2662
8801
4019
3533
6032
5209
6681
4124
4018
3028
5574
4267
4349
6154
9610
3281
4032
4647
3082
6478
7172
2360
2645
4081
3965
8839
8200
3000
6552
3624
6517
2987
4774
4781
8120
4919
8068
3727
2105
6336
5179
1818
4915
5500
5676
4235
6256
4829
4119
4691
6906
7850
5795
4271
3863
4803
3516
7150
8238
9570
3407
2599
6360
7435
3522
8311
613
8709
6764
4762
1532
520
2722
4819
5618
6835
6210
596
3641
1967
5130
3371
5659
4048
3119
7242
6511
3497
6237
4205
2994
6489
7467
3621
5921
5674
4489
3870
3762
3828
5111
5075
2920
7055
5845
5671
5993
4417
10205
4422
1687
4955
3723
4274
2127
4026
4685
3127
6041
2205
3583
5592
7603
4143
2124
3278
2916
5525
4901
5195
5828
7424
6389
8793
6024
8936
7045
4066
3905
6498
5145
1033
9868
5820
4272
6077
2497
6774
4071
9097
3319
7668
4404
5057
8598
3960
4366
9362
2533
7166
6124
3481
3920
5088
5373
9933
5859
4497
6535
4676
4019
11762
10231
3799
4415
6236
5626
2583
6672
7912
2312
5504
4283
3577
3018
2910
3556
3681
4532
4527
8571
5123
5443
8631
4993
2707
3744
9188
2895
5264
5304
8365
6461
8177
2279
5100
5986
3437
2757
3493
5898
5455
2476
4482
8038
6076
5733
3138
4253
4593
2588
5977
4473
1716
5538
3877
5671
5459
3614
3800
3785
6451
4523
4209
3933
3507
5895
8727
8155
786
4739
1808
6383
6059
3187
7538
4262
6487
2369
5972
5606
5471
9031
2940
3726
8990
1259
3591
9155
4968
4712
4469
5421
954
5703
3299
7549
5910
3840
2998
6464
4992
2843
6578
5272
6543
3906
3184
7488
4228
4585
5456
5726
356
5738
6216
3817
1751
3745
6498
6225
3617
4484
3573
6779
8155
5390
6127
1035
3501
3549
10687
6681
2637
8643
4816
8937
6125
7023
7836
4822
4163
3318
3846
5296
6266
7442
7724
7363
2161
5039
8745
3327
12708
2770
4574
3310
5759
6487
9104
5024
2609
3053
3435
6645
6543
3705
8959
1879
9912
7723
7836
7140
2624
5302
7865
5223
6014
2016
4209
9350
7121
10793
3651
6264
2444
8779
6524
134
7086
2323
7271
7340
5473
5298
3260
3992
7015
5407
3878
3569
5624
4046
5286
4131
2592
2296
6999
5452
4542
7385
4871
2517
5043
5729
3428
2288
8423
4718
5139
7732
6276
2422
5709
4843
6510
9373
5022
946
9077
5233
5501
5160
0
3256
8769
4806
1370
8764
4149
6181
597
6074
5412
4824
4657
3776
4955
4608
5122
4479
5952
4473
4719
6004
4657
5294
4754
9958
6297
4081
3351
5153
4579
4528
4971
6374
4978
2898
7549
8062
3002
6238
6322
9859
11652
3101
6027
9258
5317
4059
6434
6107
9111
6573
7934
5144
5696
3167
9751
2267
11349
4746
13970
8253
5936
5474
4165
8331
9859
7158
4631
8464
4386
3322
2462
9394
3409
5307
4189
3646
5336
7050
4292
5998
10409
1919
4855
2931
4539
3077
7469
5218
4485
5659
2569
4323
4203
5201
7110
8710
4832
5252
6985
8474
1049
1726
5439
6862
6242
7926
2093
2817
9967
5525
2879
2107
4343
5599
4796
3460
4728
3386
2218
7251
2538
3427
3661
4832
7574
3665
6044
7347
4636
2227
6535
6166
4975
4460
7425
7827
11816
5491
3374
8235
6297
3690
4269
7638
9331
8655
3800
2457
3397
4392
1713
1760
3546
8371
4132
4916
4350
3540
730
4230
3900
4717
3642
8179
6672
5868
6411
3206
5228
4503
7242
4070
9844
4554
10606
5196
4816
3741
5370
5919
5167
2658
6161
2909
2307
8335
3655
3386
8291
7000
5413
5680
5198
7711
10283
6958
3195
4018
4603
7644
4158
4252
6223
8652
4941
4399
6412
4127
4329
4752
2874
4745
6035
5364
4606
6276
5887
5553
2940
6080
1841
3461
3662
4048
2343
6075
5672
2742
8729
5223
2507
6199
3782
3607
1760
4397
4212
10909
3874
6314
7040
9568
3380
4510
1993
5926
8566
9130
7459
3874
5690
3545
5566
3629
4997
4238
4774
5194
12212
4672
8030
5982
9015
5149
5512
3351
5468
2886
3283
6672
3009
3178
6811
5248
5620
3738
2581
3972
3322
4622
12227
6483
2778
4049
4472
4257
3316
6079
5398
8321
4235
5017
3177
3684
5975
6809
8238
9141
6822
2294
7960
2892
3312
9549
2715
9662
5688
3801
8890
4502
4768
7315
5401
4145
6849
3266
6655
2524
6058
7504
5619
4893
4877
6303
5372
3807
4016
5257
5520
3844
1318
2167
6722
2405
4922
5371
4142
4152
3186
3840
6138
7385
5069
6206
9385
5624
3699
8040
7620
7145
4870
3302
6245
9174
4610
1921
2486
3702
2438
3266
11388
7572
1574
8261
3786
4414
6312
4071
3745
4381
3628
9416
8058
4554
6048
6884
3575
3576
4626
853
6500
3295
3619
6788
2534
7995
8637
2991
3870
6153
4473
3263
7475
4038
3786
6426
4059
2683
4665
3865
4474
5692
2175
3163
2184
9615
1727
6115
5056
5112
5918
8020
9316
7299
3804
5047
4946
4041
7642
5817
4241
4382
4388
6161
7127
4162
2506
4543
8220
4031
13684
5817
5533
8020
4525
7475
7171
7445
2139
1620
5214
4567
2203
10346
1855
7675
1725
4149
4329
4180
1746
4122
5214
9130
9486
8506
3631
8913
3825
7515
7318
7559
4170
5205
5946
4205
8552
6954
5331
2995
8868
3474
3454
2755
2924
6843
1497
5406
4135
4188
3309
2482
4910
5121
3481
4302
3630
6768
4934
5277
3848
4839
4499
3152
8243
5740
7081
5848
4822
5575
4069
2856
4848
3874
6649
3623
6987
4830
6105
7152
8599
7376
4466
8390
2901
6226
3689
9579
6752
3565
6829
3207
3789
2329
6228
7752
4208
6615
7312
6091
2421
5326
9079
7260
6585
3998
4353
671
4447
2535
3268
10634
2577
6333
9358
9126
945
5870
1384
5104
2955
3598
2446
4318
5304
3620
8125
5898
4926
5318
5223
4497
4424
11767
7679
11039
4992
4920
2607
10407
8567
6384
4470
4145
5840
2077
1717
2991
4184
7404
8371
6077
6436
7168
5450
5173
6808
4453
5172
8163
10269
6496
6580
4885
6218
8890
6063
4216
8519
5009
5486
4464
4626
5351
4346
2342
3234
3593
9571
5251
4189
5271
6545
4440
1742
4960
5233
7573
7723
494
7927
6957
2128
3826
6131
1644
7493
4101
5575
2487
5033
7656
2859
3614
3861
6638
5069
6905
7128
4035
6534
4776
3487
4569
2254
5867
4761
3503
8087
2172
2431
5361
6898
3526
7032
5438
3408
7512
4250
8110
6055
6582
2629
6075
3632
7683
6540
4230
4842
4801
5224
9816
6774
5229
5678
6643
8725
4800
5663
4003
6667
3091
2897
6923
8750
6499
5494
5753
5593
9374
7219
8003
5830
3644
5124
4347
4145
2476
5033
7509
7715
0
6054
2456
9798
4637
4926
10738
3851
6473
4205
8743
6168
5780
10999
8767
5949
9632
3669
8569
3507
3108
3506
4063
5408
7675
3889
5366
6914
5463
8701
3917
4641
5583
4735
2090
5613
6235
5035
3371
3311
1008
1188
763
6506
8148
6132
5837
2847
3769
6346
4985
4314
4195
5241
2862
5977
2812
6355
2787
5349
4153
8347
3399
5742
7077
2925
6680
6046
6087
7876
9191
3735
5800
4345
4404
7262
3215
4796
3281
5130
2638
14223
3192
3577
4086
10843
4141
4310
5213
1846
5287
5531
3203
5092
6388
6121
7364
4749
9577
3811
4486
10754
5306
8632
3672
10711
2506
3968
4301
4940
7754
5687
5566
5493
3377
9101
8294
3966
5235
1121
3234
3943
2905
3415
1512
7235
6851
6651
5639
10385
4315
5680
4650
3426
1289
7357
7163
5640
7489
1826
9687
5986
6724
4365
4249
5114
4280
2761
4898
2195
6991
2041
4462
4852
4544
4531
4134
4668
2831
4440
11655
2090
4295
3921
1069
3475
4365
4279
10986
3655
5343
8471
6881
6857
5709
4514
4266
5441
3923
5250
5329
2959
3052
1862
2039
3757
1374
3972
2385
2318
10794
4807
4136
9308
3273
1590
4089
3002
5043
9810
3339
7417
4526
4161
2989
4740
4154
5726
4719
5480
4542
9060
3126
4051
6277
9082
7849
5238
4461
5105
7730
6515
5211
5996
3862
3623
5164
4678
1340
14133
5718
10448
7537
6490
8223
1822
4292
7084
4148
5747
6079
4489
10750
2652
4347
5901
8482
5290
4288
4635
1797
4553
4168
4913
4896
4303
2969
2466
6631
4038
2016
2004
1143
3999
7706
4112
8400
4437
9260
4862
5491
2621
5668
6941
3321
7849
5060
2999
4928
7387
5698
7709
3551
6120
2214
9161
3902
6126
4842
6254
11459
6182
2106
5791
3689
1767
7229
4880
6592
4223
4758
3049
7477
5514
5311
7596
4922
4032
1778
6565
5178
6272
6550
8969
6154
1613
3788
7861
2709
5849
5961
6170
5828
2944
7605
7203
1987
10402
6304
6196
4967
5137
1977
4466
5468
5543
5309
5281
2559
4528
5063
11978
6937
6831
5598
1859
1463
2603
4896
5037
5368
7786
7256
2831
6194
3183
4151
7504
12325
4510
3007
8110
4018
8223
6750
6564
8987
3387
3170
6863
5773
3344
3169
4774
7479
8034
2320
3320
3780
5877
6689
6674
3061
4923
3456
6948
4432
4780
3969
9281
5538
5423
4362
6129
9629
4498
4568
4723
4068
5285
6461
8412
5715
3698
4910
4993
3536
7613
6980
4384
6472
6099
6410
9124
5866
4624
7606
6093
7735
3113
6710
6068
7708
3430
6146
4023
4682
5728
5182
8804
4613
4439
7526
4818
8207
4822
5019
2746
4287
1546
2953
5146
7824
4187
1799
8773
5171
8362
6886
7585
5335
4988
6039
2870
1894
7851
8250
3290
2974
3374
3793
6523
3898
5670
3317
2022
9749
5624
3677
11819
1064
4875
5715
4125
6064
6385
4935
4726
4661
5626
5617
10177
10023
2245
2531
6671
2220
6910
2773
7758
3459
4552
3226
9292
5605
4760
5965
5839
3890
2148
4113
5104
3978
4308
5645
8377
3866
5422
2770
4951
6320
4725
1824
4067
3810
6717
5568
3700
4794
3723
5069
5902
3320
3875
3422
4301
6483
9725
4981
4036
4105
7065
8832
3899
10088
6424
1975
2810
3755
3352
1192
4346
2225
3360
5838
1933
4991
4654
5286
4404
4333
5176
3579
5026
3090
8403
5474
6262
5818
5379
3977
6513
6999
1443
6940
7227
3353
11221
5524
5897
7990
8310
4165
7193
926
7910
3071
7632
4723
4520
3777
7383
6242
2462
5108
4686
12296
5410
7059
7696
7187
2727
3210
4304
10953
7678
5690
11818
3173
3190
2067
5553
4620
5835
6175
5574
6296
9637
4107
9013
4792
4901
3794
5428
2095
2250
4795
4652
3744
7350
5354
5783
5639
4953
3614
5512
6679
5755
2933
4200
11307
3038
3536
5570
4217
4071
5931
5564
7362
4572
6572
7047
11143
5625
5349
3925
8806
4036
6987
6942
4240
3954
8211
4774
3487
5415
4533
4465
7898
25
3071
7710
6175
8288
6749
4904
5592
1945
7756
6407
3378
8634
3994
7583
5956
6497
5565
7706
6133
6204
2639
4531
3486
2779
7001
2197
4055
3424
2744
4712
7292
3647
4164
4757
2263
1222
3158
4596
6654
5785
4798
5337
4119
4496
6144
2501
3937
5891
3813
4335
4247
7630
5387
4362
3175
6077
3180
4249
3000
7119
3902
8546
11522
5366
3246
2725
7707
1788
6254
1671
11929
1310
3844
2880
7885
9645
2912
2165
6833
3698
5561
5309
5887
1223
6282
6288
5689
7976
2332
7936
6950
12577
5029
2469
8721
4160
5558
4408
5079
6346
8713
4602
4087
6425
2022
10462
3251
5198
8890
3946
2517
3470
846
7978
7612
3922
6644
5213
5096
5309
2274
8733
2498
8225
3370
4332
7733
8985
6493
3750
12038
4395
4770
7052
5041
6529
6678
3774
3290
6247
5021
3318
3764
7997
9888
7875
1808
9004
4269
6568
6072
2253
4558
4872
9690
7371
7778
1264
6885
2029
5533
4005
2256
2307
6805
4836
4988
7203
5097
6630
4716
5095
6209
2545
7947
6244
5910
4198
9299
4441
5815
3997
4483
3130
1329
5255
4451
4293
782
2895
8700
8299
12141
3635
6020
5498
7396
7051
3246
2542
5431
5812
5673
7115
8736
4978
4625
4479
5437
4025
4117
5149
2432
7235
4276
3162
7389
4058
7031
3852
2910
4238
2399
1733
4918
5832
5970
3520
3146
5142
7427
2252
3933
2560
7275
4433
5041
4814
3857
4441
5467
4714
6513
4458
5541
4102
6465
1828
4023
2876
4267
2965
6406
10137
1813
5157
2405
4318
5091
5737
1603
5317
7960
6305
4948
7172
6198
6447
6130
4611
5208
4327
5911
5643
6446
3858
4278
1681
7076
7507
2851
4095
4520
7095
3959
6771
2485
4671
4498
5409
4732
3681
2964
5769
3869
3707
7137
4045
2657
4877
6511
2445
7697
5132
3788
3874
6918
5999
4580
5215
3496
2496
6161
6986
6361
5192
7233
1624
5479
7892
2391
4844
8137
5455
9152
4981
5779
5960
7795
2543
4333
4687
4976
6095
6572
2595
2514
4079
1866
5498
2997
5071
5442
7415
6039
6139
4153
4204
4555
3852
5510
10212
6747
2372
10176
5347
5225
8445
4990
3461
6040
3388
1101
3562
8206
1692
3926
10735
5592
3620
2899
3431
6544
3663
6216
4859
7664
6786
3921
6334
3031
3052
4667
6878
9290
5324
5584
6563
3089
7034
6713
5037
6949
5506
1659
3154
3506
8599
3800
4894
2982
3280
3771
3148
5385
2474
5814
6799
6738
3355
8851
4403
4444
2972
7241
2262
4416
8013
5242
3877
5795
2973
7280
6272
4434
4108
4799
2775
3428
5868
4481
5970
4230
5924
5412
3686
5978
5431
4035
4505
4925
7469
4548
4078
4042
7427
5687
7297
4168
3358
3001
3126
4856
7206
8565
6724
3075
3487
8069
4273
3988
3751
5213
3755
5040
4032
3025
5636
4532
9793
4354
3412
4827
4322
1938
3144
1289
5982
4982
4886
4647
3488
8431
7779
3937
4308
4949
4274
13446
4395
2617
3216
5882
5372
2648
2448
3206
5266
5046
6053
5049
4508
4540
6460
2247
4867
8075
5533
11758
4760
9234
7889
6368
4405
2924
6401
2763
4155
4270
3881
7875
6734
1384
4787
3390
1836
8927
8671
8642
5613
4679
3212
2422
6093
8848
9434
8003
4643
7126
9533
6110
6510
4295
3479
9250
6471
5518
4824
998
908
5345
7457
5103
7183
7531
3798
3657
1351
2505
5966
7263
3774
7420
2731
1863
5612
7650
4438
9133
5099
5852
6958
7703
9543
4764
7724
0
3014
4449
4727
5132
2381
6392
3196
2937
3660
6423
5477
5493
2861
3251
9014
5333
11316
13747
7827
3104
5421
2286
4709
10821
5062
8940
4218
6956
6106
5510
5620
4869
7156
6336
2523
4359
3646
4006
4734
7440
3100
3197
3275
8232
5433
7553
1845
5491
4130
6470
495
4943
7090
6693
6592
3695
3620
4083
6570
3176
7277
3278
3739
7028
8417
4569
4659
3626
4004
1757
7673
5876
7154
1714
6855
5481
6845
10549
6342
7658
4260
3435
3629
4107
2241
4918
6765
3710
3590
6122
6533
4222
3834
8131
1391
4972
4297
5562
4602
4032
2771
3563
5469
5247
1513
8216
3416
7775
5890
4182
4299
5988
4330
7389
4257
6128
9839
1976
2522
6434
6613
4512
6714
6617
3881
1729
7832
9590
7048
9462
5386
5295
6750
2130
2781
3827
2770
3260
2897
4630
5061
4804
4148
3998
6398
4503
6966
6962
4115
6454
2583
5973
2974
5033
2795
7560
6370
11607
5432
6171
10201
7663
3330
3184
5183
7694
6948
4444
2925
3699
1734
6341
7427
11399
4031
1533
6237
5074
7227
5030
1982
11021
6830
7672
6373
2045
3483
4858
3835
3217
4263
3493
5038
5180
6905
4802
6753
1827
5561
3312
5951
6150
4684
4971
4141
4105
3868
6003
2640
4150
4277
3050
6127
3976
6364
5364
8158
7847
5988
5032
4404
4785
6032
7358
2894
4924
4064
6284
3043
3999
6859
9494
5282
5664
8590
3898
5048
2291
2848
6075
6339
5208
7723
5638
4985
6552
2666
2945
2767
5591
4607
9207
2708
6778
6822
7124
2414
4449
7190
13124
4684
4939
6018
6884
8274
5567
11098
3696
5245
4255
3328
4095
5665
7195
5829
5525
3450
7430
7647
8838
6673
6649
5271
6148
5479
5013
6389
1734
5463
8709
2916
7571
6188
2278
6441
2229
9299
5940
8738
4324
3537
3108
5683
5975
5385
9650
4475
5668
5421
8840
7344
5762
3401
3614
6499
4819
3008
2550
3370
8914
9362
5947
7887
4686
6139
4821
2893
4004
3538
4913
2104
3441
2905
3857
3765
10591
9696
2305
6049
6845
5695
7032
5546
4794
8242
2705
5212
7598
4971
7034
3450
1851
5612
5806
2602
3527
3486
6346
3768
6219
4750
5235
5543
8970
1821
10586
8724
4664
8234
5257
5695
9825
2532
4364
7992
2223
7719
8910
5831
4075
2313
4576
9726
3534
3982
7859
7896
6016
1945
6404
4897
6178
3292
3866
3118
3994
5546
5924
3334
7031
2459
3763
7173
4852
5307
5124
5066
997
3997
4330
4351
4415
5301
3904
6081
3856
3831
2232
1937
2916
4865
3875
6090
6821
3510
9610
10749
9782
4244
6298
5362
3787
3191
4420
5071
4489
8538
2802
4259
7783
4459
5017
3441
4583
7920
2046
8710
6269
10230
2880
5199
4794
6544
4708
5814
5161
10777
5622
7079
4680
7402
5677
9012
5921
8045
4902
10549
2700
8495
2025
5861
7236
1028
2924
5669
6632
4080
7111
3374
3733
5737
9997
5839
3320
3624
2137
10971
8363
4992
3792
7045
6250
2792
4238
7159
6308
4105
5658
7995
10470
6042
2166
1275
1667
4631
3520
2797
4125
4137
1982
5065
4284
5538
4825
4830
2327
6438
6023
5371
4124
4099
5938
7421
4357
6940
1889
4373
1090
4938
4219
4649
2517
9706
4247
8803
8319
6522
4398
9256
3957
9135
3859
4538
5449
6004
2819
4737
6273
4649
2810
5921
6222
5862
4903
3263
5651
4524
8333
6657
11918
7902
8322
4014
6428
6575
6376
1737
5497
8181
6550
9722
4036
4276
2666
4905
5949
5182
6064
6167
7203
6784
3997
5170
2012
5192
5187
5144
6336
5272
10328
5508
6777
1950
3178
2996
5143
2279
5011
8084
4457
3203
7591
6258
4296
3842
4004
5706
7299
7224
3565
11781
9558
10408
1507
8277
8929
7107
7706
3698
10794
4513
9009
3063
4354
4533
5923
6459
6506
8415
3846
3294
4503
1181
8437
2708
4262
1684
4451
5190
5551
6668
5720
8700
7082
912
14349
7395
3348
3557
5464
8170
2169
8765
3741
6753
7930
3295
7802
5175
4697
7076
5961
3863
5586
10029
1632
2879
3637
2638
2412
6352
4186
3796
4116
3082
4288
10171
1819
6951
1223
2640
5298
4893
6859
9689
5914
2115
4176
5852
4452
4801
1986
3508
5076
3720
3131
4545
4403
8669
7712
3904
4709
5522
5212
7243
5192
3096
3712
1411
5089
2434
6706
4183
4361
3090
5531
4440
9066
6603
9142
9057
4674
3185
2190
6912
2926
5314
3507
10606
4079
6457
8044
8698
4089
6675
5415
2463
4515
1580
4187
6990
8110
2718
2725
2271
2604
4011
7965
2999
5935
976
5954
3863
5187
7080
6710
5029
6634
7084
9244
6497
4354
4144
5219
5995
2498
3108
4716
3808
4567
2240
10316
5278
5431
3903
5480
2124
3936
6161
5148
4674
6038
4785
6112
2137
3802
6186
7688
3049
4141
7941
7052
3698
5127
4783
1883
5918
3203
4267
2067
5731
5956
6434
6138
4436
1884
3418
5356
2791
3981
7211
4670
2187
5769
6314
3417
9194
3900
3729
4659
7667
4436
6149
10368
6625
7565
7413
3719
8274
10503
4621
5618
3992
8534
4393
4513
2837
9060
3311
3142
6896
6103
5479
6564
4446
11058
4751
14177
2585
8594
3519
6654
3623
5580
2357
9229
1786
6517
2135
5504
1643
4639
6079
2863
6584
4958
3392
5812
4969
7169
5284
1881
4818
1752
1800
5084
2428
9696
4231
2076
4834
6979
4078
3163
2568
4439
5516
8357
2084
5472
6876
6229
6117
8018
10292
3588
3645
4211
5616
6820
8133
4890
7447
7526
4936
6256
2852
9438
7007
3873
9847
3619
5283
4896
7169
3416
2795
3626
5630
5211
6854
5300
4039
4677
9385
3882
8551
4328
9298
4040
8073
3033
4257
4556
5042
4688
2643
6481
4250
2785
3754
4985
5411
9251
1921
7165
4066
4247
6951
3284
2605
4331
1339
6309
2323
3465
514
6259
6422
3742
7759
12940
3852
9166
10892
6514
4431
10753
7550
3978
6909
7201
4597
4663
8890
2106
6034
2056
5465
5293
4116
3672
5775
4555
6927
6752
2879
5013
3449
2663
4223
10138
1729
3295
4186
5529
4035
5258
8692
4235
4757
8288
4477
3304
4980
8459
7015
5028
5397
2622
6165
3741
4007
5129
5623
4349
4128
3969
3502
9528
4689
7367
5596
7934
5084
5000
2162
3956
3679
6359
4585
3713
4384
5678
2961
6108
4234
6402
3540
3412
8058
2602
4547
5256
5815
5530
4354
8487
4523
4903
5235
4433
9900
7464
2776
5466
7266
4634
2532
4912
4926
6071
8372
7550
6735
5021
2083
3076
4470
6341
2067
5933
5121
10916
8047
3513
4511
6987
670
10037
7453
4814
7008
7094
6769
6824
7040
7869
3874
4498
3474
4891
10497
501
8650
5296
4602
6310
6583
7320
7409
7814
6879
5298
3733
4532
3433
6231
4362
3085
1357
5492
6629
4337
4213
3233
5683
9088
7015
1300
5929
4488
4646
3739
3130
5205
3049
4145
5243
4206
2926
4650
7661
3472
5465
3378
5432
5543
6538
3752
5855
5399
5553
6372
5197
3500
4489
4119
5297
7025
2918
6647
7404
5715
3627
4586
5261
7193
10284
3497
4322
1928
6412
2336
3569
3463
3878
5228
8796
10561
7501
5189
7039
10076
7635
5214
3764
10398
4393
6746
4017
5458
4246
5317
4721
2944
2971
3584
5318
4658
4179
5993
4836
9728
4810
7120
6082
8915
1252
7159
3444
10814
5980
6977
1737
6511
7158
5916
3458
7923
887
2588
1727
4952
4472
8533
3338
3132
3129
6239
1629
5560
4751
3895
10293
6584
6940
7262
4795
5335
3957
6413
2053
4065
8054
10084
3248
2355
3733
3393
4534
7240
4925
5323
9065
4934
3845
2727
5737
2531
6867
4944
5202
3396
7464
8392
4097
4494
4403
10703
3998
4754
3815
6895
2194
4284
6737
3727
8305
5555
5388
3194
5308
6032
5744
1670
6585
3637
4121
5741
7212
7093
4631
5621
4539
5463
10890
2362
9731
6327
3627
8237
3547
5595
8157
4283
3128
6933
2770
5748
10075
6131
4978
3076
8405
8489
7045
4620
4101
849
4034
1330
2957
5472
3545
9202
6628
2793
4613
5250
4474
3210
4820
4463
5552
3614
5337
3877
4247
4703
6636
3774
3915
5446
8408
5712
6344
0
6699
3159
7495
9105
6806
7829
7916
3045
6716
5207
8122
2970
4859
6330
3237
6777
3794
8817
3871
5994
6229
5591
2861
11060
5374
4152
2796
6546
4935
9557
5916
3484
5387
9228
8213
2146
1986
11406
3036
5918
1245
7333
3433
4992
4127
5215
2099
5848
5164
8839
6256
6881
7252
5307
6484
3409
1850
2140
4175
6457
1411
2695
3626
8634
797
4917
2621
4654
5528
3998
6184
4891
6663
9676
11187
8085
2768
3768
7165
2617
3527
8966
3423
2593
4200
9425
6523
4858
5180
5728
5131
5302
6624
3929
4345
3171
4903
2855
4884
5996
5348
2247
2955
5366
7495
5276
4870
5558
8598
4952
1653
6915
6651
4915
8604
5190
4950
8273
620
5479
2504
5144
4800
6307
7066
3502
6866
7511
2556
4978
2434
7818
6609
4711
3220
1678
6666
2030
3587
4257
3875
4431
4119
3387
2898
2733
7077
5074
5261
4679
3541
3615
2509
6518
1913
6435
8714
5265
10265
6418
6538
7835
4091
935
6961
5997
4425
5480
3342
6459
2546
5810
11148
3080
11944
3416
4931
4393
3812
3914
3823
4816
4964
6978
3567
1257
3133
6304
7332
10631
7591
2236
5961
8029
5077
4853
3301
7565
1869
5064
980
7683
571
2748
10857
6884
3771
3790
6254
3778
5060
6486
5862
8564
7068
5109
2587
5284
3050
8347
3313
1926
1802
902
7843
2965
10420
5481
4470
4862
5173
3637
1069
3490
5150
7602
5175
4679
4235
2796
3012
4573
2222
8126
4459
5067
5571
3917
1719
5380
7922
10300
2691
3932
6257
5128
2305
7244
5821
2162
4283
6809
3406
3874
5633
6233
3216
13778
8775
7588
8179
5750
1951
4206
5086
5173
5779
2452
2389
2911
1155
6433
5876
4419
8475
3866
4403
5005
4936
2025
1781
6259
1754
4178
7648
3422
5235
4600
1424
4640
3997
2422
4995
7136
5604
5092
6059
3517
3441
10499
1863
2927
5163
4770
7718
8117
5528
9631
7555
9076
5724
4004
3564
5513
5648
6714
8229
3769
3330
6401
4926
3221
6840
1263
5637
4061
3341
4888
3803
5431
11354
3031
4493
6815
7874
4603
8100
2392
1046
5699
3903
6982
4015
1028
4274
4529
3622
6262
6638
4918
8919
3118
7812
5916
5246
3384
5520
3663
8149
4559
7374
4254
1963
5056
2863
6790
4477
3984
9716
7049
8001
4125
4718
3599
4196
7112
4778
4002
5083
6561
1997
6708
3739
1477
3445
5101
6844
7155
3069
8632
1586
4427
4918
2549
7382
2395
3912
5096
4851
6847
3995
4741
3125
7773
7574
5235
8948
4076
4981
3708
8221
5609
8379
1697
4135
10259
6635
6366
9400
3962
9382
2386
8851
3352
3995
3423
4601
7403
3154
7012
3966
1522
6443
5887
5313
4426
4526
3617
2954
5366
5422
4664
3012
6173
5474
2676
3467
8004
7750
1924
11560
8781
4346
4850
4759
4563
3583
3714
3511
2057
7651
5139
3344
6847
6047
11207
3276
3875
6799
9359
6145
2342
4961
4257
3098
4911
2769
4707
3980
6272
5934
2911
4278
4906
6299
4699
9526
7597
4536
5136
4341
7210
4446
3826
5079
3922
5491
6491
1860
7831
8100
4992
11665
5069
4363
3148
3488
5591
6469
3564
3417
2453
9777
6535
7176
7733
4402
4976
9452
8041
6810
6860
7179
2996
6501
11121
3930
3637
7716
5709
7242
4972
4309
1813
3738
6682
4966
7138
3968
3399
5471
3496
4334
6368
2214
7912
4034
4757
3698
1314
4330
7230
1663
3516
3779
2061
5187
4801
9737
4133
6674
3752
2322
6705
6921
4373
8658
7720
4036
7021
4864
5443
6186
6026
5602
9948
8030
3385
6527
6891
5356
6324
10169
5783
6701
2033
4875
13271
1249
2867
6672
757
3301
4990
8086
6915
10132
10935
1412
2890
3727
4829
4479
1251
4356
6962
5243
5868
1381
9370
10177
5686
2931
5773
1917
5696
12049
5561
1612
5200
2644
7337
3588
1851
6219
9058
5416
4899
2576
5876
4308
4472
6666
3419
3265
2031
4316
7007
3627
7520
797
3874
4295
6013
4232
4854
5072
3992
5092
5005
5771
4264
4444
7906
4310
4024
9383
4122
4813
4425
1494
4381
2393
6665
7080
5119
2679
9696
1623
9437
2341
4347
3397
1494
7844
9788
1378
5659
4705
3465
4179
7791
5946
5378
6405
3584
5414
3710
4719
4009
4172
3735
5095
1999
4546
8092
6262
5054
3047
7207
3704
3260
7430
2873
4474
7790
7119
4821
2102
5841
5551
4176
3630
3165
4615
2042
6220
5349
4891
4276
8357
4890
2385
5679
7366
6045
7476
7551
2299
5901
4417
5120
11739
4726
7409
6438
3233
4127
4198
4257
10572
4740
6260
6322
8200
7284
4922
1887
1188
4498
7729
4586
2668
3773
2885
4126
4012
11004
4209
2384
4711
5923
2539
6480
4493
3981
4721
13067
11099
6362
1950
2737
6718
5936
4189
1782
4940
2040
7820
3381
3414
5052
6844
3084
4426
3829
3902
6533
7319
7316
7232
6364
1038
7911
1817
4602
3541
5335
8558
4327
7311
6018
4856
7196
10060
3146
4622
2990
10642
4736
3428
5617
5038
4655
2902
4656
7477
5917
2894
3386
4319
5128
6783
4655
4582
4224
4443
5785
5162
4414
4904
5515
2833
6498
8708
7042
3335
6398
5672
8910
6625
7269
9340
2407
8404
446
4456
2822
2874
4981
8910
5416
6065
4148
6939
3237
5126
5376
10151
3467
3453
5592
3348
5887
3678
6277
5919
8683
2632
1391
5060
7431
6569
5750
8853
4893
7051
7803
7131
3400
4964
7206
6116
8952
2677
6872
5001
3047
2975
1467
2011
5845
9295
4120
6248
5591
6742
5796
765
5920
4571
3470
5308
6001
3487
4912
6539
4039
7642
4053
5798
8325
1998
4847
6315
5626
4042
2390
3780
3510
7464
2079
5791
620
2800
6573
3872
4028
2832
5935
6590
2647
5087
4633
4984
2282
2217
5022
5239
2485
6099
9263
2061
4618
6349
2152
3889
4770
3969
10363
5300
7844
3277
4353
4349
7758
10156
7008
8166
4342
5409
3674
3921
3125
6199
4011
4539
4739
5066
5553
4361
3464
4987
3692
1640
7586
8861
4698
5128
1730
5715
5903
1775
7529
4477
5349
6040
2701
7946
10134
5741
5269
3390
10911
5283
2770
4486
7697
6698
5922
4421
7056
1682
6364
4881
4137
5699
1904
3142
3793
2446
8636
3436
4067
6236
7432
10372
393
10722
4721
4332
3484
5223
7397
6565
3639
6106
5526
3144
3868
5188
7069
3727
5084
8701
5051
4667
6168
6920
10726
1897
6841
3464
2296
3576
4143
5192
5895
6681
9291
4008
5407
4656
4810
6067
8553
3714
5790
5940
9324
3574
5108
6105
5558
6257
2747
6304
3218
1053
1633
4095
6897
2826
4372
6311
6242
6352
2306
952
4494
6130
4480
7627
5517
2866
5627
6230
3520
6051
5041
1766
5055
8403
5369
8714
8537
4805
4988
4633
1682
7837
4017
5042
4926
3749
6603
4201
8951
3033
6512
2509
2264
3744
3303
5536
1907
5471
4277
7661
5335
10888
5358
5598
3025
6070
1337
5469
4893
9260
5867
6146
7288
4191
3571
3654
7144
7507
2620
7423
7493
4014
5827
2987
8023
2818
4086
6722
5715
4026
4943
3310
1564
7105
7585
1336
4202
9653
4700
2151
7259
2604
4618
2669
5563
2999
8020
4476
4512
7653
1469
5375
4241
11385
5574
3842
3246
4885
6010
5221
3853
4799
2988
5132
4487
7128
3522
5749
3463
6002
6455
5708
5830
1589
5343
4347
3715
4908
6887
3535
5519
2594
4487
4736
8990
3779
6056
3540
4841
4006
7289
3656
3971
5539
2018
3337
8983
5597
2712
5800
8503
7353
5251
5575
2144
10345
6317
2653
842
8348
4403
6622
1412
3430
1411
8742
4245
5237
4747
5235
6547
6258
3863
3888
7444
1580
12621
2912
5202
5454
10815
2771
9322
4333
3546
4925
10455
4896
3571
6510
10465
5589
11351
5668
4353
5890
4888
7156
5217
2558
2746
5317
3851
9897
4242
4753
5915
6943
4740
5014
6013
1427
4206
2001
2515
4868
2400
8619
4141
4317
3622
3579
2340
2582
3444
1239
3056
5082
2105
7345
5512
10243
9410
4801
4375
5188
5965
7737
4501
5224
3353
4709
2011
4955
10080
2154
5191
6271
4404
3611
4860
3776
651
11353
5140
5830
4911
3243
6346
4498
4926
3076
2258
4951
4584
1183
4713
6548
3226
5389
7548
4185
8174
4397
7595
4110
2862
5577
2858
1542
4561
2024
4332
2019
9733
4646
5966
5289
4436
3433
712
5771
4656
8289
6697
5635
14849
2943
4459
4383
3389
5980
3604
6104
4817
7964
4382
2915
3171
2496
3636
4083
5321
7204
2318
2262
5959
3108
3727
11089
8292
8381
5688
2626
7150
2430
5800
8585
5195
4160
2991
8096
3870
3332
4528
1530
5463
2761
409
4386
4087
4654
2649
6067
4794
2508
7284
6145
2758
1197
4336
7924
5967
9634
6705
7747
8108
4857
3360
7860
2832
2506
5625
3202
2388
6090
6126
3654
