1452025
540466
1736671
163069
895214
403056
411006
231474
561094
1214891
348586
1298862
1143209
887750
1171830
857173
1173186
893670
434272
330167
1600769
1673833
1125200
1419195
725155
371962
915443
849307
1374053
448606
1292142
1544077
1017270
687543
723632
794524
1232473
1105586
756986
1067067
690367
317322
1326002
558998
1154653
1370095
1206612
1175864
1241710
134295
1725875
649608
619094
448747
1426662
1127078
1096412
625031
963579
1438898
329919
232721
149033
494762
1100924
1120910
294861
712745
1317910
1626463
952806
1742988
284065
967920
1033495
519109
400876
399914
1377182
467710
587021
1055876
623807
1043680
209907
883150
191891
965559
1396849
1081324
1470578
831274
881200
1192561
1556670
1577033
910478
1252005
678959
1231673
321670
549978
863494
852933
1274871
1696317
608866
493623
401385
142349
638711
446375
974367
817261
618066
531388
766283
524380
750362
377581
1264494
927660
1135149
966202
446495
559409
1251763
1340811
1542662
1369825
949049
1240349
1507833
651466
550676
1102559
1077969
1316104
752572
539943
1447988
279777
1223628
588227
567798
664611
1390785
850267
1386822
312795
854106
925375
1059296
469848
1704011
718385
720665
692408
851613
842530
1085194
1347658
458241
1139576
610376
631756
778328
732043
711122
699485
1213490
1288233
1238625
1258904
1332283
903388
1303533
1617426
546251
852010
674800
485558
1274396
1153083
464290
883740
924257
350207
1000015
1187063
1471018
1103098
1078750
1465889
806771
1455291
1303540
532731
1096514
1007623
1268683
1429491
1729271
1461121
667043
1199141
1603560
392921
1190564
673039
1268807
1232316
582229
1160213
508229
1116438
562190
1291365
1430425
599257
663940
759062
832148
1345815
819978
794450
1258514
883408
272899
1388852
1203872
822922
898082
846732
1589143
735876
592327
558668
200119
452629
683218
1019013
822682
1183616
590258
451367
1138394
918219
1497941
717853
1180232
573117
870837
917970
128616
1373535
1477090
1712553
1568230
384078
1169617
1061232
866408
731041
833039
381801
1081389
559778
612904
1069345
753041
1124063
855689
842237
767483
389918
268137
182419
1117955
453647
396439
829888
1346439
408984
1519589
1446265
1709173
1245914
1633968
636923
1128387
1149017
997637
783511
720686
1426941
554929
1628287
150904
356479
432003
695889
949355
470955
597763
1141177
436154
1068243
1036983
513942
1024619
862812
869843
1555808
1411509
895805
972034
1040665
932763
1343516
671426
1407462
1188431
1675542
999255
1327126
557609
1261546
414526
931884
1159649
791167
1233652
737405
1096981
818487
524611
1250436
560186
805880
929869
1258672
212119
1091989
647747
938421
1618977
434007
1155994
942691
885913
830002
817062
896833
959223
743575
675447
781790
950045
954284
879530
992433
901204
757763
699509
883373
1046418
673174
649604
276309
976155
1535392
1176864
1343993
916022
473220
312343
186888
1244176
478581
658123
532116
912655
1226581
1367812
1123666
691621
1107583
872607
786880
635465
910220
352892
1206606
1506883
336841
935500
888747
1497276
1092951
550716
458543
537730
499763
1009198
425382
886972
1275468
1170382
514301
922501
700761
1039274
1114018
1669661
843745
1517075
668996
1362727
919755
904534
1059116
1276170
738056
872608
891312
840137
505886
374495
1030363
855871
1308655
999802
667405
828439
1285342
1076403
1156206
675341
1127973
360048
1176421
715448
331867
1580781
374714
796433
602530
1003070
501940
1046904
1312869
950682
1148728
469604
1643447
820337
673820
1197902
926301
1324425
745961
1350287
995547
522597
1301561
582502
389268
991136
955346
1173689
296532
619355
561228
626392
1202543
386324
362266
1570367
1340268
863392
1312443
725970
1214799
1148151
497449
1306433
1353606
707836
1179434
737317
1361580
655961
1696797
627174
921509
1639810
1511327
934033
754787
1250970
331957
428287
893285
840936
1867874
257879
671500
1006645
1030681
790298
444331
1340789
618376
953048
368562
626840
1140394
943502
532415
886959
506353
1332862
1023515
567304
407824
615184
942518
850395
673460
459021
435806
1637920
562199
914257
1191382
1592043
1152571
1466500
614179
840876
463692
520012
411949
830069
1073360
727623
1343087
1373473
533253
300528
459012
838008
390891
897205
1597992
854796
367051
1524849
379056
1050332
523760
1270315
528804
875642
1572221
277936
1514060
1206873
1420512
695546
1357297
291673
1354582
707194
910792
877280
1107487
933512
330386
1125146
650206
888556
1262493
1050161
814018
1320116
1363552
864146
1567684
531702
170836
1419175
1573422
1107223
1180379
926938
1648054
393188
224019
1226265
1276540
1837947
1322427
1430129
843575
212470
697543
694717
554003
828929
536605
487313
1078750
898769
1294879
959237
1601152
856808
893865
1097364
1313857
339471
485393
268504
1016166
886372
1132428
433011
1199874
697110
847416
723267
1349051
465507
1244759
431186
1177094
752269
326480
500350
925928
1607342
1282834
584761
1059400
448621
661475
1293817
494441
1449144
261391
848489
1594523
246027
215658
186890
1049739
698152
701920
1093259
1164601
1270220
1356672
983759
634804
657290
306759
403379
1303021
1376648
1713222
766468
1237621
494194
497157
489082
989708
1099629
614106
709477
828620
1202012
935631
486830
969425
1720670
1379189
1454236
1660587
1449539
1022163
176821
735467
839178
993127
972818
1163414
1340399
1007655
1198685
640924
1132793
824173
894858
634141
908237
1328409
655785
410115
504066
662136
1279232
875003
599738
178358
1051410
363636
1367604
467782
698307
1387844
1427425
516169
1246076
413257
1265220
658249
995940
942199
454803
1103997
708377
674292
1131624
778556
1372529
319413
1211308
578774
812771
1829189
1137759
715178
1031749
681694
1607548
1135152
1476075
632003
1204157
1154532
1308299
555272
860817
393725
762358
590299
1431698
1086431
791060
904961
494501
771528
1306547
1311312
759543
626968
1216855
463387
952119
948282
889840
734333
1157349
1667336
1028167
1042520
1571946
1301468
563321
1641656
1100958
899164
587509
802065
1067102
591984
296785
1240081
567810
1092477
1663127
1475377
606813
1109089
775945
794025
1188922
1475315
1325902
1632659
1340752
774618
1199647
748966
818853
208038
525599
947285
1323364
245197
233745
1141098
1020430
583790
667308
1022237
973000
982128
446298
414211
1161836
654298
412784
682872
543869
1741438
202817
1055258
700896
1768035
791092
1309933
687753
718057
307899
949230
805019
1144322
1022028
1055061
311589
448947
830076
1420089
756216
803288
330676
862559
253097
830514
1041727
633710
1316747
1179132
1320261
519131
833794
1437873
34191
365685
647995
1401025
956343
186003
1435809
1420290
1329998
1046236
859954
1088621
309753
902781
301355
1092342
860968
1507977
832661
1167434
1258693
931800
1429450
1196284
731824
699812
769528
735079
353456
405832
1005563
1458865
1258472
1048092
464051
410070
418956
1718629
590528
640004
358875
1501124
1489924
1399926
788626
988477
1298431
1018871
421575
740964
1262536
549334
594250
1594851
1120021
1492270
1240963
898414
1147701
1133600
1005757
723016
1339042
1192827
1414735
720554
1723385
968015
383617
748961
1109961
614390
635804
679095
463107
930685
771299
981939
643264
185219
693524
1655188
1252090
1377630
759390
513548
665359
771516
1222625
851218
145502
895636
1655594
897139
1442275
675259
1586341
1237119
484302
1527629
1522186
257329
959336
987693
1204740
792555
759083
629825
1073409
614360
1268184
490649
1691000
120644
418362
1252486
1195506
1099933
1109865
1028085
1499768
932020
1093754
406074
448589
1351688
1233765
1086748
1133106
1226566
1106463
1104901
872576
489279
316037
361419
1164611
839627
565456
660210
1141560
1065021
925588
407193
973378
414343
1167226
386850
1216844
347662
1427646
201048
980794
733296
549924
1018191
826735
660305
250497
1451945
671488
1115415
854021
249761
458446
1391453
896772
1460691
1623934
986501
1126194
1399941
782839
1645733
707816
1003694
1076086
690309
631427
119865
859321
1072684
1337550
1613419
1270755
1046609
1108328
1401494
915525
619709
748001
559769
760669
629742
572249
1057319
1372202
181721
768174
1278325
1597246
707163
527700
612229
585276
1111058
1344658
1008714
705204
423773
940918
1313850
669811
647919
1039101
1093902
886246
1148417
1154499
1339105
1061142
1174764
963452
600650
1300689
942336
646771
1453874
1419308
650712
1247747
1330244
991449
321334
983193
676811
851638
782262
1412333
1170853
1179320
1048914
1354710
835727
1318184
1079811
812899
1062893
766377
554953
671452
1193794
590694
949694
1028056
1137636
758943
718870
545931
846784
806513
713823
309328
985812
454162
1057792
1187902
1165293
1235939
1419163
726138
1617902
888733
647327
1051120
1169729
918851
919490
648284
471999
942631
677624
1444644
345632
825417
476674
1684253
917970
1288080
1287009
515303
1011438
1173079
742312
1091781
488086
712071
963840
765916
1123630
396841
1321487
837518
582043
542604
968136
1242589
379042
532569
1497475
1018689
1413763
1077868
969876
1057994
973724
1276212
674073
1214013
1219422
569734
668647
1240380
1391608
1313221
1161384
1489507
720336
969974
1177798
1439914
877495
1289163
816221
992965
834130
1211650
924009
899910
567176
303517
464663
1481056
284461
646431
1453148
1390630
787390
1123753
1410210
737738
1151930
1215889
769837
381144
386845
1040476
1558563
1476418
1329522
589794
654692
1613121
407497
1151632
573379
452608
636207
1236238
660105
847474
1206438
1215226
1214988
1037548
1269114
1166906
700390
296436
1594179
1860596
942893
1710976
472897
585703
1698007
767097
790748
474120
435704
1891572
553961
168181
1254215
736512
933521
734034
310977
699402
441075
1082962
618675
901136
488817
1232122
852403
1345798
1090204
1034026
589535
893988
1224929
929863
1031524
1056461
949721
467504
1130576
1294643
912103
701930
122327
758440
924579
521806
880266
446540
306493
1335946
214340
1402501
1296762
1043459
1091010
833742
489114
1087184
1254269
1365010
1146895
1215947
1104651
654141
931060
1486781
950164
1333886
1922148
568212
1276179
513286
754635
1250851
821963
1238000
1218696
1194039
1105924
973144
1372727
525215
598886
1258790
1158130
1023279
1270870
766367
843575
1442001
910480
1040111
1148653
1192317
589722
1366944
1230862
595832
1169148
571167
1189556
432962
1084337
1437831
830221
837219
451242
856977
981871
1117659
404541
621705
1705863
699989
1617203
513634
643875
1422778
1255488
237829
520745
779591
1275208
856179
1346660
1083164
947557
1056747
1309381
914401
611188
442026
723503
1064309
656771
786452
848631
1012072
1109448
934958
292629
929446
1476492
487623
723463
316702
1155113
486752
681187
915104
1173241
569938
931692
562099
431706
1579932
1436201
972506
1231341
417125
576388
765906
1535872
819678
404053
1198521
568703
871282
452670
1045580
1184323
1091497
806676
674149
1594144
642171
556062
1572262
594633
896096
1195818
564603
441976
923618
562509
920486
708908
1172021
982890
374854
1617642
1294482
612963
1122554
913607
958496
1238390
491671
749762
1339795
1499637
1359211
803260
1303032
669951
769698
919907
1179807
913193
647720
990172
1113029
1103694
666645
184888
1033048
1029981
846389
1297931
1126752
1570085
1492716
631472
499535
354252
864116
605120
1362772
650532
1623264
687903
1331107
1251949
466457
1415123
654251
1551792
1254304
911637
1082219
648000
557140
1054484
474086
911427
848020
707415
1013426
1016055
1485777
1060781
471992
758052
326478
847817
486362
1008867
1030889
970091
1207556
412028
1704728
903891
1048772
543183
940414
1182562
646305
428946
725937
1617410
679738
528264
861082
825171
1307029
234604
544555
778146
739327
1174204
447821
860041
715445
615314
338692
1323078
604658
760175
1171121
611590
813692
888295
878314
772470
840307
702901
1018430
1001624
403195
804385
359756
861494
813124
226689
1175859
491369
669546
435705
415184
446255
1323331
1307842
264284
755691
392151
1444368
1238232
601037
760976
818062
1325230
684700
577227
1240305
930920
1170091
633734
1295344
711822
1057013
1667357
960280
967852
1007294
614455
769764
1695843
1217811
967775
551150
910320
1082968
190126
211327
490681
809075
1587109
810853
804501
1269980
1206391
771569
640744
955022
1243393
665769
531048
1382325
1288326
1338155
1207962
838538
847616
1032564
824945
1247670
569146
894230
498476
487848
772002
744323
982825
975902
1488984
443122
1143097
1093699
1092139
862989
624067
1357407
1185094
1595393
1367277
880970
1495948
1349757
632727
258903
1293310
602766
686254
923112
1422255
1090407
436564
1016754
608414
1016881
1323873
844772
924790
1148249
1436779
919445
667763
1331759
674283
752405
1162770
899746
494327
939432
1145197
1406441
608472
855605
360314
1580132
403741
1394184
1014141
447512
1071868
984033
1112473
750148
1469649
875814
539519
762384
778258
815223
702693
1302761
993983
945076
1097096
560348
339658
1692721
724847
373624
722805
983519
970744
1006079
972243
541362
751421
664485
507865
1200298
1078721
938047
934551
554239
850559
1431145
762386
920427
925901
1330777
507094
824519
812941
943302
727726
137302
857313
1318241
773901
776849
1571005
861948
159299
641523
969588
1910024
1075249
1075531
1106906
674621
918503
757683
704038
1122544
572038
940617
848291
766790
677414
1093163
895694
621685
479630
1114549
831975
1289021
1043580
481038
579331
884041
759131
636041
1536694
1124989
1132281
1168914
378379
1070016
494597
1505783
751594
462300
1246208
673581
1030080
875137
242862
466517
1507345
1002455
562725
1208540
462955
991972
913789
1025087
1258781
345523
1682330
1266377
796139
562561
1452345
656364
728661
599709
929648
966404
286889
472942
528874
1238367
496083
501082
835909
1613347
474424
539013
1097465
683229
512459
933697
1005397
1232724
642911
433476
456772
1200372
1241240
1302132
708228
1073315
1224949
924705
577191
1492866
831100
489112
1246081
668287
1264207
918655
1308298
826754
1460815
327494
1509302
545063
1053995
1381149
1332167
1574861
766362
1077661
730321
1127708
650494
1491950
915562
1250490
501937
265389
1341228
1445987
1052781
631630
989749
495523
710063
893290
661049
972258
1117930
850276
862991
793826
813824
439326
1410090
546304
883763
1055264
727619
1007769
598804
984441
912274
1565636
1107133
719433
921976
477707
1573269
741044
1266988
1111333
802103
1135009
402777
1537999
658224
902138
79914
288336
365602
1367338
955294
1288014
543799
906637
977338
1179066
494693
1337552
586821
793862
860632
442907
1163357
700985
1171053
907039
281222
1232094
789954
1243040
1356522
1142792
741500
1608264
606308
901307
693768
932498
1296867
357935
1636456
649960
698697
688397
813779
1568056
767415
710882
660358
882689
628428
555531
578881
1355697
1683631
575068
190302
1018959
594591
752736
631837
631160
1442435
835322
237028
309136
1037578
1160008
920356
428638
1262264
690307
1376931
845119
467801
793307
817832
728456
1260913
1712981
1312323
219813
285469
852176
1540166
1408884
447176
439535
656270
1382886
1073945
1187301
1072647
691488
1046880
1117096
639428
848953
1443155
740735
706599
546398
519708
1555233
1683044
1462786
139532
771663
856925
1131026
1330126
324367
1327263
1109778
1164192
1122061
1306519
640143
1402130
1083306
418555
679870
645822
1297185
660211
1037879
1160102
632656
927284
541162
562312
572794
531940
896585
720261
381183
606027
1046062
679690
1156536
708585
253365
217563
1123908
644406
1155132
892879
212443
837023
1140061
1480771
918404
1062471
973483
497198
631773
843564
663123
1046688
1049257
966954
1116802
1238893
921512
1486228
645641
849615
982762
1451013
1192380
1185981
1001493
871315
1406238
903077
1205930
1118896
533873
1478661
656283
1003362
1024083
1080752
420818
606176
453448
730021
485995
274666
1100980
641607
988171
987797
1701986
384945
559160
586822
955177
1308965
725337
757354
1189932
1094684
606138
751286
1513189
1054811
923499
326348
1315726
1065329
677751
917788
1227838
495826
662666
1426326
743930
346167
1191087
1105175
637110
798187
1543408
1156532
1369166
1015321
1232253
1068565
1193429
71178
815515
932864
972486
1453005
1074079
603749
853837
848928
703830
699924
715532
1777088
1425996
726714
569703
918098
334240
603419
328672
77084
1268607
484563
565393
886152
1279326
861587
722985
628807
958144
1413148
502063
1177939
946931
1017923
853952
455693
990390
735885
1092785
389476
1042058
1259194
465911
921583
767444
1441849
494047
1359837
855671
409082
366664
1223675
637325
750946
915448
795763
574288
424331
489933
1185182
1651330
1429871
805361
1244856
1001487
1366827
472140
1309065
1047115
398506
621986
354635
1202659
719772
997410
485601
335682
822893
1448590
1224806
984780
265267
1148533
442227
1459673
938469
699425
562131
743566
1344910
1437436
1167736
679401
727930
647966
736327
992053
1440676
1253373
251902
793514
959412
1330670
512443
1158359
1642494
776209
1457238
606826
1220953
938131
1048243
1463452
1129428
1372418
828394
1044279
840306
962951
1057588
927398
788307
1099239
1139115
869903
281609
995652
347055
850251
1026584
298727
1078701
330296
1201577
416416
451451
1174664
1020151
678120
1116534
736781
1587165
1043978
594518
1420812
799092
981246
863865
951178
589699
1157813
1291531
1155512
1288890
951373
1185858
662190
974025
503180
915746
983340
1023840
641222
775706
842164
1031520
1098610
626249
850954
541195
965511
1558853
1194865
463782
781221
657956
957893
1259468
457093
854509
800850
957152
1001487
737219
586148
1022278
478780
1093749
1182811
895119
1421164
813130
1409522
1247119
400209
389700
973579
583594
423569
294325
1334247
593845
1301051
872518
1044599
678845
1355533
1100866
1860943
179178
592128
275540
833895
1089406
1178587
1045615
1461843
1190492
1400091
1045884
1336093
1118245
1497418
624485
1388839
575397
392002
828519
633941
466798
960447
1154107
1440660
387113
1189269
694689
449036
479405
714679
686133
698002
1454459
495232
962816
519084
822821
929276
833526
942198
766355
954385
364476
405642
403599
540524
697628
1628796
676532
1205006
987875
550052
295224
1240789
1410741
850161
738039
981697
601191
707335
890678
887985
632310
851180
1588758
846605
1575706
1140049
317813
979939
570834
1471791
855366
1006375
463894
525471
1545392
1528539
242881
1311904
202106
655445
632638
643041
929536
1245718
1434932
1441899
633362
1110029
1242060
669987
518740
1337941
1022707
1014087
1239497
477909
524948
825774
1393763
982104
712103
823066
346716
1555191
978887
167000
494061
1605009
511564
517320
471459
307275
934489
686673
310943
1420330
1354491
1377827
432461
1037540
735251
969094
173893
1014516
710853
1081794
417450
539578
772702
684713
573387
1477749
315154
591277
466272
972935
1023756
441067
1479864
1257145
1115268
591292
667777
879367
1448670
1652648
987075
1280711
688742
191722
325759
656801
1166886
1140189
938712
708763
701611
642506
1142302
742401
770978
1634885
1282879
774932
709960
869424
598263
1550366
458002
1007477
627000
785191
639404
787431
592808
688698
1322629
1107523
1234577
789883
676564
1247089
1122432
893619
820132
1110117
1006584
1232456
925659
604218
452148
1365629
1325005
1033385
573583
944255
366361
763913
527915
677242
268358
1129024
1027328
483496
911699
946592
1283805
1162392
1313211
697562
913133
667187
1197717
1070736
311621
1657623
1653132
1583705
1007013
1204768
626068
839603
1609709
1088941
1178573
732581
559290
814251
1554876
900240
1372155
399085
1228311
319318
844860
878692
1346234
1264298
448123
1069255
845979
938738
720033
369253
968908
954750
684912
863803
582533
527326
1231517
905317
801873
1086772
1358761
781509
910387
1294025
936889
1141383
913592
1448455
629438
238037
671995
1019435
1170820
771621
459432
854923
622637
517215
709101
788939
1143263
1088711
1035098
471134
967920
957976
705731
205314
963345
456450
990085
206627
542695
1367886
1215267
1225247
890404
1201081
786395
1502932
874046
1406911
940780
1304029
1265717
1048790
979262
858942
582620
513180
1526476
618771
736748
661227
903376
810020
1150637
913453
832685
1172665
1404664
1264138
1451519
542665
1627418
1198575
1134212
610784
950874
1589973
433721
1179937
886734
1071951
1248941
1163358
1195575
944355
615123
1029675
1036319
988434
1096395
1221365
252134
284130
613882
1313142
273220
1337383
365829
1478866
1297125
441585
805884
913552
836910
1408373
1147503
1219197
1226498
816629
780440
1468090
1471167
839605
1252726
203808
554278
719651
881867
1111650
976095
956376
881134
242257
890526
227319
922022
1828583
1361907
555671
999873
831936
1117683
538221
720488
1595564
1625095
313174
583946
471351
930161
939690
1315913
629238
1399443
1233643
1590855
694361
426524
836656
906084
1075664
823154
808777
1155497
157751
571728
439434
1246162
507831
1688171
266626
875746
542629
1201532
1099015
595438
643885
796748
1150613
561379
584572
1464905
664936
1559786
1496317
969658
864375
609875
740130
1121901
1039341
763204
872490
1021009
470605
537883
646608
1258053
588528
283184
869695
515976
1115458
926999
1426824
1394221
642119
771897
370736
621354
1548495
687692
664971
1289775
858947
1226705
1398778
220702
1610706
1417630
344003
1017950
1187401
633157
497026
1475387
1399756
1258178
566385
467457
831325
505893
591955
1026093
952248
983286
1414995
1419770
821872
731937
897472
1072517
383754
576952
706291
1084972
151720
843016
148681
599981
955890
540002
435679
1384105
734610
1113049
1119282
629447
1492215
1434088
1641169
1361267
712764
1450171
610084
660517
1397971
1204898
796768
574151
1389887
1221717
913353
325925
653663
431814
689564
1001805
665862
200014
944714
1352940
1540357
988366
506383
1281448
972862
1166254
1129592
1052877
684749
391372
1387816
950776
1015829
1047114
588589
816063
565454
643455
1088460
553016
405222
549421
1217057
629948
269913
778874
1109889
1545415
885398
1169199
640184
349417
1439175
982224
761590
295343
838550
783527
1169695
342746
1062542
1352995
819981
835116
1132633
1061545
1629493
392432
978874
1544293
1658341
244758
846630
587177
944598
1502809
840951
520431
1606294
299914
767300
1258775
1265331
713215
1274784
1480901
366113
539840
1056741
573149
1030306
1215763
923271
1001114
1999705
348512
1539275
144293
911756
1541013
1053932
1083498
1352729
1086627
1420300
1562119
1158532
772232
661197
1005687
734347
1374403
639541
1285062
1115121
787590
1325924
1255772
668084
1131037
1466341
792481
845762
859228
831576
1403952
267297
839482
1382709
1131326
1257463
706547
894490
716809
1409737
768210
748033
834689
1276220
1331310
565306
1172393
704106
595089
908553
746914
1581708
1034293
298797
861390
1246764
1062875
631145
1246514
778261
837056
948215
771933
1068550
452936
1663297
1193050
528741
840933
791346
1593767
880449
820187
471782
787815
1285980
348290
1242236
666118
421870
1478610
93784
707949
632822
386506
515815
385494
826042
1058227
1117507
1104693
1048678
457375
1841781
809452
1187859
1656893
762076
1130843
1004147
215618
773350
253976
248220
1123957
833933
928257
285119
1360428
396549
707288
1294772
707717
178380
735334
1102212
848187
1303157
1066968
1325217
1392071
1602761
982847
923864
1444984
1349322
978620
1096706
1893470
775644
192184
914442
721561
993839
671515
506662
366535
1568365
667280
418436
772215
1381655
392887
1247601
177431
1121062
712984
1585870
832403
1276370
375149
897816
602012
910064
825910
1687781
495445
852685
1342705
224633
812866
786802
564452
938906
492461
697790
1089300
567289
1330247
1098705
1433619
186118
1539982
590102
954084
468562
570854
1124130
1628243
522889
1491358
1247237
766594
577433
1115116
1271652
761601
723721
547860
1361946
446427
1003838
899598
1083622
1350077
1353668
1390703
1009999
453779
1746091
1090362
1233387
529712
601232
1400751
1113536
451939
1077277
677795
820980
723343
1274878
1016012
1013706
606660
728948
1071435
1174795
1074976
718732
1103569
1772096
1103949
645086
1483481
430199
1609536
896079
503102
1233446
1314150
1082316
776792
510844
1441377
500760
872259
1587583
698483
799722
728112
745913
1376603
1834968
1063288
522522
1689425
683322
869612
1442454
683394
739443
395251
370590
1706763
1278099
640562
776226
750413
1413281
754747
753788
1130294
1065915
454509
1205563
744191
1080167
527455
936237
891194
1148308
1225382
1452596
751851
835138
522890
726320
1714872
643422
775758
638224
1571415
1359932
632882
593078
853715
1359288
1255430
966832
749355
359306
83533
359896
974413
1014907
1337964
1324561
655173
1492384
681302
469619
275299
871191
1165587
1348908
892227
1132911
1091530
1193521
776740
357180
1080576
661300
606963
979159
1577203
1770005
431107
814597
548614
1017775
489262
597774
841795
1581485
755282
709919
423784
560926
1444970
767668
905424
805848
558427
1211406
1499309
373992
1035693
516880
587806
364805
849951
1085462
919860
549591
1091284
1109115
1139000
1136100
544492
1063205
1472023
1106085
966768
1590660
1346975
849940
535060
1251835
888182
121172
1197925
1444409
1542856
1240835
243686
1268809
692181
627699
1000291
1183015
845231
719319
1005229
391621
1591392
903595
1615574
292192
296245
1158199
620756
471094
389342
229792
583480
1012344
735931
1338271
1222057
739964
666063
707743
646812
536207
1100275
487116
1251676
1575989
950359
1017254
687842
476376
1541460
928336
932797
1129396
690220
633597
1043678
1322663
605059
825705
723215
311728
1574784
1338884
1129635
910959
1201909
937643
849938
1311204
827329
1081229
497296
1249383
1254309
1395881
608278
1162274
1078122
1435937
521807
1603219
754944
533262
1066835
649810
959657
892094
1258382
1031712
1063639
999964
1101596
861747
583217
1166234
502835
394589
1272634
1255896
684380
879553
1180692
1550732
346473
805700
1113073
1375829
379791
491098
521318
351608
1736359
926279
1191644
960582
356176
483867
740208
721145
880238
1408962
1137470
542672
496982
765676
652739
1299574
781041
851647
1426657
594669
1480706
220375
787768
1650045
1242663
195936
578494
318047
1025269
1642092
742696
881969
1138750
776333
1399099
955236
925078
408860
1420474
493064
765121
518160
1192610
645145
1229068
1502920
394210
749169
939901
490186
817025
1275940
1006844
1538687
822688
535116
1073370
728405
704004
203732
491440
1132634
1849802
1346670
1121569
1225684
798094
1281405
584146
824058
851914
1214607
1393162
721445
1067854
916821
1153272
857314
435946
789329
1014409
412432
766473
502059
1248856
591367
1074201
604524
446323
1213411
803078
547922
1355263
1230392
1285243
1353476
272829
618141
724741
531656
781460
1492762
741505
1590048
557063
487101
1309110
578291
1187590
1457218
1201278
789674
683248
1120574
1468845
701359
1502412
601261
961092
791376
480501
507958
549769
1728604
676622
1125886
1162244
967837
871592
1336183
444478
742301
1550940
338477
1351885
254988
509179
608060
1216566
1041929
1631410
504025
1176473
881845
645544
1561606
463818
845295
829274
390356
1429324
1075432
282133
289100
1370566
872758
1059336
919751
957440
1100388
567204
229831
499770
709357
654855
725708
274108
347290
580169
1282962
1176377
1388322
1376436
1590984
1014146
603297
130795
1228975
539462
837411
806081
962126
1125390
938170
906274
570877
652502
731937
1077955
1177422
162034
1228837
485772
616892
387378
1124868
1705389
875263
1147046
454372
970550
383171
1088975
589408
1281447
709096
883309
1235198
1018177
724957
369867
735993
1341071
955640
1533134
714316
852457
1025801
1302476
1229236
1568831
513585
1127199
283688
218187
1350079
877675
676188
1445071
1672439
426877
978613
684741
622347
1494831
1374739
850552
797159
1017294
723098
942684
348683
792543
281682
513318
1078266
853268
1135815
661406
620605
1279687
1285651
1205497
152276
1359332
730161
1021519
776036
624115
1068344
326553
700704
1285752
1119066
1050512
423199
928714
489546
1066751
919495
808779
1390618
1352405
1115879
1116500
645424
417349
1095532
1335288
1457677
458794
1500081
543546
712155
626089
666542
383673
741792
633979
342637
710768
1141780
651952
464602
481068
397883
1434892
810639
606988
880997
554873
1428066
388912
727215
699849
1080386
669616
624907
1216403
377671
1037211
1430153
1040301
285569
1391620
857831
1062319
906812
833343
376952
609389
795171
269043
830502
1048983
1004342
1085285
1340071
747308
1069262
801252
821555
1547200
794863
657554
1229255
1455058
1194081
424389
1017764
1103645
430054
1405331
1072702
1117198
1167159
1114466
1391722
719430
1325785
378087
900018
1086490
1281641
803290
690121
913497
1219808
591992
216701
979624
1198626
642950
767136
968469
696569
263673
821363
1297374
1313496
838259
1262154
1272638
949371
945944
1030582
944288
935586
460484
852965
280951
1286386
708008
1276213
791761
431059
1432488
867978
1619489
1474533
1218003
992273
796451
1359891
1354788
812298
650549
754988
618928
1045494
874172
828609
504610
1201139
978526
1287038
1328468
74116
903062
1240414
1336035
993551
754938
1745440
1345879
1237833
689794
1100567
756082
844336
1479230
1294621
1116407
1113476
668974
1042681
1135219
410183
1175581
981239
1181088
606690
267244
250468
1262786
667648
1077130
1447326
1288911
593802
1448886
552701
1860252
1260960
777866
701209
349495
1648096
1213073
1309048
1869732
780447
1012977
876284
797151
1314467
1173573
1412480
570019
817289
1245705
1084441
1231177
1644634
932722
861194
492323
638350
706150
1068862
990928
1600549
681435
386680
1375849
450761
616789
1195760
554750
1330673
464305
980774
586130
1470203
1278716
390775
689557
467018
792652
1054229
1126593
623043
992298
1270894
475428
356643
1337350
1034187
182446
181072
1527970
1531994
876857
506520
1725873
666456
701967
532098
852034
1350203
1404078
621561
548129
870145
1424603
1289718
680215
675006
1017965
854118
1515674
1072662
906769
463444
657130
378330
1184896
866231
861658
1002023
958875
344483
1634817
149175
757322
1348120
892797
468940
807475
326178
1042290
242862
667688
1098622
467475
1293095
1008234
437917
1341369
1678180
534339
357168
1392362
990792
1151271
832822
716645
1005326
502011
672210
462329
807431
1301808
767872
741500
877760
1372012
1216565
1000668
755994
646205
657118
1166366
1066823
1201946
1286564
1202037
1598307
801525
464220
399081
372290
1072581
1041295
352695
1440423
502275
1202887
928251
1298301
1393443
736437
1166217
1463902
1037746
361366
625725
775220
1545689
1382377
594016
299890
651639
893087
1103045
1236059
634999
1093936
1112440
272909
706009
76090
479269
762660
367127
583111
1633844
756934
791568
1164999
1156519
1646032
597850
514062
987223
510308
1280910
1104143
679753
1728613
1283066
667697
954365
1001673
754385
1456267
1573447
708630
394284
1280543
371274
243505
1094054
1387318
1614850
563872
792790
429882
208046
1706082
1098783
822025
1137092
531767
541446
616609
1495857
885620
933206
530414
291700
1256272
1164110
73512
461162
1390968
1414489
409106
1400580
975407
861242
781686
408327
649748
1189505
621728
1367399
1452626
722947
519100
682966
1134515
1015682
400052
759890
581947
652568
986132
470733
399026
682571
1014498
1183904
1310379
575477
762764
386601
776387
150092
1104000
197369
739312
995530
1256552
450141
1093165
461919
968840
1390801
607007
1134148
321334
1211998
379659
806463
731565
1213008
728082
975664
1487626
1194637
1196377
1091225
753192
1552473
452634
940899
807123
235684
484222
1235311
1329613
1467863
1072330
815855
627304
1058959
550050
1064968
1010881
455047
826469
1125147
390719
807688
920746
1518744
1202870
1395359
597478
1215877
929608
952382
560188
1062922
1553432
931029
862368
802634
769851
1781133
488688
597028
1071956
1180048
728196
899178
1427673
588895
1515615
1240189
855061
804200
1202552
766161
1050075
903319
1220471
1181799
1283216
680717
1161213
558335
1265899
359590
1120933
301836
415285
930426
741924
1401175
1029078
747590
1058262
1373687
618178
553833
134209
1072952
1547628
1143688
1143909
294055
685339
828242
245434
581255
1100942
406502
1200628
360122
619858
1322322
1510588
385254
208197
1025237
797089
815553
1348494
1067485
393276
1137083
343656
917395
583347
980540
522614
927295
442897
228536
696796
1009316
624825
804477
1397232
1335618
1279164
1480503
658380
1013313
903679
278030
486139
375297
641143
518931
816314
1369478
887520
1147957
843485
694406
974210
1242818
1531335
1402608
745779
594719
498040
880268
1237292
888786
1140385
1453809
1431326
1488254
1419761
1529205
563883
786725
1028687
360879
1524120
1257159
1161042
802685
1078260
403579
1277441
840621
903670
411395
800506
1619493
782346
817357
1461115
943785
483601
680603
702095
380002
1318353
1297685
1294027
206039
485416
0
951738
975334
296461
1274081
771679
1108900
256799
905439
1210870
998871
1477411
1088613
1254053
444434
614118
1405968
839720
688901
638037
1097728
564519
1280183
1226266
746222
245509
920105
869477
838732
140655
619225
1021804
1174991
883480
1242006
547291
1150356
1164985
1021467
608486
1269621
947306
668427
979881
1052255
1014865
495636
1201530
1483756
789704
715919
865995
1382553
336584
1412067
1303792
985576
916842
1409800
436586
392693
1079441
668898
937366
1219320
1099374
617044
539989
1639098
563485
1341106
1632316
985444
553278
401263
1108093
656434
1298245
995419
292571
633876
1062793
1121276
648909
1416612
464003
1295908
536183
347964
1464386
727021
406714
386765
408873
1042588
1102045
368600
1197730
977103
1372999
107043
869838
596412
403610
814478
1338287
959411
1053990
875708
1304543
570469
662368
1473182
572889
1778834
908979
527160
318038
1576717
663602
429762
1158350
1305755
1110877
1066701
432241
1156345
436703
1349318
1411748
1022086
347526
1378191
1085291
962200
430798
801232
672393
1106148
128268
1130876
849676
687448
1020409
653445
990517
1220310
1413468
370498
1055083
1096462
1348909
424077
1181493
1404005
1292368
409812
1558902
743625
339932
581137
1211282
480354
1240587
960765
1332166
907146
578323
1364407
785504
1364756
771187
745234
1374550
658377
539737
1070742
275461
446650
923836
1446238
1038279
605218
695329
1001882
620661
1414149
1102416
703715
608511
1277506
863407
693754
432215
245528
983280
454469
505121
1473091
625796
495019
1146869
694943
545979
575854
962015
395737
1523667
1015429
738293
1036262
671792
1192790
807818
1306019
1307243
548545
835918
388559
1248407
1245042
612958
1248373
542908
931997
883426
596085
815980
1046698
691876
675853
730447
896185
868039
1103376
862632
342458
892216
1432102
580773
763970
1159577
1099638
909963
1227547
1029958
1502632
1325133
1292416
1466573
754682
1394635
1466867
519364
974412
361902
1283539
931046
1479126
1167699
603320
546229
1186053
936037
548571
505202
1355475
137016
1040028
961869
1483887
531667
245090
419877
668644
1062721
481459
799922
595525
621413
751207
724832
342844
1267418
1277816
709623
1186570
1072796
1295400
1025469
870455
841403
822127
781324
1502817
1054854
838257
942407
689380
772538
512681
1950243
791489
562988
461113
586799
871862
794015
1483560
1718876
833117
508254
1608294
1677353
885728
1480372
1239659
1089359
755708
699407
1011937
498701
812757
943286
969485
1114657
1357159
1159052
389154
1405225
1424454
704861
989705
1269421
769195
792961
1641354
874427
1234970
891887
405402
345199
1401385
242991
1179506
384788
1285776
642911
917177
944632
1215960
574574
896635
1470662
1302555
409941
853521
880245
1200857
877249
859604
974085
1196975
488701
336823
595078
413853
513718
1033509
974193
695391
1310998
1373425
1540807
767776
901185
611135
581882
513156
897360
1825844
1197121
776633
551351
839337
548691
1455138
566277
1281611
1014430
1717170
685018
571781
770253
1202403
1078369
1335293
1648891
778072
1181078
1053875
1228829
1602278
704313
1116536
513584
1089965
298927
647243
1343302
590241
734430
1002319
551731
932002
1547639
1150024
1136095
1000639
1621728
1204964
1446985
681348
1126502
206626
987572
1095155
640876
1297047
1215887
557742
915695
880660
722905
1138350
365316
940635
872502
1805313
655130
1234733
1413340
1254849
1088200
931658
1416814
1360196
706070
1168844
855245
823098
761003
1240520
1575157
869990
1254185
609543
1223434
1246330
634050
1102187
286511
518457
539609
321897
1209882
1041676
615519
1316436
774428
1168962
569120
869306
374378
1193312
862825
851076
491536
864687
517603
649213
630386
1464554
1191229
871723
1190092
461838
1011545
1316728
736542
1008707
928114
703351
1527839
1072964
1152420
754927
436744
607278
565085
518551
1011881
1314568
1101749
1065523
678125
1040605
1214313
1680423
1760841
432223
767818
554846
1569603
483296
114074
789271
887895
66335
723088
1337452
822024
990110
1036636
1226717
528184
667392
450304
1189566
1294945
1361880
460816
868838
890645
397458
1232829
949518
1051679
1065908
622340
462745
254257
1171503
822875
1001959
523216
1459041
765066
1071312
1012632
1674560
294068
723826
571701
1254274
1113567
291437
1218687
945799
621138
1062590
825826
950415
1441998
617499
192959
1362588
1186320
1380350
804413
1016838
594506
1048560
845885
430564
894816
315584
235025
955866
1366354
1244318
936297
388622
1091459
1345942
1145993
1355519
1111303
713643
463146
1209749
844246
627279
610393
343357
1199061
1269037
929788
934829
268739
633050
363230
785854
520813
268274
670781
599882
730730
1287372
1345818
932137
749693
875214
702401
858417
1084593
1490143
1092947
1170516
583339
512364
654969
307674
640969
1720830
337548
190051
400607
1745238
1143160
926087
807710
1618886
1073312
1421972
1065202
1580620
204743
757857
471518
524489
954306
661833
490129
683207
908973
726950
1137634
345623
955790
422517
1448336
954380
828272
1392305
1164951
411367
1459857
1075746
1263952
1785797
1315982
1352687
578449
828080
562161
816687
418200
793061
1442964
626551
129037
379918
1257150
725260
1172687
1031328
1773513
820675
1626155
689628
810889
1316418
790490
1228572
267843
1012838
922978
1342429
657838
580393
1263679
1511237
613074
466477
473374
1254907
934906
652398
978124
880707
242501
1551843
1070036
1549771
321789
1216473
990639
1048218
1031163
558690
641374
801320
1155853
379449
504990
1292956
817147
589748
1107711
896642
673182
551485
1030037
673885
1831605
957637
663091
1155662
794614
799986
407182
896658
2060919
1149107
1521158
329294
1157337
819403
565248
957579
773648
800466
505213
993418
1361605
884722
716060
260715
529796
391266
989976
603668
911647
353556
578662
1090009
1154000
916651
361884
209759
1307123
372997
94135
544661
721777
541798
1054569
698986
1192436
1052703
1343742
1064572
734815
759362
725047
1005343
709813
759314
1390552
881249
468497
941818
1171910
1381105
932951
1330358
755812
332823
796096
801165
1011765
821514
1337340
1537486
1273280
344870
1000121
1126964
1051838
1520507
1118474
1493140
958379
392536
1060316
1240376
1103108
1589282
455482
1185253
1053806
1398761
597941
727205
553089
1026871
470212
626844
984734
348481
1170669
784011
1082910
1273418
397551
1825265
1247226
246000
999065
1191625
1398884
1604423
1128726
988038
802740
1363465
1261464
1143314
1294331
562998
781904
713286
563084
89131
916607
962814
196732
1211131
453228
1014470
1330804
727285
307699
1271015
1407370
856815
889212
600937
591568
328141
1230112
807335
509339
180935
517633
939130
297470
1529715
567082
1448874
890106
160682
900674
1239296
190965
1140840
875604
1164440
928085
1014028
1370883
465978
1055468
585959
1476135
343009
362659
463420
498566
892864
808282
1236726
592394
800642
498428
7017
690665
650907
1304646
990582
669412
460076
781206
1104553
1061658
349581
967002
752737
811187
310299
978219
213684
569122
709455
1333003
412691
463736
1308082
126513
470788
405950
1145624
826504
1712103
31999
437952
432814
413486
338011
1133949
403673
1469250
321058
280790
945914
1384610
622902
1000116
783919
302606
563748
968994
503054
1291559
914100
1351213
1162961
1082569
800283
1453036
525676
895812
1442967
358304
675722
504300
857340
1103884
1315144
1751151
979532
219050
591595
254407
695781
438291
841123
721526
1133703
577848
1301726
622051
534169
233946
1047401
1383034
721931
924586
506491
607891
454609
195419
746816
351930
924329
1579170
1003263
1231805
382479
775525
923571
1566705
1049917
957976
1112368
733635
675497
1298016
1159561
771371
602826
354705
550362
1263870
616222
1185074
854766
1050967
1253300
678535
505698
1133318
668540
402842
1193453
837921
1676023
1551095
717656
1203634
361671
953278
1075383
974664
936571
1690783
1042108
706836
811155
869421
1100554
553562
701953
1106164
475971
1068619
588064
1655183
1163891
240907
391811
659428
684770
1107712
1292632
1513951
1041162
842058
644902
1251587
1583614
1327751
221089
1287171
1006137
583449
570066
373121
920457
719505
492233
1178376
1045433
1258960
498872
848098
916108
473548
1269056
1223914
1400881
357800
534486
882277
529607
1473621
1131335
56213
1624916
36477
407043
1216671
1034671
772545
473167
467282
1564435
1296926
800384
1217532
846638
955935
1310108
1008481
1064951
767708
83429
456819
517503
707861
1596697
1591143
475679
665838
296277
496574
1167455
610562
918329
1494517
1100345
697373
480542
1017401
886633
616174
798355
448752
1235753
1056480
527605
892491
963695
1140688
665448
437828
677025
1312681
1305491
821669
664974
790378
961551
656415
1234650
1563069
633237
768550
613484
1305207
485804
1801510
1009760
1092914
988152
1210357
970326
1071401
767835
1246572
1014645
1491990
858520
758589
650002
1262409
1401494
542665
1419118
591479
1627651
1073148
431020
1208798
843140
1267862
994422
1311427
1371949
1270590
892657
972892
1232603
1102276
1125964
890811
1378355
506665
887422
1218208
966020
459706
572950
644846
859987
1057528
984210
1048281
1212705
1056535
551332
978516
533508
819632
1196547
938876
554119
1193246
1750196
611103
370178
1274425
987064
796935
742246
628884
1074793
1471329
569387
1303722
580850
894464
623568
999167
676348
1238544
1140576
1226837
604024
348114
732206
480990
322696
283778
796220
890955
590011
1112939
855941
637016
329634
609408
656881
1455792
1242043
1372719
1448230
146989
642134
1606864
629013
605463
1108698
805671
977824
936932
1353699
1653557
500498
856083
199436
999705
620858
430616
421981
1120466
1484937
350357
1112012
846549
877243
1605251
1049198
495364
998783
777908
872206
1296616
1090068
1092431
456225
1118343
439108
780761
1207310
248153
602385
1668581
1126719
1105408
1177477
670888
590550
1358135
649932
296816
1099193
477729
1287514
1514085
1224283
720787
802239
912538
863023
1412370
205946
1290703
437334
1413711
1768982
1474892
1098939
648461
348132
874361
1172764
747231
791677
965054
476191
352522
758068
729385
1246849
1242598
1157923
912112
340627
802496
659484
1091690
1107607
1029206
1171036
1034711
234662
1076635
431806
589650
487388
1207265
762089
1491009
452368
735480
1121370
592766
1329049
1184497
628766
729783
721449
1649227
597210
1453820
870192
776545
1578158
943720
961506
285913
1315358
280489
1088075
1035400
1134875
946228
904266
611567
730533
146482
651363
910783
1389050
558462
597350
841999
620915
1229774
989117
1653968
999956
1206550
601890
1456130
1002656
818281
1436504
1242850
1330272
1098384
1021169
438196
624651
1432105
884234
855309
1193169
471099
963310
990726
1281484
402238
925821
903028
1020591
1731433
790244
16577
207400
747407
839275
344335
1381894
511994
385771
1141855
1452288
747641
712721
1000705
988729
354059
1074452
1063648
1327091
1262684
1444419
637765
1069345
629152
333719
766690
1088672
507636
970612
741660
791358
597045
819764
499837
1040096
296292
763518
951080
1777201
1054446
1181705
538212
614509
1194589
1122956
535712
723225
1038443
891887
1598278
1041291
692692
561634
988300
969100
375606
1205150
1117773
973349
777234
899764
474249
258269
803433
657103
404409
1352910
712332
875364
1577950
419536
669459
306964
620782
582388
916257
940463
99478
1273680
1519161
533410
1269537
612169
1352249
1029393
1631556
780950
691293
783805
836992
867828
864602
865205
435802
1370633
1066732
1179364
1126255
502205
658636
426760
1408471
1409294
804859
1106424
1502955
1096001
1225764
1034334
338883
413037
867206
456739
1067575
1011892
1334549
818462
915074
1260462
1120984
1465596
1038206
844031
1128152
560353
662187
1382881
921629
1080425
1029605
430323
1601473
1205701
671592
1044153
586008
526547
880926
670801
1221594
1490593
1876983
1053823
444937
741700
926241
583601
366354
533284
610355
522583
711010
930341
1122584
604527
1349079
849625
1371383
1395438
1281483
1445949
844482
1532727
1116607
1222673
1074940
620199
1016602
1006771
501720
527490
610338
330694
231991
499965
445525
454272
785151
1318465
1384580
771025
441012
1703640
690108
512793
689948
953792
509150
673097
785648
479401
1821685
408414
1357884
359691
211205
1146832
741207
911540
533523
299482
1181984
849429
1506171
1130626
1253893
570789
714988
1275434
1093220
722620
877703
1116022
1508650
729761
828245
754890
892174
234261
1255235
589205
1036307
1215764
553055
893555
1008805
599262
697947
931504
762984
250229
720114
481224
1426392
1035433
948079
1134710
1180974
702357
260859
642441
198696
941275
647596
1097767
855659
491195
1448174
666313
743012
1384731
1278393
489988
839714
1339371
1361002
1568405
837411
1273308
850628
1506557
1028489
1087840
1195330
1353511
1551409
1028512
1481757
712804
874109
910646
1360683
731872
675635
1102259
1214432
1418097
772307
363447
1013754
1185308
824689
354567
890963
533199
664638
1292787
873533
377526
549968
1568121
606714
1310095
333995
1475739
866936
1440554
928161
573805
517455
1639124
1339377
1240991
435258
923048
846605
627047
1072633
960444
1235090
1132680
636014
1325269
1330484
1203253
1242820
483046
824967
868268
1005193
948110
1085594
1009336
767164
829298
353365
1493921
727599
341681
1121877
866553
554208
1070894
693295
652854
630123
1647556
1120210
1031150
880571
1806028
395773
419734
504495
595665
312881
1826449
1349119
416791
1399536
863707
417415
806765
706265
1138907
694402
1192616
652955
937246
1140297
1199171
1138518
287047
1285848
812196
458245
1199990
798154
844678
1346567
328892
966579
705127
1584625
1330904
920192
1539306
1569970
774704
1554130
996839
1188178
861805
1094165
263755
870180
854789
1287085
952740
641546
911175
623789
305972
785121
629399
927254
1352472
965583
1196296
860432
830432
943402
1460905
1174970
1368020
757857
504290
1148568
414034
1043901
1322993
690638
717988
390939
141569
1218507
588343
675997
1086351
520841
1530307
483507
1361733
618618
1218087
233331
746702
905388
1238615
590117
320717
1183942
1110827
1351029
634051
1556475
1480519
1163613
1038918
1016910
673952
572788
1425322
793222
1127077
779472
1044382
895198
998262
772751
1458521
1424371
945331
456531
625413
521901
1578453
723302
1444365
1498840
595205
1282351
185970
1271328
995239
837248
920629
784160
1420460
1496327
1242398
1714051
768567
214253
1317157
1024148
944826
1299445
1496419
766090
663088
1018224
869639
1349628
645762
1002451
974525
1094745
613189
874988
677922
1426805
966480
971497
492614
546165
662945
645334
1264560
1545913
1041106
562986
1086998
427324
566047
761376
1468218
620900
141808
940344
875405
872842
577728
696915
978889
158108
673982
1030903
887863
1180642
1431692
1616719
1242623
749685
1306817
679120
886241
1319959
825140
918645
991319
1218269
1556152
707550
1343375
1751314
496275
1257402
1182975
1431357
228769
705214
520207
949760
1514408
1565774
896078
726686
1427126
1892036
573472
319184
422800
1429539
1109483
1202892
559411
472149
907001
1386236
539816
1484259
526845
843302
983482
1066533
1244043
1153181
688804
940634
323949
364662
628553
1235377
595119
744557
725703
1214228
1491080
822700
1289217
620327
1228902
873529
1375529
1184836
760487
468826
1422077
849385
721586
988032
763665
783559
1373301
1379406
1007235
1310441
475954
1285066
715955
1206516
1038429
1402241
1477141
1124373
241873
715171
527789
1070881
1339454
917414
1220550
704504
583027
907117
870916
660573
1253425
1411009
956510
1719823
576611
440143
1027364
608408
1822898
504199
1100937
833129
31225
560247
321774
1163206
812995
1482993
821388
429694
1222443
561261
461873
402877
1184330
551773
775567
1123983
746609
682996
1169333
692667
1171460
1281288
713649
804583
197856
769228
440974
1278371
1078634
1281155
722654
1475678
1141840
573710
710054
678119
742084
627741
1315868
960754
543854
1161508
460861
1510439
625937
1056773
355567
1162252
1309660
949360
700641
663714
1339351
437302
244792
898673
562603
957062
1015617
638143
633652
1359898
241788
665623
768103
1315676
541717
979823
1388612
915447
590118
941995
1352504
288017
1269516
1029801
993163
1299752
598724
603856
602105
568546
1400272
1643018
763762
1111655
231482
779367
867597
1729835
1154373
732533
1079484
871357
651738
532737
717764
300424
1366867
890793
209670
304691
638982
1116766
1198389
1108477
1111729
895260
689305
400897
1302279
407671
1070207
1494695
1198082
1142824
1187486
440875
1432997
1291295
699313
546938
348574
1048532
1404028
403669
612812
1062672
220001
720429
1099296
581210
749799
496717
1383531
528474
734719
1063430
1083880
1138443
1157842
389963
950047
938326
842343
163594
1245621
1262846
1127943
1097329
819141
1098608
839307
810108
389083
519635
1161002
530970
1232987
1839140
1660045
522544
1168351
1517017
1390899
1034529
1080288
1092055
356978
464996
558517
1213036
920956
517812
1392470
1597670
1212488
1099133
568265
715909
1007735
522207
1227000
340306
969300
1549557
954090
442629
439572
423209
1258316
427027
579291
631121
936011
861856
1453914
1188521
221016
1118998
1337177
876944
949748
842319
695565
527259
490486
756619
1492081
1300868
843123
967436
922498
1311346
1024498
1345974
737591
615288
863446
1057664
836743
1331691
1403738
1214030
258391
431800
644768
1190377
300027
385518
527851
735302
896081
848319
1302578
659140
700049
625053
1444148
1114517
1481612
890482
871813
708958
961392
332004
730083
163953
1161693
572000
823603
1584280
859799
905313
1247133
711572
667095
786398
1172895
914873
1507238
974638
1229842
490783
1584811
1373732
741817
418839
547393
1376436
1688474
1463774
685962
269070
1039148
772203
805550
680218
1067397
550322
301972
1177823
59029
479084
1014243
823898
752017
1014943
763430
525518
812892
1162410
1368368
1030994
96526
1559418
294437
701186
687704
1065880
766554
701533
891704
942373
1081872
552510
1199869
1511138
515622
696278
864150
1553324
465898
990399
1474034
555566
714161
1543011
108637
709292
944530
311789
1233305
804771
909758
982953
877391
906176
515053
1592499
996099
647436
850962
504656
1076677
1293932
1060433
781256
903242
1108465
527180
912355
590630
1026498
578822
663033
1522569
642288
1529301
878672
784382
694625
860368
1255195
512266
1132789
571178
501933
1373021
1617979
524753
289149
1212260
686058
1196164
469088
1597889
1296736
507229
388552
923637
245574
1081425
963851
1018218
236602
546235
1459416
1491708
643544
334120
1240163
1125350
1149930
1098319
480436
1216200
1101571
770782
540292
602356
1015897
464752
715048
598069
327663
1537938
1152455
1229439
1211171
1140034
661599
108148
1221501
604481
1391077
1594052
652077
892187
361272
1106033
298489
467351
1102744
1073449
1569782
566238
831310
1282739
428358
570809
1409364
960412
784653
1141720
616437
726838
1547363
578669
1024782
1011352
1347315
1087203
1419529
661217
663379
825877
1195896
574377
696299
792823
1189501
1141505
1121674
907577
973801
1505013
721284
1459280
294948
724740
592302
1594786
1128476
1457360
694215
702602
1385742
1058366
1096136
654500
926892
722348
349350
1522647
1006519
597266
479576
654348
561026
782420
1037431
513715
217198
898327
1513315
217336
562346
912744
1100536
1280729
787847
1310077
827031
859373
225499
576526
663138
1514477
301276
988374
800668
1045318
1127891
898216
1262721
1279917
1149692
950311
1465004
600592
1135117
1628231
655552
609964
254883
797133
1318356
1079748
1273115
982137
323361
1250738
889927
598254
1267958
1849653
1610796
999027
1095908
764467
766558
667315
1142801
486385
1188286
742835
1800813
416513
7279
753664
916870
1011929
712600
269215
595506
881877
1168733
1352363
975553
988709
1173348
1169369
278792
994295
592676
489418
626980
536401
520748
1189415
375947
895540
1746383
342889
871443
795737
444693
785132
1064419
810522
1002315
912041
1207022
709762
548079
1676437
175179
262012
836858
749232
345957
1231262
527200
970563
1157769
620010
701940
933801
647132
1122265
1164790
830969
577690
1140680
981414
1560463
328486
464797
923781
715859
1351343
837683
734070
807903
1092437
982710
1588703
334653
740624
772957
1212258
621495
946989
1418502
364992
1124606
1487010
603473
1103877
547675
814305
1007747
562141
756676
1293635
1078937
1648527
263282
817176
955971
1266196
1251810
622960
1427172
1273252
1609199
1329031
884894
214993
533274
599752
178332
1063241
1279671
1187468
640032
400502
727298
561556
926450
1169862
279890
994828
900714
1634905
1391450
950042
1599491
1155254
1090843
814036
1221600
837336
547210
910988
889097
827303
71617
988311
482924
476901
1529126
439623
777010
714184
742562
207499
1208191
827805
1389738
757270
812847
1120196
840072
610183
1652345
1336879
653781
929583
1242233
1053287
132138
790461
796993
903782
142702
1606427
819994
775384
950280
412258
841653
494408
666061
310827
673951
1213150
493885
1044088
592716
731320
874092
826783
1202243
557299
1431820
447734
756108
570530
697342
1243918
1106076
986267
718519
1621039
1036492
873056
1101630
1284212
547577
842349
1053773
1013049
905841
1226971
1060922
689155
523257
1384246
911821
1122728
793726
815451
1646194
89189
917602
1658411
618408
1211820
215104
762874
1468925
766265
502748
627358
281438
1302584
934714
800803
440187
456331
469015
988230
1653896
1776757
1162484
376933
1020761
936544
669657
975452
1050761
1631830
1181408
951769
1040359
1082976
562668
1702955
600118
994727
806825
981195
1358957
1340782
1025093
1106189
861152
1025625
557811
469866
537274
373639
1240893
618131
516662
1561639
669194
314015
944354
1163767
884494
178380
1511426
1135902
918491
1370968
686001
1078913
1086966
677595
151248
605796
1431803
1146949
602230
1026913
979381
1044061
1016021
687553
1641773
759783
929701
775334
295672
1289802
631332
1315885
295663
1338331
857410
1129158
1044006
938840
323645
859040
426043
1473597
484091
1308194
442433
1262995
819423
477270
704397
1361718
1264897
449405
1299019
1218469
822328
971838
335163
752340
560128
1136130
460841
1362090
483112
792637
923795
652714
925828
887007
435835
1304069
994630
467696
884863
1604331
924415
604433
1735228
405534
1092394
41786
948138
911650
503489
907912
855836
479413
469099
861759
884130
517834
798107
1208764
1507383
679895
928654
998419
1345375
436930
1218974
623809
1190431
940878
1522607
1017680
1085380
410324
1368088
389330
922078
1330097
591663
1157139
876367
603894
366276
1216737
724792
405291
862984
564516
447697
893425
600854
653202
780330
232935
1090967
1142134
1104570
1153188
898181
888962
895752
427942
1097494
373094
1068240
1091168
617107
796753
1060669
774081
689306
835416
935296
1044891
541660
834894
905370
1427739
724594
991000
888954
368744
1623128
874591
1013708
624203
837462
761798
1576398
843194
1154378
1640504
701179
658946
616010
516586
1472700
1185505
249298
1473676
1271896
1473461
704508
661500
1193766
768840
445673
317183
1138782
849016
462916
1494502
763177
1414305
465543
1352336
777737
1471745
932320
985081
1178044
606920
365052
1264914
1053497
481073
578362
639294
750684
450703
883752
1018296
1511812
1290632
1356314
1424850
1332630
705445
1164969
508407
1291418
561468
151506
329687
172225
747412
1106059
915993
1107807
1492810
593193
179434
1163794
1473202
953737
1504530
1474624
1423463
886547
1518858
1336776
1642693
1118497
112920
661304
721091
1565991
1402966
438629
1106458
780128
1494676
1287995
704169
657826
1073702
403794
807483
362057
1069224
1444080
1041345
896256
1159587
570688
948401
321170
345490
1830806
700443
1286689
485573
919773
1499444
959212
827833
772193
1071206
1030064
1175411
404676
1342751
620405
491666
820128
787339
818223
1341514
1116602
444533
1426217
353118
801546
1022485
1217933
1511735
1004246
1078597
722089
613025
526338
316236
1069080
420582
742841
902003
746830
588579
947402
676846
1121899
805994
884340
674349
1063221
528817
1044147
944823
1329200
585411
523185
1093999
1464908
1081864
803414
844811
1345838
714795
652154
671912
1043290
1451056
1320206
794102
610998
861327
457317
194675
593571
1296428
1265650
538962
735871
1622327
581322
756380
817427
667559
323312
313403
356203
847554
821864
1210527
1205906
537244
1201457
588494
1129330
1208668
573488
1276336
679045
426053
1132821
624547
1288070
1188816
1369289
814415
411776
938506
1445546
691832
510646
770446
814772
919123
621484
823337
974696
624266
1106205
411178
874170
1157825
612907
1609992
456299
1531813
311762
1673112
1329506
986935
385283
733921
779775
922688
600273
952542
820573
517898
658009
212682
285349
966995
1387566
1136846
1316778
1118130
577876
1208422
1258222
1216499
1078414
1261858
716909
341096
838485
743315
912073
1354787
985448
658929
1622434
1103713
1162817
427967
763442
270766
1251598
646181
510798
762149
1009287
1017699
586025
731692
616193
956914
1262774
856825
731856
1243782
1243143
400813
895717
888176
365814
655861
290844
560495
736145
503633
1038399
1091329
1121034
1077421
958736
655705
800980
428760
1003201
596325
671827
1089946
651330
179566
707292
1182678
1372803
732904
1507667
1448236
1372038
1146462
1118880
1196276
1187800
1360288
1050517
871948
564659
1037817
1333031
1398520
752747
1091619
965315
893885
934708
1120903
1608032
760005
595303
1256256
1141006
1242533
1499018
280362
1120847
477725
675403
735166
942231
757921
882568
762703
704737
862649
273930
1228146
1187400
853755
509674
1096876
444201
560567
882934
604886
460679
1637266
702666
810680
636040
731465
1104644
1376932
449368
1030721
1252956
598221
1397791
1291432
710610
1060488
1193314
597851
1209277
402438
564792
1441417
1159735
1212218
1220131
685939
987565
1022094
1402717
1325491
556341
485061
811685
705113
1398986
1733132
836391
780269
1135801
1360648
1149021
158144
302890
1683565
1282969
507612
482110
913928
42759
834949
655327
1109590
1148757
992104
1068646
1195738
583067
1178195
685919
832503
262257
662632
711671
882669
969674
239567
1087873
111740
600947
1119294
922627
513256
1118292
731022
447421
244040
449963
714244
553535
1093043
765335
804236
258467
849292
238208
455671
560601
346076
1071340
400614
748068
848807
222258
1242528
665757
1296676
225472
1148563
1274367
1357931
1099147
512640
1643444
560802
813402
651368
1570552
935792
785103
388551
1109099
1104067
1215855
1027879
729564
1507605
1189161
1750979
1401420
960240
626953
457606
396418
789557
784321
996007
1233187
1071665
789225
680295
587447
1122112
1392061
582604
901484
733583
1008278
1051886
1206348
305329
239269
885959
1136194
577159
118810
273193
626628
611588
1347394
620478
779877
453186
388389
1133715
792755
435276
1466221
465597
614695
1230505
686171
411648
691123
807383
1392659
1043687
810149
828739
1317033
991060
246164
480203
975544
1000841
610994
409945
743874
1307736
735444
722032
782414
887157
865742
1055561
1080880
1422032
1022592
710066
937449
742214
1503310
1030714
1015886
1352550
1594741
758690
1012056
1158884
1325767
654388
787883
410879
781479
1216695
896571
1747391
1170203
1318694
741304
1363094
1301784
1024958
1410523
590109
947311
812520
435770
1422395
723060
1350944
914785
966171
610748
926502
483511
1622751
634200
1262231
730279
1059812
148644
1218402
1085590
905362
929851
828790
649139
1051347
675553
585754
1000420
678704
359085
1045427
935216
575674
726308
853033
1143255
1311245
419687
1108021
1376506
438244
1251612
589154
691787
894087
1704982
1101255
398849
840429
517114
837088
923864
749845
916622
1637330
856438
1152752
1141144
503379
762028
1136965
1060285
1247106
821911
1809391
1099493
310627
1341317
1154241
1177106
1531529
1474927
628110
427085
864320
531030
660953
1482290
1301213
1246712
937992
885035
416164
1518063
750071
1639116
1127396
1247811
800159
615020
778759
1063930
490666
1359358
1225859
581809
818925
710988
443008
1285357
1505488
1501022
464301
1122567
167832
474798
1293344
613214
751923
476023
721206
294643
812895
1244481
234032
620681
657279
1117480
1008997
1018004
893429
1337171
1345173
772275
745763
411618
212324
631780
1205335
1378048
1307945
628261
671770
768616
807085
1042498
1173175
929625
420001
1380921
1271893
613972
1023340
1126646
458848
1065520
1060714
604107
1197054
1394042
1235011
415167
1099027
817228
1365966
1339431
814127
345840
1094519
523925
1628730
1601937
1411809
1153772
1319205
1055351
1214251
1148209
898557
662498
693256
974797
906017
1605910
1108916
1260853
652262
552792
974149
1572150
1512719
520695
393412
891022
487986
617572
922905
1000355
917417
779501
259108
1155890
1399847
291167
1409671
1094386
1283882
917587
1128774
1238109
1008451
980736
746460
1280782
1051844
1018561
1534256
1217470
535575
1310903
1185143
951032
775715
1202553
1810847
1418084
817373
515338
1857386
1124555
518517
1042479
631899
986561
704750
1261830
1623538
1293938
632691
271264
654554
1116500
571651
1037220
1181495
1106109
1447396
542986
1226337
1012502
101884
335964
631398
893172
294042
673646
863164
718485
850595
1173426
350379
1313323
1357435
958374
1066112
477269
601066
1326911
832523
1361037
1480669
1146158
1601708
366819
725357
939877
1190540
913869
369012
1093610
410966
715511
935836
1724112
1033432
908911
395648
906503
926170
1802862
477874
1519451
1270487
890220
1347289
1200972
542829
1236576
721215
842227
478424
644005
821304
1104860
733196
865946
590871
1064070
744844
1260129
1206177
532414
370309
991171
618901
977551
1477665
1811146
768971
1149869
1228212
1209505
778709
1062451
1139254
734017
809396
1439805
966146
450612
586030
672474
235761
909933
1296315
456559
790815
112322
1175059
865667
1870060
640720
1496713
1113775
683292
1150866
1475604
1176927
449348
1413235
360456
1454142
964030
976420
1322815
1076471
1654212
506926
326135
791119
744673
1326722
927960
645049
612782
735635
788768
814912
985149
513370
1051950
858111
490398
1178131
813703
850011
882174
719309
211668
507806
785270
1772715
631199
617796
565265
611841
1485514
1005866
751916
745842
588145
1251443
1565785
1013458
1286618
846682
365942
413655
1223049
319991
1419566
1476705
755991
505239
444104
618639
669947
1093668
941509
864697
1043838
373037
246139
1186125
1302557
1002120
1369009
722919
881666
2059397
504791
972493
621854
1357874
771320
782788
977130
764363
898092
1205780
1132995
882473
672047
1694107
1043033
1332186
528645
730237
1386944
333604
1067838
355854
927331
1326747
1377274
607350
867830
393255
1279926
430085
1491359
861274
1076455
1416371
1048395
905546
740758
1136848
1316368
1179452
1587333
360138
463902
926186
1294883
585368
1283678
168081
1257116
507629
1397174
335812
409140
407305
1771310
759078
498785
771268
387978
503575
855534
1229492
1269154
353106
599815
965604
1327601
214204
969033
374575
1133704
558289
1261354
467795
940598
1675596
342930
802436
655510
574804
1311227
1163211
931380
1447588
611664
607611
1127657
740121
1094697
1049841
598880
330408
1186039
884658
1003452
375670
530900
1099241
1403130
674055
1048221
745515
665950
766607
547886
1017430
1048321
979636
1812896
1108869
1468124
885815
721972
858940
527813
1268167
578310
600941
775408
517526
291873
533705
508548
1020383
1402534
798443
870078
1279888
830501
424522
405526
781774
375829
1438869
1222475
505183
275662
453038
1462761
963729
1005525
564098
1311896
671385
1067326
993693
563980
139670
788297
1101504
680438
1315894
1108129
1052799
1265475
403953
922414
1595876
955041
437281
1146142
906208
1595609
627069
365150
694984
1090034
1152465
451197
634765
1424211
386480
822134
206897
355480
328427
548977
384507
989282
795694
1483139
1268357
818182
581080
924161
787780
1544263
1178128
1484180
960646
963833
1048846
1435649
1209363
594760
1547653
491593
1039340
1142986
605666
1025092
1266776
1130303
537779
1056311
879594
788994
862897
1304115
511849
746782
418300
518084
1586981
1343512
561476
885346
558442
953451
765445
779503
256410
974655
1195976
910536
314433
598752
1063695
606644
1174690
111730
1239266
190641
259222
770295
563326
555052
679678
1101133
944344
1140920
1113885
300505
769614
1067247
1279093
1593409
771427
1432352
843317
1296670
367876
897097
1006893
588712
1236752
512391
963938
795469
185913
413048
1407328
678485
863932
1095955
932212
130515
1130081
984040
879477
877192
145771
734929
340384
493808
444239
642460
545902
1500251
991759
1378565
585925
1193320
1247708
706438
1131492
1177820
341082
1586124
1152351
634036
589253
876973
354391
392476
293680
834523
731037
1643349
562628
576834
829704
278636
866026
1047724
894146
673722
571599
1245246
806749
530615
164409
1216013
263206
661878
1585606
1294570
621370
1095550
1184426
749154
916622
1352435
1054980
1179055
355246
1213680
1193110
942134
1126178
1129306
1236291
909585
918654
642443
1512557
513633
783004
566027
1409819
401257
327265
1139407
1016872
1008742
287349
849058
466262
532284
713946
528438
431495
202482
883655
1462044
783921
1415274
652768
1040151
1034249
953467
759738
889059
925122
1183122
569491
1261973
545466
799804
1283522
867666
918118
1058870
1513293
799796
318250
971473
510044
1231207
992162
833225
522634
1278111
748068
1061842
290913
397573
692650
1181718
871842
533614
360489
1317646
179498
1557382
515098
1426306
1112398
945282
897801
1187826
316720
602876
613226
993597
808049
1087931
484196
1290230
973584
445091
1277817
1142835
1366167
932386
1021044
210468
1690891
1059392
437510
1206586
1338137
1195335
498642
822277
1082825
1135465
1030104
508519
1378258
493892
188297
1328248
1320922
1583721
1285875
1214099
1282203
706656
1231911
608178
814725
1490041
1438819
669915
707719
919109
661939
1325115
1377382
574030
993577
974147
1008618
382383
1180044
809547
1093845
884404
1019112
477268
635799
1254971
613633
1635292
1116955
826335
1529642
878632
1438829
469030
548816
641032
873053
1380845
472938
897580
987657
1206243
265068
1046552
1370182
1507164
850242
118423
865407
266635
1576518
1006532
852956
453081
769120
800776
793778
1039995
795698
1254993
736787
986581
729379
528491
1525720
726743
641950
1207055
338240
774515
842308
1191954
1020288
848564
603608
1280232
1119025
471323
213921
1064125
1564498
1171070
380752
1104375
1519104
1346314
1462633
979046
801568
589614
1017424
832903
1022844
492518
1086263
1803068
98004
952816
514904
1415075
1278546
1206111
705320
1336700
671863
624055
858282
618500
965831
675315
823586
381286
791516
1262067
698355
531965
1352772
1075383
779863
437823
955444
833078
316792
407506
168906
1221937
1178517
634013
1865477
1208082
457447
516490
1242116
210814
930690
912834
1115496
409754
1194003
797015
577841
496403
1134717
695476
1007954
1257763
718693
767527
1392460
1046495
533376
672781
1168876
807533
1043168
1271267
1814452
214150
857895
785478
1662907
1460582
1184511
836511
1293058
689497
1654128
432628
504800
1055228
1324171
670907
1077696
573168
1651966
1227236
1377369
453560
963004
886625
901073
354072
1085407
267469
590038
400489
1250108
992258
604178
1359816
569185
322525
850534
983709
508023
584974
806802
800844
229719
327803
1256465
159935
696252
405893
779305
437189
1051679
301228
1406807
374750
469108
706744
578684
1248582
1469649
1266350
805807
348112
957248
490758
1021335
1166728
1341397
846513
1263871
623297
885506
1047724
708430
1067304
1299997
742138
1406195
1123704
552058
1044318
1039001
1711750
835739
1389940
774251
1277088
1147315
1125621
896347
1289986
974439
470402
1620628
1115255
1677403
1279668
1049878
867645
949807
1680085
202240
129025
600151
1156987
1189239
688857
1587542
905329
604205
1136463
1140309
1325925
854926
1311513
1080567
1261955
1160416
1095172
1103471
849222
206066
383282
1691153
1350448
987794
558554
539667
808252
1252412
1116189
1311960
1183179
387945
618371
474123
953421
656361
260839
235473
685131
1027919
1352789
1131444
365044
885706
1015838
415926
1363599
1264333
549930
966767
777781
883988
1336570
269967
1314144
715047
180257
507491
655135
918344
1064289
1317826
257543
859882
968196
916910
1252919
1619971
819797
609538
652049
1637032
1642436
380530
521325
684194
1460398
407452
1603640
854007
1078823
975918
325976
1283006
599757
745205
522151
923619
423815
524767
1282386
916341
706147
1317433
400131
1084249
1301380
560572
1114569
686679
1058825
601112
1058686
979900
1528170
858341
935858
539237
971750
753049
1331789
1089292
609373
1451077
906278
1280940
669228
563369
1148485
1338461
1345975
1204114
1071330
1122913
172585
589692
666771
765589
799067
1123460
1070375
1307388
317955
808585
874375
520036
988922
1262666
1690362
856629
759355
770554
623611
149100
1300958
327923
799133
511056
929816
991144
1017299
1047120
1319030
1016028
450270
611045
483874
429117
1027674
824052
764813
663730
488831
1145651
629590
263111
836370
664241
811767
258141
571438
600826
1028313
591639
745285
640742
639684
316696
930773
1320929
1235910
1358488
1278527
1136754
240557
1110938
584033
1348271
736998
1263972
1680202
1113915
1285847
873954
881765
430206
826823
446890
659158
1168036
748713
539638
295522
1045995
876570
707736
739090
802734
549010
916191
1319299
594288
1027582
1130221
655959
1209853
968951
589702
806018
593528
483369
709553
1312812
1486590
864920
1047807
1178703
1285969
936123
1640456
825738
1296060
514199
1087501
468269
616915
785736
481100
716175
1364984
721779
1784516
883881
904731
659922
960672
876774
981061
555459
455329
1090658
890964
73375
1008477
1316200
1318840
853741
1563026
1230077
1062809
1108002
526847
959816
1306128
1095871
1111372
1010227
428403
1182137
350597
1035681
621437
969708
1375494
962799
1244660
986276
1730663
574289
730793
551363
1571793
955579
1481405
638774
1263026
722736
1092591
485604
1069544
1279883
1315421
682729
255385
529263
459202
288289
1094727
429080
1637029
144471
1766471
1173657
1301129
500642
1715788
558814
891885
1081207
925599
1308194
1246447
314106
515775
809114
934814
1051104
836264
1180410
277020
820247
1310824
608408
451923
1281268
1385131
590514
1097976
369138
801497
1442530
692938
51592
1509255
1470971
978220
659496
1017670
1507975
1048805
553949
725352
794245
863266
935411
589268
1142782
801860
1371754
1288075
1317078
1495063
1102985
1307866
865582
1086014
271691
1200351
728353
945125
396578
637195
328271
874385
1232807
841488
302280
559437
1379911
667483
1071327
1263003
504626
741095
257445
586834
434096
1200891
1155694
942488
894248
1153127
769405
1414106
649120
654126
596304
611060
663581
1000789
902161
744684
542407
254303
1045451
490157
386849
564207
1073056
1094660
1019656
798277
578685
775583
1090976
1411031
1453514
816929
1228815
414798
1165465
633736
1148413
1273385
790079
1114051
1407311
1127301
1031292
1084417
320924
225563
350947
612473
1159544
1451640
1188220
433299
873370
722427
1209011
988835
304775
910504
1271727
960352
1028365
436065
869954
1081769
731103
383200
1357919
1474294
1667251
1900727
1506907
1291487
1299462
1172093
1358339
1203507
904739
991650
640556
407380
691955
719827
1207447
831352
653198
510804
1179321
1239202
893027
300760
1418596
1103445
853545
458344
538110
1074753
680000
1407116
1390638
781183
743261
132827
1346812
217521
784585
473279
1535838
248141
913829
1679262
430449
665641
1065376
1130718
781856
471954
799263
1203868
337865
752977
1205801
593963
1282765
1158546
843348
1036468
389784
1199711
514954
446365
816023
1123127
1441731
969062
1009290
1223871
650444
1137466
884634
1189729
557345
1671148
341336
992415
678967
894015
1374772
1565200
846145
385431
437075
1515619
782259
1374978
1052918
828096
1580358
1236150
399547
262451
1698620
321695
156080
988428
627346
417698
724600
1429944
1006336
797510
1456721
1209419
404715
1041856
1694319
1175828
788959
1154896
493238
615363
1811299
701311
548751
237032
1267205
1521199
1191601
1017166
540256
950656
1152417
544133
916172
776484
807961
1415108
464667
1453544
670693
1518303
1410508
1772945
617501
773931
289683
597266
383283
868813
879290
1384451
1460338
1040082
342171
826083
1460061
1549267
487108
924347
539467
1220167
898988
236030
1040196
1100680
606825
1395383
1092604
1393146
1485410
634467
1147350
822664
809805
700065
1191766
1151928
1407729
1311225
794208
488182
839210
926179
1351372
673697
1038655
1144729
671787
964260
780452
561014
682866
1299827
960363
1359473
301856
1177104
649808
1124788
1199865
1087639
638438
789352
596515
1233582
665155
1175854
1669333
1433667
999286
552340
922562
310847
1242053
1712666
1050077
584679
663888
839514
797694
374722
809408
1286105
1100129
1103942
1352253
1652960
571771
1094904
492312
982747
739892
1672079
1021929
719738
586629
776796
692610
900935
1538687
1195594
176257
634235
815900
563387
815070
1230404
386277
1119445
375591
870176
754382
1113434
471457
1333741
460043
811375
1296536
645949
386324
1092178
1048017
1480670
590239
436478
813398
491844
676686
184916
1927322
1147632
1335453
1039438
1295058
1386488
385869
651307
787846
1059463
1017617
158336
680951
1258493
406192
1252655
1644748
773573
1322348
1138649
1213559
748008
477820
1327563
1169316
695112
940806
1450598
1176263
1216365
1273105
436350
648513
773394
1097216
924486
936808
796633
944179
834888
1280112
1144248
1015297
1621223
1332350
1116275
1039446
562429
1195311
821742
789936
1459925
667968
312595
441178
1295797
1280593
645872
739481
762728
555695
607507
1363652
1282536
1357426
356310
297797
936484
932142
1147511
775089
495240
1150550
1432647
921657
366028
527976
918776
1375917
874201
1306682
177227
1152216
954490
562729
1310434
992558
905357
662570
1174266
945152
836112
1210155
915199
400397
898665
1438268
541152
1336976
355752
1164214
1044509
370964
1055478
539573
714091
963480
1024274
1363559
514931
624552
1306882
793934
1636129
1222844
1109572
753652
1224806
1028901
1112517
609928
681587
275057
1339445
892380
438076
909210
644887
774720
535621
1570971
730039
1204387
878772
378632
1319749
1111890
761626
1658790
1364908
294044
623162
796829
1371568
381740
847494
1651331
1722398
983566
963582
1003066
968429
811309
906414
991066
1847437
520782
1083014
815138
331762
1703187
637640
517658
1078218
1087879
820282
1282624
631935
686453
465122
712169
325206
668039
492405
1501880
371077
1368091
1461798
78559
484781
462965
587796
250265
1426516
933578
1244657
1487504
1280202
748488
1441607
1070403
1122490
891097
357006
351751
915229
926891
700818
563699
823445
1248069
1261171
1271976
669908
759103
613672
972596
1349802
548228
728453
1313973
1416608
1277758
249569
782362
457946
450057
692665
973034
549052
814843
522591
1465023
801933
711475
1057950
1404723
734129
407936
585427
1332057
958197
311707
1147474
1379693
898167
389630
688923
908760
864656
327386
865805
91365
617270
830913
1356306
449365
446263
366868
857016
1067131
900496
406642
507707
1663489
905952
850443
996986
1186743
757423
1357184
1271112
1323390
1271298
390104
648954
799376
882818
594673
1549395
1503241
1295625
976634
1516777
820063
288906
1178768
1000911
1266795
901793
713676
819479
558963
749814
1522153
885100
559265
873160
635291
1107549
988152
1038910
496738
593433
752910
984711
549729
351113
794381
735135
1515218
1507588
342767
906196
1120300
27765
315128
900445
1082492
569384
573732
1643577
1392843
1336387
1406208
1025350
530342
977461
996540
1061229
779870
1003818
782659
1141055
1484135
105804
1440904
684216
1501859
563562
963998
1145769
1382997
736604
872788
735928
599995
1282801
584854
1046510
470524
790613
1330944
1135105
489564
880186
392230
977400
899463
720445
607676
1301646
387664
1084995
563163
1341205
644582
929858
1104048
731179
1261074
975818
801159
407422
659542
1253191
1211829
1298173
507650
609906
1555939
1162966
691705
1589401
1640174
1250914
553608
510800
760902
892120
