2384
2006
2983
3600
2115
3147
3333
2193
1708
2405
3626
823
4163
1916
1818
317
2515
1981
2067
385
2457
2914
1152
2359
1709
3727
2813
2781
1452
1474
1973
2789
974
1374
0
3277
1243
2330
4210
1364
3122
2473
2768
1080
1960
1818
3551
2076
2793
3947
276
298
2879
3343
2589
3812
2769
2270
3378
2612
4884
4255
2123
760
3354
3570
1723
3525
1494
2293
1945
755
2453
2957
3172
3652
1951
4117
3525
3360
730
2576
3355
1460
1485
2834
1934
1447
3123
3998
3541
2409
2069
3499
865
4453
3024
1441
494
2231
248
2541
4023
2432
2900
3173
1547
2421
1990
1696
1238
3259
308
3551
1609
3478
2977
2643
3452
3586
4544
1818
2664
2145
4067
1165
2080
754
681
2358
2286
2513
1579
1336
2071
2341
2602
1301
2270
69
1417
1737
2435
1596
1564
4043
3326
2787
4059
3315
1473
3464
3481
3353
4059
1821
0
645
2228
928
3031
1773
3854
3594
10
2388
951
2645
3601
5439
1180
1770
3842
3048
329
4485
89
4462
4442
2866
3315
2122
3356
2184
1264
1266
2695
693
852
3674
1028
2423
2358
827
0
3734
3210
2391
1266
2310
4149
2570
3678
2725
2862
2651
2469
3365
1906
1302
1725
3665
1618
2598
0
596
3597
2032
3687
3246
629
3375
2993
3416
3192
2557
3645
2459
3475
3400
1744
3807
2384
3752
640
1146
2198
3378
611
3247
2133
2303
482
3437
0
2653
3408
4136
619
3399
2498
1375
2843
2414
2769
3599
0
895
2213
2402
3016
1542
2732
1311
877
2058
3959
2914
3957
2330
3185
10
3634
3422
4942
6157
2047
2785
3495
2666
2164
1376
1037
3048
3815
1074
3216
1756
1949
482
3094
2993
3873
2940
5126
4073
2783
718
2753
329
3154
253
2808
3602
4447
1663
1935
5338
1696
1871
1208
2781
2633
2753
1022
3782
2993
2700
2164
2902
1271
606
3123
4703
1949
2163
2663
2493
2948
2537
3913
2150
2363
2450
2860
1890
1638
1684
3744
2612
3206
588
1654
2151
20
1096
2488
2427
3446
1074
3462
2426
2543
1020
4568
1432
2805
3454
2321
4068
10
3500
3715
2164
1346
2488
1052
2030
1366
2251
3928
2050
2062
2467
909
2785
1686
3299
2871
1350
5396
1928
2087
2354
4068
614
3390
4062
2231
4229
2506
2956
1968
2748
1177
2496
3676
4232
3154
418
1006
2678
1539
3968
3046
3947
3320
1085
2390
1686
2206
4512
2092
2796
1493
2157
2260
3725
1998
1394
2909
2175
1433
1973
3417
3744
2339
3361
1571
3427
1619
3639
1897
2479
1389
3167
3888
1581
3730
3122
1630
3400
2322
3429
2843
1061
2101
2605
3972
1264
3366
4392
1403
1371
930
2326
2741
1856
0
3114
2935
2477
304
2435
3457
5060
2198
3067
2820
2228
2777
2310
1547
2489
5154
1650
1500
3100
2365
2832
3250
1454
687
2897
1950
4025
978
1426
2016
3733
1487
2100
1883
1831
3423
3909
1631
1531
3674
2969
322
2855
2982
5126
2231
3654
2198
1344
2156
1968
2665
442
2316
2397
2566
4016
2724
3727
1631
1162
2157
1548
1213
2796
884
1267
2823
3016
1600
2994
2089
1829
1433
2177
2777
1847
3361
2591
2002
2767
2736
3056
1761
1496
2292
1440
2216
2916
3279
4543
1548
2048
2670
2860
2113
4362
2866
3077
1534
1486
875
770
3280
1731
2603
3838
1364
4420
2159
2909
1236
1729
1022
3070
2591
1768
3663
739
2411
2612
1425
1051
4440
2377
1513
1278
4559
2057
1339
2450
1725
590
2189
1756
1485
48
3227
2496
1796
4288
2498
2471
5148
3408
1488
2070
3041
1318
2863
3552
3299
1663
4317
47
2481
2950
1126
2254
3385
3552
1235
2350
2051
1790
3528
2796
3198
2615
3749
1567
1506
979
1191
1832
2750
1712
3175
3653
2259
1832
2995
2322
2174
1886
2321
1393
2726
941
4539
4317
644
3471
1697
2264
3261
1820
592
2841
2086
2978
3918
2894
987
1075
2097
1361
4171
4577
1777
1756
3485
2375
3462
3290
2120
1706
2757
3356
2618
4208
2169
1262
1189
1697
4193
1664
2463
1211
3708
2643
253
3207
2499
2850
4740
1681
2186
5550
2389
1280
1751
1592
5396
3115
4066
2860
1268
2110
4049
2287
2513
3261
3766
2124
2312
2144
2874
2018
951
2292
177
1105
2200
2138
216
3274
918
2037
2782
2633
3101
1639
1415
2717
1946
2700
875
4815
4250
2002
3295
2933
4880
2969
3452
3241
3031
3641
2788
2633
1770
2164
1289
1128
2360
4105
1197
3106
699
2606
1377
2163
843
2840
2890
3240
2655
1090
2739
1394
3493
1006
4161
1804
2101
884
3025
2575
1813
2287
3356
2346
1240
2583
1454
3064
1540
1588
2866
984
304
2409
2224
1921
123
3475
3105
4208
2128
2570
1072
1120
2866
3233
1354
3400
2363
1947
3770
3153
2215
2643
4972
1830
1417
1796
1842
3833
1090
2615
1815
3788
2612
4702
2715
1239
1173
1767
2897
1697
1225
609
1918
2475
2345
3395
1426
1401
3247
2002
3426
2542
2810
755
1654
333
1458
2057
1731
777
3836
1505
735
1061
2667
4672
2286
3402
1391
1273
3379
2320
3198
2360
4942
1903
2298
3312
2177
1684
1335
1574
4816
2954
2821
2059
635
2499
1314
2545
232
1479
3587
1380
1178
781
2687
1793
3128
1591
3423
1023
1146
4418
2588
1596
2570
2264
2032
3046
3131
2171
1339
2314
2203
1983
3570
2361
314
2122
2145
3461
2122
2092
2432
531
3661
1644
3888
1113
3878
2737
4071
1478
4317
3311
3297
2182
3467
1644
2004
1993
3719
3227
2752
3439
2488
1744
2318
2820
1639
3053
1073
2499
1336
4719
2708
320
2843
2118
2679
2533
796
2414
1350
3132
2916
4101
646
3611
1628
1548
3654
3048
2368
1627
2606
3338
3663
3854
1354
2139
2174
1486
3312
2976
1450
2655
1055
1385
1613
699
996
2598
1048
2006
3916
1723
3187
3399
1416
2874
2850
3021
3587
2438
1444
2541
3128
3247
2166
1630
3869
5550
2046
1753
370
2961
251
4013
127
950
955
2950
4167
3114
2335
4080
3366
2965
2496
3167
4167
1996
2633
1968
2813
895
4101
2754
1934
2999
2964
1954
2349
4031
4640
3772
1985
2355
2176
0
2016
1221
338
3402
4407
2714
3077
2141
1253
2294
3256
2606
1239
645
1008
2912
1200
2120
807
528
2810
2365
2710
4161
1727
3058
3558
2973
2086
3995
2269
736
2189
1401
3051
2860
1339
1565
2028
2522
4255
2980
2725
2361
1064
2127
2301
3586
4577
4410
3115
1765
1712
2193
3280
2792
5093
3540
2428
1354
2229
1220
1400
1799
1133
2025
3101
3546
1815
3428
1639
2914
2205
1805
3028
3907
1863
3241
2212
2076
4407
2
2388
3601
1723
997
1954
1751
802
4416
2988
1933
2812
619
361
1096
2120
3799
1339
3101
1945
2105
2183
3437
3100
2057
3008
2354
2133
1526
2015
1218
668
1213
3131
2528
3303
852
2735
5148
1418
1350
1687
2943
3594
2711
2626
3780
4507
2951
1113
2692
1518
2336
3008
1581
0
2385
3672
3079
2916
2160
1930
1543
739
2633
3028
1736
1820
2689
2174
2002
2437
2999
4019
1704
1923
1687
316
2475
1645
1433
2086
4548
3240
2546
1028
4719
1037
1726
1463
3778
1908
2633
2651
554
2384
2145
2634
4306
2489
2057
3141
1264
1401
932
2842
4193
1262
3492
2306
1073
2832
956
928
2488
2024
3436
428
2309
3801
3588
3044
1630
3777
3375
3651
3326
1727
1329
3744
3717
5439
3294
2296
2171
630
4942
1392
2705
2453
3345
3734
1628
3301
767
4230
1832
1603
418
3599
1886
3777
1235
895
2810
3439
2349
1914
3505
3182
840
800
1298
4884
1797
2841
4428
3848
2992
2646
2999
1846
1301
596
3392
4121
3910
3552
2322
5154
1728
2153
1451
2025
1243
3702
2792
990
3495
1188
1997
1224
1751
3286
2588
1674
3351
2632
1387
298
2726
3327
1644
782
1232
3481
4407
3088
4416
3783
1447
1751
3587
3600
3918
1809
2192
4065
2051
1965
3421
1756
1552
2486
2724
3984
4317
2362
1458
2133
1003
777
3429
2505
848
4675
592
3067
1869
2555
2158
3842
2823
4136
1318
3939
1022
4579
3433
3913
983
2346
3048
887
1390
2834
4416
2435
1708
4656
5308
2726
4218
2646
2626
3240
1236
3835
1761
5489
0
2853
2715
3429
268
2053
951
3930
2633
1477
4171
1557
2677
1427
3650
1600
2916
1100
683
2502
2240
3348
646
4571
3714
4478
2552
3081
3115
3089
2087
274
3894
4447
3034
3474
4178
2928
1825
2201
1471
2139
4230
2832
614
2391
1493
539
2290
2201
3171
2832
730
3545
3774
2471
1895
676
1595
2601
2556
1689
1954
1221
2016
3799
4239
4174
633
2286
466
1354
2533
2216
4577
2820
1904
1962
1210
1171
3374
3022
2753
1051
2602
3424
2812
819
1581
951
2948
1950
3390
3894
1220
4740
1804
2211
764
4032
3904
1453
3609
3799
861
3513
1727
582
2124
2647
3975
2318
657
2051
4512
2499
808
3807
2184
3203
1866
2914
3968
3525
3044
2474
1727
3814
2754
3727
4632
1704
1753
1639
585
681
1392
2386
1954
4288
2407
1414
1555
2641
3418
1815
3026
805
3227
3417
612
742
3131
1619
2475
2486
4222
2496
1883
1441
2605
1056
3935
3439
1447
779
2142
1519
3254
762
2543
2322
605
3492
3236
1586
1540
2586
2431
2135
1498
3785
1609
2120
2920
1980
4163
1755
2321
2786
3207
1508
0
3213
2940
937
2616
3429
4379
3125
2545
2219
2350
2131
3440
4287
1450
2463
3034
2102
3394
3309
3483
807
4065
825
1567
3830
4120
1531
2860
1921
2997
3644
2382
1689
2057
3440
4019
3721
2905
1783
1526
2654
0
983
1351
2145
692
3356
2037
5816
1718
3650
4255
5126
1577
2227
3400
4442
3764
1644
418
2682
1126
2569
1471
1330
1414
588
246
1958
1689
1238
3123
3959
1715
3571
2420
693
2663
2108
2718
1429
3539
4072
1692
2105
150
3310
1663
3651
2086
590
3237
1824
1500
2704
566
3336
1797
2850
2124
1557
1272
767
3366
749
2173
3367
1613
2597
1502
3401
1017
782
1260
2163
851
2935
2272
590
2569
2231
3558
2344
3502
2252
1308
1387
2915
1712
2500
2377
1777
817
1378
2687
3153
1574
2154
2914
1895
3469
2735
646
2036
1822
2192
1998
1202
2416
2853
1665
1916
1946
2077
2091
3122
687
4483
2177
2725
2399
2477
2069
1696
1373
1975
1544
2579
3955
2493
3306
2851
1568
1727
1046
3808
1135
3593
3939
1877
3907
2155
1765
2933
3259
2861
1567
600
4410
1943
3261
1336
2247
1901
2905
3215
5018
1825
1260
1145
2658
1120
1980
2682
2187
71
3188
2715
4001
2847
3663
3484
2339
3202
805
0
3420
1438
1014
1575
2198
969
4485
1954
2386
2705
3471
3419
0
3155
4929
3125
3607
165
2630
2048
995
2534
3824
2869
2577
1836
873
2545
2112
5014
2311
1290
3351
3009
1173
2565
3579
2048
1717
3195
2488
2351
3475
1707
2399
3408
577
3662
2889
2993
1312
1579
1950
2262
3725
1266
1568
2422
2425
3101
3240
1295
1432
2866
2916
3166
3252
0
2083
2027
668
969
1619
2189
4438
3641
2679
2456
1006
2354
1518
190
3131
1393
2496
3254
2156
1859
2824
2676
745
5761
4800
2474
1663
1803
1809
3241
2132
3740
1307
2347
1077
1170
4512
2897
2025
2769
2889
936
4608
3510
4374
2350
2450
1796
2312
2914
3034
3487
4068
3361
2411
2465
839
1354
1170
951
830
3121
1903
1323
805
1931
805
2870
2318
3687
1663
2585
1314
3222
746
2653
2254
3356
1423
2590
3280
187
693
1859
3644
2490
4331
3455
3420
1809
3669
1176
2473
3261
4341
2638
1243
2410
2915
1005
683
3912
1839
1135
4605
3409
1423
2432
1954
4013
2000
2488
2113
2917
4055
2957
1505
2583
2166
2972
3552
3549
4032
3265
1868
1692
1726
2154
4632
2145
1813
3848
2663
3130
831
693
2051
2338
2970
2562
4578
2425
3379
2640
1999
1302
2465
1631
3623
3650
1519
2557
2334
1567
3387
4027
2488
2081
5332
819
1135
3534
3828
2864
2751
2041
3514
2716
281
3241
6157
3175
362
2392
3154
700
1887
3202
2228
1752
3806
3486
2593
739
315
4731
4640
61
2105
1574
2787
2189
1349
1125
2245
2775
3024
3928
2964
2943
1931
2547
3050
2171
3021
1042
741
1167
2764
1753
254
3202
3446
1821
2036
3541
2322
3081
4317
3359
3420
978
4025
2122
1983
3216
4210
3408
4641
1846
2074
2847
3462
1219
2008
2419
2152
232
1350
2758
3946
3165
1237
2769
1783
2422
994
1349
2298
1844
3475
1196
2590
4043
2897
2408
2413
3766
4122
3288
2320
2841
3419
2691
2743
3055
2808
3948
3733
1756
1977
2513
2192
1912
251
315
4362
3124
751
2677
4478
3881
1567
4036
3841
1700
2579
3559
1383
1328
3392
1727
4876
2240
1184
1496
2205
2821
4949
687
2050
1264
2688
4132
1804
2538
1254
0
3444
253
2740
3634
751
4208
3720
4539
2979
1562
1829
4050
1544
1405
1518
2743
1820
3268
2033
3309
1880
2913
1885
2787
2940
1995
2141
3831
4068
2336
1505
1302
2603
2178
2048
2129
3145
4420
1607
2133
2940
3292
1358
947
265
1753
4957
1214
3319
413
4410
4483
378
1954
1664
2633
3147
2179
2667
1681
3780
3493
1663
4020
2488
3552
1284
2504
2567
3297
370
1790
1451
1729
3359
1901
2796
3258
4462
1540
3433
2279
2292
3696
1880
3173
1537
2460
2701
2538
657
4148
2850
3086
3626
2479
4700
2594
3975
2736
3046
2449
3018
2123
5761
3308
2204
2216
2958
3097
276
2335
614
3123
12
1175
1454
2342
4317
590
2383
931
2284
2201
2320
2833
1997
1906
2579
4346
338
2525
375
3162
1516
2067
3703
1239
4218
1116
3501
1718
2008
3907
2515
2997
1082
1264
806
1564
2129
3309
2341
3439
749
1997
1232
1943
914
3259
843
20
2545
2175
1915
1505
1960
1928
4496
1942
3538
3888
4533
2384
2857
1500
1662
3338
1987
3215
3297
1044
4208
1877
2088
1560
2537
2082
4517
815
2654
3390
2556
2045
1903
2840
2732
2183
2217
2318
1905
3784
1225
1615
1684
3365
1954
3669
2431
807
2847
2457
3024
2468
3946
3171
3759
2897
3445
1591
2537
2502
3414
2392
2493
3272
1549
3454
3505
619
4136
47
2813
2347
3227
1249
4059
1554
3348
2440
1836
1660
3199
3043
2843
2715
2836
3162
3623
378
879
1783
4105
2889
3167
1023
2291
2112
3372
2860
1460
3780
3187
3235
3387
2435
1948
2289
2303
1266
3469
32
3799
3583
1841
2317
2251
1171
3301
1008
2269
1412
2949
2039
1329
1708
4816
0
0
1753
2437
2782
2763
2403
2547
2155
2954
3668
3396
2383
1737
2457
3123
3806
2943
2897
2032
2537
3295
2491
1645
1603
3115
2890
2296
1814
187
828
2082
2587
2036
2790
3865
2165
1697
2475
2469
1537
5069
1664
1716
3353
4304
2174
3409
3170
2638
3707
3174
2473
2643
1752
3471
3115
3595
3472
2566
2706
1037
2097
1997
2724
1354
1526
1538
1736
48
2177
3128
181
3679
3211
2071
2842
3304
4013
3935
2437
2663
1403
1570
1863
2887
590
1856
1872
1181
2177
2294
2602
2844
3447
1040
1968
1575
2316
2611
2400
418
2452
1627
1324
1815
4218
1663
3438
466
1452
71
3121
2848
1301
779
2738
1793
1735
3946
2853
3964
2730
2131
1947
2863
2562
3493
3676
1082
1947
3833
1664
2263
4023
2746
2484
2211
4418
1728
2338
2027
3992
2792
3998
2080
3957
2057
3868
1376
3202
1681
1506
2682
1097
3536
3674
2724
2924
3484
3841
2113
2213
1943
2092
5060
1273
1261
1452
2423
3854
1624
1937
2631
3320
1539
692
3036
3987
3117
3484
2570
2764
2817
3022
954
1564
2212
1760
2082
1426
2907
1042
2145
3016
1656
519
2372
3740
3750
1993
3051
1671
1568
4333
3420
4174
2193
4043
2943
2096
3769
1598
2425
3034
2668
2158
1747
4105
1756
2564
4487
1386
3780
4226
2658
1991
1177
2982
2388
4435
2499
478
2054
2599
2292
1254
1164
3003
3419
2087
1742
3751
2869
3588
2175
2724
632
1263
3700
4795
980
1478
1989
1505
2178
1615
2457
3408
2647
1517
1426
1261
4063
4226
2002
2812
2658
1993
1824
928
918
3060
2336
2526
2909
2261
1600
2164
3865
1916
2247
3170
1990
2229
2431
1135
3721
1901
1625
806
2409
3124
0
3165
1597
2139
2251
2815
2627
2931
2992
3162
1909
3122
858
2450
2792
2916
5489
1574
644
2034
1846
1913
1935
3715
645
2189
3425
2594
1418
1290
2345
2934
5126
3997
1871
2593
2752
1197
2004
1848
1221
2767
2408
4675
1727
2690
2105
2603
4122
1225
2599
3672
1865
1004
2383
3838
2469
1619
1906
3848
3419
4223
569
2173
2515
3360
1904
341
2067
3149
2122
2101
3517
1577
4487
2057
1264
2016
3502
2536
2067
3427
809
3833
1889
4306
3929
1329
3400
3206
2811
3865
1429
3482
1631
2552
2331
3124
3285
895
1470
2092
3583
3422
1573
2489
3854
3348
2124
2298
361
2375
1814
2641
1829
4025
3475
3299
1591
1614
3918
3474
1433
1865
1557
1251
1016
3246
2331
2082
868
3213
2090
3046
4040
2165
3303
3482
0
3732
1040
3484
1204
1727
4218
521
2471
2492
1933
1046
2286
2791
1261
3883
3907
1639
1824
3144
2075
3114
1593
3433
2360
2105
4161
3031
2501
2658
1808
1465
2386
2495
972
1593
1591
3462
620
2718
275
1926
1023
2649
1197
2323
3372
2423
3030
2682
3125
3390
1987
1500
1685
1128
3573
1552
2847
3393
924
2006
2547
2814
2104
4013
3145
2866
1013
2515
2361
1575
999
4739
2270
0
2536
3385
1591
1076
2407
947
1889
2419
2200
693
981
1415
2184
1357
2498
2545
1508
2020
1438
1412
2976
2076
2198
2006
2979
1998
4306
1912
2198
4220
2489
569
4698
2793
2760
2198
3260
1730
1753
3420
2389
4539
1732
4551
2891
0
1486
4539
2161
1732
2501
2602
3258
1629
781
2990
3447
1697
2179
1735
2897
3256
2174
2796
1438
3288
3048
1261
600
2092
3502
2320
1116
693
362
3387
2264
2027
3776
71
1687
1335
3528
2663
2525
3854
3212
2508
3292
2141
3292
4184
3391
1228
5126
3031
3595
4341
2068
3173
1998
0
3848
1997
4655
3764
3601
2951
1042
2994
4132
329
1885
3022
2024
1055
1711
3594
4864
1090
1238
2874
3797
3303
2388
908
3814
1895
2311
1249
3525
3549
2343
4876
2864
4386
914
1579
961
946
3517
980
2829
3166
3055
1122
941
2158
1349
2294
3032
979
2463
442
2124
1985
0
2980
3100
4235
2537
1732
2296
1429
1753
2741
699
2036
3278
1266
4019
1619
1051
2357
1747
1309
3833
2189
3469
4507
2409
1696
2171
2186
3035
4519
3438
1663
2492
4465
3497
1963
4288
1369
4181
3326
4027
1053
2557
4929
1871
4226
1463
3679
4816
1705
2751
3163
2086
2586
3446
4032
4269
3928
2379
2789
3375
3122
2083
385
3846
1412
2348
1615
2869
1324
2272
871
2004
2951
3399
1684
2669
2323
3366
2863
3163
3122
3187
1354
2355
2723
2486
2059
3833
1947
1976
1477
373
2977
2211
197
0
3167
2589
3048
1213
4043
3483
945
2131
1934
4402
3101
4050
2488
1198
5025
2604
2063
2187
2275
2834
3423
2758
1630
3439
2155
3909
0
981
3929
1783
1674
1322
2738
4670
1802
1453
2931
2264
2289
751
1196
2137
0
1793
3711
3506
2777
1449
755
2467
5136
3278
2251
2082
2171
1424
2131
815
2232
2774
3272
2437
1885
1285
3517
1431
2413
2891
2118
1516
3375
2728
3990
1753
2030
2146
64
1240
0
2018
2492
884
676
2473
2594
2523
2535
1020
2734
2959
760
1772
3240
2388
4208
4290
2355
2898
1
2159
2163
2997
2909
2382
2741
2656
2173
718
2050
609
2587
2615
770
3195
1955
1708
2173
630
2154
3727
2924
123
2224
2710
3100
3554
1425
4101
924
4080
2877
3419
1615
1224
2552
859
2502
3437
2897
2355
2345
3391
1513
4265
3645
791
3266
3445
2964
2089
1737
4171
197
1579
1581
2611
364
3580
3788
1542
1370
1903
2336
1383
1584
2185
1542
1143
2321
2077
2373
2588
2495
1394
1543
3724
1244
2346
2972
1168
2371
3043
2303
1580
1829
2720
749
4161
2129
3831
254
2099
683
2607
1836
3663
3447
2008
1799
2479
2160
930
4016
740
3335
1289
3910
3549
1951
1607
2996
1641
951
4465
2174
942
2150
3957
4700
2054
3674
3634
1261
1180
3280
1373
2857
976
1431
2398
2477
2498
1979
0
276
2914
3288
3170
2155
2028
3797
3538
2810
1228
2131
254
2586
3915
2509
4601
1979
948
1742
3926
1581
3711
3799
3652
1400
3484
2744
1564
3212
4559
2137
3423
2503
2032
880
2777
1100
2067
3298
2174
2177
0
2000
972
4120
4374
1028
2670
1793
3517
1937
2342
1758
3727
1073
3727
4097
1240
2241
4287
1155
3923
2548
308
3417
1444
4604
1046
1664
2339
4229
2063
3048
3887
3384
2555
3703
2355
3665
2552
1684
2642
2792
2309
1014
1801
2057
2640
1328
1598
2316
2943
1021
2548
2498
3173
1388
4301
3744
3254
4265
2115
1380
2897
3486
4019
3653
3797
3264
3156
2310
3481
605
1371
3807
3774
2724
1662
620
4575
2241
693
3124
992
3471
2653
1943
4852
4465
3483
3123
4067
3195
3379
1235
2171
2292
2172
912
991
1584
819
229
875
2750
3134
718
2869
2735
2552
2435
2821
2435
2836
2133
2535
3280
4713
2898
739
2907
2717
4188
4997
1735
3934
3841
1532
1732
1005
1400
2150
4069
4248
371
1488
3450
3284
1108
3427
3187
2416
3571
4239
2016
4795
1369
136
1568
4253
2392
984
313
2440
3024
875
2625
3972
1742
1579
2793
3299
2856
2723
3108
1804
4731
1386
3231
2182
3439
2909
2393
1302
678
2399
3267
5070
1498
3972
1663
4043
866
3653
3920
1560
1303
4392
3308
1120
2158
2618
4093
1897
1519
3571
1619
2349
2047
3356
2515
2541
3737
3198
1415
519
4512
5052
683
2819
2548
4478
2213
1125
2399
2050
2943
2754
1803
1584
2810
1542
822
2612
2602
3056
2670
2764
1823
1493
508
2399
4250
1862
2535
2122
1280
2375
1914
1566
1729
645
4036
3831
1008
2802
304
2185
3084
3891
2547
2160
3280
2920
3429
3580
2392
1880
1284
2048
3173
3830
3328
2420
3027
976
1435
3194
4571
0
371
1995
2315
2821
3297
443
4220
3472
2232
4341
2184
3544
4136
281
3812
838
1797
4313
1755
3309
2862
238
2857
1945
2399
2917
3423
1285
1945
1686
2912
1375
1825
3987
3596
3543
1805
3907
2650
1544
2057
3134
1264
3588
2024
3399
1085
1985
3216
1662
2784
4679
2994
2897
3436
3580
1686
1075
822
3078
5338
590
1869
2753
2877
935
315
1371
1506
2767
2611
1368
2286
2869
3539
2358
2933
1515
3696
4341
4040
5072
2174
3028
2973
3930
3445
4333
2152
3571
4731
4052
2488
2474
3356
2910
2334
3433
984
2575
3390
630
3779
4539
4852
2219
362
4062
2978
1993
0
1815
378
2752
3233
1773
2533
3227
3580
2943
1220
2228
614
2785
1830
2547
2515
3788
2316
4418
693
2306
4678
1568
2916
1319
4205
2102
2708
3727
2722
3740
3556
781
2145
2638
4218
1374
3149
3652
3679
3905
3645
1486
4069
5136
3375
5060
4169
3289
2139
2603
1656
2377
2034
2099
3081
3067
2695
1259
2384
614
2803
3024
1055
781
2793
2204
3531
2405
2681
3669
2994
2278
3607
3800
2175
2641
3295
2577
1262
3846
2641
2345
2606
3558
3795
1633
2982
1391
2914
3907
2888
2657
2643
2363
1897
2092
1460
1061
2403
2667
4670
2161
539
2203
2240
4093
807
3795
1144
1761
2948
3704
4379
1618
2057
2124
859
3446
2449
3105
1580
3222
2124
612
2024
1895
1858
3261
1095
2201
1915
4255
2406
1232
2203
3711
3439
3483
1942
4605
2198
1692
3234
1339
1790
2156
3123
3058
3533
5148
2591
1822
2789
640
2894
2692
692
2045
928
3478
2813
3224
2655
2171
3252
1018
2062
2971
1375
3115
868
3173
3198
3446
1917
1315
1427
3801
2175
2292
4578
1376
1732
3016
1996
1022
839
2267
2432
3254
3028
3501
2897
1307
1418
2481
3831
2654
751
767
2511
1286
1358
2073
2186
1361
3427
2198
3815
2278
4341
1031
2405
4226
1686
2336
1910
2781
1655
1747
2380
2754
3132
1688
2318
1339
418
2588
3101
3891
1828
4348
1696
361
2399
2343
3064
4795
2033
3394
0
1312
3677
2339
915
3233
2290
992
2050
3482
1567
2476
2275
3462
2525
217
1697
2047
1755
1804
2039
1683
3552
3783
2224
1460
4049
1266
1662
3724
2174
2427
1790
2131
1761
3213
2315
2982
2070
1584
3923
2296
4342
5052
1732
2787
3387
2916
2860
2058
2694
2656
2055
2935
996
2533
1170
3170
1777
1751
3396
1855
2201
2946
2326
4141
0
1285
3106
1354
3957
194
3252
2388
614
948
3374
3918
2331
1403
3187
2211
2186
1201
3728
3100
2724
2819
2339
2105
2228
2678
2489
3439
3032
3540
2627
2740
4166
1953
1797
612
2033
1817
1647
2481
2177
5069
2334
3012
1426
2643
1890
3482
1793
2235
2931
1708
0
3910
2161
1252
4031
2370
2292
2593
1664
2124
1100
2676
1716
2726
918
1168
2547
3864
3481
805
2068
1783
361
3436
2612
807
2812
2355
2692
2513
2994
931
2912
693
2084
1539
2603
1552
2502
2400
2142
2388
5693
1319
2113
3060
1658
3806
4218
1354
2247
2159
4301
2512
1773
2717
3233
3279
2321
2270
581
1014
3417
3706
2793
1797
2409
2972
4540
2281
3292
2034
935
1897
2315
4040
1544
1870
2205
2646
1429
3853
2987
2398
1508
800
4229
2287
2796
162
2995
2671
1648
2911
3544
2642
2203
1171
4065
3313
755
1996
2488
834
3672
3756
2791
2282
2520
64
4568
4011
2647
3164
1255
2477
2131
3846
3114
1568
2570
3725
2982
3780
2862
1376
2988
2701
2692
5251
754
4731
1820
2345
1265
1758
1729
190
3838
3947
3454
4997
4101
1429
1177
1705
2914
2428
4235
781
2174
1804
2160
1656
4575
1770
4374
2115
3659
2284
3048
3928
2737
2309
3721
2469
3115
1714
2793
1023
1544
1574
4570
806
2165
1684
2862
1532
2433
3056
2122
2450
2684
4019
2505
2059
3048
4483
2931
2217
1586
3506
1426
1831
4325
1240
3846
3784
2602
2860
2339
1051
956
1272
3114
4077
1259
2522
2357
1686
1375
4229
2821
2889
1639
2759
4163
1768
1468
1494
3454
2656
3018
2522
4702
2244
2474
2025
0
2940
1502
238
3656
859
1408
3993
1542
3971
1188
1579
2850
2602
1863
3865
3302
1372
2351
1641
3154
1264
3652
2175
2979
3774
3978
1244
3419
1592
1113
2422
1806
1865
1174
2139
3310
2474
3634
1422
2752
3885
3710
2635
2715
2339
2336
4559
3609
1548
619
4235
930
2432
3910
980
1185
2020
3433
3469
64
1866
3121
1865
2754
2515
1911
1975
3780
2635
3359
2543
1916
2253
3546
3250
1627
1202
1997
2420
3419
3423
2503
796
4269
3118
913
3617
1548
4972
3727
1174
3724
3385
329
4360
3048
413
3435
1735
4864
3213
2450
2153
2655
1644
4341
3122
4632
5309
2589
3076
3120
2244
2155
1600
464
4250
1991
3374
1617
2047
2423
1696
1987
1042
3078
2180
4374
3283
2158
1991
3788
598
577
2583
1737
796
611
3408
2980
3272
2596
2655
1983
442
2291
2056
1751
2122
2603
3588
0
4171
2493
972
1050
3304
2766
3865
3328
0
2706
1930
3188
3679
2486
2852
3089
1526
2677
2869
3721
2863
2559
1384
3558
2879
385
1609
781
2957
2294
2513
3438
298
4418
4672
1983
2692
951
3114
913
2073
2460
2937
642
3025
1181
1295
2012
2488
3500
0
1122
2698
2892
2638
1609
2139
2481
2358
3070
1273
937
4325
1108
2440
1646
2764
926
0
554
3336
2431
1604
2735
2211
2874
4755
4447
3560
2888
3871
1684
2269
1537
2334
2227
4407
1946
676
611
1732
3227
2949
1689
2871
3801
3918
3055
5483
329
1449
2633
3076
2498
2667
1537
1742
894
1755
1753
2457
3687
1188
4731
0
1892
3295
3990
370
1263
4664
3799
1350
978
2427
3328
341
4465
3830
2033
2852
2330
1164
3607
3234
2988
830
941
2016
3295
3783
3433
2603
2976
2044
1240
2662
3033
4703
2681
2536
1796
2036
1567
590
1786
2710
1718
3590
2828
972
953
1877
1185
2497
2932
3242
3711
4317
2676
1370
1224
2354
3482
0
3789
2594
2700
1741
2086
808
3779
4317
3146
2238
1414
1754
315
3605
1670
2813
2345
3188
4675
2092
1143
3168
1763
3241
2144
3937
3034
3531
3429
2589
1903
2410
2148
0
630
601
2275
1528
3423
2303
1861
4171
2080
2492
2310
2792
2519
2443
2520
1872
4876
2744
2068
3036
2766
4184
2370
3542
3365
1801
2002
2754
1591
3048
2684
2095
4202
1331
3256
3423
4050
2073
1214
2104
4000
779
1861
3326
2501
4019
2949
4761
2996
3918
2092
1017
1805
978
4075
2393
3553
1752
1295
4171
634
2105
5154
1619
3012
3841
1590
2365
4229
2509
4149
2240
2805
3727
2750
2718
2278
2227
3171
2588
1860
3356
2670
4032
2767
3088
1544
972
0
2498
2159
2273
1700
528
1544
2336
2123
1615
3807
1823
1442
2538
3078
5247
1388
2624
2716
2290
3644
1880
3548
3918
2924
754
4288
839
1570
0
4301
1756
1687
1265
1753
2067
2386
1448
4049
4420
2496
887
2088
458
2670
4487
2241
2997
1732
3328
3195
1454
2961
1721
1947
2203
3594
2352
2218
2282
787
2295
2298
4731
251
1970
2269
2320
3417
2493
1537
4027
1354
2432
123
2870
1418
2670
1958
764
1767
1374
1880
1224
1185
1613
3551
2633
1986
2541
1181
1596
3993
858
1817
2071
3252
3076
4061
1324
3160
254
1950
123
3454
3605
1548
3483
2033
4311
3120
1670
216
2543
3187
1255
1542
4141
2298
3134
4086
1557
1815
2667
1542
2160
3110
2897
2020
2488
2204
2472
3855
1463
1856
2201
5247
2520
2493
1335
2416
960
861
2440
2445
3229
3497
2341
4420
2736
216
3199
612
2851
2438
4362
2962
3099
804
2486
1754
1552
2778
3280
2958
4672
2894
3497
3492
3908
2430
3659
3788
3737
1242
1255
1390
1705
2054
2445
3425
1945
4101
3948
2315
1377
3553
935
633
2159
3936
1947
2082
4093
2166
3310
2569
4633
2897
3254
2285
1358
3544
2381
2069
1451
2490
1768
843
2270
2566
9
2115
4099
2295
1843
3252
3268
2259
1805
865
2045
1805
1008
3553
2228
2547
3171
1719
1208
1618
2653
770
2346
2304
2062
1910
3345
4675
5136
3633
3659
2409
3719
3141
236
3674
2375
554
1732
2711
1264
1815
2537
3679
3538
3501
4167
3783
3356
3134
1421
3260
3200
2440
2354
3046
2557
2554
779
2723
1615
3021
2279
2027
2940
3234
800
3108
2095
2605
2813
3724
1090
3266
3162
3733
703
2785
887
2671
2203
2488
2392
2836
322
2767
1064
951
4418
1006
551
1302
887
4105
2287
1781
1173
3294
4136
3652
2139
1196
2635
3166
2914
2292
3888
4067
4465
3525
3032
2600
1364
1240
0
1096
2232
650
2131
2045
4036
3170
1947
3141
4670
1005
1913
3424
2358
2536
2041
2383
3534
882
5247
1786
2586
1557
658
2488
2124
5761
2414
3219
1405
3081
2897
3843
2410
4265
3703
1716
3271
2752
1326
1783
2569
2837
1543
5055
4416
2258
1580
1776
3744
612
1989
2201
3659
3484
1477
4713
3417
1518
1280
2354
2070
1167
3918
2578
4815
2450
1442
1096
3155
2104
2161
908
1314
2122
4249
1993
3479
2122
2022
3586
2861
3488
1725
3694
4210
2422
3986
1229
2231
3653
2283
1374
1859
2200
1386
2384
1799
3356
2585
3848
3843
1271
1895
1668
2465
819
974
2443
1452
3513
1497
1387
4167
2026
775
2382
3120
2993
3460
2567
1003
2045
2757
3959
3025
1538
3199
3408
887
2073
3126
1090
3594
2861
3285
2604
3268
1178
1540
0
1970
3869
1806
2388
2667
1498
3795
1841
1981
2339
3721
1880
1049
2149
1841
1917
3145
1982
4829
3552
2449
1389
3528
3240
1721
2802
1934
3785
2541
2542
1901
2657
954
678
3842
1613
2991
2225
3784
978
3586
3417
3051
3524
1400
3903
1991
2914
1526
2410
608
1358
1824
1606
4971
3118
2587
1604
4341
2318
3595
1915
1871
2941
0
341
3402
1655
1945
2882
2071
3375
3335
1763
2653
2913
2296
585
2286
1761
2812
2053
1620
2017
2775
2173
1818
4136
1802
3036
3830
2033
3108
2958
879
3165
2985
2413
281
3360
3190
3044
4816
4229
2363
3216
123
3166
1426
4771
828
1570
1618
3502
2612
2869
1841
2382
3549
4804
4067
1985
0
1471
2096
2329
3400
2192
2653
1727
3869
2235
2949
3163
3524
3918
2171
3292
4631
1997
1492
3106
2063
1730
2022
4442
2034
1113
1469
2732
1090
3464
962
0
2294
322
1612
4162
855
605
1687
2914
1381
2951
3848
1935
2469
3560
2211
2047
1429
3782
2331
3349
1398
1656
601
3562
2463
1492
1574
2316
2336
4235
2381
3252
2940
3717
909
2792
1609
3692
4483
1590
1534
2359
3728
2024
1982
1376
1452
2663
3043
2849
2073
1335
2457
1989
2977
1543
0
4331
1980
984
2567
2153
3158
2187
3912
1546
3328
1869
2970
1836
2331
2994
5154
3195
2334
683
3311
2254
2855
2439
2909
3524
1737
3115
1494
1432
3923
2240
3132
2283
633
393
2403
2956
2326
2580
2570
848
314
2978
2227
4120
2530
2502
1686
2108
2145
1454
0
3780
2976
3499
3048
2177
2059
2957
4929
1463
1307
3814
1206
1652
3222
2227
3094
2359
2326
3371
2690
1276
3609
1990
3479
2759
1053
2915
754
3831
3242
4172
2538
4533
2327
1390
3808
2018
2283
3485
1164
4672
2661
2935
658
4442
2622
3187
1776
2450
2312
3766
4000
2131
3907
2212
867
3267
3747
1284
1711
1162
3559
1208
2406
4362
3588
2605
2883
2124
3571
2650
755
2955
4232
1861
2203
2522
2512
2847
1926
4911
2051
1897
1908
2123
2855
1995
848
2700
1793
2792
2414
1832
3150
1266
3249
2260
2409
2002
364
1421
2129
2067
2229
1980
2047
3489
1869
2513
1537
640
1235
2160
2538
4861
3119
3375
1102
3188
475
2383
2013
1755
1736
2537
1264
2855
2837
3361
3653
2569
2687
2543
0
1756
2564
1880
150
1552
2258
683
4072
770
1662
1541
751
1140
2870
2717
779
4478
2860
3588
2155
3831
2646
1885
3678
3055
2238
1477
4306
1795
1783
2780
2792
2871
1670
1297
3920
3142
2276
3824
1708
1028
2440
675
2360
3198
4582
3500
3319
2379
1039
1008
2402
3779
3353
3998
1755
2110
839
3674
2856
1613
1276
1964
3447
1049
4435
2205
1995
1318
2183
1206
3645
2382
751
2203
1403
1842
2493
2267
4013
2887
3997
1980
4517
276
4800
3261
2837
3174
3408
635
2375
1171
3835
1197
1255
635
2494
1933
1173
1213
2259
3570
636
974
3841
348
2184
3154
2067
3639
4517
4420
1219
1492
1543
1723
3262
2469
1571
4176
3474
2598
3109
1819
212
2145
1489
912
3335
3677
3679
3517
1645
315
2172
746
2264
2787
2889
2201
1003
3372
2889
1663
4418
3482
3257
950
2425
1267
987
361
1527
1138
2557
2159
2611
2766
2261
2173
4415
3605
1095
2750
0
2163
1477
3464
3128
1793
2420
1991
3202
3384
2501
650
3122
1663
1567
3799
2724
2812
1413
2068
2504
4029
2203
1736
1580
2753
3423
3464
1586
4249
1796
2958
1960
2473
2473
2586
3212
2105
2677
1421
1774
2627
0
2897
4352
2224
1633
3050
3658
1570
4740
2703
1620
2847
2897
3662
4969
1240
4487
2543
3661
3824
1975
1846
3123
2477
2910
238
2227
1567
1625
3587
3308
1952
1690
1965
2775
2724
1786
2259
1758
3101
3593
3734
2626
304
1685
4232
4678
2365
2053
2618
3484
1793
3812
3695
2427
1571
4226
2631
3674
1865
1825
2640
3417
2909
4265
838
5018
2193
2710
2547
3260
3060
3001
2469
2858
3146
2867
2474
2812
2946
764
3242
2059
1612
3159
3706
1548
1857
1598
1793
2128
1429
3539
3372
1330
1570
1715
2928
3957
1567
4465
1285
3482
802
3887
2469
4049
2822
3558
2980
2861
4421
1793
3809
4146
2154
718
1877
1565
3227
2578
2255
1983
1632
2638
4171
475
3319
1835
2843
821
1824
3544
2590
2622
605
984
1815
2658
1726
3564
2240
1991
942
2638
2567
1857
2502
3295
1903
1579
1384
1055
1883
2493
3458
629
2217
3778
4362
3301
3887
3089
1006
1398
4208
1870
1675
2489
665
3817
1915
2384
738
3188
2359
1090
2352
2935
1351
640
2466
1021
2301
2186
1832
4472
3756
1900
2985
4059
1980
0
3105
2994
3230
1542
1488
3034
3124
4559
4533
3807
1392
4229
2840
1689
1786
1374
3125
1705
2227
2916
2305
3169
4604
2012
1994
1573
699
2074
3864
2897
3349
1632
3842
1923
2322
2841
2997
2586
2603
2961
1917
4073
3031
2477
2264
3359
339
2082
3865
2738
3488
2344
3118
1727
1458
1709
2275
254
2399
4036
2724
3464
1543
3211
3375
858
2842
2526
2124
2437
2365
1954
2261
2657
2372
162
3295
781
1516
2692
2134
320
4372
2050
2843
2759
2669
2912
3031
2252
1357
3935
2741
2703
4462
3359
2350
1947
2133
1897
2164
1726
3141
2051
2083
3018
3188
2756
1233
1818
2506
3987
2445
3420
2361
5052
3366
1486
1963
2897
3506
2504
822
2123
0
2634
2832
0
1494
1967
1872
3934
3716
2973
1729
3913
3634
1802
1813
1799
0
4570
2094
2495
2710
1713
2493
3402
1947
1318
3972
1738
2614
3982
1797
3493
1219
2177
947
1386
3303
2155
3167
2596
1602
2261
1702
3493
2746
2550
3286
4188
3559
1983
2557
3106
2156
3560
298
2198
2174
931
1644
3222
2336
2047
3351
4694
1204
2569
394
4208
4313
1817
3420
1732
1708
3878
3101
3419
3907
1294
2689
4672
4040
1639
1528
2321
2935
1951
1273
3677
1485
3446
2664
2045
1425
2267
2046
2584
1631
1832
3016
3433
2612
1528
806
1162
2790
1848
3663
1949
3454
895
2113
2029
1551
2848
1777
2345
1732
1817
1644
1298
3544
585
2211
2519
1017
4365
2363
3372
4068
1358
1090
4719
1856
2382
2073
2004
1796
1654
3295
1540
1331
675
2692
1813
2906
443
865
1168
3744
2346
2212
1494
229
4105
1486
1453
1562
3772
3740
3588
1551
4545
3008
1998
2345
2520
1311
2577
2309
3707
3774
1518
1957
2103
2666
2493
1438
1650
2775
1126
822
2057
0
1543
882
2955
1544
3807
2192
4218
2503
2158
1105
3131
2317
3801
2164
1751
1290
2068
2670
2847
1690
2990
2156
3891
4168
3363
2244
2943
1609
1050
691
1630
2536
2428
3292
954
2614
2940
2445
2394
4633
1975
5483
2161
3061
1403
1086
3533
3457
4428
2102
3501
2915
2584
1413
1214
0
2351
1882
3836
3212
2002
3833
2347
1544
2020
1133
1263
3420
1742
2388
1652
681
1860
2231
3264
2424
2382
3162
2874
2217
2786
931
1232
590
2570
2092
1613
3313
2174
2155
2020
2076
3118
614
2658
3806
1285
3677
3195
2183
2096
3328
2789
3224
2904
1497
4539
2103
929
3769
2537
4312
3806
3601
239
4136
1848
941
1574
1206
3656
1539
3744
2497
2902
3350
2708
4487
1753
1786
1500
3305
1598
4065
2185
3658
4475
4141
2780
2737
2504
1751
2403
1155
2597
2103
2463
1832
3498
1513
1742
2519
2498
740
3114
3224
630
3336
3433
2352
1723
1539
2002
3596
1994
630
3747
2656
3360
2501
947
2465
2198
1013
3121
0
1260
3187
3780
2931
517
232
2684
2877
2814
954
807
2810
784
3417
3147
2427
3479
1485
3638
3246
2080
2955
2716
1211
3482
1805
1871
304
2082
2857
2814
5247
2228
0
1046
3928
2034
2030
2318
3462
554
1349
478
3835
3429
3881
1394
848
337
1753
3022
320
2897
3152
2874
2148
941
4325
3100
1541
1380
3716
3878
825
2717
2241
2526
1697
2703
2727
2689
3564
1537
992
1339
0
1696
1818
187
2976
2075
3290
3623
4496
668
3915
385
1380
1633
2157
385
2100
629
3869
1458
3079
3499
1168
1852
2753
1607
1797
4136
4816
2754
3165
2892
1625
2228
2302
2548
4159
2933
4487
2137
3168
2694
2047
1105
0
2105
1619
3544
913
642
2388
4265
2891
955
2425
4048
1705
3153
1999
3807
2006
2877
1454
1997
298
2321
4065
3546
2074
612
181
981
5550
4630
2408
2215
1821
4146
3236
2653
2907
1413
2841
3594
2995
2124
2912
2832
767
1906
1820
3814
1835
4374
3587
0
2211
1823
3357
1708
1809
580
2171
1817
2110
2687
2928
2424
3247
2260
1964
657
3905
3426
4578
1696
4208
1564
1904
3549
3144
1801
2614
2912
3440
1014
3188
1389
2069
2105
1240
3286
4075
2013
2694
2343
3120
1547
2193
2570
2588
2793
2508
4864
909
3540
4640
3114
2179
1311
2943
3390
1477
3687
3721
2067
4342
1926
2658
1684
1670
2294
2717
3704
5332
3034
2939
2802
2500
1315
1403
2515
2597
1684
0
3165
2024
1315
3134
1628
1903
1767
2740
2821
1131
384
2806
2475
3720
1053
2600
2275
1537
2366
2767
1918
2330
1290
3198
977
2045
4402
1856
2063
1232
4551
2692
3479
3817
3785
619
2535
1170
4269
4465
277
4731
2002
4255
3678
3464
4281
2402
2526
2717
2423
2178
2968
3888
1960
1412
2400
3707
2894
3972
4694
1674
2963
1963
4167
2062
3351
254
3362
2069
764
1344
4202
1385
3750
831
879
2867
3240
2228
1312
2687
2465
3299
1708
3118
4093
1872
3035
1708
4066
2543
1693
1311
4080
3871
2251
2215
1892
3231
2682
2006
1418
868
1515
2646
1374
3548
2725
974
4306
866
2020
839
2554
988
2041
4829
1537
1737
1143
3433
251
1544
2047
2341
2187
2594
4048
3846
3328
3371
2118
3164
2953
3067
2212
3674
1786
2134
3684
3427
2908
3422
767
1697
2363
3462
2995
1145
1742
2018
216
1769
1448
1721
2304
804
2105
1903
930
2570
2477
1349
2940
1769
1549
1829
1315
1823
1650
4171
3352
2976
1449
1865
3626
634
1639
781
1730
0
878
2071
3613
3235
4208
1302
1264
2689
807
4829
1000
1142
790
1346
2860
1777
3506
2443
2362
3075
3399
2638
1328
2184
1793
2681
2101
4218
3558
1032
2792
3677
1785
1949
2955
2980
1358
775
2815
1708
2915
4669
3419
2577
1926
1284
4166
1721
491
3838
1324
1843
3482
1549
3871
1388
3807
1769
1557
2363
2947
2692
1437
2124
956
3064
0
3815
3660
2565
1543
1836
2306
1254
1581
882
3352
4861
2129
2515
3280
2059
2513
2201
2850
2964
1328
2332
3056
2135
3099
956
1656
2124
1266
2323
2674
3855
3505
3167
2598
1543
2244
1054
3560
3154
3354
3359
2041
4942
3008
3022
1630
2626
1810
3454
2399
3719
3559
418
2726
1769
1184
2322
879
1996
4011
3036
894
3233
1282
1863
2137
3356
4276
0
1516
3703
3433
2756
1970
2812
2703
4287
1871
2633
3187
796
2594
1536
676
955
2255
1548
3978
3236
3122
2512
3393
2590
1212
1774
2691
4043
2841
3823
3679
693
2684
2496
2186
1906
1285
3106
2602
2654
64
2499
1872
1253
2813
3865
2008
739
1264
3780
3912
2311
3295
4761
2754
3328
3997
1913
2851
1051
1268
1615
3247
792
1465
4702
1754
951
2968
1765
3524
1557
2703
1038
2160
3285
703
2861
3048
2326
2504
866
1394
4795
2492
2083
1506
2732
2602
2295
3252
3540
2916
2912
2682
3381
1902
1565
895
3720
3233
1838
1903
1642
3830
3809
3022
1913
2545
2389
1080
4095
3280
1728
2113
1380
1814
2171
1186
1935
3053
2298
4815
2788
2131
1684
3084
858
3046
4120
1684
4533
2245
2241
3770
2844
676
2717
1557
4864
2724
339
3493
2633
4019
2744
2802
1574
1838
1135
2928
177
865
3868
1932
4166
0
2580
1349
1228
2493
3420
3381
2756
2425
1814
1070
1477
3549
2193
3687
2122
1394
2843
1777
1985
4932
620
924
1415
1317
4465
2634
1590
2217
2947
1285
3167
2954
739
2569
3702
3110
1331
2424
3706
1438
945
3210
1789
693
2331
2710
666
4029
2717
217
1786
1736
2675
2176
2937
3971
3444
2757
4815
2703
3343
4387
3702
1271
3868
1991
2978
2384
2201
0
2018
585
5154
1307
2737
3359
3871
3982
3267
1723
1871
2022
4311
3498
703
1358
3016
3788
3400
1194
2113
1869
2181
1883
1155
1318
2264
1354
2211
3016
3321
3305
3343
3283
2082
1970
2437
1804
978
2385
2933
478
3314
3539
3265
2656
2501
1863
1690
3048
2520
2990
1697
871
2963
590
1693
2996
1102
3150
1432
2016
3540
2943
4458
994
3601
2733
1984
4218
1123
755
3271
3674
4360
1341
3682
2500
1479
2750
4027
2604
2283
4341
3506
2550
2925
2500
1312
2178
2047
3144
3833
2473
2897
3807
3502
1717
1613
2331
1303
3022
1383
2728
4625
3359
2231
1777
2405
1543
4519
1488
1218
644
275
3078
4210
1180
945
1777
3188
4993
1341
1565
992
676
3417
2150
1126
2156
4402
807
3121
4117
2812
1824
2698
1173
3309
3008
2725
1053
2260
4544
2587
2860
2077
3714
2371
2386
2860
3807
2622
3399
2943
1609
3271
2702
1892
2675
3719
3374
2512
3982
2833
1753
1262
2146
1532
748
357
0
1756
3869
2943
2357
2852
2124
3387
0
3114
1516
2361
2057
2082
3674
2603
3360
1082
1729
2321
3355
2235
838
2973
2728
3382
2520
2746
3132
1122
1500
606
764
2241
1017
781
2105
1346
610
2585
2897
2892
4208
2240
2392
136
1408
3265
947
1913
807
1021
3394
1218
2261
2373
1218
2645
1143
3123
1454
2515
2157
1904
1579
2972
2259
1505
2292
792
1832
2967
2823
1976
805
3444
1568
2984
3634
5483
2829
1210
4229
3537
3199
2763
4218
2578
2821
2335
2994
403
3887
2951
1393
2301
315
3236
3499
2741
3682
3865
3173
2732
1993
3198
581
2931
2546
0
2746
3708
1006
2447
313
4438
3444
874
4838
1797
3519
3553
3633
4086
2710
764
1957
2631
5069
1715
2504
3867
2997
2178
2414
3014
3109
2871
2610
2486
3395
3144
2888
909
3779
1095
3202
2964
1615
1758
2855
1595
4537
4040
1544
1628
3733
874
1323
1541
566
3770
4768
1537
2665
951
977
1273
1516
914
2817
1727
3674
2221
2891
4288
3549
3018
2411
1822
3633
3252
2352
3252
1542
2158
1736
1252
3313
1023
1697
2864
1201
3704
2777
2804
3344
2175
1315
4301
4241
2684
1663
4352
807
4633
3247
3222
239
2677
1021
3711
1945
2757
2914
2520
3716
4348
2810
2294
4099
2667
3513
4929
2588
2310
1706
3881
2360
3776
2775
2505
3554
2205
3679
2471
1689
2866
1444
4579
1793
2468
2122
2248
2088
2391
3160
741
3312
1579
1805
2004
2377
2871
1349
3910
1789
1889
782
3033
1393
3173
1673
1726
754
3044
2311
2589
2623
1282
1543
580
3812
1403
2467
1324
992
2180
1528
3695
2310
3824
3928
2073
1197
2694
3517
1586
4957
1661
3562
2512
1575
2829
2764
3805
2914
1318
2727
2803
3185
1818
1989
608
123
1588
2408
2546
1436
2937
2016
3076
4292
4362
2855
675
2610
1880
1358
665
1588
3502
1377
4220
2408
2178
3563
1810
3149
3123
608
3129
4533
3842
4483
2710
4740
2515
4000
3277
4672
362
3403
2863
2745
1082
3167
4208
977
1705
3129
2378
3881
2469
2347
1707
1255
1934
2244
2082
3271
2490
4005
3003
2286
4740
2295
1645
2976
3871
1316
2332
4035
2578
2347
1786
1539
3076
3595
2399
3230
2474
3433
1943
2017
2423
1543
2723
3535
1061
3537
2820
2607
5439
4605
2649
2445
4120
2882
1496
3439
3002
315
1567
2179
1711
3417
3280
2957
2467
2949
3651
2474
2343
2241
2687
1487
2357
3846
2500
5070
592
2725
2917
3832
646
1786
4608
861
2420
1985
2569
2416
2124
3634
3510
370
1860
1506
3451
1324
3335
3011
0
1994
4768
1168
1382
2646
3808
2454
3188
2781
1806
2603
0
2707
1144
536
1564
2746
1543
2674
1220
2646
2860
4167
3390
2463
1349
3573
4453
2764
2813
4800
2706
3371
1856
2650
2586
580
3429
2817
2987
4768
2630
3035
2755
1082
2059
3692
2405
3932
1210
1141
2289
212
1916
2304
1048
3254
3146
2343
3801
1531
1155
1376
2983
4069
4512
1903
1825
3873
1708
2976
1349
935
1574
4547
2819
3975
1571
2183
2186
3236
980
1777
1166
1004
2150
3326
2943
4604
1505
3764
2670
2492
3708
1371
3788
2890
2856
3222
3803
2240
2174
5136
1654
1391
1943
3939
3934
1394
1462
5693
0
3548
1528
3168
2602
879
4117
2083
2161
972
1477
2957
4218
3351
861
2657
2027
1386
2954
4559
1886
4713
2756
2492
2294
1198
2661
4740
1493
3868
1742
1654
2732
2276
2488
882
4023
3710
1052
1544
3118
1737
2677
976
4815
4551
1086
1960
539
2537
1438
1783
2762
4065
2724
1744
2754
976
948
3240
3328
2368
2653
4237
668
2589
2844
3718
1286
251
4248
1628
4235
2667
2972
3947
2426
2559
2883
1390
2339
2201
2321
2036
1632
2661
1818
1931
226
3836
2650
1727
1251
2174
1995
2993
4025
2090
5393
878
2240
2122
3040
3679
2958
2922
4237
2646
1991
4188
2654
2071
1046
1835
2882
3060
1777
831
4568
3547
1786
338
2622
1349
3382
3493
2033
2912
3216
1309
2815
1477
2834
2971
3626
1806
23
2555
2241
3955
1728
3158
3099
3817
635
4071
2569
3930
0
1506
3416
1225
566
1017
1243
2352
4092
2212
1930
3058
1491
455
1498
913
2185
2695
1639
3154
3749
2124
3737
1244
0
1681
3676
2294
2465
1639
1819
2057
2837
1960
1073
3168
3663
1786
2674
2155
4288
2853
768
3120
2541
1706
1915
1632
2054
2318
3081
3252
3537
3301
4418
1392
3387
4362
3544
5070
2614
1849
3714
226
3141
2390
2860
3993
1544
681
4040
4771
1758
1165
3401
1575
0
3807
1375
4748
3842
2723
2006
246
3653
2175
2946
2051
3423
1880
2352
1503
3915
1237
2869
668
1892
2856
2362
2951
4229
3573
2578
3679
3717
3419
2215
1892
2301
2754
1821
5072
3487
1491
3382
2398
4288
3500
4740
3218
2564
0
739
1664
2431
4485
947
2535
3417
1863
2394
1201
3299
2165
2750
1146
5436
2293
3482
1912
1614
2305
393
2280
1176
1289
1783
4664
2382
2535
3036
3634
1225
2721
3278
1316
1548
1700
3556
2957
2160
1960
2718
2654
1268
1329
3630
325
4387
3799
2163
2389
2598
4971
4679
2557
1575
1463
2363
2625
1312
1729
1949
4049
2450
3799
2658
1903
1753
2602
1805
254
1031
2227
304
3505
2317
3998
4447
2437
2141
4640
2057
2465
2475
3641
1962
4487
1862
1579
2588
2457
3014
362
3831
2474
3539
2792
1573
3174
3025
2866
1998
4232
2528
947
1323
2723
3732
2717
2556
2943
2665
2174
2105
1638
3401
4997
1534
2796
3551
1880
2350
1413
2534
3115
2053
2113
3610
1390
2475
4892
2296
3982
3783
3335
2158
2750
2602
1823
5308
2829
1381
3482
1999
3285
3392
2086
1513
4075
4218
3060
1459
3188
2793
950
2512
2792
1133
2131
3164
1003
2500
1228
2445
2312
1537
5393
2186
1552
3972
2120
1889
2626
2267
2038
619
951
4418
2682
2612
2633
4880
3167
3907
2056
1849
2750
2068
2864
1201
681
2463
3920
1243
4574
2201
2358
718
1281
3123
3744
1243
2535
1377
2787
4166
2794
1808
3114
2575
3338
2957
1995
2375
1685
3034
931
4608
150
1273
1244
3076
1584
1937
1652
2905
955
1810
1176
1346
1447
1393
3382
3100
2400
2215
2084
4193
3556
646
1937
2423
3623
3123
1478
3502
1756
3517
2137
2397
1549
1064
2674
2430
2157
1546
4317
2301
2034
779
3545
3814
3195
2258
1477
2463
3475
2129
1579
2584
1747
2273
0
1262
275
2768
3626
2205
2556
2553
2860
2871
1911
2616
162
4678
3260
4804
3089
2963
3920
1391
1515
2723
5070
867
1604
3375
2380
371
2764
2399
2977
942
1954
1051
4239
3853
2322
1749
2894
749
2828
3033
1575
1768
2069
2557
0
1008
2556
3227
3400
1488
2887
2835
2796
4547
2349
1980
1237
1513
1142
861
3360
5693
1970
3051
2318
887
4725
2018
3051
0
3057
1591
2129
2504
3934
3728
882
1940
1284
3120
3447
1946
2847
1541
1311
2594
1568
491
2500
3298
2422
2171
337
3419
1596
3419
1642
2402
3831
2212
2158
1264
1609
1162
2791
3715
3044
2999
4447
3134
3545
1822
3656
2090
0
2594
1862
3848
0
2292
2267
528
1664
3367
1758
3951
3868
3026
1639
2080
3776
1718
0
3924
951
1048
1095
4218
2504
2535
2606
2361
2309
1806
1769
3549
2425
1474
2545
2082
3297
2505
2037
371
2961
1323
4218
4739
2787
3740
767
2424
2677
4292
3463
4309
1217
0
3986
1255
4678
3744
1422
2958
1823
3440
2423
830
4226
2774
2352
2998
619
2022
2
1582
315
2525
2162
2878
1006
3119
2779
2327
3838
2047
3360
1537
1531
1290
2363
1672
2423
0
1046
1221
3764
4575
314
4313
823
1206
177
2579
2519
4306
3808
2735
3907
2808
1371
3443
1814
4139
1204
3571
3586
3891
1141
642
2303
1631
2309
2556
2002
1546
2526
3934
2198
1302
2286
1765
1527
951
4703
4149
3538
2352
2616
0
2253
2384
4237
1478
2334
1655
0
2490
2438
3753
1751
2737
807
2355
3185
4971
1796
3841
4001
1581
1639
2326
1280
2612
1723
4392
2862
3721
1487
3957
849
645
0
3702
2216
1752
1732
1994
4239
3531
3154
4740
1763
1761
2512
3734
3167
3366
4478
1508
1178
3067
3428
1686
1702
1143
3377
2841
811
3089
614
962
3915
3086
2131
4027
2769
3310
4365
2895
4066
4171
2976
2084
2580
3393
3573
3529
3454
1638
2452
1371
1085
1208
3718
4702
2566
1364
1344
2334
1607
601
4011
1267
2002
1991
1532
4001
1014
2094
1271
4045
2178
3274
1023
3233
3807
3265
2815
1369
2676
3290
613
2984
2866
2543
2171
4545
3587
1211
3803
1674
2100
720
2392
2949
1686
3122
1500
3718
2493
3918
2844
4093
108
633
2365
1574
3166
1818
2580
2488
2682
930
2556
2012
0
2139
2280
2724
3493
4072
2062
1442
2541
229
693
2597
1318
216
1323
1520
3126
2785
2399
1696
3286
3122
2077
2057
1188
1225
1452
3049
3653
1960
0
2094
3842
2101
3328
2543
2967
2638
1254
1387
3319
3935
1783
2289
2363
3166
2599
1318
1349
1307
4421
3676
781
3402
4065
2678
3462
1138
1428
1773
1990
1797
858
1122
1887
3912
304
764
1581
3392
2843
551
1539
2020
2914
2718
2513
1572
2213
956
2424
4072
1987
3018
1581
2038
4317
3158
1285
464
1584
4193
3254
3115
3732
1885
4771
2134
3123
3320
3942
3579
1836
3684
2045
2334
2500
2339
3601
1440
3079
1181
3913
2714
2387
1392
3488
613
2247
3730
2832
1425
2184
1912
2727
1284
3417
2615
1575
2960
2088
4829
2833
3848
1783
3279
1913
348
2997
633
3420
2124
2557
1642
1581
1259
4121
2495
4543
1414
1804
3111
2305
1753
1990
2066
1339
2382
3535
2946
2602
2740
2232
610
3166
1928
508
1952
3947
2346
3971
0
3249
2289
2432
3838
1534
3240
2354
2005
3285
861
1645
1892
1674
3580
2687
3510
3873
2261
4065
3935
1537
1415
2336
1951
2320
3400
1693
3142
3528
665
2606
1864
2082
1516
1767
2569
2897
1945
2320
1880
1700
4161
2350
2047
3462
2706
3831
61
3122
2059
2154
3235
1450
5816
1315
1713
2860
1997
1429
3131
1627
2018
1181
2366
4149
1421
2738
1886
1781
2267
4073
2700
2471
2939
2037
1577
2240
5247
2725
3285
2764
251
2341
1560
1877
4235
4
4118
3799
1185
2701
2283
2115
2715
4226
3046
3718
3972
2997
4829
3129
1717
3219
1809
2302
3964
2906
2411
1820
2091
3372
521
1730
4372
1806
1647
805
3469
1609
1354
4276
2859
3868
3053
1890
2174
3793
3362
3081
4698
2366
1831
600
4731
2799
4625
1615
2677
2862
1660
1799
1790
1194
1100
4161
1991
2982
4288
2283
1799
3058
3279
2796
2705
2858
1186
3601
2127
2762
2081
1273
4190
2642
177
3176
2979
2413
2419
2141
5338
3027
1813
1758
0
1718
1309
4290
2684
2724
1751
2309
2169
2301
2402
2386
3279
3310
1403
1493
2630
3493
3375
1537
4876
2954
1851
1950
20
2556
1028
2569
1604
2999
2997
1860
1783
4117
1979
2275
2847
1551
1252
1255
3824
4539
994
2336
2082
1731
2161
3159
2398
2358
2974
2410
1316
177
3780
3088
4105
187
2488
4306
4093
2584
1718
1980
851
2960
1378
4551
3753
2272
0
3703
3402
2670
1644
3435
2694
2849
4514
577
2958
1758
0
1211
1933
1997
2384
809
3466
3909
2569
2192
2649
2062
1821
3808
1125
2533
2717
1665
1297
3165
3661
4148
2913
2538
3438
1454
4410
194
2970
3590
2802
1979
3256
4341
3222
2994
1290
1544
3417
1933
2908
4279
1880
1934
1908
177
2972
815
2513
867
3831
3780
2495
2179
3169
2958
3868
3894
2161
2051
2670
3668
2677
3167
3751
4543
1751
1433
951
1755
1508
3121
1662
1999
2129
2513
1491
2407
2474
644
274
4497
2212
1142
3351
961
4248
2718
1051
2898
2053
2898
4279
2388
2316
2424
2316
2341
3513
539
2103
1278
2406
2175
4547
2995
741
1686
1592
3240
2138
1727
1630
2744
3233
1544
1300
1354
4288
3514
2363
3423
4208
1331
3241
1429
404
1243
519
1344
2181
3022
1836
1588
4016
2352
2764
2175
1387
2358
1946
3774
3236
2856
2730
995
1648
1006
2425
3727
2943
4346
2667
3123
2290
2161
2469
2421
1880
1526
3932
3513
3720
2489
4073
2262
1204
1836
5483
1810
3842
1424
1825
1806
1396
2543
2432
2076
577
47
2925
1038
3175
1219
2787
3198
1638
1609
1595
1378
2840
4288
2158
1368
2695
1341
229
2365
2352
2118
1689
2264
2047
2536
1755
2724
3008
2450
1557
3490
2471
10
2032
3419
2305
2279
2020
4670
1197
3224
2669
5693
371
2703
2450
3904
1989
1116
2275
2133
2633
2570
3540
1686
2936
2944
2211
3382
1478
2904
1727
3018
2710
2092
1506
4575
123
2624
1723
2306
1180
1950
1714
4011
4077
1949
790
1904
2922
0
2303
3122
4281
3121
4317
2110
2304
1692
782
770
3776
1929
1413
3268
2851
1422
3268
1960
2493
3123
3304
2586
1883
3700
3402
3394
1949
2006
1302
1932
2860
2954
1823
1613
1737
3923
2564
2321
946
1560
2828
0
3656
4249
2717
1166
1537
2388
2810
1417
2160
1072
2928
2182
2768
3185
1689
2120
1265
4719
3145
2536
3611
2073
1655
4040
3419
1329
1418
1726
1590
1369
800
1468
4068
3769
2627
3947
4232
2860
3951
2467
3506
1285
1945
2997
2281
3099
1218
858
2134
2879
2413
951
2131
3936
1358
1868
642
2198
2110
3105
2286
3727
2627
2948
1793
1441
2298
3371
4341
946
1493
2626
1718
1141
2575
3018
1799
1821
2933
817
3141
3596
1758
1318
835
2446
2245
693
3662
2466
4174
3824
1249
1996
2760
2740
3408
2488
741
1426
1880
2765
494
4288
895
2704
2039
1314
3766
3359
1932
5069
2175
4309
389
2501
3536
2969
5276
1000
2819
3783
3168
2025
3028
0
1821
4093
2635
2405
3644
1424
635
1500
2171
3617
1821
3152
2805
4120
12
1731
941
2670
1773
165
1934
