959143
678831
561171
979399
811224
665091
723752
1066396
880121
788229
1061840
971392
346698
558449
528732
409682
964705
1039619
598972
723900
875631
1034001
696794
438114
852110
957870
766986
985755
1286935
1120159
587895
317015
1068641
1150154
751021
672362
535815
879776
517136
1088415
281508
789111
862078
928802
896249
327146
911287
932231
849324
1421141
557311
604793
1218427
1220213
636855
545472
645011
435909
749903
994838
540476
1225057
711179
1129752
792096
223291
361688
918591
801478
683582
649885
1195609
287020
667423
632861
517293
709647
881005
930838
602145
905697
1053165
941149
705922
960523
776050
873372
671942
820033
934355
1213289
943238
1233925
484997
169542
652962
1080610
813753
892060
785375
928066
1045186
833744
1375563
767805
622251
318035
618105
517455
512822
1146444
466573
1139384
570224
881621
1268347
1011136
612131
806964
1059754
881128
631310
988403
691575
130954
1181402
539089
618474
672738
921097
499801
1399155
246128
577079
900693
962391
966216
983568
707602
1178296
603685
690355
1087476
287647
580479
735929
1011148
818309
1331068
616192
899492
1073547
729394
880820
861702
995642
390462
814537
1329019
842712
658677
836462
824645
575818
1239607
619283
842925
1229564
210586
1153139
952793
653464
965762
145695
666295
1304999
676560
749353
707321
885260
349115
720039
1006537
891470
963717
846016
969721
666733
762350
795190
1061039
654017
631379
900710
918228
542989
719385
698829
992828
1141343
1236170
615568
823541
219854
653773
611837
896445
775108
916403
653473
1040499
1126896
802348
1022704
1058335
1305079
1047934
794996
664645
491601
593226
974013
240959
964276
973244
600901
475650
328166
913651
1060284
939870
702586
621608
671358
265264
904489
1103914
688737
497215
538819
928940
581281
946268
850374
1092873
587478
341273
354708
702391
1105872
1139018
617476
788651
1609420
737827
442270
600373
344507
348424
686511
733033
614941
846404
429559
787635
1080099
1129305
974682
665522
1417055
920338
1195759
519586
509726
175769
969161
839985
1064730
1034488
857860
760148
1039778
721158
801312
1030945
1616899
1076664
944790
899937
1049094
900067
619668
838521
1102656
1045595
876123
717652
662059
963542
953998
1085288
570753
1122704
229707
469942
640587
823954
900700
506293
444716
656788
1120514
888435
828920
702922
662538
720496
1440629
1069068
763014
1037789
704298
612048
819430
670293
697326
1092587
1026407
949385
888787
764304
741249
820926
764732
420241
396228
659173
727702
850233
509961
515598
1575252
287182
785310
947723
896410
180450
1000532
590863
1059811
590566
197834
953396
696911
600805
778316
1139765
1067021
534785
331153
711381
1021395
400019
605512
875499
549500
383435
559479
888815
1311145
1168182
332078
766548
622752
644185
480152
802672
691166
705393
554174
1061679
566344
921101
1074822
931177
859991
1210226
19454
413021
678299
563366
662962
1189085
1161074
1080753
874802
799549
633334
650961
888686
164668
953318
825493
742989
887102
1004651
699173
213693
380185
1042241
1212458
812987
497691
917741
646628
981995
510372
479859
818925
529797
587865
1008083
908165
580572
626079
960815
461109
902297
1047625
191930
757351
485875
1214009
838194
822160
901161
1084828
1330089
790569
908066
417748
988462
731549
941622
417655
1086964
223961
883358
410579
1266274
1180173
1364573
955144
1145142
1016388
718036
455112
991846
230880
1123391
1005643
726612
735991
498274
832815
181345
852628
1038561
929471
1025160
683951
877954
811760
466977
553970
803793
1031657
406267
721428
956783
737509
1131557
502686
1437127
851667
819771
1053793
662087
933230
1084267
380405
425076
1165665
715782
812323
1030764
846986
919788
513611
743967
783156
946676
1047338
1117973
627727
1382109
916698
501240
731093
962459
649351
1071415
771235
1021188
790450
215466
313623
255531
440170
987882
804136
958142
717540
914036
1044113
400872
783889
1018690
293719
1089129
633418
1032313
814797
1037668
517913
871203
684900
1063010
858241
697991
812589
427336
873461
579302
193184
1021049
946512
992306
811889
575258
781153
491306
1284372
685848
507594
1002620
848163
1018730
816333
1131452
970231
445102
824531
778712
832278
1021989
816293
983371
825687
565258
865428
382705
1184665
671486
799384
493685
746771
815490
709910
1203456
739748
895166
711802
800079
813341
1014189
331210
823422
977635
739280
1476137
359158
853414
1204635
1097207
419840
791134
753205
1013176
814350
769589
412519
924305
818289
412940
1362556
729885
936372
580982
702193
889030
848944
901916
1110674
917513
780450
501371
1102859
1193798
587135
910249
1254735
859031
403979
316795
626896
886414
518529
513004
720940
1082921
339129
724064
547878
888660
733828
1213520
1158288
858120
429939
646687
1067080
1188314
882810
1126755
371614
964175
860079
925353
632156
225663
999073
680563
609720
792834
841919
323832
612016
884921
926930
1369613
1134468
1063505
503036
629989
533477
822737
499440
1000616
436637
239852
625452
979392
1159014
986871
931823
581081
527134
718985
972541
366338
902818
825343
1045411
1048612
401832
768030
868144
1098013
1102240
1285368
974580
1123952
620005
1061721
851166
1040925
534546
902052
513570
574615
580010
977138
785847
826365
992645
1046911
1574943
1095601
587066
1051944
693286
832848
911926
1399297
629945
950321
663538
357696
1120361
921911
663672
851072
622725
567940
358403
533427
950674
1117688
645635
919778
894790
1053449
800069
654633
1204173
511367
1124267
610028
633157
818604
901263
1254941
328235
1098503
643293
492997
840232
874909
552856
825555
678371
843885
789067
875822
1104244
897770
620029
609222
1343735
638805
819520
273880
1024917
447596
782124
783542
364417
622810
864132
1007479
1056826
699991
635287
815893
1190390
833223
936784
481004
1185311
621638
878127
966881
936879
764767
958081
874643
916383
670379
1127589
429559
729060
945331
740955
625239
533231
1302876
858443
991464
1097851
597404
624528
1096916
1094000
264665
1389975
505565
805643
598711
1094759
1133650
557769
365564
1106234
413027
1366286
647137
893056
812597
1105533
975701
890165
456419
694985
800741
817601
1334937
1045574
474833
1000411
541030
1033019
1162193
630438
472839
560917
846412
42561
826524
699485
1125257
411231
818568
396266
1293009
1107485
1263333
789392
978764
477804
911664
997041
1038679
579207
1055678
1310757
1217851
1041756
521896
631677
358363
1154267
616506
280985
625811
704356
273220
204048
840423
1087378
526184
954343
1134265
801618
664360
802333
1032451
983226
1055493
307960
295372
826257
964584
1288929
411300
1205486
958477
963297
992947
540691
982152
986135
469530
1124848
1104933
640565
1001910
325619
976670
677655
1197862
1052061
424521
990111
726273
884790
441620
744963
890671
753249
674873
862831
600484
983187
914549
1131367
826456
934222
375963
833165
920494
613209
550060
1108160
226314
821721
991067
906014
1027430
683457
328028
1051612
794254
1071054
881834
172545
779820
220575
680717
718888
628111
951269
573447
1110126
833578
800016
895607
400135
1003416
1018123
1053427
1137766
725471
740383
967630
816899
373702
768435
815790
653296
537655
479544
714740
1022490
735853
985249
1002693
401050
328173
1267378
608689
1231956
907551
987717
709053
323946
883155
272338
870749
1029966
1065445
866889
475837
464309
987530
238204
527068
678277
713307
841856
838326
617600
867528
510456
365986
447495
896227
498608
461112
299322
932768
1147197
613146
1129612
1192919
439990
1344346
245384
916921
621382
720490
693623
760108
472829
418990
937348
701616
1220255
602034
570970
322025
1207881
872496
861134
985884
798114
637213
1123435
375340
659981
781847
745766
655208
629945
1147679
959983
917960
704295
974925
827313
1096727
339842
697214
781493
1133953
663987
963411
587100
1289740
714730
474436
1354810
822178
662999
1164483
718911
758203
693000
993513
966204
777085
484589
440256
727885
689230
323160
987785
917633
625025
915188
890296
734207
789057
460087
556500
525090
1000972
825719
290084
785323
192799
1294187
749447
1006317
899328
641126
863740
1035617
747331
1111095
802931
638414
1113327
926572
486898
1326221
1294226
780252
529425
780459
1110060
805249
937711
783932
553295
1008522
1230003
446413
1194160
656649
853321
623898
787199
1082027
1047853
312178
506388
864994
583041
878928
825715
1177251
544213
639530
876980
871614
405291
894453
890351
966209
762845
1071994
676176
886827
457701
764515
611734
587911
634547
1292977
256826
718881
842161
900771
361413
1183421
931680
752639
736169
1428933
744487
1229712
692006
578264
584125
332925
882511
842168
1092287
190695
438669
1171331
575935
474396
1052798
1012234
1025739
562094
592393
544925
1040625
556424
490535
1072900
813729
550086
838722
876191
369538
1252256
988408
1231643
550949
1257386
1012047
1139125
1201185
1192991
597715
1297913
629992
621976
413930
673489
651006
857373
964094
1136571
927350
65369
1096776
731346
883159
294987
238565
415091
999781
398733
397027
1238682
655474
230628
773739
1323824
666273
604366
738779
1019453
717424
1181778
1025338
979774
946133
304584
791218
1098457
798201
788383
889767
1451087
479859
902621
814583
670564
1182060
361421
1251723
776910
1155724
375156
588024
924912
644613
1173457
833242
726816
588739
815506
1034790
1384631
501456
757611
642559
920798
1247400
553207
756520
554471
858501
930418
613954
1037212
532715
1343259
865709
496313
1037956
986832
1207066
614070
785994
978519
723265
798788
565658
955043
712234
1139742
1239583
861375
1536020
880645
815227
882858
1298349
882322
865773
858558
823734
661675
1077874
300458
208229
1316560
1162474
438280
1257919
878989
1084462
897182
771476
1061495
856936
957675
1012763
958824
1060755
911833
889682
976176
922752
1102284
755487
780942
1147739
962876
1075918
966326
418701
450885
1067278
431645
1171785
758268
503490
911703
888685
615708
817595
1313227
518681
1034843
731332
776737
858266
990552
934546
1016296
414478
1235168
807027
659739
884604
689293
641171
926742
657634
609624
1120512
790607
513656
661807
1142738
786150
886147
752366
905904
837989
810497
575547
967130
872333
1178503
811105
1137526
808014
1225819
785497
1118616
960407
670431
957377
784891
946217
586978
749197
851857
615831
259902
695962
492979
637908
679843
556553
682656
605630
714669
919162
787917
907081
376159
947287
457461
827992
675706
765181
864851
803356
605050
735846
951582
234005
1069919
416432
601682
1715254
623616
691755
1080531
1444645
770315
986987
935957
650659
709608
859962
837177
517526
829046
815639
876780
924320
1055940
817434
883518
934746
1280343
1014753
1019027
852063
932292
696373
691005
528359
455547
970833
425022
1079227
1415265
720582
483865
861730
930949
973722
609871
811716
808824
420644
790042
687695
734485
910177
798574
943520
445667
887001
589265
1131489
1437727
696725
688524
992400
327972
404944
602896
841034
1395281
919185
1193079
1058351
487570
305337
652802
713585
906640
786832
768595
363619
821848
679485
834310
963140
1446330
806257
1070877
781974
916000
718889
518143
883712
529160
485214
1150092
657359
266457
372411
896005
810577
775976
560423
584943
1031734
721044
762383
1315923
571528
881114
969039
871333
774429
802622
664041
544791
840915
413612
495883
429365
454916
919976
606174
1496283
875323
700989
1213049
1078789
393485
886635
767398
742025
690277
998706
431738
448561
267510
900488
658819
829715
813835
646192
1235013
1059517
370505
712038
401116
596544
718220
1084324
797452
728043
729165
632283
1045668
1309090
533565
1203746
1292222
659465
937836
867503
999903
895900
419920
444684
420973
802898
922861
1012140
877865
954473
209838
992261
865464
903850
759774
899295
610789
811550
1028609
1212104
611574
206747
1154256
867746
571249
1017565
427038
692987
1696745
566268
1398379
1151478
437802
816889
1122812
828809
1015062
708215
812440
556985
367040
472943
835837
343677
944979
343198
940982
720041
620098
662151
510723
671293
1223273
577755
483393
505022
930224
999130
775739
823618
693223
338717
1032366
833317
1033218
972719
424495
861083
559951
193433
587804
584770
807062
1291525
479612
696494
860678
77222
802070
626809
530225
352947
1137055
645751
1067577
1072725
593613
1210814
1416006
866709
706348
1126386
1303598
682103
1061130
886013
1159812
553168
430354
1133662
383933
1271087
680865
595318
1075906
559379
658786
753605
719056
336551
749022
1035339
618524
922897
572240
480824
303114
686662
1099689
333658
374837
460041
708820
1001233
574947
737431
935283
775620
635732
918789
928075
785401
687117
842252
1053917
806274
524154
617353
750064
781814
918793
210104
959885
739617
718782
195465
825300
563747
1269193
697462
611858
778574
806729
516111
581980
687930
1167417
886057
775204
499305
386233
403165
331337
586759
681236
386356
710047
1109707
868902
676395
431478
1021563
803554
899464
1005918
825319
418950
775655
1232284
666854
1113543
789511
581384
646267
797188
1267155
801987
716426
644656
1011395
942708
757419
933467
833205
166664
933594
806435
587424
862412
974909
417816
1003993
634179
811606
938000
780265
691916
927906
817398
1136999
1012386
703101
453629
805555
841045
1123676
357888
925297
581064
1372945
1333644
1036010
1028103
935760
115883
711774
667976
384056
1019597
925932
438365
1237304
468506
818553
1086398
771895
429807
930931
998817
596166
880339
727215
882549
681158
962001
504659
597548
219107
853104
1214934
771956
1034547
589455
870200
579681
274120
1795257
1188216
1164842
789708
1032804
906348
472388
956747
315075
899842
641931
858992
852890
1064747
302212
504477
593579
616883
1127213
561778
752387
937692
539015
861086
760981
86554
799103
1087767
1172037
877511
1104906
114968
858507
703435
1071203
796663
959716
439944
474767
752529
282562
645861
1039920
643190
686847
1023234
627498
1256198
1140519
326963
860787
791735
817827
747892
897934
375383
704985
1222594
1136436
238189
705329
1246943
693953
1113499
747082
1055148
1376869
1523870
1153024
715079
697413
988155
800974
887874
779270
730617
328943
671209
603349
509367
328273
732168
487952
527165
952890
510975
1023758
774121
340247
467320
942835
911659
830746
458128
869567
666743
895561
544365
487485
1145969
1444755
957106
1033420
803028
473489
1244992
690875
922605
732763
1580103
894396
272814
959235
887057
1022257
951651
768140
452389
1005455
887971
642893
791829
803341
604355
851749
639438
676039
1057689
878020
742765
746551
710672
604122
633871
665634
912797
476842
786433
331714
788889
864944
696395
725046
837661
1146438
878113
544250
705725
1670879
976005
773571
566654
1213125
467401
11001
387863
1113566
1416428
631360
650704
1007402
579869
628717
1256223
490054
791175
1189043
286584
604551
1186974
622186
1299531
1050047
1106641
1059028
740595
323981
895091
1236278
470872
1345538
901739
1212894
658834
429504
164073
861550
442784
1079999
769303
1388254
955219
910176
540704
1163830
843922
306025
847321
755865
964101
264517
1426772
824764
813764
729864
1296078
194125
873769
246462
745968
706303
947237
1101803
1332223
1002817
1121019
597837
394142
1025611
828181
631753
995595
1119661
881394
899121
599333
1149033
259520
801195
345251
943977
793684
990486
923145
437293
869580
1034877
287943
646327
982345
721323
538624
773321
774288
680738
997227
361091
917462
1254616
712991
1097177
788208
1048136
1274050
765877
910204
523143
329638
597408
492739
567741
340919
520547
438240
869102
680221
559109
1299932
817142
743521
602062
728943
1182250
876799
788119
700155
520807
1255869
843899
872144
274907
877668
381991
999468
616982
765797
661848
894472
623670
1207388
711575
1064753
657824
579266
1167245
1373078
745116
954253
394566
1172239
992759
901749
915326
968227
704091
307591
720071
437650
767003
355405
641071
376213
1306983
1035495
928589
937846
1328343
777934
825195
852926
426829
858315
903801
618327
1172719
698506
1132894
926573
1016468
854946
650954
172036
766973
848956
541115
714971
891477
1051369
970751
633983
907752
1213734
840879
443676
874134
516144
598185
485618
1216917
1382866
791352
968623
913965
728224
849765
789287
163867
1022839
444915
668559
1074266
1030665
1045868
647684
1110052
655078
569931
649734
523021
489868
676836
729347
813735
836200
994621
1004148
737868
457696
392331
584588
948738
281388
296905
749676
855254
1118268
1178279
323300
1372758
756733
778289
534020
998493
833897
861379
892337
777543
560422
463894
624273
721168
760858
992591
1130198
901217
1109620
852619
1238428
611775
135645
996468
947659
694926
1119623
552972
500890
743916
622703
761004
1286049
854477
423295
850116
1186516
600920
392643
371508
1321590
1001715
584806
648146
703065
697317
865258
504492
738259
955474
1417282
1170387
363124
546437
500348
1136917
694827
1455336
956627
584475
927835
955615
526121
676320
907172
121801
319488
866571
332518
1350729
789715
1200299
762197
714155
733733
1037294
592825
801734
238980
805639
490582
868400
974540
1004044
788924
1216453
745121
579043
483738
826694
1121657
745716
422138
1108429
1097762
1413382
912209
933923
1021993
949936
443279
404004
417380
263268
268554
334825
1306883
752278
1101941
791234
353431
641586
1014516
1126928
888933
1007087
327226
996628
816409
909744
877844
612317
372643
1240729
1172446
981229
605352
825820
1535672
382706
889332
602353
399614
805175
852286
905645
1554650
1003328
685341
1103207
506747
874640
980977
696410
777289
731998
612058
469558
822419
1374590
800194
1333041
647957
200618
867525
844661
722337
381440
944121
775407
1140574
717621
1392604
922941
546573
1204654
677652
273478
831914
997443
703934
609717
841356
749475
1092471
1379569
408847
868137
606118
884632
1018679
905168
734199
847762
956475
938217
294510
648739
1036763
850896
343046
808680
523544
529926
885896
1176922
796311
444798
1202481
1324072
861797
750111
1079019
469612
942394
837459
469482
654817
1114004
1217205
859218
966376
605584
1011543
1177885
744106
917952
767567
832241
904830
831462
1155145
670722
706463
233534
906821
884498
942455
570586
549980
982122
481846
600612
1159349
939498
801484
954575
853182
776268
549708
520996
628895
915222
1075563
806823
969844
1021760
247145
920492
1331874
1078773
743433
675913
827944
129861
1120797
618380
948595
520426
342671
628880
292213
1227214
711816
1030436
720985
1054863
1055159
1216660
720245
631387
440763
711789
927612
1037379
931178
606778
565776
1286761
609794
623643
716034
567881
190627
320680
281801
429998
669442
841708
647575
1159473
595485
890548
670641
937126
744778
663393
726569
196276
552742
602398
1289277
1046527
223183
1081655
651010
950047
841743
947623
124215
1075844
809031
847670
694873
1025983
1104347
990840
1031480
904989
175353
1230472
603727
730284
813349
555000
903419
221662
323656
1193429
1056119
995967
759727
1061575
986222
1494469
329546
582042
1116305
618307
1092448
827591
718442
1166359
930178
691849
671572
652515
464824
929807
515600
1210579
980254
882900
333785
1305673
821041
446337
1085077
1035578
224098
797318
633321
803017
1188879
571392
793295
880271
954724
1005233
781260
691970
819312
658132
668719
107854
860966
1042150
1116920
881104
757957
738256
632952
1099647
887447
451180
876506
1100259
946062
823042
1253723
571183
962790
549618
958072
486162
996909
1095681
257047
620252
1168665
671948
678417
1006662
642426
1208425
993384
827767
1007321
438762
658684
737342
644962
803305
870494
541862
405808
1253676
805172
772587
471705
917055
117708
1216253
859656
761386
1007176
909427
938266
803885
864486
825553
268533
833288
478355
596849
307653
962861
312048
600184
937040
649820
441918
1034375
1038779
925534
726559
759374
196218
353822
708044
585795
816652
874780
1039189
962938
377716
876598
1000725
963841
833701
689434
605254
990642
655166
1197923
1102452
703728
921183
519939
907072
821244
1234693
604017
736430
940484
897592
823660
1016108
1166057
918683
902125
975388
271425
492607
665806
842180
716173
1108665
692819
984217
963031
746392
134875
792197
695813
432523
496911
873242
694581
925206
544631
435627
665305
532835
1320068
546049
853607
1002859
443379
1086819
717142
551135
436362
1172985
781484
622454
602162
803174
746243
1214244
645755
465809
486131
935055
486283
1024112
648481
883810
928038
192459
732490
1001091
679474
209112
1088568
1094438
777472
570885
390230
668871
720979
628617
649963
1351520
1238605
940142
262480
725691
845708
630397
1262655
521947
1073776
1182522
653614
642613
629023
920672
1192701
1383029
647779
694113
172089
982446
1016855
1008743
1101640
1295543
452089
1443541
779408
1266760
633048
492325
424659
875324
1109144
591109
1075937
379942
1139787
725115
980874
979693
1162703
770862
804632
905264
348586
722762
462025
694529
1115768
515299
1088245
849767
617411
1500656
1093316
699506
663641
993008
880493
799468
779353
1107620
929685
1137857
986009
864365
887973
604190
907844
922617
422195
414069
976836
706791
991801
702542
1227053
395164
658838
1064681
1081570
324233
895994
683304
986792
819867
314637
736007
673521
1000523
359992
545160
613561
1032437
901478
1180369
324244
471130
732208
341011
1040149
616932
374613
537465
510366
1118260
771643
1366020
789210
652205
723195
192099
716180
1145286
826732
630406
1046355
1088278
827299
661818
447208
771500
1143339
713953
1368981
814082
799015
750911
947419
731073
959403
918923
813475
877488
896148
297034
1138479
778681
640718
519329
430090
1051549
454130
606081
503480
786395
468746
835889
480742
1137917
881020
740674
607011
136390
1036048
184728
899343
1002119
1253067
983140
1630719
1953634
538897
966162
673053
795913
631738
437370
1000507
562410
873199
1013840
1056049
702714
541169
932913
962044
769641
1058333
794451
901802
531058
535141
768175
889870
894718
816253
660658
974484
507909
790743
806923
512866
1024651
1236564
961432
671030
817119
924777
622642
957287
797952
725390
1004888
839554
773642
901782
944509
518345
954215
342767
586890
742445
1127344
1016392
797947
863904
817265
785747
698140
556680
583806
776645
955064
879237
1106974
800332
414085
1013929
600387
866728
434511
927469
682942
358385
726385
883309
680473
836848
763241
503753
410075
659757
741084
233818
1005610
1057610
1034605
662137
1392480
843300
828467
725215
384054
1001211
459951
914404
1069426
703181
1084951
1301191
728293
1156562
675560
431916
1046297
557326
1128381
1204174
807331
1163186
709345
519901
615125
1181276
1457586
579943
425570
698443
772837
755528
568690
1347375
215160
669753
471684
654145
402391
881263
319394
1008314
547141
1051093
810151
839146
711629
872182
717494
1114633
639736
742542
968181
330466
1018503
782528
907659
401558
326849
855211
1311604
191004
758108
920227
664041
1295354
662281
775745
1334599
675019
278098
1460101
1454388
847220
1079243
597840
662507
1142521
696035
131402
806548
862970
875743
599013
1040971
1028375
715680
1131122
655105
571186
855022
1071393
1124770
892676
1083642
378358
901176
1071050
923527
947927
847300
876955
986018
876002
1225039
1315030
960625
942951
998932
737334
549107
800004
912680
562584
922634
800653
976081
568927
845674
626181
1133384
332644
677503
1282273
434226
968621
196058
334758
846496
535708
995444
764954
674473
824240
406202
780153
429820
1051908
329912
702706
1066680
959854
543091
1019636
1022533
236319
855634
777339
1363834
786939
1229704
315197
1152180
1050623
1045191
984918
1371972
559034
293440
842135
842846
475100
399745
994077
1161798
1133379
818685
812431
1320286
357239
529615
737136
1105372
669926
85207
386864
735942
1074663
1496305
772486
934393
669022
1238496
399028
801936
471070
1063938
304510
841879
516324
325686
923209
617934
451571
1021698
1164095
782863
1062564
1094388
1129482
878865
743296
706218
830273
1293784
1061753
907106
740186
224815
249212
1163683
881265
847363
781065
982030
905833
1151566
901125
345619
574398
264558
542374
655962
871624
1314810
418094
853226
569851
408419
474135
969773
788698
846801
540757
606413
405322
799125
659918
708352
309030
562219
705598
704467
624302
796781
828460
1200760
261030
383353
797746
876055
1127566
968179
641225
658583
634241
394113
518275
992335
648775
367024
1209216
1104210
841615
672401
113633
930304
852672
1007935
911797
1001120
863438
470001
576028
947825
601581
804012
705554
811647
728025
1166945
726270
367103
452247
764731
790341
826449
581834
674433
162190
1045257
970357
836546
149368
1449912
56680
461785
953974
1001217
941353
1226672
919913
432627
1069759
1122769
616524
918649
553041
579006
911260
1213690
314844
881917
1016250
785843
930484
921982
911020
832314
545952
1273406
889775
574376
1316510
587540
1225649
629144
1031726
648869
340825
629332
615213
539083
907173
761706
109354
462064
705215
692249
781319
956054
198427
920872
913322
507667
973145
773689
1020232
503390
725118
802256
736966
729975
784538
1046465
542520
964652
926528
477714
244778
408982
868172
1095771
1104725
1317334
914020
761330
784342
699616
1017083
1119796
772019
922884
1146899
788566
797471
945775
867308
660060
854218
645394
918914
882349
1165585
701106
780733
694321
795048
801638
1413382
625540
807180
1008942
600407
715106
1237837
1252500
863443
404644
1035139
807190
339797
754311
996138
1273284
617731
473228
823778
866638
320431
809477
1185920
782241
1055654
844011
650660
1439164
759555
536247
1056889
775569
1147969
489274
767429
567636
244144
665518
422792
743001
685432
710276
688820
905215
708165
860649
911409
769202
1255223
994768
296287
1047071
731861
769861
501480
617641
1232783
70778
741359
773979
287645
459902
1166860
935905
1260311
883423
1075725
755661
1180897
1291353
299596
1000513
931553
289259
1098926
814848
448771
617684
650661
633720
907850
914433
875025
760825
1035307
1046021
678279
936037
1036151
656987
965852
655418
912763
929171
727689
860544
704815
551279
852293
810194
473214
935018
477165
632066
976252
1007476
540167
1092741
1220961
584900
476427
1116190
217636
1087875
837093
787387
1126085
1174375
852824
910047
1260285
1094316
1064353
1075866
1109614
1181833
1263070
317662
316138
1048722
748544
670510
971461
624981
779846
833079
1019205
435632
800567
949213
788604
1055969
173186
556885
796709
1006868
826503
575470
740042
424586
576672
772096
829955
750115
1262106
1032687
557890
361468
181488
864413
890318
805503
440815
918695
1000059
1319839
838775
904355
897041
848821
942947
971231
751000
879990
705381
1063832
1125780
1429354
876861
191381
253721
1088066
727797
940723
554371
764478
383086
852505
1046368
506054
747744
656127
541590
579839
650664
642806
825151
345305
602840
1246821
1267706
1149322
630021
701231
841223
1124535
701685
652557
1158577
839073
764996
821487
267702
875056
988782
812088
642420
926848
1072001
944677
1034667
530212
909210
1054027
888487
576063
815660
752672
365296
865516
1326356
835458
700172
565221
813026
430377
705487
200222
1077281
588113
658225
953915
825991
359720
959420
351393
1042200
566561
1174517
1030191
826961
728030
825138
826730
793086
1197153
857883
909940
1293543
1007969
726228
983248
506318
974057
448563
491211
1082718
251705
929003
421859
1069658
703273
283202
841260
1386698
889133
370562
453804
976377
899839
913922
587674
1178860
1008251
613978
692346
1065179
1060077
1032342
690937
1158824
965213
905819
743703
682329
1009188
610515
655303
676897
1019973
915968
645160
741577
460725
650182
300778
775480
1121504
598162
989666
767026
831937
287398
799560
714043
730626
1034690
555466
541570
624510
1073489
988245
892858
701896
1014359
467764
809534
643848
582937
723020
766034
487505
1098759
570020
943899
850550
281726
773082
933598
888662
664268
1068592
668481
901896
431796
562303
496389
592960
483081
739061
762722
960488
768364
1156838
351681
1086139
726957
1208126
694931
1058191
649358
769773
90943
666490
555579
593819
1245882
589382
938147
558442
913248
530177
764589
1036935
793648
398162
928080
1485009
1407413
939935
884086
811192
800311
552768
1456992
1047749
503756
1227686
978220
1052358
590019
807271
783622
960007
457640
688473
1358295
618315
634007
621332
994469
1045612
920062
1206523
977206
679309
733585
687567
714696
122992
822372
550920
919940
220994
767678
914119
618370
899417
882760
1006878
596983
478899
381723
879203
1078991
880838
856452
1184225
702374
523114
588159
929162
1159905
884911
848073
482910
915982
312810
508332
984305
399512
832222
484917
468535
593522
851083
881206
1181608
861782
634499
596485
1130299
439447
1045006
284499
591339
611523
755511
618817
757221
1195568
486923
1084220
827749
733552
679664
850619
1235354
859415
856589
672971
826304
874816
1049862
163303
866234
1274740
806364
882023
633956
795993
393110
705687
467259
616289
753025
724733
1513745
721722
1130552
714976
561868
1102662
128084
817903
617793
925474
655890
423594
1337162
527025
641963
816720
1234668
925783
1255252
1111570
819576
1153550
931127
889684
1171853
1076142
711667
320933
614090
591449
884971
475356
625321
1015571
852067
763556
992596
721885
827359
745592
396546
1306208
673710
560059
520077
574370
760401
956613
1006167
332296
1282209
865340
865485
557900
872807
606656
618327
951509
1221191
1052481
671534
1339644
902205
756429
292417
982811
934235
852702
460219
851274
624112
544999
874425
952338
546981
655249
767485
848901
1020306
1043130
376340
963472
500487
1089171
1025008
461697
1011149
718878
1146330
800322
1006063
247755
646053
448250
657635
1025022
1000502
611652
600786
493260
806848
1226032
896803
915669
606921
1324595
858291
386886
940422
655140
770930
1099991
902734
186012
930695
423068
941339
694459
1086138
700586
866199
451452
1003234
581389
909225
1179095
236962
687083
983555
570012
892223
823505
602089
957965
862375
1052408
764216
801843
609194
851585
821295
808792
835229
665601
373632
1108039
1016747
1021220
1126893
1033655
827022
710182
747962
834440
216016
912428
1248291
1154137
415884
1012030
918156
1057725
650868
601490
987684
459874
815996
936262
636589
1046755
704666
816177
959791
597730
525248
437880
515338
1103917
1178525
698247
646443
536621
797181
521819
1148305
576966
521675
937501
809064
460586
762213
782941
862048
656704
881661
601371
775496
642863
687978
1056224
748084
1118678
422982
931209
1378124
986462
345572
1020690
1046829
1053974
1117948
920706
696280
734331
776768
121517
632612
1131895
873099
583368
289653
389121
1192086
1118884
723386
585344
982483
1022690
241896
1004390
1119859
1103455
1014394
250464
739474
929022
1298106
1018483
650929
700465
415921
1003477
973704
973579
413579
1049462
741249
839429
670761
552166
1106959
699905
1146999
689759
959405
765635
970542
1061681
528036
776202
693361
799863
667020
211543
732097
1231028
748802
392066
804014
928223
366668
1169390
949655
1262113
889395
923103
647675
1144790
510909
705399
693544
855579
581223
776214
837935
552811
939434
454705
159022
920145
623679
862726
744529
868746
1534887
1101490
767662
747962
752921
210122
243082
630088
1082606
1133243
832640
344581
1165434
1077537
824902
926042
1316039
637426
430936
877436
867347
1044964
1229091
673615
965776
467058
784155
644152
764865
777826
695809
651717
1000145
561183
1059257
993550
911372
722505
165536
980949
559335
1058010
775586
640954
540584
943812
745917
751518
391836
249009
322667
643477
729725
1000009
840990
717752
978147
710063
990489
688780
670154
1038433
888540
627494
406339
619072
350937
1142039
815409
776043
831403
1081942
730287
1151030
1097360
497585
562857
1199569
1041270
1108668
653371
976097
487707
648180
950830
130499
761344
868272
746376
799606
1200692
388340
973324
1110217
1007427
637139
1277311
922731
687697
629697
720134
724204
932312
783814
542276
1016730
1084649
686907
804769
239467
1062380
900017
1237860
287473
603889
498052
1145883
805433
569036
1101819
848519
1155322
666464
1078575
695712
1119391
1043233
607756
655577
375057
640562
589446
1132060
673415
1111626
1077934
893072
782172
635682
996464
793830
1036656
694242
907448
1626068
870808
688346
1156599
808256
526452
626767
1185361
655026
706124
440963
391876
958259
912860
716893
897881
660117
979136
852781
1291778
1021877
356282
816862
873799
1322886
1356623
686248
608146
814799
970369
692552
787082
1018678
776601
429871
1213790
419279
1066372
827093
985033
397566
986823
400894
563781
327092
786400
1040025
699429
1096829
843183
822168
922390
739319
897868
529388
1175906
321894
799678
362991
919770
1059310
878631
1156786
1184801
656510
801917
435979
856965
348730
1202547
962453
1027725
965738
1318757
730534
296090
1220715
638921
973964
554583
731583
925048
879734
872406
952825
1436687
487079
747067
1237361
1142382
810196
525713
1012419
825781
938838
770714
1356016
755553
949372
1068316
472413
1201535
939243
470254
1351317
920113
928672
707149
729988
786983
1132916
1102945
789307
1087619
598607
691748
471897
1303989
886815
887030
595883
901815
918574
619066
546821
146196
427251
537205
419430
664350
925482
1016921
624285
479476
1205394
1358628
958520
1232393
906171
718355
910264
379528
818605
920242
691749
873177
515492
1055646
321739
451638
1267321
461116
948103
916152
592892
776829
862811
919328
1138422
471671
746251
593833
754370
658190
1001199
1059997
1069233
1057796
1173461
944563
876757
644523
1294505
1377370
752721
1226742
1029466
1299564
753711
1142888
834994
875356
912975
808721
929886
838789
1405244
540589
751025
616803
817110
922710
700700
1202997
385132
999713
957312
754454
895089
363951
270248
653987
1291964
617191
907117
1046331
566290
1110621
815635
1106593
918103
991560
1083048
652992
793042
1059865
481208
344617
1216319
714710
544670
863357
689911
840127
956019
902114
752792
965014
776171
1069189
804431
665946
640288
340098
751044
908808
1179977
294208
633410
355676
1165687
742514
826304
630575
377283
1049656
1135688
860621
892544
1430443
602459
170362
515605
1387284
520931
478607
852166
946343
717441
858873
1162157
1035070
314174
704582
145605
981967
380472
767749
1124523
1275387
832231
586363
890773
1191230
1212392
781052
807608
909364
1270109
997011
696859
615922
978845
737793
814626
642616
774606
1257968
1148704
738543
923020
844214
508334
1107064
819829
1126173
237811
619073
524224
655640
636799
873889
1102926
819653
891143
999834
271295
823315
968475
813920
536134
725355
442204
593859
863785
953886
666786
1158832
1043222
580259
1098631
910531
350291
525160
1223736
605411
856967
778255
904409
965662
705757
666446
1022779
1028591
885467
745333
1105332
1320482
797457
1454692
1079510
702439
509475
661981
660346
516344
143538
892692
485142
862802
823938
726715
922862
984926
903563
536510
1075108
939832
1048804
1316113
1177948
718475
1202878
486116
301500
120817
586631
516725
932499
1210802
468397
514078
580738
1007004
732114
932272
1059896
773694
1005462
787187
570950
719620
496786
807120
764318
451561
970742
1085092
744605
610358
598326
827819
302488
741595
718983
1076045
1098586
1136652
717441
1104537
840537
1167163
1147567
802535
340571
788237
739568
766385
680585
1107587
1031956
718537
744312
995428
585802
595369
852837
973693
1213503
654730
634358
1135074
856533
394273
132393
455184
880729
344644
965384
726787
906635
868240
840838
710418
297307
827898
932909
1226989
1091852
217915
663762
598945
893082
783292
1065690
735862
929891
497307
395331
663526
1207910
1384698
1224034
445467
644218
1544413
360923
543298
487505
300138
942907
614536
1039876
593668
128346
485522
1007945
1610077
764201
662094
677261
609241
922694
305752
285305
1094527
1540726
467723
599678
433828
553258
425707
982237
782825
206712
577347
1025849
451834
305694
418907
652816
877080
1277426
819257
1022145
780877
364877
888004
607855
801418
720689
1009970
1186437
988001
301312
310045
69199
805262
584398
286965
658771
642299
300816
1090861
926692
548936
727688
1153338
633958
1083285
719519
1027745
985194
959004
851388
412268
426908
726575
798811
622307
562037
641407
1295998
1098158
1036624
1089594
678466
907214
1113299
886078
883916
727081
901669
614392
1375465
442727
1042031
828506
1118453
1072404
946023
971343
805711
799989
536166
371328
1351712
605697
822594
1111424
702298
1284957
896557
1041469
456265
797846
243503
669711
778486
757578
862519
1077726
816334
1300171
552530
731592
470200
979115
1124841
599769
752401
1129300
965195
655142
1093063
794262
673890
899307
997034
846620
318199
946758
712721
466877
1071370
922085
1148506
1402444
916395
755172
807406
856186
999907
1051940
543792
651286
714601
818811
473164
671348
892743
989796
1042973
409712
899612
818430
1414784
1096949
927447
847495
731290
559713
1046047
359871
1242256
414975
946603
395872
796377
493756
750315
705513
511682
1335339
781990
958490
1015035
777920
267484
315279
212098
580063
1062930
375313
866735
618928
1093628
806720
838242
672596
745221
332651
613848
664034
641918
989194
766291
640922
1056809
190139
801501
723207
441392
762360
1102179
590632
795508
814903
686261
1126364
545268
1118753
1217806
533782
532788
787370
868537
929732
842572
621625
811656
538962
432704
1240589
703076
976508
975152
280614
434947
864145
809879
281446
535613
622164
248532
615913
730457
430226
729385
504555
509296
764723
929226
1243621
1085505
736731
932366
559510
517131
481893
1125845
840807
772644
622677
1291140
946341
580238
1133753
255121
222826
505695
767938
678673
1238381
743955
1023898
982695
766422
846433
456853
775471
709570
898443
730558
986640
885484
697590
838739
876325
670208
733111
1332179
427933
979038
499995
1198419
676088
587073
505123
621666
1042670
699555
759349
826277
342242
971608
382497
639528
879520
993040
771863
373148
859548
461817
1208827
688374
269790
909332
813022
974086
811892
908295
855585
1076328
192876
1331207
574110
581607
891458
1263243
1127825
649770
726595
811363
1113112
984305
1089505
536405
1040408
475511
745730
1221575
824680
1087164
871530
934426
589123
512159
630372
905721
745945
492880
641794
1017125
840810
898621
559384
439520
999596
797487
723356
517292
826609
1007939
962516
619502
637749
1109677
596837
1123792
877927
1330453
539424
544330
226041
879434
1261550
528181
644018
705991
693796
1205392
1215563
487278
502290
1109896
740497
874355
868683
936841
994467
1014355
641843
1015674
564925
478485
1085390
507634
830079
1174740
476670
1063568
711054
1014142
684690
842879
1146662
385166
817272
922288
1019444
736433
754515
1301631
996491
541354
1170289
1383848
698889
817860
719892
1558209
645480
337758
662399
814362
959613
471081
775482
1253248
770930
1462871
801685
840860
810407
800691
1048044
1157366
821086
854193
714445
757922
427430
862986
917370
1259535
684527
907451
675904
708863
771862
836503
1195093
787257
656546
824242
951858
1103661
741148
344447
909651
1003832
850061
687754
742293
756742
1010674
1316496
806855
681061
611483
933679
758888
1252349
939042
845842
1371360
737758
998236
786638
802487
860888
877885
955201
1079607
516005
723536
902903
672141
809056
793843
835049
658099
812428
597465
503333
569205
742657
370643
962826
262443
921262
583774
498171
509022
683662
598858
1064240
682398
996410
822011
1266719
932484
539240
1354090
607024
1313547
1124970
1050661
919995
168390
1024170
1100609
761305
330705
789349
798989
758039
948070
451976
1444894
1211232
1275154
1189072
728421
532569
885586
842572
1286115
664364
1461354
798161
1343151
1120655
1248667
288248
592992
588127
1262795
921088
683064
106037
764604
1054063
701458
768673
519968
903806
978904
658563
665687
810043
1052827
637125
573481
112296
1089806
1112950
263809
605472
1092637
1110616
961833
881855
1159349
421389
343217
943986
549961
1516850
586265
549869
1063300
1159678
574686
1086175
259402
349209
828551
740088
910390
1187607
328785
774888
926179
838464
1172547
612190
526170
982004
432321
835765
604682
1008829
875216
951447
1252975
1034124
1211881
891530
388585
543021
720845
651656
858796
627397
510985
747099
901275
982213
134294
962225
903101
570242
1384359
845846
743758
1295160
649274
640256
1061785
687858
1192277
494942
771251
1649248
841735
719867
1055484
388128
469481
1393802
782595
560630
955176
358658
1178822
1038884
1077183
911573
621340
1218002
663963
664868
1096979
483564
497206
956221
700730
1060002
1483235
949515
1026238
977442
156973
571876
511398
1091862
161923
1332617
817074
850187
825086
562469
1052372
818656
521931
647795
933757
1070376
1178068
531042
624717
1459913
16570
771372
1197255
1056955
1235715
1068513
711010
968424
490736
513047
1342056
1074772
539744
1266839
748009
591497
166427
516957
1108498
1086586
100090
1032818
433777
803153
692034
789139
798034
678673
627493
191310
1178884
928992
813003
814754
592373
1149850
782858
590491
746689
385653
670278
860565
670434
967873
339723
478474
920935
1164330
528734
857055
1318994
666663
503515
874434
749718
872714
478040
1033576
135049
121450
1013386
794744
603002
525819
1318204
791607
597018
759568
765651
1180533
1240512
350585
576441
546089
543091
640161
1000011
1723378
672748
1247498
978965
683184
433799
946454
1403203
385863
728222
1068010
250632
772795
608379
654740
728075
733950
618085
788763
606235
1015695
703907
997360
1175150
901814
772455
577238
1043479
498650
654970
756757
1342112
760760
1186078
1150229
875259
702231
1220554
434203
530779
947788
1035158
854769
621875
1074102
393331
995436
915565
777170
212258
983620
1197959
732005
642137
609634
752734
1248759
981379
1186125
606025
752576
844665
1363182
1016756
788913
1144720
666941
704833
444673
759511
721752
1124155
695761
449977
265354
1385832
558619
425849
530367
1033868
951281
904318
627310
450736
728631
1066307
850782
1129360
1070020
997383
654092
546506
788586
1083937
356630
528725
1190120
981372
1340299
616828
339834
1249025
1041215
1714429
1145486
266088
1559046
562165
1015545
1313122
524553
476956
496181
761127
1120471
610804
420615
417779
1006743
584416
865078
535515
1419089
1189479
679507
765804
685577
750430
532587
977024
748551
1108438
1044255
706627
701181
540100
1141565
862676
1197833
902157
780779
394542
1507003
517253
513653
831362
1341606
67025
376172
1099854
454437
956983
1289190
652471
619347
975092
882099
415571
581710
936941
582185
966696
489005
407918
561755
678140
991180
114946
444692
963544
89159
1347239
580775
1050116
767996
972170
931988
744173
873842
788319
489809
1273944
452088
1073836
538693
747290
1014874
790553
1040705
495504
1003386
510881
1193821
984351
581198
761060
913964
930376
689208
803439
1189082
847518
928443
888220
774114
992185
916139
654634
1036465
1089769
841182
844356
723396
944543
36756
652648
361692
1226264
633674
607423
537226
273951
1091753
350338
495988
495071
1088331
914345
658906
704215
1219132
1346116
699347
434605
723900
726912
340310
523933
395045
387823
1042806
314120
599144
525596
522545
1262499
681461
1234817
1112414
676502
907168
610156
957042
1138636
1514115
450271
1058240
768939
944998
468802
814507
951206
925279
1147510
799550
1046467
982379
1010909
19816
850634
759616
733371
650576
991916
687901
630425
794189
859138
692532
440285
632833
1187230
1507954
690817
593928
749190
533027
378440
826774
744663
995760
857746
893152
503282
905504
460443
989032
936606
521291
613439
835682
748877
605633
693967
490019
495147
1143320
813506
1060115
529766
920419
286980
1143570
981060
610327
1028906
438010
402225
895788
791617
975419
332236
292766
759099
1165469
642778
751011
884072
976652
852138
392221
1335899
625373
1709003
377894
1172119
1122010
767557
367552
524726
590950
779304
699736
1044122
541746
711558
483199
786678
549374
741986
1125000
1519877
260378
852578
851512
759078
723111
832820
756545
1071987
858591
223753
618169
764527
308528
413874
231797
764338
902664
812489
1069231
778934
608073
533861
1052767
1069087
435598
766508
776368
591403
1052908
744126
496991
1034407
1373149
807029
266712
500469
1085962
916938
1022189
255867
1109148
744003
924545
1255589
877921
604082
1279097
667515
533200
1343500
440855
672135
1075451
1207558
440143
610649
930874
640547
850314
873284
481242
714779
860536
1042645
412697
742736
684476
978621
826691
431681
733555
968977
650201
713992
496055
871739
657710
629094
965844
488081
510023
390305
692969
831535
1390396
514798
1258215
410681
759168
1229374
563486
926378
831436
525956
829648
1010242
790656
1039761
559656
416384
510658
546487
827687
544685
247682
594261
671077
925001
1049371
1169952
844449
1162536
752678
1025116
985203
527238
614088
558822
687571
916963
545487
557846
703540
560695
747020
781368
1003696
843478
582473
701432
760642
840045
664354
477526
1068213
1415597
1189251
1065372
802092
930126
786719
743519
703892
1311750
729170
373465
594668
1028821
695121
811011
674831
606162
362494
556476
1098554
266862
891159
859578
596387
830580
916845
900646
352174
1048390
977927
538071
534345
1301860
729823
587510
424800
398989
910489
966614
1127741
635673
960605
685368
904131
862274
741121
1098767
914004
1148379
804816
539503
886386
620122
315515
614581
1114303
715149
448009
820503
804469
1135163
670630
1028218
711598
1130319
699455
1289781
1258354
1151409
927374
909748
971025
812012
1099735
749853
634717
852485
206803
591072
1252671
884980
563591
687856
932109
1147356
780589
582065
635690
708759
1021722
1316662
889936
856085
529183
1129134
1046262
873943
947073
509990
1017333
333491
804040
539164
1090267
954456
659629
473485
697767
711236
1119940
737469
634279
747642
870944
582911
755204
570573
330408
765727
399450
898481
1288007
540722
867841
791759
1079306
470502
994426
864923
442188
948811
953701
784160
718722
964773
866846
794596
450639
712549
458291
980193
1204363
1251531
956882
748674
570926
699691
707107
512194
1001402
1156535
1010381
931421
530595
866731
641039
971407
795147
747322
1076114
645250
1057793
670601
638234
417074
824027
1023767
957570
280425
714119
630095
712095
714413
1170975
711903
912185
814821
938849
732744
426483
830499
448048
361307
714059
566140
901614
1262803
221686
318876
726853
1317340
1261587
878160
554618
740606
749459
263855
1060320
711133
415036
1068185
1323068
674095
1183243
1162678
861224
916816
1148584
977572
1126226
1377012
1132404
895722
684544
241180
828718
706787
799270
992004
850324
907822
436071
749300
599647
632691
843374
1115147
677553
673587
371779
1028958
1154575
701041
1080158
1511697
715474
685184
567705
770088
718150
725338
566778
418695
509347
326616
595703
795574
584623
223113
162202
955019
1058259
350444
420099
987574
1050952
773177
621271
532310
740252
1242321
810077
967928
968200
1102084
627834
911868
700293
875838
536424
720157
1180520
563377
499681
1048950
968370
904884
1006598
792158
1100862
600468
933708
299928
972085
884094
859136
715121
1161537
1011963
561873
870300
660268
297001
1248682
792060
1217592
757867
929903
1065165
791247
794879
1026314
771166
747430
1242626
944726
724247
991313
1112886
1608817
615828
826669
634428
791233
919392
972609
581929
681671
1367238
697025
858886
551811
392833
853807
761135
891496
461162
965758
723194
762040
1075861
659121
852060
577791
758075
1152659
1007295
831845
783402
755308
399462
498043
788524
1175485
1182658
878458
681738
623090
593368
885907
640972
752382
923091
487287
613340
977046
755034
296140
540983
147478
992332
1297712
1209737
1048179
848827
886339
664510
849951
648221
1222422
1441649
321631
1248774
257689
952822
860164
464226
277073
1283655
698899
1261638
976961
865016
697377
1135720
1098760
737261
802241
691243
1281217
549384
493485
1035642
1144610
936958
1127595
795673
1241714
891556
1058712
839041
763957
230991
397280
741741
1051728
442455
1084514
554095
482049
974194
826466
716160
983792
803264
696044
860930
933376
275982
843467
842328
700746
1114242
454089
1222781
817203
834983
1072761
457613
1199370
440046
760840
208278
583629
588994
723729
718721
706242
694092
705467
801685
1035020
1039419
157711
312527
659163
463235
1311255
856657
1422726
830040
793625
1127047
671412
551203
530323
1463672
736106
326588
889756
193081
1139708
1004596
783294
821725
1056001
976503
1025396
747479
801657
405544
604636
1086739
885007
796495
708990
827670
930639
1239397
758615
886590
758099
253569
1464908
553443
438298
897525
668570
594136
475841
751175
691293
673212
986469
863980
568186
995518
606619
842096
637749
858221
352541
647304
948536
819365
1052430
394797
915331
928059
1122510
1068832
660790
1080784
884063
819412
535744
1025473
777593
709676
605080
975820
735163
626901
648978
1110419
1111448
925629
547429
600886
735373
1002890
176158
601131
555096
808369
543336
601652
518221
465596
686648
941332
1077287
912477
831348
700040
945169
646492
783681
683822
670357
508410
1073808
913278
1065754
982715
283198
1179042
792364
913196
1166118
1109395
1055609
768618
1025060
138694
912242
624093
1248619
842521
830587
1062252
848024
684222
418651
652489
624932
587652
799115
1326354
1214376
1317959
775303
1226410
971223
902478
839482
492673
657737
650788
567310
1227088
824562
859110
751331
793774
268008
591141
636240
546274
1194211
849028
499495
653073
831484
771160
995267
969306
889690
947497
902677
870297
695694
637663
819135
1205042
626154
103616
597806
742109
874925
977788
688756
852239
904489
816738
758520
1064184
563533
508418
897762
684024
1266645
1179928
581009
1063321
725772
361592
400635
1168951
391273
1210606
786264
953916
839076
613612
795294
1029913
923717
1147757
906622
1146805
609866
809628
811648
317733
936382
806495
871894
747861
826069
827250
923071
277697
687261
653792
856141
341525
968051
418827
443491
481006
1050032
720627
287605
421374
672809
600931
966648
916633
1134851
641404
492865
972557
585417
972906
1356871
817323
1010079
1080081
467409
782053
845343
277173
263211
719323
1142997
925907
784112
687435
102516
419328
815298
952898
451145
778441
563150
466400
1261072
1156583
783329
527855
923358
995486
583402
1208759
184282
771871
209561
1125871
462673
901690
1410754
876311
853262
728864
192062
622314
761732
1143157
176824
380037
1179349
924363
1368178
712319
438048
413219
702028
1251046
1042086
700253
653761
883008
584575
1070235
1132330
802853
693906
629573
724851
1129403
677509
741902
955666
779249
65483
717652
1108591
1215904
1151563
1094187
851253
836345
1130231
587265
419807
733607
831325
702327
446200
850430
970924
810765
680016
895831
797911
1025703
1143364
794415
658084
650993
1187769
794522
689876
715031
1256596
513926
692358
423345
580496
1417678
745937
862701
1024516
1002521
857374
1003739
369076
1208006
398191
1108673
868702
975224
739123
566386
927456
486987
181157
1660048
1123372
631624
444648
730766
895803
875600
1101078
721434
796603
362214
399561
1009297
1032375
676973
762197
891013
939479
464277
782573
839812
773225
672473
1318929
828979
866842
1055606
813609
985195
1048571
785129
841336
765117
615973
552654
1023809
60653
552001
871587
705404
1016163
638983
1054207
979045
561170
914509
615777
873942
210796
609439
897931
469920
874710
1035834
530579
1192264
976427
776628
489441
782732
964887
614973
980388
952629
497742
789113
828794
725055
670497
957005
1095648
1222153
644816
781227
771299
133318
675189
830799
441197
899763
564315
607704
638878
738574
1003734
467294
430748
331032
808502
230494
412200
878038
1235905
242980
490971
431512
1033373
564896
556477
633137
381357
218665
787783
763811
289314
514123
245735
448671
981173
1001559
938357
356814
1303147
988412
1174804
121963
940477
671162
1231809
576648
858671
841495
679785
853569
423179
1221466
828567
526294
1045216
500315
632910
251732
1385491
613933
649957
893598
618656
763644
1124549
619626
179967
949707
676710
878320
682250
316363
886906
612988
619168
990073
1046730
999628
1084202
629379
1005408
420461
648843
835706
1330230
428947
814077
671072
690607
721520
631383
768870
696831
553782
188599
433194
189786
773778
657684
945964
146507
521855
632184
1066456
988474
518020
614950
1151775
430176
962591
1268404
545947
505312
337921
901732
950351
703643
864778
1074125
1154844
732434
971248
563272
721909
796583
242195
630547
951661
462407
430340
675941
481812
1104672
687786
791144
633358
761391
1021754
641326
1086916
716003
699506
591009
1076489
1224560
716143
578137
911690
639089
636019
840252
966346
909653
1315104
730528
219050
823213
1047628
812347
768873
1006111
1014668
644079
522113
862360
943791
1137090
1316109
1134575
965300
485553
904736
463113
684298
228432
767470
924019
857401
910330
577881
54611
314828
461763
1038773
449972
635096
698749
981059
889363
871586
734666
1224716
987034
721079
355017
884478
657759
671701
1235353
596429
466470
1055998
159463
507123
265540
1156593
929366
1199195
655639
1231280
215253
947318
1326806
1163136
566780
1205694
1057717
447725
884669
1046009
676473
1073299
641990
732193
518822
596053
837639
972362
972896
677229
1072759
915173
565182
935056
704080
853769
640428
634226
1011296
953860
1179257
893364
820599
455282
839554
451113
1084359
882797
1004144
635221
1073584
701209
720347
1082636
761343
735685
626703
1251283
966107
779713
577336
1061340
797958
518272
378809
638678
732970
858869
1208728
609032
363453
1181747
185091
1030486
776010
708554
1488533
684963
948863
741521
744859
214264
995243
1140084
855722
795191
821039
600913
956787
731986
599413
966913
411029
985602
349118
298607
923293
768355
564686
854830
732607
520174
1303820
1115264
1055559
142025
505930
669458
936428
403747
515096
1077570
630377
1185202
370221
849455
1470428
1055672
718948
663774
848662
647570
730615
657147
615374
464845
1028838
813774
1149784
1160989
601797
1199688
832028
435095
1346673
758639
558882
674475
787754
804671
680495
603797
552209
1058967
846320
1153897
836633
234437
765660
1145218
447596
801868
791464
654547
732392
1170331
1092910
494799
671415
548365
994199
1170870
1006976
931226
421647
1023232
700567
1107522
1185063
753305
931109
195950
392719
1008234
1331000
1237563
609079
712162
1468866
1106112
1176710
820564
1150585
1363402
587749
793322
797448
656596
422005
758848
288747
398520
660019
1373070
907942
764831
805840
567595
1019797
535192
951955
413041
651569
846572
536487
687404
614181
1127808
1158947
263880
1123201
423550
790064
315060
577910
1041445
701866
1205708
1041639
858446
524546
621239
356156
790081
657954
1291676
653241
506217
403157
573264
938544
686475
1128331
784208
1053374
840458
989795
983744
284741
1216042
520532
889817
813998
1165578
986809
956142
619126
810084
770730
848273
1249917
935739
767626
1198661
555336
633249
962623
645004
976408
996349
815357
715090
1108517
1165579
664527
1172332
733484
665818
789045
955346
539170
894862
739325
317530
1052483
258514
1038256
611378
1096253
791706
805104
504726
750607
954891
573938
924827
858665
377404
882941
1079960
1092614
961786
885124
902187
842809
1004603
555043
592566
1112971
662999
979947
681621
882502
696139
409616
951425
521575
1032239
226097
967103
833670
737703
852013
794865
599135
936167
537684
333415
602901
1167305
1037333
737677
788590
807542
1105694
433770
1211795
751049
871216
1008479
500397
196651
613789
804091
146125
821105
994537
827920
720211
743307
704318
857255
965495
1216411
964758
732691
1079038
1087568
518701
946560
352548
842827
801084
562159
578044
902078
886450
635528
935819
687460
856758
217199
720408
703159
471483
578016
839581
626257
969260
1045936
932629
965304
1556001
792105
849829
647602
786024
859933
914873
518954
901661
1364208
604437
907195
724427
441074
693524
480012
1217099
782883
894061
763270
728876
1071838
426305
330370
431948
765964
923499
531396
1012713
964162
679932
1126586
1123567
259997
1181061
1195367
628198
474729
609176
754340
1139219
482533
914482
845753
865565
1393342
435808
807386
1308544
1035347
845246
1164684
954905
356399
727691
615479
845374
866761
836255
1111394
882900
1322199
1141728
1092089
489275
870312
1001065
443801
167943
452173
365126
762458
620940
617112
1063134
599276
1422317
441740
1034496
893831
758307
810706
830893
601140
1086069
773460
984675
1048224
886588
362513
324922
585917
924353
72353
1111524
616984
975846
606946
588495
1133081
919728
622778
769771
676354
462118
756636
1242602
1079478
666619
879484
822894
639378
520130
948970
902505
837924
1038331
805133
998760
960928
948091
604620
1066169
1056381
909610
477068
477230
149264
827689
618724
917443
511455
935529
503595
858948
614416
592606
570691
386053
989150
766810
374953
746752
467571
894295
866285
655610
1243227
220671
611734
639414
910270
467581
537178
1149480
1018285
1020468
914635
619468
1283403
342246
805770
597805
860135
1007621
1128655
729210
597475
900189
785115
1121291
974741
690624
688345
469558
471528
643224
1080845
1081935
659253
747223
816974
968132
683172
510716
97378
596688
513549
1145745
298971
843698
201104
555748
1158392
494943
833113
603316
1067255
823739
995653
964503
730100
1082641
388021
894640
1234970
595259
568065
642417
920186
1053680
777812
1346882
653527
693187
886272
1363413
923121
801311
1111209
801803
273889
700880
1117000
727675
784942
879899
781645
532558
1005771
1132112
1166955
1070572
788884
659339
698940
700415
789375
590971
566624
949270
663055
699698
825075
922498
454155
1153826
417508
431788
1252594
886030
402756
695994
599673
961357
733470
839510
1110774
616081
646376
613949
373404
744876
473716
919348
698378
1070190
548552
653113
499403
1002773
482089
834180
690800
452305
736422
769138
868070
975128
964463
331171
1156873
961699
409887
732502
1096152
875113
703487
610042
1355210
797335
1105125
1030778
908247
749326
928118
785609
781127
627171
731935
855880
499802
308157
470316
517344
692627
1015890
380868
1102549
1099203
967354
724392
338098
671388
1091410
663856
1210818
436928
718353
803058
598440
613864
1105399
1058518
804229
644470
823491
680622
270122
868641
438263
1053414
450975
847405
568143
1170539
925200
452839
1102742
450984
792657
919162
998989
1123632
768851
759850
705966
863503
606350
811342
859588
726693
489808
808271
717647
834945
964309
1200214
352762
784684
938246
954165
1131186
769071
520327
689154
1052592
1172635
951444
656795
877955
948101
812925
518736
822186
635551
798910
996700
876160
1214552
1081311
589884
752411
1262256
884651
878567
384363
673104
832334
416018
1110206
896308
896503
988202
938391
958028
1111875
1114923
584598
518417
445401
708240
1017866
984271
644935
339558
330543
1334726
601023
1166603
735063
1008547
1000374
340283
768672
946032
226638
777918
492441
894923
555042
931596
695274
732552
1010469
838674
946712
391367
784201
1052839
1307246
336301
748769
866856
407166
765462
282176
786160
895601
684660
1172067
1217711
560136
1196762
999593
738325
728931
370311
538955
869587
691941
704353
812254
31578
956310
966003
923865
1451921
511770
429754
961880
909226
867723
633177
786131
918796
742757
520935
564886
745771
1089364
368493
979198
726304
454517
675622
209646
797180
130840
815343
674360
399110
602074
1309794
414263
1558851
1194212
843337
712976
528817
682089
847986
423094
572257
196992
1231630
866345
538537
928878
923840
645799
213144
456338
1265028
1188800
388149
946925
886379
772178
703890
286746
592514
533625
835143
721869
1240044
1112564
889401
937362
537394
992750
861622
866652
464774
763581
753979
552898
1205253
502606
499071
722744
590297
665841
482675
863892
666516
762712
817850
602267
749527
585892
1018243
914046
784219
445638
1033003
956886
692181
591331
555252
603334
553899
1058632
627574
486382
709097
440516
763302
1307682
649113
893800
1194291
375240
67227
591769
940769
884784
1005251
1109048
432235
600760
1048731
799127
678064
431249
555940
596731
898534
1096127
557009
561278
856043
258594
771578
859987
629709
1023669
858726
1046250
504788
721547
535510
1103619
295896
563514
657582
596236
714382
413269
691766
803300
778925
559329
999510
222156
742847
370641
1121970
645461
814634
1269728
920053
1292624
1076450
1266737
695241
439108
299538
1261988
891138
1182380
458687
1214650
924296
810748
440613
841615
738023
673388
926228
838563
872165
477613
930123
904829
1397606
1047343
1688518
925342
565640
1205262
832310
657991
731890
445085
711835
675047
1306915
554685
1029868
804851
852788
577121
624009
143909
491465
1277116
810656
647378
726361
1118536
689901
706209
370601
394321
513370
610494
1057018
617239
511200
1279088
582050
762658
693420
1122900
710240
697372
873560
679295
541781
546391
560407
900934
776440
672315
664957
756416
1174048
483099
867746
714554
655840
141757
693156
834380
909301
433674
999245
955819
1093469
627552
217731
834058
1367908
983000
801924
455589
353132
896296
770230
1007574
584223
494835
289934
1131509
578157
846129
915723
915227
942176
833254
1179460
812679
370294
1209159
324048
765266
758981
727394
1019218
815514
293031
504100
1000154
971079
1173833
751576
748628
540862
602634
1130251
609147
660748
769547
806280
1466053
878780
683369
1087834
593090
817056
515850
775702
555779
658815
793215
866123
608355
725373
940939
582451
721055
1087005
1314395
771351
467841
750583
720735
1043688
898340
495740
1148955
1303215
674601
1191473
660121
1010594
841157
950500
899555
769077
931008
400675
707650
411833
1214308
1376404
1282489
499701
969319
982812
333747
1010710
1124576
903010
1150661
1254182
499845
824672
1105393
500504
687612
994605
807019
898164
582184
545213
479315
876439
981605
357111
557199
823114
385382
668687
626324
1094291
660341
590087
971857
911930
622365
554050
282515
923052
881448
853699
217610
557199
504529
814937
811226
907197
902553
788932
469928
943779
344215
1021958
764977
443464
976075
846220
630078
850647
597901
963127
795212
1228464
842664
984153
380454
372377
755368
830510
839857
628758
732341
507773
1202202
607672
301855
532701
1061504
835092
1012066
777407
1969010
364338
1107670
940275
1048594
1420063
1008306
583552
862216
973708
942613
987235
970908
1031353
633527
513623
918364
1229176
834604
305867
899338
430540
887837
1154999
216466
802080
650923
934886
895038
730073
561217
1073172
997815
1254284
895939
673279
665939
1223784
418915
682401
721030
1350515
706287
308439
695843
901151
1110411
1109336
1329245
1073543
894481
1293729
1140548
483507
1398255
648361
722104
465421
807270
763355
942935
543070
396803
614396
734392
1116373
694410
770994
1078822
772439
815691
627417
1087541
1254195
806562
1233560
616153
630235
470857
804588
683437
735286
815752
682434
416490
1014027
590521
1218768
732450
999110
839793
493873
761636
1595300
899593
910979
538967
1030074
586021
410125
903998
705700
590615
532035
665593
853920
571329
893604
864300
799670
1156259
865519
578562
720181
395091
888197
398381
808160
730814
1094548
843563
1002816
749938
1033102
415063
1119525
1048668
857647
1134064
904763
1100008
1193660
1289842
501402
946649
618499
855599
687239
167026
1170000
513164
1372011
180176
397751
892661
798524
703656
1248735
637581
1164258
789455
420584
514599
1213619
1177794
415471
1904567
534798
917671
371620
836290
795341
836183
589540
727016
835130
1362332
592347
726420
977039
1000469
503443
1203379
543353
208842
1195756
677112
900087
516630
974512
733253
794893
242713
598201
914297
1013521
853112
682027
1028552
842742
271397
696904
804931
439729
701333
846797
639689
841073
1096097
443751
1169606
564192
657645
678815
752001
529047
991264
1293241
724335
607139
765923
1144133
827733
861150
1423200
1310969
885306
487191
689262
1213668
955165
975811
1384824
844652
1173024
930995
721858
732060
522416
676648
312167
853759
1292101
630120
637269
908711
766201
1089578
808615
621313
792604
624252
1254584
471049
592028
1259437
1047182
382952
522193
688616
1274222
1059870
988147
711069
1018110
795855
128450
841515
1076899
1252567
632411
1049982
691750
1156939
809657
853616
718719
851773
603823
1209377
949831
623417
761615
755041
1103228
750556
1074770
758379
1045523
999372
1185135
1252740
894185
1007465
674135
1178393
895849
942266
713829
1083354
964697
934991
860089
851417
1133713
497995
1002056
1272955
841904
874745
735279
1067389
852178
1029674
300720
1018581
749217
1180747
1014047
527823
758847
842559
660721
1071042
798587
1115630
1443001
973904
1106877
569341
529987
1242841
803370
1133661
434582
1059374
474440
755522
961928
903385
688268
907051
1366729
1184099
674953
1012370
515566
932815
939256
541692
1298148
803784
873326
1061474
638332
1230117
936245
500224
1091546
628966
305329
443941
1297013
754348
439911
506088
805116
878808
1291019
678025
707332
811382
1056965
512984
514846
820382
530377
1142860
959839
428759
582920
677221
1132838
1113939
475025
118558
741639
1337164
977686
1148855
1159717
551884
1269843
1173448
501044
1242087
1207406
402312
707634
391519
954530
679543
947045
356208
168041
999319
534822
953856
543859
896650
873168
677523
558822
934393
507808
868933
532311
518657
815732
782738
749572
374678
627339
1169306
1018435
724439
757782
602309
365594
815955
1103566
466656
914996
730547
520917
820389
751323
560758
399769
381975
1431922
633925
851684
967352
1002403
932092
711326
417306
899058
604177
556594
826244
511612
577883
752477
579047
1313517
620217
867023
285237
892773
830434
823764
642115
1057997
388501
394945
602093
260325
688790
1232699
960544
1105870
762833
1211271
828032
994875
348594
1029038
1101388
886626
734367
1015149
1376490
184873
945537
981787
1122060
652819
205317
918981
1035388
997261
958873
551642
631178
116005
674065
746564
1091227
1331516
957997
1221280
1182361
1230087
909374
991857
1130482
1073955
1092928
1266728
995689
981278
1262971
319402
1108189
1402880
723222
1167291
812818
750072
210124
833102
674723
689541
1112892
664845
615107
689470
748957
581874
891115
500540
1181576
994771
1398787
900900
717896
1381524
831644
916352
631485
568001
1063004
644393
491169
1032859
720967
701187
429464
849036
641272
637259
746248
626611
977438
824526
1036942
641000
1165718
656254
595628
820561
1095523
1242824
856692
747862
838170
664098
502284
685642
1035731
1049996
969034
813045
527868
402063
289597
792749
453467
808205
648853
798641
725245
702528
1264225
810186
955672
481971
800489
828401
835876
532294
805351
608765
984404
618720
750585
283039
589113
826820
835557
1174781
403648
481806
791725
832391
466332
782683
936565
810483
623005
742426
886601
596987
707571
849618
1060059
459730
635456
654913
902586
957127
1155940
1035124
794297
948170
776859
988002
1172988
844357
1258804
797663
759101
922636
574471
129703
1023850
534668
844572
504877
958318
1239087
394261
381427
500861
940775
921099
381403
732194
688625
1885923
990134
1297344
796533
927538
755911
670915
728820
711901
666160
869683
632359
759382
346833
1010452
1081477
220603
782126
833846
255512
1049115
1239222
1030957
789668
791708
1040627
1106814
471971
1108208
780753
783723
671232
366941
1043517
332885
942666
1114407
453778
752844
221023
443857
907830
1087790
628074
812100
481000
817079
592638
773851
967931
349579
905039
1211601
647051
904247
934325
1179179
901983
491706
893631
1294556
845350
706248
641174
761750
785263
587975
636639
1176874
1110841
349961
394473
516089
1028217
911224
917405
879032
720295
778206
707599
997641
859258
777995
451965
655569
759514
537194
766452
952057
996251
724262
313304
170203
1262189
246647
830172
752109
277906
1139908
970944
884708
453025
342366
763506
704185
1191278
298554
310714
585613
772514
524430
865390
355506
679966
980115
836516
728338
612148
505690
900807
1061766
764504
907798
1322276
1059092
1179821
1362635
1058682
1188880
826751
359833
1077185
919009
727444
1366394
650465
764118
1219392
966243
899284
638491
814011
1077476
515031
672382
642937
796803
951682
583300
510859
843035
555903
188456
1294789
691639
392187
1205944
806625
682381
349030
732105
647114
809246
1072323
806572
810855
579968
535175
801853
525379
904396
843624
981727
442854
892473
795595
1343284
673290
911790
875200
412068
587957
699033
904862
732338
571431
849431
945955
841189
973320
1390542
892287
863456
1191044
34031
522338
957704
1017812
926415
661046
973788
680771
871521
1097724
1044396
1160932
915074
478605
569292
519067
744694
1074477
187124
619748
614347
506862
176556
903842
676931
991197
814839
290388
1032937
946653
413923
689898
911822
1266661
675707
921714
907255
671978
436637
809353
877604
834395
800727
824510
818500
1020890
929746
1045159
613595
1132994
479770
170072
1383046
118958
404393
937961
750419
0
1126622
1069389
1133938
1281510
1054203
920409
733778
1019343
938856
508398
740304
1143019
988412
592590
803117
870488
769256
950329
759212
376174
321521
998696
529987
200336
708583
603239
923605
629607
456557
1107335
803931
356436
881388
1093308
788295
1111443
668291
860319
935711
816258
945200
213099
1154502
879422
647397
624894
863637
332293
1465824
1028274
497373
689938
690763
297170
584894
889571
576247
846808
1464785
650700
845760
771928
983939
611295
399792
541310
891235
695653
1350422
1067303
1240160
768171
318076
965970
959752
772379
428509
639407
459021
1234815
960248
1331756
727393
1384266
304154
985067
971358
951221
782260
772379
971054
670403
748128
411944
1202051
790414
632773
1278070
904717
893030
1069990
446325
192313
487345
948212
610491
509172
636921
910108
797882
580723
1109475
818429
729168
806539
481059
606857
1039632
1102438
1175931
405957
892664
1087504
869579
862799
760312
1110772
770420
736585
1037914
729030
634404
510180
570164
657051
1098615
1154075
970530
1421323
445494
720754
975077
643586
514094
397343
495225
1347301
919413
396385
943591
245676
1118817
717980
1071534
890420
915747
614154
1332953
536425
898977
852654
830426
515053
1348662
439886
230188
669381
948264
649773
807794
683892
661562
780457
908695
397811
715668
901127
1482009
619344
907246
690702
549188
356193
915499
612343
643130
882386
293658
470864
866470
658763
721757
709384
521425
630022
721009
759731
1164969
339456
649512
591573
1170949
934526
705547
984453
1032401
288253
607504
568753
958188
548218
426489
659571
770992
470738
1045129
995055
620603
707955
580726
938028
454035
1454307
725186
651775
600578
1085047
464737
876181
603454
657023
667903
567329
525986
689041
663544
584594
706107
838622
723382
1212755
665669
1120252
969781
848693
831185
1027658
622063
1096316
1523982
613456
727313
439281
1315103
1069911
995590
386180
570358
562704
854031
817300
1321024
799044
854212
608084
784796
872161
1012356
1040861
1118216
854301
487619
799736
883540
1072970
430930
769645
1056065
1159170
572004
1195529
852213
1164288
1094147
820082
649611
900006
441684
791624
1015531
839215
835435
979843
708782
894655
474105
669595
682167
1150299
853087
771813
781695
902303
837543
535878
950693
409539
1078426
291464
1364454
1254675
1315219
401595
904363
417001
364509
390489
796014
1076084
865746
1203543
1099793
581879
781904
874813
528577
565381
1182738
742813
416590
369837
380626
823996
1178775
762657
1033146
895358
1359716
1179009
1044188
905252
230325
631860
795035
622664
1027543
418410
418731
497215
832496
891813
899109
1272508
1086344
938767
800656
790447
1298699
718331
763174
797448
826501
651339
326025
1198821
1197198
1166287
1051788
464459
1027791
266644
759128
696464
827943
643436
1153894
984027
577469
974803
1030035
1188592
1354367
850265
1214812
874633
238929
614334
829482
1398585
740774
327526
782117
811273
1031317
750293
1018199
822578
754266
938251
388043
790277
829867
644752
783044
509173
1384077
1047342
894140
904326
959569
901018
1272565
858203
456933
555067
1215884
174192
576361
794847
758671
987398
972317
978236
781665
500797
942261
696310
631373
843845
829843
707519
643530
757976
688131
606168
1050350
189963
925476
1557999
745980
1124036
527407
694362
785547
770317
985582
826295
564752
449290
300547
1086457
1001087
698326
908073
1053336
987754
84776
755642
716178
628373
255963
1115233
979162
930584
961794
402336
569319
443373
609350
1054756
991763
983699
538624
929206
338750
166907
792978
1137739
948762
944604
919616
915991
877913
593870
698065
1075749
333136
1083712
640665
282614
360247
54169
771576
907011
961307
892980
538347
475162
674949
1029548
1013472
648620
992429
750201
786414
358155
1107667
1001264
520418
1000209
645884
634510
1078629
726796
978952
344361
866832
982462
921249
312817
874257
738436
824327
818896
978573
850124
963770
714700
1073494
546628
662561
697776
535960
736200
912777
1439344
409898
1204656
1267153
1305953
717854
886436
1239885
818454
1048966
815333
378149
774028
780763
733378
992899
896432
539715
889506
1076716
610288
924319
622081
947768
990376
511962
1163836
1099771
1328256
695235
1051656
178581
623709
472544
495892
1067952
546592
1008497
1297969
638306
453503
412971
864937
723543
1294160
891612
706616
694607
400723
154654
664550
737813
703920
841739
1029385
815324
566726
860254
841455
820194
645690
503470
776687
978181
853887
630888
754193
695194
929383
868840
809490
736689
759611
887860
424629
819904
486593
364787
716713
775666
480951
769789
104534
535695
1117478
618103
658033
1508707
203703
794748
1130548
719940
792405
513174
1263266
510533
1163324
961628
748215
1149082
640298
555258
346101
1035355
795107
954965
483619
1190739
669071
400716
1039444
534925
1028893
923017
490012
1003278
373493
778235
761745
966192
214357
454961
989641
651731
762961
405744
433198
517847
918010
484118
371168
944672
1290623
616491
649387
908055
589012
726364
1092661
855145
904130
864478
639037
654231
1051332
1103330
717878
602366
421025
594275
712054
537630
349837
991678
1016254
781653
751975
1114406
633740
491200
611382
804467
1181623
790042
383718
1241080
872699
248248
718487
1597565
1077839
393820
1097426
470414
856341
980892
692582
1075323
1026384
902630
673376
770646
755284
1472667
524773
551839
1119499
1172185
1028434
749643
711556
967453
752618
1059366
1110069
453006
1002671
752228
942425
1006056
998511
916127
731293
1369702
1003708
1038975
1008995
826011
1170599
720447
1112894
983303
910615
530349
727986
467888
798555
634237
849127
1311331
510027
1328867
849980
892256
237582
730856
1080983
1008525
779734
918852
869734
1031432
793029
849706
784958
807499
832213
894227
502160
1105323
471826
681132
881220
449402
