1107053
1100936
1242380
1395433
1585228
1822762
1593829
1081696
870573
1460142
1782730
2088851
2381674
581779
1155360
719840
1159057
210829
1789674
383798
1558254
931407
858057
1225836
1632148
2098767
1288518
1602801
1125644
1714466
1627941
2160473
879451
1766520
838651
388412
1719605
501926
1027138
364980
1643084
1318731
1518582
842927
656777
499875
1459881
1798556
1896666
624906
583683
1305615
1390557
1023939
1307570
1504046
752792
1619829
563428
943351
2349746
1298504
1383814
1006740
1586779
717325
284688
1386805
225315
480187
786168
1031723
563313
2288602
599722
927335
1007145
1065081
1601879
1013870
187113
1013359
1069643
1006277
1686478
628635
1805086
1401381
1665628
706245
1001455
1275090
1305539
1497070
2035478
679789
1508379
2517896
788331
2384769
1291111
1370810
2340046
1529669
1198105
2074541
387786
661275
1862638
399349
1336755
444454
914378
2151944
2024563
697611
750842
1179190
710854
1866174
514930
1376701
1651092
1446264
1843830
952524
1553576
763649
1752221
1076587
667413
732177
1808291
494011
338585
417632
1135458
1522246
440133
1046647
1151668
1031375
1438140
1353965
1560500
1459870
771864
652490
1430192
894656
1442440
2074041
1445547
1497772
1267849
743300
614698
903316
974601
1531534
1739613
1659943
734281
543838
779137
1595857
807957
906614
1953402
332428
1709618
468354
378072
810342
1355098
32480
399211
1005165
393562
1101382
420326
1715135
910327
1265674
1898901
1000357
643374
1371848
1105029
268232
995541
1966538
1130022
1310753
332909
2071377
371396
955774
1803714
1458943
798198
1576703
2141372
627347
881462
1095507
1139567
931525
677396
1056903
1297131
1459933
1397516
1821376
1167931
572126
795332
2266889
883360
532546
836885
651303
1112916
1982333
449914
329666
1415125
1038795
842929
1160163
1676123
1483580
685841
1436811
760146
1106303
1448242
1492400
1586041
474099
1906809
124276
985731
294868
1848633
2103770
1016647
633174
1513118
1142685
1184734
1420631
1296020
2314322
1043081
2395034
1742476
1133530
748903
1058009
472447
1601779
1747504
1677011
1615346
374767
926822
1093328
1269365
388796
1907409
969360
1044592
1637198
1429535
2075853
515666
1741575
2394633
828723
705065
1143758
929150
1170643
957073
1255874
1247437
1049986
2042199
1402586
719851
839009
1695082
1976551
2394033
1382329
368712
1006124
1086404
865431
744585
800303
1330934
714199
92352
1523099
817153
572867
1460344
1597047
680123
1989564
1073499
1979753
1555738
440895
243713
1801338
812271
1618081
1681898
1924149
1551300
1322255
219227
878860
1937431
940541
1683030
795742
965912
1624131
1113644
1042362
1666922
1048024
335534
1607031
1352907
1226591
1575260
799603
1368166
855067
850728
1648636
489229
1811105
1185565
1708872
1585452
1262618
1091168
737137
423681
1078232
920044
975861
521406
690830
1189295
1452543
1011909
1240706
1038361
1001230
905637
1373903
1642859
811811
400237
604941
1457903
1229694
425687
1401775
1707329
1886503
719297
516798
1003168
1505836
1044268
562305
601109
2318911
743796
1027162
837647
785197
1071480
1626142
1128248
1642653
575136
565078
1706028
507170
490956
775721
883772
1376957
277802
1259422
2479213
1344969
1014219
1024307
1495502
1486717
2262002
352676
1164441
1746883
348127
1712140
1748652
1421516
2179558
1480861
1061025
1372918
2167977
877786
998408
567443
968724
526901
1181904
731422
1700835
872149
837642
1390573
1671470
2034039
1859570
684952
1857130
1137541
1000818
794505
667565
472034
1349981
412272
373124
2206445
793608
1516766
630898
1135323
2128052
541299
590075
1092654
2040986
2174412
1149715
1192508
1442338
1526771
680550
1738457
444151
1069577
722677
626903
1015943
1479346
1069993
1541434
1111819
1375730
586750
865819
1171687
2094477
699599
785403
2014650
957385
687784
1078984
1013991
930338
1089920
529249
723504
1931198
550923
726279
1420899
1095820
2029608
1613648
711487
1571469
498079
1475884
1449052
701822
1692985
1954115
2256883
1598864
1498398
1072833
950395
1132209
1504616
326278
665939
575897
1940494
2138557
1283253
970585
753413
1205180
929820
294221
1104833
749013
1524347
912208
409453
1636535
744198
710342
1474732
782033
1263089
1019377
755333
2357850
2117214
541233
1014350
1015925
1334200
738791
1315172
1972434
1340598
994907
1397586
794553
721964
1272193
92493
210368
1694399
1556399
1995821
1694521
905548
1819929
1204015
1378375
1258803
393015
685635
2066398
534180
701694
418629
710276
1276291
1918495
645196
778219
402847
778057
492591
1539000
1758791
1204539
1599024
785661
877003
1873441
2108758
952368
2841020
765022
1135464
986679
2265640
446335
1474114
1736034
539491
622145
1395371
2237105
562434
831474
1700070
632250
1648877
1298376
1154593
1419965
1516975
931874
1078417
638043
1951490
480598
2163743
1628953
1411271
687559
1060048
1116958
430798
525017
832821
450619
3076596
1047305
1815258
1352315
1089395
720351
1380155
2161591
1233268
520980
274948
1211971
613361
216668
2094228
1132864
282910
771537
335048
608084
923962
152233
1488402
1277834
1467383
896198
1109697
510744
1846442
1581116
541239
995071
1097251
1222881
993386
1345551
327375
1923858
1192741
338280
1145029
338327
611619
1571883
280771
1199073
1171452
1330053
843845
906427
1762190
1745162
1468438
204251
2657534
892573
1544826
1243861
1233933
1105099
1730661
865698
320066
1556469
1125425
497223
1517015
1038925
1737248
406980
968730
903950
1155282
798318
1188437
1178655
804549
387527
1485870
1154892
1058726
1452728
1609347
896622
1140364
861258
919003
789907
842266
1801932
1627939
2139610
247884
1187817
1423829
387853
957325
508772
1670486
1346921
949986
1547387
1501577
733548
895656
1675926
766913
892217
1566873
1002200
686029
1168289
837735
1471514
1313784
927850
1068877
1239141
2370525
917921
685436
1698741
998129
1283947
2326691
1819216
1245613
705922
1078511
1527157
1774161
756359
981865
507394
273182
982522
306033
863019
1793793
758028
646089
1518607
1244097
1279440
1051274
1074140
650622
604521
1080917
2013141
921429
1063967
1015801
740880
1124327
1073208
1522531
1024097
208340
1374658
456877
1514367
735549
774121
2103515
1715224
1311805
1376424
632810
1381035
907261
428836
1282844
897262
956228
1496249
1536725
1036262
707731
495048
1025917
693686
910593
1011399
1732523
1073055
238480
578071
536708
1612540
1454045
1697207
1189232
2255629
770431
862100
848621
1115178
883573
735070
1917818
1023389
2028680
822200
1429038
1868121
1424149
369627
1055273
2125466
211882
865308
946119
1185021
1440748
1388712
663551
280990
1109627
566893
1838781
1620984
1240809
1232380
696678
669533
1343451
851001
1371713
436746
1724105
2270774
1557695
909825
2345603
764874
1550419
1648771
1521052
1148449
558926
692823
379233
472159
311789
1083602
55672
2061603
320474
1106881
308722
625397
1228245
1604741
752848
617692
563179
1109987
640799
1040043
829405
1039787
804526
692378
1767926
1107831
819402
1066155
2106340
974226
967431
1261893
1055032
1060322
1354600
2085228
1147985
912266
436989
800641
909333
577403
1138348
602636
1046132
1280070
1438469
1456721
673675
1304627
1270403
1611751
431593
1006551
532380
377731
959052
2087282
1136517
1384110
429895
1362755
2001992
954466
753363
916043
1217943
524310
2148308
1378573
1111827
1848078
1022814
396818
1409414
1095166
1867413
658589
1388100
679118
706098
862409
1086204
1643126
1068588
293095
958722
511741
823288
1222275
708406
1748169
366954
1580768
1614899
1781452
351518
870605
889638
771329
824052
1374733
2098250
1602162
1741479
2127065
997219
757483
683368
1759681
1306131
786931
1349323
2109260
1170997
636178
1170429
1166702
717241
1028355
740886
1586188
1328460
1692677
819586
429504
1683381
1161760
791775
1333359
897998
1545232
762484
294952
909761
1288866
1654421
1381627
1169102
557118
1097179
982126
1049710
1262332
1913364
1510350
1590820
1615351
943555
722313
1122871
577846
481925
597334
904500
590806
1502822
1677693
1472137
2322864
576744
1541635
697082
1399317
1287404
1298714
2329946
649005
1039169
2585108
1338159
352453
1214144
1469445
454311
1175225
1427636
1075303
1178425
1765528
1307043
1217294
1464782
1479478
424520
673284
472900
297011
1002516
731958
1756218
1341658
1701778
531050
872693
1212697
884681
1201679
1024461
419292
1412774
1388563
1288565
523409
840675
1964948
1244654
1086141
1724274
1039548
477498
661226
1400423
1931246
218832
1276219
1649603
1440859
1317737
911488
531827
372870
529911
1247513
1936732
383934
1334986
1373544
1339992
1521385
720857
1112503
1320786
610348
1787755
1043875
292127
273179
795317
1556781
1408644
1723071
319312
805441
2099582
1226063
1170354
1341253
884638
1458287
1247771
1311528
513063
598302
1703583
1420317
334347
671063
738160
660748
455328
1678795
705826
1285350
823944
1337380
1514471
749745
893063
583746
1180893
1250877
493771
1631881
1050314
1611463
2185838
596122
2329081
987083
821754
835144
477018
144749
369521
743876
1792364
1512615
53762
1301170
493618
730118
1704962
1310954
1420392
2072195
1051573
806703
1181641
173060
1941370
1134972
1228420
1251649
2003407
857689
1795621
2142479
545459
135041
652743
1464225
1332307
1360452
1457003
1303618
581963
1204954
1054173
1459636
911591
1562079
1538533
1068897
825935
789088
2205018
1884490
830747
974490
1371217
411236
2692450
1248549
674803
1318748
1120545
252271
1628492
767666
463903
467472
1573114
2020395
417947
684257
895556
849532
724584
1162252
1518663
736735
1593825
1432405
836978
666431
893036
1728965
1314618
1245756
1104384
1550166
899810
1400917
1634404
1044623
831411
1193141
1203837
2145627
1266354
607282
1676297
799192
679256
996230
639466
849779
1438957
914429
1010696
1388587
1752224
637004
1051817
2088373
1376641
826993
1394861
586915
776945
884239
1129444
329669
1878732
805666
1640910
1527140
270414
295369
1281806
895382
760921
178457
1595713
1585008
1547955
509947
821211
1153730
333202
1256602
1990815
1597916
1248051
1652301
1665580
1321524
1027503
899396
1149063
1245226
708578
1383680
1942946
799198
900078
1476776
364143
1756255
1389462
1276229
285304
561155
1057731
240716
1684339
775482
593093
1043457
1833621
913713
427103
1650002
957426
2519111
763181
698292
1351428
938702
309434
1017048
742107
469719
1804659
901311
1274037
958777
952555
1662007
945473
1280963
1257530
1568824
856717
1256585
902846
1128118
936190
691225
1696936
1242942
1267328
404391
2578232
920804
1030923
1095677
781920
1334085
1441958
238448
1491042
765205
1018558
1046437
797874
1155131
747926
148776
645570
737751
306593
1068329
839785
735356
879795
1535394
1572168
1175329
1729156
1247804
1273099
880483
1752252
1522249
141136
1325978
1454203
854197
1861189
1223514
565513
811392
1714670
715246
1126094
464988
1227944
1494980
1879218
909207
1437617
333297
1943652
1556864
1805996
1583477
1007204
486254
1742576
1412097
682323
1527004
1438561
1029679
2441494
2179737
1935055
202156
1079350
1744047
434512
1422667
1455240
1967646
1729478
1459525
1521771
1552105
957301
1111061
1426787
1454643
476348
2037407
1838660
1957583
1062063
2176426
1789720
1143301
939773
897154
1280950
782289
1995716
456244
1882604
1073105
1145700
229314
843155
929122
1961686
1916345
1072252
1409063
1335716
989270
2015657
1223994
1102095
652985
693073
1582513
1080335
2230086
199338
1060743
1518047
1673041
545653
1449331
926701
1650826
1313465
463179
1224507
767001
1306529
1339445
1341376
440146
816124
1619636
1900351
122959
988128
2115494
2005112
1930008
1401144
157397
784465
775701
1596499
1487843
409092
1275207
513081
524301
1369432
438710
281578
552465
723633
1552711
955279
1058179
992911
1465194
1161432
542262
1248378
2447635
1385511
948613
1347557
1315327
338133
1764292
1011735
1461990
1349447
1387955
1060551
1944021
1924589
1055463
1632253
1100486
589286
809677
422640
770590
1618870
848067
1055730
140418
1721247
572802
535648
1253197
605687
2115959
1744867
519313
1308456
264029
730064
1145770
1174939
1228924
729781
1533675
2068551
1312409
1738922
609233
1194435
1213796
2219573
1196964
2425309
1065107
968861
725866
1381326
902947
894470
1955884
741679
2139370
1232097
1532126
440517
1403159
1363177
621613
881726
177975
1267545
607068
1670736
1023973
1259967
775146
1366905
1814163
1675282
709650
2143264
2358028
969843
170870
989268
1443233
1102019
791660
865318
641744
1349887
848344
1227543
1546632
1305267
1282714
928051
1094299
1685790
1902973
2451797
1936664
940711
912799
836022
1451172
1183938
329418
1552201
1147225
1417108
1282117
997439
1374721
1208096
954957
458097
531961
991246
1370039
661419
1380629
408703
220920
1726182
658686
1818768
1401005
229528
2207242
602234
738045
686707
1029077
598851
1285875
1873076
1364770
1023344
1166184
637283
637699
1179246
1165492
1022000
595858
941011
1139480
1217886
1898662
1301346
927764
444819
1115434
757930
1741096
924835
697809
1558361
1997371
368420
2021793
1350769
949562
1440120
1639209
1327851
263222
915765
220684
1594692
1649468
580254
870656
783340
1128630
992461
1096245
510885
1470685
1579077
407820
1319143
1862732
1108075
1756305
1233436
2038533
1388460
1425695
1022555
1143811
1763070
901495
850809
483923
1106921
1499923
1323865
1597727
1766360
502195
1086002
1725732
814853
428943
1388561
1911796
344873
1776110
1192577
1235113
1108542
384877
1248986
805745
1186804
618172
1015934
1759927
1265358
1322275
1349468
231464
1984663
1425326
1604005
549937
1598596
1833089
828974
1162964
29377
692669
745656
1112477
2718366
381248
1253438
1036472
1148004
1776845
677340
618572
1099399
1371801
617627
1636008
1134076
2001164
520853
523103
507434
1091657
2205290
1680297
1272749
666128
1061811
1166389
1259847
1048907
927722
1717817
1592669
1422192
1271377
1568000
603471
1286700
1404711
746513
815932
1132691
1539629
1199835
1738481
710358
535822
930449
1919426
1856822
1712451
559081
1479859
602301
747965
422163
1000082
2038933
1431267
456989
1948879
1071927
687792
630923
497007
270388
1243576
498153
648710
896159
1772577
1372496
2699895
720879
526499
1759280
839958
1150521
836486
939852
616596
1115732
949781
1512573
1441513
1510067
1961652
327923
709045
852225
1582572
800912
1052825
531039
1456642
364442
790102
1655490
1153902
729861
854218
833333
1552752
1446263
1048242
1471148
1209048
503409
1436914
2024280
532030
968375
561711
882482
677199
2223507
1848205
844600
2657556
1265625
785356
1273720
436630
2604866
1858966
575324
557126
1660783
1745780
632210
1870090
981760
963100
1795006
709117
2421345
1255978
2250044
25250
515339
1436529
1426455
1002016
623151
549947
1093835
980662
778411
1264528
1228471
363011
1282024
1141833
1880678
760022
836304
1061798
1163904
1706203
817424
260543
344811
615303
954557
2128054
955429
745833
1668545
720107
1702966
590536
197156
1288140
1417007
2247952
1384175
2076883
1701410
1418897
618489
923398
1537636
914424
854173
1536065
1316559
1441093
464260
2115655
1244587
1407601
1641570
971707
1887911
266642
899006
1795003
747827
934737
1701418
1319151
1679854
424408
1231651
1329040
1032295
784086
1873598
1051426
1262755
939661
2009442
933042
1468271
1671033
1711678
1594019
903453
729132
1495671
1748325
1846613
1523749
1291142
398488
449471
323786
999243
1667311
2261047
850780
1465978
1581602
673643
1636860
1419632
848006
1227414
433975
1289359
1706969
899978
1328416
946431
1572901
1619673
1058013
809483
1520542
1806210
1069781
1384553
456298
1599789
1719830
195568
1091736
1731280
660136
557717
1693381
1032108
1249762
496482
1193496
1458695
1821067
1323709
1995450
1145947
946783
336238
1318699
1136096
552739
1135009
1250059
362453
1444615
1222753
38783
1060894
1536695
569054
2294337
1153532
823141
1122110
672242
1506680
1315899
1319969
2097998
487445
675412
478662
358009
1992211
946824
356406
1116935
776636
638779
1353294
1140534
1796802
874874
836543
1145351
1619103
1378660
1413990
1856839
769279
850327
1040848
1756971
1426051
1171585
764495
1426284
1007955
710022
1073467
768754
1445016
1088221
1743711
519754
715186
1101298
1277436
1160472
1914297
1404823
1482133
319795
627334
378025
756225
2153682
1376653
603793
1119074
1535610
964315
1052423
677845
1849817
1096742
632672
820112
1450371
1489706
1308390
569967
1198582
1556552
1711088
1167583
593180
419558
881169
1387420
1469617
1926925
1484372
644933
929127
1413099
478432
502519
1271702
862913
1305864
1367834
251866
210872
1019466
883853
1393862
1069686
655609
1429444
1333860
1377354
1145402
1568625
2311556
1273040
1159762
1314967
1264372
1826796
537292
959088
413212
2203867
1298183
1518076
1429973
1345584
1365273
682265
489013
640927
1654426
649754
1579562
1972419
985403
165495
1255390
2598118
855250
260844
760308
799529
831505
1309306
1639112
1867868
1153351
1620305
2063976
1748186
1251146
421328
1778284
969354
480774
1170592
1390513
1293773
340335
1892750
207130
984249
1079823
1241947
1635559
857349
1064778
1128188
965249
283521
1479668
1099884
316617
1395078
579072
1452761
1488046
530835
1655179
1228505
1596072
810683
633861
634477
1343526
1646805
667205
1420946
1031535
1371819
1432145
925109
1313669
1257464
400205
1970399
1695596
1597602
611818
1075520
1848247
2187605
1888405
1329847
287816
1212319
684849
1236571
768599
1742106
1126356
824514
1344584
1107943
264271
329756
1092621
1490671
1036960
544232
593614
624487
1863090
794624
646757
1536360
1542318
1481429
1772370
573149
38882
1212622
1445426
1403274
844224
1174235
1735907
1655599
1165032
1214229
980330
400386
889687
522738
955700
1809717
1353975
1551622
436822
1244940
648719
2218338
176432
233899
733694
651769
1197954
1074852
619516
2283189
1246337
683602
295013
71253
337076
1043484
1578818
1346111
1545153
2206382
2249857
1093615
1289356
961845
2152350
1602330
480210
494008
805964
886494
1710338
1409986
1549412
466317
1091174
778948
410318
472218
2187036
770802
1046559
1991228
943379
1662911
1244431
1333848
1107343
852849
1215477
1645042
306383
1876085
1124849
992165
601948
845064
318935
1642902
1034109
1466737
523993
1586383
1007518
988365
1339944
1597789
347648
1316761
1320656
356281
1840655
794840
1678827
2339162
1119482
1114115
1088811
1171390
1455255
2009995
1857771
782338
2136221
567954
1096682
2515643
1127313
1649957
1261996
880233
473142
880091
1234277
356197
331460
1567088
1522520
851943
613722
1293875
1190426
284356
1369623
1764048
1093172
1633792
761376
1912381
483292
1040117
908073
639580
669792
1160666
1303394
2030475
1160293
578856
337091
1656214
910368
857427
996341
1568057
1598641
2199991
1788889
2612887
2493712
1476979
1136500
1809956
1054710
1118658
1685251
325084
1977610
1249626
1556117
788413
716939
776829
720725
672396
1105502
411533
1500090
1169516
303102
1835049
296450
899966
1028466
1209059
746848
831922
1772427
1538868
445227
2273920
1105716
1276388
592373
401996
1778938
1471982
365413
446691
360905
1047775
665420
844864
1224853
1785733
845596
784185
1042177
1240398
1458390
1049261
207096
1475026
836985
1192407
2488965
378366
994194
919765
1552064
2531113
712387
951725
711125
998369
693839
1167196
922348
1391021
829158
617893
1878389
1344749
1146372
1879806
991877
731648
1094702
537602
331180
1822666
1009461
2057445
889653
886656
891369
457874
1051319
1049504
1552771
1226764
1116983
658868
2569898
415343
1161377
649609
1064465
780175
814193
551684
1091872
1770235
1124034
629365
958652
1661168
1118901
1663951
2038118
957941
212361
1353380
1653289
1503148
1452191
1628845
947011
665752
1066476
1869321
1780784
784532
1447303
1648622
223139
979503
598506
564236
1270921
1165841
1704856
1748055
639001
1592886
1273256
1315896
1442845
1079059
781220
1384392
904371
1708854
1768732
455226
588784
1615062
956683
1345535
1845947
1790192
1709505
871086
1152016
707685
967204
1938236
1512028
357626
1952501
190496
1022489
1164085
387191
445869
1074500
2382326
2281133
282128
1050813
473044
1334818
1030313
781706
626520
1275280
1917419
1120262
2006812
1188794
2543031
767681
862966
1282344
1102923
538347
1317863
480872
932914
1054301
2185898
1041676
1512415
1398879
965662
1192205
747560
876253
1620300
867783
1961828
1304625
1363783
602690
1482621
1029491
922070
1902591
531211
641166
1219294
1320011
1687965
1412334
652550
615405
1305099
1825563
1672143
1375347
1325520
1533902
804129
416887
781148
1423757
1648671
932254
589762
2339315
963409
1543338
540897
864073
1167231
1010640
1059202
696666
1388797
674451
1305550
420176
686172
1467246
1436854
1773346
1121626
1734114
1032297
521794
414772
1108488
1690194
1450083
1099621
409954
1697288
1009367
1274477
2256870
664268
247192
826540
765681
1567117
804744
1583096
820494
707175
1546225
1123735
1329488
1141342
1382913
1731989
1046800
191027
928378
1765598
1146654
522055
898517
620903
1400294
1140441
1163423
702100
1283890
1298787
1137750
1318620
1060738
725468
242530
955756
1889141
1823008
615216
584825
762574
969949
1225574
702818
1169140
874500
1092464
1979062
2385556
958438
1369501
1404894
774366
2663250
1163606
1301178
746413
1534492
431108
818613
2011401
923972
1030712
1418893
371385
1199058
1743527
921193
1134408
1437800
742727
1248367
612818
1176559
1496234
398055
1089426
2167504
1006677
920149
691291
901077
1386893
1014056
796370
971053
796701
931606
652152
490284
1151175
835974
935211
1038735
1117944
1778496
1822162
1988016
1507444
1673031
635424
1233822
978978
477453
1414596
1513964
584557
1020162
171281
992255
1688799
1766729
1406794
590624
1737726
1088457
338154
1352739
1140294
1604974
1835392
1382905
1508944
2179635
1655213
504181
1547962
814708
756856
523274
1611113
1724352
1096973
587869
648398
1419612
2351059
1671365
1508104
981580
741985
704518
645807
1415979
1688819
1297591
2066334
1234746
816832
341839
127050
1784061
2159230
839828
840593
1792962
1167914
1926219
835624
678910
1211768
174287
1681036
2276565
1246351
1519689
979404
1097495
457198
1930512
1267197
534937
533356
1340502
430287
213167
1098923
1071892
1553764
1108834
656006
1408271
1110858
1606297
1988854
470076
1305823
780923
672492
1169272
424194
687800
1992741
697049
947252
1205096
1331081
918079
460295
178440
972162
1807372
775593
430210
954367
596900
969200
1124910
2383394
2154722
1244522
1129485
1677755
1852521
1333495
684166
464603
1623460
1617841
883418
1130059
635049
675460
2057692
1671476
492944
1886393
1192359
1685153
347753
940351
1580160
933055
955488
1697029
665459
1284647
485604
1411006
1969464
1494589
994589
1608967
1774894
833703
2239085
872165
187775
2147595
1993606
1696929
918623
1525059
1889586
1452905
932133
1027300
2134849
747317
2053813
2191458
1049664
1159356
405409
412490
1138966
1092411
895620
1040190
1081791
1041828
847151
528842
1612104
2112692
1855699
1345046
1046354
896532
872589
969994
602962
1348023
952337
1889004
1642801
654758
1678834
1111068
1091983
715015
982487
738395
674587
1238596
600593
2104307
1048050
586418
1181761
824401
711875
1010241
1396582
1054784
1029199
1850170
592860
843108
1268858
633895
1643350
1135712
704345
1223765
1013078
1826667
335263
87327
1741171
1322165
937202
1196882
2153184
1097912
972168
1072484
2003559
1236754
1595174
742822
453623
680350
228648
1317348
500641
852859
1451958
165705
1494012
846360
595630
1490720
434525
1160369
724469
1101193
709327
791475
1562335
949325
978747
1669960
1030086
837303
992658
1053712
457962
1506888
1032316
340713
1139094
2077917
1907047
1296017
1873157
1478238
2138482
581100
449079
928025
1258708
838108
1363609
1824146
179380
636699
1007626
553800
265719
2098265
1718554
251472
1812869
1361945
1335417
665861
1143132
317298
328704
1262274
1705070
377219
1551533
1411789
1514918
645954
741981
692797
1893612
1375569
351939
832991
1163356
1357150
1010800
518865
824477
1102341
1183358
1548117
1458690
1065405
1227848
426032
1219361
1226229
2077551
1319156
2259369
884598
702042
1867236
1352548
1844813
523190
1576066
1887423
881997
1203888
672455
2056562
1570045
1535284
2093734
616151
2686172
1416447
749230
1161598
728880
1166102
696622
722129
1027192
1197683
652450
768329
1460070
252569
949106
875174
1126305
1968551
2382988
2080339
554212
1013406
1343566
2625916
422511
1076158
854200
866757
373849
1312760
505661
1163168
1398569
1112863
2581470
662094
543209
935292
1394361
1760282
1091885
2575873
414730
1403229
280177
764396
794277
563074
1193881
689967
1011682
653222
642152
1458645
2287920
1284707
1535851
883688
2287725
923596
1438788
792854
916663
1434310
1564763
1172760
1169190
1779577
739579
570286
1175335
1107396
1192765
1222894
1382129
1272569
1040595
1543465
912796
996999
1444310
548563
773247
1546856
822396
1410747
1346809
1176604
711260
1165249
1224425
1050539
1189201
603375
1032804
1470501
1553671
1587308
1761405
22116
286449
700546
881967
438537
1529518
1172451
763090
773807
1332220
511835
1884163
1546144
731096
1546413
2677960
1289756
1306297
1143485
1540933
957996
410389
334998
462063
543632
1573300
1208589
1205549
1741779
964863
435745
1897410
1766880
1883910
1065550
476960
671145
1924034
1280514
1515361
912165
1341194
975281
918004
764162
728176
259017
1189340
1242807
810871
1196613
1887585
1270447
517965
506378
172402
1915671
1714911
986734
2471339
1335641
2783855
1884891
49124
1116184
1743379
405327
1332175
1564389
1303085
1802416
1483251
245567
987604
1365977
2165915
1451917
422572
1457364
643391
836201
745147
783131
1395667
640054
1451855
2544630
569561
859272
1069183
933326
1049503
1092102
1606121
1795916
1945659
493519
1332369
351455
1718307
646333
966226
1049195
824725
372364
764070
1469707
1128608
288013
529785
1666112
1308999
744518
1229740
1483815
1194416
677505
1416964
794350
1712728
1112291
649742
1579714
378640
1245057
1366682
2164558
1032759
408686
1545779
1688450
480128
1481407
280465
1541571
466876
1528121
1733843
1298958
1518092
638125
1220924
1639889
1729693
2289712
1658225
461759
1220764
1021533
1823060
1067181
1732863
1078259
1037957
1415464
1761933
1149870
1129957
589187
1620121
707125
180427
525096
1095992
1182293
827504
972071
383386
1463333
1829089
1571660
762147
1387809
537313
2018795
1410159
707105
1239176
1381282
2112144
1041359
605312
2021430
639105
1556995
486831
1122140
1586738
2082914
1122000
1897296
221957
1574454
1074253
1821600
1831545
1036110
1591748
1103347
1085622
856627
567220
1434244
1001909
1007844
858635
1055593
824954
2367926
1721582
1846076
1470999
1234440
1134199
1388808
1260644
386802
2374651
1388622
536663
477419
897722
632828
1949959
472543
2325879
718093
971603
450486
1515583
1703195
1265819
787557
1099957
1311219
336312
1397042
1438538
1052349
1272024
163471
1821268
2530008
1156603
976523
595332
1156404
1038557
792897
1427901
2529254
1021798
171011
977961
1783840
1257385
2082938
1174225
904518
2175021
1221563
1869943
1324117
920938
1109237
1795772
627298
1176342
839256
1861779
1464238
1499612
451074
426999
1024751
1554772
1352367
1222926
1410339
310921
702570
1386665
916742
1257413
828238
770867
998506
843019
1300073
759255
759659
981543
1254094
745366
1115475
2559966
2018144
1225603
1416918
1726571
727731
934010
975149
2160578
1236987
1722100
238828
730632
1582007
637298
191287
1313846
346884
380894
484755
879936
1674672
1804315
1613176
1704732
1145547
394193
498533
963155
342495
1023023
1151449
513885
1854911
845783
891396
1582918
935177
666658
1246787
338391
1156990
855156
950975
1443188
827463
719642
1629524
846559
1115571
1592011
1076014
2465882
1586967
1618948
929720
1336554
1299355
2545164
372167
947854
1769632
1205028
1728943
354105
944033
47252
1377735
362317
770179
1083370
235086
1576012
1106709
1135781
1910968
1847925
454838
923303
1565874
1108704
1415886
1778012
1549489
1205266
738158
1435604
1096392
915976
784080
986026
1679257
1362359
1603453
2460231
806966
1489579
621940
1771775
1544923
488499
691373
1910759
917691
1352014
937846
944114
1487219
875297
1542257
1458866
1188501
1109265
689358
1015549
248462
992697
841855
822866
1417350
1329380
1544908
302472
1828120
1030054
1581509
938918
653348
834138
681570
1159862
855426
1216323
2247756
667091
1674054
1188781
1329922
1207848
969253
1042696
656088
1053439
455344
1071506
583267
1626889
120205
992774
525745
1909971
1104943
1071895
768925
1471162
689615
1701517
1387203
1956747
318082
440979
1660604
622650
848544
937870
1786620
869624
615010
590266
1045776
711719
1346255
476356
1967939
352796
521740
604579
1050817
1048284
636454
1444909
821413
1751583
584299
1135231
428787
1321365
740595
2098692
1707670
649163
1395116
1608517
723949
876270
1593058
1421225
1076247
922511
1655328
1215658
643999
933692
1845883
539232
710122
1986468
1378858
9424
349196
864145
1084378
795740
2101634
531258
920150
1050475
855510
1285135
408995
1319913
1641032
1450258
794856
1292647
1414369
1955742
757021
1568750
857564
1443053
1986754
1336561
688711
1796321
1782525
1698669
1777474
982713
1204524
1124748
841039
1292214
812630
1449899
424891
1006786
1478432
1880374
590653
311602
896541
845977
1370366
1152801
931170
118787
915223
1329383
1256692
1884556
1005681
162048
163742
1667485
1946753
1160327
440293
1222036
1049414
1820979
925680
1314032
1758898
736677
1240351
918161
760458
2642629
652595
1415660
1600608
696628
1016026
1781040
2157597
1634681
2897804
1169956
976685
202688
1059994
1552209
1550118
1340898
1361075
2294703
694208
2105125
778334
1841048
720576
1410178
1149623
759615
713786
221711
625363
528824
435612
1002764
1348905
355990
716890
958411
1040728
1623067
1486786
1114971
1935201
629427
844236
1220093
1309063
1242423
907053
1524467
866473
961829
1311867
701578
1118197
1540427
1841132
1204000
756490
1463392
1201488
1679196
1740146
806297
1389719
907555
791851
869146
836459
1202478
1375539
1894214
692419
618123
1685787
1223758
1464202
1564144
1465226
548281
672592
1511257
1770309
861202
684617
1745832
1248190
1831926
817359
1277950
1411614
1527956
1222071
1631615
798963
1752517
2400828
1360327
672206
1497872
778716
763564
1481356
680998
562157
900082
776557
337186
1246830
680468
1622944
1642414
1523115
2525181
616612
1218353
1305495
1171975
297844
1871231
1162945
962038
1225895
1284915
406002
1200031
721468
604745
1309404
1709456
1274797
733491
676874
2417545
1658752
836664
2086680
1051006
1373900
1105650
1008531
172878
1277554
2268787
771002
1224742
1165654
1466058
946193
659358
1149415
88882
1248996
856615
1356879
847098
686783
1233966
1472492
661156
1141585
1526152
2407063
610283
1600077
693202
944289
1046209
1838118
2587635
900879
1434341
700567
744157
1517050
1133727
963996
1250602
1086581
875735
1524226
518736
1386048
1846828
402016
1087982
1186785
647449
1562372
1686157
1848868
1639854
822981
570045
1023741
648793
1078547
2007160
257231
2768076
1084634
953563
1841164
1921693
686889
811796
273373
860994
1037620
1446704
749090
746097
643268
755296
492878
1749091
1154529
1353668
1015629
1028738
747333
803832
1305087
804534
1141373
880855
462881
2334640
759006
528464
659394
919585
1549078
1348444
1346179
443529
1446813
462305
1436182
1260533
1307111
1084926
678997
1402331
44547
2157702
2286652
2101101
176733
1352787
1347385
358015
1210278
1196047
1230017
1178594
1335911
983832
1697719
428464
1244724
603884
1209191
938706
933481
1139184
729936
1145853
830942
1616581
853401
1129617
1976339
658541
858958
1710531
1335926
776491
1499337
513229
1131113
1433827
536978
1013393
724285
1365917
905001
1412530
884773
1641050
560029
1752153
923615
1287999
1347533
457650
1291190
988450
935544
1652873
867726
929491
1062767
1237963
1622662
1185198
937321
897008
496810
507751
649857
1847786
953912
1665399
1637193
364244
1160894
1080735
1040407
2435550
1400942
1422389
1124636
641528
1293141
1499899
1543244
1241261
748595
785359
551938
1214799
376140
1448559
879141
720647
513086
1010116
1159626
1436544
456147
1095896
835469
960081
1687613
2426584
646173
2013943
1348238
1474761
378408
278691
649603
1326602
1344542
1282550
747525
416242
1208401
1169200
201811
434301
1377160
532203
1051294
860283
1048052
1318981
145978
930362
997033
840782
956332
875422
1084470
1421487
1284527
852260
820353
872569
540738
854995
2435853
547695
1323141
1732144
562685
1600451
881047
1361450
806761
429826
345069
600733
1789582
554263
1290246
800373
2645541
1121403
465438
1232983
1337671
1129365
2135057
961831
878957
1788330
1622742
741998
1348164
759450
1423741
1287692
1338978
536279
786151
1540496
463081
874737
505053
1688895
1260960
448725
1284572
1764646
1379072
1840834
1523887
1841508
1077537
425915
2128368
969324
887651
916868
879844
1956858
1396910
1129295
1805721
990214
765495
1968649
1275619
1890395
2578345
2214457
624578
1475118
789949
552624
1489121
874648
647603
575742
725624
1787722
1482320
296040
498271
1270094
1360644
1840773
1283030
1308563
1248088
986984
1238690
1228223
983154
1388637
491157
807065
1519660
2303579
1589946
1989741
1321132
493130
791932
222560
1201182
1335219
1165687
1034452
1643282
451780
1417350
1474984
1887461
1599180
1824214
1056324
998682
1096800
463961
451406
501469
1843299
969745
1357369
2402409
96407
697999
1569750
590632
1493261
607551
687786
688062
1186744
1343820
1024346
2461449
1270539
1058000
804403
970142
880630
1104610
842446
1963181
823747
490699
1056859
1181138
1259626
842606
1380487
1250155
310021
980337
1285925
950366
1522759
939107
1846176
1341314
526509
89290
1495818
2378324
389669
773947
2234194
1573212
1345488
1160718
1231916
1010565
1015864
2443567
1122643
947219
1167453
1428636
580053
1407402
1133850
1259246
1435211
1104603
368891
1723277
893939
1628301
1455176
515294
1159701
856038
1515930
2178836
943454
1609957
390711
1941221
870546
1713402
1659179
169760
895542
1076099
875976
760372
830912
2314437
845569
1264267
1493246
745357
1188632
679455
1004794
1394574
2061756
552547
1544399
989947
1556805
566537
779599
1409385
1290480
887318
1205414
1310053
874410
1053611
1060030
2144319
971368
1335571
673026
488313
1630105
965449
1359831
1206431
201063
54156
1123285
1437899
1299494
1676272
684551
896095
2201428
1470493
1112259
1175206
344566
696035
1209113
209864
1035363
901933
1490341
1121909
1594953
1685151
1192990
1765357
1452578
1009281
836410
626949
577486
897854
1564559
798026
925844
645234
1204733
1723199
766100
1139537
877306
1535302
548104
1717196
645592
333721
1050085
484549
717731
1297918
1812740
1815621
1466438
334158
1300458
2815934
2059875
832686
1978652
1166443
625796
707370
1061917
1362465
1870541
1220957
546659
1580866
719380
1940382
1115104
883828
2299917
1921831
513787
651385
275854
1786536
1635462
1584291
795685
337498
1208227
191440
1276326
1306527
2588407
1686379
1100122
1204641
740925
568581
2364325
1168723
1318471
1560561
1717226
1033585
1195328
642118
506353
1427628
1093790
663104
1029895
949217
872227
1587787
1590939
1380228
241387
498879
2071484
1363517
2056428
1487514
2515491
1222183
656903
1437452
1077803
1269604
1918027
1827475
1032057
2056428
1136310
2454364
1771085
912410
1083617
1082104
1143310
411373
1074822
1216991
716112
991736
1648840
1166120
947893
985277
1035896
0
459103
1633875
2056246
2237959
1047326
2188171
1982537
194401
1539973
2180407
1163877
1539679
1483485
565630
1470640
805729
546586
1073223
1590320
1679130
1931659
890797
1502116
2102230
974390
284558
1361189
1005918
973373
364995
1081698
1483203
603718
753801
560956
1057289
1886459
1299962
1623607
865404
1759078
925241
815320
821823
540332
1617719
1013129
1381827
424331
797172
226203
522688
1974937
1195898
416953
1532593
1118224
1143986
993425
954892
797649
760811
515592
1557801
472572
635012
740087
657516
857360
1426368
1672829
2189102
1753211
721510
1193789
1606351
1044672
885961
1393088
1586165
1280186
1445190
966037
982660
1633410
914150
1030215
867858
492453
1392389
605264
916049
984702
1115413
608780
644068
1410741
1804657
1304901
786093
1435862
806436
1458607
906988
1480210
576600
1209439
1025098
1230158
1321707
1145522
698049
733270
509401
334711
555481
488201
1993932
1518398
1671564
759273
1992726
418883
1259129
1866612
1718031
1735734
1526456
1166716
950929
339661
2036429
1134001
1456899
1470199
191334
1513748
1557917
827699
1681630
634262
334193
1964427
1080730
1662742
232074
456632
1769244
781330
1742056
644498
568862
447405
1665200
1239409
536889
746393
2012561
1052176
2257933
1079488
697112
2295952
2230890
1442850
2608333
1400938
413893
1255343
894427
1013431
1725741
648953
963576
1581147
212978
1685012
974020
341743
1205491
1772297
1183362
634096
1247315
1254200
1015569
1665677
1856999
943035
1430582
1244678
662987
865071
466651
1624187
648037
1105164
874782
1748217
1586611
1531753
1045064
1079779
1435273
1934006
568055
1454862
1500875
1779096
962800
1147217
1654346
909965
1661832
1805957
1395266
1274278
1051595
1080420
1247913
773754
1795246
464200
622373
825545
452359
1343442
1168395
836634
1561442
771080
1292305
1703831
1310218
1350832
1032233
1079203
510354
1344087
880986
1167108
1436207
417296
2021632
1418073
941166
1646908
1445699
459903
660100
815353
1190165
720531
1109631
262956
738136
1510113
856832
1436367
1159970
913164
998353
1180944
559301
645562
568115
1677753
745085
1560604
427375
241827
885543
697913
2114260
542138
1948445
1058803
768936
1405013
617300
700965
1080365
819254
678870
1024506
1349089
1534983
1081358
1557635
2065436
746285
1104254
1413448
1632107
1981988
1065418
397148
1155097
1288434
951620
1730958
684293
1176071
1540904
621368
1258802
436135
1939712
1023241
1628363
759853
714524
520155
938431
1489882
447750
2025390
1124994
788362
734308
2150595
314611
1811336
720611
1232524
2223175
387531
798670
1377295
1279780
368569
2523721
345441
214063
1162382
860054
1663164
1429347
1404252
39061
575674
1918408
2249159
1387938
1494351
1386129
1428993
1358053
560471
1315339
1036824
1942769
768523
644023
1115015
638146
1241206
1101216
1121342
2208357
881945
836462
878247
1706616
2209034
1661471
1833324
1255763
1291772
1653882
1556106
1978945
886260
458839
1082404
1093674
865448
837983
2039894
640887
2218376
1172170
1126860
1390471
846178
458353
760684
1086876
225680
956487
1406482
1392124
699740
941716
1260072
1243533
2189111
454187
1078755
1401522
2090541
370005
674213
150620
1271278
566798
1583561
1653750
83870
612913
799075
624884
929890
914332
658394
1069699
2078080
851873
1029022
366419
1672594
1115907
1410415
791983
1288936
515097
1799811
1709359
2397054
1323036
1518310
1148580
167367
704022
2612549
1194519
1458919
667906
541041
1372923
458610
1330434
1003594
570731
1315925
1668605
310650
1200203
548358
708790
1526086
1926201
1288974
1708920
1376644
1188559
252751
1381862
1386112
1614586
792520
671414
394706
970068
1053896
138972
981487
2338341
1596508
971772
982923
767732
1384568
1098812
354519
885948
620213
653444
811038
1431393
1358380
1265967
1936003
1767181
1703265
1917227
1350673
714654
993112
970901
1479025
1196415
1160528
2047282
180295
1404539
1133065
1171550
2228255
1042177
711667
920637
1166748
986670
1769100
2065162
463802
1053355
1264819
660831
1357966
811111
103190
1670044
1277600
1675935
573070
1185204
769478
1417092
1192868
1031840
848927
1072674
1896808
330780
254048
1712693
2033731
1869280
1394938
1506843
1192123
1531190
912771
1985499
323369
631454
494536
777627
528812
432424
1291966
1132604
1386625
723202
945638
1766660
872849
1790463
927006
982515
1371164
1599949
1713426
2071913
576907
1577401
864734
485402
910632
1782717
705705
809354
707775
209290
971647
1280795
1080051
1408521
2011105
758741
1099397
1811818
1240639
1933677
696930
478053
1089549
261418
1844264
1311718
2367940
1701850
1398361
368574
1798748
799314
630741
252744
1211979
1703264
1311904
304421
1025717
409473
1172334
1401447
1388708
2152849
644376
1434314
1237930
1111160
1127227
597017
1597518
552739
1016543
367553
1082951
1067136
644327
1069129
1239712
1310164
1995120
1295193
446456
1484611
2560763
1319121
2046534
1324296
1030848
1510813
1534631
2472728
732920
376571
1187067
2312082
1189913
188933
779705
646950
2389464
944177
547694
277705
1571956
1180938
1797795
1378427
592933
1050268
735071
1915710
389313
344296
1527514
845914
1883206
1863803
605524
284376
1133619
258759
1138916
933906
1734898
1951790
1232296
1283191
424339
1114166
1033950
1316444
818430
243591
1280205
1297093
1146426
893682
1719384
1655622
1459693
1132783
897400
543756
253084
1962263
304729
665321
1387373
2034085
1325502
1076698
1084345
587698
834565
742519
238647
1304359
1619826
1243209
1104884
807457
844586
2033919
866212
1244524
1652389
1594862
838054
838119
537888
1686506
1348855
750413
1541918
731147
498357
948149
1707699
1202620
1832610
891196
602106
1382108
694988
907427
769082
1541086
894207
810403
2033664
1663113
1183186
633709
1860875
779460
441247
1404558
1494083
1781143
478222
2090370
1196063
625909
1033282
202938
1018841
1475677
125860
896078
1376826
1671160
1208630
853866
1633365
632468
1305911
1311290
491561
1602396
2014432
472633
1542281
729813
1480105
1562903
1745549
454379
1240774
800292
1121269
943517
1284528
1384943
526991
930380
984552
1532685
445752
873071
1415488
1162251
1178362
857419
1090642
1598566
1373202
1822047
1390765
434012
431108
769350
1674097
1522094
1292798
634682
1141257
1056888
824185
728358
546817
333046
124258
466963
1836280
445899
1569822
688134
526022
1194331
1158196
947632
1342254
793556
298464
2022927
619218
634893
968456
808114
798067
1255826
1178140
1590870
1945480
893836
627635
993070
1099063
481235
1116445
1191294
1372868
1275138
666909
1522165
1061730
1114875
1683060
2099933
134848
1318449
860943
686249
697684
1193596
1390783
1508959
985869
815482
1152489
1692215
460278
911994
1746839
1536757
1747834
1368951
1916776
1047744
405961
875779
847089
1078249
519166
2059374
176500
825080
790665
2076639
957316
1902075
914975
544185
952870
1676132
754464
661256
1229545
1611804
285819
1074603
1661307
597725
2712889
1144233
977137
1629288
1024406
1682439
795430
470099
1113116
1404103
248228
2379082
2386189
1653147
961421
1319280
918581
1318368
1643108
1179459
504343
1045282
1434837
1766846
2269715
1334614
1754887
1340653
854517
1803534
1834284
437984
756310
1891492
626350
387673
722082
1958592
1636019
1682912
995303
1269203
1282590
558813
944964
2022703
1537962
963458
873821
992905
1721935
1816790
1843782
971415
204058
782608
819883
1370564
1314816
1120490
1391471
1351934
925941
1581389
1103373
1834861
1860552
145734
2894482
2419323
1517197
1561892
1105785
1022819
1491546
617635
1632413
1053454
934247
866928
1406506
1400727
763123
415322
1595941
440246
1113174
1026925
309308
2209557
1251494
160835
1403632
671645
165473
1616083
1278774
506935
1533781
635077
354568
1336569
971192
738219
351625
865034
912652
1080068
1084317
1518884
1114598
124048
1730961
389847
556771
1286314
1183667
1828912
1771240
281502
1936179
1443073
1092932
1390515
291400
1788097
569147
2404322
632169
634140
889122
1201900
2787977
1404724
1911385
1406659
625190
1489923
647248
82830
1108373
1300714
1098140
1096047
1738255
973328
2251829
843742
1842374
2080971
1358053
580713
556276
1841997
1427978
627945
1365431
602118
421218
1673636
1367173
1341657
333203
1689103
723152
1477561
1274677
1121761
237574
2166706
1612070
1151651
1136324
1102870
2075952
1585640
1477266
1052536
1648804
1485061
667408
1612434
1702192
886510
179720
1537158
349497
1861876
1209073
990567
1133905
1924018
1188081
1041787
1593098
2429338
1107316
828008
682580
1751508
1249976
1106772
772347
1370290
1004299
859672
834297
991583
1708090
1249101
581818
1352074
734994
673884
1572308
494960
1068419
1179391
1043798
1213185
1378002
773406
2034893
1644919
2182298
250220
1084885
1726726
982975
1082781
1165825
1771592
1407647
1536320
582494
726157
142575
1692292
291325
315219
1439938
1597978
858390
1794507
601155
707496
565767
1928188
943105
1122889
1538715
618182
1019756
988288
1939496
827639
1769167
817490
1422376
1499115
629247
1704195
110797
2421846
2150927
954623
660191
1080447
1725785
474341
1550014
692859
1481899
633627
1464717
857424
926762
481298
1060411
1005399
579719
1535522
258142
1166464
1417922
234297
815506
1195247
314187
1001234
762605
1296308
1019563
1136260
506931
716877
761480
1673965
558403
2593105
1082473
1620756
2126983
2766017
1255337
868470
997723
1226078
1257590
239418
752820
1356993
1312207
1082003
1188190
762227
809391
1601558
1194041
428410
818298
661200
1190093
1227086
586579
1228890
641580
184586
563818
1649944
1911662
632092
834173
1225030
966071
1512332
441228
322131
1321269
242815
881530
1186815
1668830
538087
893704
516418
1101944
537958
2125328
1059883
1532487
1243618
1151227
1724158
883322
1413031
1166611
588979
981116
554138
1550891
728801
2238255
206961
1340323
1287394
1332555
1491162
2228303
2531415
870309
2076446
1419565
854333
1263692
482675
760887
296306
1201144
492234
1307285
479820
313367
420269
826231
1537187
1332357
216339
1064453
1287345
1773907
1361769
2272643
1341107
1283028
477719
1166829
491250
1531585
955969
1196999
463502
1321625
1173579
1420301
1545504
1157409
1222130
807449
253434
786941
1068730
1721981
1340949
1420094
1506051
445262
2092752
236900
1020569
947935
917815
1092000
2216008
460318
843538
1479225
1440802
1375999
1364532
1256258
293413
1607324
288261
761172
918287
839702
437633
285734
604720
1148595
949567
1427319
220667
981982
1593843
676995
788097
2106595
1113496
1264938
2089066
1036844
1029878
682993
469645
652776
1168256
646677
1643993
1617038
860581
1324996
1728218
1042834
1198088
790579
1889718
1457467
1920275
1021571
1263409
1471169
1221577
1857689
809918
714009
493717
1519761
1037477
1781195
423696
1142457
1582038
651007
1288280
232825
1693560
2422939
1071386
781126
629784
1971213
837100
1879162
1588164
1886037
1423303
1070035
2505977
851461
1855461
1155950
108525
592926
1231822
1406376
1067455
601248
1641502
1895784
405451
867184
1405339
997464
1336680
1434968
867701
427858
2347991
698080
686232
1263787
1462317
1360456
852566
1296409
951529
904619
884527
436670
1335112
622085
1266098
965409
1441980
837200
2064969
1942649
1187265
983537
2056410
711699
616511
1502920
1545260
2442933
1088416
801940
935144
1978501
773001
1645518
1062001
878912
457057
1424451
1642820
820449
996584
1479942
93560
911672
677374
1540398
359147
1681270
564558
796390
921379
676751
1189466
1320018
1400050
1773354
508887
1967475
742528
622206
1933513
1359727
1073852
1309639
718780
876977
602738
932712
1486534
1726102
693195
2203957
1037176
1410361
510423
924062
1989591
1072411
458879
1509840
1077186
1839818
311102
1217452
751506
533561
1000018
1476656
2039830
2377889
1187158
1491522
1078845
375142
723862
767942
1066862
1002241
655490
1109425
1184423
858486
988469
986503
840822
1689996
794182
881934
1653659
1352491
1302822
1369072
663734
1631271
1006464
1505350
1017830
668078
1353204
196918
1156518
748868
340862
1714281
298618
1427424
638948
250439
1553045
459031
1268836
1543488
1028279
679168
907974
574258
957227
1400624
1757127
834271
1965583
1942791
1381642
1338200
838763
834303
1613459
640321
1466614
2430539
2455984
693981
1409310
1238162
1620987
750518
1809394
2716982
429238
99774
1116640
499578
1829855
356320
1491189
1007651
499647
1563425
903874
760712
1092168
1220017
616780
1448831
1393835
666487
1075696
1393731
2113024
1093158
1255158
1386519
1728948
1188617
503259
1420098
2762455
987362
625231
508164
989357
488560
706974
1417396
1778631
1279820
2007967
441036
1636739
1934958
1040319
488147
1482092
2295342
984345
2136601
1790895
905874
1115304
1620140
336147
1972905
1160937
1569791
419882
2144271
2080569
1948559
2265248
549074
1553876
124519
1050436
1811365
932268
1050125
1738221
520267
882459
929380
486841
1654107
424900
883109
1493666
1701290
723556
249065
875357
1885719
1412512
1305299
644935
1650059
1406820
1953080
991434
793443
1254753
786199
1042544
1833802
2158333
932093
1298436
1215932
1340492
751034
1135890
988210
740507
1377453
288754
1490170
1315469
1388915
1299268
2109452
1043700
1261494
628824
812095
641181
1784758
1404226
2208615
1197887
1456002
1252544
243309
1618593
1234758
1103314
1526887
2024604
1627451
729244
1574984
1039029
1253406
1693868
976310
2165619
1716847
508443
809161
2329891
361439
1335190
1067247
911959
573891
1104095
519536
1153775
460042
606916
1856297
419864
855826
790230
2128501
1652663
975972
1068491
1589146
2413644
922155
1006748
747038
240287
658422
1609719
1113638
1182242
2070921
1066911
1342555
1016486
1610244
1429765
1111436
1917736
1255022
129379
1360015
2214754
2346530
1214984
1090539
1384934
258750
1254426
1137398
1374979
2011958
872453
1111847
1652064
1172069
920661
2606263
1280269
2030482
1682555
1213835
2020902
1741472
721927
1006331
961906
651421
1423223
1240040
1337929
645085
1336221
669872
909850
957165
852265
704367
567910
286485
750944
1512122
2391438
2250387
897834
860597
1783775
1340817
1332035
1400930
654709
831432
704202
1069013
1590133
643609
1179733
800767
809637
1009257
493553
444803
2551477
1325623
747631
1895720
1216220
1697972
1842507
692371
1026122
816774
1318956
648956
368360
1593801
1599316
3019240
2184125
462982
1208746
2359530
1001108
1665131
417910
1721252
1493660
554270
1550600
607310
738895
1036026
1851825
1755037
686565
2112499
1036152
1633900
1669718
1875464
1875083
1235114
1641082
1321010
1454859
1454805
368665
513467
943969
759209
1762468
1164816
1395995
1034074
1193390
255970
1984231
1157968
1103586
609031
660513
547569
267805
921888
716371
204802
946843
810185
1344916
651121
382434
1568916
412606
869898
1019126
1409154
1350439
1045725
1284919
2148358
750297
2135665
672469
459634
449832
1064446
1525739
1697959
801395
974166
185037
1034588
409327
1325764
1344361
1026266
214612
199621
1012695
1633020
843136
1891871
660049
1497070
231574
1092690
629322
1102655
1982073
1503114
853989
1024445
352560
892803
317992
1458049
1393551
1009246
1402671
920106
1674652
536247
1718973
999376
673078
155828
1085108
2317609
1041202
1336325
1046021
1671005
414666
1305568
2000945
1424489
1131621
1695889
1230089
1322207
509261
1751608
549523
602765
1240147
1250353
915262
572697
1692664
1766706
778490
1200699
1554058
1002407
511496
734523
1768603
653697
588835
1948391
1857720
1022041
1289710
1591669
740197
1643678
1460326
1069015
348088
1099073
1199522
1815344
402134
175462
1178270
799795
1636468
2567219
1894278
175965
1358756
574153
2651909
1768389
2081621
854937
1192368
1873517
1011286
968983
1658205
900707
1955729
998768
838766
727793
342148
1264014
2078902
951260
1782299
1358920
1385416
2417155
1338681
984831
932049
1051440
666753
660395
502346
463702
444022
880458
1372170
730413
1452400
1424060
677498
687131
1368204
601290
366964
1122415
659737
1370698
425000
1024306
834855
579329
1509635
933579
904128
1104631
1215687
878117
770865
1220484
1217757
1594586
1866887
538331
1048475
1691122
1429794
507028
1150181
1415142
1395203
646921
1795945
1558194
1384117
1163642
2508075
576748
847149
807012
1817930
830714
2262281
854754
1480041
2381315
1812939
803175
879877
1046563
1172217
274992
1472717
1040574
694997
1710970
561991
8892
461558
352894
1348457
1202084
1983629
1335499
1811701
1470082
672393
959556
1196347
769255
2515389
1309978
2226829
711973
1597761
1265645
357556
1161656
705146
1822009
1432631
1193794
1583629
1587204
2212080
1536582
2594443
1153064
1357465
857421
1283806
2168064
1110432
1591393
1905825
732926
978154
828615
245285
625983
440293
807686
1485255
516984
1758194
687100
622601
1993564
1389902
1058100
1233979
693555
1763174
996605
1177346
849345
1639595
396282
1873619
946904
1504074
775529
1485118
948503
1155304
1281964
121126
940273
563450
1030127
1574347
1064981
969352
902098
2420915
213344
839500
1180214
1278661
683003
1005590
2368729
2056092
653829
1451833
1182764
1138334
929108
2655230
467175
500336
1740342
2083063
1345131
1140222
2179327
562509
749311
2107248
839929
825114
2462286
1479048
1609236
1289026
1792904
940300
861382
1830900
1360203
655822
698790
2381109
753541
1634237
1700765
1256483
1108703
1252756
1760756
649914
1218687
1205234
2456132
882799
1633812
2188481
1656340
1390758
1970046
921946
2258756
358646
1393003
1067509
985090
379628
2715911
683320
926993
1297903
558701
1868045
1131709
1313234
1867102
1216939
973406
1599833
1241358
1332069
2288249
1181349
639104
852557
2392776
344808
1259720
915833
465921
1824768
739288
1323897
1054763
913522
1040968
1609953
896449
635618
991738
1555739
2171282
1914579
1246424
349351
1124851
1587503
919441
536111
1859509
2055492
1351385
243256
1170995
531155
1668060
788130
305277
2246224
2336977
1639303
1338774
1921585
1125681
1082668
1462435
1403163
1976026
1922965
1105466
1255657
803337
1497963
820644
1773801
733691
1179077
2034859
1949103
685231
1048136
1619337
875173
1123632
1620670
1466628
1143153
637822
988769
1094022
1367418
993264
790908
1357275
1891473
1234899
750576
832258
2068392
554600
1748900
1691040
723373
1577445
853216
1611664
794385
440693
635205
758916
859708
468427
1825725
2122824
967961
1869911
1893873
675747
1065619
2262436
734691
2077201
897185
830715
1506943
759051
424943
1144141
2504465
1170390
1235373
490593
1782208
661037
310602
1770060
1460547
1978979
1146734
2274421
452399
1618411
1116058
680745
848981
901131
1069918
976917
829315
1969250
1174077
746464
905618
2432536
1073141
1057695
1272267
525518
933477
714785
1615765
1186660
838047
653713
1973687
849954
1124107
1471427
960396
747741
1083565
1103651
1346951
1396578
2205214
1896193
1859720
1875271
948976
589839
1882721
1883914
1341634
545277
1846207
1327424
1683528
951269
1008555
1172469
616331
475389
1441690
1097064
712231
623724
1141122
924736
1608634
2443872
1970543
2021235
1104131
1458937
1057541
503623
261002
704020
475573
1068589
1756584
886929
575400
1028923
1727936
642830
1354650
571870
1004767
477232
2659333
370607
626089
1649684
574390
1509758
1422811
1111257
1293233
880926
1367704
1634454
1955104
1103677
1213590
311485
961644
341502
296822
505027
2009671
1088413
1714799
1023715
1491356
1355848
1101124
1655110
1019452
659889
1063631
2047558
1178857
969524
1384617
1375413
1463284
1860263
513442
1100114
1512774
840446
890639
1348714
1001297
2254171
588366
1754619
1184430
492531
633972
1268904
704545
896499
1092871
604749
1277326
1829586
1558080
977142
573589
1831368
872044
1432013
745056
1108318
660045
895169
1914540
1367041
340185
910294
1154169
1111877
1145130
1031003
1017042
1336063
266245
1262935
1249163
787264
1903524
625996
791705
1016851
1339405
1921555
794584
1658491
731656
1586726
1709313
989882
1592323
1488784
1274858
921543
1374407
1277245
221285
2064083
812129
1390776
1488044
1627577
844557
811415
681577
461878
2255649
978989
1236243
332047
932675
951191
421955
1107389
978086
1793377
923222
1093708
1400104
995551
1289288
1479294
1478052
950888
326264
2223175
942947
964253
226715
1333885
1102071
1440850
1489171
719111
610758
125180
1457177
793839
1039910
954812
214741
438024
1926915
1175954
1628398
1989233
1204898
1246068
2589304
2003110
215886
752307
2383870
241253
671569
1952423
1252373
1169204
552543
1123267
2270683
853855
1475024
1359420
1296455
677519
855031
1631113
937952
900652
1829724
262732
2169877
1696695
2239786
1591305
763913
1496993
900487
645403
2038531
1630097
591014
1132389
1529029
1540187
1256875
1837772
959094
760524
1615539
1225704
1048244
2412128
1143160
1244604
611440
1871951
1103403
1648176
871892
1137496
1009142
2183281
2208478
809033
1960190
1399799
1259879
526060
756028
1322546
890577
1039638
1070239
1087824
954838
1040299
1749532
1558172
836250
736918
811181
762843
670223
1024532
549141
721601
1008166
1172862
1081700
1311712
1467188
841610
763526
1506174
1157902
168669
1445057
246315
541707
1699831
878253
1105948
1636978
557110
1446010
1731944
579257
620085
1516487
1996622
1061292
955327
325901
1015401
1695212
776385
1327355
1343969
1772612
588101
1387043
939927
1268378
1444805
1160165
1063486
881734
1189974
1372693
649391
1532374
1778491
891653
513651
1915581
592200
733209
799823
1110056
754404
626390
337045
2356413
535011
686538
836146
2106656
1402404
340780
1416338
1282383
1084941
526418
927357
1658496
1241576
1178386
770951
1945517
1554274
672137
413756
2181206
1759514
1227156
935306
399800
1226729
1724368
1589671
365557
236892
1806297
461912
826118
1417373
1562179
1397959
900015
977676
236472
335977
450756
1715028
437209
477377
1645246
938040
462630
859104
792997
1149480
1126720
1260054
1163266
1288099
930872
1381744
1889373
1861081
635642
1463792
1310056
865220
1536219
1056526
409835
1950179
1148148
870203
1019962
1440337
1234188
815557
1486446
1494267
1933643
425323
680655
2114777
356555
864018
1507476
2064889
781135
432327
2005217
767734
1092488
465845
1481342
1297315
1746106
939360
2015502
1175791
1722268
561745
1527767
1516934
950426
763747
678158
642053
2115726
1184339
1155457
965145
1935557
929501
536499
740516
894476
571241
1737664
620467
2057100
2005080
778020
1243000
654350
1382591
825247
649419
1605329
1630317
758247
1129012
2205983
639929
1017475
1243183
1614713
434012
725968
1737222
915929
668132
1202202
801557
1658167
1427995
1385507
792146
1337346
572471
565642
2027934
1328162
2341191
2221871
1181370
786800
948009
1282876
689850
1591673
684476
1165375
1215028
2014888
1469151
1003118
373922
2172650
587090
1126754
1206753
1207079
874001
787506
475247
575147
1848282
1481375
606245
1138357
489741
1168025
1309640
1223495
675794
120289
1942528
1674245
754011
1965324
838099
1387015
218905
1089143
1792214
1548796
495193
538562
990099
1648475
1311413
1649932
654832
885427
1787147
1435841
1217223
1542964
1265648
1188272
1139287
321854
1491509
714614
962063
1190396
1290517
2026847
847631
1861351
837729
1073586
1674742
1307923
503833
722443
1654694
1795475
1163104
262506
691307
1145608
850995
872023
1304376
1412030
387279
1427396
947664
1749973
564032
1127202
2232944
2195597
1226419
961244
978680
1136129
817316
548660
903234
1223863
1391973
814513
1645143
398282
1076031
763615
323126
1476549
857881
997201
1866008
743743
2402131
1228690
885810
1867861
1395821
969565
749072
1410352
1788634
1633019
1411613
635861
2424029
852879
1257374
871143
533180
858458
1140863
532974
937297
1813357
1111031
668975
1564124
393311
1334472
1456162
686509
1620903
1349014
386877
921414
1504547
602187
1518908
611287
315011
259607
901110
2049454
1953171
873354
2371080
1572423
1508451
2663581
500953
511472
1932474
1297693
726426
1423087
1089774
1109248
998593
1111810
1573098
1545875
446521
718349
828785
1055662
331276
2081508
2197444
1765037
561879
1179563
1582772
1114885
928775
201961
375408
1326221
1500653
2010426
1790427
1860596
1041070
927041
770169
2316477
789506
1135961
1331886
1098694
1327603
834771
301178
1736294
978015
1229774
1284753
2174071
1190596
277396
658891
695710
1254278
2313393
1086485
927030
813145
887748
1696252
829030
736690
910380
1085453
1498014
924784
1284058
987932
1027554
1598374
1064257
1015813
729518
342979
947256
1152234
1590897
1089671
1936430
265877
436751
563422
1508938
518943
603946
1758082
1020189
1211077
1012415
1015281
2031294
1214395
937795
904660
1878348
860434
327086
1551353
1011020
774864
1220102
684459
1429288
957649
963132
512417
727497
405547
666721
882656
1133558
1550345
538879
1121551
1192045
1529901
721602
912803
1821327
108211
1216966
859798
539983
1546706
665117
994135
238213
832475
1201784
1562441
928999
671447
1802831
1589968
750384
1568175
777121
604413
1111376
1278662
1317575
1751955
860757
1395028
1494321
1239745
2533921
593537
1230841
1278611
1176268
754135
1358601
253010
633340
759963
1428799
939493
871331
803304
1507736
1908049
1120464
1348054
1186111
899713
718863
1401201
916234
628072
745860
1536278
1326331
1297028
1060326
1725752
1627781
1696223
1450837
592457
1172065
356430
637716
1427224
1744739
1720147
1012536
1042299
812113
1848763
1174979
636536
514919
1214052
447776
1762883
985259
570032
640585
934982
768162
1904484
1501901
1044294
778218
1749681
1474797
1267167
1272980
1223993
1310106
331834
827605
943876
516615
2014360
894489
768936
1866518
1056318
800935
1385709
2176830
1568420
754165
1297884
766242
476582
916155
1113278
1547016
777683
734225
447971
992409
1559057
850512
36084
1114363
1718313
26337
194399
921201
1389582
716300
1530279
912466
1369682
1089838
1003776
1212326
1274073
794373
1728258
1468420
1133656
1562611
513364
937058
1154605
475196
1462268
1148202
842838
1535481
1498999
1354008
877280
1566630
1188781
1094947
1264770
2236029
1153583
1493097
1430296
487722
296523
1226463
1650028
675851
1138404
2427396
444186
958717
688725
609132
1346111
1856939
1271723
972828
638466
786565
1754379
225234
688592
1789535
213102
442213
1837264
810803
1456594
1075062
1617787
517345
2025884
885784
2225472
2326231
1519615
837395
615100
368414
565871
1331677
2104396
1524994
347811
1734120
141568
1710475
1513111
1028775
998861
1138192
935655
1314840
866975
657373
1906026
2404571
336298
1812105
1113264
1968633
138272
262016
965738
1464370
1249506
1086570
892259
473582
830017
1243475
1882037
1491435
1639185
1678972
1219336
395844
2319256
835839
1763745
2535101
1414870
300894
1397127
1207558
1008700
982283
1399586
1215638
1957658
1098343
1092010
1194330
1809907
1586730
2135916
1113544
1325783
689814
396379
890780
1107015
855482
1847107
969215
1081462
505131
876618
1219814
651171
936439
569739
1650665
1093487
1655266
844146
1014201
1649583
1471579
751396
1343716
442958
1255549
1769386
348128
1157340
1087428
801535
1973661
1718953
1380195
1515191
458747
1394449
663719
601261
542239
1868839
398463
439365
1878463
2159628
1711847
1943261
1659520
272972
1868961
340951
1896467
237784
1537890
1248856
865303
1358749
1807693
1555877
343662
1472201
1176095
600097
1216008
1224638
690262
283275
119773
778349
2044012
1924501
997555
540696
2891584
383432
1436485
655183
1747577
1348406
858138
590234
1301341
2051775
2068546
840075
181426
1124928
873432
1727254
535630
1341402
855614
1290540
809746
267544
1467808
1428310
2233030
2072936
727016
885268
2121522
1237937
1355692
1567123
1327738
583602
1125291
1259579
694779
336778
1650911
1301698
1479121
1176020
712025
1444603
1305658
965785
1137180
389141
2133991
874744
1536663
170348
615939
653789
1031737
2106344
632785
1935420
1952773
1541754
448863
1071249
890649
853742
418619
2098336
2069475
1441938
453478
1509976
851914
545044
1669620
811656
758302
1857426
1358422
796476
1279474
1786676
904305
1783247
1825510
1687078
1297500
1413487
839709
853635
395253
523787
1017874
837835
1414741
547762
1224326
1167913
1537719
1561173
360703
136146
1297385
1860145
800922
1514568
373653
1333821
1266462
1837111
1490364
1145319
1192327
781479
1605761
818315
2169562
1251432
1552992
1547357
734943
1233031
820761
1417548
570881
940535
602266
1738344
1171073
714583
1953695
615912
734513
822824
986038
1427050
2060009
1393520
1045643
502745
1746379
855576
1861352
359535
394269
692582
1881264
509706
1942203
1099279
1874875
1114357
514436
2020511
969149
1847182
514787
1605218
466925
476323
887881
1375352
919048
811221
1066426
326008
1400591
379839
1423065
1131159
374365
1614866
0
894888
1093917
1520279
1169386
109433
845611
1641309
1820317
1416641
1349155
1570917
2464908
870031
1333694
474712
1216132
1360048
2034096
2039241
1309211
382856
1074120
879664
431413
1941870
732907
982663
2063412
650598
1056965
1591309
1483410
1589575
1946472
1340886
1693078
784341
523116
1209045
1599403
1505163
1691122
2590148
998362
919858
1556480
1216472
1441712
2295957
1044604
995221
1080843
2179027
1158281
1486816
1267217
525958
1584643
1280931
730425
254749
209929
998134
533854
90221
1842533
1933852
1741002
563255
1321214
1346164
695884
486758
877972
806573
989270
2327593
1463011
242478
611847
879263
862961
884199
1231119
1086031
674004
671077
1062674
2092955
1398476
1050633
2480104
1063385
517703
1220388
1095665
1289257
845277
1183186
1707485
1079869
462627
1860586
1504582
2278713
639847
1706139
996651
1067940
2092016
1864233
1122753
495104
1755444
1039291
48809
1164108
768631
1666420
1018606
991496
413846
782352
1891100
274304
662361
886599
473536
356200
1096425
2467613
150551
1314757
1466218
1668687
748809
1090039
2081521
693705
2192433
1862829
359036
953193
1515234
2173016
954977
1456948
1174479
277728
1208962
710195
727249
1359905
668197
1456398
826758
772756
1600908
1772985
1308512
349981
2091457
1141653
762246
438769
1720078
754876
2213458
559537
662579
1561106
685015
750740
1171926
809281
776124
2071084
424580
806846
772625
1252232
543493
898608
423689
1234938
1542318
1469705
450244
1270402
1735139
1694624
944418
1097533
1041173
1447858
1022766
350388
1257128
1600736
387131
727887
1628750
1222148
689055
1117486
1907193
671541
1506125
386538
909033
417722
1418301
499452
1493028
1534586
1112689
781129
1220658
185397
1146296
764241
1561114
472031
1587756
1143812
866327
860840
771932
1605028
1856244
1262497
1411044
794008
296880
545626
1253453
1162191
1071333
1026269
1173302
1234731
613817
769553
626559
1651420
1151608
1561085
2052512
1178457
2028762
507274
1461976
753713
2317038
1125283
1918164
1226714
1015615
693470
707737
358915
1915863
663711
894955
576087
1380129
1493068
971772
1891884
1030117
1542919
545876
927507
190504
378924
801231
133114
361596
1048378
697763
1444304
1035584
2382647
864961
450100
849805
929784
852877
1089243
1931621
1287874
778795
1192604
1502709
393839
1299000
639635
1151336
1455176
1196471
1785138
503168
656971
1075215
343208
654827
1286712
1966369
631860
1668715
1482328
1170853
1500497
999179
1254130
1362014
253770
1301145
2497402
458603
591353
1781232
1115620
2144404
2313536
834170
2029859
1403131
906917
618749
970061
485826
1490303
1237693
1324994
1286041
321393
2321667
514793
396736
846887
2285024
1461901
1652243
786218
1075958
1731674
1607134
1676346
1856367
687219
305864
1902691
1404892
1194262
1560636
1641631
2221476
927752
921930
1819060
1739502
1712702
1902612
1640366
1711777
1995002
1065807
1609726
1353816
1176935
1397824
25185
1488268
1380404
1778630
907965
1379926
667096
779673
1855896
1052704
1377292
360088
424967
1663912
872678
1353292
1990933
1520731
1205884
1939798
1456158
837030
1287412
717944
1571956
563679
1141059
787599
380196
1659695
1045611
1015705
1997136
923642
1185576
788886
1024908
1015713
348256
529757
1533886
930793
1308396
407264
640697
1295114
1371366
1400107
1247184
592262
715501
1585129
1301604
331317
1255082
1673722
1997026
554613
821345
1120424
1310500
529322
1036704
293898
250920
890012
2265991
1640516
1485770
979004
1391100
2040643
940087
343523
185892
1371614
590956
112603
1845270
2201275
545063
300981
726587
447901
1394014
905126
1213240
1454387
861741
631606
1090025
308931
851919
1048205
203486
1391235
1415519
2147678
938549
1288548
1348227
1403876
1749667
1526146
199629
2064293
148157
1127597
743982
524261
944792
1326065
2006097
2506344
884129
1430087
2387401
649012
2151279
277492
616015
1880326
567538
927923
810764
2401450
950652
2052557
1449427
1204001
1453500
283653
1636077
1061666
2167353
957616
1021787
1162624
1403972
1011119
798804
341551
1708375
1660283
1685292
2408089
440239
847551
954819
669260
1687719
1102235
1114334
1024932
1947775
1148445
1855272
1032749
1250511
871960
620546
1896313
1350481
1420296
590232
2218730
1598735
625596
1308372
1334785
451394
880753
436847
835689
798125
1082750
1765967
893030
1129997
919035
1926427
1035606
710453
615240
508401
819307
311325
784215
906219
820508
1249354
1041048
652072
730168
87086
1350883
1008068
1298037
874506
2288782
1451461
990821
541433
909377
1930764
1707896
1096375
1862813
1331220
486747
1807399
858947
1755425
801781
2605675
906255
1217881
967088
818892
693086
1857705
1338980
649375
1573240
868039
1959846
1306438
1485746
140216
1877294
380946
2138044
1487718
618224
1013635
1628131
970702
1544256
1050789
1321120
965599
1554102
683243
703907
1627802
1439067
1245669
1271378
1225135
1213113
1007827
805998
851782
1447404
608612
137697
1577092
648598
668596
1588011
1485120
1468207
839840
797584
1635260
750936
1253731
1162181
837812
893942
821342
2087572
886119
2076607
1404738
1696146
998025
797152
960579
552152
1869210
924124
731052
812167
959546
574203
1206633
1647272
1792177
1182749
88134
1019985
1363200
1841899
1840629
1406104
1477200
1007181
1302292
420262
1133593
1604903
1219444
1211518
294640
944997
1038847
1209526
870030
1695087
1026194
962660
1111108
1521601
1480579
1104263
2134622
353403
419376
1418756
938722
733882
1009488
933876
1120769
1366429
533241
2234457
1660299
1224146
279090
328883
897226
1517538
2031994
2364735
1471123
1383359
1798267
717800
1045087
1664903
550799
596440
778633
438361
1517808
1452924
1372882
741777
1709070
754633
610908
1334306
1078489
1378077
1651738
1178878
1043285
802374
1784911
846602
1307826
1493056
1583045
955350
1518134
859337
1109014
864776
1303595
446367
1010262
1225897
834104
596003
1519784
2229538
799479
626890
923406
1487658
2125517
952865
231515
542754
1638775
871070
1475015
1847179
1102651
1009171
980423
1388597
1490919
1117574
1405824
1379687
1511897
874257
724626
2226841
2067975
1187767
1957821
1726731
947990
524847
1511165
704550
417956
846083
1601807
182303
1097250
503181
1660209
967649
613629
376356
759644
929483
1742612
1591184
1419739
1984155
2049461
653387
1717001
757150
855041
2185920
913870
295356
1226834
1497684
805269
1111828
469142
803209
737085
1584910
1605582
107594
1263010
1701696
1817736
496808
771931
1095217
2159518
822048
948887
988132
969628
1071224
498614
898543
1324888
1023609
1944761
882200
1687107
1463011
1110051
1032090
1361963
1268784
2322790
663288
1057436
982925
709066
823647
1101920
1710686
651178
1210848
2584054
843886
1700105
237716
1167206
947054
568482
1315480
2426003
652362
1547264
1335143
767551
1419612
739574
1073904
619288
1888743
1901031
407963
1190643
318856
725337
1236033
968985
1781604
484249
665783
1317044
1213034
1655749
1495691
972462
1187465
888251
1218810
506112
1537468
972699
1942281
1166631
1525579
815406
1918809
854362
379336
1058386
1155937
731296
1042305
640803
1708250
1070625
953183
804684
861154
1321357
886531
887120
1024953
722073
1560823
1608625
1184021
1519740
1321372
982578
223036
1503451
1456767
1208513
1588757
869933
605565
93461
297259
1305801
1735989
1428825
856684
867270
1868211
1890035
1566984
799531
873757
1432093
1136038
635729
1407092
1739671
1719971
1646677
1590378
1115830
1487099
472245
395771
875087
1380263
2187209
1486861
1204198
1620219
896957
1591275
1339637
1269537
830277
935170
922301
670123
1534999
1485598
454940
1017556
336501
1253389
868065
1713134
1028167
1262074
489141
982998
1126486
1275672
332246
1666142
1239598
2119048
1600262
469539
486455
846759
778777
615471
1037335
1506377
991251
2255777
1649851
1357688
2408088
550939
783831
887929
1048545
1975930
972133
1250408
1221777
1207225
246380
2008481
1311454
836862
493906
1584370
1044061
1915903
1282422
850224
1771778
872185
1581416
1148137
1147168
1810478
665121
2244783
1121250
1141651
712093
460036
1441745
374996
1252131
903986
359337
282130
1724276
787227
1646031
439176
1400386
993191
1444207
570307
1751756
1202563
705200
1803128
1672558
1267045
1670383
557965
2482862
1867918
721912
822915
2009088
631448
944905
571779
964780
580922
1160086
1212916
709785
592134
1700925
1454931
935544
667733
1138733
1028398
1030023
783970
1880139
1516169
1187708
1053296
1309230
766287
921506
924346
1299798
986011
1100069
2267993
1653166
1254178
1625831
1337185
954411
1004556
2006732
701175
1377025
943578
913378
1094328
1100031
1543608
980914
163304
937844
1394666
1241447
1600637
617512
1293590
784185
2013585
778562
1310244
1259039
1931250
1506495
604173
2008066
1472915
411095
532585
1415028
748927
284388
1870776
1189653
1568243
1318289
2734199
1364374
1536609
1396806
1452856
1272032
1570761
1307864
688133
1066080
1611188
1403744
1404520
1086808
1028875
986221
470199
423362
1007208
2264860
1210389
1055979
963550
1181427
1576870
1956498
1291617
1427591
1005079
887819
735669
2060544
2144902
642130
1304479
647233
2237648
1595838
14087
1000001
822089
943516
1346368
554586
703364
1686359
518111
1734461
1066085
875479
1435828
1253972
763346
1500852
993984
871795
739411
422549
1324417
1364886
1823166
660635
595065
527837
1924946
1137023
923065
1946461
2102765
2009028
1162746
589874
1472715
1557821
1658946
1852195
490882
836600
843149
782626
1174043
1279936
1118480
1777194
368792
784556
1244947
949219
1216037
1113861
722844
1019730
642408
1225265
666268
1076629
283148
1356882
443527
1076429
1038522
1365021
388104
1710579
1429314
471115
804238
1168109
1185186
1827336
110818
1846150
1654709
645520
1846407
1341854
1914851
1534593
992402
1573829
1597007
256351
393415
1947598
1296987
1070614
1618408
477395
909401
1512527
772922
998278
832547
702233
1616815
930336
1257366
1409176
1390412
432606
588805
830042
2027329
847241
1501772
986008
890644
635965
623482
686224
1216496
1159280
938232
2043827
1326132
1318940
1279033
944070
1927631
867310
1648579
1013198
1673863
1867849
307614
1083861
785842
1133718
924249
877138
2119261
2037588
787370
656283
376024
2227491
1580045
987802
988185
444160
631785
535520
1192573
795839
317056
992998
969923
591276
938726
556347
1783300
383697
2565371
1398691
388919
1162493
1906959
704646
2553983
729133
787867
533800
708661
1710831
929427
1153141
1263142
664325
579584
1180187
1060836
1868354
2135285
2267415
1674761
415956
652264
947463
854206
1699213
546882
152515
464319
860106
1177351
1121273
1083015
702292
430740
788827
1071977
1241942
1139129
973839
1233622
2533199
1040825
1536487
1099355
787895
1854290
904850
1529285
1019475
1456911
728565
614845
973697
1017302
1978240
2247228
964348
1187573
1585771
1590005
490459
400182
1343960
1351790
1001020
622106
1040467
1775694
478447
2089992
1657714
682648
272396
1546265
62328
324551
1187891
1984167
2791471
1530108
1478333
1685140
1089995
867252
737554
524697
892181
1082256
611645
1048513
1582289
1741103
1169155
1160968
1322537
941573
876127
158110
458317
558730
1672225
1132051
986408
2558632
1399162
1199535
1296276
434518
1463179
1637080
660000
1140756
679689
1692629
1398677
1696502
1185312
1528879
1793023
1317958
1707844
1224851
1065960
168044
1385722
577765
936830
686355
695153
837031
1075318
1438362
946342
1032929
2014087
562428
711901
179702
1528610
1688751
1080816
1311374
319490
1265165
852736
1995189
1633839
731453
511178
1109911
1242877
330013
995368
1093396
1037016
1237526
773835
1300063
1747668
1479995
1831197
1461141
1177388
1038815
1940344
1684145
2061026
854034
1430190
1228210
1518379
854772
983203
827238
619383
1506099
1293322
974868
1340546
625596
1404490
1001784
1632092
1623880
1290147
1494464
872489
2359558
628250
1676074
686713
1314534
459413
1239707
1447750
1216060
1190713
1805629
1857337
1006406
735274
1621514
1824026
1271174
895149
2487319
1154164
1437401
456181
1221743
994846
844869
2242325
1481113
2470569
552636
1425781
1949583
816421
1360408
2406805
443527
984490
165803
1902352
1510947
1233803
2087757
350493
277444
227468
1439335
1007543
776178
1557081
1509559
556411
499795
1089301
504404
1549822
1192452
303080
1538591
485836
777910
1310371
866952
980297
735868
1033534
1348378
1919652
1140729
1511685
1689538
974208
1312072
1552832
344806
1163314
1485973
1370337
486036
1210770
713405
311121
812237
681706
1309432
496173
2128393
2057326
1297235
1036999
725123
827969
425886
569329
1542742
1846617
996961
1467578
1255710
1981906
1540935
1615170
1591147
822131
434341
661621
565150
1018532
401674
529323
1636427
1814319
647756
1235491
245553
1571554
805692
741940
842603
2192841
322261
2061828
334044
754598
1085777
966771
878856
1488461
491629
2713200
592691
1873120
943574
1767955
1175975
1518694
556780
1511595
1951731
898539
628260
521538
1776415
1573292
1163485
270221
1566003
1007067
939427
1026361
984262
1432304
1635315
1618012
477021
2056626
943187
1303243
1299239
690857
615007
804018
2259239
1911571
817572
543649
781195
1232481
1851401
882177
1800474
643018
1432176
1161991
426818
600749
756406
499900
78565
1375897
1075973
887128
657332
281479
636746
1760459
929178
1200780
648694
1690541
849471
1100506
1391392
624670
1216905
1572821
921870
1043338
848132
956656
741833
1090095
1111056
1028255
732160
1506257
1934956
1140079
59823
1887203
405989
509855
1348134
1592647
1012080
731879
1288042
782603
1048204
932206
1861770
1627957
663712
1249871
1540505
1799283
602610
772371
999390
1766810
1439180
934001
674223
1259352
923751
1484120
1490888
2509178
597406
1505546
34883
641334
1152405
2042896
1349557
1555717
890231
1133978
1102551
733243
1254369
1082564
1064165
895202
1905415
1819333
1344285
1407387
1203683
1569257
1005409
758822
1274043
976007
1781313
862507
1075456
590622
1159744
1260626
1565626
1120644
2467425
1379302
1278014
514179
1838858
1058511
1160204
653496
968994
1502794
1687431
1217807
1585457
1231858
711697
1330569
2261787
841996
1257331
982001
617231
1602335
1656934
1045186
167265
600653
1562225
1091677
1961258
1588691
661725
554767
498750
1115631
1197829
855141
1926307
1733806
1468997
1588369
1616389
1624901
815851
1416271
1218117
996453
645374
1310745
1572017
1883252
683835
606037
624265
1253134
527585
865151
549631
404739
1066680
1227844
1476823
750362
1402615
1552417
1382253
795800
595622
238930
736633
915809
1221107
760464
2416686
1380069
610522
1159025
1281503
1022271
2354892
1057715
1510539
1019695
1855307
1927052
622159
1463303
1933364
1010213
1373776
1619846
1415999
1736099
