1018779
254980
972268
899120
544740
1025671
501592
845436
661956
712139
596284
761720
1243587
581471
765469
817203
760978
539609
1160630
421574
258744
1068013
763578
686864
1083671
1467205
1440832
211794
996821
1157402
988126
768054
891481
762568
1131999
1756119
633649
352169
1212014
1482897
1095822
1220475
917585
197828
1462926
923940
428896
856533
786858
522662
1743411
1066357
544447
795300
1088849
310116
1149266
1007466
1123747
162471
654722
1598416
1627468
547110
541191
652128
1127643
1215333
654996
437914
324987
371567
1502163
1463294
778571
489789
858955
233735
336346
610629
1347653
463586
285931
664903
724109
900506
759041
578708
692994
545824
1257415
1000904
1564811
644379
1651743
307463
948867
1717227
685434
2078243
1300911
988531
539024
834320
1017158
1209759
1776758
468887
827793
914187
641587
1108087
1105831
1450913
489062
668951
1034568
797795
1270490
198358
853443
941931
863198
470500
652069
853120
563369
496158
761045
1946085
829208
1468617
106888
679660
1016471
1636925
621574
436518
720979
658842
492090
765837
1180083
318266
1079632
920513
1296556
1347877
1692030
1101290
521140
746726
488080
726260
1080196
968940
564847
1142914
366615
1306505
336508
698409
167169
962341
673103
699159
1486252
333513
480360
1506377
1023839
728643
232242
1103191
412816
947276
586004
771876
675328
1736356
792414
307904
864938
677811
1154596
510105
439570
840347
299198
774045
1100002
395484
1351120
1390245
778891
810172
1080418
1162766
819278
1881592
783099
1313895
1469840
465067
999254
974556
804374
1375324
901518
495092
683668
1531386
984587
813063
674174
655362
881315
1149414
868863
511137
1669696
944178
541941
497651
918655
247366
938911
662065
1027170
1338136
1254564
632497
1264252
820499
1229203
731657
1437115
1332434
537796
628567
684214
1682909
1065344
844711
254253
402924
1119364
945019
305153
424840
891001
573448
442104
1058836
598804
383271
494536
1348103
1147917
1817180
923025
335310
568674
748368
802159
662371
2140195
526126
222750
1044167
573061
1309659
789350
1172356
613109
1298595
1725403
231631
1117305
580740
1417327
1520479
516615
1015268
893918
803797
789672
923679
814723
1065633
693741
150407
404485
1229056
1067711
1266284
752420
546194
981177
885024
693776
1196641
1566451
962143
389026
1639240
1064852
863736
1764946
937619
514248
1122172
514278
1267701
1544681
1154839
347557
899825
874022
1372794
844134
1304132
854446
455329
1054791
1199617
413796
1213823
630599
926553
776966
1081892
1691888
559860
1392462
1189458
1469358
889256
346642
1036065
374521
783942
833703
746591
1206300
868878
1311904
403571
1024432
434369
379014
249203
992520
1005705
1168337
914869
969825
634912
223192
822013
1458504
873159
503383
1442757
1112488
522324
1327429
488610
498885
368582
857242
1224076
1516728
268330
1487007
1680564
535935
609503
1287833
1231347
1485230
879797
768643
558202
878082
618232
1448910
155526
1395705
839702
610900
1137367
556142
1953160
1034618
1023176
398091
1257079
642516
1319473
353658
1462813
811096
1029320
1296700
314470
797922
947759
1621817
528643
511423
1261378
280516
549177
1106061
451677
480051
1467733
1566672
913248
460432
1641773
1162671
1282657
166384
513251
510300
570754
1023496
1101295
873524
1103630
397670
315865
860882
433233
741222
357249
1417881
1032073
784267
885376
1470665
1680803
364335
242333
730387
423274
1185147
384616
1074637
287629
623028
1507274
353192
523058
1539656
833467
231871
871200
669493
242038
827001
775958
834279
1325815
591109
1351917
1284260
717131
1208765
1021144
390157
1118319
1581102
919516
706777
1771422
1137549
850643
406669
745736
1217536
1206646
1415285
467247
926399
879077
670726
500282
465498
1230632
1065905
1414130
597029
1844268
1713892
585892
758541
856234
904616
718492
1170437
983359
598785
921527
737134
531665
176042
462293
1218913
570962
849169
2235042
642706
874109
630557
1178103
476188
1085716
462702
857022
517984
496596
1360231
660650
805347
1388361
1316379
1416685
1236037
926823
854308
1341887
1681380
284968
651457
956564
484520
1073182
400673
65896
1289068
981929
1513851
585246
391200
627329
1514144
1002088
566760
743642
611160
1070761
989583
778911
1290303
1202351
1021854
1065067
1236633
1233686
1453223
783051
428310
471458
815900
1050878
726413
391624
1064490
36113
1096812
1099481
1336740
1287464
1361458
1019911
1803275
735072
263908
1277386
1365991
886260
1039270
374978
469694
626576
723436
963494
395906
1255757
1482983
853705
826268
886337
725935
412190
870169
325476
1521638
842136
1005442
604690
244059
1383487
682167
985080
1169655
1466043
795368
1167811
425090
1499478
735946
646720
1998972
1274805
736151
1310076
782323
911405
272773
1092530
638455
1030661
868928
320233
792915
1009002
510539
474190
851602
859134
681345
1087926
744213
1117317
1758802
552497
732223
1382589
530419
600265
1058802
1238090
1292071
1614415
465585
1126679
627928
841235
845596
749829
1577211
1671871
1358720
59216
984143
455293
980126
85066
497428
241850
988417
661511
283434
1677964
1295794
921129
808554
1577062
992074
619953
131814
388165
602950
361873
1678854
1177925
764400
954742
1300441
449526
1874823
923596
625329
654620
747278
203632
963041
609064
750030
1165395
1426754
466376
919686
792730
466849
801859
385630
214832
876183
827488
1125229
1127436
1560380
767652
649636
618193
583093
918994
1306876
899818
1335181
918740
1765973
1634749
900661
880995
1193571
294705
782250
1194831
544421
1845037
309740
1044941
444441
783195
1769278
194373
364859
335288
942672
714482
689029
578612
1154774
1001182
622669
810419
568282
1024995
1207684
756080
449970
1295038
1563681
1056968
889676
623624
507909
568319
960130
1864210
526485
1106833
1110586
183934
919193
550651
919422
716381
542483
521827
1818933
1143981
981073
780301
699878
826747
623129
1068464
808045
1122142
1467551
363027
1138054
1484682
1256336
933970
2197707
919036
636927
1126412
1010315
1258659
558594
1334720
401635
1016962
566731
1399870
991806
355795
615324
775120
1236690
969758
620098
311226
696838
1143315
955831
998761
771912
1429773
988967
582791
497262
670870
581163
1077752
1172240
720513
581267
266717
333568
787458
698575
253290
623512
896794
609468
1371065
635876
1068542
1197825
1127421
365964
1221170
1299606
776057
921678
1186129
568169
386004
374998
1089254
477796
1160061
659285
871837
1794516
542553
614368
860174
799905
760626
433363
944149
544014
711997
1191878
240171
742304
984948
1669944
822185
682492
437204
1742208
675151
1022157
613757
367866
1487070
1049926
562653
756861
1111797
1066388
1009775
792004
627512
861045
406915
925036
1028588
447126
1500898
1578737
1247746
1038761
662425
1705464
1331030
683829
668796
1545813
1247895
643489
822633
501289
846414
656643
652156
313455
904278
444406
862643
1011084
1040883
332471
709913
1600906
1303685
668315
1283708
533026
702370
898338
872052
492548
630502
368344
900268
752079
981254
1049347
823129
740728
843662
538556
831675
1579536
623157
317246
975977
1174699
1070659
1131308
982975
594852
1156238
728221
661673
1023578
949254
1551643
858547
1067818
1057890
785860
866945
277610
1410600
1108130
1073462
845209
681274
1643485
186765
510062
1233389
452289
1092484
307434
590262
490203
697233
724891
1085927
459734
1178490
1052553
873200
1006232
256328
444650
366676
635343
677581
515708
911828
870909
663705
1821355
1311804
833274
1504696
760371
1368606
308774
1187259
1464714
729470
665743
216189
475294
960673
773933
1658829
1140112
631613
355196
835729
996950
755111
1184499
823312
1087630
1031827
1048838
842629
1381303
1008906
1255314
534547
1457679
1236381
516788
759457
447630
1060564
807307
1487750
1143146
912430
1802087
446258
235530
627939
304381
1248423
1110411
1357098
1087553
356673
782937
1626683
1199080
604967
1543203
650950
688621
1065796
732438
1165541
1088304
655791
1200994
1778446
782153
988732
567927
1523000
740152
366713
948947
1611223
587381
547796
1029104
1009914
558462
899108
942874
1999964
171875
2094870
843874
808259
1305223
876085
1255278
205216
510243
1289143
517533
271165
1541731
860089
703960
666107
392696
411673
971818
437501
413857
526674
637912
957243
702779
1453897
395276
1396929
1113304
1032369
778424
607010
559501
876068
427475
443133
949853
1033418
1256460
1115347
415864
278071
747401
271596
569237
1362674
440753
963751
1896553
627689
405398
983911
1039654
1227451
755386
1504956
1009694
474783
558849
465364
858632
945421
94606
1151714
709649
1517503
1476556
909377
1889238
875332
806232
1442523
615013
1720933
799275
483599
556453
492092
512301
1098966
695034
1445708
502665
240474
794856
1177141
1230155
190403
1255922
448446
627871
985651
965687
733822
458807
835794
1510385
460017
1217746
527204
523431
636350
749997
540564
108154
1847547
409868
1117701
1196315
1220046
1112658
884820
1271367
502356
824895
325968
1319502
1614888
890304
668527
1127679
681830
999940
907296
565686
969169
1442960
1361478
866386
1142717
1181351
489676
1587914
1004100
1595741
643562
539389
1566627
1195258
692652
594362
1304238
332510
1399823
966428
841146
651814
767132
794346
1322523
1200295
1715299
417094
779940
611644
527438
1540516
251854
289593
1003399
1223123
1023254
601490
1033463
1029355
756684
694436
483480
444576
1201714
757326
679061
1016925
675128
1656821
816291
1323939
928430
911323
1083750
396225
817100
818218
1013601
1665444
2164493
1143872
788943
1127131
419891
158244
341654
1189197
668532
437493
1146625
1285021
668792
612980
426591
923596
641828
635806
731900
611587
1343317
1024583
1256570
1245269
1059317
1292457
519042
932216
1479401
593914
1180072
1307518
775101
367869
1326817
1151024
1072952
699615
522485
587604
787298
391157
80128
503609
683619
585427
842717
1914753
1156295
547256
457483
637571
1108735
931291
846767
1058672
365310
1161565
1148516
1770288
805933
1087077
542506
641270
318057
1016051
704932
389059
1062327
636654
1302498
1264400
938701
790917
420172
1866128
995809
562631
711168
1091083
632758
505346
987479
984159
1551885
585322
450373
1087259
234785
750925
792267
579307
623935
1735075
61673
1216614
572440
458054
657562
771604
949480
985682
938278
1276432
504950
654551
600252
1061526
102494
513394
528405
1043329
1122530
1238627
479403
1045661
389666
549325
1124089
1437288
1142568
472663
1253787
1131609
933206
1401669
1149647
1252543
1949521
443603
1578252
916243
934981
740794
758667
965588
741339
1178065
1491995
930926
707950
673927
850159
654348
861227
568297
1804590
1564215
1201511
1166535
552193
727233
486800
1460861
1188361
1364470
1045882
2186105
582223
726021
645422
1220526
1360177
318457
748188
385728
566072
190882
1288906
1369747
1023485
601413
891964
1281517
1014453
293473
1060559
1884933
888191
780027
1213533
311261
1045529
1391659
560473
1407870
937617
641184
1583461
1023076
296997
557435
712709
473251
1573786
1084210
605359
603578
701650
396620
1371223
793860
377620
1380114
871760
1622203
776657
975404
777077
262379
1420206
515726
1215894
1253936
628906
1169012
1964295
613306
718888
1003917
885039
748098
580802
974202
714605
880624
347724
438781
918436
691339
443189
1216362
557904
1205567
969348
648143
889273
369016
956071
1256965
379868
536539
1611605
587573
807720
1152291
1181316
1206610
882469
777684
745918
1085705
595393
689034
354872
1646263
384587
1003318
1198001
545785
283125
1303361
472897
490847
1201142
796195
1320795
1690540
1221109
803808
1296458
1221027
284377
700665
1261754
494738
622654
1787701
253667
1231062
361626
647561
1222963
982729
375686
781061
257259
405809
307535
730017
486072
698624
984201
1479868
880451
748828
1234907
710318
1323630
1362187
914316
780939
408130
855137
1739489
944389
1809284
629095
939313
720079
1395814
731914
1548598
488260
805153
1189198
636243
557887
1084298
991048
670276
1085252
1542602
713758
587718
943317
1023913
318324
394984
785431
275594
590376
610331
934991
506144
1134417
700207
337197
1546802
848622
1241882
762057
1060214
561998
1003456
1001812
1096162
722855
630921
603257
946905
391188
1644157
673436
1373890
530269
1388432
1100928
1407120
965980
1439046
45271
451197
450042
528986
563131
1156882
1046865
853385
495410
876673
1255289
327891
1129126
712894
861832
804048
784295
1105938
1090856
495416
763714
318993
573489
1027568
852221
1111899
455014
868872
458411
886369
752136
664072
1010489
1424776
818289
1014355
1566800
238365
773947
1754316
1084894
968502
827143
1530791
914999
987872
422538
1191065
1213430
651557
889970
1427462
1213884
929144
367084
976207
896841
1250584
336533
618803
451224
853730
1120926
1475619
1104008
624006
1271224
920804
628380
1128940
1164296
1823318
553032
1148016
980488
1795401
745702
952777
764536
546663
962691
820381
129990
940463
596397
1384526
1159751
983819
465830
645533
974298
1462438
729608
811359
1752728
467760
1117409
1294695
1235527
1326353
591649
789493
307732
911462
673600
1506073
1371729
1067740
680145
1149682
989370
774498
1324623
1814069
1173571
814592
602943
1235853
874611
346768
547376
754907
767781
1131394
690268
1022461
1448702
1249521
1079486
1229327
1098610
748567
688440
1657548
858540
1179338
2010613
713497
1166723
604064
1325228
865641
970952
936528
1780714
1731200
790787
610538
852250
1239777
1045654
875718
1788618
682855
390971
765620
728411
775864
1073389
1106825
674969
830507
603973
1197811
648450
426686
2395307
446243
1149089
1113812
1179390
1360304
1495724
1318435
1073285
923604
554738
746185
1005540
1127292
1817905
199304
922435
638681
824418
1368315
915611
1119771
745869
1519365
821338
1038035
220864
567844
936731
1193439
1308133
1488042
826560
1050549
429815
1073552
1250070
339469
754165
776486
692432
546182
369387
1552728
540393
1331017
779163
1018060
1093668
989493
539794
457392
792333
574705
642091
850883
1395687
1742752
1471464
1116945
482906
1371604
931027
927415
516186
986256
586970
1191325
261875
796162
945618
1330103
1316940
1071874
508910
1112201
652559
991494
609759
1135461
639325
931541
1224092
1491051
786460
825494
1540524
545454
517378
525189
1329951
734620
1160797
784570
601481
860795
379782
1095939
171940
420721
556019
1237858
1374192
146490
919400
624659
1363755
1364353
1237199
757913
218079
1978806
626765
575092
756257
814146
1331047
189796
627344
1776244
446232
408340
802856
582261
1414509
623232
814492
604538
897984
492076
1541455
225611
450099
381361
485084
701093
428987
1674479
511747
992324
1140090
706919
312542
786312
299370
785612
366424
647794
1342332
1430853
490332
636075
828627
889559
1209483
636599
567269
308476
570801
1720552
736721
606869
1160193
824212
1123919
490265
493368
840672
1193446
379757
490847
1137334
1298179
1584075
1067558
752179
552220
951280
1047286
1663406
1238583
590369
592139
627262
459568
1030498
676828
820836
607114
621462
846276
578023
893764
855076
548458
1102334
1366433
817820
687598
512088
602216
1173075
1112946
853413
1337810
1114905
1334312
1480885
845584
1150118
652132
1088937
1315895
934005
1677903
1021369
545873
1175858
690639
997760
530303
758695
1072224
1207812
603379
584803
1352055
442115
654543
655180
1159692
495213
787895
1064593
272644
431705
339787
550359
1531595
1145809
1129695
754869
961872
1122453
410833
593791
187101
1408877
265021
921728
967302
983752
430862
1062868
942791
732317
1407713
733677
879833
482971
1146606
450468
1327216
680104
248568
274724
1033896
465173
242811
977835
889820
812070
499261
1078877
1344693
1601064
315272
1138731
1464806
1619855
143585
464041
734969
1053354
1477379
1515486
1461557
1064586
483595
1126287
1099542
829765
916061
169878
513318
510215
962164
245225
605988
617759
716560
666258
494052
495809
664258
520878
1093182
1516218
939047
833031
966515
618489
657612
1101031
1598472
665444
823749
1640713
1132670
149203
1252649
1350059
483469
690624
976058
1045775
1341684
966643
1380584
647248
1544894
885068
989691
662002
1026511
1447392
1471574
1212942
1440499
534355
966443
760060
1167310
320211
1133814
461763
761711
479944
881449
847534
982096
1052853
360982
923708
995239
441101
1289943
1395279
1720864
756830
650306
1011455
791549
1273581
1298253
1731709
246894
691177
1331383
922126
583497
391712
724777
1456509
424176
786635
1456028
387519
760715
370141
1237233
972711
470434
510540
493980
1083694
981804
590133
1254301
773002
1095541
988871
420153
1260421
909295
541998
266397
1118482
1073423
605874
452523
918913
1706414
1244985
486120
489230
1578449
1154688
554232
370486
663448
369833
1326013
736458
1174036
422867
1051503
1336110
568545
924821
577890
1228733
371465
855407
1323091
1243854
1059771
760483
1757845
1326417
717440
468660
537303
1216933
750913
1203196
994067
867465
1286369
547469
2007531
1013095
474295
1320634
1296780
756036
622428
1354812
568495
1008916
981148
745372
976354
497022
1414000
1166790
397447
665063
1056940
607415
1480791
1325058
638396
1248946
957938
1659523
975288
1113745
544157
1431881
234019
1398837
2040235
1552198
669805
431608
1030349
659294
731893
728235
511860
1161580
573459
411410
801892
604819
520167
929679
1589829
344028
461317
1083661
592951
927148
723090
1254754
1501033
586789
781646
929469
1787682
762844
925310
1101667
595930
1113968
578114
1081177
1371413
1091171
928486
857734
1322257
965682
299080
707808
751743
452992
595883
429103
2089333
576490
1574273
339374
909656
1034337
397153
788109
371716
766371
192095
438032
688739
375879
1298957
839063
1111732
384713
1270203
1263260
648669
263109
1439999
1688325
1500386
765387
689712
677458
946083
1441779
606069
668574
1072816
676755
1233365
504447
823816
578435
580116
1001868
365083
1347350
1141566
1247548
538016
1121024
307772
1145518
1026934
887712
308420
1255576
1407920
931665
108697
1148666
1085593
1177298
617707
1331566
908877
917927
296504
800858
1117741
735243
563434
717523
755187
907598
730592
994278
646929
620187
1152196
226477
1388512
1201664
741320
136736
1631785
1280444
600820
1072263
289275
1066023
766004
693764
485792
2204925
1111185
970145
932103
1481100
461187
1475099
1369207
1182875
861462
1170929
822128
448855
1285417
721820
868203
1319048
438863
1789466
216690
1492591
1118664
549421
988498
569435
1357535
646863
239469
383580
952434
1333386
396934
1019078
449434
606921
1448395
1793929
1111705
625781
1019165
607182
1579875
448124
1388447
1098541
1208475
1260893
965836
1019769
128023
381596
538421
914818
617415
601045
1096422
506447
816853
859250
308006
871769
355081
773054
1249849
886290
803745
531915
1314813
1051036
752880
63799
300647
290773
883159
1344358
950846
1093193
410562
1044394
423935
375395
1094675
1040179
1868091
396294
640189
530484
1223507
1011915
541672
528961
1824248
1255521
825139
343492
742797
1561324
1569314
283705
773198
215157
265121
813981
666524
1506161
1148944
886793
716687
1248676
356623
717172
531740
567361
593013
1149852
1181923
1149297
758049
1089149
572234
1282878
598611
847517
729245
666065
359615
341868
1116957
1887191
1264757
333162
911990
1252322
382270
848112
1461615
438629
430019
562906
850659
1494380
1245335
150604
2009649
443541
959640
976805
1143449
567641
629015
329041
784628
1072779
1350079
534976
876375
571965
748821
492253
855938
849642
278632
458228
519859
387148
994567
929049
1251937
422192
2226495
1322599
1527446
1577505
1629524
1596335
1468603
734171
1121220
1030843
621142
319529
527509
377991
456866
1319837
1055555
1422061
1416812
787902
1043605
1101875
955924
1184408
1355633
486867
818973
717297
872879
1274416
1284902
645064
967315
1596653
862126
972152
652025
157488
1242552
1505097
825810
1266223
1459514
882978
351219
636792
1310956
804270
278315
870245
1489896
823270
761662
1329954
1516300
737992
646169
513465
1052331
951468
731720
500787
305570
980016
332825
1193429
342464
986796
860035
1237491
714781
698875
461255
836070
644882
935986
1217593
349600
629245
598290
524548
338872
889716
739552
373786
1834808
329035
504799
467646
418211
503841
702044
900759
1484393
1313397
948696
1172306
394298
1375490
1742458
927011
1206937
775183
811509
1343644
905951
715561
1069140
557630
1295440
966564
1105667
585191
986501
1139333
692315
892727
333238
476295
1211125
707101
957671
1175252
837319
369906
561465
959324
634478
749569
1064398
536832
847977
229154
1115349
761053
723752
1247675
254102
984197
382735
1218504
1218843
807850
1019471
1071960
606474
634930
1425967
674788
1146859
201743
978842
920175
758080
1442509
439315
610615
1016468
461659
902657
548334
210913
949916
589257
914124
392290
1412170
1069750
736236
1071011
1184699
510449
1103494
1004487
731270
716903
786034
706801
969725
706169
343744
420261
792057
1034232
472657
667631
970044
557322
701306
1009972
563114
440020
514261
1517969
776409
1143737
618911
1213827
653509
840844
732445
948015
898320
862757
2071851
353196
782948
159110
1332491
1197243
471824
1702105
1448775
1023420
162846
310495
906048
1543865
882180
633814
1026111
1184092
115228
843031
355737
953599
1080525
1107859
653623
912389
727332
457910
548850
807569
252980
1081093
514520
904639
1204417
975527
1029008
1147864
820944
554741
981644
488288
1107610
920296
251126
408248
1234809
316926
462440
351689
866423
853493
1011396
1195608
1392938
721437
706390
776497
144689
396242
1038733
918304
1084321
628305
1523676
1213465
524606
1039053
1042370
1093265
368164
662652
1838162
476112
1196889
1086613
834297
908029
617613
1255335
457271
911876
916255
438538
1336178
952307
365188
798035
1807030
721955
1314844
685775
1297130
1254233
665123
713589
442327
999749
963113
1433587
214729
1049591
1678881
793098
721951
815129
801512
530127
1054800
1017053
1306200
1010467
1916338
496666
1657903
844079
349994
936346
263299
542800
1061703
472313
904915
945049
550592
457125
98162
1306983
1022122
336135
1408424
835386
1267492
39108
608375
371838
463259
1242157
322334
682858
1177470
1268171
1030257
778181
199537
646323
1017722
282178
1509626
496875
1180842
866136
1068505
1129920
1014801
1717325
1216918
1155055
581569
437473
262833
849848
1586856
899065
1267665
222147
622137
540563
983618
1202682
801219
610535
1753740
496242
631539
1072777
267519
454579
607752
296245
670873
1364760
1471413
427220
954483
1019612
1765790
1147265
1630118
479485
1725385
1441164
276835
551924
798429
391040
594850
492655
1023593
649967
975267
1408019
1215484
1375882
737300
409334
1030826
333782
1495903
746218
896428
372367
148694
654009
1205739
498491
439929
572066
473339
1480757
1099179
1285394
954214
1359948
705569
951908
993094
1033399
862628
1001542
1342498
391323
964985
359464
1447644
922839
1330031
511727
582863
493399
632469
1184644
1459092
586372
1256102
1349431
1562217
724174
1776723
545035
1353877
866442
1182071
1227715
491614
641843
871646
971233
1260609
487938
734002
1224040
812848
1102311
903330
1430845
1152753
1008716
1512433
614395
989140
310970
342492
964950
1325609
1012134
1732871
725163
861495
803998
621232
713492
948902
465318
741240
543542
952605
604253
1679563
449525
547944
557156
690030
429724
1076751
541638
916856
1500445
1117290
1313237
1338617
675649
438560
1093748
2019503
829482
819164
629484
208874
218687
379977
1132328
857864
393013
941007
523706
913355
1833
481912
591948
178186
922202
1683270
935475
1389643
1397042
463634
1024867
186978
1190350
614716
965095
875250
1465458
1326723
1118805
1230645
682876
468601
1227256
989997
1081407
895538
860953
674248
481352
1200838
878335
476650
760720
1154541
600175
757776
1013595
376192
299752
1106482
1749943
551644
886413
861912
1054740
1049758
272381
687875
1277858
669455
977153
814943
709982
1171679
957804
1190556
588780
1728863
370430
602446
1012988
1290316
456766
791659
439588
541241
318912
829790
1115785
2107225
1291680
689093
697848
824566
569171
373070
1314002
1703166
875857
1273041
708511
1024011
1090834
952308
341999
836971
1733864
408693
542206
727814
1031504
569481
822990
1020765
519373
955758
990506
1341627
367381
824004
1586529
197305
786346
974886
1620950
1349648
1394657
547692
429376
1052950
534070
1058326
264547
627736
1310774
1469600
291412
426271
1377772
274317
616526
566240
1030520
748101
994989
415382
1131916
424890
1842657
806211
856039
387992
727209
280755
410645
514204
1329960
588816
554832
402775
841370
399651
1373968
1284786
948172
545604
126499
598053
916410
1802691
1068971
649126
1049128
643375
637880
668788
1051219
1872337
1111496
1161196
1538488
1082020
697086
1150412
492536
1041045
1050027
742340
620949
1188362
1864372
1334375
542398
1135087
968861
520685
403024
1029617
961549
1674268
1391547
500648
1658008
1049752
755970
828256
536172
603493
804986
1408770
1185749
1163116
748883
815978
855630
739267
293082
1706616
381315
307044
556535
1238919
607857
669263
850329
253124
1490593
1139385
334225
1783333
411645
1160142
966457
1397779
1561759
620018
723609
1906711
945068
1239881
1354512
946171
551947
555088
1236984
375184
871125
1038606
592286
414523
748275
1274043
698581
1162598
452441
940196
699258
399510
682151
110765
1298915
528181
1016776
959742
884623
184337
526723
756373
357538
378302
750745
249564
219139
354193
1290431
742510
1269882
1130707
870952
1730778
586707
1060569
454361
1540919
882175
1764950
1289857
475664
1131079
1130976
1063422
467620
658376
682222
708808
1154445
1066123
496232
1063011
1542635
922073
603302
1391662
1816923
2047356
1508930
862365
1304537
1803503
468288
1575502
847509
622395
450430
666476
1241860
450238
718084
522714
1151108
1568069
1150509
899741
646199
618045
870793
1160871
918812
1013895
665241
646209
486169
261649
1648709
930713
1222488
384839
512467
1146552
1063033
462843
1846955
884507
583904
875073
504465
747869
458714
1201247
752427
1680648
1152273
1098398
558729
633992
1386391
538809
957650
728429
366250
1158877
1712356
1126581
1522324
1365865
1024194
763992
401762
1006759
907601
737206
272462
605443
770270
540629
1007541
806675
425203
1068866
915194
646589
602697
486889
480182
1104100
1138160
665902
899007
751494
515476
416821
599337
723666
604122
522271
571761
580164
1070832
1313942
1745117
1716032
784411
1047973
950641
852773
892567
1339821
854349
1905193
944171
569224
1097829
418543
1052409
773102
751628
1385409
161617
1207800
360672
537516
616581
963073
613144
1026813
472705
1253349
771868
1102290
1213140
857990
851787
1371540
709429
821435
1367142
181965
949886
612995
778717
1151529
1985596
993933
865683
329001
816955
675636
43898
765694
724528
468119
603014
629090
1181701
1172202
1075978
683338
1363424
1290146
620447
692232
931919
728768
558940
1018384
973358
466006
751647
996361
1172308
1568442
649720
1102115
282723
676417
905402
1063780
493986
786472
450213
191939
1385587
1357853
689902
1271025
510499
1309495
949754
950383
1347039
997137
874041
1076835
1092642
1597357
715533
558251
184317
1200588
846456
541694
869256
2003822
428557
1255439
455390
1204404
1275186
1210968
1364061
754413
502439
477338
1613251
1245696
391850
241928
1386350
642971
553660
1078037
759658
764056
453967
629992
731209
1075331
914374
1471827
1227970
503202
320573
372894
822034
1798929
1484891
1735786
297575
1266913
1258898
1379553
1153694
822638
853107
457983
1090395
402305
1088344
204274
946217
1068517
2001902
1605693
975351
561686
477755
349779
311465
524876
2010214
571473
650795
2068923
708117
995316
846226
827747
1539661
1259359
766082
747613
539984
1101500
502368
722684
484399
765312
1753643
396844
1441894
958964
1325248
1224954
213870
522737
850701
809043
882127
1561233
1794663
1453723
1236364
546142
1043423
1626832
491113
1595776
1014418
1266556
1454656
1139636
888787
839118
593560
391925
696066
1060644
1032262
688751
304142
440839
850877
1043868
524524
1033084
517426
550437
163730
727577
723218
1486118
544086
1336612
651225
818085
1034066
1024059
732444
337470
1169589
953672
1551157
737806
811120
1033492
1364125
1556215
893694
1622073
414882
505531
1080062
673848
507266
955822
1465881
596545
1533220
988441
458420
880415
1330005
578610
49408
1330126
1466387
385047
1356317
844670
1344127
618529
736412
551493
1128256
581711
2009952
634889
468728
604128
1428803
1363353
527044
797358
1040939
801078
688600
704254
1038622
677353
474410
614068
277702
1141762
1126711
1349148
723160
2319323
150400
833336
1021810
428187
754594
1583170
356740
1049978
1335832
588280
1148188
734132
726155
878487
678051
668641
1218090
303480
1130233
1078660
420793
1282315
647143
743059
741293
35922
1031374
632056
1020841
1143268
1208762
953992
221943
331871
633789
459762
1105297
662582
1226171
431336
994425
1009479
187438
747940
332506
739163
638178
716785
543543
904583
1004681
949109
725603
1171762
941200
864743
881692
1073422
1568596
1085750
1635729
1590842
1331682
1092494
730263
682168
836790
861150
390809
326745
584551
411787
678746
406363
562056
1185985
506192
564942
581906
1267427
908945
854343
834981
1601252
206753
733435
844727
466850
606094
1093257
978037
629882
530483
462357
497073
1301412
771893
597724
1209307
1944458
1118917
295533
899803
699910
730936
981567
1050877
933819
239936
1038559
1644789
434266
1505309
944613
849875
1582657
949401
1556908
822761
280760
584675
1035246
318844
1514698
690600
950417
1441843
487027
987914
1484609
523915
755113
803571
1097114
1167150
1327527
1380717
268165
457262
768041
279450
900841
1360050
203167
484112
908127
1265162
537903
455412
1120898
707355
984338
1162872
711425
945081
1079740
683016
368438
631458
420615
362204
697734
1467519
365999
652357
1244225
486900
386044
726520
508595
1083222
753278
1199727
413999
1538142
435456
399166
1189498
511951
493883
1030846
1166828
1302211
356038
788668
633812
1225321
647417
932873
1096105
1340290
616192
621323
1082873
609631
718240
1032333
278585
1075112
753766
1034649
788313
1245968
1152834
631670
332687
969133
1056402
642196
565337
1009706
680473
390010
674348
674606
152605
500866
729473
1461826
1113930
1282243
1162880
944026
686509
911083
528153
1089311
1118846
1871616
1215656
647540
934238
470472
603270
1205389
302471
1564016
839781
719575
641440
508367
1258121
370998
1511028
381008
1863565
627875
586025
1184748
898489
893250
521776
793936
1229559
1449352
521836
696638
874539
987095
911317
903358
1120907
962108
1239044
589779
483890
1360427
281892
1208981
625408
975433
952238
511519
927015
515683
1202759
683173
1056335
1239660
1048363
727209
1287640
1395573
806908
1081126
1254147
1135141
1124412
821980
2063969
1152775
647874
1108093
1808838
1314388
681971
668539
676402
712778
1303933
1250896
1130427
1331711
967744
1253512
1896410
631778
1344832
367938
429441
752721
1488959
630111
889520
553116
577575
789211
1098028
765209
410624
928278
482302
758349
436165
290800
919361
89967
1533014
805491
853227
552196
236616
374824
1494011
874680
330227
323619
879251
524311
250981
1163215
294966
811018
971179
1426130
1150160
454276
490864
1458332
763554
682999
457749
577199
892041
481530
1180004
645233
1657727
741825
673938
1061305
667901
917314
950766
1068201
73143
600574
854525
723465
498708
662593
1119859
1225739
672388
1271039
1053913
1000434
676656
1274878
2159658
769929
1924037
402246
886849
756647
468588
781338
313881
1237198
779500
628095
1042262
722315
651441
684690
367114
1387807
1012984
1413011
1563790
1561986
809833
1274572
1027765
421925
980084
461101
896083
398416
1421302
610879
1140399
178515
1252183
1260732
707422
1452600
831408
245481
1245949
927425
712396
505736
559776
1239058
621802
894572
1115313
387058
464231
840703
1453762
796576
488282
1341598
241881
562158
1217982
717378
693598
1104676
1598206
956188
702697
827242
423420
1083367
821127
508322
1387428
884099
628238
677047
341732
1329533
830960
1016893
714421
902776
408486
546630
1559711
429477
905039
524729
839543
1044870
740419
949472
548807
974601
725545
1000555
285859
960427
758308
551476
980363
922590
1564864
671646
1311537
600041
1279892
1509305
1016327
952498
295477
554263
635753
1338913
1253570
1582381
618846
790869
1003351
1576504
563487
194167
583510
1835527
1164709
2023864
676183
426239
1152407
865306
891542
1300776
371656
686550
567570
1206039
747466
330815
1219814
556084
981214
998005
838136
266732
1547423
545869
477367
1328191
1071032
417588
1343619
270010
998147
811607
1129919
1257010
1186547
758812
1013990
275307
1269051
203171
779135
1439374
1610691
814985
1063288
807977
870044
802518
1110330
922194
1143860
1553673
704210
694746
1139901
1185628
1089115
891285
705367
1048292
747498
576362
429688
1031833
645793
1524652
576697
727513
1024259
613324
984069
1756472
1744093
1134883
1143381
1033680
662943
620537
602283
979529
530622
821002
494361
1714461
375316
1539580
372718
519534
942252
900750
585965
511157
1086346
799248
558057
1586317
953655
722988
1371724
892394
1370024
1037639
1024056
1362644
1148295
694195
385374
705298
291583
560157
1328899
611748
381069
1256576
1637582
789819
570274
649225
670765
1883810
823868
517155
1593538
725736
1185709
882917
737714
812008
524854
1082945
1172942
667763
1049591
634338
1156483
1654009
926373
1551660
1484744
645657
773163
718689
859812
973404
1277762
717974
632893
1092509
1035701
926635
1063610
431371
300238
1531565
1154299
511891
1215586
626000
669886
1250993
355911
428179
438051
408656
486973
727025
752866
1503191
1374118
1676828
768748
548091
1627658
1050430
338003
994578
1129329
548275
662155
213379
656370
628718
1401387
664812
511898
1329660
629440
237692
956220
991505
203849
675208
626406
748148
1252172
1371486
1122946
929624
369400
528377
762524
981049
1349667
531423
987230
1223671
830118
254424
1066101
741741
915197
814009
633515
969400
886580
768374
273728
531769
651911
1045299
1191974
854733
1280388
882642
1021899
983887
686086
1403012
534629
1657803
1318931
447002
1231866
1043812
1140672
1379943
260651
1070650
1565435
874604
557095
856990
709525
1562437
1391729
1121497
794440
771972
417091
483399
1193245
1055815
314719
1007501
924773
536251
1096875
865680
450974
918535
1495177
749448
1028461
1524610
1227378
1088982
1000474
880759
668883
251766
768471
1277633
1051737
563996
818116
1096613
599391
969907
965663
315371
1218479
957087
904004
285051
101339
1775635
1110720
300914
966088
792588
1708753
370272
903202
449792
1133710
678765
673374
1254480
1156517
442689
1139426
1330940
605391
1054880
376156
680359
620353
867795
882974
1483618
946353
573339
598271
946375
663849
761675
932690
782830
507339
1357083
944969
856780
1120297
268536
921525
1019173
1012962
1549445
661728
550709
843276
1061528
958331
428531
538669
1829877
112916
472191
804538
1101440
612574
902304
587812
1059737
454001
865648
593816
1202408
389276
1020322
1107467
1051244
1047048
1799411
582816
1527817
1316735
1277451
969873
489370
735924
462122
873899
629149
1176481
1003377
645839
313179
1863022
917716
427139
1195883
526438
958450
859077
586696
531363
870762
869231
428732
602298
525832
1152031
997840
693414
677035
938470
1215348
1453720
441388
1381926
613920
1026595
1244136
909416
671202
275067
1289205
1053800
471458
939505
945499
593899
943559
1053220
1250853
854711
1109152
520753
1359271
901088
1173771
1272182
1511985
747464
1121228
1139169
693222
827789
929236
590005
558623
1117301
245309
813035
896452
621071
396977
367530
557474
1310319
942407
896671
1601819
1180606
1034592
404418
398977
787571
1346461
938850
656204
575058
512920
923457
852214
1073224
1273764
676577
1239372
1161860
1106133
338776
2016463
69630
614515
1234821
679548
908891
667358
345941
792349
1152519
1016120
898685
220175
1441543
741180
1051325
227526
96827
444949
375824
1307963
1722372
792839
813346
527986
1537788
1232264
742896
822056
742534
770579
1025315
1277047
549174
379311
2139989
1652093
117646
1422887
537321
1069783
1175945
1098532
379207
1447800
913870
303973
599350
437719
1002580
1023117
504037
128504
943121
1552517
886078
285389
661800
726351
1332877
1399753
1112371
1278828
1129387
1581705
692676
1546364
351791
738753
368817
511825
1035237
610772
374680
1050689
1567825
1108475
442990
739748
1015067
1619907
1414887
688184
875264
119334
456407
1769205
288107
313090
656103
1075347
1252875
575513
928477
1334679
1617270
782882
258140
1097332
1016859
1153881
1444432
1027252
605078
573829
849009
299544
497165
1032454
748821
414152
1417042
1276638
936748
585970
401039
1781527
612826
700263
1482391
1084388
1184543
1210793
497339
1398119
168970
458374
729788
623218
820846
950190
1102582
371785
484006
450857
710640
549945
1215131
885211
1194516
1513353
1428309
837091
1406529
1093424
251941
1708948
517576
657347
1123711
837116
689353
540289
1409912
425850
313360
1006276
1749288
1179290
1016652
885126
1519300
782423
616472
1095738
67962
727796
490387
1027433
978787
885722
1384622
371863
1726666
1513256
978109
810363
657753
628078
875093
1047905
1388431
1073079
600292
422834
1106515
644738
1014327
386910
378566
708827
583274
473519
1277168
370130
1148524
2130088
1728099
588473
489690
805319
966651
1340021
800605
1060511
1554454
1229256
425397
406406
397377
1046009
1112484
830574
1582184
1239332
649259
823588
308768
1118101
697004
341096
535520
807193
705797
1365692
1438256
1311175
756113
1524276
1047185
1169585
463450
348402
590437
379124
1986087
800946
916968
704071
458738
1392784
1592765
1204031
1023159
385710
1741635
550989
404744
792830
504245
508643
1184710
964109
591818
1169326
1056989
1308319
979559
795227
1136010
493837
392390
1158440
543752
914708
981534
318966
1524569
682736
645773
1459592
378896
1472673
760212
703039
176930
713133
757573
509850
638915
874338
1350883
828981
726834
831783
484678
1376281
980282
937657
718112
1434295
442404
1165028
763080
1460230
525785
592796
270463
779751
526069
1017195
877708
1133592
1217543
1306022
436564
1145239
1601832
1254470
512263
772526
1469597
986313
1580020
96578
1476979
1252890
891947
475140
1176458
1154359
1158839
1842168
574474
853267
329087
388579
938630
611479
1457719
1063306
320949
336605
1279238
622981
1557278
405329
1060766
1281292
521622
877008
682421
693197
915636
1372191
995596
767976
919934
235656
778270
457976
940205
454160
724239
521206
702379
440014
406397
673612
897748
553397
689432
1073326
770096
855609
1305428
1086955
450287
752814
1386235
918219
1027841
626161
867360
236584
538857
847997
589544
1113968
762294
1577716
945671
1157448
1168509
604788
902818
402088
994624
578926
729275
1916528
1431928
828100
648833
154435
367527
1273599
939211
489743
1268793
1069267
1543671
749111
475110
637825
1389504
787824
478356
961236
248252
1073972
1230872
1280989
758733
1564440
710253
281078
730664
930208
678254
1165208
772419
1716537
745143
951583
781536
440262
869594
1400667
359550
1348008
1001579
1252280
858401
1106662
1105450
605669
2378246
1080394
1366838
1157985
1412363
1018187
944991
1131478
220410
448978
146386
579585
428980
767174
288790
899076
1914036
643891
688902
604769
891709
945878
1239890
760465
1328652
1237747
562103
660817
1409782
1130833
288380
1038192
625116
993245
1425787
300075
397034
335700
663347
1252904
948712
286415
539488
1495504
849544
1189015
472952
654230
790060
1012785
909348
773054
1319396
551277
1488622
665923
936231
1549507
727655
903844
763808
497485
1158489
842549
1333785
982593
1217816
661347
886303
1167576
534016
615827
748024
722485
1170113
434109
627287
1032290
580409
788862
768322
522249
494332
983825
926578
2002066
435557
1479018
290078
1006104
1171850
246756
1222553
210324
549026
679220
742135
1194235
942538
965501
184502
1156485
1041286
713483
523155
403269
1152032
890668
1276953
1696586
1066952
2091296
1109883
1167844
1121274
498642
862742
791642
582582
468613
747611
855002
1278989
409108
638404
979642
1453735
511486
1359184
1203698
635781
585699
77788
698656
630781
1195536
1470484
1057137
646892
230969
1405018
1341296
1388186
562804
1309116
762406
291606
1215383
1902541
1204331
760188
567804
1017412
643536
614865
1524604
1018430
466855
183921
595280
659242
546716
894401
1954488
612426
933381
1257702
868078
699846
891393
956289
983474
930153
508080
470116
1256557
654482
692814
930910
1655761
720794
859863
551964
1042153
1035440
931505
900894
942405
1648236
832434
1345579
435704
664110
1108719
728292
1283914
1019340
1036071
451536
466248
1090229
1324243
749026
1758587
785779
733105
1038307
764880
207108
1725082
563188
1081011
1461200
1153426
702949
1014503
494957
661629
1238229
603257
1266207
989157
459637
603228
958726
1192870
651887
420551
287948
813903
1078284
601930
1471614
1344229
624354
1195674
1321678
517030
523906
1202276
1099339
768085
125550
746835
1005597
515472
1209871
658575
1719949
623804
437486
966305
1358135
1209120
834395
923758
509137
1297992
1139974
626012
720390
1162132
423454
661632
618105
1163924
748279
478336
1312360
517727
1334383
661268
664688
1331110
955666
518440
1443518
1039958
1168308
634871
709001
1149472
1291649
1193055
1100729
795973
1052540
349466
1841612
2014004
2091816
252031
718801
1202548
384458
729262
1074303
282843
254820
531041
1213910
780107
614199
1145379
928831
383038
1422024
1340258
561613
1230148
639335
610289
1014315
1750017
790410
1774416
1206017
1069852
1193335
1171811
1168732
1174249
884185
1025503
969331
378723
583906
1035871
697963
715284
1397427
1199961
574258
1132172
914802
760358
1316429
1041101
863021
713267
837578
1314285
908857
953285
433573
490271
1684496
667731
258323
1015135
709599
1526004
1338385
786374
664658
1032819
1361745
971602
525765
232219
549928
423803
734565
1296832
831263
1199930
891845
1337723
963400
448890
957786
1412663
1044707
504593
581686
1534397
912670
489188
606993
2026686
1051990
725464
327522
710994
1115301
266560
527820
1038676
508325
752702
940047
1652971
1067046
1631930
852475
1392941
961304
727967
1186724
838474
992990
1317568
1639279
1750823
183624
870793
1164848
986561
1563601
477599
740480
753512
1232402
1208780
835980
916193
803665
307267
350093
978091
977127
935799
662164
358353
802388
238083
820338
950447
524655
274031
596418
510762
413696
581066
750492
1074685
812505
718043
1319585
1005996
611590
1294032
470723
943148
860704
1318543
664467
355050
435134
1458729
797260
1836008
825530
479263
1357442
1422773
262519
88672
1238075
659031
801360
1064021
320918
291653
1181604
1577043
457717
511754
487503
774638
1006838
420404
384016
1509381
960891
96295
899597
1593894
1003495
633467
760037
360819
1027345
274461
439121
1230946
751846
1328195
393567
1170080
498791
877252
1325624
390073
344083
861333
1360195
553850
1486933
456314
457732
861275
686798
586541
615981
465633
1304937
480527
604525
1141836
1301614
1421760
1334729
648644
1178045
1229479
266972
281971
1196183
943470
667552
1103369
1326041
1330131
1335121
1414481
947040
518180
891563
502883
909349
1476893
1087707
564029
1071813
620462
255719
541209
998853
792283
1919770
658082
790676
863595
821965
1162750
1278920
942293
1277236
1004628
220372
212230
1309538
1268708
260595
958443
1150801
506317
1601039
1227786
1201282
987167
1345847
1378149
711964
1623559
637249
849753
608354
598234
330170
1185978
336155
1614075
1010594
1266814
1503807
609171
1016832
796345
1590200
491236
815405
1072090
1430325
645008
471587
116427
647698
361620
1311142
777370
416375
884033
436662
878056
1016422
635056
1356102
1040655
948063
450306
1123812
1273357
556286
386124
473688
990806
1060116
342760
1142190
659917
1347209
1670880
365803
1212543
151243
1102002
1582056
1450091
508913
1512047
746105
1432162
747378
198098
1084392
1769754
437046
925500
1584227
806523
885086
995412
1159502
497397
1204947
1281133
699915
944217
316487
336952
721542
875600
263809
324679
381952
469588
1580240
1204185
1148827
834535
834214
693933
979524
980486
703921
431415
1266924
695634
681058
489010
1101515
731000
809128
997703
755113
600593
387149
1201035
1163297
489579
289093
1167232
587253
972678
1218275
1749365
1270838
1307712
663626
1038376
685148
605964
1277257
1467983
386094
740118
429858
1160678
414044
870808
1150915
492568
231915
762286
962152
942007
1220684
1219815
915933
894076
621813
1654577
410266
722788
1127507
744205
1242586
1310103
993880
1558713
635209
548190
1430552
1004650
1045738
572586
539826
435598
439992
425073
1287634
1019776
572392
492197
792697
506381
522729
944734
966655
725729
1034888
809052
609319
444822
1002445
1732074
820756
386762
751949
709704
1082192
1310004
1087985
431450
262442
404029
1443464
395188
297776
568801
1233515
790683
363748
688482
524211
735594
1131428
942574
890046
985738
869486
622070
525542
461915
246475
999292
1503910
500019
688029
798702
1187531
1270697
1101771
649285
1005816
451908
717508
746821
1122584
854505
906811
642251
561045
1444752
946814
684398
572430
772266
335521
601100
831933
1760828
1142074
1014670
313634
1294868
447763
1474897
338383
847497
854587
1283278
364287
862168
1198257
941772
951958
926154
364740
730647
1397076
224011
1060904
637512
1029781
1327264
78975
206715
885220
375386
632636
494307
744517
1576141
311288
700587
1087744
861421
1581418
698652
680719
753151
632926
639869
563889
1105699
1300773
1373066
868973
759905
1337409
626264
1492236
881816
1133746
673704
507748
966709
634615
331842
613579
965240
1545865
1130059
543374
263559
766253
1495740
1181897
1218827
610487
1252833
515761
841599
158831
682269
496678
1108842
442389
810118
1156898
893916
1508516
670149
1660949
219392
663529
760795
1486009
887619
1019556
685591
1004343
548875
440708
718114
519754
997159
277234
674822
95739
1845391
1238731
369770
1221130
1244486
372533
852473
1533748
1089327
987863
1005740
1045718
1280751
1336751
753860
289055
550373
570595
300474
732568
1099660
1303228
1195720
671472
335773
620808
880185
1197879
734111
609827
773598
1068652
1160024
314391
355708
621034
518092
1100706
1390358
497122
838537
839588
318137
1139293
928646
333845
807716
923551
510548
1040647
2004802
872502
1087912
588325
700062
720022
419281
980667
999825
931802
898795
1265419
1284206
1493952
1615025
1115657
492232
744914
546291
1285846
478775
1112661
751738
997596
1668111
862674
1790170
430671
695651
502542
550411
1279181
1183954
991881
1179241
775707
619619
1014296
801918
442770
324166
979105
1183563
595148
924347
880121
1451244
1174898
1080311
910738
569384
1176952
828263
403389
1645833
1803960
994671
906873
1451144
1384704
571144
1197067
1073845
512422
1324785
1451079
854311
1688556
490800
866431
1767767
537659
370214
1611116
1956490
745099
534921
309021
1597046
485634
242441
638139
1047005
515782
578973
867594
1127318
545837
821800
405732
891036
661399
831860
565851
962606
576841
986718
923315
1025748
445075
694964
155974
701670
1324577
1055130
666411
553520
1649888
1025648
465159
397735
812811
525075
859488
683926
1459786
736508
1096919
450511
356440
2061530
320585
488803
1085280
1044908
643579
751940
814142
897172
372724
1203891
670435
953785
1000578
874317
1437775
708555
1181790
1212988
733605
891218
1025711
956594
643932
358801
1458480
1014889
619802
715978
1293597
497959
1329970
574290
958818
504644
731712
649326
1296241
902222
1309403
679801
611723
1182438
1417278
620094
849489
1015707
342515
421052
579186
1008723
462416
631099
493763
266859
1003870
2013947
948995
730445
927830
481689
1112668
944905
1379114
663121
1158675
709431
600939
371102
740957
815272
853861
806303
1426767
1030409
389862
755826
983260
244319
464069
402362
2087682
445345
679235
982595
318814
859185
636305
876781
855230
579915
873248
1173926
884579
1217796
694125
976741
1274278
1025601
117285
1863505
1858990
1163069
1081329
651126
457083
368862
520464
895722
793391
426161
518794
558209
72833
713960
234547
842788
1689828
900478
1156614
554096
1652810
538079
1483743
721010
960261
804890
537195
876040
1019760
790230
895726
716170
497448
1579301
1233039
1006883
764513
1141271
1137687
590560
1020118
1413000
1212761
998401
172599
885112
440931
1682212
1363234
1454315
898825
394402
606538
693350
898088
1207863
783171
216954
782668
1234996
1904862
737735
1104290
1441352
1620283
319580
263562
489349
426702
1702881
598321
771976
1010602
427724
960383
1243397
1073192
818112
901680
433078
1096121
1818665
1343593
565763
1629597
1650343
998377
698101
854526
129144
659115
940698
632721
450412
90006
863754
855539
356343
318126
589451
909727
947897
725191
758130
614614
862856
916786
937664
1411452
379782
548169
965459
498341
981532
1168969
268557
660008
769117
1161709
1096843
1166123
195505
296752
660110
827211
513595
421850
935237
832123
498266
648244
1442829
564117
570804
973539
751435
469953
1222785
1779847
229892
251314
478853
434656
415650
955276
1227025
466247
1215425
1222008
440540
434334
1075108
1245861
450986
237590
880276
695249
383752
1205883
1324033
839701
1339346
1191590
834795
759315
1075716
1374089
455827
1073309
450500
1071972
1002945
501780
348020
497353
850743
792406
708166
1080243
1061353
1024536
1120075
459628
718494
1490839
1945183
1358771
596202
1113859
252394
1161007
317107
612653
372483
1380068
946187
414679
763025
853865
463419
1171474
806052
940968
1260848
1125957
321885
636403
427806
991913
1151904
881327
484309
1686239
383699
941477
742322
1028140
338911
804837
1290194
511042
281577
837942
549085
1768078
752265
812216
719136
1083587
794650
599139
383982
1160962
754866
173501
679801
1120923
750398
353915
1357504
1120804
980289
1492892
942393
556858
756907
242644
578141
658902
638384
957282
1009912
1113257
582665
1090458
1377940
301647
1682703
956232
825889
477230
1668851
669578
787782
1611994
1005347
705457
869604
1854036
784194
1426422
468790
1257634
1065340
1418297
932206
797740
735159
330247
897387
909940
509099
1580086
1033994
1202801
1085157
1268812
864632
776140
1011359
722972
853677
1215003
1120077
1246937
850543
427896
1151296
1394087
878543
566649
700619
987654
593286
337197
276609
1311028
454507
1089589
1092510
1496047
1558002
1333516
824756
896992
1182381
1202280
873683
866668
537298
394533
994775
561531
638299
647625
819994
1202181
1223361
662491
1110789
624068
851538
1204419
826113
591625
1097221
713323
2266734
1108398
875124
114258
1203963
415722
405007
866524
609985
123606
603038
1675887
546861
934612
1144352
137661
121879
856969
640041
335228
944918
1131339
763380
1911869
1085132
862142
870339
729887
924469
817920
1555174
312285
718228
486280
863934
523440
643561
1727200
352300
60946
1689200
554681
1145863
660109
1565933
1075823
1110560
515025
347369
852679
1769834
1339371
1067649
226951
944185
819699
713145
1067363
1239327
627062
541898
1252769
646558
1276025
991745
1480788
1427273
828668
805341
658116
741765
337403
784611
500347
511234
1500393
1118368
1043371
515029
887666
1078776
1477105
742010
874000
666849
711367
2187327
1391571
943391
570323
736794
1000801
1300455
1008984
704633
315006
656693
1005200
225542
792853
1058156
681752
1060326
529101
990529
1610410
417600
1523445
1599139
973535
1100077
874485
1151420
927473
499744
456664
570990
585301
865746
1411379
1715624
435314
767157
823304
1152120
810753
520901
645374
714877
1086641
967494
1336156
767858
577001
964510
1062584
1568484
538199
736964
749741
649149
864807
1373761
506926
1227966
628429
283234
869623
1201464
511573
436589
1399726
1278615
1114396
899588
1033018
1166587
914657
583945
1100096
977527
1442991
630340
2299309
1234738
1000465
690827
766657
193615
538287
1243680
781764
1000593
864680
825942
1119961
1159528
1126378
1309164
466602
399178
1105956
574152
459590
1482692
357098
547525
395433
1289295
1173495
1233380
355338
594861
1156762
309025
1100319
1135244
597120
1149286
848432
829220
1797803
1028302
974552
1396030
654146
626957
464937
939854
400686
879173
831981
822139
1026461
908726
1256847
1001620
776949
791104
1174950
1251890
1327690
1170111
853881
591620
730446
658867
885982
612799
383866
1395024
1572808
869884
1383435
683541
1126606
399508
552709
1874845
975341
689855
1385092
1526855
1234481
504854
750274
597152
649946
1111027
2210104
1016185
1526095
993779
1059253
1061856
1128397
1367853
663015
1544200
1279754
781111
680515
1119872
754732
1216596
451188
812544
218889
613590
1103634
1025258
1620389
1534155
889236
174506
923908
802612
2122228
1767395
421678
459953
474099
618269
1162484
543561
432474
581730
1235849
1039608
1012852
1451994
854516
274823
592373
461984
814756
811581
994427
1149761
789813
361318
1252973
1566541
991572
392401
483412
660065
1168646
1078810
858657
902276
874454
943026
457452
859879
698048
712162
985518
723514
779232
1039764
1055931
330276
648194
573880
771046
1323324
303178
1013888
1000753
622652
1488784
783411
1090882
398925
834021
1027743
443510
999462
410452
1842795
725456
878929
1242060
1279488
949092
436852
487057
822958
609923
1002563
381467
451655
871443
325813
615209
452958
1407633
568665
838133
789097
821918
1237956
949894
1160320
467107
888245
604575
1015228
887471
1250540
645232
1022558
559924
430192
473170
1190173
352761
1196344
1132197
1066244
925950
722570
497994
1469699
753932
616584
1062632
493252
985810
1095337
1134205
206371
666649
1398405
811101
414188
355038
1627643
1345557
656715
793347
305760
1311103
1147250
595358
1629679
523965
888712
1007268
424401
1089942
870284
705708
399850
667542
1304693
583562
1519321
450612
496823
720781
614912
1264205
811197
479226
1732233
792400
836052
551740
1027750
337608
1036400
646657
1010734
742574
936900
600552
949186
941788
1323364
646190
725075
981336
987999
1050238
1185307
873294
827482
1091925
212404
532975
893689
1277871
1489392
551391
446698
293623
893690
439794
1258876
1243575
195484
908920
304133
548334
1111366
929252
169091
1358135
810214
868172
541343
1872340
614479
1914344
715972
1193270
475667
815782
659882
1283002
1090686
1112327
1279742
365020
836805
593990
1684026
1175161
972817
942183
154816
602387
578259
1245891
1142400
628731
1240454
557850
471831
1120973
1720979
559739
1228762
648162
524338
905347
700750
1169808
696950
1043613
1138760
978477
461677
1169238
870394
394788
1372320
994381
1136427
617694
592354
1401959
619851
1020708
1701412
747219
1256893
777708
373506
1087701
1036489
381321
922532
1191121
835576
1609207
441928
832741
1701039
1605402
1500640
1354378
246324
545859
1647414
1361103
1130046
582461
1325677
587102
522479
1297039
1270184
736351
952236
859553
1164699
1173333
709358
726894
1353774
588262
426991
432235
939400
368378
1003899
1402598
818033
1644928
1053930
772707
1242252
1411287
443706
1126429
336247
244860
404071
1022099
1134940
1732117
1384118
669625
985587
862342
783541
961398
766170
1207675
1352729
1154947
406823
616462
556599
824049
1698484
272004
898479
938114
789474
704165
869756
1307151
1026952
1345205
144565
706778
723332
317954
913958
999180
183898
260485
1058920
1522671
1625084
1188287
810814
1478438
1163656
1888466
464599
1402868
920966
703221
212397
1129357
1378063
197445
360490
769582
1205952
1300971
887231
431826
978783
533735
1108613
714963
834790
1052922
1794135
548997
345079
688319
1101254
1569285
1074157
1064520
885019
314573
814729
361899
512676
1190769
718255
603130
1109321
1690994
783444
705111
832831
1125004
656642
903000
1145456
1087721
437231
420638
818216
647820
1340522
1079976
1145471
719137
1014995
1229670
576881
1503495
501054
367739
620281
449553
664344
777821
1169753
189506
339954
962231
1307889
133031
743654
644580
1103578
1212031
997987
1110133
1012630
1046042
431608
500072
878852
1104443
855918
95660
1265788
874036
1301831
1138058
1312883
1725455
1132534
702230
580803
686284
692670
1359942
342047
497453
181652
705072
957825
1021622
846808
1483570
284151
864874
571017
372192
939625
171757
593670
1247246
409847
320093
221959
1621403
436435
1831150
870346
584153
528630
1192867
1039710
441892
464349
524262
348863
485616
652846
1093618
1363984
1123522
1037589
661080
484561
902766
1114674
537126
1498626
854139
837909
480738
717756
955551
553561
633050
1270814
827876
1693970
633775
1577272
891386
880368
1078297
575130
1103766
717993
1227809
1346575
569708
747618
896957
711705
619335
619887
985640
703420
758946
649535
713144
715625
1238990
535780
780238
311830
1792278
477049
435322
367320
195310
408011
500972
1100194
1141498
1282924
1339561
965264
841080
751915
798147
1821061
574518
1637134
1096472
1244603
316647
1047715
1007386
1673145
1216560
1173324
778196
662309
484195
597316
883758
346089
957529
1115958
452580
1013630
1219114
977759
1198110
756910
763974
1260746
382369
1237965
508860
1464201
278714
980362
415807
1374036
233735
931862
1100982
850236
1668037
653242
1328063
488693
538352
1201682
755455
1529944
608357
742962
1369920
1310079
398053
1022649
1016853
1252890
805320
1160695
795129
2200641
929741
1042457
320141
846475
1270156
921506
824533
355070
252176
392650
1265352
298278
879407
1184326
1356918
1741229
945166
949806
879974
540796
444542
775258
741321
1320766
194849
579786
1004156
296598
1498935
659736
1337695
1349645
1027031
201052
644190
611022
977240
1006218
1165610
754159
1083045
350969
764393
1007309
931847
1009065
504313
532924
1518191
648534
205183
1010326
595451
1130944
930463
1311818
839724
1414306
881479
703148
276759
821578
1075251
1116326
699019
534549
213513
239352
1185390
733422
859671
1088511
552511
620251
72396
1091868
332229
422172
259543
553218
232994
566286
476845
1149860
951210
1067836
416629
701042
949642
739813
700126
733727
1465060
1471304
1418138
569779
1245695
795544
1084727
1477870
109436
429066
1188793
590337
464247
1408117
834176
576121
517428
286611
1560774
1260705
615498
372745
592481
691758
1004782
820158
652368
652152
1210391
896688
814361
424336
625180
1364119
583035
546410
876723
1302980
617741
582784
977804
363779
699638
486879
980831
619240
1685419
1029310
667343
1124065
860863
349586
772715
925027
655697
374667
1092299
423457
1473319
668537
657658
780162
778496
512278
1542619
601172
1360366
577183
1289802
1893812
494496
803004
1145862
476457
731187
785353
1409913
1038296
934373
819374
874138
728485
994362
534835
557248
328257
1125237
930284
716768
383536
718967
1030981
1069705
837708
1089824
426912
1067960
851651
547790
264756
1229880
539828
802349
337675
912605
1367566
575246
1078764
486102
584442
882679
1599695
1163053
452998
1132143
623229
1174436
965855
750949
822355
1017866
842515
874126
910349
744610
1544537
1646310
900969
420071
1082601
581373
241316
1503332
789220
1165250
1577258
333685
987355
904392
1031876
1113702
948385
1103696
1554432
1204262
618620
798570
422154
560183
876592
729420
311544
1181255
486603
239304
1406587
1113616
1666973
820571
1113252
413339
558604
368735
975516
518951
622684
753865
861038
306096
1039094
880885
283867
350960
447810
1044100
598254
104791
1273643
765926
1820688
315230
838057
577785
636204
1221063
1154582
960142
1868684
635612
490545
1173600
167954
1099134
1620957
1003089
864661
740296
1422635
951986
1719631
623319
897373
501262
795691
755172
1991748
592969
678528
262796
670485
1371973
664662
832718
1146442
341074
1105918
520027
843117
647674
331469
983493
1119893
1312706
924401
791871
1161292
936065
528479
1122265
1137774
722591
1603408
894117
1505088
1925489
423643
1078850
297012
736889
484124
778068
148713
1355694
1100899
733077
1205340
647041
779361
680143
1156189
1010631
800524
558819
328840
494889
824663
1394304
556976
619930
158837
267963
2105621
946566
479055
343170
521422
879860
824810
584101
1066826
709998
946335
895921
888286
855195
687465
508043
939783
1248360
504038
837785
697883
655151
865472
811891
1455097
928854
330086
602949
1386117
1148600
364209
911863
732095
409259
743968
521978
1298478
300140
577132
1199114
922658
717712
910943
1524469
999938
1278068
1082617
346966
673801
1061331
868422
845159
701710
884498
517976
425680
1157118
1228559
477411
1287234
112184
1338515
1452611
501362
1298160
812479
632432
791048
1592376
1010963
1041146
616449
218881
673338
965849
1666688
754903
618837
348478
1000898
849390
1110847
686764
694043
670586
792560
1123240
1510147
900536
1774780
526119
108095
781371
1165919
1297397
691688
1173056
866371
1237711
1241812
644236
1047044
308500
1099526
1254279
1259745
1872078
706745
609119
1156697
1048941
1231130
772669
1510027
1018345
1241108
1040608
1243587
627570
1077103
996841
166065
818039
695487
376788
1071415
823290
984733
1504967
1148365
436267
632195
1288536
990394
1361468
299298
596022
1645540
652405
285950
1064699
457047
629218
1361731
1113270
621583
830760
578967
609578
728595
538248
1152644
559314
838270
430764
1056375
557325
1143917
549083
576418
477406
571253
1395499
933971
683398
536943
1662567
301029
713054
987819
1458153
958235
803947
1246380
988572
406285
911275
1626556
691863
217334
1503825
856249
891428
540199
1357181
1008764
430612
591407
849551
1185604
1063302
997275
1458245
749309
2459977
1035683
486247
662667
403291
684360
1362058
1005615
434238
1509104
1615026
648818
1123853
1343891
1367191
1364505
925179
629499
979237
835704
860204
927234
828700
968006
473584
1196377
671492
432773
1029599
858087
249873
1059549
1061478
1327401
1071566
652905
753374
946386
1563522
361770
600812
813303
630893
709482
212146
844094
1175122
1622609
578232
651429
677034
629341
643074
1061421
631361
920255
350057
940522
842636
1452225
958910
522977
579109
794770
1468243
1178617
1378979
86010
1450812
419014
562330
675958
453717
1383361
875179
1135154
1041927
697586
1464638
704880
1099497
1052181
873846
308890
544108
1122889
566804
150062
989736
386278
489263
394179
883656
569618
1154711
677112
1013195
270760
745303
1682833
510921
1021454
689544
1167675
843130
438433
1176757
1188455
436557
1077131
787616
1608444
667212
743046
465016
832884
1219902
1004981
1247658
240465
89673
785533
1173383
1539279
349729
853181
599431
707473
938944
877792
1570929
775306
505091
393310
1303698
712991
1210894
666788
1796764
779332
648937
1472359
731369
823664
582973
1063740
577958
1154292
843977
1264398
1074472
353203
683709
419068
1413987
1008957
268557
1078573
1328078
938666
617802
860779
690347
760378
1030852
578381
2023313
985896
526535
696110
536567
812507
569478
707689
369354
1141076
294121
583602
407913
314702
1809600
1219332
612248
859165
843276
1238167
1016063
429424
793990
566196
487803
860978
658371
732821
349059
760524
1220809
1723152
382440
1012599
845306
1021071
341487
945965
1371953
556837
1206228
1576530
704957
337131
1236348
891515
1176970
155228
762558
1230084
538727
567182
549284
772478
1006831
866322
1166966
1468564
1389510
1503239
953663
695721
451283
754924
918973
975103
723438
725543
1099795
1631546
300770
979790
1460463
1600882
943413
778560
599290
794458
1143480
501645
854355
1339546
258327
590077
691025
616823
1563157
950157
1300212
558329
790205
654305
1569668
1136441
996480
716294
1508027
1545752
476295
27941
296916
928703
1568031
858131
626575
914417
498236
439182
1268096
348394
710778
980567
631868
516158
1144951
791579
596324
440817
612637
732950
566237
840765
753372
484159
1232992
658643
1329222
1458838
700582
400150
704282
675275
932585
839283
1258516
639796
1617360
754034
708841
1099886
1506916
1722477
1162596
1513465
1405995
731911
1486837
600944
984749
1390571
796430
844918
862023
451911
937967
13938
364124
1505789
783972
397442
629371
951802
709801
366272
1101901
1002966
529756
648454
1320665
914634
1256491
1400573
1207155
1787737
693799
1792266
253045
958389
688061
1267699
492134
1052201
506237
406586
614465
1342029
1487186
1443596
438189
677900
343891
1771033
1078742
829968
1614512
1337702
1166902
736327
104745
349291
181613
1208097
298835
786712
459124
745752
1028570
540027
1215236
584839
639292
289522
548465
1212323
660604
1083817
369352
784022
1409183
1266606
1088870
526446
886359
565916
545383
1432443
156341
619063
1283217
1752704
661464
940421
1126996
1157097
1642088
1494789
820184
795900
678314
570874
1292873
1505881
1877870
777402
1092006
885419
1699982
364824
1186225
354496
245833
650491
525229
1232173
868240
1089489
727654
528707
187807
1069856
404518
1146851
856876
815368
203294
1009734
1582049
928884
757233
815317
320409
1058609
671473
1605762
620784
603338
1407383
676497
353829
826035
505403
758104
458044
1380056
758618
379101
1238065
798971
1004499
719187
702882
580700
1164449
1676677
280442
700391
647588
579253
1095421
1738888
349472
1064944
830687
882624
608030
366139
639129
1290291
925035
789471
532639
1379397
782157
449204
1287856
1189575
966102
701341
979977
950729
1533171
719666
1007798
898995
497746
1415214
331633
1017470
1360329
356725
1392268
976204
1262853
1798039
1205909
141135
627005
280821
1199884
986533
875332
1655924
493909
1120577
1403955
1048187
1251676
435151
1319810
328147
1255092
1635893
722241
782920
699099
1516063
1209203
909302
553674
1544541
775163
1504305
1121874
861366
1593024
1087984
1870457
1872147
1495852
1104278
567659
245978
220434
1075283
1112655
1367547
627776
1316277
1193798
268292
613332
639388
589205
336242
854565
1153353
1916073
588155
309636
1545755
991935
1040116
1054451
830297
830892
888299
756841
643255
839984
568793
657902
2148457
640232
459076
963007
750104
1476979
803285
1184436
903074
420948
1008640
765050
861658
1070114
542169
1083257
1471214
1203340
705011
1398758
458392
1682515
1500761
579278
1313639
324299
540142
535168
1271248
869390
540271
252531
677898
1402582
1944523
634656
525965
476407
478910
293136
1300746
946350
724127
886258
1070213
1179609
725991
1798060
822519
713063
384036
613647
980278
1128378
440657
1116971
394287
1113209
483431
870558
1004648
901335
1241924
650406
971717
962270
981319
943815
1397361
1096565
1025736
481148
1043457
715175
1466247
564371
554325
961718
996476
519367
846684
673286
596126
845874
384313
526457
888406
456444
574978
1278113
290364
1910240
494641
395449
540571
983944
1267085
1170604
1150344
889772
1109250
78245
994709
364875
1608380
1062508
846632
226553
908914
644975
1532085
1112041
953663
618801
235762
729468
1701534
1274464
758717
250176
1458652
709340
381295
1303805
1038602
418562
672855
1154042
809535
943410
1441879
1206714
1591487
495116
1261061
325746
803989
841944
1187467
976684
1141349
927399
1635339
1285287
917447
385926
960465
341397
217753
930622
287901
1384742
996267
580376
1280203
1366953
433016
905536
1307264
530878
992679
868937
1034618
707983
1724079
1251835
1091977
1113828
568285
274197
1059753
689977
250314
458396
1014701
857238
760289
936957
467446
1299994
785429
1163122
654787
406350
811597
568923
326851
1658628
783108
1248933
435678
811946
524410
1557504
1379443
408337
214974
1224020
366476
385086
703373
1585176
427618
1844799
1794909
1131274
679955
296952
691255
688013
1652992
1456967
429552
760629
281295
1336907
740232
679173
1213449
470534
1187106
1384823
1906526
488293
857633
1007420
54298
696289
1135536
718149
1439356
328319
1259672
1152807
607309
1121270
285856
697921
1150160
1053898
1204575
462398
669609
1879576
812447
730932
1592859
1054176
603274
273981
342095
991763
756170
963388
463471
782652
753579
2155294
967376
1570673
700614
598521
1169461
1308326
504608
1229495
586191
1204886
256705
440877
1909167
1121193
1016781
895003
990986
906722
832639
1040686
843124
1749613
1564669
1057706
333848
1826575
792380
1789146
360412
339319
626127
721567
672673
1060760
733422
1124669
311819
468763
1196184
1461820
464252
957807
959206
470225
1102268
623997
1402918
1006916
561959
913612
1781530
843050
1518351
436468
1219830
805465
908477
1467775
829995
594933
2049465
851899
345725
1396228
878469
1051890
1999854
1401460
750112
1129459
413008
540087
450217
1080673
692765
1180497
1236952
981717
1196037
232934
632000
1397676
1252853
1154517
1302511
692019
1112284
688511
906234
834332
1385019
1286284
764896
1648422
342045
449918
243662
475545
980989
1275257
233384
1733486
1383665
1278073
1252910
1154536
592940
651686
869778
932940
318625
511941
828398
1484962
853890
586097
1104503
654932
447695
582899
1049671
1315255
972334
768366
911434
1430937
513898
611087
840742
1191163
352799
1359069
537058
506228
562461
837456
1370337
675464
1683276
1080202
535522
484502
1514116
1010837
619918
738452
687145
620467
698509
1626529
727446
510558
660739
551217
1317011
957516
1379110
268833
1514201
1321780
536441
551673
1071404
1188787
462380
446682
1012290
1604362
931949
764029
480185
790903
1018948
864155
438985
456042
355173
565515
1139092
1349316
1088841
409201
998972
1204259
990301
1085040
486864
787452
916569
419187
637073
1642335
1151419
736996
173883
622938
826915
1087627
856556
967769
1387843
723406
122215
883258
633637
1075199
531367
1137058
1149917
391388
1221054
1021890
517727
781944
1289375
865826
678663
672960
488303
637832
986824
100570
704422
675650
687779
240970
849964
35875
1134421
1237452
526399
795176
1336991
1117425
549067
1526765
1153010
953725
423696
724172
907212
1107958
2298701
1286514
583409
686603
847664
672208
488427
838478
1156467
1385910
1003463
634915
516791
556806
1189688
1062719
1377701
758990
1226697
553319
955131
1232230
531153
674763
1503356
1772189
786919
493460
434691
885665
412125
1720021
1339300
483921
483907
478402
404678
915666
724516
700314
1586236
1267594
975222
140182
631379
1005862
348399
1153455
29256
1091376
1101304
531984
1728981
1075275
926832
1450422
653268
1064469
625227
1034812
1142262
614663
1034315
1047814
641007
1545998
769458
1411513
401761
463932
298486
1128341
981712
1354352
1117357
400539
697213
459226
722650
477319
907798
1171737
1694660
1653255
1096582
998847
960093
549386
1166125
734554
1089658
722948
631033
555027
1792305
384808
1215482
519699
553410
1389163
509850
672440
1122620
522636
428537
1134548
1758922
1421201
1955117
561473
680955
422203
946572
527077
1165150
1123263
1104090
510169
1102742
1235525
534270
841676
1033735
844554
745321
776137
897806
603295
1310467
652738
985892
1390206
581718
1654893
693508
1061520
1246305
537614
235849
1813769
1596083
894133
844682
568321
658361
603303
334736
1471515
881906
1258744
318530
1110814
1166870
522877
308592
532931
1845263
1346187
296671
1419852
1259808
629619
1454565
709944
750371
1634899
616197
1426629
1337738
750024
1760897
732003
1164050
935020
1302970
858730
578269
827079
828559
757978
472879
537487
531847
1398141
626319
938833
874834
712848
1014657
643174
1428954
1184814
1020496
1070407
1013257
651944
822252
1203314
1855430
568795
1143410
527122
1300516
544541
552571
928050
1610141
843450
680491
767024
852023
890611
1206217
1646908
410435
152820
831597
1112543
457155
839499
271297
798412
570381
329591
1278243
272840
736349
1205958
508026
463771
554273
1898170
409578
449924
705315
198080
777557
302182
486748
852220
399135
1300669
565767
851389
718884
639722
664974
670407
967274
647735
408747
135227
1062381
974985
1003752
1534483
764146
1547533
1012815
498905
521350
839861
1039489
797739
538016
661685
739639
856233
773973
308007
383945
763338
1141884
927541
851974
733017
848059
552812
860077
729042
731862
854018
1459785
1062291
981276
1185626
973142
1194286
480542
517417
1254059
1000667
1670102
1060995
963718
1399532
1985274
1216714
1180072
411854
771452
351479
814450
959764
1024651
421231
1000416
462758
1501875
442001
633810
763916
1705616
789376
647484
243183
679861
819206
1002422
923929
1276407
957686
1182957
1858784
401853
1209332
432215
626944
1123537
1303583
450949
986417
760330
969491
587262
647094
883652
979626
445056
532486
1614560
389143
461504
611416
913395
553499
1168290
1086737
97263
483046
1385100
1153923
490623
1359292
523715
590963
409665
339562
672550
785507
644243
809215
896404
1661896
1354268
588031
810859
1455862
1398715
965960
1905607
985518
939504
869748
1201764
1196031
1906196
1012054
991080
1183124
1062175
534781
447781
999663
769252
1248902
1354948
340549
1774769
909219
407254
1159756
726439
643501
890565
1473916
582083
1192425
743308
1450197
1070866
631460
705200
714625
1029085
1276864
506090
272183
959641
839844
625272
788480
686249
445096
1024942
1244531
1335976
835410
971472
912361
1228247
715523
770257
990983
1321598
779939
863185
1158540
536625
448287
498716
1617299
922741
723326
1245756
610491
600741
823340
1157374
739140
1079158
237963
1044806
763541
638256
1250380
1185088
811350
1195995
394343
584448
912645
180441
305906
1326390
701108
921494
1391799
1230837
1062011
773398
847982
1069427
620352
893370
934169
664581
531929
661418
384072
1125850
838164
505088
882318
548186
959262
186408
918163
701859
598482
900778
813978
878879
953884
1058355
1162896
755929
619364
688439
1112731
982306
689981
567557
442761
905187
229451
323630
1140664
582163
443237
516685
867450
500944
990521
247431
986047
512413
1121684
825746
1064348
410522
759750
1260990
714670
564615
1492849
525463
1257465
793178
180841
1453200
582444
1691136
775677
1072229
377307
1129022
127856
942512
1192002
483071
1573635
339973
1076156
888733
322283
547850
1104095
919842
315431
1151957
612894
1152682
1300370
340486
1120593
417899
535462
506662
1142246
411481
538596
701308
904866
706383
1209185
572493
957767
548328
993285
331145
1572937
1212386
952035
362025
807749
1002539
1105531
1332410
293710
1071143
655566
411538
1143011
263247
519445
488047
618500
1013762
654036
761265
577391
790963
738671
421612
1441710
1141682
322120
1359749
488723
580135
964358
1570953
1027271
1501717
840570
470937
1420007
827599
425651
873627
600351
473923
1196431
619287
1131398
844546
666887
1077600
1044704
661930
988078
772014
459591
69845
1200634
839434
700671
697225
804659
547286
599512
408578
1398987
1077864
1006685
350782
1399176
910512
1432964
750888
747003
611733
325766
534324
1035241
1273350
133187
610554
630013
1146857
1401675
619692
1255938
891585
1248469
1127205
897898
523223
725839
946780
825575
1284798
471601
1425382
1067791
1330060
1363631
1554072
1334773
407595
1329881
983691
1293130
1467998
851300
584515
234253
1093131
540206
885829
600959
1369523
770540
460606
647586
1012642
881095
1208559
747444
1634295
784572
587551
1210948
496529
796205
678211
521118
525820
847637
787113
689433
653453
1371643
1352177
743875
1382121
1375538
415914
474594
1264140
372753
1164268
594197
384219
1130713
987671
621925
726709
97714
635662
1066165
797018
812739
441359
1686251
934259
321176
528335
828345
1468330
1305942
1438839
562609
1100953
868581
1165624
1197614
263183
530846
1096932
1509830
1145494
965278
635507
1553101
594302
710987
485897
1025925
646092
1411428
577306
1338498
1381977
1903653
513657
1273777
1286149
584026
1002435
1219360
755181
487531
1299586
833561
707665
1219768
614432
454520
962721
1017860
1400387
1004299
458940
574443
1061419
713919
1163644
1302461
660477
900245
1870352
1437718
527302
365687
454264
1219558
1157948
1498879
867415
552192
902683
1374451
922836
402460
1429537
937521
902733
544011
997615
883320
789557
1021012
624635
1134466
1655869
692936
386482
314809
571500
1045927
1321437
646741
864614
1757619
581256
356741
831944
614851
820777
1354197
750210
969418
645911
461440
1145315
921212
515099
1115520
908278
1140862
1462033
1097720
1070826
804553
685322
897567
560179
449895
756005
462792
838470
523117
271247
747523
984513
1763358
466832
1066985
392499
1459389
1692944
960182
1003904
512777
755700
1686564
793355
1210604
988732
1219843
1189089
476253
1157049
765955
886902
576043
1312306
1084815
427746
420638
937691
927821
1166062
1101105
716485
1111491
1296938
490403
638174
1055546
889275
578158
500589
939337
1037873
1353778
484383
319275
1003477
550859
1091795
455605
959589
