1714005
815749
364570
1442595
739792
1451105
1701087
845688
1278149
1249980
1347315
939955
2037064
923681
1910149
847728
1190679
792768
1141258
220474
1272880
188982
1575264
917878
1124686
653586
2029019
1964495
978030
1205857
1867566
1246834
1394359
766643
859043
1433691
542569
930922
1234349
908213
1099790
1072106
1012980
1286560
1253003
1851982
947770
1833144
1166846
560285
865344
1098106
1117991
1131462
1488448
1104119
1064264
534524
640626
798179
1797222
389367
997691
1545908
1412242
1833005
873489
2708941
990963
1656374
888989
2062655
2236411
1235582
1623866
1663197
810047
430203
1006328
1444983
1601058
1032205
686730
1009436
951760
1246564
1370188
2017066
547349
34424
765658
1555576
1378814
990439
1655440
976253
1351640
251672
816502
1063921
1707333
1124440
1296204
1085172
1609251
1503681
1907238
1683651
1521823
881054
1813237
1044080
1043422
1695941
786718
1684350
1139112
630474
1367333
1889912
1060598
594469
1074793
641500
1583471
2046133
1780016
612481
505329
1206370
1612820
614228
480387
1109972
945193
824109
1789084
863622
264492
1145487
1516939
757274
570553
834542
485499
1894229
595643
658064
913953
389574
804629
402726
1588703
936847
984706
953450
1497495
581625
1018251
247673
1155903
879404
1149218
635900
1194684
1877463
638682
1575608
813580
512383
1348895
643303
833503
1536075
603072
1910135
673729
706229
998232
1577456
683027
1506333
1895791
1159339
754713
1624652
1044792
226364
1528968
1383434
410061
1071317
1949348
688090
978138
1711089
1025255
1369161
702563
1285937
610672
550120
1255375
769002
1038375
1397134
718883
1458889
1889086
1354718
1395350
1411801
1297905
2224092
1254210
1359355
1755355
816059
1053524
878130
1587306
1792260
2108295
1817475
1002611
966307
777364
1106160
1050524
1367793
1270283
830198
700460
1099397
774451
431310
1725588
660092
339874
1539883
1039614
2457298
1152637
344516
898067
539758
1242576
1633183
522824
951335
942142
1189674
1056859
2418777
1154036
1224396
1551156
973766
1617282
2007151
771901
1748201
274908
824420
780707
423321
1393096
379222
955863
1227852
1242820
328297
934048
1065470
1396613
951795
955775
949123
720471
1557612
1118582
781179
1340588
582252
213210
1740267
1249277
510685
850049
732021
1828834
1120103
373443
1270755
1665488
463357
1022065
680743
1600410
273021
2191646
1312531
834197
1079470
843785
1568585
215903
1011690
615708
1273904
892006
148165
1256123
1389663
1353655
1385091
1209916
1009358
1587702
1279183
1008556
503968
794198
640134
894685
1508960
1325426
881339
747399
1415182
270477
1335753
291859
1361289
1087214
1287306
764763
1473145
430240
1003920
589073
1558307
998873
1518269
276809
1712917
978081
929023
1339949
1298469
132330
1051086
1355198
935319
213527
1458884
892520
203375
644568
1346897
1190186
963126
1836448
928503
336499
1588174
879195
560511
1435331
1380731
677050
1276905
1189906
1596112
1210768
1949126
241549
963073
403334
901767
1247079
953536
1098928
963044
668551
896220
1341997
659683
1542661
866500
890276
1598512
1308614
450939
1015853
850050
967127
1850669
693275
1246743
926567
1411251
342307
1002717
430166
1332659
1002538
1300102
647150
1058263
1264759
1989438
1232813
619549
1320181
162176
771342
1846403
384529
687026
810108
1081464
1100584
714834
1128735
1301264
903465
549344
429420
1055130
1105631
2008245
206689
558397
1115996
1542984
1945255
1397594
789411
923726
724313
1110503
1128631
488403
1642964
1296246
463443
379577
1054724
672592
1183634
580240
1178877
684109
1615292
1386599
1344136
1362549
471005
877238
926712
1230449
1318352
1396281
530167
1167529
1119414
1363107
924431
414781
1232465
736206
988909
1379088
192466
1349702
982450
552574
698291
1091305
1136485
1037639
1199547
809091
645692
1399497
375583
279795
1444482
1368049
329539
1045910
524433
1516541
941074
1166315
1578664
1261184
1507564
878333
905994
311608
632389
365193
1098539
851139
1459388
692080
755253
924269
1170203
1582726
888378
1005866
625755
1832840
667922
1181310
680815
1147811
1786488
1330254
1527961
1119936
590648
2439382
1464466
1560424
1111035
704001
1281331
929835
816771
612686
1855689
1333168
990385
839185
1470934
633438
2177416
477231
1743020
1508322
1537641
820894
1318862
1234404
1718241
548495
914112
1491968
939125
832604
1319878
1076054
1564035
774771
1564361
1415023
832806
1550493
183292
1476928
1234241
1778849
960058
1439625
772860
770258
1463999
1025708
1723351
584512
1424975
1267637
1319841
676723
1533905
926506
708349
1177559
869346
1331500
1160150
1608028
716075
1515629
1203258
420893
614953
1219139
599536
916959
505905
239227
1519382
548615
1772505
382695
1325049
1240823
519742
966716
1446987
145492
969396
2363040
1597904
373492
907286
1044579
1140027
1481817
677611
1559571
783187
1182928
233917
805256
1000501
621323
1537022
1199620
1475432
841747
1469695
945360
1473511
524325
1235678
855535
366582
449028
1320574
356103
1462691
888529
590720
923579
1279565
942972
887905
1130839
807995
1583035
616533
889715
1010760
1119875
1241049
1182654
1642007
935481
1044650
1491212
1982612
1407484
83653
725448
1265396
1216063
1384710
843594
638633
1504469
940964
1746217
1449173
1412750
1244716
1893655
345547
2242606
826225
1457742
1788363
801200
564973
1216326
968037
37860
805178
713891
1159242
975735
556557
408832
870216
1661364
1010564
772005
625047
887237
703199
1204288
789108
1143437
686266
1559323
444128
1098493
1510781
1527396
1619385
1535454
875521
793838
698845
115427
531553
428546
698499
1152149
779851
1099787
563005
1509999
389890
452546
948540
2269632
606072
912650
1818300
1005886
1595716
1256087
1391601
515898
1297094
844353
2621856
1219918
1535043
1187136
380972
1619154
2047749
1536233
1619928
816972
650166
878197
863473
1586820
959531
1076063
645287
905828
1534901
914253
1243845
574241
281007
1404836
1051099
759632
772910
815931
723347
1276611
1261961
1455193
1343706
1481056
1134404
528780
1370261
1581983
190043
885710
2015301
905024
980933
798502
640949
862141
526129
1477032
235559
1207213
338108
904509
664376
2136189
559492
142929
891734
1073946
1594723
826847
993567
590038
1212488
537171
968882
777117
1263241
381347
1691749
1165114
1502393
582793
1517831
967812
2201670
1630692
996901
839791
1555973
754718
1065067
1286537
2067857
771729
1468450
1093050
851409
933891
1651036
1383637
530345
1562729
675874
1013889
1351753
835420
1203720
573858
1257658
2079073
537632
1537987
1499532
439668
661125
434761
517352
1879371
1720903
1141468
286645
1453160
1246350
1174101
255400
639246
1236951
1217262
1298173
1307941
1097031
1228418
1084061
305753
1016240
1158829
918200
759190
877383
731367
1447494
1034139
199086
2317399
186320
1275095
1625967
785441
1210783
1185745
628306
614907
1556873
367143
1094360
2147363
811680
786651
733797
926221
731299
899085
1280456
796714
1346874
1447664
900960
705434
1433278
1594974
1176792
1120876
669676
338488
1156206
1157062
2066733
887814
1263844
597459
733771
1102728
586543
201889
1214272
1719974
968793
2642654
649648
1559642
779141
669756
934721
650492
738931
461860
1177863
1224050
863359
1625703
1741109
1003067
1186226
1350252
740558
960378
838028
1217747
1371715
1463503
2061188
934351
1575655
972285
1406159
1117098
1043007
1066925
1447836
953921
1724470
1061829
616454
1311633
1441461
1224218
960320
1742046
1309326
385551
1340787
1421833
464227
898992
1524516
917420
898681
1012234
1189015
693488
2109590
861584
892832
828582
1043876
642858
386589
1311328
461293
871249
1181740
933807
1230340
1369367
882920
1032254
589450
1016366
1220997
711894
926548
1298431
799530
1475230
719378
1338994
864263
1237513
1546322
856217
714543
1096101
447698
1378075
1272240
838491
1634784
527242
502319
1597882
1638857
1144755
1758949
313008
822069
1384233
770547
953632
906634
1163091
466116
909236
1756602
763686
1647976
965983
595168
367266
616219
798114
1593540
1846492
184477
750187
797535
793815
846807
578399
1283387
1199658
1259696
1157007
460575
2305897
1075354
806098
1186751
425503
1027100
791482
515720
822646
888035
309583
219457
1709011
1495097
1023957
1338006
488693
1544015
1487245
1802465
591417
277434
2117682
1095192
1525619
135629
681360
1454784
1350686
1261434
1588233
1260304
893802
481020
288124
1652619
498954
287120
517631
904150
497425
598763
1829170
1006783
1337480
2130196
1791973
1342574
1525067
614656
2122674
2236784
1127483
971306
1246565
1158076
278546
120126
1737768
711382
592500
1670870
1018146
594668
811312
1342234
1083313
1384775
1270792
477262
963822
1092178
369843
590786
1087160
1285637
1190528
1241573
953354
1376993
524189
1530449
619739
896889
801659
1259629
1767562
1439998
1435648
848776
1259618
813728
1610553
608420
324651
864317
1228845
1295613
1281663
1155568
1478739
1686138
917092
710969
1884466
1235026
1916617
1568462
1083472
1671286
1005346
298779
1175113
1124289
856184
1045680
1849041
500438
769702
1071411
883303
567208
916829
1690976
737061
1061481
1049797
793490
898645
1035439
1280299
1322410
624007
1217661
381529
1158399
362277
1344063
1091864
1394809
1645588
797132
744554
1279739
1047365
849380
1373851
610568
1217287
1079359
691166
345834
963140
1521832
609753
701319
816744
818780
1642628
1182600
870924
641960
1148482
411537
831631
993399
39067
1091750
694418
737332
1034992
770735
1321880
865909
1337698
1154826
1094914
682793
428187
1424289
2026298
1486995
1933492
428422
1052097
682807
786001
1163927
1699892
733229
523903
1412918
720097
1280577
1078492
1097325
632656
1577069
606183
491466
678590
565312
1322216
1566191
911767
845226
589944
1431280
1181331
1604638
1285594
833022
1027692
1271627
724873
1415057
354208
1937440
487178
966547
1288381
772562
731706
1428716
1268175
427434
1223831
1746799
753748
505805
1862742
645567
1049472
1191041
1180706
821157
1149788
1104376
366678
1843338
1354135
1504856
1516250
1008794
653866
1160654
824878
272736
1164686
221208
1706712
326537
1338519
864051
728259
1114787
1093630
960960
641911
552280
557690
1096483
564130
987579
1524182
1331075
1207181
599491
1290715
722114
1907295
1295660
1350716
1394776
858371
1230695
645412
1231304
1156550
2230824
942427
831932
439092
978410
856084
1359312
948036
937313
774520
1268508
715355
441761
1261933
1147046
399728
1688262
256339
990560
509591
534247
652628
1269134
1049684
1571672
369662
999766
1022663
1063210
640924
1965421
1164170
1287682
1301857
933875
208024
1158077
713069
768743
470895
586465
945422
664030
804833
2160531
214035
1350529
806263
1363382
1122540
886099
576147
459972
1403833
1053477
1603286
1699176
934500
1438293
677458
1401432
999310
1765756
1244860
1441835
1112871
1563358
578057
396932
1765637
1371094
214016
144832
1734463
464935
1472976
831172
622776
1145547
1130383
751460
692029
2171138
1045329
1180393
1314505
1008880
793063
458101
646126
702029
289439
803773
597225
855165
624096
1661121
914763
1364276
1158623
1779078
970283
1288215
753418
688397
1460135
1198631
1740752
966700
762955
626391
1178756
1354499
1300922
1437706
954383
855119
621493
1202238
1152238
765663
893870
1572689
1168963
881540
821905
743385
1175476
1016986
1021178
807090
1031972
646948
1333833
1262370
930266
557029
1484785
1187867
601046
922797
1335636
1474810
643697
1268247
1289464
556339
854475
1105758
818860
118622
1094333
204350
1768955
155860
233112
784423
843084
1095315
1317712
1022725
611595
931948
1169529
1193799
1048525
1786122
1763567
1267006
1775729
1084100
1016242
1324152
1634266
1506871
614042
1046835
1355190
845789
1541658
1488923
1038500
979971
1455391
516520
1671728
1735829
923754
545150
277510
1310585
1740389
776627
1237427
380932
1494878
1290153
1451285
1642501
1094258
1050569
1076167
502925
1669463
1265050
1463634
1102609
710057
886917
616352
1928511
1491014
1707523
962978
2128533
1134105
1725576
1497273
965623
1080813
1581155
1393745
435235
808712
988137
1172870
2030835
753159
618353
1396863
698769
697919
805369
1334056
1010958
1518893
337940
1455150
165298
1575074
1026619
822050
1326641
839207
1615851
804335
1535967
1014728
983597
1009689
1450558
634560
734482
1264680
1151880
994776
311659
1174480
1702266
331085
722596
792895
1099652
942207
1605908
1434956
392614
1559653
1750440
794516
828627
634919
1060828
535200
893466
960343
837853
412656
1031699
597167
639641
1351819
650297
882412
661446
1201629
1191091
569815
1849245
519411
763108
1783016
655899
1004812
501027
564099
697906
746149
2215104
1418499
1126761
1075784
839072
1558573
439151
340601
662529
1136368
654771
1081495
487052
776114
1073951
1532004
1187657
1467864
771180
1624724
1369278
624198
1954944
958453
461510
1093792
1545834
1426045
1039159
511687
690856
1357999
661337
486769
1344785
736548
1427826
1535487
785488
342685
1282872
1745455
1287366
521779
50564
1579883
495742
1609761
876800
1552154
972970
207995
1983579
1229380
850111
646702
1311210
1488877
1928789
1073619
972786
1025159
195129
1584655
836803
628901
1195892
1713132
739641
1077081
556942
1197911
1888143
1346491
1217424
2024167
719123
1173648
858941
615675
975912
679800
943355
733108
1347377
202165
467018
1544996
223814
759266
794381
1124181
1560549
1281126
420997
828275
1847728
1207977
335766
1126164
1564279
895866
914418
1920671
629775
1058383
699122
1122059
1260464
1549124
888777
1277902
994706
644626
783777
1234822
1101238
1830051
967952
1056517
739947
1587565
1017356
577577
1054640
1493435
1430100
1783918
1526795
1597936
939178
660750
1535270
945125
902559
1112408
785198
1031077
1125613
487896
1315203
741344
190201
121305
1698969
1757717
482385
824275
686675
1155255
1717619
748673
1319294
1607079
977756
1671179
901503
846849
988587
601704
867058
1006136
482581
1271872
933681
1741108
802231
215283
992933
1573377
1524085
616300
1011207
680043
654859
420464
1279701
1205495
263784
1213472
715389
618451
784503
1210048
1227059
543719
1441351
1694655
1403450
669120
1183382
495169
693282
1112542
550537
750101
1326818
1715448
756640
956882
598217
1783827
666841
794562
1277902
1215577
1291519
431553
1024522
1173681
1138978
2216518
1009672
1066274
1123681
584349
197001
1236997
1140617
966086
548054
1179895
621903
949786
863873
1325324
1584252
606714
1353323
1589938
818094
1509569
1237674
1788873
1367011
1308293
1511419
974438
472376
628879
1687908
1685913
1135165
838570
1176325
1269355
1407708
1451709
1641422
472794
582800
1435467
353370
1459011
895553
1146812
1261371
923285
1538472
1792888
977851
637770
1690271
1227053
1481699
1172631
1923515
1355389
1933064
1364373
1568341
1433025
1176967
1677546
1271337
235120
1318676
1101733
1657940
622624
1371512
1326965
1947679
1100709
1102222
704806
1653461
1169324
1205138
881084
1358327
613977
1156419
748107
570971
1021640
1099060
968781
583459
690441
1351201
1488484
827010
950639
853606
579398
706128
870606
1351354
524260
805921
849950
954637
876470
933172
1378664
905004
405761
414333
1106891
669114
766035
830611
452995
1744012
303023
348598
1569875
732866
1141450
1398883
1143822
618017
321056
1794963
1610122
1392484
1281782
1226512
1392640
170600
419053
1351866
705970
429652
219228
1194740
1195204
975970
1903541
1465732
729152
1621304
586127
853735
462508
1113127
930320
674818
878602
1472359
1147559
1508414
1386162
657037
1034272
1036404
1301437
1162970
852073
1045957
967300
1113948
2226253
1461021
981924
684999
792922
1568177
781757
1577741
459154
500628
1811813
1096841
1245789
2107829
918445
1066208
2396876
1300289
937620
1471212
505125
1001077
806771
695768
1145699
1547417
786052
1067457
1126703
564533
989287
588540
1232039
782890
1124942
1342642
777508
836374
322881
869147
1191420
1320075
509422
1188897
1054728
1785133
1123857
1135119
654065
1704486
1262921
1045011
930795
1153084
236572
811797
1307693
675011
1643707
1570630
1486734
1203986
937095
872131
1249306
843980
317323
779616
1381266
1368629
1242053
245633
985119
671708
1164775
1959783
930199
1360494
1489918
463579
565022
1565936
1172671
1456439
1320021
1377421
498935
592609
699077
2035024
1355445
1284470
627085
1621266
777729
1248184
458522
955645
544524
749425
2069871
1413987
601094
1222202
895812
1530185
950748
1408543
308344
857010
1048679
985655
805646
939666
1028609
1545239
1296134
286094
1218069
720881
1557341
2001640
904220
970028
892345
1086274
1103370
955185
1285042
957990
1310199
1253410
1296343
673282
1194566
612343
1461136
720781
1469610
584938
844199
1790202
1409455
1040566
2213136
1381096
1360662
567079
801937
881861
1424671
1901150
1224958
650477
1092963
602103
434854
1447938
391053
837876
222257
643283
1135836
816610
1453853
1012011
865154
1133793
650502
380463
1257185
964665
1683484
689007
804002
1417297
635347
1077226
1226957
361825
721856
843493
1305183
934243
600008
1056875
909840
842541
736152
1403211
1475086
786135
188165
2322889
881427
595999
513898
577950
723230
1028236
1843903
961141
893204
625435
1360765
1318744
1316495
502979
608773
412809
1592797
204487
212170
1415616
547994
1314464
1215469
582623
339877
1206875
937016
1085349
953504
756096
552791
1865425
158552
542505
1580166
956701
781358
800967
940226
1562896
1195578
419795
1457337
203291
1146943
442249
851346
1148890
2175906
1135417
1064360
324568
971186
990482
736146
594874
1546891
561992
1166527
691076
1288247
325729
1226496
883521
787530
1175747
635555
878464
1080562
1376822
1384773
643514
1347279
1587122
503636
1040505
670749
1381120
861559
908833
2009038
594829
1090873
823110
869015
1112879
1078070
1741525
1586085
1421375
1112856
1531468
2008300
1184484
1846360
1299113
1615494
444375
703723
846796
1198093
1320735
711352
1096283
1213726
1013880
1165503
1597319
943380
1208151
1342779
592223
950652
651149
1233300
238622
826281
1602064
1251230
756462
1960675
683175
861411
602265
833922
1495596
969167
893043
1509997
727513
907119
1340620
914316
908017
390313
167782
1747556
505972
1046239
1091956
1931541
1132819
791729
620191
690057
1527167
1247788
854882
1375128
1459553
1336200
880368
1071905
1586946
575131
555429
443660
347783
1189002
1560039
513832
464038
518972
1123893
640764
597395
522144
1319282
888267
1798529
329765
674622
1395593
719080
777273
748882
756780
456554
985743
600551
1483708
1167996
1321167
758630
858832
1048689
507715
1364134
1338311
607541
808491
1079368
799446
1452758
1597060
309843
1169540
1740637
1020692
1187104
1821667
1433916
686822
934414
1494439
1400135
875488
1041714
567195
947588
1203934
346500
946755
1229655
1311512
1207000
1248297
657410
633369
216343
341937
841836
1414538
550069
1221597
277420
657138
1230351
892524
783248
485648
479154
1109873
775900
737165
1395773
687564
68863
1007180
750336
819654
240771
1198000
1919411
504674
937307
1120784
669694
1455712
1401673
2010202
287045
497472
437172
743282
1342811
1092238
1220617
1289528
833771
1470142
772398
1644271
592116
241677
1290361
1397809
957677
1524613
415349
1334180
2425935
702193
1029184
412610
1513754
1167581
1353680
931204
871674
1195896
1080523
904806
1090184
1019260
1020284
898783
1632778
437992
939359
983257
1170999
372517
1163743
1150707
1340346
895683
944886
890092
984993
1125682
1637292
1506488
610668
875491
602173
1242775
1212754
712444
964980
537342
623901
1622176
1482647
1059109
1036647
945031
737985
1509489
1477447
122771
773265
507599
374554
468166
1041547
838457
1558950
1705263
1009379
972787
1724776
923139
1170841
1460108
333606
1700602
542929
1076143
1157010
779312
1071545
797275
1364680
1587021
839051
1577809
1382708
1419801
666882
754756
1447547
1559497
579406
2226257
475309
823473
592684
712287
1571109
1527728
668252
1509989
1149906
1259212
824703
674592
1264025
1481526
1063022
960735
751422
96016
1076233
959401
1488069
1296584
1477368
1487369
901582
1114257
508585
1567663
941219
1097910
1185249
760417
907091
1307502
1679696
1044903
383872
915115
924425
784711
1387649
1056202
1714806
607263
516126
399851
29386
1251405
741356
387402
1163045
942588
523961
960713
335524
1142675
609280
1611966
621312
669996
1518154
1022242
284856
1066665
1128182
1510127
1593913
1370552
1490445
1270127
1941479
550365
1314150
1085807
1711922
670492
1333354
1444240
929827
1605575
1173994
690976
638674
1756582
564846
2020530
1037459
1079882
2031051
1469837
496027
435301
1816711
1017623
1865948
2166265
577179
1095894
326788
610309
1824043
1526912
417287
852896
1618981
606231
1381640
2498387
641359
730616
610410
659465
908089
1153813
638380
382498
1211200
759822
1608252
714971
865896
1142455
1103184
853228
1220576
1244998
1232890
231429
1260675
1235056
1834796
1666795
1871096
1267903
1499337
460558
617924
532725
1570387
373474
2004244
776090
1052316
1405741
2349739
1058105
1106473
891868
1318503
1414375
1245990
1449643
1146068
823044
958412
1059129
1993193
316193
1405361
1260803
1088486
216879
1798160
457774
1670891
537493
646489
1372459
485933
1153539
2123732
927775
611282
1042383
864153
393208
828007
1032624
1616859
463103
419169
1313487
537055
1364876
546133
1206987
1659367
2069837
1444168
1676611
873726
764007
1251265
841539
424586
645388
498350
970364
794994
1482765
1022450
1170104
1058448
852365
754827
394450
996021
1650125
316184
1913929
750389
2666729
1507545
1735766
1459025
1202413
875492
1207711
879058
1054195
939702
1271536
1503049
1027240
1371755
993726
1207689
1895602
1386079
1381112
1600506
1117498
1262480
2030024
1188005
1518734
1240765
1239759
247478
1223286
1210333
575579
986452
993257
527193
1960064
1763688
1014383
619563
1828938
1186282
1575859
538858
1239521
1179532
660223
525084
1171750
776993
2124785
247514
834876
1368937
747389
855819
1304003
1144796
701702
1377535
1003540
519921
545440
719828
1125372
1104890
1047732
1238489
1287801
1385327
1274201
658831
543376
1036599
2169847
563118
703013
903946
1008079
1360398
932655
1365836
1269178
960089
670572
1206740
465088
1576204
1223502
1366921
404159
1430060
1693716
711787
1034716
1246501
451959
1101444
1228872
1356542
1384009
1313676
771670
477516
1031491
1175522
1070766
162991
898436
747358
962696
1402645
539275
1024190
1127244
1253512
840205
918962
360541
242259
1495527
898109
713758
1159203
1055026
533013
1434637
1147371
708127
1480397
1283408
1398004
1439102
502286
578164
854992
1328471
1110412
869971
902207
889972
747176
1148970
645566
589408
516851
1333301
1025065
523530
1834484
886300
1389869
498785
615132
1500042
697070
238544
1445298
1208604
472341
244814
1235319
749929
735173
1400907
1044493
634706
931347
1483804
985116
675597
749944
1167665
1468404
587425
1477647
486406
699280
1619250
642782
486369
698842
912559
358112
1321686
850772
932075
1240916
222945
1417674
1549320
1013204
688801
1036918
1655055
1424316
569524
1549431
886396
1674774
1439247
1147066
1163904
1247885
1022525
492202
1460904
995517
512558
1255296
1322015
1230989
481147
1059346
1053253
1886323
1045579
982373
1030329
755518
1709261
606729
796768
1427705
1046365
1364551
1031187
189623
774021
907250
1151401
1043546
983072
1257247
1422442
412228
325651
825431
634421
1315424
789511
1554179
1292668
1286374
1448243
492136
892384
1007381
611895
1506495
2016864
960824
1111638
1572078
703056
1340892
1379370
731191
1399092
1407930
1926695
1022888
753653
975265
1822693
1082282
1109268
535814
996997
613672
1847737
1084532
1114552
1123824
673114
804799
588968
516679
532363
818287
2056148
1565612
1208378
1821144
889138
1256452
1332417
1418106
933954
1006079
769041
943206
886904
803219
534908
1619398
387820
1268261
1177654
1316014
1228994
798621
709250
359682
1438570
825511
882536
824853
1205290
1406554
408951
762921
1885693
1115731
964649
846422
1218522
1521411
1345759
1243515
1885009
875519
1235677
1250139
1048731
1331686
1097928
1391684
1420695
1326551
1272446
818388
1060172
1343700
684593
1131899
1118418
1509838
407477
1165999
525468
660106
1292618
338245
1883078
1099855
1846944
2092815
1792879
1754022
976646
1686269
1388936
1000158
1266199
1128852
1984955
1005254
771395
1194208
2129688
1129420
316521
1338852
1255218
624684
1053498
970331
1190148
233371
1427082
777555
1106069
708522
1110916
321578
1057776
333113
588047
1557710
1178282
901693
417989
446887
1504826
466354
1815569
1078547
1152408
1692766
388694
2504599
1671082
601555
2299446
1557784
507581
787364
1797318
1308503
1227278
1324112
761023
1519292
1339222
1780723
835159
1687877
843049
1153277
964682
1446907
1856500
1467550
1774113
1223776
793865
937834
1393743
1038950
612983
1914903
813064
1246449
1283133
864019
1033224
1512387
1951614
493122
1518105
1183576
1003716
1678849
603135
114945
1043825
1507707
511022
1771386
1351558
1072744
836790
1423217
1282970
1602692
664844
1451754
380549
926986
1320137
1643004
676822
1012160
383580
318644
882449
1336905
1199320
1484876
565709
1075816
907193
1582897
1499893
224414
1570916
490646
602737
391584
744797
1390689
466891
1054783
1052380
1590988
1508594
1342712
1310942
573520
422159
1499646
301717
492853
1472451
1688548
1112053
648257
1098752
592083
1276151
1299198
1609790
120881
679421
492767
532711
1536156
1126621
1032497
1170024
277614
867127
1320226
489651
762571
1034522
1706941
900701
1500696
955167
1374061
1368159
1030267
827277
1543782
1653197
751009
1408191
938420
271426
1225819
1119157
1302329
1105067
271123
823073
1107758
1614239
749906
537086
977479
1089776
2061958
1729027
136916
944848
1049833
1114730
579825
1667827
739935
711991
551825
961516
1039379
1307445
325904
1307922
736297
531819
1102131
1264359
2199218
1095729
756357
1349880
541546
1811467
1470509
1095574
1774683
1476983
764615
812274
576558
1030112
1656195
584881
353524
1575929
1083424
953101
1386483
1106728
431268
263814
1215532
1148055
1711356
1551602
1094009
1574961
811505
1194859
1094533
1357432
1403237
435404
1008160
1404487
578853
675645
723697
724555
1410483
1066461
830646
368167
917333
1256018
1653083
1003738
856618
1352900
669000
336892
1781731
693131
1477729
1209434
834531
567330
1467846
1524884
1082654
562060
384605
1156669
1427952
1416269
1256978
1222381
465634
296696
818178
588294
544746
314536
1566640
1146659
501868
781715
1046409
890503
422318
1256207
1403249
1069901
853545
1093901
643886
694296
1328876
291866
76682
934111
1913393
752603
1399102
1407154
1342728
1359914
1197588
999803
1551413
1252275
101558
1347589
863986
1354605
1053881
542294
970254
319409
373012
1209465
1152900
659494
961413
1040421
1294959
941986
1232008
241944
806344
1372559
995729
710301
402980
1339455
250091
1606157
601885
920992
323555
1431273
1022233
1477842
756315
734950
380153
517452
515863
1169721
835287
1273931
617612
328994
63059
784918
1089624
863267
591385
1017024
1216714
547177
1217992
1096942
522386
927625
1884370
355465
1708151
960991
1358837
433250
597106
1891058
1480113
1853393
1021474
2042114
919275
1252511
796788
1226159
525340
801907
1799840
912849
1488467
1178230
886051
1793673
1569629
1024375
657811
980042
1844227
221260
698292
308777
1467718
1716548
929507
864813
715975
687761
901205
1730794
1502722
1175026
390935
932236
921666
1173712
1440101
1085863
1128506
635558
124846
1355970
1241871
1718352
818396
870249
956735
1035778
659866
1266602
742332
1894285
1460829
858625
1034219
1822314
1174947
798649
1241117
855312
1841139
1783300
620340
1391181
1139944
1021992
1230765
971014
762985
1662449
524307
1397274
1371196
1529732
517094
1433841
1008252
1053299
1188727
548620
1028591
405176
1277046
890977
972352
1143455
913195
719661
744073
1474987
891158
322825
1248625
824696
1464052
595595
546118
1318602
1163502
950153
1357062
1746231
1237599
2013792
1111702
370645
1562356
814424
606272
648025
443719
1255729
1404305
952106
1018070
1354789
1385377
1353033
1021752
1375318
945376
1529639
484676
1193457
754672
119587
303997
780852
2235187
1595874
854195
1105619
934968
886298
1509251
1364978
469528
561026
974962
2068708
1713805
1656792
1464194
490818
267896
506300
1049353
704756
1183882
974034
1360334
1154593
1256076
1099104
1536961
617542
809875
2095663
553135
1200001
1760022
1400656
377648
942708
313087
660041
799623
1173226
1192477
348828
1167563
1503957
1131832
1062512
823424
1381024
662510
1545155
1473513
1660192
1296735
1687468
551400
1090983
828362
685234
795410
827243
1715831
1063528
738078
779991
641096
1519580
554284
864214
777695
1166230
470108
454604
1383636
416385
510686
1198529
567536
815275
1317850
1199707
733813
644041
1242705
1183614
824039
1642262
51341
1080080
1742701
1542155
1374890
895748
1129252
1051417
1241291
860949
1059693
600809
772571
591840
649238
1193014
1370846
608384
1351653
1162258
1335593
1280108
243093
681988
289182
1699394
662065
522449
1688522
1380756
1705198
1241786
649764
1414897
1012919
391548
1295117
780970
880732
589361
1153140
1028992
1071658
1007991
671008
1248093
1531810
701480
507928
1383709
1317598
798829
1479765
1423718
1200913
1825944
1367244
908763
854123
798631
1045468
1300999
882491
423127
855117
1541789
1323196
642000
563719
799631
1060684
1267076
2031347
1060194
1751252
1098092
374111
1311818
1670673
1457962
368687
1610196
754662
960518
1277854
56769
799605
152578
1489957
2096209
1331637
834804
970709
986217
871984
1143449
534776
1028978
1210512
1104791
837058
1888854
2019647
1020188
858942
1148958
1046997
1669390
2239032
1997738
1552954
675136
650095
535907
626376
1028970
1224026
304995
2388050
321068
1383793
830793
1249704
874963
975736
1291995
1032048
1717461
854111
1288372
1685245
214436
1445757
508425
1342243
1077300
891404
729132
480909
952389
803135
1593131
876431
1069638
1616618
1239923
970889
1112028
388407
936218
1097564
1880617
1035762
1188859
489545
1514987
1420900
834404
631887
231074
897997
522773
2035784
361320
1077849
773124
544857
733848
1363374
287600
1597948
1138412
385669
513853
980222
1422707
1095667
676544
993661
1150264
849716
1761434
1280813
953601
1516368
797453
1191384
1281008
558542
570926
796416
113878
1314299
1292785
1354389
754984
229884
782212
1342085
673857
619552
1777849
2018376
1282555
1320822
1133881
2189585
291083
677075
1106255
1259821
626248
1402631
1409271
1475409
1578316
2187753
761726
1141662
1749800
536906
775098
559429
1590615
711667
576857
1075509
535804
1603398
1475900
857925
741601
947463
941986
1008400
1389361
1397881
860756
448087
900926
682048
1581880
1295732
442656
874216
954263
1755343
948036
815473
456560
1050123
537855
2007202
1202805
610024
1279356
554166
1395379
594596
913022
912775
1295695
922145
873934
586859
1374451
687868
2279676
1110005
1118150
381402
911816
954241
1719040
739504
487556
1666886
549756
1781216
1846234
2114960
847373
232552
882586
654551
1303667
906492
917424
591557
1957486
1155767
421352
705118
1717347
1099782
2058118
1934817
416597
1404006
1207770
1238305
1021471
1148358
1441381
305798
1134052
1219472
972319
1126265
745997
954062
756824
590129
1941522
870779
773088
785545
1986511
509932
877919
1140461
229236
1155883
846147
1379256
764312
424994
1663877
683605
1126681
1414699
838370
1135664
1265619
867158
1619798
305414
840068
841678
1179829
361874
1247560
1127479
1106378
966184
1266686
1367667
1465429
1937063
1196028
1855293
1196544
993092
1188244
935147
1024860
1310040
1265436
779668
1284512
614345
1565326
1196599
1681653
591106
1459278
1405634
1085769
910600
815390
1016325
375272
1235670
1300374
871021
1013930
940975
978210
366084
675325
985745
276413
1702200
855945
738113
568593
837385
553228
438455
953641
256021
1211849
1367709
615875
1222468
629730
1355819
1354923
1103515
164786
1300633
1028735
752650
968825
1389535
1091958
1497925
428013
1144094
1113070
935950
1640499
1491461
415934
842861
1430552
1495047
1318730
2097780
538122
1782688
1076587
1448736
878212
1920689
687490
413889
969725
1214806
894440
806411
1142232
1128201
986844
939299
1032104
307640
1379654
1865325
1333404
912321
530025
1227166
1289660
1165351
1412312
580767
943551
1232880
488340
770858
636040
1293979
895309
879036
679679
1208025
1594508
1429022
1443584
1134822
775188
646906
564935
1712324
1468645
949528
1693749
245137
719306
703859
559765
1036471
1020284
1434286
1216664
1191452
1638973
1295197
1308459
847301
1790836
512464
1498369
1520857
625827
1246709
976702
1097980
582156
1177693
1142606
629447
141002
1723682
1203829
1517147
1320595
254706
1342050
1351904
1087608
1525501
2123654
877495
1275549
1179045
931247
1575832
586639
1532218
1171947
1099914
750240
2232612
619214
626304
1446373
547061
1200865
137879
931150
1470829
2126029
797733
411310
969879
728003
960365
697097
1430868
1103513
978902
649712
1170986
1391275
1216208
938986
2148621
1793261
1521538
289998
1701282
1729286
1632391
757307
1644456
1283380
2150840
912524
1048321
929239
1985291
868087
1114118
1595868
1545866
1254927
535857
1234234
845183
1616940
671117
700463
1475105
1200067
1126076
1261711
249193
1149523
168479
963526
1615143
940052
1094489
1286730
181614
342691
1148205
798127
851077
953168
1339930
1159667
1055528
370302
689177
849760
360646
1444784
843232
886104
840766
748788
1654318
1387317
702354
1059940
870223
1307227
1422986
1398916
952614
1146909
787078
1540481
1943454
1468544
1429676
799883
1474665
1398155
1001768
1101777
1147264
1331465
1309255
1267404
1359318
167396
442353
1624448
378887
740957
918850
1265890
936774
738225
968748
721994
1106152
1775541
1319288
1206735
1195671
1558898
620041
752557
1753892
1408367
1826474
1184250
1278633
1593568
388029
1635398
1353209
455695
1958448
1222558
1740912
1315212
1307357
1092421
1460638
713341
682508
839608
1412163
590770
1394704
240703
750584
291644
976943
509474
1455177
848924
1298169
676120
513055
613662
1434202
1213140
1464568
1282219
1404093
1255512
449977
570685
1855138
459859
788143
722514
1111650
1134939
1378092
1123687
1190261
812480
941806
1693899
865185
730909
505651
1322163
1938563
625540
112115
732763
896466
903485
906921
611443
838325
729986
1636706
992401
1198068
642882
1308652
1218865
826605
628889
939155
996619
1604824
1227411
778156
407985
1418924
967322
921894
1165071
1759502
680810
733559
720309
1223448
1400213
639317
1133437
986281
844329
162846
1414592
1153744
990475
825899
1251351
175641
348799
943959
1465114
1433220
547721
1001630
1380906
847673
1087706
354624
480234
1326255
1088335
672431
844757
748032
946164
843992
1610671
751747
1095039
1604571
905381
372324
983397
1404945
662279
472753
624334
72640
468256
1283872
1284202
1334624
797547
1007361
1347797
1530860
1355250
1522332
2034140
1185181
201496
1180572
356614
1227531
595601
367508
1431196
1296792
1058117
1439271
1498309
1426701
1328400
1387351
477535
1121931
883627
846635
188269
1439864
890650
1370659
1362555
510082
1724636
729500
1099953
1283605
1714676
869587
2120553
618410
797209
968022
532089
697068
2253322
749720
747884
625019
607590
1597251
1270174
1679002
1254663
627769
1996684
822395
1503853
1252962
184750
1242509
1078110
1220991
837267
1446095
516911
1128196
1476840
746110
949452
1358908
1787105
645719
1449767
866258
1269708
719467
763904
606310
958580
1001752
1501883
1730756
1156156
1704434
834670
817877
1349800
791616
1031564
2043280
1147861
1198257
364055
1339447
921320
420405
1717797
1563400
1482998
1096949
876997
1408188
1736141
870920
1277837
1963664
906195
1284022
1297689
176479
1237659
1225385
706236
1291586
498938
178422
1037116
734346
824381
800485
1865049
1312832
1493368
1299563
811565
456789
1603858
1180949
1726162
1060271
1700211
1941749
1614490
324024
1591471
1463824
1578083
79001
181907
577238
313340
1436267
1813062
564915
1494036
1279512
1129865
377143
1389492
1232275
743771
1279791
2220983
904780
1086278
2168634
750872
1395996
880889
962609
544045
500656
534207
767635
958497
657718
421245
1349164
1066008
184966
1735053
1282639
1442934
1534426
1103826
908900
1218718
281902
1071544
788710
1420215
1467134
402885
950377
1391677
894536
995314
334611
1001064
752194
1533533
1555673
693143
468496
811384
1371403
1346086
815447
1387564
1456759
633861
1055117
1343609
359525
876643
288039
1039440
1816025
459966
1945457
397773
554610
1894515
1277033
577448
1324895
578735
1143666
659249
489557
713610
1063112
696739
1084755
758192
1068332
1329433
279156
1597288
1219672
1046281
1243297
272431
1172077
1338360
697266
1820686
818485
1390279
1688726
1474121
1573175
1018106
341320
882502
1085431
848074
325514
612268
391616
370563
1540974
2544715
975942
912234
364394
1269613
170250
693637
995746
181632
312489
774990
1881866
1065657
2012933
1050374
973184
1057882
1854857
916529
324687
519125
1092790
1572401
498786
726357
1156041
1425060
983744
1046574
1415308
1861020
441847
239903
379785
1907350
1426040
1474328
2065747
969434
1198034
803528
1663725
65200
1183662
293025
1962383
861772
766025
684525
584644
817412
695423
1451020
945438
1265201
205919
777982
791704
689583
941526
675201
1868036
1375898
1529413
1101456
1199881
1230284
355490
1242983
337849
1078564
1072370
1434223
567377
1547076
1044315
679518
664137
1059817
759340
1685706
1749226
991925
1809665
1244435
1071663
1601635
1134714
1562247
897843
1274454
2175460
1139198
1072812
1506431
1551782
636203
1348187
788967
1722815
1006123
470307
1548787
454288
1486491
1360568
213820
871952
1503221
1269549
1652535
1028885
993083
1420927
1174482
1825040
1548295
913737
1898934
1745684
1499895
1262998
1208802
1594685
1542609
1060321
387870
1802832
1071162
1660030
1863534
1228242
965434
1264243
774943
895555
536627
258753
1641430
718699
981286
884232
1176764
344456
1851472
535794
506930
1802439
393968
1380904
1685819
802777
865824
804655
501488
1493047
1496609
789569
591426
932872
1073797
1027954
1525779
937327
1229209
1526354
1114962
836898
1683782
1900531
741403
743652
1086264
1051557
1233071
1453545
1566981
1697319
1278564
1213125
794650
1519122
1519213
596515
1308922
1449271
1227822
1372146
1152791
1992587
1154645
683184
797563
1069590
670961
1488637
921065
1007900
1345985
1191828
264462
475406
1276251
513759
1062323
558874
387163
866477
1270743
1491587
1455335
858964
765086
1850853
1472274
677033
1187280
142417
520478
927106
771999
2166226
1193708
1627074
912207
921864
649892
1334007
1252588
1425156
518972
907097
1052495
1480537
1054746
935716
1233068
498686
456973
1097364
756278
1329144
581066
854589
1070970
894492
1017438
323205
1377382
612294
1444796
942219
981845
1074972
956295
929626
646064
517327
1795704
1135371
1033584
827323
892295
1051284
1006371
906457
1486275
812571
611348
759942
1069019
741487
1274541
698548
582803
390476
1139946
1625894
1480336
1030531
775971
271577
651843
1082529
811014
808479
614296
1351949
1159773
777458
824692
1144604
2172343
969891
1350514
1379621
1023882
529986
118484
745305
672459
399643
2474611
1895505
1497451
1317687
1746061
1016715
316400
647902
797626
658217
2102588
1936212
1616521
2109420
713229
705353
363157
1625700
1731625
441486
938672
1235951
335749
1243800
579664
1427407
834638
1306021
1659413
1536315
459746
244420
797672
1090500
701133
930658
664571
644700
1444171
1609198
760885
624929
1889423
1568042
887911
583710
1806728
1348799
642487
1747160
2006937
959582
1885897
435362
299641
1119286
658756
1313126
942388
1194359
721994
1542815
1156330
1099855
1043777
486808
1531971
2074835
1071008
1226184
1057200
1334201
424432
787023
848555
176757
828492
1342319
1104220
650286
1172277
531088
1696967
1884252
393858
1136030
1595644
925563
705373
772265
744254
798223
1754090
989463
1810600
948701
1291539
890270
490087
1044772
173257
789492
590509
1279451
972177
429862
1645452
583052
845623
1543428
720536
787980
1214985
1189321
845168
461031
307011
1202952
1163165
931818
1180905
578106
818238
961446
1673904
1016478
1194596
879087
1140930
903403
469949
248011
1392825
601217
1390775
1562849
1850240
1826441
1017159
1019326
1040926
1111091
860810
1400248
1204900
1422130
838589
1671946
516477
638892
600045
1522208
2319057
913833
331625
311856
1453129
776298
771766
919899
980024
1696054
1062075
1126173
974116
1253490
1710559
717881
1245266
1042617
1448441
1877083
1226612
1705601
1885663
1300993
141483
1298228
1166393
1780922
1591566
1017235
439412
964361
1049036
222999
844957
1083734
682172
1631885
844645
181445
1303870
942259
508657
1051273
867277
567538
1160163
1523399
717633
1470013
1381442
679197
1008174
584024
1242453
584663
1422790
610750
1232988
1507061
1066851
1331325
1669461
509281
1539128
1308348
1526943
197563
1004452
1630511
435902
381567
1395695
1420074
1336912
1525245
1066440
90954
1831670
1014020
1037674
549403
741850
1748500
1090929
1443696
1209880
607858
1170597
978523
1765641
947361
1854328
1258724
1380703
1081982
1139923
1406960
1728798
844821
1448983
1158588
1169459
1449622
925124
662926
560693
1593959
575791
724440
1617385
809047
1797098
1434005
678304
694807
894599
537779
1153419
1664588
838965
1609342
958063
1633836
753413
939213
503458
1018464
906150
1335537
760441
292506
1345258
538746
459528
618638
435806
324251
1576682
1384567
1728363
664553
999583
340918
1447121
1670946
1347196
1898659
286055
946934
2184334
392402
503232
1416449
1384655
849395
577329
1118808
1117356
493703
1071492
967092
640700
406107
1605641
685559
1091990
1613891
520792
1417658
855178
567481
1676013
1689299
1177269
630209
300249
1071099
1145620
1158828
777835
1314386
1474417
158293
1215736
282500
310594
921235
1121134
726514
1661469
1642359
714726
1507723
557676
964151
1632914
820341
1378024
624194
1380556
486391
2285937
663364
920161
1443966
932736
1421622
1267862
962849
2176716
610960
1080629
801972
1470135
534225
1573462
2618726
757820
1063279
1110155
1084315
1269704
1154886
713312
863539
415690
802455
754964
1871080
1260709
919616
596349
535033
1503044
1915332
1667994
921898
766906
730001
1518681
402491
1392361
287897
675395
1087354
2396637
800391
1692348
1104851
878057
1986518
1341653
2162635
860452
1387563
721215
656379
317368
1231844
823017
533107
657649
601824
1396779
900966
1313332
1350841
935684
1126559
847823
818488
549104
1333167
1592555
448591
1776999
78239
1043099
545290
1247685
1022486
1722629
2112370
684272
676829
767877
758441
604276
716424
1126893
304019
610130
1078820
445443
984422
359313
911431
761191
1079223
1358257
1249705
722905
937024
1409783
1775686
764533
1638557
1001899
534173
1105081
1218544
446563
1246987
618349
1064052
478910
1187163
1611161
1372574
1305645
648473
1379422
878396
1370349
1062901
653900
1558946
1640097
663346
1272019
1399430
1785612
845579
1090260
1395072
306057
880087
747596
609366
922793
1173902
506185
1572271
1337184
1677320
407091
1519891
804028
199853
1066599
1205561
1787333
1352217
1475577
1796818
854309
569912
927975
1430959
530394
1446379
1095063
918001
454910
987284
1318249
1030687
1610572
1878627
589486
1141536
1305948
644934
1717127
1457072
1217001
873372
352836
1192674
280661
1308987
1247003
973871
1016898
1172447
2424932
578249
1406151
1540925
1234421
1595609
454978
957779
1373477
1112653
907733
849552
1303968
1048916
1104671
1218852
854270
1097731
789373
1166476
859601
1317972
1554360
1392287
1306796
970164
755101
1757667
1247355
1519310
432715
237306
860454
1665326
423183
395524
1466636
1012099
880697
1053614
867898
1001354
1151459
1090161
740983
1840193
1124093
1399710
880795
914420
1626265
1600717
1213571
570104
1720291
561277
888190
647910
883984
520013
1047062
1122048
2285542
698362
1349799
1048441
1444360
690130
983198
682511
706767
294747
613370
1209509
1002226
854153
1007507
604138
1126155
1504586
703953
962888
710754
1387819
626846
1012868
1530039
980790
946193
1561313
1162550
1321903
1249199
1397108
220947
1336787
1468650
815922
1240918
903790
1206037
603681
1657381
1376665
938479
1800974
1181686
911361
2033216
1205388
813164
1662996
1607256
335489
824680
1528881
758592
841627
1254823
1373314
1069033
188663
1226075
1580235
1727653
1319596
679385
855289
628637
1340827
1211826
1857697
1088331
417901
1835461
1156553
1435726
707266
1338653
995385
2053398
1149336
891670
794295
904203
1342204
687365
934947
581002
758893
1182000
909119
1886290
715592
612632
910047
1745201
736602
598192
1371775
847432
871332
1551982
1152624
779134
987614
891461
1631028
1143826
529326
951005
962441
1255152
776175
647365
339733
1109043
572238
1889467
794952
771522
765621
444237
1047681
1850182
520110
1312577
1132370
1425628
524031
1908153
1645882
1861516
788075
891235
1668571
1488023
1039740
698047
1323106
554434
693716
774981
706112
988337
741791
1759735
908297
1145640
1626985
616678
1439287
2180491
894945
146443
2533325
1526492
1959516
1752231
714374
487945
1228983
1103982
1200818
877062
861288
146237
241084
1343174
686015
1555119
603057
1004527
1311685
1989810
1199630
1019008
296538
1716670
1905258
2149804
1335189
1225964
1407784
1351781
869084
729530
1211247
217614
1599509
873657
1061470
1311292
1079018
2147744
1039056
507520
425297
456890
902199
1540325
599974
1438441
727880
786117
1120871
1072129
805155
1469304
803228
1511764
768606
1190744
535931
692175
1458395
1096125
617327
1146096
1121261
1326698
749706
780898
788536
1050201
994709
689106
617018
659991
1776020
98297
629094
1520640
1223247
2267697
1705463
587865
1696614
1183676
288481
1233252
1409996
524683
854311
742798
740075
1989850
440982
1174229
1270641
1069561
1290139
1684751
1481703
553111
407196
1379294
1053958
615668
1272879
823473
535644
1471710
1753270
630108
1210992
935566
1250607
424447
294552
812471
901919
1601390
1427988
1471959
1144426
1685731
1366499
823093
301825
1016417
774670
845288
1036342
892623
806034
838028
1468974
1538072
943014
1564259
1009134
734925
1127984
1125667
375039
906534
727250
1073693
1901086
1198136
933588
717865
577207
648876
1324481
1466252
847007
1935318
868577
828419
1137531
612656
915902
1437012
1383488
1420470
432869
882065
760820
1212020
1161747
754729
645243
1848283
509178
471822
1215677
564541
1859157
1126791
1122249
1080965
227194
881997
1148204
705540
867085
600092
602225
1121365
529775
831280
484908
1024386
881361
833051
424104
1398256
1325906
1840829
648487
1355868
716355
1490184
309981
1567897
507579
1305631
1260388
930858
674834
809843
1145168
208857
283359
1078656
857587
1064807
1349324
1148116
1583180
905741
1260807
538661
903772
81335
1019179
1580653
1220807
1435595
680201
893117
624967
1194779
951364
839574
791455
1408948
996446
982616
933395
1245832
681620
1150733
1528246
1697608
248552
939911
1113032
502889
1798541
1217246
839695
1005484
189663
1034221
1364465
1367403
1348331
493325
774939
1632370
1175534
1161567
1677557
862870
1385726
1131055
1311854
757918
1283166
1118378
1602786
848214
636430
813405
1710426
562840
964529
461663
650643
1023096
894035
702988
229471
1019368
1044133
831575
475481
1223498
2032176
1209859
1407538
1155181
594967
1183595
954351
1361226
799481
863817
703192
1643106
814127
737620
672103
870472
1269481
923524
1143718
1807492
1334949
1384758
634312
967151
1878101
1489137
1166580
269772
384859
1155037
1277272
1337727
1375923
1232384
1470437
670223
1621186
1746159
1544759
1691315
841608
390315
1158381
1264587
991197
1793193
1287070
547115
813422
1141073
1102613
573227
1887384
964410
892191
1067485
1254763
1289147
1270328
1815781
1104622
1959956
1393675
1970137
755497
2011846
1311158
637371
1714295
747441
828409
1104974
1512000
891058
1200693
493562
1306108
1028532
1867040
1527109
701688
656444
1211936
1764185
1168727
1084946
1608181
571892
860119
1638012
1249828
613689
1104482
1126687
1251648
284219
1701768
819039
1620460
912382
2189901
1193341
424591
1022914
1079898
365988
592437
1370222
709493
1014279
1361583
1530193
1557776
1251916
887056
447026
1441775
1451090
258247
810335
651989
1354747
915677
967133
1405825
1285139
814099
782383
629509
1495303
178814
745882
888496
1172412
854312
1296715
1044365
948503
985444
879404
1524436
721382
993745
1309057
1499756
1166981
720153
719634
1653573
762610
570052
1508215
653637
938870
749839
990571
861273
873365
1344695
1458367
690341
1092164
1368261
1187231
1258781
639839
479030
1259656
564170
416162
574453
410212
1645559
1077547
1244290
1005633
1746281
798337
55857
992067
571203
636910
1229421
1046824
1456247
1718115
1405782
738160
826758
765374
1331198
1794719
1266571
1259646
971497
646308
1306308
287052
754981
395926
542581
1548125
1284327
817731
262227
601447
1374831
1100156
707966
1173351
642658
306444
774829
1080300
877296
1598357
805747
1282837
1028420
1108989
1263580
1014532
1345963
828116
1391272
2002867
1037652
717076
444626
1065791
883863
381664
1176593
1489130
669312
1346665
1371338
1224612
1947219
849630
1150117
1100779
2300169
1100034
2085599
1417651
1039888
1324501
1302252
876396
729518
142735
594021
992260
498137
1289789
1188757
1990066
1572454
345453
1211769
521279
1584101
2564115
170694
1717157
1262474
1267005
1532320
510142
1354810
1015789
1085875
530736
963055
1327521
429237
555632
946946
1564306
1583485
843529
869579
963414
1361054
1833468
477579
1750155
595734
1727574
1361386
478717
526712
1327197
1273754
778919
1564774
605721
1415035
977736
913632
1455372
1073932
965869
546087
731257
1062092
993680
1054701
620775
1141815
1054716
961688
722027
1570558
1374873
1301300
585677
722223
1124708
1077877
424692
518184
1706608
951823
1893623
1497567
1070770
835052
1911964
688532
958053
1373852
689384
323134
1303719
967254
1536090
886344
1407296
1383057
869374
995604
1050712
631465
1726092
460492
1220818
1341733
1004247
717018
964574
791218
878714
1508296
782802
743877
551846
940721
1243909
708478
1019779
2104701
1243074
1374551
1187579
1626025
1256012
799984
1532614
854801
534776
582197
1342769
805611
571679
1216478
1071888
190610
501640
1360026
846985
592559
726496
713545
926355
773921
1425669
849362
793105
1123258
742296
1045635
623158
812878
1068501
113353
1495259
955886
1060105
1213240
567516
652093
1438120
1137487
998509
893512
1853627
1085060
429057
802981
545472
1894003
415003
1155044
109800
356766
692347
1003919
1169834
710176
1144910
1325998
815601
1117030
1330227
898372
1228913
1416215
1273325
809736
1454838
1130079
1348846
1511784
765296
936761
1243851
780756
1317770
541584
1344120
718817
1388398
1123300
829763
1027341
1375162
1321440
1470363
1332786
745936
1375217
777283
2305577
1508855
680019
1263548
891882
368161
647731
515073
696951
836569
1500757
1940843
967050
522967
1126802
907003
1534942
958842
875690
836665
802905
479524
844083
738739
1411043
906300
1420909
1600632
1432305
760641
882411
1248456
781343
1045556
2331599
1691228
1577040
473074
1170558
1355300
651929
1183947
1962568
986247
884086
1751477
450832
1533966
964536
1779195
14071
581912
756510
699185
1061556
1118377
622414
908347
509437
1856380
666001
1450054
1706796
1056861
1345228
520925
1243630
1141623
1090209
1333605
1895660
856336
786781
1388876
534469
1160400
1642624
1348970
1754446
1653838
189249
409714
1638034
728596
894358
804433
1413887
169224
566962
1244879
545196
1025208
426010
1293326
591405
266282
821655
870929
442115
1600406
1042964
1178674
1626400
2408825
1319677
1144671
1366417
1519270
1192558
1196889
1960954
1579396
1633994
1154564
106093
916406
1236981
217902
409299
465365
1153820
907055
1255383
306627
211232
406939
1706241
467695
1652179
639694
1163202
1045930
1398742
685340
847237
835722
2237235
631664
404190
1573698
1676528
742003
1144864
618713
1280706
868884
1033126
1086693
479631
1658662
1256223
1047655
755546
1426590
1061628
2179039
1696214
1956694
1028665
1353394
242155
843389
830724
1458528
1125433
1244305
848008
1184532
2610020
1453109
706456
1098607
1012234
1015953
1337514
986057
242127
603103
1249642
2417995
1180746
1392441
969136
717715
1621148
980358
1490501
1453455
1410809
1103522
690440
1209468
652566
1051596
1522906
1644643
1298560
533904
309907
1415549
1192185
569162
1504199
527234
634298
844829
1777261
819144
1807712
1404536
607376
1131584
847327
569550
1574415
824336
768894
987419
1430391
1582525
1114969
1103242
1027102
1897490
1161894
1241790
730650
897437
1558823
462751
2370109
1622789
391026
1002480
1269025
775831
572442
1618693
727175
438078
1315526
520999
1188948
752176
1041500
1328233
1628665
1012366
320503
1162339
1194643
1267049
982121
2019367
1762001
761968
857720
800217
1024637
992166
689338
1690173
1548141
1447124
871585
1768239
907613
1747706
1312645
649832
1821002
954480
454201
275113
404086
1615737
1322973
883609
954524
1075194
615978
295498
1016618
1401571
240391
481440
1551405
733930
1076560
1120905
214348
511041
624294
1261416
1019790
1262147
960452
1849101
1299105
962577
540064
1258619
1361814
1375118
953058
934159
338437
456825
1822970
1236810
1130501
738057
890479
1344273
1164181
1366126
763345
1102284
1663283
854564
411397
748557
1209973
499514
946687
606812
1078707
92866
1381517
1113720
616664
863718
754192
413869
2134957
954651
982465
1022376
772438
1007930
797391
986888
1602477
1292336
998664
1568397
1386337
964566
711789
315459
1378712
1572720
1219257
728932
562415
1784575
478592
544616
1055050
785008
2012416
402010
2146095
667735
758421
1840280
1329509
1620608
777172
1189655
321834
1550338
1685913
1260908
1512260
1022002
989820
1446776
874706
997124
1584889
395448
546639
692408
414450
2069300
81862
1470125
573290
2059732
533046
167204
616765
1181662
969067
1178265
772007
1259408
429329
373666
644117
937650
898080
1475500
1108898
1215485
566013
506097
1149826
1453564
1353949
1234807
430427
1008127
686499
216722
1522053
1059352
552454
1171762
919631
983857
888193
831540
937108
1363955
1098663
1183178
303563
479541
890879
1540805
1332304
873450
496337
740360
1518665
1280375
771859
1462895
2218112
1264195
1016337
2230013
860601
943892
1499852
692682
1103499
1406952
563596
705451
1290017
1147837
1730659
1351552
861345
1178207
1107964
1260465
1449525
1182045
1523990
1164079
1038951
714184
1465410
2487633
1212798
681308
944207
1022669
788794
1779234
886605
649380
995156
1603176
1463103
565284
1391103
826783
231447
1024802
1645548
1527288
1385476
514357
441512
1276992
1704116
1865088
593361
1002747
595125
1293696
868363
1119287
269547
1589505
1535652
630335
1013368
617709
326084
770115
844362
1975893
555717
842750
939282
953948
497915
1213621
1984111
1091923
729577
1032372
538069
939982
1182742
1479311
1148170
1043418
1613677
1413242
574886
701765
1885489
864713
1640153
1781255
547438
1043717
1309114
1154366
1192659
1083299
1466079
1150650
682403
986448
739889
619466
1266712
806984
800683
1491214
1294935
1309037
461790
1074340
526210
884929
1304235
871476
260085
967947
1075330
307909
1614968
234232
560217
585811
904510
1526132
810128
1341943
1259307
1090475
1034052
1266604
1384152
810795
1043463
728371
761662
1621060
506578
974815
1231968
1028550
1321678
1885569
1096252
1523445
1275239
1151316
1729715
1029689
1196078
839787
1916933
1562125
1199137
741765
1490577
950231
585902
334451
1238705
1433361
1329257
1824607
571706
830077
1790673
1248211
838092
2051968
426250
591646
601884
1702009
1091224
1457863
780316
363376
582237
966874
1277865
1097495
1379769
1494559
1101854
1812770
1672242
1291808
1132348
1447398
995517
1247096
791019
757556
575658
738464
1100436
1043065
440342
944042
890249
592518
907267
883553
209847
1580363
1406697
564714
1009711
1485071
980792
1721285
1116417
1152438
1506311
1269418
1925821
960934
1504638
543925
1489128
531991
853282
519435
1082294
641280
1606256
1122448
1544051
828224
298820
382903
1444785
569102
741034
1325115
1143710
1388846
842522
2445064
871319
643770
1058103
1487081
1605205
938356
1725971
754922
1539092
467327
789126
2074156
297524
2061710
1210333
429943
1015805
737704
1632232
1322319
1191531
789185
397402
1238791
1325433
1333625
551768
1687782
541142
1350960
1941951
1358264
540618
1303509
859452
1301909
1063285
792233
1395956
1546353
1305585
1824448
1308931
936409
1221540
898293
1152769
709170
968355
511617
1192575
1350696
593587
802548
352785
1500185
1290307
1222298
1684689
1969246
1479074
484935
1411069
445479
875232
1350751
1185760
511344
1509502
830684
1400784
1134786
666664
705003
1253266
1529827
1244825
958322
1187372
1709554
332830
671637
1031877
1112694
876146
846917
1126186
854036
1581540
675950
785309
1097497
1679944
1514393
1042077
1738140
367403
805931
586588
1012686
1762216
682599
1201129
1215992
1313181
1558829
1894084
1023478
753310
823953
892304
1129301
404424
1410284
1448508
1946835
1199498
967318
402606
1514010
1054943
1194915
640655
1731593
851083
663637
1005689
1422908
614011
1018981
595850
860856
928742
1985366
467532
588679
518046
1237685
1259467
1911001
1017561
836454
1409123
1559490
429280
253103
1750469
239644
297642
1749355
882218
1337536
970214
1039794
1007201
1006753
970425
1161300
1189274
645251
1583950
1180120
823090
913361
790258
1233658
1354449
1106984
866240
752998
1032047
1886375
1485064
1889275
1213344
1542656
1548465
1830182
1670745
742683
1187074
1157728
431587
750843
884057
772172
928718
1586825
940509
2072314
1502107
854726
1313790
490621
419502
1820255
1452464
824840
1119949
645521
977514
496057
2059135
1062729
1291323
1837354
277741
656444
1504295
881800
928453
944574
1248862
846451
507222
232347
669839
724721
944504
1229904
881005
417434
440898
444881
752190
787738
714894
1365448
1759020
872167
674266
1192017
1082109
1745006
1166476
1080811
1694327
739154
529206
335602
1304724
1171822
715884
1357499
1360290
874422
1342719
1009527
1715312
996572
1113457
574970
1875877
1169204
425045
1029876
1600224
703515
975094
381367
1196136
660362
1062815
1222457
1485531
972017
1474121
848077
668371
326239
565979
1217772
674965
1601720
404687
1740595
1631108
1666444
1364476
614988
1371509
1019762
688388
390403
1152689
1922164
1304359
1319711
699646
666043
1044106
982014
1267562
1719320
1347944
1615774
1164968
1751405
1036492
1422675
1900371
1184050
631386
2183991
1239906
1541917
645946
1107167
1449120
1208684
935708
681679
481567
1777351
1492490
769929
986775
80329
1724723
1395058
503306
1533918
1546509
1396940
1377718
410277
1184391
572208
1537340
1037835
2144515
1180323
1478102
717708
2338104
986324
271102
1762581
425056
525481
1355141
510992
1389914
1118180
809803
24081
477056
825711
1501002
1270382
1174206
759385
952825
400302
1212007
1690675
949651
451754
1632994
860712
500147
814102
1780201
1322687
812109
134171
1544154
383608
692180
1454373
814970
1087247
1031079
1021486
2450829
1080856
634053
867377
652460
1267401
1502709
619424
766508
1741499
1675427
436497
856453
761288
908842
1222389
765271
783632
1134995
1066835
1027108
1110164
1382243
1167432
1103003
1733087
850818
1069781
942072
1094047
750909
788879
846071
607768
1267556
1994345
1706593
1491850
1311063
805552
489688
723821
1333465
1112709
689638
883580
700653
1530922
162814
460438
1093931
507315
1756467
1309124
311278
1017759
2021786
516776
1639919
1042577
618388
1908619
1114034
590777
1027305
769093
1178939
1283169
718115
1154836
963558
2029940
755586
1039193
924838
992147
590253
11517
672001
994379
1309724
865278
2158194
1165519
1809513
846723
1310445
815377
611712
714577
769070
173631
461066
1076941
1573826
1434521
266597
1573104
167473
1076047
1671446
1173095
600430
1211321
965130
1394252
529118
1635864
1695779
771568
114961
1868485
1172403
328029
1162023
790514
370737
2117064
275681
1030917
808348
1057165
1457437
540908
2132058
782025
1106661
690033
1264105
119905
465155
936506
848210
310751
1222156
1388463
957654
947776
797358
574537
1172547
331318
571523
1306595
1166917
1286246
1409897
1275746
960785
1726067
752827
898880
1486487
1311785
1335283
884258
1525278
1146580
930782
1266030
1352730
1864913
1283063
1233866
1487998
472063
463741
523647
1507708
1842868
846202
1299144
1110270
1382000
784582
878977
871675
1791556
791711
1257722
1480483
830163
1340118
649994
1256072
1582350
871232
963811
864896
615840
1574134
853553
570537
1437107
1585675
1188822
895270
1751790
1399277
1564861
1668583
787134
757607
1178191
165203
943586
546038
1380622
1772396
590056
798681
912221
1627177
304020
760924
771261
653861
234541
1288288
901629
1132046
1013949
528345
724056
1443678
600468
752655
514354
797900
1273713
1270446
1706971
1457246
1648832
342924
726202
702945
902383
448698
1021413
1738412
870898
824205
853724
639192
710536
828124
2108944
852532
1127301
987392
754842
543729
1325386
1090312
1086187
1165197
1721761
843841
1405192
1394477
679065
1252828
1076015
851275
924679
2176153
824373
1491781
1598688
801312
1655179
1493246
1678868
217459
602953
2101636
1218962
261291
1705512
1078190
1433069
643546
609869
1158404
1231429
1170099
1375625
438241
1196855
1355697
1428589
1531590
563915
1669816
1901003
1144682
961273
1095147
1200093
513336
847004
1365730
1730679
864450
1251624
2020062
1399964
990594
713827
1015122
1030882
1110274
1083577
1446572
1788826
1469196
777202
1816379
1434030
1244903
695864
901591
822245
1301772
1474412
481929
372460
1571838
373953
605389
716919
274461
1348218
650750
1632972
1312433
746318
1775158
1223264
1438880
1070038
802238
1507211
1350837
912615
1219877
1742920
1805079
1593474
1721057
773022
1966294
1276880
1416966
2340353
195086
1396309
1456365
837220
1408072
848454
1354113
1204966
806085
616143
794063
492952
1388549
1325003
694463
574214
612272
1809095
888886
337017
1112545
1089918
600988
677933
832360
1276134
542898
827254
941594
1468300
857649
1689836
1037367
759516
122158
954752
1109234
1443216
263094
1646180
172387
890364
1256388
548722
635071
748721
919950
1951141
1325491
769862
1271409
1160566
1831128
692172
443856
1461468
469915
1359507
818715
870381
830261
809938
1382455
1417427
1608187
1117474
1015306
957782
1855297
1470153
1081157
1521354
1263261
493080
597811
1377669
1348609
1349406
1021072
804174
1015479
1978409
1590935
1275174
528841
559629
1046954
831210
1000636
903054
547072
1501255
883546
1107082
1289002
1249624
583382
1311388
914779
698309
1126058
404907
651660
1144658
653852
1378591
1707490
854380
1625661
1870666
1177983
1488574
306145
906263
1070147
1222261
522882
1296811
1735851
1190551
1036916
787543
1286906
867771
1567318
1247944
1227035
1352192
1211333
533108
1112075
169859
243359
1935680
951044
1753370
533400
1636900
964693
459521
1755848
1351741
492095
888468
992934
2058446
1435282
1535164
321753
793352
256754
1022961
1778037
1348961
837596
1381842
624647
472868
284664
1543309
1019326
625779
609126
953617
4742
774798
608060
228197
1421510
1815660
736307
1517383
1470811
884681
1028767
1050313
1801334
1265211
1025943
1067882
1496123
1154696
327054
763409
1742458
729008
1942374
1270231
754326
1432367
847096
1390558
2149924
854246
669599
804828
232905
283678
521324
1227410
1032408
993459
961047
2129439
1223444
1546170
1251012
1081029
1225602
432930
1346449
1280236
1490082
1932333
438043
887547
651851
1299900
1667274
1429865
844033
1726257
1051508
1329425
900148
1248835
1528685
1114653
1370605
510657
536299
2032390
1312434
1118825
1746230
556495
1527442
1044239
1367299
437855
1156173
485429
133853
872506
1803643
1707612
1328161
1310906
310548
1487067
558451
285589
1805185
904722
1029629
620905
1092487
1029882
1258564
1014809
1662765
1104057
2119373
419617
953747
793797
525538
854502
852417
908032
1332941
775228
676944
1488532
1539628
1236532
1093859
1508704
949461
1425227
1887309
1053730
1313690
1354018
1310265
1057926
624982
1002216
1081323
1461756
1512633
202111
863638
1013879
1092996
960068
1215991
259381
1158058
1089601
1432505
989876
1190159
754674
1184172
723713
1149214
1111591
1114407
364010
573519
903752
864351
1124832
1146194
1015048
1063501
1178774
1159212
1317516
518113
1264875
421003
1260953
767688
408125
1375516
1049575
817895
2432367
956056
794573
599024
1103967
1436972
1034285
640737
1115122
462108
955584
415543
622326
2248125
1657252
1807394
1937985
746942
885199
613229
1091061
857524
817130
552752
1225405
961972
1061126
1858069
680965
561922
1369130
1428541
65844
594272
637392
948736
879235
1118176
488874
1605638
1227384
1187660
326216
473502
1258776
1442675
1432857
1470970
1330529
1520888
631070
1320042
974876
1624104
1744857
1897173
1009494
174677
1687359
2201692
614151
1167235
1672455
1386296
1234430
1320162
1165536
743709
1171010
442990
1094062
645962
812659
1087817
405372
1008845
328034
812584
1248843
1234913
564808
940758
1158973
1156761
1628226
1180391
1279346
2094082
873309
1116869
1038395
767726
616777
1095043
1007004
672679
636649
453016
1271348
1487784
1178156
1114561
1305493
1227848
1181474
1953151
425513
1612185
998208
1397150
904932
1666758
881181
1109329
1783570
814909
1938746
1062408
772000
1378544
1853773
465092
937380
1074804
943659
1119548
169000
742287
1432832
1463797
859834
1033930
783380
751743
729449
826174
1089360
972105
1663242
923197
1194391
1214015
1347231
973847
274751
1591865
686663
1026006
1393850
1368907
1498138
373210
1289386
1452719
1494985
721938
1513372
1123659
1366226
2554824
1181659
1594744
1040755
1717867
1085127
659763
1835030
873627
1442461
894626
1417804
1428430
1403867
1911062
508438
1850615
921085
1537507
1045954
1445136
878774
1310113
1189659
1355676
1231234
2064193
977603
1575091
425225
1189461
1519573
1436269
1426910
1740719
515367
1034809
307816
1146826
1212036
1334961
1150621
657652
1097647
1063588
1147058
647047
1628546
1371349
632528
1616483
310446
868572
825325
1113912
1253588
314926
1333161
1103342
1628425
564022
653307
392370
1347283
492362
419307
1403262
385839
347897
642968
847866
845189
1014530
509559
977662
1552841
326980
1002967
936846
1509059
1003183
689272
1142746
1564429
902170
1215573
975210
598139
1627741
2264591
2154550
1268967
420364
1010273
627042
760069
1727121
1320705
933277
1843972
1113967
1539208
1541521
410850
1673646
1319430
1206820
1230799
460696
1843579
940647
1163789
2020540
836714
376260
1116600
1780681
1001753
1994480
664364
1100994
767074
931875
1478207
1327422
1187029
972145
964116
792606
705071
630517
1367669
1186890
402135
1511708
935456
944873
958110
1042705
218180
1086566
1676275
648139
588430
1309599
1237997
1472685
804469
366791
560200
1101189
633521
1583508
1583714
991336
806674
752202
1100741
1001531
1417603
967993
698350
635484
941612
992400
1209156
1202534
1275400
1304810
1698910
873696
708567
875390
352577
499799
1290995
1350853
1210824
668219
2190346
685397
1388860
592674
205767
1831255
1405029
2192112
1281576
1154634
1834324
765729
992913
1271736
1569090
608073
1145434
1336327
1621121
1468476
1182225
1309380
356042
1217328
1358280
1237014
625179
269113
1221270
1591166
1007367
1244169
899357
590547
1368770
603866
1045873
1620539
1035949
1520101
520002
1080995
777604
1050108
1568898
859493
481691
500282
1505375
2217401
747495
1698781
1044706
2018228
878645
1098940
423186
411487
654051
1381330
1737590
1513460
959601
1774279
746604
904201
1731442
737191
811120
522606
1255607
1265581
785601
244403
1484260
1554390
307508
1230982
928591
1552595
1015055
812210
1401279
599237
1340413
2071385
363544
1084207
858594
1268582
1511016
366079
1461639
1168334
2094898
852717
651380
859367
960004
1501887
957302
1433676
984880
676564
421159
701540
667558
836791
929172
429021
472918
145147
183122
508594
1558459
398686
442221
982443
1550395
823899
1387851
982444
1444350
1099915
1545160
1165647
456524
547247
1593453
816606
2048920
672186
635340
1007712
287353
787869
1475835
1395471
793678
1470454
1634715
216253
1031052
1043496
660588
1305867
469213
1720777
1491555
460109
1625342
1497143
742390
1270512
792566
504877
1124339
635859
1625390
1427958
1371905
1192537
2379444
1143347
278603
406027
1569648
744359
1177850
1545833
1055548
1571238
1222500
492776
1152332
520620
685355
222795
1041880
229928
1107478
1069583
1452403
1178523
621724
889848
1379801
466975
1403781
328494
1303814
723087
1050555
1930981
1823346
793583
1027683
1317839
1065617
1742382
1847227
2023737
1936996
1494811
1829271
1622966
1276812
1222961
864185
1073487
1443401
938183
1078799
730457
1365319
1167560
799227
1285144
757627
1715971
897662
1623700
1066148
921344
1343287
1182997
996906
825360
232360
1299269
105646
1686542
1104168
958411
1806478
242678
536957
908646
710096
1428799
1604215
677323
2163864
1184265
1466888
1609363
521538
1332479
1178743
1113104
775825
527639
2068159
1593573
1572421
78644
270883
1121445
1326395
481096
999902
1623064
513098
470472
1190084
525461
332695
1292021
966283
1237774
1008194
1381069
999591
461414
1592975
831683
1519189
1206362
1177375
1265621
287810
1256755
1247637
1490302
1386861
543844
1626342
857818
1185888
581912
1313207
1158007
1242511
1758693
776919
612433
1494482
1384404
1817022
1761628
281356
632540
859614
585915
1373203
1706616
51137
1168545
1054865
1477152
604709
729234
1428174
1245239
332760
1365165
911261
1410394
1277971
926412
1494942
1655967
737381
1062429
1310479
1483942
713515
752005
866457
1190503
990381
1490735
156486
1921644
841015
766616
1225273
626364
908474
869397
1632935
969192
664300
690986
1160833
1125753
1167756
1450538
707604
752776
1256822
543421
1968189
1680106
326201
1421243
535739
900649
369669
1099114
1213785
1426561
662562
448816
1595991
1511902
1788950
1317598
1701719
1364046
642143
178469
720144
774962
742648
1115613
716633
1145035
848776
1096731
1419778
1118533
607304
1081515
949294
1082737
234330
1039964
1738764
924988
1766689
1660747
1180369
1112525
1167901
791682
944465
865096
1012699
1108924
973600
364571
1492132
1390083
1703575
914161
843994
399907
1335302
1630925
1310980
390426
1635102
782320
444697
281226
1404380
899295
309932
971036
995747
878647
1702859
1667398
386641
997602
1817003
598191
1485751
477165
1712844
769183
384125
1201828
866191
1221805
329257
857395
573508
1347235
1273694
1976948
1258458
1598363
1078502
440661
413425
510497
497168
1252487
432969
378289
953251
1443117
1066954
956362
1060700
1927831
1367349
755564
623905
1076396
1414427
1151928
945646
1863298
1361327
1309605
786863
875699
1243894
793504
1880917
704022
1672653
1475375
1330104
812784
769621
684170
335650
910558
742867
1728391
796316
1059067
1406809
508007
1460079
2142553
628371
1156390
1705031
471735
1239375
1108533
1457727
871343
1263735
894856
1021098
488789
1168997
528541
1958462
1042994
1188132
1684364
943020
414887
995037
817388
1035664
1350837
1434905
1604455
618079
966411
1169917
365869
775543
578911
579052
505727
1233137
349957
1140829
996842
724556
1011840
1047128
1436057
1216177
1527376
1176612
1476233
784476
1486323
646960
635183
1691182
815084
373558
1046355
786127
1503734
1340528
1194922
1448961
490822
1205200
1160782
1220503
1146457
988689
1288150
872918
1400679
1510291
1947780
1582427
961337
1112111
1426562
1113426
1153294
1340822
2012409
639671
1551094
746110
625355
627111
1374468
2142176
846575
1291852
1140481
1081533
732230
1042411
1021416
1896869
210013
924375
1153696
487411
1263692
286540
1229630
1197851
799766
1223075
527419
1113544
914973
1173388
1500619
292454
517736
1986654
467092
88448
702897
1677118
771880
1237304
930175
1474753
2607318
1083860
1845722
2330795
1339507
595565
1010269
1411618
1770841
892634
1416529
582763
929386
911843
1403582
1043645
674315
1032136
566490
450279
1170914
565005
1679952
1627003
1682168
2153973
1240461
2592194
677186
1219040
888958
1182861
1009244
1151533
1085019
1855952
179349
676865
1192147
319327
1245266
1966751
495011
1271598
1038581
852196
1726887
869909
454509
778029
887176
172409
738726
1049590
175129
880429
1305524
701723
655903
857939
1462689
1198323
1141569
1363153
654222
342847
927361
686094
885731
967086
1216312
422627
1343017
2152735
1001388
1975621
1569194
1556609
1325689
1192951
2242440
1096873
677322
432005
1536148
916492
305530
637548
1858936
1841549
1453008
1757649
480633
1181385
836204
938953
1327320
901094
1438606
1793947
1920195
1174872
1101118
908338
1324134
1256917
1463804
1162882
1518234
443584
730087
839520
1779361
1334980
391219
1721690
1294273
1275237
642158
1371525
846145
1190599
711761
1020886
430293
792991
1040685
679562
811941
1373890
1051834
557016
1230688
1228179
439089
1087628
634939
1394902
733974
1284865
1566373
1732435
614331
1690387
768697
284577
970018
847647
492352
1002991
1546399
1105413
457807
554751
656602
792854
597492
1303040
1612488
1657708
1898623
603189
1228121
1411787
550525
1571098
976104
1359926
641914
1533009
1036395
1364282
750640
317133
822820
1632136
1197118
1506918
1332941
1518996
461780
409065
706073
1299120
483008
1019410
911147
1421914
1351413
741491
759047
1092685
1796484
1437316
1721386
516322
1781272
796547
862563
648243
2541075
636650
536885
1166109
1543276
525244
747054
899670
1300452
890961
1685840
1533530
1356777
472959
549117
1267710
742540
1176760
1592093
884075
241604
306338
1361850
939583
1430917
1322799
977034
1498153
747272
1219923
535267
1157351
883490
980496
1430122
1109183
1580599
725157
667285
702176
1165379
1556499
1341632
1454026
979070
1221556
521124
1689097
307801
1003687
865224
773143
517146
1549767
1533683
681984
2086176
361357
1205690
1519074
1674062
272514
502400
1383950
1505022
789998
807892
1151151
1869917
877192
1486877
1250724
1383186
830449
1939014
1467847
1247585
638077
357287
1014886
432877
718738
1262810
456328
297858
1407464
892513
207158
822167
1510116
1077742
465279
387162
1040179
919774
2142469
1457576
1220281
663465
565194
1468317
1309521
453407
890886
2215089
752306
1070920
1134636
895273
1989960
924370
857190
101638
426252
1548011
572382
1632810
1003563
835270
894457
1576683
456435
1610073
517187
1791068
1006123
621432
1187546
1292953
924183
2314684
718841
1308285
1858276
1313070
1345994
1082671
1049266
696801
1196019
1465144
1443492
1754358
1116713
118864
1564985
1110198
1304633
1105183
1070297
973949
1633361
1335236
1863043
730301
732763
611392
1546043
876583
438247
1720371
1687488
1369818
1633687
1062598
1247186
924136
1102766
1699110
1871318
506437
1326209
1691473
1365147
716503
1268098
968354
847143
1136505
558261
415425
963772
853489
901419
1330774
1396209
1217081
779901
987319
1570922
1235473
1559077
1376119
607420
1270295
1109606
457563
1166433
656431
1408944
982132
1036199
751448
994098
989792
650109
1429960
1289880
2003734
596661
1265917
752862
1251509
1176959
1209594
421370
553665
1074923
1762996
1610312
1104414
881044
1836437
710033
1577704
1410185
1342905
997508
1165555
636657
594443
1431131
972057
1303603
1712202
933164
1469066
1818892
867065
1885310
442011
2094281
1088136
1062336
310268
1340462
964431
1512810
1571623
592498
1105221
970070
1500965
457365
1359847
157077
1356870
1576114
402067
465283
1372997
1376937
1221414
1358339
1238929
966803
620889
164609
1334626
1413320
533472
1080908
543690
1182060
1084921
1215136
858916
449767
433477
2136414
1041826
1290273
1110101
1678939
1236720
1739166
317275
1405915
856106
983637
1537347
1014349
516122
1119743
554203
815979
1413884
1286789
985388
821266
307492
1182678
686994
561553
1255712
855032
898682
1000019
509437
1137741
1536419
1661926
535999
845046
254531
1232214
810998
892857
1183576
1945993
473825
345970
1835686
559416
1126628
373955
1463636
1060992
1531671
859384
305215
386175
1436795
966040
925080
1063268
1172702
1295581
1697496
891288
1946455
1318104
758094
1025437
1045911
1234656
1281586
663266
2282619
316304
589867
1472666
1386541
537267
831708
1154847
1854076
1865342
1179537
2100355
889085
2469066
1388347
545208
1870613
1145212
1000890
2457866
1450574
599270
629246
1094784
1145568
1270949
925747
275642
1241965
1182031
1274709
801253
1045765
1152619
1042131
1136386
1112595
1060489
1414453
751011
782090
1928656
748402
1068554
1450246
533036
813350
725710
480873
2402339
550518
841338
1289043
1031464
1218592
1208553
1440855
754094
455860
1490477
1725969
931446
788921
1555918
737184
856958
1189788
544673
754464
901147
782547
1147351
1347036
691786
248212
689615
590137
1031567
919718
226193
1346800
1078955
393341
1098724
795083
742849
122730
959673
1239136
1054776
1287314
696794
1277522
931660
1031297
1126377
1135048
673605
538972
953333
1053584
1076772
715532
343256
1187515
836727
581497
671331
1747709
1024761
1029637
1188441
864646
700528
1105841
1680369
1696974
1167183
840455
493330
1548699
1321935
1805249
1065954
348221
626467
1446110
923826
1281707
224142
1323448
1244018
1067466
823178
1357438
1781634
990453
1387405
1189132
694024
403151
1261745
2258946
1398538
576999
374324
113665
979661
924938
1528849
1247375
397149
1356054
110575
1076447
296630
849004
1221923
541000
1417829
468975
760965
397420
1005347
237943
2083190
542918
1138283
1510708
1514124
953427
916703
877203
1016888
483725
872674
1305294
1514978
1368781
1862085
770140
1584918
1459303
958531
1513808
1470803
497791
1083177
1632209
2268466
1624494
1636631
1310663
1238446
1021451
1820876
2127703
1089713
1240464
244933
975043
967406
512676
1150235
1487076
478619
1462192
2332828
1176794
1362590
1298260
945157
1492099
648894
1138261
211219
1153753
886912
1008461
915819
1591981
1151407
1155912
1437014
1182428
1404823
954434
1092494
1197135
1318737
647298
1401870
455509
1301239
864131
1654569
1930822
1341678
793421
861608
1205292
888052
798979
1201807
1395763
1460638
669171
1020358
485171
1054452
227883
1236637
476757
1448564
971208
369354
505929
2574590
610297
998411
720032
1516868
1584482
704132
1806147
920185
