560
378
592
593
1201
1201
108
108
969
418
509
509
3785
22
2452
400
400
400
1067
991
1883
1883
400
671
671
860
4866
5136
157
269
2818
269
18
269
269
269
873
157
1594
5309
354
3028
57
57
6229
873
112
57
4871
158
672
5966
158
1442
2953
1442
158
672
1576
982
873
1832
1495
1139
1139
774
1798
774
4513
397
4513
623
267
81
837
358
837
81
777
777
671
846
7943
873
31
837
671
10162
716
960
372
2809
2385
454
12
8115
86
10039
4
791
9
3513
2342
7504
276
538
722
111
51
1975
13
13
361
51
1908
51
4420
3760
1808
1951
604
2564
597
950
597
81
597
1124
28
133
1456
588
28
4
12645
553
16559
4939
553
1000
1063
1488
1063
278
1647
14589
7
573
2019
2920
6034
2019
145
145
2019
13124
408
998
669
1197
7885
34
34
34
302
1401
24
2449
24
18231
24
754
24
375
1013
597
597
6754
9138
1217
877
2166
3593
6233
452
339
339
339
339
