-67443
-313642
-198812
NO PATH
-216061
NO PATH
-354020
-167160
NO PATH
NO PATH
NO PATH
-123407
-136971
-153815
-163001
-310206
-266785
NO PATH
-11515
NO PATH
NO PATH
NO PATH
NO PATH
-313978
-137141
-177928
NO PATH
-117014
-255677
-301218
-50350
-24831
-234306
NO PATH
-116670
-159417
NO PATH
-94986
-93883
-111087
-108574
-93626
NO PATH
NO PATH
NO PATH
-328742
4878
-361568
-25128
-112679
NO PATH
-79306
-223671
-44936
-90001
-106823
-326992
-93295
NO PATH
-311451
-34146
-108023
NO PATH
NO PATH
-283161
-181166
-361515
NO PATH
-28139
-81606
-181504
-240019
NO PATH
-347552
NO PATH
NO PATH
NO PATH
-63865
NO PATH
-60652
NO PATH
-80772
-329363
-323471
-223394
-63349
-125015
-274505
-356195
-212528
-318921
-98840
-64639
NO PATH
-188193
NO PATH
-312659
-187524
-64866
NO PATH
-12651
NO PATH
NO PATH
-11908
NO PATH
-70924
-179244
-86241
-316612
-266297
-250770
-317819
2579
-192236
-342963
NO PATH
NO PATH
-119121
NO PATH
NO PATH
NO PATH
NO PATH
-287033
-125158
-91186
-112185
-319451
-54893
-53733
-21633
-180390
-130754
-163507
-324843
-363564
-249663
-29900
-165658
-63186
NO PATH
-159740
NO PATH
NO PATH
NO PATH
-352674
NO PATH
-45900
NO PATH
-210977
-106520
-117663
NO PATH
-200159
-65750
-263801
-29425
NO PATH
-206097
-146867
-66230
NO PATH
-89112
NO PATH
-224724
-114146
-20104
-113517
-252906
NO PATH
-369068
NO PATH
-177069
NO PATH
-63134
-194192
NO PATH
-195450
-347312
-75232
-67755
-161854
-329049
-160004
-101255
-96955
-81779
-228134
-108730
NO PATH
-108682
-360570
3330
NO PATH
NO PATH
-339496
-136000
-110196
-149203
-117119
-114870
-155727
-160301
-62870
-300494
NO PATH
NO PATH
-324896
-262706
NO PATH
-106006
-72836
-338904
-90288
-360941
-70241
NO PATH
-80254
-20025
-116253
-201378
-239750
-186363
-309287
-278118
-330443
-363843
-130647
-80311
-242850
NO PATH
NO PATH
-52222
-198054
-98915
NO PATH
-361202
-165673
-15023
-267038
-254924
-232370
-55642
-210193
-59082
-41645
-19378
-62182
-318955
-114840
NO PATH
-134636
-21336
-224586
-178011
-2441
-155940
-161597
-269015
NO PATH
-71816
-311584
-34670
-310668
-235738
-234942
NO PATH
-225007
-61389
-166199
-194612
-34321
-69208
NO PATH
NO PATH
-310575
-118235
-88107
-73472
-79714
-329566
-93635
-345548
-64566
-49090
-246367
-243469
NO PATH
-76175
-124294
-105931
-336882
-147305
-255675
-342597
-47693
-116844
NO PATH
NO PATH
NO PATH
-272115
NO PATH
-108291
-66075
251
-180350
-4011
-234782
NO PATH
-254736
-35100
NO PATH
4458
-97592
-184598
-209103
3747
-79715
-348921
-250937
NO PATH
-99006
-222197
-214913
-77638
-199959
NO PATH
NO PATH
NO PATH
-67486
NO PATH
NO PATH
-145309
-119604
-67171
-359884
-67049
-256347
-227192
-130238
-144339
NO PATH
-318183
-348653
-180420
-122806
-282657
NO PATH
NO PATH
-269091
-272477
-3354
-81168
-118326
-327916
-269484
-67539
NO PATH
-287728
-79083
-189784
NO PATH
-80474
-90873
-265469
-354599
-85990
NO PATH
-223696
-45932
-240449
-35101
-115848
-179764
-92206
-52117
-69499
-7970
-66385
-114131
NO PATH
NO PATH
-306541
-161246
-291332
-290973
-148893
NO PATH
NO PATH
-89322
-246473
-351243
-197656
NO PATH
-75475
-113957
NO PATH
-289513
-179637
NO PATH
NO PATH
-133192
-113518
-290909
NO PATH
-307084
NO PATH
-229166
-37354
-201442
-79565
-106384
-293816
-30653
-17097
-192879
-31094
NO PATH
NO PATH
-77170
-91712
-291026
-121046
NO PATH
NO PATH
-352651
-244309
-34797
-353296
-77818
-116663
NO PATH
-345115
-353940
NO PATH
-51421
NO PATH
-20676
-20914
-51462
NO PATH
-165235
-356350
-330502
NO PATH
-89359
-252528
-66324
-93704
-290848
-338216
NO PATH
-195270
-107544
-29910
-310922
-154293
NO PATH
-59957
-125601
-165206
NO PATH
-265136
-148606
-359517
-332310
NO PATH
NO PATH
-52576
-45137
-211593
-88067
NO PATH
-194374
-116516
NO PATH
-24219
-34952
-136760
-212482
-42686
-193499
-318761
NO PATH
NO PATH
NO PATH
NO PATH
-230619
-86625
-119918
-34611
NO PATH
-132005
-31292
-252823
-220004
NO PATH
-313092
-328860
-122100
-69372
-160046
NO PATH
-185875
-106509
-168756
-313203
-318276
-352107
-157329
-254226
-25428
-12415
-187704
-165891
-132925
NO PATH
-286656
-29045
-110274
-76196
-247866
-192786
NO PATH
NO PATH
-104695
-359289
-77903
-120085
-319772
-329584
-314434
-199771
NO PATH
-211892
-46781
-308790
-136101
NO PATH
-271704
NO PATH
-348379
-12966
-145904
-273633
-309485
NO PATH
-285047
-308961
-165773
-42075
-14881
-76529
NO PATH
-118651
-129861
-180847
-117241
-359163
NO PATH
-144629
NO PATH
NO PATH
-3406
-35298
-311007
-234069
NO PATH
-102219
-345542
NO PATH
-254856
NO PATH
-136213
-117344
-322241
-165091
-195794
-249055
-106210
-25158
-1656
-315753
-278162
-94406
-76007
-154592
NO PATH
NO PATH
-238121
-76193
-169102
-367531
-133117
NO PATH
-34519
-98021
-262397
-160367
NO PATH
-233721
-328502
-359290
-363771
-181695
-115341
-316068
-85338
NO PATH
-276030
NO PATH
-169727
NO PATH
-344234
-96212
-188144
-119333
0
-224346
-249455
-340197
NO PATH
-85282
-344747
-194551
-96156
-86672
-34236
-20336
NO PATH
-52459
NO PATH
-31772
-54690
-35002
-338454
NO PATH
NO PATH
-58694
NO PATH
NO PATH
-131470
-349508
-1919
-116146
-160569
-317044
NO PATH
-277523
-162690
-343210
-334430
-315568
-119168
-327135
-225323
-355356
-110387
NO PATH
-75732
-205582
-197229
-221297
-344399
NO PATH
NO PATH
NO PATH
NO PATH
-76958
-130797
-68309
-132250
NO PATH
-57065
-262064
-268648
-340794
-206917
NO PATH
-330090
-105890
NO PATH
-293329
-124050
-286648
-341149
-88606
-266906
-91074
-155096
-66439
-34567
-19791
-20020
-88191
-98446
-95600
-110835
-159712
-290766
NO PATH
NO PATH
-132739
-52138
-185600
-66926
-30539
-254223
2116
-110306
-203941
-307478
-253106
-223644
-68315
-161726
-187762
-264987
-82587
-30802
-132605
-352173
-149883
-287501
-85553
-366395
-98322
-300208
-166760
-779
-309957
-291412
-77619
-94195
-65587
NO PATH
-353531
-267588
-359430
NO PATH
-34598
-272561
NO PATH
NO PATH
-136996
-158699
-202059
-84087
-127586
-9682
-206004
NO PATH
-75730
-9890
NO PATH
-251500
-94526
-233528
-270739
NO PATH
-344090
-187314
NO PATH
-71195
-24601
-155838
-245823
NO PATH
-88879
-228367
-69111
-308385
-246900
-134863
-352101
-117953
-57317
-267765
-324237
-303790
NO PATH
-254888
NO PATH
-176256
NO PATH
-102238
-81747
-169601
NO PATH
NO PATH
-293021
NO PATH
NO PATH
NO PATH
-195142
-52260
-230508
-92068
-123517
-54588
-62485
NO PATH
NO PATH
-23029
-186338
-65476
-252815
NO PATH
NO PATH
-274248
NO PATH
-76916
-160700
-62862
NO PATH
-268865
-267836
-99541
-164771
NO PATH
-290900
-104366
-103057
-320407
-153205
NO PATH
NO PATH
-116572
-244552
-325847
NO PATH
-29565
NO PATH
NO PATH
-122945
-297727
-248514
-109013
-355095
-329053
-54827
NO PATH
-43283
NO PATH
-116232
-121171
NO PATH
-114384
-344055
-191827
-258022
-341333
NO PATH
-24025
NO PATH
-340890
-154997
-9453
-154160
-61031
-68454
-166327
-165267
-75502
NO PATH
-52228
-76463
-252113
-264225
-70198
-216671
NO PATH
-126954
NO PATH
-93800
4821
-222136
-119319
-312526
-301812
NO PATH
-198303
-266971
-116085
-340434
NO PATH
-153204
-117461
-37642
NO PATH
NO PATH
-283471
-272525
-185068
NO PATH
-290327
-358198
-145373
-250746
-356591
NO PATH
-110796
NO PATH
-168283
-309787
-122356
NO PATH
-240538
NO PATH
-315270
-247727
-72816
-131215
-249939
NO PATH
-184859
-263114
-204884
NO PATH
NO PATH
-313721
NO PATH
-324614
-316515
NO PATH
-24195
-311338
NO PATH
NO PATH
-174683
NO PATH
NO PATH
-44482
-42277
-344290
NO PATH
NO PATH
-359484
NO PATH
-74020
-287608
-287677
-361393
-147030
-172808
NO PATH
-3549
-89206
-323282
-80396
-111755
-355715
-268049
-141238
-270597
-277367
NO PATH
-215133
NO PATH
NO PATH
-67743
-76634
-44890
-186582
-271755
-92089
-368644
NO PATH
-85427
NO PATH
-90067
-94293
-340089
-85533
NO PATH
-117989
-180450
-77722
-353979
-146909
-362343
-159861
-137586
-357432
-64394
-147178
-344751
-114905
-32044
NO PATH
-224136
-256784
-127469
NO PATH
-175360
-75704
-182388
-161061
-157375
NO PATH
-210475
NO PATH
-265910
-261036
-157683
-355916
-120943
-2568
-132751
-106265
NO PATH
-232901
-9328
-232187
-213549
-252428
-113011
-185468
-34435
-247669
-289755
NO PATH
-223428
-117521
-79344
-63102
NO PATH
522
-348106
-197997
-151228
-290289
-190126
-74568
-284693
-101657
-137855
-64121
-309838
-41043
-360988
-306853
NO PATH
-19837
-255107
-322848
NO PATH
-8739
-147661
-115493
NO PATH
-148354
-205802
-324494
NO PATH
NO PATH
-90022
-3892
-106067
-129773
-323013
NO PATH
-94747
-248478
-177268
-87938
NO PATH
NO PATH
-255267
NO PATH
-187139
-248653
NO PATH
-213293
NO PATH
NO PATH
-162940
-65009
-120222
-67040
-306668
-207356
-336727
-126858
-254916
2709
-256516
NO PATH
-97475
-23644
-252167
-125254
-115068
-78654
-34318
NO PATH
-263259
-195104
-123243
-244962
-321644
NO PATH
-198754
NO PATH
NO PATH
NO PATH
-24037
-207474
-71372
-252184
NO PATH
-82927
-170154
NO PATH
-343576
-131721
-77544
-326204
-255023
-361316
-69692
-229552
-125166
-313943
NO PATH
-360403
NO PATH
NO PATH
-167684
-241288
NO PATH
-224254
-351991
-212432
-330481
NO PATH
-226373
NO PATH
-318471
-30163
NO PATH
NO PATH
-197709
-339808
-90653
-266271
-115573
-343697
-239629
-93574
-351489
-36978
NO PATH
-189036
-51748
-96143
-179733
-120111
-213844
-106844
-33013
-225667
NO PATH
-15082
-147557
NO PATH
-99974
-106105
-101100
-66228
-238793
-249282
-166873
-89587
-217047
NO PATH
-13048
-70709
NO PATH
NO PATH
-256695
NO PATH
-95500
NO PATH
-354864
-255277
-225073
-253174
-114327
-156360
3566
-256566
-115103
-153263
NO PATH
NO PATH
-198932
-195408
-212472
-55574
NO PATH
-102911
NO PATH
-345773
-312187
-357441
NO PATH
-45807
-64581
-62365
-113856
-56702
-169725
NO PATH
-163246
-164032
NO PATH
-115701
-68155
-148107
NO PATH
-252802
-75842
-146420
-69865
-147417
-273819
2090
-84022
-118523
-141664
-255226
NO PATH
-291264
-233418
NO PATH
-357853
-327597
-114486
-57057
-2702
NO PATH
-284475
-318247
-12739
-91466
-186481
-41963
NO PATH
2370
NO PATH
NO PATH
-370131
-100653
-346824
-122489
NO PATH
-254397
-255387
-254475
-110274
-116423
-120926
-162418
-118318
-29817
-262970
-112751
NO PATH
-107531
-368316
-163939
-160555
-273229
-114518
NO PATH
-95856
-52296
-122907
-123338
-117385
-172294
-325560
-121625
-3989
-325032
NO PATH
-145670
-206131
NO PATH
-71742
-52257
-206605
NO PATH
-344289
NO PATH
-70884
-338259
-206605
-228317
-74490
-187722
-45252
NO PATH
-188044
-360606
NO PATH
NO PATH
-42457
-251716
-257672
-309566
-135440
-225691
-156181
-262850
-168125
-297329
-137056
-108998
-287300
-339271
-283249
-123553
NO PATH
-344694
-328560
-231663
-306963
-153149
-176803
-94770
-29008
-352323
-161726
NO PATH
NO PATH
NO PATH
3085
-157773
-342002
NO PATH
-187003
-123751
-327109
-3154
-116345
-221870
-2742
NO PATH
NO PATH
-34939
NO PATH
NO PATH
-283328
-66917
NO PATH
-232878
NO PATH
NO PATH
-119909
-224693
-241631
-352541
-270112
-127899
NO PATH
NO PATH
-129159
-102739
-233929
-115307
-187527
-76816
2284
-143333
-261495
-222056
-26692
3791
-258668
-166751
-111631
-326297
-284507
-108838
-97746
NO PATH
-80740
-219104
-97682
-319848
-162785
NO PATH
-289668
-166212
-222055
NO PATH
-231787
-17417
-138687
-175815
-344480
NO PATH
NO PATH
NO PATH
-345846
-367966
-308141
-76567
NO PATH
-262310
NO PATH
-208195
-326196
NO PATH
NO PATH
-123732
NO PATH
-233764
-1267
-252203
-178077
-301650
-348685
-179398
-104062
-214431
-246917
-74950
NO PATH
-51418
NO PATH
-9155
-121750
4169
-153239
-199492
-79537
-166413
NO PATH
-251026
-98021
-29039
-175296
-118533
-56041
NO PATH
NO PATH
-169881
-233433
-34694
-82858
-68006
-60296
-77036
NO PATH
-344852
-20490
-255687
-60695
-149120
-35388
-126111
NO PATH
NO PATH
-253089
-155851
-196548
-66949
-4303
-329123
NO PATH
-272808
NO PATH
-255873
-63992
-118530
-252937
-91719
-54073
-120722
-319113
-231863
-319778
-76682
-33980
NO PATH
-64623
-233763
NO PATH
-318039
-110683
-116318
-89020
-115727
-119863
-81585
-25086
-66082
-227647
-187224
-37937
NO PATH
-115147
-110880
-261253
-313959
NO PATH
-131991
-95350
-122196
-30837
-66184
-17524
-58343
-241380
-227758
-163054
-34678
-105218
-186308
-60939
NO PATH
NO PATH
-351700
-250642
-310645
-64505
NO PATH
NO PATH
-20933
-215849
-194590
-109543
NO PATH
NO PATH
-31473
-1245
-63360
NO PATH
-199459
-289484
-109133
NO PATH
-9475
-266620
NO PATH
-347111
-95568
-151162
-162313
-21979
-327013
-225487
-147939
-317724
-116035
-100312
-74561
-236008
-288996
-277763
-93305
-118446
-43083
-267814
-211221
-135213
NO PATH
4088
-254438
-324632
NO PATH
-13735
-39660
-112936
NO PATH
-90809
-170489
-199604
NO PATH
-19596
-331282
-351625
NO PATH
-115107
-312961
-283471
NO PATH
-101076
-118709
NO PATH
-27166
NO PATH
-187042
-132729
-353014
-127208
-46154
NO PATH
-241948
NO PATH
NO PATH
-360722
-117969
-69034
-110581
-246906
-361191
NO PATH
-95038
NO PATH
-124579
-118565
NO PATH
-273442
NO PATH
NO PATH
-201178
-56553
-164691
-72343
-98054
NO PATH
-226006
-35113
-176241
-187230
-287821
-346022
NO PATH
-254871
NO PATH
-20778
-241852
-318421
-262904
-78697
-175651
-267418
-204178
NO PATH
-360695
-70381
-155683
-56494
-7261
-255013
-117763
NO PATH
-15254
-52658
-161360
-225083
-92204
-56878
NO PATH
NO PATH
NO PATH
NO PATH
NO PATH
NO PATH
-273379
-134772
-161413
-138011
-97096
-91854
NO PATH
NO PATH
-80621
-274487
-65433
-70397
NO PATH
NO PATH
-213500
-153187
-291579
-80104
-290895
NO PATH
-218244
-104936
NO PATH
NO PATH
-345984
NO PATH
-65505
NO PATH
-20264
-224442
-113283
NO PATH
-97725
NO PATH
-160367
-327821
-219596
-331615
NO PATH
NO PATH
-234694
-230008
-115901
NO PATH
-286201
-76698
-306423
-204514
-249231
-214061
-359797
-104687
-54094
-367081
-257256
-35284
NO PATH
-39202
-92471
-159747
-368979
-329705
-185639
-98640
NO PATH
-94146
-116302
-337670
-67499
-319222
NO PATH
-22768
-168858
-215255
-72377
-99338
NO PATH
-80848
-30042
NO PATH
NO PATH
-107208
-186330
-97649
-177037
-85453
-242122
NO PATH
-214024
-65257
-160621
-210659
-102347
-42065
-43376
-178661
-243175
NO PATH
-228518
NO PATH
-340087
-344709
-69612
-224517
-186923
-327464
NO PATH
-325870
-51901
-169315
-322547
-168480
NO PATH
-142912
NO PATH
-222926
NO PATH
-368799
-315511
-301147
-62806
-119728
-228538
-347026
-257476
NO PATH
-158369
-117744
-10093
-117194
-297825
NO PATH
-108193
-85702
-300266
-35911
-116386
NO PATH
NO PATH
-290404
-352912
-23866
-167292
NO PATH
-291464
-309648
-347093
NO PATH
-311991
-265929
NO PATH
-77039
-41489
-319209
-65795
-39386
NO PATH
NO PATH
NO PATH
-123932
-178689
NO PATH
-265904
-33297
-88501
-291145
-132256
-325799
NO PATH
-244859
-331973
-359601
NO PATH
-124359
NO PATH
NO PATH
-81088
-56869
NO PATH
-103811
-46560
-61047
-273848
-264525
-81372
-64443
-26323
-119143
-103783
-33940
NO PATH
-27935
-45604
-277875
-138153
-316063
-201283
NO PATH
-359616
-311147
NO PATH
NO PATH
NO PATH
NO PATH
-253116
-81509
-93921
-63164
-323610
-150271
-277092
NO PATH
NO PATH
-265620
NO PATH
-116321
-52451
-106895
NO PATH
-264562
-233036
-74172
-12097
NO PATH
-78169
-262177
-35603
-21818
NO PATH
-31456
-39382
NO PATH
-62837
-44260
-138906
NO PATH
-320275
-362310
-112367
-258740
-246165
-111636
NO PATH
-306130
-38680
-129143
-148444
-165174
-361525
-253278
-164651
-327266
-64410
-313375
-33750
-243735
-287768
-153838
NO PATH
-353826
-309623
-31791
-26520
-75551
-253150
-290965
-115004
-199719
-277002
NO PATH
-166067
-149007
-193680
NO PATH
-170811
NO PATH
-128137
NO PATH
-340410
-220452
NO PATH
-126400
-166897
-111296
-148138
-339390
-85101
-85695
-212148
-153724
-124025
-147136
-313816
-360528
NO PATH
-290733
-261435
-185707
-201169
-260745
NO PATH
-116031
-127883
-191608
-114645
NO PATH
-345537
NO PATH
-119177
-324072
-331393
-290007
-101123
-227884
-111263
NO PATH
-282113
-324082
-252603
-119383
-112587
-46040
-20328
-125758
-33618
-75148
-76269
-31076
-8392
NO PATH
NO PATH
NO PATH
-224882
-171653
-323773
-73790
-344883
-307550
-151536
-100159
-343934
-115044
-38152
-76436
-8219
-254812
-233143
-3674
-302143
-120558
-241640
-64324
-356789
NO PATH
NO PATH
-26299
-96059
-87507
-226143
-176833
-267407
-269064
-315037
-125093
-145079
-352594
NO PATH
-124990
NO PATH
-186784
-362698
-343608
-64010
-100532
-112880
-244594
-86355
-74013
-345743
-20633
-324380
-222751
-131798
-308670
-331100
-178843
-54271
-53042
-2601
NO PATH
NO PATH
-9310
NO PATH
NO PATH
-337233
-163998
-62914
NO PATH
NO PATH
-63219
-198769
NO PATH
-109174
NO PATH
-232106
NO PATH
-330880
NO PATH
-125399
NO PATH
-69572
-160106
-369492
NO PATH
-193144
-323819
-330491
NO PATH
-83955
-70660
NO PATH
-136460
-153025
NO PATH
-252539
-117322
-314424
NO PATH
-126276
-358805
-180526
-76912
-26459
-30908
-148366
NO PATH
-150832
-212171
-55857
-29179
-342941
-210707
-329611
-343487
NO PATH
-165624
-291908
-331816
-261473
-26501
-34031
-307735
NO PATH
-316914
NO PATH
-263142
-146991
NO PATH
NO PATH
NO PATH
NO PATH
-332483
-108707
-90333
NO PATH
NO PATH
-166477
-252415
NO PATH
-345911
-21112
NO PATH
-263464
NO PATH
NO PATH
-262516
-331084
NO PATH
-328889
-230155
-62346
-9507
-254422
-122843
-33060
NO PATH
-126242
-306516
NO PATH
-164756
NO PATH
-72048
-215131
-276070
-345439
-318324
NO PATH
-249179
-289243
-51377
-292591
NO PATH
-84165
-273650
-96770
-87942
-168596
-76067
-115574
-231450
NO PATH
NO PATH
NO PATH
NO PATH
-141744
-89143
NO PATH
NO PATH
-113782
-65632
-306321
-271603
-319540
-159971
-164662
NO PATH
-175734
-294759
-261257
-188119
NO PATH
-184877
-250508
-235785
-116759
-81671
-54405
-45225
-249821
-359860
-9346
NO PATH
NO PATH
-65230
NO PATH
-240737
-345737
-104116
-358230
-164085
-271888
NO PATH
-86688
-207617
-254811
NO PATH
-232796
-98427
NO PATH
-196535
NO PATH
-81040
-122941
NO PATH
NO PATH
NO PATH
-162601
-99975
-189711
-80037
-90803
-322863
-180043
-171116
-29730
-355946
-116704
-83693
-101282
-215921
NO PATH
-90221
-329240
-107153
-33647
-225854
-185585
NO PATH
NO PATH
-319840
-313523
-97662
-37181
-148256
-205295
-154326
-252335
-33922
NO PATH
-100266
-313430
-257167
-117803
-114517
-154728
-357057
-203743
NO PATH
-85713
-42189
-368315
-91941
-222107
-339351
NO PATH
NO PATH
-176658
-233649
-67846
-354239
-176483
-83940
-88560
NO PATH
-359187
NO PATH
-202267
-343051
-129719
-289986
-133378
-98838
-287086
NO PATH
NO PATH
-84859
NO PATH
-301470
-114513
-108328
NO PATH
-214683
NO PATH
NO PATH
-263023
NO PATH
NO PATH
-88339
-266535
-233681
-147651
-179655
NO PATH
-368591
-322213
-53377
-25762
-228206
-84621
-306053
-254592
-341040
-112584
-157205
NO PATH
-181038
NO PATH
-35618
-119306
-224177
-240975
-284028
-81470
-265373
-290173
NO PATH
NO PATH
-9920
-261814
-338390
-359382
-76932
-239242
-36639
-127554
-285030
-253056
-361787
-136481
NO PATH
NO PATH
-53660
NO PATH
-118878
-337489
-66219
NO PATH
-327201
-194691
-201889
-263656
-147293
-193776
NO PATH
-133642
-119001
-152463
-167605
-333263
-78428
-239881
-314278
-325206
-112400
-63485
-115583
-52687
NO PATH
-176155
NO PATH
-96991
-178236
-70018
-159224
NO PATH
-98644
-355239
-107845
-138162
-266938
NO PATH
-69462
-77743
-267934
-145739
-350878
-112300
-65996
-156742
-148256
-249184
-63810
-166383
-308699
NO PATH
-346479
-122520
-112694
-2210
NO PATH
-123164
-222788
-344808
NO PATH
-45599
NO PATH
-126655
-106649
-162229
NO PATH
-35902
-325869
-108672
-207405
-324339
-9225
-272468
-135982
-153245
-76187
NO PATH
-117462
-338432
-253047
-82140
-325983
-329480
-323526
-88854
NO PATH
NO PATH
NO PATH
NO PATH
NO PATH
NO PATH
-124047
-119456
-229856
NO PATH
-26878
-290201
-109494
NO PATH
-107562
-43004
-29864
-211204
NO PATH
NO PATH
-34860
-223607
-64167
-263301
-166137
NO PATH
NO PATH
-220945
NO PATH
-24400
-45623
-74145
-120711
-101388
-154801
-314812
-274797
NO PATH
-70344
-125278
-52406
-202735
-137732
-252836
NO PATH
NO PATH
-25947
-113036
-222875
-148601
-118533
NO PATH
-26224
-303158
-354934
NO PATH
NO PATH
-62362
-357019
-68152
-159602
-33459
-328148
-33831
-325155
-116255
NO PATH
-218523
-266442
-222876
-101169
NO PATH
-132556
NO PATH
NO PATH
-163439
NO PATH
-66948
-29415
NO PATH
-325447
-252908
-26681
-78234
-265952
-91469
-176362
NO PATH
-255472
-159420
-116635
-136551
-326163
-131495
-268881
-346273
-25957
NO PATH
-310068
NO PATH
NO PATH
-34926
-70016
-169926
-110837
-108275
4290
-289378
-357850
-186949
NO PATH
NO PATH
-176025
-80203
-167975
-98865
NO PATH
-22792
-147383
-252596
-314443
-12053
-62468
-342831
NO PATH
-68601
NO PATH
-28541
-217321
-345757
-124608
-248582
-99114
-337579
-84552
-337231
-132031
-261435
-328170
-219257
-101717
NO PATH
-263223
NO PATH
-176873
-160038
-213834
-180387
-315874
-35476
-91920
-345917
-224063
-344637
-317787
-229738
-31072
NO PATH
NO PATH
NO PATH
NO PATH
-217008
-352480
-142677
-269272
-60681
-186013
-118118
NO PATH
-167025
-373
-153606
-289804
NO PATH
-286986
-114472
-286861
-128221
NO PATH
-311941
NO PATH
-224668
-267648
-233414
-296670
-316326
-173950
NO PATH
NO PATH
-250838
-44829
NO PATH
-193821
-101771
-345518
-165517
-251079
-164949
NO PATH
NO PATH
-78162
-76967
-206153
-2038
-254052
-219664
-221614
-162828
-26111
NO PATH
-108075
-25655
-229207
-108227
NO PATH
-148666
-73193
-262649
-315570
-80021
-244246
-68444
-252881
-131427
-262226
-228546
2312
-258374
-115232
-70511
-316056
-331328
-346972
-224854
NO PATH
-225838
-101683
-315697
-107803
-225691
NO PATH
-358653
-359306
-275877
-92193
NO PATH
-131089
-360028
NO PATH
-160929
-125301
-313161
-369365
-62594
-99931
-355561
NO PATH
-287570
-241156
-234147
-76391
-248518
-176066
-119194
-113150
-355498
1564
-345448
NO PATH
-308914
-290718
NO PATH
NO PATH
-363389
NO PATH
-171534
-57030
-187062
-147151
-98233
-36104
NO PATH
-63972
-104272
-109652
-360938
-162150
-302733
NO PATH
-116588
-130622
-91077
-45049
-75594
-328040
-368617
-66532
-37235
-328942
-152978
NO PATH
-326979
-222438
NO PATH
-340161
-276232
-261061
-24328
-179729
-76688
-229207
-344569
-201087
-912
-151159
NO PATH
-84503
NO PATH
NO PATH
-90979
-306894
-232767
-359402
NO PATH
-54609
NO PATH
NO PATH
-219296
-79239
-53124
-31066
-126840
-88401
NO PATH
-306468
-66365
NO PATH
-194829
-254640
-179562
NO PATH
-206990
-250156
-318834
NO PATH
-115612
NO PATH
-202546
-306600
-67669
-18595
-255500
-21930
2992
NO PATH
-130771
-35682
-117805
-98876
-300383
-362022
-250859
-132827
-91722
-329902
-97837
-352714
NO PATH
-33402
-327181
-330161
-118953
-157802
-318058
-156074
-309014
-77338
-359427
-126892
-96251
-56767
-249660
-2642
-247508
NO PATH
-124480
-63089
-182649
NO PATH
-264423
-119733
NO PATH
-233356
NO PATH
-182499
-315488
-117779
-255913
NO PATH
-283654
-198774
NO PATH
-124111
-99351
-366003
NO PATH
-47342
-146362
NO PATH
NO PATH
NO PATH
-148614
-348355
-104864
-61154
NO PATH
-347038
-290657
-252873
NO PATH
-285980
-97118
-13913
-131515
-123208
NO PATH
-152398
3893
-265335
-244991
NO PATH
-200695
NO PATH
-235785
NO PATH
NO PATH
NO PATH
-147445
-254720
-22294
-253924
-276399
NO PATH
-224318
-88669
-59237
NO PATH
-75297
-70117
-269598
-148482
NO PATH
-84713
NO PATH
-241373
-343644
NO PATH
-65919
-53317
NO PATH
-20441
-126573
-220320
-38614
-99625
-368873
-107603
-167232
-249400
-14310
-319850
-116309
-16001
-324219
-89766
-202112
-91391
-91803
NO PATH
-255899
-78960
-288056
-344543
-284958
-277318
-304840
-344276
NO PATH
-70148
-30714
NO PATH
-176549
-359222
-358160
NO PATH
-91768
NO PATH
-146615
NO PATH
-325479
NO PATH
NO PATH
-100981
-24674
NO PATH
-310441
NO PATH
-175014
-106818
-116635
-74615
-307025
-55101
-115852
-210485
-63089
-156261
-181677
-153936
-346955
NO PATH
-314518
-253350
NO PATH
-312594
-319655
-191946
NO PATH
-108541
-333235
NO PATH
-118839
NO PATH
-240547
-324473
-11902
-161129
734
NO PATH
-13322
-228412
-173246
NO PATH
921
NO PATH
-292076
-146252
-231160
-178864
-42762
-315286
-234387
NO PATH
-195012
-361230
3690
-236130
-200337
-13714
-70108
-144357
-65605
-318098
-258167
NO PATH
NO PATH
NO PATH
-318568
NO PATH
NO PATH
-43534
NO PATH
-239598
-98311
-64987
NO PATH
-95877
NO PATH
-359006
NO PATH
-73094
-307403
-360977
-152857
-222411
NO PATH
-262890
-90461
-267521
NO PATH
-359489
-147449
-248424
NO PATH
-77528
NO PATH
NO PATH
-150386
NO PATH
-101350
-311846
-91537
-144384
-256649
-315840
-321393
NO PATH
-60779
-358730
NO PATH
-147174
-131461
NO PATH
-248621
NO PATH
-346090
-331158
NO PATH
-144885
-323740
-65270
-149359
-116105
-25395
-177014
NO PATH
-52790
-314195
-165360
-154179
-46846
-189212
NO PATH
NO PATH
-101735
NO PATH
-345495
-210659
-128478
NO PATH
-236283
NO PATH
-188741
NO PATH
NO PATH
-367995
-361189
NO PATH
NO PATH
-136774
-331152
-167162
-44552
-131359
NO PATH
-327000
-155239
-77101
-261951
-74792
NO PATH
-34238
NO PATH
NO PATH
-51771
-195845
NO PATH
-98702
-71050
-256626
-225618
-29959
NO PATH
-80777
-55956
NO PATH
-130239
-42204
-78456
-200556
NO PATH
-112104
-108507
-59150
-6722
-129803
-109029
-262011
NO PATH
-22157
NO PATH
-33432
-228427
-85199
-166675
NO PATH
NO PATH
NO PATH
-111161
-200761
-277910
NO PATH
-360547
NO PATH
-253699
-30096
-117904
-43829
-230896
NO PATH
NO PATH
-254338
-247660
-284215
-36737
-361146
-140756
-252913
-266484
-312090
NO PATH
NO PATH
NO PATH
-329611
-237602
-331576
NO PATH
NO PATH
-357718
-165780
-205541
-357636
NO PATH
-186721
NO PATH
-351137
-324598
-262731
-96741
-297098
-327979
-249703
-171213
-187222
-254849
NO PATH
-281531
-64092
-289491
-267329
NO PATH
NO PATH
-351068
-126607
NO PATH
-307205
-109048
-34437
-317068
-178548
NO PATH
-146340
-160746
-25725
3288
-318905
-85947
-62907
-224043
NO PATH
NO PATH
-262002
-270438
-343788
-168928
-241778
NO PATH
-165636
NO PATH
NO PATH
-83562
-105970
-35057
-117544
-360198
-163106
-86931
-175906
-316383
-52808
-29915
NO PATH
NO PATH
NO PATH
-90799
-102900
-351464
-361204
-267568
-277045
-361475
NO PATH
-269358
-343143
-26055
-151623
-221067
-111248
-8885
-268404
-121731
-186624
-100532
-359087
NO PATH
-162126
-146556
-165104
-24043
-186518
NO PATH
-220250
-257633
NO PATH
-253724
-79295
-167238
-224713
-69998
-162279
-228723
-117490
-327552
-120136
-119598
NO PATH
-37932
-8576
-266567
-118417
NO PATH
-66739
NO PATH
-179244
-117257
-129489
-29628
NO PATH
NO PATH
-221227
-247818
-91008
-92967
-235454
-163405
-76112
NO PATH
-81968
-27230
-187374
NO PATH
-358257
1550
-336943
-188507
-237090
-31131
-352664
NO PATH
NO PATH
-109280
-52280
-160374
-273085
NO PATH
NO PATH
-65399
-162271
-90830
-204609
-118902
NO PATH
-41566
-326952
NO PATH
-319317
-108363
NO PATH
-53982
-233303
-309271
-122273
-222759
-8249
-162395
-143142
NO PATH
-313592
-123331
-35672
NO PATH
NO PATH
-267353
-255094
NO PATH
NO PATH
-324369
-191029
-232954
-60956
-64743
-15692
-191632
-276067
-60385
-255253
-234648
-276157
NO PATH
NO PATH
-116442
NO PATH
-307760
-102576
-101986
-112926
NO PATH
-159557
-77162
-293051
NO PATH
-115393
NO PATH
-302694
-105872
-67148
-358867
-127072
NO PATH
-319286
NO PATH
-158972
-51806
-226316
-80874
-179745
-185332
-52708
-103713
-347112
-210672
NO PATH
NO PATH
-130725
-269662
-254440
NO PATH
-355786
-125857
-162027
-289316
-159818
-53357
NO PATH
-175043
-246663
-83518
-262265
-111018
-166475
-205415
-118564
NO PATH
-358016
-89043
-248844
-291771
NO PATH
NO PATH
-38574
3127
-268509
-194228
-73033
-128241
-110424
NO PATH
-167409
-171389
-222562
-91033
-166772
-111640
-324233
-190262
NO PATH
-288850
-14848
NO PATH
-60005
-308891
-255732
-287007
-17761
-330377
-19805
NO PATH
-255195
-113443
NO PATH
-18883
-221947
NO PATH
NO PATH
-8988
-193129
-225935
-81480
-98154
-57075
-32627
-314728
-358413
-344489
-255154
-268386
NO PATH
-263740
-9146
NO PATH
NO PATH
NO PATH
NO PATH
NO PATH
-92250
-4409
-77889
-165078
NO PATH
NO PATH
-254991
-90248
-254814
-307251
-119359
NO PATH
-119253
-83272
-160800
NO PATH
-234286
NO PATH
NO PATH
-310764
NO PATH
NO PATH
-287940
-35668
-266687
NO PATH
-170569
NO PATH
-90384
-330074
-18614
NO PATH
NO PATH
-290330
-180683
-52722
-320340
-147940
-346211
-297203
-187470
-173763
NO PATH
-76715
NO PATH
-266202
-129891
-323380
NO PATH
-170367
-343730
NO PATH
-262568
-260636
-131559
-262309
NO PATH
-65863
-332898
-206463
-22801
-61761
-212619
-89038
NO PATH
-117790
-326063
NO PATH
NO PATH
-315917
NO PATH
-328126
-109926
NO PATH
-28738
-111877
NO PATH
-292142
-77278
NO PATH
-181608
-60595
-97896
-99016
-51954
NO PATH
NO PATH
-85499
-126275
-59781
-8733
-268829
-200908
NO PATH
-66883
-289303
-168320
-52854
NO PATH
-325059
-59843
NO PATH
-301484
-284520
-108200
NO PATH
-113437
-246681
NO PATH
-307885
NO PATH
-267594
-76383
-131917
-24690
-308717
-326017
-187074
-93498
-88494
-363021
-205709
-76300
-282223
-266603
-251453
-296913
-167808
-21987
-326045
-142403
-171017
-33157
-129668
-88180
-334794
-329617
NO PATH
-197438
NO PATH
NO PATH
-250249
-323542
-116300
-117572
-65848
-68718
-83389
NO PATH
-263712
-289497
NO PATH
-188156
-14860
NO PATH
-108369
NO PATH
-367824
NO PATH
-108147
NO PATH
-287478
NO PATH
-67656
-101477
-205332
-45434
-65540
-249657
NO PATH
-99125
-323650
-333655
-116661
-131844
-173612
-305752
NO PATH
NO PATH
NO PATH
-343893
NO PATH
-71340
-250271
-36196
-113501
-22526
-184976
-115993
-71483
NO PATH
-158177
-1566
-76518
NO PATH
-299170
NO PATH
-176041
NO PATH
NO PATH
-252300
-275822
NO PATH
-311970
-120216
-290480
-115197
-67073
-344276
-118031
-147155
NO PATH
-148051
-354999
-289960
NO PATH
-107857
NO PATH
-198029
NO PATH
-192343
-361102
-263513
NO PATH
-69274
NO PATH
NO PATH
-151544
-254999
-52793
-249070
-130954
-39016
-297752
-100495
-264217
-201222
NO PATH
-62135
-277157
-263081
-330912
-318012
-122028
-312573
-242789
-157246
-114583
NO PATH
-99619
-210126
-314762
-152543
-189056
-342417
-346397
-262888
NO PATH
-218770
-153550
-126233
-113828
NO PATH
NO PATH
-111562
-244463
-284319
-52126
-308149
-53968
NO PATH
-185403
-94270
NO PATH
NO PATH
-33966
-345974
-345709
-355549
-360062
-136624
-198206
-310805
NO PATH
-61035
-360953
-43101
NO PATH
-2553
NO PATH
-242165
-259654
-277081
NO PATH
-361170
-43419
-361056
-354309
-178812
NO PATH
-55305
-356315
-290044
-229258
NO PATH
-3706
NO PATH
NO PATH
-66315
NO PATH
NO PATH
-338944
-290332
NO PATH
-15394
-70929
NO PATH
-229833
-216379
-150051
-324565
-165359
-67205
-234118
-302417
-67848
-10098
-297165
-120149
NO PATH
-300642
-284381
NO PATH
-307703
-232574
NO PATH
NO PATH
-338253
-66254
-99502
NO PATH
-188122
-122800
NO PATH
NO PATH
-261582
-187449
-63020
-208180
-72695
-329863
-253563
-360716
-106231
-188185
-298417
-354757
-315555
-291506
-109185
NO PATH
-306034
-46498
NO PATH
-238971
NO PATH
-137696
-297379
NO PATH
NO PATH
-106574
-93811
-346586
-361460
-118496
-344736
-345822
-79752
-32960
-182192
-246967
NO PATH
-79165
-328169
-187150
-20056
-324409
-186340
-59099
-254953
-54110
-99556
-180581
-168015
-252616
-69922
-292320
-58976
-85278
-353742
-164922
-301370
-79156
-128119
NO PATH
NO PATH
-111612
-352610
-115144
-350840
-250731
-88870
NO PATH
-69982
-61974
NO PATH
-162215
-24496
-283153
-328300
NO PATH
NO PATH
-71336
-289022
-325961
NO PATH
-73356
-251945
-185228
-264213
-328956
-24997
-285478
-111246
-356145
-270531
-162267
-109162
-359848
-33159
-153281
-248777
-227165
-329022
NO PATH
NO PATH
-328901
-227704
-119518
-329253
-276582
-224498
-9518
NO PATH
-143327
NO PATH
-117834
NO PATH
NO PATH
-61107
-343817
NO PATH
-160431
-344740
-187587
-249381
-351599
-19820
-77015
-343932
-118412
-360335
-225330
-24177
-321447
NO PATH
-118736
-287880
-323861
NO PATH
-338459
-248522
NO PATH
NO PATH
-345482
-257004
-111769
-177970
-343713
-131270
-369146
NO PATH
-229382
-253296
-360303
-86353
-125600
NO PATH
-279012
-347887
NO PATH
-75149
-335781
-339796
-284118
-283476
NO PATH
-116071
-282970
NO PATH
-300034
-229600
-264129
-331684
NO PATH
-340050
-221168
-125871
-157084
-187704
-26239
-239703
-210053
NO PATH
-117476
-306452
-147725
NO PATH
-343158
-90163
NO PATH
NO PATH
-349594
NO PATH
NO PATH
-345621
NO PATH
-13715
-168212
NO PATH
-35049
-108857
-360121
-26919
-83329
NO PATH
NO PATH
NO PATH
-145955
-324669
-243710
NO PATH
-203947
-168206
NO PATH
NO PATH
-110230
-254059
-100083
-162836
-70839
-173767
-176205
-54070
-306796
-327293
-98635
-353201
-64579
NO PATH
NO PATH
-261998
-127468
NO PATH
NO PATH
-339396
-19567
-20935
NO PATH
-361765
-68927
-352205
NO PATH
NO PATH
-247873
-3625
-92243
-88691
NO PATH
NO PATH
NO PATH
-122623
-287866
-291035
-300239
-222759
-255031
-106582
-270551
-32080
-126861
NO PATH
NO PATH
NO PATH
-19403
NO PATH
NO PATH
-193379
-140708
-77619
-185018
-325552
-118627
-300406
NO PATH
-26461
NO PATH
-156689
-302595
-20305
-167841
-314929
-252770
-167007
-221071
-269082
-59355
-186515
-32945
-67738
-326061
-362187
-80099
NO PATH
NO PATH
-265386
-57165
-91756
-109425
-312367
-275889
-52904
-356156
-116720
NO PATH
NO PATH
-352359
-2891
-213398
-269054
-193344
-116079
-191080
-98290
NO PATH
-135242
-91476
-180834
-75978
-316209
-361215
-116412
-291934
-132911
-119719
-345524
-69492
-361930
-125721
NO PATH
-305792
-125774
-60487
-300677
NO PATH
-117512
-347502
-363202
-325354
-300534
-342803
-129889
-124313
-164904
NO PATH
-187445
-67140
-265989
-108410
-255685
-189746
-95583
-97550
-125751
NO PATH
-344857
-194900
-243135
NO PATH
NO PATH
-253005
-355118
-234918
NO PATH
NO PATH
-249292
-284302
NO PATH
-340582
-238356
NO PATH
-311118
-121454
-211277
-210777
-315620
-122002
-15808
-192304
-361918
NO PATH
-67866
-163399
-173570
-332514
-356076
-147561
-147235
-235260
-305595
-329868
-116994
-289239
-199025
-287283
NO PATH
-159762
-167311
NO PATH
-127333
-142864
-71174
-144465
NO PATH
-9108
-32434
NO PATH
-241481
-116784
-344038
-324168
-229725
-54930
-205759
-71199
-91072
-188663
NO PATH
NO PATH
-83899
NO PATH
NO PATH
-329927
NO PATH
-263956
-323633
NO PATH
-148012
-225671
-91144
-28962
-105737
-360209
-299696
-197717
NO PATH
NO PATH
-358036
NO PATH
-294703
-331047
NO PATH
-240323
-97804
-217556
NO PATH
-310233
-75780
-97404
NO PATH
-256076
-107741
NO PATH
-287901
-211852
NO PATH
-325513
-253796
-312973
-186510
-79546
NO PATH
NO PATH
-66809
-361840
-344381
-224624
-32853
-352087
-289706
-34849
NO PATH
NO PATH
NO PATH
-117697
-227816
-57316
-137808
-19715
-255027
-253234
NO PATH
-102465
NO PATH
NO PATH
NO PATH
NO PATH
-357514
NO PATH
-22358
-268463
-111263
-75596
-328724
-361202
-65299
NO PATH
-218931
-286383
NO PATH
-226726
NO PATH
-14574
-232495
NO PATH
-353577
-98517
-110344
-196370
-225834
-100939
-102013
-338557
-315093
-240943
NO PATH
NO PATH
NO PATH
-44897
NO PATH
-69180
NO PATH
-245935
-257180
NO PATH
-245188
-35537
-13496
-178488
NO PATH
-151576
-69893
-83982
NO PATH
NO PATH
-228867
NO PATH
-227863
-5842
-272087
-158309
-288702
-110371
-211099
-235377
-9782
NO PATH
-243368
-70885
-45046
NO PATH
-238797
-158285
-253266
-192762
-248498
-224034
-360167
NO PATH
-67189
-31273
-255628
-312377
-215294
-343591
-354000
-101887
NO PATH
-311907
-297773
-351745
-103619
-206185
-170567
-60140
-82428
NO PATH
-65106
-65560
-67327
-183440
-122704
-35413
NO PATH
-118438
-347082
NO PATH
2073
NO PATH
-115599
-228435
-88049
-96657
-165820
NO PATH
-94573
-253043
-236184
-127695
-267611
-132662
-187571
-92372
-93655
-34521
-248173
-295790
-107247
-29458
-64182
-292239
-342632
-318743
-53633
-65370
-73340
-105835
-216324
-251122
-145457
4863
-212060
NO PATH
-187767
-109103
-108599
NO PATH
-88071
NO PATH
-169568
NO PATH
-343817
-103677
-166709
-70032
-326619
-152185
-73770
-84673
-308196
-225878
-87574
NO PATH
-255405
-323739
-74054
-70548
-71329
NO PATH
NO PATH
NO PATH
-107522
-296235
-29125
NO PATH
-48528
-345348
-9904
-232902
NO PATH
NO PATH
NO PATH
-11498
-203077
-247429
-162271
-151746
-123757
NO PATH
-359893
-93800
NO PATH
-146855
-158507
-279643
-105014
-359226
NO PATH
-278608
-17426
-115165
NO PATH
-219298
-61463
-92727
NO PATH
-273023
-123588
-88274
-246735
-205895
-99820
-315368
NO PATH
NO PATH
-289847
-324813
-315745
-65462
NO PATH
-311746
-353858
NO PATH
-162405
-137919
NO PATH
NO PATH
-233853
-43134
-325934
NO PATH
-347793
NO PATH
NO PATH
-57839
-267003
NO PATH
-52275
-67086
-108336
NO PATH
NO PATH
NO PATH
-344054
-60821
-84368
-348552
-7467
-24064
-116175
-25019
-35399
-107180
-125543
-327934
NO PATH
-179879
-359419
NO PATH
NO PATH
NO PATH
-26199
NO PATH
-26457
-41979
-156012
NO PATH
-127421
-329637
-93490
NO PATH
NO PATH
-168072
-32990
-56456
-359924
-204840
-35150
NO PATH
NO PATH
-358456
-166019
-90614
-95553
NO PATH
-62413
-290522
NO PATH
-118817
-344548
-42629
-147007
NO PATH
-81785
-288629
-195179
NO PATH
NO PATH
-79982
-23041
-121460
-150346
-99234
-57136
NO PATH
-346625
-107043
-317487
-28568
-193854
NO PATH
-25622
-108701
-100587
-315432
-301630
-354207
-326471
-306941
-107188
-313259
-68974
NO PATH
-7468
-251668
NO PATH
NO PATH
NO PATH
-59011
-117308
-79601
NO PATH
-9762
-300848
-65168
-36329
-268540
-290970
NO PATH
-13367
-187201
4387
-201547
NO PATH
-289228
-228208
NO PATH
-285204
-160087
NO PATH
-107062
-108573
-158913
-127844
-331211
-121180
-252455
NO PATH
-196811
NO PATH
-225038
NO PATH
NO PATH
-345772
NO PATH
-205638
-24370
NO PATH
-120471
-96321
-115325
-67596
-269894
NO PATH
-206863
-205729
NO PATH
-305907
-207289
-199429
NO PATH
NO PATH
-56656
-199198
-312111
-20875
NO PATH
-195959
-30371
NO PATH
-344951
NO PATH
NO PATH
NO PATH
NO PATH
-164
-264510
-89457
-116593
-111229
-315955
-359458
-301162
-312468
-42857
-225496
-132489
-78473
-135991
-21415
NO PATH
-266052
-93201
-69105
-180818
-106134
-262856
-309965
NO PATH
-15734
-324560
NO PATH
-89806
NO PATH
-67413
-118300
-174969
-56535
-346928
NO PATH
-270680
-367558
-26999
-288819
-292138
-160979
-130496
-160861
-368811
-42524
-305546
NO PATH
NO PATH
-98643
-250325
-253707
-329930
-126101
-266153
-10987
-268768
-324287
-109054
-68081
NO PATH
-291713
-326026
-352374
-65114
NO PATH
-28303
-64552
NO PATH
-146175
-69009
NO PATH
NO PATH
-330146
-206601
-70657
-77320
-226020
-148145
-112564
-61224
-120608
-92977
-96373
NO PATH
-72878
-291073
NO PATH
-44959
-42951
-75517
-167107
-62045
-42210
-149097
-291805
-117002
-290953
NO PATH
-247366
-153936
-146702
-287216
-253433
-186019
-215942
-45560
NO PATH
-152819
NO PATH
-212152
NO PATH
-132369
-32680
-218555
-268120
-225913
-124872
-266349
NO PATH
NO PATH
NO PATH
-268502
-68541
-223675
-124836
-85979
-8681
-133889
-175858
NO PATH
NO PATH
-74876
NO PATH
NO PATH
NO PATH
-329649
-152062
-89051
-116495
-186447
-35573
-254334
-76300
-154750
-120741
NO PATH
-106294
NO PATH
NO PATH
-195179
NO PATH
-148067
-168496
-180393
-31981
-66622
-21539
-225340
NO PATH
-309218
-324312
-91101
-102034
NO PATH
-225410
-177591
NO PATH
-57124
NO PATH
-220464
NO PATH
-71403
-122848
-124317
NO PATH
NO PATH
-322935
-249607
-10288
NO PATH
-92202
-115513
-194620
-14215
NO PATH
NO PATH
-254565
-80421
NO PATH
-306307
-98976
NO PATH
-29572
-318581
NO PATH
NO PATH
-225537
-19560
-51644
-248963
-349983
-167939
-44168
-103331
-65697
-160087
-178937
-12006
-75607
-317139
-117919
-363351
-63307
-62299
-3837
-197249
-169741
-358236
-19791
-173920
NO PATH
-224755
-229282
-62567
-255490
-349531
-68304
-199360
-70391
-287681
-163107
-61932
-116793
-343432
-351820
NO PATH
-233693
-147823
-27192
NO PATH
-166438
-250117
-19523
-355157
-36902
-113408
-187109
-323811
-187566
-322675
-153853
-304484
-263060
-121034
NO PATH
-240164
-167006
-244474
-89238
-359891
-255585
NO PATH
-112581
-98522
NO PATH
-165991
-96860
-318859
2583
-323911
NO PATH
NO PATH
-207907
-90549
-368606
NO PATH
NO PATH
-286386
NO PATH
-325693
-324324
-291707
-258674
-291942
-71149
NO PATH
-160382
NO PATH
-326611
NO PATH
NO PATH
-318447
-86083
-284562
-59427
-255669
-101206
-353125
-179613
-288850
-315432
NO PATH
-290231
-230665
-159835
NO PATH
-322890
-215515
-296257
NO PATH
