-41459
-14899
-27143
-9932
-10727
-18844
-27091
-10217
-7973
1635
-5432
-29336
-10123
-10958
-6204
-18534
-38070
1002
-2183
1288
-27814
-27410
-38724
-33495
-39524
-26651
-7308
-13916
-29867
-37448
-13090
-28028
-10532
-7565
7438
-18717
-37908
-34214
-1458
-7125
-43190
-7876
-39417
-10082
-25107
-6328
-27253
-23259
-12228
-38419
-23213
-3919
-25004
-19040
357
-25907
-8139
-7621
458
-3696
-10851
-17279
1056
-19369
-29433
6986
-7811
-27949
-43178
-12457
-44373
-38291
-22988
-37470
-10597
-7912
-5958
1582
-37158
-17320
-42494
-15671
-25031
-26043
-2594
-25477
-15250
-17249
1334
-16168
-23607
-7053
1242
-25498
-37785
-37499
-27993
-2617
-24295
-34187
-16639
-23710
-34456
2125
-19768
8745
-13500
-27774
1800
-2865
-6594
-3564
-25009
-33543
-37224
-37978
-15362
-10612
-10530
-19608
-38477
-2317
-31793
-43397
-31182
-27667
-42169
-25976
-33333
-15460
-15427
-9574
-3309
-8897
-12350
-23714
-16340
-25071
-12925
-23487
-34511
-25122
-28037
-15321
-15230
-25880
-12453
-1870
-2012
-30984
-19051
-2825
-44623
-12723
-677
-25142
-2891
-39570
-13513
1271
-16503
-46144
-11275
-24886
-9579
-24305
-12443
-27662
-11550
-29887
-12878
-9590
-16112
-10634
-30174
1979
-45628
-6092
7333
-599
-730
-25708
833
-39090
-6171
-6209
-24890
-7200
-2636
-2764
-5375
-25850
1100
-26516
-9100
-17111
-12648
-24374
-12468
-33764
-18012
-29985
-736
-41423
2170
-42162
1987
0
-2824
1767
7755
-5911
-40990
-6275
-6369
-1543
-11645
-37641
-12696
-19050
857
-29749
-7113
-6447
-19417
-19377
-26946
1130
-6998
2314
-33994
-28224
-28068
-38883
-29404
-39068
-28334
-29569
-38228
-38770
-37716
2427
-3156
-27857
-7740
-12099
-44926
-24715
-6450
-5395
-9808
-10039
-5791
-16945
-23232
-27882
-436
-7471
-29525
-5895
-10970
-23060
-2861
-12632
-18888
-39527
-9996
-13207
-30401
-6299
-11206
-27348
-6688
-22253
-22675
-13465
-41987
-12975
1686
-6312
-42892
-12214
-19051
-6959
-28665
-6018
-43112
-37061
-22433
-29892
-6716
-40228
-13541
-13090
-13455
-2151
-9606
-15537
-15325
-6616
