-3619
-3536
NO PATH
0
NO PATH
-7205
-6588
-2243
-2898
-691
-6755
-710
-4236
-3929
-941
-4827
-4796
NO PATH
-6827
-4246
-4759
-1991
-5025
-1522
-6643
-6453
-3084
-4740
-6448
-5552
-3800
-2700
-7006
-3915
-433
NO PATH
-2767
NO PATH
158
-2524
-628
-7166
-3859
-2838
-2168
-7106
-2726
112
-3844
544
-3860
-2909
-2359
-588
-2602
-4866
-3845
-5048
-4890
-1574
-3553
-624
-2356
-3591
-4803
-2920
-1663
-6466
-2705
-2018
-2379
-2246
-1653
NO PATH
-6587
-3414
-7202
-7256
-778
-2122
-5667
-5034
-5703
505
-3622
-6585
-4226
-1972
-2290
474
-1599
-5586
NO PATH
-3631
-7236
-6490
-6415
-1679
-2268
185
