-154351
-127815
-139574
-24558
-126238
-19668
-126215
-71397
-33936
-100595
-160213
-161095
-5641
NO PATH
-164628
-125349
-102722
-92433
-86966
-30538
-127639
-151795
-147334
-93360
-141453
-22618
-123248
-58189
-119501
-149296
-83896
-8730
-20783
-41764
-45142
-135488
-63423
-161176
-26385
-26146
-83235
-102613
-127149
1222
-21722
-24890
-140406
-143610
-130875
-119213
-94664
-47506
-159985
-159169
-46386
-32602
NO PATH
-158596
-99475
-134106
-133518
-92492
-48312
-147191
-145305
-93319
-26936
-112582
-161533
-152794
-41709
-157342
-157111
-158609
-166006
-5621
NO PATH
-133699
-58930
-29151
-55462
-157103
-166538
-146632
-141527
-34243
-160064
-152223
-134102
NO PATH
-161763
-156424
-102574
-33862
-147113
-143906
-33149
-85829
-58787
-43839
-141962
-26073
-23935
-129649
NO PATH
-19040
-146688
-118689
-51310
-29375
-50462
-32696
2643
-49558
-162385
-71317
-8174
-161749
-136538
-127335
-91597
-134539
-129105
1669
-85141
-162290
-142936
-129866
-156881
-129300
-157846
-138842
-147486
-15944
-78947
-67017
-138533
-41898
-164837
-5961
-155460
-146426
-32602
-82097
-112470
-33617
-143157
-35376
-143058
-85309
-154568
-49382
-141294
-15785
-151517
-19820
-118329
-138322
-155459
-90339
-73463
-58056
-43550
-42458
-154051
-24741
-127246
-134910
-61415
-20418
-48037
-144701
-83352
-104740
-28926
0
-55168
1180
-30531
-123580
-7798
-118568
-154819
-49624
-33334
-144005
-86639
-147167
-162299
-144404
-57850
-59683
-118692
-21596
-19675
-118516
-33599
-52137
-145490
-26084
-160712
152
-154806
-78124
-105198
-119427
NO PATH
-85810
-43792
-29439
-7376
-53192
-80365
-93241
-106225
-134432
-144771
-114343
-95445
-134034
-154848
-78664
-132003
-113545
NO PATH
-49999
-26855
-144549
-111750
-80063
-157581
-5037
-93792
-58350
-98609
-106108
NO PATH
-91554
960
-44059
-47732
-20646
-8259
-41104
-21363
-40055
-147683
-147827
-143682
-153497
-20610
-33249
-154607
-144630
-126936
-154805
-7805
-66872
-128288
-33200
-143378
-44416
-31607
-50991
-20424
-141035
-150897
-129411
-143861
-93485
-80371
-123243
-20578
-97901
-143241
-43485
-31600
-42957
-20652
-97656
-19508
-43883
-140556
NO PATH
-111621
-80154
-151484
-25469
-142417
-28673
-57427
-28174
-157347
-119223
-167829
NO PATH
-147681
-80131
-130041
-43065
-157860
-14862
-147578
NO PATH
-26922
-35006
-29119
-69984
-67575
-153259
-71574
-104919
-131210
-16539
-7297
-33213
-93139
-99472
-55714
-154266
-119830
-25384
-103934
-104758
-126989
-101100
-8489
-25381
-158028
-41034
-62489
-151858
-55106
-129978
-70923
-162492
-72346
-20817
-152258
-152467
-99113
-46576
-154232
-26000
-58231
-154128
-148131
-79353
-159860
-134238
-151855
-111310
-149464
-55850
-129062
-5918
-151913
-42608
-44367
-55067
-101300
-14482
-138761
-62300
-152408
-7385
-55583
-44072
-32588
-127076
-101233
-30144
NO PATH
-151568
-55387
-57614
-147681
-141332
-58197
-145178
-61489
-21510
-157587
-139333
-163958
-6050
-147065
-58897
-57961
-101157
-131578
-56094
-19568
-80381
-134221
-160908
NO PATH
-100681
-138214
-139396
-48178
-128379
-157677
-49660
-127980
-43504
-34566
-161097
-79288
NO PATH
-50148
-144844
-26713
-33486
NO PATH
-20906
-144684
-56978
-92733
-104852
-70709
-144432
-156535
-82333
-119409
-105712
-83261
-120245
-129493
-119560
-61545
-155928
-56795
-43894
-126968
NO PATH
-162353
-80587
-104744
-79327
-83754
-148152
-138289
-94856
NO PATH
-43725
-41763
-51030
-101616
-44090
-155032
-156588
-84441
-147766
-71886
-18383
-156952
-58839
-143740
-102151
-113123
-131696
-111533
-158622
-72408
-153029
-92758
-68234
-30412
-104390
-56058
-135444
-57963
-113601
-145495
-154039
-145780
-160235
-41186
-149754
-139481
-17349
-145473
-24834
-160082
-125240
-34664
-80575
NO PATH
-104533
NO PATH
-16369
-34743
-20029
-105611
-120409
-152019
NO PATH
-98912
-129971
-115211
-55384
-50522
-84560
-79601
-17923
-61363
-137963
-104207
-112046
-101052
-51632
-33929
-141814
-166986
-21535
-79425
-41612
-7578
-158267
-141758
-16917
1653
-84611
-127799
-105638
2875
-28471
-19880
-6415
-145851
-30160
-80579
-23980
-40724
-56838
-141763
-115307
NO PATH
-57667
-21287
-118095
-40755
-50592
-147758
-33883
-156836
-144219
-79480
-97917
-146837
-145370
-25041
-70566
-41316
-151988
-91786
-146083
NO PATH
-26690
-70322
-70763
-154176
-49366
NO PATH
-17724
-132645
-144831
-129679
-138289
-40821
-52293
-141294
-72405
-20823
-33507
-111061
-95684
NO PATH
-100063
-7085
-147732
-142343
-44996
-139272
-85041
-7186
-138114
-147646
-132408
-148196
-29244
-160989
-44494
-84512
-113120
-69677
-123134
-58874
-104581
-145430
-16859
-152439
-111673
NO PATH
-158583
-144301
-25262
-102096
-49665
-130267
-123277
-14456
-85003
-63088
-49602
-81576
-86452
-100612
-34177
-111876
-147884
-78744
-17862
-18024
-67839
-130320
-81570
NO PATH
NO PATH
NO PATH
-145188
-120083
-58281
-154918
-135709
-146848
-44023
-152405
-154752
-99485
-167071
NO PATH
-23266
-161923
-66739
-156366
-79691
-62027
-80045
-135026
-160203
-47818
-122951
2726
-57055
NO PATH
-30354
-70676
-101232
-141151
-157719
-151349
-77490
-48661
-58099
-18177
-126527
-100854
-80980
-112817
-115467
-79588
-111863
-41522
-69743
-165191
-25091
-49338
-56390
-6145
-161776
-152733
-63154
-118259
-146836
-43755
-22242
-107117
-26568
-34966
-67090
NO PATH
NO PATH
-143109
-144067
-152228
-85345
-82218
-152828
-151781
NO PATH
-92741
-152002
-21599
-43292
-141280
-21109
-49986
-166627
-161623
-157970
-160970
-147077
-152644
1252
-25335
1994
-140542
-137682
-33245
-153284
-129042
-127990
-78929
NO PATH
-113079
-50202
-81606
-104500
-42878
-148713
-6374
-45017
-32746
-42280
-78446
-153093
-148721
-49934
-152878
-55598
-43968
-56516
-14582
NO PATH
-158379
-144189
-118598
-118818
NO PATH
-49602
-157822
-139333
NO PATH
-57766
-30082
-18725
-30755
-45245
-27879
-79712
-113230
-31258
-128493
-144598
-161795
-111768
-131706
-52151
-153381
NO PATH
-101982
-122760
-57965
-40667
-101931
-40017
NO PATH
-44613
-52346
-115977
NO PATH
-34363
-147219
NO PATH
-127381
NO PATH
-129779
-70458
-41075
-143912
-144131
-148679
-120950
-157811
-21865
1331
NO PATH
-47003
-70470
-153329
-46549
-163523
-101233
-21854
-133445
-134234
-150692
-46757
-71636
-128810
-150984
-80520
-154012
-101757
-84221
-13622
-34393
-119991
-84890
-156907
NO PATH
-133468
-143375
-118591
-41822
-71303
-132718
-40783
-134215
-161462
-29279
-84106
-84613
-44916
-18328
-41540
-156941
-85120
-99435
-147814
-21569
-152076
-41315
NO PATH
NO PATH
-30395
-120560
-33431
-147115
-18275
-17867
-147630
-151052
-67726
-164343
-117590
-146959
-21320
-146463
-160624
-120116
-99526
-166343
-24221
-130176
-6963
-153186
-21955
-101718
-161765
-157584
-33576
-55900
-34703
-43438
-69652
-153653
-153571
-104230
-51484
-93901
-32920
-43824
-152880
-14822
-145983
-79392
-78893
-152651
-44077
-71658
-98057
-129541
-153863
-29426
-159620
-164597
-130627
-118806
NO PATH
-17953
-92161
-41234
-84240
-43302
-156847
-146083
-128846
-58633
-152819
-162457
-58183
-93305
-144109
-28792
-135666
-86363
-14768
-6901
-144033
-151541
NO PATH
-153977
-7234
-154725
2597
-101421
-73733
-40117
-20958
-80073
-52112
-131684
-27927
-47851
-58154
-121520
-105035
NO PATH
-83550
NO PATH
-104139
-144988
-94801
-34830
-85022
-40565
-129663
2140
-55504
1733
-148603
-152274
-150971
-84485
-133428
-157720
NO PATH
-20068
-139223
-21551
-18574
-99484
-46711
-141365
-142476
-27818
-68542
-66655
-130331
-69080
-67272
-43818
-119327
-93352
-100080
-15229
-129346
-133801
-133914
-94298
-151756
-112273
-79863
-129521
-104396
-138135
-40856
-104150
-148626
-147701
-129181
-156375
-67876
-82765
-129235
-139543
-123296
