313
3234
1718
1756
636
3265
1749
515
2825
885
1551
4885
4281
553
1008
4253
2060
1226
1492
1342
1856
85
952
50
3538
42
978
1735
5121
2296
1123
4156
848
2356
1853
3415
2435
5290
3150
2043
234
653
890
2986
1861
1675
2583
2029
4370
173
4856
788
954
2352
1609
743
2005
2134
3290
1732
3860
1918
938
753
661
3639
837
3253
5259
1503
3536
2180
1653
267
2223
2529
5146
4335
332
5205
4505
2492
3112
949
1683
3764
693
1958
1828
769
2686
4916
2870
2133
2786
380
1652
1947
2655
4970
983
696
4162
3261
3753
1572
4733
3218
3416
835
2151
868
5116
47
1529
111
3038
10
1948
2264
2376
3617
1179
2211
3373
2187
3931
1293
3694
357
4289
707
4469
1807
1393
944
2783
1053
4054
3893
2232
1698
4785
2346
358
3012
4000
1364
1502
347
4711
4830
2568
287
1814
4853
2443
1563
312
2635
2603
2058
3704
883
4950
4675
2907
2501
1449
3614
1229
2242
3652
4756
4355
2769
2567
1006
4973
1712
413
2852
1015
4320
2995
2182
1496
1281
2616
3548
2285
2607
5232
1149
4154
2683
1866
268
4010
4726
4699
575
2465
2009
1079
356
4090
4008
493
3241
2873
623
456
4786
1723
292
4989
5154
4237
2075
266
1439
1374
4612
1965
2498
3796
651
554
1818
4739
3164
3474
3197
2090
3287
2976
2137
160
2896
1888
5198
752
620
3970
2671
4066
2247
2391
4261
2808
391
2272
3504
1446
2000
3244
2063
5052
3297
2619
3695
103
545
430
388
727
3205
4069
1459
4488
2525
4091
2441
4391
1213
1147
94
4144
2649
1624
5084
2420
3403
2363
319
1326
3574
2987
2740
291
3211
1785
525
1742
1519
1106
3561
2472
4881
3818
213
4133
5185
2915
3522
17
518
2502
3339
102
5309
3377
2475
2796
3938
3298
265
2638
2463
2469
4812
188
5254
4409
1128
477
624
462
4820
1394
710
1585
1703
3025
953
519
23
1451
2646
3748
1089
1904
4037
728
1516
996
5299
2214
5019
3979
1886
2736
4573
4924
1402
606
965
1376
5165
197
3851
984
2143
3314
3100
3043
668
805
2428
4631
4056
315
4557
5320
1160
808
1329
2209
2664
4301
4524
4647
1929
1538
1802
2339
2622
181
4746
1065
4917
737
1632
1571
2166
4832
711
31
1267
4049
3552
1964
5319
39
68
5026
2550
3811
4826
1040
534
759
2145
27
3996
1759
801
1328
2273
5203
4654
3036
977
5051
435
56
897
4135
635
3507
2047
3769
2014
2984
1228
2024
2849
3340
4595
3688
1515
3681
2050
1747
1099
1745
4842
532
4593
1013
2821
3264
2243
3829
236
1699
343
4763
4449
1751
4722
4159
1809
4511
4315
1110
2605
806
5207
3458
1593
1697
1084
4955
1240
4331
4444
4876
3309
648
3456
4023
2773
880
1382
192
1162
1681
1285
4669
3611
1427
4098
1693
3304
1667
4605
3072
2521
2886
586
664
989
2252
4016
1942
1279
270
1501
3398
3760
705
5235
3992
4264
5040
844
892
662
1253
862
4913
3622
467
1660
1664
990
200
3514
1230
431
100
166
1044
4794
4640
1081
3084
3677
1548
2335
2345
1419
967
1951
2623
2943
500
4222
2910
1583
1115
237
3937
2537
3239
1068
1163
3516
3555
906
1608
3624
4142
902
3540
1846
3585
4621
1859
1933
2442
3270
903
4345
991
5059
4501
638
3903
2538
1331
1305
2432
1020
4197
4282
3374
2227
3826
370
559
2912
4772
4303
4217
2417
530
400
4852
686
3238
148
4859
3050
2287
2229
2302
3895
1432
2280
3517
2082
1792
962
3354
5325
5169
1025
1056
630
71
1999
2238
3302
4507
1855
1545
2473
1755
4474
2999
2344
2971
2713
2411
3429
1238
4405
4221
4798
4951
733
444
3578
383
1201
4784
4893
1708
351
2939
4754
3878
1461
2329
2277
386
4030
2427
1470
4576
1522
4947
1716
1724
1290
1469
4174
1235
1776
4371
594
4414
116
1091
3922
4242
110
510
4506
1093
3143
2530
2479
2267
4446
3
2839
2739
1313
3123
633
657
540
2885
65
81
1817
2466
3640
2836
3285
1772
700
860
1924
4799
2250
2743
387
1054
891
182
5233
964
3521
2159
679
2457
2818
326
3181
120
4690
1540
1941
5018
2928
5079
3430
1247
1221
2470
5014
997
2016
203
1373
4720
4532
3272
2513
4519
658
3023
811
764
4961
552
2454
3021
869
642
5176
4841
113
3162
1239
2760
3967
2220
2129
747
4155
5300
2268
1973
1952
3590
663
2366
4368
1142
1155
3942
1042
1611
3222
5191
381
4911
1359
215
3066
838
1259
682
1661
2118
3039
1630
4070
5322
1349
4915
4284
1746
560
1633
2037
654
1763
4867
1934
3327
191
3071
1849
3294
2753
1982
3934
1242
512
3686
4051
4604
5211
3909
5109
2440
1215
4878
1410
153
882
1443
615
1539
760
4003
3945
3768
1067
4254
2225
4487
2732
5099
3451
1255
2918
1591
2509
1825
426
3232
2364
2965
1059
360
3770
1072
5034
333
3653
1638
5272
4125
13
4790
4283
1406
3230
57
14
2169
11
5314
1902
2532
2562
3094
4833
478
4422
2382
735
2096
316
1019
3634
1218
3948
4836
3371
3844
959
230
3643
5184
1577
2416
5090
3535
1833
112
4834
3401
4064
171
4121
2527
3655
3404
3976
4050
2464
1793
211
528
1851
4560
143
851
3719
1350
1337
5135
99
1963
2235
867
137
5219
3983
940
720
3683
4041
1436
1923
1909
910
721
1704
62
923
4238
4802
3330
1533
5193
5315
1637
3691
438
4969
3665
2471
3370
2810
4045
3607
24
2791
1517
2695
924
716
2053
1901
4417
4274
3001
231
5111
971
3413
509
579
1692
474
1797
3057
492
2708
98
1789
699
2647
1024
4707
1119
2286
3219
1550
2303
4879
5017
1467
1049
4565
2685
2787
3124
1651
138
1103
1453
1872
5053
5100
260
4167
2093
1567
63
2748
4384
2097
3606
2073
2559
3563
4971
2389
4992
295
5218
2256
1080
2449
3854
239
790
4493
3708
4588
3045
2696
3702
1094
3201
1092
1764
1127
5118
3168
2204
1761
993
1843
2803
2158
775
1788
4170
3286
2349
3173
4119
1512
556
1102
2897
854
1903
4269
5097
4797
2237
625
3901
4276
2350
4875
2561
3526
201
4734
1170
3960
815
5080
2146
4435
1823
599
4028
777
4847
5215
337
4671
3464
1690
2308
3596
5271
4082
859
5007
432
2827
2036
1367
1161
294
1584
1474
4482
2992
2631
2594
547
2313
698
3166
3325
3076
2544
1955
2246
4658
1100
3017
2847
2253
2291
1334
1674
774
3881
886
2388
2231
4179
4399
2506
3568
3886
1344
856
249
1775
3328
441
4536
433
1555
2900
1296
2642
2150
4749
1372
4190
1874
2526
2434
3014
134
2727
3440
1301
2689
4216
2978
1837
3301
3749
5283
1986
162
4985
3310
5155
4220
3453
798
3393
4022
3672
2693
1566
4378
97
72
323
5020
2139
3853
3318
961
363
2902
390
3158
2609
5297
2703
4788
2505
2353
4998
4665
4513
3396
5324
1875
4846
4550
2132
1171
2394
3631
2340
543
948
3493
310
1243
3125
1586
3495
4094
4551
1889
2754
4233
154
6
1278
1970
2669
3754
2989
3997
4806
683
3435
1969
4291
632
73
2270
976
732
874
2954
5221
4441
3362
489
2149
687
2380
4300
2131
4180
1095
2571
3700
2213
1211
896
3558
1984
4027
4129
1271
4800
1997
5006
3148
601
140
1036
3664
1758
3913
3375
1930
858
2057
271
1411
4431
3577
2937
3819
1335
4395
1312
1151
1347
2602
4900
5223
3320
2737
5124
375
2717
1957
4048
3821
767
3498
568
4844
1480
2604
2874
4611
3353
4760
2691
3499
3693
580
1910
2624
83
325
3062
3149
5057
3505
2451
1556
3060
2343
3428
4093
2072
536
1839
3641
395
2735
526
3812
210
4312
2626
4294
3780
1542
548
2542
4902
2262
1134
4701
3282
406
2208
4306
5054
785
2261
4860
784
2721
3439
4896
2515
476
2679
4412
643
529
3902
3053
2621
4087
2314
2672
4607
1836
2710
2012
803
4387
127
4618
1949
2552
344
2592
3804
4209
2092
5110
2334
960
676
1184
2079
4352
3668
3331
4599
3678
2198
508
3349
723
321
3684
1445
5115
830
1261
3744
1822
4432
2846
2023
3095
2761
4147
2661
5047
3372
2805
4558
4869
4715
3008
4343
1061
151
1113
15
2233
702
1688
2245
1222
1466
3073
4845
5321
4619
486
5103
2644
1796
4136
2859
1868
915
4381
1960
871
1396
3129
1795
5147
2781
67
4389
3917
3965
4661
4569
3991
4761
2879
591
936
5240
613
1535
3077
4074
669
1273
1434
2832
4379
2659
2768
1009
240
852
3989
2478
4427
3781
2140
4075
4126
280
912
3046
340
255
2022
5113
4382
1225
3442
4348
1892
3226
501
397
1648
3047
3529
4006
2312
3061
2974
4938
204
4163
4850
3761
2355
3911
1627
2127
407
1498
5039
3980
1167
4935
3199
5005
1680
1018
1027
2569
3441
2155
457
3196
943
1739
5137
2142
3628
2386
1456
2799
3127
2792
3170
3820
4341
2378
3995
1145
1832
1561
4613
3006
4323
2104
4921
2990
1154
4031
1865
3262
66
5160
2113
4299
3209
2042
4962
1208
1810
4448
4930
3987
2507
4292
1415
1777
4994
3142
773
742
2970
2625
3195
5122
2747
4577
4883
2170
2518
2494
448
76
2797
3483
4100
2294
3608
847
2496
4195
1731
1035
5206
5192
1388
328
355
2418
5098
4330
1850
4058
5068
1599
2321
1993
4218
2716
734
278
1803
1311
2106
3824
3299
1821
2152
4296
3932
4589
5008
4267
2236
4406
4814
3562
2077
2179
2041
195
1413
5326
3098
4225
933
345
1989
1670
3718
639
4648
4520
1824
1176
3357
4065
4080
1002
87
704
1237
3277
3916
2360
392
303
2248
4791
4633
2008
2183
898
1748
2633
4496
2450
4779
471
5096
2766
3788
9
995
5313
3088
2802
3153
2405
4571
619
3525
4677
3139
1135
1813
3682
5042
1950
3758
4109
4184
420
1292
2666
3870
1144
2871
132
1554
1954
36
4554
1315
3322
2553
1264
3866
1640
2271
640
1011
1462
3623
2560
1086
763
1877
2401
5150
1804
565
3003
417
4887
3724
4275
346
4295
3024
715
2445
3815
1256
1504
3476
1188
2495
1270
1510
4349
5266
4518
4367
4308
5128
3037
2678
5022
577
2632
2431
1920
376
1037
1164
4085
524
1269
4475
2481
3291
3220
5280
2121
2923
1932
583
1578
3598
4948
4324
1666
1975
1531
1118
3658
2117
2804
2831
3477
1663
872
955
3518
649
2279
4196
5009
281
1641
4808
3369
2598
1808
1508
1299
861
1587
4696
274
1124
3475
4402
2945
1407
2979
264
4807
2177
4215
412
2224
1727
2942
4329
4168
3814
1722
374
2107
3968
2368
5046
2254
631
513
4775
1867
2692
465
561
5187
3849
1028
49
4731
3798
4942
4108
1629
3632
4816
1321
979
1844
4553
3597
931
2200
3306
4102
396
5294
1022
2328
5175
4737
40
842
3156
2021
3795
3930
4886
2780
2906
4634
750
2573
2351
3233
2985
2924
155
5104
1854
4260
4447
1987
4134
2759
5295
4764
2975
745
1521
2433
4578
82
3131
3207
1448
1546
3954
368
3267
3015
3469
5021
2194
5209
3974
1181
2675
4096
4839
3731
2406
3900
2890
3966
4857
2144
1
4390
761
4364
3961
3730
4424
4771
2306
4964
2578
3379
2860
199
3368
2325
3069
4009
4625
4602
5088
3029
336
2102
1765
22
3993
4587
4277
4803
2197
1493
542
4200
1713
2751
2260
183
1928
2701
330
3105
2230
794
3721
3765
3944
1217
472
1366
4653
2120
893
3250
5153
372
779
418
5123
3292
5070
901
2778
2324
3231
3026
1186
2705
2932
2933
3312
2438
4359
3090
3746
452
463
1355
129
4939
1435
969
4457
2017
5227
1707
4966
4934
243
4344
3172
929
5102
1560
3556
5071
1592
1252
2221
5035
3696
4316
3698
2173
301
3582
4523
2955
4570
2160
4927
4063
2217
604
3763
2608
3013
4191
3584
3879
352
2957
221
1511
3380
3141
904
131
2086
2100
4143
2682
2867
1354
3203
61
2186
4873
3666
2824
4632
2293
1029
2399
20
1729
1477
4251
257
2361
4465
2724
1543
1156
772
2387
1524
1476
189
5065
905
2076
3402
2205
3489
3068
2881
3616
994
165
393
981
2868
5246
3092
2528
1882
5172
4579
4151
1907
4171
2289
4601
637
4995
612
596
1900
5328
4478
1582
2813
3500
3716
4307
609
3227
3875
4708
3667
2673
1289
655
3924
4849
402
4386
1677
4369
3056
4979
667
878
214
1045
3087
4721
5148
4685
2895
4824
4546
261
2282
2599
2830
3659
3147
2662
3367
3018
611
2983
3236
3872
2396
2652
3478
4835
1565
254
2307
1927
2650
1105
1088
757
2304
2581
4719
92
783
3235
2234
4101
2504
152
2051
671
2069
1514
5
517
3648
3385
3316
1604
4043
1720
4235
1890
766
3637
464
95
5143
1607
4892
2627
4193
2636
377
2015
2288
4777
2354
3417
5316
227
799
1966
4192
1894
1414
3386
2081
4413
119
186
2807
2539
217
5291
5195
4363
2878
3188
3315
888
1043
4470
4616
590
1689
3074
1597
4020
4974
2820
3406
2089
1781
3228
2290
8
2936
3676
427
2011
3243
479
4793
3344
2798
4666
4980
4729
2843
89
4628
3135
2228
3740
220
2884
241
4650
3225
2757
348
1314
708
1107
1794
365
4778
2126
5062
1286
3490
408
1780
5234
4838
4210
5161
2397
4325
1400
86
4757
1650
2026
647
108
5282
4956
2385
4542
453
2785
3052
32
945
3941
3366
169
3520
719
792
3877
921
2476
3035
4667
5156
4201
223
3334
4659
4461
3140
3566
5038
33
1254
3269
4972
339
1377
4388
222
4533
3115
617
5214
739
567
3580
4061
2570
3445
1241
1570
4663
992
999
2167
3187
139
250
1280
2462
3460
3091
3360
2533
3627
2255
1600
46
2108
3660
3281
1658
4608
541
4408
4228
2422
1710
2823
2851
1917
3177
364
2161
3644
436
497
5307
4183
4038
1219
4415
3263
3051
1421
2116
1733
2474
2925
2763
2947
2419
4556
4574
3288
4668
2770
37
4975
3527
982
187
4914
2789
5061
4012
1738
104
3940
3714
2508
4346
1880
813
3033
4606
4639
1655
359
4140
2855
3642
2782
3890
3531
3192
248
2222
3479
818
3857
2362
600
1460
2670
1206
2614
5292
5064
3031
4286
558
884
3905
1936
2421
2779
3656
3237
3487
3946
3200
3742
3615
4837
2531
674
2993
3454
778
1046
4770
2643
2587
3488
78
1339
2393
289
5278
1140
616
1906
1351
2996
3208
2850
2865
1224
701
2500
443
3809
3000
916
1869
2959
3468
3486
2790
1403
2637
4230
2858
1736
2794
1483
275
3063
2413
3715
4021
5217
3324
1762
4327
3717
2728
4071
1387
458
487
466
2066
926
2128
1481
2758
4636
3852
1073
1365
4831
4288
3378
2875
1537
158
1728
4674
5134
3419
3551
4473
163
442
2259
2738
3496
4433
3832
3855
3497
4541
3165
3564
5106
5144
1276
2241
1911
2114
5222
1494
2461
1075
2784
1120
4410
3834
3685
4246
4256
796
748
3662
1306
3106
549
3880
3175
4456
4705
1248
1468
2577
4407
3194
288
3276
2756
749
5256
1557
3361
1062
3101
3329
2319
2665
401
1455
2031
3117
2749
1711
2734
3032
3420
1000
2199
1544
4745
4123
1203
4149
2480
2618
2767
4953
4455
1787
293
1696
2731
2651
3986
942
128
2
3397
2486
3800
109
2176
780
4203
4716
928
607
3645
652
4670
3121
3927
5151
537
546
3837
1109
2699
4725
1956
5301
2369
1596
2953
4874
314
973
279
1210
2595
1187
771
2894
5141
4898
273
2772
2519
646
5230
4982
1114
889
688
1302
731
3412
69
1060
5162
245
2372
804
3957
3727
5164
875
3467
1030
5253
4525
4480
2829
178
2384
2430
4476
4234
2926
4223
74
2961
2436
4141
1665
3459
1801
4809
2919
2424
272
1528
3376
3884
4078
2122
1098
2315
5305
4549
2841
2032
1505
3600
1017
320
2688
1478
1001
3089
2367
2548
3570
3215
3191
1782
1324
1085
1778
75
5041
4863
3311
5276
1074
194
2911
504
2967
216
2001
2239
2175
1316
1452
79
2776
675
2718
1831
4165
373
4326
3421
48
3343
4925
2359
2909
3962
5044
3151
3171
353
3669
5004
3593
3939
4025
1064
4213
2266
3323
706
1007
208
1507
1791
3509
4610
4250
3452
5327
4052
1424
338
3193
4481
3492
3985
450
3530
1558
4181
3511
3828
3565
349
1786
3679
3342
4572
670
3751
4339
1553
1283
2482
3465
4092
4537
1783
3515
3797
1953
2087
422
207
5231
459
3186
4967
726
41
3848
1943
3491
1842
172
1526
4503
4047
2412
1487
4767
1369
4272
1805
2377
4819
1682
756
2374
3712
4046
870
3736
4630
1564
2629
3816
5225
2292
2994
3443
3116
2948
946
1827
2276
1320
3307
4112
4124
4700
3910
1523
425
3737
1961
5216
4
5138
2062
3793
3953
1649
5262
3470
4205
4504
4825
5268
1116
1004
4545
136
1260
1077
1826
3274
115
311
149
1913
3501
3305
4040
4704
2522
2812
5028
3650
3240
394
966
2835
2535
3461
5010
4398
3405
2299
2485
3011
3455
1862
4270
2477
4489
821
30
3110
4132
4584
3242
3447
4273
918
3249
4177
454
3163
2298
5032
595
2517
797
2854
2726
440
1397
252
2070
5145
703
1352
2950
2744
1175
3978
3738
3161
3119
3044
3260
495
2853
1212
3434
672
5074
96
3389
296
2095
4521
3971
3411
1878
1488
2300
1594
1033
206
626
1581
3871
3661
3097
2801
2806
1573
3630
2171
1152
1360
1527
1552
1628
3333
718
3258
3155
4652
4702
2212
5258
4083
1980
1912
1897
1101
812
3300
4968
3075
4208
4194
4340
3034
1265
1580
873
4226
4657
4941
3382
4888
3786
1998
895
4954
3030
2597
3603
3840
4936
2725
1362
4278
2973
2653
550
2249
3279
4271
3777
800
1157
4173
4434
202
1284
628
198
1399
3289
1146
4057
4753
4257
787
146
4823
1141
5045
1760
5241
3734
2112
1549
4949
1325
2982
3861
1422
1308
3638
2018
205
1938
1405
54
1412
1734
5287
1725
4285
1282
4247
3921
2610
2709
5178
5213
1332
4642
1730
738
907
3963
831
925
4987
2338
5094
877
4706
4338
4728
1442
2459
574
4176
5281
3178
765
4342
225
1806
2694
2135
2723
755
4252
1216
2206
2080
409
605
1676
2398
4940
4053
2586
1047
1968
233
4099
88
2817
3621
3847
428
2991
520
5016
4321
3118
3146
1130
2407
3364
1830
1472
744
3042
4641
5127
2964
1893
4743
4337
4813
3502
1694
4594
4383
334
1848
4164
3358
1131
4266
3706
937
38
2730
1873
2188
224
2951
5194
521
445
3348
1852
5265
4002
1486
2826
28
914
4166
4105
156
1416
3918
4153
324
1568
2083
117
176
3807
2045
1668
3799
3543
3185
283
4145
3484
3255
3935
3663
228
3424
685
297
3687
2556
3336
4357
1404
2511
5286
1234
2033
4742
262
3113
4404
384
2027
2563
3755
1423
3868
1205
494
3414
5255
1547
2645
2565
1916
2035
4443
3636
4477
5329
4115
1066
2589
2201
2524
93
1191
2439
5142
2580
958
4748
511
1389
2613
475
3542
246
2838
3647
673
3438
378
1647
4459
4590
302
1429
802
3741
1686
164
2866
1361
4425
5075
1883
53
3407
4752
5152
1644
2156
2333
4490
2002
502
4077
1532
3874
2931
3750
1450
2258
1695
819
3064
3739
1598
793
1959
399
4703
505
3589
105
3813
3859
4464
1016
2257
5180
5086
3083
3822
3212
2904
5306
5196
4528
1847
544
2153
4773
833
1750
3180
4983
3762
3573
3295
3422
4651
3613
1371
175
4713
318
327
689
3592
3179
717
2861
5288
2892
4735
3778
4317
1082
4509
2541
3152
4741
3790
4515
3462
5267
4418
3213
1041
2006
4152
695
1915
4146
3547
1669
3508
1631
634
3169
1172
3831
666
1214
3885
4158
3787
4492
2889
3569
3122
4044
4429
4097
1464
1298
3252
4662
3350
2572
4500
3423
125
865
4673
58
2963
2966
2905
2564
3925
361
1767
4645
3618
2111
2712
1937
1962
2684
2094
4614
4568
1991
3657
4866
4178
3635
843
4712
2901
1612
4007
4544
4188
411
2687
2657
5171
416
25
4912
1895
3670
3431
4240
3022
2460
307
4682
4419
2612
2729
3782
4079
3184
2941
810
2876
4960
3671
1490
4440
1625
3210
4755
1636
1622
840
3111
3823
4563
4333
305
3889
1752
4497
4919
3703
4514
2690
5167
3523
988
932
3450
1173
975
1635
1126
1702
5201
1227
1268
690
3888
398
3275
2065
1136
3601
4452
3317
3675
5003
1841
1457
3049
2390
4865
2893
3713
2040
4380
5073
1431
335
3802
2487
4138
4232
4580
4290
3079
1976
354
2219
722
1148
762
3646
2044
2656
3994
2392
2707
2722
1657
2822
44
864
1104
4762
4385
4765
570
899
2711
3391
3054
836
2857
1232
1495
4897
1972
3109
4453
692
644
2383
461
1588
4552
4627
758
4555
5126
5105
2061
2814
3133
4084
4239
298
4185
1977
4450
3711
1390
2331
4262
2611
1500
1197
1536
1180
2048
4139
3472
4361
5302
3783
1743
828
1233
1534
2429
2336
4042
1499
4072
5083
1190
2681
366
3757
1223
3132
4248
2755
3519
2922
4004
4751
4314
3546
2202
5285
2003
3365
4392
3128
2593
4245
2305
3973
4467
483
4510
1979
4466
1919
5125
429
3756
1988
4582
3771
2752
3977
45
3503
4543
1323
2284
3245
1506
2437
5055
1757
2088
4130
4890
3221
4714
29
791
2400
3705
2914
5228
4681
5182
1458
5317
3908
3856
3395
1613
16
1671
2191
2968
3259
5226
4411
2903
2408
3027
2136
516
2677
4782
3394
4106
3359
3335
5224
1610
3774
2842
80
709
342
5208
4684
680
437
3408
2545
4566
2020
4236
1475
1829
26
3246
439
3494
60
473
5273
1343
2456
2741
5149
1150
3923
5252
3293
3471
4204
2946
2216
1714
1685
2310
4033
4561
170
3773
299
3806
4958
3399
2490
2499
4244
5270
2379
4393
4644
3537
470
3843
3833
446
3271
2168
3673
232
3625
4029
4175
2196
998
2010
3041
1048
3560
3899
4931
4768
4334
5129
253
306
4539
3887
4776
2373
4103
4463
4937
3383
1981
4026
950
1341
712
3040
618
4744
1646
845
2833
1740
4011
1753
1189
4202
4943
4445
1925
4522
1706
2489
3480
1249
1207
2181
622
4263
286
1420
3082
21
1482
1891
5159
2322
4120
1057
2447
2702
2917
4377
3157
3876
4015
147
2138
1327
4680
2938
1614
180
212
2423
1168
1819
1701
5275
3198
3392
3863
4394
3633
5177
3224
3791
751
1926
4287
3576
3891
4059
4598
3873
795
3920
4360
1198
1691
3794
2869
3278
786
4073
1111
650
754
2543
1595
922
2920
1338
107
2038
1294
768
145
539
4309
3345
1995
4258
2590
4585
3838
4993
917
855
4766
2882
4298
5108
4854
1318
900
1129
2668
2908
1209
1922
3951
2555
4986
857
3553
1055
5078
3587
2054
3010
4199
3586
4843
1428
853
1386
5293
4089
1185
694
2244
1700
724
4920
5002
4231
4818
1741
2409
1108
322
3533
4454
2988
4354
4117
4095
3099
1768
1623
4575
1463
1202
5029
523
5058
414
4118
3104
571
576
4442
564
1870
3554
972
839
4624
2332
3425
829
3776
238
4438
5242
2174
1840
2742
4679
244
3436
142
1673
1485
2341
1307
304
1357
3835
1358
2706
2639
3020
4081
1418
5066
1603
331
3463
5063
1621
4516
2098
4255
5236
1779
3120
4738
4207
4034
4815
4372
5308
4499
2110
3629
3426
2746
2147
4795
3351
3466
5050
5049
1438
1236
3427
1083
2864
242
3602
2883
1626
4774
551
1039
2184
4870
4976
3898
4311
4758
4723
3183
3981
1297
1159
4297
3081
2514
4421
4559
970
3735
1426
5114
2342
2192
1076
4206
4024
1615
1277
3550
4780
5157
3130
1790
5190
4988
3867
846
1945
3352
2444
714
3257
4458
3784
2195
1137
5237
3296
3722
379
2628
168
64
4319
1721
2788
1798
2771
1513
1319
1263
4495
141
3048
1654
3801
656
1811
1473
4494
2775
503
1530
4906
4910
4347
1023
2446
941
1715
2819
485
150
2125
2962
3381
1726
5132
3839
2172
850
4486
2004
256
1401
4214
713
1574
2493
4131
4736
2888
814
1032
4219
419
91
4945
1353
2415
1879
4517
3223
3093
3567
4929
3864
3998
5189
4693
282
4310
681
1871
4280
4583
1158
1287
3610
2523
2067
1417
2269
1967
300
4676
1034
782
4567
4279
2588
4076
1884
825
460
562
1816
5289
2425
1569
1684
3482
4698
4127
968
4990
5277
4901
1096
4695
2862
1562
4952
4581
4531
4547
1038
5249
908
4150
1169
608
3604
329
3792
4186
3126
3058
2510
5170
263
3432
5133
4468
603
4710
2863
1193
5101
4019
196
1117
2207
4403
4243
4909
2483
18
4864
3841
3988
3332
1838
1195
1112
5082
3897
4479
3725
4907
4882
581
133
1541
4485
4483
1177
3437
4068
1348
4527
3933
4840
834
1766
729
4872
1182
3785
455
1356
3709
1672
1994
1304
4086
980
4088
2558
3915
124
1257
1744
4157
5011
3473
533
4660
4211
1336
1616
1250
4430
588
3337
3836
4750
385
913
1606
1378
5095
746
4655
3481
4821
4529
4116
4055
2520
4416
1433
2085
3984
1200
1619
4596
5238
5024
5067
985
4161
4249
1121
2935
1858
4997
4437
697
1860
121
1385
3167
2630
1905
5069
3906
2395
159
5077
5072
2977
507
1770
1440
3444
2123
3964
5212
5037
2046
3144
2956
3387
770
2347
3817
2119
1774
5197
849
5043
4600
4828
1605
7
2283
2326
2774
1887
3759
1520
5048
4534
4622
3410
4926
5000
4229
2574
824
1183
866
4683
4889
4110
4436
2074
1178
4933
1908
3912
593
4530
251
974
4978
3779
506
70
1525
3229
1447
4789
51
2856
4592
987
2448
371
3433
1310
5140
1642
645
1899
451
1990
2370
308
538
5087
1375
3958
5183
1784
3775
2455
3830
2275
3950
2547
4899
1379
5033
5001
3572
598
3078
3273
2130
2960
3619
5130
3789
1812
1097
1266
2278
4740
5199
1465
2640
3557
2274
4420
2403
4304
3936
531
5036
2410
3808
3707
1069
963
4508
1454
449
1983
4498
2606
3975
3752
2764
4617
3733
4293
1974
3103
2913
1199
1944
4851
1737
1196
4801
3102
3845
4656
1444
5117
3692
5323
4827
4356
4817
4727
2218
3019
909
59
5027
2512
480
4904
4626
2697
4787
2491
468
1272
587
4796
741
2263
2148
2540
2190
3583
4999
3085
3914
2019
1274
1815
725
3363
2972
1430
382
3108
3956
193
3539
2164
1288
5091
3949
863
2557
2193
1346
4747
1303
2927
3697
1333
4241
820
4032
2281
2834
2844
4688
4877
2348
4686
2930
4643
4871
1031
4189
5092
957
5245
1165
2660
2055
226
4036
2551
3457
3545
1971
4759
1921
4586
2617
5085
35
1317
3510
1769
290
157
1425
434
2997
2848
3248
405
144
1012
1363
2680
179
2720
4822
106
4649
3720
3865
3007
4067
2301
482
2793
4351
3145
3137
789
2330
3842
3319
2549
123
1491
2215
3690
4224
3513
1931
1754
4908
3313
498
4603
2698
3943
578
309
1575
5013
3919
5174
2071
939
3810
5200
1322
1330
736
4148
3154
3896
1662
2887
4376
4035
3541
4861
3952
2762
1497
4891
592
1409
5210
3594
1244
781
3356
4472
5179
4848
4769
2025
5239
610
1441
1231
1437
614
5311
4548
4957
421
2371
3283
4615
5296
4471
678
1940
4923
3159
5168
3284
3189
3612
4535
4353
3534
5247
167
2189
641
4302
1052
5173
986
2101
2877
4336
4664
2815
4709
3907
2115
2654
404
369
1391
4365
522
3016
4039
1618
3544
3626
3449
4691
2157
3674
1087
101
2676
4001
4694
491
659
4439
2105
4265
4724
1392
1383
2566
4128
4977
410
4160
1885
490
1345
4400
1518
1058
823
3882
5261
2575
4182
3268
2615
4792
4198
1576
484
4895
2546
3096
2309
5279
3254
4597
4623
2185
2007
841
1643
2178
956
5081
1021
2337
4829
84
5158
415
2210
3390
5119
1471
285
3928
4318
4137
4984
3004
3825
3620
1194
2426
4268
4855
4692
1659
5250
3955
3160
284
1051
2484
1122
951
3512
1935
1275
1509
5139
1992
4564
2952
218
4397
4922
3699
350
2078
4629
826
2318
34
5284
4062
4362
1799
1996
3528
2891
1380
3743
3448
3400
2949
2034
2898
499
684
1005
2064
1340
2056
1709
277
563
3524
4396
2311
2816
2414
2251
3266
4013
1939
258
2620
2715
4963
5025
3982
1656
4060
12
2295
3204
3028
496
4122
4374
879
566
259
3959
4313
5163
4996
2049
816
235
1026
4328
3805
1139
5136
5015
90
1291
2899
209
4903
4928
691
2141
2576
2452
1204
3065
3303
2916
3595
3206
1898
5060
4169
3107
4322
3136
817
3070
4423
4981
3728
1645
2714
1717
1153
1479
2265
2584
403
43
4991
114
2745
3747
3649
1590
3176
2468
1876
1370
2811
276
1138
2601
4811
2837
1719
5120
677
1300
4717
589
3926
174
1985
3190
832
3086
423
1398
4638
2109
3869
876
4944
2316
4946
1246
1835
3182
3654
55
1132
3446
3055
481
5244
3827
5093
4862
4672
4562
1679
3341
2719
1262
1617
3726
3723
190
4502
4212
4781
1489
1914
3579
2320
2240
2154
2934
2969
469
2226
2840
1063
3114
2777
3680
1834
1003
122
5012
4678
2634
602
1820
3701
4350
2733
4918
2497
4114
1408
4538
2327
5248
3134
3418
1845
4783
1857
2068
5260
1771
5312
5181
1258
4894
3990
5303
3588
3174
730
5023
2365
935
3883
894
5112
3767
5204
3972
1078
2488
2375
1384
5089
3766
582
77
367
665
3247
3689
4932
5269
4451
585
4868
5186
535
4375
1070
4805
809
1687
1620
2402
341
911
2467
2534
660
2203
2980
4484
3067
1220
1381
118
1705
3862
2165
4512
4305
3384
2163
2585
2554
1864
4104
4965
4366
3732
3892
3005
3080
3549
2765
4111
1484
4259
4697
822
569
3745
2503
3321
3969
3591
2958
3355
1863
4172
5031
2700
3485
1090
2674
3947
572
3347
2162
2663
4462
3999
4018
827
2704
3002
4332
5257
4540
3308
4460
5056
2579
5220
1309
4646
4880
3217
4401
4358
4635
3894
5030
130
807
4428
1678
5107
1896
4005
5263
1395
2317
4858
5131
4905
5076
3651
3559
557
4804
1773
2921
1800
2516
362
2453
5243
1050
2357
2800
184
947
627
1125
2059
135
2039
4718
1881
5304
2596
1295
3280
5251
3506
2358
2648
2809
3571
2297
4113
5229
3772
3138
5274
2981
2750
4227
3575
2845
1978
4884
219
555
1245
4609
4491
1133
2600
447
629
126
3256
389
1601
247
1579
920
1589
3059
1602
584
4732
3216
2582
1251
229
4620
2641
3388
776
3609
5318
1634
2052
2323
2667
4810
1946
2998
177
3214
2013
1166
881
2099
887
1010
4526
2872
4017
4373
3532
1368
5264
5188
4426
2536
1174
3846
317
5310
3326
2929
2091
4959
5298
488
2124
3858
621
919
2404
2944
934
4687
3346
5166
4591
1559
2828
3710
3202
2084
514
4730
3338
3850
597
4689
2381
2795
2103
2030
3929
3605
1639
3729
185
3803
1143
1192
19
4107
2591
2880
3251
3581
424
3904
5202
2458
161
740
3409
4187
4014
4637
269
1071
927
930
573
1014
3009
2658
527
52
2028
2940
3599
