1208
1101
2205
295
1403
634
1354
1373
2388
225
531
2004
787
1948
572
2503
930
406
1512
455
391
2117
2310
700
576
180
1474
351
125
802
50
1549
970
927
579
1008
153
312
781
1667
1296
2086
230
242
2305
812
1241
1662
1255
1677
599
499
1965
57
1506
393
1438
2348
1990
573
382
486
332
1330
1116
1305
494
2353
1724
193
609
255
1318
1303
720
823
237
1081
1918
481
1198
145
335
265
247
1164
1557
1083
1616
1740
697
1042
1144
2227
1676
715
953
2533
205
884
1276
315
560
474
2298
1842
1708
2405
186
2259
76
2100
1384
2357
1309
1281
2491
1951
1426
1022
1999
2316
131
1993
1071
1031
1723
856
1801
673
1592
1210
102
144
984
940
2318
359
310
1278
2283
114
1319
2229
1758
1466
434
546
2195
1044
1212
816
1947
815
330
1310
1625
2404
1679
1666
234
2181
1766
2321
1284
2344
2211
1115
475
471
2521
675
1156
363
1170
873
314
515
1415
2141
1457
1619
1628
1719
1857
996
1392
476
293
337
885
2437
1781
1511
22
1052
1428
2125
268
441
48
1082
110
276
173
209
1907
1266
1279
1018
392
1361
169
1150
1107
2210
417
1134
2511
801
345
1888
1727
1239
756
1598
2299
1440
8
844
1721
1930
578
898
1368
1420
1050
54
1418
375
2130
662
806
1037
2326
185
1331
643
1714
1479
2038
384
192
1890
2515
536
841
721
1364
1355
1545
297
452
1637
1680
2301
277
129
415
1954
77
172
1754
199
142
1130
529
783
2449
1920
259
738
838
2390
1519
645
910
46
2035
2014
1325
1025
2219
1469
711
633
903
1681
817
1915
1499
2124
814
1066
566
2277
1292
534
1111
1326
1177
1445
1950
845
1377
648
1004
289
2488
629
2288
1624
1385
2145
871
706
60
319
818
2043
1960
2379
1360
523
1936
1471
37
810
947
703
894
1904
1911
2492
118
1478
352
1998
2338
1346
2450
607
1074
557
1336
1582
867
1462
507
385
2275
1224
1638
2074
2262
650
752
399
12
1529
353
2053
2034
735
1002
840
928
918
2097
613
1365
1382
1663
709
470
1218
1747
2433
163
558
624
1046
1564
1913
354
175
1746
839
846
1084
654
2177
1322
1211
716
468
1734
936
1604
1926
1484
1169
448
696
1423
70
1288
788
419
2081
2242
1209
30
2494
1167
1870
1843
956
390
2308
882
708
2187
1313
1343
1114
2101
376
1268
39
329
2414
790
303
2193
909
53
1748
1293
1802
250
1921
2200
24
1076
1693
132
113
170
1994
1226
880
75
1158
168
627
851
1847
1916
369
990
1035
1020
34
1190
2008
350
581
83
2020
1110
1227
1040
218
2037
1873
503
1749
2143
571
763
892
2460
1756
923
1943
428
2467
514
1626
2315
2365
2190
2010
1853
130
1470
143
1009
1059
2158
1613
2173
502
227
109
2047
1927
1026
1433
1503
687
1729
1862
2320
661
2007
1899
2431
1621
1135
1728
1483
38
770
868
446
733
1640
533
1155
2046
285
1605
1132
412
1622
1061
389
1541
1780
1003
1406
336
7
2484
1864
2335
2446
1215
1672
2425
1093
2368
861
95
2375
1840
2432
1767
2470
2509
712
1760
1530
1962
574
969
107
2328
105
181
246
2384
745
1498
449
911
2136
2241
216
767
1796
123
292
2489
651
1077
1235
665
2391
1654
2155
1753
1172
1554
551
2429
325
1251
1553
642
683
2056
670
1351
1588
496
1315
1461
2060
2380
1910
952
1798
1075
1184
2057
328
1118
1810
646
685
154
2213
941
1831
2003
620
478
865
166
542
681
543
2345
2498
805
236
1055
1419
1409
1230
666
1070
1716
1869
1487
1788
1597
1375
983
115
1513
2366
1785
1073
1922
229
2048
837
834
27
586
1297
2383
2078
1143
935
568
1363
318
623
69
2420
2122
750
960
1380
2486
2274
395
1301
988
793
506
1539
2209
1362
585
1274
1579
1620
258
1374
751
896
785
1664
857
1100
2329
1811
1179
1813
1901
843
421
1987
630
1963
411
849
1425
2279
950
2442
973
870
680
1715
1162
1587
1342
200
2062
2045
1615
1091
284
1405
1452
1233
888
1653
1709
360
2296
256
1790
1939
1021
1967
493
1646
1122
723
782
1974
1
63
610
1795
860
437
2516
271
2343
833
416
1830
1882
2238
915
1139
1560
1191
1647
2160
1366
1502
402
1449
864
135
429
1571
1955
42
100
1401
2245
1700
1804
993
797
2019
1555
2178
1538
1636
1157
1863
1868
355
907
1855
2510
1387
324
997
1805
1321
1168
1789
1391
1531
1491
377
879
372
1777
2412
895
1580
2285
2022
1347
59
718
640
2199
2000
1634
16
435
1308
2233
1290
90
81
2435
1244
1651
1105
835
1182
954
842
1141
1238
2493
1668
2367
757
1065
272
440
306
2373
270
2485
28
472
2099
1697
26
1576
1889
1159
2039
1443
1568
2142
484
690
2459
1929
1520
1500
679
1098
663
1356
1852
279
1841
1989
394
151
146
2075
1617
1261
358
1516
1849
1745
1104
1092
55
1395
862
1030
638
1683
2440
2300
1601
1735
1775
1250
803
605
1643
233
547
1448
1942
120
1941
1117
1359
800
1125
2133
2093
1126
1743
1163
1983
1891
1207
1220
1705
1372
117
491
41
964
2087
1221
2103
1127
2089
1763
1341
152
1068
2116
2471
854
283
2436
2463
1472
872
982
710
1534
2088
1032
649
1609
207
1829
1062
1349
1572
1049
1468
501
2127
480
728
619
333
2505
1837
1370
404
2250
1977
2194
13
2339
2234
1694
2312
2049
1090
275
2523
1112
1702
914
1277
689
1259
1441
668
2270
1924
1352
1610
72
32
1314
2529
344
859
945
2392
737
1311
743
1567
1569
1045
671
157
1051
426
1196
349
1176
2483
821
813
2317
597
2386
1673
937
1014
580
280
1596
89
2324
1085
2146
1504
694
2266
2153
2070
235
1524
291
1203
18
1970
1876
31
2106
693
1648
2364
1248
524
942
1937
1142
968
2352
99
1416
439
2033
29
348
1563
1867
1047
1546
1586
636
1898
1629
1194
890
577
792
900
294
2186
357
1594
1807
1137
886
1119
397
224
342
2208
589
2226
2502
2340
1183
11
190
705
2490
2029
1138
2083
1682
2217
1264
2168
128
62
732
1253
425
1089
853
1768
916
946
2253
1825
1053
1590
906
1229
1919
563
889
2514
1917
2090
1376
214
1871
1881
858
765
1923
1878
1388
438
1725
188
2023
1633
2411
156
961
714
2065
604
796
1533
1304
1778
1178
1307
1431
2334
269
2322
2286
1875
753
565
2092
2419
2302
1935
334
1258
2409
1706
1953
1435
2504
215
1903
1600
2508
2331
1408
2399
2148
1585
410
544
2290
260
1938
74
2150
1816
1884
639
764
552
2377
2309
959
1243
1016
2027
1453
592
1817
548
2327
591
122
746
450
1794
1015
1465
2401
905
874
2066
2311
1573
1945
727
2069
87
1949
512
741
528
698
1064
1641
1269
1846
2157
396
1106
418
1757
2223
2212
2356
2239
974
424
2287
228
1252
1323
282
1786
1969
2438
1254
2005
1934
1173
1495
1606
1236
1900
545
2218
33
1858
155
1299
82
971
1285
725
1742
1329
1294
308
704
1056
469
2015
1797
2024
278
828
339
595
1744
626
902
2183
1151
1187
1048
2304
1752
2282
2466
2144
847
887
1367
1446
771
1577
526
2076
682
2534
1710
761
2071
1189
628
1687
951
94
2462
1751
2354
2370
1799
1482
2360
1959
922
1488
2044
1295
794
106
2095
1041
1034
1618
341
1689
96
762
1893
238
1407
1427
1517
2102
975
111
2221
487
977
2067
1378
2475
1645
198
1631
2332
1133
1379
430
2028
1010
1674
540
1434
1213
1232
774
1057
176
632
2159
850
2501
2495
52
2204
1087
1908
1222
2112
356
1992
789
162
1507
2497
1108
1750
2452
1422
1456
2085
2535
93
2269
178
139
1850
20
2461
530
2001
561
460
1933
1759
387
2072
346
2154
1655
1358
575
1975
1976
2230
196
398
583
68
1612
326
2013
1608
2235
2082
1556
14
1272
1528
1180
287
1551
2520
1649
2179
1671
2152
2342
160
2021
2243
1892
2341
1312
2231
386
299
2031
518
602
1161
2059
1678
1630
772
15
485
972
1262
1338
1718
251
1607
664
2271
2012
1925
2176
730
2307
464
1839
1109
2506
917
1283
1956
615
1808
780
957
999
1371
2512
1986
2252
825
1464
550
985
1540
798
516
1136
1979
688
331
2052
513
920
1526
2063
445
1782
367
1473
147
1175
1270
497
208
1436
692
1774
1023
1291
791
1421
2113
1946
1820
2051
2220
2139
1477
191
1247
2203
2291
1381
1256
1675
61
1193
877
298
73
520
521
875
1980
1996
1287
2349
165
1832
1011
1542
187
409
1131
603
658
598
1140
1096
1494
1195
1536
2528
262
2323
1659
1505
2346
1298
1228
1200
1275
2382
2426
309
832
2421
206
249
253
2123
1736
300
1205
1088
1964
1819
25
637
423
855
1337
463
2040
926
1271
2381
456
1459
2395
194
1773
2476
2025
88
80
465
2197
760
2537
1369
1518
211
36
1339
1650
500
1661
1809
1711
773
1658
1548
769
883
2499
2403
388
366
2251
562
2098
1818
739
509
618
2104
775
1240
140
241
635
327
554
695
1033
231
1095
483
1861
1968
2058
307
127
1566
1525
2244
830
2258
564
2149
482
2134
948
10
1827
2477
567
1562
731
1652
1764
273
2532
264
593
1463
67
1113
2416
1547
322
431
1905
932
2400
1755
343
1402
2394
1570
987
184
2445
1550
1635
243
261
2164
749
182
1614
1007
1894
1833
1966
1699
1069
433
2428
164
1400
1496
2018
1838
2444
1783
1102
383
1306
86
1514
148
223
2180
212
1120
1909
2128
254
1345
1411
831
707
1060
1821
2260
226
505
2
288
1267
904
1872
2225
2281
1761
1246
1575
1944
45
1444
2522
657
2188
934
1389
962
2073
436
1887
2500
320
808
1058
582
2393
717
381
1282
1823
1826
2156
1720
79
699
138
2114
2147
311
819
588
1521
1486
809
1078
1931
2198
1854
1639
631
1147
1072
2319
2413
2524
991
1460
748
1535
2531
245
2166
2254
1584
677
2110
1982
338
2358
1995
644
405
2032
2280
510
1417
933
1017
1286
913
2330
622
158
136
56
195
1412
116
453
442
217
742
587
2355
1713
1006
2362
555
2468
1079
1701
1231
606
1973
473
755
1897
1770
621
2303
2207
2376
893
2441
400
2427
1988
2396
210
826
119
305
1991
240
1493
1957
1429
784
1603
286
998
477
317
537
517
2017
2257
594
596
1160
2456
1879
2474
64
1717
232
1357
290
684
97
1599
944
1333
2119
672
2068
1289
921
2011
1644
1397
795
897
2170
811
2026
2129
601
2224
1398
1691
2289
1451
1458
1544
2453
1086
1027
1762
1300
899
822
2079
2151
1492
1971
608
1997
2140
2325
1815
2061
1769
413
590
724
2374
498
504
101
1806
2107
2120
371
600
1455
9
2172
1848
2050
1199
1335
2402
203
1334
1280
204
1260
2189
1234
2306
2397
2105
1591
316
2273
686
1450
321
5
159
2292
1981
2096
1171
2424
980
869
981
1013
2430
244
866
2295
2519
1410
92
1856
1103
1670
701
614
2293
532
1776
2115
1685
1043
2055
799
2215
958
2228
1835
1005
2465
1537
1828
408
2482
2517
611
1383
378
824
836
2109
1317
1896
263
2385
1386
2478
1574
443
2255
1404
1197
1739
1978
2518
1669
2464
2479
2169
778
1822
1765
2272
2398
2423
776
1153
1489
667
40
1432
2201
1515
179
1390
2408
374
1000
2184
44
1627
104
1149
1430
2417
1779
1039
1038
881
51
150
2434
1696
978
2276
2077
2536
891
2137
1883
1824
2496
653
1581
2118
2167
1583
2513
1036
719
966
2297
1476
2240
2091
1181
252
1565
1686
137
2278
2248
722
963
1866
535
777
2261
2451
2263
1844
744
559
729
2448
2525
2131
1413
1152
479
2469
490
2359
124
2507
1216
2265
541
1344
1396
1543
1834
2214
1265
1414
2284
2222
1940
365
1508
1698
197
820
65
340
1732
2369
1902
2138
2530
370
1320
2236
1510
457
939
949
976
924
758
220
1245
2232
379
1327
1660
2264
1595
674
364
347
171
91
1353
1845
1129
641
1165
901
1865
2481
2121
141
2487
2439
829
1094
1730
1490
219
848
221
676
23
929
1146
458
420
786
401
1437
2526
17
986
2527
2539
1932
1439
652
863
2084
1497
1263
1984
2363
995
2407
1204
908
1174
454
1527
84
462
2246
660
538
1771
1399
1340
1509
522
1485
257
1707
1737
1657
85
584
361
702
1793
508
1522
1703
1080
1201
2538
274
1424
2161
2080
403
2042
1185
659
222
759
1851
2174
2185
1012
1001
2410
1611
1249
1787
495
174
713
1501
1836
766
1928
2473
989
380
1692
1328
919
2372
740
2415
1063
488
519
1712
1886
2314
1332
368
779
1067
492
1099
994
201
1454
2457
1257
451
1029
2350
967
1394
1792
2472
1467
1800
556
323
878
511
1532
1024
1148
1054
1914
1952
2267
2175
1097
1906
1481
625
1772
126
66
965
2206
726
1447
1559
2002
239
656
2191
1121
539
1217
1722
804
955
1874
669
1895
1561
1731
1350
992
103
2294
612
2480
852
2016
2126
3
2422
1814
189
313
979
734
177
1791
1028
736
617
1656
1145
2163
447
2135
266
49
183
2406
202
1632
1154
2313
1273
655
71
1704
1859
2247
1733
827
43
2036
2268
616
1324
553
2361
1442
1123
938
296
2237
1166
161
362
2389
2337
304
1552
1578
1985
2455
527
422
2371
414
1393
6
1188
2162
549
569
248
1019
2351
2454
1348
678
213
2333
2165
108
2202
1192
4
2094
2347
98
1316
1642
301
432
525
2458
1912
134
466
21
1812
281
2041
1480
2387
1242
1602
1738
489
1690
2108
912
1860
768
1214
1961
570
647
2192
1885
807
1726
1237
1877
461
35
1219
2111
1558
78
1880
747
2009
876
2064
931
459
925
1784
1972
444
112
2132
2216
373
407
2006
1593
1128
1202
1803
167
2030
1225
302
2182
149
2054
1695
2336
1589
467
1958
2447
1475
754
1665
943
1523
1688
133
1223
1741
2171
2418
121
2443
1124
2256
2249
267
1623
19
2378
691
47
1186
427
1302
58
2196
1206
1684
